2015-10-12 23:13:59,160,datetime,ms,seconds,ambient_temp,thermocouple_0_temp,thermocouple_1_temp,thermocouple_2_temp,thermocouple_3_temp
2015-10-12 23:14:04,217,5,77,357,395,785,786
2015-10-12 23:14:05,220,6,77,355,389,785,786
2015-10-12 23:14:06,225,7,77,353,387,785,786
2015-10-12 23:14:07,228,8,77,352,385,785,786
2015-10-12 23:14:08,234,9,77,350,383,785,786
2015-10-12 23:14:09,236,10,77,349,382,785,786
2015-10-12 23:14:10,242,11,77,348,381,785,786
2015-10-12 23:14:11,248,12,77,347,380,785,786
2015-10-12 23:14:12,252,13,77,346,379,785,786
2015-10-12 23:14:13,253,14,77,345,378,785,786
2015-10-12 23:14:14,256,15,77,344,377,785,786
2015-10-12 23:14:15,262,16,77,343,376,785,786
2015-10-12 23:14:16,267,17,77,342,375,785,786
2015-10-12 23:14:17,272,18,77,342,374,785,786
2015-10-12 23:14:18,276,19,77,341,374,785,786
2015-10-12 23:14:19,279,20,77,340,373,785,786
2015-10-12 23:14:20,284,21,77,340,372,785,786
2015-10-12 23:14:21,289,22,77,339,371,785,786
2015-10-12 23:14:22,293,23,77,339,371,785,786
2015-10-12 23:14:23,299,24,77,338,370,785,786
2015-10-12 23:14:24,301,25,77,338,370,785,786
2015-10-12 23:14:25,308,26,77,338,369,785,786
2015-10-12 23:14:26,309,27,77,337,369,785,786
2015-10-12 23:14:27,311,28,77,337,369,785,786
2015-10-12 23:14:28,316,29,77,336,368,785,786
2015-10-12 23:14:29,316,30,77,336,368,785,786
2015-10-12 23:14:30,320,31,77,336,367,785,786
2015-10-12 23:14:31,325,32,77,336,367,785,786
2015-10-12 23:14:32,329,33,77,335,367,785,786
2015-10-12 23:14:33,333,34,77,335,367,785,786
2015-10-12 23:14:34,335,35,77,335,366,785,786
2015-10-12 23:14:35,340,36,77,335,366,785,786
2015-10-12 23:14:36,342,37,77,335,366,785,786
2015-10-12 23:14:37,348,38,77,334,365,785,786
2015-10-12 23:14:38,349,39,77,334,365,785,786
2015-10-12 23:14:39,350,40,77,334,365,785,786
2015-10-12 23:14:40,355,41,77,334,365,785,786
2015-10-12 23:14:41,357,42,77,333,365,785,786
2015-10-12 23:14:42,360,43,77,333,365,785,786
2015-10-12 23:14:43,364,44,77,333,365,785,786
2015-10-12 23:14:44,369,45,77,333,364,785,786
2015-10-12 23:14:45,373,46,77,332,364,785,786
2015-10-12 23:14:46,376,47,77,332,364,785,786
2015-10-12 23:14:47,381,48,77,332,364,785,786
2015-10-12 23:14:48,384,49,77,332,364,785,786
2015-10-12 23:14:49,389,50,77,332,364,785,786
2015-10-12 23:14:50,395,51,77,332,364,785,786
2015-10-12 23:14:51,398,52,77,331,364,785,786
2015-10-12 23:14:52,403,53,77,331,364,785,786
2015-10-12 23:14:53,408,54,77,331,364,785,786
2015-10-12 23:14:54,409,55,77,331,364,785,786
2015-10-12 23:14:55,412,56,77,331,364,785,786
2015-10-12 23:14:56,417,57,77,330,364,785,786
2015-10-12 23:14:57,420,58,77,330,364,785,786
2015-10-12 23:14:58,421,59,77,330,365,785,786
2015-10-12 23:14:59,422,60,77,330,365,785,786
2015-10-12 23:15:00,428,61,77,330,365,785,786
2015-10-12 23:15:01,432,62,77,330,365,785,786
2015-10-12 23:15:02,435,63,77,329,365,785,786
2015-10-12 23:15:03,440,64,77,329,365,785,786
2015-10-12 23:15:04,444,65,77,329,365,785,786
2015-10-12 23:15:05,447,66,77,329,366,785,786
2015-10-12 23:15:06,452,67,77,329,366,785,786
2015-10-12 23:15:07,458,68,77,329,366,785,786
2015-10-12 23:15:08,461,69,77,329,366,785,786
2015-10-12 23:15:09,463,70,77,329,366,785,786
2015-10-12 23:15:10,465,71,77,328,366,785,786
2015-10-12 23:15:11,471,72,77,328,366,785,786
2015-10-12 23:15:12,476,73,77,328,366,785,786
2015-10-12 23:15:13,479,74,77,328,367,785,786
2015-10-12 23:15:14,481,75,77,328,367,785,786
2015-10-12 23:15:15,487,76,77,328,367,785,786
2015-10-12 23:15:16,492,77,77,328,367,785,786
2015-10-12 23:15:17,496,78,77,327,367,785,786
2015-10-12 23:15:18,497,79,77,327,367,785,786
2015-10-12 23:15:19,502,80,77,327,367,785,786
2015-10-12 23:15:20,503,81,77,327,367,785,786
2015-10-12 23:15:21,505,82,77,327,367,785,786
2015-10-12 23:15:22,509,83,77,327,367,785,786
2015-10-12 23:15:23,509,84,77,327,368,785,786
2015-10-12 23:15:24,513,85,77,326,367,785,786
2015-10-12 23:15:25,518,86,77,326,367,785,786
2015-10-12 23:15:26,519,87,77,326,367,785,786
2015-10-12 23:15:27,524,88,77,326,367,785,786
2015-10-12 23:15:28,526,89,77,326,367,785,786
2015-10-12 23:15:29,531,90,77,326,368,785,786
2015-10-12 23:15:30,534,91,77,326,368,785,786
2015-10-12 23:15:31,536,92,77,325,368,785,786
2015-10-12 23:15:32,539,93,77,325,368,785,786
2015-10-12 23:15:33,540,94,77,325,369,785,786
2015-10-12 23:15:34,546,95,77,325,369,785,786
2015-10-12 23:15:35,549,96,77,325,369,785,786
2015-10-12 23:15:36,552,97,77,325,370,785,786
2015-10-12 23:15:37,557,98,77,324,370,785,786
2015-10-12 23:15:38,558,99,77,324,370,785,786
2015-10-12 23:15:39,563,100,77,324,370,785,786
2015-10-12 23:15:40,567,101,77,324,370,785,786
2015-10-12 23:15:41,571,102,77,324,371,785,786
2015-10-12 23:15:42,574,103,77,324,371,785,786
2015-10-12 23:15:43,580,104,77,324,371,785,786
2015-10-12 23:15:44,583,105,77,324,371,785,786
2015-10-12 23:15:45,589,106,77,324,371,785,786
2015-10-12 23:15:46,592,107,77,323,372,785,786
2015-10-12 23:15:47,597,108,77,323,372,785,786
2015-10-12 23:15:48,598,109,77,323,372,785,786
2015-10-12 23:15:49,598,110,77,323,372,785,786
2015-10-12 23:15:50,604,111,77,323,372,785,786
2015-10-12 23:15:51,605,112,77,323,372,785,786
2015-10-12 23:15:52,607,113,77,323,372,785,786
2015-10-12 23:15:53,612,114,77,323,373,785,786
2015-10-12 23:15:54,616,115,77,322,373,785,786
2015-10-12 23:15:55,619,116,77,322,373,785,786
2015-10-12 23:15:56,621,117,77,322,373,785,786
2015-10-12 23:15:57,623,118,77,322,373,785,786
2015-10-12 23:15:58,628,119,77,322,373,785,786
2015-10-12 23:15:59,631,120,77,322,374,785,786
2015-10-12 23:16:00,634,121,77,322,374,785,786
2015-10-12 23:16:01,639,122,77,322,374,785,786
2015-10-12 23:16:02,642,123,77,322,374,785,786
2015-10-12 23:16:03,644,124,77,322,374,785,786
2015-10-12 23:16:04,647,125,77,322,374,785,786
2015-10-12 23:16:05,652,126,77,322,374,785,786
2015-10-12 23:16:06,655,127,77,321,374,785,786
2015-10-12 23:16:07,661,128,77,321,375,785,786
2015-10-12 23:16:08,662,129,77,321,375,785,786
2015-10-12 23:16:09,667,130,77,321,375,785,786
2015-10-12 23:16:10,670,131,77,321,375,785,786
2015-10-12 23:16:11,676,132,77,321,375,785,786
2015-10-12 23:16:12,676,133,77,321,375,785,786
2015-10-12 23:16:13,677,134,77,321,375,785,786
2015-10-12 23:16:14,682,135,77,321,375,785,786
2015-10-12 23:16:15,686,136,77,321,375,785,786
2015-10-12 23:16:16,691,137,78,321,375,785,786
2015-10-12 23:16:17,692,138,77,320,376,785,786
2015-10-12 23:16:18,695,139,78,320,376,785,786
2015-10-12 23:16:19,700,140,77,320,376,785,786
2015-10-12 23:16:20,702,141,77,320,376,785,786
2015-10-12 23:16:21,707,142,77,320,376,785,786
2015-10-12 23:16:22,708,143,77,320,376,785,786
2015-10-12 23:16:23,712,144,77,320,376,785,786
2015-10-12 23:16:24,716,145,77,320,376,785,786
2015-10-12 23:16:25,722,146,78,320,377,785,786
2015-10-12 23:16:26,725,147,77,320,377,785,786
2015-10-12 23:16:27,731,148,78,320,377,785,786
2015-10-12 23:16:28,735,149,77,320,377,785,786
2015-10-12 23:16:29,740,150,77,320,377,785,786
2015-10-12 23:16:30,740,151,78,319,377,785,786
2015-10-12 23:16:31,742,152,78,319,377,785,786
2015-10-12 23:16:32,746,153,77,319,377,785,786
2015-10-12 23:16:33,748,154,78,319,377,785,786
2015-10-12 23:16:34,753,155,77,319,377,785,786
2015-10-12 23:16:35,757,156,77,319,378,785,786
2015-10-12 23:16:36,759,157,78,319,378,785,786
2015-10-12 23:16:37,764,158,78,319,378,785,786
2015-10-12 23:16:38,767,159,77,319,378,785,786
2015-10-12 23:16:39,772,160,77,319,378,785,786
2015-10-12 23:16:40,775,161,77,319,378,785,786
2015-10-12 23:16:41,778,162,78,319,378,785,786
2015-10-12 23:16:42,780,163,78,318,378,785,786
2015-10-12 23:16:43,784,164,78,318,378,785,786
2015-10-12 23:16:44,788,165,78,318,378,785,786
2015-10-12 23:16:45,794,166,78,318,379,785,786
2015-10-12 23:16:46,797,167,77,318,379,785,786
2015-10-12 23:16:47,797,168,77,318,379,785,786
2015-10-12 23:16:48,802,169,78,318,379,785,786
2015-10-12 23:16:49,803,170,77,318,379,785,786
2015-10-12 23:16:50,805,171,77,318,379,785,786
2015-10-12 23:16:51,809,172,78,318,379,785,786
2015-10-12 23:16:52,812,173,78,318,379,785,786
2015-10-12 23:16:53,818,174,77,318,379,785,786
2015-10-12 23:16:54,818,175,77,318,380,785,786
2015-10-12 23:16:55,824,176,78,318,380,785,786
2015-10-12 23:16:56,829,177,77,317,381,785,786
2015-10-12 23:16:57,835,178,78,317,381,785,786
2015-10-12 23:16:58,836,179,77,317,382,785,786
2015-10-12 23:16:59,837,180,78,317,382,785,786
2015-10-12 23:17:00,841,181,78,317,383,785,786
2015-10-12 23:17:01,844,182,78,317,383,785,786
2015-10-12 23:17:02,850,183,78,317,383,785,786
2015-10-12 23:17:03,856,184,78,317,383,785,786
2015-10-12 23:17:04,858,185,78,317,384,785,786
2015-10-12 23:17:05,860,186,78,317,384,785,786
2015-10-12 23:17:06,865,187,78,317,385,785,786
2015-10-12 23:17:07,869,188,78,317,385,785,786
2015-10-12 23:17:08,871,189,78,317,385,785,786
2015-10-12 23:17:09,877,190,78,317,386,785,786
2015-10-12 23:17:10,882,191,78,317,386,785,786
2015-10-12 23:17:11,885,192,78,317,386,785,786
2015-10-12 23:17:12,888,193,78,316,387,785,786
2015-10-12 23:17:13,893,194,78,316,387,785,786
2015-10-12 23:17:14,898,195,78,316,387,785,786
2015-10-12 23:17:15,902,196,78,316,387,785,786
2015-10-12 23:17:16,902,197,78,316,387,785,786
2015-10-12 23:17:17,907,198,78,316,388,785,786
2015-10-12 23:17:18,911,199,78,316,388,785,786
2015-10-12 23:17:19,916,200,77,316,388,785,786
2015-10-12 23:17:20,917,201,78,316,388,785,786
2015-10-12 23:17:21,921,202,78,316,388,785,786
2015-10-12 23:17:22,926,203,78,316,388,785,786
2015-10-12 23:17:23,930,204,78,316,389,785,786
2015-10-12 23:17:24,934,205,78,316,389,785,786
2015-10-12 23:17:25,938,206,78,316,389,785,786
2015-10-12 23:17:26,942,207,78,316,389,785,786
2015-10-12 23:17:27,943,208,78,316,389,785,786
2015-10-12 23:17:28,948,209,78,316,389,785,786
2015-10-12 23:17:29,953,210,78,316,389,785,786
2015-10-12 23:17:30,956,211,78,316,390,785,786
2015-10-12 23:17:31,961,212,78,316,390,785,786
2015-10-12 23:17:32,965,213,78,316,390,785,786
2015-10-12 23:17:33,966,214,78,316,390,785,786
2015-10-12 23:17:34,967,215,78,316,390,785,786
2015-10-12 23:17:35,972,216,78,316,391,785,786
2015-10-12 23:17:36,977,217,78,316,391,785,786
2015-10-12 23:17:37,983,218,78,316,391,785,786
2015-10-12 23:17:38,989,219,78,316,391,785,786
2015-10-12 23:17:39,992,220,78,316,391,785,786
2015-10-12 23:17:40,993,221,77,315,391,785,786
2015-10-12 23:17:41,997,222,78,315,391,785,786
2015-10-12 23:17:42,999,223,78,315,392,785,786
2015-10-12 23:17:44,003,224,77,315,392,785,786
2015-10-12 23:17:45,007,225,78,315,392,785,786
2015-10-12 23:17:46,009,226,78,315,392,785,786
2015-10-12 23:17:47,013,227,78,315,393,785,786
2015-10-12 23:17:48,014,228,78,315,393,785,786
2015-10-12 23:17:49,015,229,78,315,393,785,786
2015-10-12 23:17:50,019,230,78,315,393,785,786
2015-10-12 23:17:51,020,231,78,315,393,785,786
2015-10-12 23:17:52,022,232,78,315,394,785,786
2015-10-12 23:17:53,027,233,78,315,394,785,786
2015-10-12 23:17:54,029,234,78,315,394,785,786
2015-10-12 23:17:55,035,235,78,315,394,785,786
2015-10-12 23:17:56,035,236,78,315,394,785,786
2015-10-12 23:17:57,040,237,78,315,395,785,786
2015-10-12 23:17:58,045,238,78,315,395,785,786
2015-10-12 23:17:59,050,239,78,315,395,785,786
2015-10-12 23:18:00,054,240,78,315,395,785,786
2015-10-12 23:18:01,060,241,78,315,395,785,786
2015-10-12 23:18:02,063,242,78,315,395,785,786
2015-10-12 23:18:03,068,243,78,315,396,785,786
2015-10-12 23:18:04,069,244,78,315,396,785,786
2015-10-12 23:18:05,074,245,78,315,396,785,786
2015-10-12 23:18:06,078,246,78,315,396,785,786
2015-10-12 23:18:07,079,247,78,315,396,785,786
2015-10-12 23:18:08,084,248,78,315,396,785,786
2015-10-12 23:18:09,087,249,78,315,396,785,786
2015-10-12 23:18:10,093,250,78,315,396,785,786
2015-10-12 23:18:11,098,251,78,315,396,785,786
2015-10-12 23:18:12,104,252,78,315,397,785,786
2015-10-12 23:18:13,105,253,78,315,397,785,786
2015-10-12 23:18:14,109,254,78,315,397,785,786
2015-10-12 23:18:15,112,255,78,315,397,785,786
2015-10-12 23:18:16,112,256,78,315,397,785,786
2015-10-12 23:18:17,116,257,78,315,398,785,786
2015-10-12 23:18:18,119,258,78,315,398,785,786
2015-10-12 23:18:19,124,259,78,315,398,785,786
2015-10-12 23:18:20,129,260,78,315,398,785,786
2015-10-12 23:18:21,133,261,78,315,398,785,786
2015-10-12 23:18:22,138,262,78,315,398,785,786
2015-10-12 23:18:23,142,263,78,315,399,785,786
2015-10-12 23:18:24,146,264,78,315,399,785,786
2015-10-12 23:18:25,151,265,78,315,399,785,786
2015-10-12 23:18:26,152,266,78,315,399,785,786
2015-10-12 23:18:27,153,267,78,315,399,785,786
2015-10-12 23:18:28,158,268,78,315,400,785,786
2015-10-12 23:18:29,162,270,78,315,400,785,786
2015-10-12 23:18:30,165,271,78,315,400,785,786
2015-10-12 23:18:31,166,272,78,315,400,785,786
2015-10-12 23:18:32,169,273,78,315,400,785,786
2015-10-12 23:18:33,175,274,78,315,401,785,786
2015-10-12 23:18:34,180,275,78,315,401,785,786
2015-10-12 23:18:35,184,276,78,315,401,785,786
2015-10-12 23:18:36,189,277,78,315,401,785,786
2015-10-12 23:18:37,192,278,78,315,401,785,786
2015-10-12 23:18:38,196,279,78,315,401,785,786
2015-10-12 23:18:39,200,280,78,315,402,785,786
2015-10-12 23:18:40,202,281,78,315,402,785,786
2015-10-12 23:18:41,206,282,78,315,402,785,786
2015-10-12 23:18:42,210,283,78,315,402,785,786
2015-10-12 23:18:43,214,284,78,315,402,785,786
2015-10-12 23:18:44,215,285,78,315,402,785,786
2015-10-12 23:18:45,221,286,78,315,403,785,786
2015-10-12 23:18:46,225,287,78,316,403,785,786
2015-10-12 23:18:47,226,288,78,316,403,785,786
2015-10-12 23:18:48,232,289,78,316,403,785,786
2015-10-12 23:18:49,238,290,78,316,403,785,786
2015-10-12 23:18:50,240,291,78,316,403,785,786
2015-10-12 23:18:51,241,292,78,316,404,785,786
2015-10-12 23:18:52,247,293,78,316,404,785,786
2015-10-12 23:18:53,250,294,78,316,404,785,786
2015-10-12 23:18:54,255,295,78,316,404,785,786
2015-10-12 23:18:55,260,296,78,316,404,785,786
2015-10-12 23:18:56,266,297,78,316,405,785,786
2015-10-12 23:18:57,270,298,78,316,405,785,786
2015-10-12 23:18:58,274,299,78,316,405,785,786
2015-10-12 23:18:59,275,300,78,316,405,785,786
2015-10-12 23:19:00,281,301,78,316,405,785,786
2015-10-12 23:19:01,282,302,78,316,405,785,786
2015-10-12 23:19:02,284,303,78,316,405,785,786
2015-10-12 23:19:03,290,304,78,316,405,785,786
2015-10-12 23:19:04,291,305,78,316,405,785,786
2015-10-12 23:19:05,296,306,78,316,405,785,786
2015-10-12 23:19:06,299,307,78,316,405,785,786
2015-10-12 23:19:07,304,308,78,316,406,785,786
2015-10-12 23:19:08,308,309,78,316,406,785,786
2015-10-12 23:19:09,313,310,78,316,406,785,786
2015-10-12 23:19:10,317,311,78,316,406,785,786
2015-10-12 23:19:11,321,312,78,316,406,785,786
2015-10-12 23:19:12,326,313,78,316,407,785,786
2015-10-12 23:19:13,329,314,78,316,407,785,786
2015-10-12 23:19:14,335,315,78,316,407,785,786
2015-10-12 23:19:15,340,316,78,316,407,785,786
2015-10-12 23:19:16,344,317,78,316,407,785,786
2015-10-12 23:19:17,349,318,78,316,407,785,786
2015-10-12 23:19:18,352,319,78,316,407,785,786
2015-10-12 23:19:19,357,320,78,316,408,785,786
2015-10-12 23:19:20,362,321,78,316,408,785,786
2015-10-12 23:19:21,366,322,78,316,408,785,786
2015-10-12 23:19:22,369,323,78,317,408,785,786
2015-10-12 23:19:23,374,324,78,317,408,785,786
2015-10-12 23:19:24,378,325,78,317,408,785,786
2015-10-12 23:19:25,383,326,78,317,409,785,786
2015-10-12 23:19:26,385,327,78,317,409,785,786
2015-10-12 23:19:27,390,328,78,317,409,785,786
2015-10-12 23:19:28,392,329,78,317,409,785,786
2015-10-12 23:19:29,398,330,78,317,409,785,786
2015-10-12 23:19:30,399,331,78,317,409,785,786
2015-10-12 23:19:31,400,332,78,317,409,785,786
2015-10-12 23:19:32,404,333,78,317,409,785,786
2015-10-12 23:19:33,409,334,78,317,409,785,786
2015-10-12 23:19:34,414,335,78,317,409,785,786
2015-10-12 23:19:35,418,336,78,317,409,785,786
2015-10-12 23:19:36,423,337,78,317,410,785,786
2015-10-12 23:19:37,429,338,78,317,410,785,786
2015-10-12 23:19:38,433,339,78,317,410,785,786
2015-10-12 23:19:39,439,340,78,318,410,785,786
2015-10-12 23:19:40,441,341,78,318,410,785,786
2015-10-12 23:19:41,442,342,78,318,410,785,786
2015-10-12 23:19:42,446,343,78,318,410,785,786
2015-10-12 23:19:43,448,344,78,318,410,785,786
2015-10-12 23:19:44,451,345,78,318,410,785,786
2015-10-12 23:19:45,456,346,78,318,410,785,786
2015-10-12 23:19:46,459,347,78,318,411,785,786
2015-10-12 23:19:47,464,348,78,318,411,785,786
2015-10-12 23:19:48,468,349,78,318,411,785,786
2015-10-12 23:19:49,473,350,78,318,411,785,786
2015-10-12 23:19:50,477,351,78,318,411,785,786
2015-10-12 23:19:51,481,352,78,318,412,785,786
2015-10-12 23:19:52,483,353,78,318,412,785,786
2015-10-12 23:19:53,488,354,78,318,412,785,786
2015-10-12 23:19:54,491,355,78,318,412,785,786
2015-10-12 23:19:55,496,356,78,318,412,785,786
2015-10-12 23:19:56,500,357,78,318,413,785,786
2015-10-12 23:19:57,503,358,78,318,413,785,786
2015-10-12 23:19:58,508,359,78,318,413,785,786
2015-10-12 23:19:59,512,360,78,319,413,785,786
2015-10-12 23:20:00,517,361,78,319,413,785,786
2015-10-12 23:20:01,521,362,78,319,414,785,786
2015-10-12 23:20:02,525,363,78,319,414,785,786
2015-10-12 23:20:03,529,364,78,319,414,785,786
2015-10-12 23:20:04,530,365,78,319,414,785,786
2015-10-12 23:20:05,531,366,78,319,414,785,786
2015-10-12 23:20:06,536,367,78,319,414,785,786
2015-10-12 23:20:07,537,368,78,319,414,785,786
2015-10-12 23:20:08,541,369,78,319,414,785,786
2015-10-12 23:20:09,545,370,78,319,414,785,786
2015-10-12 23:20:10,548,371,78,319,414,785,786
2015-10-12 23:20:11,551,372,78,320,414,785,786
2015-10-12 23:20:12,557,373,78,320,415,785,786
2015-10-12 23:20:13,562,374,78,320,415,785,786
2015-10-12 23:20:14,565,375,78,320,415,785,786
2015-10-12 23:20:15,571,376,78,320,415,785,786
2015-10-12 23:20:16,571,377,78,320,415,785,786
2015-10-12 23:20:17,577,378,78,320,415,785,786
2015-10-12 23:20:18,577,379,78,320,415,785,786
2015-10-12 23:20:19,581,380,78,320,416,785,786
2015-10-12 23:20:20,585,381,78,320,416,785,786
2015-10-12 23:20:21,587,382,78,320,416,785,786
2015-10-12 23:20:22,592,383,78,320,416,785,786
2015-10-12 23:20:23,597,384,78,320,416,785,786
2015-10-12 23:20:24,600,385,78,321,416,785,786
2015-10-12 23:20:25,604,386,78,321,417,785,786
2015-10-12 23:20:26,609,387,78,321,417,785,786
2015-10-12 23:20:27,614,388,78,321,417,785,786
2015-10-12 23:20:28,617,389,78,321,417,785,786
2015-10-12 23:20:29,621,390,78,321,417,785,786
2015-10-12 23:20:30,626,391,78,321,418,785,786
2015-10-12 23:20:31,630,392,78,321,418,785,786
2015-10-12 23:20:32,634,393,78,321,418,785,786
2015-10-12 23:20:33,636,394,78,321,418,785,786
2015-10-12 23:20:34,637,395,78,321,418,785,786
2015-10-12 23:20:35,641,396,78,321,418,785,786
2015-10-12 23:20:36,642,397,78,321,419,785,786
2015-10-12 23:20:37,647,398,78,321,419,785,786
2015-10-12 23:20:38,650,399,78,321,419,785,786
2015-10-12 23:20:39,656,400,78,321,419,785,786
2015-10-12 23:20:40,659,401,78,322,419,785,786
2015-10-12 23:20:41,664,402,78,322,420,785,786
2015-10-12 23:20:42,667,403,78,322,420,785,786
2015-10-12 23:20:43,669,404,78,322,420,785,786
2015-10-12 23:20:44,674,405,78,322,420,785,786
2015-10-12 23:20:45,676,406,78,322,420,785,786
2015-10-12 23:20:46,681,407,78,322,421,785,786
2015-10-12 23:20:47,683,408,78,322,421,785,786
2015-10-12 23:20:48,687,409,78,322,421,785,786
2015-10-12 23:20:49,691,410,78,322,421,785,786
2015-10-12 23:20:50,696,411,78,322,422,785,786
2015-10-12 23:20:51,701,412,78,322,422,785,786
2015-10-12 23:20:52,705,413,78,323,422,785,786
2015-10-12 23:20:53,708,414,78,323,422,785,786
2015-10-12 23:20:54,709,415,78,323,422,785,786
2015-10-12 23:20:55,714,416,78,323,422,785,786
2015-10-12 23:20:56,719,417,78,323,423,785,786
2015-10-12 23:20:57,722,418,78,323,423,785,786
2015-10-12 23:20:58,726,419,78,323,423,785,786
2015-10-12 23:20:59,730,420,78,323,423,785,786
2015-10-12 23:21:00,735,421,78,323,423,785,786
2015-10-12 23:21:01,740,422,78,323,424,785,786
2015-10-12 23:21:02,745,423,78,323,424,785,786
2015-10-12 23:21:03,750,424,78,323,424,785,786
2015-10-12 23:21:04,755,425,78,324,424,785,786
2015-10-12 23:21:05,760,426,78,324,424,785,786
2015-10-12 23:21:06,765,427,78,324,424,785,786
2015-10-12 23:21:07,768,428,78,324,424,785,786
2015-10-12 23:21:08,769,429,78,324,425,785,786
2015-10-12 23:21:09,773,430,78,324,425,785,786
2015-10-12 23:21:10,776,431,78,324,425,785,786
2015-10-12 23:21:11,778,432,78,324,425,785,786
2015-10-12 23:21:12,782,433,78,324,425,785,786
2015-10-12 23:21:13,784,434,78,325,426,785,786
2015-10-12 23:21:14,788,435,78,325,426,785,786
2015-10-12 23:21:15,792,436,78,325,426,785,786
2015-10-12 23:21:16,796,437,78,325,427,785,786
2015-10-12 23:21:17,798,438,78,325,427,785,786
2015-10-12 23:21:18,800,439,78,325,427,785,786
2015-10-12 23:21:19,804,440,78,325,427,785,786
2015-10-12 23:21:20,807,441,78,325,427,785,786
2015-10-12 23:21:21,812,442,78,325,427,785,786
2015-10-12 23:21:22,814,443,78,325,427,785,786
2015-10-12 23:21:23,818,444,78,326,427,785,786
2015-10-12 23:21:24,822,445,78,326,427,785,786
2015-10-12 23:21:25,825,446,78,326,428,785,786
2015-10-12 23:21:26,830,447,78,326,428,785,786
2015-10-12 23:21:27,832,448,78,326,428,785,786
2015-10-12 23:21:28,835,449,78,326,428,785,786
2015-10-12 23:21:29,837,450,78,326,428,785,786
2015-10-12 23:21:30,839,451,78,326,428,785,786
2015-10-12 23:21:31,843,452,78,326,428,785,786
2015-10-12 23:21:32,845,453,78,326,428,785,786
2015-10-12 23:21:33,851,454,78,327,429,785,786
2015-10-12 23:21:34,856,455,78,327,429,785,786
2015-10-12 23:21:35,859,456,78,327,429,785,786
2015-10-12 23:21:36,864,457,78,327,429,785,786
2015-10-12 23:21:37,868,458,78,327,429,785,786
2015-10-12 23:21:38,869,459,78,327,430,785,786
2015-10-12 23:21:39,873,460,78,327,430,785,786
2015-10-12 23:21:40,877,461,78,327,430,785,786
2015-10-12 23:21:41,884,462,78,327,430,785,786
2015-10-12 23:21:42,888,463,78,327,430,785,786
2015-10-12 23:21:43,894,464,78,327,431,785,786
2015-10-12 23:21:44,899,465,78,328,431,785,786
2015-10-12 23:21:45,904,466,78,328,431,785,786
2015-10-12 23:21:46,910,467,78,328,431,785,786
2015-10-12 23:21:47,914,468,78,328,431,785,786
2015-10-12 23:21:48,919,469,78,328,431,785,786
2015-10-12 23:21:49,922,470,78,329,432,785,786
2015-10-12 23:21:50,923,471,78,329,432,785,786
2015-10-12 23:21:51,927,472,78,329,432,785,786
2015-10-12 23:21:52,928,473,78,329,432,785,786
2015-10-12 23:21:53,934,474,78,329,432,785,786
2015-10-12 23:21:54,936,475,78,329,432,785,786
2015-10-12 23:21:55,937,476,78,329,432,785,786
2015-10-12 23:21:56,942,477,78,329,432,785,786
2015-10-12 23:21:57,945,478,78,329,433,785,786
2015-10-12 23:21:58,948,479,78,329,433,785,786
2015-10-12 23:21:59,952,480,78,330,433,785,786
2015-10-12 23:22:00,956,481,78,330,433,785,786
2015-10-12 23:22:01,960,482,78,330,433,785,786
2015-10-12 23:22:02,963,483,78,330,433,785,786
2015-10-12 23:22:03,967,484,78,330,434,785,786
2015-10-12 23:22:04,967,485,78,330,434,785,786
2015-10-12 23:22:05,968,486,78,330,434,785,786
2015-10-12 23:22:06,973,487,78,330,434,785,786
2015-10-12 23:22:07,976,488,78,330,434,785,786
2015-10-12 23:22:08,982,489,78,330,435,785,786
2015-10-12 23:22:09,983,490,78,330,435,785,786
2015-10-12 23:22:10,983,491,78,331,435,785,786
2015-10-12 23:22:11,988,492,78,331,435,785,786
2015-10-12 23:22:12,992,493,78,331,435,785,786
2015-10-12 23:22:13,997,494,78,331,435,785,786
2015-10-12 23:22:14,998,495,78,331,436,785,786
2015-10-12 23:22:16,002,496,78,331,436,785,786
2015-10-12 23:22:17,007,497,78,331,436,785,786
2015-10-12 23:22:18,013,498,78,331,436,785,786
2015-10-12 23:22:19,017,499,78,331,436,785,786
2015-10-12 23:22:20,022,500,78,332,437,785,786
2015-10-12 23:22:21,025,501,78,332,437,785,786
2015-10-12 23:22:22,026,502,78,332,437,785,786
2015-10-12 23:22:23,029,503,78,332,437,785,786
2015-10-12 23:22:24,033,504,78,332,437,785,786
2015-10-12 23:22:25,037,505,78,332,437,785,786
2015-10-12 23:22:26,042,506,78,333,437,785,786
2015-10-12 23:22:27,046,507,78,333,438,785,786
2015-10-12 23:22:28,047,508,78,333,438,785,786
2015-10-12 23:22:29,052,509,78,333,438,785,786
2015-10-12 23:22:30,057,510,78,333,438,785,786
2015-10-12 23:22:31,062,511,78,333,438,785,786
2015-10-12 23:22:32,064,512,78,333,439,785,786
2015-10-12 23:22:33,065,513,78,334,439,785,786
2015-10-12 23:22:34,070,514,78,334,439,785,786
2015-10-12 23:22:35,071,515,78,334,439,785,786
2015-10-12 23:22:36,071,516,78,334,439,785,786
2015-10-12 23:22:37,077,517,78,334,439,785,786
2015-10-12 23:22:38,081,518,78,334,439,785,786
2015-10-12 23:22:39,085,519,78,334,440,785,786
2015-10-12 23:22:40,089,520,78,334,440,785,786
2015-10-12 23:22:41,094,521,78,335,440,785,786
2015-10-12 23:22:42,095,522,78,335,440,785,786
2015-10-12 23:22:43,096,523,78,335,440,785,786
2015-10-12 23:22:44,101,524,78,335,441,785,786
2015-10-12 23:22:45,105,525,78,335,441,785,786
2015-10-12 23:22:46,109,526,78,335,441,785,786
2015-10-12 23:22:47,113,527,78,335,441,785,786
2015-10-12 23:22:48,117,528,78,335,442,785,786
2015-10-12 23:22:49,118,529,78,335,442,785,786
2015-10-12 23:22:50,124,530,78,336,442,785,786
2015-10-12 23:22:51,127,531,78,335,442,785,786
2015-10-12 23:22:52,131,532,78,336,442,785,786
2015-10-12 23:22:53,135,533,78,336,442,785,786
2015-10-12 23:22:54,138,534,78,336,443,785,786
2015-10-12 23:22:55,142,535,78,336,443,785,786
2015-10-12 23:22:56,146,536,78,337,443,785,786
2015-10-12 23:22:57,149,537,78,337,443,785,786
2015-10-12 23:22:58,153,538,78,337,444,785,786
2015-10-12 23:22:59,157,539,78,337,444,785,786
2015-10-12 23:23:00,159,540,78,337,444,785,786
2015-10-12 23:23:01,165,542,78,337,444,785,786
2015-10-12 23:23:02,167,543,78,338,444,785,786
2015-10-12 23:23:03,168,544,78,338,444,785,786
2015-10-12 23:23:04,174,545,78,338,445,785,786
2015-10-12 23:23:05,174,546,78,338,445,785,786
2015-10-12 23:23:06,175,547,78,338,445,785,786
2015-10-12 23:23:07,181,548,78,338,445,785,786
2015-10-12 23:23:08,182,549,78,338,445,785,786
2015-10-12 23:23:09,187,550,78,338,446,785,786
2015-10-12 23:23:10,189,551,78,339,446,785,786
2015-10-12 23:23:11,190,552,78,339,446,785,786
2015-10-12 23:23:12,195,553,78,339,446,785,786
2015-10-12 23:23:13,197,554,78,339,446,785,786
2015-10-12 23:23:14,199,555,78,339,447,785,786
2015-10-12 23:23:15,204,556,78,340,447,785,786
2015-10-12 23:23:16,207,557,78,340,447,785,786
2015-10-12 23:23:17,211,558,78,340,447,785,786
2015-10-12 23:23:18,215,559,78,340,448,785,786
2015-10-12 23:23:19,220,560,78,340,448,785,786
2015-10-12 23:23:20,223,561,78,340,448,785,786
2015-10-12 23:23:21,228,562,78,341,448,785,786
2015-10-12 23:23:22,230,563,78,341,449,785,786
2015-10-12 23:23:23,236,564,78,341,449,785,786
2015-10-12 23:23:24,241,565,78,341,449,785,786
2015-10-12 23:23:25,246,566,78,341,450,785,786
2015-10-12 23:23:26,251,567,78,341,450,785,786
2015-10-12 23:23:27,256,568,78,342,450,785,786
2015-10-12 23:23:28,256,569,78,342,451,785,786
2015-10-12 23:23:29,262,570,78,342,451,785,786
2015-10-12 23:23:30,266,571,78,342,451,785,786
2015-10-12 23:23:31,270,572,78,342,451,785,786
2015-10-12 23:23:32,274,573,78,342,452,785,786
2015-10-12 23:23:33,279,574,78,342,452,785,786
2015-10-12 23:23:34,280,575,78,342,452,785,786
2015-10-12 23:23:35,283,576,78,342,452,785,786
2015-10-12 23:23:36,288,577,78,343,452,785,786
2015-10-12 23:23:37,290,578,78,343,453,785,786
2015-10-12 23:23:38,294,579,78,343,453,785,786
2015-10-12 23:23:39,294,580,78,343,453,785,786
2015-10-12 23:23:40,296,581,78,343,453,785,786
2015-10-12 23:23:41,300,582,78,343,454,785,786
2015-10-12 23:23:42,302,583,78,343,454,785,786
2015-10-12 23:23:43,306,584,78,343,454,785,786
2015-10-12 23:23:44,310,585,78,344,454,785,786
2015-10-12 23:23:45,314,586,78,344,455,785,786
2015-10-12 23:23:46,318,587,78,344,455,785,786
2015-10-12 23:23:47,322,588,78,344,455,785,786
2015-10-12 23:23:48,328,589,78,344,455,785,786
2015-10-12 23:23:49,330,590,78,344,455,785,786
2015-10-12 23:23:50,335,591,78,344,455,785,786
2015-10-12 23:23:51,339,592,78,344,455,785,786
2015-10-12 23:23:52,344,593,78,345,455,785,786
2015-10-12 23:23:53,349,594,78,345,456,785,786
2015-10-12 23:23:54,352,595,78,345,456,785,786
2015-10-12 23:23:55,356,596,78,345,456,785,786
2015-10-12 23:23:56,361,597,78,345,456,785,786
2015-10-12 23:23:57,365,598,78,345,456,785,786
2015-10-12 23:23:58,370,599,78,345,456,785,786
2015-10-12 23:23:59,374,600,78,345,456,785,786
2015-10-12 23:24:00,378,601,78,346,456,785,786
2015-10-12 23:24:01,379,602,78,346,457,785,786
2015-10-12 23:24:02,383,603,78,346,457,785,786
2015-10-12 23:24:03,384,604,78,346,457,785,786
2015-10-12 23:24:04,389,605,78,346,457,785,786
2015-10-12 23:24:05,393,606,78,346,457,785,786
2015-10-12 23:24:06,395,607,78,346,457,785,786
2015-10-12 23:24:07,399,608,78,346,456,785,786
2015-10-12 23:24:08,403,609,78,346,456,785,786
2015-10-12 23:24:09,408,610,78,346,456,785,786
2015-10-12 23:24:10,410,611,78,346,456,785,786
2015-10-12 23:24:11,413,612,78,347,456,785,786
2015-10-12 23:24:12,417,613,78,347,456,785,786
2015-10-12 23:24:13,421,614,78,347,456,785,786
2015-10-12 23:24:14,425,615,78,347,456,785,786
2015-10-12 23:24:15,426,616,78,347,456,785,786
2015-10-12 23:24:16,431,617,78,347,456,785,786
2015-10-12 23:24:17,432,618,78,347,456,785,786
2015-10-12 23:24:18,436,619,78,347,456,785,786
2015-10-12 23:24:19,441,620,78,347,456,785,786
2015-10-12 23:24:20,445,621,78,348,456,785,786
2015-10-12 23:24:21,450,622,78,348,456,785,786
2015-10-12 23:24:22,453,623,78,348,456,785,786
2015-10-12 23:24:23,458,624,78,348,456,785,786
2015-10-12 23:24:24,460,625,78,348,456,785,786
2015-10-12 23:24:25,463,626,78,348,456,785,786
2015-10-12 23:24:26,464,627,78,349,456,785,786
2015-10-12 23:24:27,465,628,78,349,456,785,786
2015-10-12 23:24:28,470,629,78,349,456,785,786
2015-10-12 23:24:29,473,630,78,349,457,785,786
2015-10-12 23:24:30,476,631,78,349,457,785,786
2015-10-12 23:24:31,479,632,78,349,457,785,786
2015-10-12 23:24:32,483,633,78,349,457,784,786
2015-10-12 23:24:33,488,634,78,349,457,785,786
2015-10-12 23:24:34,492,635,78,349,457,785,786
2015-10-12 23:24:35,497,636,78,350,457,785,786
2015-10-12 23:24:36,503,637,78,350,457,785,786
2015-10-12 23:24:37,505,638,78,350,457,785,786
2015-10-12 23:24:38,508,639,78,350,457,785,786
2015-10-12 23:24:39,514,640,78,350,457,785,786
2015-10-12 23:24:40,518,641,78,350,457,785,786
2015-10-12 23:24:41,521,642,78,350,457,785,786
2015-10-12 23:24:42,528,643,78,351,457,785,786
2015-10-12 23:24:43,530,644,78,351,457,785,786
2015-10-12 23:24:44,533,645,78,351,457,785,786
2015-10-12 23:24:45,538,646,78,351,457,785,786
2015-10-12 23:24:46,539,647,78,351,457,785,786
2015-10-12 23:24:47,545,648,78,351,457,785,786
2015-10-12 23:24:48,549,649,78,351,457,785,786
2015-10-12 23:24:49,553,650,78,352,457,785,786
2015-10-12 23:24:50,558,651,78,352,457,785,786
2015-10-12 23:24:51,562,652,78,352,457,785,786
2015-10-12 23:24:52,566,653,78,352,457,785,786
2015-10-12 23:24:53,570,654,78,353,457,785,786
2015-10-12 23:24:54,573,655,78,353,457,785,786
2015-10-12 23:24:55,579,656,78,353,456,785,786
2015-10-12 23:24:56,579,657,78,353,456,785,786
2015-10-12 23:24:57,583,658,78,353,456,785,786
2015-10-12 23:24:58,588,659,78,353,455,785,786
2015-10-12 23:24:59,589,660,78,353,455,785,786
2015-10-12 23:25:00,594,661,78,353,455,785,786
2015-10-12 23:25:01,595,662,78,353,455,785,786
2015-10-12 23:25:02,596,663,78,353,456,785,786
2015-10-12 23:25:03,600,664,78,353,456,785,786
2015-10-12 23:25:04,605,665,78,354,455,785,786
2015-10-12 23:25:05,609,666,78,354,455,785,786
2015-10-12 23:25:06,613,667,78,354,455,785,786
2015-10-12 23:25:07,617,668,78,354,455,785,786
2015-10-12 23:25:08,618,669,78,354,455,785,786
2015-10-12 23:25:09,624,670,78,355,455,785,786
2015-10-12 23:25:10,627,671,78,355,455,785,786
2015-10-12 23:25:11,630,672,78,355,456,785,786
2015-10-12 23:25:12,636,673,78,355,456,785,786
2015-10-12 23:25:13,637,674,78,355,456,785,786
2015-10-12 23:25:14,641,675,78,356,456,785,786
2015-10-12 23:25:15,647,676,78,356,456,785,786
2015-10-12 23:25:16,652,677,78,356,456,785,786
2015-10-12 23:25:17,655,678,78,356,457,785,786
2015-10-12 23:25:18,661,679,78,356,457,785,786
2015-10-12 23:25:19,665,680,78,356,458,785,786
2015-10-12 23:25:20,670,681,78,357,458,785,786
2015-10-12 23:25:21,673,682,78,357,458,785,786
2015-10-12 23:25:22,677,683,78,357,459,785,786
2015-10-12 23:25:23,683,684,78,357,459,785,786
2015-10-12 23:25:24,686,685,78,357,459,785,786
2015-10-12 23:25:25,691,686,78,357,459,785,786
2015-10-12 23:25:26,694,687,78,358,458,785,786
2015-10-12 23:25:27,698,688,78,358,458,785,786
2015-10-12 23:25:28,703,689,78,358,458,785,786
2015-10-12 23:25:29,706,690,78,358,458,785,786
2015-10-12 23:25:30,710,691,78,358,459,785,786
2015-10-12 23:25:31,715,692,78,358,459,785,786
2015-10-12 23:25:32,720,693,78,358,460,785,786
2015-10-12 23:25:33,724,694,78,358,460,785,786
2015-10-12 23:25:34,728,695,78,358,461,785,786
2015-10-12 23:25:35,734,696,78,358,461,785,786
2015-10-12 23:25:36,739,697,78,359,461,785,786
2015-10-12 23:25:37,745,698,78,359,462,785,786
2015-10-12 23:25:38,749,699,78,359,462,785,786
2015-10-12 23:25:39,753,700,78,360,462,785,786
2015-10-12 23:25:40,758,701,78,360,463,785,786
2015-10-12 23:25:41,764,702,78,360,463,785,786
2015-10-12 23:25:42,766,703,78,360,464,785,786
2015-10-12 23:25:43,771,704,78,360,464,785,786
2015-10-12 23:25:44,776,705,78,360,464,785,786
2015-10-12 23:25:45,781,706,78,361,464,785,786
2015-10-12 23:25:46,785,707,78,361,464,785,786
2015-10-12 23:25:47,789,708,78,361,465,785,786
2015-10-12 23:25:48,789,709,78,361,465,785,786
2015-10-12 23:25:49,795,710,78,361,465,785,786
2015-10-12 23:25:50,799,711,78,361,465,785,786
2015-10-12 23:25:51,803,712,78,362,465,785,786
2015-10-12 23:25:52,807,713,78,362,465,784,786
2015-10-12 23:25:53,809,714,78,362,465,785,786
2015-10-12 23:25:54,813,715,78,362,465,785,786
2015-10-12 23:25:55,816,716,78,362,465,784,786
2015-10-12 23:25:56,821,717,78,362,465,785,786
2015-10-12 23:25:57,826,718,78,362,465,785,786
2015-10-12 23:25:58,829,719,78,363,465,785,786
2015-10-12 23:25:59,834,720,78,363,465,785,786
2015-10-12 23:26:00,838,721,78,363,465,785,786
2015-10-12 23:26:01,839,722,78,363,465,785,786
2015-10-12 23:26:02,844,723,78,363,465,785,786
2015-10-12 23:26:03,848,724,78,363,465,785,786
2015-10-12 23:26:04,852,725,78,363,465,785,786
2015-10-12 23:26:05,854,726,78,364,465,785,786
2015-10-12 23:26:06,856,727,78,364,465,785,786
2015-10-12 23:26:07,861,728,78,364,466,785,786
2015-10-12 23:26:08,862,729,78,364,466,785,786
2015-10-12 23:26:09,868,730,78,364,466,785,786
2015-10-12 23:26:10,869,731,78,365,467,785,786
2015-10-12 23:26:11,872,732,78,365,467,785,786
2015-10-12 23:26:12,877,733,78,365,468,785,786
2015-10-12 23:26:13,881,734,78,365,468,785,786
2015-10-12 23:26:14,886,735,78,365,468,785,786
2015-10-12 23:26:15,886,736,78,366,468,785,786
2015-10-12 23:26:16,892,737,78,366,469,784,786
2015-10-12 23:26:17,895,738,78,366,469,785,786
2015-10-12 23:26:18,900,739,78,366,469,785,786
2015-10-12 23:26:19,904,740,78,366,469,785,786
2015-10-12 23:26:20,908,741,78,367,469,785,786
2015-10-12 23:26:21,909,742,78,367,469,785,786
2015-10-12 23:26:22,910,743,78,367,469,785,786
2015-10-12 23:26:23,915,744,78,367,469,785,786
2015-10-12 23:26:24,917,745,78,367,469,785,786
2015-10-12 23:26:25,919,746,78,368,469,785,786
2015-10-12 23:26:26,925,747,78,368,469,785,786
2015-10-12 23:26:27,927,748,78,368,469,785,786
2015-10-12 23:26:28,931,749,78,369,469,785,786
2015-10-12 23:26:29,932,750,78,369,469,785,786
2015-10-12 23:26:30,936,751,78,369,469,785,786
2015-10-12 23:26:31,940,752,78,369,469,785,786
2015-10-12 23:26:32,944,753,78,370,469,785,786
2015-10-12 23:26:33,948,754,78,370,469,785,786
2015-10-12 23:26:34,953,755,78,370,469,785,786
2015-10-12 23:26:35,957,756,78,370,469,785,786
2015-10-12 23:26:36,961,757,78,370,469,785,786
2015-10-12 23:26:37,965,758,78,370,468,785,786
2015-10-12 23:26:38,970,759,78,369,467,785,786
2015-10-12 23:26:39,974,760,78,369,466,785,786
2015-10-12 23:26:40,980,761,78,368,464,785,786
2015-10-12 23:26:41,984,762,78,367,462,785,786
2015-10-12 23:26:42,988,763,78,367,460,785,786
2015-10-12 23:26:43,991,764,78,366,459,785,786
2015-10-12 23:26:44,993,765,78,366,457,785,786
2015-10-12 23:26:45,996,766,78,365,456,785,786
2015-10-12 23:26:47,001,767,78,365,455,785,786
2015-10-12 23:26:48,005,768,78,365,453,785,786
2015-10-12 23:26:49,007,769,78,364,452,785,786
2015-10-12 23:26:50,007,770,78,364,452,785,786
2015-10-12 23:26:51,011,771,78,364,453,785,786
2015-10-12 23:26:52,016,772,78,364,455,785,786
2015-10-12 23:26:53,020,773,78,364,456,785,786
2015-10-12 23:26:54,022,774,78,364,457,785,786
2015-10-12 23:26:55,026,775,78,365,458,785,786
2015-10-12 23:26:56,030,776,78,365,459,785,786
2015-10-12 23:26:57,035,777,78,365,461,785,786
2015-10-12 23:26:58,040,778,78,365,461,785,786
2015-10-12 23:26:59,044,779,78,365,462,785,786
2015-10-12 23:27:00,047,780,78,365,463,784,786
2015-10-12 23:27:01,048,781,78,365,464,785,786
2015-10-12 23:27:02,053,782,78,365,465,785,786
2015-10-12 23:27:03,054,783,78,365,466,785,786
2015-10-12 23:27:04,056,784,78,365,466,784,786
2015-10-12 23:27:05,062,785,78,366,467,784,786
2015-10-12 23:27:06,066,786,78,366,468,785,786
2015-10-12 23:27:07,071,787,78,366,468,785,786
2015-10-12 23:27:08,074,788,78,366,468,784,786
2015-10-12 23:27:09,079,789,78,366,469,784,786
2015-10-12 23:27:10,081,790,78,366,469,785,786
2015-10-12 23:27:11,085,791,78,366,470,784,786
2015-10-12 23:27:12,088,792,78,366,470,785,786
2015-10-12 23:27:13,094,793,78,366,471,785,786
2015-10-12 23:27:14,094,794,78,367,471,785,786
2015-10-12 23:27:15,098,795,78,367,471,785,786
2015-10-12 23:27:16,103,796,78,367,472,785,786
2015-10-12 23:27:17,107,797,78,367,472,785,786
2015-10-12 23:27:18,111,798,78,367,473,784,786
2015-10-12 23:27:19,113,799,78,367,473,784,786
2015-10-12 23:27:20,117,800,78,367,474,784,786
2015-10-12 23:27:21,121,801,78,367,474,785,786
2015-10-12 23:27:22,126,802,78,367,474,785,786
2015-10-12 23:27:23,129,803,78,367,475,785,786
2015-10-12 23:27:24,134,804,78,368,475,785,786
2015-10-12 23:27:25,138,805,78,368,475,785,786
2015-10-12 23:27:26,142,806,78,368,475,785,786
2015-10-12 23:27:27,146,807,78,368,476,785,786
2015-10-12 23:27:28,150,808,78,368,476,785,786
2015-10-12 23:27:29,152,809,78,368,477,785,786
2015-10-12 23:27:30,153,810,78,368,477,785,786
2015-10-12 23:27:31,157,811,78,368,477,785,786
2015-10-12 23:27:32,158,812,78,368,477,785,786
2015-10-12 23:27:33,159,813,78,369,478,785,786
2015-10-12 23:27:34,164,815,78,369,478,784,786
2015-10-12 23:27:35,168,816,78,369,478,784,786
2015-10-12 23:27:36,173,817,78,369,478,785,786
2015-10-12 23:27:37,177,818,78,369,479,785,786
2015-10-12 23:27:38,181,819,78,369,479,785,786
2015-10-12 23:27:39,183,820,78,369,479,785,786
2015-10-12 23:27:40,189,821,78,369,479,785,786
2015-10-12 23:27:41,191,822,78,369,479,785,786
2015-10-12 23:27:42,194,823,78,369,479,785,786
2015-10-12 23:27:43,200,824,78,369,479,785,786
2015-10-12 23:27:44,205,825,78,369,478,785,786
2015-10-12 23:27:45,209,826,78,370,478,785,786
2015-10-12 23:27:46,212,827,78,370,478,784,786
2015-10-12 23:27:47,217,828,78,370,478,784,786
2015-10-12 23:27:48,221,829,78,370,477,785,786
2015-10-12 23:27:49,226,830,78,370,477,784,786
2015-10-12 23:27:50,232,831,78,370,477,785,786
2015-10-12 23:27:51,233,832,78,370,476,785,786
2015-10-12 23:27:52,238,833,78,370,476,785,786
2015-10-12 23:27:53,242,834,78,370,476,785,786
2015-10-12 23:27:54,244,835,78,371,476,785,786
2015-10-12 23:27:55,248,836,78,371,476,785,786
2015-10-12 23:27:56,248,837,78,371,475,785,786
2015-10-12 23:27:57,252,838,78,371,475,785,786
2015-10-12 23:27:58,256,839,78,371,475,785,786
2015-10-12 23:27:59,263,840,78,371,474,785,786
2015-10-12 23:28:00,265,841,78,371,474,785,786
2015-10-12 23:28:01,269,842,78,371,474,785,786
2015-10-12 23:28:02,274,843,78,371,474,785,786
2015-10-12 23:28:03,275,844,78,371,474,785,786
2015-10-12 23:28:04,279,845,78,371,473,785,786
2015-10-12 23:28:05,281,846,78,371,473,785,786
2015-10-12 23:28:06,282,847,78,371,473,785,786
2015-10-12 23:28:07,287,848,78,372,473,785,786
2015-10-12 23:28:08,287,849,78,372,473,785,786
2015-10-12 23:28:09,291,850,78,372,473,785,786
2015-10-12 23:28:10,296,851,78,372,472,785,786
2015-10-12 23:28:11,301,852,78,372,472,784,786
2015-10-12 23:28:12,304,853,78,372,472,784,786
2015-10-12 23:28:13,306,854,78,372,472,785,786
2015-10-12 23:28:14,310,855,78,372,472,785,786
2015-10-12 23:28:15,311,856,78,372,472,785,786
2015-10-12 23:28:16,315,857,78,372,472,785,786
2015-10-12 23:28:17,320,858,78,372,472,784,786
2015-10-12 23:28:18,322,859,78,372,472,785,786
2015-10-12 23:28:19,326,860,78,372,472,785,786
2015-10-12 23:28:20,329,861,78,372,471,785,786
2015-10-12 23:28:21,334,862,78,373,471,785,786
2015-10-12 23:28:22,339,863,78,373,471,785,786
2015-10-12 23:28:23,342,864,78,373,471,785,786
2015-10-12 23:28:24,346,865,78,373,471,785,786
2015-10-12 23:28:25,351,866,78,373,471,785,786
2015-10-12 23:28:26,352,867,78,373,471,785,786
2015-10-12 23:28:27,356,868,78,373,471,785,786
2015-10-12 23:28:28,360,869,78,373,471,785,786
2015-10-12 23:28:29,364,870,78,373,470,785,786
2015-10-12 23:28:30,369,871,78,373,468,785,786
