2015-10-26 20:07:44,512,datetime,ms,seconds,ambient_temp,thermocouple_0_temp,thermocouple_1_temp,thermocouple_2_temp,thermocouple_3_temp
2015-10-26 20:07:49,556,5,62,352,393,793,794
2015-10-26 20:07:50,558,6,62,349,386,793,794
2015-10-26 20:07:51,562,7,62,346,379,793,794
2015-10-26 20:07:52,567,8,62,343,373,793,794
2015-10-26 20:07:53,571,9,62,341,368,793,794
2015-10-26 20:07:54,575,10,62,339,363,793,794
2015-10-26 20:07:55,581,11,62,337,361,793,794
2015-10-26 20:07:56,584,12,62,336,360,793,794
2015-10-26 20:07:57,585,13,62,334,360,793,794
2015-10-26 20:07:58,590,14,62,333,360,793,794
2015-10-26 20:07:59,592,15,62,331,359,793,794
2015-10-26 20:08:00,597,16,62,330,359,793,794
2015-10-26 20:08:01,599,17,62,329,359,793,794
2015-10-26 20:08:02,605,18,62,328,359,793,794
2015-10-26 20:08:03,608,19,62,327,358,793,794
2015-10-26 20:08:04,612,20,62,326,358,793,794
2015-10-26 20:08:05,616,21,62,325,358,793,794
2015-10-26 20:08:06,618,22,62,324,357,793,794
2015-10-26 20:08:07,623,23,62,323,357,793,794
2015-10-26 20:08:08,627,24,62,322,357,793,794
2015-10-26 20:08:09,633,25,62,321,357,793,794
2015-10-26 20:08:10,639,26,62,321,357,793,794
2015-10-26 20:08:11,643,27,62,320,356,793,794
2015-10-26 20:08:12,644,28,62,319,356,793,794
2015-10-26 20:08:13,650,29,62,319,356,793,794
2015-10-26 20:08:14,652,30,62,318,356,793,794
2015-10-26 20:08:15,656,31,62,318,356,793,794
2015-10-26 20:08:16,661,32,62,317,355,793,794
2015-10-26 20:08:17,667,33,62,317,356,793,794
2015-10-26 20:08:18,670,34,62,316,355,793,794
2015-10-26 20:08:19,675,35,62,316,355,793,794
2015-10-26 20:08:20,681,36,62,316,355,793,794
2015-10-26 20:08:21,684,37,62,316,355,793,794
2015-10-26 20:08:22,688,38,62,316,355,793,794
2015-10-26 20:08:23,692,39,62,315,355,793,794
2015-10-26 20:08:24,698,40,62,315,355,793,794
2015-10-26 20:08:25,701,41,62,315,354,793,794
2015-10-26 20:08:26,705,42,62,315,354,793,794
2015-10-26 20:08:27,709,43,62,315,354,793,794
2015-10-26 20:08:28,710,44,62,315,354,793,794
2015-10-26 20:08:29,714,45,62,314,354,793,794
2015-10-26 20:08:30,720,46,62,314,354,793,794
2015-10-26 20:08:31,725,47,62,314,353,793,794
2015-10-26 20:08:32,725,48,62,314,353,793,794
2015-10-26 20:08:33,731,49,62,314,353,793,794
2015-10-26 20:08:34,733,50,62,313,353,793,794
2015-10-26 20:08:35,734,51,62,313,353,793,794
2015-10-26 20:08:36,740,52,62,313,353,793,794
2015-10-26 20:08:37,744,53,62,313,353,793,794
2015-10-26 20:08:38,750,54,62,313,353,793,794
2015-10-26 20:08:39,753,55,62,313,352,793,794
2015-10-26 20:08:40,758,56,62,313,352,793,794
2015-10-26 20:08:41,760,57,62,313,352,793,794
2015-10-26 20:08:42,765,58,62,313,352,793,794
2015-10-26 20:08:43,771,59,62,313,352,793,794
2015-10-26 20:08:44,775,60,62,313,352,793,794
2015-10-26 20:08:45,779,61,62,313,352,793,794
2015-10-26 20:08:46,784,62,62,312,352,793,794
2015-10-26 20:08:47,786,63,62,312,352,793,794
2015-10-26 20:08:48,791,64,62,312,352,793,794
2015-10-26 20:08:49,792,65,62,312,352,793,794
2015-10-26 20:08:50,798,66,62,312,351,793,794
2015-10-26 20:08:51,803,67,62,312,351,793,794
2015-10-26 20:08:52,805,68,62,312,352,793,794
2015-10-26 20:08:53,807,69,62,312,352,793,794
2015-10-26 20:08:54,810,70,62,312,352,793,794
2015-10-26 20:08:55,815,71,62,312,353,793,794
2015-10-26 20:08:56,817,72,62,312,354,793,794
2015-10-26 20:08:57,818,73,62,312,355,793,794
2015-10-26 20:08:58,823,74,62,312,356,793,794
2015-10-26 20:08:59,825,75,62,312,356,793,794
2015-10-26 20:09:00,830,76,62,312,357,793,794
2015-10-26 20:09:01,832,77,62,312,358,793,794
2015-10-26 20:09:02,834,78,62,312,359,793,794
2015-10-26 20:09:03,838,79,62,312,359,793,794
2015-10-26 20:09:04,840,80,62,311,360,793,794
2015-10-26 20:09:05,846,81,62,311,361,793,794
2015-10-26 20:09:06,848,82,62,311,362,793,794
2015-10-26 20:09:07,851,83,62,311,362,793,794
2015-10-26 20:09:08,854,84,62,311,363,793,794
2015-10-26 20:09:09,856,85,62,311,363,793,794
2015-10-26 20:09:10,861,86,62,311,364,793,794
2015-10-26 20:09:11,863,87,62,311,364,793,794
2015-10-26 20:09:12,868,88,62,311,365,793,794
2015-10-26 20:09:13,869,89,62,311,365,793,794
2015-10-26 20:09:14,872,90,62,311,365,793,794
2015-10-26 20:09:15,878,91,62,311,366,793,794
2015-10-26 20:09:16,882,92,62,311,366,793,794
2015-10-26 20:09:17,886,93,62,311,367,793,794
2015-10-26 20:09:18,892,94,62,311,367,793,794
2015-10-26 20:09:19,895,95,62,311,367,793,794
2015-10-26 20:09:20,896,96,62,311,368,793,794
2015-10-26 20:09:21,900,97,62,311,368,793,794
2015-10-26 20:09:22,904,98,62,311,368,793,794
2015-10-26 20:09:23,908,99,62,311,369,793,794
2015-10-26 20:09:24,911,100,62,311,369,793,794
2015-10-26 20:09:25,912,101,62,311,369,793,794
2015-10-26 20:09:26,917,102,62,310,369,793,794
2015-10-26 20:09:27,923,103,62,310,370,793,794
2015-10-26 20:09:28,929,104,62,310,370,793,794
2015-10-26 20:09:29,932,105,62,310,370,793,794
2015-10-26 20:09:30,935,106,62,310,370,793,794
2015-10-26 20:09:31,938,107,62,310,371,793,794
2015-10-26 20:09:32,944,108,62,310,371,793,794
2015-10-26 20:09:33,947,109,62,310,371,793,794
2015-10-26 20:09:34,952,110,62,310,371,793,794
2015-10-26 20:09:35,956,111,62,310,372,793,794
2015-10-26 20:09:36,961,112,62,310,372,793,794
2015-10-26 20:09:37,962,113,62,310,372,793,794
2015-10-26 20:09:38,968,114,62,310,372,793,794
2015-10-26 20:09:39,974,115,62,310,373,793,794
2015-10-26 20:09:40,977,116,62,310,373,793,794
2015-10-26 20:09:41,981,117,62,310,373,793,794
2015-10-26 20:09:42,986,118,62,310,373,793,794
2015-10-26 20:09:43,992,119,62,310,374,793,794
2015-10-26 20:09:44,996,120,62,310,374,793,794
2015-10-26 20:09:46,001,121,62,310,374,793,794
2015-10-26 20:09:47,003,122,63,310,374,793,794
2015-10-26 20:09:48,007,123,63,310,375,793,794
2015-10-26 20:09:49,011,124,62,310,375,793,793
2015-10-26 20:09:50,013,125,62,310,375,793,794
2015-10-26 20:09:51,014,126,62,310,375,793,794
2015-10-26 20:09:52,019,127,62,310,375,793,793
2015-10-26 20:09:53,022,128,62,310,375,793,793
2015-10-26 20:09:54,026,129,62,310,376,793,794
2015-10-26 20:09:55,028,130,62,310,376,793,794
2015-10-26 20:09:56,031,131,62,310,376,793,794
2015-10-26 20:09:57,034,132,62,310,376,793,794
2015-10-26 20:09:58,039,133,63,310,376,793,794
2015-10-26 20:09:59,043,134,63,310,377,793,794
2015-10-26 20:10:00,048,135,63,310,377,793,794
2015-10-26 20:10:01,052,136,62,310,377,793,794
2015-10-26 20:10:02,055,137,62,309,377,793,793
2015-10-26 20:10:03,059,138,62,309,377,793,794
2015-10-26 20:10:04,060,139,62,309,377,793,794
2015-10-26 20:10:05,064,140,63,309,377,793,794
2015-10-26 20:10:06,068,141,63,309,377,793,794
2015-10-26 20:10:07,071,142,62,309,377,793,794
2015-10-26 20:10:08,074,143,62,309,377,793,794
2015-10-26 20:10:09,080,144,62,309,378,793,793
2015-10-26 20:10:10,083,145,62,309,378,793,794
2015-10-26 20:10:11,087,146,63,309,378,793,794
2015-10-26 20:10:12,092,147,63,309,378,793,794
2015-10-26 20:10:13,098,148,62,309,379,793,793
2015-10-26 20:10:14,103,149,62,309,379,793,793
2015-10-26 20:10:15,103,150,63,309,379,793,794
2015-10-26 20:10:16,109,151,63,309,379,793,794
2015-10-26 20:10:17,114,152,62,309,380,793,793
2015-10-26 20:10:18,117,153,63,309,380,793,794
2015-10-26 20:10:19,121,154,62,309,380,793,793
2015-10-26 20:10:20,126,155,63,309,380,793,794
2015-10-26 20:10:21,128,156,63,309,380,793,793
2015-10-26 20:10:22,133,157,63,309,380,793,794
2015-10-26 20:10:23,138,158,63,309,380,793,794
2015-10-26 20:10:24,143,159,63,309,381,793,793
2015-10-26 20:10:25,147,160,62,309,381,793,793
2015-10-26 20:10:26,151,161,63,309,381,793,793
2015-10-26 20:10:27,156,162,62,309,381,793,793
2015-10-26 20:10:28,159,163,63,309,381,793,793
2015-10-26 20:10:29,165,164,62,309,381,793,793
2015-10-26 20:10:30,168,165,62,309,382,793,793
2015-10-26 20:10:31,169,166,63,309,382,793,793
2015-10-26 20:10:32,174,167,63,309,382,793,793
2015-10-26 20:10:33,178,168,63,309,382,793,794
2015-10-26 20:10:34,183,169,62,309,382,793,793
2015-10-26 20:10:35,188,170,63,309,382,793,794
2015-10-26 20:10:36,194,171,63,309,382,793,794
2015-10-26 20:10:37,199,172,63,309,383,793,793
2015-10-26 20:10:38,202,173,62,309,383,793,793
2015-10-26 20:10:39,204,174,63,309,383,793,794
2015-10-26 20:10:40,209,175,63,309,383,793,793
2015-10-26 20:10:41,215,176,63,309,383,793,794
2015-10-26 20:10:42,219,177,63,309,384,793,793
2015-10-26 20:10:43,225,178,63,309,384,793,794
2015-10-26 20:10:44,228,179,63,309,384,793,794
2015-10-26 20:10:45,232,180,63,309,384,793,794
2015-10-26 20:10:46,237,181,63,309,384,793,794
2015-10-26 20:10:47,243,182,63,309,384,793,793
2015-10-26 20:10:48,248,183,63,309,384,793,793
2015-10-26 20:10:49,253,184,63,309,385,793,794
2015-10-26 20:10:50,257,185,63,309,385,793,794
2015-10-26 20:10:51,263,186,63,309,385,793,793
2015-10-26 20:10:52,268,187,63,309,385,793,793
2015-10-26 20:10:53,271,188,63,309,385,793,794
2015-10-26 20:10:54,272,189,63,309,385,793,793
2015-10-26 20:10:55,273,190,63,309,386,793,794
2015-10-26 20:10:56,278,191,63,309,386,793,793
2015-10-26 20:10:57,280,192,63,309,386,793,794
2015-10-26 20:10:58,285,193,63,309,386,793,793
2015-10-26 20:10:59,288,194,63,309,387,793,793
2015-10-26 20:11:00,294,195,63,309,387,793,794
2015-10-26 20:11:01,300,196,63,309,387,793,794
2015-10-26 20:11:02,304,197,63,309,387,793,794
2015-10-26 20:11:03,305,198,63,309,387,793,793
2015-10-26 20:11:04,307,199,63,309,387,793,794
2015-10-26 20:11:05,310,200,63,309,387,793,793
2015-10-26 20:11:06,311,201,63,309,388,793,794
2015-10-26 20:11:07,314,202,63,309,388,793,793
2015-10-26 20:11:08,319,203,63,309,388,793,793
2015-10-26 20:11:09,322,204,63,309,388,793,793
2015-10-26 20:11:10,326,205,63,309,388,793,793
2015-10-26 20:11:11,328,206,63,309,388,793,793
2015-10-26 20:11:12,334,207,63,309,389,793,794
2015-10-26 20:11:13,339,208,63,309,389,793,794
2015-10-26 20:11:14,343,209,63,309,389,793,794
2015-10-26 20:11:15,345,210,63,309,389,793,794
2015-10-26 20:11:16,351,211,63,309,389,793,793
2015-10-26 20:11:17,358,212,63,309,389,793,794
2015-10-26 20:11:18,360,213,63,309,389,793,794
2015-10-26 20:11:19,363,214,63,309,389,793,793
2015-10-26 20:11:20,368,215,63,309,390,793,793
2015-10-26 20:11:21,374,216,63,309,390,793,794
2015-10-26 20:11:22,377,217,63,309,390,793,794
2015-10-26 20:11:23,378,218,63,309,390,793,794
2015-10-26 20:11:24,382,219,63,309,391,793,794
2015-10-26 20:11:25,384,220,63,309,391,793,794
2015-10-26 20:11:26,390,221,63,309,391,793,794
2015-10-26 20:11:27,394,222,63,309,391,793,794
2015-10-26 20:11:28,399,223,63,309,391,793,794
2015-10-26 20:11:29,400,224,63,309,392,793,794
2015-10-26 20:11:30,403,225,63,309,392,793,794
2015-10-26 20:11:31,409,226,63,309,392,793,794
2015-10-26 20:11:32,412,227,63,309,392,793,794
2015-10-26 20:11:33,418,228,63,310,393,793,793
2015-10-26 20:11:34,421,229,63,310,393,793,794
2015-10-26 20:11:35,426,230,63,310,393,793,794
2015-10-26 20:11:36,431,231,63,310,393,793,794
2015-10-26 20:11:37,436,232,63,310,394,793,794
2015-10-26 20:11:38,441,233,63,310,394,793,793
2015-10-26 20:11:39,444,234,63,310,394,793,793
2015-10-26 20:11:40,449,235,63,310,394,793,794
2015-10-26 20:11:41,452,236,63,310,394,793,793
2015-10-26 20:11:42,457,237,63,310,394,793,793
2015-10-26 20:11:43,459,238,63,310,394,793,793
2015-10-26 20:11:44,463,239,63,310,394,793,794
2015-10-26 20:11:45,468,240,63,310,394,793,794
2015-10-26 20:11:46,474,241,63,310,395,793,793
2015-10-26 20:11:47,477,242,63,310,395,793,793
2015-10-26 20:11:48,482,243,63,310,395,793,793
2015-10-26 20:11:49,488,244,63,310,395,793,793
2015-10-26 20:11:50,490,245,63,310,395,793,793
2015-10-26 20:11:51,494,246,63,310,396,793,794
2015-10-26 20:11:52,498,247,63,310,396,793,793
2015-10-26 20:11:53,502,248,63,310,396,793,793
2015-10-26 20:11:54,506,249,63,310,396,793,793
2015-10-26 20:11:55,511,250,63,310,396,793,793
2015-10-26 20:11:56,515,252,63,310,396,793,794
2015-10-26 20:11:57,519,253,63,310,396,793,793
2015-10-26 20:11:58,524,254,63,310,397,793,793
2015-10-26 20:11:59,528,255,63,310,397,793,794
2015-10-26 20:12:00,533,256,63,310,397,793,793
2015-10-26 20:12:01,536,257,63,310,397,793,793
2015-10-26 20:12:02,537,258,63,310,397,793,793
2015-10-26 20:12:03,538,259,63,310,398,793,794
2015-10-26 20:12:04,542,260,63,310,398,793,793
2015-10-26 20:12:05,548,261,63,310,398,793,794
2015-10-26 20:12:06,553,262,63,311,398,793,793
2015-10-26 20:12:07,554,263,63,311,398,793,794
2015-10-26 20:12:08,559,264,63,311,398,793,794
2015-10-26 20:12:09,564,265,63,311,398,793,794
2015-10-26 20:12:10,568,266,63,311,398,793,793
2015-10-26 20:12:11,575,267,63,311,399,793,793
2015-10-26 20:12:12,579,268,63,311,399,793,793
2015-10-26 20:12:13,582,269,63,311,399,793,793
2015-10-26 20:12:14,586,270,63,311,399,793,794
2015-10-26 20:12:15,590,271,63,311,400,793,794
2015-10-26 20:12:16,595,272,63,311,400,793,793
2015-10-26 20:12:17,600,273,63,311,400,793,793
2015-10-26 20:12:18,604,274,63,311,400,793,794
2015-10-26 20:12:19,610,275,63,311,400,793,794
2015-10-26 20:12:20,611,276,63,311,400,793,793
2015-10-26 20:12:21,615,277,63,311,400,793,794
2015-10-26 20:12:22,619,278,63,311,400,793,793
2015-10-26 20:12:23,621,279,63,311,401,793,793
2015-10-26 20:12:24,624,280,63,311,401,793,793
2015-10-26 20:12:25,627,281,63,311,401,793,793
2015-10-26 20:12:26,632,282,63,311,401,793,794
2015-10-26 20:12:27,635,283,63,311,401,793,793
2015-10-26 20:12:28,637,284,63,311,401,793,793
2015-10-26 20:12:29,643,285,63,312,401,793,793
2015-10-26 20:12:30,647,286,63,312,401,793,793
2015-10-26 20:12:31,651,287,63,312,402,793,793
2015-10-26 20:12:32,655,288,63,312,402,793,793
2015-10-26 20:12:33,660,289,63,312,402,793,793
2015-10-26 20:12:34,665,290,63,312,402,793,793
2015-10-26 20:12:35,668,291,63,312,402,793,793
2015-10-26 20:12:36,673,292,63,312,403,793,793
2015-10-26 20:12:37,678,293,63,312,403,793,793
2015-10-26 20:12:38,679,294,63,312,403,793,793
2015-10-26 20:12:39,684,295,63,312,404,793,793
2015-10-26 20:12:40,687,296,63,312,404,793,793
2015-10-26 20:12:41,688,297,63,312,404,793,793
2015-10-26 20:12:42,693,298,63,312,404,793,793
2015-10-26 20:12:43,698,299,63,312,404,793,793
2015-10-26 20:12:44,703,300,63,313,405,793,793
2015-10-26 20:12:45,707,301,63,313,405,793,793
2015-10-26 20:12:46,713,302,63,313,405,793,793
2015-10-26 20:12:47,718,303,63,313,406,793,793
2015-10-26 20:12:48,720,304,63,313,406,793,793
2015-10-26 20:12:49,723,305,63,313,406,793,793
2015-10-26 20:12:50,726,306,63,313,406,793,793
2015-10-26 20:12:51,728,307,63,313,406,793,793
2015-10-26 20:12:52,728,308,63,313,407,793,793
2015-10-26 20:12:53,733,309,63,313,407,793,793
2015-10-26 20:12:54,743,310,63,313,407,793,793
2015-10-26 20:12:55,748,311,63,313,407,793,793
2015-10-26 20:12:56,752,312,63,313,407,793,793
2015-10-26 20:12:57,755,313,63,313,407,793,793
2015-10-26 20:12:58,761,314,63,313,407,793,793
2015-10-26 20:12:59,762,315,63,313,407,793,793
2015-10-26 20:13:00,768,316,63,313,408,793,793
2015-10-26 20:13:01,773,317,63,313,407,793,793
2015-10-26 20:13:02,777,318,63,313,408,793,793
2015-10-26 20:13:03,781,319,63,314,408,793,793
2015-10-26 20:13:04,786,320,63,314,408,793,793
2015-10-26 20:13:05,789,321,63,314,408,793,793
2015-10-26 20:13:06,794,322,63,314,409,793,793
2015-10-26 20:13:07,799,323,63,314,409,793,793
2015-10-26 20:13:08,802,324,63,314,409,793,793
2015-10-26 20:13:09,805,325,63,314,409,793,793
2015-10-26 20:13:10,808,326,63,314,409,793,793
2015-10-26 20:13:11,812,327,63,314,409,793,793
2015-10-26 20:13:12,815,328,63,314,409,793,793
2015-10-26 20:13:13,818,329,63,314,409,793,793
2015-10-26 20:13:14,823,330,63,314,409,793,793
2015-10-26 20:13:15,826,331,63,314,409,793,793
2015-10-26 20:13:16,829,332,63,314,409,793,793
2015-10-26 20:13:17,834,333,63,315,410,793,793
2015-10-26 20:13:18,839,334,63,315,410,793,793
2015-10-26 20:13:19,843,335,63,315,410,793,793
2015-10-26 20:13:20,844,336,63,315,410,793,793
2015-10-26 20:13:21,846,337,63,315,410,793,793
2015-10-26 20:13:22,850,338,63,315,410,793,793
2015-10-26 20:13:23,852,339,63,315,410,793,793
2015-10-26 20:13:24,852,340,63,315,411,793,793
2015-10-26 20:13:25,857,341,63,315,411,793,793
2015-10-26 20:13:26,862,342,63,315,411,793,793
2015-10-26 20:13:27,867,343,63,315,411,793,793
2015-10-26 20:13:28,872,344,63,315,411,793,793
2015-10-26 20:13:29,876,345,63,315,412,793,793
2015-10-26 20:13:30,878,346,63,316,412,793,793
2015-10-26 20:13:31,882,347,63,316,412,793,793
2015-10-26 20:13:32,883,348,63,316,412,793,793
2015-10-26 20:13:33,885,349,63,316,412,793,793
2015-10-26 20:13:34,888,350,63,316,412,793,793
2015-10-26 20:13:35,891,351,63,316,412,793,793
2015-10-26 20:13:36,895,352,63,316,413,793,793
2015-10-26 20:13:37,896,353,63,316,413,793,793
2015-10-26 20:13:38,900,354,63,316,413,793,793
2015-10-26 20:13:39,905,355,63,316,413,793,793
2015-10-26 20:13:40,911,356,63,317,413,793,793
2015-10-26 20:13:41,913,357,63,317,413,793,793
2015-10-26 20:13:42,917,358,63,317,413,793,793
2015-10-26 20:13:43,922,359,63,317,414,793,793
2015-10-26 20:13:44,924,360,63,317,414,793,793
2015-10-26 20:13:45,929,361,63,317,414,793,793
2015-10-26 20:13:46,932,362,63,317,414,793,793
2015-10-26 20:13:47,937,363,63,317,414,793,793
2015-10-26 20:13:48,942,364,63,317,414,793,793
2015-10-26 20:13:49,947,365,63,317,415,793,793
2015-10-26 20:13:50,949,366,63,317,415,793,793
2015-10-26 20:13:51,955,367,63,317,415,793,793
2015-10-26 20:13:52,956,368,63,318,415,793,793
2015-10-26 20:13:53,959,369,63,318,415,793,793
2015-10-26 20:13:54,962,370,63,318,416,793,793
2015-10-26 20:13:55,963,371,63,318,416,793,793
2015-10-26 20:13:56,966,372,63,318,416,793,793
2015-10-26 20:13:57,971,373,63,318,416,793,793
2015-10-26 20:13:58,975,374,63,318,416,793,793
2015-10-26 20:13:59,978,375,63,318,416,793,793
2015-10-26 20:14:00,982,376,63,319,417,793,793
2015-10-26 20:14:01,986,377,63,319,417,793,793
2015-10-26 20:14:02,989,378,63,319,417,793,793
2015-10-26 20:14:03,995,379,63,319,417,793,793
2015-10-26 20:14:04,996,380,63,319,417,793,793
2015-10-26 20:14:06,001,381,63,319,418,793,793
2015-10-26 20:14:07,002,382,63,319,418,793,793
2015-10-26 20:14:08,005,383,63,319,418,793,793
2015-10-26 20:14:09,010,384,63,319,418,793,793
2015-10-26 20:14:10,011,385,63,319,418,793,793
2015-10-26 20:14:11,017,386,63,320,418,793,793
2015-10-26 20:14:12,021,387,63,320,418,793,793
2015-10-26 20:14:13,026,388,63,320,418,793,793
2015-10-26 20:14:14,031,389,63,320,418,793,793
2015-10-26 20:14:15,035,390,63,320,419,793,793
2015-10-26 20:14:16,040,391,63,320,419,793,793
2015-10-26 20:14:17,044,392,63,320,419,793,793
2015-10-26 20:14:18,050,393,63,320,419,793,793
2015-10-26 20:14:19,053,394,63,320,419,793,793
2015-10-26 20:14:20,054,395,63,320,419,793,793
2015-10-26 20:14:21,056,396,63,320,419,793,793
2015-10-26 20:14:22,061,397,63,320,419,793,793
2015-10-26 20:14:23,064,398,63,321,420,793,793
2015-10-26 20:14:24,068,399,63,321,420,793,793
2015-10-26 20:14:25,071,400,63,321,420,793,793
2015-10-26 20:14:26,075,401,63,321,420,793,793
2015-10-26 20:14:27,077,402,63,321,420,793,793
2015-10-26 20:14:28,080,403,63,321,420,793,793
2015-10-26 20:14:29,085,404,63,321,421,793,793
2015-10-26 20:14:30,091,405,63,321,421,793,793
2015-10-26 20:14:31,095,406,63,322,421,793,793
2015-10-26 20:14:32,101,407,63,322,422,793,793
2015-10-26 20:14:33,103,408,63,322,422,793,793
2015-10-26 20:14:34,104,409,63,322,422,793,793
2015-10-26 20:14:35,109,410,63,322,422,793,793
2015-10-26 20:14:36,110,411,63,322,422,793,793
2015-10-26 20:14:37,111,412,63,322,422,793,793
2015-10-26 20:14:38,116,413,63,322,422,793,793
2015-10-26 20:14:39,120,414,63,322,422,793,793
2015-10-26 20:14:40,124,415,63,322,423,793,793
2015-10-26 20:14:41,129,416,63,323,423,793,793
2015-10-26 20:14:42,133,417,63,323,423,793,793
2015-10-26 20:14:43,139,418,63,323,423,793,793
2015-10-26 20:14:44,142,419,63,323,423,793,793
2015-10-26 20:14:45,146,420,63,323,423,793,793
2015-10-26 20:14:46,150,421,63,323,424,793,793
2015-10-26 20:14:47,155,422,63,323,424,793,793
2015-10-26 20:14:48,160,423,63,323,424,793,793
2015-10-26 20:14:49,161,424,63,323,424,793,793
2015-10-26 20:14:50,165,425,63,323,424,793,793
2015-10-26 20:14:51,170,426,63,324,424,793,793
2015-10-26 20:14:52,174,427,63,324,424,793,793
2015-10-26 20:14:53,176,428,63,324,424,793,793
2015-10-26 20:14:54,181,429,63,324,424,793,793
2015-10-26 20:14:55,182,430,63,324,424,793,793
2015-10-26 20:14:56,183,431,63,324,424,793,793
2015-10-26 20:14:57,186,432,63,324,424,793,793
2015-10-26 20:14:58,190,433,63,324,425,793,793
2015-10-26 20:14:59,194,434,63,324,425,793,793
2015-10-26 20:15:00,197,435,63,325,425,793,793
2015-10-26 20:15:01,200,436,63,325,425,793,793
2015-10-26 20:15:02,205,437,63,325,425,793,793
2015-10-26 20:15:03,209,438,63,325,425,793,793
2015-10-26 20:15:04,215,439,63,325,425,793,793
2015-10-26 20:15:05,220,440,63,325,426,793,793
2015-10-26 20:15:06,224,441,63,325,426,793,793
2015-10-26 20:15:07,226,442,63,326,426,793,793
2015-10-26 20:15:08,232,443,63,326,426,793,793
2015-10-26 20:15:09,234,444,63,326,426,793,793
2015-10-26 20:15:10,239,445,63,326,426,793,793
2015-10-26 20:15:11,243,446,63,326,427,793,793
2015-10-26 20:15:12,249,447,63,326,427,793,793
2015-10-26 20:15:13,251,448,63,326,427,793,793
2015-10-26 20:15:14,254,449,63,326,427,793,793
2015-10-26 20:15:15,256,450,63,327,427,793,793
2015-10-26 20:15:16,260,451,63,327,427,793,793
2015-10-26 20:15:17,264,452,63,327,428,793,793
2015-10-26 20:15:18,267,453,63,327,427,793,793
2015-10-26 20:15:19,271,454,63,327,427,793,793
2015-10-26 20:15:20,275,455,63,327,428,793,793
2015-10-26 20:15:21,280,456,63,327,428,793,793
2015-10-26 20:15:22,286,457,63,327,428,793,793
2015-10-26 20:15:23,290,458,63,327,428,793,793
2015-10-26 20:15:24,295,459,63,327,428,793,793
2015-10-26 20:15:25,299,460,63,328,428,793,793
2015-10-26 20:15:26,302,461,63,328,428,793,793
2015-10-26 20:15:27,307,462,63,328,428,793,793
2015-10-26 20:15:28,308,463,63,328,428,793,793
2015-10-26 20:15:29,314,464,63,328,428,793,793
2015-10-26 20:15:30,320,465,63,328,429,793,793
2015-10-26 20:15:31,323,466,63,328,429,793,793
2015-10-26 20:15:32,329,467,63,328,429,793,793
2015-10-26 20:15:33,331,468,63,329,429,793,793
2015-10-26 20:15:34,332,469,63,329,429,793,793
2015-10-26 20:15:35,337,470,63,329,429,793,793
2015-10-26 20:15:36,338,471,63,329,429,793,793
2015-10-26 20:15:37,344,472,63,329,430,793,793
2015-10-26 20:15:38,349,473,63,330,430,793,793
2015-10-26 20:15:39,350,474,63,332,430,793,793
2015-10-26 20:15:40,355,475,63,335,430,793,793
2015-10-26 20:15:41,359,476,63,337,430,793,793
2015-10-26 20:15:42,364,477,63,339,430,793,793
2015-10-26 20:15:43,368,478,63,341,430,793,793
2015-10-26 20:15:44,373,479,63,344,430,793,793
2015-10-26 20:15:45,378,480,63,346,430,793,793
2015-10-26 20:15:46,381,481,63,348,431,793,793
2015-10-26 20:15:47,386,482,63,349,431,793,793
2015-10-26 20:15:48,390,483,63,351,431,793,793
2015-10-26 20:15:49,394,484,63,353,431,793,793
2015-10-26 20:15:50,398,485,63,354,431,793,793
2015-10-26 20:15:51,399,486,63,355,431,793,793
2015-10-26 20:15:52,403,487,63,357,432,793,793
2015-10-26 20:15:53,408,488,63,358,432,793,793
2015-10-26 20:15:54,410,489,63,360,432,793,793
2015-10-26 20:15:55,413,490,63,361,432,793,793
2015-10-26 20:15:56,419,491,63,362,432,793,793
2015-10-26 20:15:57,422,492,63,363,432,793,793
2015-10-26 20:15:58,426,493,63,364,432,793,793
2015-10-26 20:15:59,430,494,63,365,433,793,793
2015-10-26 20:16:00,435,495,63,366,433,793,793
2015-10-26 20:16:01,439,496,63,367,433,793,793
2015-10-26 20:16:02,440,497,63,368,433,793,793
2015-10-26 20:16:03,444,498,63,369,433,793,793
2015-10-26 20:16:04,446,499,63,370,433,793,793
2015-10-26 20:16:05,448,500,63,371,433,793,793
2015-10-26 20:16:06,455,501,63,371,432,793,793
2015-10-26 20:16:07,456,502,63,372,432,793,793
2015-10-26 20:16:08,461,503,63,373,432,793,793
2015-10-26 20:16:09,463,504,63,373,432,793,793
2015-10-26 20:16:10,466,505,63,374,432,793,793
2015-10-26 20:16:11,470,506,63,374,432,793,793
2015-10-26 20:16:12,471,507,63,375,432,793,793
2015-10-26 20:16:13,477,508,63,376,432,793,793
2015-10-26 20:16:14,481,509,63,376,432,793,793
2015-10-26 20:16:15,487,510,63,377,432,793,793
2015-10-26 20:16:16,491,511,63,378,432,793,793
2015-10-26 20:16:17,494,512,63,378,432,793,793
2015-10-26 20:16:18,499,513,63,378,432,793,793
2015-10-26 20:16:19,503,514,63,379,432,793,793
2015-10-26 20:16:20,506,515,63,380,432,793,793
2015-10-26 20:16:21,510,516,63,381,432,793,793
2015-10-26 20:16:22,514,518,63,381,432,793,793
2015-10-26 20:16:23,519,519,63,382,432,793,793
2015-10-26 20:16:24,525,520,63,382,433,793,793
2015-10-26 20:16:25,528,521,63,382,433,793,793
2015-10-26 20:16:26,532,522,63,383,433,793,793
2015-10-26 20:16:27,538,523,63,383,433,793,793
2015-10-26 20:16:28,540,524,63,384,433,793,793
2015-10-26 20:16:29,544,525,63,384,433,793,793
2015-10-26 20:16:30,547,526,63,384,433,793,793
2015-10-26 20:16:31,553,527,63,385,433,793,793
2015-10-26 20:16:32,558,528,63,385,434,793,793
2015-10-26 20:16:33,562,529,63,385,434,793,793
2015-10-26 20:16:34,568,530,63,386,434,793,793
2015-10-26 20:16:35,574,531,63,386,434,793,793
2015-10-26 20:16:36,578,532,63,386,434,793,793
2015-10-26 20:16:37,580,533,63,387,434,793,793
2015-10-26 20:16:38,584,534,63,387,434,793,793
2015-10-26 20:16:39,589,535,63,387,434,793,793
2015-10-26 20:16:40,593,536,63,387,434,793,793
2015-10-26 20:16:41,597,537,63,388,434,793,793
2015-10-26 20:16:42,601,538,63,388,434,793,793
2015-10-26 20:16:43,605,539,63,388,435,793,793
2015-10-26 20:16:44,608,540,63,388,435,793,793
2015-10-26 20:16:45,614,541,63,388,435,793,793
2015-10-26 20:16:46,619,542,63,388,435,793,793
2015-10-26 20:16:47,622,543,63,388,435,793,793
2015-10-26 20:16:48,628,544,63,389,435,793,793
2015-10-26 20:16:49,631,545,63,389,435,793,793
2015-10-26 20:16:50,633,546,63,390,435,793,793
2015-10-26 20:16:51,638,547,63,390,435,793,793
2015-10-26 20:16:52,639,548,63,390,435,793,793
2015-10-26 20:16:53,644,549,63,391,435,793,793
2015-10-26 20:16:54,646,550,63,391,435,793,793
2015-10-26 20:16:55,651,551,63,391,435,793,793
2015-10-26 20:16:56,655,552,63,391,436,793,793
2015-10-26 20:16:57,661,553,63,391,436,793,793
2015-10-26 20:16:58,666,554,63,392,436,793,793
2015-10-26 20:16:59,667,555,63,392,436,793,793
2015-10-26 20:17:00,671,556,63,393,436,793,793
2015-10-26 20:17:01,675,557,63,393,436,793,793
2015-10-26 20:17:02,680,558,63,394,437,793,793
2015-10-26 20:17:03,685,559,63,394,437,793,793
2015-10-26 20:17:04,690,560,63,394,437,793,793
2015-10-26 20:17:05,692,561,63,395,437,793,793
2015-10-26 20:17:06,697,562,63,395,437,793,793
2015-10-26 20:17:07,702,563,63,395,437,793,793
2015-10-26 20:17:08,706,564,63,395,438,793,793
2015-10-26 20:17:09,708,565,63,395,437,793,793
2015-10-26 20:17:10,713,566,63,395,438,793,793
2015-10-26 20:17:11,714,567,63,396,438,793,793
2015-10-26 20:17:12,719,568,63,396,438,793,793
2015-10-26 20:17:13,721,569,63,396,438,793,793
2015-10-26 20:17:14,722,570,63,396,438,793,793
2015-10-26 20:17:15,724,571,63,396,438,793,793
2015-10-26 20:17:16,728,572,63,397,438,793,793
2015-10-26 20:17:17,733,573,63,398,438,793,793
2015-10-26 20:17:18,736,574,63,398,439,793,793
2015-10-26 20:17:19,738,575,63,398,439,793,793
2015-10-26 20:17:20,743,576,63,398,439,793,793
2015-10-26 20:17:21,747,577,63,398,440,793,793
2015-10-26 20:17:22,752,578,63,399,440,793,793
2015-10-26 20:17:23,755,579,63,399,440,793,793
2015-10-26 20:17:24,761,580,63,399,440,793,793
2015-10-26 20:17:25,766,581,63,399,440,793,793
2015-10-26 20:17:26,770,582,63,399,440,793,793
2015-10-26 20:17:27,776,583,63,399,441,793,793
2015-10-26 20:17:28,779,584,63,399,441,793,793
2015-10-26 20:17:29,783,585,63,400,441,793,793
2015-10-26 20:17:30,787,586,63,400,441,793,793
2015-10-26 20:17:31,792,587,63,400,441,793,793
2015-10-26 20:17:32,795,588,63,399,442,793,793
2015-10-26 20:17:33,799,589,63,400,442,793,793
2015-10-26 20:17:34,804,590,63,400,442,793,793
2015-10-26 20:17:35,808,591,63,401,442,793,793
2015-10-26 20:17:36,812,592,63,401,442,793,793
2015-10-26 20:17:37,814,593,63,401,442,793,793
2015-10-26 20:17:38,819,594,63,401,443,793,793
2015-10-26 20:17:39,823,595,63,401,443,793,793
2015-10-26 20:17:40,828,596,63,401,443,793,793
2015-10-26 20:17:41,829,597,63,402,443,793,793
2015-10-26 20:17:42,835,598,63,402,443,793,793
2015-10-26 20:17:43,839,599,63,402,443,793,793
2015-10-26 20:17:44,845,600,63,403,443,793,793
2015-10-26 20:17:45,848,601,63,403,443,793,793
2015-10-26 20:17:46,854,602,63,404,443,793,793
2015-10-26 20:17:47,855,603,63,404,443,793,793
2015-10-26 20:17:48,860,604,63,404,444,793,793
2015-10-26 20:17:49,866,605,63,405,444,793,793
2015-10-26 20:17:50,871,606,63,404,444,793,793
2015-10-26 20:17:51,876,607,63,405,444,793,793
2015-10-26 20:17:52,881,608,63,405,444,793,793
2015-10-26 20:17:53,882,609,63,406,444,793,793
2015-10-26 20:17:54,887,610,63,405,444,793,793
2015-10-26 20:17:55,891,611,63,406,444,793,793
2015-10-26 20:17:56,896,612,63,406,444,793,793
2015-10-26 20:17:57,902,613,63,406,444,793,793
2015-10-26 20:17:58,907,614,63,406,444,793,793
2015-10-26 20:17:59,909,615,63,406,444,793,793
2015-10-26 20:18:00,914,616,63,407,445,793,793
2015-10-26 20:18:01,920,617,63,407,445,793,793
2015-10-26 20:18:02,923,618,63,407,445,793,793
2015-10-26 20:18:03,927,619,63,407,445,793,793
2015-10-26 20:18:04,931,620,63,407,445,793,793
2015-10-26 20:18:05,937,621,63,408,445,793,793
2015-10-26 20:18:06,940,622,63,408,445,793,793
2015-10-26 20:18:07,946,623,63,408,445,793,793
2015-10-26 20:18:08,948,624,63,408,445,793,793
2015-10-26 20:18:09,955,625,63,408,446,793,793
2015-10-26 20:18:10,958,626,63,408,446,793,793
2015-10-26 20:18:11,959,627,63,408,446,793,793
2015-10-26 20:18:12,964,628,63,408,446,793,793
2015-10-26 20:18:13,969,629,63,408,446,793,793
2015-10-26 20:18:14,973,630,63,409,446,793,793
2015-10-26 20:18:15,978,631,63,409,446,793,793
2015-10-26 20:18:16,982,632,63,409,446,793,793
2015-10-26 20:18:17,987,633,63,409,446,793,793
2015-10-26 20:18:18,991,634,63,409,446,793,793
2015-10-26 20:18:19,996,635,63,410,446,793,793
2015-10-26 20:18:20,999,636,63,409,447,793,793
2015-10-26 20:18:22,005,637,63,410,447,793,793
2015-10-26 20:18:23,009,638,63,411,447,793,793
2015-10-26 20:18:24,013,639,63,411,447,793,793
2015-10-26 20:18:25,019,640,63,411,447,793,793
2015-10-26 20:18:26,019,641,63,411,447,793,793
2015-10-26 20:18:27,024,642,63,411,447,793,793
2015-10-26 20:18:28,030,643,63,412,447,793,793
2015-10-26 20:18:29,032,644,63,412,447,793,793
2015-10-26 20:18:30,034,645,63,412,447,793,793
2015-10-26 20:18:31,038,646,63,412,447,793,793
2015-10-26 20:18:32,041,647,63,412,447,793,793
2015-10-26 20:18:33,045,648,63,412,447,793,793
2015-10-26 20:18:34,048,649,63,412,447,793,793
2015-10-26 20:18:35,051,650,63,412,447,793,793
2015-10-26 20:18:36,053,651,63,413,447,793,793
2015-10-26 20:18:37,056,652,63,413,448,793,793
2015-10-26 20:18:38,062,653,63,413,447,793,793
2015-10-26 20:18:39,064,654,63,413,448,793,793
2015-10-26 20:18:40,066,655,63,414,448,793,793
2015-10-26 20:18:41,071,656,63,414,448,793,793
2015-10-26 20:18:42,072,657,63,414,448,793,793
2015-10-26 20:18:43,076,658,63,414,448,793,793
2015-10-26 20:18:44,080,659,63,414,448,793,793
2015-10-26 20:18:45,082,660,63,414,448,793,793
2015-10-26 20:18:46,087,661,63,414,448,793,793
2015-10-26 20:18:47,090,662,63,414,448,793,793
2015-10-26 20:18:48,095,663,63,415,448,793,793
2015-10-26 20:18:49,101,664,63,415,448,793,793
2015-10-26 20:18:50,106,665,63,415,448,793,793
2015-10-26 20:18:51,112,666,63,415,447,793,793
2015-10-26 20:18:52,116,667,63,415,448,793,793
2015-10-26 20:18:53,122,668,63,415,448,793,793
2015-10-26 20:18:54,124,669,63,415,448,793,793
2015-10-26 20:18:55,126,670,63,415,448,793,793
2015-10-26 20:18:56,130,671,63,415,447,793,793
2015-10-26 20:18:57,131,672,63,415,447,793,793
2015-10-26 20:18:58,132,673,63,417,447,793,793
2015-10-26 20:18:59,137,674,63,416,448,793,793
2015-10-26 20:19:00,140,675,63,416,448,793,793
2015-10-26 20:19:01,145,676,63,416,448,793,793
2015-10-26 20:19:02,146,677,63,416,448,793,793
2015-10-26 20:19:03,150,678,63,415,448,793,793
2015-10-26 20:19:04,153,679,63,415,448,793,793
2015-10-26 20:19:05,156,680,63,416,448,793,793
2015-10-26 20:19:06,161,681,63,415,448,793,793
2015-10-26 20:19:07,162,682,63,416,449,793,793
2015-10-26 20:19:08,167,683,63,416,448,793,793
2015-10-26 20:19:09,171,684,63,416,448,793,793
2015-10-26 20:19:10,176,685,63,416,449,793,793
2015-10-26 20:19:11,180,686,63,416,448,793,793
2015-10-26 20:19:12,185,687,63,416,449,793,793
2015-10-26 20:19:13,190,688,63,417,449,793,793
2015-10-26 20:19:14,195,689,63,417,449,793,793
2015-10-26 20:19:15,200,690,63,417,449,793,793
2015-10-26 20:19:16,203,691,63,417,449,793,793
2015-10-26 20:19:17,207,692,63,418,449,793,793
2015-10-26 20:19:18,211,693,63,418,450,793,793
2015-10-26 20:19:19,212,694,63,418,450,793,793
2015-10-26 20:19:20,215,695,63,418,450,793,793
2015-10-26 20:19:21,219,696,63,418,450,793,793
2015-10-26 20:19:22,225,697,63,418,450,793,793
2015-10-26 20:19:23,227,698,63,419,450,793,793
2015-10-26 20:19:24,232,699,63,419,450,793,793
2015-10-26 20:19:25,235,700,63,419,450,793,793
2015-10-26 20:19:26,240,701,63,419,450,793,793
2015-10-26 20:19:27,244,702,63,419,450,793,793
2015-10-26 20:19:28,249,703,63,419,450,793,793
2015-10-26 20:19:29,253,704,63,419,451,793,793
2015-10-26 20:19:30,255,705,63,419,451,793,793
2015-10-26 20:19:31,260,706,64,420,451,793,793
2015-10-26 20:19:32,261,707,63,420,451,793,793
2015-10-26 20:19:33,263,708,63,420,451,793,793
2015-10-26 20:19:34,268,709,63,420,451,793,793
2015-10-26 20:19:35,270,710,64,421,452,793,793
2015-10-26 20:19:36,275,711,63,421,452,793,793
2015-10-26 20:19:37,276,712,63,421,452,793,793
2015-10-26 20:19:38,277,713,63,421,452,793,793
2015-10-26 20:19:39,282,714,63,421,452,793,793
2015-10-26 20:19:40,287,715,63,422,452,793,793
2015-10-26 20:19:41,292,716,63,422,452,793,793
2015-10-26 20:19:42,298,717,63,422,452,793,793
2015-10-26 20:19:43,300,718,64,422,452,793,793
2015-10-26 20:19:44,306,719,63,422,453,793,793
2015-10-26 20:19:45,310,720,64,423,453,793,793
2015-10-26 20:19:46,316,721,64,423,453,793,793
2015-10-26 20:19:47,319,722,64,423,453,793,793
2015-10-26 20:19:48,323,723,63,423,453,793,793
2015-10-26 20:19:49,328,724,63,424,453,793,793
2015-10-26 20:19:50,333,725,63,425,453,793,793
2015-10-26 20:19:51,334,726,63,425,452,793,793
2015-10-26 20:19:52,335,727,63,425,452,793,793
2015-10-26 20:19:53,336,728,63,426,452,793,793
2015-10-26 20:19:54,342,729,63,426,452,793,793
2015-10-26 20:19:55,347,730,63,426,452,793,793
2015-10-26 20:19:56,350,731,64,426,452,793,793
2015-10-26 20:19:57,351,732,63,426,452,793,793
2015-10-26 20:19:58,355,733,64,426,451,793,793
2015-10-26 20:19:59,358,734,64,426,451,793,793
2015-10-26 20:20:00,363,735,63,426,451,793,793
2015-10-26 20:20:01,365,736,63,427,450,793,793
2015-10-26 20:20:02,368,737,63,427,450,793,793
2015-10-26 20:20:03,373,738,64,427,450,793,793
2015-10-26 20:20:04,375,739,63,428,450,793,793
2015-10-26 20:20:05,380,740,64,429,451,793,793
2015-10-26 20:20:06,382,741,64,428,450,793,793
2015-10-26 20:20:07,385,742,64,429,450,793,793
2015-10-26 20:20:08,389,743,64,429,450,793,793
2015-10-26 20:20:09,390,744,64,429,450,793,793
2015-10-26 20:20:10,394,745,64,429,449,793,793
2015-10-26 20:20:11,399,746,63,429,449,793,793
2015-10-26 20:20:12,404,747,64,429,449,793,793
2015-10-26 20:20:13,410,748,64,430,449,793,793
2015-10-26 20:20:14,414,749,64,429,449,793,793
2015-10-26 20:20:15,420,750,63,429,449,793,793
2015-10-26 20:20:16,423,751,64,429,449,793,793
2015-10-26 20:20:17,426,752,63,429,449,793,793
2015-10-26 20:20:18,431,753,64,430,450,793,793
2015-10-26 20:20:19,437,754,64,430,450,793,793
2015-10-26 20:20:20,439,755,64,430,450,793,793
2015-10-26 20:20:21,443,756,64,430,450,793,793
2015-10-26 20:20:22,448,757,64,430,451,793,793
2015-10-26 20:20:23,452,758,64,430,451,793,793
2015-10-26 20:20:24,456,759,64,430,451,793,793
2015-10-26 20:20:25,458,760,64,430,451,793,793
2015-10-26 20:20:26,460,761,64,431,451,793,793
2015-10-26 20:20:27,463,762,64,431,451,793,793
2015-10-26 20:20:28,469,763,64,432,451,793,793
2015-10-26 20:20:29,472,764,64,432,451,793,793
2015-10-26 20:20:30,477,765,63,432,451,793,793
2015-10-26 20:20:31,480,766,64,432,451,793,793
2015-10-26 20:20:32,486,767,64,432,450,793,793
2015-10-26 20:20:33,489,768,64,433,450,793,793
2015-10-26 20:20:34,490,769,64,433,450,793,793
2015-10-26 20:20:35,492,770,64,434,450,793,793
2015-10-26 20:20:36,496,771,64,434,451,793,793
2015-10-26 20:20:37,499,772,64,434,451,793,793
2015-10-26 20:20:38,504,773,64,434,451,793,793
2015-10-26 20:20:39,506,774,64,435,451,793,793
2015-10-26 20:20:40,512,775,64,435,451,793,793
2015-10-26 20:20:41,513,777,64,435,452,793,793
2015-10-26 20:20:42,514,778,64,435,452,793,793
2015-10-26 20:20:43,518,779,64,435,452,793,793
2015-10-26 20:20:44,523,780,64,436,452,793,793
2015-10-26 20:20:45,528,781,64,436,452,793,793
2015-10-26 20:20:46,533,782,64,436,453,793,793
2015-10-26 20:20:47,537,783,64,436,452,793,793
2015-10-26 20:20:48,543,784,64,437,452,793,793
2015-10-26 20:20:49,545,785,64,437,452,793,793
2015-10-26 20:20:50,548,786,64,437,452,793,793
2015-10-26 20:20:51,553,787,64,438,452,793,793
2015-10-26 20:20:52,558,788,64,438,452,793,793
2015-10-26 20:20:53,562,789,64,438,452,793,793
2015-10-26 20:20:54,568,790,64,438,452,793,793
2015-10-26 20:20:55,572,791,64,438,452,793,793
2015-10-26 20:20:56,575,792,64,438,453,793,793
2015-10-26 20:20:57,579,793,64,438,453,793,793
2015-10-26 20:20:58,583,794,64,438,452,793,793
2015-10-26 20:20:59,589,795,64,437,452,793,793
2015-10-26 20:21:00,592,796,64,438,452,793,793
2015-10-26 20:21:01,596,797,64,438,452,793,793
2015-10-26 20:21:02,602,798,64,437,451,793,793
2015-10-26 20:21:03,606,799,64,436,451,793,793
2015-10-26 20:21:04,610,800,64,433,450,793,793
2015-10-26 20:21:05,613,801,64,431,449,793,793
2015-10-26 20:21:06,617,802,64,428,448,793,793
2015-10-26 20:21:07,622,803,64,426,446,793,793
2015-10-26 20:21:08,625,804,64,423,445,793,793
2015-10-26 20:21:09,630,805,64,420,443,793,793
2015-10-26 20:21:10,634,806,64,417,441,793,793
2015-10-26 20:21:11,638,807,64,414,440,793,793
2015-10-26 20:21:12,640,808,64,412,439,793,793
2015-10-26 20:21:13,644,809,64,410,438,793,793
2015-10-26 20:21:14,645,810,64,408,437,793,793
2015-10-26 20:21:15,646,811,64,406,436,793,793
2015-10-26 20:21:16,650,812,64,404,435,793,793
2015-10-26 20:21:17,655,813,64,402,435,793,793
2015-10-26 20:21:18,661,814,64,402,434,793,793
2015-10-26 20:21:19,665,815,64,402,435,793,793
2015-10-26 20:21:20,669,816,64,403,436,793,793
2015-10-26 20:21:21,674,817,64,404,437,793,793
2015-10-26 20:21:22,679,818,64,405,438,793,793
2015-10-26 20:21:23,684,819,64,405,439,793,793
2015-10-26 20:21:24,688,820,64,406,439,793,793
2015-10-26 20:21:25,691,821,64,407,440,793,793
2015-10-26 20:21:26,697,822,64,407,441,793,793
2015-10-26 20:21:27,702,823,64,407,442,793,793
2015-10-26 20:21:28,707,824,64,408,442,793,793
2015-10-26 20:21:29,712,825,64,408,443,793,793
2015-10-26 20:21:30,715,826,64,408,443,793,793
2015-10-26 20:21:31,720,827,64,409,444,793,793
2015-10-26 20:21:32,721,828,64,409,444,793,793
2015-10-26 20:21:33,722,829,64,409,444,793,793
2015-10-26 20:21:34,723,830,64,409,444,793,793
2015-10-26 20:21:35,728,831,64,409,444,793,793
2015-10-26 20:21:36,733,832,64,410,444,793,793
2015-10-26 20:21:37,737,833,64,409,443,793,793
2015-10-26 20:21:38,738,834,64,410,443,793,793
2015-10-26 20:21:39,743,835,64,410,443,793,793
2015-10-26 20:21:40,747,836,64,410,442,793,793
2015-10-26 20:21:41,753,837,64,410,442,793,793
2015-10-26 20:21:42,757,838,64,410,442,793,793
2015-10-26 20:21:43,763,839,64,410,442,793,793
2015-10-26 20:21:44,766,840,64,410,441,793,793
2015-10-26 20:21:45,771,841,64,410,441,793,793
2015-10-26 20:21:46,776,842,64,409,441,793,793
2015-10-26 20:21:47,781,843,64,410,441,793,793
2015-10-26 20:21:48,785,844,64,410,440,793,793
2015-10-26 20:21:49,788,845,64,410,440,793,793
2015-10-26 20:21:50,792,846,64,410,440,793,793
2015-10-26 20:21:51,796,847,64,410,440,793,793
2015-10-26 20:21:52,800,848,64,410,439,793,793
2015-10-26 20:21:53,805,849,64,410,439,793,793
2015-10-26 20:21:54,809,850,64,410,439,793,793
2015-10-26 20:21:55,813,851,64,410,439,793,793
2015-10-26 20:21:56,816,852,64,410,438,793,793
2015-10-26 20:21:57,822,853,64,410,438,793,793
2015-10-26 20:21:58,826,854,64,410,438,793,793
2015-10-26 20:21:59,830,855,64,409,438,793,793
2015-10-26 20:22:00,833,856,64,409,437,793,793
2015-10-26 20:22:01,839,857,64,409,437,793,793
2015-10-26 20:22:02,840,858,64,409,437,793,793
2015-10-26 20:22:03,842,859,64,409,437,793,793
2015-10-26 20:22:04,845,860,64,409,436,793,793
2015-10-26 20:22:05,850,861,64,409,436,793,793
2015-10-26 20:22:06,854,862,64,409,436,793,793
2015-10-26 20:22:07,857,863,64,409,436,793,793
