2015-11-23 19:21:42,920,datetime,ms,seconds,ambient_temp,thermocouple_0_temp,thermocouple_1_temp,thermocouple_2_temp,thermocouple_3_temp
2015-11-23 19:21:47,990,5,50,294,360,802,801
2015-11-23 19:21:48,994,6,50,294,356,802,801
2015-11-23 19:21:49,997,7,50,293,353,802,801
2015-11-23 19:21:51,003,8,50,293,351,802,801
2015-11-23 19:21:52,009,9,50,293,348,802,801
2015-11-23 19:21:53,014,10,50,293,346,802,801
2015-11-23 19:21:54,016,11,50,293,344,802,801
2015-11-23 19:21:55,018,12,50,293,342,802,801
2015-11-23 19:21:56,022,13,50,293,341,802,801
2015-11-23 19:21:57,025,14,50,292,339,802,801
2015-11-23 19:21:58,030,15,50,292,337,802,801
2015-11-23 19:21:59,031,16,50,292,335,802,801
2015-11-23 19:22:00,034,17,50,292,334,802,801
2015-11-23 19:22:01,038,18,50,292,332,802,801
2015-11-23 19:22:02,040,19,50,292,331,802,801
2015-11-23 19:22:03,045,20,50,291,330,802,801
2015-11-23 19:22:04,046,21,50,291,329,802,801
2015-11-23 19:22:05,048,22,50,291,327,802,801
2015-11-23 19:22:06,054,23,50,291,326,802,801
2015-11-23 19:22:07,057,24,50,291,325,802,801
2015-11-23 19:22:08,062,25,50,291,325,802,801
2015-11-23 19:22:09,066,26,50,291,324,802,801
2015-11-23 19:22:10,070,27,50,290,323,802,801
2015-11-23 19:22:11,074,28,50,290,322,802,801
2015-11-23 19:22:12,078,29,50,290,321,802,801
2015-11-23 19:22:13,084,30,50,290,320,802,801
2015-11-23 19:22:14,087,31,50,290,320,802,801
2015-11-23 19:22:15,092,32,50,290,319,802,801
2015-11-23 19:22:16,096,33,50,290,319,802,801
2015-11-23 19:22:17,102,34,50,289,318,802,801
2015-11-23 19:22:18,104,35,50,289,317,802,801
2015-11-23 19:22:19,108,36,50,289,317,802,801
2015-11-23 19:22:20,112,37,50,289,316,802,801
2015-11-23 19:22:21,115,38,50,289,316,802,801
2015-11-23 19:22:22,121,39,50,289,315,802,801
2015-11-23 19:22:23,125,40,50,289,315,802,801
2015-11-23 19:22:24,130,41,50,289,315,802,801
2015-11-23 19:22:25,132,42,50,288,314,802,801
2015-11-23 19:22:26,137,43,50,288,314,802,801
2015-11-23 19:22:27,143,44,50,288,314,802,801
2015-11-23 19:22:28,146,45,50,288,313,802,801
2015-11-23 19:22:29,151,46,50,288,313,802,801
2015-11-23 19:22:30,155,47,50,288,313,802,801
2015-11-23 19:22:31,161,48,50,287,312,802,801
2015-11-23 19:22:32,164,49,50,287,312,802,801
2015-11-23 19:22:33,169,50,50,287,312,802,801
2015-11-23 19:22:34,173,51,50,287,312,802,801
2015-11-23 19:22:35,177,52,50,287,311,802,801
2015-11-23 19:22:36,180,53,50,287,311,802,801
2015-11-23 19:22:37,184,54,50,286,311,802,801
2015-11-23 19:22:38,189,55,50,286,311,802,801
2015-11-23 19:22:39,194,56,50,286,310,802,801
2015-11-23 19:22:40,198,57,50,286,310,802,801
2015-11-23 19:22:41,203,58,50,286,310,802,801
2015-11-23 19:22:42,207,59,50,286,310,802,801
2015-11-23 19:22:43,211,60,50,285,310,802,801
2015-11-23 19:22:44,215,61,50,285,310,802,801
2015-11-23 19:22:45,216,62,50,285,309,802,801
2015-11-23 19:22:46,219,63,50,285,309,802,801
2015-11-23 19:22:47,222,64,50,285,309,802,801
2015-11-23 19:22:48,227,65,50,284,310,802,801
2015-11-23 19:22:49,230,66,50,284,311,802,801
2015-11-23 19:22:50,237,67,50,284,312,802,801
2015-11-23 19:22:51,238,68,50,284,313,802,801
2015-11-23 19:22:52,241,69,50,284,314,802,801
2015-11-23 19:22:53,247,70,50,284,316,802,801
2015-11-23 19:22:54,251,71,50,284,317,802,801
2015-11-23 19:22:55,255,72,50,284,318,802,801
2015-11-23 19:22:56,259,73,50,283,319,802,801
2015-11-23 19:22:57,263,74,50,283,320,802,801
2015-11-23 19:22:58,265,75,50,283,321,802,801
2015-11-23 19:22:59,272,76,50,283,322,802,801
2015-11-23 19:23:00,276,77,50,283,323,802,801
2015-11-23 19:23:01,282,78,50,283,324,802,801
2015-11-23 19:23:02,287,79,50,282,324,802,801
2015-11-23 19:23:03,292,80,50,282,325,802,801
2015-11-23 19:23:04,295,81,50,282,326,802,801
2015-11-23 19:23:05,298,82,50,282,327,802,801
2015-11-23 19:23:06,303,83,50,282,327,802,801
2015-11-23 19:23:07,306,84,50,282,328,802,801
2015-11-23 19:23:08,310,85,50,282,329,802,801
2015-11-23 19:23:09,315,86,50,281,329,802,801
2015-11-23 19:23:10,320,87,50,281,330,802,801
2015-11-23 19:23:11,323,88,50,281,331,802,801
2015-11-23 19:23:12,324,89,50,281,332,802,801
2015-11-23 19:23:13,325,90,50,281,332,802,801
2015-11-23 19:23:14,330,91,50,281,333,802,801
2015-11-23 19:23:15,331,92,50,281,334,802,801
2015-11-23 19:23:16,334,93,50,280,334,802,801
2015-11-23 19:23:17,337,94,50,280,335,802,801
2015-11-23 19:23:18,341,95,50,280,336,802,801
2015-11-23 19:23:19,345,96,50,280,336,802,801
2015-11-23 19:23:20,347,97,50,280,337,802,801
2015-11-23 19:23:21,350,98,50,280,337,802,801
2015-11-23 19:23:22,352,99,50,279,338,802,801
2015-11-23 19:23:23,353,100,50,279,339,802,801
2015-11-23 19:23:24,359,101,50,279,339,802,801
2015-11-23 19:23:25,362,102,50,279,340,802,801
2015-11-23 19:23:26,363,103,50,279,340,802,801
2015-11-23 19:23:27,368,104,50,279,341,802,801
2015-11-23 19:23:28,371,105,50,279,341,802,801
2015-11-23 19:23:29,376,106,50,278,342,802,801
2015-11-23 19:23:30,377,107,50,278,342,802,801
2015-11-23 19:23:31,380,108,50,278,343,802,801
2015-11-23 19:23:32,384,109,50,278,343,802,801
2015-11-23 19:23:33,385,110,50,278,344,802,801
2015-11-23 19:23:34,390,111,50,278,344,802,801
2015-11-23 19:23:35,395,112,50,277,345,802,801
2015-11-23 19:23:36,400,113,50,277,345,802,801
2015-11-23 19:23:37,403,114,50,277,346,802,801
2015-11-23 19:23:38,408,115,50,277,346,802,801
2015-11-23 19:23:39,414,116,50,277,347,802,801
2015-11-23 19:23:40,417,117,50,277,347,802,801
2015-11-23 19:23:41,418,118,50,277,348,802,801
2015-11-23 19:23:42,423,119,50,276,348,802,801
2015-11-23 19:23:43,426,120,50,276,348,802,801
2015-11-23 19:23:44,429,121,50,276,349,802,801
2015-11-23 19:23:45,432,122,50,276,349,802,801
2015-11-23 19:23:46,437,123,50,276,350,802,801
2015-11-23 19:23:47,441,124,50,276,350,802,801
2015-11-23 19:23:48,447,125,50,276,351,802,801
2015-11-23 19:23:49,452,126,50,275,351,802,801
2015-11-23 19:23:50,454,127,50,275,351,802,801
2015-11-23 19:23:51,458,128,50,275,352,802,801
2015-11-23 19:23:52,461,129,50,275,352,802,801
2015-11-23 19:23:53,466,130,50,275,352,802,801
2015-11-23 19:23:54,468,131,50,275,353,802,801
2015-11-23 19:23:55,471,132,50,274,353,802,801
2015-11-23 19:23:56,473,133,50,274,353,802,801
2015-11-23 19:23:57,475,134,50,274,354,802,801
2015-11-23 19:23:58,480,135,50,274,354,802,801
2015-11-23 19:23:59,485,136,51,274,354,802,801
2015-11-23 19:24:00,490,137,50,274,355,802,801
2015-11-23 19:24:01,496,138,50,274,355,802,801
2015-11-23 19:24:02,501,139,50,274,355,802,801
2015-11-23 19:24:03,505,140,50,273,356,802,801
2015-11-23 19:24:04,507,141,51,273,356,802,801
2015-11-23 19:24:05,509,142,50,273,357,802,801
2015-11-23 19:24:06,515,143,51,273,357,802,801
2015-11-23 19:24:07,521,144,50,273,357,802,801
2015-11-23 19:24:08,525,145,50,273,358,802,801
2015-11-23 19:24:09,531,146,51,273,358,802,801
2015-11-23 19:24:10,532,147,51,272,359,802,801
2015-11-23 19:24:11,538,148,51,272,359,802,801
2015-11-23 19:24:12,543,149,50,272,359,802,801
2015-11-23 19:24:13,544,150,50,272,359,802,801
2015-11-23 19:24:14,549,151,50,272,360,802,801
2015-11-23 19:24:15,551,152,50,272,360,802,801
2015-11-23 19:24:16,557,153,51,272,360,802,801
2015-11-23 19:24:17,559,154,50,271,361,802,801
2015-11-23 19:24:18,565,155,50,271,361,802,801
2015-11-23 19:24:19,567,156,51,271,362,802,801
2015-11-23 19:24:20,570,157,51,271,362,802,801
2015-11-23 19:24:21,575,158,51,271,362,802,801
2015-11-23 19:24:22,575,159,50,271,363,802,801
2015-11-23 19:24:23,580,160,51,271,363,802,801
2015-11-23 19:24:24,581,161,51,271,363,802,801
2015-11-23 19:24:25,584,162,50,270,363,802,801
2015-11-23 19:24:26,589,163,50,270,364,802,801
2015-11-23 19:24:27,592,164,51,270,364,802,801
2015-11-23 19:24:28,597,165,51,270,364,802,801
2015-11-23 19:24:29,600,166,51,270,365,802,801
2015-11-23 19:24:30,606,167,51,270,365,802,801
2015-11-23 19:24:31,608,168,51,270,365,802,801
2015-11-23 19:24:32,614,169,50,270,366,802,801
2015-11-23 19:24:33,619,170,51,270,366,802,801
2015-11-23 19:24:34,624,171,51,269,366,802,801
2015-11-23 19:24:35,627,172,50,269,367,802,801
2015-11-23 19:24:36,632,173,50,269,367,802,801
2015-11-23 19:24:37,637,174,51,269,367,802,801
2015-11-23 19:24:38,642,175,51,269,368,802,801
2015-11-23 19:24:39,644,176,51,269,368,802,801
2015-11-23 19:24:40,648,177,50,269,368,802,801
2015-11-23 19:24:41,650,178,51,269,369,802,801
2015-11-23 19:24:42,655,179,51,269,369,802,801
2015-11-23 19:24:43,659,180,51,269,369,802,801
2015-11-23 19:24:44,663,181,50,268,370,802,801
2015-11-23 19:24:45,668,182,51,268,370,802,801
2015-11-23 19:24:46,674,183,51,268,371,802,801
2015-11-23 19:24:47,679,184,51,268,371,802,801
2015-11-23 19:24:48,682,185,51,268,371,802,801
2015-11-23 19:24:49,687,186,51,268,372,802,801
2015-11-23 19:24:50,690,187,51,268,372,802,801
2015-11-23 19:24:51,694,188,51,268,372,802,801
2015-11-23 19:24:52,699,189,51,268,373,802,801
2015-11-23 19:24:53,705,190,50,268,373,802,801
2015-11-23 19:24:54,707,191,51,268,373,802,801
2015-11-23 19:24:55,712,192,51,268,374,802,801
2015-11-23 19:24:56,716,193,51,267,374,802,801
2015-11-23 19:24:57,720,194,51,267,374,802,801
2015-11-23 19:24:58,725,195,51,267,374,802,801
2015-11-23 19:24:59,726,196,51,267,375,802,801
2015-11-23 19:25:00,728,197,51,267,375,802,801
2015-11-23 19:25:01,731,198,50,267,375,802,801
2015-11-23 19:25:02,737,199,51,267,375,802,801
2015-11-23 19:25:03,742,200,51,267,376,802,801
2015-11-23 19:25:04,748,201,51,267,376,802,801
2015-11-23 19:25:05,751,202,51,267,376,802,801
2015-11-23 19:25:06,756,203,51,267,377,802,801
2015-11-23 19:25:07,760,204,51,267,377,802,801
2015-11-23 19:25:08,766,205,51,267,377,802,801
2015-11-23 19:25:09,770,206,51,267,378,802,801
2015-11-23 19:25:10,775,207,51,266,378,802,801
2015-11-23 19:25:11,779,208,51,266,378,802,801
2015-11-23 19:25:12,784,209,51,266,378,802,801
2015-11-23 19:25:13,788,210,51,266,379,802,801
2015-11-23 19:25:14,792,211,51,266,379,802,801
2015-11-23 19:25:15,794,212,51,266,379,802,801
2015-11-23 19:25:16,799,213,51,266,380,802,801
2015-11-23 19:25:17,803,214,51,266,380,802,801
2015-11-23 19:25:18,808,215,51,266,380,802,801
2015-11-23 19:25:19,809,216,51,266,380,802,801
2015-11-23 19:25:20,812,217,51,266,381,802,801
2015-11-23 19:25:21,816,218,51,266,381,802,801
2015-11-23 19:25:22,818,219,51,266,381,802,801
2015-11-23 19:25:23,824,220,51,266,382,802,801
2015-11-23 19:25:24,828,221,51,265,382,802,801
2015-11-23 19:25:25,833,222,51,266,382,802,801
2015-11-23 19:25:26,840,223,51,265,382,802,801
2015-11-23 19:25:27,842,224,51,265,383,802,801
2015-11-23 19:25:28,843,225,51,265,383,802,801
2015-11-23 19:25:29,843,226,51,265,383,802,801
2015-11-23 19:25:30,848,227,51,265,383,802,801
2015-11-23 19:25:31,850,228,51,265,384,802,801
2015-11-23 19:25:32,854,229,51,265,384,802,801
2015-11-23 19:25:33,855,230,51,265,384,802,801
2015-11-23 19:25:34,859,231,51,265,384,802,801
2015-11-23 19:25:35,864,232,51,265,385,802,801
2015-11-23 19:25:36,870,233,51,265,385,802,801
2015-11-23 19:25:37,873,234,51,265,385,802,801
2015-11-23 19:25:38,877,235,51,265,386,802,801
2015-11-23 19:25:39,881,236,51,265,386,802,801
2015-11-23 19:25:40,883,237,51,265,386,802,801
2015-11-23 19:25:41,888,238,51,265,386,802,801
2015-11-23 19:25:42,892,239,51,265,386,802,801
2015-11-23 19:25:43,899,240,51,265,386,802,801
2015-11-23 19:25:44,903,241,51,265,387,802,801
2015-11-23 19:25:45,907,242,51,265,387,802,801
2015-11-23 19:25:46,908,243,51,265,387,802,801
2015-11-23 19:25:47,914,244,51,265,388,802,801
2015-11-23 19:25:48,917,245,51,265,388,802,801
2015-11-23 19:25:49,922,247,51,265,388,802,801
2015-11-23 19:25:50,924,248,51,265,388,802,801
2015-11-23 19:25:51,924,249,51,265,388,802,801
2015-11-23 19:25:52,930,250,51,265,389,802,801
2015-11-23 19:25:53,934,251,51,264,389,802,801
2015-11-23 19:25:54,938,252,51,264,389,802,801
2015-11-23 19:25:55,942,253,51,264,390,802,801
2015-11-23 19:25:56,948,254,51,264,390,802,801
2015-11-23 19:25:57,950,255,51,264,390,802,801
2015-11-23 19:25:58,954,256,51,264,390,802,801
2015-11-23 19:25:59,958,257,51,264,391,802,801
2015-11-23 19:26:00,964,258,51,264,391,802,801
2015-11-23 19:26:01,965,259,51,264,391,802,801
2015-11-23 19:26:02,966,260,51,264,392,802,801
2015-11-23 19:26:03,971,261,51,264,392,802,801
2015-11-23 19:26:04,972,262,51,264,392,802,801
2015-11-23 19:26:05,977,263,51,264,393,802,801
2015-11-23 19:26:06,978,264,51,264,393,802,801
2015-11-23 19:26:07,979,265,51,264,393,802,801
2015-11-23 19:26:08,980,266,51,264,393,802,801
2015-11-23 19:26:09,985,267,51,264,394,802,801
2015-11-23 19:26:10,988,268,51,264,394,802,801
2015-11-23 19:26:11,993,269,51,264,394,802,801
2015-11-23 19:26:12,998,270,51,264,395,802,801
2015-11-23 19:26:14,003,271,51,264,395,802,801
2015-11-23 19:26:15,006,272,51,264,396,802,801
2015-11-23 19:26:16,010,273,51,264,396,801,801
2015-11-23 19:26:17,015,274,51,264,396,802,801
2015-11-23 19:26:18,019,275,51,264,396,802,801
2015-11-23 19:26:19,025,276,51,264,396,802,801
2015-11-23 19:26:20,027,277,51,264,397,802,801
2015-11-23 19:26:21,032,278,51,264,397,802,801
2015-11-23 19:26:22,035,279,51,264,397,802,801
2015-11-23 19:26:23,036,280,51,264,397,802,801
2015-11-23 19:26:24,041,281,51,264,398,802,801
2015-11-23 19:26:25,042,282,51,264,398,802,801
2015-11-23 19:26:26,044,283,51,264,398,802,801
2015-11-23 19:26:27,050,284,51,264,398,802,801
2015-11-23 19:26:28,050,285,51,264,399,801,801
2015-11-23 19:26:29,055,286,51,265,399,802,801
2015-11-23 19:26:30,058,287,51,265,399,802,801
2015-11-23 19:26:31,060,288,51,265,400,802,801
2015-11-23 19:26:32,066,289,51,265,400,802,801
2015-11-23 19:26:33,071,290,51,265,400,802,801
2015-11-23 19:26:34,075,291,51,265,400,802,801
2015-11-23 19:26:35,077,292,51,265,401,802,801
2015-11-23 19:26:36,082,293,51,265,401,802,801
2015-11-23 19:26:37,089,294,51,265,401,802,801
2015-11-23 19:26:38,092,295,51,265,401,802,801
2015-11-23 19:26:39,094,296,51,265,402,801,801
2015-11-23 19:26:40,099,297,51,265,402,802,801
2015-11-23 19:26:41,102,298,51,265,402,802,801
2015-11-23 19:26:42,107,299,51,265,402,802,801
2015-11-23 19:26:43,109,300,51,265,402,802,801
2015-11-23 19:26:44,110,301,51,265,403,802,801
2015-11-23 19:26:45,116,302,51,265,403,802,801
2015-11-23 19:26:46,119,303,51,265,403,802,801
2015-11-23 19:26:47,124,304,51,265,403,802,801
2015-11-23 19:26:48,128,305,51,265,404,802,801
2015-11-23 19:26:49,133,306,51,265,404,802,801
2015-11-23 19:26:50,137,307,51,265,404,802,801
2015-11-23 19:26:51,141,308,51,265,404,802,801
2015-11-23 19:26:52,142,309,51,265,404,802,801
2015-11-23 19:26:53,144,310,51,265,404,802,801
2015-11-23 19:26:54,148,311,51,265,405,802,801
2015-11-23 19:26:55,153,312,51,265,405,802,801
2015-11-23 19:26:56,156,313,51,265,405,802,801
2015-11-23 19:26:57,161,314,51,265,405,802,801
2015-11-23 19:26:58,165,315,51,265,406,802,801
2015-11-23 19:26:59,171,316,51,265,406,802,801
2015-11-23 19:27:00,176,317,51,265,406,802,801
2015-11-23 19:27:01,182,318,51,265,407,802,801
2015-11-23 19:27:02,188,319,51,265,407,802,801
2015-11-23 19:27:03,192,320,51,265,407,802,801
2015-11-23 19:27:04,198,321,51,265,407,802,801
2015-11-23 19:27:05,203,322,51,265,408,802,801
2015-11-23 19:27:06,204,323,51,265,408,802,801
2015-11-23 19:27:07,209,324,51,265,408,802,801
2015-11-23 19:27:08,210,325,51,265,408,801,801
2015-11-23 19:27:09,213,326,51,265,409,801,801
2015-11-23 19:27:10,216,327,51,265,409,802,801
2015-11-23 19:27:11,220,328,51,265,409,802,801
2015-11-23 19:27:12,225,329,51,265,410,802,801
2015-11-23 19:27:13,226,330,51,265,410,801,801
2015-11-23 19:27:14,230,331,51,265,410,802,801
2015-11-23 19:27:15,231,332,51,265,410,801,801
2015-11-23 19:27:16,235,333,51,265,410,802,801
2015-11-23 19:27:17,241,334,51,265,411,802,801
2015-11-23 19:27:18,243,335,51,265,411,801,801
2015-11-23 19:27:19,248,336,51,265,411,801,801
2015-11-23 19:27:20,254,337,51,265,411,801,801
2015-11-23 19:27:21,258,338,51,265,412,801,801
2015-11-23 19:27:22,261,339,51,265,412,801,801
2015-11-23 19:27:23,265,340,51,265,412,802,801
2015-11-23 19:27:24,270,341,51,265,412,801,801
2015-11-23 19:27:25,274,342,51,266,413,802,801
2015-11-23 19:27:26,278,343,51,266,413,802,801
2015-11-23 19:27:27,282,344,51,266,413,801,801
2015-11-23 19:27:28,287,345,51,266,413,802,801
2015-11-23 19:27:29,291,346,51,266,414,801,801
2015-11-23 19:27:30,293,347,51,266,414,801,801
2015-11-23 19:27:31,299,348,51,266,414,802,801
2015-11-23 19:27:32,301,349,51,266,414,801,801
2015-11-23 19:27:33,304,350,51,266,414,801,801
2015-11-23 19:27:34,307,351,51,266,414,801,801
2015-11-23 19:27:35,310,352,51,266,414,801,801
2015-11-23 19:27:36,315,353,51,266,415,801,801
2015-11-23 19:27:37,316,354,51,266,415,801,801
2015-11-23 19:27:38,322,355,51,266,415,801,801
2015-11-23 19:27:39,328,356,51,266,415,801,801
2015-11-23 19:27:40,332,357,51,266,415,801,801
2015-11-23 19:27:41,335,358,51,266,415,801,801
2015-11-23 19:27:42,340,359,51,266,415,801,801
2015-11-23 19:27:43,342,360,51,266,415,801,801
2015-11-23 19:27:44,347,361,51,266,416,801,801
2015-11-23 19:27:45,350,362,51,266,416,801,801
2015-11-23 19:27:46,356,363,51,266,416,801,801
2015-11-23 19:27:47,357,364,51,266,416,801,801
2015-11-23 19:27:48,362,365,51,267,416,801,801
2015-11-23 19:27:49,364,366,51,267,416,801,801
2015-11-23 19:27:50,368,367,51,267,417,801,801
2015-11-23 19:27:51,373,368,51,267,417,802,801
2015-11-23 19:27:52,378,369,51,267,417,802,801
2015-11-23 19:27:53,381,370,51,267,417,802,801
2015-11-23 19:27:54,385,371,51,267,418,801,801
2015-11-23 19:27:55,389,372,51,267,418,801,801
2015-11-23 19:27:56,391,373,51,267,418,801,801
2015-11-23 19:27:57,397,374,51,267,418,801,801
2015-11-23 19:27:58,400,375,51,267,418,801,801
2015-11-23 19:27:59,401,376,51,267,419,801,801
2015-11-23 19:28:00,405,377,51,267,419,801,801
2015-11-23 19:28:01,406,378,51,268,419,801,801
2015-11-23 19:28:02,412,379,51,268,419,802,801
2015-11-23 19:28:03,417,380,51,268,420,802,801
2015-11-23 19:28:04,422,381,51,268,420,801,801
2015-11-23 19:28:05,428,382,51,268,420,801,801
2015-11-23 19:28:06,432,383,51,268,420,801,801
2015-11-23 19:28:07,438,384,51,268,421,801,801
2015-11-23 19:28:08,439,385,51,268,421,801,801
2015-11-23 19:28:09,445,386,51,268,421,801,801
2015-11-23 19:28:10,447,387,51,268,421,801,801
2015-11-23 19:28:11,449,388,51,268,421,801,801
2015-11-23 19:28:12,455,389,51,268,422,801,801
2015-11-23 19:28:13,460,390,51,268,422,801,801
2015-11-23 19:28:14,464,391,51,268,422,801,801
2015-11-23 19:28:15,469,392,51,268,422,801,801
2015-11-23 19:28:16,473,393,51,268,423,801,801
2015-11-23 19:28:17,476,394,51,269,423,801,801
2015-11-23 19:28:18,481,395,51,269,423,801,801
2015-11-23 19:28:19,483,396,51,269,423,801,801
2015-11-23 19:28:20,488,397,51,269,423,801,801
2015-11-23 19:28:21,495,398,51,269,423,801,801
2015-11-23 19:28:22,498,399,51,269,424,801,801
2015-11-23 19:28:23,504,400,51,269,424,801,801
2015-11-23 19:28:24,507,401,51,269,424,801,801
2015-11-23 19:28:25,509,402,51,269,424,801,801
2015-11-23 19:28:26,515,403,51,269,424,801,801
2015-11-23 19:28:27,520,404,51,269,425,801,801
2015-11-23 19:28:28,523,405,51,269,425,801,801
2015-11-23 19:28:29,528,406,51,269,425,801,801
2015-11-23 19:28:30,532,407,51,269,425,801,801
2015-11-23 19:28:31,537,408,51,270,425,801,801
2015-11-23 19:28:32,540,409,51,270,425,801,801
2015-11-23 19:28:33,545,410,51,270,426,802,801
2015-11-23 19:28:34,549,411,51,270,426,801,801
2015-11-23 19:28:35,550,412,51,270,426,801,801
2015-11-23 19:28:36,553,413,51,270,426,801,801
2015-11-23 19:28:37,556,414,51,270,426,801,801
2015-11-23 19:28:38,562,415,51,270,427,801,801
2015-11-23 19:28:39,565,416,51,270,427,801,801
2015-11-23 19:28:40,568,417,51,270,427,801,801
2015-11-23 19:28:41,573,418,51,270,427,801,801
2015-11-23 19:28:42,578,419,51,270,428,801,801
2015-11-23 19:28:43,581,420,51,271,428,801,801
2015-11-23 19:28:44,585,421,51,271,428,801,801
2015-11-23 19:28:45,590,422,51,271,428,801,801
2015-11-23 19:28:46,595,423,51,271,428,801,801
2015-11-23 19:28:47,600,424,51,271,429,801,801
2015-11-23 19:28:48,605,425,51,271,429,801,801
2015-11-23 19:28:49,607,426,51,271,429,801,801
2015-11-23 19:28:50,612,427,51,271,429,801,801
2015-11-23 19:28:51,615,428,51,271,430,801,801
2015-11-23 19:28:52,621,429,51,272,430,801,801
2015-11-23 19:28:53,624,430,51,272,430,801,801
2015-11-23 19:28:54,630,431,51,272,430,801,801
2015-11-23 19:28:55,632,432,51,272,430,801,801
2015-11-23 19:28:56,636,433,51,272,431,801,801
2015-11-23 19:28:57,642,434,51,272,431,801,801
2015-11-23 19:28:58,643,435,51,272,431,801,801
2015-11-23 19:28:59,648,436,51,272,431,801,801
2015-11-23 19:29:00,652,437,51,272,431,801,801
2015-11-23 19:29:01,658,438,51,272,432,801,801
2015-11-23 19:29:02,661,439,51,272,432,801,801
2015-11-23 19:29:03,666,440,51,272,432,801,801
2015-11-23 19:29:04,668,441,51,273,432,801,801
2015-11-23 19:29:05,673,442,51,273,433,801,801
2015-11-23 19:29:06,679,443,51,273,433,801,801
2015-11-23 19:29:07,683,444,51,273,433,801,801
2015-11-23 19:29:08,684,445,51,273,433,801,801
2015-11-23 19:29:09,691,446,51,273,433,801,801
2015-11-23 19:29:10,693,447,51,273,434,801,801
2015-11-23 19:29:11,699,448,51,273,434,801,801
2015-11-23 19:29:12,704,449,51,273,434,801,801
2015-11-23 19:29:13,709,450,51,273,434,801,801
2015-11-23 19:29:14,712,451,51,274,435,801,801
2015-11-23 19:29:15,717,452,51,274,435,801,801
2015-11-23 19:29:16,720,453,51,274,435,801,801
2015-11-23 19:29:17,726,454,51,274,435,801,801
2015-11-23 19:29:18,731,455,51,274,435,801,801
2015-11-23 19:29:19,734,456,51,274,435,801,801
2015-11-23 19:29:20,737,457,51,274,436,801,801
2015-11-23 19:29:21,743,458,51,274,436,801,801
2015-11-23 19:29:22,749,459,51,274,436,801,801
2015-11-23 19:29:23,752,460,51,275,436,801,801
2015-11-23 19:29:24,755,461,51,275,436,801,801
2015-11-23 19:29:25,760,462,51,275,437,801,801
2015-11-23 19:29:26,762,463,51,275,437,801,801
2015-11-23 19:29:27,768,464,51,275,437,801,801
2015-11-23 19:29:28,771,465,51,275,437,801,801
2015-11-23 19:29:29,777,466,51,275,437,801,801
2015-11-23 19:29:30,778,467,51,275,437,801,801
2015-11-23 19:29:31,779,468,51,275,437,801,801
2015-11-23 19:29:32,783,469,51,275,437,801,801
2015-11-23 19:29:33,786,470,51,276,437,801,801
2015-11-23 19:29:34,792,471,51,276,437,801,801
2015-11-23 19:29:35,793,472,51,276,437,801,801
2015-11-23 19:29:36,798,473,51,276,438,801,801
2015-11-23 19:29:37,802,474,51,276,438,801,801
2015-11-23 19:29:38,807,475,51,276,438,801,801
2015-11-23 19:29:39,814,476,51,276,438,801,801
2015-11-23 19:29:40,819,477,51,276,438,801,801
2015-11-23 19:29:41,819,478,51,277,438,801,801
2015-11-23 19:29:42,826,479,51,277,438,801,801
2015-11-23 19:29:43,828,480,51,277,438,801,801
2015-11-23 19:29:44,833,481,51,277,438,801,801
2015-11-23 19:29:45,836,482,51,277,438,801,801
2015-11-23 19:29:46,841,483,51,277,438,801,801
2015-11-23 19:29:47,846,484,51,277,438,801,801
2015-11-23 19:29:48,851,485,51,277,439,801,801
2015-11-23 19:29:49,855,486,51,277,439,801,801
2015-11-23 19:29:50,860,487,51,277,439,801,801
2015-11-23 19:29:51,862,488,51,278,439,801,801
2015-11-23 19:29:52,867,489,51,278,439,801,801
2015-11-23 19:29:53,873,490,51,278,439,801,801
2015-11-23 19:29:54,877,491,51,278,439,801,801
2015-11-23 19:29:55,879,492,51,278,439,801,801
2015-11-23 19:29:56,885,493,51,278,439,801,801
2015-11-23 19:29:57,891,494,51,278,439,801,801
2015-11-23 19:29:58,893,495,51,278,439,801,801
2015-11-23 19:29:59,897,496,51,279,440,801,801
2015-11-23 19:30:00,902,497,51,279,440,801,801
2015-11-23 19:30:01,907,498,51,279,440,801,801
2015-11-23 19:30:02,910,499,51,279,440,801,801
2015-11-23 19:30:03,913,500,51,279,440,801,801
2015-11-23 19:30:04,918,501,51,279,440,801,801
2015-11-23 19:30:05,921,503,51,279,440,801,801
2015-11-23 19:30:06,926,504,51,279,440,801,801
2015-11-23 19:30:07,927,505,51,280,440,801,801
2015-11-23 19:30:08,930,506,51,280,440,801,801
2015-11-23 19:30:09,935,507,51,280,441,801,801
2015-11-23 19:30:10,936,508,51,280,441,801,801
2015-11-23 19:30:11,941,509,51,280,441,801,801
2015-11-23 19:30:12,945,510,51,280,441,801,801
2015-11-23 19:30:13,950,511,51,280,441,801,801
2015-11-23 19:30:14,954,512,51,280,441,801,801
2015-11-23 19:30:15,960,513,51,280,441,801,801
2015-11-23 19:30:16,961,514,51,280,441,801,801
2015-11-23 19:30:17,966,515,51,281,441,801,801
2015-11-23 19:30:18,967,516,51,281,442,801,801
2015-11-23 19:30:19,973,517,51,281,442,801,801
2015-11-23 19:30:20,975,518,51,281,442,801,801
2015-11-23 19:30:21,978,519,51,281,442,801,801
2015-11-23 19:30:22,984,520,51,281,442,801,801
2015-11-23 19:30:23,986,521,51,281,443,801,801
2015-11-23 19:30:24,991,522,51,281,443,801,801
2015-11-23 19:30:25,997,523,51,281,443,801,801
2015-11-23 19:30:27,000,524,51,281,443,801,801
2015-11-23 19:30:28,001,525,51,282,444,801,801
2015-11-23 19:30:29,007,526,51,282,444,801,801
2015-11-23 19:30:30,011,527,51,282,444,801,801
2015-11-23 19:30:31,016,528,51,282,444,801,801
2015-11-23 19:30:32,022,529,51,282,444,801,801
2015-11-23 19:30:33,026,530,51,282,444,801,801
2015-11-23 19:30:34,031,531,51,283,444,801,801
2015-11-23 19:30:35,036,532,51,283,444,801,801
2015-11-23 19:30:36,041,533,51,283,444,801,801
2015-11-23 19:30:37,045,534,51,283,445,801,801
2015-11-23 19:30:38,050,535,51,283,445,801,801
2015-11-23 19:30:39,052,536,51,283,445,801,801
2015-11-23 19:30:40,055,537,51,283,446,801,801
2015-11-23 19:30:41,060,538,51,283,446,801,801
2015-11-23 19:30:42,062,539,51,283,446,801,801
2015-11-23 19:30:43,067,540,51,284,446,801,801
2015-11-23 19:30:44,069,541,51,284,447,801,801
2015-11-23 19:30:45,071,542,51,284,447,801,801
2015-11-23 19:30:46,075,543,51,284,447,801,801
2015-11-23 19:30:47,076,544,51,284,448,801,801
2015-11-23 19:30:48,081,545,51,284,448,801,801
2015-11-23 19:30:49,082,546,51,285,448,801,801
2015-11-23 19:30:50,086,547,51,285,448,801,801
2015-11-23 19:30:51,091,548,51,285,448,801,801
2015-11-23 19:30:52,096,549,51,285,449,801,801
2015-11-23 19:30:53,099,550,51,285,449,801,801
2015-11-23 19:30:54,102,551,51,285,449,801,801
2015-11-23 19:30:55,107,552,51,285,449,801,801
2015-11-23 19:30:56,112,553,51,286,450,801,801
2015-11-23 19:30:57,116,554,51,286,450,801,801
2015-11-23 19:30:58,118,555,51,286,450,801,801
2015-11-23 19:30:59,123,556,51,286,450,801,801
2015-11-23 19:31:00,128,557,51,286,451,801,801
2015-11-23 19:31:01,133,558,51,286,451,801,801
2015-11-23 19:31:02,136,559,51,286,451,801,801
2015-11-23 19:31:03,142,560,51,286,452,801,801
2015-11-23 19:31:04,144,561,51,287,452,801,801
2015-11-23 19:31:05,149,562,51,287,452,801,801
2015-11-23 19:31:06,155,563,51,287,452,801,801
2015-11-23 19:31:07,159,564,51,287,452,801,801
2015-11-23 19:31:08,161,565,51,287,452,801,801
2015-11-23 19:31:09,167,566,51,287,451,801,801
2015-11-23 19:31:10,168,567,51,287,451,801,801
2015-11-23 19:31:11,173,568,51,288,450,801,801
2015-11-23 19:31:12,177,569,51,288,450,801,801
2015-11-23 19:31:13,179,570,51,288,450,801,801
2015-11-23 19:31:14,182,571,51,288,449,801,801
2015-11-23 19:31:15,184,572,51,288,449,801,801
2015-11-23 19:31:16,190,573,51,288,448,801,801
2015-11-23 19:31:17,195,574,51,288,448,801,801
2015-11-23 19:31:18,199,575,51,288,448,801,801
2015-11-23 19:31:19,206,576,51,289,447,801,801
2015-11-23 19:31:20,208,577,51,289,447,801,801
2015-11-23 19:31:21,210,578,51,289,447,801,801
2015-11-23 19:31:22,215,579,51,289,446,801,801
2015-11-23 19:31:23,218,580,51,289,446,801,801
2015-11-23 19:31:24,219,581,51,289,445,801,801
2015-11-23 19:31:25,224,582,51,289,445,801,801
2015-11-23 19:31:26,226,583,51,289,445,801,801
2015-11-23 19:31:27,231,584,51,290,445,801,801
2015-11-23 19:31:28,234,585,51,289,444,801,801
2015-11-23 19:31:29,239,586,51,290,444,801,801
2015-11-23 19:31:30,242,587,51,290,444,801,801
2015-11-23 19:31:31,247,588,51,290,444,801,801
2015-11-23 19:31:32,252,589,51,290,443,801,801
2015-11-23 19:31:33,257,590,51,290,443,801,801
2015-11-23 19:31:34,258,591,51,290,443,801,801
2015-11-23 19:31:35,264,592,51,290,442,801,801
2015-11-23 19:31:36,265,593,51,290,442,801,801
2015-11-23 19:31:37,269,594,51,290,442,801,801
2015-11-23 19:31:38,272,595,51,291,441,801,801
2015-11-23 19:31:39,273,596,51,291,441,801,801
2015-11-23 19:31:40,278,597,51,291,441,801,801
2015-11-23 19:31:41,284,598,51,291,441,801,801
2015-11-23 19:31:42,290,599,51,291,440,801,801
2015-11-23 19:31:43,295,600,51,291,440,801,801
2015-11-23 19:31:44,298,601,51,291,440,801,801
2015-11-23 19:31:45,301,602,51,291,439,801,801
2015-11-23 19:31:46,305,603,51,291,439,801,801
2015-11-23 19:31:47,307,604,51,291,438,801,801
2015-11-23 19:31:48,311,605,51,291,437,801,801
2015-11-23 19:31:49,314,606,51,292,437,801,801
2015-11-23 19:31:50,315,607,51,292,436,801,801
2015-11-23 19:31:51,321,608,51,292,435,801,801
2015-11-23 19:31:52,323,609,51,292,434,801,801
2015-11-23 19:31:53,327,610,51,292,434,801,801
2015-11-23 19:31:54,333,611,51,292,433,801,801
2015-11-23 19:31:55,337,612,51,293,432,801,801
2015-11-23 19:31:56,339,613,51,293,432,801,801
2015-11-23 19:31:57,343,614,51,293,431,801,801
2015-11-23 19:31:58,347,615,51,294,430,801,801
2015-11-23 19:31:59,352,616,51,294,430,801,801
2015-11-23 19:32:00,355,617,51,294,429,801,801
2015-11-23 19:32:01,356,618,51,294,429,801,801
2015-11-23 19:32:02,362,619,51,295,428,801,801
2015-11-23 19:32:03,364,620,51,295,428,801,801
2015-11-23 19:32:04,366,621,51,295,427,801,801
2015-11-23 19:32:05,370,622,51,295,427,801,801
2015-11-23 19:32:06,373,623,51,295,427,801,801
2015-11-23 19:32:07,378,624,51,295,426,801,801
2015-11-23 19:32:08,383,625,51,295,426,801,801
2015-11-23 19:32:09,386,626,51,295,426,801,801
2015-11-23 19:32:10,389,627,51,296,425,801,801
2015-11-23 19:32:11,394,628,51,296,425,801,801
2015-11-23 19:32:12,395,629,51,296,425,801,801
2015-11-23 19:32:13,395,630,51,296,424,801,801
2015-11-23 19:32:14,401,631,51,296,424,801,801
2015-11-23 19:32:15,406,632,51,296,424,801,801
2015-11-23 19:32:16,410,633,51,296,424,801,801
2015-11-23 19:32:17,416,634,51,296,423,801,801
2015-11-23 19:32:18,419,635,51,296,423,801,801
2015-11-23 19:32:19,419,636,51,296,423,801,801
2015-11-23 19:32:20,425,637,51,296,423,801,801
2015-11-23 19:32:21,428,638,51,296,422,801,801
2015-11-23 19:32:22,433,639,51,296,422,801,801
2015-11-23 19:32:23,437,640,51,296,422,801,801
2015-11-23 19:32:24,440,641,51,296,422,801,801
2015-11-23 19:32:25,443,642,51,296,422,801,801
2015-11-23 19:32:26,444,643,51,296,422,801,801
2015-11-23 19:32:27,447,644,51,296,421,801,801
2015-11-23 19:32:28,453,645,51,296,421,801,801
2015-11-23 19:32:29,459,646,51,297,421,801,801
2015-11-23 19:32:30,464,647,51,297,421,801,801
2015-11-23 19:32:31,468,648,51,297,421,801,801
2015-11-23 19:32:32,475,649,51,297,421,801,801
2015-11-23 19:32:33,477,650,51,297,421,801,801
2015-11-23 19:32:34,478,651,51,297,420,801,801
2015-11-23 19:32:35,479,652,51,297,420,801,801
2015-11-23 19:32:36,484,653,51,297,420,801,801
2015-11-23 19:32:37,485,654,51,297,420,801,801
2015-11-23 19:32:38,490,655,51,297,420,801,801
2015-11-23 19:32:39,492,656,51,297,420,801,801
2015-11-23 19:32:40,497,657,51,297,420,801,801
2015-11-23 19:32:41,501,658,51,297,420,801,801
2015-11-23 19:32:42,502,659,51,297,420,801,801
2015-11-23 19:32:43,507,660,51,297,420,801,801
2015-11-23 19:32:44,511,661,51,297,419,801,801
2015-11-23 19:32:45,516,662,51,297,419,801,801
2015-11-23 19:32:46,522,663,51,297,419,801,801
2015-11-23 19:32:47,526,664,51,297,419,801,801
2015-11-23 19:32:48,531,665,51,297,419,801,801
2015-11-23 19:32:49,537,666,51,297,419,801,801
2015-11-23 19:32:50,542,667,51,297,419,801,801
2015-11-23 19:32:51,547,668,51,297,419,801,801
2015-11-23 19:32:52,551,669,51,297,419,801,801
2015-11-23 19:32:53,557,670,51,297,419,801,801
2015-11-23 19:32:54,562,671,51,297,419,801,801
2015-11-23 19:32:55,567,672,51,298,419,801,801
2015-11-23 19:32:56,572,673,51,298,418,801,801
2015-11-23 19:32:57,577,674,51,298,418,801,801
2015-11-23 19:32:58,582,675,51,298,419,801,801
2015-11-23 19:32:59,587,676,51,298,419,801,801
2015-11-23 19:33:00,591,677,51,298,419,801,801
2015-11-23 19:33:01,595,678,51,298,419,801,801
2015-11-23 19:33:02,601,679,51,298,419,801,801
2015-11-23 19:33:03,604,680,51,298,419,801,801
2015-11-23 19:33:04,610,681,51,298,419,801,801
2015-11-23 19:33:05,616,682,51,298,419,801,801
2015-11-23 19:33:06,621,683,51,298,419,801,801
2015-11-23 19:33:07,623,684,51,298,419,801,801
2015-11-23 19:33:08,625,685,51,298,418,801,801
2015-11-23 19:33:09,630,686,51,298,418,801,801
2015-11-23 19:33:10,630,687,51,298,418,801,801
2015-11-23 19:33:11,631,688,51,298,418,801,801
2015-11-23 19:33:12,636,689,51,298,418,801,801
2015-11-23 19:33:13,641,690,51,298,418,801,801
2015-11-23 19:33:14,644,691,51,298,418,801,801
2015-11-23 19:33:15,646,692,51,298,418,801,801
2015-11-23 19:33:16,652,693,51,298,418,801,801
2015-11-23 19:33:17,655,694,51,298,418,801,801
2015-11-23 19:33:18,660,695,51,298,418,801,801
2015-11-23 19:33:19,662,696,51,298,418,801,801
2015-11-23 19:33:20,664,697,51,298,418,801,801
2015-11-23 19:33:21,669,698,51,298,418,801,801
2015-11-23 19:33:22,669,699,51,298,418,801,801
2015-11-23 19:33:23,673,700,51,298,418,801,801
2015-11-23 19:33:24,676,701,51,298,418,801,801
2015-11-23 19:33:25,679,702,51,298,418,801,801
2015-11-23 19:33:26,684,703,51,298,418,801,801
2015-11-23 19:33:27,688,704,51,298,418,801,801
2015-11-23 19:33:28,692,705,51,299,419,801,801
2015-11-23 19:33:29,697,706,51,298,419,801,801
2015-11-23 19:33:30,702,707,51,299,419,801,801
2015-11-23 19:33:31,705,708,51,299,419,801,801
2015-11-23 19:33:32,709,709,51,298,419,801,801
2015-11-23 19:33:33,711,710,51,299,419,801,801
2015-11-23 19:33:34,714,711,51,299,419,801,801
2015-11-23 19:33:35,718,712,51,299,419,801,801
2015-11-23 19:33:36,719,713,51,299,419,801,801
2015-11-23 19:33:37,723,714,51,299,419,801,801
2015-11-23 19:33:38,728,715,51,299,419,801,801
2015-11-23 19:33:39,733,716,51,299,419,801,801
2015-11-23 19:33:40,739,717,51,299,419,801,801
2015-11-23 19:33:41,742,718,51,299,419,801,801
2015-11-23 19:33:42,745,719,51,299,419,801,801
2015-11-23 19:33:43,750,720,51,299,419,801,801
2015-11-23 19:33:44,751,721,51,299,419,801,801
2015-11-23 19:33:45,752,722,51,299,420,801,801
2015-11-23 19:33:46,757,723,51,299,420,801,801
2015-11-23 19:33:47,760,724,51,299,420,801,801
2015-11-23 19:33:48,766,725,51,299,420,801,801
2015-11-23 19:33:49,767,726,51,299,420,801,801
2015-11-23 19:33:50,773,727,51,299,420,801,801
2015-11-23 19:33:51,776,728,51,299,420,801,801
2015-11-23 19:33:52,781,729,51,299,420,801,801
2015-11-23 19:33:53,785,730,51,299,420,801,801
2015-11-23 19:33:54,790,731,51,299,420,801,801
2015-11-23 19:33:55,793,732,51,298,420,801,801
2015-11-23 19:33:56,798,733,51,298,419,801,801
2015-11-23 19:33:57,802,734,51,298,419,801,801
2015-11-23 19:33:58,807,735,51,297,419,801,801
2015-11-23 19:33:59,808,736,51,297,419,801,801
2015-11-23 19:34:00,812,737,51,296,419,801,801
2015-11-23 19:34:01,815,738,51,296,419,801,801
2015-11-23 19:34:02,816,739,51,296,419,801,801
2015-11-23 19:34:03,820,740,51,296,419,801,801
2015-11-23 19:34:04,822,741,51,296,419,801,801
2015-11-23 19:34:05,826,742,51,295,419,801,801
2015-11-23 19:34:06,830,743,51,295,419,801,801
2015-11-23 19:34:07,832,744,51,295,419,801,801
2015-11-23 19:34:08,838,745,51,295,419,801,801
2015-11-23 19:34:09,844,746,51,295,419,801,801
2015-11-23 19:34:10,847,747,51,295,419,801,801
2015-11-23 19:34:11,851,748,51,295,419,801,801
2015-11-23 19:34:12,856,749,51,295,419,801,801
2015-11-23 19:34:13,860,750,51,295,419,801,801
2015-11-23 19:34:14,864,751,51,295,419,801,801
2015-11-23 19:34:15,869,752,51,295,420,801,801
2015-11-23 19:34:16,873,753,51,295,420,801,801
2015-11-23 19:34:17,876,754,51,295,420,801,801
2015-11-23 19:34:18,882,755,51,295,420,801,801
2015-11-23 19:34:19,887,756,51,295,420,801,801
2015-11-23 19:34:20,891,757,51,295,420,801,801
2015-11-23 19:34:21,892,758,51,295,420,801,800
2015-11-23 19:34:22,897,759,51,295,421,801,801
2015-11-23 19:34:23,900,760,51,295,421,801,801
2015-11-23 19:34:24,905,761,51,295,421,801,801
2015-11-23 19:34:25,909,762,51,295,421,801,800
2015-11-23 19:34:26,915,763,51,295,421,801,801
2015-11-23 19:34:27,921,765,51,295,421,801,801
2015-11-23 19:34:28,924,766,51,295,421,801,801
2015-11-23 19:34:29,929,767,51,295,421,801,801
2015-11-23 19:34:30,932,768,51,295,421,801,801
2015-11-23 19:34:31,937,769,51,295,421,801,801
2015-11-23 19:34:32,941,770,51,295,421,801,801
2015-11-23 19:34:33,946,771,51,295,421,801,801
2015-11-23 19:34:34,949,772,51,295,420,801,801
2015-11-23 19:34:35,952,773,51,295,420,801,801
2015-11-23 19:34:36,958,774,51,295,420,801,801
2015-11-23 19:34:37,962,775,51,295,420,801,801
2015-11-23 19:34:38,966,776,51,295,420,801,801
2015-11-23 19:34:39,972,777,51,295,420,801,801
2015-11-23 19:34:40,974,778,51,295,420,801,801
2015-11-23 19:34:41,980,779,51,295,420,801,801
2015-11-23 19:34:42,983,780,51,295,420,801,801
2015-11-23 19:34:43,988,781,51,295,420,801,801
2015-11-23 19:34:44,991,782,51,295,420,801,801
2015-11-23 19:34:45,995,783,51,295,419,801,801
2015-11-23 19:34:47,000,784,51,294,419,801,801
2015-11-23 19:34:48,003,785,51,295,419,801,801
2015-11-23 19:34:49,008,786,51,294,419,801,801
2015-11-23 19:34:50,011,787,51,294,419,801,801
2015-11-23 19:34:51,017,788,51,294,419,801,801
2015-11-23 19:34:52,022,789,51,294,418,801,801
2015-11-23 19:34:53,027,790,51,294,418,801,801
2015-11-23 19:34:54,031,791,51,294,418,801,801
2015-11-23 19:34:55,034,792,51,294,418,801,801
2015-11-23 19:34:56,039,793,51,294,418,801,801
2015-11-23 19:34:57,042,794,51,294,418,801,801
2015-11-23 19:34:58,043,795,51,294,417,801,801
2015-11-23 19:34:59,050,796,51,294,417,801,801
2015-11-23 19:35:00,055,797,51,294,417,801,801
2015-11-23 19:35:01,059,798,51,294,417,801,801
2015-11-23 19:35:02,061,799,51,294,417,801,801
2015-11-23 19:35:03,066,800,51,294,417,801,801
2015-11-23 19:35:04,072,801,51,294,417,801,801
2015-11-23 19:35:05,076,802,51,294,417,801,801
2015-11-23 19:35:06,077,803,51,294,417,801,801
2015-11-23 19:35:07,083,804,51,294,416,801,801
2015-11-23 19:35:08,089,805,51,294,416,801,801
2015-11-23 19:35:09,093,806,51,294,416,801,801
2015-11-23 19:35:10,098,807,51,294,416,801,801
2015-11-23 19:35:11,102,808,51,294,416,801,801
2015-11-23 19:35:12,106,809,51,294,415,801,801
2015-11-23 19:35:13,110,810,51,294,415,801,801
2015-11-23 19:35:14,113,811,51,294,415,801,800
2015-11-23 19:35:15,119,812,51,294,415,801,801
2015-11-23 19:35:16,122,813,51,294,415,801,801
2015-11-23 19:35:17,128,814,51,294,415,801,801
2015-11-23 19:35:18,131,815,51,294,414,801,801
2015-11-23 19:35:19,136,816,51,294,414,801,801
2015-11-23 19:35:20,137,817,51,294,414,801,801
2015-11-23 19:35:21,143,818,51,294,414,801,801
2015-11-23 19:35:22,149,819,51,294,414,801,801
2015-11-23 19:35:23,153,820,51,294,413,801,801
2015-11-23 19:35:24,155,821,51,294,413,801,801
2015-11-23 19:35:25,160,822,51,294,413,801,801
2015-11-23 19:35:26,164,823,51,294,413,801,801
2015-11-23 19:35:27,170,824,51,294,413,801,801
2015-11-23 19:35:28,171,825,51,294,413,801,801
2015-11-23 19:35:29,171,826,51,294,413,801,801
2015-11-23 19:35:30,176,827,51,294,412,801,801
2015-11-23 19:35:31,179,828,51,294,412,801,801
2015-11-23 19:35:32,184,829,51,294,412,801,801
2015-11-23 19:35:33,189,830,51,294,412,801,801
2015-11-23 19:35:34,193,831,51,294,411,801,801
2015-11-23 19:35:35,198,832,51,294,411,801,801
2015-11-23 19:35:36,202,833,51,294,411,801,801
2015-11-23 19:35:37,206,834,51,294,411,801,801
2015-11-23 19:35:38,211,835,51,294,411,801,801
2015-11-23 19:35:39,214,836,51,294,411,801,801
2015-11-23 19:35:40,219,837,51,294,410,801,801
2015-11-23 19:35:41,223,838,51,294,410,801,801
2015-11-23 19:35:42,227,839,51,294,410,801,801
2015-11-23 19:35:43,228,840,51,294,410,801,801
2015-11-23 19:35:44,234,841,51,294,410,801,801
2015-11-23 19:35:45,239,842,51,294,410,801,801
2015-11-23 19:35:46,245,843,51,294,409,801,801
2015-11-23 19:35:47,247,844,51,294,409,801,801
2015-11-23 19:35:48,252,845,51,294,409,801,801
2015-11-23 19:35:49,255,846,51,294,409,801,801
2015-11-23 19:35:50,260,847,51,294,409,801,801
2015-11-23 19:35:51,263,848,51,294,409,801,801
2015-11-23 19:35:52,269,849,51,294,409,801,801
2015-11-23 19:35:53,272,850,51,294,409,801,801
2015-11-23 19:35:54,277,851,51,294,408,801,801
2015-11-23 19:35:55,278,852,51,294,408,801,801
2015-11-23 19:35:56,284,853,51,294,408,801,801
2015-11-23 19:35:57,288,854,51,294,408,801,801
2015-11-23 19:35:58,294,855,51,294,408,801,801
2015-11-23 19:35:59,297,856,51,294,408,801,801
2015-11-23 19:36:00,303,857,51,294,408,801,801
2015-11-23 19:36:01,304,858,51,294,407,801,801
2015-11-23 19:36:02,308,859,51,294,407,801,801
2015-11-23 19:36:03,311,860,51,294,407,801,801
2015-11-23 19:36:04,312,861,51,294,407,801,801
2015-11-23 19:36:05,318,862,51,294,407,801,801
2015-11-23 19:36:06,323,863,51,294,407,801,801
2015-11-23 19:36:07,327,864,51,294,407,801,801
2015-11-23 19:36:08,330,865,51,294,406,801,801
2015-11-23 19:36:09,335,866,51,294,406,801,801
2015-11-23 19:36:10,340,867,51,294,406,801,801
2015-11-23 19:36:11,345,868,51,294,406,801,801
2015-11-23 19:36:12,351,869,51,294,406,801,801
2015-11-23 19:36:13,353,870,51,294,405,801,801
2015-11-23 19:36:14,358,871,51,294,405,801,801
2015-11-23 19:36:15,363,872,51,294,405,801,801
2015-11-23 19:36:16,368,873,51,294,405,801,801
2015-11-23 19:36:17,373,874,51,294,405,801,801
2015-11-23 19:36:18,377,875,51,294,405,801,801
2015-11-23 19:36:19,378,876,51,294,405,801,801
2015-11-23 19:36:20,381,877,51,294,405,801,801
2015-11-23 19:36:21,386,878,51,293,405,801,801
2015-11-23 19:36:22,389,879,51,293,405,801,801
2015-11-23 19:36:23,394,880,51,293,404,801,801
2015-11-23 19:36:24,396,881,51,293,404,801,801
2015-11-23 19:36:25,402,882,51,293,404,801,801
2015-11-23 19:36:26,405,883,51,293,404,801,801
2015-11-23 19:36:27,410,884,51,293,404,801,801
2015-11-23 19:36:28,416,885,51,293,404,801,801
2015-11-23 19:36:29,421,886,51,293,404,801,801
2015-11-23 19:36:30,426,887,51,293,404,801,801
2015-11-23 19:36:31,430,888,51,293,404,801,801
2015-11-23 19:36:32,434,889,51,293,404,801,801
2015-11-23 19:36:33,438,890,51,293,403,801,801
2015-11-23 19:36:34,441,891,51,293,403,801,801
2015-11-23 19:36:35,446,892,51,293,403,801,801
2015-11-23 19:36:36,450,893,51,293,403,801,801
2015-11-23 19:36:37,455,894,51,293,403,801,801
2015-11-23 19:36:38,459,895,51,293,403,801,801
2015-11-23 19:36:39,463,896,51,293,403,801,801
2015-11-23 19:36:40,469,897,51,293,403,801,801
2015-11-23 19:36:41,473,898,51,293,403,801,801
2015-11-23 19:36:42,479,899,51,293,403,801,801
2015-11-23 19:36:43,485,900,51,293,402,801,801
2015-11-23 19:36:44,490,901,51,293,402,801,801
2015-11-23 19:36:45,494,902,51,293,402,801,801
2015-11-23 19:36:46,499,903,51,293,402,801,801
2015-11-23 19:36:47,501,904,51,293,402,801,801
2015-11-23 19:36:48,506,905,51,293,402,801,801
2015-11-23 19:36:49,511,906,51,292,402,801,801
2015-11-23 19:36:50,516,907,51,292,402,801,801
2015-11-23 19:36:51,521,908,51,292,401,801,801
2015-11-23 19:36:52,526,909,51,292,401,801,801
2015-11-23 19:36:53,527,910,51,292,401,801,801
2015-11-23 19:36:54,533,911,51,292,401,801,801
2015-11-23 19:36:55,539,912,51,292,401,801,801
2015-11-23 19:36:56,543,913,51,292,401,801,801
2015-11-23 19:36:57,544,914,51,292,401,801,801
2015-11-23 19:36:58,550,915,51,292,400,801,801
2015-11-23 19:36:59,553,916,51,292,400,801,801
2015-11-23 19:37:00,558,917,51,292,400,801,801
2015-11-23 19:37:01,560,918,51,292,400,801,801
2015-11-23 19:37:02,566,919,51,292,400,801,801
2015-11-23 19:37:03,571,920,51,292,400,801,801
2015-11-23 19:37:04,575,921,51,292,400,801,801
2015-11-23 19:37:05,580,922,51,292,400,801,801
2015-11-23 19:37:06,584,923,51,292,399,801,801
2015-11-23 19:37:07,588,924,51,292,399,801,801
2015-11-23 19:37:08,592,925,51,292,399,801,801
2015-11-23 19:37:09,594,926,51,292,399,801,801
2015-11-23 19:37:10,600,927,51,292,399,801,801
2015-11-23 19:37:11,602,928,51,292,399,801,801
2015-11-23 19:37:12,605,929,51,292,399,801,801
2015-11-23 19:37:13,607,930,51,292,398,801,801
2015-11-23 19:37:14,613,931,51,292,398,801,801
2015-11-23 19:37:15,616,932,51,292,398,801,801
2015-11-23 19:37:16,621,933,51,292,398,801,801
2015-11-23 19:37:17,624,934,51,292,398,801,801
2015-11-23 19:37:18,627,935,51,291,398,801,801
2015-11-23 19:37:19,632,936,51,291,398,801,801
2015-11-23 19:37:20,635,937,51,291,398,801,801
2015-11-23 19:37:21,640,938,51,291,398,801,801
2015-11-23 19:37:22,644,939,51,291,398,801,801
2015-11-23 19:37:23,650,940,51,291,397,801,801
2015-11-23 19:37:24,652,941,51,291,397,801,801
2015-11-23 19:37:25,657,942,51,291,397,801,801
2015-11-23 19:37:26,663,943,51,291,397,801,801
2015-11-23 19:37:27,667,944,51,291,397,801,801
2015-11-23 19:37:28,673,945,51,291,397,801,801
2015-11-23 19:37:29,678,946,51,291,397,801,801
2015-11-23 19:37:30,684,947,51,291,397,801,801
2015-11-23 19:37:31,687,948,51,291,397,801,801
2015-11-23 19:37:32,692,949,51,291,397,801,801
2015-11-23 19:37:33,694,950,51,291,397,801,801
2015-11-23 19:37:34,698,951,51,291,397,801,801
2015-11-23 19:37:35,701,952,51,291,397,801,801
2015-11-23 19:37:36,705,953,51,291,396,801,801
2015-11-23 19:37:37,710,954,51,290,396,801,801
2015-11-23 19:37:38,715,955,51,290,396,801,801
2015-11-23 19:37:39,718,956,51,290,396,801,801
2015-11-23 19:37:40,722,957,51,290,396,801,801
2015-11-23 19:37:41,726,958,51,290,396,801,801
2015-11-23 19:37:42,728,959,51,290,396,801,801
2015-11-23 19:37:43,733,960,51,290,396,801,801
2015-11-23 19:37:44,739,961,51,290,395,801,801
2015-11-23 19:37:45,744,962,51,290,395,801,801
2015-11-23 19:37:46,749,963,51,290,395,801,801
2015-11-23 19:37:47,752,964,51,290,395,801,801
2015-11-23 19:37:48,756,965,51,290,395,801,801
2015-11-23 19:37:49,760,966,51,290,395,801,801
2015-11-23 19:37:50,765,967,51,290,395,801,801
2015-11-23 19:37:51,768,968,51,290,395,801,801
2015-11-23 19:37:52,772,969,51,290,394,801,801
2015-11-23 19:37:53,777,970,51,289,394,801,801
2015-11-23 19:37:54,782,971,51,289,394,801,801
2015-11-23 19:37:55,786,972,51,289,394,801,801
2015-11-23 19:37:56,791,973,51,289,394,801,801
2015-11-23 19:37:57,794,974,51,289,394,801,801
2015-11-23 19:37:58,800,975,51,289,394,801,801
2015-11-23 19:37:59,803,976,51,289,394,801,801
2015-11-23 19:38:00,804,977,51,289,394,801,801
2015-11-23 19:38:01,806,978,51,289,394,801,801
2015-11-23 19:38:02,811,979,51,289,394,801,801
2015-11-23 19:38:03,815,980,51,289,393,801,801
2015-11-23 19:38:04,818,981,51,289,393,801,801
2015-11-23 19:38:05,819,982,51,289,393,801,801
2015-11-23 19:38:06,825,983,51,289,393,801,801
2015-11-23 19:38:07,829,984,51,289,393,801,801
2015-11-23 19:38:08,835,985,51,289,393,801,801
2015-11-23 19:38:09,839,986,51,289,393,801,801
2015-11-23 19:38:10,843,987,51,289,393,801,801
2015-11-23 19:38:11,849,988,51,289,393,801,801
2015-11-23 19:38:12,852,989,51,289,392,801,801
2015-11-23 19:38:13,856,990,51,289,392,801,801
2015-11-23 19:38:14,862,991,51,289,392,801,801
2015-11-23 19:38:15,866,992,51,289,392,801,801
2015-11-23 19:38:16,869,993,51,288,392,801,801
2015-11-23 19:38:17,871,994,51,288,392,801,801
2015-11-23 19:38:18,876,995,51,288,391,801,801
2015-11-23 19:38:19,876,996,51,288,391,801,801
2015-11-23 19:38:20,883,997,51,288,391,801,801
2015-11-23 19:38:21,886,998,51,288,391,801,801
2015-11-23 19:38:22,886,999,51,288,391,801,801
2015-11-23 19:38:23,891,1000,51,288,391,801,801
2015-11-23 19:38:24,893,1001,51,288,391,801,801
2015-11-23 19:38:25,894,1002,51,288,391,801,801
2015-11-23 19:38:26,899,1003,51,288,391,801,801
2015-11-23 19:38:27,900,1004,51,288,390,801,801
2015-11-23 19:38:28,903,1005,51,288,390,801,801
2015-11-23 19:38:29,907,1006,51,288,390,801,801
2015-11-23 19:38:30,913,1007,51,288,390,801,801
2015-11-23 19:38:31,915,1008,51,288,390,801,800
2015-11-23 19:38:32,919,1009,51,288,390,801,801
2015-11-23 19:38:33,923,1011,51,288,390,801,801
2015-11-23 19:38:34,925,1012,51,288,390,801,800
2015-11-23 19:38:35,929,1013,51,288,390,801,801
2015-11-23 19:38:36,933,1014,51,288,391,801,801
2015-11-23 19:38:37,939,1015,51,288,393,801,801
2015-11-23 19:38:38,941,1016,51,288,395,801,800
2015-11-23 19:38:39,942,1017,51,288,397,801,801
2015-11-23 19:38:40,947,1018,51,288,398,801,801
2015-11-23 19:38:41,953,1019,51,288,398,801,800
2015-11-23 19:38:42,958,1020,51,288,398,801,801
2015-11-23 19:38:43,959,1021,51,288,399,801,801
2015-11-23 19:38:44,964,1022,51,288,399,801,801
2015-11-23 19:38:45,968,1023,51,288,399,801,801
2015-11-23 19:38:46,973,1024,51,288,399,801,801
2015-11-23 19:38:47,974,1025,51,288,399,801,801
2015-11-23 19:38:48,978,1026,51,288,399,801,801
2015-11-23 19:38:49,980,1027,51,288,399,801,800
2015-11-23 19:38:50,984,1028,51,288,400,801,801
2015-11-23 19:38:51,989,1029,51,288,400,801,801
2015-11-23 19:38:52,989,1030,51,288,400,801,801
2015-11-23 19:38:53,994,1031,51,288,400,801,801
2015-11-23 19:38:54,995,1032,51,288,400,801,801
2015-11-23 19:38:56,000,1033,51,288,400,801,800
2015-11-23 19:38:57,003,1034,51,288,400,801,800
2015-11-23 19:38:58,004,1035,51,288,401,801,801
2015-11-23 19:38:59,010,1036,51,287,401,801,801
2015-11-23 19:39:00,011,1037,51,287,401,801,801
2015-11-23 19:39:01,016,1038,51,287,401,801,801
2015-11-23 19:39:02,019,1039,51,287,401,801,800
2015-11-23 19:39:03,023,1040,51,287,401,801,801
2015-11-23 19:39:04,027,1041,51,287,401,801,800
2015-11-23 19:39:05,029,1042,51,287,401,801,800
2015-11-23 19:39:06,034,1043,51,287,401,801,801
2015-11-23 19:39:07,037,1044,51,287,401,801,800
2015-11-23 19:39:08,043,1045,51,287,401,801,801
2015-11-23 19:39:09,049,1046,51,287,401,801,801
2015-11-23 19:39:10,053,1047,51,287,401,801,800
2015-11-23 19:39:11,057,1048,51,287,401,801,800
2015-11-23 19:39:12,062,1049,51,287,401,801,801
2015-11-23 19:39:13,068,1050,51,287,401,801,800
2015-11-23 19:39:14,072,1051,51,287,402,801,801
2015-11-23 19:39:15,076,1052,51,287,402,801,801
2015-11-23 19:39:16,078,1053,51,287,402,801,800
2015-11-23 19:39:17,084,1054,51,287,402,801,800
2015-11-23 19:39:18,087,1055,51,287,402,801,801
2015-11-23 19:39:19,093,1056,51,287,402,801,800
2015-11-23 19:39:20,095,1057,51,287,402,801,801
2015-11-23 19:39:21,101,1058,51,287,402,801,801
2015-11-23 19:39:22,106,1059,51,287,402,801,801
2015-11-23 19:39:23,111,1060,51,287,402,801,800
2015-11-23 19:39:24,116,1061,51,286,402,801,800
2015-11-23 19:39:25,121,1062,51,287,402,801,801
2015-11-23 19:39:26,122,1063,51,286,402,801,800
2015-11-23 19:39:27,127,1064,51,286,402,801,800
2015-11-23 19:39:28,129,1065,51,286,402,801,800
2015-11-23 19:39:29,133,1066,51,286,403,801,801
2015-11-23 19:39:30,138,1067,51,286,402,801,800
2015-11-23 19:39:31,138,1068,51,286,403,801,801
2015-11-23 19:39:32,142,1069,51,286,403,801,800
2015-11-23 19:39:33,145,1070,51,286,403,801,800
2015-11-23 19:39:34,147,1071,52,286,403,801,801
2015-11-23 19:39:35,153,1072,51,286,403,801,800
2015-11-23 19:39:36,158,1073,51,286,403,801,801
2015-11-23 19:39:37,161,1074,51,286,403,801,800
2015-11-23 19:39:38,165,1075,51,286,403,801,800
2015-11-23 19:39:39,171,1076,51,286,403,801,801
2015-11-23 19:39:40,173,1077,51,286,403,801,801
2015-11-23 19:39:41,179,1078,51,286,403,801,801
2015-11-23 19:39:42,184,1079,51,286,403,801,800
2015-11-23 19:39:43,189,1080,51,286,403,801,801
2015-11-23 19:39:44,191,1081,51,286,403,801,800
2015-11-23 19:39:45,195,1082,51,286,403,801,800
2015-11-23 19:39:46,197,1083,51,286,403,801,801
2015-11-23 19:39:47,201,1084,52,286,403,801,801
2015-11-23 19:39:48,205,1085,51,285,403,801,800
2015-11-23 19:39:49,207,1086,51,285,403,801,800
2015-11-23 19:39:50,211,1087,51,285,403,801,800
2015-11-23 19:39:51,212,1088,51,285,403,801,800
2015-11-23 19:39:52,213,1089,52,286,403,801,801
2015-11-23 19:39:53,218,1090,51,285,403,801,800
2015-11-23 19:39:54,221,1091,51,285,403,801,800
2015-11-23 19:39:55,226,1092,51,285,403,801,800
2015-11-23 19:39:56,231,1093,51,285,403,801,800
2015-11-23 19:39:57,234,1094,52,285,403,801,801
2015-11-23 19:39:58,236,1095,51,285,403,801,800
2015-11-23 19:39:59,242,1096,51,285,403,801,800
2015-11-23 19:40:00,243,1097,52,285,403,801,801
2015-11-23 19:40:01,244,1098,51,285,403,801,800
2015-11-23 19:40:02,249,1099,52,285,403,801,800
2015-11-23 19:40:03,252,1100,51,285,403,801,800
2015-11-23 19:40:04,257,1101,51,285,403,801,800
2015-11-23 19:40:05,261,1102,51,285,403,801,800
2015-11-23 19:40:06,266,1103,52,285,403,801,800
2015-11-23 19:40:07,268,1104,51,285,403,801,800
2015-11-23 19:40:08,272,1105,51,285,403,801,800
2015-11-23 19:40:09,274,1106,51,285,403,801,800
2015-11-23 19:40:10,279,1107,52,285,404,801,800
2015-11-23 19:40:11,283,1108,51,285,403,801,800
2015-11-23 19:40:12,288,1109,51,285,404,801,800
2015-11-23 19:40:13,291,1110,52,285,404,801,800
2015-11-23 19:40:14,297,1111,52,285,404,801,800
2015-11-23 19:40:15,299,1112,51,285,404,801,800
2015-11-23 19:40:16,305,1113,51,285,404,801,800
2015-11-23 19:40:17,310,1114,52,285,404,801,800
2015-11-23 19:40:18,312,1115,52,285,404,801,800
2015-11-23 19:40:19,316,1116,52,285,404,801,800
2015-11-23 19:40:20,322,1117,52,285,404,801,800
2015-11-23 19:40:21,325,1118,52,285,404,801,800
2015-11-23 19:40:22,328,1119,51,285,404,801,800
2015-11-23 19:40:23,333,1120,52,285,404,801,800
2015-11-23 19:40:24,334,1121,52,285,404,801,800
2015-11-23 19:40:25,338,1122,52,285,404,801,800
2015-11-23 19:40:26,340,1123,52,285,404,801,800
2015-11-23 19:40:27,342,1124,52,285,404,801,800
2015-11-23 19:40:28,347,1125,52,285,404,801,800
2015-11-23 19:40:29,352,1126,52,285,404,801,800
2015-11-23 19:40:30,357,1127,52,285,404,801,800
2015-11-23 19:40:31,361,1128,52,285,404,801,800
2015-11-23 19:40:32,365,1129,52,285,404,801,800
2015-11-23 19:40:33,372,1130,51,284,404,801,800
2015-11-23 19:40:34,374,1131,51,284,404,801,800
2015-11-23 19:40:35,380,1132,52,284,404,801,800
2015-11-23 19:40:36,383,1133,52,284,404,801,800
2015-11-23 19:40:37,387,1134,52,284,404,801,800
2015-11-23 19:40:38,391,1135,52,284,404,801,800
2015-11-23 19:40:39,393,1136,52,284,404,801,800
2015-11-23 19:40:40,398,1137,52,284,404,801,800
2015-11-23 19:40:41,399,1138,52,284,404,801,800
2015-11-23 19:40:42,402,1139,52,284,404,801,800
2015-11-23 19:40:43,406,1140,52,284,404,801,800
2015-11-23 19:40:44,408,1141,52,284,404,801,800
2015-11-23 19:40:45,413,1142,52,284,404,801,800
2015-11-23 19:40:46,416,1143,52,284,404,801,800
2015-11-23 19:40:47,421,1144,52,284,404,801,800
2015-11-23 19:40:48,422,1145,52,284,404,801,800
2015-11-23 19:40:49,423,1146,52,284,404,801,800
2015-11-23 19:40:50,427,1147,52,284,404,801,800
2015-11-23 19:40:51,431,1148,52,284,404,801,800
2015-11-23 19:40:52,433,1149,52,284,404,801,800
2015-11-23 19:40:53,437,1150,52,284,404,801,800
2015-11-23 19:40:54,439,1151,52,284,404,801,800
2015-11-23 19:40:55,445,1152,52,284,404,801,800
2015-11-23 19:40:56,447,1153,52,284,404,801,800
2015-11-23 19:40:57,453,1154,52,284,404,801,800
2015-11-23 19:40:58,458,1155,52,284,404,801,800
2015-11-23 19:40:59,462,1156,52,284,404,801,800
2015-11-23 19:41:00,464,1157,52,284,404,801,800
2015-11-23 19:41:01,466,1158,52,284,404,801,800
2015-11-23 19:41:02,470,1159,52,284,404,801,800
2015-11-23 19:41:03,474,1160,52,284,404,801,800
2015-11-23 19:41:04,479,1161,52,284,404,801,800
2015-11-23 19:41:05,482,1162,52,283,404,801,800
2015-11-23 19:41:06,486,1163,52,284,404,801,800
2015-11-23 19:41:07,488,1164,52,284,404,801,800
2015-11-23 19:41:08,493,1165,52,283,405,801,800
2015-11-23 19:41:09,496,1166,52,284,405,801,800
2015-11-23 19:41:10,498,1167,52,283,404,801,800
2015-11-23 19:41:11,504,1168,52,283,405,801,800
2015-11-23 19:41:12,509,1169,52,283,404,801,800
2015-11-23 19:41:13,512,1170,52,283,405,801,800
2015-11-23 19:41:14,517,1171,52,283,405,801,800
2015-11-23 19:41:15,520,1172,52,283,405,801,800
2015-11-23 19:41:16,522,1173,52,283,405,801,800
2015-11-23 19:41:17,527,1174,52,283,405,801,800
2015-11-23 19:41:18,530,1175,52,283,405,801,800
2015-11-23 19:41:19,535,1176,52,283,405,801,800
2015-11-23 19:41:20,538,1177,52,283,405,801,800
2015-11-23 19:41:21,544,1178,52,283,405,801,800
2015-11-23 19:41:22,550,1179,52,283,405,801,800
