2015-11-24 22:17:18,746,datetime,ms,seconds,ambient_temp,thermocouple_0_temp,thermocouple_1_temp,thermocouple_2_temp,thermocouple_3_temp
2015-11-24 22:17:23,803,5,58,285,379,797,797
2015-11-24 22:17:24,807,6,58,285,374,797,797
2015-11-24 22:17:25,811,7,58,285,370,797,797
2015-11-24 22:17:26,816,8,58,285,367,797,797
2015-11-24 22:17:27,819,9,58,285,365,797,797
2015-11-24 22:17:28,824,10,58,285,363,797,797
2015-11-24 22:17:29,829,11,58,285,362,797,797
2015-11-24 22:17:30,832,12,58,285,360,797,797
2015-11-24 22:17:31,837,13,58,285,358,797,797
2015-11-24 22:17:32,841,14,58,285,357,797,797
2015-11-24 22:17:33,847,15,58,285,355,797,797
2015-11-24 22:17:34,851,16,58,285,354,797,797
2015-11-24 22:17:35,854,17,58,285,352,797,797
2015-11-24 22:17:36,858,18,58,285,351,797,797
2015-11-24 22:17:37,863,19,58,285,350,797,797
2015-11-24 22:17:38,866,20,58,285,348,797,797
2015-11-24 22:17:39,868,21,58,285,347,797,797
2015-11-24 22:17:40,870,22,58,284,346,797,797
2015-11-24 22:17:41,874,23,58,284,345,797,797
2015-11-24 22:17:42,879,24,58,284,344,797,797
2015-11-24 22:17:43,883,25,58,284,343,797,797
2015-11-24 22:17:44,888,26,58,284,342,797,797
2015-11-24 22:17:45,890,27,58,284,341,797,797
2015-11-24 22:17:46,894,28,58,284,341,797,797
2015-11-24 22:17:47,899,29,58,284,340,797,797
2015-11-24 22:17:48,905,30,58,284,339,797,797
2015-11-24 22:17:49,910,31,58,284,339,797,797
2015-11-24 22:17:50,915,32,58,284,338,797,797
2015-11-24 22:17:51,919,33,58,284,338,797,797
2015-11-24 22:17:52,920,34,58,284,337,797,797
2015-11-24 22:17:53,925,35,58,284,337,797,797
2015-11-24 22:17:54,927,36,58,284,336,797,797
2015-11-24 22:17:55,932,37,58,283,336,797,797
2015-11-24 22:17:56,936,38,58,283,335,797,797
2015-11-24 22:17:57,941,39,58,283,335,797,797
2015-11-24 22:17:58,946,40,58,283,335,797,797
2015-11-24 22:17:59,950,41,58,283,334,797,797
2015-11-24 22:18:00,954,42,58,283,334,797,797
2015-11-24 22:18:01,958,43,58,283,334,797,797
2015-11-24 22:18:02,959,44,58,283,333,797,797
2015-11-24 22:18:03,963,45,58,283,333,797,797
2015-11-24 22:18:04,966,46,58,283,333,797,797
2015-11-24 22:18:05,970,47,58,283,333,797,797
2015-11-24 22:18:06,974,48,58,283,332,797,797
2015-11-24 22:18:07,979,49,58,282,332,797,797
2015-11-24 22:18:08,982,50,58,282,332,797,797
2015-11-24 22:18:09,986,51,58,282,332,797,797
2015-11-24 22:18:10,991,52,58,282,332,797,797
2015-11-24 22:18:11,993,53,58,282,332,797,797
2015-11-24 22:18:12,998,54,58,282,332,797,797
2015-11-24 22:18:14,004,55,58,282,332,797,797
2015-11-24 22:18:15,008,56,58,282,331,797,797
2015-11-24 22:18:16,013,57,58,282,331,797,797
2015-11-24 22:18:17,016,58,58,281,331,797,797
2015-11-24 22:18:18,021,59,58,281,332,797,797
2015-11-24 22:18:19,024,60,58,281,332,797,797
2015-11-24 22:18:20,029,61,58,281,332,797,797
2015-11-24 22:18:21,033,62,58,281,333,797,797
2015-11-24 22:18:22,037,63,58,281,334,797,797
2015-11-24 22:18:23,041,64,58,281,335,797,797
2015-11-24 22:18:24,046,65,58,281,336,797,797
2015-11-24 22:18:25,050,66,58,281,336,797,797
2015-11-24 22:18:26,052,67,58,281,337,797,797
2015-11-24 22:18:27,058,68,58,280,337,797,797
2015-11-24 22:18:28,062,69,58,280,338,797,797
2015-11-24 22:18:29,067,70,58,280,338,797,797
2015-11-24 22:18:30,072,71,58,280,338,797,797
2015-11-24 22:18:31,076,72,58,280,339,797,797
2015-11-24 22:18:32,079,73,58,280,339,797,797
2015-11-24 22:18:33,084,74,58,280,340,797,797
2015-11-24 22:18:34,085,75,58,280,340,797,797
2015-11-24 22:18:35,087,76,58,279,340,797,797
2015-11-24 22:18:36,092,77,58,279,341,797,797
2015-11-24 22:18:37,094,78,58,279,341,797,797
2015-11-24 22:18:38,099,79,58,279,341,797,797
2015-11-24 22:18:39,104,80,58,279,342,797,797
2015-11-24 22:18:40,107,81,58,279,342,797,797
2015-11-24 22:18:41,113,82,58,279,343,797,797
2015-11-24 22:18:42,116,83,58,279,343,797,797
2015-11-24 22:18:43,121,84,58,279,343,797,797
2015-11-24 22:18:44,125,85,58,278,344,797,797
2015-11-24 22:18:45,126,86,58,278,344,797,797
2015-11-24 22:18:46,129,87,58,278,345,797,797
2015-11-24 22:18:47,132,88,58,278,345,797,797
2015-11-24 22:18:48,132,89,58,278,345,797,797
2015-11-24 22:18:49,135,90,58,278,346,797,797
2015-11-24 22:18:50,138,91,58,278,346,797,797
2015-11-24 22:18:51,142,92,58,278,347,797,797
2015-11-24 22:18:52,147,93,58,278,347,797,797
2015-11-24 22:18:53,153,94,58,278,347,797,797
2015-11-24 22:18:54,156,95,58,277,348,797,797
2015-11-24 22:18:55,160,96,58,277,348,797,797
2015-11-24 22:18:56,164,97,58,277,348,797,797
2015-11-24 22:18:57,168,98,58,277,349,797,797
2015-11-24 22:18:58,172,99,58,277,349,797,797
2015-11-24 22:18:59,177,100,58,277,350,797,797
2015-11-24 22:19:00,181,101,58,277,350,797,797
2015-11-24 22:19:01,185,102,58,277,350,797,797
2015-11-24 22:19:02,189,103,58,277,351,797,797
2015-11-24 22:19:03,194,104,58,277,351,797,797
2015-11-24 22:19:04,198,105,58,277,351,797,797
2015-11-24 22:19:05,203,106,58,276,352,797,797
2015-11-24 22:19:06,208,107,58,276,352,797,797
2015-11-24 22:19:07,212,108,58,276,352,797,797
2015-11-24 22:19:08,215,109,58,276,352,797,797
2015-11-24 22:19:09,218,110,58,276,353,797,797
2015-11-24 22:19:10,223,111,58,276,353,797,797
2015-11-24 22:19:11,225,112,58,276,353,797,797
2015-11-24 22:19:12,228,113,58,276,354,797,797
2015-11-24 22:19:13,231,114,58,276,354,797,797
2015-11-24 22:19:14,234,115,58,275,354,797,797
2015-11-24 22:19:15,239,116,58,275,355,797,797
2015-11-24 22:19:16,241,117,58,275,355,797,797
2015-11-24 22:19:17,247,118,58,275,356,797,797
2015-11-24 22:19:18,250,119,58,275,356,797,797
2015-11-24 22:19:19,255,120,58,275,356,797,797
2015-11-24 22:19:20,260,121,58,275,356,797,797
2015-11-24 22:19:21,265,122,58,275,357,797,797
2015-11-24 22:19:22,270,123,58,275,357,797,797
2015-11-24 22:19:23,272,124,58,275,357,797,797
2015-11-24 22:19:24,278,125,58,275,358,797,797
2015-11-24 22:19:25,282,126,58,275,358,797,797
2015-11-24 22:19:26,285,127,58,274,358,797,797
2015-11-24 22:19:27,290,128,58,274,359,797,797
2015-11-24 22:19:28,293,129,58,274,359,797,797
2015-11-24 22:19:29,298,130,58,274,359,797,797
2015-11-24 22:19:30,301,131,58,274,359,797,797
2015-11-24 22:19:31,306,132,58,274,360,797,797
2015-11-24 22:19:32,309,133,58,274,360,797,797
2015-11-24 22:19:33,315,134,58,274,360,797,797
2015-11-24 22:19:34,316,135,58,274,360,797,797
2015-11-24 22:19:35,319,136,58,274,361,797,797
2015-11-24 22:19:36,322,137,58,274,361,797,797
2015-11-24 22:19:37,324,138,58,273,361,797,797
2015-11-24 22:19:38,325,139,58,273,362,797,797
2015-11-24 22:19:39,329,140,58,273,362,797,797
2015-11-24 22:19:40,334,141,58,273,362,797,797
2015-11-24 22:19:41,339,142,58,273,362,797,797
2015-11-24 22:19:42,341,143,58,273,363,797,797
2015-11-24 22:19:43,346,144,58,273,363,797,797
2015-11-24 22:19:44,350,145,58,273,363,797,797
2015-11-24 22:19:45,354,146,58,273,363,797,797
2015-11-24 22:19:46,359,147,58,273,363,797,797
2015-11-24 22:19:47,362,148,58,273,364,797,797
2015-11-24 22:19:48,367,149,58,273,364,797,797
2015-11-24 22:19:49,371,150,58,273,364,797,797
2015-11-24 22:19:50,376,151,58,273,365,797,797
2015-11-24 22:19:51,379,152,58,273,365,797,797
2015-11-24 22:19:52,381,153,58,273,365,797,797
2015-11-24 22:19:53,385,154,58,273,365,797,797
2015-11-24 22:19:54,390,155,58,272,366,797,797
2015-11-24 22:19:55,395,156,58,272,366,797,797
2015-11-24 22:19:56,398,157,58,272,366,797,797
2015-11-24 22:19:57,404,158,58,272,366,797,797
2015-11-24 22:19:58,407,159,58,272,366,797,797
2015-11-24 22:19:59,409,160,58,272,366,797,797
2015-11-24 22:20:00,412,161,58,272,367,797,797
2015-11-24 22:20:01,417,162,58,272,367,797,797
2015-11-24 22:20:02,422,163,58,272,367,797,797
2015-11-24 22:20:03,424,164,58,272,368,797,797
2015-11-24 22:20:04,429,165,58,272,368,797,797
2015-11-24 22:20:05,434,166,58,272,368,797,797
2015-11-24 22:20:06,437,167,58,272,368,797,797
2015-11-24 22:20:07,443,168,58,272,368,797,797
2015-11-24 22:20:08,446,169,58,271,369,797,797
2015-11-24 22:20:09,451,170,58,272,369,797,797
2015-11-24 22:20:10,455,171,58,271,369,797,797
2015-11-24 22:20:11,457,172,58,271,369,797,797
2015-11-24 22:20:12,462,173,58,271,369,797,797
2015-11-24 22:20:13,465,174,58,271,370,797,797
2015-11-24 22:20:14,467,175,58,271,370,797,797
2015-11-24 22:20:15,470,176,58,271,370,797,797
2015-11-24 22:20:16,472,177,58,271,370,797,797
2015-11-24 22:20:17,478,178,58,271,370,797,797
2015-11-24 22:20:18,480,179,58,271,370,797,797
2015-11-24 22:20:19,482,180,58,271,371,797,797
2015-11-24 22:20:20,485,181,58,271,371,797,797
2015-11-24 22:20:21,487,182,58,271,371,797,797
2015-11-24 22:20:22,488,183,58,271,372,797,797
2015-11-24 22:20:23,492,184,58,271,372,797,797
2015-11-24 22:20:24,497,185,58,270,372,797,797
2015-11-24 22:20:25,503,186,58,270,372,797,797
2015-11-24 22:20:26,506,187,58,270,372,797,797
2015-11-24 22:20:27,509,188,58,270,372,797,797
2015-11-24 22:20:28,512,189,58,270,372,797,797
2015-11-24 22:20:29,517,190,58,270,373,797,797
2015-11-24 22:20:30,519,191,58,270,373,797,797
2015-11-24 22:20:31,520,192,58,270,373,797,797
2015-11-24 22:20:32,525,193,58,270,373,797,797
2015-11-24 22:20:33,525,194,58,270,374,797,797
2015-11-24 22:20:34,528,195,58,270,374,797,797
2015-11-24 22:20:35,531,196,58,270,374,797,797
2015-11-24 22:20:36,533,197,58,270,374,797,797
2015-11-24 22:20:37,537,198,58,270,374,797,797
2015-11-24 22:20:38,541,199,58,270,375,797,797
2015-11-24 22:20:39,544,200,58,270,375,797,797
2015-11-24 22:20:40,548,201,58,270,375,797,797
2015-11-24 22:20:41,549,202,58,270,376,797,797
2015-11-24 22:20:42,554,203,58,270,376,797,797
2015-11-24 22:20:43,557,204,58,270,376,797,797
2015-11-24 22:20:44,560,205,58,269,376,797,797
2015-11-24 22:20:45,562,206,58,269,376,797,797
2015-11-24 22:20:46,566,207,58,269,376,797,797
2015-11-24 22:20:47,571,208,58,269,377,797,797
2015-11-24 22:20:48,575,209,58,269,377,797,797
2015-11-24 22:20:49,579,210,58,269,377,797,797
2015-11-24 22:20:50,583,211,58,269,377,797,797
2015-11-24 22:20:51,587,212,58,269,378,797,797
2015-11-24 22:20:52,589,213,58,269,378,797,797
2015-11-24 22:20:53,591,214,58,269,378,797,797
2015-11-24 22:20:54,594,215,58,269,378,797,797
2015-11-24 22:20:55,595,216,58,269,379,797,797
2015-11-24 22:20:56,598,217,58,269,379,797,797
2015-11-24 22:20:57,602,218,58,269,379,797,797
2015-11-24 22:20:58,605,219,58,269,379,797,797
2015-11-24 22:20:59,610,220,58,269,379,797,797
2015-11-24 22:21:00,616,221,58,269,379,797,797
2015-11-24 22:21:01,618,222,58,269,380,797,797
2015-11-24 22:21:02,621,223,58,269,380,797,797
2015-11-24 22:21:03,627,224,58,269,380,797,797
2015-11-24 22:21:04,630,225,58,269,380,797,797
2015-11-24 22:21:05,636,226,58,269,381,797,797
2015-11-24 22:21:06,641,227,58,269,381,797,797
2015-11-24 22:21:07,646,228,58,269,381,797,797
2015-11-24 22:21:08,650,229,58,269,381,797,797
2015-11-24 22:21:09,653,230,58,269,381,797,797
2015-11-24 22:21:10,656,231,58,269,382,797,797
2015-11-24 22:21:11,661,232,58,269,382,797,797
2015-11-24 22:21:12,663,233,58,269,382,797,797
2015-11-24 22:21:13,669,234,58,269,382,797,797
2015-11-24 22:21:14,674,235,58,268,382,797,797
2015-11-24 22:21:15,678,236,58,269,382,797,797
2015-11-24 22:21:16,683,237,58,268,383,797,797
2015-11-24 22:21:17,688,238,58,268,383,797,797
2015-11-24 22:21:18,692,239,58,268,383,797,797
2015-11-24 22:21:19,695,240,58,268,383,797,797
2015-11-24 22:21:20,700,241,58,268,383,797,797
2015-11-24 22:21:21,705,242,58,268,383,797,797
2015-11-24 22:21:22,707,243,58,268,384,797,797
2015-11-24 22:21:23,711,244,58,268,384,797,797
2015-11-24 22:21:24,715,245,58,268,384,797,797
2015-11-24 22:21:25,721,246,58,268,384,797,797
2015-11-24 22:21:26,724,247,58,268,385,797,797
2015-11-24 22:21:27,725,248,58,268,385,797,797
2015-11-24 22:21:28,728,249,58,268,385,797,797
2015-11-24 22:21:29,731,250,58,268,385,797,797
2015-11-24 22:21:30,735,251,58,268,385,797,797
2015-11-24 22:21:31,739,252,58,268,386,797,797
2015-11-24 22:21:32,744,253,58,268,386,797,797
2015-11-24 22:21:33,748,255,58,268,386,797,797
2015-11-24 22:21:34,753,256,58,268,387,797,797
2015-11-24 22:21:35,759,257,58,268,387,797,797
2015-11-24 22:21:36,763,258,58,268,387,797,797
2015-11-24 22:21:37,765,259,58,268,387,797,797
2015-11-24 22:21:38,770,260,58,268,387,797,797
2015-11-24 22:21:39,772,261,58,268,387,797,797
2015-11-24 22:21:40,776,262,58,268,387,797,797
2015-11-24 22:21:41,777,263,58,268,388,797,797
2015-11-24 22:21:42,781,264,58,268,388,797,797
2015-11-24 22:21:43,787,265,58,268,389,797,797
2015-11-24 22:21:44,792,266,58,268,389,797,797
2015-11-24 22:21:45,796,267,58,268,389,797,797
2015-11-24 22:21:46,801,268,58,268,390,797,797
2015-11-24 22:21:47,805,269,58,268,390,797,797
2015-11-24 22:21:48,806,270,58,268,391,797,797
2015-11-24 22:21:49,810,271,58,268,391,797,797
2015-11-24 22:21:50,816,272,58,268,391,797,797
2015-11-24 22:21:51,819,273,58,268,392,797,797
2015-11-24 22:21:52,821,274,58,268,392,797,797
2015-11-24 22:21:53,824,275,58,268,393,797,797
2015-11-24 22:21:54,826,276,58,268,393,797,797
2015-11-24 22:21:55,830,277,58,268,394,797,797
2015-11-24 22:21:56,834,278,58,268,394,797,797
2015-11-24 22:21:57,839,279,58,268,394,797,797
2015-11-24 22:21:58,842,280,58,268,394,797,797
2015-11-24 22:21:59,845,281,58,268,395,797,797
2015-11-24 22:22:00,851,282,58,268,395,797,797
2015-11-24 22:22:01,855,283,58,268,395,797,797
2015-11-24 22:22:02,861,284,58,268,395,797,797
2015-11-24 22:22:03,866,285,58,268,396,797,797
2015-11-24 22:22:04,870,286,58,268,396,797,797
2015-11-24 22:22:05,873,287,58,268,396,797,797
2015-11-24 22:22:06,877,288,58,268,396,797,797
2015-11-24 22:22:07,881,289,58,268,397,797,797
2015-11-24 22:22:08,885,290,58,268,397,797,797
2015-11-24 22:22:09,888,291,58,268,397,797,797
2015-11-24 22:22:10,894,292,58,268,397,797,797
2015-11-24 22:22:11,899,293,58,269,397,797,797
2015-11-24 22:22:12,905,294,58,268,397,797,797
2015-11-24 22:22:13,906,295,58,269,398,797,797
2015-11-24 22:22:14,910,296,58,268,398,797,797
2015-11-24 22:22:15,916,297,58,269,398,797,797
2015-11-24 22:22:16,919,298,58,268,398,797,797
2015-11-24 22:22:17,923,299,58,269,398,797,797
2015-11-24 22:22:18,927,300,58,268,398,797,797
2015-11-24 22:22:19,931,301,58,269,399,797,797
2015-11-24 22:22:20,936,302,58,268,399,797,797
2015-11-24 22:22:21,941,303,58,269,399,797,797
2015-11-24 22:22:22,945,304,58,269,399,797,797
2015-11-24 22:22:23,948,305,58,269,399,797,797
2015-11-24 22:22:24,953,306,58,269,399,797,797
2015-11-24 22:22:25,958,307,58,269,399,797,797
2015-11-24 22:22:26,961,308,58,269,400,797,797
2015-11-24 22:22:27,966,309,58,269,400,797,797
2015-11-24 22:22:28,970,310,58,269,400,797,797
2015-11-24 22:22:29,975,311,58,269,400,797,797
2015-11-24 22:22:30,978,312,58,269,401,797,797
2015-11-24 22:22:31,983,313,58,269,401,797,797
2015-11-24 22:22:32,987,314,58,269,401,797,797
2015-11-24 22:22:33,992,315,58,269,401,797,797
2015-11-24 22:22:34,997,316,58,269,402,797,797
2015-11-24 22:22:36,000,317,58,269,402,797,797
2015-11-24 22:22:37,005,318,58,269,402,797,797
2015-11-24 22:22:38,007,319,58,269,402,797,797
2015-11-24 22:22:39,012,320,58,269,402,797,797
2015-11-24 22:22:40,017,321,58,269,403,797,797
2015-11-24 22:22:41,021,322,58,269,403,797,797
2015-11-24 22:22:42,026,323,58,269,403,797,797
2015-11-24 22:22:43,031,324,58,269,403,797,797
2015-11-24 22:22:44,034,325,58,269,403,797,797
2015-11-24 22:22:45,038,326,58,269,403,797,797
2015-11-24 22:22:46,041,327,58,269,404,797,797
2015-11-24 22:22:47,046,328,58,269,404,797,797
2015-11-24 22:22:48,050,329,58,269,404,797,797
2015-11-24 22:22:49,054,330,58,269,404,797,797
2015-11-24 22:22:50,060,331,58,269,404,797,797
2015-11-24 22:22:51,063,332,58,269,404,797,797
2015-11-24 22:22:52,066,333,58,269,405,797,797
2015-11-24 22:22:53,071,334,58,269,404,797,797
2015-11-24 22:22:54,076,335,58,269,405,797,797
2015-11-24 22:22:55,080,336,58,269,405,797,797
2015-11-24 22:22:56,082,337,58,269,405,797,797
2015-11-24 22:22:57,085,338,58,269,405,797,797
2015-11-24 22:22:58,087,339,58,269,405,797,797
2015-11-24 22:22:59,089,340,58,269,405,797,797
2015-11-24 22:23:00,090,341,58,269,406,797,797
2015-11-24 22:23:01,094,342,58,269,406,797,797
2015-11-24 22:23:02,099,343,58,270,406,797,797
2015-11-24 22:23:03,103,344,58,270,406,797,797
2015-11-24 22:23:04,108,345,58,270,406,797,797
2015-11-24 22:23:05,111,346,58,270,406,797,797
2015-11-24 22:23:06,114,347,58,270,406,797,796
2015-11-24 22:23:07,119,348,58,270,406,797,797
2015-11-24 22:23:08,121,349,58,270,406,797,797
2015-11-24 22:23:09,123,350,58,270,406,797,796
2015-11-24 22:23:10,127,351,58,270,407,797,796
2015-11-24 22:23:11,129,352,58,270,407,797,797
2015-11-24 22:23:12,135,353,58,270,407,797,797
2015-11-24 22:23:13,139,354,58,270,407,797,797
2015-11-24 22:23:14,144,355,58,270,407,797,797
2015-11-24 22:23:15,146,356,58,270,407,797,797
2015-11-24 22:23:16,152,357,58,270,407,797,797
2015-11-24 22:23:17,155,358,58,270,407,797,797
2015-11-24 22:23:18,161,359,58,270,408,797,797
2015-11-24 22:23:19,165,360,58,270,408,797,797
2015-11-24 22:23:20,169,361,58,270,408,797,797
2015-11-24 22:23:21,171,362,58,270,408,797,796
2015-11-24 22:23:22,177,363,58,270,408,797,796
2015-11-24 22:23:23,179,364,58,270,408,797,797
2015-11-24 22:23:24,181,365,58,271,409,797,796
2015-11-24 22:23:25,184,366,58,271,409,797,797
2015-11-24 22:23:26,187,367,58,271,409,797,797
2015-11-24 22:23:27,192,368,58,271,409,797,797
2015-11-24 22:23:28,194,369,58,271,409,797,797
2015-11-24 22:23:29,199,370,58,271,409,797,797
2015-11-24 22:23:30,203,371,58,271,409,797,797
2015-11-24 22:23:31,209,372,58,271,409,797,797
2015-11-24 22:23:32,215,373,58,271,409,797,797
2015-11-24 22:23:33,218,374,58,271,409,797,797
2015-11-24 22:23:34,219,375,58,271,409,797,796
2015-11-24 22:23:35,222,376,58,271,409,797,797
2015-11-24 22:23:36,225,377,58,271,409,797,797
2015-11-24 22:23:37,227,378,58,271,410,797,797
2015-11-24 22:23:38,230,379,58,271,410,797,797
2015-11-24 22:23:39,232,380,58,271,410,797,797
2015-11-24 22:23:40,237,381,58,271,410,797,797
2015-11-24 22:23:41,240,382,58,271,410,797,797
2015-11-24 22:23:42,243,383,58,271,411,797,796
2015-11-24 22:23:43,248,384,58,271,411,797,797
2015-11-24 22:23:44,253,385,58,271,411,797,797
2015-11-24 22:23:45,257,386,58,271,411,797,797
2015-11-24 22:23:46,260,387,58,271,411,797,797
2015-11-24 22:23:47,265,388,58,271,411,797,797
2015-11-24 22:23:48,270,389,58,272,411,797,797
2015-11-24 22:23:49,274,390,58,271,411,797,797
2015-11-24 22:23:50,277,391,58,272,411,797,797
2015-11-24 22:23:51,283,392,58,272,411,797,797
2015-11-24 22:23:52,288,393,58,272,412,797,797
2015-11-24 22:23:53,292,394,58,272,412,797,797
2015-11-24 22:23:54,295,395,58,272,412,797,796
2015-11-24 22:23:55,300,396,58,272,412,797,797
2015-11-24 22:23:56,302,397,58,272,412,797,797
2015-11-24 22:23:57,308,398,58,272,412,797,796
2015-11-24 22:23:58,313,399,58,272,412,797,796
2015-11-24 22:23:59,317,400,58,272,413,797,796
2015-11-24 22:24:00,321,401,58,272,413,797,797
2015-11-24 22:24:01,325,402,58,272,413,797,796
2015-11-24 22:24:02,329,403,58,272,413,797,797
2015-11-24 22:24:03,334,404,58,272,413,797,797
2015-11-24 22:24:04,338,405,58,272,413,797,797
2015-11-24 22:24:05,342,406,58,273,414,797,797
2015-11-24 22:24:06,345,407,58,273,414,797,797
2015-11-24 22:24:07,350,408,58,273,414,797,797
2015-11-24 22:24:08,354,409,58,273,414,797,796
2015-11-24 22:24:09,359,410,58,273,414,797,796
2015-11-24 22:24:10,362,411,58,273,414,797,796
2015-11-24 22:24:11,367,412,58,273,414,797,796
2015-11-24 22:24:12,373,413,58,273,414,797,797
2015-11-24 22:24:13,376,414,58,273,414,797,796
2015-11-24 22:24:14,380,415,58,273,414,797,796
2015-11-24 22:24:15,385,416,58,273,414,797,797
2015-11-24 22:24:16,389,417,58,273,415,797,796
2015-11-24 22:24:17,393,418,58,273,415,797,797
2015-11-24 22:24:18,398,419,58,273,415,797,797
2015-11-24 22:24:19,401,420,58,273,415,797,797
2015-11-24 22:24:20,405,421,58,273,415,797,797
2015-11-24 22:24:21,410,422,58,274,415,797,797
2015-11-24 22:24:22,414,423,58,274,415,797,797
2015-11-24 22:24:23,418,424,58,274,415,797,796
2015-11-24 22:24:24,424,425,58,274,415,797,796
2015-11-24 22:24:25,427,426,58,274,415,797,796
2015-11-24 22:24:26,432,427,58,274,415,797,796
2015-11-24 22:24:27,437,428,58,274,415,797,796
2015-11-24 22:24:28,441,429,58,274,415,797,796
2015-11-24 22:24:29,444,430,58,274,415,797,797
2015-11-24 22:24:30,445,431,58,274,415,797,797
2015-11-24 22:24:31,447,432,58,274,415,797,796
2015-11-24 22:24:32,452,433,58,274,415,797,796
2015-11-24 22:24:33,453,434,58,274,415,797,796
2015-11-24 22:24:34,458,435,58,274,415,797,796
2015-11-24 22:24:35,458,436,58,274,415,797,796
2015-11-24 22:24:36,462,437,58,274,415,797,797
2015-11-24 22:24:37,466,438,58,274,415,797,797
2015-11-24 22:24:38,471,439,58,275,415,797,796
2015-11-24 22:24:39,475,440,58,274,415,797,796
2015-11-24 22:24:40,477,441,58,275,415,797,796
2015-11-24 22:24:41,480,442,58,275,415,797,797
2015-11-24 22:24:42,485,443,58,275,416,797,796
2015-11-24 22:24:43,487,444,58,275,415,797,796
2015-11-24 22:24:44,490,445,58,275,416,797,797
2015-11-24 22:24:45,492,446,58,275,416,797,796
2015-11-24 22:24:46,497,447,58,275,416,797,796
2015-11-24 22:24:47,502,448,58,275,416,797,796
2015-11-24 22:24:48,507,449,58,275,416,797,797
2015-11-24 22:24:49,509,450,58,275,416,797,796
2015-11-24 22:24:50,514,451,58,275,416,797,797
2015-11-24 22:24:51,518,452,58,275,416,797,796
2015-11-24 22:24:52,524,453,58,275,416,797,796
2015-11-24 22:24:53,527,454,58,275,416,797,796
2015-11-24 22:24:54,532,455,58,275,416,797,796
2015-11-24 22:24:55,537,456,58,276,416,797,796
2015-11-24 22:24:56,541,457,58,276,416,797,797
2015-11-24 22:24:57,543,458,58,276,416,797,796
2015-11-24 22:24:58,548,459,58,276,416,797,796
2015-11-24 22:24:59,549,460,58,276,416,797,797
2015-11-24 22:25:00,552,461,58,276,416,797,797
2015-11-24 22:25:01,557,462,58,276,416,797,797
2015-11-24 22:25:02,562,463,58,276,416,797,796
2015-11-24 22:25:03,565,464,58,276,417,797,796
2015-11-24 22:25:04,566,465,58,276,416,797,797
2015-11-24 22:25:05,569,466,58,276,417,797,797
2015-11-24 22:25:06,573,467,58,276,417,797,796
2015-11-24 22:25:07,575,468,58,277,417,797,796
2015-11-24 22:25:08,581,469,58,277,417,797,796
2015-11-24 22:25:09,582,470,58,277,417,797,796
2015-11-24 22:25:10,587,471,58,277,417,797,796
2015-11-24 22:25:11,590,472,58,277,417,797,796
2015-11-24 22:25:12,590,473,58,277,417,797,797
2015-11-24 22:25:13,596,474,58,277,417,797,796
2015-11-24 22:25:14,599,475,58,277,417,797,796
2015-11-24 22:25:15,604,476,58,277,417,797,796
2015-11-24 22:25:16,608,477,58,277,418,797,796
2015-11-24 22:25:17,613,478,58,277,418,797,796
2015-11-24 22:25:18,617,479,58,277,418,797,796
2015-11-24 22:25:19,621,480,58,277,418,797,796
2015-11-24 22:25:20,624,481,58,278,418,797,796
2015-11-24 22:25:21,630,482,58,278,418,797,796
2015-11-24 22:25:22,631,483,58,278,418,797,796
2015-11-24 22:25:23,637,484,58,278,418,797,796
2015-11-24 22:25:24,642,485,58,278,418,797,796
2015-11-24 22:25:25,646,486,58,278,418,797,796
2015-11-24 22:25:26,648,487,58,278,418,797,796
2015-11-24 22:25:27,650,488,58,278,418,797,796
2015-11-24 22:25:28,654,489,58,278,418,797,796
2015-11-24 22:25:29,659,490,58,278,418,797,797
2015-11-24 22:25:30,662,491,58,278,418,797,796
2015-11-24 22:25:31,667,492,58,278,418,797,796
2015-11-24 22:25:32,670,493,58,279,418,797,796
2015-11-24 22:25:33,675,494,58,279,419,797,796
2015-11-24 22:25:34,679,495,58,279,419,797,796
2015-11-24 22:25:35,682,496,58,279,419,797,796
2015-11-24 22:25:36,688,497,58,279,419,797,797
2015-11-24 22:25:37,690,498,58,279,419,797,796
2015-11-24 22:25:38,696,499,58,279,419,797,796
2015-11-24 22:25:39,701,500,58,279,419,797,796
2015-11-24 22:25:40,706,501,58,279,419,797,796
2015-11-24 22:25:41,707,502,58,279,420,797,796
2015-11-24 22:25:42,713,503,58,279,420,797,796
2015-11-24 22:25:43,719,504,58,279,420,797,796
2015-11-24 22:25:44,721,505,58,279,420,797,796
2015-11-24 22:25:45,725,506,58,280,420,797,796
2015-11-24 22:25:46,729,507,58,279,420,797,796
2015-11-24 22:25:47,735,508,58,280,420,797,796
2015-11-24 22:25:48,738,509,58,280,420,797,796
2015-11-24 22:25:49,742,510,58,280,420,797,796
2015-11-24 22:25:50,747,512,58,280,420,797,796
2015-11-24 22:25:51,750,513,58,280,420,797,796
2015-11-24 22:25:52,755,514,58,280,420,797,797
2015-11-24 22:25:53,760,515,58,280,420,797,797
2015-11-24 22:25:54,764,516,58,280,420,797,796
2015-11-24 22:25:55,768,517,58,280,420,797,796
2015-11-24 22:25:56,772,518,58,280,420,797,796
2015-11-24 22:25:57,778,519,58,280,420,797,796
2015-11-24 22:25:58,781,520,58,280,421,797,796
2015-11-24 22:25:59,786,521,58,280,421,797,796
2015-11-24 22:26:00,789,522,58,281,421,797,796
2015-11-24 22:26:01,792,523,58,281,421,797,796
2015-11-24 22:26:02,797,524,58,281,421,797,796
2015-11-24 22:26:03,799,525,58,281,421,797,796
2015-11-24 22:26:04,803,526,58,281,421,797,796
2015-11-24 22:26:05,805,527,58,281,421,797,796
2015-11-24 22:26:06,809,528,58,281,422,797,796
2015-11-24 22:26:07,814,529,58,281,422,797,796
2015-11-24 22:26:08,818,530,58,281,422,797,796
2015-11-24 22:26:09,822,531,58,281,422,797,796
2015-11-24 22:26:10,825,532,58,281,422,797,796
2015-11-24 22:26:11,830,533,58,281,422,797,796
2015-11-24 22:26:12,831,534,58,281,422,797,796
2015-11-24 22:26:13,835,535,58,281,422,797,796
2015-11-24 22:26:14,837,536,58,281,422,797,796
2015-11-24 22:26:15,841,537,58,281,422,797,796
2015-11-24 22:26:16,845,538,58,281,422,797,796
2015-11-24 22:26:17,848,539,58,282,422,797,796
2015-11-24 22:26:18,855,540,58,282,422,797,796
2015-11-24 22:26:19,861,541,58,282,422,797,796
2015-11-24 22:26:20,866,542,58,282,422,797,796
2015-11-24 22:26:21,868,543,58,282,423,797,796
2015-11-24 22:26:22,871,544,58,282,423,797,796
2015-11-24 22:26:23,876,545,58,282,423,797,796
2015-11-24 22:26:24,879,546,58,282,423,797,796
2015-11-24 22:26:25,884,547,58,282,423,797,796
2015-11-24 22:26:26,890,548,58,282,423,797,796
2015-11-24 22:26:27,895,549,58,282,423,797,796
2015-11-24 22:26:28,898,550,58,282,423,797,796
2015-11-24 22:26:29,899,551,58,283,423,797,796
2015-11-24 22:26:30,905,552,58,282,423,797,796
2015-11-24 22:26:31,906,553,58,283,424,797,796
2015-11-24 22:26:32,906,554,58,283,423,797,796
2015-11-24 22:26:33,911,555,58,283,424,797,796
2015-11-24 22:26:34,918,556,58,283,424,797,796
2015-11-24 22:26:35,923,557,58,283,424,797,796
2015-11-24 22:26:36,927,558,58,283,424,797,796
2015-11-24 22:26:37,928,559,58,283,424,797,796
2015-11-24 22:26:38,929,560,58,283,424,797,796
2015-11-24 22:26:39,931,561,58,283,424,797,796
2015-11-24 22:26:40,935,562,58,283,424,797,796
2015-11-24 22:26:41,938,563,58,283,424,797,796
2015-11-24 22:26:42,943,564,58,283,424,797,796
2015-11-24 22:26:43,946,565,58,284,424,797,796
2015-11-24 22:26:44,952,566,58,284,424,797,796
2015-11-24 22:26:45,957,567,58,284,424,797,796
2015-11-24 22:26:46,961,568,58,284,424,797,796
2015-11-24 22:26:47,965,569,58,284,424,797,796
2015-11-24 22:26:48,969,570,58,284,425,797,796
2015-11-24 22:26:49,974,571,58,284,425,797,796
2015-11-24 22:26:50,977,572,58,284,425,797,796
2015-11-24 22:26:51,983,573,58,284,425,797,796
2015-11-24 22:26:52,986,574,58,284,425,797,796
2015-11-24 22:26:53,992,575,58,284,425,797,796
2015-11-24 22:26:54,996,576,58,284,425,797,796
2015-11-24 22:26:56,000,577,58,284,425,797,796
2015-11-24 22:26:57,003,578,58,284,425,797,796
2015-11-24 22:26:58,009,579,58,284,425,797,796
2015-11-24 22:26:59,013,580,58,285,425,797,796
2015-11-24 22:27:00,018,581,58,285,425,797,796
2015-11-24 22:27:01,020,582,58,285,425,797,796
2015-11-24 22:27:02,025,583,58,285,426,797,796
2015-11-24 22:27:03,029,584,58,285,426,797,796
2015-11-24 22:27:04,034,585,58,285,426,797,796
2015-11-24 22:27:05,038,586,58,285,426,797,796
2015-11-24 22:27:06,041,587,58,285,426,797,796
2015-11-24 22:27:07,046,588,58,285,425,797,796
2015-11-24 22:27:08,050,589,58,285,425,797,796
2015-11-24 22:27:09,054,590,58,285,425,797,796
2015-11-24 22:27:10,059,591,58,285,425,797,796
2015-11-24 22:27:11,063,592,58,285,425,797,796
2015-11-24 22:27:12,068,593,58,286,425,797,796
2015-11-24 22:27:13,071,594,58,286,424,797,796
2015-11-24 22:27:14,076,595,58,286,424,797,796
2015-11-24 22:27:15,080,596,58,286,424,797,796
2015-11-24 22:27:16,086,597,58,286,424,797,796
2015-11-24 22:27:17,088,598,58,286,424,797,796
2015-11-24 22:27:18,093,599,58,286,424,797,796
2015-11-24 22:27:19,098,600,58,286,424,797,796
2015-11-24 22:27:20,104,601,58,286,424,797,796
2015-11-24 22:27:21,108,602,58,286,424,797,796
2015-11-24 22:27:22,113,603,58,286,423,797,796
2015-11-24 22:27:23,113,604,58,286,423,797,796
2015-11-24 22:27:24,116,605,58,286,423,797,796
2015-11-24 22:27:25,122,606,58,286,423,797,796
2015-11-24 22:27:26,122,607,58,287,423,797,796
2015-11-24 22:27:27,127,608,58,287,423,797,796
2015-11-24 22:27:28,129,609,58,287,423,797,796
2015-11-24 22:27:29,132,610,58,287,423,797,796
2015-11-24 22:27:30,137,611,58,287,423,797,796
2015-11-24 22:27:31,142,612,58,287,423,797,796
2015-11-24 22:27:32,148,613,58,287,423,797,796
2015-11-24 22:27:33,154,614,58,287,423,797,796
2015-11-24 22:27:34,157,615,58,287,422,797,796
2015-11-24 22:27:35,163,616,58,287,422,797,796
2015-11-24 22:27:36,169,617,58,287,422,797,796
2015-11-24 22:27:37,173,618,58,288,422,797,796
2015-11-24 22:27:38,175,619,58,287,422,797,796
2015-11-24 22:27:39,179,620,58,288,422,797,796
2015-11-24 22:27:40,184,621,58,288,422,797,796
2015-11-24 22:27:41,189,622,58,288,422,797,796
2015-11-24 22:27:42,193,623,58,288,422,797,796
2015-11-24 22:27:43,198,624,58,288,421,797,796
2015-11-24 22:27:44,204,625,58,288,421,797,796
2015-11-24 22:27:45,207,626,58,288,421,797,796
2015-11-24 22:27:46,212,627,58,288,421,797,796
2015-11-24 22:27:47,216,628,58,288,421,797,796
2015-11-24 22:27:48,218,629,58,288,420,797,796
2015-11-24 22:27:49,223,630,58,288,420,797,796
2015-11-24 22:27:50,228,631,58,289,420,796,796
2015-11-24 22:27:51,232,632,58,289,419,797,796
2015-11-24 22:27:52,237,633,58,289,419,797,796
2015-11-24 22:27:53,241,634,58,289,419,797,796
2015-11-24 22:27:54,243,635,58,289,418,797,796
2015-11-24 22:27:55,245,636,58,289,418,797,796
2015-11-24 22:27:56,249,637,58,289,418,797,796
2015-11-24 22:27:57,253,638,58,289,418,797,796
2015-11-24 22:27:58,256,639,58,289,417,797,796
2015-11-24 22:27:59,261,640,58,289,417,797,796
2015-11-24 22:28:00,265,641,58,289,417,797,796
2015-11-24 22:28:01,270,642,58,290,416,797,796
2015-11-24 22:28:02,273,643,58,290,416,797,796
2015-11-24 22:28:03,278,644,58,290,416,797,796
2015-11-24 22:28:04,282,645,58,290,416,797,796
2015-11-24 22:28:05,286,646,58,290,415,796,796
2015-11-24 22:28:06,290,647,58,290,415,797,796
2015-11-24 22:28:07,297,648,58,290,414,797,796
2015-11-24 22:28:08,301,649,58,290,413,797,796
2015-11-24 22:28:09,303,650,58,290,411,797,796
2015-11-24 22:28:10,307,651,58,290,410,797,796
2015-11-24 22:28:11,311,652,58,291,408,797,796
2015-11-24 22:28:12,316,653,58,291,407,797,796
2015-11-24 22:28:13,317,654,58,291,405,797,796
2015-11-24 22:28:14,317,655,58,291,404,797,796
2015-11-24 22:28:15,322,656,58,291,402,797,796
2015-11-24 22:28:16,327,657,58,291,401,797,796
2015-11-24 22:28:17,331,658,58,291,401,797,796
2015-11-24 22:28:18,335,659,58,291,401,797,796
2015-11-24 22:28:19,340,660,58,291,401,797,796
2015-11-24 22:28:20,344,661,58,291,401,797,796
2015-11-24 22:28:21,348,662,58,292,401,797,796
2015-11-24 22:28:22,353,663,58,292,400,797,796
2015-11-24 22:28:23,357,664,58,292,400,797,796
2015-11-24 22:28:24,360,665,58,292,400,797,796
2015-11-24 22:28:25,365,666,58,292,399,797,796
2015-11-24 22:28:26,371,667,58,292,399,797,796
2015-11-24 22:28:27,373,668,58,292,399,797,796
2015-11-24 22:28:28,375,669,58,292,399,797,796
2015-11-24 22:28:29,379,670,58,292,399,797,796
2015-11-24 22:28:30,381,671,58,292,398,797,796
2015-11-24 22:28:31,381,672,58,292,398,797,796
2015-11-24 22:28:32,385,673,58,292,398,797,796
2015-11-24 22:28:33,391,674,58,292,398,797,796
2015-11-24 22:28:34,396,675,58,292,398,797,796
2015-11-24 22:28:35,401,676,58,292,398,797,796
2015-11-24 22:28:36,406,677,58,292,398,796,796
2015-11-24 22:28:37,410,678,58,292,398,796,796
2015-11-24 22:28:38,414,679,58,292,398,797,796
2015-11-24 22:28:39,416,680,58,292,397,797,796
2015-11-24 22:28:40,420,681,58,292,397,797,796
2015-11-24 22:28:41,421,682,58,292,397,797,796
2015-11-24 22:28:42,424,683,58,292,397,797,796
2015-11-24 22:28:43,430,684,58,292,397,797,796
2015-11-24 22:28:44,435,685,58,292,397,796,796
2015-11-24 22:28:45,438,686,58,292,397,796,796
2015-11-24 22:28:46,439,687,58,292,397,797,796
2015-11-24 22:28:47,441,688,58,292,397,796,796
2015-11-24 22:28:48,445,689,58,292,396,797,796
2015-11-24 22:28:49,451,690,58,292,396,797,796
2015-11-24 22:28:50,453,691,58,292,396,797,796
2015-11-24 22:28:51,459,692,58,292,396,797,796
2015-11-24 22:28:52,465,693,58,292,396,796,796
2015-11-24 22:28:53,468,694,58,292,396,797,796
2015-11-24 22:28:54,471,695,58,292,396,797,796
2015-11-24 22:28:55,475,696,58,292,396,796,796
2015-11-24 22:28:56,479,697,58,292,396,797,796
2015-11-24 22:28:57,484,698,58,292,396,797,796
2015-11-24 22:28:58,487,699,58,292,396,797,796
2015-11-24 22:28:59,492,700,58,292,396,797,796
2015-11-24 22:29:00,497,701,58,292,396,797,796
2015-11-24 22:29:01,497,702,58,292,396,797,796
2015-11-24 22:29:02,503,703,58,292,396,797,796
2015-11-24 22:29:03,507,704,58,292,396,796,796
2015-11-24 22:29:04,513,705,58,292,395,796,796
2015-11-24 22:29:05,518,706,58,292,395,796,796
2015-11-24 22:29:06,522,707,58,292,395,797,796
2015-11-24 22:29:07,523,708,58,292,395,797,796
2015-11-24 22:29:08,528,709,58,292,395,797,796
2015-11-24 22:29:09,530,710,58,292,395,797,796
2015-11-24 22:29:10,534,711,58,292,395,797,796
2015-11-24 22:29:11,538,712,58,292,395,797,796
2015-11-24 22:29:12,542,713,58,292,395,797,796
2015-11-24 22:29:13,546,714,58,292,395,797,796
2015-11-24 22:29:14,550,715,58,292,395,797,796
2015-11-24 22:29:15,554,716,58,292,395,797,796
2015-11-24 22:29:16,558,717,58,292,395,797,796
2015-11-24 22:29:17,563,718,58,291,395,797,796
2015-11-24 22:29:18,566,719,58,291,394,796,796
2015-11-24 22:29:19,571,720,58,291,395,796,796
2015-11-24 22:29:20,573,721,58,292,395,797,796
2015-11-24 22:29:21,579,722,58,292,395,797,796
2015-11-24 22:29:22,580,723,58,291,395,797,796
2015-11-24 22:29:23,582,724,58,291,395,797,796
2015-11-24 22:29:24,586,725,58,291,395,797,796
2015-11-24 22:29:25,590,726,58,292,395,797,796
2015-11-24 22:29:26,595,727,58,291,394,796,796
2015-11-24 22:29:27,599,728,58,292,395,797,796
2015-11-24 22:29:28,603,729,58,291,394,796,796
2015-11-24 22:29:29,609,730,58,291,395,797,796
2015-11-24 22:29:30,613,731,58,291,394,797,796
2015-11-24 22:29:31,616,732,58,291,395,797,796
2015-11-24 22:29:32,620,733,58,291,394,797,796
2015-11-24 22:29:33,623,734,58,291,394,797,796
2015-11-24 22:29:34,629,735,58,291,394,797,796
2015-11-24 22:29:35,632,736,58,291,394,796,796
2015-11-24 22:29:36,637,737,58,291,394,797,796
2015-11-24 22:29:37,641,738,58,291,394,797,796
2015-11-24 22:29:38,646,739,58,291,394,797,796
2015-11-24 22:29:39,649,740,58,291,394,796,796
2015-11-24 22:29:40,654,741,58,291,394,796,796
2015-11-24 22:29:41,659,742,58,291,394,797,796
2015-11-24 22:29:42,661,743,58,291,394,797,796
2015-11-24 22:29:43,661,744,58,291,394,796,796
2015-11-24 22:29:44,665,745,58,292,394,797,796
2015-11-24 22:29:45,670,746,58,291,394,797,796
2015-11-24 22:29:46,674,747,58,291,394,796,796
2015-11-24 22:29:47,680,748,58,291,394,797,796
2015-11-24 22:29:48,685,749,58,291,394,797,796
2015-11-24 22:29:49,690,750,58,291,394,797,796
2015-11-24 22:29:50,696,751,58,291,394,797,796
2015-11-24 22:29:51,698,752,58,291,394,797,796
2015-11-24 22:29:52,704,753,58,291,394,796,796
2015-11-24 22:29:53,707,754,58,291,394,797,796
2015-11-24 22:29:54,712,755,58,291,394,797,796
2015-11-24 22:29:55,718,756,58,290,394,796,796
2015-11-24 22:29:56,722,757,58,290,394,797,796
2015-11-24 22:29:57,726,758,58,290,394,796,796
2015-11-24 22:29:58,730,759,58,289,394,797,796
2015-11-24 22:29:59,731,760,58,289,394,797,796
2015-11-24 22:30:00,737,761,58,289,394,797,796
2015-11-24 22:30:01,742,762,58,289,394,797,796
2015-11-24 22:30:02,747,764,58,288,394,797,796
2015-11-24 22:30:03,753,765,58,288,394,797,796
2015-11-24 22:30:04,759,766,58,288,394,797,796
2015-11-24 22:30:05,761,767,58,288,394,797,796
2015-11-24 22:30:06,764,768,58,288,394,797,796
2015-11-24 22:30:07,769,769,58,288,394,797,796
2015-11-24 22:30:08,773,770,58,288,394,797,796
2015-11-24 22:30:09,774,771,58,288,394,797,796
2015-11-24 22:30:10,779,772,58,287,394,797,796
2015-11-24 22:30:11,780,773,58,287,394,797,796
2015-11-24 22:30:12,785,774,58,287,394,797,796
2015-11-24 22:30:13,790,775,58,287,394,797,796
2015-11-24 22:30:14,793,776,58,287,393,796,796
2015-11-24 22:30:15,797,777,58,287,393,797,796
2015-11-24 22:30:16,800,778,58,287,393,796,796
2015-11-24 22:30:17,805,779,58,287,393,797,796
2015-11-24 22:30:18,810,780,58,287,393,797,796
2015-11-24 22:30:19,813,781,58,287,393,797,796
2015-11-24 22:30:20,816,782,58,287,393,797,796
2015-11-24 22:30:21,821,783,58,287,392,797,796
2015-11-24 22:30:22,827,784,58,287,392,797,796
2015-11-24 22:30:23,831,785,58,287,392,797,796
2015-11-24 22:30:24,835,786,58,287,392,797,796
2015-11-24 22:30:25,839,787,58,287,392,797,796
2015-11-24 22:30:26,842,788,58,287,392,797,796
2015-11-24 22:30:27,847,789,58,287,392,797,796
2015-11-24 22:30:28,849,790,58,287,392,797,796
2015-11-24 22:30:29,851,791,58,287,392,797,796
2015-11-24 22:30:30,854,792,58,287,392,797,796
2015-11-24 22:30:31,857,793,58,287,392,797,796
2015-11-24 22:30:32,863,794,58,287,392,797,796
2015-11-24 22:30:33,863,795,58,287,392,797,796
2015-11-24 22:30:34,866,796,58,287,392,797,796
2015-11-24 22:30:35,869,797,58,287,392,797,796
2015-11-24 22:30:36,874,798,58,287,391,797,796
2015-11-24 22:30:37,880,799,58,287,391,797,796
2015-11-24 22:30:38,885,800,58,287,391,797,796
2015-11-24 22:30:39,889,801,58,287,391,797,796
2015-11-24 22:30:40,892,802,58,287,391,797,796
2015-11-24 22:30:41,895,803,58,287,391,797,796
2015-11-24 22:30:42,896,804,58,287,391,797,796
2015-11-24 22:30:43,902,805,58,287,391,797,796
2015-11-24 22:30:44,904,806,58,287,391,797,796
2015-11-24 22:30:45,908,807,58,287,391,797,796
2015-11-24 22:30:46,916,808,58,287,391,796,796
2015-11-24 22:30:47,920,809,58,287,391,796,796
2015-11-24 22:30:48,920,810,58,287,391,797,796
2015-11-24 22:30:49,925,811,58,287,391,796,796
2015-11-24 22:30:50,927,812,58,287,391,796,796
2015-11-24 22:30:51,928,813,58,287,391,797,796
2015-11-24 22:30:52,930,814,58,287,391,797,796
2015-11-24 22:30:53,935,815,58,287,391,797,796
2015-11-24 22:30:54,940,816,58,287,391,796,796
2015-11-24 22:30:55,942,817,58,287,391,797,796
2015-11-24 22:30:56,947,818,58,287,391,797,796
2015-11-24 22:30:57,951,819,58,287,391,796,796
2015-11-24 22:30:58,957,820,58,287,391,797,796
2015-11-24 22:30:59,962,821,58,287,390,796,796
2015-11-24 22:31:00,967,822,58,287,390,797,796
2015-11-24 22:31:01,968,823,58,286,390,797,796
2015-11-24 22:31:02,974,824,58,287,390,797,796
2015-11-24 22:31:03,977,825,58,286,390,796,796
2015-11-24 22:31:04,980,826,58,286,390,796,796
2015-11-24 22:31:05,985,827,58,286,390,796,796
2015-11-24 22:31:06,989,828,58,286,390,796,796
2015-11-24 22:31:07,994,829,58,286,390,796,796
2015-11-24 22:31:08,998,830,58,286,390,796,796
2015-11-24 22:31:10,002,831,58,286,390,797,796
2015-11-24 22:31:11,007,832,58,286,390,796,796
2015-11-24 22:31:12,011,833,58,286,390,797,796
2015-11-24 22:31:13,013,834,58,286,390,796,796
2015-11-24 22:31:14,019,835,58,286,390,797,796
2015-11-24 22:31:15,021,836,58,286,390,796,796
2015-11-24 22:31:16,027,837,58,286,390,797,796
2015-11-24 22:31:17,029,838,58,286,390,796,796
2015-11-24 22:31:18,032,839,58,286,390,797,796
2015-11-24 22:31:19,037,840,58,286,390,796,796
2015-11-24 22:31:20,039,841,58,286,390,796,796
2015-11-24 22:31:21,043,842,58,286,390,796,796
2015-11-24 22:31:22,044,843,58,286,390,797,796
2015-11-24 22:31:23,046,844,58,286,390,797,796
2015-11-24 22:31:24,050,845,58,286,391,797,796
2015-11-24 22:31:25,052,846,58,286,390,797,796
2015-11-24 22:31:26,057,847,58,286,391,796,796
2015-11-24 22:31:27,060,848,58,286,390,796,796
2015-11-24 22:31:28,064,849,58,286,391,796,796
2015-11-24 22:31:29,066,850,58,286,390,796,796
2015-11-24 22:31:30,071,851,58,286,391,796,796
2015-11-24 22:31:31,074,852,58,286,390,796,796
2015-11-24 22:31:32,078,853,58,286,390,797,796
2015-11-24 22:31:33,082,854,58,286,390,796,796
2015-11-24 22:31:34,088,855,58,286,391,796,796
2015-11-24 22:31:35,091,856,58,286,390,797,796
2015-11-24 22:31:36,097,857,58,286,390,796,796
2015-11-24 22:31:37,103,858,58,286,390,796,796
2015-11-24 22:31:38,109,859,58,286,390,796,796
2015-11-24 22:31:39,110,860,58,286,390,796,796
2015-11-24 22:31:40,112,861,58,286,390,796,796
2015-11-24 22:31:41,116,862,58,286,390,796,796
2015-11-24 22:31:42,122,863,58,286,390,797,796
2015-11-24 22:31:43,127,864,58,286,390,796,796
2015-11-24 22:31:44,129,865,58,286,390,796,796
2015-11-24 22:31:45,133,866,58,286,390,796,796
2015-11-24 22:31:46,138,867,58,286,390,797,796
2015-11-24 22:31:47,142,868,58,286,390,796,796
2015-11-24 22:31:48,146,869,58,286,390,796,796
2015-11-24 22:31:49,151,870,58,286,390,796,796
2015-11-24 22:31:50,157,871,58,286,390,796,796
2015-11-24 22:31:51,161,872,58,286,390,796,796
2015-11-24 22:31:52,164,873,58,286,390,796,796
2015-11-24 22:31:53,168,874,58,286,390,797,796
2015-11-24 22:31:54,173,875,58,286,390,796,796
2015-11-24 22:31:55,176,876,58,285,390,796,796
2015-11-24 22:31:56,181,877,58,286,390,796,796
2015-11-24 22:31:57,184,878,58,285,390,796,796
2015-11-24 22:31:58,187,879,58,286,390,796,796
2015-11-24 22:31:59,193,880,58,285,390,797,796
2015-11-24 22:32:00,196,881,58,286,390,796,796
2015-11-24 22:32:01,201,882,58,285,390,797,796
2015-11-24 22:32:02,202,883,58,285,390,797,796
2015-11-24 22:32:03,203,884,58,285,390,796,796
2015-11-24 22:32:04,208,885,58,285,390,796,796
2015-11-24 22:32:05,213,886,58,285,390,797,796
2015-11-24 22:32:06,217,887,58,285,390,796,796
2015-11-24 22:32:07,218,888,58,285,390,796,796
2015-11-24 22:32:08,219,889,58,285,390,796,796
2015-11-24 22:32:09,223,890,58,285,390,796,796
2015-11-24 22:32:10,229,891,58,285,390,797,796
2015-11-24 22:32:11,232,892,58,285,390,797,796
2015-11-24 22:32:12,233,893,58,285,390,797,796
2015-11-24 22:32:13,234,894,58,285,390,797,796
2015-11-24 22:32:14,238,895,58,285,390,797,796
2015-11-24 22:32:15,243,896,58,285,390,797,796
2015-11-24 22:32:16,247,897,58,285,390,797,796
2015-11-24 22:32:17,252,898,58,285,390,797,796
2015-11-24 22:32:18,256,899,58,285,390,797,796
2015-11-24 22:32:19,261,900,58,285,390,797,796
2015-11-24 22:32:20,264,901,58,285,390,797,796
2015-11-24 22:32:21,266,902,58,285,390,797,796
2015-11-24 22:32:22,268,903,58,285,390,796,796
2015-11-24 22:32:23,273,904,58,285,390,796,796
2015-11-24 22:32:24,277,905,58,285,390,797,796
2015-11-24 22:32:25,283,906,58,284,390,797,796
2015-11-24 22:32:26,287,907,58,285,390,797,796
2015-11-24 22:32:27,292,908,58,284,390,797,796
2015-11-24 22:32:28,297,909,58,284,390,797,796
2015-11-24 22:32:29,302,910,58,284,390,797,796
2015-11-24 22:32:30,307,911,58,284,390,797,796
2015-11-24 22:32:31,310,912,58,284,390,797,796
2015-11-24 22:32:32,315,913,58,284,390,797,796
2015-11-24 22:32:33,319,914,58,284,390,797,796
2015-11-24 22:32:34,323,915,58,284,390,797,796
2015-11-24 22:32:35,329,916,58,284,390,797,796
2015-11-24 22:32:36,332,917,58,284,390,797,796
2015-11-24 22:32:37,336,918,58,284,390,797,796
2015-11-24 22:32:38,340,919,58,284,390,797,796
2015-11-24 22:32:39,345,920,58,284,390,797,796
2015-11-24 22:32:40,349,921,58,284,389,797,796
2015-11-24 22:32:41,354,922,58,284,390,797,796
2015-11-24 22:32:42,357,923,58,284,389,797,796
2015-11-24 22:32:43,359,924,58,284,389,797,796
2015-11-24 22:32:44,365,925,58,284,389,797,796
2015-11-24 22:32:45,371,926,58,284,389,797,796
2015-11-24 22:32:46,375,927,58,284,389,797,796
2015-11-24 22:32:47,377,928,58,284,390,797,796
2015-11-24 22:32:48,383,929,58,284,389,797,796
2015-11-24 22:32:49,386,930,58,284,389,797,796
2015-11-24 22:32:50,391,931,58,284,389,797,796
2015-11-24 22:32:51,395,932,58,284,389,797,796
2015-11-24 22:32:52,400,933,58,284,389,797,796
2015-11-24 22:32:53,404,934,58,284,389,797,796
2015-11-24 22:32:54,408,935,58,284,389,797,796
2015-11-24 22:32:55,413,936,58,284,389,797,796
2015-11-24 22:32:56,418,937,58,283,389,797,796
2015-11-24 22:32:57,422,938,58,284,389,797,796
2015-11-24 22:32:58,425,939,58,283,389,797,796
2015-11-24 22:32:59,431,940,58,283,389,797,796
2015-11-24 22:33:00,434,941,58,283,389,797,796
2015-11-24 22:33:01,439,942,58,283,389,797,796
2015-11-24 22:33:02,445,943,58,283,389,797,796
2015-11-24 22:33:03,449,944,58,283,389,797,796
2015-11-24 22:33:04,453,945,58,283,389,797,796
2015-11-24 22:33:05,457,946,58,283,389,797,797
2015-11-24 22:33:06,461,947,58,283,389,797,797
2015-11-24 22:33:07,465,948,58,283,389,797,796
2015-11-24 22:33:08,470,949,58,283,389,797,796
2015-11-24 22:33:09,475,950,58,283,389,797,796
2015-11-24 22:33:10,478,951,58,283,389,797,796
2015-11-24 22:33:11,482,952,58,283,389,797,797
2015-11-24 22:33:12,485,953,58,283,389,797,797
2015-11-24 22:33:13,490,954,58,283,389,797,797
2015-11-24 22:33:14,494,955,58,283,389,797,796
2015-11-24 22:33:15,498,956,58,283,389,797,797
2015-11-24 22:33:16,502,957,58,283,389,797,796
2015-11-24 22:33:17,506,958,58,283,389,797,796
2015-11-24 22:33:18,510,959,58,283,389,797,797
2015-11-24 22:33:19,515,960,58,283,389,797,796
2015-11-24 22:33:20,521,961,58,283,389,797,797
2015-11-24 22:33:21,525,962,58,283,389,797,797
2015-11-24 22:33:22,529,963,58,283,389,797,797
2015-11-24 22:33:23,533,964,58,283,389,797,797
2015-11-24 22:33:24,538,965,58,283,389,797,797
2015-11-24 22:33:25,543,966,58,283,389,797,797
2015-11-24 22:33:26,547,967,58,283,389,797,797
2015-11-24 22:33:27,551,968,58,283,389,797,797
2015-11-24 22:33:28,556,969,58,283,389,797,797
2015-11-24 22:33:29,561,970,58,283,389,797,797
2015-11-24 22:33:30,567,971,58,283,389,797,797
2015-11-24 22:33:31,571,972,58,283,389,797,797
2015-11-24 22:33:32,576,973,58,283,389,797,797
2015-11-24 22:33:33,579,974,58,283,389,797,797
2015-11-24 22:33:34,584,975,58,283,389,797,797
2015-11-24 22:33:35,589,976,58,283,389,797,797
2015-11-24 22:33:36,593,977,58,283,389,797,797
2015-11-24 22:33:37,598,978,58,283,389,797,797
2015-11-24 22:33:38,601,979,58,282,389,797,797
2015-11-24 22:33:39,606,980,58,283,389,797,797
2015-11-24 22:33:40,610,981,58,282,389,797,797
2015-11-24 22:33:41,613,982,58,283,388,797,797
2015-11-24 22:33:42,619,983,58,282,388,797,797
2015-11-24 22:33:43,624,984,58,283,388,797,797
2015-11-24 22:33:44,628,985,58,282,388,797,797
2015-11-24 22:33:45,634,986,58,282,388,797,797
2015-11-24 22:33:46,639,987,58,282,388,797,797
2015-11-24 22:33:47,642,988,58,282,388,797,797
2015-11-24 22:33:48,646,989,58,282,388,797,797
2015-11-24 22:33:49,650,990,58,282,388,797,797
2015-11-24 22:33:50,655,991,58,282,388,797,797
2015-11-24 22:33:51,660,992,58,282,388,797,797
2015-11-24 22:33:52,660,993,58,282,387,797,797
2015-11-24 22:33:53,665,994,58,282,387,797,797
2015-11-24 22:33:54,669,995,58,282,387,797,797
2015-11-24 22:33:55,673,996,58,282,387,797,797
2015-11-24 22:33:56,677,997,58,282,387,797,797
2015-11-24 22:33:57,681,998,58,282,387,797,797
2015-11-24 22:33:58,685,999,58,282,387,797,797
2015-11-24 22:33:59,690,1000,58,282,387,797,797
2015-11-24 22:34:00,695,1001,58,282,387,797,797
2015-11-24 22:34:01,700,1002,58,282,387,797,797
2015-11-24 22:34:02,700,1003,58,282,387,797,797
2015-11-24 22:34:03,706,1004,58,282,387,797,797
2015-11-24 22:34:04,709,1005,58,282,387,797,797
2015-11-24 22:34:05,714,1006,58,281,387,797,797
2015-11-24 22:34:06,720,1007,58,281,387,797,797
2015-11-24 22:34:07,724,1008,58,281,387,797,797
2015-11-24 22:34:08,729,1009,58,281,387,797,797
2015-11-24 22:34:09,733,1010,58,281,387,797,797
2015-11-24 22:34:10,734,1011,58,281,387,797,797
2015-11-24 22:34:11,737,1012,58,281,387,797,797
2015-11-24 22:34:12,740,1013,58,281,387,797,797
2015-11-24 22:34:13,745,1014,58,281,387,797,797
2015-11-24 22:34:14,747,1016,58,281,387,797,797
2015-11-24 22:34:15,748,1017,58,281,387,797,797
2015-11-24 22:34:16,751,1018,58,281,387,797,797
2015-11-24 22:34:17,755,1019,58,281,387,797,797
2015-11-24 22:34:18,757,1020,58,281,387,797,797
2015-11-24 22:34:19,762,1021,58,281,387,797,797
2015-11-24 22:34:20,767,1022,58,281,387,797,797
2015-11-24 22:34:21,771,1023,58,281,387,797,797
2015-11-24 22:34:22,777,1024,58,281,387,797,797
2015-11-24 22:34:23,780,1025,58,281,387,797,797
2015-11-24 22:34:24,785,1026,58,281,387,797,797
2015-11-24 22:34:25,789,1027,58,281,387,797,797
2015-11-24 22:34:26,793,1028,58,281,387,797,797
2015-11-24 22:34:27,797,1029,58,281,387,797,797
2015-11-24 22:34:28,802,1030,58,281,386,797,797
2015-11-24 22:34:29,805,1031,58,281,386,797,797
2015-11-24 22:34:30,810,1032,58,281,386,797,797
2015-11-24 22:34:31,814,1033,58,281,386,797,797
2015-11-24 22:34:32,818,1034,58,281,386,797,797
2015-11-24 22:34:33,822,1035,58,281,386,797,797
2015-11-24 22:34:34,825,1036,58,281,386,797,797
2015-11-24 22:34:35,831,1037,58,281,386,797,797
2015-11-24 22:34:36,836,1038,58,281,386,797,797
2015-11-24 22:34:37,839,1039,58,281,387,797,797
2015-11-24 22:34:38,841,1040,58,281,386,797,797
2015-11-24 22:34:39,846,1041,58,281,386,797,797
2015-11-24 22:34:40,846,1042,58,281,386,797,797
2015-11-24 22:34:41,852,1043,58,281,386,797,797
2015-11-24 22:34:42,855,1044,58,281,387,797,797
2015-11-24 22:34:43,858,1045,58,281,387,797,797
2015-11-24 22:34:44,863,1046,58,280,387,797,797
2015-11-24 22:34:45,868,1047,58,280,387,797,797
2015-11-24 22:34:46,871,1048,58,280,386,797,797
2015-11-24 22:34:47,876,1049,58,280,386,797,797
2015-11-24 22:34:48,880,1050,58,280,386,797,797
2015-11-24 22:34:49,885,1051,58,280,386,797,797
2015-11-24 22:34:50,888,1052,58,280,386,797,797
2015-11-24 22:34:51,892,1053,58,280,386,797,797
2015-11-24 22:34:52,897,1054,58,280,386,797,797
2015-11-24 22:34:53,902,1055,58,280,386,797,797
2015-11-24 22:34:54,906,1056,58,280,386,797,797
2015-11-24 22:34:55,912,1057,58,280,386,797,797
2015-11-24 22:34:56,914,1058,58,280,386,797,797
2015-11-24 22:34:57,915,1059,58,280,386,797,797
2015-11-24 22:34:58,921,1060,58,280,386,797,797
2015-11-24 22:34:59,921,1061,58,280,386,797,797
2015-11-24 22:35:00,926,1062,58,280,386,797,797
2015-11-24 22:35:01,929,1063,58,280,385,797,797
2015-11-24 22:35:02,934,1064,58,280,386,797,797
2015-11-24 22:35:03,938,1065,58,280,385,797,797
2015-11-24 22:35:04,941,1066,58,280,386,797,797
2015-11-24 22:35:05,946,1067,58,280,385,797,797
2015-11-24 22:35:06,947,1068,58,280,385,797,797
2015-11-24 22:35:07,950,1069,58,280,385,797,797
2015-11-24 22:35:08,956,1070,58,280,385,797,797
2015-11-24 22:35:09,957,1071,58,280,385,797,797
2015-11-24 22:35:10,962,1072,58,280,385,797,797
2015-11-24 22:35:11,965,1073,58,280,385,797,797
2015-11-24 22:35:12,970,1074,58,279,385,797,797
2015-11-24 22:35:13,971,1075,58,280,385,797,797
2015-11-24 22:35:14,973,1076,58,279,385,797,797
2015-11-24 22:35:15,977,1077,58,280,385,797,797
2015-11-24 22:35:16,982,1078,58,279,385,797,797
2015-11-24 22:35:17,985,1079,58,280,385,797,797
2015-11-24 22:35:18,990,1080,58,279,385,797,797
2015-11-24 22:35:19,994,1081,58,279,385,797,797
2015-11-24 22:35:20,999,1082,58,279,385,797,797
2015-11-24 22:35:22,002,1083,58,279,385,797,797
2015-11-24 22:35:23,007,1084,58,279,385,797,797
2015-11-24 22:35:24,011,1085,58,279,385,797,797
2015-11-24 22:35:25,016,1086,58,279,385,797,797
2015-11-24 22:35:26,019,1087,58,279,385,797,797
2015-11-24 22:35:27,021,1088,58,279,385,797,797
2015-11-24 22:35:28,026,1089,58,279,385,797,797
2015-11-24 22:35:29,029,1090,58,279,385,797,797
2015-11-24 22:35:30,029,1091,58,279,385,797,797
2015-11-24 22:35:31,035,1092,58,279,385,797,797
2015-11-24 22:35:32,040,1093,58,279,385,797,797
2015-11-24 22:35:33,043,1094,58,279,385,797,797
2015-11-24 22:35:34,047,1095,58,279,385,797,797
2015-11-24 22:35:35,052,1096,58,279,385,797,797
2015-11-24 22:35:36,055,1097,58,279,385,797,797
2015-11-24 22:35:37,060,1098,58,278,385,797,797
2015-11-24 22:35:38,066,1099,58,278,385,797,797
2015-11-24 22:35:39,069,1100,58,278,385,797,797
2015-11-24 22:35:40,071,1101,58,278,385,797,797
2015-11-24 22:35:41,077,1102,58,278,384,797,797
2015-11-24 22:35:42,082,1103,58,278,384,797,797
2015-11-24 22:35:43,086,1104,58,278,384,797,797
2015-11-24 22:35:44,091,1105,58,278,385,797,797
2015-11-24 22:35:45,094,1106,58,278,384,797,797
2015-11-24 22:35:46,097,1107,58,278,384,797,797
2015-11-24 22:35:47,103,1108,58,278,384,797,797
2015-11-24 22:35:48,108,1109,58,278,385,797,797
2015-11-24 22:35:49,114,1110,58,278,385,797,797
2015-11-24 22:35:50,120,1111,58,277,385,797,797
2015-11-24 22:35:51,126,1112,58,277,385,797,797
2015-11-24 22:35:52,130,1113,58,277,385,797,797
2015-11-24 22:35:53,131,1114,58,277,384,797,797
2015-11-24 22:35:54,136,1115,58,277,384,797,797
2015-11-24 22:35:55,140,1116,58,277,383,797,797
2015-11-24 22:35:56,144,1117,58,276,383,797,797
2015-11-24 22:35:57,145,1118,58,276,383,797,797
2015-11-24 22:35:58,146,1119,58,276,382,797,797
2015-11-24 22:35:59,147,1120,58,276,382,797,797
2015-11-24 22:36:00,152,1121,58,276,382,797,797
2015-11-24 22:36:01,158,1122,58,275,381,797,797
2015-11-24 22:36:02,160,1123,58,275,381,797,797
2015-11-24 22:36:03,165,1124,58,275,380,797,797
2015-11-24 22:36:04,170,1125,58,275,379,797,797
2015-11-24 22:36:05,174,1126,58,275,379,797,797
2015-11-24 22:36:06,177,1127,58,275,378,797,797
2015-11-24 22:36:07,182,1128,58,275,378,797,797
