2017-01-08 20:23:34,013,coffee,datetime,ms,seconds,ambient_temp,thermocouple_0_temp,thermocouple_1_temp,thermocouple_2_temp,thermocouple_3_temp
2017-01-08 20:23:36,161,2,72,497,444,786,787
2017-01-08 20:23:37,167,3,72,489,439,786,787
2017-01-08 20:23:38,172,4,72,478,433,786,787
2017-01-08 20:23:39,175,5,72,466,426,786,787
2017-01-08 20:23:40,180,6,72,454,420,786,787
2017-01-08 20:23:41,186,7,72,443,414,786,787
2017-01-08 20:23:42,192,8,72,432,411,786,787
2017-01-08 20:23:43,196,9,72,422,408,786,787
2017-01-08 20:23:44,198,10,72,412,406,786,787
2017-01-08 20:23:45,200,11,72,403,403,786,787
2017-01-08 20:23:46,205,12,72,393,401,786,787
2017-01-08 20:23:47,206,13,72,384,399,786,787
2017-01-08 20:23:48,212,14,72,375,397,786,787
2017-01-08 20:23:49,214,15,72,368,395,786,787
2017-01-08 20:23:50,217,16,72,360,393,786,787
2017-01-08 20:23:51,222,17,72,353,392,786,787
2017-01-08 20:23:52,223,18,72,346,390,786,787
2017-01-08 20:23:53,224,19,72,339,389,786,787
2017-01-08 20:23:54,230,20,72,332,387,786,787
2017-01-08 20:23:55,233,21,72,327,386,786,787
2017-01-08 20:23:56,236,22,72,321,385,786,787
2017-01-08 20:23:57,239,23,72,315,384,786,787
2017-01-08 20:23:58,242,24,72,310,382,786,787
2017-01-08 20:23:59,245,25,72,304,381,786,787
2017-01-08 20:24:00,249,26,72,299,380,786,787
2017-01-08 20:24:01,250,27,72,295,380,786,787
2017-01-08 20:24:02,255,28,72,290,379,786,787
2017-01-08 20:24:03,257,29,72,287,378,786,787
2017-01-08 20:24:04,260,30,72,282,377,786,787
2017-01-08 20:24:05,262,31,72,279,376,786,787
2017-01-08 20:24:06,267,32,72,275,376,786,787
2017-01-08 20:24:07,270,33,72,271,375,786,787
2017-01-08 20:24:08,273,34,72,268,374,786,787
2017-01-08 20:24:09,276,35,72,265,374,786,787
2017-01-08 20:24:10,279,36,72,262,373,786,787
2017-01-08 20:24:11,283,37,72,259,373,786,787
2017-01-08 20:24:12,285,38,72,257,372,786,787
2017-01-08 20:24:13,286,39,72,254,371,786,787
2017-01-08 20:24:14,291,40,72,251,371,786,787
2017-01-08 20:24:15,294,41,72,249,371,786,787
2017-01-08 20:24:16,299,42,72,247,370,786,787
2017-01-08 20:24:17,300,43,72,245,370,786,787
2017-01-08 20:24:18,303,44,72,243,370,786,787
2017-01-08 20:24:19,306,45,72,241,370,786,787
2017-01-08 20:24:20,310,46,72,239,370,786,787
2017-01-08 20:24:21,313,47,72,237,370,786,787
2017-01-08 20:24:22,316,48,72,236,370,786,787
2017-01-08 20:24:23,319,49,72,234,370,786,787
2017-01-08 20:24:24,322,50,72,233,370,786,787
2017-01-08 20:24:25,325,51,72,232,371,786,787
2017-01-08 20:24:26,328,52,72,230,371,786,787
2017-01-08 20:24:27,331,53,72,229,371,786,787
2017-01-08 20:24:28,334,54,72,228,371,786,787
2017-01-08 20:24:29,337,55,72,227,371,786,787
2017-01-08 20:24:30,340,56,72,227,371,786,787
2017-01-08 20:24:31,343,57,72,226,372,786,787
2017-01-08 20:24:32,350,58,72,225,372,786,787
2017-01-08 20:24:33,351,59,72,224,372,786,787
2017-01-08 20:24:34,353,60,72,224,372,786,787
2017-01-08 20:24:35,356,61,72,223,372,786,787
2017-01-08 20:24:36,357,62,72,222,372,786,787
2017-01-08 20:24:37,362,63,72,222,373,786,787
2017-01-08 20:24:38,365,64,72,222,373,786,787
2017-01-08 20:24:39,368,65,72,221,373,786,787
2017-01-08 20:24:40,371,66,72,221,374,786,787
2017-01-08 20:24:41,374,67,72,221,374,786,787
2017-01-08 20:24:42,379,68,72,221,374,786,787
2017-01-08 20:24:43,381,69,72,221,374,786,787
2017-01-08 20:24:44,383,70,72,221,374,786,787
2017-01-08 20:24:45,386,71,72,221,375,786,787
2017-01-08 20:24:46,389,72,72,220,374,786,787
2017-01-08 20:24:47,392,73,72,220,375,786,787
2017-01-08 20:24:48,398,74,72,220,375,786,787
2017-01-08 20:24:49,403,75,72,221,375,786,787
2017-01-08 20:24:50,405,76,72,221,376,786,787
2017-01-08 20:24:51,410,77,72,221,376,786,787
2017-01-08 20:24:52,416,78,72,221,376,786,787
2017-01-08 20:24:53,422,79,72,221,377,786,787
2017-01-08 20:24:54,426,80,72,222,377,786,787
2017-01-08 20:24:55,428,81,72,222,377,786,787
2017-01-08 20:24:56,435,82,72,222,378,786,787
2017-01-08 20:24:57,440,83,72,223,378,786,787
2017-01-08 20:24:58,443,84,72,223,379,786,787
2017-01-08 20:24:59,448,85,72,224,379,786,787
2017-01-08 20:25:00,449,86,72,224,380,786,787
2017-01-08 20:25:01,450,87,72,225,380,786,787
2017-01-08 20:25:02,455,88,72,225,381,786,787
2017-01-08 20:25:03,458,89,72,225,381,786,787
2017-01-08 20:25:04,461,90,72,226,382,786,787
2017-01-08 20:25:05,464,91,72,226,382,786,787
2017-01-08 20:25:06,467,92,72,227,383,786,787
2017-01-08 20:25:07,473,93,72,227,383,786,787
2017-01-08 20:25:08,478,94,72,228,383,786,787
2017-01-08 20:25:09,484,95,72,229,384,786,787
2017-01-08 20:25:10,485,96,72,229,384,786,787
2017-01-08 20:25:11,491,97,72,230,385,786,787
2017-01-08 20:25:12,493,98,72,231,385,786,787
2017-01-08 20:25:13,497,99,72,231,386,786,787
2017-01-08 20:25:14,499,100,72,232,386,786,787
2017-01-08 20:25:15,502,101,72,233,386,786,787
2017-01-08 20:25:16,503,102,72,234,387,786,787
2017-01-08 20:25:17,506,103,72,234,387,786,787
2017-01-08 20:25:18,509,104,72,235,388,786,787
2017-01-08 20:25:19,514,105,72,236,388,786,787
2017-01-08 20:25:20,515,106,72,237,389,786,787
2017-01-08 20:25:21,520,107,72,237,389,786,787
2017-01-08 20:25:22,526,108,72,238,390,786,787
2017-01-08 20:25:23,532,109,72,239,390,786,787
2017-01-08 20:25:24,538,110,72,240,390,786,787
2017-01-08 20:25:25,543,111,72,240,391,786,787
2017-01-08 20:25:26,547,112,72,241,391,786,787
2017-01-08 20:25:27,548,113,72,242,392,786,787
2017-01-08 20:25:28,551,114,72,243,392,786,787
2017-01-08 20:25:29,555,115,72,244,392,786,787
2017-01-08 20:25:30,558,116,72,245,393,786,787
2017-01-08 20:25:31,561,117,72,245,393,786,787
2017-01-08 20:25:32,564,118,72,246,394,786,787
2017-01-08 20:25:33,565,119,72,247,394,786,787
2017-01-08 20:25:34,570,120,72,248,395,786,787
2017-01-08 20:25:35,573,121,72,249,395,786,787
2017-01-08 20:25:36,576,122,72,250,395,786,787
2017-01-08 20:25:37,579,123,72,250,396,786,787
2017-01-08 20:25:38,582,124,72,251,396,786,787
2017-01-08 20:25:39,587,125,72,252,397,786,788
2017-01-08 20:25:40,588,126,72,253,397,786,787
2017-01-08 20:25:41,591,127,72,254,397,786,787
2017-01-08 20:25:42,596,128,72,255,398,786,788
2017-01-08 20:25:43,600,129,72,256,398,786,788
2017-01-08 20:25:44,606,130,72,257,399,786,787
2017-01-08 20:25:45,610,131,72,258,399,786,788
2017-01-08 20:25:46,614,132,72,259,399,786,787
2017-01-08 20:25:47,617,133,72,260,400,786,787
2017-01-08 20:25:48,623,134,72,260,400,786,787
2017-01-08 20:25:49,629,135,72,261,400,786,787
2017-01-08 20:25:50,634,136,72,262,401,786,788
2017-01-08 20:25:51,639,137,72,263,401,786,788
2017-01-08 20:25:52,642,138,72,264,401,786,787
2017-01-08 20:25:53,646,139,72,265,401,786,788
2017-01-08 20:25:54,648,140,72,266,401,786,787
2017-01-08 20:25:55,651,141,72,267,402,786,788
2017-01-08 20:25:56,654,142,72,267,402,786,788
2017-01-08 20:25:57,657,143,72,268,402,786,787
2017-01-08 20:25:58,659,144,72,269,403,786,788
2017-01-08 20:25:59,663,145,72,270,403,786,788
2017-01-08 20:26:00,666,146,72,271,403,786,788
2017-01-08 20:26:01,669,147,72,272,403,786,787
2017-01-08 20:26:02,673,148,72,273,404,786,788
2017-01-08 20:26:03,678,149,72,274,404,786,787
2017-01-08 20:26:04,684,150,72,275,404,786,788
2017-01-08 20:26:05,687,151,72,276,405,786,788
2017-01-08 20:26:06,688,152,72,277,405,786,788
2017-01-08 20:26:07,690,153,72,277,405,786,788
2017-01-08 20:26:08,696,154,72,278,405,786,788
2017-01-08 20:26:09,698,155,72,279,406,787,788
2017-01-08 20:26:10,704,156,72,280,406,787,788
2017-01-08 20:26:11,710,157,72,281,406,786,788
2017-01-08 20:26:12,716,158,72,282,406,786,788
2017-01-08 20:26:13,722,159,72,283,407,786,788
2017-01-08 20:26:14,726,160,72,284,407,786,787
2017-01-08 20:26:15,729,161,72,285,407,786,788
2017-01-08 20:26:16,732,162,72,286,407,786,788
2017-01-08 20:26:17,734,163,72,286,408,786,788
2017-01-08 20:26:18,740,164,72,287,408,786,788
2017-01-08 20:26:19,746,165,72,288,408,787,788
2017-01-08 20:26:20,752,166,72,289,408,786,788
2017-01-08 20:26:21,757,167,72,290,409,787,788
2017-01-08 20:26:22,764,168,72,291,409,787,788
2017-01-08 20:26:23,765,169,72,292,409,787,788
2017-01-08 20:26:24,770,170,72,293,410,787,788
2017-01-08 20:26:25,776,171,72,293,410,787,788
2017-01-08 20:26:26,779,172,72,294,410,786,788
2017-01-08 20:26:27,782,173,72,295,411,786,788
2017-01-08 20:26:28,784,174,72,296,411,787,788
2017-01-08 20:26:29,789,175,72,297,411,786,788
2017-01-08 20:26:30,792,176,72,298,411,786,788
2017-01-08 20:26:31,795,177,72,298,412,786,788
2017-01-08 20:26:32,796,178,72,299,412,786,788
2017-01-08 20:26:33,801,179,72,300,412,786,788
2017-01-08 20:26:34,804,180,72,301,412,786,788
2017-01-08 20:26:35,807,181,72,302,413,786,788
2017-01-08 20:26:36,810,182,72,303,413,787,788
2017-01-08 20:26:37,813,183,72,303,413,787,788
2017-01-08 20:26:38,816,184,71,304,414,786,788
2017-01-08 20:26:39,819,185,71,305,414,786,788
2017-01-08 20:26:40,821,186,72,306,414,787,788
2017-01-08 20:26:41,823,187,72,307,414,787,788
2017-01-08 20:26:42,823,188,72,308,415,787,788
2017-01-08 20:26:43,824,189,72,308,415,787,788
2017-01-08 20:26:44,825,190,72,309,415,787,788
2017-01-08 20:26:45,825,191,71,310,415,786,788
2017-01-08 20:26:46,826,192,71,311,415,786,788
2017-01-08 20:26:47,827,193,72,312,416,787,788
2017-01-08 20:26:48,828,194,72,313,416,787,788
2017-01-08 20:26:49,828,195,72,314,416,787,788
2017-01-08 20:26:50,829,196,71,314,416,786,788
2017-01-08 20:26:51,829,197,72,315,416,787,788
2017-01-08 20:26:52,830,198,72,316,417,787,788
2017-01-08 20:26:53,830,199,71,317,417,786,788
2017-01-08 20:26:54,830,200,72,318,417,787,788
2017-01-08 20:26:55,831,201,72,318,417,787,788
2017-01-08 20:26:56,831,202,71,319,417,786,788
2017-01-08 20:26:57,832,203,72,320,418,787,788
2017-01-08 20:26:58,833,204,72,321,418,787,788
2017-01-08 20:26:59,833,205,72,322,418,787,788
2017-01-08 20:27:00,834,206,71,322,418,787,788
2017-01-08 20:27:01,836,207,72,323,419,787,788
2017-01-08 20:27:02,839,208,71,324,419,787,788
2017-01-08 20:27:03,844,209,72,325,419,787,788
2017-01-08 20:27:04,845,210,72,325,419,787,788
2017-01-08 20:27:05,849,211,72,326,420,787,788
2017-01-08 20:27:06,852,212,71,327,420,787,788
2017-01-08 20:27:07,855,213,72,328,420,787,788
2017-01-08 20:27:08,857,214,72,328,420,787,788
2017-01-08 20:27:09,861,215,71,329,421,787,788
2017-01-08 20:27:10,867,216,71,330,421,787,788
2017-01-08 20:27:11,868,217,72,331,421,787,788
2017-01-08 20:27:12,872,218,72,331,421,787,788
2017-01-08 20:27:13,874,219,71,332,421,787,788
2017-01-08 20:27:14,877,220,72,333,422,787,788
2017-01-08 20:27:15,879,221,71,334,422,787,788
2017-01-08 20:27:16,883,222,72,334,422,787,788
2017-01-08 20:27:17,886,223,72,335,422,787,788
2017-01-08 20:27:18,889,224,71,336,422,787,788
2017-01-08 20:27:19,894,225,71,336,423,787,788
2017-01-08 20:27:20,896,226,71,337,423,787,788
2017-01-08 20:27:21,898,227,71,338,423,787,788
2017-01-08 20:27:22,901,228,71,339,423,787,788
2017-01-08 20:27:23,904,229,72,339,424,787,788
2017-01-08 20:27:24,909,230,71,340,424,787,788
2017-01-08 20:27:25,910,231,71,341,424,787,788
2017-01-08 20:27:26,912,232,72,341,424,787,788
2017-01-08 20:27:27,916,233,71,342,424,787,788
2017-01-08 20:27:28,919,234,71,343,424,787,788
2017-01-08 20:27:29,922,235,71,344,425,787,788
2017-01-08 20:27:30,926,236,71,344,425,787,788
2017-01-08 20:27:31,928,237,71,345,425,787,788
2017-01-08 20:27:32,931,238,72,346,425,787,788
2017-01-08 20:27:33,933,239,71,346,425,787,788
2017-01-08 20:27:34,934,240,71,347,426,787,788
2017-01-08 20:27:35,936,241,71,347,426,787,788
2017-01-08 20:27:36,941,242,71,348,426,787,788
2017-01-08 20:27:37,944,243,72,349,426,787,788
2017-01-08 20:27:38,950,244,71,350,427,787,788
2017-01-08 20:27:39,951,245,71,350,427,787,788
2017-01-08 20:27:40,956,246,71,351,427,787,788
2017-01-08 20:27:41,959,247,71,351,428,787,788
2017-01-08 20:27:42,964,248,71,352,428,787,788
2017-01-08 20:27:43,966,249,71,353,428,787,788
2017-01-08 20:27:44,967,250,71,354,428,787,788
2017-01-08 20:27:45,971,251,71,354,429,787,788
2017-01-08 20:27:46,975,252,71,355,429,787,788
2017-01-08 20:27:47,978,253,71,356,429,787,788
2017-01-08 20:27:48,979,254,71,356,429,787,788
2017-01-08 20:27:49,984,255,71,357,430,787,788
2017-01-08 20:27:50,987,256,71,358,430,787,788
2017-01-08 20:27:51,992,257,71,358,430,787,788
2017-01-08 20:27:52,993,258,71,359,431,787,788
2017-01-08 20:27:53,994,259,72,360,431,787,788
2017-01-08 20:27:54,999,260,71,360,431,787,788
2017-01-08 20:27:56,002,261,71,361,431,787,788
2017-01-08 20:27:57,005,262,71,362,432,787,788
2017-01-08 20:27:58,008,263,72,362,432,787,788
2017-01-08 20:27:59,011,264,71,363,432,787,788
2017-01-08 20:28:00,015,266,71,363,432,787,788
2017-01-08 20:28:01,015,267,71,364,433,787,788
2017-01-08 20:28:02,021,268,71,365,433,787,788
2017-01-08 20:28:03,023,269,71,365,433,787,788
2017-01-08 20:28:04,027,270,71,366,433,787,788
2017-01-08 20:28:05,030,271,71,367,434,787,788
2017-01-08 20:28:06,033,272,71,367,434,787,788
2017-01-08 20:28:07,036,273,72,368,434,787,788
2017-01-08 20:28:08,039,274,71,368,434,787,788
2017-01-08 20:28:09,042,275,71,369,434,787,788
2017-01-08 20:28:10,043,276,72,370,435,787,788
2017-01-08 20:28:11,048,277,71,370,435,787,788
2017-01-08 20:28:12,050,278,71,371,435,787,788
2017-01-08 20:28:13,054,279,72,372,435,787,788
2017-01-08 20:28:14,058,280,71,372,435,787,788
2017-01-08 20:28:15,060,281,72,373,435,787,788
2017-01-08 20:28:16,063,282,71,373,435,787,788
2017-01-08 20:28:17,067,283,71,374,435,787,788
2017-01-08 20:28:18,070,284,71,374,436,787,788
2017-01-08 20:28:19,071,285,72,375,436,787,788
2017-01-08 20:28:20,076,286,71,376,436,787,788
2017-01-08 20:28:21,080,287,72,376,436,787,788
2017-01-08 20:28:22,082,288,71,377,436,787,788
2017-01-08 20:28:23,085,289,71,377,437,787,788
2017-01-08 20:28:24,088,290,71,378,437,787,788
2017-01-08 20:28:25,092,291,71,379,437,787,788
2017-01-08 20:28:26,094,292,71,379,437,787,788
2017-01-08 20:28:27,097,293,71,380,437,787,788
2017-01-08 20:28:28,101,294,71,380,437,787,788
2017-01-08 20:28:29,103,295,72,381,438,787,788
2017-01-08 20:28:30,104,296,71,381,438,787,788
2017-01-08 20:28:31,110,297,71,382,438,787,788
2017-01-08 20:28:32,113,298,72,383,438,787,788
2017-01-08 20:28:33,116,299,71,383,438,787,788
2017-01-08 20:28:34,119,300,71,384,438,787,788
2017-01-08 20:28:35,122,301,71,384,439,787,788
2017-01-08 20:28:36,125,302,71,385,439,787,788
2017-01-08 20:28:37,126,303,72,386,439,787,788
2017-01-08 20:28:38,131,304,71,386,439,787,788
2017-01-08 20:28:39,136,305,71,387,439,787,788
2017-01-08 20:28:40,142,306,71,387,440,787,788
2017-01-08 20:28:41,148,307,72,388,440,787,788
2017-01-08 20:28:42,154,308,71,388,440,787,788
2017-01-08 20:28:43,160,309,71,389,440,787,788
2017-01-08 20:28:44,166,310,71,389,441,787,788
2017-01-08 20:28:45,169,311,71,390,441,787,788
2017-01-08 20:28:46,174,312,71,390,441,787,788
2017-01-08 20:28:47,178,313,72,391,441,787,788
2017-01-08 20:28:48,184,314,71,391,441,787,788
2017-01-08 20:28:49,190,315,71,392,442,787,788
2017-01-08 20:28:50,193,316,71,392,442,787,788
2017-01-08 20:28:51,198,317,72,393,442,787,788
2017-01-08 20:28:52,204,318,72,393,442,787,788
2017-01-08 20:28:53,210,319,72,394,442,787,788
2017-01-08 20:28:54,213,320,71,395,442,787,788
2017-01-08 20:28:55,215,321,72,395,443,787,788
2017-01-08 20:28:56,219,322,71,396,442,787,788
2017-01-08 20:28:57,220,323,72,396,442,787,788
2017-01-08 20:28:58,226,324,72,397,442,787,788
2017-01-08 20:28:59,229,325,71,397,442,787,788
2017-01-08 20:29:00,232,326,72,398,442,787,788
2017-01-08 20:29:01,235,327,72,398,442,787,788
2017-01-08 20:29:02,238,328,71,399,441,786,788
2017-01-08 20:29:03,241,329,71,399,441,787,788
2017-01-08 20:29:04,244,330,72,400,442,787,788
2017-01-08 20:29:05,246,331,72,400,441,787,788
2017-01-08 20:29:06,250,332,71,401,441,787,788
2017-01-08 20:29:07,253,333,71,401,442,786,788
2017-01-08 20:29:08,256,334,72,402,442,787,788
2017-01-08 20:29:09,262,335,71,402,443,787,788
2017-01-08 20:29:10,264,336,71,403,443,787,788
2017-01-08 20:29:11,266,337,72,404,443,787,788
2017-01-08 20:29:12,268,338,71,404,443,787,788
2017-01-08 20:29:13,272,339,71,404,444,787,788
2017-01-08 20:29:14,275,340,72,405,444,787,788
2017-01-08 20:29:15,276,341,72,405,444,787,788
2017-01-08 20:29:16,281,342,71,406,445,787,788
2017-01-08 20:29:17,284,343,71,406,445,787,788
2017-01-08 20:29:18,289,344,72,407,445,787,788
2017-01-08 20:29:19,290,345,72,407,445,787,788
2017-01-08 20:29:20,292,346,72,408,445,787,788
2017-01-08 20:29:21,296,347,72,408,445,787,788
2017-01-08 20:29:22,299,348,71,409,445,787,788
2017-01-08 20:29:23,302,349,72,409,445,787,788
2017-01-08 20:29:24,305,350,72,410,446,787,788
2017-01-08 20:29:25,309,351,71,410,446,787,788
2017-01-08 20:29:26,312,352,72,411,446,787,788
2017-01-08 20:29:27,315,353,72,411,446,787,788
2017-01-08 20:29:28,317,354,72,412,446,787,788
2017-01-08 20:29:29,321,355,72,412,446,787,788
2017-01-08 20:29:30,324,356,71,413,445,787,788
2017-01-08 20:29:31,325,357,71,413,445,787,788
2017-01-08 20:29:32,330,358,72,414,445,787,788
2017-01-08 20:29:33,333,359,72,414,445,787,788
2017-01-08 20:29:34,336,360,71,414,444,786,788
2017-01-08 20:29:35,340,361,71,415,444,786,788
2017-01-08 20:29:36,346,362,72,415,444,787,788
2017-01-08 20:29:37,352,363,71,416,445,786,788
2017-01-08 20:29:38,353,364,72,416,445,787,788
2017-01-08 20:29:39,357,365,72,417,445,787,788
2017-01-08 20:29:40,362,366,72,417,446,787,788
2017-01-08 20:29:41,365,367,72,417,446,787,788
2017-01-08 20:29:42,371,368,72,418,446,787,788
2017-01-08 20:29:43,377,369,72,418,446,787,788
2017-01-08 20:29:44,377,370,72,419,447,787,788
2017-01-08 20:29:45,383,371,72,419,447,787,788
2017-01-08 20:29:46,387,372,72,419,447,787,788
2017-01-08 20:29:47,390,373,72,420,447,787,788
2017-01-08 20:29:48,391,374,72,420,447,787,788
2017-01-08 20:29:49,397,375,72,421,448,787,788
2017-01-08 20:29:50,402,376,72,421,448,787,788
2017-01-08 20:29:51,405,377,72,421,448,787,788
2017-01-08 20:29:52,408,378,72,422,448,787,788
2017-01-08 20:29:53,411,379,72,422,449,787,788
2017-01-08 20:29:54,414,380,72,423,449,787,788
2017-01-08 20:29:55,415,381,71,423,449,786,788
2017-01-08 20:29:56,420,382,72,424,449,787,788
2017-01-08 20:29:57,423,383,72,424,449,787,788
2017-01-08 20:29:58,427,384,72,424,449,787,788
2017-01-08 20:29:59,429,385,72,425,449,787,788
2017-01-08 20:30:00,432,386,72,425,449,787,788
2017-01-08 20:30:01,436,387,72,425,449,786,788
2017-01-08 20:30:02,439,388,72,426,450,786,788
2017-01-08 20:30:03,440,389,72,426,450,787,788
2017-01-08 20:30:04,443,390,72,427,450,787,788
2017-01-08 20:30:05,448,391,72,427,450,787,788
2017-01-08 20:30:06,451,392,72,427,450,787,788
2017-01-08 20:30:07,451,393,72,428,450,786,788
2017-01-08 20:30:08,457,394,72,428,450,787,788
2017-01-08 20:30:09,460,395,72,428,451,786,788
2017-01-08 20:30:10,463,396,72,429,451,786,787
2017-01-08 20:30:11,466,397,72,429,451,787,788
2017-01-08 20:30:12,469,398,72,429,451,786,788
2017-01-08 20:30:13,471,399,72,430,451,787,788
2017-01-08 20:30:14,474,400,72,430,451,786,788
2017-01-08 20:30:15,478,401,72,431,451,786,788
2017-01-08 20:30:16,482,402,72,431,451,786,788
2017-01-08 20:30:17,485,403,72,431,451,787,788
2017-01-08 20:30:18,489,404,72,432,451,787,788
2017-01-08 20:30:19,490,405,72,432,452,786,788
2017-01-08 20:30:20,491,406,72,432,452,786,787
2017-01-08 20:30:21,494,407,72,433,452,787,788
2017-01-08 20:30:22,499,408,72,433,452,787,788
2017-01-08 20:30:23,503,409,72,434,453,787,788
2017-01-08 20:30:24,506,410,72,434,453,787,788
2017-01-08 20:30:25,509,411,72,434,453,787,788
2017-01-08 20:30:26,512,412,72,435,453,787,788
2017-01-08 20:30:27,512,413,72,435,453,787,788
2017-01-08 20:30:28,518,414,72,436,453,787,788
2017-01-08 20:30:29,521,415,72,436,453,787,788
2017-01-08 20:30:30,523,416,72,436,454,787,788
2017-01-08 20:30:31,528,417,72,436,453,786,788
2017-01-08 20:30:32,531,418,72,437,454,786,788
2017-01-08 20:30:33,532,419,72,437,454,787,788
2017-01-08 20:30:34,537,420,72,438,454,787,788
2017-01-08 20:30:35,539,421,72,438,454,787,788
2017-01-08 20:30:36,541,422,72,438,454,786,788
2017-01-08 20:30:37,546,423,72,439,453,787,788
2017-01-08 20:30:38,549,424,72,439,453,787,788
2017-01-08 20:30:39,552,425,72,439,453,786,788
2017-01-08 20:30:40,555,426,72,440,453,786,788
2017-01-08 20:30:41,558,427,72,440,453,786,787
2017-01-08 20:30:42,561,428,72,440,453,786,787
2017-01-08 20:30:43,564,429,72,441,452,786,787
2017-01-08 20:30:44,567,430,72,441,452,786,787
2017-01-08 20:30:45,569,431,72,441,452,786,787
2017-01-08 20:30:46,573,432,72,442,452,786,787
2017-01-08 20:30:47,578,433,72,442,451,786,788
2017-01-08 20:30:48,579,434,72,442,451,786,787
2017-01-08 20:30:49,580,435,72,443,451,786,787
2017-01-08 20:30:50,581,436,72,443,451,787,788
2017-01-08 20:30:51,582,437,72,443,451,786,787
2017-01-08 20:30:52,583,438,72,444,451,786,788
2017-01-08 20:30:53,588,439,72,444,451,787,788
2017-01-08 20:30:54,590,440,72,444,451,786,788
2017-01-08 20:30:55,595,441,72,445,452,786,787
2017-01-08 20:30:56,601,442,72,445,452,787,788
2017-01-08 20:30:57,606,443,72,445,452,787,788
2017-01-08 20:30:58,610,444,72,446,453,787,788
2017-01-08 20:30:59,613,445,72,446,453,786,788
2017-01-08 20:31:00,616,446,72,446,453,786,788
2017-01-08 20:31:01,620,447,72,447,453,786,788
2017-01-08 20:31:02,623,448,72,447,454,787,788
2017-01-08 20:31:03,626,449,72,447,454,786,787
2017-01-08 20:31:04,629,450,72,448,454,786,788
2017-01-08 20:31:05,632,451,72,448,454,786,788
2017-01-08 20:31:06,635,452,72,448,454,786,788
2017-01-08 20:31:07,639,453,72,449,455,787,788
2017-01-08 20:31:08,641,454,72,449,455,786,788
2017-01-08 20:31:09,644,455,72,449,455,786,787
2017-01-08 20:31:10,647,456,72,450,455,786,787
2017-01-08 20:31:11,650,457,72,450,455,786,787
2017-01-08 20:31:12,653,458,72,450,456,786,787
2017-01-08 20:31:13,656,459,72,451,456,786,787
2017-01-08 20:31:14,659,460,72,451,456,786,787
2017-01-08 20:31:15,662,461,72,451,456,786,788
2017-01-08 20:31:16,667,462,72,452,457,786,787
2017-01-08 20:31:17,669,463,72,452,457,786,788
2017-01-08 20:31:18,671,464,72,453,457,787,788
2017-01-08 20:31:19,674,465,72,453,457,787,788
2017-01-08 20:31:20,678,466,72,453,457,786,787
2017-01-08 20:31:21,679,467,72,453,457,786,787
2017-01-08 20:31:22,684,468,72,454,458,786,787
2017-01-08 20:31:23,687,469,72,454,458,786,787
2017-01-08 20:31:24,689,470,72,454,458,786,788
2017-01-08 20:31:25,695,471,72,454,458,786,787
2017-01-08 20:31:26,696,472,72,455,458,786,788
2017-01-08 20:31:27,699,473,72,455,458,786,787
2017-01-08 20:31:28,702,474,72,455,458,787,788
2017-01-08 20:31:29,705,475,72,456,459,786,787
2017-01-08 20:31:30,708,476,72,456,459,786,788
2017-01-08 20:31:31,711,477,72,456,459,786,788
2017-01-08 20:31:32,714,478,72,457,459,786,788
2017-01-08 20:31:33,718,479,72,457,459,786,787
2017-01-08 20:31:34,721,480,72,457,459,786,787
2017-01-08 20:31:35,724,481,72,458,460,786,787
2017-01-08 20:31:36,727,482,72,458,460,786,787
2017-01-08 20:31:37,730,483,72,458,460,786,787
2017-01-08 20:31:38,733,484,72,458,459,786,787
2017-01-08 20:31:39,737,485,72,459,460,786,787
2017-01-08 20:31:40,742,486,72,459,460,786,787
2017-01-08 20:31:41,744,487,72,460,459,786,787
2017-01-08 20:31:42,746,488,72,460,458,786,787
2017-01-08 20:31:43,751,489,72,460,458,786,787
2017-01-08 20:31:44,753,490,72,460,459,786,787
2017-01-08 20:31:45,754,491,72,461,459,786,787
2017-01-08 20:31:46,755,492,72,461,458,786,787
2017-01-08 20:31:47,757,493,72,461,458,786,787
2017-01-08 20:31:48,758,494,72,462,457,786,787
2017-01-08 20:31:49,760,495,72,462,457,786,787
2017-01-08 20:31:50,761,496,72,462,457,786,787
2017-01-08 20:31:51,763,497,72,463,458,786,787
2017-01-08 20:31:52,765,498,72,463,458,786,787
2017-01-08 20:31:53,766,499,72,463,458,786,787
2017-01-08 20:31:54,771,500,72,463,459,786,787
2017-01-08 20:31:55,773,501,72,464,459,786,787
2017-01-08 20:31:56,778,502,72,464,459,786,787
2017-01-08 20:31:57,779,503,72,464,460,786,787
2017-01-08 20:31:58,784,504,72,465,460,786,787
2017-01-08 20:31:59,786,505,72,465,461,786,787
2017-01-08 20:32:00,793,506,72,466,461,786,787
2017-01-08 20:32:01,798,507,72,466,461,786,787
2017-01-08 20:32:02,804,508,72,466,462,786,787
2017-01-08 20:32:03,809,509,72,466,462,786,787
2017-01-08 20:32:04,814,510,72,467,463,786,787
2017-01-08 20:32:05,818,511,72,467,463,786,787
2017-01-08 20:32:06,821,512,72,468,463,786,787
2017-01-08 20:32:07,822,513,72,468,463,786,787
2017-01-08 20:32:08,822,514,72,468,464,786,787
2017-01-08 20:32:09,823,515,72,468,464,786,787
2017-01-08 20:32:10,825,516,72,469,465,786,787
2017-01-08 20:32:11,826,517,72,469,465,786,787
2017-01-08 20:32:12,832,518,72,469,465,786,787
2017-01-08 20:32:13,836,519,72,470,465,786,787
2017-01-08 20:32:14,841,520,72,470,466,786,787
2017-01-08 20:32:15,842,521,72,471,466,786,787
2017-01-08 20:32:16,848,522,72,471,466,786,787
2017-01-08 20:32:17,848,523,72,471,466,786,787
2017-01-08 20:32:18,854,524,72,472,467,786,787
2017-01-08 20:32:19,859,525,72,472,467,786,787
2017-01-08 20:32:20,860,526,72,472,467,786,787
2017-01-08 20:32:21,861,527,72,473,468,786,787
2017-01-08 20:32:22,867,528,72,473,468,786,787
2017-01-08 20:32:23,871,529,72,473,468,786,787
2017-01-08 20:32:24,874,530,72,474,468,786,787
2017-01-08 20:32:25,877,531,72,474,468,786,787
2017-01-08 20:32:26,880,532,72,474,468,786,787
2017-01-08 20:32:27,886,533,72,475,469,786,787
2017-01-08 20:32:28,888,534,72,475,469,786,787
2017-01-08 20:32:29,889,535,72,476,469,786,787
2017-01-08 20:32:30,892,536,72,476,470,786,787
2017-01-08 20:32:31,896,537,72,476,470,786,787
2017-01-08 20:32:32,899,538,72,477,470,786,787
2017-01-08 20:32:33,902,539,72,477,471,786,787
2017-01-08 20:32:34,907,540,72,478,471,786,787
2017-01-08 20:32:35,913,541,72,478,471,786,787
2017-01-08 20:32:36,919,542,72,478,471,786,787
2017-01-08 20:32:37,924,543,72,479,472,786,787
2017-01-08 20:32:38,930,544,72,479,472,786,787
2017-01-08 20:32:39,935,545,72,480,472,786,787
2017-01-08 20:32:40,936,546,72,480,472,786,787
2017-01-08 20:32:41,942,547,72,480,472,786,787
2017-01-08 20:32:42,948,548,72,481,473,786,787
2017-01-08 20:32:43,949,549,72,481,473,786,787
2017-01-08 20:32:44,950,550,72,482,473,786,787
2017-01-08 20:32:45,951,551,72,482,473,786,787
2017-01-08 20:32:46,952,552,72,483,473,786,787
2017-01-08 20:32:47,958,553,72,483,474,786,787
2017-01-08 20:32:48,961,554,72,483,474,786,787
2017-01-08 20:32:49,962,555,72,484,474,786,787
2017-01-08 20:32:50,963,556,72,484,474,786,787
2017-01-08 20:32:51,964,557,72,485,475,786,787
2017-01-08 20:32:52,965,558,72,485,475,786,787
2017-01-08 20:32:53,966,559,72,485,475,786,787
2017-01-08 20:32:54,967,560,72,486,475,786,787
2017-01-08 20:32:55,968,561,72,486,476,786,787
2017-01-08 20:32:56,969,562,72,487,476,786,787
2017-01-08 20:32:57,970,563,72,487,476,786,787
2017-01-08 20:32:58,972,564,72,487,476,786,787
2017-01-08 20:32:59,978,565,72,488,476,786,787
2017-01-08 20:33:00,984,566,72,488,476,786,787
2017-01-08 20:33:01,988,567,72,489,476,786,787
2017-01-08 20:33:02,995,568,72,489,476,786,787
2017-01-08 20:33:04,006,569,72,490,476,786,787
2017-01-08 20:33:05,008,570,72,490,476,786,787
2017-01-08 20:33:06,015,572,72,491,476,786,787
2017-01-08 20:33:07,019,573,72,491,476,786,787
2017-01-08 20:33:08,023,574,72,491,477,786,787
2017-01-08 20:33:09,027,575,72,492,477,786,787
2017-01-08 20:33:10,036,576,72,492,477,786,787
2017-01-08 20:33:11,046,577,72,493,477,786,787
2017-01-08 20:33:12,048,578,72,493,477,786,787
2017-01-08 20:33:13,054,579,72,494,477,786,787
2017-01-08 20:33:14,058,580,72,494,477,786,787
2017-01-08 20:33:15,063,581,72,495,477,786,787
2017-01-08 20:33:16,068,582,72,495,477,786,787
2017-01-08 20:33:17,070,583,72,495,477,786,787
2017-01-08 20:33:18,081,584,72,496,477,786,787
2017-01-08 20:33:19,087,585,72,496,477,786,787
2017-01-08 20:33:20,093,586,72,496,477,786,787
2017-01-08 20:33:21,098,587,72,497,477,786,787
2017-01-08 20:33:22,099,588,72,497,478,786,787
2017-01-08 20:33:23,102,589,72,498,478,786,787
2017-01-08 20:33:24,103,590,72,498,478,786,787
2017-01-08 20:33:25,108,591,72,498,478,786,787
2017-01-08 20:33:26,112,592,72,499,479,786,787
2017-01-08 20:33:27,114,593,72,499,479,786,787
2017-01-08 20:33:28,118,594,72,499,479,786,787
2017-01-08 20:33:29,121,595,72,500,479,786,787
2017-01-08 20:33:30,124,596,72,501,480,786,787
2017-01-08 20:33:31,131,597,72,501,480,786,787
2017-01-08 20:33:32,133,598,72,501,480,786,787
2017-01-08 20:33:33,135,599,72,502,481,786,787
2017-01-08 20:33:34,137,600,72,502,481,786,787
2017-01-08 20:33:35,145,601,72,502,481,786,787
2017-01-08 20:33:36,151,602,72,503,482,786,787
2017-01-08 20:33:37,152,603,72,503,482,786,787
2017-01-08 20:33:38,161,604,72,504,482,786,787
2017-01-08 20:33:39,171,605,72,504,483,786,787
2017-01-08 20:33:40,181,606,72,505,483,786,787
2017-01-08 20:33:41,186,607,72,505,483,786,787
2017-01-08 20:33:42,194,608,72,505,483,786,787
2017-01-08 20:33:43,197,609,72,505,483,786,787
2017-01-08 20:33:44,200,610,72,506,483,786,787
2017-01-08 20:33:45,203,611,72,506,483,786,787
2017-01-08 20:33:46,206,612,72,506,483,786,787
2017-01-08 20:33:47,209,613,72,507,484,786,787
2017-01-08 20:33:48,212,614,72,507,484,786,787
2017-01-08 20:33:49,215,615,72,508,484,786,787
2017-01-08 20:33:50,218,616,72,508,484,786,787
2017-01-08 20:33:51,225,617,72,508,484,786,787
2017-01-08 20:33:52,233,618,72,508,484,786,787
2017-01-08 20:33:53,234,619,72,509,484,786,787
2017-01-08 20:33:54,237,620,72,509,484,786,787
2017-01-08 20:33:55,246,621,72,510,484,786,787
2017-01-08 20:33:56,254,622,72,510,484,786,787
2017-01-08 20:33:57,256,623,72,510,484,786,787
2017-01-08 20:33:58,259,624,72,511,484,786,787
2017-01-08 20:33:59,263,625,72,511,484,786,787
2017-01-08 20:34:00,266,626,72,511,484,786,787
2017-01-08 20:34:01,270,627,72,512,484,786,787
2017-01-08 20:34:02,272,628,72,512,484,786,787
2017-01-08 20:34:03,275,629,72,512,484,786,787
2017-01-08 20:34:04,284,630,72,513,484,786,787
2017-01-08 20:34:05,286,631,72,513,484,786,787
2017-01-08 20:34:06,291,632,72,513,484,786,787
2017-01-08 20:34:07,302,633,72,513,484,786,787
2017-01-08 20:34:08,307,634,72,514,484,786,787
2017-01-08 20:34:09,312,635,72,514,484,786,787
2017-01-08 20:34:10,313,636,72,514,484,786,787
2017-01-08 20:34:11,316,637,72,515,484,786,787
2017-01-08 20:34:12,325,638,72,515,484,786,787
2017-01-08 20:34:13,328,639,72,515,484,786,787
2017-01-08 20:34:14,335,640,72,515,484,786,787
2017-01-08 20:34:15,341,641,72,516,484,786,787
2017-01-08 20:34:16,347,642,72,516,484,786,787
2017-01-08 20:34:17,351,643,72,516,484,786,787
2017-01-08 20:34:18,361,644,72,517,484,786,787
2017-01-08 20:34:19,364,645,72,517,484,786,787
2017-01-08 20:34:20,373,646,72,517,484,786,787
2017-01-08 20:34:21,384,647,72,517,484,786,787
2017-01-08 20:34:22,389,648,72,517,485,786,787
2017-01-08 20:34:23,400,649,72,518,485,786,787
2017-01-08 20:34:24,405,650,72,518,485,786,787
2017-01-08 20:34:25,407,651,72,518,485,786,787
2017-01-08 20:34:26,412,652,72,518,485,786,787
2017-01-08 20:34:27,413,653,72,519,485,786,787
2017-01-08 20:34:28,421,654,72,519,485,786,787
2017-01-08 20:34:29,422,655,72,519,484,786,787
2017-01-08 20:34:30,424,656,72,519,484,786,787
2017-01-08 20:34:31,433,657,72,519,483,786,787
2017-01-08 20:34:32,444,658,72,519,483,786,787
2017-01-08 20:34:33,446,659,72,520,484,786,787
2017-01-08 20:34:34,453,660,72,520,484,786,787
2017-01-08 20:34:35,457,661,72,520,484,786,787
2017-01-08 20:34:36,460,662,72,521,484,786,787
2017-01-08 20:34:37,463,663,72,521,484,786,787
2017-01-08 20:34:38,465,664,72,521,484,786,787
2017-01-08 20:34:39,469,665,72,521,484,786,787
2017-01-08 20:34:40,479,666,72,521,484,786,787
2017-01-08 20:34:41,483,667,72,521,484,786,787
2017-01-08 20:34:42,485,668,72,522,484,786,787
2017-01-08 20:34:43,497,669,72,522,484,786,787
2017-01-08 20:34:44,501,670,72,522,484,786,787
2017-01-08 20:34:45,504,671,72,522,484,786,787
2017-01-08 20:34:46,507,672,72,522,484,786,787
2017-01-08 20:34:47,509,673,72,523,484,786,787
2017-01-08 20:34:48,513,674,72,523,484,786,787
2017-01-08 20:34:49,514,675,72,523,484,786,787
2017-01-08 20:34:50,517,676,72,523,484,786,787
2017-01-08 20:34:51,518,677,72,523,484,786,787
2017-01-08 20:34:52,526,678,72,524,484,786,787
2017-01-08 20:34:53,533,679,72,524,484,786,787
2017-01-08 20:34:54,543,680,72,524,484,786,787
2017-01-08 20:34:55,551,681,72,524,483,786,787
2017-01-08 20:34:56,554,682,72,524,483,786,787
2017-01-08 20:34:57,556,683,72,524,482,786,787
2017-01-08 20:34:58,561,684,72,525,482,786,787
2017-01-08 20:34:59,564,685,72,525,481,786,787
2017-01-08 20:35:00,567,686,72,525,480,786,787
2017-01-08 20:35:01,570,687,72,525,479,786,787
2017-01-08 20:35:02,573,688,72,526,479,786,787
2017-01-08 20:35:03,583,689,72,526,478,786,787
2017-01-08 20:35:04,583,690,72,526,477,786,787
2017-01-08 20:35:05,594,691,72,526,477,786,787
2017-01-08 20:35:06,597,692,72,526,476,786,787
2017-01-08 20:35:07,604,693,72,527,476,786,787
2017-01-08 20:35:08,608,694,72,527,475,786,787
2017-01-08 20:35:09,611,695,72,527,475,786,787
2017-01-08 20:35:10,612,696,72,527,474,786,787
2017-01-08 20:35:11,617,697,72,527,473,786,787
2017-01-08 20:35:12,620,698,72,527,472,786,787
2017-01-08 20:35:13,629,699,72,527,472,786,787
2017-01-08 20:35:14,640,700,72,527,471,786,787
2017-01-08 20:35:15,646,701,72,527,471,786,787
2017-01-08 20:35:16,649,702,72,527,471,786,787
2017-01-08 20:35:17,651,703,72,528,470,786,787
2017-01-08 20:35:18,652,704,72,528,470,786,787
2017-01-08 20:35:19,658,705,72,528,470,786,787
2017-01-08 20:35:20,660,706,72,528,469,786,787
2017-01-08 20:35:21,665,707,72,528,468,786,787
2017-01-08 20:35:22,667,708,72,528,468,786,787
2017-01-08 20:35:23,671,709,72,528,468,786,787
2017-01-08 20:35:24,674,710,72,528,467,786,787
2017-01-08 20:35:25,682,711,72,528,467,786,787
2017-01-08 20:35:26,693,712,72,528,467,786,787
2017-01-08 20:35:27,695,713,72,528,467,786,787
2017-01-08 20:35:28,701,714,72,528,467,786,787
2017-01-08 20:35:29,709,715,72,528,467,786,787
2017-01-08 20:35:30,717,716,72,528,466,786,787
2017-01-08 20:35:31,722,717,72,528,466,786,787
2017-01-08 20:35:32,724,718,72,528,465,786,787
2017-01-08 20:35:33,732,719,72,528,465,786,787
2017-01-08 20:35:34,739,720,72,528,465,786,787
2017-01-08 20:35:35,745,721,72,528,465,786,787
2017-01-08 20:35:36,747,722,72,528,465,786,787
2017-01-08 20:35:37,748,723,72,528,465,786,787
2017-01-08 20:35:38,752,724,72,528,464,786,787
2017-01-08 20:35:39,753,725,72,528,464,786,787
2017-01-08 20:35:40,756,726,72,528,464,786,787
2017-01-08 20:35:41,764,727,72,528,464,786,787
2017-01-08 20:35:42,771,728,72,528,463,786,787
2017-01-08 20:35:43,782,729,72,528,463,786,787
2017-01-08 20:35:44,783,730,72,528,463,786,787
2017-01-08 20:35:45,788,731,72,528,462,786,787
2017-01-08 20:35:46,792,732,72,528,462,786,787
2017-01-08 20:35:47,795,733,72,528,462,786,787
2017-01-08 20:35:48,797,734,72,528,463,786,787
2017-01-08 20:35:49,807,735,72,528,462,786,787
2017-01-08 20:35:50,813,736,72,528,462,786,787
2017-01-08 20:35:51,816,737,72,528,462,786,787
2017-01-08 20:35:52,816,738,72,528,462,786,787
2017-01-08 20:35:53,817,739,72,528,461,786,787
2017-01-08 20:35:54,817,740,72,528,461,786,787
2017-01-08 20:35:55,818,741,72,528,461,786,787
2017-01-08 20:35:56,819,742,72,528,460,786,787
2017-01-08 20:35:57,821,743,72,528,460,786,787
2017-01-08 20:35:58,829,744,72,528,460,786,787
2017-01-08 20:35:59,832,745,72,528,460,786,787
2017-01-08 20:36:00,834,746,72,528,459,786,787
2017-01-08 20:36:01,837,747,72,528,458,786,787
2017-01-08 20:36:02,846,748,72,528,458,786,787
2017-01-08 20:36:03,855,749,72,528,458,786,787
2017-01-08 20:36:04,863,750,72,528,457,786,787
2017-01-08 20:36:05,871,751,72,528,457,786,787
2017-01-08 20:36:06,881,752,72,528,456,786,787
2017-01-08 20:36:07,882,753,72,528,456,786,787
2017-01-08 20:36:08,892,754,72,528,456,786,787
2017-01-08 20:36:09,895,755,72,528,456,786,787
2017-01-08 20:36:10,899,756,72,528,456,786,787
2017-01-08 20:36:11,902,757,72,528,455,786,787
2017-01-08 20:36:12,905,758,72,528,455,786,787
2017-01-08 20:36:13,910,759,72,528,454,786,787
2017-01-08 20:36:14,921,760,72,528,454,786,787
2017-01-08 20:36:15,930,761,72,528,453,786,787
2017-01-08 20:36:16,931,762,72,528,453,786,787
2017-01-08 20:36:17,932,763,72,527,453,786,787
2017-01-08 20:36:18,938,764,72,527,453,786,787
2017-01-08 20:36:19,943,765,72,527,452,786,787
2017-01-08 20:36:20,946,766,72,527,452,786,787
2017-01-08 20:36:21,949,767,72,527,451,786,787
2017-01-08 20:36:22,952,768,72,527,452,786,787
2017-01-08 20:36:23,954,769,72,527,452,786,787
2017-01-08 20:36:24,958,770,72,527,452,786,787
2017-01-08 20:36:25,961,771,72,527,452,786,787
2017-01-08 20:36:26,962,772,72,527,452,786,787
2017-01-08 20:36:27,972,773,72,527,452,786,787
2017-01-08 20:36:28,981,774,72,527,452,786,787
2017-01-08 20:36:29,990,775,72,527,452,786,787
2017-01-08 20:36:30,993,776,72,527,452,786,787
2017-01-08 20:36:32,003,777,72,527,452,786,787
2017-01-08 20:36:33,008,778,72,527,452,786,787
2017-01-08 20:36:34,019,780,72,527,452,786,787
2017-01-08 20:36:35,022,781,72,527,452,786,787
2017-01-08 20:36:36,027,782,72,527,452,786,787
2017-01-08 20:36:37,031,783,72,527,452,786,787
2017-01-08 20:36:38,042,784,72,527,452,786,787
2017-01-08 20:36:39,051,785,72,526,452,786,787
2017-01-08 20:36:40,054,786,72,526,452,786,787
2017-01-08 20:36:41,059,787,72,526,452,786,787
2017-01-08 20:36:42,060,788,72,526,452,786,787
2017-01-08 20:36:43,063,789,72,526,452,786,787
2017-01-08 20:36:44,067,790,72,526,452,786,787
2017-01-08 20:36:45,069,791,72,526,452,786,787
2017-01-08 20:36:46,080,792,72,526,452,786,787
2017-01-08 20:36:47,081,793,72,526,452,786,787
2017-01-08 20:36:48,092,794,72,526,452,786,787
2017-01-08 20:36:49,097,795,72,526,452,786,787
2017-01-08 20:36:50,098,796,72,526,451,786,787
2017-01-08 20:36:51,100,797,72,526,451,786,787
2017-01-08 20:36:52,108,798,72,526,450,786,787
2017-01-08 20:36:53,111,799,72,526,450,786,787
2017-01-08 20:36:54,114,800,72,526,449,786,787
2017-01-08 20:36:55,117,801,72,525,449,786,787
2017-01-08 20:36:56,119,802,72,526,449,786,787
2017-01-08 20:36:57,130,803,72,525,449,786,787
2017-01-08 20:36:58,139,804,72,525,448,786,787
2017-01-08 20:36:59,146,805,72,525,447,786,787
2017-01-08 20:37:00,149,806,72,525,447,786,787
2017-01-08 20:37:01,152,807,72,525,447,786,787
2017-01-08 20:37:02,155,808,72,525,447,786,787
2017-01-08 20:37:03,166,809,72,525,447,786,787
2017-01-08 20:37:04,173,810,72,524,447,786,787
2017-01-08 20:37:05,180,811,72,523,447,786,787
2017-01-08 20:37:06,181,812,72,520,445,786,787
2017-01-08 20:37:07,190,813,72,518,443,786,787
2017-01-08 20:37:08,191,814,72,515,440,786,787
2017-01-08 20:37:09,193,815,72,513,437,786,787
2017-01-08 20:37:10,196,816,72,510,433,786,787
2017-01-08 20:37:11,199,817,72,507,430,786,787
2017-01-08 20:37:12,202,818,72,504,427,786,787
2017-01-08 20:37:13,206,819,72,502,424,786,787
2017-01-08 20:37:14,209,820,72,501,424,786,787
2017-01-08 20:37:15,217,821,72,500,425,786,787
2017-01-08 20:37:16,219,822,72,500,426,786,787
2017-01-08 20:37:17,229,823,72,500,427,786,787
2017-01-08 20:37:18,238,824,72,499,428,786,787
2017-01-08 20:37:19,241,825,72,499,429,786,787
2017-01-08 20:37:20,244,826,72,499,429,786,787
2017-01-08 20:37:21,247,827,72,499,430,786,787
2017-01-08 20:37:22,250,828,72,499,431,786,787
2017-01-08 20:37:23,253,829,72,499,433,786,787
2017-01-08 20:37:24,256,830,72,498,433,786,787
2017-01-08 20:37:25,259,831,72,496,433,786,787
2017-01-08 20:37:26,262,832,72,494,432,786,787
2017-01-08 20:37:27,265,833,72,492,431,786,787
