2016-01-10 16:37:49,419,datetime,ms,seconds,ambient_temp,thermocouple_0_temp,thermocouple_1_temp,thermocouple_2_temp,thermocouple_3_temp
2016-01-10 16:37:54,465,5,72,426,387,786,787
2016-01-10 16:37:55,466,6,73,414,380,786,788
2016-01-10 16:37:56,472,7,73,404,373,786,787
2016-01-10 16:37:57,475,8,72,394,369,786,787
2016-01-10 16:37:58,478,9,73,384,366,786,788
2016-01-10 16:37:59,483,10,73,375,364,786,787
2016-01-10 16:38:00,487,11,72,366,362,786,787
2016-01-10 16:38:01,492,12,73,358,360,786,787
2016-01-10 16:38:02,497,13,72,350,358,786,787
2016-01-10 16:38:03,500,14,73,343,356,786,787
2016-01-10 16:38:04,504,15,72,337,354,786,787
2016-01-10 16:38:05,508,16,73,330,353,786,787
2016-01-10 16:38:06,511,17,73,324,351,786,787
2016-01-10 16:38:07,517,18,73,318,350,786,788
2016-01-10 16:38:08,523,19,73,312,349,786,787
2016-01-10 16:38:09,528,20,73,307,348,786,787
2016-01-10 16:38:10,530,21,73,302,346,786,787
2016-01-10 16:38:11,534,22,72,298,345,786,787
2016-01-10 16:38:12,536,23,73,293,344,786,787
2016-01-10 16:38:13,540,24,73,289,343,786,787
2016-01-10 16:38:14,544,25,73,285,342,786,787
2016-01-10 16:38:15,550,26,73,281,342,786,787
2016-01-10 16:38:16,551,27,73,277,341,786,787
2016-01-10 16:38:17,555,28,73,273,340,786,787
2016-01-10 16:38:18,558,29,72,270,339,786,787
2016-01-10 16:38:19,560,30,73,268,339,786,787
2016-01-10 16:38:20,561,31,73,264,338,786,787
2016-01-10 16:38:21,564,32,73,261,337,786,787
2016-01-10 16:38:22,571,33,73,259,336,786,787
2016-01-10 16:38:23,573,34,72,256,336,786,787
2016-01-10 16:38:24,575,35,73,254,335,786,787
2016-01-10 16:38:25,579,36,72,252,335,786,787
2016-01-10 16:38:26,580,37,73,249,334,786,787
2016-01-10 16:38:27,582,38,73,247,334,786,787
2016-01-10 16:38:28,583,39,73,245,334,786,787
2016-01-10 16:38:29,587,40,73,243,333,786,788
2016-01-10 16:38:30,588,41,73,242,333,786,788
2016-01-10 16:38:31,588,42,73,240,333,786,787
2016-01-10 16:38:32,590,43,73,239,332,786,787
2016-01-10 16:38:33,593,44,73,237,332,786,787
2016-01-10 16:38:34,598,45,72,236,332,786,787
2016-01-10 16:38:35,601,46,73,235,331,786,787
2016-01-10 16:38:36,603,47,73,234,331,786,787
2016-01-10 16:38:37,606,48,73,232,331,786,787
2016-01-10 16:38:38,608,49,73,231,331,786,787
2016-01-10 16:38:39,614,50,73,230,331,786,787
2016-01-10 16:38:40,617,51,73,229,331,786,787
2016-01-10 16:38:41,618,52,73,229,330,786,787
2016-01-10 16:38:42,622,53,73,228,330,786,787
2016-01-10 16:38:43,625,54,73,227,330,786,787
2016-01-10 16:38:44,627,55,73,227,330,786,787
2016-01-10 16:38:45,632,56,73,226,330,786,787
2016-01-10 16:38:46,634,57,73,226,330,786,787
2016-01-10 16:38:47,637,58,73,225,330,786,787
2016-01-10 16:38:48,639,59,73,225,330,786,788
2016-01-10 16:38:49,640,60,72,224,330,786,787
2016-01-10 16:38:50,642,61,73,224,331,786,787
2016-01-10 16:38:51,646,62,73,224,332,786,787
2016-01-10 16:38:52,647,63,73,224,332,786,788
2016-01-10 16:38:53,652,64,73,224,333,786,787
2016-01-10 16:38:54,653,65,73,223,334,786,787
2016-01-10 16:38:55,657,66,73,223,335,786,787
2016-01-10 16:38:56,661,67,73,223,336,786,787
2016-01-10 16:38:57,668,68,73,223,337,786,787
2016-01-10 16:38:58,670,69,73,223,338,786,787
2016-01-10 16:38:59,674,70,73,223,338,786,787
2016-01-10 16:39:00,678,71,73,223,339,786,787
2016-01-10 16:39:01,681,72,73,223,340,786,787
2016-01-10 16:39:02,683,73,73,223,341,786,787
2016-01-10 16:39:03,685,74,73,223,341,786,787
2016-01-10 16:39:04,686,75,73,224,342,786,787
2016-01-10 16:39:05,691,76,73,224,343,786,787
2016-01-10 16:39:06,692,77,73,224,344,786,787
2016-01-10 16:39:07,694,78,73,224,344,786,787
2016-01-10 16:39:08,699,79,73,225,345,786,787
2016-01-10 16:39:09,700,80,73,225,346,786,787
2016-01-10 16:39:10,704,81,73,225,346,786,787
2016-01-10 16:39:11,711,82,73,226,347,786,787
2016-01-10 16:39:12,715,83,73,226,347,786,787
2016-01-10 16:39:13,719,84,73,226,348,786,787
2016-01-10 16:39:14,721,85,73,227,349,786,787
2016-01-10 16:39:15,724,86,73,227,349,786,787
2016-01-10 16:39:16,725,87,73,227,350,786,787
2016-01-10 16:39:17,730,88,73,228,350,786,787
2016-01-10 16:39:18,732,89,73,228,351,786,787
2016-01-10 16:39:19,736,90,73,229,351,786,787
2016-01-10 16:39:20,740,91,73,229,352,786,787
2016-01-10 16:39:21,742,92,73,230,352,786,787
2016-01-10 16:39:22,747,93,73,230,353,786,787
2016-01-10 16:39:23,748,94,73,230,353,786,787
2016-01-10 16:39:24,751,95,73,231,354,786,787
2016-01-10 16:39:25,756,96,73,231,354,786,787
2016-01-10 16:39:26,759,97,73,232,355,786,787
2016-01-10 16:39:27,764,98,73,233,355,786,787
2016-01-10 16:39:28,766,99,73,233,355,786,787
2016-01-10 16:39:29,768,100,73,234,355,786,787
2016-01-10 16:39:30,770,101,73,234,356,786,787
2016-01-10 16:39:31,773,102,73,235,356,786,787
2016-01-10 16:39:32,774,103,73,236,357,786,787
2016-01-10 16:39:33,777,104,73,236,357,786,787
2016-01-10 16:39:34,781,105,73,237,358,786,787
2016-01-10 16:39:35,786,106,73,237,358,786,787
2016-01-10 16:39:36,787,107,73,238,359,786,787
2016-01-10 16:39:37,791,108,73,239,359,786,787
2016-01-10 16:39:38,793,109,73,239,360,786,787
2016-01-10 16:39:39,797,110,73,240,360,786,787
2016-01-10 16:39:40,801,111,73,241,360,786,787
2016-01-10 16:39:41,805,112,73,241,361,786,787
2016-01-10 16:39:42,810,113,73,242,361,786,787
2016-01-10 16:39:43,814,114,73,243,362,786,787
2016-01-10 16:39:44,818,115,73,243,362,786,787
2016-01-10 16:39:45,820,116,73,244,363,786,787
2016-01-10 16:39:46,825,117,73,245,363,786,787
2016-01-10 16:39:47,829,118,73,245,363,786,787
2016-01-10 16:39:48,835,119,73,246,364,786,787
2016-01-10 16:39:49,841,120,73,247,364,786,787
2016-01-10 16:39:50,844,121,73,247,364,786,787
2016-01-10 16:39:51,847,122,73,248,365,786,787
2016-01-10 16:39:52,853,123,73,248,365,786,787
2016-01-10 16:39:53,857,124,73,249,365,786,787
2016-01-10 16:39:54,861,125,73,250,366,786,787
2016-01-10 16:39:55,863,126,73,251,366,786,787
2016-01-10 16:39:56,866,127,73,251,366,786,787
2016-01-10 16:39:57,868,128,73,252,367,786,787
2016-01-10 16:39:58,873,129,73,253,367,786,787
2016-01-10 16:39:59,876,130,73,254,367,786,787
2016-01-10 16:40:00,879,131,73,254,368,786,787
2016-01-10 16:40:01,885,132,73,255,368,786,787
2016-01-10 16:40:02,889,133,73,256,369,786,787
2016-01-10 16:40:03,894,134,73,256,369,786,787
2016-01-10 16:40:04,900,135,73,257,369,786,787
2016-01-10 16:40:05,902,136,73,258,370,786,787
2016-01-10 16:40:06,906,137,73,259,370,786,787
2016-01-10 16:40:07,911,138,73,259,370,786,787
2016-01-10 16:40:08,914,139,73,260,371,786,787
2016-01-10 16:40:09,919,140,73,260,371,786,787
2016-01-10 16:40:10,921,141,73,261,371,786,787
2016-01-10 16:40:11,924,142,73,262,372,786,787
2016-01-10 16:40:12,928,143,73,263,372,786,787
2016-01-10 16:40:13,932,144,73,263,372,786,787
2016-01-10 16:40:14,934,145,73,264,373,786,787
2016-01-10 16:40:15,940,146,73,265,373,786,787
2016-01-10 16:40:16,943,147,73,265,373,786,787
2016-01-10 16:40:17,947,148,73,266,374,786,787
2016-01-10 16:40:18,951,149,73,267,374,786,787
2016-01-10 16:40:19,952,150,73,267,374,786,787
2016-01-10 16:40:20,954,151,73,268,375,786,787
2016-01-10 16:40:21,959,152,73,269,375,786,787
2016-01-10 16:40:22,960,153,73,269,375,786,787
2016-01-10 16:40:23,965,154,73,270,376,786,787
2016-01-10 16:40:24,968,155,73,271,376,786,787
2016-01-10 16:40:25,969,156,73,271,376,786,787
2016-01-10 16:40:26,974,157,73,272,376,786,787
2016-01-10 16:40:27,978,158,73,273,377,786,787
2016-01-10 16:40:28,982,159,73,273,377,786,787
2016-01-10 16:40:29,984,160,73,274,377,786,787
2016-01-10 16:40:30,987,161,73,275,377,786,787
2016-01-10 16:40:31,991,162,73,276,378,786,787
2016-01-10 16:40:32,994,163,73,276,378,786,787
2016-01-10 16:40:33,997,164,73,277,378,786,788
2016-01-10 16:40:35,000,165,73,278,379,786,787
2016-01-10 16:40:36,004,166,73,278,379,786,787
2016-01-10 16:40:37,006,167,73,279,379,786,787
2016-01-10 16:40:38,010,168,73,280,380,786,787
2016-01-10 16:40:39,013,169,73,280,380,786,787
2016-01-10 16:40:40,016,170,73,281,380,786,787
2016-01-10 16:40:41,017,171,73,282,381,786,787
2016-01-10 16:40:42,020,172,73,283,381,786,787
2016-01-10 16:40:43,024,173,73,283,381,786,787
2016-01-10 16:40:44,028,174,73,284,382,786,787
2016-01-10 16:40:45,030,175,73,284,382,786,787
2016-01-10 16:40:46,031,176,73,285,383,786,787
2016-01-10 16:40:47,035,177,73,286,383,786,787
2016-01-10 16:40:48,040,178,73,287,383,786,787
2016-01-10 16:40:49,044,179,73,287,383,786,787
2016-01-10 16:40:50,046,180,73,288,384,786,787
2016-01-10 16:40:51,052,181,73,289,384,786,787
2016-01-10 16:40:52,058,182,73,289,384,786,787
2016-01-10 16:40:53,062,183,73,290,384,786,787
2016-01-10 16:40:54,068,184,73,290,385,786,787
2016-01-10 16:40:55,069,185,73,291,385,786,787
2016-01-10 16:40:56,070,186,73,292,385,786,787
2016-01-10 16:40:57,076,187,73,292,385,786,787
2016-01-10 16:40:58,082,188,73,293,385,786,787
2016-01-10 16:40:59,086,189,73,294,386,786,787
2016-01-10 16:41:00,088,190,73,294,386,786,787
2016-01-10 16:41:01,088,191,73,295,386,786,787
2016-01-10 16:41:02,093,192,73,296,387,786,787
2016-01-10 16:41:03,098,193,73,296,387,786,787
2016-01-10 16:41:04,102,194,73,297,387,786,787
2016-01-10 16:41:05,106,195,73,298,387,786,787
2016-01-10 16:41:06,110,196,73,298,388,786,787
2016-01-10 16:41:07,114,197,73,299,388,786,787
2016-01-10 16:41:08,119,198,73,300,388,786,787
2016-01-10 16:41:09,121,199,73,300,389,786,787
2016-01-10 16:41:10,124,200,73,301,389,786,787
2016-01-10 16:41:11,126,201,73,301,389,786,787
2016-01-10 16:41:12,130,202,73,302,390,786,787
2016-01-10 16:41:13,134,203,73,303,390,786,787
2016-01-10 16:41:14,136,204,73,303,390,786,787
2016-01-10 16:41:15,140,205,73,304,391,786,787
2016-01-10 16:41:16,143,206,73,305,391,786,787
2016-01-10 16:41:17,146,207,73,305,391,786,787
2016-01-10 16:41:18,150,208,73,306,391,786,787
2016-01-10 16:41:19,154,209,73,307,391,786,787
2016-01-10 16:41:20,158,210,73,307,392,786,787
2016-01-10 16:41:21,159,211,73,308,392,786,787
2016-01-10 16:41:22,162,212,73,309,392,786,787
2016-01-10 16:41:23,165,213,73,309,392,786,787
2016-01-10 16:41:24,167,214,73,310,393,786,787
2016-01-10 16:41:25,167,215,73,311,393,786,787
2016-01-10 16:41:26,172,216,73,311,393,786,787
2016-01-10 16:41:27,175,217,73,312,393,786,787
2016-01-10 16:41:28,180,218,73,313,394,786,787
2016-01-10 16:41:29,183,219,73,313,394,786,787
2016-01-10 16:41:30,186,220,73,314,394,786,787
2016-01-10 16:41:31,187,221,73,314,394,786,787
2016-01-10 16:41:32,189,222,73,315,395,786,787
2016-01-10 16:41:33,189,223,73,316,395,786,787
2016-01-10 16:41:34,194,224,73,316,395,786,787
2016-01-10 16:41:35,197,225,73,317,395,786,787
2016-01-10 16:41:36,199,226,73,317,396,786,787
2016-01-10 16:41:37,204,227,73,318,396,786,787
2016-01-10 16:41:38,209,228,73,319,396,786,787
2016-01-10 16:41:39,210,229,73,319,396,786,787
2016-01-10 16:41:40,216,230,73,320,397,786,787
2016-01-10 16:41:41,218,231,73,321,397,786,787
2016-01-10 16:41:42,222,232,73,321,397,786,787
2016-01-10 16:41:43,223,233,73,322,397,786,787
2016-01-10 16:41:44,228,234,73,322,397,786,787
2016-01-10 16:41:45,232,235,73,323,398,786,787
2016-01-10 16:41:46,235,236,73,324,398,786,787
2016-01-10 16:41:47,238,237,73,324,398,786,787
2016-01-10 16:41:48,242,238,73,325,399,786,787
2016-01-10 16:41:49,246,239,73,325,399,786,787
2016-01-10 16:41:50,250,240,73,326,399,786,787
2016-01-10 16:41:51,256,241,73,326,399,786,787
2016-01-10 16:41:52,259,242,73,327,399,786,787
2016-01-10 16:41:53,262,243,73,328,400,786,787
2016-01-10 16:41:54,267,244,73,328,400,786,787
2016-01-10 16:41:55,272,245,73,329,400,786,787
2016-01-10 16:41:56,276,246,73,329,401,786,787
2016-01-10 16:41:57,282,247,73,330,401,786,787
2016-01-10 16:41:58,284,248,73,331,401,786,787
2016-01-10 16:41:59,290,249,73,331,401,786,787
2016-01-10 16:42:00,294,250,73,332,402,786,787
2016-01-10 16:42:01,298,251,73,332,402,786,787
2016-01-10 16:42:02,303,252,73,333,402,786,787
2016-01-10 16:42:03,308,253,73,333,402,786,787
2016-01-10 16:42:04,310,254,73,334,403,786,787
2016-01-10 16:42:05,315,255,73,335,403,786,787
2016-01-10 16:42:06,318,256,73,335,403,786,787
2016-01-10 16:42:07,323,257,73,336,403,786,787
2016-01-10 16:42:08,327,258,73,336,404,786,787
2016-01-10 16:42:09,331,259,73,337,404,786,787
2016-01-10 16:42:10,335,260,73,337,404,786,787
2016-01-10 16:42:11,336,261,73,338,404,786,787
2016-01-10 16:42:12,339,262,73,339,404,786,787
2016-01-10 16:42:13,342,263,73,339,405,786,787
2016-01-10 16:42:14,349,264,73,340,405,786,787
2016-01-10 16:42:15,353,265,73,340,405,786,787
2016-01-10 16:42:16,358,266,73,341,406,786,787
2016-01-10 16:42:17,359,267,73,341,406,786,787
2016-01-10 16:42:18,363,268,73,342,406,786,787
2016-01-10 16:42:19,368,269,73,343,406,786,787
2016-01-10 16:42:20,373,270,73,343,406,786,787
2016-01-10 16:42:21,377,271,73,344,407,786,787
2016-01-10 16:42:22,379,272,73,344,407,786,787
2016-01-10 16:42:23,384,273,73,345,407,786,787
2016-01-10 16:42:24,386,274,73,345,407,786,787
2016-01-10 16:42:25,388,275,73,346,408,786,787
2016-01-10 16:42:26,392,276,73,347,408,786,787
2016-01-10 16:42:27,394,277,73,347,408,786,787
2016-01-10 16:42:28,396,278,73,348,409,786,787
2016-01-10 16:42:29,397,279,73,348,409,786,787
2016-01-10 16:42:30,401,280,73,349,409,786,787
2016-01-10 16:42:31,407,281,73,349,409,786,787
2016-01-10 16:42:32,408,282,73,350,409,786,787
2016-01-10 16:42:33,413,283,73,350,410,786,787
2016-01-10 16:42:34,416,284,73,351,410,786,787
2016-01-10 16:42:35,421,286,73,351,410,786,787
2016-01-10 16:42:36,422,287,73,352,410,786,787
2016-01-10 16:42:37,428,288,73,352,410,786,787
2016-01-10 16:42:38,431,289,73,353,411,786,787
2016-01-10 16:42:39,433,290,73,354,411,786,787
2016-01-10 16:42:40,435,291,73,354,411,786,787
2016-01-10 16:42:41,438,292,73,355,411,786,787
2016-01-10 16:42:42,440,293,73,355,412,786,787
2016-01-10 16:42:43,443,294,73,356,412,786,787
2016-01-10 16:42:44,445,295,73,356,412,786,787
2016-01-10 16:42:45,446,296,73,357,412,786,787
2016-01-10 16:42:46,451,297,73,357,413,786,787
2016-01-10 16:42:47,453,298,73,358,413,786,787
2016-01-10 16:42:48,455,299,73,358,413,786,787
2016-01-10 16:42:49,460,300,73,359,413,786,787
2016-01-10 16:42:50,464,301,73,359,414,786,787
2016-01-10 16:42:51,469,302,73,360,414,786,787
2016-01-10 16:42:52,472,303,73,360,414,786,787
2016-01-10 16:42:53,475,304,73,361,415,786,787
2016-01-10 16:42:54,480,305,73,362,415,786,787
2016-01-10 16:42:55,484,306,73,362,415,786,787
2016-01-10 16:42:56,486,307,73,363,415,786,787
2016-01-10 16:42:57,487,308,73,363,416,786,787
2016-01-10 16:42:58,493,309,73,364,416,786,787
2016-01-10 16:42:59,493,310,73,364,416,786,787
2016-01-10 16:43:00,498,311,73,365,416,786,787
2016-01-10 16:43:01,503,312,73,365,416,786,787
2016-01-10 16:43:02,503,313,73,366,417,786,787
2016-01-10 16:43:03,508,314,73,366,417,786,787
2016-01-10 16:43:04,510,315,73,367,417,786,787
2016-01-10 16:43:05,514,316,73,367,418,786,787
2016-01-10 16:43:06,519,317,73,368,418,786,787
2016-01-10 16:43:07,525,318,73,368,418,786,787
2016-01-10 16:43:08,529,319,73,369,418,786,787
2016-01-10 16:43:09,534,320,73,369,419,786,787
2016-01-10 16:43:10,539,321,73,370,419,786,787
2016-01-10 16:43:11,542,322,73,370,419,786,787
2016-01-10 16:43:12,546,323,73,371,419,786,787
2016-01-10 16:43:13,550,324,73,371,419,786,787
2016-01-10 16:43:14,555,325,73,372,420,786,787
2016-01-10 16:43:15,559,326,73,372,420,786,787
2016-01-10 16:43:16,560,327,73,373,420,786,787
2016-01-10 16:43:17,563,328,73,373,420,786,787
2016-01-10 16:43:18,566,329,73,374,421,786,787
2016-01-10 16:43:19,571,330,73,374,421,786,787
2016-01-10 16:43:20,575,331,73,375,421,786,787
2016-01-10 16:43:21,577,332,73,375,421,786,787
2016-01-10 16:43:22,583,333,73,376,422,786,787
2016-01-10 16:43:23,587,334,73,376,422,786,787
2016-01-10 16:43:24,592,335,73,377,422,786,787
2016-01-10 16:43:25,597,336,73,377,422,786,787
2016-01-10 16:43:26,602,337,73,378,423,786,787
2016-01-10 16:43:27,604,338,73,378,423,786,787
2016-01-10 16:43:28,608,339,73,379,423,786,787
2016-01-10 16:43:29,609,340,73,379,423,786,787
2016-01-10 16:43:30,615,341,73,380,424,786,787
2016-01-10 16:43:31,616,342,73,380,424,786,787
2016-01-10 16:43:32,620,343,73,381,424,786,787
2016-01-10 16:43:33,624,344,73,381,424,786,787
2016-01-10 16:43:34,626,345,73,382,425,786,787
2016-01-10 16:43:35,632,346,73,382,425,786,787
2016-01-10 16:43:36,635,347,73,383,425,786,787
2016-01-10 16:43:37,641,348,73,383,424,786,787
2016-01-10 16:43:38,641,349,73,383,424,786,787
2016-01-10 16:43:39,642,350,73,384,424,786,787
2016-01-10 16:43:40,648,351,73,384,424,786,787
2016-01-10 16:43:41,652,352,73,385,425,786,787
2016-01-10 16:43:42,656,353,73,385,425,786,787
2016-01-10 16:43:43,660,354,73,386,425,786,787
2016-01-10 16:43:44,665,355,73,386,426,786,787
2016-01-10 16:43:45,666,356,73,387,426,786,787
2016-01-10 16:43:46,671,357,73,387,426,786,787
2016-01-10 16:43:47,673,358,73,388,426,786,787
2016-01-10 16:43:48,677,359,73,388,426,786,787
2016-01-10 16:43:49,680,360,73,389,426,786,787
2016-01-10 16:43:50,685,361,73,389,426,786,787
2016-01-10 16:43:51,691,362,73,390,426,786,787
2016-01-10 16:43:52,691,363,73,390,426,786,787
2016-01-10 16:43:53,692,364,73,391,427,786,787
2016-01-10 16:43:54,696,365,73,391,427,786,787
2016-01-10 16:43:55,701,366,73,391,428,786,787
2016-01-10 16:43:56,704,367,73,392,428,786,787
2016-01-10 16:43:57,705,368,73,392,428,786,787
2016-01-10 16:43:58,708,369,73,393,429,786,787
2016-01-10 16:43:59,711,370,73,393,429,786,787
2016-01-10 16:44:00,716,371,73,394,429,786,787
2016-01-10 16:44:01,720,372,73,394,430,786,787
2016-01-10 16:44:02,723,373,73,395,430,786,787
2016-01-10 16:44:03,728,374,73,395,430,786,787
2016-01-10 16:44:04,733,375,73,396,430,786,787
2016-01-10 16:44:05,736,376,73,396,431,786,787
2016-01-10 16:44:06,741,377,73,397,431,786,787
2016-01-10 16:44:07,745,378,73,397,431,786,787
2016-01-10 16:44:08,751,379,73,398,432,786,787
2016-01-10 16:44:09,753,380,73,398,432,786,787
2016-01-10 16:44:10,756,381,73,399,432,786,787
2016-01-10 16:44:11,762,382,73,399,433,786,787
2016-01-10 16:44:12,764,383,73,400,433,786,787
2016-01-10 16:44:13,768,384,73,400,433,786,787
2016-01-10 16:44:14,769,385,73,400,433,786,787
2016-01-10 16:44:15,775,386,73,401,434,786,787
2016-01-10 16:44:16,780,387,73,401,434,786,787
2016-01-10 16:44:17,783,388,73,402,434,786,787
2016-01-10 16:44:18,786,389,73,402,434,786,787
2016-01-10 16:44:19,789,390,73,403,435,786,787
2016-01-10 16:44:20,794,391,73,403,435,786,787
2016-01-10 16:44:21,796,392,73,404,435,786,787
2016-01-10 16:44:22,801,393,73,404,435,786,787
2016-01-10 16:44:23,803,394,73,404,436,786,787
2016-01-10 16:44:24,804,395,73,405,436,786,787
2016-01-10 16:44:25,807,396,73,405,436,786,787
2016-01-10 16:44:26,810,397,73,406,436,786,787
2016-01-10 16:44:27,811,398,73,406,436,786,787
2016-01-10 16:44:28,817,399,73,407,437,786,787
2016-01-10 16:44:29,820,400,73,407,437,786,787
2016-01-10 16:44:30,826,401,73,408,437,786,787
2016-01-10 16:44:31,827,402,73,408,437,786,787
2016-01-10 16:44:32,828,403,73,409,437,786,787
2016-01-10 16:44:33,832,404,73,409,437,786,787
2016-01-10 16:44:34,834,405,73,410,438,786,787
2016-01-10 16:44:35,834,406,73,410,438,786,787
2016-01-10 16:44:36,840,407,73,411,438,786,787
2016-01-10 16:44:37,844,408,73,411,438,786,787
2016-01-10 16:44:38,848,409,73,411,438,786,787
2016-01-10 16:44:39,851,410,73,412,438,786,787
2016-01-10 16:44:40,856,411,73,413,438,786,787
2016-01-10 16:44:41,860,412,73,413,438,786,787
2016-01-10 16:44:42,864,413,73,413,439,786,787
2016-01-10 16:44:43,865,414,73,414,439,786,787
2016-01-10 16:44:44,866,415,73,414,439,786,787
2016-01-10 16:44:45,872,416,73,415,438,786,787
2016-01-10 16:44:46,876,417,73,415,437,786,787
2016-01-10 16:44:47,880,418,73,416,437,786,787
2016-01-10 16:44:48,881,419,73,416,438,786,787
2016-01-10 16:44:49,884,420,73,416,438,786,787
2016-01-10 16:44:50,891,421,73,417,438,786,787
2016-01-10 16:44:51,897,422,73,417,439,786,787
2016-01-10 16:44:52,900,423,73,418,439,786,787
2016-01-10 16:44:53,905,424,73,418,438,786,787
2016-01-10 16:44:54,911,425,73,419,438,786,787
2016-01-10 16:44:55,913,426,73,419,438,786,787
2016-01-10 16:44:56,918,427,73,420,438,786,787
2016-01-10 16:44:57,923,428,73,420,438,786,787
2016-01-10 16:44:58,928,429,73,420,439,786,787
2016-01-10 16:44:59,933,430,73,421,439,786,787
2016-01-10 16:45:00,934,431,73,421,438,786,787
2016-01-10 16:45:01,939,432,73,422,438,786,787
2016-01-10 16:45:02,942,433,73,422,438,786,787
2016-01-10 16:45:03,948,434,73,423,439,786,787
2016-01-10 16:45:04,953,435,73,423,439,786,787
2016-01-10 16:45:05,956,436,73,423,439,786,787
2016-01-10 16:45:06,963,437,73,424,439,786,787
2016-01-10 16:45:07,965,438,73,424,440,786,787
2016-01-10 16:45:08,971,439,73,425,440,786,787
2016-01-10 16:45:09,974,440,73,425,441,786,787
2016-01-10 16:45:10,974,441,73,426,441,786,787
2016-01-10 16:45:11,977,442,73,426,441,786,787
2016-01-10 16:45:12,980,443,73,426,441,786,787
2016-01-10 16:45:13,986,444,73,427,442,786,787
2016-01-10 16:45:14,989,445,73,427,442,786,787
2016-01-10 16:45:15,990,446,73,427,442,786,787
2016-01-10 16:45:16,995,447,73,428,442,786,787
2016-01-10 16:45:17,999,448,73,428,443,786,787
2016-01-10 16:45:19,001,449,73,429,443,786,787
2016-01-10 16:45:20,005,450,73,429,443,786,787
2016-01-10 16:45:21,010,451,73,429,444,786,787
2016-01-10 16:45:22,013,452,73,430,444,786,787
2016-01-10 16:45:23,016,453,73,430,444,786,787
2016-01-10 16:45:24,021,454,73,431,444,786,787
2016-01-10 16:45:25,024,455,73,431,445,786,787
2016-01-10 16:45:26,030,456,73,432,445,786,787
2016-01-10 16:45:27,034,457,73,432,445,786,787
2016-01-10 16:45:28,038,458,73,433,445,786,787
2016-01-10 16:45:29,043,459,73,433,445,786,787
2016-01-10 16:45:30,047,460,73,433,445,786,787
2016-01-10 16:45:31,048,461,73,434,446,786,787
2016-01-10 16:45:32,054,462,73,434,446,786,787
2016-01-10 16:45:33,059,463,73,435,446,786,787
2016-01-10 16:45:34,064,464,73,435,446,786,787
2016-01-10 16:45:35,070,465,73,436,446,786,787
2016-01-10 16:45:36,072,466,73,436,446,786,787
2016-01-10 16:45:37,074,467,73,436,446,786,787
2016-01-10 16:45:38,076,468,73,437,446,786,787
2016-01-10 16:45:39,079,469,73,437,446,786,787
2016-01-10 16:45:40,083,470,73,438,446,786,787
2016-01-10 16:45:41,087,471,73,438,446,786,787
2016-01-10 16:45:42,092,472,73,438,446,786,787
2016-01-10 16:45:43,096,473,73,439,446,786,787
2016-01-10 16:45:44,099,474,73,439,446,786,787
2016-01-10 16:45:45,100,475,73,439,446,786,787
2016-01-10 16:45:46,103,476,73,440,446,786,787
2016-01-10 16:45:47,107,477,73,440,446,786,787
2016-01-10 16:45:48,111,478,73,441,446,786,787
2016-01-10 16:45:49,113,479,73,441,447,786,787
2016-01-10 16:45:50,115,480,73,442,447,786,787
2016-01-10 16:45:51,118,481,73,442,447,786,787
2016-01-10 16:45:52,119,482,73,442,448,786,787
2016-01-10 16:45:53,123,483,73,443,448,786,787
2016-01-10 16:45:54,127,484,73,444,449,786,787
2016-01-10 16:45:55,131,485,73,444,449,786,787
2016-01-10 16:45:56,134,486,73,444,449,786,787
2016-01-10 16:45:57,135,487,73,444,449,786,787
2016-01-10 16:45:58,137,488,73,445,450,786,787
2016-01-10 16:45:59,141,489,73,445,450,786,787
2016-01-10 16:46:00,143,490,73,446,451,786,787
2016-01-10 16:46:01,149,491,73,446,451,786,787
2016-01-10 16:46:02,151,492,73,447,451,786,787
2016-01-10 16:46:03,153,493,73,447,451,786,787
2016-01-10 16:46:04,157,494,73,448,451,786,787
2016-01-10 16:46:05,162,495,73,448,451,786,787
2016-01-10 16:46:06,168,496,73,449,451,786,787
2016-01-10 16:46:07,170,497,73,449,452,786,787
2016-01-10 16:46:08,173,498,73,450,452,786,787
2016-01-10 16:46:09,175,499,73,450,452,786,787
2016-01-10 16:46:10,179,500,73,451,452,786,787
2016-01-10 16:46:11,185,501,73,451,452,786,787
2016-01-10 16:46:12,190,502,73,452,453,786,787
2016-01-10 16:46:13,196,503,73,452,453,786,787
2016-01-10 16:46:14,198,504,73,453,453,786,787
2016-01-10 16:46:15,202,505,73,453,453,786,787
2016-01-10 16:46:16,207,506,73,453,453,786,787
2016-01-10 16:46:17,213,507,73,454,453,786,787
2016-01-10 16:46:18,216,508,73,454,453,786,787
2016-01-10 16:46:19,222,509,73,455,454,786,787
2016-01-10 16:46:20,227,510,73,455,454,786,787
2016-01-10 16:46:21,232,511,73,455,454,786,787
2016-01-10 16:46:22,232,512,73,456,454,786,787
2016-01-10 16:46:23,234,513,73,456,454,786,787
2016-01-10 16:46:24,240,514,73,457,455,786,787
2016-01-10 16:46:25,243,515,73,457,455,786,787
2016-01-10 16:46:26,246,516,73,457,455,786,787
2016-01-10 16:46:27,248,517,73,457,456,786,787
2016-01-10 16:46:28,253,518,73,458,456,786,787
2016-01-10 16:46:29,259,519,73,458,456,786,787
2016-01-10 16:46:30,264,520,73,459,456,786,787
2016-01-10 16:46:31,265,521,73,459,455,786,787
2016-01-10 16:46:32,271,522,73,460,456,786,787
2016-01-10 16:46:33,274,523,73,460,456,786,787
2016-01-10 16:46:34,280,524,73,460,457,786,787
2016-01-10 16:46:35,282,525,73,460,457,786,787
2016-01-10 16:46:36,287,526,73,461,457,786,787
2016-01-10 16:46:37,292,527,73,461,458,786,787
2016-01-10 16:46:38,292,528,73,462,458,786,787
2016-01-10 16:46:39,293,529,73,462,458,786,787
2016-01-10 16:46:40,299,530,73,462,458,786,787
2016-01-10 16:46:41,303,531,73,462,459,786,787
2016-01-10 16:46:42,309,532,73,463,459,786,787
2016-01-10 16:46:43,313,533,73,463,459,786,787
2016-01-10 16:46:44,314,534,73,463,460,786,787
2016-01-10 16:46:45,320,535,73,464,460,786,787
2016-01-10 16:46:46,323,536,73,464,460,786,787
2016-01-10 16:46:47,324,537,73,464,461,786,787
2016-01-10 16:46:48,326,538,73,465,461,786,787
2016-01-10 16:46:49,330,539,73,465,461,786,787
2016-01-10 16:46:50,334,540,73,466,461,786,787
2016-01-10 16:46:51,338,541,73,466,461,786,787
2016-01-10 16:46:52,340,542,73,467,462,786,787
2016-01-10 16:46:53,345,543,73,467,462,786,787
2016-01-10 16:46:54,347,544,73,468,462,786,787
2016-01-10 16:46:55,349,545,73,468,462,786,787
2016-01-10 16:46:56,354,546,73,468,462,786,787
2016-01-10 16:46:57,355,547,73,468,462,786,787
2016-01-10 16:46:58,359,548,73,469,463,786,787
2016-01-10 16:46:59,361,549,73,469,463,786,787
2016-01-10 16:47:00,362,550,73,470,463,786,787
2016-01-10 16:47:01,369,551,73,470,463,786,787
2016-01-10 16:47:02,369,552,73,470,464,786,787
2016-01-10 16:47:03,374,553,73,470,464,786,787
2016-01-10 16:47:04,377,554,73,471,464,786,787
2016-01-10 16:47:05,377,555,73,471,464,786,787
2016-01-10 16:47:06,378,556,73,471,464,786,787
2016-01-10 16:47:07,383,557,73,472,464,786,787
2016-01-10 16:47:08,385,558,73,472,465,786,787
2016-01-10 16:47:09,387,559,73,472,465,786,787
2016-01-10 16:47:10,391,560,73,472,465,786,787
2016-01-10 16:47:11,393,561,73,473,465,786,787
2016-01-10 16:47:12,399,562,73,473,465,786,787
2016-01-10 16:47:13,401,563,73,473,465,786,787
2016-01-10 16:47:14,405,564,73,473,466,786,787
2016-01-10 16:47:15,408,565,73,473,466,786,787
2016-01-10 16:47:16,412,566,73,474,466,786,787
2016-01-10 16:47:17,414,567,73,474,466,786,787
2016-01-10 16:47:18,419,569,73,474,466,786,787
2016-01-10 16:47:19,423,570,73,474,466,786,787
2016-01-10 16:47:20,427,571,73,475,466,786,787
2016-01-10 16:47:21,431,572,73,475,466,786,787
2016-01-10 16:47:22,432,573,73,475,466,786,787
2016-01-10 16:47:23,433,574,73,475,466,786,787
2016-01-10 16:47:24,438,575,73,475,466,786,787
2016-01-10 16:47:25,441,576,73,475,465,786,787
2016-01-10 16:47:26,446,577,73,476,465,786,787
2016-01-10 16:47:27,450,578,73,476,465,786,787
2016-01-10 16:47:28,455,579,73,476,465,786,787
2016-01-10 16:47:29,460,580,73,476,465,786,787
2016-01-10 16:47:30,463,581,73,476,465,786,787
2016-01-10 16:47:31,469,582,73,476,465,786,787
2016-01-10 16:47:32,475,583,73,476,465,786,787
2016-01-10 16:47:33,481,584,73,476,464,786,787
2016-01-10 16:47:34,483,585,73,476,464,786,787
2016-01-10 16:47:35,487,586,73,476,464,786,787
2016-01-10 16:47:36,490,587,73,476,464,786,787
2016-01-10 16:47:37,492,588,73,476,464,786,787
2016-01-10 16:47:38,497,589,73,477,464,786,787
2016-01-10 16:47:39,498,590,73,477,464,786,787
2016-01-10 16:47:40,505,591,73,477,464,786,787
2016-01-10 16:47:41,507,592,73,477,464,786,787
2016-01-10 16:47:42,511,593,73,477,464,786,787
2016-01-10 16:47:43,513,594,73,477,464,786,787
2016-01-10 16:47:44,517,595,73,477,464,786,787
2016-01-10 16:47:45,521,596,73,478,464,786,787
2016-01-10 16:47:46,527,597,73,478,464,786,787
2016-01-10 16:47:47,532,598,73,478,464,786,787
2016-01-10 16:47:48,534,599,73,478,463,786,787
2016-01-10 16:47:49,538,600,73,478,463,786,787
2016-01-10 16:47:50,543,601,73,478,463,786,787
2016-01-10 16:47:51,547,602,73,478,463,786,787
2016-01-10 16:47:52,553,603,73,478,463,786,787
2016-01-10 16:47:53,555,604,73,479,463,786,787
2016-01-10 16:47:54,558,605,73,479,463,786,787
2016-01-10 16:47:55,564,606,73,479,463,786,787
2016-01-10 16:47:56,566,607,73,479,463,786,787
2016-01-10 16:47:57,572,608,73,479,463,786,787
2016-01-10 16:47:58,577,609,73,479,464,786,787
2016-01-10 16:47:59,580,610,73,479,463,786,787
2016-01-10 16:48:00,582,611,73,479,463,786,787
2016-01-10 16:48:01,586,612,73,480,463,786,787
2016-01-10 16:48:02,588,613,73,480,463,786,787
2016-01-10 16:48:03,593,614,73,480,463,786,787
2016-01-10 16:48:04,597,615,73,480,463,786,787
2016-01-10 16:48:05,597,616,73,480,463,786,787
2016-01-10 16:48:06,601,617,73,481,463,786,787
2016-01-10 16:48:07,604,618,73,481,463,786,787
2016-01-10 16:48:08,607,619,73,481,463,786,787
2016-01-10 16:48:09,612,620,73,481,463,786,787
2016-01-10 16:48:10,613,621,73,482,463,786,787
2016-01-10 16:48:11,614,622,73,482,462,786,787
2016-01-10 16:48:12,619,623,73,482,462,786,787
2016-01-10 16:48:13,623,624,73,482,462,786,787
2016-01-10 16:48:14,626,625,73,482,462,786,787
2016-01-10 16:48:15,628,626,73,483,462,786,787
2016-01-10 16:48:16,630,627,73,483,462,786,787
2016-01-10 16:48:17,634,628,73,483,461,786,787
2016-01-10 16:48:18,638,629,73,483,461,786,787
2016-01-10 16:48:19,642,630,73,483,461,786,787
2016-01-10 16:48:20,644,631,73,484,461,786,787
2016-01-10 16:48:21,647,632,73,484,461,786,787
2016-01-10 16:48:22,649,633,73,484,461,786,787
2016-01-10 16:48:23,651,634,73,484,460,786,787
2016-01-10 16:48:24,656,635,73,484,460,786,787
2016-01-10 16:48:25,658,636,73,485,460,786,787
2016-01-10 16:48:26,661,637,73,485,460,786,787
2016-01-10 16:48:27,665,638,73,485,460,786,787
2016-01-10 16:48:28,669,639,73,485,460,786,787
2016-01-10 16:48:29,673,640,73,485,460,786,787
2016-01-10 16:48:30,677,641,73,485,460,786,787
2016-01-10 16:48:31,682,642,73,485,460,786,787
2016-01-10 16:48:32,688,643,73,486,460,786,787
2016-01-10 16:48:33,692,644,73,486,460,786,787
2016-01-10 16:48:34,695,645,73,486,460,786,787
2016-01-10 16:48:35,700,646,73,486,460,786,787
2016-01-10 16:48:36,701,647,73,487,460,786,787
2016-01-10 16:48:37,703,648,73,487,460,786,787
2016-01-10 16:48:38,705,649,73,487,460,786,787
2016-01-10 16:48:39,709,650,73,487,459,786,787
2016-01-10 16:48:40,714,651,73,487,459,786,787
2016-01-10 16:48:41,720,652,73,487,459,786,787
2016-01-10 16:48:42,722,653,73,487,459,786,787
2016-01-10 16:48:43,727,654,73,487,459,786,787
2016-01-10 16:48:44,731,655,73,488,459,786,787
2016-01-10 16:48:45,733,656,73,488,459,786,787
2016-01-10 16:48:46,734,657,73,488,459,786,787
2016-01-10 16:48:47,738,658,73,488,459,786,787
2016-01-10 16:48:48,741,659,73,489,459,786,787
2016-01-10 16:48:49,741,660,73,489,459,786,787
2016-01-10 16:48:50,745,661,73,489,459,786,787
2016-01-10 16:48:51,750,662,73,489,459,786,787
2016-01-10 16:48:52,754,663,73,490,458,786,787
2016-01-10 16:48:53,759,664,73,490,458,786,787
2016-01-10 16:48:54,762,665,73,490,458,786,787
2016-01-10 16:48:55,764,666,73,490,457,786,787
2016-01-10 16:48:56,766,667,73,491,457,786,787
2016-01-10 16:48:57,768,668,73,491,457,786,787
2016-01-10 16:48:58,770,669,73,491,456,786,787
2016-01-10 16:48:59,775,670,73,491,456,786,787
2016-01-10 16:49:00,776,671,73,491,456,786,787
2016-01-10 16:49:01,777,672,73,492,455,786,787
2016-01-10 16:49:02,782,673,73,492,455,786,787
2016-01-10 16:49:03,784,674,73,492,455,786,787
2016-01-10 16:49:04,790,675,73,492,455,786,787
2016-01-10 16:49:05,791,676,73,492,454,786,787
2016-01-10 16:49:06,796,677,73,493,454,786,787
2016-01-10 16:49:07,800,678,73,493,454,786,787
2016-01-10 16:49:08,801,679,73,493,454,786,787
2016-01-10 16:49:09,803,680,73,493,453,786,787
2016-01-10 16:49:10,806,681,73,494,453,786,787
2016-01-10 16:49:11,806,682,73,494,452,786,787
2016-01-10 16:49:12,811,683,73,494,452,786,787
2016-01-10 16:49:13,814,684,73,494,451,786,787
2016-01-10 16:49:14,815,685,73,495,451,786,787
2016-01-10 16:49:15,817,686,73,495,451,786,787
2016-01-10 16:49:16,821,687,73,495,451,786,787
2016-01-10 16:49:17,822,688,73,495,450,786,787
2016-01-10 16:49:18,828,689,73,495,450,786,787
2016-01-10 16:49:19,834,690,73,496,450,786,787
2016-01-10 16:49:20,837,691,73,496,450,786,787
2016-01-10 16:49:21,841,692,73,496,449,786,787
2016-01-10 16:49:22,846,693,73,496,449,786,787
2016-01-10 16:49:23,853,694,73,497,449,786,787
2016-01-10 16:49:24,856,695,73,497,449,786,787
2016-01-10 16:49:25,858,696,73,497,449,786,787
2016-01-10 16:49:26,863,697,73,497,449,786,787
2016-01-10 16:49:27,867,698,73,498,449,786,787
2016-01-10 16:49:28,872,699,73,498,449,786,787
2016-01-10 16:49:29,873,700,73,498,449,786,787
2016-01-10 16:49:30,876,701,73,499,449,786,787
2016-01-10 16:49:31,880,702,73,499,449,786,787
2016-01-10 16:49:32,885,703,73,499,449,786,787
2016-01-10 16:49:33,887,704,73,499,449,786,787
2016-01-10 16:49:34,888,705,73,499,449,786,787
2016-01-10 16:49:35,892,706,73,499,448,786,787
2016-01-10 16:49:36,896,707,73,500,448,786,787
2016-01-10 16:49:37,898,708,73,500,448,786,787
2016-01-10 16:49:38,902,709,73,500,448,786,787
2016-01-10 16:49:39,903,710,73,500,448,786,787
2016-01-10 16:49:40,907,711,73,501,448,786,787
2016-01-10 16:49:41,912,712,73,501,448,786,787
2016-01-10 16:49:42,916,713,73,501,448,786,787
2016-01-10 16:49:43,918,714,73,500,448,786,787
2016-01-10 16:49:44,919,715,73,500,448,786,787
2016-01-10 16:49:45,923,716,73,498,447,786,787
2016-01-10 16:49:46,925,717,73,496,447,786,787
2016-01-10 16:49:47,929,718,73,494,447,786,787
2016-01-10 16:49:48,933,719,73,491,447,786,787
2016-01-10 16:49:49,935,720,73,489,446,786,787
2016-01-10 16:49:50,938,721,73,487,445,786,787
2016-01-10 16:49:51,939,722,73,485,445,786,787
2016-01-10 16:49:52,943,723,73,485,445,786,787
2016-01-10 16:49:53,949,724,73,485,444,786,787
2016-01-10 16:49:54,950,725,73,486,444,786,787
2016-01-10 16:49:55,953,726,73,486,444,786,787
2016-01-10 16:49:56,956,727,73,487,444,786,787
2016-01-10 16:49:57,960,728,73,487,444,786,787
2016-01-10 16:49:58,964,729,73,488,444,786,787
2016-01-10 16:49:59,969,730,73,489,444,786,787
2016-01-10 16:50:00,974,731,73,489,444,786,787
2016-01-10 16:50:01,975,732,73,490,444,786,787
2016-01-10 16:50:02,981,733,73,490,444,786,787
2016-01-10 16:50:03,985,734,73,491,444,786,787
2016-01-10 16:50:04,990,735,73,492,444,786,787
2016-01-10 16:50:05,995,736,73,492,444,786,787
2016-01-10 16:50:06,998,737,73,493,444,786,787
2016-01-10 16:50:08,001,738,73,493,444,786,787
2016-01-10 16:50:09,007,739,73,493,444,786,787
2016-01-10 16:50:10,011,740,73,494,445,786,787
2016-01-10 16:50:11,015,741,73,494,445,786,787
2016-01-10 16:50:12,018,742,73,494,445,786,787
2016-01-10 16:50:13,023,743,73,494,445,786,787
2016-01-10 16:50:14,029,744,73,495,445,786,787
2016-01-10 16:50:15,032,745,73,495,445,786,787
2016-01-10 16:50:16,032,746,73,496,445,786,787
2016-01-10 16:50:17,034,747,73,496,445,786,787
2016-01-10 16:50:18,039,748,73,496,446,786,787
2016-01-10 16:50:19,040,749,73,496,446,786,787
2016-01-10 16:50:20,044,750,73,496,446,786,787
2016-01-10 16:50:21,046,751,73,497,446,786,787
2016-01-10 16:50:22,050,752,73,497,446,786,787
2016-01-10 16:50:23,054,753,73,497,446,786,787
2016-01-10 16:50:24,056,754,73,497,446,786,787
2016-01-10 16:50:25,058,755,73,497,446,786,787
2016-01-10 16:50:26,062,756,73,497,446,786,787
2016-01-10 16:50:27,065,757,73,495,446,786,787
2016-01-10 16:50:28,070,758,73,492,446,786,787
2016-01-10 16:50:29,071,759,73,490,445,786,787
2016-01-10 16:50:30,074,760,73,488,445,786,787
2016-01-10 16:50:31,080,761,73,485,445,786,787
2016-01-10 16:50:32,080,762,73,483,444,786,787
2016-01-10 16:50:33,085,763,73,481,444,786,787
2016-01-10 16:50:34,087,764,73,480,444,786,787
2016-01-10 16:50:35,092,765,73,478,443,786,787
2016-01-10 16:50:36,096,766,73,476,443,786,787
2016-01-10 16:50:37,100,767,73,474,443,786,787
2016-01-10 16:50:38,106,768,73,472,443,786,787
2016-01-10 16:50:39,111,769,73,470,442,786,787
2016-01-10 16:50:40,116,770,73,469,442,786,787
2016-01-10 16:50:41,122,771,73,467,441,786,787
2016-01-10 16:50:42,123,772,73,466,441,786,787
2016-01-10 16:50:43,128,773,73,465,440,786,787
2016-01-10 16:50:44,131,774,73,463,440,786,787
2016-01-10 16:50:45,136,775,73,462,440,786,787
2016-01-10 16:50:46,138,776,73,461,439,786,787
2016-01-10 16:50:47,141,777,73,459,439,786,787
2016-01-10 16:50:48,143,778,73,458,439,786,787
2016-01-10 16:50:49,149,779,73,457,439,786,787
2016-01-10 16:50:50,151,780,73,455,439,786,787
2016-01-10 16:50:51,153,781,73,454,438,786,787
2016-01-10 16:50:52,157,782,73,453,438,786,787
2016-01-10 16:50:53,158,783,73,452,438,786,787
2016-01-10 16:50:54,164,784,73,451,437,786,787
2016-01-10 16:50:55,167,785,73,449,437,786,787
2016-01-10 16:50:56,173,786,73,449,437,786,787
2016-01-10 16:50:57,175,787,73,447,436,786,787
2016-01-10 16:50:58,177,788,73,447,436,786,787
2016-01-10 16:50:59,180,789,73,446,436,786,787
2016-01-10 16:51:00,184,790,73,445,436,786,787
2016-01-10 16:51:01,188,791,73,444,436,786,787
2016-01-10 16:51:02,193,792,73,443,436,786,787
2016-01-10 16:51:03,198,793,73,442,435,786,787
2016-01-10 16:51:04,201,794,73,441,435,786,787
2016-01-10 16:51:05,202,795,73,440,435,786,787
2016-01-10 16:51:06,208,796,73,439,435,786,787
2016-01-10 16:51:07,213,797,73,438,435,786,787
2016-01-10 16:51:08,216,798,73,437,435,786,787
2016-01-10 16:51:09,217,799,73,436,435,786,787
2016-01-10 16:51:10,222,800,73,436,435,786,787
2016-01-10 16:51:11,227,801,73,435,435,786,787
2016-01-10 16:51:12,232,802,73,434,435,786,787
2016-01-10 16:51:13,238,803,73,434,435,786,787
2016-01-10 16:51:14,242,804,73,433,434,786,787
2016-01-10 16:51:15,242,805,73,432,434,786,787
2016-01-10 16:51:16,243,806,73,432,434,786,787
2016-01-10 16:51:17,248,807,73,431,434,786,787
2016-01-10 16:51:18,254,808,73,430,434,786,787
2016-01-10 16:51:19,258,809,73,430,434,786,787
2016-01-10 16:51:20,264,810,73,429,434,786,787
2016-01-10 16:51:21,265,811,73,429,433,786,787
2016-01-10 16:51:22,268,812,73,429,433,786,787
2016-01-10 16:51:23,270,813,73,429,433,786,787
2016-01-10 16:51:24,273,814,73,428,432,786,787
2016-01-10 16:51:25,273,815,73,427,432,786,787
2016-01-10 16:51:26,275,816,73,427,432,786,787
2016-01-10 16:51:27,280,817,73,426,432,786,787
2016-01-10 16:51:28,285,818,73,426,432,786,787
2016-01-10 16:51:29,287,819,73,425,432,786,787
2016-01-10 16:51:30,293,820,73,425,432,786,787
2016-01-10 16:51:31,296,821,73,424,432,786,787
2016-01-10 16:51:32,298,822,73,423,431,786,787
2016-01-10 16:51:33,301,823,73,423,431,786,787
2016-01-10 16:51:34,306,824,73,422,431,786,787
2016-01-10 16:51:35,308,825,73,422,431,786,787
2016-01-10 16:51:36,311,826,73,421,431,786,787
