2016-01-10 15:55:54,939,datetime,ms,seconds,ambient_temp,thermocouple_0_temp,thermocouple_1_temp,thermocouple_2_temp,thermocouple_3_temp
2016-01-10 15:55:59,984,5,71,426,408,787,788
2016-01-10 15:56:00,986,6,71,415,400,787,788
2016-01-10 15:56:01,992,7,71,404,393,787,788
2016-01-10 15:56:02,994,8,71,394,387,787,788
2016-01-10 15:56:03,997,9,71,383,383,787,788
2016-01-10 15:56:05,003,10,71,375,381,787,788
2016-01-10 15:56:06,004,11,71,366,379,787,788
2016-01-10 15:56:07,007,12,71,358,377,787,788
2016-01-10 15:56:08,010,13,71,351,375,787,788
2016-01-10 15:56:09,013,14,71,344,373,787,788
2016-01-10 15:56:10,018,15,71,337,371,787,788
2016-01-10 15:56:11,019,16,71,331,369,787,788
2016-01-10 15:56:12,021,17,71,325,368,787,788
2016-01-10 15:56:13,024,18,71,319,366,787,788
2016-01-10 15:56:14,028,19,71,314,365,787,788
2016-01-10 15:56:15,033,20,71,309,363,787,788
2016-01-10 15:56:16,035,21,71,304,362,787,788
2016-01-10 15:56:17,040,22,71,300,361,787,788
2016-01-10 15:56:18,045,23,71,295,360,787,788
2016-01-10 15:56:19,050,24,71,291,359,787,788
2016-01-10 15:56:20,054,25,71,287,358,787,788
2016-01-10 15:56:21,058,26,71,283,357,787,788
2016-01-10 15:56:22,063,27,71,280,356,787,788
2016-01-10 15:56:23,067,28,71,276,355,787,788
2016-01-10 15:56:24,069,29,71,273,355,787,788
2016-01-10 15:56:25,075,30,71,270,354,787,788
2016-01-10 15:56:26,076,31,71,268,353,787,788
2016-01-10 15:56:27,082,32,71,265,353,787,788
2016-01-10 15:56:28,083,33,71,262,352,787,788
2016-01-10 15:56:29,084,34,71,260,351,787,788
2016-01-10 15:56:30,090,35,71,258,350,787,788
2016-01-10 15:56:31,091,36,71,256,350,787,788
2016-01-10 15:56:32,092,37,71,254,349,787,788
2016-01-10 15:56:33,098,38,71,252,349,787,788
2016-01-10 15:56:34,098,39,71,250,348,787,788
2016-01-10 15:56:35,101,40,71,249,348,787,788
2016-01-10 15:56:36,105,41,71,247,348,787,788
2016-01-10 15:56:37,109,42,71,246,347,787,788
2016-01-10 15:56:38,114,43,71,245,346,787,788
2016-01-10 15:56:39,118,44,71,243,346,787,788
2016-01-10 15:56:40,122,45,71,242,346,787,788
2016-01-10 15:56:41,129,46,71,241,345,787,788
2016-01-10 15:56:42,131,47,71,240,345,787,788
2016-01-10 15:56:43,135,48,71,239,345,787,788
2016-01-10 15:56:44,139,49,71,238,344,787,788
2016-01-10 15:56:45,140,50,71,238,344,787,788
2016-01-10 15:56:46,143,51,71,237,344,787,788
2016-01-10 15:56:47,147,52,71,237,344,787,788
2016-01-10 15:56:48,150,53,71,236,343,787,788
2016-01-10 15:56:49,155,54,71,235,343,787,788
2016-01-10 15:56:50,156,55,71,235,343,787,788
2016-01-10 15:56:51,157,56,71,234,343,787,788
2016-01-10 15:56:52,162,57,71,234,343,787,788
2016-01-10 15:56:53,165,58,71,234,342,787,788
2016-01-10 15:56:54,170,59,71,233,342,787,788
2016-01-10 15:56:55,172,60,71,233,342,787,788
2016-01-10 15:56:56,175,61,71,233,342,787,788
2016-01-10 15:56:57,179,62,71,233,342,787,788
2016-01-10 15:56:58,181,63,71,233,341,787,788
2016-01-10 15:56:59,185,64,71,233,341,787,788
2016-01-10 15:57:00,187,65,71,233,341,787,788
2016-01-10 15:57:01,192,66,71,233,341,787,788
2016-01-10 15:57:02,193,67,71,233,341,787,788
2016-01-10 15:57:03,195,68,71,233,341,787,788
2016-01-10 15:57:04,201,69,71,233,341,787,788
2016-01-10 15:57:05,202,70,71,233,341,787,788
2016-01-10 15:57:06,205,71,71,233,341,787,788
2016-01-10 15:57:07,210,72,71,233,341,787,788
2016-01-10 15:57:08,216,73,71,233,340,787,788
2016-01-10 15:57:09,216,74,71,234,340,787,788
2016-01-10 15:57:10,217,75,71,234,340,787,788
2016-01-10 15:57:11,219,76,71,234,340,787,788
2016-01-10 15:57:12,223,77,71,234,340,787,788
2016-01-10 15:57:13,224,78,71,235,340,787,788
2016-01-10 15:57:14,229,79,71,235,340,787,788
2016-01-10 15:57:15,230,80,71,236,340,787,788
2016-01-10 15:57:16,233,81,71,236,340,787,788
2016-01-10 15:57:17,239,82,71,236,340,787,788
2016-01-10 15:57:18,243,83,71,236,340,787,788
2016-01-10 15:57:19,248,84,71,237,340,787,788
2016-01-10 15:57:20,253,85,71,237,341,787,788
2016-01-10 15:57:21,256,86,71,238,343,787,788
2016-01-10 15:57:22,258,87,71,238,344,787,788
2016-01-10 15:57:23,261,88,71,239,345,787,788
2016-01-10 15:57:24,263,89,71,239,346,787,788
2016-01-10 15:57:25,269,90,71,239,347,787,788
2016-01-10 15:57:26,271,91,71,240,348,787,788
2016-01-10 15:57:27,272,92,71,241,350,787,788
2016-01-10 15:57:28,273,93,71,241,350,787,788
2016-01-10 15:57:29,278,94,71,241,352,787,788
2016-01-10 15:57:30,279,95,71,242,352,787,788
2016-01-10 15:57:31,281,96,71,242,353,787,788
2016-01-10 15:57:32,285,97,71,243,354,787,788
2016-01-10 15:57:33,286,98,71,243,355,787,788
2016-01-10 15:57:34,290,99,71,244,356,787,788
2016-01-10 15:57:35,293,100,71,245,356,787,788
2016-01-10 15:57:36,293,101,71,245,357,787,788
2016-01-10 15:57:37,298,102,71,246,358,787,788
2016-01-10 15:57:38,302,103,71,246,359,787,788
2016-01-10 15:57:39,306,104,71,247,359,787,788
2016-01-10 15:57:40,308,105,71,247,360,787,788
2016-01-10 15:57:41,313,106,71,248,361,787,788
2016-01-10 15:57:42,316,107,71,248,361,787,788
2016-01-10 15:57:43,323,108,71,249,362,787,788
2016-01-10 15:57:44,324,109,71,249,363,787,788
2016-01-10 15:57:45,326,110,71,250,363,787,788
2016-01-10 15:57:46,326,111,71,251,364,787,788
2016-01-10 15:57:47,331,112,71,251,365,787,788
2016-01-10 15:57:48,333,113,71,252,365,787,788
2016-01-10 15:57:49,338,114,71,252,366,787,788
2016-01-10 15:57:50,341,115,71,253,366,787,788
2016-01-10 15:57:51,345,116,71,254,367,787,788
2016-01-10 15:57:52,349,117,71,255,368,787,788
2016-01-10 15:57:53,350,118,71,255,368,787,788
2016-01-10 15:57:54,355,119,71,256,368,787,788
2016-01-10 15:57:55,360,120,71,257,369,787,788
2016-01-10 15:57:56,365,121,71,257,369,787,788
2016-01-10 15:57:57,370,122,71,258,370,787,788
2016-01-10 15:57:58,376,123,71,258,370,787,788
2016-01-10 15:57:59,378,124,71,259,371,787,788
2016-01-10 15:58:00,380,125,71,260,371,787,788
2016-01-10 15:58:01,385,126,71,261,371,787,788
2016-01-10 15:58:02,389,127,71,261,372,787,788
2016-01-10 15:58:03,394,128,71,262,372,787,788
2016-01-10 15:58:04,398,129,71,263,373,787,788
2016-01-10 15:58:05,404,130,71,263,373,787,788
2016-01-10 15:58:06,406,131,71,264,374,787,788
2016-01-10 15:58:07,407,132,71,265,374,787,788
2016-01-10 15:58:08,412,133,71,265,375,787,788
2016-01-10 15:58:09,413,134,71,266,375,787,788
2016-01-10 15:58:10,418,135,71,267,376,787,788
2016-01-10 15:58:11,422,136,71,267,376,787,788
2016-01-10 15:58:12,425,137,71,268,377,787,788
2016-01-10 15:58:13,430,138,71,269,377,787,788
2016-01-10 15:58:14,431,139,71,269,377,787,788
2016-01-10 15:58:15,435,140,71,270,378,787,788
2016-01-10 15:58:16,438,141,71,271,378,787,788
2016-01-10 15:58:17,441,142,71,271,378,787,788
2016-01-10 15:58:18,446,143,71,272,379,787,788
2016-01-10 15:58:19,449,144,71,273,379,787,788
2016-01-10 15:58:20,454,145,71,273,379,787,788
2016-01-10 15:58:21,458,146,71,274,380,787,788
2016-01-10 15:58:22,462,147,71,275,380,787,788
2016-01-10 15:58:23,466,148,71,276,380,787,788
2016-01-10 15:58:24,471,149,71,276,381,787,788
2016-01-10 15:58:25,477,150,71,277,381,787,788
2016-01-10 15:58:26,479,151,71,278,381,787,788
2016-01-10 15:58:27,484,152,71,278,382,787,788
2016-01-10 15:58:28,488,153,71,279,382,787,788
2016-01-10 15:58:29,492,154,71,280,382,787,788
2016-01-10 15:58:30,497,155,71,280,383,787,788
2016-01-10 15:58:31,500,156,71,281,383,787,788
2016-01-10 15:58:32,505,157,71,282,383,787,788
2016-01-10 15:58:33,506,158,71,282,384,787,788
2016-01-10 15:58:34,509,159,71,283,384,787,788
2016-01-10 15:58:35,512,160,71,284,384,787,788
2016-01-10 15:58:36,512,161,71,284,384,787,788
2016-01-10 15:58:37,517,162,71,285,385,787,788
2016-01-10 15:58:38,519,163,71,286,385,787,788
2016-01-10 15:58:39,521,164,71,286,385,787,788
2016-01-10 15:58:40,523,165,71,287,386,787,788
2016-01-10 15:58:41,526,166,71,288,386,787,788
2016-01-10 15:58:42,531,167,71,288,386,787,788
2016-01-10 15:58:43,535,168,71,289,387,787,788
2016-01-10 15:58:44,537,169,71,289,387,787,788
2016-01-10 15:58:45,543,170,71,290,387,787,788
2016-01-10 15:58:46,547,171,71,291,387,787,788
2016-01-10 15:58:47,551,172,71,291,388,787,788
2016-01-10 15:58:48,553,173,71,292,388,787,788
2016-01-10 15:58:49,554,174,71,293,388,787,788
2016-01-10 15:58:50,559,175,71,293,389,787,788
2016-01-10 15:58:51,563,176,71,294,389,787,788
2016-01-10 15:58:52,567,177,71,295,389,787,788
2016-01-10 15:58:53,569,178,71,296,389,787,788
2016-01-10 15:58:54,575,179,71,296,390,787,788
2016-01-10 15:58:55,581,180,71,297,390,787,788
2016-01-10 15:58:56,584,181,71,298,390,787,788
2016-01-10 15:58:57,587,182,71,298,391,787,788
2016-01-10 15:58:58,592,183,71,299,391,787,788
2016-01-10 15:58:59,597,184,71,300,391,787,788
2016-01-10 15:59:00,601,185,71,300,391,787,788
2016-01-10 15:59:01,603,186,71,301,392,787,788
2016-01-10 15:59:02,606,187,71,301,392,787,788
2016-01-10 15:59:03,611,188,71,302,392,787,788
2016-01-10 15:59:04,615,189,71,303,393,787,788
2016-01-10 15:59:05,616,190,71,303,393,787,788
2016-01-10 15:59:06,619,191,71,304,393,787,788
2016-01-10 15:59:07,625,192,71,305,394,787,788
2016-01-10 15:59:08,627,193,71,305,394,787,788
2016-01-10 15:59:09,632,194,71,306,394,787,788
2016-01-10 15:59:10,636,195,71,307,394,787,788
2016-01-10 15:59:11,641,196,71,307,395,787,788
2016-01-10 15:59:12,645,197,71,308,395,787,788
2016-01-10 15:59:13,650,198,71,309,395,787,788
2016-01-10 15:59:14,656,199,71,309,396,787,788
2016-01-10 15:59:15,659,200,71,310,396,787,788
2016-01-10 15:59:16,660,201,71,311,396,787,788
2016-01-10 15:59:17,664,202,71,311,396,787,788
2016-01-10 15:59:18,666,203,71,312,397,787,788
2016-01-10 15:59:19,667,204,71,313,397,787,788
2016-01-10 15:59:20,671,205,71,313,397,787,788
2016-01-10 15:59:21,672,206,71,314,397,787,788
2016-01-10 15:59:22,674,207,71,314,398,787,788
2016-01-10 15:59:23,677,208,71,315,398,787,788
2016-01-10 15:59:24,680,209,71,315,398,787,788
2016-01-10 15:59:25,683,210,71,316,398,787,788
2016-01-10 15:59:26,688,211,71,317,398,787,788
2016-01-10 15:59:27,689,212,71,317,399,787,788
2016-01-10 15:59:28,691,213,71,318,399,787,788
2016-01-10 15:59:29,695,214,71,318,399,787,788
2016-01-10 15:59:30,696,215,71,319,399,787,788
2016-01-10 15:59:31,698,216,71,319,399,787,788
2016-01-10 15:59:32,701,217,71,320,400,787,788
2016-01-10 15:59:33,706,218,71,321,400,787,788
2016-01-10 15:59:34,710,219,71,321,400,787,788
2016-01-10 15:59:35,711,220,71,322,400,787,788
2016-01-10 15:59:36,717,221,71,322,401,787,788
2016-01-10 15:59:37,720,222,71,323,401,787,788
2016-01-10 15:59:38,722,223,71,324,401,787,788
2016-01-10 15:59:39,726,224,71,324,401,787,788
2016-01-10 15:59:40,730,225,71,325,402,787,788
2016-01-10 15:59:41,734,226,71,326,402,787,788
2016-01-10 15:59:42,738,227,71,326,402,787,788
2016-01-10 15:59:43,743,228,71,327,402,787,788
2016-01-10 15:59:44,747,229,71,327,403,787,788
2016-01-10 15:59:45,751,230,71,328,403,787,788
2016-01-10 15:59:46,757,231,71,329,403,787,788
2016-01-10 15:59:47,760,232,71,329,404,787,788
2016-01-10 15:59:48,763,233,71,330,404,787,788
2016-01-10 15:59:49,769,234,71,331,404,787,788
2016-01-10 15:59:50,770,235,71,331,404,787,788
2016-01-10 15:59:51,771,236,71,332,404,787,788
2016-01-10 15:59:52,777,237,71,332,404,787,788
2016-01-10 15:59:53,783,238,71,333,405,787,788
2016-01-10 15:59:54,783,239,71,333,405,787,788
2016-01-10 15:59:55,788,240,71,334,405,787,788
2016-01-10 15:59:56,792,241,71,335,406,787,788
2016-01-10 15:59:57,798,242,71,335,406,787,788
2016-01-10 15:59:58,801,243,71,336,406,787,788
2016-01-10 15:59:59,805,244,71,336,407,787,788
2016-01-10 16:00:00,806,245,71,337,407,787,788
2016-01-10 16:00:01,808,246,71,338,407,787,788
2016-01-10 16:00:02,810,247,71,338,407,787,788
2016-01-10 16:00:03,815,248,71,339,408,787,788
2016-01-10 16:00:04,818,249,71,339,408,787,788
2016-01-10 16:00:05,823,250,71,340,408,787,788
2016-01-10 16:00:06,826,251,71,340,408,787,788
2016-01-10 16:00:07,831,252,71,341,408,787,788
2016-01-10 16:00:08,832,253,71,341,408,787,788
2016-01-10 16:00:09,838,254,71,342,409,787,788
2016-01-10 16:00:10,840,255,71,342,409,787,788
2016-01-10 16:00:11,841,256,71,343,409,787,788
2016-01-10 16:00:12,846,257,71,343,409,787,788
2016-01-10 16:00:13,847,258,71,344,409,787,788
2016-01-10 16:00:14,848,259,71,344,409,787,788
2016-01-10 16:00:15,852,260,71,345,410,787,788
2016-01-10 16:00:16,854,261,71,346,410,787,788
2016-01-10 16:00:17,857,262,71,346,410,787,788
2016-01-10 16:00:18,862,263,71,347,410,787,788
2016-01-10 16:00:19,864,264,71,347,411,787,788
2016-01-10 16:00:20,870,265,71,348,411,787,788
2016-01-10 16:00:21,875,266,71,348,411,787,788
2016-01-10 16:00:22,880,267,71,349,411,787,788
2016-01-10 16:00:23,886,268,71,349,412,787,788
2016-01-10 16:00:24,888,269,71,350,412,787,788
2016-01-10 16:00:25,891,270,71,351,413,787,788
2016-01-10 16:00:26,897,271,71,351,413,787,788
2016-01-10 16:00:27,904,272,71,351,413,787,788
2016-01-10 16:00:28,905,273,71,352,412,787,788
2016-01-10 16:00:29,906,274,71,353,412,787,788
2016-01-10 16:00:30,912,275,71,353,412,787,788
2016-01-10 16:00:31,913,276,71,353,412,787,788
2016-01-10 16:00:32,916,277,71,354,412,787,788
2016-01-10 16:00:33,920,278,71,355,413,787,788
2016-01-10 16:00:34,925,279,71,355,413,787,788
2016-01-10 16:00:35,929,280,71,356,413,787,788
2016-01-10 16:00:36,931,281,71,356,414,787,788
2016-01-10 16:00:37,931,282,71,357,414,787,788
2016-01-10 16:00:38,936,283,71,357,414,787,788
2016-01-10 16:00:39,942,285,71,358,414,787,788
2016-01-10 16:00:40,946,286,71,358,415,787,788
2016-01-10 16:00:41,947,287,71,359,415,787,788
2016-01-10 16:00:42,952,288,71,359,415,787,788
2016-01-10 16:00:43,955,289,71,360,416,787,788
2016-01-10 16:00:44,961,290,71,360,416,787,788
2016-01-10 16:00:45,966,291,71,361,416,787,788
2016-01-10 16:00:46,969,292,71,361,416,787,788
2016-01-10 16:00:47,970,293,71,362,417,787,788
2016-01-10 16:00:48,974,294,71,362,417,787,788
2016-01-10 16:00:49,976,295,71,363,417,787,788
2016-01-10 16:00:50,977,296,71,363,418,787,788
2016-01-10 16:00:51,981,297,71,364,418,787,788
2016-01-10 16:00:52,983,298,71,364,418,787,788
2016-01-10 16:00:53,984,299,71,365,418,787,788
2016-01-10 16:00:54,987,300,71,365,418,787,788
2016-01-10 16:00:55,990,301,71,366,419,787,788
2016-01-10 16:00:56,992,302,71,366,419,787,788
2016-01-10 16:00:57,998,303,71,367,419,787,788
2016-01-10 16:00:59,004,304,71,367,419,787,788
2016-01-10 16:01:00,013,305,71,368,419,787,788
2016-01-10 16:01:01,018,306,71,368,418,787,788
2016-01-10 16:01:02,021,307,71,369,418,787,788
2016-01-10 16:01:03,026,308,71,369,419,787,788
2016-01-10 16:01:04,029,309,71,370,419,787,788
2016-01-10 16:01:05,034,310,71,370,419,787,788
2016-01-10 16:01:06,040,311,71,371,419,787,788
2016-01-10 16:01:07,046,312,71,371,420,787,788
2016-01-10 16:01:08,049,313,71,372,420,787,788
2016-01-10 16:01:09,052,314,71,372,420,787,788
2016-01-10 16:01:10,053,315,71,373,421,787,788
2016-01-10 16:01:11,055,316,71,373,421,787,788
2016-01-10 16:01:12,058,317,71,373,422,787,788
2016-01-10 16:01:13,063,318,71,374,422,787,788
2016-01-10 16:01:14,067,319,71,374,422,787,788
2016-01-10 16:01:15,069,320,71,375,423,787,788
2016-01-10 16:01:16,072,321,71,375,423,787,788
2016-01-10 16:01:17,074,322,71,376,423,787,788
2016-01-10 16:01:18,078,323,71,376,423,787,788
2016-01-10 16:01:19,083,324,71,377,424,787,788
2016-01-10 16:01:20,084,325,71,377,424,787,788
2016-01-10 16:01:21,087,326,71,378,424,787,788
2016-01-10 16:01:22,089,327,71,378,425,787,788
2016-01-10 16:01:23,094,328,72,379,425,787,788
2016-01-10 16:01:24,097,329,71,379,425,787,788
2016-01-10 16:01:25,099,330,71,380,425,787,788
2016-01-10 16:01:26,102,331,71,380,425,787,788
2016-01-10 16:01:27,104,332,71,381,426,787,788
2016-01-10 16:01:28,109,333,71,381,426,787,788
2016-01-10 16:01:29,113,334,71,382,426,787,788
2016-01-10 16:01:30,114,335,71,382,427,787,788
2016-01-10 16:01:31,115,336,71,383,427,787,788
2016-01-10 16:01:32,120,337,71,383,427,787,788
2016-01-10 16:01:33,124,338,71,384,427,787,788
2016-01-10 16:01:34,129,339,71,384,428,787,788
2016-01-10 16:01:35,130,340,71,384,428,787,788
2016-01-10 16:01:36,132,341,71,385,428,787,788
2016-01-10 16:01:37,136,342,71,385,428,787,788
2016-01-10 16:01:38,137,343,71,386,428,787,788
2016-01-10 16:01:39,141,344,71,386,429,787,788
2016-01-10 16:01:40,144,345,71,386,429,787,788
2016-01-10 16:01:41,149,346,71,387,429,787,788
2016-01-10 16:01:42,154,347,71,388,429,787,788
2016-01-10 16:01:43,158,348,71,388,429,787,788
2016-01-10 16:01:44,160,349,71,388,429,787,788
2016-01-10 16:01:45,161,350,71,389,429,787,788
2016-01-10 16:01:46,165,351,71,390,429,787,788
2016-01-10 16:01:47,166,352,71,390,430,787,788
2016-01-10 16:01:48,167,353,71,390,430,787,788
2016-01-10 16:01:49,168,354,71,391,430,787,788
2016-01-10 16:01:50,174,355,71,391,430,787,788
2016-01-10 16:01:51,179,356,71,392,431,787,788
2016-01-10 16:01:52,182,357,71,393,431,787,788
2016-01-10 16:01:53,186,358,71,393,431,787,788
2016-01-10 16:01:54,190,359,71,394,431,787,788
2016-01-10 16:01:55,192,360,71,394,431,787,788
2016-01-10 16:01:56,193,361,71,395,431,787,788
2016-01-10 16:01:57,197,362,71,395,431,787,788
2016-01-10 16:01:58,201,363,71,395,431,787,788
2016-01-10 16:01:59,205,364,71,396,431,787,788
2016-01-10 16:02:00,206,365,71,396,431,787,788
2016-01-10 16:02:01,208,366,71,397,432,787,788
2016-01-10 16:02:02,212,367,71,397,432,787,788
2016-01-10 16:02:03,214,368,71,397,432,787,788
2016-01-10 16:02:04,217,369,71,398,432,787,788
2016-01-10 16:02:05,220,370,71,398,432,787,788
2016-01-10 16:02:06,223,371,71,399,432,787,788
2016-01-10 16:02:07,228,372,71,400,432,787,788
2016-01-10 16:02:08,229,373,71,400,432,787,788
2016-01-10 16:02:09,230,374,71,400,432,787,788
2016-01-10 16:02:10,235,375,71,401,432,787,788
2016-01-10 16:02:11,241,376,71,401,432,787,788
2016-01-10 16:02:12,245,377,71,402,432,787,788
2016-01-10 16:02:13,248,378,71,402,432,787,788
2016-01-10 16:02:14,252,379,71,402,432,787,788
2016-01-10 16:02:15,253,380,71,403,432,787,788
2016-01-10 16:02:16,256,381,71,403,432,787,788
2016-01-10 16:02:17,259,382,71,404,432,787,788
2016-01-10 16:02:18,263,383,71,404,433,787,788
2016-01-10 16:02:19,268,384,71,404,433,787,788
2016-01-10 16:02:20,268,385,71,405,433,787,788
2016-01-10 16:02:21,272,386,71,405,433,787,788
2016-01-10 16:02:22,274,387,71,406,433,787,788
2016-01-10 16:02:23,278,388,71,406,433,787,788
2016-01-10 16:02:24,283,389,71,407,433,787,788
2016-01-10 16:02:25,287,390,71,407,434,787,788
2016-01-10 16:02:26,291,391,71,407,434,787,788
2016-01-10 16:02:27,293,392,71,408,434,787,788
2016-01-10 16:02:28,299,393,71,408,434,787,788
2016-01-10 16:02:29,304,394,71,409,435,787,788
2016-01-10 16:02:30,308,395,71,409,434,787,788
2016-01-10 16:02:31,312,396,71,409,435,787,788
2016-01-10 16:02:32,316,397,71,410,435,787,788
2016-01-10 16:02:33,321,398,71,410,435,787,788
2016-01-10 16:02:34,325,399,71,410,435,787,788
2016-01-10 16:02:35,328,400,71,411,435,787,788
2016-01-10 16:02:36,333,401,71,411,435,787,788
2016-01-10 16:02:37,335,402,71,412,435,787,788
2016-01-10 16:02:38,341,403,71,412,435,787,788
2016-01-10 16:02:39,346,404,71,413,435,787,788
2016-01-10 16:02:40,351,405,71,413,435,787,788
2016-01-10 16:02:41,351,406,71,413,436,787,788
2016-01-10 16:02:42,355,407,71,414,436,787,788
2016-01-10 16:02:43,357,408,71,415,436,787,788
2016-01-10 16:02:44,359,409,71,415,436,787,788
2016-01-10 16:02:45,363,410,71,415,436,787,788
2016-01-10 16:02:46,365,411,71,416,436,787,788
2016-01-10 16:02:47,367,412,71,416,437,787,788
2016-01-10 16:02:48,372,413,71,417,437,787,788
2016-01-10 16:02:49,375,414,71,417,437,787,788
2016-01-10 16:02:50,378,415,71,418,437,787,788
2016-01-10 16:02:51,382,416,71,418,437,787,788
2016-01-10 16:02:52,383,417,71,418,437,787,788
2016-01-10 16:02:53,388,418,71,419,437,787,788
2016-01-10 16:02:54,390,419,71,419,438,787,788
2016-01-10 16:02:55,393,420,71,419,438,787,788
2016-01-10 16:02:56,395,421,71,420,438,787,788
2016-01-10 16:02:57,399,422,71,420,438,787,788
2016-01-10 16:02:58,404,423,71,421,438,787,788
2016-01-10 16:02:59,406,424,71,421,438,787,788
2016-01-10 16:03:00,410,425,71,422,438,787,788
2016-01-10 16:03:01,415,426,71,422,438,787,788
2016-01-10 16:03:02,421,427,71,422,439,787,788
2016-01-10 16:03:03,425,428,71,423,439,787,788
2016-01-10 16:03:04,430,429,71,423,439,787,788
2016-01-10 16:03:05,435,430,71,423,439,787,788
2016-01-10 16:03:06,438,431,71,424,439,787,788
2016-01-10 16:03:07,444,432,71,424,439,787,788
2016-01-10 16:03:08,447,433,71,425,440,787,788
2016-01-10 16:03:09,448,434,71,425,440,787,788
2016-01-10 16:03:10,453,435,71,426,440,787,788
2016-01-10 16:03:11,455,436,71,426,440,787,788
2016-01-10 16:03:12,461,437,71,426,440,787,788
2016-01-10 16:03:13,462,438,71,426,440,787,788
2016-01-10 16:03:14,466,439,71,427,440,787,788
2016-01-10 16:03:15,470,440,71,427,440,787,788
2016-01-10 16:03:16,475,441,71,427,441,787,788
2016-01-10 16:03:17,479,442,71,428,441,787,788
2016-01-10 16:03:18,484,443,71,428,441,787,788
2016-01-10 16:03:19,488,444,71,429,442,787,788
2016-01-10 16:03:20,494,445,71,429,442,787,788
2016-01-10 16:03:21,496,446,71,429,442,787,788
2016-01-10 16:03:22,498,447,71,430,442,787,788
2016-01-10 16:03:23,503,448,71,430,442,787,788
2016-01-10 16:03:24,504,449,71,431,442,787,788
2016-01-10 16:03:25,509,450,71,431,442,787,788
2016-01-10 16:03:26,514,451,71,431,443,787,788
2016-01-10 16:03:27,520,452,71,432,443,787,788
2016-01-10 16:03:28,526,453,71,432,443,787,788
2016-01-10 16:03:29,530,454,71,433,443,787,788
2016-01-10 16:03:30,534,455,71,433,443,787,788
2016-01-10 16:03:31,538,456,71,433,444,787,788
2016-01-10 16:03:32,541,457,71,434,444,787,788
2016-01-10 16:03:33,542,458,71,434,444,787,788
2016-01-10 16:03:34,546,459,71,434,444,787,788
2016-01-10 16:03:35,550,460,71,435,444,787,788
2016-01-10 16:03:36,555,461,71,435,444,787,788
2016-01-10 16:03:37,556,462,71,436,444,787,788
2016-01-10 16:03:38,561,463,71,436,444,787,788
2016-01-10 16:03:39,562,464,71,436,443,787,788
2016-01-10 16:03:40,567,465,71,436,443,787,788
2016-01-10 16:03:41,570,466,71,437,443,787,788
2016-01-10 16:03:42,572,467,71,437,443,787,788
2016-01-10 16:03:43,575,468,71,438,443,787,788
2016-01-10 16:03:44,577,469,71,438,443,787,788
2016-01-10 16:03:45,579,470,71,438,444,787,788
2016-01-10 16:03:46,580,471,71,439,444,787,788
2016-01-10 16:03:47,583,472,71,439,444,787,788
2016-01-10 16:03:48,588,473,71,439,445,787,788
2016-01-10 16:03:49,592,474,71,440,445,787,788
2016-01-10 16:03:50,596,475,71,440,445,787,788
2016-01-10 16:03:51,600,476,71,440,445,787,788
2016-01-10 16:03:52,605,477,71,441,445,787,788
2016-01-10 16:03:53,609,478,71,441,446,787,788
2016-01-10 16:03:54,615,479,71,442,446,787,788
2016-01-10 16:03:55,620,480,71,442,446,787,788
2016-01-10 16:03:56,623,481,71,442,446,787,788
2016-01-10 16:03:57,626,482,71,443,447,787,788
2016-01-10 16:03:58,628,483,71,443,447,787,788
2016-01-10 16:03:59,628,484,71,444,447,787,788
2016-01-10 16:04:00,633,485,71,444,447,787,788
2016-01-10 16:04:01,635,486,71,444,447,787,788
2016-01-10 16:04:02,639,487,71,445,448,787,788
2016-01-10 16:04:03,643,488,71,445,448,787,788
2016-01-10 16:04:04,650,489,71,446,448,787,788
2016-01-10 16:04:05,650,490,71,446,448,787,788
2016-01-10 16:04:06,655,491,71,446,448,787,788
2016-01-10 16:04:07,657,492,72,447,449,787,788
2016-01-10 16:04:08,661,493,71,447,449,787,788
2016-01-10 16:04:09,665,494,71,447,449,787,788
2016-01-10 16:04:10,667,495,71,448,449,787,788
2016-01-10 16:04:11,673,496,71,448,449,787,788
2016-01-10 16:04:12,678,497,71,448,449,787,788
2016-01-10 16:04:13,682,498,71,449,449,787,788
2016-01-10 16:04:14,687,499,71,449,449,787,788
2016-01-10 16:04:15,691,500,71,449,449,787,788
2016-01-10 16:04:16,697,501,71,450,450,787,788
2016-01-10 16:04:17,699,502,71,450,450,787,788
2016-01-10 16:04:18,703,503,71,451,450,787,788
2016-01-10 16:04:19,708,504,71,451,450,787,788
2016-01-10 16:04:20,710,505,71,451,451,787,788
2016-01-10 16:04:21,717,506,71,452,451,787,788
2016-01-10 16:04:22,719,507,71,452,451,787,788
2016-01-10 16:04:23,725,508,71,452,451,787,788
2016-01-10 16:04:24,727,509,71,453,451,787,788
2016-01-10 16:04:25,730,510,71,453,451,787,788
2016-01-10 16:04:26,732,511,71,454,452,787,788
2016-01-10 16:04:27,737,512,71,454,452,787,788
2016-01-10 16:04:28,740,513,71,454,452,787,788
2016-01-10 16:04:29,743,514,71,455,453,787,788
2016-01-10 16:04:30,749,515,71,455,453,787,788
2016-01-10 16:04:31,754,516,71,456,453,787,788
2016-01-10 16:04:32,760,517,71,456,453,787,788
2016-01-10 16:04:33,762,518,71,456,454,787,788
2016-01-10 16:04:34,768,519,71,456,454,787,788
2016-01-10 16:04:35,773,520,71,457,454,787,788
2016-01-10 16:04:36,774,521,71,457,454,787,788
2016-01-10 16:04:37,774,522,71,458,455,787,788
2016-01-10 16:04:38,778,523,71,458,455,787,788
2016-01-10 16:04:39,783,524,71,458,455,787,788
2016-01-10 16:04:40,783,525,71,458,455,787,788
2016-01-10 16:04:41,787,526,71,459,455,787,788
2016-01-10 16:04:42,788,527,71,459,455,787,788
2016-01-10 16:04:43,789,528,71,460,456,787,788
2016-01-10 16:04:44,795,529,71,460,456,787,788
2016-01-10 16:04:45,798,530,71,460,456,787,788
2016-01-10 16:04:46,800,531,71,460,456,787,788
2016-01-10 16:04:47,805,532,71,461,456,787,788
2016-01-10 16:04:48,810,533,71,461,456,787,788
2016-01-10 16:04:49,812,534,71,462,456,787,788
2016-01-10 16:04:50,814,535,71,462,457,787,788
2016-01-10 16:04:51,817,536,71,462,457,787,788
2016-01-10 16:04:52,822,537,71,463,457,787,788
2016-01-10 16:04:53,824,538,71,463,457,787,788
2016-01-10 16:04:54,827,539,71,464,457,787,788
2016-01-10 16:04:55,828,540,71,465,457,787,788
2016-01-10 16:04:56,832,541,71,465,457,787,788
2016-01-10 16:04:57,834,542,71,465,458,787,788
2016-01-10 16:04:58,837,543,71,466,458,787,788
2016-01-10 16:04:59,842,544,71,466,458,787,788
2016-01-10 16:05:00,845,545,71,466,458,787,788
2016-01-10 16:05:01,846,546,71,467,458,787,788
2016-01-10 16:05:02,850,547,71,467,458,787,788
2016-01-10 16:05:03,854,548,71,467,459,787,788
2016-01-10 16:05:04,858,549,71,468,459,787,788
2016-01-10 16:05:05,859,550,72,468,459,787,788
2016-01-10 16:05:06,862,551,71,469,459,787,788
2016-01-10 16:05:07,865,552,71,469,459,787,788
2016-01-10 16:05:08,866,553,71,470,460,787,788
2016-01-10 16:05:09,870,554,71,470,460,787,788
2016-01-10 16:05:10,875,555,71,470,460,787,788
2016-01-10 16:05:11,877,556,71,470,460,787,788
2016-01-10 16:05:12,880,557,71,471,461,787,788
2016-01-10 16:05:13,884,558,71,471,461,787,788
2016-01-10 16:05:14,889,559,71,471,461,787,788
2016-01-10 16:05:15,891,560,71,472,461,787,788
2016-01-10 16:05:16,894,561,71,472,461,787,788
2016-01-10 16:05:17,897,562,71,473,462,787,788
2016-01-10 16:05:18,900,563,72,473,462,787,788
2016-01-10 16:05:19,905,564,71,473,462,787,788
2016-01-10 16:05:20,908,565,71,474,462,787,788
2016-01-10 16:05:21,913,566,71,474,463,787,788
2016-01-10 16:05:22,919,567,71,475,463,787,788
2016-01-10 16:05:23,921,568,71,475,463,787,788
2016-01-10 16:05:24,922,569,71,475,463,787,788
2016-01-10 16:05:25,928,570,72,476,464,787,788
2016-01-10 16:05:26,934,571,72,476,464,787,788
2016-01-10 16:05:27,938,572,71,477,464,787,788
2016-01-10 16:05:28,941,574,71,477,464,787,788
2016-01-10 16:05:29,947,575,71,477,465,787,788
2016-01-10 16:05:30,951,576,71,478,465,787,788
2016-01-10 16:05:31,956,577,71,478,465,787,788
2016-01-10 16:05:32,960,578,71,478,466,787,788
2016-01-10 16:05:33,964,579,71,479,466,787,788
2016-01-10 16:05:34,969,580,71,479,466,787,788
2016-01-10 16:05:35,975,581,71,479,466,787,788
2016-01-10 16:05:36,979,582,71,480,467,787,788
2016-01-10 16:05:37,981,583,71,480,467,787,788
2016-01-10 16:05:38,982,584,71,480,467,787,788
2016-01-10 16:05:39,987,585,71,481,467,787,788
2016-01-10 16:05:40,993,586,71,481,467,787,788
2016-01-10 16:05:41,998,587,71,481,467,787,788
2016-01-10 16:05:43,003,588,71,482,467,787,788
2016-01-10 16:05:44,006,589,71,482,467,787,788
2016-01-10 16:05:45,010,590,71,482,467,787,788
2016-01-10 16:05:46,014,591,71,483,467,787,788
2016-01-10 16:05:47,018,592,71,483,468,787,788
2016-01-10 16:05:48,023,593,71,483,468,787,788
2016-01-10 16:05:49,026,594,71,484,468,787,788
2016-01-10 16:05:50,032,595,71,484,468,787,788
2016-01-10 16:05:51,032,596,71,485,468,787,788
2016-01-10 16:05:52,036,597,71,485,468,787,788
2016-01-10 16:05:53,040,598,71,485,468,787,788
2016-01-10 16:05:54,041,599,71,485,468,787,788
2016-01-10 16:05:55,042,600,71,486,469,787,788
2016-01-10 16:05:56,046,601,71,486,469,787,788
2016-01-10 16:05:57,051,602,71,487,469,787,788
2016-01-10 16:05:58,054,603,71,487,469,787,788
2016-01-10 16:05:59,059,604,71,487,469,787,788
2016-01-10 16:06:00,063,605,71,488,470,787,788
2016-01-10 16:06:01,069,606,71,488,470,787,788
2016-01-10 16:06:02,071,607,71,489,470,787,788
2016-01-10 16:06:03,072,608,71,489,470,787,788
2016-01-10 16:06:04,077,609,71,489,470,787,788
2016-01-10 16:06:05,082,610,71,489,470,787,788
2016-01-10 16:06:06,088,611,71,490,470,787,788
2016-01-10 16:06:07,092,612,71,490,470,787,788
2016-01-10 16:06:08,097,613,71,491,471,787,788
2016-01-10 16:06:09,100,614,71,491,471,787,788
2016-01-10 16:06:10,105,615,71,491,471,787,788
2016-01-10 16:06:11,110,616,71,492,471,787,788
2016-01-10 16:06:12,113,617,71,492,471,787,788
2016-01-10 16:06:13,117,618,71,492,471,787,788
2016-01-10 16:06:14,122,619,71,492,471,787,788
2016-01-10 16:06:15,123,620,71,492,472,787,788
2016-01-10 16:06:16,126,621,71,493,472,787,788
2016-01-10 16:06:17,129,622,71,493,472,787,788
2016-01-10 16:06:18,130,623,71,493,471,787,788
2016-01-10 16:06:19,132,624,71,494,471,787,788
2016-01-10 16:06:20,136,625,71,494,471,787,788
2016-01-10 16:06:21,141,626,71,494,471,787,788
2016-01-10 16:06:22,144,627,71,495,470,787,788
2016-01-10 16:06:23,145,628,71,495,470,787,788
2016-01-10 16:06:24,150,629,71,496,470,787,788
2016-01-10 16:06:25,152,630,71,496,470,787,788
2016-01-10 16:06:26,156,631,72,496,470,787,788
2016-01-10 16:06:27,160,632,71,497,470,787,788
2016-01-10 16:06:28,163,633,71,497,469,787,788
2016-01-10 16:06:29,169,634,71,497,469,787,788
2016-01-10 16:06:30,175,635,71,497,469,787,788
2016-01-10 16:06:31,177,636,71,498,469,787,788
2016-01-10 16:06:32,183,637,71,498,469,787,788
2016-01-10 16:06:33,186,638,71,498,469,787,788
2016-01-10 16:06:34,188,639,71,498,469,787,788
2016-01-10 16:06:35,194,640,71,498,468,787,788
2016-01-10 16:06:36,198,641,71,499,468,787,788
2016-01-10 16:06:37,202,642,71,499,468,787,788
2016-01-10 16:06:38,208,643,72,499,468,787,788
2016-01-10 16:06:39,211,644,71,500,468,787,788
2016-01-10 16:06:40,215,645,71,500,468,787,788
2016-01-10 16:06:41,221,646,71,500,467,787,788
2016-01-10 16:06:42,226,647,71,500,467,787,788
2016-01-10 16:06:43,230,648,71,500,467,787,788
2016-01-10 16:06:44,233,649,71,500,467,787,788
2016-01-10 16:06:45,236,650,71,500,467,787,788
2016-01-10 16:06:46,241,651,71,501,466,787,788
2016-01-10 16:06:47,245,652,71,501,466,787,788
2016-01-10 16:06:48,251,653,71,501,466,787,788
2016-01-10 16:06:49,253,654,71,502,466,787,788
2016-01-10 16:06:50,257,655,71,502,466,787,788
2016-01-10 16:06:51,262,656,71,502,466,787,788
2016-01-10 16:06:52,267,657,71,502,466,787,788
2016-01-10 16:06:53,270,658,71,502,466,787,788
2016-01-10 16:06:54,275,659,71,503,466,787,788
2016-01-10 16:06:55,279,660,71,503,466,787,788
2016-01-10 16:06:56,284,661,71,503,465,787,788
2016-01-10 16:06:57,286,662,71,503,465,787,788
2016-01-10 16:06:58,290,663,72,504,465,787,788
2016-01-10 16:06:59,296,664,71,504,465,787,788
2016-01-10 16:07:00,302,665,72,505,465,787,788
2016-01-10 16:07:01,304,666,72,505,465,787,788
2016-01-10 16:07:02,310,667,71,505,465,787,788
2016-01-10 16:07:03,313,668,71,505,465,787,788
2016-01-10 16:07:04,317,669,71,506,465,787,788
2016-01-10 16:07:05,321,670,71,506,465,787,788
2016-01-10 16:07:06,327,671,71,506,465,787,788
2016-01-10 16:07:07,329,672,71,506,465,787,788
2016-01-10 16:07:08,332,673,71,506,465,787,788
2016-01-10 16:07:09,333,674,71,506,465,787,788
2016-01-10 16:07:10,336,675,71,507,464,787,788
2016-01-10 16:07:11,340,676,71,507,465,787,788
2016-01-10 16:07:12,346,677,71,508,464,787,788
2016-01-10 16:07:13,351,678,71,508,465,787,788
2016-01-10 16:07:14,354,679,71,508,464,787,788
2016-01-10 16:07:15,358,680,71,508,464,787,788
2016-01-10 16:07:16,362,681,71,508,464,787,788
2016-01-10 16:07:17,363,682,71,509,463,787,788
2016-01-10 16:07:18,367,683,71,509,463,787,788
2016-01-10 16:07:19,371,684,71,509,463,787,788
2016-01-10 16:07:20,372,685,71,510,463,787,788
2016-01-10 16:07:21,378,686,71,510,462,787,788
2016-01-10 16:07:22,379,687,71,511,461,787,788
2016-01-10 16:07:23,383,688,71,511,461,787,788
2016-01-10 16:07:24,384,689,71,511,461,787,788
2016-01-10 16:07:25,386,690,72,511,461,787,788
2016-01-10 16:07:26,388,691,71,511,460,787,788
2016-01-10 16:07:27,391,692,71,511,460,787,788
2016-01-10 16:07:28,395,693,71,511,459,787,788
2016-01-10 16:07:29,400,694,72,512,459,787,788
2016-01-10 16:07:30,403,695,71,512,459,787,788
2016-01-10 16:07:31,408,696,71,512,459,787,788
2016-01-10 16:07:32,410,697,71,513,459,787,788
2016-01-10 16:07:33,413,698,72,513,459,787,788
2016-01-10 16:07:34,418,699,71,513,458,787,788
2016-01-10 16:07:35,419,700,71,513,458,787,788
2016-01-10 16:07:36,424,701,71,514,458,787,788
2016-01-10 16:07:37,425,702,71,514,458,787,788
2016-01-10 16:07:38,425,703,71,514,457,787,788
2016-01-10 16:07:39,431,704,71,515,457,787,788
2016-01-10 16:07:40,436,705,71,515,457,787,788
2016-01-10 16:07:41,439,706,72,515,457,787,788
2016-01-10 16:07:42,442,707,71,515,457,787,788
2016-01-10 16:07:43,448,708,71,515,457,787,788
2016-01-10 16:07:44,449,709,72,516,457,787,788
2016-01-10 16:07:45,452,710,71,516,457,787,788
2016-01-10 16:07:46,455,711,71,516,457,787,788
2016-01-10 16:07:47,461,712,71,516,457,787,788
2016-01-10 16:07:48,466,713,71,517,457,787,788
2016-01-10 16:07:49,470,714,71,517,457,787,788
2016-01-10 16:07:50,475,715,71,517,457,787,788
2016-01-10 16:07:51,476,716,71,517,456,787,788
2016-01-10 16:07:52,480,717,71,518,456,787,788
2016-01-10 16:07:53,485,718,71,518,456,787,788
2016-01-10 16:07:54,488,719,71,519,455,787,788
2016-01-10 16:07:55,493,720,71,519,455,787,788
2016-01-10 16:07:56,497,721,71,519,454,787,788
2016-01-10 16:07:57,499,722,71,520,454,787,788
2016-01-10 16:07:58,501,723,71,520,454,787,788
2016-01-10 16:07:59,504,724,71,520,455,787,788
2016-01-10 16:08:00,508,725,71,520,454,787,788
2016-01-10 16:08:01,513,726,72,521,455,787,788
2016-01-10 16:08:02,514,727,71,521,455,787,788
2016-01-10 16:08:03,520,728,71,521,455,787,788
2016-01-10 16:08:04,523,729,71,521,455,787,788
2016-01-10 16:08:05,526,730,71,521,454,787,788
2016-01-10 16:08:06,528,731,71,521,454,787,788
2016-01-10 16:08:07,529,732,72,521,455,787,788
2016-01-10 16:08:08,534,733,71,522,455,787,788
2016-01-10 16:08:09,539,734,71,522,454,787,788
2016-01-10 16:08:10,543,735,71,522,454,787,788
2016-01-10 16:08:11,545,736,71,522,454,787,788
2016-01-10 16:08:12,547,737,71,523,454,787,788
2016-01-10 16:08:13,552,738,71,523,454,787,788
2016-01-10 16:08:14,558,739,71,523,454,787,788
2016-01-10 16:08:15,562,740,71,524,454,787,788
2016-01-10 16:08:16,563,741,71,524,454,787,788
2016-01-10 16:08:17,569,742,71,524,454,787,788
2016-01-10 16:08:18,570,743,71,524,454,787,788
2016-01-10 16:08:19,573,744,71,525,454,787,788
2016-01-10 16:08:20,576,745,71,525,454,787,788
2016-01-10 16:08:21,581,746,71,525,454,787,788
2016-01-10 16:08:22,584,747,71,525,454,787,788
2016-01-10 16:08:23,590,748,71,525,454,787,788
2016-01-10 16:08:24,593,749,71,526,453,787,788
2016-01-10 16:08:25,594,750,71,526,453,787,788
2016-01-10 16:08:26,600,751,71,526,453,787,788
2016-01-10 16:08:27,602,752,72,526,453,787,788
2016-01-10 16:08:28,608,753,71,526,453,787,788
2016-01-10 16:08:29,610,754,71,526,453,787,788
2016-01-10 16:08:30,616,755,71,527,453,787,788
2016-01-10 16:08:31,620,756,71,527,453,787,788
2016-01-10 16:08:32,623,757,71,527,453,787,788
2016-01-10 16:08:33,625,758,71,527,453,787,788
2016-01-10 16:08:34,627,759,71,527,453,787,788
2016-01-10 16:08:35,631,760,71,527,453,787,788
2016-01-10 16:08:36,632,761,71,527,453,787,788
2016-01-10 16:08:37,637,762,71,526,452,787,788
2016-01-10 16:08:38,640,763,71,525,452,787,788
2016-01-10 16:08:39,645,764,71,523,452,787,788
2016-01-10 16:08:40,649,765,71,521,452,787,788
2016-01-10 16:08:41,651,766,71,518,451,787,788
2016-01-10 16:08:42,653,767,71,515,451,787,788
2016-01-10 16:08:43,656,768,72,512,450,787,788
2016-01-10 16:08:44,660,769,72,510,450,787,788
2016-01-10 16:08:45,665,770,71,509,449,787,788
2016-01-10 16:08:46,665,771,71,506,449,787,788
2016-01-10 16:08:47,670,772,71,506,448,787,788
2016-01-10 16:08:48,672,773,71,504,448,787,788
2016-01-10 16:08:49,677,774,71,502,448,787,788
2016-01-10 16:08:50,680,775,71,499,447,787,788
2016-01-10 16:08:51,681,776,71,498,447,787,788
2016-01-10 16:08:52,685,777,71,497,447,787,788
2016-01-10 16:08:53,687,778,71,497,446,787,788
2016-01-10 16:08:54,687,779,71,496,446,787,788
2016-01-10 16:08:55,690,780,71,496,446,787,788
2016-01-10 16:08:56,696,781,71,496,446,787,788
2016-01-10 16:08:57,700,782,72,496,446,787,788
2016-01-10 16:08:58,702,783,71,496,446,787,788
2016-01-10 16:08:59,706,784,71,496,446,787,788
2016-01-10 16:09:00,711,785,71,497,446,787,788
2016-01-10 16:09:01,713,786,71,497,446,787,788
2016-01-10 16:09:02,715,787,71,498,446,787,788
2016-01-10 16:09:03,718,788,71,499,446,787,788
2016-01-10 16:09:04,720,789,71,500,446,787,788
2016-01-10 16:09:05,720,790,71,500,446,787,788
2016-01-10 16:09:06,725,791,71,500,446,787,788
2016-01-10 16:09:07,728,792,71,501,445,787,788
2016-01-10 16:09:08,733,793,71,501,445,787,788
2016-01-10 16:09:09,737,794,71,502,445,787,788
2016-01-10 16:09:10,741,795,71,502,445,787,788
2016-01-10 16:09:11,743,796,71,503,446,787,788
2016-01-10 16:09:12,748,797,72,503,446,787,788
2016-01-10 16:09:13,753,798,71,500,446,787,788
2016-01-10 16:09:14,759,799,71,498,446,787,788
2016-01-10 16:09:15,764,800,71,495,446,787,788
2016-01-10 16:09:16,767,801,71,494,446,787,788
2016-01-10 16:09:17,768,802,71,494,446,787,788
2016-01-10 16:09:18,772,803,71,494,447,787,788
2016-01-10 16:09:19,774,804,71,492,447,787,788
2016-01-10 16:09:20,775,805,71,490,447,787,788
2016-01-10 16:09:21,777,806,71,489,447,787,788
2016-01-10 16:09:22,781,807,71,487,447,787,788
2016-01-10 16:09:23,782,808,72,485,447,787,788
2016-01-10 16:09:24,789,809,72,483,447,787,788
2016-01-10 16:09:25,795,810,72,481,446,787,788
2016-01-10 16:09:26,798,811,71,479,446,787,788
2016-01-10 16:09:27,799,812,71,479,446,787,788
2016-01-10 16:09:28,805,813,71,480,446,787,788
2016-01-10 16:09:29,805,814,71,481,446,787,788
2016-01-10 16:09:30,811,815,71,482,446,787,788
2016-01-10 16:09:31,813,816,71,484,447,787,788
2016-01-10 16:09:32,815,817,71,485,447,787,788
2016-01-10 16:09:33,821,818,72,486,447,787,788
2016-01-10 16:09:34,825,819,72,487,447,787,788
2016-01-10 16:09:35,830,820,71,488,447,787,788
2016-01-10 16:09:36,836,821,71,489,448,787,788
2016-01-10 16:09:37,839,822,71,490,448,787,788
2016-01-10 16:09:38,843,823,71,491,448,787,788
2016-01-10 16:09:39,847,824,71,492,449,787,788
2016-01-10 16:09:40,849,825,71,493,449,787,788
2016-01-10 16:09:41,852,826,72,492,449,787,788
2016-01-10 16:09:42,854,827,71,492,449,787,788
2016-01-10 16:09:43,857,828,71,492,449,787,788
2016-01-10 16:09:44,859,829,71,493,449,787,788
2016-01-10 16:09:45,861,830,72,493,449,787,788
2016-01-10 16:09:46,864,831,71,493,450,787,788
2016-01-10 16:09:47,870,832,71,493,450,787,788
2016-01-10 16:09:48,872,833,71,493,450,787,788
2016-01-10 16:09:49,877,834,71,493,450,787,788
2016-01-10 16:09:50,880,835,71,493,450,787,788
2016-01-10 16:09:51,881,836,71,493,450,787,788
2016-01-10 16:09:52,885,837,72,494,450,787,788
2016-01-10 16:09:53,887,838,72,494,450,787,788
2016-01-10 16:09:54,889,839,72,494,450,787,788
2016-01-10 16:09:55,895,840,71,494,449,787,788
2016-01-10 16:09:56,900,841,71,494,449,787,788
2016-01-10 16:09:57,903,842,71,494,449,787,788
2016-01-10 16:09:58,904,843,72,494,449,787,788
2016-01-10 16:09:59,909,844,71,494,449,787,788
2016-01-10 16:10:00,910,845,72,494,449,787,788
2016-01-10 16:10:01,914,846,71,494,449,787,788
2016-01-10 16:10:02,919,847,71,494,449,787,788
2016-01-10 16:10:03,920,848,72,494,449,787,788
2016-01-10 16:10:04,924,849,71,494,448,787,788
2016-01-10 16:10:05,926,850,71,494,448,787,788
2016-01-10 16:10:06,927,851,71,494,448,787,788
2016-01-10 16:10:07,932,852,72,494,448,787,788
2016-01-10 16:10:08,937,853,72,494,447,787,788
2016-01-10 16:10:09,940,855,71,494,447,787,788
2016-01-10 16:10:10,941,856,71,494,447,787,788
2016-01-10 16:10:11,945,857,71,494,447,787,788
2016-01-10 16:10:12,946,858,71,494,447,787,788
2016-01-10 16:10:13,949,859,71,494,446,787,788
2016-01-10 16:10:14,952,860,71,494,446,787,788
2016-01-10 16:10:15,954,861,71,494,446,787,788
2016-01-10 16:10:16,958,862,72,494,446,787,788
2016-01-10 16:10:17,962,863,71,494,446,787,788
2016-01-10 16:10:18,968,864,71,494,446,787,788
2016-01-10 16:10:19,973,865,72,494,446,787,788
2016-01-10 16:10:20,976,866,72,494,446,787,788
2016-01-10 16:10:21,979,867,71,494,445,787,788
2016-01-10 16:10:22,982,868,71,494,445,787,788
2016-01-10 16:10:23,988,869,72,494,445,787,788
2016-01-10 16:10:24,989,870,72,493,444,787,788
2016-01-10 16:10:25,990,871,71,493,444,787,788
2016-01-10 16:10:26,994,872,71,492,444,787,788
2016-01-10 16:10:28,000,873,72,492,444,787,788
2016-01-10 16:10:29,003,874,71,491,443,787,788
2016-01-10 16:10:30,008,875,72,491,443,787,788
2016-01-10 16:10:31,012,876,71,491,443,787,788
2016-01-10 16:10:32,013,877,71,491,443,787,788
2016-01-10 16:10:33,017,878,71,490,442,787,788
2016-01-10 16:10:34,019,879,71,490,442,787,788
2016-01-10 16:10:35,019,880,71,490,442,787,788
2016-01-10 16:10:36,023,881,71,490,442,787,788
2016-01-10 16:10:37,025,882,71,490,442,787,788
2016-01-10 16:10:38,029,883,71,490,442,787,788
2016-01-10 16:10:39,034,884,72,490,441,787,788
2016-01-10 16:10:40,037,885,72,490,441,787,788
2016-01-10 16:10:41,042,886,71,490,441,787,788
2016-01-10 16:10:42,048,887,71,490,441,787,788
2016-01-10 16:10:43,051,888,71,489,441,787,788
2016-01-10 16:10:44,054,889,71,489,440,787,788
2016-01-10 16:10:45,060,890,71,489,440,787,788
2016-01-10 16:10:46,062,891,71,489,440,787,788
2016-01-10 16:10:47,068,892,71,489,440,787,788
2016-01-10 16:10:48,071,893,72,489,440,787,788
2016-01-10 16:10:49,076,894,72,488,440,787,788
2016-01-10 16:10:50,077,895,71,488,439,787,788
2016-01-10 16:10:51,079,896,72,488,439,787,788
2016-01-10 16:10:52,084,897,71,488,439,787,788
2016-01-10 16:10:53,087,898,72,487,439,787,788
2016-01-10 16:10:54,092,899,71,487,439,787,788
2016-01-10 16:10:55,093,900,71,487,439,787,788
2016-01-10 16:10:56,099,901,71,487,439,787,788
2016-01-10 16:10:57,104,902,71,486,439,787,788
2016-01-10 16:10:58,108,903,71,486,439,787,788
2016-01-10 16:10:59,111,904,72,486,438,787,788
2016-01-10 16:11:00,116,905,71,486,438,787,788
2016-01-10 16:11:01,122,906,71,485,438,787,788
2016-01-10 16:11:02,126,907,72,485,438,787,788
2016-01-10 16:11:03,132,908,72,485,438,787,788
2016-01-10 16:11:04,135,909,71,484,438,787,788
2016-01-10 16:11:05,136,910,72,484,437,787,788
2016-01-10 16:11:06,143,911,71,484,437,787,788
2016-01-10 16:11:07,144,912,71,484,437,787,788
2016-01-10 16:11:08,150,913,72,484,437,787,788
2016-01-10 16:11:09,156,914,72,484,437,787,788
2016-01-10 16:11:10,159,915,71,483,436,787,788
2016-01-10 16:11:11,165,916,71,483,436,787,788
2016-01-10 16:11:12,170,917,71,483,436,787,788
2016-01-10 16:11:13,171,918,71,483,436,787,788
2016-01-10 16:11:14,176,919,71,483,436,787,788
2016-01-10 16:11:15,183,920,72,483,436,787,788
2016-01-10 16:11:16,185,921,71,483,436,787,788
2016-01-10 16:11:17,187,922,72,483,436,787,788
2016-01-10 16:11:18,188,923,72,483,436,787,788
2016-01-10 16:11:19,193,924,72,483,436,787,788
2016-01-10 16:11:20,199,925,71,482,435,787,788
2016-01-10 16:11:21,203,926,71,482,435,787,788
2016-01-10 16:11:22,206,927,72,482,435,787,788
2016-01-10 16:11:23,209,928,72,482,435,787,788
2016-01-10 16:11:24,213,929,71,481,435,787,788
2016-01-10 16:11:25,217,930,71,481,435,787,788
2016-01-10 16:11:26,222,931,72,481,435,787,788
2016-01-10 16:11:27,226,932,71,481,435,787,788
2016-01-10 16:11:28,228,933,71,481,435,787,788
2016-01-10 16:11:29,228,934,71,481,434,787,788
2016-01-10 16:11:30,232,935,72,481,434,787,788
2016-01-10 16:11:31,237,936,72,481,434,787,788
2016-01-10 16:11:32,241,937,72,480,434,787,788
2016-01-10 16:11:33,244,938,71,480,434,787,788
2016-01-10 16:11:34,250,939,71,479,434,787,788
2016-01-10 16:11:35,255,940,71,479,434,787,788
2016-01-10 16:11:36,259,941,72,479,434,787,788
2016-01-10 16:11:37,264,942,72,479,434,787,788
2016-01-10 16:11:38,267,943,72,479,433,787,788
2016-01-10 16:11:39,270,944,71,479,433,787,788
2016-01-10 16:11:40,275,945,72,479,433,787,788
2016-01-10 16:11:41,278,946,71,478,433,787,788
2016-01-10 16:11:42,284,947,71,478,433,787,788
2016-01-10 16:11:43,288,948,72,478,433,787,788
2016-01-10 16:11:44,292,949,71,478,432,787,788
2016-01-10 16:11:45,297,950,72,478,433,787,788
