2016-01-10 15:41:27,192,datetime,ms,seconds,ambient_temp,thermocouple_0_temp,thermocouple_1_temp,thermocouple_2_temp,thermocouple_3_temp
2016-01-10 15:41:32,283,5,71,460,416,787,788
2016-01-10 15:41:33,284,6,71,447,409,787,788
2016-01-10 15:41:34,290,7,71,435,403,787,788
2016-01-10 15:41:35,291,8,71,424,399,787,788
2016-01-10 15:41:36,292,9,71,413,396,787,788
2016-01-10 15:41:37,296,10,71,403,393,787,788
2016-01-10 15:41:38,299,11,71,393,391,787,788
2016-01-10 15:41:39,300,12,71,383,389,787,788
2016-01-10 15:41:40,307,13,71,374,387,787,788
2016-01-10 15:41:41,311,14,71,366,385,787,788
2016-01-10 15:41:42,314,15,71,358,383,787,788
2016-01-10 15:41:43,320,16,71,352,382,787,788
2016-01-10 15:41:44,322,17,71,344,380,787,788
2016-01-10 15:41:45,326,18,71,338,378,787,788
2016-01-10 15:41:46,331,19,71,331,377,787,788
2016-01-10 15:41:47,332,20,71,325,376,787,788
2016-01-10 15:41:48,333,21,71,320,374,787,788
2016-01-10 15:41:49,337,22,71,315,373,787,788
2016-01-10 15:41:50,342,23,71,309,371,787,788
2016-01-10 15:41:51,346,24,71,305,370,787,788
2016-01-10 15:41:52,350,25,71,301,369,787,788
2016-01-10 15:41:53,355,26,71,296,368,787,788
2016-01-10 15:41:54,358,27,71,292,367,787,788
2016-01-10 15:41:55,363,28,71,289,366,787,788
2016-01-10 15:41:56,366,29,71,285,365,787,788
2016-01-10 15:41:57,372,30,71,281,364,787,788
2016-01-10 15:41:58,378,31,71,278,363,787,788
2016-01-10 15:41:59,380,32,71,275,362,787,788
2016-01-10 15:42:00,383,33,71,272,362,787,788
2016-01-10 15:42:01,386,34,71,269,361,787,788
2016-01-10 15:42:02,396,35,71,267,360,787,788
2016-01-10 15:42:03,399,36,71,264,359,787,788
2016-01-10 15:42:04,402,37,71,262,359,787,788
2016-01-10 15:42:05,406,38,71,260,358,787,788
2016-01-10 15:42:06,406,39,71,257,358,787,788
2016-01-10 15:42:07,412,40,71,256,357,787,788
2016-01-10 15:42:08,412,41,71,254,357,787,788
2016-01-10 15:42:09,413,42,71,252,357,787,788
2016-01-10 15:42:10,415,43,71,251,356,787,788
2016-01-10 15:42:11,419,44,71,249,356,787,788
2016-01-10 15:42:12,425,45,71,248,356,787,788
2016-01-10 15:42:13,430,46,71,247,355,787,788
2016-01-10 15:42:14,435,47,71,245,355,787,788
2016-01-10 15:42:15,440,48,71,244,355,787,788
2016-01-10 15:42:16,443,49,71,243,354,787,788
2016-01-10 15:42:17,445,50,71,242,354,787,788
2016-01-10 15:42:18,451,51,71,241,354,787,788
2016-01-10 15:42:19,456,52,71,241,354,787,788
2016-01-10 15:42:20,458,53,71,240,354,787,788
2016-01-10 15:42:21,462,54,71,239,354,787,788
2016-01-10 15:42:22,465,55,71,238,353,787,788
2016-01-10 15:42:23,470,56,71,238,353,787,788
2016-01-10 15:42:24,476,57,71,238,353,787,788
2016-01-10 15:42:25,478,58,71,237,353,787,788
2016-01-10 15:42:26,484,59,71,237,353,787,788
2016-01-10 15:42:27,487,60,71,237,353,787,788
2016-01-10 15:42:28,493,61,71,236,354,787,788
2016-01-10 15:42:29,496,62,71,236,354,787,788
2016-01-10 15:42:30,497,63,71,236,355,787,788
2016-01-10 15:42:31,499,64,71,236,356,787,788
2016-01-10 15:42:32,504,65,71,236,357,787,788
2016-01-10 15:42:33,507,66,71,235,358,787,788
2016-01-10 15:42:34,512,67,71,236,359,787,788
2016-01-10 15:42:35,518,68,71,236,359,787,788
2016-01-10 15:42:36,520,69,71,236,360,787,788
2016-01-10 15:42:37,523,70,71,236,361,787,788
2016-01-10 15:42:38,527,71,71,236,362,787,788
2016-01-10 15:42:39,530,72,71,236,362,787,788
2016-01-10 15:42:40,533,73,71,236,363,787,788
2016-01-10 15:42:41,538,74,71,236,364,787,788
2016-01-10 15:42:42,539,75,71,237,364,787,788
2016-01-10 15:42:43,544,76,71,237,365,787,788
2016-01-10 15:42:44,546,77,71,237,366,787,788
2016-01-10 15:42:45,548,78,71,237,366,787,788
2016-01-10 15:42:46,554,79,71,238,367,787,788
2016-01-10 15:42:47,555,80,71,238,367,787,788
2016-01-10 15:42:48,559,81,71,238,368,787,788
2016-01-10 15:42:49,564,82,71,239,369,787,788
2016-01-10 15:42:50,568,83,71,239,370,787,788
2016-01-10 15:42:51,572,84,71,240,370,787,788
2016-01-10 15:42:52,576,85,71,240,371,787,788
2016-01-10 15:42:53,578,86,71,240,371,787,788
2016-01-10 15:42:54,584,87,71,241,372,787,788
2016-01-10 15:42:55,587,88,71,241,372,787,788
2016-01-10 15:42:56,593,89,71,242,373,787,788
2016-01-10 15:42:57,598,90,71,242,373,787,788
2016-01-10 15:42:58,602,91,71,243,373,787,788
2016-01-10 15:42:59,605,92,71,244,374,787,788
2016-01-10 15:43:00,610,93,71,244,374,787,788
2016-01-10 15:43:01,615,94,71,245,375,787,788
2016-01-10 15:43:02,620,95,71,245,375,787,788
2016-01-10 15:43:03,623,96,71,246,375,787,788
2016-01-10 15:43:04,627,97,71,247,376,787,788
2016-01-10 15:43:05,631,98,71,247,376,787,788
2016-01-10 15:43:06,636,99,71,248,377,787,788
2016-01-10 15:43:07,636,100,71,249,377,787,788
2016-01-10 15:43:08,640,101,71,249,377,787,788
2016-01-10 15:43:09,643,102,71,250,378,787,788
2016-01-10 15:43:10,647,103,71,250,378,787,788
2016-01-10 15:43:11,651,104,71,251,379,787,788
2016-01-10 15:43:12,653,105,71,252,379,787,788
2016-01-10 15:43:13,659,106,71,252,379,787,788
2016-01-10 15:43:14,662,107,71,253,380,787,788
2016-01-10 15:43:15,668,108,71,254,380,787,788
2016-01-10 15:43:16,673,109,71,254,381,787,788
2016-01-10 15:43:17,677,110,71,255,381,787,788
2016-01-10 15:43:18,683,111,71,256,382,787,788
2016-01-10 15:43:19,685,112,71,257,382,787,788
2016-01-10 15:43:20,690,113,71,257,382,787,788
2016-01-10 15:43:21,693,114,71,258,383,787,788
2016-01-10 15:43:22,696,115,71,259,383,787,788
2016-01-10 15:43:23,700,116,71,260,383,787,788
2016-01-10 15:43:24,700,117,71,260,384,787,788
2016-01-10 15:43:25,702,118,71,261,384,787,788
2016-01-10 15:43:26,708,119,71,262,384,787,788
2016-01-10 15:43:27,711,120,71,263,385,787,788
2016-01-10 15:43:28,715,121,71,264,385,787,788
2016-01-10 15:43:29,716,122,71,264,385,787,788
2016-01-10 15:43:30,721,123,71,265,385,787,788
2016-01-10 15:43:31,725,124,71,266,386,787,788
2016-01-10 15:43:32,729,125,71,267,386,787,788
2016-01-10 15:43:33,733,126,71,267,386,787,788
2016-01-10 15:43:34,739,127,71,268,387,787,788
2016-01-10 15:43:35,742,128,71,269,387,787,788
2016-01-10 15:43:36,746,129,71,270,387,787,788
2016-01-10 15:43:37,750,130,71,270,387,787,788
2016-01-10 15:43:38,754,131,71,271,388,787,788
2016-01-10 15:43:39,758,132,71,272,388,787,788
2016-01-10 15:43:40,763,133,71,272,388,787,788
2016-01-10 15:43:41,767,134,71,273,388,787,788
2016-01-10 15:43:42,773,135,71,274,389,787,788
2016-01-10 15:43:43,778,136,71,275,389,787,788
2016-01-10 15:43:44,779,137,71,275,389,787,788
2016-01-10 15:43:45,784,138,71,276,389,787,788
2016-01-10 15:43:46,786,139,71,277,389,787,788
2016-01-10 15:43:47,792,140,71,278,390,787,788
2016-01-10 15:43:48,794,141,71,278,390,787,788
2016-01-10 15:43:49,796,142,71,279,391,787,788
2016-01-10 15:43:50,799,143,71,280,391,787,788
2016-01-10 15:43:51,802,144,71,281,391,787,788
2016-01-10 15:43:52,808,145,71,281,392,787,788
2016-01-10 15:43:53,808,146,71,282,392,787,788
2016-01-10 15:43:54,811,147,71,283,392,787,788
2016-01-10 15:43:55,817,148,71,283,393,787,788
2016-01-10 15:43:56,818,149,71,284,393,787,788
2016-01-10 15:43:57,823,150,71,285,393,787,788
2016-01-10 15:43:58,829,151,71,286,393,787,788
2016-01-10 15:43:59,832,152,71,286,394,787,788
2016-01-10 15:44:00,833,153,71,287,394,787,788
2016-01-10 15:44:01,837,154,71,288,395,787,788
2016-01-10 15:44:02,841,155,71,288,395,787,788
2016-01-10 15:44:03,845,156,71,289,395,787,788
2016-01-10 15:44:04,847,157,71,290,395,787,788
2016-01-10 15:44:05,847,158,71,291,396,787,788
2016-01-10 15:44:06,849,159,71,292,396,787,788
2016-01-10 15:44:07,854,160,71,292,396,787,788
2016-01-10 15:44:08,855,161,71,293,396,787,788
2016-01-10 15:44:09,857,162,71,294,397,787,788
2016-01-10 15:44:10,862,163,71,294,397,787,788
2016-01-10 15:44:11,862,164,71,295,397,787,788
2016-01-10 15:44:12,865,165,71,296,397,787,788
2016-01-10 15:44:13,868,166,71,296,397,787,788
2016-01-10 15:44:14,868,167,71,297,397,787,788
2016-01-10 15:44:15,871,168,71,298,397,787,788
2016-01-10 15:44:16,875,169,71,298,397,787,788
2016-01-10 15:44:17,881,170,71,299,398,787,788
2016-01-10 15:44:18,883,171,71,300,398,787,788
2016-01-10 15:44:19,885,172,71,300,398,787,788
2016-01-10 15:44:20,890,173,71,301,399,787,788
2016-01-10 15:44:21,891,174,71,302,399,787,788
2016-01-10 15:44:22,894,175,71,303,399,787,788
2016-01-10 15:44:23,899,176,71,303,399,787,788
2016-01-10 15:44:24,900,177,71,304,400,787,788
2016-01-10 15:44:25,903,178,71,305,400,787,788
2016-01-10 15:44:26,906,179,71,306,400,787,788
2016-01-10 15:44:27,909,180,71,306,401,787,788
2016-01-10 15:44:28,914,181,71,307,401,787,788
2016-01-10 15:44:29,916,182,71,308,401,787,788
2016-01-10 15:44:30,922,183,71,308,401,787,788
2016-01-10 15:44:31,927,184,71,309,401,787,788
2016-01-10 15:44:32,931,185,71,310,402,787,788
2016-01-10 15:44:33,936,186,71,311,402,787,788
2016-01-10 15:44:34,940,187,71,311,402,787,788
2016-01-10 15:44:35,946,188,71,312,402,787,788
2016-01-10 15:44:36,951,189,71,312,403,787,788
2016-01-10 15:44:37,953,190,71,313,403,787,788
2016-01-10 15:44:38,957,191,71,314,403,787,788
2016-01-10 15:44:39,961,192,71,315,403,787,788
2016-01-10 15:44:40,965,193,71,315,403,787,788
2016-01-10 15:44:41,970,194,71,316,404,787,788
2016-01-10 15:44:42,974,195,71,316,404,787,788
2016-01-10 15:44:43,979,196,71,317,404,787,788
2016-01-10 15:44:44,982,197,71,318,404,787,788
2016-01-10 15:44:45,985,198,71,318,405,787,788
2016-01-10 15:44:46,991,199,71,319,405,787,788
2016-01-10 15:44:47,995,200,71,320,405,787,788
2016-01-10 15:44:48,999,201,71,320,405,787,788
2016-01-10 15:44:50,005,202,71,321,405,787,788
2016-01-10 15:44:51,007,203,71,322,406,787,788
2016-01-10 15:44:52,012,204,71,322,406,787,788
2016-01-10 15:44:53,016,205,71,323,406,787,788
2016-01-10 15:44:54,017,206,71,324,407,787,788
2016-01-10 15:44:55,021,207,71,324,407,787,788
2016-01-10 15:44:56,024,208,71,325,407,787,788
2016-01-10 15:44:57,028,209,71,326,408,787,788
2016-01-10 15:44:58,032,210,71,326,408,787,788
2016-01-10 15:44:59,038,211,71,327,408,787,788
2016-01-10 15:45:00,039,212,71,327,408,787,788
2016-01-10 15:45:01,045,213,71,328,409,787,788
2016-01-10 15:45:02,049,214,71,329,409,787,788
2016-01-10 15:45:03,053,215,71,329,409,787,788
2016-01-10 15:45:04,057,216,71,330,410,787,788
2016-01-10 15:45:05,061,217,71,331,410,787,788
2016-01-10 15:45:06,066,218,71,331,410,787,788
2016-01-10 15:45:07,072,219,71,332,411,787,788
2016-01-10 15:45:08,074,220,71,332,411,787,788
2016-01-10 15:45:09,075,221,71,333,411,787,788
2016-01-10 15:45:10,077,222,71,334,411,787,788
2016-01-10 15:45:11,081,223,71,334,412,787,788
2016-01-10 15:45:12,082,224,71,335,412,787,788
2016-01-10 15:45:13,084,225,71,336,412,787,788
2016-01-10 15:45:14,088,226,71,336,412,787,788
2016-01-10 15:45:15,089,227,71,337,412,787,788
2016-01-10 15:45:16,094,228,71,337,413,787,788
2016-01-10 15:45:17,095,229,71,338,413,787,788
2016-01-10 15:45:18,100,230,71,339,413,787,788
2016-01-10 15:45:19,105,231,71,339,413,787,788
2016-01-10 15:45:20,106,232,71,340,413,787,788
2016-01-10 15:45:21,112,233,71,340,413,787,788
2016-01-10 15:45:22,112,234,71,341,413,787,788
2016-01-10 15:45:23,116,235,71,342,414,787,788
2016-01-10 15:45:24,119,236,71,342,414,787,788
2016-01-10 15:45:25,124,237,71,343,414,787,788
2016-01-10 15:45:26,128,238,71,344,414,787,788
2016-01-10 15:45:27,133,239,71,344,414,787,788
2016-01-10 15:45:28,139,240,71,345,414,787,788
2016-01-10 15:45:29,141,241,71,345,415,787,788
2016-01-10 15:45:30,145,242,71,346,415,787,788
2016-01-10 15:45:31,151,243,71,346,415,787,788
2016-01-10 15:45:32,153,244,71,347,415,787,788
2016-01-10 15:45:33,159,245,71,347,416,787,788
2016-01-10 15:45:34,161,246,71,348,416,787,788
2016-01-10 15:45:35,167,247,71,349,416,787,788
2016-01-10 15:45:36,170,248,71,349,416,787,788
2016-01-10 15:45:37,175,249,71,350,417,787,788
2016-01-10 15:45:38,179,250,71,350,417,787,788
2016-01-10 15:45:39,182,251,71,351,417,787,788
2016-01-10 15:45:40,187,252,71,351,417,787,788
2016-01-10 15:45:41,190,253,71,352,418,787,788
2016-01-10 15:45:42,195,255,71,353,418,787,788
2016-01-10 15:45:43,197,256,71,353,418,787,788
2016-01-10 15:45:44,198,257,71,354,418,787,788
2016-01-10 15:45:45,203,258,71,354,418,787,788
2016-01-10 15:45:46,205,259,71,355,419,787,788
2016-01-10 15:45:47,210,260,71,355,419,787,788
2016-01-10 15:45:48,212,261,71,356,419,787,788
2016-01-10 15:45:49,214,262,71,356,420,787,788
2016-01-10 15:45:50,217,263,71,357,420,787,788
2016-01-10 15:45:51,219,264,71,357,420,787,788
2016-01-10 15:45:52,220,265,71,358,420,787,788
2016-01-10 15:45:53,224,266,71,358,421,787,788
2016-01-10 15:45:54,226,267,71,359,421,787,788
2016-01-10 15:45:55,229,268,71,360,421,787,788
2016-01-10 15:45:56,232,269,71,360,421,787,788
2016-01-10 15:45:57,236,270,71,361,422,787,788
2016-01-10 15:45:58,240,271,71,361,422,787,788
2016-01-10 15:45:59,243,272,71,362,422,787,788
2016-01-10 15:46:00,248,273,71,362,422,787,788
2016-01-10 15:46:01,254,274,71,363,422,787,788
2016-01-10 15:46:02,257,275,71,363,423,787,788
2016-01-10 15:46:03,261,276,71,364,423,787,788
2016-01-10 15:46:04,266,277,71,364,423,787,788
2016-01-10 15:46:05,272,278,71,365,423,787,788
2016-01-10 15:46:06,274,279,71,365,423,787,788
2016-01-10 15:46:07,275,280,71,366,423,787,788
2016-01-10 15:46:08,280,281,71,366,423,787,788
2016-01-10 15:46:09,283,282,71,367,424,787,788
2016-01-10 15:46:10,286,283,71,367,424,787,788
2016-01-10 15:46:11,290,284,71,368,424,787,788
2016-01-10 15:46:12,294,285,71,368,424,787,788
2016-01-10 15:46:13,298,286,71,369,424,787,788
2016-01-10 15:46:14,302,287,71,369,425,787,788
2016-01-10 15:46:15,306,288,71,370,425,787,788
2016-01-10 15:46:16,307,289,71,370,425,787,788
2016-01-10 15:46:17,312,290,71,371,425,787,788
2016-01-10 15:46:18,318,291,71,371,425,787,788
2016-01-10 15:46:19,324,292,71,372,426,787,788
2016-01-10 15:46:20,326,293,71,372,426,787,788
2016-01-10 15:46:21,327,294,71,373,426,787,788
2016-01-10 15:46:22,331,295,71,373,427,787,788
2016-01-10 15:46:23,334,296,71,374,427,787,788
2016-01-10 15:46:24,339,297,71,374,427,787,788
2016-01-10 15:46:25,343,298,71,375,427,787,788
2016-01-10 15:46:26,347,299,71,375,427,787,788
2016-01-10 15:46:27,352,300,71,376,427,787,788
2016-01-10 15:46:28,356,301,71,376,428,787,788
2016-01-10 15:46:29,360,302,71,377,428,787,788
2016-01-10 15:46:30,364,303,71,378,428,787,788
2016-01-10 15:46:31,371,304,71,378,429,787,788
2016-01-10 15:46:32,373,305,71,379,429,787,788
2016-01-10 15:46:33,375,306,71,379,429,787,788
2016-01-10 15:46:34,378,307,71,380,429,787,788
2016-01-10 15:46:35,380,308,71,380,429,787,788
2016-01-10 15:46:36,382,309,71,380,430,787,788
2016-01-10 15:46:37,388,310,71,381,430,787,788
2016-01-10 15:46:38,392,311,71,382,430,787,788
2016-01-10 15:46:39,397,312,71,382,430,787,788
2016-01-10 15:46:40,402,313,71,382,430,787,788
2016-01-10 15:46:41,405,314,71,383,431,787,788
2016-01-10 15:46:42,409,315,71,383,431,787,788
2016-01-10 15:46:43,414,316,71,384,431,787,788
2016-01-10 15:46:44,419,317,71,384,431,787,788
2016-01-10 15:46:45,422,318,71,385,431,787,788
2016-01-10 15:46:46,427,319,71,385,431,787,788
2016-01-10 15:46:47,431,320,71,386,431,787,788
2016-01-10 15:46:48,437,321,71,386,432,787,788
2016-01-10 15:46:49,440,322,71,387,432,787,788
2016-01-10 15:46:50,446,323,71,387,432,787,788
2016-01-10 15:46:51,448,324,71,388,432,787,788
2016-01-10 15:46:52,450,325,71,388,433,787,788
2016-01-10 15:46:53,456,326,71,389,433,787,788
2016-01-10 15:46:54,459,327,71,389,433,787,788
2016-01-10 15:46:55,465,328,71,389,433,787,788
2016-01-10 15:46:56,468,329,71,390,433,787,788
2016-01-10 15:46:57,473,330,71,390,434,787,788
2016-01-10 15:46:58,475,331,71,391,434,787,788
2016-01-10 15:46:59,477,332,71,391,434,787,788
2016-01-10 15:47:00,480,333,71,392,434,787,788
2016-01-10 15:47:01,484,334,71,392,434,787,788
2016-01-10 15:47:02,485,335,71,393,435,787,788
2016-01-10 15:47:03,487,336,71,393,435,787,788
2016-01-10 15:47:04,488,337,71,394,435,787,788
2016-01-10 15:47:05,489,338,71,394,435,787,788
2016-01-10 15:47:06,494,339,71,395,436,787,788
2016-01-10 15:47:07,497,340,71,395,436,787,788
2016-01-10 15:47:08,503,341,71,396,436,787,788
2016-01-10 15:47:09,504,342,71,396,436,787,788
2016-01-10 15:47:10,509,343,71,397,436,787,788
2016-01-10 15:47:11,512,344,71,397,436,787,788
2016-01-10 15:47:12,518,345,71,398,437,787,788
2016-01-10 15:47:13,521,346,71,398,437,787,788
2016-01-10 15:47:14,525,347,71,399,437,787,788
2016-01-10 15:47:15,527,348,71,399,437,787,788
2016-01-10 15:47:16,530,349,71,400,437,787,788
2016-01-10 15:47:17,535,350,71,400,438,787,788
2016-01-10 15:47:18,536,351,71,401,438,787,788
2016-01-10 15:47:19,540,352,71,401,438,787,788
2016-01-10 15:47:20,542,353,71,401,438,787,788
2016-01-10 15:47:21,543,354,71,402,438,787,788
2016-01-10 15:47:22,549,355,71,402,438,787,788
2016-01-10 15:47:23,550,356,71,402,438,787,788
2016-01-10 15:47:24,555,357,71,403,438,787,788
2016-01-10 15:47:25,559,358,71,403,439,787,788
2016-01-10 15:47:26,561,359,71,404,439,787,788
2016-01-10 15:47:27,566,360,71,404,439,787,788
2016-01-10 15:47:28,570,361,71,405,439,787,788
2016-01-10 15:47:29,574,362,71,405,439,787,788
2016-01-10 15:47:30,575,363,71,406,439,787,788
2016-01-10 15:47:31,576,364,71,406,439,787,788
2016-01-10 15:47:32,581,365,71,407,439,787,788
2016-01-10 15:47:33,583,366,71,407,439,787,788
2016-01-10 15:47:34,585,367,71,408,439,787,788
2016-01-10 15:47:35,588,368,71,408,439,787,788
2016-01-10 15:47:36,591,369,71,409,439,787,788
2016-01-10 15:47:37,597,370,71,409,439,787,788
2016-01-10 15:47:38,598,371,71,409,439,787,788
2016-01-10 15:47:39,602,372,71,410,439,787,788
2016-01-10 15:47:40,606,373,71,410,439,787,788
2016-01-10 15:47:41,612,374,71,411,439,787,788
2016-01-10 15:47:42,618,375,71,411,440,787,788
2016-01-10 15:47:43,622,376,71,412,440,787,788
2016-01-10 15:47:44,622,377,71,412,440,787,788
2016-01-10 15:47:45,629,378,71,413,440,787,788
2016-01-10 15:47:46,634,379,71,413,440,787,788
2016-01-10 15:47:47,639,380,71,413,440,787,788
2016-01-10 15:47:48,645,381,71,414,440,787,788
2016-01-10 15:47:49,650,382,71,414,440,787,788
2016-01-10 15:47:50,651,383,71,414,440,787,788
2016-01-10 15:47:51,656,384,71,415,440,787,788
2016-01-10 15:47:52,659,385,71,415,441,787,788
2016-01-10 15:47:53,664,386,71,416,441,787,788
2016-01-10 15:47:54,667,387,71,416,441,787,788
2016-01-10 15:47:55,673,388,71,417,441,787,788
2016-01-10 15:47:56,679,389,71,417,441,787,788
2016-01-10 15:47:57,682,390,71,417,441,787,788
2016-01-10 15:47:58,686,391,71,418,441,787,788
2016-01-10 15:47:59,690,392,71,418,441,787,788
2016-01-10 15:48:00,692,393,71,419,441,787,788
2016-01-10 15:48:01,693,394,71,419,441,787,788
2016-01-10 15:48:02,697,395,71,420,442,787,788
2016-01-10 15:48:03,703,396,71,420,442,787,788
2016-01-10 15:48:04,707,397,71,420,442,787,788
2016-01-10 15:48:05,712,398,71,421,442,787,788
2016-01-10 15:48:06,714,399,71,421,442,787,788
2016-01-10 15:48:07,720,400,71,421,442,787,788
2016-01-10 15:48:08,722,401,71,422,442,787,788
2016-01-10 15:48:09,726,402,71,422,442,787,788
2016-01-10 15:48:10,731,403,71,423,442,787,788
2016-01-10 15:48:11,733,404,71,423,442,787,788
2016-01-10 15:48:12,733,405,71,423,443,787,788
2016-01-10 15:48:13,738,406,71,424,443,787,788
2016-01-10 15:48:14,740,407,71,424,443,787,788
2016-01-10 15:48:15,742,408,71,425,443,787,788
2016-01-10 15:48:16,745,409,71,425,443,787,788
2016-01-10 15:48:17,751,410,71,425,443,787,788
2016-01-10 15:48:18,753,411,71,426,443,787,788
2016-01-10 15:48:19,757,412,71,426,443,787,788
2016-01-10 15:48:20,762,413,71,427,443,787,788
2016-01-10 15:48:21,763,414,71,427,443,787,788
2016-01-10 15:48:22,765,415,71,427,444,787,788
2016-01-10 15:48:23,769,416,71,428,444,787,788
2016-01-10 15:48:24,771,417,71,428,444,787,788
2016-01-10 15:48:25,777,418,71,429,444,787,788
2016-01-10 15:48:26,777,419,71,429,444,787,788
2016-01-10 15:48:27,779,420,71,429,445,787,788
2016-01-10 15:48:28,785,421,71,430,445,787,788
2016-01-10 15:48:29,789,422,71,430,445,787,788
2016-01-10 15:48:30,792,423,71,431,445,787,788
2016-01-10 15:48:31,794,424,71,431,445,787,788
2016-01-10 15:48:32,797,425,71,431,445,787,788
2016-01-10 15:48:33,803,426,71,432,445,787,788
2016-01-10 15:48:34,804,427,71,432,446,787,788
2016-01-10 15:48:35,808,428,71,433,446,787,788
2016-01-10 15:48:36,809,429,71,433,446,787,788
2016-01-10 15:48:37,810,430,71,434,446,787,788
2016-01-10 15:48:38,815,431,71,434,446,787,788
2016-01-10 15:48:39,816,432,71,434,446,787,788
2016-01-10 15:48:40,820,433,71,435,446,787,788
2016-01-10 15:48:41,823,434,71,435,447,787,788
2016-01-10 15:48:42,826,435,71,435,447,787,788
2016-01-10 15:48:43,830,436,71,436,447,787,788
2016-01-10 15:48:44,834,437,71,436,447,787,788
2016-01-10 15:48:45,839,438,71,436,447,787,788
2016-01-10 15:48:46,840,439,71,437,447,787,788
2016-01-10 15:48:47,843,440,71,437,448,787,788
2016-01-10 15:48:48,846,441,71,437,448,787,788
2016-01-10 15:48:49,848,442,71,438,448,787,788
2016-01-10 15:48:50,852,443,71,438,448,787,788
2016-01-10 15:48:51,858,444,71,439,448,787,788
2016-01-10 15:48:52,863,445,71,439,448,787,788
2016-01-10 15:48:53,867,446,71,439,448,787,788
2016-01-10 15:48:54,872,447,71,440,449,787,788
2016-01-10 15:48:55,877,448,71,440,449,787,788
2016-01-10 15:48:56,880,449,71,440,449,787,788
2016-01-10 15:48:57,885,450,71,441,449,787,788
2016-01-10 15:48:58,888,451,71,441,449,787,788
2016-01-10 15:48:59,894,452,71,441,449,787,788
2016-01-10 15:49:00,897,453,71,442,450,787,788
2016-01-10 15:49:01,899,454,71,442,450,787,788
2016-01-10 15:49:02,904,455,71,442,450,787,788
2016-01-10 15:49:03,910,456,71,443,450,787,788
2016-01-10 15:49:04,914,457,71,443,450,787,788
2016-01-10 15:49:05,917,458,71,444,450,787,788
2016-01-10 15:49:06,922,459,71,444,450,787,788
2016-01-10 15:49:07,923,460,71,445,451,787,788
2016-01-10 15:49:08,925,461,71,445,451,787,788
2016-01-10 15:49:09,929,462,71,445,451,787,788
2016-01-10 15:49:10,931,463,71,445,451,787,788
2016-01-10 15:49:11,932,464,71,446,450,787,788
2016-01-10 15:49:12,937,465,71,446,450,787,788
2016-01-10 15:49:13,943,466,71,447,450,787,788
2016-01-10 15:49:14,946,467,71,447,450,787,788
2016-01-10 15:49:15,952,468,71,448,450,787,788
2016-01-10 15:49:16,957,469,71,448,450,787,788
2016-01-10 15:49:17,957,470,71,449,450,787,788
2016-01-10 15:49:18,962,471,71,449,451,787,788
2016-01-10 15:49:19,964,472,71,449,451,787,788
2016-01-10 15:49:20,970,473,71,450,451,787,788
2016-01-10 15:49:21,975,474,71,450,451,787,788
2016-01-10 15:49:22,979,475,71,450,452,787,788
2016-01-10 15:49:23,983,476,71,451,452,787,788
2016-01-10 15:49:24,987,477,71,451,452,787,788
2016-01-10 15:49:25,991,478,71,452,452,787,788
2016-01-10 15:49:26,996,479,71,452,452,787,788
2016-01-10 15:49:27,999,480,71,452,453,787,788
2016-01-10 15:49:29,004,481,71,453,453,787,788
2016-01-10 15:49:30,006,482,71,453,453,787,788
2016-01-10 15:49:31,009,483,71,453,453,787,788
2016-01-10 15:49:32,012,484,71,454,453,787,788
2016-01-10 15:49:33,014,485,71,454,454,787,788
2016-01-10 15:49:34,020,486,71,454,454,787,788
2016-01-10 15:49:35,021,487,71,455,454,787,788
2016-01-10 15:49:36,025,488,71,455,454,787,788
2016-01-10 15:49:37,027,489,71,455,454,787,788
2016-01-10 15:49:38,031,490,71,456,455,787,788
2016-01-10 15:49:39,035,491,71,456,455,787,788
2016-01-10 15:49:40,037,492,71,457,455,787,788
2016-01-10 15:49:41,038,493,71,457,455,787,788
2016-01-10 15:49:42,042,494,71,457,455,787,788
2016-01-10 15:49:43,043,495,71,458,455,787,788
2016-01-10 15:49:44,048,496,71,458,455,787,788
2016-01-10 15:49:45,052,497,71,458,456,787,788
2016-01-10 15:49:46,056,498,71,459,456,787,788
2016-01-10 15:49:47,057,499,71,459,456,787,788
2016-01-10 15:49:48,058,500,71,460,456,787,788
2016-01-10 15:49:49,061,501,71,460,456,787,788
2016-01-10 15:49:50,066,502,71,460,457,787,788
2016-01-10 15:49:51,068,503,71,461,457,787,788
2016-01-10 15:49:52,073,504,71,461,457,787,788
2016-01-10 15:49:53,077,505,71,462,457,787,788
2016-01-10 15:49:54,081,506,71,462,458,787,788
2016-01-10 15:49:55,086,507,71,462,458,787,788
2016-01-10 15:49:56,090,508,71,463,458,787,788
2016-01-10 15:49:57,090,509,71,463,459,787,788
2016-01-10 15:49:58,092,510,71,463,459,787,788
2016-01-10 15:49:59,097,511,71,464,459,787,788
2016-01-10 15:50:00,098,512,71,464,459,787,788
2016-01-10 15:50:01,099,513,71,465,460,787,788
2016-01-10 15:50:02,103,514,71,465,460,787,788
2016-01-10 15:50:03,107,515,71,465,460,787,788
2016-01-10 15:50:04,112,516,71,466,461,787,788
2016-01-10 15:50:05,116,517,71,466,461,787,788
2016-01-10 15:50:06,121,518,71,467,461,787,788
2016-01-10 15:50:07,126,519,71,467,461,787,788
2016-01-10 15:50:08,129,520,71,467,461,787,788
2016-01-10 15:50:09,134,521,71,468,461,787,788
2016-01-10 15:50:10,138,522,71,468,461,787,788
2016-01-10 15:50:11,143,523,71,469,461,787,788
2016-01-10 15:50:12,146,524,71,469,461,787,788
2016-01-10 15:50:13,150,525,71,470,461,787,788
2016-01-10 15:50:14,155,526,71,470,461,787,788
2016-01-10 15:50:15,156,527,71,471,461,787,788
2016-01-10 15:50:16,161,528,71,471,461,787,788
2016-01-10 15:50:17,162,529,71,471,461,787,788
2016-01-10 15:50:18,168,530,71,472,462,787,788
2016-01-10 15:50:19,170,531,71,472,461,787,788
2016-01-10 15:50:20,176,532,71,472,462,787,788
2016-01-10 15:50:21,178,533,71,473,462,787,788
2016-01-10 15:50:22,183,534,71,473,462,787,788
2016-01-10 15:50:23,187,535,71,473,462,787,788
2016-01-10 15:50:24,189,536,71,473,462,787,788
2016-01-10 15:50:25,194,538,71,474,462,787,788
2016-01-10 15:50:26,198,539,71,474,462,787,788
2016-01-10 15:50:27,204,540,71,474,462,787,788
2016-01-10 15:50:28,208,541,71,475,463,787,788
2016-01-10 15:50:29,212,542,71,475,463,787,788
2016-01-10 15:50:30,213,543,71,475,463,787,788
2016-01-10 15:50:31,215,544,71,476,463,787,788
2016-01-10 15:50:32,220,545,71,476,463,787,788
2016-01-10 15:50:33,222,546,71,476,463,787,788
2016-01-10 15:50:34,223,547,71,477,463,787,788
2016-01-10 15:50:35,227,548,71,477,463,787,788
2016-01-10 15:50:36,228,549,71,477,464,787,788
2016-01-10 15:50:37,229,550,71,477,464,787,788
2016-01-10 15:50:38,233,551,71,478,464,787,788
2016-01-10 15:50:39,235,552,71,478,464,787,788
2016-01-10 15:50:40,236,553,71,478,465,787,788
2016-01-10 15:50:41,240,554,71,479,465,787,788
2016-01-10 15:50:42,242,555,71,479,465,787,788
2016-01-10 15:50:43,247,556,71,479,465,787,788
2016-01-10 15:50:44,251,557,71,480,465,787,788
2016-01-10 15:50:45,255,558,71,480,466,787,788
2016-01-10 15:50:46,256,559,71,480,466,787,788
2016-01-10 15:50:47,262,560,71,481,466,787,788
2016-01-10 15:50:48,264,561,71,481,467,787,788
2016-01-10 15:50:49,266,562,71,481,467,787,788
2016-01-10 15:50:50,271,563,71,482,467,787,788
2016-01-10 15:50:51,277,564,71,482,467,787,788
2016-01-10 15:50:52,281,565,71,482,467,787,788
2016-01-10 15:50:53,288,566,71,483,467,787,788
2016-01-10 15:50:54,290,567,71,483,467,787,788
2016-01-10 15:50:55,293,568,71,483,468,787,788
2016-01-10 15:50:56,298,569,71,484,468,787,788
2016-01-10 15:50:57,302,570,71,484,468,787,788
2016-01-10 15:50:58,307,571,71,484,468,787,788
2016-01-10 15:50:59,309,572,71,485,468,787,788
2016-01-10 15:51:00,312,573,71,485,468,787,788
2016-01-10 15:51:01,318,574,71,485,469,787,788
2016-01-10 15:51:02,318,575,71,485,469,787,788
2016-01-10 15:51:03,323,576,71,486,469,787,788
2016-01-10 15:51:04,323,577,71,486,469,787,788
2016-01-10 15:51:05,327,578,71,486,470,787,788
2016-01-10 15:51:06,331,579,71,487,470,787,788
2016-01-10 15:51:07,337,580,71,487,471,787,788
2016-01-10 15:51:08,337,581,71,487,471,787,788
2016-01-10 15:51:09,339,582,71,488,471,787,788
2016-01-10 15:51:10,340,583,71,488,472,787,788
2016-01-10 15:51:11,344,584,71,488,472,787,788
2016-01-10 15:51:12,348,585,71,489,473,787,788
2016-01-10 15:51:13,353,586,71,489,473,787,788
2016-01-10 15:51:14,357,587,71,489,473,787,788
2016-01-10 15:51:15,364,588,71,489,473,787,788
2016-01-10 15:51:16,366,589,71,490,474,787,788
2016-01-10 15:51:17,370,590,71,490,474,787,788
2016-01-10 15:51:18,372,591,71,490,474,787,788
2016-01-10 15:51:19,377,592,71,491,474,787,788
2016-01-10 15:51:20,383,593,71,491,474,787,788
2016-01-10 15:51:21,387,594,71,491,474,787,788
2016-01-10 15:51:22,393,595,71,491,474,787,788
2016-01-10 15:51:23,395,596,71,492,475,787,788
2016-01-10 15:51:24,398,597,71,492,475,787,788
2016-01-10 15:51:25,399,598,71,492,475,787,788
2016-01-10 15:51:26,403,599,71,493,475,787,788
2016-01-10 15:51:27,405,600,71,493,476,787,788
2016-01-10 15:51:28,407,601,71,493,476,787,788
2016-01-10 15:51:29,409,602,71,493,476,787,788
2016-01-10 15:51:30,415,603,71,493,476,787,788
2016-01-10 15:51:31,418,604,71,493,476,787,788
2016-01-10 15:51:32,423,605,71,493,476,787,788
2016-01-10 15:51:33,426,606,71,494,476,787,788
2016-01-10 15:51:34,429,607,71,494,476,787,788
2016-01-10 15:51:35,435,608,71,494,476,787,788
2016-01-10 15:51:36,438,609,71,494,476,787,788
2016-01-10 15:51:37,443,610,71,495,476,787,788
2016-01-10 15:51:38,449,611,71,495,476,787,788
2016-01-10 15:51:39,452,612,71,495,476,787,788
2016-01-10 15:51:40,455,613,71,496,476,787,788
2016-01-10 15:51:41,460,614,71,496,476,787,788
2016-01-10 15:51:42,462,615,71,496,475,787,788
2016-01-10 15:51:43,467,616,71,497,475,787,788
2016-01-10 15:51:44,468,617,71,497,475,787,788
2016-01-10 15:51:45,472,618,71,497,474,787,788
2016-01-10 15:51:46,476,619,71,497,474,787,788
2016-01-10 15:51:47,478,620,71,498,473,787,788
2016-01-10 15:51:48,483,621,71,498,473,787,788
2016-01-10 15:51:49,484,622,71,498,473,787,788
2016-01-10 15:51:50,487,623,71,499,473,787,788
2016-01-10 15:51:51,491,624,71,499,472,787,788
2016-01-10 15:51:52,492,625,71,499,472,787,788
2016-01-10 15:51:53,493,626,71,499,472,787,788
2016-01-10 15:51:54,497,627,71,500,472,787,788
2016-01-10 15:51:55,503,628,71,499,471,787,788
2016-01-10 15:51:56,507,629,71,500,471,787,788
2016-01-10 15:51:57,509,630,71,500,471,787,788
2016-01-10 15:51:58,512,631,71,500,471,787,788
2016-01-10 15:51:59,514,632,71,500,470,787,788
2016-01-10 15:52:00,515,633,71,501,470,787,788
2016-01-10 15:52:01,520,634,71,501,470,787,788
2016-01-10 15:52:02,525,635,71,501,470,787,788
2016-01-10 15:52:03,530,636,71,501,470,787,788
2016-01-10 15:52:04,531,637,71,502,470,787,788
2016-01-10 15:52:05,533,638,71,502,470,787,788
2016-01-10 15:52:06,538,639,71,502,469,787,788
2016-01-10 15:52:07,544,640,71,502,469,787,788
2016-01-10 15:52:08,546,641,71,503,469,787,788
2016-01-10 15:52:09,548,642,71,503,468,787,788
2016-01-10 15:52:10,554,643,71,503,468,787,788
2016-01-10 15:52:11,555,644,71,504,468,787,788
2016-01-10 15:52:12,558,645,71,504,468,787,788
2016-01-10 15:52:13,562,646,71,504,468,787,788
2016-01-10 15:52:14,568,647,71,505,468,787,788
2016-01-10 15:52:15,569,648,71,505,468,787,788
2016-01-10 15:52:16,577,649,71,505,468,787,788
2016-01-10 15:52:17,578,650,71,505,468,787,788
2016-01-10 15:52:18,584,651,71,505,468,787,788
2016-01-10 15:52:19,587,652,71,506,468,787,788
2016-01-10 15:52:20,588,653,71,506,468,787,788
2016-01-10 15:52:21,594,654,71,506,468,787,788
2016-01-10 15:52:22,594,655,71,507,468,787,788
2016-01-10 15:52:23,598,656,71,507,468,787,788
2016-01-10 15:52:24,602,657,71,507,469,787,788
2016-01-10 15:52:25,608,658,71,508,469,787,788
2016-01-10 15:52:26,613,659,71,508,469,787,788
2016-01-10 15:52:27,618,660,71,508,469,787,788
2016-01-10 15:52:28,619,661,71,508,469,787,788
2016-01-10 15:52:29,623,662,71,509,469,787,788
2016-01-10 15:52:30,628,663,71,509,469,787,788
2016-01-10 15:52:31,634,664,71,509,469,787,788
2016-01-10 15:52:32,636,665,71,509,469,787,788
2016-01-10 15:52:33,641,666,71,510,469,787,788
2016-01-10 15:52:34,645,667,71,510,469,787,788
2016-01-10 15:52:35,648,668,71,511,469,787,788
2016-01-10 15:52:36,654,669,71,511,468,787,788
2016-01-10 15:52:37,657,670,71,511,468,787,788
2016-01-10 15:52:38,662,671,71,511,468,787,788
2016-01-10 15:52:39,666,672,71,511,468,787,788
2016-01-10 15:52:40,670,673,71,512,468,787,788
2016-01-10 15:52:41,673,674,71,512,468,787,788
2016-01-10 15:52:42,679,675,71,512,467,787,788
2016-01-10 15:52:43,683,676,71,513,467,787,788
2016-01-10 15:52:44,687,677,71,513,466,787,788
2016-01-10 15:52:45,689,678,71,513,466,787,788
2016-01-10 15:52:46,690,679,71,514,466,787,788
2016-01-10 15:52:47,694,680,71,514,466,787,788
2016-01-10 15:52:48,697,681,71,514,465,787,788
2016-01-10 15:52:49,704,682,71,514,465,787,788
2016-01-10 15:52:50,710,683,71,515,464,787,788
2016-01-10 15:52:51,711,684,71,515,464,787,788
2016-01-10 15:52:52,715,685,71,515,463,787,788
2016-01-10 15:52:53,719,686,71,515,463,787,788
2016-01-10 15:52:54,723,687,71,515,463,787,788
2016-01-10 15:52:55,729,688,71,515,462,787,788
2016-01-10 15:52:56,729,689,71,516,462,787,788
2016-01-10 15:52:57,731,690,71,516,462,787,788
2016-01-10 15:52:58,735,691,71,516,462,787,788
2016-01-10 15:52:59,736,692,71,517,461,787,788
2016-01-10 15:53:00,737,693,71,517,461,787,788
2016-01-10 15:53:01,741,694,71,517,461,787,788
2016-01-10 15:53:02,743,695,71,518,461,787,788
2016-01-10 15:53:03,745,696,71,518,461,787,788
2016-01-10 15:53:04,749,697,71,518,461,787,788
2016-01-10 15:53:05,753,698,71,518,460,787,788
2016-01-10 15:53:06,757,699,71,518,461,787,788
2016-01-10 15:53:07,763,700,71,519,460,787,788
2016-01-10 15:53:08,766,701,71,519,460,787,788
2016-01-10 15:53:09,770,702,71,519,460,787,788
2016-01-10 15:53:10,775,703,71,519,460,787,788
2016-01-10 15:53:11,778,704,71,520,459,787,788
2016-01-10 15:53:12,783,705,71,520,459,787,788
2016-01-10 15:53:13,785,706,71,520,459,787,788
2016-01-10 15:53:14,788,707,71,521,459,787,788
2016-01-10 15:53:15,790,708,71,521,459,787,788
2016-01-10 15:53:16,793,709,71,521,459,787,788
2016-01-10 15:53:17,798,710,71,521,459,787,788
2016-01-10 15:53:18,804,711,71,522,459,787,788
2016-01-10 15:53:19,807,712,71,522,459,787,788
2016-01-10 15:53:20,813,713,71,522,459,787,788
2016-01-10 15:53:21,816,714,71,522,459,787,788
2016-01-10 15:53:22,820,715,71,522,458,787,788
2016-01-10 15:53:23,824,716,71,523,458,787,788
2016-01-10 15:53:24,825,717,71,523,458,787,788
2016-01-10 15:53:25,829,718,71,523,458,787,788
2016-01-10 15:53:26,831,719,71,523,458,787,788
2016-01-10 15:53:27,832,720,71,523,458,787,788
2016-01-10 15:53:28,833,721,71,523,458,787,788
2016-01-10 15:53:29,838,722,71,524,458,787,788
2016-01-10 15:53:30,840,723,71,524,458,787,788
2016-01-10 15:53:31,846,724,71,523,458,787,788
2016-01-10 15:53:32,848,725,71,524,458,787,788
2016-01-10 15:53:33,849,726,71,524,458,787,788
2016-01-10 15:53:34,853,727,71,524,457,787,788
2016-01-10 15:53:35,858,728,71,525,457,787,788
2016-01-10 15:53:36,862,729,71,525,457,787,788
2016-01-10 15:53:37,866,730,71,525,457,787,788
2016-01-10 15:53:38,871,731,71,525,457,787,788
2016-01-10 15:53:39,872,732,71,526,457,787,788
2016-01-10 15:53:40,874,733,71,526,457,787,788
2016-01-10 15:53:41,877,734,71,526,457,787,788
2016-01-10 15:53:42,882,735,71,526,457,787,788
2016-01-10 15:53:43,885,736,71,527,457,787,788
2016-01-10 15:53:44,886,737,71,527,457,787,788
2016-01-10 15:53:45,889,738,71,527,457,787,788
2016-01-10 15:53:46,894,739,71,527,457,787,788
2016-01-10 15:53:47,896,740,71,527,457,787,788
2016-01-10 15:53:48,901,741,71,527,457,787,788
2016-01-10 15:53:49,905,742,71,527,457,787,788
2016-01-10 15:53:50,910,743,71,528,457,787,788
2016-01-10 15:53:51,914,744,71,528,457,787,788
2016-01-10 15:53:52,918,745,71,528,456,787,788
2016-01-10 15:53:53,924,746,71,528,456,787,788
2016-01-10 15:53:54,926,747,71,528,456,787,788
2016-01-10 15:53:55,928,748,71,528,456,787,788
2016-01-10 15:53:56,931,749,71,528,456,787,788
2016-01-10 15:53:57,933,750,71,528,456,787,788
2016-01-10 15:53:58,934,751,71,528,456,787,788
2016-01-10 15:53:59,936,752,71,529,456,787,788
2016-01-10 15:54:00,940,753,71,529,456,787,788
2016-01-10 15:54:01,942,754,71,529,456,787,788
2016-01-10 15:54:02,943,755,71,529,456,787,788
2016-01-10 15:54:03,947,756,71,529,456,787,788
2016-01-10 15:54:04,952,757,71,529,456,787,788
2016-01-10 15:54:05,956,758,71,529,456,787,788
2016-01-10 15:54:06,962,759,71,530,456,787,788
2016-01-10 15:54:07,967,760,71,530,456,787,788
2016-01-10 15:54:08,973,761,71,530,456,787,788
2016-01-10 15:54:09,976,762,71,530,456,787,788
2016-01-10 15:54:10,982,763,71,531,455,787,788
2016-01-10 15:54:11,983,764,71,531,455,787,788
2016-01-10 15:54:12,984,765,71,531,455,787,788
2016-01-10 15:54:13,989,766,71,531,455,787,788
2016-01-10 15:54:14,995,767,71,532,455,787,788
2016-01-10 15:54:16,000,768,71,532,455,787,788
2016-01-10 15:54:17,002,769,71,532,455,787,788
2016-01-10 15:54:18,007,770,71,532,454,787,788
2016-01-10 15:54:19,011,771,71,532,454,787,788
2016-01-10 15:54:20,015,772,71,532,454,787,788
2016-01-10 15:54:21,017,773,71,533,454,787,788
2016-01-10 15:54:22,018,774,71,533,454,787,788
2016-01-10 15:54:23,022,775,71,533,454,787,788
2016-01-10 15:54:24,023,776,71,533,454,787,788
2016-01-10 15:54:25,028,777,71,533,454,787,788
2016-01-10 15:54:26,029,778,71,533,454,787,788
2016-01-10 15:54:27,032,779,71,533,454,787,788
2016-01-10 15:54:28,037,780,71,534,453,787,788
2016-01-10 15:54:29,040,781,71,534,453,787,788
2016-01-10 15:54:30,043,782,71,534,453,787,788
2016-01-10 15:54:31,044,783,71,534,453,787,788
2016-01-10 15:54:32,048,784,71,534,453,787,788
2016-01-10 15:54:33,053,785,71,533,453,787,788
2016-01-10 15:54:34,056,786,71,531,453,787,788
2016-01-10 15:54:35,062,787,71,529,453,787,788
2016-01-10 15:54:36,068,788,71,526,453,787,788
2016-01-10 15:54:37,071,789,71,522,452,787,788
2016-01-10 15:54:38,075,790,71,518,451,787,788
2016-01-10 15:54:39,080,791,71,515,451,787,788
2016-01-10 15:54:40,086,792,71,511,450,787,788
2016-01-10 15:54:41,087,793,71,509,449,787,788
2016-01-10 15:54:42,089,794,71,505,448,787,788
2016-01-10 15:54:43,094,795,71,503,448,787,788
2016-01-10 15:54:44,095,796,71,501,447,787,788
2016-01-10 15:54:45,096,797,71,498,447,787,788
2016-01-10 15:54:46,099,798,71,495,446,787,788
2016-01-10 15:54:47,104,799,71,493,446,787,788
2016-01-10 15:54:48,107,800,71,490,445,787,788
2016-01-10 15:54:49,109,801,71,488,445,787,788
2016-01-10 15:54:50,115,802,71,487,445,787,788
2016-01-10 15:54:51,118,803,71,485,444,787,788
2016-01-10 15:54:52,119,804,71,485,444,787,788
2016-01-10 15:54:53,123,805,71,485,444,787,788
2016-01-10 15:54:54,125,806,71,484,444,787,788
2016-01-10 15:54:55,127,807,71,484,444,787,788
2016-01-10 15:54:56,129,808,71,484,444,787,788
2016-01-10 15:54:57,134,809,71,484,445,787,788
2016-01-10 15:54:58,139,810,71,483,445,787,788
2016-01-10 15:54:59,140,811,71,483,445,787,788
2016-01-10 15:55:00,142,812,71,483,445,787,788
2016-01-10 15:55:01,143,813,71,482,445,787,788
2016-01-10 15:55:02,147,814,71,483,445,787,788
2016-01-10 15:55:03,152,815,71,482,445,787,788
2016-01-10 15:55:04,156,816,71,482,446,787,788
2016-01-10 15:55:05,162,817,71,482,446,787,788
2016-01-10 15:55:06,164,818,71,481,446,787,788
2016-01-10 15:55:07,168,819,71,478,445,787,788
2016-01-10 15:55:08,173,820,71,476,444,787,788
2016-01-10 15:55:09,177,821,71,473,443,787,788
2016-01-10 15:55:10,181,822,71,471,441,787,788
2016-01-10 15:55:11,185,823,71,469,441,787,788
2016-01-10 15:55:12,190,824,71,467,440,787,788
2016-01-10 15:55:13,192,826,71,465,439,787,788
2016-01-10 15:55:14,195,827,71,463,438,787,788
2016-01-10 15:55:15,197,828,71,460,437,787,788
2016-01-10 15:55:16,202,829,71,458,436,787,788
2016-01-10 15:55:17,205,830,71,456,434,787,788
2016-01-10 15:55:18,207,831,71,454,433,787,788
2016-01-10 15:55:19,210,832,71,452,432,787,788
2016-01-10 15:55:20,214,833,71,451,431,787,788
2016-01-10 15:55:21,217,834,71,449,430,787,788
2016-01-10 15:55:22,220,835,71,449,430,787,788
2016-01-10 15:55:23,223,836,71,448,430,787,788
2016-01-10 15:55:24,227,837,71,446,429,787,788
2016-01-10 15:55:25,229,838,71,445,427,787,788
2016-01-10 15:55:26,231,839,71,444,427,787,788
2016-01-10 15:55:27,236,840,71,443,427,787,788
2016-01-10 15:55:28,238,841,71,442,426,787,788
2016-01-10 15:55:29,241,842,71,442,427,787,788
2016-01-10 15:55:30,243,843,71,443,428,787,788
2016-01-10 15:55:31,248,844,71,442,428,787,788
2016-01-10 15:55:32,251,845,71,442,428,787,788
2016-01-10 15:55:33,254,846,71,442,428,787,788
2016-01-10 15:55:34,257,847,71,442,428,787,788
2016-01-10 15:55:35,258,848,71,444,428,787,788
2016-01-10 15:55:36,263,849,71,445,428,787,788
2016-01-10 15:55:37,267,850,71,446,429,787,788
2016-01-10 15:55:38,270,851,71,447,430,787,788
