2017-01-13 20:48:29,974,coffee,datetime,ms,seconds,ambient_temp,thermocouple_0_temp,thermocouple_1_temp,thermocouple_2_temp,thermocouple_3_temp
2017-01-13 20:48:32,142,2,82,482,437,782,783
2017-01-13 20:48:33,142,3,82,474,431,782,783
2017-01-13 20:48:34,143,4,82,464,426,782,783
2017-01-13 20:48:35,144,5,82,452,420,782,783
2017-01-13 20:48:36,144,6,82,441,414,782,783
2017-01-13 20:48:37,148,7,82,430,410,782,783
2017-01-13 20:48:38,151,8,82,419,407,782,783
2017-01-13 20:48:39,153,9,82,408,405,782,783
2017-01-13 20:48:40,156,10,82,399,403,782,783
2017-01-13 20:48:41,158,11,82,390,401,782,783
2017-01-13 20:48:42,161,12,82,381,399,782,783
2017-01-13 20:48:43,162,13,82,373,397,781,783
2017-01-13 20:48:44,168,14,82,365,395,782,783
2017-01-13 20:48:45,171,15,82,357,394,782,783
2017-01-13 20:48:46,174,16,82,350,392,782,783
2017-01-13 20:48:47,177,17,82,343,391,782,783
2017-01-13 20:48:48,183,18,82,336,390,782,783
2017-01-13 20:48:49,184,19,82,329,388,782,783
2017-01-13 20:48:50,186,20,82,324,387,782,783
2017-01-13 20:48:51,189,21,82,318,386,782,783
2017-01-13 20:48:52,192,22,82,312,385,782,783
2017-01-13 20:48:53,196,23,82,307,384,782,783
2017-01-13 20:48:54,200,24,82,302,383,782,783
2017-01-13 20:48:55,201,25,82,297,382,782,783
2017-01-13 20:48:56,206,26,82,293,381,782,783
2017-01-13 20:48:57,212,27,82,288,380,782,783
2017-01-13 20:48:58,217,28,82,284,379,782,783
2017-01-13 20:48:59,220,29,82,280,379,782,783
2017-01-13 20:49:00,224,30,82,276,378,782,783
2017-01-13 20:49:01,229,31,82,272,378,782,783
2017-01-13 20:49:02,235,32,82,269,377,782,783
2017-01-13 20:49:03,241,33,82,266,376,782,783
2017-01-13 20:49:04,246,34,82,263,376,782,783
2017-01-13 20:49:05,249,35,82,260,375,782,783
2017-01-13 20:49:06,251,36,82,258,375,782,783
2017-01-13 20:49:07,251,37,82,255,374,782,783
2017-01-13 20:49:08,257,38,82,253,374,782,783
2017-01-13 20:49:09,261,39,82,250,374,781,783
2017-01-13 20:49:10,265,40,82,248,373,782,783
2017-01-13 20:49:11,268,41,82,246,373,782,783
2017-01-13 20:49:12,269,42,82,244,373,782,783
2017-01-13 20:49:13,274,43,82,243,372,782,783
2017-01-13 20:49:14,277,44,82,241,372,782,783
2017-01-13 20:49:15,280,45,82,239,372,782,783
2017-01-13 20:49:16,283,46,82,238,372,782,783
2017-01-13 20:49:17,285,47,82,237,372,782,783
2017-01-13 20:49:18,289,48,82,235,372,782,783
2017-01-13 20:49:19,291,49,82,234,372,782,783
2017-01-13 20:49:20,295,50,82,233,371,782,783
2017-01-13 20:49:21,298,51,82,232,371,782,783
2017-01-13 20:49:22,302,52,82,231,371,782,783
2017-01-13 20:49:23,304,53,82,230,371,782,783
2017-01-13 20:49:24,307,54,82,229,371,781,783
2017-01-13 20:49:25,310,55,82,228,371,782,783
2017-01-13 20:49:26,311,56,82,228,371,782,783
2017-01-13 20:49:27,317,57,82,227,371,781,783
2017-01-13 20:49:28,320,58,82,227,371,781,783
2017-01-13 20:49:29,322,59,82,226,371,782,783
2017-01-13 20:49:30,326,60,82,226,371,781,783
2017-01-13 20:49:31,329,61,82,226,372,781,783
2017-01-13 20:49:32,332,62,82,225,373,782,783
2017-01-13 20:49:33,335,63,82,225,373,781,783
2017-01-13 20:49:34,337,64,82,225,374,781,783
2017-01-13 20:49:35,342,65,82,225,374,781,783
2017-01-13 20:49:36,343,66,82,225,375,782,783
2017-01-13 20:49:37,347,67,82,224,376,782,783
2017-01-13 20:49:38,351,68,82,225,376,782,783
2017-01-13 20:49:39,356,69,82,225,377,781,783
2017-01-13 20:49:40,357,70,82,225,377,782,783
2017-01-13 20:49:41,359,71,82,225,378,782,783
2017-01-13 20:49:42,362,72,82,225,379,782,783
2017-01-13 20:49:43,366,73,82,225,379,782,783
2017-01-13 20:49:44,369,74,82,225,379,781,783
2017-01-13 20:49:45,372,75,82,226,380,781,783
2017-01-13 20:49:46,375,76,82,226,380,782,783
2017-01-13 20:49:47,378,77,82,226,381,782,783
2017-01-13 20:49:48,381,78,82,227,381,782,783
2017-01-13 20:49:49,384,79,82,227,382,782,783
2017-01-13 20:49:50,387,80,82,227,383,782,783
2017-01-13 20:49:51,390,81,82,228,383,782,783
2017-01-13 20:49:52,393,82,82,228,383,782,783
2017-01-13 20:49:53,396,83,82,229,384,781,783
2017-01-13 20:49:54,399,84,82,229,384,782,783
2017-01-13 20:49:55,403,85,82,230,385,782,783
2017-01-13 20:49:56,404,86,82,230,385,782,783
2017-01-13 20:49:57,407,87,82,231,385,782,783
2017-01-13 20:49:58,408,88,82,231,386,781,783
2017-01-13 20:49:59,414,89,82,232,386,782,783
2017-01-13 20:50:00,418,90,82,232,387,781,783
2017-01-13 20:50:01,419,91,82,233,387,782,783
2017-01-13 20:50:02,423,92,82,234,388,782,783
2017-01-13 20:50:03,427,93,82,234,388,782,783
2017-01-13 20:50:04,430,94,82,235,389,782,783
2017-01-13 20:50:05,433,95,82,236,389,782,783
2017-01-13 20:50:06,436,96,82,237,389,782,783
2017-01-13 20:50:07,439,97,82,237,390,782,783
2017-01-13 20:50:08,442,98,82,238,390,782,783
2017-01-13 20:50:09,445,99,82,239,390,782,783
2017-01-13 20:50:10,448,100,82,239,391,781,783
2017-01-13 20:50:11,451,101,82,240,391,781,783
2017-01-13 20:50:12,455,102,82,241,391,781,783
2017-01-13 20:50:13,457,103,82,242,392,781,783
2017-01-13 20:50:14,461,104,82,242,392,782,783
2017-01-13 20:50:15,463,105,82,243,393,781,783
2017-01-13 20:50:16,467,106,82,244,393,781,783
2017-01-13 20:50:17,470,107,82,245,393,782,783
2017-01-13 20:50:18,473,108,82,246,393,781,783
2017-01-13 20:50:19,476,109,82,247,394,782,783
2017-01-13 20:50:20,479,110,82,247,394,781,783
2017-01-13 20:50:21,482,111,82,248,394,781,783
2017-01-13 20:50:22,487,112,82,249,395,781,783
2017-01-13 20:50:23,488,113,82,250,395,781,783
2017-01-13 20:50:24,493,114,82,251,395,781,783
2017-01-13 20:50:25,495,115,82,252,396,782,783
2017-01-13 20:50:26,497,116,82,252,396,781,783
2017-01-13 20:50:27,500,117,82,253,396,781,783
2017-01-13 20:50:28,504,118,82,254,397,781,783
2017-01-13 20:50:29,505,119,82,255,397,782,783
2017-01-13 20:50:30,507,120,82,256,397,781,783
2017-01-13 20:50:31,509,121,82,257,398,781,783
2017-01-13 20:50:32,516,122,82,257,398,781,783
2017-01-13 20:50:33,519,123,82,258,398,782,783
2017-01-13 20:50:34,522,124,82,259,398,781,783
2017-01-13 20:50:35,526,125,82,260,399,781,783
2017-01-13 20:50:36,529,126,82,261,399,781,783
2017-01-13 20:50:37,531,127,82,262,400,782,783
2017-01-13 20:50:38,534,128,82,263,400,781,783
2017-01-13 20:50:39,537,129,82,264,400,781,783
2017-01-13 20:50:40,540,130,82,264,400,782,783
2017-01-13 20:50:41,541,131,82,265,400,782,783
2017-01-13 20:50:42,545,132,82,266,401,781,783
2017-01-13 20:50:43,548,133,82,267,401,781,783
2017-01-13 20:50:44,553,134,82,268,401,782,783
2017-01-13 20:50:45,555,135,82,269,402,782,783
2017-01-13 20:50:46,555,136,82,270,402,781,783
2017-01-13 20:50:47,562,137,82,271,402,781,783
2017-01-13 20:50:48,564,138,82,272,403,781,783
2017-01-13 20:50:49,567,139,82,273,403,781,783
2017-01-13 20:50:50,571,140,82,273,403,781,783
2017-01-13 20:50:51,572,141,82,274,403,782,783
2017-01-13 20:50:52,573,142,82,275,404,781,783
2017-01-13 20:50:53,573,143,82,276,404,781,783
2017-01-13 20:50:54,574,144,82,277,404,782,783
2017-01-13 20:50:55,575,145,82,278,404,782,783
2017-01-13 20:50:56,576,146,82,279,405,782,783
2017-01-13 20:50:57,577,147,82,280,405,781,783
2017-01-13 20:50:58,578,148,82,281,405,782,783
2017-01-13 20:50:59,581,149,82,281,406,781,783
2017-01-13 20:51:00,583,150,82,282,406,782,783
2017-01-13 20:51:01,586,151,82,283,406,782,783
2017-01-13 20:51:02,591,152,82,284,407,781,783
2017-01-13 20:51:03,593,153,82,285,407,781,783
2017-01-13 20:51:04,597,154,82,286,407,782,783
2017-01-13 20:51:05,600,155,82,287,407,782,783
2017-01-13 20:51:06,601,156,82,288,408,781,783
2017-01-13 20:51:07,601,157,82,289,408,781,783
2017-01-13 20:51:08,605,158,82,290,408,782,783
2017-01-13 20:51:09,607,159,82,290,409,782,783
2017-01-13 20:51:10,608,160,82,291,409,781,783
2017-01-13 20:51:11,608,161,82,292,409,781,783
2017-01-13 20:51:12,611,162,82,293,409,781,783
2017-01-13 20:51:13,617,163,82,294,410,781,783
2017-01-13 20:51:14,620,164,82,295,410,781,783
2017-01-13 20:51:15,622,165,82,296,410,781,783
2017-01-13 20:51:16,628,166,82,297,410,781,783
2017-01-13 20:51:17,629,167,82,297,411,781,783
2017-01-13 20:51:18,632,168,82,298,411,782,783
2017-01-13 20:51:19,635,169,82,299,411,781,783
2017-01-13 20:51:20,636,170,82,300,411,781,783
2017-01-13 20:51:21,639,171,82,301,412,781,783
2017-01-13 20:51:22,642,172,82,302,412,781,783
2017-01-13 20:51:23,643,173,82,303,412,781,783
2017-01-13 20:51:24,644,174,82,303,413,782,783
2017-01-13 20:51:25,645,175,82,304,413,781,783
2017-01-13 20:51:26,648,176,82,305,413,781,783
2017-01-13 20:51:27,652,177,82,306,413,781,783
2017-01-13 20:51:28,656,178,82,307,414,782,783
2017-01-13 20:51:29,656,179,82,307,414,781,783
2017-01-13 20:51:30,659,180,82,308,414,782,783
2017-01-13 20:51:31,662,181,82,309,414,781,783
2017-01-13 20:51:32,663,182,82,310,415,781,783
2017-01-13 20:51:33,663,183,82,311,415,781,783
2017-01-13 20:51:34,664,184,82,311,415,781,783
2017-01-13 20:51:35,665,185,82,312,415,781,783
2017-01-13 20:51:36,667,186,82,313,416,781,783
2017-01-13 20:51:37,667,187,82,314,416,781,783
2017-01-13 20:51:38,668,188,82,315,416,781,783
2017-01-13 20:51:39,671,189,82,316,417,782,783
2017-01-13 20:51:40,673,190,82,316,417,781,783
2017-01-13 20:51:41,676,191,82,317,417,781,783
2017-01-13 20:51:42,679,192,82,318,417,782,783
2017-01-13 20:51:43,682,193,82,319,417,781,783
2017-01-13 20:51:44,683,194,82,320,417,781,783
2017-01-13 20:51:45,683,195,82,320,418,781,783
2017-01-13 20:51:46,685,196,82,321,418,781,783
2017-01-13 20:51:47,687,197,82,322,418,781,783
2017-01-13 20:51:48,691,198,82,323,418,781,783
2017-01-13 20:51:49,693,199,82,324,419,781,783
2017-01-13 20:51:50,698,200,82,324,419,782,783
2017-01-13 20:51:51,699,201,82,325,419,782,783
2017-01-13 20:51:52,700,202,82,326,420,781,783
2017-01-13 20:51:53,701,203,82,327,420,782,783
2017-01-13 20:51:54,703,204,82,327,420,781,783
2017-01-13 20:51:55,704,205,82,328,420,782,783
2017-01-13 20:51:56,705,206,82,329,420,781,783
2017-01-13 20:51:57,706,207,82,330,421,782,783
2017-01-13 20:51:58,706,208,82,330,421,781,783
2017-01-13 20:51:59,708,209,82,331,421,781,783
2017-01-13 20:52:00,710,210,82,332,421,781,783
2017-01-13 20:52:01,714,211,82,333,421,781,783
2017-01-13 20:52:02,715,212,82,333,422,782,783
2017-01-13 20:52:03,715,213,82,334,422,781,783
2017-01-13 20:52:04,716,214,82,335,422,781,783
2017-01-13 20:52:05,719,215,82,336,422,781,783
2017-01-13 20:52:06,719,216,82,336,422,781,783
2017-01-13 20:52:07,722,217,82,337,423,781,783
2017-01-13 20:52:08,722,218,82,338,423,781,783
2017-01-13 20:52:09,725,219,82,339,423,782,783
2017-01-13 20:52:10,726,220,82,339,423,781,783
2017-01-13 20:52:11,726,221,82,340,424,781,783
2017-01-13 20:52:12,728,222,82,341,424,781,783
2017-01-13 20:52:13,730,223,82,341,424,781,783
2017-01-13 20:52:14,731,224,82,342,425,781,783
2017-01-13 20:52:15,737,225,82,343,425,781,783
2017-01-13 20:52:16,738,226,82,344,425,781,783
2017-01-13 20:52:17,739,227,82,344,426,782,783
2017-01-13 20:52:18,739,228,82,345,426,782,783
2017-01-13 20:52:19,742,229,82,346,426,781,783
2017-01-13 20:52:20,745,230,82,346,427,781,783
2017-01-13 20:52:21,749,231,82,347,427,781,783
2017-01-13 20:52:22,751,232,82,348,427,782,783
2017-01-13 20:52:23,754,233,82,349,428,782,783
2017-01-13 20:52:24,757,234,82,349,428,781,783
2017-01-13 20:52:25,760,235,82,350,428,781,783
2017-01-13 20:52:26,763,236,82,350,428,781,783
2017-01-13 20:52:27,764,237,82,351,429,781,783
2017-01-13 20:52:28,766,238,82,352,429,782,783
2017-01-13 20:52:29,766,239,82,353,429,781,783
2017-01-13 20:52:30,773,240,82,353,429,781,783
2017-01-13 20:52:31,776,241,82,354,429,781,783
2017-01-13 20:52:32,782,242,82,355,429,781,783
2017-01-13 20:52:33,782,243,82,355,430,781,783
2017-01-13 20:52:34,788,244,82,356,430,782,783
2017-01-13 20:52:35,792,245,82,357,430,781,783
2017-01-13 20:52:36,796,246,82,357,430,782,783
2017-01-13 20:52:37,807,247,82,358,430,781,783
2017-01-13 20:52:38,809,248,82,358,430,781,783
2017-01-13 20:52:39,810,249,82,359,430,781,783
2017-01-13 20:52:40,811,250,82,360,430,782,783
2017-01-13 20:52:41,812,251,82,360,430,781,783
2017-01-13 20:52:42,812,252,82,361,431,782,783
2017-01-13 20:52:43,816,253,82,362,431,782,783
2017-01-13 20:52:44,818,254,82,362,430,782,783
2017-01-13 20:52:45,822,255,82,363,430,781,783
2017-01-13 20:52:46,825,256,82,364,430,781,783
2017-01-13 20:52:47,829,257,82,364,430,781,783
2017-01-13 20:52:48,831,258,82,365,430,781,783
2017-01-13 20:52:49,836,259,82,366,430,781,783
2017-01-13 20:52:50,837,260,82,366,430,781,783
2017-01-13 20:52:51,841,261,82,367,431,781,783
2017-01-13 20:52:52,841,262,82,367,431,781,783
2017-01-13 20:52:53,842,263,82,368,431,781,783
2017-01-13 20:52:54,844,264,82,368,431,781,783
2017-01-13 20:52:55,849,265,82,369,431,782,783
2017-01-13 20:52:56,851,266,82,370,431,781,783
2017-01-13 20:52:57,852,267,82,371,432,781,783
2017-01-13 20:52:58,853,268,82,371,432,781,783
2017-01-13 20:52:59,855,269,82,372,432,782,783
2017-01-13 20:53:00,858,270,82,372,432,781,783
2017-01-13 20:53:01,860,271,82,373,432,781,783
2017-01-13 20:53:02,866,272,82,374,433,781,783
2017-01-13 20:53:03,872,273,82,374,433,781,783
2017-01-13 20:53:04,874,274,82,375,433,781,783
2017-01-13 20:53:05,880,275,82,375,433,781,783
2017-01-13 20:53:06,881,276,82,376,433,781,783
2017-01-13 20:53:07,887,277,82,377,433,782,783
2017-01-13 20:53:08,890,278,82,377,433,781,783
2017-01-13 20:53:09,893,279,82,378,434,781,783
2017-01-13 20:53:10,895,280,82,378,434,781,783
2017-01-13 20:53:11,897,281,82,379,434,781,783
2017-01-13 20:53:12,898,282,82,380,434,781,783
2017-01-13 20:53:13,899,283,82,380,434,781,783
2017-01-13 20:53:14,902,284,82,381,434,781,783
2017-01-13 20:53:15,904,285,82,381,435,781,783
2017-01-13 20:53:16,910,286,82,382,435,781,783
2017-01-13 20:53:17,912,287,82,382,435,781,783
2017-01-13 20:53:18,914,288,82,383,435,781,783
2017-01-13 20:53:19,918,289,82,384,435,781,783
2017-01-13 20:53:20,918,290,82,384,435,781,783
2017-01-13 20:53:21,923,291,82,385,436,781,783
2017-01-13 20:53:22,924,292,82,385,436,781,783
2017-01-13 20:53:23,924,293,82,386,436,781,783
2017-01-13 20:53:24,925,294,82,386,436,782,783
2017-01-13 20:53:25,927,295,82,387,436,781,783
2017-01-13 20:53:26,931,296,82,388,436,781,783
2017-01-13 20:53:27,934,297,82,388,436,782,783
2017-01-13 20:53:28,936,298,82,389,437,781,783
2017-01-13 20:53:29,940,299,82,389,437,781,783
2017-01-13 20:53:30,943,300,82,390,437,782,783
2017-01-13 20:53:31,945,301,82,390,437,781,783
2017-01-13 20:53:32,949,302,82,391,437,781,783
2017-01-13 20:53:33,953,303,82,391,437,781,783
2017-01-13 20:53:34,955,304,82,392,438,782,783
2017-01-13 20:53:35,959,305,82,392,438,781,783
2017-01-13 20:53:36,961,306,82,393,438,781,783
2017-01-13 20:53:37,965,307,82,393,438,782,783
2017-01-13 20:53:38,968,308,82,394,438,781,783
2017-01-13 20:53:39,971,309,82,394,438,781,783
2017-01-13 20:53:40,972,310,82,395,438,781,783
2017-01-13 20:53:41,977,312,82,396,439,782,783
2017-01-13 20:53:42,980,313,82,396,439,781,783
2017-01-13 20:53:43,983,314,82,397,439,781,783
2017-01-13 20:53:44,987,315,82,397,439,781,783
2017-01-13 20:53:45,989,316,82,398,439,782,783
2017-01-13 20:53:46,990,317,82,398,439,781,783
2017-01-13 20:53:47,992,318,82,399,438,781,783
2017-01-13 20:53:48,993,319,82,399,438,781,783
2017-01-13 20:53:49,998,320,82,400,439,781,783
2017-01-13 20:53:50,999,321,82,400,439,781,783
2017-01-13 20:53:52,001,322,82,401,439,781,783
2017-01-13 20:53:53,007,323,82,402,440,781,783
2017-01-13 20:53:54,013,324,82,402,440,782,783
2017-01-13 20:53:55,015,325,82,403,440,782,783
2017-01-13 20:53:56,020,326,82,403,440,781,783
2017-01-13 20:53:57,023,327,82,404,441,781,783
2017-01-13 20:53:58,026,328,82,404,441,782,783
2017-01-13 20:53:59,029,329,82,405,441,781,783
2017-01-13 20:54:00,031,330,82,405,441,781,783
2017-01-13 20:54:01,036,331,82,406,442,782,783
2017-01-13 20:54:02,037,332,82,406,442,781,783
2017-01-13 20:54:03,042,333,82,407,442,781,783
2017-01-13 20:54:04,047,334,82,407,442,782,783
2017-01-13 20:54:05,048,335,82,408,442,782,783
2017-01-13 20:54:06,051,336,82,408,442,781,783
2017-01-13 20:54:07,052,337,82,409,442,782,783
2017-01-13 20:54:08,057,338,82,409,442,781,783
2017-01-13 20:54:09,060,339,82,410,442,782,783
2017-01-13 20:54:10,064,340,82,410,442,781,783
2017-01-13 20:54:11,067,341,82,411,443,782,783
2017-01-13 20:54:12,070,342,82,411,443,781,783
2017-01-13 20:54:13,072,343,82,411,443,781,783
2017-01-13 20:54:14,074,344,82,412,443,781,783
2017-01-13 20:54:15,078,345,82,412,443,781,783
2017-01-13 20:54:16,081,346,82,413,443,782,783
2017-01-13 20:54:17,085,347,82,413,444,782,783
2017-01-13 20:54:18,087,348,82,414,444,781,783
2017-01-13 20:54:19,089,349,82,414,444,781,783
2017-01-13 20:54:20,093,350,82,415,444,782,783
2017-01-13 20:54:21,098,351,82,415,444,781,783
2017-01-13 20:54:22,099,352,82,416,444,781,783
2017-01-13 20:54:23,102,353,82,416,445,782,783
2017-01-13 20:54:24,106,354,82,417,445,781,783
2017-01-13 20:54:25,107,355,82,417,445,782,783
2017-01-13 20:54:26,112,356,82,418,445,781,783
2017-01-13 20:54:27,115,357,82,418,445,781,783
2017-01-13 20:54:28,117,358,82,418,445,782,783
2017-01-13 20:54:29,118,359,82,419,445,782,783
2017-01-13 20:54:30,119,360,82,419,445,781,783
2017-01-13 20:54:31,124,361,82,420,445,782,783
2017-01-13 20:54:32,130,362,82,420,445,782,783
2017-01-13 20:54:33,134,363,82,421,445,781,783
2017-01-13 20:54:34,136,364,82,421,446,782,783
2017-01-13 20:54:35,141,365,82,422,446,781,783
2017-01-13 20:54:36,146,366,82,422,446,782,783
2017-01-13 20:54:37,147,367,82,423,446,781,783
2017-01-13 20:54:38,148,368,82,423,446,781,783
2017-01-13 20:54:39,149,369,82,423,446,782,783
2017-01-13 20:54:40,151,370,82,424,447,782,783
2017-01-13 20:54:41,152,371,82,424,447,781,783
2017-01-13 20:54:42,158,372,82,425,447,782,783
2017-01-13 20:54:43,160,373,82,425,447,782,783
2017-01-13 20:54:44,161,374,82,426,447,781,783
2017-01-13 20:54:45,167,375,82,426,447,781,783
2017-01-13 20:54:46,168,376,82,427,447,782,783
2017-01-13 20:54:47,169,377,82,427,447,782,783
2017-01-13 20:54:48,175,378,82,427,447,781,783
2017-01-13 20:54:49,180,379,82,428,447,782,783
2017-01-13 20:54:50,185,380,82,428,447,781,783
2017-01-13 20:54:51,189,381,82,429,448,782,783
2017-01-13 20:54:52,193,382,82,429,448,782,783
2017-01-13 20:54:53,194,383,82,429,448,781,783
2017-01-13 20:54:54,197,384,82,430,448,781,783
2017-01-13 20:54:55,199,385,82,430,448,781,783
2017-01-13 20:54:56,200,386,82,431,448,782,783
2017-01-13 20:54:57,206,387,82,431,448,782,783
2017-01-13 20:54:58,210,388,82,432,448,782,783
2017-01-13 20:54:59,212,389,82,432,448,781,783
2017-01-13 20:55:00,215,390,82,432,448,782,783
2017-01-13 20:55:01,219,391,82,433,449,782,783
2017-01-13 20:55:02,222,392,82,433,449,782,783
2017-01-13 20:55:03,223,393,82,433,449,781,783
2017-01-13 20:55:04,227,394,82,434,449,782,783
2017-01-13 20:55:05,229,395,82,434,450,782,783
2017-01-13 20:55:06,234,396,82,435,450,782,783
2017-01-13 20:55:07,234,397,82,435,450,781,783
2017-01-13 20:55:08,240,398,82,436,450,781,783
2017-01-13 20:55:09,244,399,82,436,450,781,783
2017-01-13 20:55:10,246,400,82,436,450,781,783
2017-01-13 20:55:11,249,401,82,437,451,782,783
2017-01-13 20:55:12,253,402,82,437,451,782,783
2017-01-13 20:55:13,258,403,82,438,451,782,783
2017-01-13 20:55:14,263,404,82,438,451,781,783
2017-01-13 20:55:15,265,405,82,438,451,782,783
2017-01-13 20:55:16,266,406,82,439,450,781,783
2017-01-13 20:55:17,268,407,82,439,450,782,783
2017-01-13 20:55:18,271,408,82,439,450,782,783
2017-01-13 20:55:19,274,409,82,440,450,782,783
2017-01-13 20:55:20,277,410,82,440,450,782,783
2017-01-13 20:55:21,280,411,82,441,450,782,783
2017-01-13 20:55:22,283,412,82,441,450,782,783
2017-01-13 20:55:23,287,413,82,441,450,782,783
2017-01-13 20:55:24,289,414,82,442,450,781,783
2017-01-13 20:55:25,294,415,82,442,450,782,783
2017-01-13 20:55:26,295,416,82,443,450,781,783
2017-01-13 20:55:27,299,417,82,443,451,781,783
2017-01-13 20:55:28,301,418,82,443,451,782,783
2017-01-13 20:55:29,304,419,82,444,451,782,783
2017-01-13 20:55:30,305,420,82,444,451,781,783
2017-01-13 20:55:31,308,421,82,444,451,781,783
2017-01-13 20:55:32,314,422,82,445,451,781,783
2017-01-13 20:55:33,317,423,82,445,452,781,783
2017-01-13 20:55:34,320,424,82,446,452,782,783
2017-01-13 20:55:35,323,425,82,446,452,782,783
2017-01-13 20:55:36,325,426,82,446,452,781,783
2017-01-13 20:55:37,330,427,82,447,453,781,783
2017-01-13 20:55:38,332,428,82,447,453,782,783
2017-01-13 20:55:39,335,429,82,447,453,781,783
2017-01-13 20:55:40,337,430,82,448,453,781,783
2017-01-13 20:55:41,341,431,82,448,454,782,783
2017-01-13 20:55:42,345,432,82,449,454,781,783
2017-01-13 20:55:43,347,433,82,449,454,781,783
2017-01-13 20:55:44,351,434,82,449,454,781,783
2017-01-13 20:55:45,354,435,82,450,454,782,783
2017-01-13 20:55:46,357,436,82,450,455,781,783
2017-01-13 20:55:47,360,437,82,450,455,782,783
2017-01-13 20:55:48,363,438,82,451,455,782,783
2017-01-13 20:55:49,366,439,82,451,455,781,783
2017-01-13 20:55:50,368,440,82,452,455,781,783
2017-01-13 20:55:51,372,441,82,452,455,781,783
2017-01-13 20:55:52,376,442,82,452,456,782,783
2017-01-13 20:55:53,378,443,82,453,456,781,783
2017-01-13 20:55:54,381,444,82,453,456,781,783
2017-01-13 20:55:55,384,445,82,453,456,781,783
2017-01-13 20:55:56,388,446,82,454,456,782,783
2017-01-13 20:55:57,394,447,82,454,456,782,783
2017-01-13 20:55:58,395,448,82,455,456,782,783
2017-01-13 20:55:59,397,449,82,455,457,782,783
2017-01-13 20:56:00,399,450,82,455,457,781,783
2017-01-13 20:56:01,404,451,82,455,457,782,783
2017-01-13 20:56:02,405,452,82,456,457,781,783
2017-01-13 20:56:03,411,453,82,456,457,781,783
2017-01-13 20:56:04,413,454,82,457,457,782,783
2017-01-13 20:56:05,414,455,82,457,457,781,783
2017-01-13 20:56:06,418,456,82,457,458,782,783
2017-01-13 20:56:07,421,457,82,458,458,781,783
2017-01-13 20:56:08,425,458,82,458,458,782,783
2017-01-13 20:56:09,431,459,82,458,458,781,783
2017-01-13 20:56:10,432,460,82,459,458,781,783
2017-01-13 20:56:11,441,461,82,459,458,781,783
2017-01-13 20:56:12,444,462,82,460,458,781,783
2017-01-13 20:56:13,448,463,82,460,458,781,783
2017-01-13 20:56:14,459,464,82,460,458,781,783
2017-01-13 20:56:15,462,465,82,461,459,781,783
2017-01-13 20:56:16,465,466,82,461,459,781,783
2017-01-13 20:56:17,468,467,82,461,459,781,783
2017-01-13 20:56:18,471,468,82,462,459,781,783
2017-01-13 20:56:19,474,469,82,462,459,782,783
2017-01-13 20:56:20,478,470,82,463,459,781,783
2017-01-13 20:56:21,481,471,82,463,459,781,783
2017-01-13 20:56:22,483,472,82,463,459,781,783
2017-01-13 20:56:23,488,473,82,464,459,781,783
2017-01-13 20:56:24,493,474,82,464,460,782,783
2017-01-13 20:56:25,497,475,82,464,460,781,783
2017-01-13 20:56:26,498,476,82,465,460,781,783
2017-01-13 20:56:27,501,477,82,465,460,782,783
2017-01-13 20:56:28,502,478,82,465,459,781,783
2017-01-13 20:56:29,505,479,82,466,459,781,783
2017-01-13 20:56:30,509,480,82,466,459,782,783
2017-01-13 20:56:31,511,481,82,466,459,781,783
2017-01-13 20:56:32,514,482,82,467,459,781,783
2017-01-13 20:56:33,517,483,82,467,460,781,783
2017-01-13 20:56:34,520,484,82,467,460,781,783
2017-01-13 20:56:35,523,485,82,468,460,781,783
2017-01-13 20:56:36,526,486,82,468,460,782,783
2017-01-13 20:56:37,529,487,82,468,460,781,783
2017-01-13 20:56:38,536,488,82,469,460,781,783
2017-01-13 20:56:39,538,489,82,469,460,781,783
2017-01-13 20:56:40,542,490,82,469,460,781,783
2017-01-13 20:56:41,544,491,82,470,460,781,783
2017-01-13 20:56:42,552,492,82,470,459,781,783
2017-01-13 20:56:43,557,493,82,470,459,781,783
2017-01-13 20:56:44,564,494,82,471,459,782,783
2017-01-13 20:56:45,565,495,82,471,459,781,783
2017-01-13 20:56:46,566,496,82,472,459,781,783
2017-01-13 20:56:47,571,497,82,472,459,781,783
2017-01-13 20:56:48,580,498,82,472,460,781,783
2017-01-13 20:56:49,583,499,82,473,460,781,783
2017-01-13 20:56:50,586,500,82,473,460,781,783
2017-01-13 20:56:51,593,501,82,473,460,781,783
2017-01-13 20:56:52,596,502,82,474,461,781,783
2017-01-13 20:56:53,597,503,82,474,461,782,783
2017-01-13 20:56:54,604,504,82,475,461,781,783
2017-01-13 20:56:55,606,505,82,475,461,781,783
2017-01-13 20:56:56,610,506,82,475,462,782,783
2017-01-13 20:56:57,618,507,82,476,462,781,783
2017-01-13 20:56:58,620,508,82,476,462,781,783
2017-01-13 20:56:59,624,509,82,476,462,782,783
2017-01-13 20:57:00,627,510,82,477,463,781,783
2017-01-13 20:57:01,629,511,82,477,463,781,783
2017-01-13 20:57:02,632,512,82,477,463,781,783
2017-01-13 20:57:03,643,513,82,478,464,782,783
2017-01-13 20:57:04,647,514,82,478,464,781,783
2017-01-13 20:57:05,649,515,82,478,464,781,783
2017-01-13 20:57:06,650,516,82,479,464,781,783
2017-01-13 20:57:07,655,517,82,479,464,781,783
2017-01-13 20:57:08,659,518,82,480,464,781,783
2017-01-13 20:57:09,669,519,82,480,465,781,783
2017-01-13 20:57:10,671,520,82,480,465,782,783
2017-01-13 20:57:11,677,521,82,481,465,781,783
2017-01-13 20:57:12,687,522,82,481,465,781,783
2017-01-13 20:57:13,690,523,82,481,465,782,783
2017-01-13 20:57:14,693,524,82,482,465,781,783
2017-01-13 20:57:15,696,525,82,482,465,781,783
2017-01-13 20:57:16,699,526,82,483,465,782,783
2017-01-13 20:57:17,702,527,82,483,465,782,783
2017-01-13 20:57:18,704,528,82,483,465,781,783
2017-01-13 20:57:19,709,529,82,484,466,781,783
2017-01-13 20:57:20,711,530,82,484,466,782,783
2017-01-13 20:57:21,714,531,82,484,466,781,783
2017-01-13 20:57:22,717,532,82,485,466,781,783
2017-01-13 20:57:23,721,533,82,485,466,781,783
2017-01-13 20:57:24,724,534,82,486,467,781,783
2017-01-13 20:57:25,725,535,82,486,467,781,783
2017-01-13 20:57:26,730,536,82,486,467,782,783
2017-01-13 20:57:27,733,537,82,487,467,781,783
2017-01-13 20:57:28,736,538,82,487,468,782,783
2017-01-13 20:57:29,740,539,82,488,468,781,783
2017-01-13 20:57:30,749,540,82,488,468,781,783
2017-01-13 20:57:31,753,541,82,488,468,781,783
2017-01-13 20:57:32,765,542,82,489,468,781,783
2017-01-13 20:57:33,768,543,82,489,468,781,783
2017-01-13 20:57:34,777,544,82,489,468,781,783
2017-01-13 20:57:35,786,545,82,490,469,781,783
2017-01-13 20:57:36,794,546,82,490,469,781,783
2017-01-13 20:57:37,795,547,82,491,470,781,783
2017-01-13 20:57:38,800,548,82,491,470,781,783
2017-01-13 20:57:39,803,549,82,491,470,781,783
2017-01-13 20:57:40,806,550,82,492,471,781,783
2017-01-13 20:57:41,809,551,82,492,471,781,783
2017-01-13 20:57:42,812,552,82,493,471,781,783
2017-01-13 20:57:43,820,553,82,493,471,781,783
2017-01-13 20:57:44,822,554,82,494,471,781,783
2017-01-13 20:57:45,824,555,82,494,471,781,783
2017-01-13 20:57:46,827,556,82,494,471,781,783
2017-01-13 20:57:47,828,557,82,495,471,781,783
2017-01-13 20:57:48,833,558,82,495,471,781,783
2017-01-13 20:57:49,841,559,82,495,471,781,783
2017-01-13 20:57:50,844,560,82,496,471,781,783
2017-01-13 20:57:51,846,561,82,496,471,781,783
2017-01-13 20:57:52,851,562,82,497,472,781,783
2017-01-13 20:57:53,859,563,82,497,472,781,783
2017-01-13 20:57:54,860,564,82,498,472,781,783
2017-01-13 20:57:55,864,565,82,498,471,781,783
2017-01-13 20:57:56,872,566,82,498,471,781,783
2017-01-13 20:57:57,879,567,82,499,471,781,783
2017-01-13 20:57:58,882,568,82,499,471,781,783
2017-01-13 20:57:59,890,569,82,499,471,781,783
2017-01-13 20:58:00,894,570,82,500,471,781,783
2017-01-13 20:58:01,904,571,82,500,471,781,783
2017-01-13 20:58:02,908,572,82,501,471,781,783
2017-01-13 20:58:03,911,573,82,501,471,781,783
2017-01-13 20:58:04,912,574,82,501,472,781,783
2017-01-13 20:58:05,915,575,82,502,472,781,783
2017-01-13 20:58:06,918,576,82,502,472,781,783
2017-01-13 20:58:07,921,577,82,502,472,781,783
2017-01-13 20:58:08,923,578,82,503,472,781,783
2017-01-13 20:58:09,928,579,82,503,473,781,783
2017-01-13 20:58:10,931,580,82,504,473,781,783
2017-01-13 20:58:11,941,581,82,504,473,781,783
2017-01-13 20:58:12,945,582,82,504,473,781,783
2017-01-13 20:58:13,947,583,82,504,473,781,783
2017-01-13 20:58:14,958,584,82,505,473,781,783
2017-01-13 20:58:15,964,585,82,505,474,781,783
2017-01-13 20:58:16,966,586,82,505,474,781,783
2017-01-13 20:58:17,970,587,82,506,474,781,783
2017-01-13 20:58:18,972,588,82,506,474,781,783
2017-01-13 20:58:19,976,590,82,506,474,781,783
2017-01-13 20:58:20,978,591,82,507,474,781,783
2017-01-13 20:58:21,983,592,82,507,474,781,783
2017-01-13 20:58:22,988,593,82,508,474,781,783
2017-01-13 20:58:23,990,594,82,508,474,781,783
2017-01-13 20:58:24,994,595,82,508,474,781,783
2017-01-13 20:58:25,995,596,82,508,473,781,783
2017-01-13 20:58:26,997,597,82,509,473,781,783
2017-01-13 20:58:28,000,598,82,509,473,781,783
2017-01-13 20:58:29,003,599,82,509,473,781,783
2017-01-13 20:58:30,006,600,82,510,472,781,783
2017-01-13 20:58:31,009,601,82,510,472,781,783
2017-01-13 20:58:32,019,602,82,510,471,781,783
2017-01-13 20:58:33,030,603,82,511,471,781,783
2017-01-13 20:58:34,035,604,82,511,470,781,783
2017-01-13 20:58:35,039,605,82,511,470,781,783
2017-01-13 20:58:36,041,606,82,511,469,781,783
2017-01-13 20:58:37,044,607,82,511,469,781,783
2017-01-13 20:58:38,047,608,82,512,468,781,783
2017-01-13 20:58:39,052,609,82,512,468,781,783
2017-01-13 20:58:40,053,610,82,512,467,781,783
2017-01-13 20:58:41,057,611,82,512,467,781,783
2017-01-13 20:58:42,060,612,82,512,467,781,783
2017-01-13 20:58:43,063,613,82,512,466,781,783
2017-01-13 20:58:44,066,614,82,512,466,781,783
2017-01-13 20:58:45,068,615,82,513,466,781,783
2017-01-13 20:58:46,072,616,82,513,465,781,783
2017-01-13 20:58:47,075,617,82,513,465,781,783
2017-01-13 20:58:48,078,618,82,513,464,781,783
2017-01-13 20:58:49,088,619,82,513,464,781,783
2017-01-13 20:58:50,089,620,82,514,463,781,783
2017-01-13 20:58:51,092,621,82,514,462,781,783
2017-01-13 20:58:52,093,622,82,514,462,781,783
2017-01-13 20:58:53,102,623,82,514,461,781,783
2017-01-13 20:58:54,113,624,82,514,460,781,783
2017-01-13 20:58:55,117,625,82,514,460,781,783
2017-01-13 20:58:56,119,626,82,515,460,781,783
2017-01-13 20:58:57,121,627,82,515,459,781,783
2017-01-13 20:58:58,125,628,82,515,458,781,783
2017-01-13 20:58:59,128,629,82,515,458,781,783
2017-01-13 20:59:00,130,630,82,515,457,781,783
2017-01-13 20:59:01,138,631,82,515,457,781,783
2017-01-13 20:59:02,142,632,82,515,456,781,783
2017-01-13 20:59:03,143,633,82,515,455,781,783
2017-01-13 20:59:04,154,634,82,515,455,781,783
2017-01-13 20:59:05,164,635,82,515,454,781,783
2017-01-13 20:59:06,167,636,82,515,453,781,783
2017-01-13 20:59:07,170,637,82,515,453,781,783
2017-01-13 20:59:08,173,638,82,515,452,781,783
2017-01-13 20:59:09,183,639,82,515,452,781,783
2017-01-13 20:59:10,188,640,82,515,451,781,783
2017-01-13 20:59:11,199,641,82,515,451,781,783
2017-01-13 20:59:12,202,642,82,515,450,781,783
2017-01-13 20:59:13,206,643,82,515,450,781,783
2017-01-13 20:59:14,208,644,82,516,449,781,783
2017-01-13 20:59:15,211,645,82,515,449,781,783
2017-01-13 20:59:16,216,646,82,515,449,781,783
2017-01-13 20:59:17,224,647,82,515,448,781,783
2017-01-13 20:59:18,233,648,82,515,448,781,783
2017-01-13 20:59:19,235,649,82,515,448,781,783
2017-01-13 20:59:20,243,650,82,515,448,781,783
2017-01-13 20:59:21,247,651,82,516,447,781,783
2017-01-13 20:59:22,249,652,82,516,447,781,783
2017-01-13 20:59:23,252,653,82,516,447,781,783
2017-01-13 20:59:24,256,654,82,516,447,781,783
2017-01-13 20:59:25,258,655,82,516,447,781,783
2017-01-13 20:59:26,269,656,82,516,446,781,783
2017-01-13 20:59:27,281,657,82,516,446,781,783
2017-01-13 20:59:28,281,658,82,516,446,781,783
2017-01-13 20:59:29,287,659,82,516,446,781,783
2017-01-13 20:59:30,290,660,82,516,445,781,783
2017-01-13 20:59:31,292,661,82,516,445,781,783
2017-01-13 20:59:32,296,662,82,516,445,781,783
2017-01-13 20:59:33,298,663,82,516,445,781,783
2017-01-13 20:59:34,303,664,82,515,445,781,783
2017-01-13 20:59:35,305,665,82,516,444,781,783
2017-01-13 20:59:36,313,666,82,516,444,781,783
2017-01-13 20:59:37,315,667,82,516,443,781,783
2017-01-13 20:59:38,325,668,82,515,443,781,783
2017-01-13 20:59:39,330,669,82,516,442,781,783
2017-01-13 20:59:40,332,670,82,515,442,781,783
2017-01-13 20:59:41,341,671,82,516,442,781,783
2017-01-13 20:59:42,344,672,82,515,441,781,783
2017-01-13 20:59:43,347,673,82,515,441,781,783
2017-01-13 20:59:44,350,674,82,515,441,781,783
2017-01-13 20:59:45,353,675,82,515,440,781,783
2017-01-13 20:59:46,357,676,82,515,440,781,783
2017-01-13 20:59:47,365,677,82,516,440,781,783
2017-01-13 20:59:48,368,678,82,515,439,781,783
2017-01-13 20:59:49,370,679,82,515,439,781,783
2017-01-13 20:59:50,381,680,82,515,439,781,783
2017-01-13 20:59:51,388,681,82,515,439,781,783
2017-01-13 20:59:52,388,682,82,515,439,781,783
2017-01-13 20:59:53,394,683,82,515,438,781,783
2017-01-13 20:59:54,397,684,82,515,438,781,783
2017-01-13 20:59:55,406,685,82,515,438,781,783
2017-01-13 20:59:56,408,686,82,515,438,781,783
2017-01-13 20:59:57,419,687,82,515,438,781,783
2017-01-13 20:59:58,424,688,82,515,437,781,783
2017-01-13 20:59:59,429,689,82,515,437,781,783
2017-01-13 21:00:00,437,690,82,515,437,781,783
2017-01-13 21:00:01,448,691,82,515,436,781,783
2017-01-13 21:00:02,455,692,82,515,436,781,783
2017-01-13 21:00:03,458,693,82,515,436,781,783
2017-01-13 21:00:04,461,694,82,515,436,781,783
2017-01-13 21:00:05,465,695,82,515,436,781,783
2017-01-13 21:00:06,467,696,82,515,436,781,783
2017-01-13 21:00:07,471,697,82,515,435,781,783
2017-01-13 21:00:08,474,698,82,515,435,781,783
2017-01-13 21:00:09,477,699,82,515,435,781,783
2017-01-13 21:00:10,480,700,82,515,435,781,783
2017-01-13 21:00:11,488,701,82,515,435,781,783
2017-01-13 21:00:12,490,702,82,515,435,781,783
2017-01-13 21:00:13,496,703,82,515,435,781,783
2017-01-13 21:00:14,507,704,82,515,435,781,783
2017-01-13 21:00:15,512,705,82,514,434,781,783
2017-01-13 21:00:16,518,706,82,515,434,781,783
2017-01-13 21:00:17,519,707,82,514,434,781,783
2017-01-13 21:00:18,520,708,82,514,434,781,783
2017-01-13 21:00:19,523,709,82,514,434,781,783
2017-01-13 21:00:20,526,710,82,514,434,781,783
2017-01-13 21:00:21,536,711,82,514,434,781,783
2017-01-13 21:00:22,545,712,82,514,434,781,783
2017-01-13 21:00:23,552,713,82,514,433,781,783
2017-01-13 21:00:24,555,714,82,514,433,781,783
2017-01-13 21:00:25,559,715,82,513,433,781,783
2017-01-13 21:00:26,567,716,82,512,433,781,783
2017-01-13 21:00:27,569,717,82,510,432,781,783
2017-01-13 21:00:28,570,718,82,509,430,781,783
2017-01-13 21:00:29,572,719,82,506,428,781,783
2017-01-13 21:00:30,574,720,82,505,426,781,783
2017-01-13 21:00:31,577,721,82,502,423,781,783
2017-01-13 21:00:32,585,722,82,500,421,781,783
2017-01-13 21:00:33,586,723,82,498,418,781,783
2017-01-13 21:00:34,587,724,82,496,416,781,783
2017-01-13 21:00:35,591,725,82,494,414,781,783
2017-01-13 21:00:36,593,726,82,494,414,781,783
2017-01-13 21:00:37,595,727,82,494,415,781,783
2017-01-13 21:00:38,605,728,82,494,416,781,783
2017-01-13 21:00:39,616,729,82,494,418,781,783
2017-01-13 21:00:40,622,730,82,495,420,781,783
2017-01-13 21:00:41,624,731,82,495,422,781,783
2017-01-13 21:00:42,626,732,82,495,424,781,783
2017-01-13 21:00:43,631,733,82,495,425,781,783
2017-01-13 21:00:44,634,734,82,496,427,781,783
2017-01-13 21:00:45,638,735,82,496,428,781,783
2017-01-13 21:00:46,647,736,82,496,430,781,783
2017-01-13 21:00:47,658,737,82,496,431,781,783
2017-01-13 21:00:48,663,738,82,496,432,781,783
2017-01-13 21:00:49,667,739,82,496,434,781,783
2017-01-13 21:00:50,669,740,82,497,435,782,783
2017-01-13 21:00:51,671,741,82,497,436,781,783
2017-01-13 21:00:52,675,742,82,498,437,781,783
2017-01-13 21:00:53,677,743,82,498,439,781,783
2017-01-13 21:00:54,686,744,82,498,439,781,783
2017-01-13 21:00:55,695,745,82,499,440,781,783
2017-01-13 21:00:56,705,746,82,499,441,781,783
2017-01-13 21:00:57,708,747,82,499,442,781,783
2017-01-13 21:00:58,716,748,82,499,443,781,783
2017-01-13 21:00:59,721,749,82,500,444,781,783
2017-01-13 21:01:00,727,750,82,500,445,781,783
2017-01-13 21:01:01,736,751,81,500,446,781,783
2017-01-13 21:01:02,741,752,82,501,447,781,783
2017-01-13 21:01:03,742,753,82,501,448,781,783
2017-01-13 21:01:04,746,754,82,501,448,781,783
2017-01-13 21:01:05,748,755,82,501,449,781,783
2017-01-13 21:01:06,758,756,82,501,449,781,783
2017-01-13 21:01:07,768,757,82,501,449,781,783
2017-01-13 21:01:08,769,758,82,501,449,781,783
2017-01-13 21:01:09,770,759,82,501,449,781,783
2017-01-13 21:01:10,776,760,82,501,449,781,783
2017-01-13 21:01:11,783,761,82,501,449,781,783
2017-01-13 21:01:12,786,762,82,501,449,781,783
2017-01-13 21:01:13,792,763,82,501,449,781,783
2017-01-13 21:01:14,802,764,82,501,449,781,783
2017-01-13 21:01:15,804,765,82,501,449,781,783
2017-01-13 21:01:16,809,766,82,501,449,781,783
2017-01-13 21:01:17,820,767,82,501,449,781,783
2017-01-13 21:01:18,829,768,82,501,449,781,783
2017-01-13 21:01:19,835,769,82,501,449,781,783
2017-01-13 21:01:20,845,770,82,501,449,781,783
2017-01-13 21:01:21,852,771,82,501,449,781,783
2017-01-13 21:01:22,856,772,82,501,449,781,783
2017-01-13 21:01:23,860,773,82,501,449,781,783
2017-01-13 21:01:24,860,774,82,501,449,781,783
2017-01-13 21:01:25,864,775,82,501,449,781,783
2017-01-13 21:01:26,873,776,82,501,449,781,783
2017-01-13 21:01:27,876,777,82,501,449,781,783
2017-01-13 21:01:28,884,778,82,501,449,781,783
2017-01-13 21:01:29,892,779,82,501,449,781,783
2017-01-13 21:03:13,036,883,82,501,449,781,783
2017-01-13 21:03:14,050,884,82,501,449,781,783
