2017-01-13 21:03:27,586,coffee,datetime,ms,seconds,ambient_temp,thermocouple_0_temp,thermocouple_1_temp,thermocouple_2_temp,thermocouple_3_temp
2017-01-13 21:03:29,764,2,80,530,476,782,784
2017-01-13 21:03:30,764,3,80,522,471,782,784
2017-01-13 21:03:31,769,4,80,511,465,782,784
2017-01-13 21:03:32,772,5,80,499,458,782,784
2017-01-13 21:03:33,775,6,80,486,452,782,784
2017-01-13 21:03:34,777,7,80,473,446,782,784
2017-01-13 21:03:35,778,8,80,462,440,782,784
2017-01-13 21:03:36,784,9,80,451,436,782,784
2017-01-13 21:03:37,787,10,80,440,433,782,784
2017-01-13 21:03:38,789,11,80,431,431,782,784
2017-01-13 21:03:39,793,12,80,421,429,782,784
2017-01-13 21:03:40,797,13,80,412,427,782,784
2017-01-13 21:03:41,801,14,80,403,425,782,784
2017-01-13 21:03:42,802,15,80,395,423,782,784
2017-01-13 21:03:43,806,16,80,387,421,782,784
2017-01-13 21:03:44,810,17,80,379,420,782,784
2017-01-13 21:03:45,812,18,80,372,418,782,784
2017-01-13 21:03:46,816,19,80,365,417,782,784
2017-01-13 21:03:47,818,20,80,358,416,782,784
2017-01-13 21:03:48,821,21,80,352,414,782,784
2017-01-13 21:03:49,824,22,80,346,413,782,784
2017-01-13 21:03:50,827,23,80,339,412,782,784
2017-01-13 21:03:51,830,24,80,333,411,782,784
2017-01-13 21:03:52,833,25,80,328,410,782,784
2017-01-13 21:03:53,835,26,80,323,409,782,784
2017-01-13 21:03:54,839,27,80,318,408,782,784
2017-01-13 21:03:55,842,28,80,313,408,782,784
2017-01-13 21:03:56,846,29,80,309,407,782,784
2017-01-13 21:03:57,848,30,80,304,406,782,784
2017-01-13 21:03:58,852,31,80,300,405,782,784
2017-01-13 21:03:59,855,32,80,296,405,782,784
2017-01-13 21:04:00,858,33,80,292,404,782,784
2017-01-13 21:04:01,861,34,80,289,403,782,784
2017-01-13 21:04:02,864,35,80,285,403,782,784
2017-01-13 21:04:03,867,36,80,282,402,782,784
2017-01-13 21:04:04,870,37,80,279,401,782,784
2017-01-13 21:04:05,873,38,80,276,401,782,784
2017-01-13 21:04:06,876,39,80,273,400,782,784
2017-01-13 21:04:07,879,40,80,271,400,782,784
2017-01-13 21:04:08,882,41,80,268,400,782,784
2017-01-13 21:04:09,883,42,80,266,399,782,784
2017-01-13 21:04:10,888,43,80,264,399,782,784
2017-01-13 21:04:11,889,44,80,262,399,782,784
2017-01-13 21:04:12,891,45,80,260,398,782,784
2017-01-13 21:04:13,897,46,80,258,398,782,784
2017-01-13 21:04:14,900,47,80,256,398,782,784
2017-01-13 21:04:15,903,48,80,255,397,782,784
2017-01-13 21:04:16,907,49,80,253,397,782,784
2017-01-13 21:04:17,910,50,80,252,397,782,784
2017-01-13 21:04:18,911,51,80,250,397,782,784
2017-01-13 21:04:19,916,52,80,249,397,782,784
2017-01-13 21:04:20,919,53,80,248,396,782,784
2017-01-13 21:04:21,922,54,80,247,396,782,784
2017-01-13 21:04:22,925,55,80,246,396,782,784
2017-01-13 21:04:23,927,56,80,245,396,782,784
2017-01-13 21:04:24,932,57,80,244,396,782,784
2017-01-13 21:04:25,936,58,80,243,396,782,784
2017-01-13 21:04:26,940,59,80,242,396,782,784
2017-01-13 21:04:27,940,60,79,242,395,782,784
2017-01-13 21:04:28,943,61,79,241,395,782,784
2017-01-13 21:04:29,947,62,79,241,396,782,784
2017-01-13 21:04:30,949,63,79,240,396,782,784
2017-01-13 21:04:31,952,64,79,239,397,782,784
2017-01-13 21:04:32,956,65,79,239,398,782,784
2017-01-13 21:04:33,958,66,79,239,398,782,784
2017-01-13 21:04:34,959,67,79,238,399,782,784
2017-01-13 21:04:35,961,68,79,238,400,783,784
2017-01-13 21:04:36,965,69,79,238,400,782,784
2017-01-13 21:04:37,967,70,79,238,401,782,784
2017-01-13 21:04:38,967,71,79,238,401,783,784
2017-01-13 21:04:39,969,72,79,238,402,783,784
2017-01-13 21:04:40,969,73,79,238,402,783,784
2017-01-13 21:04:41,970,74,79,238,403,782,784
2017-01-13 21:04:42,971,75,79,238,403,783,784
2017-01-13 21:04:43,972,76,79,238,404,783,784
2017-01-13 21:04:44,972,77,79,238,404,782,784
2017-01-13 21:04:45,972,78,79,238,405,783,784
2017-01-13 21:04:46,973,79,79,239,405,783,784
2017-01-13 21:04:47,973,80,79,239,405,783,784
2017-01-13 21:04:48,974,81,79,239,406,783,784
2017-01-13 21:04:49,974,82,79,239,406,783,784
2017-01-13 21:04:50,977,83,79,240,407,783,784
2017-01-13 21:04:51,980,84,79,240,407,783,784
2017-01-13 21:04:52,983,85,79,240,408,783,784
2017-01-13 21:04:53,988,86,79,241,408,783,784
2017-01-13 21:04:54,990,87,79,241,409,783,784
2017-01-13 21:04:55,993,88,79,242,409,783,784
2017-01-13 21:04:56,996,89,79,242,409,783,784
2017-01-13 21:04:57,998,90,79,242,410,783,784
2017-01-13 21:04:58,999,91,79,243,410,783,784
2017-01-13 21:05:00,004,92,79,244,410,783,784
2017-01-13 21:05:01,007,93,79,244,410,783,784
2017-01-13 21:05:02,010,94,79,245,411,783,784
2017-01-13 21:05:03,011,95,79,246,411,783,784
2017-01-13 21:05:04,013,96,79,246,411,783,784
2017-01-13 21:05:05,014,97,79,247,412,783,784
2017-01-13 21:05:06,019,98,79,247,412,783,784
2017-01-13 21:05:07,021,99,79,248,412,783,784
2017-01-13 21:05:08,022,100,79,249,412,783,784
2017-01-13 21:05:09,025,101,79,249,413,783,784
2017-01-13 21:05:10,027,102,79,250,413,783,784
2017-01-13 21:05:11,028,103,79,251,413,783,784
2017-01-13 21:05:12,029,104,79,251,414,783,784
2017-01-13 21:05:13,030,105,79,252,414,783,784
2017-01-13 21:05:14,032,106,79,253,414,783,784
2017-01-13 21:05:15,037,107,79,253,415,783,784
2017-01-13 21:05:16,042,108,79,254,415,783,784
2017-01-13 21:05:17,047,109,79,255,415,783,784
2017-01-13 21:05:18,048,110,79,256,415,783,784
2017-01-13 21:05:19,053,111,79,256,416,783,784
2017-01-13 21:05:20,059,112,79,257,416,783,784
2017-01-13 21:05:21,065,113,79,258,416,783,784
2017-01-13 21:05:22,067,114,79,259,416,783,784
2017-01-13 21:05:23,073,115,79,260,417,783,784
2017-01-13 21:05:24,077,116,79,260,417,783,784
2017-01-13 21:05:25,079,117,79,261,417,783,784
2017-01-13 21:05:26,084,118,79,262,418,783,784
2017-01-13 21:05:27,088,119,79,263,418,783,784
2017-01-13 21:05:28,090,120,79,264,418,783,784
2017-01-13 21:05:29,095,121,79,265,419,783,784
2017-01-13 21:05:30,096,122,79,265,419,783,784
2017-01-13 21:05:31,100,123,79,266,419,783,784
2017-01-13 21:05:32,103,124,79,267,419,783,784
2017-01-13 21:05:33,106,125,79,268,420,783,784
2017-01-13 21:05:34,108,126,79,269,420,783,784
2017-01-13 21:05:35,108,127,79,269,420,783,784
2017-01-13 21:05:36,112,128,79,270,421,783,784
2017-01-13 21:05:37,118,129,79,271,421,783,784
2017-01-13 21:05:38,121,130,79,272,421,783,784
2017-01-13 21:05:39,125,131,79,273,421,783,784
2017-01-13 21:05:40,127,132,79,274,421,783,784
2017-01-13 21:05:41,132,133,79,275,421,783,784
2017-01-13 21:05:42,136,134,79,275,422,783,784
2017-01-13 21:05:43,137,135,79,276,422,783,784
2017-01-13 21:05:44,140,136,79,277,422,783,784
2017-01-13 21:05:45,142,137,79,278,422,783,784
2017-01-13 21:05:46,146,138,79,279,423,783,784
2017-01-13 21:05:47,148,139,79,280,423,783,784
2017-01-13 21:05:48,152,140,79,281,423,783,784
2017-01-13 21:05:49,154,141,79,281,423,783,784
2017-01-13 21:05:50,159,142,79,282,424,783,784
2017-01-13 21:05:51,161,143,78,283,424,783,784
2017-01-13 21:05:52,164,144,79,284,424,783,784
2017-01-13 21:05:53,167,145,78,285,424,783,784
2017-01-13 21:05:54,171,146,78,286,425,783,784
2017-01-13 21:05:55,173,147,78,287,425,783,784
2017-01-13 21:05:56,176,148,79,288,425,783,784
2017-01-13 21:05:57,178,149,78,288,425,783,784
2017-01-13 21:05:58,182,150,78,289,425,783,784
2017-01-13 21:05:59,185,151,78,290,425,783,784
2017-01-13 21:06:00,188,152,78,291,426,783,784
2017-01-13 21:06:01,192,153,78,292,426,783,784
2017-01-13 21:06:02,194,154,78,293,426,783,784
2017-01-13 21:06:03,199,155,78,293,427,783,784
2017-01-13 21:06:04,204,156,78,294,427,783,784
2017-01-13 21:06:05,206,157,78,295,427,783,784
2017-01-13 21:06:06,207,158,78,296,427,783,784
2017-01-13 21:06:07,211,159,78,297,427,783,784
2017-01-13 21:06:08,212,160,78,298,428,783,784
2017-01-13 21:06:09,216,161,78,299,428,783,784
2017-01-13 21:06:10,219,162,78,300,428,783,784
2017-01-13 21:06:11,222,163,78,300,428,783,784
2017-01-13 21:06:12,226,164,78,301,429,783,784
2017-01-13 21:06:13,229,165,78,302,429,783,784
2017-01-13 21:06:14,232,166,78,303,429,783,784
2017-01-13 21:06:15,234,167,78,304,429,783,784
2017-01-13 21:06:16,236,168,78,305,429,783,784
2017-01-13 21:06:17,241,169,78,305,429,783,784
2017-01-13 21:06:18,242,170,78,306,430,783,784
2017-01-13 21:06:19,243,171,78,307,430,783,784
2017-01-13 21:06:20,245,172,78,308,430,783,784
2017-01-13 21:06:21,246,173,78,309,431,783,784
2017-01-13 21:06:22,247,174,78,309,431,783,784
2017-01-13 21:06:23,248,175,78,310,431,783,784
2017-01-13 21:06:24,250,176,78,311,431,783,784
2017-01-13 21:06:25,251,177,78,312,431,783,784
2017-01-13 21:06:26,252,178,78,313,432,783,784
2017-01-13 21:06:27,254,179,78,313,432,783,784
2017-01-13 21:06:28,257,180,78,314,432,783,784
2017-01-13 21:06:29,260,181,78,315,432,783,784
2017-01-13 21:06:30,265,182,78,316,433,783,784
2017-01-13 21:06:31,267,183,78,317,433,783,785
2017-01-13 21:06:32,269,184,78,318,433,783,785
2017-01-13 21:06:33,273,185,78,318,433,783,785
2017-01-13 21:06:34,276,186,78,319,433,783,785
2017-01-13 21:06:35,281,187,78,320,434,783,785
2017-01-13 21:06:36,285,188,78,321,434,783,785
2017-01-13 21:06:37,288,189,78,322,434,783,785
2017-01-13 21:06:38,289,190,78,322,434,783,785
2017-01-13 21:06:39,294,191,78,323,434,783,785
2017-01-13 21:06:40,294,192,78,324,434,783,785
2017-01-13 21:06:41,297,193,78,325,435,783,785
2017-01-13 21:06:42,300,194,78,325,435,783,785
2017-01-13 21:06:43,303,195,78,326,435,783,785
2017-01-13 21:06:44,307,196,78,327,436,783,785
2017-01-13 21:06:45,310,197,78,327,436,783,785
2017-01-13 21:06:46,312,198,78,328,436,783,785
2017-01-13 21:06:47,316,199,78,329,436,783,784
2017-01-13 21:06:48,319,200,78,330,436,783,785
2017-01-13 21:06:49,321,201,78,331,437,783,784
2017-01-13 21:06:50,324,202,78,331,437,783,785
2017-01-13 21:06:51,327,203,78,332,437,783,785
2017-01-13 21:06:52,329,204,78,333,437,783,785
2017-01-13 21:06:53,334,205,78,334,437,783,785
2017-01-13 21:06:54,336,206,78,334,437,783,785
2017-01-13 21:06:55,338,207,78,335,438,783,785
2017-01-13 21:06:56,343,208,78,336,438,783,785
2017-01-13 21:06:57,345,209,78,336,438,783,785
2017-01-13 21:06:58,350,210,78,337,439,783,785
2017-01-13 21:06:59,352,211,78,338,439,783,785
2017-01-13 21:07:00,355,212,78,339,439,783,785
2017-01-13 21:07:01,358,213,78,339,439,783,785
2017-01-13 21:07:02,361,214,78,340,439,783,785
2017-01-13 21:07:03,365,215,78,341,440,783,785
2017-01-13 21:07:04,368,216,78,341,440,783,785
2017-01-13 21:07:05,371,217,78,342,441,783,785
2017-01-13 21:07:06,374,218,78,343,441,783,785
2017-01-13 21:07:07,376,219,78,343,441,783,785
2017-01-13 21:07:08,380,220,78,344,441,783,785
2017-01-13 21:07:09,383,221,78,345,442,783,785
2017-01-13 21:07:10,385,222,78,345,442,783,785
2017-01-13 21:07:11,389,223,78,346,442,783,785
2017-01-13 21:07:12,392,224,78,347,442,783,785
2017-01-13 21:07:13,395,225,78,347,442,783,785
2017-01-13 21:07:14,398,226,78,348,442,783,785
2017-01-13 21:07:15,401,227,78,349,442,783,785
2017-01-13 21:07:16,405,228,78,349,442,783,785
2017-01-13 21:07:17,406,229,78,350,442,783,785
2017-01-13 21:07:18,410,230,78,351,442,783,785
2017-01-13 21:07:19,414,231,78,351,443,783,785
2017-01-13 21:07:20,416,232,78,352,443,783,785
2017-01-13 21:07:21,417,233,78,353,443,783,785
2017-01-13 21:07:22,423,234,78,353,443,783,785
2017-01-13 21:07:23,425,235,78,354,443,783,785
2017-01-13 21:07:24,429,236,77,355,443,783,785
2017-01-13 21:07:25,432,237,77,355,443,783,785
2017-01-13 21:07:26,435,238,77,356,444,783,785
2017-01-13 21:07:27,437,239,77,357,444,783,785
2017-01-13 21:07:28,441,240,78,357,444,783,785
2017-01-13 21:07:29,444,241,77,358,444,783,785
2017-01-13 21:07:30,447,242,78,359,444,783,785
2017-01-13 21:07:31,451,243,77,359,444,783,785
2017-01-13 21:07:32,453,244,77,360,444,783,785
2017-01-13 21:07:33,455,245,77,360,444,783,785
2017-01-13 21:07:34,460,246,77,361,445,783,785
2017-01-13 21:07:35,463,247,77,362,445,783,785
2017-01-13 21:07:36,466,248,77,362,445,783,785
2017-01-13 21:07:37,469,249,77,363,445,783,785
2017-01-13 21:07:38,473,250,77,364,445,783,785
2017-01-13 21:07:39,478,251,77,364,445,783,785
2017-01-13 21:07:40,483,252,77,365,445,784,785
2017-01-13 21:07:41,483,253,77,365,445,783,785
2017-01-13 21:07:42,484,254,77,366,446,784,785
2017-01-13 21:07:43,486,255,77,367,446,783,785
2017-01-13 21:07:44,490,256,77,367,446,784,785
2017-01-13 21:07:45,493,257,77,368,446,783,785
2017-01-13 21:07:46,496,258,77,368,446,783,785
2017-01-13 21:07:47,503,259,77,369,446,784,785
2017-01-13 21:07:48,504,260,77,370,446,784,785
2017-01-13 21:07:49,505,261,77,370,446,783,785
2017-01-13 21:07:50,506,262,77,371,446,783,785
2017-01-13 21:07:51,511,263,77,371,446,784,785
2017-01-13 21:07:52,514,264,77,372,447,784,785
2017-01-13 21:07:53,517,265,77,372,446,784,785
2017-01-13 21:07:54,521,266,77,373,447,784,785
2017-01-13 21:07:55,523,267,77,374,447,784,785
2017-01-13 21:07:56,524,268,77,374,447,784,785
2017-01-13 21:07:57,529,269,77,375,447,784,785
2017-01-13 21:07:58,529,270,77,375,447,784,785
2017-01-13 21:07:59,532,271,77,376,447,784,785
2017-01-13 21:08:00,533,272,77,376,447,784,785
2017-01-13 21:08:01,536,273,77,377,447,784,785
2017-01-13 21:08:02,537,274,77,377,447,784,785
2017-01-13 21:08:03,538,275,77,378,447,784,785
2017-01-13 21:08:04,539,276,77,378,447,784,785
2017-01-13 21:08:05,544,277,77,379,448,784,785
2017-01-13 21:08:06,545,278,77,380,448,784,785
2017-01-13 21:08:07,546,279,77,380,448,784,785
2017-01-13 21:08:08,548,280,77,381,448,784,785
2017-01-13 21:08:09,549,281,77,381,448,784,785
2017-01-13 21:08:10,552,282,77,382,448,784,785
2017-01-13 21:08:11,556,283,77,382,448,784,785
2017-01-13 21:08:12,558,284,77,383,448,784,785
2017-01-13 21:08:13,563,285,77,384,449,784,785
2017-01-13 21:08:14,565,286,77,384,449,784,785
2017-01-13 21:08:15,569,287,77,385,449,784,785
2017-01-13 21:08:16,571,288,77,385,449,784,785
2017-01-13 21:08:17,575,289,77,386,449,784,785
2017-01-13 21:08:18,576,290,77,386,449,784,785
2017-01-13 21:08:19,581,291,77,387,449,784,785
2017-01-13 21:08:20,583,292,77,387,449,784,785
2017-01-13 21:08:21,587,294,77,388,450,784,785
2017-01-13 21:08:22,590,295,77,388,450,784,785
2017-01-13 21:08:23,590,296,77,389,450,784,785
2017-01-13 21:08:24,596,297,77,389,450,784,785
2017-01-13 21:08:25,599,298,77,390,450,784,785
2017-01-13 21:08:26,604,299,77,390,450,784,785
2017-01-13 21:08:27,606,300,77,391,451,784,785
2017-01-13 21:08:28,607,301,77,391,451,784,785
2017-01-13 21:08:29,611,302,77,392,451,784,785
2017-01-13 21:08:30,614,303,77,392,451,784,785
2017-01-13 21:08:31,617,304,77,393,451,784,785
2017-01-13 21:08:32,621,305,77,393,451,784,785
2017-01-13 21:08:33,623,306,77,394,451,784,785
2017-01-13 21:08:34,631,307,77,394,451,784,785
2017-01-13 21:08:35,633,308,77,395,451,784,785
2017-01-13 21:08:36,633,309,77,395,451,784,785
2017-01-13 21:08:37,636,310,77,396,451,784,785
2017-01-13 21:08:38,639,311,77,396,451,784,785
2017-01-13 21:08:39,642,312,77,397,451,784,785
2017-01-13 21:08:40,652,313,77,397,452,784,785
2017-01-13 21:08:41,663,314,77,398,452,784,785
2017-01-13 21:08:42,668,315,77,398,452,784,785
2017-01-13 21:08:43,670,316,77,399,452,784,785
2017-01-13 21:08:44,674,317,77,399,452,784,785
2017-01-13 21:08:45,682,318,77,400,452,784,785
2017-01-13 21:08:46,684,319,77,400,453,784,785
2017-01-13 21:08:47,686,320,77,401,453,784,785
2017-01-13 21:08:48,687,321,77,401,453,784,785
2017-01-13 21:08:49,689,322,77,402,453,784,785
2017-01-13 21:08:50,692,323,77,402,453,784,785
2017-01-13 21:08:51,695,324,77,403,453,784,785
2017-01-13 21:08:52,703,325,77,403,454,784,785
2017-01-13 21:08:53,704,326,77,404,453,784,785
2017-01-13 21:08:54,708,327,77,404,453,784,785
2017-01-13 21:08:55,712,328,77,405,453,784,785
2017-01-13 21:08:56,720,329,77,405,453,784,785
2017-01-13 21:08:57,727,330,77,406,453,784,785
2017-01-13 21:08:58,733,331,77,406,453,784,785
2017-01-13 21:08:59,743,332,77,407,454,784,785
2017-01-13 21:09:00,752,333,77,407,454,784,785
2017-01-13 21:09:01,759,334,77,408,454,784,785
2017-01-13 21:09:02,763,335,77,408,454,784,785
2017-01-13 21:09:03,767,336,77,409,454,784,785
2017-01-13 21:09:04,772,337,77,409,454,784,785
2017-01-13 21:09:05,780,338,77,409,455,784,785
2017-01-13 21:09:06,783,339,77,410,455,784,785
2017-01-13 21:09:07,793,340,77,410,455,784,785
2017-01-13 21:09:08,798,341,77,411,455,784,785
2017-01-13 21:09:09,803,342,77,411,455,784,785
2017-01-13 21:09:10,807,343,77,412,455,784,785
2017-01-13 21:09:11,814,344,77,412,456,784,785
2017-01-13 21:09:12,822,345,77,413,456,784,785
2017-01-13 21:09:13,830,346,77,413,456,784,785
2017-01-13 21:09:14,832,347,77,413,456,784,785
2017-01-13 21:09:15,836,348,77,414,456,784,785
2017-01-13 21:09:16,839,349,77,414,456,784,785
2017-01-13 21:09:17,842,350,77,415,456,784,785
2017-01-13 21:09:18,849,351,77,415,456,784,785
2017-01-13 21:09:19,858,352,77,416,457,784,785
2017-01-13 21:09:20,859,353,77,416,457,784,785
2017-01-13 21:09:21,870,354,77,417,457,784,785
2017-01-13 21:09:22,874,355,77,417,457,784,785
2017-01-13 21:09:23,879,356,77,418,457,784,785
2017-01-13 21:09:24,882,357,77,418,457,784,785
2017-01-13 21:09:25,887,358,77,419,457,784,785
2017-01-13 21:09:26,896,359,77,419,457,784,785
2017-01-13 21:09:27,897,360,77,419,457,784,785
2017-01-13 21:09:28,901,361,77,420,457,784,785
2017-01-13 21:09:29,902,362,77,420,457,784,785
2017-01-13 21:09:30,907,363,77,421,457,784,785
2017-01-13 21:09:31,918,364,77,421,458,784,785
2017-01-13 21:09:32,921,365,77,421,458,784,785
2017-01-13 21:09:33,924,366,77,422,458,784,785
2017-01-13 21:09:34,929,367,77,422,458,784,785
2017-01-13 21:09:35,936,368,77,423,458,784,785
2017-01-13 21:09:36,947,369,77,423,458,784,785
2017-01-13 21:09:37,953,370,77,423,458,784,785
2017-01-13 21:09:38,957,371,77,424,459,784,785
2017-01-13 21:09:39,959,372,77,424,459,784,785
2017-01-13 21:09:40,965,373,77,425,459,784,785
2017-01-13 21:09:41,968,374,77,425,459,784,785
2017-01-13 21:09:42,970,375,77,426,459,784,785
2017-01-13 21:09:43,971,376,77,426,459,784,785
2017-01-13 21:09:44,977,377,77,427,459,784,785
2017-01-13 21:09:45,979,378,77,427,459,784,785
2017-01-13 21:09:46,983,379,77,427,459,784,785
2017-01-13 21:09:47,985,380,77,428,460,784,785
2017-01-13 21:09:48,987,381,77,428,460,784,785
2017-01-13 21:09:49,989,382,77,429,460,784,785
2017-01-13 21:09:50,993,383,77,429,460,784,785
2017-01-13 21:09:51,996,384,77,430,460,784,785
2017-01-13 21:09:53,000,385,77,430,460,784,785
2017-01-13 21:09:54,002,386,77,431,460,784,785
2017-01-13 21:09:55,005,387,77,431,460,784,785
2017-01-13 21:09:56,008,388,77,431,460,784,785
2017-01-13 21:09:57,015,389,77,432,461,784,785
2017-01-13 21:09:58,020,390,77,432,461,784,785
2017-01-13 21:09:59,022,391,77,432,461,784,785
2017-01-13 21:10:00,022,392,77,433,461,784,785
2017-01-13 21:10:01,032,393,77,433,461,784,785
2017-01-13 21:10:02,040,394,77,434,461,784,785
2017-01-13 21:10:03,041,395,77,434,461,784,785
2017-01-13 21:10:04,049,396,77,435,461,784,785
2017-01-13 21:10:05,053,397,77,435,461,784,785
2017-01-13 21:10:06,055,398,77,435,461,784,785
2017-01-13 21:10:07,061,399,77,436,462,784,785
2017-01-13 21:10:08,062,400,77,436,462,784,785
2017-01-13 21:10:09,067,401,77,437,462,784,785
2017-01-13 21:10:10,068,402,77,437,462,784,785
2017-01-13 21:10:11,072,403,77,437,462,784,785
2017-01-13 21:10:12,074,404,77,438,462,784,785
2017-01-13 21:10:13,078,405,77,438,463,784,785
2017-01-13 21:10:14,080,406,77,438,463,784,785
2017-01-13 21:10:15,083,407,77,439,463,784,785
2017-01-13 21:10:16,087,408,77,439,463,784,785
2017-01-13 21:10:17,089,409,77,440,463,784,785
2017-01-13 21:10:18,092,410,77,440,463,784,785
2017-01-13 21:10:19,101,411,77,441,463,784,785
2017-01-13 21:10:20,103,412,77,441,463,784,785
2017-01-13 21:10:21,106,413,77,441,463,784,785
2017-01-13 21:10:22,116,414,77,442,464,784,785
2017-01-13 21:10:23,124,415,77,442,464,784,785
2017-01-13 21:10:24,134,416,77,442,463,784,785
2017-01-13 21:10:25,142,417,77,443,463,784,785
2017-01-13 21:10:26,148,418,77,443,463,784,785
2017-01-13 21:10:27,153,419,77,444,463,784,785
2017-01-13 21:10:28,156,420,77,444,463,784,785
2017-01-13 21:10:29,159,421,77,444,463,784,785
2017-01-13 21:10:30,164,422,77,445,464,784,785
2017-01-13 21:10:31,170,423,77,445,464,784,785
2017-01-13 21:10:32,172,424,77,446,464,784,785
2017-01-13 21:10:33,179,425,77,446,464,784,785
2017-01-13 21:10:34,180,426,77,446,464,784,785
2017-01-13 21:10:35,187,427,77,447,464,784,785
2017-01-13 21:10:36,195,428,77,447,465,784,785
2017-01-13 21:10:37,201,429,77,448,465,784,785
2017-01-13 21:10:38,203,430,77,448,465,784,785
2017-01-13 21:10:39,207,431,77,448,465,784,785
2017-01-13 21:10:40,211,432,77,449,465,784,785
2017-01-13 21:10:41,218,433,77,449,465,784,785
2017-01-13 21:10:42,225,434,77,450,466,784,785
2017-01-13 21:10:43,236,435,77,450,466,784,785
2017-01-13 21:10:44,239,436,77,450,466,784,785
2017-01-13 21:10:45,242,437,77,451,466,784,785
2017-01-13 21:10:46,245,438,77,451,467,784,785
2017-01-13 21:10:47,246,439,77,452,467,784,785
2017-01-13 21:10:48,253,440,77,452,467,784,785
2017-01-13 21:10:49,254,441,77,452,467,784,785
2017-01-13 21:10:50,257,442,77,453,467,784,785
2017-01-13 21:10:51,260,443,77,453,467,784,785
2017-01-13 21:10:52,264,444,77,454,468,784,785
2017-01-13 21:10:53,269,445,77,454,468,784,785
2017-01-13 21:10:54,269,446,77,454,468,784,785
2017-01-13 21:10:55,276,447,77,455,468,784,785
2017-01-13 21:10:56,287,448,77,455,469,784,785
2017-01-13 21:10:57,295,449,77,456,469,784,785
2017-01-13 21:10:58,299,450,77,456,469,784,785
2017-01-13 21:10:59,301,451,77,456,469,784,785
2017-01-13 21:11:00,304,452,77,457,469,784,785
2017-01-13 21:11:01,308,453,77,457,469,784,785
2017-01-13 21:11:02,311,454,77,458,470,784,785
2017-01-13 21:11:03,314,455,77,458,470,784,785
2017-01-13 21:11:04,317,456,77,458,470,784,785
2017-01-13 21:11:05,318,457,77,459,470,784,785
2017-01-13 21:11:06,327,458,77,459,470,784,785
2017-01-13 21:11:07,329,459,77,459,471,784,785
2017-01-13 21:11:08,330,460,77,460,471,784,785
2017-01-13 21:11:09,332,461,77,460,471,784,785
2017-01-13 21:11:10,334,462,77,461,471,784,785
2017-01-13 21:11:11,338,463,77,461,471,784,785
2017-01-13 21:11:12,344,464,77,461,471,784,785
2017-01-13 21:11:13,345,465,77,462,471,784,785
2017-01-13 21:11:14,346,466,77,462,471,784,785
2017-01-13 21:11:15,350,467,77,462,471,784,785
2017-01-13 21:11:16,354,468,77,463,471,784,785
2017-01-13 21:11:17,362,469,77,463,471,784,785
2017-01-13 21:11:18,367,470,77,463,471,784,785
2017-01-13 21:11:19,377,471,77,464,471,784,785
2017-01-13 21:11:20,384,472,77,464,471,784,785
2017-01-13 21:11:21,386,473,77,465,471,784,785
2017-01-13 21:11:22,388,474,77,465,471,784,785
2017-01-13 21:11:23,392,475,77,465,471,784,785
2017-01-13 21:11:24,399,476,77,466,471,784,785
2017-01-13 21:11:25,400,477,77,466,471,784,785
2017-01-13 21:11:26,401,478,77,467,471,784,785
2017-01-13 21:11:27,404,479,77,467,471,784,785
2017-01-13 21:11:28,407,480,77,467,471,784,785
2017-01-13 21:11:29,409,481,77,468,471,784,785
2017-01-13 21:11:30,413,482,77,468,472,784,785
2017-01-13 21:11:31,416,483,77,468,471,784,785
2017-01-13 21:11:32,418,484,77,469,472,784,785
2017-01-13 21:11:33,423,485,77,469,472,784,785
2017-01-13 21:11:34,426,486,77,470,472,784,785
2017-01-13 21:11:35,428,487,77,470,472,784,785
2017-01-13 21:11:36,432,488,77,470,472,784,785
2017-01-13 21:11:37,439,489,77,471,472,784,785
2017-01-13 21:11:38,450,490,77,471,472,784,785
2017-01-13 21:11:39,458,491,77,471,472,784,785
2017-01-13 21:11:40,460,492,77,472,473,784,785
2017-01-13 21:11:41,464,493,77,472,473,784,785
2017-01-13 21:11:42,466,494,77,473,473,784,785
2017-01-13 21:11:43,476,495,77,473,473,784,785
2017-01-13 21:11:44,477,496,77,473,473,784,785
2017-01-13 21:11:45,478,497,77,474,473,784,785
2017-01-13 21:11:46,486,498,77,474,473,784,785
2017-01-13 21:11:47,489,499,77,474,473,784,785
2017-01-13 21:11:48,500,500,77,475,473,784,785
2017-01-13 21:11:49,504,501,77,475,473,784,785
2017-01-13 21:11:50,507,502,77,476,473,784,785
2017-01-13 21:11:51,511,503,77,476,473,784,785
2017-01-13 21:11:52,511,504,77,476,473,784,785
2017-01-13 21:11:53,514,505,77,477,473,784,785
2017-01-13 21:11:54,516,506,77,477,474,784,785
2017-01-13 21:11:55,523,507,77,477,474,784,785
2017-01-13 21:11:56,527,508,77,478,474,784,785
2017-01-13 21:11:57,529,509,77,478,474,784,785
2017-01-13 21:11:58,532,510,77,479,474,784,785
2017-01-13 21:11:59,535,511,77,479,474,784,785
2017-01-13 21:12:00,538,512,77,479,474,784,785
2017-01-13 21:12:01,543,513,77,480,474,784,785
2017-01-13 21:12:02,544,514,77,480,475,784,785
2017-01-13 21:12:03,548,515,77,480,475,784,785
2017-01-13 21:12:04,551,516,77,481,475,784,785
2017-01-13 21:12:05,554,517,77,481,475,784,785
2017-01-13 21:12:06,556,518,77,482,475,784,785
2017-01-13 21:12:07,560,519,77,482,475,784,785
2017-01-13 21:12:08,563,520,77,482,475,784,785
2017-01-13 21:12:09,566,521,77,483,475,784,785
2017-01-13 21:12:10,569,522,77,483,475,784,785
2017-01-13 21:12:11,572,523,77,483,475,784,785
2017-01-13 21:12:12,576,524,77,484,476,784,785
2017-01-13 21:12:13,581,525,77,484,476,784,785
2017-01-13 21:12:14,583,526,77,485,476,784,785
2017-01-13 21:12:15,585,528,77,485,476,784,785
2017-01-13 21:12:16,595,529,77,485,476,784,785
2017-01-13 21:12:17,598,530,77,486,476,784,785
2017-01-13 21:12:18,603,531,77,486,477,784,785
2017-01-13 21:12:19,613,532,77,486,477,784,785
2017-01-13 21:12:20,620,533,77,487,477,784,785
2017-01-13 21:12:21,626,534,77,487,477,784,785
2017-01-13 21:12:22,637,535,77,488,478,784,785
2017-01-13 21:12:23,638,536,77,488,478,784,785
2017-01-13 21:12:24,640,537,77,489,478,784,785
2017-01-13 21:12:25,648,538,77,489,478,784,785
2017-01-13 21:12:26,651,539,77,489,478,784,785
2017-01-13 21:12:27,654,540,77,490,478,784,785
2017-01-13 21:12:28,658,541,77,490,479,784,785
2017-01-13 21:12:29,661,542,77,490,479,784,785
2017-01-13 21:12:30,663,543,77,491,479,784,785
2017-01-13 21:12:31,668,544,77,491,479,784,785
2017-01-13 21:12:32,677,545,77,491,479,784,785
2017-01-13 21:12:33,687,546,77,492,479,784,785
2017-01-13 21:12:34,693,547,77,492,480,784,785
2017-01-13 21:12:35,697,548,77,493,480,784,785
2017-01-13 21:12:36,700,549,77,493,480,784,785
2017-01-13 21:12:37,702,550,77,494,480,784,785
2017-01-13 21:12:38,705,551,77,494,480,784,785
2017-01-13 21:12:39,709,552,77,495,480,784,785
2017-01-13 21:12:40,716,553,77,495,480,784,785
2017-01-13 21:12:41,725,554,77,495,480,784,785
2017-01-13 21:12:42,734,555,77,495,480,784,785
2017-01-13 21:12:43,739,556,77,496,480,784,785
2017-01-13 21:12:44,740,557,77,496,480,784,785
2017-01-13 21:12:45,743,558,77,496,480,784,785
2017-01-13 21:12:47,054,559,77,497,480,784,785
2017-01-13 21:12:48,056,560,77,497,480,784,785
2017-01-13 21:12:49,063,561,77,497,480,784,785
2017-01-13 21:12:50,064,562,77,498,480,784,785
2017-01-13 21:12:51,068,563,77,498,481,784,785
2017-01-13 21:12:52,071,564,77,498,481,784,785
2017-01-13 21:12:53,075,565,77,499,481,784,785
2017-01-13 21:12:54,080,566,77,499,481,784,785
2017-01-13 21:12:55,087,567,77,499,481,784,785
2017-01-13 21:12:56,096,568,77,500,482,784,785
2017-01-13 21:12:57,103,569,77,500,482,784,785
2017-01-13 21:12:58,107,570,77,501,482,784,785
2017-01-13 21:12:59,110,571,77,501,482,784,785
2017-01-13 21:13:00,113,572,77,501,483,784,785
2017-01-13 21:13:01,116,573,77,501,483,784,785
2017-01-13 21:13:02,119,574,77,502,483,784,785
2017-01-13 21:13:03,122,575,77,502,483,784,785
2017-01-13 21:13:04,125,576,77,503,483,784,785
2017-01-13 21:13:05,128,577,77,503,483,784,785
2017-01-13 21:13:06,131,578,77,503,483,784,785
2017-01-13 21:13:07,137,579,77,504,483,784,785
2017-01-13 21:13:08,142,580,77,504,483,784,785
2017-01-13 21:13:09,153,581,77,504,483,784,785
2017-01-13 21:13:10,159,582,77,505,484,784,785
2017-01-13 21:13:11,160,583,77,505,483,784,785
2017-01-13 21:13:12,162,584,77,506,483,784,785
2017-01-13 21:13:13,169,585,77,506,483,784,785
2017-01-13 21:13:14,175,586,77,506,483,784,785
2017-01-13 21:13:15,176,587,77,506,482,784,785
2017-01-13 21:13:16,186,588,77,507,482,784,785
2017-01-13 21:13:17,194,589,77,507,482,784,785
2017-01-13 21:13:18,201,590,77,507,481,784,785
2017-01-13 21:13:19,204,591,77,507,481,784,785
2017-01-13 21:13:20,207,592,77,508,480,784,785
2017-01-13 21:13:21,210,593,77,508,479,784,785
2017-01-13 21:13:22,214,594,77,508,479,784,785
2017-01-13 21:13:23,216,595,77,509,478,784,785
2017-01-13 21:13:24,220,596,77,509,477,784,785
2017-01-13 21:13:25,224,597,77,509,477,784,785
2017-01-13 21:13:26,226,598,77,509,476,784,785
2017-01-13 21:13:27,235,599,77,510,476,784,785
2017-01-13 21:13:28,241,600,77,510,475,784,785
2017-01-13 21:13:29,247,601,77,510,474,784,785
2017-01-13 21:13:30,250,602,77,510,473,784,785
2017-01-13 21:13:31,255,603,77,510,473,784,785
2017-01-13 21:13:32,261,604,77,510,472,784,785
2017-01-13 21:13:33,263,605,77,511,471,784,785
2017-01-13 21:13:34,267,606,77,510,471,784,785
2017-01-13 21:13:35,270,607,77,511,471,784,785
2017-01-13 21:13:36,272,608,77,511,470,784,785
2017-01-13 21:13:37,275,609,77,511,470,784,785
2017-01-13 21:13:38,278,610,77,511,469,784,785
2017-01-13 21:13:39,283,611,77,511,469,784,785
2017-01-13 21:13:40,284,612,77,511,469,784,785
2017-01-13 21:13:41,285,613,77,511,469,784,785
2017-01-13 21:13:42,289,614,77,511,468,784,785
2017-01-13 21:13:43,294,615,77,512,468,784,785
2017-01-13 21:13:44,298,616,77,512,467,784,785
2017-01-13 21:13:45,300,617,77,512,467,784,785
2017-01-13 21:13:46,302,618,77,512,467,784,785
2017-01-13 21:13:47,306,619,77,512,466,784,785
2017-01-13 21:13:48,310,620,77,512,466,784,785
2017-01-13 21:13:49,311,621,77,512,466,784,785
2017-01-13 21:13:50,313,622,77,512,465,784,785
2017-01-13 21:13:51,318,623,77,513,465,784,785
2017-01-13 21:13:52,322,624,77,512,465,784,785
2017-01-13 21:13:53,325,625,77,513,465,784,785
2017-01-13 21:13:54,330,626,77,513,464,784,785
2017-01-13 21:13:55,332,627,77,513,464,784,785
2017-01-13 21:13:56,334,628,77,513,464,784,785
2017-01-13 21:13:57,338,629,77,513,464,784,785
2017-01-13 21:13:58,340,630,77,513,463,784,785
2017-01-13 21:13:59,343,631,77,513,463,784,785
2017-01-13 21:14:00,346,632,77,513,463,784,785
2017-01-13 21:14:01,349,633,77,513,463,784,785
2017-01-13 21:14:02,351,634,77,513,462,784,785
2017-01-13 21:14:03,355,635,77,513,462,784,785
2017-01-13 21:14:04,358,636,77,513,461,784,785
2017-01-13 21:14:05,361,637,77,513,461,784,785
2017-01-13 21:14:06,365,638,77,513,460,784,785
2017-01-13 21:14:07,368,639,77,513,459,784,785
2017-01-13 21:14:08,371,640,77,513,458,784,785
2017-01-13 21:14:09,373,641,77,513,457,784,785
2017-01-13 21:14:10,377,642,77,513,457,784,785
2017-01-13 21:14:11,380,643,77,513,456,784,785
2017-01-13 21:14:12,383,644,77,513,455,784,785
2017-01-13 21:14:13,386,645,77,513,455,784,785
2017-01-13 21:14:14,389,646,77,513,454,784,785
2017-01-13 21:14:15,392,647,77,513,454,784,785
2017-01-13 21:14:16,394,648,77,513,453,784,785
2017-01-13 21:14:17,398,649,78,513,453,784,785
2017-01-13 21:14:18,399,650,77,513,452,784,785
2017-01-13 21:14:19,405,651,77,513,452,784,785
2017-01-13 21:14:20,408,652,77,513,451,784,785
2017-01-13 21:14:21,409,653,77,513,451,784,785
2017-01-13 21:14:22,414,654,77,513,450,784,785
2017-01-13 21:14:23,415,655,77,513,450,784,785
2017-01-13 21:14:24,420,656,77,513,449,784,785
2017-01-13 21:14:25,422,657,77,513,449,784,785
2017-01-13 21:14:26,426,658,77,513,448,784,785
2017-01-13 21:14:27,429,659,77,513,448,784,785
2017-01-13 21:14:28,433,660,78,513,448,784,785
2017-01-13 21:14:29,435,661,77,513,447,784,785
2017-01-13 21:14:30,438,662,77,513,447,784,785
2017-01-13 21:14:31,439,663,78,513,446,784,785
2017-01-13 21:14:32,444,664,77,513,446,784,785
2017-01-13 21:14:33,447,665,77,513,445,784,785
2017-01-13 21:14:34,450,666,77,513,445,784,785
2017-01-13 21:14:35,455,667,77,513,445,784,785
2017-01-13 21:14:36,457,668,78,513,444,784,785
2017-01-13 21:14:37,457,669,78,513,444,784,785
2017-01-13 21:14:38,462,670,78,513,444,784,785
2017-01-13 21:14:39,465,671,78,513,443,784,785
2017-01-13 21:14:40,469,672,78,513,443,784,785
2017-01-13 21:14:41,471,673,78,513,442,784,785
2017-01-13 21:14:42,475,674,77,513,442,784,785
2017-01-13 21:14:43,475,675,77,512,442,784,785
2017-01-13 21:14:44,481,676,78,513,442,784,785
2017-01-13 21:14:45,482,677,78,512,441,784,785
2017-01-13 21:14:46,487,678,78,512,441,784,785
2017-01-13 21:14:47,489,679,77,512,440,784,785
2017-01-13 21:14:48,494,680,78,512,440,784,785
2017-01-13 21:14:49,497,681,77,512,440,784,785
2017-01-13 21:14:50,498,682,78,512,439,784,785
2017-01-13 21:14:51,503,683,78,512,439,784,785
2017-01-13 21:14:52,505,684,78,512,439,784,785
2017-01-13 21:14:53,508,685,78,512,439,784,785
2017-01-13 21:14:54,510,686,78,512,439,784,785
2017-01-13 21:14:55,511,687,78,512,438,784,785
2017-01-13 21:14:56,515,688,77,512,438,784,785
2017-01-13 21:14:57,521,689,78,511,437,784,785
2017-01-13 21:14:58,524,690,78,512,437,784,785
2017-01-13 21:14:59,527,691,78,511,437,784,785
2017-01-13 21:15:00,530,692,78,511,437,784,785
2017-01-13 21:15:01,532,693,77,511,436,784,785
2017-01-13 21:15:02,536,694,78,511,436,784,785
2017-01-13 21:15:03,539,695,78,511,436,784,785
2017-01-13 21:15:04,541,696,78,511,436,784,785
2017-01-13 21:15:05,543,697,78,511,435,784,785
2017-01-13 21:15:06,544,698,78,511,435,784,785
2017-01-13 21:15:07,549,699,78,511,435,784,785
2017-01-13 21:15:08,555,700,78,511,435,784,785
2017-01-13 21:15:09,559,701,78,511,435,784,785
2017-01-13 21:15:10,560,702,78,511,434,784,785
2017-01-13 21:15:11,563,703,78,511,434,784,785
2017-01-13 21:15:12,566,704,78,511,434,784,785
2017-01-13 21:15:13,570,705,78,511,434,784,785
2017-01-13 21:15:14,573,706,78,511,434,784,785
2017-01-13 21:15:15,576,707,78,510,433,784,785
2017-01-13 21:15:16,579,708,78,510,433,784,785
2017-01-13 21:15:17,580,709,78,510,433,784,785
2017-01-13 21:15:18,585,710,78,510,432,784,785
2017-01-13 21:15:19,588,712,78,510,432,784,785
2017-01-13 21:15:20,590,713,77,510,431,783,785
2017-01-13 21:15:21,595,714,78,510,431,784,785
2017-01-13 21:15:22,598,715,78,509,431,784,785
2017-01-13 21:15:23,601,716,78,508,430,784,785
