2017-01-13 21:42:32,875,coffee,datetime,ms,seconds,ambient_temp,thermocouple_0_temp,thermocouple_1_temp,thermocouple_2_temp,thermocouple_3_temp
2017-01-13 21:42:35,039,2,80,484,420,783,784
2017-01-13 21:42:36,041,3,80,478,415,783,784
2017-01-13 21:42:37,045,4,80,468,411,783,784
2017-01-13 21:42:38,049,5,80,458,406,783,784
2017-01-13 21:42:39,054,6,80,446,402,783,784
2017-01-13 21:42:40,059,7,80,435,399,783,784
2017-01-13 21:42:41,063,8,80,425,397,783,784
2017-01-13 21:42:42,065,9,80,416,395,783,784
2017-01-13 21:42:43,068,10,80,407,393,783,784
2017-01-13 21:42:44,072,11,80,399,391,783,784
2017-01-13 21:42:45,075,12,80,390,390,783,784
2017-01-13 21:42:46,077,13,80,383,388,783,784
2017-01-13 21:42:47,080,14,80,375,387,783,784
2017-01-13 21:42:48,083,15,80,368,385,783,784
2017-01-13 21:42:49,085,16,80,361,384,783,784
2017-01-13 21:42:50,089,17,80,354,384,783,784
2017-01-13 21:42:51,093,18,80,348,382,783,784
2017-01-13 21:42:52,096,19,80,343,382,783,784
2017-01-13 21:42:53,097,20,80,337,381,783,784
2017-01-13 21:42:54,102,21,80,332,381,783,784
2017-01-13 21:42:55,105,22,80,326,380,783,784
2017-01-13 21:42:56,107,23,80,321,379,783,784
2017-01-13 21:42:57,111,24,80,317,379,783,784
2017-01-13 21:42:58,113,25,80,312,378,783,784
2017-01-13 21:42:59,117,26,80,308,377,783,784
2017-01-13 21:43:00,120,27,80,304,377,783,784
2017-01-13 21:43:01,125,28,80,299,377,783,784
2017-01-13 21:43:02,126,29,80,296,376,783,784
2017-01-13 21:43:03,129,30,80,292,376,783,784
2017-01-13 21:43:04,131,31,80,289,376,783,784
2017-01-13 21:43:05,136,32,80,285,375,783,784
2017-01-13 21:43:06,138,33,80,282,375,783,784
2017-01-13 21:43:07,141,34,80,279,375,783,784
2017-01-13 21:43:08,145,35,80,276,374,783,784
2017-01-13 21:43:09,148,36,80,273,374,783,784
2017-01-13 21:43:10,153,37,80,271,374,783,784
2017-01-13 21:43:11,154,38,80,268,373,783,784
2017-01-13 21:43:12,156,39,80,266,373,783,784
2017-01-13 21:43:13,157,40,80,263,373,783,784
2017-01-13 21:43:14,161,41,80,262,373,783,784
2017-01-13 21:43:15,164,42,80,259,373,783,784
2017-01-13 21:43:16,169,43,80,258,373,783,784
2017-01-13 21:43:17,173,44,80,256,372,783,784
2017-01-13 21:43:18,178,45,80,254,372,783,784
2017-01-13 21:43:19,181,46,80,252,372,783,784
2017-01-13 21:43:20,184,47,80,251,372,783,784
2017-01-13 21:43:21,187,48,80,249,372,783,784
2017-01-13 21:43:22,190,49,80,248,372,782,784
2017-01-13 21:43:23,191,50,80,247,372,783,784
2017-01-13 21:43:24,193,51,80,245,371,783,784
2017-01-13 21:43:25,196,52,80,244,371,783,784
2017-01-13 21:43:26,200,53,80,243,371,783,784
2017-01-13 21:43:27,204,54,80,242,371,783,784
2017-01-13 21:43:28,206,55,80,241,372,783,784
2017-01-13 21:43:29,208,56,80,240,372,783,784
2017-01-13 21:43:30,212,57,80,240,373,783,784
2017-01-13 21:43:31,215,58,80,239,374,783,784
2017-01-13 21:43:32,217,59,80,239,374,783,784
2017-01-13 21:43:33,220,60,80,238,375,783,784
2017-01-13 21:43:34,223,61,80,237,375,783,784
2017-01-13 21:43:35,225,62,80,237,376,783,784
2017-01-13 21:43:36,226,63,80,237,376,783,784
2017-01-13 21:43:37,226,64,80,236,377,783,784
2017-01-13 21:43:38,227,65,80,236,377,783,784
2017-01-13 21:43:39,228,66,80,236,378,783,784
2017-01-13 21:43:40,234,67,80,236,378,783,784
2017-01-13 21:43:41,239,68,80,235,379,783,784
2017-01-13 21:43:42,240,69,80,235,379,783,784
2017-01-13 21:43:43,242,70,80,235,380,783,784
2017-01-13 21:43:44,247,71,80,235,380,783,784
2017-01-13 21:43:45,248,72,80,235,381,783,784
2017-01-13 21:43:46,252,73,80,235,381,783,784
2017-01-13 21:43:47,252,74,80,235,381,783,784
2017-01-13 21:43:48,254,75,80,235,382,783,784
2017-01-13 21:43:49,259,76,80,235,382,783,784
2017-01-13 21:43:50,263,77,80,236,382,783,784
2017-01-13 21:43:51,268,78,80,236,383,783,784
2017-01-13 21:43:52,269,79,80,236,383,783,784
2017-01-13 21:43:53,269,80,80,236,384,783,784
2017-01-13 21:43:54,274,81,80,237,385,783,784
2017-01-13 21:43:55,280,82,80,237,385,783,784
2017-01-13 21:43:56,285,83,80,237,386,782,784
2017-01-13 21:43:57,289,84,80,238,386,783,784
2017-01-13 21:43:58,290,85,80,238,386,783,784
2017-01-13 21:43:59,293,86,80,239,387,783,784
2017-01-13 21:44:00,297,87,80,239,387,783,784
2017-01-13 21:44:01,303,88,80,239,388,783,784
2017-01-13 21:44:02,304,89,80,240,388,783,784
2017-01-13 21:44:03,309,90,80,241,388,783,784
2017-01-13 21:44:04,311,91,80,241,389,782,784
2017-01-13 21:44:05,315,92,80,242,389,783,784
2017-01-13 21:44:06,319,93,80,242,389,783,784
2017-01-13 21:44:07,320,94,80,243,390,783,784
2017-01-13 21:44:08,323,95,80,243,390,783,784
2017-01-13 21:44:09,324,96,80,244,390,783,784
2017-01-13 21:44:10,330,97,80,245,390,783,784
2017-01-13 21:44:11,331,98,80,245,391,783,784
2017-01-13 21:44:12,332,99,80,246,391,783,784
2017-01-13 21:44:13,338,100,80,246,391,783,784
2017-01-13 21:44:14,339,101,80,247,391,783,784
2017-01-13 21:44:15,340,102,80,248,392,783,784
2017-01-13 21:44:16,346,103,80,249,392,783,784
2017-01-13 21:44:17,347,104,80,249,392,783,784
2017-01-13 21:44:18,351,105,80,250,392,782,784
2017-01-13 21:44:19,352,106,80,251,393,783,784
2017-01-13 21:44:20,354,107,80,252,393,783,784
2017-01-13 21:44:21,355,108,80,252,394,782,784
2017-01-13 21:44:22,361,109,80,253,395,783,784
2017-01-13 21:44:23,361,110,80,254,395,783,784
2017-01-13 21:44:24,364,111,80,255,396,783,784
2017-01-13 21:44:25,370,112,80,255,396,783,784
2017-01-13 21:44:26,372,113,80,256,397,782,784
2017-01-13 21:44:27,373,114,80,257,397,782,784
2017-01-13 21:44:28,373,115,80,258,398,783,784
2017-01-13 21:44:29,376,116,80,259,398,782,784
2017-01-13 21:44:30,379,117,80,260,399,783,784
2017-01-13 21:44:31,382,118,80,260,399,782,784
2017-01-13 21:44:32,385,119,80,261,400,783,784
2017-01-13 21:44:33,388,120,80,262,400,783,784
2017-01-13 21:44:34,391,121,80,263,401,782,784
2017-01-13 21:44:35,394,122,80,263,401,782,784
2017-01-13 21:44:36,398,123,80,264,402,782,784
2017-01-13 21:44:37,400,124,80,265,402,782,784
2017-01-13 21:44:38,403,125,80,266,402,782,784
2017-01-13 21:44:39,406,126,80,267,403,782,784
2017-01-13 21:44:40,410,127,80,268,403,782,784
2017-01-13 21:44:41,412,128,80,269,403,782,784
2017-01-13 21:44:42,415,129,80,270,404,783,784
2017-01-13 21:44:43,417,130,80,271,404,782,784
2017-01-13 21:44:44,422,131,80,271,405,782,784
2017-01-13 21:44:45,423,132,80,272,405,782,784
2017-01-13 21:44:46,424,133,80,273,405,782,784
2017-01-13 21:44:47,425,134,80,274,405,782,784
2017-01-13 21:44:48,431,135,80,275,406,782,784
2017-01-13 21:44:49,436,136,80,276,406,782,784
2017-01-13 21:44:50,440,137,80,277,406,782,784
2017-01-13 21:44:51,443,138,80,277,407,782,784
2017-01-13 21:44:52,445,139,80,278,407,782,784
2017-01-13 21:44:53,449,140,80,279,408,782,784
2017-01-13 21:44:54,452,141,80,280,408,782,784
2017-01-13 21:44:55,455,142,80,281,408,783,784
2017-01-13 21:44:56,458,143,80,282,409,782,784
2017-01-13 21:44:57,461,144,80,283,409,782,784
2017-01-13 21:44:58,464,145,80,283,409,782,784
2017-01-13 21:44:59,468,146,80,284,410,782,784
2017-01-13 21:45:00,471,147,80,285,410,782,784
2017-01-13 21:45:01,472,148,80,286,410,782,784
2017-01-13 21:45:02,477,149,80,287,411,782,784
2017-01-13 21:45:03,479,150,80,288,411,782,784
2017-01-13 21:45:04,483,151,80,289,412,782,784
2017-01-13 21:45:05,488,152,80,290,412,782,784
2017-01-13 21:45:06,489,153,80,290,412,782,784
2017-01-13 21:45:07,493,154,80,291,412,782,784
2017-01-13 21:45:08,497,155,80,292,413,782,784
2017-01-13 21:45:09,501,156,80,293,413,782,784
2017-01-13 21:45:10,502,157,80,294,413,782,784
2017-01-13 21:45:11,503,158,80,295,414,782,784
2017-01-13 21:45:12,506,159,80,295,414,782,784
2017-01-13 21:45:13,510,160,80,296,414,782,784
2017-01-13 21:45:14,513,161,80,297,414,782,784
2017-01-13 21:45:15,516,162,80,298,415,782,784
2017-01-13 21:45:16,520,163,80,299,415,782,784
2017-01-13 21:45:17,522,164,80,300,415,782,784
2017-01-13 21:45:18,526,165,81,301,416,782,784
2017-01-13 21:45:19,529,166,81,301,416,782,784
2017-01-13 21:45:20,532,167,80,302,416,782,784
2017-01-13 21:45:21,536,168,81,303,416,782,784
2017-01-13 21:45:22,538,169,80,304,416,782,784
2017-01-13 21:45:23,542,170,80,305,416,782,784
2017-01-13 21:45:24,543,171,81,306,417,782,784
2017-01-13 21:45:25,547,172,81,306,417,782,784
2017-01-13 21:45:26,550,173,80,307,417,782,784
2017-01-13 21:45:27,553,174,81,308,418,782,784
2017-01-13 21:45:28,556,175,80,309,418,782,784
2017-01-13 21:45:29,559,176,81,310,418,782,784
2017-01-13 21:45:30,562,177,81,311,419,782,784
2017-01-13 21:45:31,565,178,81,312,419,782,784
2017-01-13 21:45:32,570,179,80,312,419,782,784
2017-01-13 21:45:33,571,180,81,313,420,782,784
2017-01-13 21:45:34,574,181,81,314,420,782,784
2017-01-13 21:45:35,578,182,81,315,420,782,784
2017-01-13 21:45:36,580,183,81,316,420,782,784
2017-01-13 21:45:37,584,184,81,316,421,782,784
2017-01-13 21:45:38,587,185,81,317,421,782,784
2017-01-13 21:45:39,589,186,81,318,421,782,784
2017-01-13 21:45:40,593,187,81,319,421,782,784
2017-01-13 21:45:41,596,188,81,320,421,782,784
2017-01-13 21:45:42,597,189,81,320,421,782,784
2017-01-13 21:45:43,598,190,81,321,422,782,784
2017-01-13 21:45:44,601,191,81,322,422,782,784
2017-01-13 21:45:45,607,192,81,323,422,782,784
2017-01-13 21:45:46,610,193,81,324,422,782,784
2017-01-13 21:45:47,614,194,81,325,423,782,784
2017-01-13 21:45:48,617,195,81,325,423,782,784
2017-01-13 21:45:49,621,196,81,326,423,782,784
2017-01-13 21:45:50,624,197,81,327,424,782,784
2017-01-13 21:45:51,627,198,81,328,424,782,784
2017-01-13 21:45:52,631,199,81,328,424,782,784
2017-01-13 21:45:53,632,200,81,329,424,782,784
2017-01-13 21:45:54,635,201,81,330,425,782,784
2017-01-13 21:45:55,639,202,81,331,425,782,784
2017-01-13 21:45:56,642,203,81,332,425,782,784
2017-01-13 21:45:57,645,204,81,332,426,782,784
2017-01-13 21:45:58,648,205,81,333,426,782,784
2017-01-13 21:45:59,651,206,81,334,426,782,784
2017-01-13 21:46:00,656,207,81,335,427,782,784
2017-01-13 21:46:01,657,208,81,335,426,782,784
2017-01-13 21:46:02,660,209,81,336,427,782,784
2017-01-13 21:46:03,663,210,81,337,427,782,784
2017-01-13 21:46:04,665,211,81,338,427,782,784
2017-01-13 21:46:05,670,212,81,338,427,782,784
2017-01-13 21:46:06,672,213,81,339,427,782,784
2017-01-13 21:46:07,675,214,81,340,428,782,784
2017-01-13 21:46:08,679,215,81,341,428,782,784
2017-01-13 21:46:09,682,216,81,341,428,782,784
2017-01-13 21:46:10,686,217,81,342,429,782,784
2017-01-13 21:46:11,688,218,81,343,429,782,784
2017-01-13 21:46:12,691,219,81,343,429,782,784
2017-01-13 21:46:13,694,220,81,344,429,782,784
2017-01-13 21:46:14,697,221,81,345,429,782,784
2017-01-13 21:46:15,700,222,81,346,430,782,784
2017-01-13 21:46:16,703,223,81,347,430,782,784
2017-01-13 21:46:17,707,224,81,347,430,782,784
2017-01-13 21:46:18,709,225,81,348,430,782,784
2017-01-13 21:46:19,711,226,81,349,430,782,784
2017-01-13 21:46:20,716,227,81,349,430,782,784
2017-01-13 21:46:21,718,228,81,350,430,782,784
2017-01-13 21:46:22,720,229,81,351,431,782,784
2017-01-13 21:46:23,725,230,81,352,431,782,784
2017-01-13 21:46:24,727,231,81,352,431,782,784
2017-01-13 21:46:25,730,232,81,353,431,782,784
2017-01-13 21:46:26,734,233,81,354,431,782,784
2017-01-13 21:46:27,735,234,81,355,431,782,784
2017-01-13 21:46:28,740,235,81,355,431,782,784
2017-01-13 21:46:29,743,236,81,356,431,782,784
2017-01-13 21:46:30,746,237,81,357,431,782,784
2017-01-13 21:46:31,749,238,81,358,431,782,784
2017-01-13 21:46:32,752,239,81,358,431,782,784
2017-01-13 21:46:33,755,240,81,359,432,782,784
2017-01-13 21:46:34,759,241,81,360,432,782,784
2017-01-13 21:46:35,760,242,81,360,432,782,784
2017-01-13 21:46:36,764,243,81,361,432,782,784
2017-01-13 21:46:37,767,244,81,362,432,782,784
2017-01-13 21:46:38,769,245,81,363,433,782,784
2017-01-13 21:46:39,774,246,81,363,433,782,784
2017-01-13 21:46:40,778,247,81,364,433,782,784
2017-01-13 21:46:41,780,248,81,365,433,782,784
2017-01-13 21:46:42,781,249,81,365,434,782,784
2017-01-13 21:46:43,786,250,81,366,434,782,784
2017-01-13 21:46:44,787,251,81,367,434,782,784
2017-01-13 21:46:45,792,252,81,367,434,782,784
2017-01-13 21:46:46,794,253,81,368,433,782,784
2017-01-13 21:46:47,798,254,81,369,433,782,784
2017-01-13 21:46:48,800,255,81,369,433,782,784
2017-01-13 21:46:49,801,256,81,370,433,782,784
2017-01-13 21:46:50,806,257,81,371,433,782,784
2017-01-13 21:46:51,810,258,81,371,433,782,784
2017-01-13 21:46:52,813,259,81,372,433,782,784
2017-01-13 21:46:53,817,260,81,373,434,782,784
2017-01-13 21:46:54,819,261,81,373,434,782,784
2017-01-13 21:46:55,822,262,81,374,434,782,784
2017-01-13 21:46:56,826,263,81,375,434,782,784
2017-01-13 21:46:57,829,264,81,375,434,782,784
2017-01-13 21:46:58,832,265,81,376,435,782,784
2017-01-13 21:46:59,835,266,81,377,435,782,784
2017-01-13 21:47:00,839,267,81,377,435,782,784
2017-01-13 21:47:01,842,268,81,378,436,782,784
2017-01-13 21:47:02,846,269,81,379,436,782,784
2017-01-13 21:47:03,847,270,81,379,437,782,784
2017-01-13 21:47:04,849,271,81,380,437,782,784
2017-01-13 21:47:05,852,272,81,381,437,782,784
2017-01-13 21:47:06,852,273,81,381,437,782,784
2017-01-13 21:47:07,853,274,81,382,437,782,784
2017-01-13 21:47:08,853,275,81,382,438,782,784
2017-01-13 21:47:09,854,276,81,383,438,782,784
2017-01-13 21:47:10,854,277,81,384,439,782,784
2017-01-13 21:47:11,855,278,81,384,439,782,784
2017-01-13 21:47:12,857,279,81,385,439,782,784
2017-01-13 21:47:13,861,280,81,386,439,782,784
2017-01-13 21:47:14,864,281,81,386,439,782,784
2017-01-13 21:47:15,868,282,81,387,439,782,784
2017-01-13 21:47:16,870,283,81,388,439,782,784
2017-01-13 21:47:17,873,284,81,388,440,782,784
2017-01-13 21:47:18,875,286,81,389,440,782,784
2017-01-13 21:47:19,879,287,81,389,440,782,784
2017-01-13 21:47:20,882,288,81,390,440,782,784
2017-01-13 21:47:21,885,289,81,391,440,782,784
2017-01-13 21:47:22,888,290,81,391,441,782,784
2017-01-13 21:47:23,891,291,81,392,441,782,784
2017-01-13 21:47:24,893,292,81,393,441,782,784
2017-01-13 21:47:25,897,293,81,393,441,782,784
2017-01-13 21:47:26,900,294,81,394,441,782,784
2017-01-13 21:47:27,901,295,81,394,441,782,784
2017-01-13 21:47:28,905,296,81,395,441,782,784
2017-01-13 21:47:29,909,297,81,396,441,782,784
2017-01-13 21:47:30,913,298,81,396,441,782,784
2017-01-13 21:47:31,916,299,81,397,441,782,784
2017-01-13 21:47:32,918,300,81,398,441,782,784
2017-01-13 21:47:33,922,301,81,398,441,782,784
2017-01-13 21:47:34,924,302,81,399,441,782,784
2017-01-13 21:47:35,926,303,81,399,441,782,784
2017-01-13 21:47:36,931,304,81,400,441,782,784
2017-01-13 21:47:37,934,305,81,401,441,782,784
2017-01-13 21:47:38,937,306,81,401,441,782,784
2017-01-13 21:47:39,940,307,81,402,441,782,784
2017-01-13 21:47:40,944,308,81,402,441,782,784
2017-01-13 21:47:41,946,309,81,403,442,782,784
2017-01-13 21:47:42,949,310,81,403,442,782,784
2017-01-13 21:47:43,951,311,81,404,442,782,784
2017-01-13 21:47:44,953,312,81,405,442,782,784
2017-01-13 21:47:45,954,313,81,405,443,782,784
2017-01-13 21:47:46,956,314,81,406,443,782,784
2017-01-13 21:47:47,963,315,81,407,443,782,784
2017-01-13 21:47:48,968,316,81,407,443,782,784
2017-01-13 21:47:49,971,317,81,408,443,782,784
2017-01-13 21:47:50,972,318,81,408,444,782,784
2017-01-13 21:47:51,977,319,81,409,444,782,784
2017-01-13 21:47:52,980,320,81,409,444,782,784
2017-01-13 21:47:53,983,321,81,410,444,782,784
2017-01-13 21:47:54,986,322,81,410,444,782,784
2017-01-13 21:47:55,989,323,81,411,444,782,784
2017-01-13 21:47:56,992,324,81,411,444,782,784
2017-01-13 21:47:57,996,325,81,412,445,782,784
2017-01-13 21:47:58,998,326,81,413,445,782,784
2017-01-13 21:48:00,001,327,81,413,445,782,784
2017-01-13 21:48:01,005,328,81,414,445,782,784
2017-01-13 21:48:02,009,329,81,414,445,782,784
2017-01-13 21:48:03,011,330,81,415,445,782,784
2017-01-13 21:48:04,016,331,81,416,446,782,784
2017-01-13 21:48:05,017,332,81,416,446,782,784
2017-01-13 21:48:06,020,333,81,417,446,782,784
2017-01-13 21:48:07,023,334,81,417,446,782,784
2017-01-13 21:48:08,026,335,81,418,446,782,784
2017-01-13 21:48:09,029,336,81,418,446,782,784
2017-01-13 21:48:10,032,337,81,419,446,782,784
2017-01-13 21:48:11,035,338,81,419,446,782,784
2017-01-13 21:48:12,038,339,81,420,446,782,784
2017-01-13 21:48:13,040,340,81,420,446,782,784
2017-01-13 21:48:14,044,341,81,421,447,782,784
2017-01-13 21:48:15,047,342,81,421,447,782,784
2017-01-13 21:48:16,051,343,81,422,447,782,784
2017-01-13 21:48:17,053,344,81,423,447,782,784
2017-01-13 21:48:18,057,345,81,423,447,782,784
2017-01-13 21:48:19,060,346,81,424,447,782,784
2017-01-13 21:48:20,064,347,81,424,447,782,784
2017-01-13 21:48:21,066,348,81,425,447,782,784
2017-01-13 21:48:22,069,349,81,425,447,782,784
2017-01-13 21:48:23,071,350,81,426,447,782,784
2017-01-13 21:48:24,072,351,81,426,447,782,784
2017-01-13 21:48:25,078,352,81,427,447,782,784
2017-01-13 21:48:26,082,353,81,427,447,782,784
2017-01-13 21:48:27,084,354,81,428,448,782,784
2017-01-13 21:48:28,087,355,81,428,448,782,784
2017-01-13 21:48:29,090,356,81,429,448,782,784
2017-01-13 21:48:30,093,357,81,429,448,782,784
2017-01-13 21:48:31,096,358,81,430,448,782,784
2017-01-13 21:48:32,099,359,81,431,448,782,784
2017-01-13 21:48:33,103,360,81,431,449,782,784
2017-01-13 21:48:34,104,361,81,432,449,782,784
2017-01-13 21:48:35,108,362,81,432,449,782,784
2017-01-13 21:48:36,111,363,81,432,449,782,784
2017-01-13 21:48:37,115,364,81,433,449,782,784
2017-01-13 21:48:38,118,365,81,433,449,782,784
2017-01-13 21:48:39,121,366,81,434,449,782,784
2017-01-13 21:48:40,122,367,81,435,449,782,784
2017-01-13 21:48:41,126,368,81,435,449,782,784
2017-01-13 21:48:42,130,369,81,436,449,782,784
2017-01-13 21:48:43,132,370,81,436,449,782,784
2017-01-13 21:48:44,136,371,81,437,449,782,784
2017-01-13 21:48:45,140,372,81,437,449,782,784
2017-01-13 21:48:46,144,373,81,438,449,782,784
2017-01-13 21:48:47,145,374,81,438,449,782,784
2017-01-13 21:48:48,149,375,81,439,449,782,784
2017-01-13 21:48:49,151,376,81,439,450,782,784
2017-01-13 21:48:50,154,377,81,440,450,782,784
2017-01-13 21:48:51,159,378,81,440,450,782,784
2017-01-13 21:48:52,164,379,81,441,450,782,784
2017-01-13 21:48:53,167,380,81,441,450,782,784
2017-01-13 21:48:54,170,381,81,442,450,782,784
2017-01-13 21:48:55,173,382,81,442,450,782,784
2017-01-13 21:48:56,173,383,81,442,450,782,784
2017-01-13 21:48:57,176,384,81,443,451,782,784
2017-01-13 21:48:58,179,385,81,444,451,782,784
2017-01-13 21:48:59,180,386,81,444,451,782,784
2017-01-13 21:49:00,184,387,81,444,451,782,784
2017-01-13 21:49:01,188,388,81,445,451,782,784
2017-01-13 21:49:02,191,389,81,445,451,782,784
2017-01-13 21:49:03,194,390,81,446,452,782,784
2017-01-13 21:49:04,197,391,81,446,452,782,784
2017-01-13 21:49:05,200,392,81,447,452,782,784
2017-01-13 21:49:06,204,393,81,447,452,782,784
2017-01-13 21:49:07,206,394,81,448,452,782,784
2017-01-13 21:49:08,209,395,81,448,453,782,784
2017-01-13 21:49:09,212,396,81,449,453,782,784
2017-01-13 21:49:10,216,397,81,449,453,782,784
2017-01-13 21:49:11,218,398,81,450,452,782,784
2017-01-13 21:49:12,222,399,81,450,452,782,784
2017-01-13 21:49:13,224,400,81,450,452,782,784
2017-01-13 21:49:14,228,401,81,451,453,782,784
2017-01-13 21:49:15,231,402,81,451,452,782,784
2017-01-13 21:49:16,234,403,81,452,453,782,784
2017-01-13 21:49:17,237,404,81,452,453,782,784
2017-01-13 21:49:18,241,405,81,453,453,782,784
2017-01-13 21:49:19,243,406,81,453,453,782,784
2017-01-13 21:49:20,246,407,81,454,453,782,784
2017-01-13 21:49:21,249,408,81,454,454,782,784
2017-01-13 21:49:22,252,409,81,455,454,782,784
2017-01-13 21:49:23,255,410,81,455,454,782,784
2017-01-13 21:49:24,258,411,81,455,454,782,784
2017-01-13 21:49:25,262,412,81,456,454,782,784
2017-01-13 21:49:26,266,413,81,456,454,782,784
2017-01-13 21:49:27,267,414,81,457,454,782,784
2017-01-13 21:49:28,271,415,81,457,454,782,784
2017-01-13 21:49:29,274,416,81,458,455,782,784
2017-01-13 21:49:30,278,417,81,458,455,782,784
2017-01-13 21:49:31,279,418,81,459,455,782,784
2017-01-13 21:49:32,283,419,81,459,456,782,784
2017-01-13 21:49:33,286,420,81,460,456,782,784
2017-01-13 21:49:34,291,421,81,460,456,782,784
2017-01-13 21:49:35,294,422,81,460,456,782,784
2017-01-13 21:49:36,295,423,81,461,456,782,784
2017-01-13 21:49:37,297,424,81,461,457,782,784
2017-01-13 21:49:38,301,425,81,462,457,782,784
2017-01-13 21:49:39,302,426,81,462,457,782,784
2017-01-13 21:49:40,307,427,81,463,457,782,784
2017-01-13 21:49:41,312,428,81,463,457,782,784
2017-01-13 21:49:42,312,429,81,464,457,782,784
2017-01-13 21:49:43,316,430,81,464,458,782,784
2017-01-13 21:49:44,320,431,81,464,458,782,784
2017-01-13 21:49:45,323,432,81,465,458,782,784
2017-01-13 21:49:46,326,433,81,465,458,782,784
2017-01-13 21:49:47,328,434,81,466,458,782,784
2017-01-13 21:49:48,332,435,81,466,458,782,784
2017-01-13 21:49:49,335,436,81,466,458,782,784
2017-01-13 21:49:50,338,437,81,467,458,782,784
2017-01-13 21:49:51,341,438,81,467,458,782,784
2017-01-13 21:49:52,344,439,81,468,458,782,784
2017-01-13 21:49:53,347,440,81,468,457,782,784
2017-01-13 21:49:54,351,441,81,468,457,782,784
2017-01-13 21:49:55,353,442,81,469,457,782,784
2017-01-13 21:49:56,356,443,81,469,457,782,784
2017-01-13 21:49:57,361,444,81,470,457,782,784
2017-01-13 21:49:58,366,445,81,470,457,782,784
2017-01-13 21:49:59,367,446,81,471,458,782,784
2017-01-13 21:50:00,369,447,81,471,458,782,784
2017-01-13 21:50:01,372,448,81,471,458,782,784
2017-01-13 21:50:02,375,449,81,472,458,782,784
2017-01-13 21:50:03,378,450,81,472,459,782,784
2017-01-13 21:50:04,379,451,81,473,459,782,784
2017-01-13 21:50:05,383,452,81,473,459,782,784
2017-01-13 21:50:06,387,453,81,474,459,782,784
2017-01-13 21:50:07,389,454,81,474,460,782,784
2017-01-13 21:50:08,393,455,81,474,460,782,784
2017-01-13 21:50:09,396,456,81,475,460,782,784
2017-01-13 21:50:10,399,457,81,475,460,782,784
2017-01-13 21:50:11,402,458,81,476,460,782,784
2017-01-13 21:50:12,404,459,81,476,460,782,784
2017-01-13 21:50:13,408,460,81,477,461,782,784
2017-01-13 21:50:14,411,461,81,477,461,782,784
2017-01-13 21:50:15,412,462,81,477,461,782,784
2017-01-13 21:50:16,413,463,81,478,461,782,784
2017-01-13 21:50:17,419,464,81,478,462,782,784
2017-01-13 21:50:18,419,465,81,479,462,782,784
2017-01-13 21:50:19,424,466,81,480,462,782,784
2017-01-13 21:50:20,429,467,81,480,462,782,784
2017-01-13 21:50:21,433,468,81,480,462,782,784
2017-01-13 21:50:22,435,469,81,481,462,782,784
2017-01-13 21:50:23,439,470,81,481,462,782,784
2017-01-13 21:50:24,441,471,81,482,463,782,784
2017-01-13 21:50:25,443,472,81,482,462,782,784
2017-01-13 21:50:26,447,473,81,483,463,782,784
2017-01-13 21:50:27,451,474,81,483,463,782,784
2017-01-13 21:50:28,453,475,81,483,463,782,784
2017-01-13 21:50:29,458,476,81,484,463,782,784
2017-01-13 21:50:30,461,477,81,484,463,782,784
2017-01-13 21:50:31,464,478,81,485,464,782,784
2017-01-13 21:50:32,466,479,81,485,463,782,784
2017-01-13 21:50:33,467,480,81,485,464,782,784
2017-01-13 21:50:34,473,481,81,486,464,782,784
2017-01-13 21:50:35,474,482,81,486,464,782,784
2017-01-13 21:50:36,476,483,81,487,464,782,784
2017-01-13 21:50:37,478,484,81,487,464,782,784
2017-01-13 21:50:38,481,485,81,488,464,782,784
2017-01-13 21:50:39,483,486,81,488,465,782,784
2017-01-13 21:50:40,484,487,81,489,465,782,784
2017-01-13 21:50:41,486,488,81,489,465,782,784
2017-01-13 21:50:42,487,489,81,489,465,782,784
2017-01-13 21:50:43,488,490,81,490,465,782,784
2017-01-13 21:50:44,488,491,81,490,466,782,784
2017-01-13 21:50:45,490,492,81,491,466,782,784
2017-01-13 21:50:46,491,493,81,491,466,782,784
2017-01-13 21:50:47,491,494,81,492,466,782,784
2017-01-13 21:50:48,493,495,81,492,466,782,784
2017-01-13 21:50:49,495,496,81,493,465,782,784
2017-01-13 21:50:50,495,497,81,493,465,782,784
2017-01-13 21:50:51,498,498,81,493,466,782,784
2017-01-13 21:50:52,499,499,81,494,466,782,784
2017-01-13 21:50:53,500,500,81,494,466,782,784
2017-01-13 21:50:54,501,501,81,495,466,782,784
2017-01-13 21:50:55,504,502,81,495,467,782,784
2017-01-13 21:50:56,507,503,81,496,467,782,784
2017-01-13 21:50:57,509,504,81,496,467,782,784
2017-01-13 21:50:58,513,505,81,497,466,782,784
2017-01-13 21:50:59,516,506,81,497,467,782,784
2017-01-13 21:51:00,519,507,81,498,467,782,784
2017-01-13 21:51:01,522,508,81,498,467,782,784
2017-01-13 21:51:02,526,509,81,499,467,782,784
2017-01-13 21:51:03,528,510,81,499,466,782,784
2017-01-13 21:51:04,531,511,81,499,466,782,784
2017-01-13 21:51:05,534,512,81,500,466,782,784
2017-01-13 21:51:06,537,513,81,500,466,782,784
2017-01-13 21:51:07,540,514,81,501,465,782,784
2017-01-13 21:51:08,543,515,81,501,465,782,784
2017-01-13 21:51:09,547,516,81,501,464,782,784
2017-01-13 21:51:10,550,517,81,502,464,782,784
2017-01-13 21:51:11,553,518,81,502,464,782,784
2017-01-13 21:51:12,556,519,81,503,463,782,784
2017-01-13 21:51:13,559,520,81,503,463,782,784
2017-01-13 21:51:14,562,521,81,503,463,782,784
2017-01-13 21:51:15,565,522,81,504,463,782,784
2017-01-13 21:51:16,568,523,81,504,462,782,784
2017-01-13 21:51:17,572,524,81,505,462,782,784
2017-01-13 21:51:18,574,525,81,505,461,782,784
2017-01-13 21:51:19,577,526,81,505,461,782,784
2017-01-13 21:51:20,580,527,81,505,460,782,784
2017-01-13 21:51:21,583,528,81,506,459,782,784
2017-01-13 21:51:22,586,529,81,506,459,782,784
2017-01-13 21:51:23,590,530,81,506,458,782,784
2017-01-13 21:51:24,591,531,81,506,457,782,784
2017-01-13 21:51:25,595,532,81,507,456,782,784
2017-01-13 21:51:26,599,533,81,507,456,782,784
2017-01-13 21:51:27,601,534,81,507,456,782,784
2017-01-13 21:51:28,604,535,81,508,455,782,784
2017-01-13 21:51:29,608,536,81,508,455,782,784
2017-01-13 21:51:30,610,537,81,508,454,782,784
2017-01-13 21:51:31,614,538,81,508,453,782,784
2017-01-13 21:51:32,618,539,81,509,452,782,784
2017-01-13 21:51:33,619,540,81,509,452,782,784
2017-01-13 21:51:34,623,541,81,509,451,782,784
2017-01-13 21:51:35,626,542,81,509,450,782,784
2017-01-13 21:51:36,629,543,81,509,450,782,784
2017-01-13 21:51:37,632,544,81,510,449,782,784
2017-01-13 21:51:38,635,545,81,510,449,782,784
2017-01-13 21:51:39,638,546,81,510,448,782,784
2017-01-13 21:51:40,641,547,81,510,448,782,784
2017-01-13 21:51:41,644,548,81,510,448,782,784
2017-01-13 21:51:42,647,549,81,511,448,782,784
2017-01-13 21:51:43,650,550,81,511,447,782,784
2017-01-13 21:51:44,651,551,81,511,447,782,784
2017-01-13 21:51:45,656,552,81,511,447,782,784
2017-01-13 21:51:46,658,553,81,511,447,782,784
2017-01-13 21:51:47,662,554,81,511,447,782,784
2017-01-13 21:51:48,666,555,81,512,447,782,784
2017-01-13 21:51:49,669,556,81,512,447,782,784
2017-01-13 21:51:50,672,557,81,512,448,782,784
2017-01-13 21:51:51,675,558,81,512,448,782,784
2017-01-13 21:51:52,678,559,81,512,448,782,784
2017-01-13 21:51:53,681,560,81,512,449,782,784
2017-01-13 21:51:54,684,561,81,512,449,782,784
2017-01-13 21:51:55,687,562,81,513,448,782,784
2017-01-13 21:51:56,690,563,81,513,448,782,784
2017-01-13 21:51:57,692,564,81,513,448,782,784
2017-01-13 21:51:58,694,565,81,513,448,782,784
2017-01-13 21:51:59,697,566,81,513,448,782,784
2017-01-13 21:52:00,702,567,81,513,447,782,784
2017-01-13 21:52:01,706,568,81,513,447,782,784
2017-01-13 21:52:02,708,569,81,513,446,782,784
2017-01-13 21:52:03,708,570,81,514,445,782,784
2017-01-13 21:52:04,714,571,81,514,445,782,784
2017-01-13 21:52:05,715,572,81,514,444,782,784
2017-01-13 21:52:06,721,573,81,514,443,782,784
2017-01-13 21:52:07,724,574,81,514,443,782,784
2017-01-13 21:52:08,727,575,81,514,442,782,784
2017-01-13 21:52:09,730,576,81,514,441,782,784
2017-01-13 21:52:10,732,577,81,514,440,782,784
2017-01-13 21:52:11,736,578,81,514,439,782,784
2017-01-13 21:52:12,739,579,81,514,439,782,784
2017-01-13 21:52:13,742,580,81,514,439,782,784
2017-01-13 21:52:14,743,581,81,514,438,782,784
2017-01-13 21:52:15,748,582,81,514,438,782,784
2017-01-13 21:52:16,751,583,81,514,437,782,784
2017-01-13 21:52:17,754,584,81,514,437,782,784
2017-01-13 21:52:18,758,585,81,514,437,782,784
2017-01-13 21:52:19,760,586,81,514,436,782,784
2017-01-13 21:52:20,765,587,81,515,436,782,784
2017-01-13 21:52:21,767,588,81,515,435,782,784
2017-01-13 21:52:22,770,589,81,515,435,782,784
2017-01-13 21:52:23,773,590,81,515,435,782,784
2017-01-13 21:52:24,776,591,81,515,434,782,784
2017-01-13 21:52:25,779,592,81,515,434,782,784
2017-01-13 21:52:26,782,593,81,515,434,782,784
2017-01-13 21:52:27,785,594,81,515,433,782,784
2017-01-13 21:52:28,788,595,81,515,433,782,784
2017-01-13 21:52:29,790,596,81,515,433,782,784
2017-01-13 21:52:30,794,597,81,515,433,782,784
2017-01-13 21:52:31,797,598,81,515,432,782,784
2017-01-13 21:52:32,800,599,81,515,432,782,784
2017-01-13 21:52:33,803,600,81,515,432,782,784
2017-01-13 21:52:34,807,601,81,515,432,782,784
2017-01-13 21:52:35,809,602,81,515,432,782,784
2017-01-13 21:52:36,813,603,81,515,432,782,784
2017-01-13 21:52:37,815,604,81,515,432,782,784
2017-01-13 21:52:38,819,605,81,515,431,782,784
2017-01-13 21:52:39,822,606,81,516,431,782,784
2017-01-13 21:52:40,824,607,81,516,431,782,784
2017-01-13 21:52:41,828,608,81,516,431,782,784
2017-01-13 21:52:42,831,609,81,516,431,782,784
2017-01-13 21:52:43,834,610,81,516,430,782,784
2017-01-13 21:52:44,837,611,81,516,430,782,784
2017-01-13 21:52:45,838,612,81,516,429,782,783
2017-01-13 21:52:46,842,613,81,516,429,782,784
2017-01-13 21:52:47,845,614,81,516,428,782,784
2017-01-13 21:52:48,849,615,81,516,428,782,784
2017-01-13 21:52:49,852,616,81,516,428,782,784
2017-01-13 21:52:50,856,617,81,516,428,782,784
2017-01-13 21:52:51,858,618,81,516,428,782,783
2017-01-13 21:52:52,862,619,81,516,428,782,784
2017-01-13 21:52:53,865,620,81,516,427,782,784
2017-01-13 21:52:54,868,621,81,516,427,782,784
2017-01-13 21:52:55,870,622,81,516,427,782,784
2017-01-13 21:52:56,875,624,81,516,427,782,784
2017-01-13 21:52:57,877,625,81,516,426,782,783
2017-01-13 21:52:58,880,626,81,516,426,782,784
2017-01-13 21:52:59,883,627,81,516,426,782,784
2017-01-13 21:53:00,887,628,81,516,425,782,784
2017-01-13 21:53:01,889,629,81,516,425,782,784
2017-01-13 21:53:02,892,630,81,516,425,782,784
2017-01-13 21:53:03,895,631,81,516,425,782,784
2017-01-13 21:53:04,898,632,81,516,425,782,784
2017-01-13 21:53:05,902,633,81,516,424,782,784
2017-01-13 21:53:06,903,634,81,516,424,782,784
2017-01-13 21:53:07,907,635,81,516,424,782,784
2017-01-13 21:53:08,910,636,81,516,424,782,784
2017-01-13 21:53:09,916,637,81,516,424,782,784
2017-01-13 21:53:10,917,638,81,516,423,782,784
2017-01-13 21:53:11,920,639,81,516,423,782,784
2017-01-13 21:53:12,922,640,81,516,423,782,784
2017-01-13 21:53:13,926,641,81,516,423,782,784
2017-01-13 21:53:14,929,642,81,515,423,782,784
2017-01-13 21:53:15,932,643,81,515,424,782,784
2017-01-13 21:53:16,937,644,81,513,424,782,784
2017-01-13 21:53:17,938,645,81,512,424,782,784
