2016-01-14 21:38:59,290,datetime,ms,seconds,ambient_temp,thermocouple_0_temp,thermocouple_1_temp,thermocouple_2_temp,thermocouple_3_temp
2016-01-14 21:39:04,325,5,71,442,403,787,788
2016-01-14 21:39:05,327,6,71,429,396,787,788
2016-01-14 21:39:06,333,7,71,418,390,787,788
2016-01-14 21:39:07,336,8,71,407,384,787,788
2016-01-14 21:39:08,341,9,71,398,379,787,788
2016-01-14 21:39:09,343,10,71,388,375,787,788
2016-01-14 21:39:10,347,11,71,379,371,787,788
2016-01-14 21:39:11,352,12,71,370,369,787,788
2016-01-14 21:39:12,355,13,71,361,367,787,788
2016-01-14 21:39:13,356,14,71,353,366,787,788
2016-01-14 21:39:14,358,15,71,346,365,787,788
2016-01-14 21:39:15,361,16,71,338,363,787,788
2016-01-14 21:39:16,363,17,71,331,362,787,788
2016-01-14 21:39:17,368,18,71,325,361,787,788
2016-01-14 21:39:18,372,19,71,318,360,787,788
2016-01-14 21:39:19,374,20,71,312,360,787,788
2016-01-14 21:39:20,375,21,71,307,359,787,788
2016-01-14 21:39:21,380,22,71,302,358,787,788
2016-01-14 21:39:22,383,23,71,297,357,787,788
2016-01-14 21:39:23,387,24,71,292,357,787,788
2016-01-14 21:39:24,391,25,71,288,356,787,788
2016-01-14 21:39:25,396,26,71,285,355,787,788
2016-01-14 21:39:26,400,27,71,280,355,787,788
2016-01-14 21:39:27,405,28,71,277,354,787,788
2016-01-14 21:39:28,408,29,71,273,354,787,788
2016-01-14 21:39:29,413,30,71,270,353,787,788
2016-01-14 21:39:30,418,31,71,267,353,787,788
2016-01-14 21:39:31,423,32,71,264,352,787,788
2016-01-14 21:39:32,424,33,71,261,352,787,788
2016-01-14 21:39:33,428,34,71,259,352,787,788
2016-01-14 21:39:34,428,35,71,257,351,787,788
2016-01-14 21:39:35,433,36,71,254,351,787,788
2016-01-14 21:39:36,437,37,71,252,351,787,788
2016-01-14 21:39:37,439,38,71,250,350,787,788
2016-01-14 21:39:38,440,39,71,248,350,787,788
2016-01-14 21:39:39,444,40,71,246,350,787,788
2016-01-14 21:39:40,449,41,71,244,350,787,788
2016-01-14 21:39:41,452,42,71,243,350,787,788
2016-01-14 21:39:42,455,43,71,241,350,787,788
2016-01-14 21:39:43,461,44,71,240,349,787,788
2016-01-14 21:39:44,461,45,71,239,349,787,788
2016-01-14 21:39:45,463,46,71,237,349,787,788
2016-01-14 21:39:46,468,47,71,236,349,787,788
2016-01-14 21:39:47,473,48,71,235,349,787,788
2016-01-14 21:39:48,476,49,71,234,348,787,788
2016-01-14 21:39:49,481,50,71,233,348,787,788
2016-01-14 21:39:50,485,51,71,232,348,787,788
2016-01-14 21:39:51,489,52,71,231,348,787,788
2016-01-14 21:39:52,493,53,71,230,348,787,788
2016-01-14 21:39:53,495,54,71,230,348,787,788
2016-01-14 21:39:54,497,55,71,229,348,787,788
2016-01-14 21:39:55,500,56,71,228,348,787,788
2016-01-14 21:39:56,505,57,71,228,348,787,788
2016-01-14 21:39:57,508,58,71,228,348,787,788
2016-01-14 21:39:58,509,59,71,227,348,787,788
2016-01-14 21:39:59,511,60,71,227,348,787,788
2016-01-14 21:40:00,515,61,71,227,348,787,788
2016-01-14 21:40:01,516,62,71,226,348,787,788
2016-01-14 21:40:02,518,63,71,226,348,787,788
2016-01-14 21:40:03,522,64,71,226,348,787,788
2016-01-14 21:40:04,523,65,71,226,348,787,788
2016-01-14 21:40:05,526,66,71,226,348,787,788
2016-01-14 21:40:06,529,67,71,226,349,787,788
2016-01-14 21:40:07,532,68,71,226,349,787,788
2016-01-14 21:40:08,538,69,71,226,350,787,788
2016-01-14 21:40:09,541,70,71,226,351,787,788
2016-01-14 21:40:10,546,71,71,226,352,787,788
2016-01-14 21:40:11,550,72,71,226,353,787,788
2016-01-14 21:40:12,554,73,71,226,354,787,788
2016-01-14 21:40:13,555,74,71,227,354,787,788
2016-01-14 21:40:14,556,75,71,227,355,787,788
2016-01-14 21:40:15,562,76,71,227,356,787,788
2016-01-14 21:40:16,565,77,71,227,356,787,788
2016-01-14 21:40:17,570,78,71,228,357,787,788
2016-01-14 21:40:18,570,79,71,228,358,787,788
2016-01-14 21:40:19,574,80,71,228,358,787,788
2016-01-14 21:40:20,576,81,71,229,359,787,788
2016-01-14 21:40:21,581,82,71,229,360,787,788
2016-01-14 21:40:22,585,83,71,229,360,787,788
2016-01-14 21:40:23,586,84,71,230,361,787,788
2016-01-14 21:40:24,590,85,71,230,362,787,788
2016-01-14 21:40:25,592,86,71,231,362,787,788
2016-01-14 21:40:26,595,87,71,231,363,787,788
2016-01-14 21:40:27,601,88,71,232,364,787,788
2016-01-14 21:40:28,606,89,71,232,364,787,788
2016-01-14 21:40:29,609,90,71,233,365,787,788
2016-01-14 21:40:30,610,91,71,233,365,787,788
2016-01-14 21:40:31,612,92,71,234,366,787,788
2016-01-14 21:40:32,616,93,71,234,367,787,788
2016-01-14 21:40:33,618,94,71,235,367,787,788
2016-01-14 21:40:34,622,95,71,236,368,787,788
2016-01-14 21:40:35,623,96,71,236,369,787,788
2016-01-14 21:40:36,626,97,71,236,369,787,788
2016-01-14 21:40:37,630,98,71,237,370,787,788
2016-01-14 21:40:38,630,99,71,238,370,787,788
2016-01-14 21:40:39,636,100,71,238,371,787,788
2016-01-14 21:40:40,638,101,71,239,371,787,788
2016-01-14 21:40:41,639,102,71,240,372,787,788
2016-01-14 21:40:42,644,103,71,240,372,787,788
2016-01-14 21:40:43,648,104,71,241,372,787,788
2016-01-14 21:40:44,651,105,71,242,373,787,788
2016-01-14 21:40:45,653,106,71,242,373,787,788
2016-01-14 21:40:46,658,107,71,243,374,787,788
2016-01-14 21:40:47,662,108,71,243,374,787,788
2016-01-14 21:40:48,664,109,71,244,375,787,788
2016-01-14 21:40:49,667,110,71,245,375,787,788
2016-01-14 21:40:50,669,111,71,245,375,787,788
2016-01-14 21:40:51,671,112,71,246,376,787,788
2016-01-14 21:40:52,676,113,71,247,376,787,788
2016-01-14 21:40:53,677,114,71,248,376,787,788
2016-01-14 21:40:54,679,115,71,248,377,787,788
2016-01-14 21:40:55,682,116,71,249,377,787,788
2016-01-14 21:40:56,683,117,71,250,378,787,788
2016-01-14 21:40:57,685,118,71,250,378,787,788
2016-01-14 21:40:58,686,119,71,251,378,787,788
2016-01-14 21:40:59,690,120,71,252,379,787,788
2016-01-14 21:41:00,694,121,71,252,379,787,788
2016-01-14 21:41:01,698,122,71,253,380,787,788
2016-01-14 21:41:02,699,123,71,253,380,787,788
2016-01-14 21:41:03,700,124,71,254,381,787,788
2016-01-14 21:41:04,705,125,71,255,381,787,788
2016-01-14 21:41:05,706,126,71,256,381,787,788
2016-01-14 21:41:06,709,127,71,256,381,787,788
2016-01-14 21:41:07,712,128,71,257,382,787,788
2016-01-14 21:41:08,717,129,71,258,382,787,788
2016-01-14 21:41:09,721,130,71,259,383,787,788
2016-01-14 21:41:10,726,131,71,259,383,787,788
2016-01-14 21:41:11,731,132,71,260,383,787,788
2016-01-14 21:41:12,736,133,71,261,384,787,788
2016-01-14 21:41:13,738,134,71,262,384,787,788
2016-01-14 21:41:14,740,135,71,262,385,787,788
2016-01-14 21:41:15,743,136,71,263,385,787,788
2016-01-14 21:41:16,747,137,71,264,385,787,788
2016-01-14 21:41:17,749,138,71,264,386,787,788
2016-01-14 21:41:18,753,139,71,265,386,787,788
2016-01-14 21:41:19,755,140,71,266,386,787,788
2016-01-14 21:41:20,757,141,71,266,387,787,788
2016-01-14 21:41:21,760,142,71,267,387,787,788
2016-01-14 21:41:22,765,143,71,268,387,787,788
2016-01-14 21:41:23,769,144,71,269,387,787,788
2016-01-14 21:41:24,771,145,71,269,388,787,788
2016-01-14 21:41:25,775,146,71,270,388,787,788
2016-01-14 21:41:26,778,147,71,271,388,787,788
2016-01-14 21:41:27,782,148,71,271,388,787,788
2016-01-14 21:41:28,784,149,71,272,389,787,788
2016-01-14 21:41:29,788,150,71,273,389,787,788
2016-01-14 21:41:30,792,151,71,274,389,787,788
2016-01-14 21:41:31,796,152,71,274,390,787,788
2016-01-14 21:41:32,801,153,71,275,390,787,788
2016-01-14 21:41:33,801,154,71,276,391,787,788
2016-01-14 21:41:34,804,155,71,277,391,787,788
2016-01-14 21:41:35,808,156,71,277,391,787,788
2016-01-14 21:41:36,811,157,71,278,392,787,788
2016-01-14 21:41:37,815,158,71,279,392,787,788
2016-01-14 21:41:38,816,159,71,279,392,787,788
2016-01-14 21:41:39,821,160,71,280,392,787,788
2016-01-14 21:41:40,823,161,71,281,393,787,788
2016-01-14 21:41:41,829,162,71,281,393,787,788
2016-01-14 21:41:42,832,163,71,282,394,787,788
2016-01-14 21:41:43,832,164,71,283,394,787,788
2016-01-14 21:41:44,833,165,71,284,394,787,788
2016-01-14 21:41:45,838,166,71,284,394,787,788
2016-01-14 21:41:46,839,167,71,285,395,787,788
2016-01-14 21:41:47,845,168,71,286,395,787,788
2016-01-14 21:41:48,851,169,71,287,396,787,788
2016-01-14 21:41:49,856,170,71,287,396,787,788
2016-01-14 21:41:50,861,171,71,288,396,787,788
2016-01-14 21:41:51,865,172,71,289,397,787,788
2016-01-14 21:41:52,868,173,71,289,397,787,788
2016-01-14 21:41:53,872,174,71,290,397,787,788
2016-01-14 21:41:54,875,175,71,291,397,787,788
2016-01-14 21:41:55,878,176,71,292,398,787,788
2016-01-14 21:41:56,881,177,71,292,398,787,788
2016-01-14 21:41:57,884,178,71,293,398,787,788
2016-01-14 21:41:58,888,179,71,293,399,787,788
2016-01-14 21:41:59,890,180,71,294,399,787,788
2016-01-14 21:42:00,891,181,71,295,399,787,788
2016-01-14 21:42:01,894,182,71,296,399,787,788
2016-01-14 21:42:02,898,183,71,296,400,787,788
2016-01-14 21:42:03,903,184,71,297,400,787,788
2016-01-14 21:42:04,905,185,71,298,400,787,788
2016-01-14 21:42:05,908,186,71,298,400,787,788
2016-01-14 21:42:06,910,187,71,299,401,787,788
2016-01-14 21:42:07,915,188,71,299,401,787,788
2016-01-14 21:42:08,920,189,71,300,401,787,788
2016-01-14 21:42:09,925,190,71,301,401,787,788
2016-01-14 21:42:10,930,191,71,302,402,787,788
2016-01-14 21:42:11,932,192,71,302,402,787,788
2016-01-14 21:42:12,936,193,71,303,402,787,788
2016-01-14 21:42:13,940,194,71,303,402,787,788
2016-01-14 21:42:14,944,195,71,304,402,787,788
2016-01-14 21:42:15,945,196,71,305,403,787,788
2016-01-14 21:42:16,946,197,71,305,403,787,788
2016-01-14 21:42:17,951,198,71,306,403,787,788
2016-01-14 21:42:18,952,199,71,307,403,787,788
2016-01-14 21:42:19,954,200,71,308,404,787,788
2016-01-14 21:42:20,958,201,71,308,404,787,788
2016-01-14 21:42:21,963,202,71,309,404,787,788
2016-01-14 21:42:22,966,203,71,310,404,787,788
2016-01-14 21:42:23,967,204,71,310,405,787,788
2016-01-14 21:42:24,970,205,71,311,405,787,788
2016-01-14 21:42:25,973,206,71,312,405,787,788
2016-01-14 21:42:26,979,207,71,312,405,787,788
2016-01-14 21:42:27,982,208,71,313,405,787,788
2016-01-14 21:42:28,987,209,71,314,406,787,788
2016-01-14 21:42:29,990,210,71,314,406,787,788
2016-01-14 21:42:30,995,211,71,315,406,787,788
2016-01-14 21:42:31,999,212,71,315,406,787,788
2016-01-14 21:42:33,001,213,71,316,407,787,788
2016-01-14 21:42:34,003,214,71,317,407,787,788
2016-01-14 21:42:35,006,215,71,317,407,787,788
2016-01-14 21:42:36,011,216,71,318,408,787,788
2016-01-14 21:42:37,014,217,71,319,408,787,788
2016-01-14 21:42:38,019,218,71,319,408,787,788
2016-01-14 21:42:39,023,219,71,320,408,787,788
2016-01-14 21:42:40,028,220,71,320,409,787,788
2016-01-14 21:42:41,032,221,71,321,409,787,788
2016-01-14 21:42:42,035,222,71,322,409,787,788
2016-01-14 21:42:43,039,223,71,322,410,787,788
2016-01-14 21:42:44,042,224,71,323,410,787,788
2016-01-14 21:42:45,045,225,71,324,410,787,788
2016-01-14 21:42:46,051,226,71,324,410,787,788
2016-01-14 21:42:47,057,227,71,325,411,787,788
2016-01-14 21:42:48,060,228,71,326,411,787,788
2016-01-14 21:42:49,065,229,71,326,411,787,788
2016-01-14 21:42:50,066,230,71,327,411,787,788
2016-01-14 21:42:51,068,231,71,327,411,787,788
2016-01-14 21:42:52,072,232,71,328,412,787,788
2016-01-14 21:42:53,075,233,71,329,412,787,788
2016-01-14 21:42:54,080,234,71,329,412,787,788
2016-01-14 21:42:55,085,235,71,330,413,787,788
2016-01-14 21:42:56,089,236,71,331,413,787,788
2016-01-14 21:42:57,090,237,71,331,413,787,788
2016-01-14 21:42:58,093,238,71,332,413,787,788
2016-01-14 21:42:59,096,239,71,333,414,787,788
2016-01-14 21:43:00,097,240,71,333,414,787,788
2016-01-14 21:43:01,099,241,71,334,414,787,788
2016-01-14 21:43:02,102,242,71,334,414,787,788
2016-01-14 21:43:03,104,243,71,335,415,787,788
2016-01-14 21:43:04,108,244,71,335,415,787,788
2016-01-14 21:43:05,109,245,71,336,415,787,788
2016-01-14 21:43:06,110,246,71,337,415,787,788
2016-01-14 21:43:07,112,247,71,337,415,787,788
2016-01-14 21:43:08,116,248,71,338,416,787,788
2016-01-14 21:43:09,118,249,71,338,416,787,788
2016-01-14 21:43:10,119,250,71,339,416,787,788
2016-01-14 21:43:11,123,251,71,340,416,787,788
2016-01-14 21:43:12,125,252,71,340,417,787,788
2016-01-14 21:43:13,127,253,71,341,417,787,788
2016-01-14 21:43:14,130,254,71,341,417,787,788
2016-01-14 21:43:15,134,255,71,342,417,787,788
2016-01-14 21:43:16,139,256,71,343,418,787,788
2016-01-14 21:43:17,141,257,71,343,418,787,788
2016-01-14 21:43:18,145,258,71,344,418,787,788
2016-01-14 21:43:19,149,259,71,344,418,787,788
2016-01-14 21:43:20,151,260,71,345,419,787,788
2016-01-14 21:43:21,154,261,71,345,419,787,788
2016-01-14 21:43:22,159,262,71,346,419,787,788
2016-01-14 21:43:23,163,263,71,347,419,787,788
2016-01-14 21:43:24,164,264,71,347,420,787,788
2016-01-14 21:43:25,168,265,71,348,420,787,788
2016-01-14 21:43:26,173,266,71,349,420,787,788
2016-01-14 21:43:27,176,267,71,349,421,787,788
2016-01-14 21:43:28,178,268,71,350,421,787,788
2016-01-14 21:43:29,179,269,71,350,421,787,788
2016-01-14 21:43:30,181,270,71,351,421,787,788
2016-01-14 21:43:31,185,271,71,351,422,787,788
2016-01-14 21:43:32,189,272,71,352,422,787,788
2016-01-14 21:43:33,194,273,71,353,422,787,788
2016-01-14 21:43:34,199,274,71,353,422,787,788
2016-01-14 21:43:35,202,275,71,354,423,787,788
2016-01-14 21:43:36,207,276,71,354,423,787,788
2016-01-14 21:43:37,211,277,71,355,423,787,788
2016-01-14 21:43:38,216,278,71,355,423,787,788
2016-01-14 21:43:39,219,279,71,356,424,787,788
2016-01-14 21:43:40,223,280,71,356,424,787,788
2016-01-14 21:43:41,227,281,71,357,424,787,788
2016-01-14 21:43:42,229,282,71,358,425,787,788
2016-01-14 21:43:43,234,283,71,358,425,787,788
2016-01-14 21:43:44,237,284,71,359,425,787,788
2016-01-14 21:43:45,238,285,71,359,426,787,788
2016-01-14 21:43:46,243,286,71,360,426,787,788
2016-01-14 21:43:47,247,287,71,360,426,787,788
2016-01-14 21:43:48,251,288,71,361,426,787,788
2016-01-14 21:43:49,254,289,71,361,426,787,788
2016-01-14 21:43:50,255,290,71,362,427,787,788
2016-01-14 21:43:51,258,291,71,362,427,787,788
2016-01-14 21:43:52,264,292,71,363,427,787,788
2016-01-14 21:43:53,267,293,71,364,427,787,788
2016-01-14 21:43:54,272,294,71,364,428,787,788
2016-01-14 21:43:55,275,295,71,365,428,787,788
2016-01-14 21:43:56,280,296,71,365,428,787,788
2016-01-14 21:43:57,284,297,71,366,429,787,788
2016-01-14 21:43:58,284,298,71,366,429,787,788
2016-01-14 21:43:59,287,299,71,367,429,787,788
2016-01-14 21:44:00,291,301,71,367,429,787,788
2016-01-14 21:44:01,293,302,71,368,429,787,788
2016-01-14 21:44:02,294,303,71,368,429,787,788
2016-01-14 21:44:03,298,304,71,369,430,787,788
2016-01-14 21:44:04,301,305,71,369,430,787,788
2016-01-14 21:44:05,306,306,71,370,430,787,788
2016-01-14 21:44:06,307,307,71,370,430,787,788
2016-01-14 21:44:07,312,308,71,371,431,787,788
2016-01-14 21:44:08,317,309,71,371,431,787,788
2016-01-14 21:44:09,317,310,71,372,431,787,788
2016-01-14 21:44:10,321,311,71,372,431,787,788
2016-01-14 21:44:11,326,312,71,373,432,787,788
2016-01-14 21:44:12,330,313,71,373,432,787,788
2016-01-14 21:44:13,332,314,71,373,432,787,788
2016-01-14 21:44:14,335,315,71,374,432,787,788
2016-01-14 21:44:15,337,316,71,374,433,787,788
2016-01-14 21:44:16,341,317,71,375,433,787,788
2016-01-14 21:44:17,345,318,71,375,434,787,788
2016-01-14 21:44:18,349,319,71,376,434,787,788
2016-01-14 21:44:19,354,320,71,376,434,787,788
2016-01-14 21:44:20,359,321,71,377,435,787,788
2016-01-14 21:44:21,362,322,71,377,435,787,788
2016-01-14 21:44:22,368,323,71,378,436,787,788
2016-01-14 21:44:23,371,324,71,379,436,787,788
2016-01-14 21:44:24,376,325,71,379,436,787,788
2016-01-14 21:44:25,379,326,71,379,437,787,788
2016-01-14 21:44:26,383,327,71,380,437,787,788
2016-01-14 21:44:27,388,328,71,381,437,787,788
2016-01-14 21:44:28,393,329,71,381,438,787,788
2016-01-14 21:44:29,396,330,71,382,438,787,788
2016-01-14 21:44:30,401,331,71,382,439,787,788
2016-01-14 21:44:31,405,332,71,383,439,787,788
2016-01-14 21:44:32,406,333,71,383,439,787,788
2016-01-14 21:44:33,410,334,71,384,439,787,788
2016-01-14 21:44:34,412,335,71,384,440,787,788
2016-01-14 21:44:35,416,336,71,385,440,787,788
2016-01-14 21:44:36,420,337,71,385,440,787,788
2016-01-14 21:44:37,422,338,71,386,440,787,788
2016-01-14 21:44:38,425,339,71,386,441,787,788
2016-01-14 21:44:39,429,340,71,387,441,787,788
2016-01-14 21:44:40,430,341,71,387,441,787,788
2016-01-14 21:44:41,433,342,71,388,441,787,788
2016-01-14 21:44:42,437,343,71,388,441,787,788
2016-01-14 21:44:43,438,344,71,389,442,787,788
2016-01-14 21:44:44,442,345,71,389,442,787,788
2016-01-14 21:44:45,447,346,71,389,442,787,788
2016-01-14 21:44:46,451,347,71,390,442,787,788
2016-01-14 21:44:47,456,348,71,391,442,787,788
2016-01-14 21:44:48,459,349,71,391,443,787,788
2016-01-14 21:44:49,465,350,71,392,443,787,788
2016-01-14 21:44:50,469,351,71,392,443,787,788
2016-01-14 21:44:51,472,352,71,393,444,787,788
2016-01-14 21:44:52,476,353,71,393,444,787,788
2016-01-14 21:44:53,481,354,71,394,444,787,788
2016-01-14 21:44:54,485,355,71,394,445,787,788
2016-01-14 21:44:55,490,356,71,394,445,787,788
2016-01-14 21:44:56,496,357,71,395,445,787,788
2016-01-14 21:44:57,501,358,71,396,446,787,788
2016-01-14 21:44:58,504,359,71,396,446,787,788
2016-01-14 21:44:59,509,360,71,397,446,787,788
2016-01-14 21:45:00,510,361,71,397,446,787,788
2016-01-14 21:45:01,516,362,71,397,447,787,788
2016-01-14 21:45:02,519,363,71,398,447,787,788
2016-01-14 21:45:03,524,364,71,398,447,787,788
2016-01-14 21:45:04,528,365,71,399,448,787,788
2016-01-14 21:45:05,533,366,71,399,448,787,788
2016-01-14 21:45:06,536,367,71,400,448,787,788
2016-01-14 21:45:07,542,368,71,400,448,787,788
2016-01-14 21:45:08,544,369,71,401,448,787,788
2016-01-14 21:45:09,548,370,71,401,448,787,788
2016-01-14 21:45:10,553,371,71,402,449,787,788
2016-01-14 21:45:11,558,372,71,403,449,787,788
2016-01-14 21:45:12,561,373,71,403,449,787,788
2016-01-14 21:45:13,566,374,71,404,449,787,788
2016-01-14 21:45:14,570,375,71,404,450,787,788
2016-01-14 21:45:15,574,376,71,405,450,787,788
2016-01-14 21:45:16,578,377,71,405,450,787,788
2016-01-14 21:45:17,579,378,71,406,450,787,788
2016-01-14 21:45:18,583,379,71,406,450,787,788
2016-01-14 21:45:19,585,380,71,406,450,787,788
2016-01-14 21:45:20,590,381,71,407,450,787,788
2016-01-14 21:45:21,593,382,71,407,451,787,788
2016-01-14 21:45:22,594,383,71,408,451,787,788
2016-01-14 21:45:23,594,384,71,409,451,787,788
2016-01-14 21:45:24,595,385,71,409,452,787,788
2016-01-14 21:45:25,599,386,71,409,452,787,788
2016-01-14 21:45:26,604,387,71,410,452,787,788
2016-01-14 21:45:27,608,388,71,410,452,787,788
2016-01-14 21:45:28,612,389,71,411,453,787,788
2016-01-14 21:45:29,616,390,71,411,453,787,788
2016-01-14 21:45:30,618,391,71,412,453,787,788
2016-01-14 21:45:31,620,392,71,412,453,787,788
2016-01-14 21:45:32,624,393,71,412,453,787,788
2016-01-14 21:45:33,627,394,71,413,453,787,788
2016-01-14 21:45:34,631,395,71,414,453,787,788
2016-01-14 21:45:35,632,396,71,414,454,787,788
2016-01-14 21:45:36,635,397,71,415,454,787,788
2016-01-14 21:45:37,640,398,71,415,454,787,788
2016-01-14 21:45:38,641,399,71,416,455,787,788
2016-01-14 21:45:39,646,400,72,416,455,787,788
2016-01-14 21:45:40,647,401,71,416,455,787,788
2016-01-14 21:45:41,649,402,71,417,455,787,788
2016-01-14 21:45:42,653,403,71,417,455,787,788
2016-01-14 21:45:43,657,404,71,418,456,787,788
2016-01-14 21:45:44,662,405,71,418,456,787,788
2016-01-14 21:45:45,663,406,71,419,456,787,788
2016-01-14 21:45:46,667,407,72,419,456,787,788
2016-01-14 21:45:47,671,408,71,420,456,787,788
2016-01-14 21:45:48,675,409,71,420,457,787,788
2016-01-14 21:45:49,680,410,71,421,457,787,788
2016-01-14 21:45:50,685,411,71,421,457,787,788
2016-01-14 21:45:51,686,412,71,422,457,787,788
2016-01-14 21:45:52,689,413,71,422,458,787,788
2016-01-14 21:45:53,694,414,71,423,458,787,788
2016-01-14 21:45:54,696,415,71,423,458,787,788
2016-01-14 21:45:55,701,416,71,423,458,787,788
2016-01-14 21:45:56,702,417,72,424,458,787,788
2016-01-14 21:45:57,708,418,72,425,459,787,788
2016-01-14 21:45:58,710,419,71,425,459,787,788
2016-01-14 21:45:59,715,420,72,425,459,787,788
2016-01-14 21:46:00,718,421,72,426,459,787,788
2016-01-14 21:46:01,724,422,71,426,459,787,788
2016-01-14 21:46:02,727,423,71,427,459,787,788
2016-01-14 21:46:03,729,424,72,427,459,787,788
2016-01-14 21:46:04,732,425,72,428,459,787,788
2016-01-14 21:46:05,734,426,72,428,459,787,788
2016-01-14 21:46:06,736,427,72,429,459,787,788
2016-01-14 21:46:07,738,428,72,429,459,787,788
2016-01-14 21:46:08,741,429,71,429,459,787,788
2016-01-14 21:46:09,742,430,72,430,459,787,788
2016-01-14 21:46:10,745,431,72,430,459,787,788
2016-01-14 21:46:11,748,432,72,431,459,787,788
2016-01-14 21:46:12,754,433,72,431,459,787,788
2016-01-14 21:46:13,756,434,72,432,459,787,788
2016-01-14 21:46:14,761,435,71,432,459,787,788
2016-01-14 21:46:15,765,436,72,432,459,787,788
2016-01-14 21:46:16,768,437,72,433,459,787,788
2016-01-14 21:46:17,773,438,72,433,459,787,788
2016-01-14 21:46:18,774,439,72,434,459,787,788
2016-01-14 21:46:19,775,440,72,434,460,787,788
2016-01-14 21:46:20,780,441,72,434,460,787,788
2016-01-14 21:46:21,785,442,72,435,461,787,788
2016-01-14 21:46:22,788,443,72,435,461,787,788
2016-01-14 21:46:23,793,444,72,436,461,787,788
2016-01-14 21:46:24,798,445,72,436,462,787,788
2016-01-14 21:46:25,803,446,72,437,462,787,788
2016-01-14 21:46:26,805,447,72,437,462,787,788
2016-01-14 21:46:27,810,448,72,437,462,787,788
2016-01-14 21:46:28,814,449,72,438,462,787,788
2016-01-14 21:46:29,816,450,72,439,462,787,788
2016-01-14 21:46:30,819,451,72,439,463,787,788
2016-01-14 21:46:31,821,452,72,439,463,787,788
2016-01-14 21:46:32,822,453,72,440,463,787,788
2016-01-14 21:46:33,828,454,72,440,463,787,788
2016-01-14 21:46:34,830,455,72,441,464,787,788
2016-01-14 21:46:35,833,456,72,441,464,787,788
2016-01-14 21:46:36,836,457,72,441,464,787,788
2016-01-14 21:46:37,841,458,72,442,464,787,788
2016-01-14 21:46:38,846,459,72,442,464,787,788
2016-01-14 21:46:39,851,460,72,442,465,787,788
2016-01-14 21:46:40,853,461,72,443,465,787,788
2016-01-14 21:46:41,854,462,72,443,465,787,788
2016-01-14 21:46:42,856,463,72,444,465,787,788
2016-01-14 21:46:43,860,464,72,444,466,787,788
2016-01-14 21:46:44,862,465,72,445,466,787,788
2016-01-14 21:46:45,863,466,72,445,466,787,788
2016-01-14 21:46:46,867,467,72,445,466,787,788
2016-01-14 21:46:47,868,468,72,446,467,787,788
2016-01-14 21:46:48,872,469,72,447,467,787,788
2016-01-14 21:46:49,874,470,72,447,467,787,788
2016-01-14 21:46:50,879,471,72,447,467,787,788
2016-01-14 21:46:51,882,472,72,448,468,787,788
2016-01-14 21:46:52,887,473,72,448,468,787,788
2016-01-14 21:46:53,891,474,72,449,468,787,788
2016-01-14 21:46:54,893,475,72,449,468,787,788
2016-01-14 21:46:55,896,476,72,450,469,787,788
2016-01-14 21:46:56,901,477,72,450,469,787,788
2016-01-14 21:46:57,902,478,72,450,469,787,788
2016-01-14 21:46:58,906,479,72,451,469,787,788
2016-01-14 21:46:59,911,480,72,451,470,787,788
2016-01-14 21:47:00,914,481,72,452,470,787,788
2016-01-14 21:47:01,916,482,72,452,470,787,788
2016-01-14 21:47:02,918,483,72,453,470,787,788
2016-01-14 21:47:03,921,484,72,453,470,787,788
2016-01-14 21:47:04,924,485,72,453,471,787,788
2016-01-14 21:47:05,926,486,72,454,471,787,788
2016-01-14 21:47:06,928,487,72,454,471,787,788
2016-01-14 21:47:07,933,488,72,454,471,787,788
2016-01-14 21:47:08,937,489,72,455,471,787,788
2016-01-14 21:47:09,938,490,72,455,472,787,788
2016-01-14 21:47:10,942,491,72,456,472,787,788
2016-01-14 21:47:11,946,492,72,456,472,787,788
2016-01-14 21:47:12,949,493,72,457,472,787,788
2016-01-14 21:47:13,952,494,72,457,473,787,788
2016-01-14 21:47:14,956,495,72,458,473,787,788
2016-01-14 21:47:15,961,496,72,458,473,787,788
2016-01-14 21:47:16,964,497,72,459,473,787,788
2016-01-14 21:47:17,969,498,72,459,474,787,788
2016-01-14 21:47:18,974,499,72,459,474,787,788
2016-01-14 21:47:19,978,500,72,460,474,787,788
2016-01-14 21:47:20,978,501,72,460,474,787,788
2016-01-14 21:47:21,979,502,72,461,475,787,788
2016-01-14 21:47:22,985,503,72,461,475,787,788
2016-01-14 21:47:23,988,504,72,462,475,787,788
2016-01-14 21:47:24,993,505,72,462,475,787,788
2016-01-14 21:47:25,995,506,72,462,475,787,788
2016-01-14 21:47:26,995,507,72,463,476,787,788
2016-01-14 21:47:28,000,508,72,463,476,787,788
2016-01-14 21:47:29,002,509,72,464,476,787,788
2016-01-14 21:47:30,008,510,72,464,476,787,788
2016-01-14 21:47:31,012,511,72,465,477,787,788
2016-01-14 21:47:32,017,512,72,465,477,787,788
2016-01-14 21:47:33,020,513,72,466,477,787,788
2016-01-14 21:47:34,024,514,72,466,477,787,788
2016-01-14 21:47:35,030,515,72,467,477,787,788
2016-01-14 21:47:36,034,516,72,467,478,787,788
2016-01-14 21:47:37,036,517,72,467,478,787,788
2016-01-14 21:47:38,038,518,72,468,478,787,788
2016-01-14 21:47:39,041,519,72,468,478,787,788
2016-01-14 21:47:40,044,520,72,469,478,787,788
2016-01-14 21:47:41,049,521,72,469,478,787,788
2016-01-14 21:47:42,054,522,72,470,479,787,788
2016-01-14 21:47:43,059,523,72,470,479,787,788
2016-01-14 21:47:44,060,524,72,471,479,787,788
2016-01-14 21:47:45,065,525,72,471,479,787,788
2016-01-14 21:47:46,065,526,72,471,480,787,788
2016-01-14 21:47:47,067,527,72,471,480,787,788
2016-01-14 21:47:48,071,528,72,472,480,787,788
2016-01-14 21:47:49,075,529,72,472,480,787,788
2016-01-14 21:47:50,079,530,72,473,480,787,788
2016-01-14 21:47:51,080,531,72,473,481,787,788
2016-01-14 21:47:52,085,532,72,473,481,787,788
2016-01-14 21:47:53,089,533,72,474,481,787,788
2016-01-14 21:47:54,091,534,72,474,481,787,788
2016-01-14 21:47:55,094,535,72,475,482,787,788
2016-01-14 21:47:56,095,536,72,475,482,787,788
2016-01-14 21:47:57,099,537,72,475,482,787,788
2016-01-14 21:47:58,104,538,72,476,482,787,788
2016-01-14 21:47:59,105,539,72,476,483,787,788
2016-01-14 21:48:00,110,540,72,477,483,787,788
2016-01-14 21:48:01,114,541,72,477,483,787,788
2016-01-14 21:48:02,118,542,72,477,484,787,788
2016-01-14 21:48:03,123,543,72,478,484,787,788
2016-01-14 21:48:04,126,544,72,478,485,787,788
2016-01-14 21:48:05,131,545,72,479,485,787,788
2016-01-14 21:48:06,136,546,72,479,485,787,788
2016-01-14 21:48:07,137,547,72,479,486,787,788
2016-01-14 21:48:08,140,548,72,480,486,787,788
2016-01-14 21:48:09,145,549,72,480,486,787,788
2016-01-14 21:48:10,151,550,72,480,486,787,788
2016-01-14 21:48:11,154,551,72,480,487,787,788
2016-01-14 21:48:12,159,552,72,481,487,787,788
2016-01-14 21:48:13,162,553,72,481,487,787,788
2016-01-14 21:48:14,167,554,72,482,487,787,788
2016-01-14 21:48:15,172,555,72,482,487,787,788
2016-01-14 21:48:16,175,556,72,483,488,787,788
2016-01-14 21:48:17,179,557,72,483,488,787,788
2016-01-14 21:48:18,179,558,72,483,488,787,788
2016-01-14 21:48:19,181,559,72,484,488,787,788
2016-01-14 21:48:20,186,560,72,484,488,787,788
2016-01-14 21:48:21,191,561,72,484,489,787,788
2016-01-14 21:48:22,195,562,72,484,489,787,788
2016-01-14 21:48:23,197,563,72,485,489,787,788
2016-01-14 21:48:24,201,564,72,485,489,787,788
2016-01-14 21:48:25,202,565,72,485,489,787,788
2016-01-14 21:48:26,207,566,72,486,489,787,788
2016-01-14 21:48:27,211,567,72,486,489,787,788
2016-01-14 21:48:28,212,568,72,486,490,787,788
2016-01-14 21:48:29,215,569,72,486,490,787,788
2016-01-14 21:48:30,217,570,72,487,490,787,788
2016-01-14 21:48:31,218,571,72,487,490,787,788
2016-01-14 21:48:32,219,572,72,487,490,787,788
2016-01-14 21:48:33,223,573,72,487,490,787,788
2016-01-14 21:48:34,228,574,72,488,491,787,788
2016-01-14 21:48:35,232,575,72,488,491,787,788
2016-01-14 21:48:36,233,576,72,488,491,787,788
2016-01-14 21:48:37,234,577,72,488,491,787,788
2016-01-14 21:48:38,239,578,72,488,491,787,788
2016-01-14 21:48:39,243,579,72,488,492,787,788
2016-01-14 21:48:40,247,580,72,489,492,787,788
2016-01-14 21:48:41,251,581,72,489,492,787,788
2016-01-14 21:48:42,256,582,72,489,492,787,788
2016-01-14 21:48:43,258,583,72,489,492,787,788
2016-01-14 21:48:44,262,584,72,490,492,787,788
2016-01-14 21:48:45,267,585,72,490,492,787,788
2016-01-14 21:48:46,269,586,72,490,493,787,788
2016-01-14 21:48:47,271,587,72,491,493,787,788
2016-01-14 21:48:48,274,588,72,491,493,787,788
2016-01-14 21:48:49,278,589,72,491,493,787,788
2016-01-14 21:48:50,281,590,72,491,493,787,788
2016-01-14 21:48:51,286,591,72,492,493,787,788
2016-01-14 21:48:52,287,592,72,492,493,787,788
2016-01-14 21:48:53,289,593,72,492,493,787,788
2016-01-14 21:48:54,291,595,72,493,493,787,788
2016-01-14 21:48:55,294,596,72,493,493,787,788
2016-01-14 21:48:56,298,597,72,493,493,787,788
2016-01-14 21:48:57,302,598,72,493,494,787,788
2016-01-14 21:48:58,304,599,72,494,494,787,788
2016-01-14 21:48:59,307,600,72,494,494,787,788
2016-01-14 21:49:00,311,601,72,494,494,787,788
2016-01-14 21:49:01,311,602,72,494,494,787,788
2016-01-14 21:49:02,311,603,72,494,494,787,788
2016-01-14 21:49:03,316,604,72,495,494,787,788
2016-01-14 21:49:04,322,605,72,495,494,787,788
2016-01-14 21:49:05,326,606,72,495,494,787,788
2016-01-14 21:49:06,329,607,72,495,494,787,788
2016-01-14 21:49:07,333,608,72,496,494,787,788
2016-01-14 21:49:08,337,609,72,496,493,787,788
2016-01-14 21:49:09,341,610,72,496,493,787,788
2016-01-14 21:49:10,345,611,72,496,493,787,788
2016-01-14 21:49:11,345,612,72,497,493,787,788
2016-01-14 21:49:12,349,613,72,497,493,787,788
2016-01-14 21:49:13,354,614,72,497,493,787,788
2016-01-14 21:49:14,357,615,72,498,492,787,788
2016-01-14 21:49:15,358,616,72,498,492,787,788
2016-01-14 21:49:16,362,617,72,498,492,787,788
2016-01-14 21:49:17,364,618,72,499,492,787,788
2016-01-14 21:49:18,366,619,72,499,492,787,788
2016-01-14 21:49:19,369,620,72,500,492,787,788
2016-01-14 21:49:20,374,621,72,500,492,787,788
2016-01-14 21:49:21,375,622,72,500,492,787,788
2016-01-14 21:49:22,379,623,72,501,492,787,788
2016-01-14 21:49:23,381,624,72,501,491,787,788
2016-01-14 21:49:24,384,625,72,501,491,787,788
2016-01-14 21:49:25,386,626,72,502,491,787,788
2016-01-14 21:49:26,390,627,72,502,491,787,788
2016-01-14 21:49:27,394,628,72,503,491,787,788
2016-01-14 21:49:28,396,629,72,503,491,787,788
2016-01-14 21:49:29,397,630,72,503,491,787,788
2016-01-14 21:49:30,402,631,72,504,491,787,788
2016-01-14 21:49:31,402,632,72,504,491,787,788
2016-01-14 21:49:32,403,633,72,504,491,787,788
2016-01-14 21:49:33,406,634,72,505,491,787,788
2016-01-14 21:49:34,410,635,72,505,491,787,788
2016-01-14 21:49:35,411,636,72,505,491,787,788
2016-01-14 21:49:36,415,637,72,505,491,787,788
2016-01-14 21:49:37,417,638,72,506,491,787,788
2016-01-14 21:49:38,418,639,72,506,491,787,788
2016-01-14 21:49:39,422,640,72,506,491,787,788
2016-01-14 21:49:40,424,641,72,506,491,787,788
2016-01-14 21:49:41,425,642,72,507,491,787,788
2016-01-14 21:49:42,429,643,72,507,491,787,788
2016-01-14 21:49:43,433,644,72,508,491,787,788
2016-01-14 21:49:44,437,645,72,508,491,787,788
2016-01-14 21:49:45,442,646,72,509,491,787,788
2016-01-14 21:49:46,446,647,72,509,491,787,788
2016-01-14 21:49:47,446,648,72,509,491,787,788
2016-01-14 21:49:48,447,649,72,509,490,787,788
2016-01-14 21:49:49,448,650,72,510,490,787,788
2016-01-14 21:49:50,451,651,72,510,490,787,788
2016-01-14 21:49:51,454,652,72,511,490,787,788
2016-01-14 21:49:52,455,653,72,511,490,787,788
2016-01-14 21:49:53,459,654,72,512,490,787,788
2016-01-14 21:49:54,459,655,72,512,490,787,788
2016-01-14 21:49:55,463,656,72,513,490,787,788
2016-01-14 21:49:56,466,657,72,513,490,787,788
2016-01-14 21:49:57,467,658,72,513,490,787,788
2016-01-14 21:49:58,468,659,72,514,490,787,788
2016-01-14 21:49:59,472,660,72,514,490,787,788
2016-01-14 21:50:00,476,661,72,515,490,787,788
2016-01-14 21:50:01,481,662,72,515,490,787,788
2016-01-14 21:50:02,481,663,72,515,490,787,788
2016-01-14 21:50:03,486,664,72,516,490,787,788
2016-01-14 21:50:04,489,665,72,516,490,787,788
2016-01-14 21:50:05,493,666,72,516,491,787,788
2016-01-14 21:50:06,498,667,72,517,490,787,788
2016-01-14 21:50:07,501,668,72,517,490,787,788
2016-01-14 21:50:08,505,669,72,518,490,787,788
2016-01-14 21:50:09,509,670,72,518,490,787,788
2016-01-14 21:50:10,513,671,72,518,490,787,788
2016-01-14 21:50:11,518,672,72,519,490,787,788
2016-01-14 21:50:12,521,673,72,519,490,787,788
2016-01-14 21:50:13,526,674,72,520,490,787,788
2016-01-14 21:50:14,530,675,72,520,490,787,788
2016-01-14 21:50:15,534,676,72,520,490,787,788
2016-01-14 21:50:16,538,677,72,520,490,787,788
2016-01-14 21:50:17,541,678,72,521,490,787,788
2016-01-14 21:50:18,542,679,72,521,490,787,788
2016-01-14 21:50:19,547,680,72,522,490,787,788
2016-01-14 21:50:20,553,681,72,522,490,787,788
2016-01-14 21:50:21,554,682,72,522,490,787,788
2016-01-14 21:50:22,557,683,72,522,489,787,788
2016-01-14 21:50:23,562,684,72,522,489,787,788
2016-01-14 21:50:24,568,685,72,522,489,787,788
2016-01-14 21:50:25,571,686,72,522,489,787,788
2016-01-14 21:50:26,574,687,72,523,489,787,788
2016-01-14 21:50:27,579,688,72,523,489,787,788
2016-01-14 21:50:28,583,689,72,524,489,787,788
2016-01-14 21:50:29,588,690,72,524,489,787,788
2016-01-14 21:50:30,593,691,72,524,489,787,788
2016-01-14 21:50:31,596,692,72,525,489,787,788
2016-01-14 21:50:32,601,693,72,525,488,787,788
2016-01-14 21:50:33,605,694,72,526,488,787,788
2016-01-14 21:50:34,609,695,72,526,488,787,788
2016-01-14 21:50:35,613,696,72,526,488,787,788
2016-01-14 21:50:36,616,697,72,527,488,787,788
2016-01-14 21:50:37,622,698,72,527,488,787,788
2016-01-14 21:50:38,626,699,72,528,488,787,788
2016-01-14 21:50:39,630,700,72,528,488,787,788
2016-01-14 21:50:40,632,701,72,529,488,787,788
2016-01-14 21:50:41,637,702,72,529,488,787,788
2016-01-14 21:50:42,641,703,72,530,488,787,788
2016-01-14 21:50:43,644,704,72,530,488,787,788
2016-01-14 21:50:44,647,705,72,531,488,787,788
2016-01-14 21:50:45,650,706,72,531,488,787,788
2016-01-14 21:50:46,654,707,72,532,488,787,788
2016-01-14 21:50:47,659,708,72,532,488,787,788
2016-01-14 21:50:48,663,709,72,532,488,787,788
2016-01-14 21:50:49,665,710,72,533,488,787,788
2016-01-14 21:50:50,666,711,72,533,488,787,788
2016-01-14 21:50:51,669,712,72,534,488,787,788
2016-01-14 21:50:52,671,713,72,534,487,787,788
2016-01-14 21:50:53,672,714,72,535,487,787,788
2016-01-14 21:50:54,676,715,72,535,487,787,788
2016-01-14 21:50:55,679,716,72,535,487,787,788
2016-01-14 21:50:56,685,717,72,535,487,787,788
2016-01-14 21:50:57,690,718,72,535,487,787,788
2016-01-14 21:50:58,693,719,72,536,487,787,788
2016-01-14 21:50:59,699,720,72,536,487,787,788
2016-01-14 21:51:00,702,721,72,536,487,787,788
2016-01-14 21:51:01,704,722,72,537,487,787,788
2016-01-14 21:51:02,708,723,72,537,487,787,788
2016-01-14 21:51:03,709,724,72,538,486,787,788
2016-01-14 21:51:04,710,725,72,538,486,787,788
2016-01-14 21:51:05,711,726,72,539,486,787,788
2016-01-14 21:51:06,715,727,72,539,485,787,788
2016-01-14 21:51:07,717,728,72,540,485,787,788
2016-01-14 21:51:08,718,729,72,540,485,787,788
2016-01-14 21:51:09,723,730,72,541,485,787,788
2016-01-14 21:51:10,723,731,72,541,485,787,788
2016-01-14 21:51:11,726,732,72,541,485,787,788
2016-01-14 21:51:12,729,733,72,542,485,787,788
2016-01-14 21:51:13,731,734,72,542,485,787,788
2016-01-14 21:51:14,737,735,72,543,485,787,788
2016-01-14 21:51:15,740,736,72,543,485,787,788
2016-01-14 21:51:16,741,737,72,543,485,787,788
2016-01-14 21:51:17,745,738,72,543,484,787,788
2016-01-14 21:51:18,750,739,72,544,484,787,788
2016-01-14 21:51:19,753,740,72,544,484,787,788
2016-01-14 21:51:20,754,741,72,544,484,787,788
2016-01-14 21:51:21,757,742,72,544,484,787,788
2016-01-14 21:51:22,760,743,72,544,484,787,788
2016-01-14 21:51:23,763,744,72,545,484,787,788
2016-01-14 21:51:24,764,745,72,545,484,787,788
2016-01-14 21:51:25,769,746,72,545,485,787,788
2016-01-14 21:51:26,774,747,72,546,485,787,788
2016-01-14 21:51:27,776,748,72,546,485,787,788
2016-01-14 21:51:28,780,749,72,546,485,787,788
2016-01-14 21:51:29,785,750,72,547,485,787,788
2016-01-14 21:51:30,788,751,72,547,485,787,788
2016-01-14 21:51:31,793,752,72,547,485,787,788
2016-01-14 21:51:32,794,753,72,548,485,787,788
2016-01-14 21:51:33,796,754,72,548,485,787,788
2016-01-14 21:51:34,800,755,72,549,485,787,788
2016-01-14 21:51:35,802,756,72,549,485,787,788
2016-01-14 21:51:36,806,757,72,549,485,787,788
2016-01-14 21:51:37,807,758,72,549,485,787,788
2016-01-14 21:51:38,812,759,72,548,485,787,788
2016-01-14 21:51:39,817,760,72,546,485,787,788
2016-01-14 21:51:40,819,761,72,544,484,787,788
2016-01-14 21:51:41,823,762,72,542,484,787,788
2016-01-14 21:51:42,825,763,72,539,483,787,788
2016-01-14 21:51:43,828,764,72,536,482,787,788
2016-01-14 21:51:44,830,765,72,533,481,787,788
2016-01-14 21:51:45,831,766,72,530,481,787,788
2016-01-14 21:51:46,835,767,72,528,480,787,788
2016-01-14 21:51:47,838,768,72,525,479,787,788
2016-01-14 21:51:48,839,769,72,523,479,787,788
2016-01-14 21:51:49,844,770,72,520,478,787,788
2016-01-14 21:51:50,847,771,72,518,477,787,788
2016-01-14 21:51:51,849,772,72,515,477,787,788
2016-01-14 21:51:52,853,773,72,514,476,787,788
2016-01-14 21:51:53,854,774,72,514,476,787,788
2016-01-14 21:51:54,854,775,72,515,476,787,788
2016-01-14 21:51:55,859,776,72,516,476,787,788
2016-01-14 21:51:56,865,777,72,517,476,787,788
2016-01-14 21:51:57,868,778,72,518,475,787,788
2016-01-14 21:51:58,872,779,72,519,475,787,788
2016-01-14 21:51:59,876,780,72,520,476,787,788
2016-01-14 21:52:00,880,781,72,521,476,787,788
2016-01-14 21:52:01,885,782,72,521,476,787,788
2016-01-14 21:52:02,886,783,72,522,476,787,788
2016-01-14 21:52:03,889,784,72,522,476,787,788
2016-01-14 21:52:04,892,785,72,523,476,787,788
2016-01-14 21:52:05,894,786,72,523,477,787,788
2016-01-14 21:52:06,898,787,72,523,477,787,788
2016-01-14 21:52:07,899,788,72,524,477,787,788
2016-01-14 21:52:08,902,789,72,524,477,787,788
2016-01-14 21:52:09,907,790,72,524,477,787,788
2016-01-14 21:52:10,911,791,72,525,477,787,788
2016-01-14 21:52:11,916,792,72,525,477,787,788
2016-01-14 21:52:12,921,793,72,525,477,787,788
2016-01-14 21:52:13,924,794,72,526,477,787,788
2016-01-14 21:52:14,930,795,72,526,477,787,788
2016-01-14 21:52:15,932,796,72,526,477,787,788
2016-01-14 21:52:16,934,797,72,526,477,787,788
2016-01-14 21:52:17,940,798,72,526,477,787,788
2016-01-14 21:52:18,941,799,72,526,477,787,788
2016-01-14 21:52:19,945,800,72,527,477,787,788
2016-01-14 21:52:20,948,801,72,527,477,787,788
2016-01-14 21:52:21,952,802,72,527,477,787,788
2016-01-14 21:52:22,957,803,72,527,477,787,788
2016-01-14 21:52:23,958,804,72,527,477,787,788
2016-01-14 21:52:24,959,805,72,527,477,787,788
2016-01-14 21:52:25,964,806,72,527,477,787,788
2016-01-14 21:52:26,966,807,72,527,477,787,788
2016-01-14 21:52:27,972,808,72,527,476,787,788
2016-01-14 21:52:28,978,809,72,527,476,787,788
2016-01-14 21:52:29,982,810,72,527,476,787,788
2016-01-14 21:52:30,985,811,72,527,476,787,788
2016-01-14 21:52:31,989,812,72,527,476,787,788
2016-01-14 21:52:32,995,813,72,527,476,787,788
2016-01-14 21:52:33,998,814,72,527,476,787,788
2016-01-14 21:52:35,000,815,72,527,476,787,788
2016-01-14 21:52:36,004,816,72,527,475,787,788
2016-01-14 21:52:37,009,817,72,527,475,787,788
2016-01-14 21:52:38,015,818,72,527,475,787,788
2016-01-14 21:52:39,017,819,72,527,475,787,788
2016-01-14 21:52:40,018,820,72,527,475,787,788
2016-01-14 21:52:41,021,821,72,527,475,787,788
2016-01-14 21:52:42,022,822,72,527,475,787,788
2016-01-14 21:52:43,026,823,72,527,475,787,788
2016-01-14 21:52:44,028,824,72,527,475,787,788
2016-01-14 21:52:45,032,825,72,527,475,787,788
2016-01-14 21:52:46,037,826,72,527,474,787,788
2016-01-14 21:52:47,042,827,72,527,474,787,788
2016-01-14 21:52:48,045,828,72,527,474,787,788
2016-01-14 21:52:49,051,829,72,527,474,787,788
2016-01-14 21:52:50,056,830,72,527,474,787,788
2016-01-14 21:52:51,060,831,72,527,474,787,788
2016-01-14 21:52:52,064,832,72,527,474,787,788
