2016-01-18 19:26:09,764,datetime,ms,seconds,ambient_temp,thermocouple_0_temp,thermocouple_1_temp,thermocouple_2_temp,thermocouple_3_temp
2016-01-18 19:26:14,813,5,74,454,407,786,786
2016-01-18 19:26:15,815,6,74,441,401,786,786
2016-01-18 19:26:16,818,7,74,430,395,786,786
2016-01-18 19:26:17,822,8,74,418,390,786,786
2016-01-18 19:26:18,826,9,74,407,387,786,786
2016-01-18 19:26:19,826,10,74,397,384,786,787
2016-01-18 19:26:20,831,11,74,387,382,786,786
2016-01-18 19:26:21,831,12,74,377,380,786,786
2016-01-18 19:26:22,834,13,74,368,377,786,786
2016-01-18 19:26:23,837,14,74,359,375,786,786
2016-01-18 19:26:24,840,15,74,352,374,786,786
2016-01-18 19:26:25,845,16,74,344,372,786,786
2016-01-18 19:26:26,848,17,74,337,370,786,786
2016-01-18 19:26:27,851,18,74,330,368,786,786
2016-01-18 19:26:28,855,19,74,324,367,786,786
2016-01-18 19:26:29,856,20,74,318,365,786,786
2016-01-18 19:26:30,860,21,74,312,364,786,786
2016-01-18 19:26:31,862,22,74,307,363,786,786
2016-01-18 19:26:32,864,23,74,302,361,786,786
2016-01-18 19:26:33,868,24,74,297,360,786,786
2016-01-18 19:26:34,874,25,74,293,359,786,786
2016-01-18 19:26:35,876,26,74,289,358,786,786
2016-01-18 19:26:36,882,27,74,285,357,786,786
2016-01-18 19:26:37,885,28,74,280,356,786,786
2016-01-18 19:26:38,890,29,74,277,355,786,786
2016-01-18 19:26:39,894,30,74,274,354,786,787
2016-01-18 19:26:40,899,31,74,270,353,786,786
2016-01-18 19:26:41,903,32,74,267,353,786,786
2016-01-18 19:26:42,903,33,74,264,352,786,786
2016-01-18 19:26:43,904,34,74,262,351,786,786
2016-01-18 19:26:44,909,35,74,259,350,786,786
2016-01-18 19:26:45,912,36,74,257,350,786,786
2016-01-18 19:26:46,916,37,74,254,349,786,786
2016-01-18 19:26:47,917,38,74,252,349,786,786
2016-01-18 19:26:48,921,39,74,250,348,786,786
2016-01-18 19:26:49,927,40,74,248,348,785,786
2016-01-18 19:26:50,933,41,74,246,347,786,786
2016-01-18 19:26:51,933,42,74,245,347,785,786
2016-01-18 19:26:52,935,43,74,243,347,786,786
2016-01-18 19:26:53,937,44,74,242,346,786,786
2016-01-18 19:26:54,940,45,74,240,346,786,786
2016-01-18 19:26:55,942,46,74,239,346,785,786
2016-01-18 19:26:56,945,47,74,238,345,785,786
2016-01-18 19:26:57,947,48,74,237,345,785,786
2016-01-18 19:26:58,947,49,74,236,345,785,786
2016-01-18 19:26:59,951,50,74,235,344,785,786
2016-01-18 19:27:00,954,51,74,234,344,785,786
2016-01-18 19:27:01,955,52,74,233,344,785,786
2016-01-18 19:27:02,958,53,74,232,343,785,786
2016-01-18 19:27:03,961,54,74,231,343,786,786
2016-01-18 19:27:04,965,55,74,231,343,785,786
2016-01-18 19:27:05,969,56,74,230,342,785,786
2016-01-18 19:27:06,974,57,74,229,342,785,786
2016-01-18 19:27:07,978,58,74,229,342,785,786
2016-01-18 19:27:08,982,59,74,229,341,785,786
2016-01-18 19:27:09,988,60,74,228,341,785,786
2016-01-18 19:27:10,990,61,74,228,341,785,786
2016-01-18 19:27:11,995,62,74,227,341,785,786
2016-01-18 19:27:12,998,63,74,227,342,785,786
2016-01-18 19:27:14,003,64,74,227,343,785,786
2016-01-18 19:27:15,008,65,74,227,344,785,786
2016-01-18 19:27:16,011,66,74,227,346,785,786
2016-01-18 19:27:17,015,67,74,227,347,785,786
2016-01-18 19:27:18,020,68,74,227,348,785,786
2016-01-18 19:27:19,026,69,74,227,349,785,786
2016-01-18 19:27:20,028,70,74,227,350,785,786
2016-01-18 19:27:21,030,71,74,227,351,785,786
2016-01-18 19:27:22,032,72,74,227,352,785,786
2016-01-18 19:27:23,035,73,74,227,353,785,786
2016-01-18 19:27:24,039,74,74,227,354,785,786
2016-01-18 19:27:25,044,75,74,227,354,785,786
2016-01-18 19:27:26,045,76,74,227,355,785,786
2016-01-18 19:27:27,048,77,74,227,356,785,786
2016-01-18 19:27:28,051,78,74,228,357,785,786
2016-01-18 19:27:29,054,79,75,228,358,785,786
2016-01-18 19:27:30,059,80,74,228,359,785,786
2016-01-18 19:27:31,063,81,75,229,359,785,786
2016-01-18 19:27:32,068,82,74,229,360,785,786
2016-01-18 19:27:33,070,83,75,229,361,785,786
2016-01-18 19:27:34,076,84,75,230,362,785,786
2016-01-18 19:27:35,078,85,75,231,362,785,786
2016-01-18 19:27:36,082,86,74,231,363,785,786
2016-01-18 19:27:37,084,87,74,231,364,785,786
2016-01-18 19:27:38,084,88,74,232,364,785,786
2016-01-18 19:27:39,086,89,74,232,365,785,786
2016-01-18 19:27:40,090,90,75,233,366,785,786
2016-01-18 19:27:41,092,91,75,233,366,785,786
2016-01-18 19:27:42,093,92,75,234,367,785,786
2016-01-18 19:27:43,097,93,75,234,367,785,786
2016-01-18 19:27:44,099,94,75,235,368,785,786
2016-01-18 19:27:45,099,95,75,235,369,785,786
2016-01-18 19:27:46,104,96,74,236,369,785,786
2016-01-18 19:27:47,108,97,75,236,370,785,786
2016-01-18 19:27:48,112,98,75,237,370,785,786
2016-01-18 19:27:49,118,99,75,237,371,785,786
2016-01-18 19:27:50,121,100,75,238,371,785,786
2016-01-18 19:27:51,122,101,75,239,372,785,786
2016-01-18 19:27:52,122,102,75,239,372,785,786
2016-01-18 19:27:53,126,103,75,240,373,785,786
2016-01-18 19:27:54,128,104,75,241,373,785,786
2016-01-18 19:27:55,132,105,75,241,374,785,786
2016-01-18 19:27:56,135,106,75,242,375,785,786
2016-01-18 19:27:57,139,107,75,242,375,785,786
2016-01-18 19:27:58,143,108,75,243,376,785,786
2016-01-18 19:27:59,148,109,75,244,376,785,786
2016-01-18 19:28:00,152,110,75,245,376,785,786
2016-01-18 19:28:01,155,111,75,245,377,785,786
2016-01-18 19:28:02,158,112,75,246,377,785,786
2016-01-18 19:28:03,160,113,75,247,378,785,786
2016-01-18 19:28:04,160,114,75,247,378,785,786
2016-01-18 19:28:05,166,115,75,248,378,785,786
2016-01-18 19:28:06,167,116,75,249,379,785,786
2016-01-18 19:28:07,170,117,75,250,379,785,786
2016-01-18 19:28:08,174,118,75,250,379,785,786
2016-01-18 19:28:09,179,119,75,251,380,785,786
2016-01-18 19:28:10,182,120,75,252,380,785,786
2016-01-18 19:28:11,183,121,75,252,380,785,786
2016-01-18 19:28:12,186,122,75,253,381,785,786
2016-01-18 19:28:13,189,123,75,253,381,785,786
2016-01-18 19:28:14,192,124,75,254,382,785,786
2016-01-18 19:28:15,194,125,75,255,382,785,786
2016-01-18 19:28:16,198,126,75,256,382,785,786
2016-01-18 19:28:17,201,127,75,257,383,785,786
2016-01-18 19:28:18,205,128,75,257,383,785,786
2016-01-18 19:28:19,208,129,75,258,384,785,786
2016-01-18 19:28:20,213,130,75,259,384,785,786
2016-01-18 19:28:21,215,131,75,259,384,785,786
2016-01-18 19:28:22,216,132,75,260,385,785,786
2016-01-18 19:28:23,220,133,75,261,385,785,786
2016-01-18 19:28:24,224,134,75,261,385,785,786
2016-01-18 19:28:25,228,135,75,262,386,785,786
2016-01-18 19:28:26,229,136,75,263,386,785,786
2016-01-18 19:28:27,229,137,75,264,386,785,786
2016-01-18 19:28:28,233,138,75,265,387,785,786
2016-01-18 19:28:29,234,139,75,265,387,785,786
2016-01-18 19:28:30,236,140,75,266,387,785,786
2016-01-18 19:28:31,240,141,75,267,388,785,786
2016-01-18 19:28:32,241,142,75,267,388,785,786
2016-01-18 19:28:33,245,143,75,268,388,785,786
2016-01-18 19:28:34,249,144,75,269,388,785,786
2016-01-18 19:28:35,253,145,75,270,389,785,786
2016-01-18 19:28:36,258,146,75,270,389,785,786
2016-01-18 19:28:37,263,147,75,271,389,785,786
2016-01-18 19:28:38,267,148,75,272,390,785,786
2016-01-18 19:28:39,271,149,75,272,390,785,786
2016-01-18 19:28:40,275,150,75,273,390,785,786
2016-01-18 19:28:41,278,151,75,274,390,785,786
2016-01-18 19:28:42,280,152,75,274,391,785,786
2016-01-18 19:28:43,282,153,75,275,391,785,786
2016-01-18 19:28:44,282,154,75,276,391,785,786
2016-01-18 19:28:45,284,155,75,276,392,785,786
2016-01-18 19:28:46,289,156,75,277,392,785,786
2016-01-18 19:28:47,289,157,75,278,392,785,786
2016-01-18 19:28:48,291,158,75,278,392,785,786
2016-01-18 19:28:49,295,159,75,279,393,785,786
2016-01-18 19:28:50,301,160,75,280,393,785,786
2016-01-18 19:28:51,304,161,75,281,393,785,786
2016-01-18 19:28:52,307,162,75,281,394,785,786
2016-01-18 19:28:53,311,163,75,282,394,785,786
2016-01-18 19:28:54,312,164,75,283,394,785,786
2016-01-18 19:28:55,314,165,75,283,394,785,786
2016-01-18 19:28:56,319,166,75,284,395,785,786
2016-01-18 19:28:57,320,167,75,285,395,785,786
2016-01-18 19:28:58,320,168,75,285,395,785,786
2016-01-18 19:28:59,324,169,75,286,395,785,786
2016-01-18 19:29:00,325,170,75,287,396,785,786
2016-01-18 19:29:01,327,171,75,288,396,785,786
2016-01-18 19:29:02,333,172,75,288,396,785,786
2016-01-18 19:29:03,338,173,75,289,397,785,786
2016-01-18 19:29:04,342,174,75,290,397,785,786
2016-01-18 19:29:05,345,175,75,290,397,785,786
2016-01-18 19:29:06,350,176,75,291,398,785,786
2016-01-18 19:29:07,351,177,75,292,398,785,786
2016-01-18 19:29:08,356,178,75,292,398,785,786
2016-01-18 19:29:09,357,179,75,293,398,785,786
2016-01-18 19:29:10,359,180,75,294,399,785,786
2016-01-18 19:29:11,360,181,75,295,399,785,786
2016-01-18 19:29:12,364,182,75,295,399,785,786
2016-01-18 19:29:13,369,183,75,296,399,785,786
2016-01-18 19:29:14,372,184,75,297,400,785,786
2016-01-18 19:29:15,374,185,75,297,400,785,786
2016-01-18 19:29:16,375,186,75,298,400,785,786
2016-01-18 19:29:17,379,187,75,299,400,785,786
2016-01-18 19:29:18,380,188,75,299,400,785,786
2016-01-18 19:29:19,383,189,75,300,401,785,786
2016-01-18 19:29:20,387,190,75,301,401,785,786
2016-01-18 19:29:21,390,191,75,301,401,785,786
2016-01-18 19:29:22,395,192,75,302,402,785,786
2016-01-18 19:29:23,398,193,75,302,402,785,786
2016-01-18 19:29:24,403,194,75,303,402,785,786
2016-01-18 19:29:25,408,195,75,304,402,785,786
2016-01-18 19:29:26,412,196,75,305,403,785,786
2016-01-18 19:29:27,414,197,75,305,403,785,786
2016-01-18 19:29:28,418,198,75,306,403,785,786
2016-01-18 19:29:29,421,199,75,307,403,785,786
2016-01-18 19:29:30,422,200,75,307,404,785,786
2016-01-18 19:29:31,427,201,75,308,404,785,786
2016-01-18 19:29:32,430,202,75,309,404,785,786
2016-01-18 19:29:33,436,203,75,309,405,785,786
2016-01-18 19:29:34,436,204,75,310,405,785,786
2016-01-18 19:29:35,440,205,75,311,405,785,786
2016-01-18 19:29:36,442,206,75,311,405,785,786
2016-01-18 19:29:37,448,207,75,312,406,785,786
2016-01-18 19:29:38,451,208,75,312,406,785,786
2016-01-18 19:29:39,456,209,75,313,406,785,786
2016-01-18 19:29:40,459,210,75,314,406,785,786
2016-01-18 19:29:41,460,211,75,314,407,785,786
2016-01-18 19:29:42,461,212,75,315,407,785,786
2016-01-18 19:29:43,465,213,75,316,407,785,786
2016-01-18 19:29:44,469,214,75,316,407,785,786
2016-01-18 19:29:45,472,215,75,317,408,785,786
2016-01-18 19:29:46,473,216,75,318,408,785,786
2016-01-18 19:29:47,475,217,75,318,408,785,786
2016-01-18 19:29:48,476,218,75,319,409,785,786
2016-01-18 19:29:49,480,219,75,319,409,785,786
2016-01-18 19:29:50,485,220,75,320,409,785,786
2016-01-18 19:29:51,488,221,75,321,409,785,786
2016-01-18 19:29:52,493,222,75,321,410,785,786
2016-01-18 19:29:53,497,223,75,322,410,785,786
2016-01-18 19:29:54,502,224,75,323,411,785,786
2016-01-18 19:29:55,505,225,75,323,411,785,786
2016-01-18 19:29:56,507,226,75,324,411,785,786
2016-01-18 19:29:57,507,227,75,325,411,785,786
2016-01-18 19:29:58,512,228,75,325,412,785,786
2016-01-18 19:29:59,517,229,75,326,412,785,786
2016-01-18 19:30:00,521,230,75,327,412,785,786
2016-01-18 19:30:01,525,231,75,327,412,785,786
2016-01-18 19:30:02,529,232,75,328,413,785,786
2016-01-18 19:30:03,531,233,75,329,413,785,786
2016-01-18 19:30:04,531,234,75,329,413,785,786
2016-01-18 19:30:05,536,235,75,330,414,785,786
2016-01-18 19:30:06,539,236,75,330,414,785,786
2016-01-18 19:30:07,540,237,75,331,414,785,786
2016-01-18 19:30:08,543,238,75,332,415,785,786
2016-01-18 19:30:09,547,239,75,332,415,785,786
2016-01-18 19:30:10,552,240,75,333,415,785,786
2016-01-18 19:30:11,554,241,75,334,415,785,786
2016-01-18 19:30:12,557,242,75,334,416,785,786
2016-01-18 19:30:13,562,243,75,335,416,785,786
2016-01-18 19:30:14,564,244,75,335,416,785,786
2016-01-18 19:30:15,567,245,75,336,416,785,786
2016-01-18 19:30:16,567,246,75,336,417,785,786
2016-01-18 19:30:17,572,247,75,337,417,785,786
2016-01-18 19:30:18,574,248,75,337,417,785,786
2016-01-18 19:30:19,579,249,75,338,418,785,786
2016-01-18 19:30:20,583,250,75,338,418,785,786
2016-01-18 19:30:21,586,251,75,339,418,785,786
2016-01-18 19:30:22,591,252,75,340,418,785,786
2016-01-18 19:30:23,591,253,75,340,419,785,786
2016-01-18 19:30:24,595,254,75,341,419,785,786
2016-01-18 19:30:25,598,255,75,341,419,785,786
2016-01-18 19:30:26,603,256,75,342,419,785,786
2016-01-18 19:30:27,606,257,75,342,419,785,786
2016-01-18 19:30:28,607,258,75,343,420,785,786
2016-01-18 19:30:29,609,259,75,343,420,785,786
2016-01-18 19:30:30,613,260,75,344,420,785,786
2016-01-18 19:30:31,618,261,75,345,421,785,786
2016-01-18 19:30:32,623,262,75,345,421,785,786
2016-01-18 19:30:33,625,263,75,346,421,785,786
2016-01-18 19:30:34,630,264,75,346,421,785,786
2016-01-18 19:30:35,632,265,75,347,422,785,786
2016-01-18 19:30:36,633,266,75,347,422,785,786
2016-01-18 19:30:37,637,267,75,348,422,785,786
2016-01-18 19:30:38,641,268,75,349,422,785,786
2016-01-18 19:30:39,645,269,75,349,423,785,786
2016-01-18 19:30:40,650,270,75,350,423,785,786
2016-01-18 19:30:41,654,271,75,350,423,785,786
2016-01-18 19:30:42,656,272,75,351,423,785,786
2016-01-18 19:30:43,661,273,75,352,423,785,786
2016-01-18 19:30:44,662,274,75,352,424,785,786
2016-01-18 19:30:45,663,275,75,353,424,785,786
2016-01-18 19:30:46,664,276,75,353,424,785,786
2016-01-18 19:30:47,668,277,75,354,425,785,786
2016-01-18 19:30:48,668,278,75,354,425,785,786
2016-01-18 19:30:49,670,279,75,355,425,785,786
2016-01-18 19:30:50,675,280,75,355,426,785,786
2016-01-18 19:30:51,675,281,75,356,426,785,786
2016-01-18 19:30:52,678,282,75,357,426,785,786
2016-01-18 19:30:53,682,283,75,357,426,785,786
2016-01-18 19:30:54,684,284,75,358,426,785,786
2016-01-18 19:30:55,685,285,75,358,427,785,786
2016-01-18 19:30:56,689,286,75,358,427,785,786
2016-01-18 19:30:57,691,287,75,359,427,785,786
2016-01-18 19:30:58,695,288,75,359,427,785,786
2016-01-18 19:30:59,695,289,75,360,428,785,786
2016-01-18 19:31:00,701,290,75,360,428,785,786
2016-01-18 19:31:01,704,291,75,361,428,785,786
2016-01-18 19:31:02,706,292,75,361,428,785,786
2016-01-18 19:31:03,706,293,75,362,428,785,786
2016-01-18 19:31:04,711,294,75,362,428,785,786
2016-01-18 19:31:05,713,295,75,363,429,785,786
2016-01-18 19:31:06,716,296,75,364,429,785,786
2016-01-18 19:31:07,718,297,75,364,429,785,786
2016-01-18 19:31:08,719,298,75,365,429,785,786
2016-01-18 19:31:09,722,299,75,365,429,785,786
2016-01-18 19:31:10,725,300,75,366,430,785,786
2016-01-18 19:31:11,730,301,75,366,430,785,786
2016-01-18 19:31:12,733,302,75,367,430,785,786
2016-01-18 19:31:13,737,303,75,367,430,785,786
2016-01-18 19:31:14,742,304,75,368,430,785,786
2016-01-18 19:31:15,742,305,75,368,430,785,786
2016-01-18 19:31:16,742,306,75,369,431,785,786
2016-01-18 19:31:17,745,307,75,369,431,785,786
2016-01-18 19:31:18,747,308,75,370,431,785,786
2016-01-18 19:31:19,748,309,75,370,431,785,786
2016-01-18 19:31:20,753,310,75,371,432,785,786
2016-01-18 19:31:21,754,311,75,371,432,785,786
2016-01-18 19:31:22,754,312,75,372,432,785,786
2016-01-18 19:31:23,755,313,75,372,432,785,786
2016-01-18 19:31:24,755,314,75,373,433,785,786
2016-01-18 19:31:25,759,315,75,373,433,785,786
2016-01-18 19:31:26,764,316,75,374,433,785,786
2016-01-18 19:31:27,768,318,75,374,433,785,786
2016-01-18 19:31:28,768,319,75,374,433,785,786
2016-01-18 19:31:29,768,320,75,375,433,785,786
2016-01-18 19:31:30,774,321,75,375,433,785,786
2016-01-18 19:31:31,775,322,75,376,434,785,786
2016-01-18 19:31:32,776,323,75,377,434,785,786
2016-01-18 19:31:33,777,324,75,377,434,785,786
2016-01-18 19:31:34,780,325,75,378,434,785,786
2016-01-18 19:31:35,784,326,75,378,435,785,786
2016-01-18 19:31:36,788,327,75,379,435,785,786
2016-01-18 19:31:37,793,328,75,379,435,785,786
2016-01-18 19:31:38,797,329,75,380,435,785,786
2016-01-18 19:31:39,800,330,75,380,436,785,786
2016-01-18 19:31:40,805,331,75,381,436,785,786
2016-01-18 19:31:41,809,332,75,381,436,785,786
2016-01-18 19:31:42,814,333,75,381,437,785,786
2016-01-18 19:31:43,816,334,75,382,437,785,786
2016-01-18 19:31:44,818,335,75,383,437,785,786
2016-01-18 19:31:45,822,336,75,383,437,785,786
2016-01-18 19:31:46,825,337,75,384,437,785,786
2016-01-18 19:31:47,829,338,75,384,437,785,786
2016-01-18 19:31:48,830,339,75,385,438,785,786
2016-01-18 19:31:49,834,340,75,385,438,785,786
2016-01-18 19:31:50,837,341,75,386,438,785,786
2016-01-18 19:31:51,840,342,75,386,439,785,786
2016-01-18 19:31:52,845,343,75,387,439,785,786
2016-01-18 19:31:53,848,344,75,387,439,785,786
2016-01-18 19:31:54,853,345,75,388,439,785,786
2016-01-18 19:31:55,853,346,75,388,439,785,786
2016-01-18 19:31:56,858,347,75,388,440,785,786
2016-01-18 19:31:57,862,348,75,389,440,785,786
2016-01-18 19:31:58,865,349,75,389,440,785,786
2016-01-18 19:31:59,869,350,75,390,441,785,786
2016-01-18 19:32:00,871,351,75,390,441,785,786
2016-01-18 19:32:01,871,352,75,391,441,785,786
2016-01-18 19:32:02,875,353,75,391,441,785,786
2016-01-18 19:32:03,878,354,75,392,442,785,786
2016-01-18 19:32:04,883,355,75,392,442,785,786
2016-01-18 19:32:05,884,356,75,392,442,785,786
2016-01-18 19:32:06,886,357,75,393,442,785,786
2016-01-18 19:32:07,891,358,75,393,443,785,786
2016-01-18 19:32:08,892,359,75,394,443,785,786
2016-01-18 19:32:09,896,360,75,394,443,785,786
2016-01-18 19:32:10,898,361,75,395,443,785,786
2016-01-18 19:32:11,900,362,75,395,444,785,786
2016-01-18 19:32:12,902,363,75,395,444,785,786
2016-01-18 19:32:13,905,364,75,396,444,785,786
2016-01-18 19:32:14,905,365,75,396,444,785,786
2016-01-18 19:32:15,906,366,75,397,444,785,786
2016-01-18 19:32:16,910,367,75,397,444,785,786
2016-01-18 19:32:17,912,368,75,398,445,785,786
2016-01-18 19:32:18,916,369,75,398,445,785,786
2016-01-18 19:32:19,919,370,75,399,445,785,786
2016-01-18 19:32:20,919,371,75,399,445,785,786
2016-01-18 19:32:21,920,372,75,399,445,785,786
2016-01-18 19:32:22,921,373,75,400,446,785,786
2016-01-18 19:32:23,924,374,75,401,446,785,786
2016-01-18 19:32:24,928,375,75,401,446,785,786
2016-01-18 19:32:25,932,376,75,402,446,785,786
2016-01-18 19:32:26,934,377,75,402,446,785,786
2016-01-18 19:32:27,935,378,75,403,447,785,786
2016-01-18 19:32:28,939,379,75,403,447,785,786
2016-01-18 19:32:29,942,380,75,403,447,785,786
2016-01-18 19:32:30,948,381,75,404,447,785,786
2016-01-18 19:32:31,951,382,75,404,448,785,786
2016-01-18 19:32:32,956,383,75,405,448,785,786
2016-01-18 19:32:33,958,384,75,405,448,785,786
2016-01-18 19:32:34,962,385,75,406,448,785,786
2016-01-18 19:32:35,966,386,75,406,448,785,786
2016-01-18 19:32:36,971,387,75,407,448,785,786
2016-01-18 19:32:37,972,388,75,407,449,785,786
2016-01-18 19:32:38,973,389,75,408,449,785,786
2016-01-18 19:32:39,975,390,75,408,449,785,786
2016-01-18 19:32:40,978,391,75,409,449,785,786
2016-01-18 19:32:41,981,392,75,409,449,785,786
2016-01-18 19:32:42,983,393,75,410,449,785,786
2016-01-18 19:32:43,988,394,75,410,450,785,786
2016-01-18 19:32:44,988,395,75,410,450,785,786
2016-01-18 19:32:45,990,396,75,411,450,785,786
2016-01-18 19:32:46,992,397,75,411,450,785,786
2016-01-18 19:32:47,994,398,75,412,451,785,786
2016-01-18 19:32:48,998,399,75,412,451,785,786
2016-01-18 19:32:49,999,400,75,412,451,785,786
2016-01-18 19:32:51,001,401,75,413,451,785,786
2016-01-18 19:32:52,004,402,75,413,452,785,786
2016-01-18 19:32:53,006,403,75,414,452,785,786
2016-01-18 19:32:54,011,404,75,414,452,785,786
2016-01-18 19:32:55,014,405,75,415,452,785,786
2016-01-18 19:32:56,015,406,75,415,452,785,786
2016-01-18 19:32:57,019,407,75,416,453,785,786
2016-01-18 19:32:58,021,408,75,416,453,785,786
2016-01-18 19:32:59,025,409,75,417,453,785,786
2016-01-18 19:33:00,030,410,75,417,453,785,786
2016-01-18 19:33:01,031,411,75,418,453,785,786
2016-01-18 19:33:02,033,412,75,418,454,785,786
2016-01-18 19:33:03,037,413,75,419,454,785,786
2016-01-18 19:33:04,041,414,75,419,454,785,786
2016-01-18 19:33:05,045,415,75,420,454,785,786
2016-01-18 19:33:06,050,416,75,420,455,785,786
2016-01-18 19:33:07,054,417,75,420,455,785,786
2016-01-18 19:33:08,055,418,75,421,455,785,786
2016-01-18 19:33:09,055,419,75,421,455,785,786
2016-01-18 19:33:10,061,420,75,421,456,785,786
2016-01-18 19:33:11,063,421,75,422,456,785,786
2016-01-18 19:33:12,067,422,75,422,456,785,786
2016-01-18 19:33:13,067,423,76,423,456,785,786
2016-01-18 19:33:14,069,424,75,423,456,785,786
2016-01-18 19:33:15,075,425,75,424,457,785,786
2016-01-18 19:33:16,075,426,75,424,457,785,786
2016-01-18 19:33:17,077,427,76,425,457,785,786
2016-01-18 19:33:18,080,428,76,425,457,785,786
2016-01-18 19:33:19,085,429,75,425,457,785,786
2016-01-18 19:33:20,090,430,75,426,457,785,786
2016-01-18 19:33:21,091,431,76,426,458,785,786
2016-01-18 19:33:22,096,432,76,427,458,785,786
2016-01-18 19:33:23,098,433,75,427,458,785,786
2016-01-18 19:33:24,102,434,76,427,458,785,786
2016-01-18 19:33:25,107,435,76,428,458,785,786
2016-01-18 19:33:26,107,436,76,429,458,785,786
2016-01-18 19:33:27,112,437,76,429,458,785,786
2016-01-18 19:33:28,116,438,76,429,458,785,786
2016-01-18 19:33:29,121,439,76,430,458,785,786
2016-01-18 19:33:30,122,440,76,430,458,785,786
2016-01-18 19:33:31,128,441,76,431,458,785,786
2016-01-18 19:33:32,132,442,76,431,458,785,786
2016-01-18 19:33:33,133,443,76,432,458,785,786
2016-01-18 19:33:34,133,444,76,432,459,785,786
2016-01-18 19:33:35,138,445,76,432,459,785,786
2016-01-18 19:33:36,142,446,76,433,459,785,786
2016-01-18 19:33:37,146,447,76,433,459,785,786
2016-01-18 19:33:38,147,448,76,433,459,785,786
2016-01-18 19:33:39,150,449,76,434,459,785,786
2016-01-18 19:33:40,155,450,76,434,459,785,786
2016-01-18 19:33:41,158,451,76,435,460,785,786
2016-01-18 19:33:42,162,452,76,435,460,785,786
2016-01-18 19:33:43,164,453,76,436,460,785,786
2016-01-18 19:33:44,167,454,76,436,460,785,786
2016-01-18 19:33:45,168,455,76,437,460,785,786
2016-01-18 19:33:46,169,456,76,437,460,785,786
2016-01-18 19:33:47,174,457,76,438,461,785,786
2016-01-18 19:33:48,175,458,76,438,461,785,786
2016-01-18 19:33:49,180,459,76,438,461,785,786
2016-01-18 19:33:50,184,460,76,439,461,785,786
2016-01-18 19:33:51,189,461,76,439,461,785,786
2016-01-18 19:33:52,192,462,76,439,461,785,786
2016-01-18 19:33:53,193,463,76,440,462,785,786
2016-01-18 19:33:54,194,464,76,440,462,785,786
2016-01-18 19:33:55,199,465,76,441,462,785,786
2016-01-18 19:33:56,204,466,76,441,462,785,786
2016-01-18 19:33:57,207,467,76,442,462,785,786
2016-01-18 19:33:58,209,468,76,442,463,785,786
2016-01-18 19:33:59,213,469,76,443,463,785,786
2016-01-18 19:34:00,216,470,76,443,463,785,786
2016-01-18 19:34:01,220,471,76,443,463,785,786
2016-01-18 19:34:02,223,472,76,443,463,785,786
2016-01-18 19:34:03,225,473,76,444,463,785,786
2016-01-18 19:34:04,229,474,76,444,464,785,786
2016-01-18 19:34:05,232,475,76,445,464,785,786
2016-01-18 19:34:06,236,476,76,445,464,785,786
2016-01-18 19:34:07,238,477,76,446,464,785,786
2016-01-18 19:34:08,241,478,76,446,465,785,786
2016-01-18 19:34:09,242,479,76,446,465,785,786
2016-01-18 19:34:10,245,480,76,447,465,785,786
2016-01-18 19:34:11,248,481,76,447,465,785,786
2016-01-18 19:34:12,254,482,76,448,465,785,786
2016-01-18 19:34:13,257,483,76,448,465,785,786
2016-01-18 19:34:14,259,484,76,448,465,785,786
2016-01-18 19:34:15,261,485,76,449,465,785,786
2016-01-18 19:34:16,266,486,76,449,466,785,786
2016-01-18 19:34:17,269,487,76,449,466,785,786
2016-01-18 19:34:18,269,488,76,449,466,785,786
2016-01-18 19:34:19,276,489,76,450,466,785,786
2016-01-18 19:34:20,280,490,76,450,466,785,786
2016-01-18 19:34:21,280,491,76,451,467,785,786
2016-01-18 19:34:22,285,492,76,451,467,785,786
2016-01-18 19:34:23,287,493,76,452,467,785,786
2016-01-18 19:34:24,290,494,76,452,467,785,786
2016-01-18 19:34:25,291,495,76,453,467,785,786
2016-01-18 19:34:26,293,496,76,453,467,785,786
2016-01-18 19:34:27,298,497,76,454,467,785,786
2016-01-18 19:34:28,299,498,76,454,468,785,786
2016-01-18 19:34:29,300,499,76,455,468,785,786
2016-01-18 19:34:30,300,500,76,455,468,785,786
2016-01-18 19:34:31,306,501,76,455,468,785,786
2016-01-18 19:34:32,306,502,76,456,468,785,786
2016-01-18 19:34:33,311,503,76,456,469,785,786
2016-01-18 19:34:34,312,504,76,457,469,785,786
2016-01-18 19:34:35,317,505,76,457,469,785,786
2016-01-18 19:34:36,321,506,76,458,469,785,786
2016-01-18 19:34:37,321,507,76,458,469,785,786
2016-01-18 19:34:38,322,508,76,458,470,785,786
2016-01-18 19:34:39,326,509,76,459,470,785,786
2016-01-18 19:34:40,328,510,76,459,470,785,786
2016-01-18 19:34:41,332,511,76,460,470,785,786
2016-01-18 19:34:42,337,512,76,460,470,785,786
2016-01-18 19:34:43,338,513,76,460,471,785,786
2016-01-18 19:34:44,343,514,76,461,471,785,786
2016-01-18 19:34:45,348,515,76,461,471,785,786
2016-01-18 19:34:46,351,516,76,462,471,785,786
2016-01-18 19:34:47,352,517,76,462,472,785,786
2016-01-18 19:34:48,353,518,76,463,472,785,786
2016-01-18 19:34:49,356,519,76,463,472,785,786
2016-01-18 19:34:50,360,520,76,463,472,785,786
2016-01-18 19:34:51,361,521,76,464,472,785,786
2016-01-18 19:34:52,366,522,76,465,472,785,786
2016-01-18 19:34:53,368,523,76,465,473,785,786
2016-01-18 19:34:54,374,524,76,466,473,785,786
2016-01-18 19:34:55,378,525,76,466,473,785,786
2016-01-18 19:34:56,382,526,76,466,473,785,786
2016-01-18 19:34:57,383,527,76,467,473,785,786
2016-01-18 19:34:58,385,528,76,468,474,785,786
2016-01-18 19:34:59,390,529,76,468,474,785,786
2016-01-18 19:35:00,395,530,76,469,474,785,786
2016-01-18 19:35:01,400,531,76,469,474,785,786
2016-01-18 19:35:02,401,532,76,470,475,785,786
2016-01-18 19:35:03,401,533,76,470,475,785,786
2016-01-18 19:35:04,405,534,76,470,475,785,786
2016-01-18 19:35:05,410,535,76,471,475,785,786
2016-01-18 19:35:06,413,536,76,471,475,785,786
2016-01-18 19:35:07,416,537,76,472,476,785,786
2016-01-18 19:35:08,419,538,76,472,476,785,786
2016-01-18 19:35:09,424,539,76,472,476,785,786
2016-01-18 19:35:10,428,540,76,473,476,785,786
2016-01-18 19:35:11,431,541,76,473,477,785,786
2016-01-18 19:35:12,434,542,76,474,477,785,786
2016-01-18 19:35:13,439,543,76,474,477,785,786
2016-01-18 19:35:14,440,544,76,474,477,785,786
2016-01-18 19:35:15,445,545,76,475,477,785,786
2016-01-18 19:35:16,450,546,76,475,478,785,786
2016-01-18 19:35:17,454,547,76,476,478,785,786
2016-01-18 19:35:18,456,548,76,476,478,785,786
2016-01-18 19:35:19,458,549,76,477,478,785,786
2016-01-18 19:35:20,461,550,76,477,478,785,786
2016-01-18 19:35:21,464,551,76,477,478,785,786
2016-01-18 19:35:22,469,552,76,478,479,785,786
2016-01-18 19:35:23,470,553,76,478,479,785,786
2016-01-18 19:35:24,474,554,76,479,478,785,786
2016-01-18 19:35:25,478,555,76,479,479,785,786
2016-01-18 19:35:26,480,556,76,479,479,785,786
2016-01-18 19:35:27,484,557,76,480,479,785,786
2016-01-18 19:35:28,487,558,76,480,479,785,786
2016-01-18 19:35:29,487,559,76,481,479,785,786
2016-01-18 19:35:30,492,560,76,481,480,785,786
2016-01-18 19:35:31,494,561,76,482,480,785,786
2016-01-18 19:35:32,494,562,76,482,480,785,786
2016-01-18 19:35:33,498,563,76,482,480,785,786
2016-01-18 19:35:34,502,564,76,483,481,785,786
2016-01-18 19:35:35,507,565,76,483,481,785,786
2016-01-18 19:35:36,508,566,76,483,481,785,786
2016-01-18 19:35:37,510,567,76,484,481,785,786
2016-01-18 19:35:38,514,568,76,484,482,785,786
2016-01-18 19:35:39,514,569,76,484,482,785,786
2016-01-18 19:35:40,517,570,76,485,482,785,786
2016-01-18 19:35:41,521,571,76,485,482,785,786
2016-01-18 19:35:42,521,572,76,485,482,785,786
2016-01-18 19:35:43,524,573,76,486,483,785,786
2016-01-18 19:35:44,528,574,76,486,483,785,786
2016-01-18 19:35:45,532,575,76,487,483,785,786
2016-01-18 19:35:46,536,576,76,487,483,785,786
2016-01-18 19:35:47,537,577,76,488,483,785,786
2016-01-18 19:35:48,541,578,76,488,484,785,786
2016-01-18 19:35:49,545,579,76,488,484,785,786
2016-01-18 19:35:50,548,580,76,488,484,785,786
2016-01-18 19:35:51,552,581,76,489,484,785,786
2016-01-18 19:35:52,554,582,76,489,485,785,786
2016-01-18 19:35:53,558,583,76,489,485,785,786
2016-01-18 19:35:54,562,584,76,490,485,785,786
2016-01-18 19:35:55,566,585,76,490,485,785,786
2016-01-18 19:35:56,567,586,76,490,485,785,786
2016-01-18 19:35:57,571,587,76,491,485,785,786
2016-01-18 19:35:58,576,588,76,491,486,785,786
2016-01-18 19:35:59,579,589,76,491,486,785,786
2016-01-18 19:36:00,584,590,76,492,486,785,786
2016-01-18 19:36:01,589,591,76,492,487,785,786
2016-01-18 19:36:02,592,592,76,492,487,785,786
2016-01-18 19:36:03,594,593,76,492,487,785,786
2016-01-18 19:36:04,595,594,76,493,487,785,786
2016-01-18 19:36:05,599,595,76,493,487,785,786
2016-01-18 19:36:06,600,596,76,493,487,785,786
2016-01-18 19:36:07,605,597,76,494,487,785,786
2016-01-18 19:36:08,606,598,76,494,487,785,786
2016-01-18 19:36:09,608,599,76,494,487,785,786
2016-01-18 19:36:10,609,600,76,494,487,785,786
2016-01-18 19:36:11,613,601,76,494,487,785,786
2016-01-18 19:36:12,616,602,76,494,487,785,786
2016-01-18 19:36:13,620,603,76,494,487,785,785
2016-01-18 19:36:14,622,604,76,495,487,785,786
2016-01-18 19:36:15,624,605,76,495,487,785,786
2016-01-18 19:36:16,628,606,76,495,488,785,786
2016-01-18 19:36:17,629,607,76,496,488,785,786
2016-01-18 19:36:18,631,608,76,496,487,785,786
2016-01-18 19:36:19,635,609,76,496,487,785,786
2016-01-18 19:36:20,639,610,76,496,487,785,786
2016-01-18 19:36:21,644,611,76,497,487,785,786
2016-01-18 19:36:22,646,612,76,497,487,785,786
2016-01-18 19:36:23,648,613,76,497,487,785,786
2016-01-18 19:36:24,652,614,76,498,486,785,786
2016-01-18 19:36:25,654,615,76,498,486,785,786
2016-01-18 19:36:26,659,616,76,498,486,785,786
2016-01-18 19:36:27,661,617,76,498,486,785,786
2016-01-18 19:36:28,662,618,76,499,486,785,786
2016-01-18 19:36:29,666,619,76,499,486,785,785
2016-01-18 19:36:30,671,620,76,499,486,785,786
2016-01-18 19:36:31,676,621,76,499,486,785,786
2016-01-18 19:36:32,677,622,76,500,485,785,786
2016-01-18 19:36:33,677,623,76,500,485,785,786
2016-01-18 19:36:34,682,624,76,500,485,785,786
2016-01-18 19:36:35,684,625,76,500,485,785,786
2016-01-18 19:36:36,688,626,76,501,485,785,786
2016-01-18 19:36:37,691,627,76,501,485,785,786
2016-01-18 19:36:38,696,628,76,501,485,785,786
2016-01-18 19:36:39,697,629,76,501,485,785,786
2016-01-18 19:36:40,701,630,76,501,485,785,786
2016-01-18 19:36:41,705,631,76,501,485,785,786
2016-01-18 19:36:42,706,632,76,502,485,785,786
2016-01-18 19:36:43,711,633,76,502,485,785,786
2016-01-18 19:36:44,712,634,76,502,485,785,785
2016-01-18 19:36:45,716,635,76,503,485,785,786
2016-01-18 19:36:46,721,636,76,503,485,785,786
2016-01-18 19:36:47,725,637,76,503,485,785,786
2016-01-18 19:36:48,729,638,76,504,485,785,786
2016-01-18 19:36:49,734,639,76,504,485,785,786
2016-01-18 19:36:50,739,640,76,504,484,784,785
2016-01-18 19:36:51,741,641,76,505,484,785,786
2016-01-18 19:36:52,746,642,76,505,484,785,786
2016-01-18 19:36:53,747,643,76,505,483,785,786
2016-01-18 19:36:54,751,644,76,505,483,785,786
2016-01-18 19:36:55,753,645,76,506,482,785,786
2016-01-18 19:36:56,754,646,76,506,482,785,786
2016-01-18 19:36:57,754,647,76,506,482,785,786
2016-01-18 19:36:58,759,648,76,507,482,785,785
2016-01-18 19:36:59,760,649,76,507,481,785,786
2016-01-18 19:37:00,763,650,76,507,481,785,785
2016-01-18 19:37:01,767,652,76,508,481,785,786
2016-01-18 19:37:02,768,653,76,508,480,785,786
2016-01-18 19:37:03,769,654,76,508,480,785,786
2016-01-18 19:37:04,774,655,76,509,480,785,786
2016-01-18 19:37:05,775,656,76,509,479,785,786
2016-01-18 19:37:06,780,657,76,509,479,784,785
2016-01-18 19:37:07,781,658,76,510,479,785,785
2016-01-18 19:37:08,784,659,76,510,478,785,785
2016-01-18 19:37:09,789,660,76,510,478,785,786
2016-01-18 19:37:10,795,661,76,510,478,785,786
2016-01-18 19:37:11,797,662,76,511,477,784,785
2016-01-18 19:37:12,798,663,76,511,477,785,786
2016-01-18 19:37:13,801,664,76,511,477,784,785
2016-01-18 19:37:14,805,665,76,511,477,785,786
2016-01-18 19:37:15,806,666,76,511,476,785,786
2016-01-18 19:37:16,813,667,76,511,476,785,785
2016-01-18 19:37:17,818,668,76,512,476,785,785
2016-01-18 19:37:18,822,669,76,512,476,785,785
2016-01-18 19:37:19,823,670,76,512,476,785,786
2016-01-18 19:37:20,828,671,76,513,476,785,786
2016-01-18 19:37:21,830,672,76,513,475,785,785
2016-01-18 19:37:22,830,673,76,513,475,785,786
2016-01-18 19:37:23,835,674,76,513,475,785,786
2016-01-18 19:37:24,837,675,76,513,475,785,786
2016-01-18 19:37:25,841,676,76,514,475,785,786
2016-01-18 19:37:26,844,677,76,514,475,785,786
2016-01-18 19:37:27,845,678,76,514,474,785,786
2016-01-18 19:37:28,850,679,76,514,474,785,786
2016-01-18 19:37:29,851,680,76,515,474,785,786
2016-01-18 19:37:30,855,681,76,515,474,785,786
2016-01-18 19:37:31,859,682,76,515,473,784,785
2016-01-18 19:37:32,864,683,76,515,473,785,786
2016-01-18 19:37:33,868,684,76,515,473,785,786
2016-01-18 19:37:34,868,685,76,516,473,785,786
2016-01-18 19:37:35,874,686,76,516,472,785,786
2016-01-18 19:37:36,875,687,76,516,472,784,786
2016-01-18 19:37:37,876,688,76,516,472,785,786
2016-01-18 19:37:38,881,689,76,517,472,785,786
2016-01-18 19:37:39,887,690,76,517,472,785,786
2016-01-18 19:37:40,892,691,76,517,471,785,786
2016-01-18 19:37:41,897,692,76,517,471,785,786
2016-01-18 19:37:42,900,693,76,517,471,785,786
2016-01-18 19:37:43,901,694,76,518,471,785,785
2016-01-18 19:37:44,904,695,76,518,471,784,785
2016-01-18 19:37:45,907,696,76,518,471,784,786
2016-01-18 19:37:46,908,697,76,519,471,785,785
2016-01-18 19:37:47,909,698,76,519,471,785,785
2016-01-18 19:37:48,914,699,76,519,471,785,785
2016-01-18 19:37:49,914,700,76,519,471,785,785
2016-01-18 19:37:50,915,701,76,520,470,785,786
2016-01-18 19:37:51,920,702,76,520,470,784,785
2016-01-18 19:37:52,925,703,76,520,470,785,786
2016-01-18 19:37:53,929,704,76,520,470,785,785
2016-01-18 19:37:54,932,705,76,521,470,785,785
2016-01-18 19:37:55,936,706,76,521,470,785,786
2016-01-18 19:37:56,941,707,76,521,470,785,786
2016-01-18 19:37:57,941,708,76,521,469,784,785
2016-01-18 19:37:58,945,709,76,522,469,784,785
2016-01-18 19:37:59,947,710,76,522,469,785,786
2016-01-18 19:38:00,948,711,76,522,469,784,785
2016-01-18 19:38:01,952,712,76,523,469,785,786
2016-01-18 19:38:02,957,713,76,523,469,785,786
2016-01-18 19:38:03,960,714,76,523,469,785,786
2016-01-18 19:38:04,962,715,76,523,469,785,786
2016-01-18 19:38:05,965,716,76,524,469,784,785
2016-01-18 19:38:06,970,717,76,524,469,784,785
2016-01-18 19:38:07,975,718,76,524,468,784,785
2016-01-18 19:38:08,975,719,76,525,468,785,786
2016-01-18 19:38:09,979,720,76,525,469,785,786
2016-01-18 19:38:10,984,721,76,525,469,785,786
2016-01-18 19:38:11,987,722,76,526,468,785,786
2016-01-18 19:38:12,987,723,76,526,468,785,786
2016-01-18 19:38:13,991,724,76,526,468,785,786
2016-01-18 19:38:14,994,725,76,526,468,785,786
2016-01-18 19:38:15,999,726,76,526,468,785,786
2016-01-18 19:38:17,004,727,76,526,468,785,786
2016-01-18 19:38:18,008,728,76,526,468,785,785
2016-01-18 19:38:19,010,729,76,527,468,785,786
2016-01-18 19:38:20,013,730,76,527,468,785,786
2016-01-18 19:38:21,015,731,76,527,468,784,785
2016-01-18 19:38:22,017,732,76,527,468,785,786
2016-01-18 19:38:23,018,733,76,527,468,785,785
2016-01-18 19:38:24,022,734,76,526,468,785,785
2016-01-18 19:38:25,022,735,76,525,468,785,785
2016-01-18 19:38:26,028,736,76,523,468,785,786
2016-01-18 19:38:27,029,737,76,521,468,785,786
2016-01-18 19:38:28,031,738,76,519,467,785,786
2016-01-18 19:38:29,035,739,76,518,467,785,785
2016-01-18 19:38:30,035,740,77,516,467,785,786
2016-01-18 19:38:31,040,741,76,515,466,785,785
2016-01-18 19:38:32,044,742,76,513,466,784,785
2016-01-18 19:38:33,045,743,76,510,465,784,785
2016-01-18 19:38:34,050,744,77,507,465,785,786
2016-01-18 19:38:35,051,745,76,506,465,785,786
2016-01-18 19:38:36,055,746,76,506,464,785,786
2016-01-18 19:38:37,059,747,76,506,464,785,786
2016-01-18 19:38:38,064,748,76,507,464,784,786
2016-01-18 19:38:39,068,749,76,507,464,784,785
2016-01-18 19:38:40,073,750,76,507,464,784,786
2016-01-18 19:38:41,086,751,76,508,464,784,786
2016-01-18 19:38:42,087,752,76,508,464,784,786
2016-01-18 19:38:43,087,753,76,508,464,784,786
2016-01-18 19:38:44,092,754,77,508,464,785,786
2016-01-18 19:38:45,093,755,76,509,464,784,786
2016-01-18 19:38:46,097,756,77,509,464,785,785
2016-01-18 19:38:47,102,757,76,509,464,785,786
2016-01-18 19:38:48,103,758,76,509,464,784,785
2016-01-18 19:38:49,103,759,77,510,464,785,786
2016-01-18 19:38:50,105,760,77,510,464,785,786
2016-01-18 19:38:51,107,761,76,511,464,785,786
2016-01-18 19:38:52,109,762,77,511,464,785,786
2016-01-18 19:38:53,112,763,76,511,464,784,785
2016-01-18 19:38:54,114,764,76,512,464,785,786
2016-01-18 19:38:55,117,765,76,512,464,785,786
2016-01-18 19:38:56,122,766,77,512,464,785,786
2016-01-18 19:38:57,124,767,76,512,464,784,786
2016-01-18 19:38:58,127,768,77,512,464,785,786
2016-01-18 19:38:59,129,769,76,512,464,784,785
2016-01-18 19:39:00,134,770,77,512,464,785,786
2016-01-18 19:39:01,138,771,77,513,464,785,786
2016-01-18 19:39:02,138,772,77,513,463,785,785
2016-01-18 19:39:03,141,773,76,513,463,784,786
2016-01-18 19:39:04,145,774,77,513,464,785,785
2016-01-18 19:39:05,149,775,76,514,463,785,785
2016-01-18 19:39:06,153,776,77,514,463,785,786
2016-01-18 19:39:07,154,777,76,514,463,784,785
2016-01-18 19:39:08,158,778,76,514,463,785,785
2016-01-18 19:39:09,163,779,76,515,463,784,785
2016-01-18 19:39:10,167,780,77,515,463,785,786
2016-01-18 19:39:11,172,781,76,515,463,784,785
2016-01-18 19:39:12,173,782,77,515,463,785,786
2016-01-18 19:39:13,177,783,76,515,462,785,785
2016-01-18 19:39:14,178,784,77,516,462,785,786
2016-01-18 19:39:15,180,785,77,515,462,784,785
2016-01-18 19:39:16,184,786,77,516,462,785,786
2016-01-18 19:39:17,185,787,76,516,462,784,785
2016-01-18 19:39:18,189,788,77,513,462,784,785
2016-01-18 19:39:19,191,789,77,510,462,784,785
