2019-01-20 09:32:19,328,coffee,datetime,ms,seconds,ambient_temp,thermocouple_0_temp,thermocouple_1_temp,thermocouple_2_temp,thermocouple_3_temp
2019-01-20 09:32:21,441,2,46,522,412,798,799
2019-01-20 09:32:22,447,3,46,514,406,798,799
2019-01-20 09:32:23,450,4,46,504,401,798,799
2019-01-20 09:32:24,453,5,46,491,395,798,799
2019-01-20 09:32:25,457,6,46,479,389,798,799
2019-01-20 09:32:26,463,7,46,466,385,798,799
2019-01-20 09:32:27,468,8,46,454,382,798,799
2019-01-20 09:32:28,469,9,46,443,380,798,799
2019-01-20 09:32:29,475,10,46,432,377,798,799
2019-01-20 09:32:30,481,11,46,421,375,798,799
2019-01-20 09:32:31,484,12,46,412,373,798,799
2019-01-20 09:32:32,487,13,46,402,371,798,799
2019-01-20 09:32:33,491,14,46,393,369,798,799
2019-01-20 09:32:34,496,15,46,384,367,798,799
2019-01-20 09:32:35,500,16,46,377,365,798,799
2019-01-20 09:32:36,505,17,46,368,363,798,799
2019-01-20 09:32:37,508,18,46,361,361,798,799
2019-01-20 09:32:38,514,19,46,354,360,798,799
2019-01-20 09:32:39,516,20,46,347,358,798,799
2019-01-20 09:32:40,521,21,46,340,357,798,799
2019-01-20 09:32:41,525,22,46,333,356,798,799
2019-01-20 09:32:42,527,23,46,327,354,798,799
2019-01-20 09:32:43,531,24,46,321,353,798,799
2019-01-20 09:32:44,535,25,46,315,352,798,799
2019-01-20 09:32:45,541,26,46,310,351,798,799
2019-01-20 09:32:46,546,27,46,304,349,798,799
2019-01-20 09:32:47,552,28,46,299,349,798,799
2019-01-20 09:32:48,558,29,46,294,347,798,799
2019-01-20 09:32:49,564,30,46,290,347,798,799
2019-01-20 09:32:50,566,31,46,285,345,798,799
2019-01-20 09:32:51,569,32,46,281,345,798,799
2019-01-20 09:32:52,572,33,46,277,344,798,799
2019-01-20 09:32:53,576,34,46,274,343,798,799
2019-01-20 09:32:54,579,35,46,270,343,798,799
2019-01-20 09:32:55,582,36,46,266,342,798,799
2019-01-20 09:32:56,586,37,46,262,342,798,799
2019-01-20 09:32:57,588,38,46,259,341,798,799
2019-01-20 09:32:58,592,39,46,256,341,798,799
2019-01-20 09:32:59,598,40,46,253,340,798,799
2019-01-20 09:33:00,601,41,46,251,340,798,799
2019-01-20 09:33:01,606,42,46,248,339,798,799
2019-01-20 09:33:02,610,43,46,246,338,798,799
2019-01-20 09:33:03,612,44,46,243,338,798,799
2019-01-20 09:33:04,617,45,46,241,338,798,799
2019-01-20 09:33:05,622,46,46,239,337,798,799
2019-01-20 09:33:06,627,47,46,237,337,798,799
2019-01-20 09:33:07,632,48,47,235,336,798,799
2019-01-20 09:33:08,635,49,46,233,336,798,799
2019-01-20 09:33:09,638,50,46,231,335,798,799
2019-01-20 09:33:10,640,51,46,229,335,798,799
2019-01-20 09:33:11,641,52,46,228,335,798,799
2019-01-20 09:33:12,647,53,47,227,335,798,799
2019-01-20 09:33:13,652,54,46,225,334,798,799
2019-01-20 09:33:14,655,55,47,224,334,798,799
2019-01-20 09:33:15,659,56,47,223,334,798,799
2019-01-20 09:33:16,663,57,47,222,334,798,799
2019-01-20 09:33:17,666,58,47,220,333,798,799
2019-01-20 09:33:18,670,59,47,219,333,798,799
2019-01-20 09:33:19,672,60,47,218,333,798,799
2019-01-20 09:33:20,676,61,47,217,333,798,799
2019-01-20 09:33:21,679,62,47,216,333,798,799
2019-01-20 09:33:22,682,63,47,216,333,798,799
2019-01-20 09:33:23,685,64,47,215,334,798,799
2019-01-20 09:33:24,689,65,47,214,334,798,799
2019-01-20 09:33:25,691,66,47,214,335,798,799
2019-01-20 09:33:26,694,67,47,213,336,798,799
2019-01-20 09:33:27,697,68,47,213,337,798,799
2019-01-20 09:33:28,700,69,47,212,337,798,799
2019-01-20 09:33:29,703,70,47,212,338,798,799
2019-01-20 09:33:30,707,71,47,211,338,798,799
2019-01-20 09:33:31,709,72,47,211,339,798,799
2019-01-20 09:33:32,713,73,47,211,339,798,799
2019-01-20 09:33:33,716,74,47,211,340,798,799
2019-01-20 09:33:34,719,75,47,210,341,798,799
2019-01-20 09:33:35,723,76,47,210,342,798,799
2019-01-20 09:33:36,726,77,47,210,342,798,799
2019-01-20 09:33:37,730,78,47,210,343,798,799
2019-01-20 09:33:38,733,79,47,210,343,798,799
2019-01-20 09:33:39,734,80,47,210,344,798,799
2019-01-20 09:33:40,737,81,47,210,345,798,799
2019-01-20 09:33:41,740,82,47,211,345,798,799
2019-01-20 09:33:42,744,83,47,211,346,798,799
2019-01-20 09:33:43,747,84,47,211,346,798,799
2019-01-20 09:33:44,749,85,47,211,347,798,799
2019-01-20 09:33:45,753,86,47,211,347,798,799
2019-01-20 09:33:46,756,87,47,211,348,798,799
2019-01-20 09:33:47,759,88,47,211,348,798,799
2019-01-20 09:33:48,761,89,47,211,349,798,799
2019-01-20 09:33:49,764,90,47,212,349,798,799
2019-01-20 09:33:50,768,91,47,212,350,798,799
2019-01-20 09:33:51,771,92,47,212,350,798,799
2019-01-20 09:33:52,773,93,47,213,351,798,799
2019-01-20 09:33:53,778,94,47,213,351,798,799
2019-01-20 09:33:54,785,95,47,214,352,798,799
2019-01-20 09:33:55,788,96,47,214,352,798,799
2019-01-20 09:33:56,792,97,47,214,353,798,799
2019-01-20 09:33:57,796,98,47,215,353,798,799
2019-01-20 09:33:58,799,99,47,215,354,798,799
2019-01-20 09:33:59,806,100,47,216,354,798,799
2019-01-20 09:34:00,809,101,47,216,355,798,799
2019-01-20 09:34:01,815,102,47,217,355,798,799
2019-01-20 09:34:02,821,103,47,218,356,798,799
2019-01-20 09:34:03,824,104,47,218,356,798,799
2019-01-20 09:34:04,830,105,47,219,357,798,799
2019-01-20 09:34:05,836,106,47,219,357,798,799
2019-01-20 09:34:06,842,107,47,220,358,798,799
2019-01-20 09:34:07,845,108,47,220,358,798,799
2019-01-20 09:34:08,847,109,47,221,359,798,799
2019-01-20 09:34:09,850,110,47,221,359,798,799
2019-01-20 09:34:10,853,111,47,222,359,798,799
2019-01-20 09:34:11,857,112,47,223,360,798,799
2019-01-20 09:34:12,860,113,47,223,360,798,799
2019-01-20 09:34:13,865,114,47,224,360,798,799
2019-01-20 09:34:14,871,115,47,225,361,798,799
2019-01-20 09:34:15,873,116,47,225,361,798,799
2019-01-20 09:34:16,879,117,47,226,361,798,799
2019-01-20 09:34:17,885,118,47,226,362,798,799
2019-01-20 09:34:18,891,119,47,227,362,798,799
2019-01-20 09:34:19,894,120,47,228,363,798,799
2019-01-20 09:34:20,900,121,47,229,363,798,799
2019-01-20 09:34:21,906,122,47,230,363,798,799
2019-01-20 09:34:22,912,123,47,230,364,798,799
2019-01-20 09:34:23,916,124,47,231,364,798,799
2019-01-20 09:34:24,922,125,47,232,365,798,799
2019-01-20 09:34:25,924,126,47,233,365,798,799
2019-01-20 09:34:26,930,127,47,233,365,798,799
2019-01-20 09:34:27,935,128,47,234,366,798,799
2019-01-20 09:34:28,936,129,47,235,366,798,799
2019-01-20 09:34:29,939,130,47,236,367,798,799
2019-01-20 09:34:30,941,131,47,236,367,798,799
2019-01-20 09:34:31,942,132,47,237,367,798,799
2019-01-20 09:34:32,947,133,47,238,368,798,799
2019-01-20 09:34:33,950,134,47,239,368,798,799
2019-01-20 09:34:34,953,135,47,239,368,798,799
2019-01-20 09:34:35,956,136,47,240,369,798,799
2019-01-20 09:34:36,962,137,47,241,369,798,799
2019-01-20 09:34:37,967,138,47,242,370,798,799
2019-01-20 09:34:38,969,139,47,242,370,798,799
2019-01-20 09:34:39,974,140,47,243,370,798,799
2019-01-20 09:34:40,979,141,47,244,371,798,799
2019-01-20 09:34:41,985,142,47,245,371,798,799
2019-01-20 09:34:42,989,143,47,246,371,798,799
2019-01-20 09:34:43,992,144,47,247,372,798,799
2019-01-20 09:34:44,995,145,47,247,372,798,799
2019-01-20 09:34:45,998,146,47,248,372,798,799
2019-01-20 09:34:47,002,147,47,249,373,798,799
2019-01-20 09:34:48,004,148,47,250,373,798,799
2019-01-20 09:34:49,011,149,47,250,374,798,799
2019-01-20 09:34:50,016,150,47,251,374,798,799
2019-01-20 09:34:51,022,151,47,252,374,798,799
2019-01-20 09:34:52,028,152,47,253,375,798,799
2019-01-20 09:34:53,029,153,47,254,375,798,799
2019-01-20 09:34:54,035,154,47,255,375,798,799
2019-01-20 09:34:55,041,155,47,255,375,798,799
2019-01-20 09:34:56,047,156,47,256,376,798,799
2019-01-20 09:34:57,053,157,47,257,376,798,799
2019-01-20 09:34:58,059,158,48,258,376,798,799
2019-01-20 09:34:59,065,159,47,259,377,798,799
2019-01-20 09:35:00,071,160,48,260,377,798,799
2019-01-20 09:35:01,077,161,48,260,377,798,799
2019-01-20 09:35:02,081,162,48,261,378,798,799
2019-01-20 09:35:03,086,163,48,262,378,798,799
2019-01-20 09:35:04,092,164,48,263,378,798,799
2019-01-20 09:35:05,098,165,48,264,379,798,799
2019-01-20 09:35:06,104,166,48,264,379,798,799
2019-01-20 09:35:07,105,167,48,265,379,798,799
2019-01-20 09:35:08,109,168,48,266,380,798,799
2019-01-20 09:35:09,113,169,48,267,380,798,799
2019-01-20 09:35:10,119,170,48,268,380,798,799
2019-01-20 09:35:11,122,171,48,268,381,798,799
2019-01-20 09:35:12,124,172,48,269,381,798,799
2019-01-20 09:35:13,130,173,48,270,381,798,799
2019-01-20 09:35:14,134,174,48,271,382,798,799
2019-01-20 09:35:15,137,175,48,272,382,798,799
2019-01-20 09:35:16,143,176,48,272,382,798,799
2019-01-20 09:35:17,149,177,48,273,382,798,799
2019-01-20 09:35:18,155,178,48,274,383,798,799
2019-01-20 09:35:19,158,179,48,275,383,798,799
2019-01-20 09:35:20,162,180,48,275,383,798,799
2019-01-20 09:35:21,167,181,48,276,383,798,799
2019-01-20 09:35:22,174,182,48,277,384,798,799
2019-01-20 09:35:23,180,183,48,278,384,798,799
2019-01-20 09:35:24,186,184,48,279,385,798,799
2019-01-20 09:35:25,188,185,48,279,385,798,799
2019-01-20 09:35:26,191,186,48,280,385,798,799
2019-01-20 09:35:27,194,187,48,281,386,798,799
2019-01-20 09:35:28,201,188,48,282,386,798,799
2019-01-20 09:35:29,206,189,48,283,386,798,799
2019-01-20 09:35:30,212,190,48,284,387,798,799
2019-01-20 09:35:31,218,191,48,284,387,798,799
2019-01-20 09:35:32,224,192,48,285,387,798,799
2019-01-20 09:35:33,230,193,48,286,388,798,799
2019-01-20 09:35:34,236,194,48,287,388,798,799
2019-01-20 09:35:35,238,195,48,288,388,798,799
2019-01-20 09:35:36,240,196,48,288,389,798,799
2019-01-20 09:35:37,244,197,48,289,389,798,799
2019-01-20 09:35:38,246,198,48,290,389,798,799
2019-01-20 09:35:39,250,199,48,291,390,798,799
2019-01-20 09:35:40,255,200,48,291,390,798,799
2019-01-20 09:35:41,256,201,48,292,390,798,799
2019-01-20 09:35:42,260,202,48,293,391,798,799
2019-01-20 09:35:43,262,203,48,294,391,798,799
2019-01-20 09:35:44,265,204,48,294,391,798,799
2019-01-20 09:35:45,270,205,48,295,391,798,799
2019-01-20 09:35:46,276,206,48,296,392,798,799
2019-01-20 09:35:47,283,207,48,297,392,798,799
2019-01-20 09:35:48,286,208,48,297,392,798,799
2019-01-20 09:35:49,292,209,48,298,393,798,799
2019-01-20 09:35:50,296,210,48,299,393,798,799
2019-01-20 09:35:51,301,211,48,300,393,798,799
2019-01-20 09:35:52,308,212,48,301,394,798,799
2019-01-20 09:35:53,314,213,48,301,394,798,799
2019-01-20 09:35:54,320,214,48,302,394,798,799
2019-01-20 09:35:55,326,216,48,303,394,798,799
2019-01-20 09:35:56,329,217,48,304,395,798,799
2019-01-20 09:35:57,333,218,48,304,395,798,799
2019-01-20 09:35:58,339,219,48,305,395,798,799
2019-01-20 09:35:59,343,220,48,306,396,798,799
2019-01-20 09:36:00,347,221,48,307,396,798,799
2019-01-20 09:36:01,349,222,48,307,396,798,799
2019-01-20 09:36:02,354,223,48,308,396,798,799
2019-01-20 09:36:03,360,224,48,309,397,798,799
2019-01-20 09:36:04,363,225,48,310,397,798,799
2019-01-20 09:36:05,366,226,48,310,397,798,799
2019-01-20 09:36:06,373,227,48,311,397,798,799
2019-01-20 09:36:07,375,228,48,312,397,798,799
2019-01-20 09:36:08,375,229,48,313,398,798,799
2019-01-20 09:36:09,381,230,48,313,398,798,799
2019-01-20 09:36:10,388,231,48,314,399,798,799
2019-01-20 09:36:11,391,232,48,315,399,798,799
2019-01-20 09:36:12,397,233,48,316,399,798,799
2019-01-20 09:36:13,403,234,48,316,399,798,799
2019-01-20 09:36:14,410,235,48,317,400,798,799
2019-01-20 09:36:15,416,236,48,318,400,798,799
2019-01-20 09:36:16,419,237,48,318,400,798,799
2019-01-20 09:36:17,425,238,48,319,400,798,799
2019-01-20 09:36:18,427,239,48,320,401,798,799
2019-01-20 09:36:19,434,240,48,321,401,798,799
2019-01-20 09:36:20,435,241,48,322,401,798,799
2019-01-20 09:36:21,436,242,48,322,402,798,799
2019-01-20 09:36:22,438,243,48,323,402,798,799
2019-01-20 09:36:23,441,244,48,324,402,798,799
2019-01-20 09:36:24,441,245,48,324,403,798,799
2019-01-20 09:36:25,444,246,48,325,403,798,799
2019-01-20 09:36:26,450,247,48,326,403,798,799
2019-01-20 09:36:27,453,248,48,327,404,798,799
2019-01-20 09:36:28,457,249,48,327,404,798,799
2019-01-20 09:36:29,462,250,48,328,404,798,799
2019-01-20 09:36:30,466,251,48,329,404,798,799
2019-01-20 09:36:31,468,252,48,330,405,798,799
2019-01-20 09:36:32,473,253,48,330,405,798,799
2019-01-20 09:36:33,477,254,48,331,405,798,799
2019-01-20 09:36:34,480,255,48,331,406,798,799
2019-01-20 09:36:35,483,256,48,332,406,798,799
2019-01-20 09:36:36,487,257,48,333,406,798,799
2019-01-20 09:36:37,490,258,48,334,407,798,799
2019-01-20 09:36:38,494,259,48,334,407,798,799
2019-01-20 09:36:39,497,260,48,335,407,798,799
2019-01-20 09:36:40,502,261,48,335,407,798,799
2019-01-20 09:36:41,503,262,48,336,408,798,799
2019-01-20 09:36:42,505,263,48,337,408,798,799
2019-01-20 09:36:43,510,264,48,338,409,798,799
2019-01-20 09:36:44,513,265,48,338,409,798,799
2019-01-20 09:36:45,516,266,48,339,409,798,799
2019-01-20 09:36:46,522,267,48,340,409,798,799
2019-01-20 09:36:47,525,268,48,340,410,798,799
2019-01-20 09:36:48,528,269,48,341,410,798,799
2019-01-20 09:36:49,529,270,48,342,410,798,799
2019-01-20 09:36:50,535,271,48,342,410,798,799
2019-01-20 09:36:51,538,272,48,343,411,798,799
2019-01-20 09:36:52,539,273,48,344,411,798,799
2019-01-20 09:36:53,542,274,48,344,411,798,799
2019-01-20 09:36:54,547,275,48,345,411,798,799
2019-01-20 09:36:55,550,276,48,346,412,798,799
2019-01-20 09:36:56,555,277,48,347,412,798,799
2019-01-20 09:36:57,558,278,48,347,412,798,799
2019-01-20 09:36:58,561,279,48,348,413,798,799
2019-01-20 09:36:59,565,280,48,348,413,798,799
2019-01-20 09:37:00,566,281,48,349,414,798,799
2019-01-20 09:37:01,568,282,48,350,414,798,799
2019-01-20 09:37:02,574,283,48,350,414,798,799
2019-01-20 09:37:03,579,284,48,351,414,798,799
2019-01-20 09:37:04,583,285,48,352,415,798,799
2019-01-20 09:37:05,587,286,48,352,415,798,799
2019-01-20 09:37:06,590,287,48,353,415,798,799
2019-01-20 09:37:07,594,288,48,354,415,798,799
2019-01-20 09:37:08,599,289,48,354,416,798,799
2019-01-20 09:37:09,602,290,48,355,416,798,799
2019-01-20 09:37:10,606,291,48,356,416,798,799
2019-01-20 09:37:11,611,292,48,356,416,798,799
2019-01-20 09:37:12,615,293,48,357,417,798,799
2019-01-20 09:37:13,620,294,48,358,417,798,799
2019-01-20 09:37:14,624,295,48,358,417,798,799
2019-01-20 09:37:15,628,296,48,359,417,798,799
2019-01-20 09:37:16,632,297,49,360,417,798,799
2019-01-20 09:37:17,635,298,49,360,418,798,799
2019-01-20 09:37:18,637,299,48,361,418,798,799
2019-01-20 09:37:19,638,300,49,361,418,798,799
2019-01-20 09:37:20,640,301,49,362,419,798,799
2019-01-20 09:37:21,648,302,49,363,419,798,799
2019-01-20 09:37:22,654,303,49,363,419,798,799
2019-01-20 09:37:23,661,304,49,364,419,798,799
2019-01-20 09:37:24,666,305,49,364,420,798,799
2019-01-20 09:37:25,675,306,49,365,420,798,799
2019-01-20 09:37:26,676,307,49,366,420,798,799
2019-01-20 09:37:27,680,308,49,366,421,798,799
2019-01-20 09:37:28,685,309,49,367,421,798,799
2019-01-20 09:37:29,694,310,49,368,421,798,799
2019-01-20 09:37:30,700,311,49,368,421,798,799
2019-01-20 09:37:31,708,312,49,369,422,798,799
2019-01-20 09:37:32,714,313,49,369,422,798,799
2019-01-20 09:37:33,716,314,49,370,422,798,799
2019-01-20 09:37:34,723,315,49,371,422,798,799
2019-01-20 09:37:35,729,316,49,371,423,798,799
2019-01-20 09:37:36,730,317,49,372,423,798,799
2019-01-20 09:37:37,739,318,49,373,423,798,799
2019-01-20 09:37:38,741,319,49,373,423,798,799
2019-01-20 09:37:39,747,320,49,374,424,798,799
2019-01-20 09:37:40,755,321,49,374,424,798,799
2019-01-20 09:37:41,761,322,49,375,424,798,799
2019-01-20 09:37:42,767,323,49,375,424,798,799
2019-01-20 09:37:43,777,324,49,376,424,798,799
2019-01-20 09:37:44,781,325,49,376,425,798,799
2019-01-20 09:37:45,785,326,49,377,425,798,799
2019-01-20 09:37:46,790,327,49,378,425,798,799
2019-01-20 09:37:47,796,328,49,378,425,798,799
2019-01-20 09:37:48,800,329,49,379,426,798,799
2019-01-20 09:37:49,810,330,49,379,426,798,799
2019-01-20 09:37:50,819,331,49,380,426,798,799
2019-01-20 09:37:51,827,332,49,381,426,798,799
2019-01-20 09:37:52,828,333,49,381,427,798,799
2019-01-20 09:37:53,838,334,49,382,427,798,799
2019-01-20 09:37:54,843,335,49,382,427,798,799
2019-01-20 09:37:55,851,336,49,383,427,798,799
2019-01-20 09:37:56,853,337,49,383,427,798,799
2019-01-20 09:37:57,860,338,49,384,428,798,799
2019-01-20 09:37:58,866,339,49,385,428,798,799
2019-01-20 09:37:59,876,340,49,385,428,798,799
2019-01-20 09:38:00,883,341,49,386,428,798,799
2019-01-20 09:38:01,893,342,49,387,428,798,799
2019-01-20 09:38:02,900,343,49,387,429,798,799
2019-01-20 09:38:03,910,344,49,388,429,798,799
2019-01-20 09:38:04,920,345,49,388,429,798,799
2019-01-20 09:38:05,925,346,49,389,430,798,799
2019-01-20 09:38:06,928,347,49,389,430,798,799
2019-01-20 09:38:07,938,348,49,390,430,798,799
2019-01-20 09:38:08,940,349,49,390,430,798,799
2019-01-20 09:38:09,944,350,49,391,430,798,799
2019-01-20 09:38:10,948,351,49,392,431,798,799
2019-01-20 09:38:11,950,352,49,392,431,798,799
2019-01-20 09:38:12,959,353,49,393,431,798,799
2019-01-20 09:38:13,969,354,49,393,432,798,799
2019-01-20 09:38:14,970,355,49,394,432,798,799
2019-01-20 09:38:15,980,356,49,394,432,798,799
2019-01-20 09:38:16,982,357,49,395,432,798,799
2019-01-20 09:38:17,988,358,49,395,433,798,799
2019-01-20 09:38:18,994,359,49,396,433,798,799
2019-01-20 09:38:19,998,360,49,397,433,798,799
2019-01-20 09:38:21,000,361,49,397,433,798,799
2019-01-20 09:38:22,004,362,49,398,434,798,799
2019-01-20 09:38:23,011,363,49,398,434,798,799
2019-01-20 09:38:24,020,364,49,399,434,798,799
2019-01-20 09:38:25,021,365,49,399,434,798,799
2019-01-20 09:38:26,023,366,49,400,434,798,799
2019-01-20 09:38:27,027,367,49,400,434,798,799
2019-01-20 09:38:28,032,368,49,401,435,798,799
2019-01-20 09:38:29,033,369,49,401,435,798,799
2019-01-20 09:38:30,044,370,49,402,435,798,799
2019-01-20 09:38:31,049,371,49,402,435,798,799
2019-01-20 09:38:32,059,372,49,403,436,798,799
2019-01-20 09:38:33,068,373,49,403,436,798,799
2019-01-20 09:38:34,070,374,49,404,436,798,799
2019-01-20 09:38:35,073,375,49,404,436,798,799
2019-01-20 09:38:36,076,376,49,405,436,798,799
2019-01-20 09:38:37,078,377,49,406,437,798,799
2019-01-20 09:38:38,081,378,49,406,437,798,799
2019-01-20 09:38:39,087,379,49,407,438,798,799
2019-01-20 09:38:40,091,380,49,407,438,798,799
2019-01-20 09:38:41,099,381,49,408,439,798,799
2019-01-20 09:38:42,105,382,49,408,439,798,799
2019-01-20 09:38:43,106,383,49,409,440,798,799
2019-01-20 09:38:44,114,384,49,409,439,798,798
2019-01-20 09:38:45,115,385,49,410,439,798,798
2019-01-20 09:38:46,119,386,49,410,439,798,799
2019-01-20 09:38:47,124,387,49,411,440,798,799
2019-01-20 09:38:48,127,388,49,412,440,798,799
2019-01-20 09:38:49,133,389,49,412,441,798,799
2019-01-20 09:38:50,139,390,49,413,441,798,799
2019-01-20 09:38:51,149,391,49,413,441,798,798
2019-01-20 09:38:52,155,392,49,414,442,798,798
2019-01-20 09:38:53,159,393,49,414,442,798,799
2019-01-20 09:38:54,168,394,49,415,443,798,799
2019-01-20 09:38:55,179,395,49,415,443,798,799
2019-01-20 09:38:56,189,396,49,416,444,798,799
2019-01-20 09:38:57,192,397,49,416,444,798,799
2019-01-20 09:38:58,198,398,49,417,444,798,798
2019-01-20 09:38:59,204,399,49,418,445,798,798
2019-01-20 09:39:00,211,400,49,418,445,798,798
2019-01-20 09:39:01,218,401,49,419,445,798,798
2019-01-20 09:39:02,223,402,49,419,445,798,798
2019-01-20 09:39:03,228,403,49,420,446,798,798
2019-01-20 09:39:04,234,404,49,420,446,798,798
2019-01-20 09:39:05,245,405,49,421,446,798,798
2019-01-20 09:39:06,251,406,49,421,446,798,799
2019-01-20 09:39:07,257,407,49,422,446,798,798
2019-01-20 09:39:08,263,408,49,422,446,798,798
2019-01-20 09:39:09,267,409,49,423,447,798,798
2019-01-20 09:39:10,268,410,49,423,447,798,798
2019-01-20 09:39:11,278,411,49,424,447,798,798
2019-01-20 09:39:12,287,412,49,424,447,798,798
2019-01-20 09:39:13,295,413,49,425,447,798,798
2019-01-20 09:39:14,303,414,49,425,448,798,799
2019-01-20 09:39:15,311,415,49,426,448,798,798
2019-01-20 09:39:16,312,416,49,426,448,798,798
2019-01-20 09:39:17,317,417,49,427,448,798,798
2019-01-20 09:39:18,320,418,49,427,449,798,798
2019-01-20 09:39:19,324,419,49,428,449,798,799
2019-01-20 09:39:20,329,421,49,428,449,798,798
2019-01-20 09:39:21,339,422,49,429,449,798,798
2019-01-20 09:39:22,349,423,49,429,449,798,798
2019-01-20 09:39:23,355,424,49,430,449,798,798
2019-01-20 09:39:24,365,425,49,430,449,798,798
2019-01-20 09:39:25,374,426,49,431,449,798,798
2019-01-20 09:39:26,384,427,49,431,449,798,798
2019-01-20 09:39:27,388,428,49,432,449,798,798
2019-01-20 09:39:28,391,429,49,432,450,798,798
2019-01-20 09:39:29,395,430,49,433,450,798,798
2019-01-20 09:39:30,400,431,49,433,450,798,798
2019-01-20 09:39:31,403,432,49,434,450,798,798
2019-01-20 09:39:32,407,433,49,434,450,798,798
2019-01-20 09:39:33,416,434,49,435,450,798,798
2019-01-20 09:39:34,418,435,49,435,450,798,798
2019-01-20 09:39:35,423,436,49,436,450,798,798
2019-01-20 09:39:36,427,437,49,436,450,798,798
2019-01-20 09:39:37,431,438,49,436,450,797,798
2019-01-20 09:39:38,435,439,49,437,451,798,798
2019-01-20 09:39:39,438,440,49,437,451,798,798
2019-01-20 09:39:40,449,441,49,438,451,797,798
2019-01-20 09:39:41,458,442,49,438,451,798,798
2019-01-20 09:39:42,461,443,49,439,452,798,798
2019-01-20 09:39:43,464,444,49,439,452,798,798
2019-01-20 09:39:44,467,445,49,440,452,798,798
2019-01-20 09:39:45,474,446,49,440,452,797,798
2019-01-20 09:39:46,476,447,49,440,452,797,798
2019-01-20 09:39:47,477,448,49,441,452,797,798
2019-01-20 09:39:48,486,449,49,442,452,798,798
2019-01-20 09:39:49,497,450,49,442,452,797,798
2019-01-20 09:39:50,502,451,49,442,453,798,798
2019-01-20 09:39:51,505,452,49,443,453,797,798
2019-01-20 09:39:52,507,453,49,443,453,798,798
2019-01-20 09:39:53,512,454,49,443,453,798,798
2019-01-20 09:39:54,521,455,49,444,453,797,798
2019-01-20 09:39:55,527,456,49,445,453,797,798
2019-01-20 09:39:56,530,457,50,445,454,798,798
2019-01-20 09:39:57,533,458,49,446,453,797,798
2019-01-20 09:39:58,537,459,49,446,454,797,798
2019-01-20 09:39:59,538,460,49,447,454,798,798
2019-01-20 09:40:00,546,461,49,447,454,797,798
2019-01-20 09:40:01,553,462,49,447,454,797,798
2019-01-20 09:40:02,559,463,49,448,454,797,798
2019-01-20 09:40:03,564,464,49,448,454,797,798
2019-01-20 09:40:04,565,465,50,449,455,797,798
2019-01-20 09:40:05,575,466,49,449,455,797,798
2019-01-20 09:40:06,577,467,49,450,455,797,798
2019-01-20 09:40:07,579,468,50,450,455,797,798
2019-01-20 09:40:08,586,469,50,451,455,797,798
2019-01-20 09:40:09,589,470,50,451,456,797,798
2019-01-20 09:40:10,595,471,49,451,456,797,798
2019-01-20 09:40:11,600,472,50,452,456,797,798
2019-01-20 09:40:12,603,473,50,452,456,797,798
2019-01-20 09:40:13,606,474,50,453,456,797,798
2019-01-20 09:40:14,615,475,50,453,457,797,798
2019-01-20 09:40:15,623,476,50,454,457,797,798
2019-01-20 09:40:16,628,477,50,454,457,797,798
2019-01-20 09:40:17,638,478,50,455,457,797,798
2019-01-20 09:40:18,642,479,50,455,458,797,798
2019-01-20 09:40:19,644,480,50,455,458,797,798
2019-01-20 09:40:20,655,481,50,456,458,797,798
2019-01-20 09:40:21,660,482,50,456,458,797,798
2019-01-20 09:40:22,671,483,50,457,458,797,798
2019-01-20 09:40:23,680,484,50,457,458,797,798
2019-01-20 09:40:24,685,485,50,457,458,797,798
2019-01-20 09:40:25,691,486,50,458,458,797,798
2019-01-20 09:40:26,696,487,50,458,458,797,798
2019-01-20 09:40:27,697,488,50,459,459,797,798
2019-01-20 09:40:28,699,489,50,459,459,797,798
2019-01-20 09:40:29,705,490,50,460,459,797,798
2019-01-20 09:40:30,714,491,50,460,459,797,798
2019-01-20 09:40:31,716,492,50,461,459,797,798
2019-01-20 09:40:32,719,493,50,461,459,797,798
2019-01-20 09:40:33,722,494,50,461,459,797,798
2019-01-20 09:40:34,727,495,50,462,459,797,798
2019-01-20 09:40:35,737,496,50,462,459,797,798
2019-01-20 09:40:36,743,497,50,462,459,797,798
2019-01-20 09:40:37,745,498,50,463,460,797,798
2019-01-20 09:40:38,756,499,50,463,460,797,798
2019-01-20 09:40:39,762,500,50,464,460,797,798
2019-01-20 09:40:40,768,501,50,464,460,797,798
2019-01-20 09:40:41,776,502,50,465,461,797,798
2019-01-20 09:40:42,778,503,50,465,461,797,798
2019-01-20 09:40:43,780,504,50,466,461,797,798
2019-01-20 09:40:44,791,505,50,466,461,797,798
2019-01-20 09:40:45,797,506,50,467,462,797,798
2019-01-20 09:40:46,801,507,50,467,462,797,798
2019-01-20 09:40:47,807,508,50,467,462,797,798
2019-01-20 09:40:48,817,509,50,467,462,797,798
2019-01-20 09:40:49,821,510,50,468,462,797,798
2019-01-20 09:40:50,827,511,50,468,462,797,798
2019-01-20 09:40:51,833,512,50,469,462,797,798
2019-01-20 09:40:52,835,513,50,469,462,797,798
2019-01-20 09:40:53,840,514,50,470,463,797,798
2019-01-20 09:40:54,852,515,50,470,463,797,798
2019-01-20 09:40:55,857,516,50,471,463,797,798
2019-01-20 09:40:56,863,517,50,471,463,797,798
2019-01-20 09:40:57,868,518,50,472,463,797,798
2019-01-20 09:40:58,878,519,50,472,464,797,798
2019-01-20 09:40:59,881,520,50,472,464,797,798
2019-01-20 09:41:00,883,521,50,473,464,797,798
2019-01-20 09:41:01,884,522,50,473,464,797,798
2019-01-20 09:41:02,885,523,50,473,464,797,798
2019-01-20 09:41:03,894,524,50,474,465,797,798
2019-01-20 09:41:04,899,525,50,474,465,797,798
2019-01-20 09:41:05,905,526,50,475,465,797,798
2019-01-20 09:41:06,915,527,50,475,465,797,798
2019-01-20 09:41:07,921,528,50,476,466,797,798
2019-01-20 09:41:08,925,529,50,476,466,797,798
2019-01-20 09:41:09,931,530,50,477,466,797,798
2019-01-20 09:41:10,935,531,50,477,466,797,798
2019-01-20 09:41:11,941,532,50,477,466,797,798
2019-01-20 09:41:12,944,533,50,478,466,797,798
2019-01-20 09:41:13,946,534,50,478,466,797,798
2019-01-20 09:41:14,957,535,50,479,466,797,798
2019-01-20 09:41:15,963,536,50,479,465,797,798
2019-01-20 09:41:16,969,537,50,480,465,797,798
2019-01-20 09:41:17,975,538,50,480,466,797,798
2019-01-20 09:41:18,986,539,50,481,466,797,798
2019-01-20 09:41:19,992,540,50,481,467,797,798
2019-01-20 09:41:21,000,541,50,481,467,797,798
2019-01-20 09:41:22,010,542,50,482,467,797,798
2019-01-20 09:41:23,017,543,50,482,467,797,798
2019-01-20 09:41:24,022,544,50,483,468,797,798
2019-01-20 09:41:25,028,545,50,483,468,797,798
2019-01-20 09:41:26,032,546,50,484,468,797,798
2019-01-20 09:41:27,034,547,50,484,468,797,798
2019-01-20 09:41:28,042,548,50,485,468,797,798
2019-01-20 09:41:29,047,549,50,485,469,797,798
2019-01-20 09:41:30,055,550,50,486,469,797,798
2019-01-20 09:41:31,060,551,50,486,469,797,798
2019-01-20 09:41:32,067,552,50,486,469,797,798
2019-01-20 09:41:33,072,553,50,487,470,797,798
2019-01-20 09:41:34,075,554,50,487,470,797,798
2019-01-20 09:41:35,084,555,50,488,470,797,798
2019-01-20 09:41:36,090,556,50,488,470,797,798
2019-01-20 09:41:37,095,557,50,488,471,797,798
2019-01-20 09:41:38,098,558,50,489,471,797,798
2019-01-20 09:41:39,110,559,50,489,471,797,798
2019-01-20 09:41:40,121,560,50,490,472,797,798
2019-01-20 09:41:41,126,561,50,490,472,797,798
2019-01-20 09:41:42,131,562,50,491,473,797,798
2019-01-20 09:41:43,137,563,50,491,473,797,798
2019-01-20 09:41:44,143,564,50,491,473,797,798
2019-01-20 09:41:45,155,565,50,492,473,797,798
2019-01-20 09:41:46,166,566,50,492,474,797,798
2019-01-20 09:41:47,176,567,50,493,474,797,798
2019-01-20 09:41:48,186,568,50,493,474,797,798
2019-01-20 09:41:49,197,569,50,494,475,797,798
2019-01-20 09:41:50,208,570,50,494,475,797,798
2019-01-20 09:41:51,219,571,50,495,475,797,798
2019-01-20 09:41:52,224,572,50,495,475,797,798
2019-01-20 09:41:53,230,573,50,496,475,797,798
2019-01-20 09:41:54,235,574,50,496,476,797,798
2019-01-20 09:41:55,246,575,50,496,476,797,798
2019-01-20 09:41:56,253,576,50,497,476,797,798
2019-01-20 09:41:57,257,577,50,497,476,797,798
2019-01-20 09:41:58,260,578,50,498,477,797,798
2019-01-20 09:41:59,267,579,50,498,477,797,798
2019-01-20 09:42:00,278,580,50,499,477,797,798
2019-01-20 09:42:01,285,581,50,499,477,797,798
2019-01-20 09:42:02,292,582,50,499,478,797,798
2019-01-20 09:42:03,303,583,50,500,478,797,798
2019-01-20 09:42:04,314,584,50,500,478,797,798
2019-01-20 09:42:05,325,586,50,501,478,797,798
2019-01-20 09:42:06,336,587,50,501,479,797,798
2019-01-20 09:42:07,337,588,50,501,479,797,798
2019-01-20 09:42:08,337,589,50,502,479,797,798
2019-01-20 09:42:09,343,590,50,502,479,797,798
2019-01-20 09:42:10,354,591,50,503,479,797,798
2019-01-20 09:42:11,365,592,50,503,479,797,798
2019-01-20 09:42:12,376,593,50,504,480,797,798
2019-01-20 09:42:13,379,594,50,504,480,797,798
2019-01-20 09:42:14,383,595,50,505,480,797,798
2019-01-20 09:42:15,386,596,50,505,481,797,798
2019-01-20 09:42:16,387,597,50,506,481,797,798
2019-01-20 09:42:17,398,598,50,506,481,797,798
2019-01-20 09:42:18,409,599,50,506,482,797,798
2019-01-20 09:42:19,418,600,50,507,482,797,798
2019-01-20 09:42:20,429,601,50,507,482,797,798
2019-01-20 09:42:21,431,602,50,508,483,797,798
2019-01-20 09:42:22,437,603,50,508,483,797,798
2019-01-20 09:42:23,446,604,50,508,484,797,798
2019-01-20 09:42:24,454,605,50,509,484,797,798
2019-01-20 09:42:25,458,606,50,509,484,797,798
2019-01-20 09:42:26,463,607,50,510,485,797,798
2019-01-20 09:42:27,469,608,50,510,485,797,798
2019-01-20 09:42:28,477,609,50,511,485,797,798
2019-01-20 09:42:29,480,610,50,511,485,797,798
2019-01-20 09:42:30,482,611,50,512,486,797,798
2019-01-20 09:42:31,486,612,50,512,486,797,798
2019-01-20 09:42:32,494,613,50,513,487,797,798
2019-01-20 09:42:33,501,614,50,513,487,797,798
2019-01-20 09:42:34,504,615,50,513,487,797,798
2019-01-20 09:42:35,506,616,50,514,487,797,798
2019-01-20 09:42:36,510,617,50,514,487,797,798
2019-01-20 09:42:37,513,618,50,514,488,797,798
2019-01-20 09:42:38,516,619,50,515,488,797,798
2019-01-20 09:42:39,522,620,50,515,488,797,798
2019-01-20 09:42:40,525,621,50,516,488,797,798
2019-01-20 09:42:41,533,622,50,516,489,797,798
2019-01-20 09:42:42,535,623,50,516,489,797,798
2019-01-20 09:42:43,542,624,50,516,489,797,798
2019-01-20 09:42:44,549,625,50,517,489,797,798
2019-01-20 09:42:45,554,626,50,517,489,797,798
2019-01-20 09:42:46,559,627,50,517,489,797,798
2019-01-20 09:42:47,565,628,50,518,489,797,798
2019-01-20 09:42:48,571,629,50,518,488,797,798
2019-01-20 09:42:49,574,630,50,518,488,797,798
2019-01-20 09:42:50,580,631,50,519,488,797,798
2019-01-20 09:42:51,585,632,50,519,487,797,798
2019-01-20 09:42:52,587,633,50,519,487,797,798
2019-01-20 09:42:53,593,634,50,520,486,797,798
2019-01-20 09:42:54,598,635,50,520,485,797,798
2019-01-20 09:42:55,604,636,50,520,484,797,798
2019-01-20 09:42:56,613,637,50,521,484,797,798
2019-01-20 09:42:57,624,638,50,521,483,797,798
2019-01-20 09:42:58,631,639,50,521,482,797,798
2019-01-20 09:42:59,635,640,50,522,481,797,798
2019-01-20 09:43:00,645,641,50,522,479,797,798
2019-01-20 09:43:01,653,642,50,522,479,797,798
2019-01-20 09:43:02,660,643,50,523,478,797,798
2019-01-20 09:43:03,666,644,50,523,477,797,798
2019-01-20 09:43:04,675,645,50,523,476,797,798
2019-01-20 09:43:05,682,646,50,523,475,797,798
2019-01-20 09:43:06,693,647,50,524,474,797,798
2019-01-20 09:43:07,698,648,50,524,474,797,798
2019-01-20 09:43:08,705,649,50,524,473,797,798
2019-01-20 09:43:09,708,650,50,525,472,797,798
2019-01-20 09:43:10,709,651,50,525,471,797,798
2019-01-20 09:43:11,711,652,50,525,471,797,798
2019-01-20 09:43:12,712,653,50,525,470,797,798
2019-01-20 09:43:13,723,654,50,525,469,797,798
2019-01-20 09:43:14,733,655,50,526,469,797,798
2019-01-20 09:43:15,743,656,50,526,468,797,798
2019-01-20 09:43:16,747,657,50,526,468,797,798
2019-01-20 09:43:17,753,658,50,526,467,797,798
2019-01-20 09:43:18,759,659,50,526,467,797,798
2019-01-20 09:43:19,765,660,50,527,466,797,798
2019-01-20 09:43:20,773,661,50,527,466,797,798
2019-01-20 09:43:21,782,662,50,527,465,797,798
2019-01-20 09:43:22,790,663,51,527,465,797,798
2019-01-20 09:43:23,795,664,51,527,464,797,798
2019-01-20 09:43:24,801,665,51,527,464,797,798
2019-01-20 09:43:25,811,666,51,528,463,797,798
2019-01-20 09:43:26,812,667,50,528,463,797,798
2019-01-20 09:43:27,817,668,50,528,463,797,798
2019-01-20 09:43:28,822,669,51,528,462,797,798
2019-01-20 09:43:29,829,670,51,529,462,797,798
2019-01-20 09:43:30,832,671,51,529,462,797,798
2019-01-20 09:43:31,838,672,51,529,461,797,798
2019-01-20 09:43:32,845,673,51,529,461,797,798
2019-01-20 09:43:33,852,674,51,529,461,797,798
2019-01-20 09:43:34,858,675,51,529,461,797,798
2019-01-20 09:43:35,863,676,51,530,460,797,798
2019-01-20 09:43:36,868,677,51,530,460,797,798
2019-01-20 09:43:37,875,678,51,530,460,797,798
2019-01-20 09:43:38,884,679,51,530,459,797,798
2019-01-20 09:43:39,892,680,51,530,459,797,798
2019-01-20 09:43:40,899,681,51,530,459,797,798
2019-01-20 09:43:41,907,682,51,531,458,797,798
2019-01-20 09:43:42,912,683,51,531,458,797,798
2019-01-20 09:43:43,917,684,51,531,457,797,798
2019-01-20 09:43:44,922,685,51,531,457,797,798
2019-01-20 09:43:45,928,686,51,531,457,797,798
2019-01-20 09:43:46,937,687,51,531,457,797,798
2019-01-20 09:43:47,945,688,51,531,457,797,798
2019-01-20 09:43:48,948,689,51,531,456,797,798
2019-01-20 09:43:49,951,690,51,531,456,797,798
2019-01-20 09:43:50,956,691,51,532,457,797,798
2019-01-20 09:43:51,962,692,51,532,457,797,798
2019-01-20 09:43:52,967,693,51,532,458,797,798
2019-01-20 09:43:53,972,694,51,532,459,797,798
2019-01-20 09:43:54,974,695,51,532,460,797,798
2019-01-20 09:43:55,978,696,51,532,460,797,798
2019-01-20 09:43:56,982,697,51,533,461,797,798
2019-01-20 09:43:57,987,698,51,533,461,797,798
2019-01-20 09:43:58,993,699,51,533,462,797,798
2019-01-20 09:43:59,996,700,51,533,462,797,798
2019-01-20 09:44:01,000,701,51,533,463,797,798
2019-01-20 09:44:02,005,702,51,533,463,797,798
2019-01-20 09:44:03,010,703,51,534,464,797,798
2019-01-20 09:44:04,017,704,51,534,464,797,798
2019-01-20 09:44:05,019,705,51,534,465,797,798
2019-01-20 09:44:06,025,706,51,534,465,797,798
2019-01-20 09:44:07,030,707,51,534,465,797,798
2019-01-20 09:44:08,034,708,51,534,466,797,798
2019-01-20 09:44:09,036,709,51,535,466,797,798
2019-01-20 09:44:10,042,710,51,535,466,797,798
2019-01-20 09:44:11,052,711,51,535,467,797,798
2019-01-20 09:44:12,055,712,51,535,467,797,798
2019-01-20 09:44:13,060,713,51,535,467,797,798
2019-01-20 09:44:14,064,714,51,535,467,797,798
2019-01-20 09:44:15,070,715,51,536,468,797,798
2019-01-20 09:44:16,074,716,51,536,468,797,798
2019-01-20 09:44:17,080,717,51,536,468,797,798
2019-01-20 09:44:18,091,718,51,536,468,797,798
2019-01-20 09:44:19,097,719,51,536,469,797,798
2019-01-20 09:44:20,100,720,51,537,469,797,798
2019-01-20 09:44:21,109,721,51,537,469,797,798
2019-01-20 09:44:22,112,722,51,537,469,797,798
2019-01-20 09:44:23,116,723,51,537,469,797,798
2019-01-20 09:44:24,122,724,51,537,470,797,798
2019-01-20 09:44:25,131,725,51,538,470,797,798
2019-01-20 09:44:26,136,726,51,538,470,797,798
2019-01-20 09:44:27,147,727,51,538,470,797,798
2019-01-20 09:44:28,151,728,51,538,470,797,798
2019-01-20 09:44:29,159,729,51,539,470,797,798
2019-01-20 09:44:30,165,730,51,539,471,797,798
2019-01-20 09:44:31,171,731,51,539,471,797,798
2019-01-20 09:44:32,180,732,51,539,471,797,798
2019-01-20 09:44:33,183,733,51,540,471,797,798
2019-01-20 09:44:34,194,734,51,540,471,797,798
2019-01-20 09:44:35,198,735,51,540,471,797,798
2019-01-20 09:44:36,199,736,51,540,472,797,798
2019-01-20 09:44:37,202,737,51,541,472,797,798
2019-01-20 09:44:38,211,738,51,541,472,797,798
2019-01-20 09:44:39,218,739,51,541,472,797,798
2019-01-20 09:44:40,221,740,51,541,472,797,798
2019-01-20 09:44:41,222,741,51,541,472,797,798
2019-01-20 09:44:42,224,742,51,542,472,797,798
2019-01-20 09:44:43,230,743,51,542,472,796,797
2019-01-20 09:44:44,234,744,51,542,472,797,798
2019-01-20 09:44:45,244,745,51,542,473,797,798
2019-01-20 09:44:46,251,746,51,542,473,797,798
2019-01-20 09:44:47,257,747,51,543,473,796,798
2019-01-20 09:44:48,261,748,51,543,473,796,798
2019-01-20 09:44:49,265,749,51,543,473,797,798
2019-01-20 09:44:50,269,750,51,543,473,797,798
2019-01-20 09:44:51,279,751,51,544,473,797,798
2019-01-20 09:44:52,290,752,51,544,473,797,797
2019-01-20 09:44:53,300,753,51,544,474,797,798
2019-01-20 09:44:54,311,754,51,544,473,797,798
2019-01-20 09:44:55,323,755,51,544,474,797,797
2019-01-20 09:44:56,333,757,51,545,474,797,798
2019-01-20 09:44:57,343,758,51,545,474,797,798
2019-01-20 09:44:58,347,759,51,545,474,797,798
2019-01-20 09:44:59,357,760,51,546,474,797,798
2019-01-20 09:45:00,368,761,51,546,474,797,798
2019-01-20 09:45:01,379,762,51,546,474,796,797
2019-01-20 09:45:02,390,763,51,546,474,797,798
2019-01-20 09:45:03,401,764,51,547,474,796,798
2019-01-20 09:45:04,412,765,51,547,474,796,798
2019-01-20 09:45:05,415,766,51,547,474,796,797
2019-01-20 09:45:06,425,767,51,547,474,796,798
2019-01-20 09:45:07,432,768,51,548,474,796,797
2019-01-20 09:45:08,443,769,51,548,474,796,797
2019-01-20 09:45:09,448,770,51,548,474,796,797
2019-01-20 09:45:10,454,771,51,548,474,796,798
2019-01-20 09:45:11,459,772,51,549,474,797,797
2019-01-20 09:45:12,470,773,51,549,474,796,797
2019-01-20 09:45:13,472,774,51,549,474,796,797
2019-01-20 09:45:14,473,775,51,550,475,796,797
2019-01-20 09:45:15,476,776,51,550,475,796,797
2019-01-20 09:45:16,480,777,51,550,475,796,797
2019-01-20 09:45:17,482,778,51,551,475,796,798
2019-01-20 09:45:18,489,779,51,551,475,796,797
2019-01-20 09:45:19,495,780,51,551,475,797,798
2019-01-20 09:45:20,504,781,51,551,475,796,797
2019-01-20 09:45:21,515,782,51,552,475,796,797
2019-01-20 09:45:22,526,783,51,552,475,796,797
2019-01-20 09:45:23,537,784,51,552,476,796,797
2019-01-20 09:45:24,539,785,51,552,476,796,798
2019-01-20 09:45:25,544,786,51,553,476,796,798
2019-01-20 09:45:26,546,787,51,553,476,796,797
2019-01-20 09:45:27,550,788,51,553,476,796,798
2019-01-20 09:45:28,553,789,51,553,476,797,798
2019-01-20 09:45:29,558,790,51,554,476,796,798
2019-01-20 09:45:30,565,791,51,554,476,796,798
2019-01-20 09:45:31,569,792,51,554,476,796,798
2019-01-20 09:45:32,580,793,51,554,476,796,798
2019-01-20 09:45:33,585,794,51,555,477,796,798
2019-01-20 09:45:34,590,795,51,555,477,796,798
2019-01-20 09:45:35,601,796,51,555,477,796,798
2019-01-20 09:45:36,609,797,51,555,477,796,797
2019-01-20 09:45:37,621,798,51,556,477,796,797
2019-01-20 09:45:38,624,799,51,556,477,796,798
2019-01-20 09:45:39,629,800,51,556,477,796,798
2019-01-20 09:45:40,635,801,51,557,477,796,798
2019-01-20 09:45:41,642,802,51,557,477,796,798
2019-01-20 09:45:42,649,803,51,557,477,796,797
2019-01-20 09:45:43,653,804,51,557,477,796,797
2019-01-20 09:45:44,658,805,51,557,477,796,797
2019-01-20 09:45:45,664,806,51,558,477,796,797
2019-01-20 09:45:46,666,807,51,558,478,796,797
2019-01-20 09:45:47,666,808,51,558,477,796,797
2019-01-20 09:45:48,673,809,51,559,478,796,797
2019-01-20 09:45:49,684,810,51,559,478,796,797
2019-01-20 09:45:50,692,811,51,559,478,796,797
2019-01-20 09:45:51,696,812,51,559,478,796,797
2019-01-20 09:45:52,701,813,51,560,478,796,797
2019-01-20 09:45:53,710,814,51,560,478,796,797
2019-01-20 09:45:54,721,815,51,560,478,796,797
2019-01-20 09:45:55,725,816,51,560,477,796,797
2019-01-20 09:45:56,729,817,51,561,478,796,797
2019-01-20 09:45:57,735,818,51,561,478,796,797
2019-01-20 09:45:58,743,819,51,561,478,796,797
2019-01-20 09:45:59,754,820,51,561,478,796,797
2019-01-20 09:46:00,758,821,51,562,478,796,797
2019-01-20 09:46:01,769,822,51,562,478,796,797
2019-01-20 09:46:02,774,823,51,562,478,796,797
2019-01-20 09:46:03,777,824,51,562,478,796,797
2019-01-20 09:46:04,780,825,51,563,478,796,797
2019-01-20 09:46:05,783,826,51,563,478,796,797
2019-01-20 09:46:06,787,827,51,563,478,796,797
2019-01-20 09:46:07,793,828,51,563,478,796,797
2019-01-20 09:46:08,804,829,51,564,478,796,797
2019-01-20 09:46:09,812,830,51,564,478,796,797
2019-01-20 09:46:10,815,831,51,564,478,796,797
2019-01-20 09:46:11,821,832,51,565,478,796,797
2019-01-20 09:46:12,826,833,51,565,478,796,797
2019-01-20 09:46:13,832,834,51,565,478,796,797
2019-01-20 09:46:14,839,835,51,565,478,796,797
2019-01-20 09:46:15,846,836,51,565,478,796,797
2019-01-20 09:46:16,848,837,51,566,478,796,797
2019-01-20 09:46:17,852,838,51,566,478,796,797
2019-01-20 09:46:18,857,839,51,566,478,796,797
2019-01-20 09:46:19,862,840,51,566,479,796,797
2019-01-20 09:46:20,865,841,51,566,479,796,797
2019-01-20 09:46:21,876,842,51,567,479,796,797
2019-01-20 09:46:22,886,843,51,567,479,796,797
2019-01-20 09:46:23,889,844,51,567,479,796,797
2019-01-20 09:46:24,895,845,51,567,479,796,797
2019-01-20 09:46:25,900,846,51,568,478,796,797
2019-01-20 09:46:26,906,847,51,568,477,796,797
2019-01-20 09:46:27,907,848,51,568,477,796,797
2019-01-20 09:46:28,908,849,51,568,476,796,797
2019-01-20 09:46:29,910,850,51,569,476,796,797
2019-01-20 09:46:30,921,851,51,569,475,796,797
2019-01-20 09:46:31,929,852,51,569,474,796,797
2019-01-20 09:46:32,932,853,51,569,473,796,797
2019-01-20 09:46:33,935,854,51,570,472,796,797
2019-01-20 09:46:34,937,855,51,570,471,796,797
2019-01-20 09:46:35,942,856,51,570,470,796,797
2019-01-20 09:46:36,945,857,51,570,469,796,797
2019-01-20 09:46:37,946,858,51,570,468,796,797
2019-01-20 09:46:38,953,859,51,570,467,796,797
2019-01-20 09:46:39,959,860,52,571,466,796,797
2019-01-20 09:46:40,968,861,51,571,465,796,797
2019-01-20 09:46:41,977,862,51,571,465,796,797
2019-01-20 09:46:42,981,863,51,571,464,796,797
2019-01-20 09:46:43,986,864,52,571,463,796,797
2019-01-20 09:46:44,992,865,51,571,463,796,797
2019-01-20 09:46:45,996,866,51,571,462,796,797
2019-01-20 09:46:46,999,867,51,571,461,796,797
2019-01-20 09:46:48,006,868,51,572,460,796,797
2019-01-20 09:46:49,008,869,51,572,459,796,797
2019-01-20 09:46:50,019,870,51,572,459,796,797
2019-01-20 09:46:51,024,871,51,572,458,796,797
2019-01-20 09:46:52,030,872,52,571,457,796,797
2019-01-20 09:46:53,033,873,51,571,457,796,797
2019-01-20 09:46:54,038,874,51,572,456,796,797
2019-01-20 09:46:55,047,875,51,572,455,796,797
2019-01-20 09:46:56,054,876,51,572,455,796,797
2019-01-20 09:46:57,060,877,52,572,454,796,797
2019-01-20 09:46:58,062,878,52,572,454,796,797
2019-01-20 09:46:59,067,879,51,572,453,796,797
2019-01-20 09:47:00,072,880,52,572,453,796,797
2019-01-20 09:47:01,075,881,51,572,453,796,797
2019-01-20 09:47:02,081,882,51,572,452,796,797
2019-01-20 09:47:03,087,883,52,572,452,796,797
2019-01-20 09:47:04,092,884,52,572,452,796,797
2019-01-20 09:47:05,096,885,52,573,451,796,797
2019-01-20 09:47:06,098,886,52,573,451,796,797
2019-01-20 09:47:07,104,887,52,573,450,796,797
2019-01-20 09:47:08,109,888,52,573,450,796,797
2019-01-20 09:47:09,111,889,52,573,450,796,797
2019-01-20 09:47:10,114,890,51,573,450,796,797
2019-01-20 09:47:11,121,891,52,573,449,796,797
2019-01-20 09:47:12,125,892,52,573,449,796,797
2019-01-20 09:47:13,131,893,52,573,449,796,797
2019-01-20 09:47:14,140,894,52,573,449,796,797
2019-01-20 09:47:15,142,895,52,573,448,796,797
2019-01-20 09:47:16,144,896,52,573,448,796,797
2019-01-20 09:47:17,147,897,52,573,448,796,797
2019-01-20 09:47:18,150,898,52,573,448,796,797
2019-01-20 09:47:19,158,899,52,573,448,796,797
