2016-01-31 20:53:14,450,datetime,ms,seconds,ambient_temp,thermocouple_0_temp,thermocouple_1_temp,thermocouple_2_temp,thermocouple_3_temp
2016-01-31 20:53:19,522,5,76,448,403,785,786
2016-01-31 20:53:20,526,6,76,436,396,785,786
2016-01-31 20:53:21,529,7,76,424,391,785,786
2016-01-31 20:53:22,530,8,76,414,386,785,786
2016-01-31 20:53:23,535,9,76,403,384,785,786
2016-01-31 20:53:24,538,10,76,393,381,785,786
2016-01-31 20:53:25,540,11,76,383,379,785,786
2016-01-31 20:53:26,544,12,76,374,377,785,786
2016-01-31 20:53:27,547,13,76,366,374,785,786
2016-01-31 20:53:28,550,14,76,358,372,785,786
2016-01-31 20:53:29,553,15,76,349,371,785,786
2016-01-31 20:53:30,556,16,76,342,369,785,786
2016-01-31 20:53:31,559,17,76,335,367,785,786
2016-01-31 20:53:32,562,18,76,329,366,785,786
2016-01-31 20:53:33,565,19,76,322,364,785,786
2016-01-31 20:53:34,568,20,76,316,363,785,786
2016-01-31 20:53:35,571,21,76,310,362,785,786
2016-01-31 20:53:36,575,22,76,306,360,785,786
2016-01-31 20:53:37,575,23,76,301,359,785,786
2016-01-31 20:53:38,576,24,76,296,359,785,786
2016-01-31 20:53:39,576,25,76,292,358,785,786
2016-01-31 20:53:40,577,26,76,288,357,785,786
2016-01-31 20:53:41,579,27,76,284,356,785,786
2016-01-31 20:53:42,582,28,76,281,355,785,786
2016-01-31 20:53:43,587,29,76,277,355,785,786
2016-01-31 20:53:44,591,30,76,274,354,785,786
2016-01-31 20:53:45,595,31,76,270,353,785,786
2016-01-31 20:53:46,599,32,76,267,353,785,786
2016-01-31 20:53:47,603,33,76,265,352,785,786
2016-01-31 20:53:48,609,34,76,262,351,785,786
2016-01-31 20:53:49,612,35,76,259,350,785,786
2016-01-31 20:53:50,612,36,76,256,350,785,786
2016-01-31 20:53:51,614,37,76,254,349,785,786
2016-01-31 20:53:52,619,38,76,252,349,785,786
2016-01-31 20:53:53,624,39,76,250,349,785,786
2016-01-31 20:53:54,628,40,76,248,348,785,786
2016-01-31 20:53:55,632,41,76,247,348,785,786
2016-01-31 20:53:56,636,42,76,245,347,785,786
2016-01-31 20:53:57,640,43,76,244,347,785,786
2016-01-31 20:53:58,645,44,76,242,347,785,786
2016-01-31 20:53:59,648,45,76,241,347,785,786
2016-01-31 20:54:00,653,46,76,240,346,785,786
2016-01-31 20:54:01,658,47,76,239,346,785,786
2016-01-31 20:54:02,662,48,76,237,346,785,786
2016-01-31 20:54:03,666,49,76,236,346,785,786
2016-01-31 20:54:04,670,50,76,235,345,785,786
2016-01-31 20:54:05,674,51,76,234,345,785,786
2016-01-31 20:54:06,678,52,76,234,345,785,786
2016-01-31 20:54:07,682,53,76,233,345,785,786
2016-01-31 20:54:08,687,54,76,232,345,785,786
2016-01-31 20:54:09,691,55,76,231,344,785,786
2016-01-31 20:54:10,695,56,76,231,344,785,786
2016-01-31 20:54:11,699,57,76,230,344,785,786
2016-01-31 20:54:12,704,58,76,230,344,785,786
2016-01-31 20:54:13,708,59,76,229,344,785,786
2016-01-31 20:54:14,711,60,76,229,345,785,786
2016-01-31 20:54:15,717,61,76,228,345,785,786
2016-01-31 20:54:16,721,62,76,228,345,785,786
2016-01-31 20:54:17,725,63,76,228,346,785,786
2016-01-31 20:54:18,729,64,76,228,347,785,786
2016-01-31 20:54:19,734,65,76,228,348,785,786
2016-01-31 20:54:20,738,66,76,227,348,785,786
2016-01-31 20:54:21,742,67,76,227,349,785,786
2016-01-31 20:54:22,746,68,76,227,349,785,786
2016-01-31 20:54:23,751,69,76,227,350,785,786
2016-01-31 20:54:24,754,70,76,227,350,785,786
2016-01-31 20:54:25,759,71,76,227,351,785,786
2016-01-31 20:54:26,763,72,76,227,352,785,786
2016-01-31 20:54:27,767,73,76,228,352,785,786
2016-01-31 20:54:28,771,74,76,228,353,785,786
2016-01-31 20:54:29,776,75,76,228,354,785,786
2016-01-31 20:54:30,781,76,76,228,354,785,786
2016-01-31 20:54:31,785,77,76,228,354,785,786
2016-01-31 20:54:32,788,78,76,229,355,785,786
2016-01-31 20:54:33,795,79,76,229,355,785,786
2016-01-31 20:54:34,798,80,76,229,356,785,786
2016-01-31 20:54:35,802,81,76,230,356,785,786
2016-01-31 20:54:36,805,82,76,230,357,785,786
2016-01-31 20:54:37,810,83,76,230,357,785,786
2016-01-31 20:54:38,813,84,76,231,358,785,786
2016-01-31 20:54:39,819,85,76,231,359,785,786
2016-01-31 20:54:40,822,86,76,231,359,785,786
2016-01-31 20:54:41,826,87,76,232,360,785,786
2016-01-31 20:54:42,830,88,76,232,360,785,786
2016-01-31 20:54:43,836,89,76,233,360,785,786
2016-01-31 20:54:44,839,90,76,233,361,785,786
2016-01-31 20:54:45,843,91,76,234,361,785,786
2016-01-31 20:54:46,847,92,76,234,362,785,786
2016-01-31 20:54:47,852,93,76,235,362,785,786
2016-01-31 20:54:48,856,94,76,235,363,785,786
2016-01-31 20:54:49,857,95,76,236,363,785,786
2016-01-31 20:54:50,860,96,76,236,363,785,786
2016-01-31 20:54:51,865,97,76,237,364,785,786
2016-01-31 20:54:52,868,98,76,237,364,785,786
2016-01-31 20:54:53,872,99,76,238,365,785,786
2016-01-31 20:54:54,876,100,76,239,365,785,786
2016-01-31 20:54:55,879,101,76,239,365,785,786
2016-01-31 20:54:56,885,102,76,240,366,785,786
2016-01-31 20:54:57,888,103,76,240,366,785,786
2016-01-31 20:54:58,892,104,76,241,367,785,786
2016-01-31 20:54:59,897,105,76,242,367,785,786
2016-01-31 20:55:00,901,106,76,242,368,785,786
2016-01-31 20:55:01,905,107,76,243,368,785,786
2016-01-31 20:55:02,910,108,76,243,368,785,786
2016-01-31 20:55:03,914,109,76,244,369,785,786
2016-01-31 20:55:04,919,110,76,245,369,785,786
2016-01-31 20:55:05,922,111,76,245,370,785,786
2016-01-31 20:55:06,927,112,76,246,370,785,786
2016-01-31 20:55:07,931,113,76,247,370,785,786
2016-01-31 20:55:08,935,114,76,247,371,785,786
2016-01-31 20:55:09,939,115,76,248,371,785,786
2016-01-31 20:55:10,943,116,76,249,371,785,786
2016-01-31 20:55:11,948,117,76,250,372,785,786
2016-01-31 20:55:12,952,118,76,250,372,785,786
2016-01-31 20:55:13,956,119,76,251,372,785,786
2016-01-31 20:55:14,960,120,76,251,373,785,786
2016-01-31 20:55:15,964,121,76,252,373,785,786
2016-01-31 20:55:16,969,122,76,253,373,785,786
2016-01-31 20:55:17,971,123,76,253,374,785,786
2016-01-31 20:55:18,975,124,76,254,374,785,786
2016-01-31 20:55:19,976,125,76,254,374,785,786
2016-01-31 20:55:20,981,126,76,255,375,785,786
2016-01-31 20:55:21,985,127,76,256,375,785,786
2016-01-31 20:55:22,988,128,76,257,375,785,786
2016-01-31 20:55:23,992,129,76,257,376,785,786
2016-01-31 20:55:24,997,130,76,258,376,785,786
2016-01-31 20:55:26,002,131,76,259,376,785,786
2016-01-31 20:55:27,006,132,76,259,377,785,786
2016-01-31 20:55:28,010,133,75,260,377,785,786
2016-01-31 20:55:29,011,134,76,261,377,785,786
2016-01-31 20:55:30,016,135,76,262,377,785,786
2016-01-31 20:55:31,016,136,76,262,378,785,786
2016-01-31 20:55:32,023,137,76,263,378,785,786
2016-01-31 20:55:33,025,138,76,264,378,785,786
2016-01-31 20:55:34,030,139,76,264,379,785,786
2016-01-31 20:55:35,034,140,76,265,379,785,786
2016-01-31 20:55:36,038,141,76,266,379,785,786
2016-01-31 20:55:37,042,142,76,267,380,785,786
2016-01-31 20:55:38,046,143,76,267,380,785,786
2016-01-31 20:55:39,051,144,76,268,380,785,786
2016-01-31 20:55:40,055,145,76,269,381,785,786
2016-01-31 20:55:41,059,146,76,269,381,785,786
2016-01-31 20:55:42,063,147,76,270,381,785,786
2016-01-31 20:55:43,068,148,76,271,381,785,786
2016-01-31 20:55:44,073,149,76,271,382,785,786
2016-01-31 20:55:45,076,150,76,272,382,785,786
2016-01-31 20:55:46,080,151,75,273,382,785,786
2016-01-31 20:55:47,085,152,76,274,383,785,786
2016-01-31 20:55:48,089,153,76,274,383,785,786
2016-01-31 20:55:49,093,154,75,275,383,785,786
2016-01-31 20:55:50,097,155,75,276,384,785,786
2016-01-31 20:55:51,101,156,75,276,384,785,786
2016-01-31 20:55:52,105,157,75,277,384,785,786
2016-01-31 20:55:53,111,158,76,278,385,785,786
2016-01-31 20:55:54,114,159,75,278,385,785,786
2016-01-31 20:55:55,119,160,76,279,385,785,786
2016-01-31 20:55:56,122,161,76,280,386,785,786
2016-01-31 20:55:57,127,162,76,281,386,785,786
2016-01-31 20:55:58,131,163,75,281,386,785,786
2016-01-31 20:55:59,136,164,75,282,386,785,786
2016-01-31 20:56:00,141,165,75,283,387,785,786
2016-01-31 20:56:01,144,166,76,283,387,785,786
2016-01-31 20:56:02,148,167,76,284,387,785,786
2016-01-31 20:56:03,152,168,76,285,388,785,786
2016-01-31 20:56:04,157,169,76,285,388,785,786
2016-01-31 20:56:05,161,170,75,286,388,785,786
2016-01-31 20:56:06,164,171,75,287,389,785,786
2016-01-31 20:56:07,169,172,76,287,389,785,786
2016-01-31 20:56:08,174,173,75,288,389,785,786
2016-01-31 20:56:09,178,174,75,289,390,785,786
2016-01-31 20:56:10,183,175,76,289,390,785,786
2016-01-31 20:56:11,188,176,75,290,390,785,786
2016-01-31 20:56:12,191,177,75,291,390,785,786
2016-01-31 20:56:13,195,178,75,291,390,785,786
2016-01-31 20:56:14,200,179,75,292,391,785,786
2016-01-31 20:56:15,203,180,75,293,391,785,786
2016-01-31 20:56:16,207,181,75,293,391,785,786
2016-01-31 20:56:17,209,182,75,294,391,785,786
2016-01-31 20:56:18,210,183,75,295,392,785,786
2016-01-31 20:56:19,214,184,76,296,392,785,786
2016-01-31 20:56:20,216,185,75,296,392,785,786
2016-01-31 20:56:21,219,186,75,297,392,785,786
2016-01-31 20:56:22,221,187,75,297,392,785,786
2016-01-31 20:56:23,225,188,75,298,393,785,786
2016-01-31 20:56:24,229,189,75,299,393,785,786
2016-01-31 20:56:25,234,190,75,299,393,785,786
2016-01-31 20:56:26,238,191,76,300,394,785,786
2016-01-31 20:56:27,242,192,75,301,394,785,786
2016-01-31 20:56:28,247,193,75,301,394,785,786
2016-01-31 20:56:29,251,194,75,302,395,785,786
2016-01-31 20:56:30,254,195,75,303,395,785,786
2016-01-31 20:56:31,259,196,75,303,395,785,786
2016-01-31 20:56:32,264,197,75,304,395,785,786
2016-01-31 20:56:33,268,198,75,305,396,785,786
2016-01-31 20:56:34,274,199,75,305,396,785,786
2016-01-31 20:56:35,279,200,75,306,396,785,786
2016-01-31 20:56:36,282,201,75,306,396,785,786
2016-01-31 20:56:37,285,202,75,307,397,785,786
2016-01-31 20:56:38,290,203,75,308,397,785,786
2016-01-31 20:56:39,293,204,75,308,397,785,786
2016-01-31 20:56:40,297,205,75,309,398,785,786
2016-01-31 20:56:41,302,206,75,310,398,785,786
2016-01-31 20:56:42,305,207,75,310,398,785,786
2016-01-31 20:56:43,310,208,75,311,398,785,786
2016-01-31 20:56:44,314,209,75,312,398,785,786
2016-01-31 20:56:45,318,210,75,312,399,785,786
2016-01-31 20:56:46,324,211,75,313,399,785,786
2016-01-31 20:56:47,327,212,75,314,399,785,786
2016-01-31 20:56:48,331,213,75,314,400,785,786
2016-01-31 20:56:49,332,214,75,315,400,785,786
2016-01-31 20:56:50,335,215,75,316,400,785,786
2016-01-31 20:56:51,339,216,75,316,400,785,786
2016-01-31 20:56:52,342,217,75,317,400,785,786
2016-01-31 20:56:53,346,218,75,317,401,785,786
2016-01-31 20:56:54,351,219,75,318,401,785,786
2016-01-31 20:56:55,355,220,75,318,401,785,786
2016-01-31 20:56:56,360,221,75,319,401,785,786
2016-01-31 20:56:57,365,222,75,320,402,785,786
2016-01-31 20:56:58,368,223,75,320,402,785,786
2016-01-31 20:56:59,373,224,75,321,402,785,786
2016-01-31 20:57:00,379,225,75,322,402,785,786
2016-01-31 20:57:01,385,226,75,322,403,785,786
2016-01-31 20:57:02,386,227,75,323,403,785,786
2016-01-31 20:57:03,390,228,75,323,403,785,786
2016-01-31 20:57:04,393,229,75,324,403,785,787
2016-01-31 20:57:05,398,230,75,325,403,785,786
2016-01-31 20:57:06,401,231,75,325,404,785,786
2016-01-31 20:57:07,406,232,75,326,404,785,786
2016-01-31 20:57:08,410,233,75,326,405,785,786
2016-01-31 20:57:09,414,234,75,327,405,785,786
2016-01-31 20:57:10,419,235,75,327,405,785,786
2016-01-31 20:57:11,423,236,75,328,406,785,786
2016-01-31 20:57:12,427,237,75,329,406,785,786
2016-01-31 20:57:13,431,238,75,329,406,785,786
2016-01-31 20:57:14,435,239,75,330,406,785,786
2016-01-31 20:57:15,439,240,75,330,407,785,787
2016-01-31 20:57:16,444,241,75,331,407,785,786
2016-01-31 20:57:17,449,242,75,332,407,785,787
2016-01-31 20:57:18,455,244,75,332,407,785,786
2016-01-31 20:57:19,460,245,75,333,408,785,786
2016-01-31 20:57:20,465,246,75,333,408,785,786
2016-01-31 20:57:21,469,247,75,334,408,785,786
2016-01-31 20:57:22,475,248,75,335,408,785,786
2016-01-31 20:57:23,480,249,75,335,409,785,787
2016-01-31 20:57:24,484,250,75,336,409,785,787
2016-01-31 20:57:25,488,251,75,336,409,785,787
2016-01-31 20:57:26,492,252,75,337,409,785,786
2016-01-31 20:57:27,496,253,75,338,410,785,786
2016-01-31 20:57:28,501,254,75,338,410,785,787
2016-01-31 20:57:29,505,255,75,339,410,785,787
2016-01-31 20:57:30,509,256,75,340,410,785,787
2016-01-31 20:57:31,514,257,75,340,411,785,786
2016-01-31 20:57:32,519,258,75,341,411,785,786
2016-01-31 20:57:33,522,259,75,341,411,785,786
2016-01-31 20:57:34,525,260,75,342,411,785,786
2016-01-31 20:57:35,530,261,75,342,411,785,786
2016-01-31 20:57:36,534,262,75,343,412,785,787
2016-01-31 20:57:37,538,263,75,343,412,785,787
2016-01-31 20:57:38,543,264,75,344,412,785,787
2016-01-31 20:57:39,547,265,75,344,412,785,786
2016-01-31 20:57:40,551,266,75,345,413,785,786
2016-01-31 20:57:41,557,267,75,345,413,785,786
2016-01-31 20:57:42,560,268,75,346,413,785,787
2016-01-31 20:57:43,564,269,75,346,413,785,786
2016-01-31 20:57:44,568,270,75,347,414,785,786
2016-01-31 20:57:45,572,271,75,348,414,785,786
2016-01-31 20:57:46,576,272,75,348,414,785,786
2016-01-31 20:57:47,581,273,75,349,415,785,787
2016-01-31 20:57:48,585,274,75,349,415,785,787
2016-01-31 20:57:49,590,275,75,350,415,785,786
2016-01-31 20:57:50,593,276,75,350,416,785,786
2016-01-31 20:57:51,599,277,75,351,416,785,786
2016-01-31 20:57:52,602,278,75,351,416,785,787
2016-01-31 20:57:53,607,279,75,352,416,785,786
2016-01-31 20:57:54,610,280,75,352,416,785,787
2016-01-31 20:57:55,615,281,75,353,417,785,787
2016-01-31 20:57:56,618,282,75,353,417,785,786
2016-01-31 20:57:57,619,283,75,354,417,785,787
2016-01-31 20:57:58,622,284,75,355,417,785,787
2016-01-31 20:57:59,626,285,75,355,418,785,787
2016-01-31 20:58:00,631,286,75,356,418,785,787
2016-01-31 20:58:01,635,287,75,356,418,785,787
2016-01-31 20:58:02,639,288,75,357,418,785,787
2016-01-31 20:58:03,643,289,75,357,418,785,787
2016-01-31 20:58:04,647,290,75,358,419,785,786
2016-01-31 20:58:05,650,291,75,358,419,785,787
2016-01-31 20:58:06,655,292,75,359,419,785,787
2016-01-31 20:58:07,656,293,75,359,419,785,787
2016-01-31 20:58:08,658,294,75,360,419,785,787
2016-01-31 20:58:09,663,295,75,360,420,785,787
2016-01-31 20:58:10,667,296,75,360,420,785,787
2016-01-31 20:58:11,672,297,75,361,420,785,787
2016-01-31 20:58:12,675,298,75,362,420,785,787
2016-01-31 20:58:13,680,299,75,362,420,785,787
2016-01-31 20:58:14,684,300,75,363,421,785,787
2016-01-31 20:58:15,688,301,75,363,421,785,787
2016-01-31 20:58:16,692,302,75,364,421,785,787
2016-01-31 20:58:17,697,303,75,364,422,785,787
2016-01-31 20:58:18,700,304,75,365,422,785,787
2016-01-31 20:58:19,705,305,75,365,422,785,787
2016-01-31 20:58:20,709,306,75,366,422,785,787
2016-01-31 20:58:21,714,307,75,366,423,785,786
2016-01-31 20:58:22,718,308,75,367,423,785,787
2016-01-31 20:58:23,722,309,75,367,423,785,787
2016-01-31 20:58:24,728,310,75,368,423,785,787
2016-01-31 20:58:25,732,311,75,368,424,785,787
2016-01-31 20:58:26,736,312,75,369,424,785,787
2016-01-31 20:58:27,739,313,75,369,424,785,787
2016-01-31 20:58:28,743,314,75,370,425,785,787
2016-01-31 20:58:29,747,315,75,370,425,785,787
2016-01-31 20:58:30,751,316,75,371,425,785,787
2016-01-31 20:58:31,756,317,75,371,425,785,787
2016-01-31 20:58:32,760,318,75,372,425,785,787
2016-01-31 20:58:33,764,319,75,372,426,785,787
2016-01-31 20:58:34,768,320,75,373,426,785,787
2016-01-31 20:58:35,772,321,75,373,426,785,787
2016-01-31 20:58:36,777,322,75,374,426,785,787
2016-01-31 20:58:37,781,323,75,374,426,785,787
2016-01-31 20:58:38,785,324,75,374,426,785,786
2016-01-31 20:58:39,790,325,75,375,427,785,787
2016-01-31 20:58:40,794,326,75,375,427,785,787
2016-01-31 20:58:41,798,327,75,375,427,785,787
2016-01-31 20:58:42,802,328,75,376,427,785,787
2016-01-31 20:58:43,807,329,75,376,427,785,787
2016-01-31 20:58:44,810,330,75,377,428,785,787
2016-01-31 20:58:45,815,331,75,377,428,785,786
2016-01-31 20:58:46,821,332,75,378,428,785,787
2016-01-31 20:58:47,823,333,75,379,428,785,787
2016-01-31 20:58:48,828,334,75,379,429,785,787
2016-01-31 20:58:49,832,335,75,379,429,785,787
2016-01-31 20:58:50,836,336,75,380,429,785,787
2016-01-31 20:58:51,841,337,75,380,429,785,787
2016-01-31 20:58:52,844,338,75,381,430,785,787
2016-01-31 20:58:53,849,339,75,381,430,785,787
2016-01-31 20:58:54,853,340,75,382,430,785,787
2016-01-31 20:58:55,857,341,75,382,430,785,787
2016-01-31 20:58:56,861,342,75,383,430,785,787
2016-01-31 20:58:57,866,343,75,383,431,785,787
2016-01-31 20:58:58,870,344,75,384,431,785,787
2016-01-31 20:58:59,875,345,75,384,431,785,787
2016-01-31 20:59:00,878,346,75,385,431,785,787
2016-01-31 20:59:01,883,347,75,385,432,785,787
2016-01-31 20:59:02,886,348,75,386,432,785,787
2016-01-31 20:59:03,891,349,75,386,432,785,787
2016-01-31 20:59:04,895,350,75,387,432,785,787
2016-01-31 20:59:05,900,351,75,387,433,785,787
2016-01-31 20:59:06,903,352,75,388,433,785,787
2016-01-31 20:59:07,908,353,75,388,433,785,787
2016-01-31 20:59:08,911,354,75,388,433,785,787
2016-01-31 20:59:09,917,355,75,389,434,785,787
2016-01-31 20:59:10,921,356,75,389,434,785,787
2016-01-31 20:59:11,925,357,75,389,434,785,787
2016-01-31 20:59:12,929,358,75,390,434,785,787
2016-01-31 20:59:13,935,359,75,390,434,785,787
2016-01-31 20:59:14,940,360,75,391,435,785,787
2016-01-31 20:59:15,943,361,75,391,435,785,787
2016-01-31 20:59:16,946,362,75,392,435,785,787
2016-01-31 20:59:17,947,363,75,392,435,785,787
2016-01-31 20:59:18,951,364,75,393,436,785,787
2016-01-31 20:59:19,954,365,75,393,436,785,787
2016-01-31 20:59:20,957,366,75,394,436,785,787
2016-01-31 20:59:21,961,367,75,394,437,785,787
2016-01-31 20:59:22,966,368,75,394,437,785,787
2016-01-31 20:59:23,972,369,75,395,437,785,787
2016-01-31 20:59:24,975,370,75,395,437,785,787
2016-01-31 20:59:25,979,371,75,396,437,785,787
2016-01-31 20:59:26,983,372,75,396,438,785,787
2016-01-31 20:59:27,987,373,75,397,438,785,787
2016-01-31 20:59:28,992,374,75,397,438,785,787
2016-01-31 20:59:29,995,375,75,398,438,785,787
2016-01-31 20:59:31,000,376,75,398,439,785,787
2016-01-31 20:59:32,004,377,75,398,439,785,787
2016-01-31 20:59:33,009,378,75,399,439,785,787
2016-01-31 20:59:34,012,379,75,399,439,785,787
2016-01-31 20:59:35,017,380,75,400,440,785,787
2016-01-31 20:59:36,021,381,75,400,440,785,787
2016-01-31 20:59:37,025,382,75,401,440,785,787
2016-01-31 20:59:38,029,383,75,401,440,785,787
2016-01-31 20:59:39,034,384,75,402,440,785,787
2016-01-31 20:59:40,037,385,75,402,440,785,787
2016-01-31 20:59:41,042,386,75,403,440,785,787
2016-01-31 20:59:42,046,387,75,403,441,785,787
2016-01-31 20:59:43,051,388,75,404,441,785,787
2016-01-31 20:59:44,054,389,75,404,441,785,787
2016-01-31 20:59:45,059,390,75,405,442,785,787
2016-01-31 20:59:46,063,391,75,405,442,785,787
2016-01-31 20:59:47,067,392,75,405,442,785,787
2016-01-31 20:59:48,071,393,75,406,442,785,787
2016-01-31 20:59:49,076,394,75,406,443,785,787
2016-01-31 20:59:50,081,395,75,407,443,785,787
2016-01-31 20:59:51,086,396,75,407,443,785,787
2016-01-31 20:59:52,089,397,75,407,444,785,787
2016-01-31 20:59:53,093,398,75,408,444,785,787
2016-01-31 20:59:54,097,399,75,408,444,785,787
2016-01-31 20:59:55,101,400,75,408,444,785,787
2016-01-31 20:59:56,105,401,75,409,445,785,787
2016-01-31 20:59:57,110,402,75,409,445,785,787
2016-01-31 20:59:58,114,403,75,410,445,785,787
2016-01-31 20:59:59,118,404,75,410,445,785,787
2016-01-31 21:00:00,124,405,75,411,446,785,787
2016-01-31 21:00:01,128,406,75,411,446,785,787
2016-01-31 21:00:02,132,407,75,412,446,785,787
2016-01-31 21:00:03,137,408,75,412,446,785,787
2016-01-31 21:00:04,140,409,75,413,447,785,787
2016-01-31 21:00:05,145,410,75,413,447,785,787
2016-01-31 21:00:06,148,411,75,414,447,785,787
2016-01-31 21:00:07,153,412,75,414,447,785,787
2016-01-31 21:00:08,156,413,75,415,447,785,787
2016-01-31 21:00:09,161,414,75,415,448,785,787
2016-01-31 21:00:10,166,415,75,416,448,785,787
2016-01-31 21:00:11,169,416,75,416,448,785,787
2016-01-31 21:00:12,173,417,75,416,448,785,787
2016-01-31 21:00:13,178,418,75,417,449,785,787
2016-01-31 21:00:14,181,419,75,417,449,785,787
2016-01-31 21:00:15,186,420,75,418,449,785,787
2016-01-31 21:00:16,190,421,75,418,449,785,787
2016-01-31 21:00:17,194,422,75,419,450,785,787
2016-01-31 21:00:18,199,423,75,419,450,785,787
2016-01-31 21:00:19,203,424,75,420,450,785,787
2016-01-31 21:00:20,207,425,75,420,450,785,787
2016-01-31 21:00:21,210,426,75,421,450,785,787
2016-01-31 21:00:22,216,427,75,421,451,785,787
2016-01-31 21:00:23,220,428,75,421,451,785,787
2016-01-31 21:00:24,224,429,75,422,451,785,787
2016-01-31 21:00:25,228,430,75,422,451,785,787
2016-01-31 21:00:26,234,431,75,423,451,785,787
2016-01-31 21:00:27,238,432,75,423,451,785,787
2016-01-31 21:00:28,243,433,75,423,452,785,787
2016-01-31 21:00:29,246,434,75,424,452,785,787
2016-01-31 21:00:30,252,435,75,424,452,785,787
2016-01-31 21:00:31,257,436,75,424,452,785,787
2016-01-31 21:00:32,260,437,75,425,452,785,787
2016-01-31 21:00:33,262,438,75,425,452,785,787
2016-01-31 21:00:34,266,439,75,426,453,785,787
2016-01-31 21:00:35,271,440,75,426,453,785,787
2016-01-31 21:00:36,275,441,75,427,453,785,787
2016-01-31 21:00:37,279,442,75,427,453,785,787
2016-01-31 21:00:38,283,443,75,427,454,785,787
2016-01-31 21:00:39,288,444,75,428,454,785,787
2016-01-31 21:00:40,293,445,75,428,454,785,787
2016-01-31 21:00:41,296,446,75,429,454,785,787
2016-01-31 21:00:42,300,447,75,429,454,785,787
2016-01-31 21:00:43,304,448,75,429,454,785,787
2016-01-31 21:00:44,309,449,75,430,455,785,787
2016-01-31 21:00:45,313,450,75,430,455,785,787
2016-01-31 21:00:46,317,451,75,431,455,785,787
2016-01-31 21:00:47,321,452,75,431,455,785,787
2016-01-31 21:00:48,326,453,75,431,456,785,787
2016-01-31 21:00:49,330,454,75,432,456,785,787
2016-01-31 21:00:50,334,455,75,432,456,785,787
2016-01-31 21:00:51,338,456,75,433,456,785,787
2016-01-31 21:00:52,342,457,75,433,457,785,787
2016-01-31 21:00:53,347,458,75,434,457,785,787
2016-01-31 21:00:54,352,459,75,434,457,785,787
2016-01-31 21:00:55,355,460,75,434,457,785,787
2016-01-31 21:00:56,359,461,75,435,457,785,787
2016-01-31 21:00:57,364,462,75,435,457,785,787
2016-01-31 21:00:58,368,463,75,435,457,785,787
2016-01-31 21:00:59,373,464,75,436,457,785,787
2016-01-31 21:01:00,377,465,75,436,458,785,787
2016-01-31 21:01:01,381,466,75,437,458,785,787
2016-01-31 21:01:02,386,467,75,437,458,785,787
2016-01-31 21:01:03,390,468,75,438,458,785,787
2016-01-31 21:01:04,395,469,75,438,459,785,787
2016-01-31 21:01:05,398,470,75,438,459,785,787
2016-01-31 21:01:06,402,471,75,439,459,785,787
2016-01-31 21:01:07,406,472,75,439,459,785,787
2016-01-31 21:01:08,411,473,75,440,459,785,787
2016-01-31 21:01:09,417,474,75,440,459,785,787
2016-01-31 21:01:10,422,475,75,441,459,785,787
2016-01-31 21:01:11,424,476,75,441,460,785,787
2016-01-31 21:01:12,430,477,75,442,460,785,787
2016-01-31 21:01:13,432,478,75,442,460,785,787
2016-01-31 21:01:14,436,479,75,442,460,785,787
2016-01-31 21:01:15,441,480,75,443,460,785,787
2016-01-31 21:01:16,444,481,75,443,460,785,787
2016-01-31 21:01:17,449,482,75,444,460,785,787
2016-01-31 21:01:18,453,484,75,444,461,785,787
2016-01-31 21:01:19,457,485,75,445,461,785,787
2016-01-31 21:01:20,461,486,75,445,461,785,787
2016-01-31 21:01:21,466,487,75,445,461,785,787
2016-01-31 21:01:22,470,488,75,446,461,785,787
2016-01-31 21:01:23,476,489,75,446,461,785,787
2016-01-31 21:01:24,478,490,75,447,461,785,787
2016-01-31 21:01:25,482,491,75,447,461,785,787
2016-01-31 21:01:26,487,492,75,448,462,785,787
2016-01-31 21:01:27,491,493,75,448,462,785,787
2016-01-31 21:01:28,495,494,75,448,462,785,787
2016-01-31 21:01:29,499,495,75,449,462,785,787
2016-01-31 21:01:30,503,496,75,449,463,785,787
2016-01-31 21:01:31,508,497,75,449,463,785,787
2016-01-31 21:01:32,512,498,75,450,463,785,787
2016-01-31 21:01:33,516,499,75,450,463,785,787
2016-01-31 21:01:34,520,500,75,450,463,785,787
2016-01-31 21:01:35,525,501,75,451,463,785,787
2016-01-31 21:01:36,529,502,75,451,463,785,787
2016-01-31 21:01:37,533,503,75,452,463,785,787
2016-01-31 21:01:38,537,504,75,452,463,785,787
2016-01-31 21:01:39,542,505,75,453,463,785,787
2016-01-31 21:01:40,546,506,75,453,463,785,787
2016-01-31 21:01:41,551,507,75,454,464,785,787
2016-01-31 21:01:42,557,508,75,454,464,785,787
2016-01-31 21:01:43,559,509,75,454,464,785,787
2016-01-31 21:01:44,563,510,75,455,464,785,787
2016-01-31 21:01:45,567,511,75,455,465,785,787
2016-01-31 21:01:46,572,512,75,456,465,785,787
2016-01-31 21:01:47,576,513,75,456,465,785,787
2016-01-31 21:01:48,580,514,75,457,465,785,787
2016-01-31 21:01:49,584,515,75,457,465,785,787
2016-01-31 21:01:50,588,516,75,457,466,785,787
2016-01-31 21:01:51,593,517,75,458,466,785,787
2016-01-31 21:01:52,598,518,75,458,466,785,787
2016-01-31 21:01:53,603,519,75,459,466,785,787
2016-01-31 21:01:54,608,520,75,459,467,785,787
2016-01-31 21:01:55,610,521,75,459,467,785,787
2016-01-31 21:01:56,614,522,75,460,467,785,787
2016-01-31 21:01:57,620,523,75,460,467,785,787
2016-01-31 21:01:58,623,524,75,461,467,785,787
2016-01-31 21:01:59,627,525,75,461,467,785,787
2016-01-31 21:02:00,631,526,75,462,468,785,787
2016-01-31 21:02:01,635,527,75,462,468,785,787
2016-01-31 21:02:02,639,528,75,462,468,785,787
2016-01-31 21:02:03,644,529,75,463,469,785,787
2016-01-31 21:02:04,648,530,75,463,469,785,787
2016-01-31 21:02:05,652,531,75,464,469,785,787
2016-01-31 21:02:06,656,532,75,464,470,785,787
2016-01-31 21:02:07,661,533,75,465,470,785,787
2016-01-31 21:02:08,665,534,75,465,470,785,787
2016-01-31 21:02:09,669,535,75,465,470,785,787
2016-01-31 21:02:10,673,536,75,466,471,785,787
2016-01-31 21:02:11,678,537,75,466,471,785,787
2016-01-31 21:02:12,683,538,75,466,471,785,787
2016-01-31 21:02:13,688,539,75,467,471,785,787
2016-01-31 21:02:14,690,540,75,468,472,785,787
2016-01-31 21:02:15,695,541,75,468,472,785,787
2016-01-31 21:02:16,698,542,75,469,472,785,787
2016-01-31 21:02:17,703,543,75,469,472,785,787
2016-01-31 21:02:18,707,544,75,469,472,785,787
2016-01-31 21:02:19,711,545,75,470,473,785,787
2016-01-31 21:02:20,715,546,75,470,473,785,787
2016-01-31 21:02:21,720,547,75,470,473,785,787
2016-01-31 21:02:22,724,548,75,471,473,785,787
2016-01-31 21:02:23,729,549,75,471,474,785,787
2016-01-31 21:02:24,733,550,75,471,474,785,787
2016-01-31 21:02:25,738,551,75,472,474,785,787
2016-01-31 21:02:26,741,552,75,472,474,785,787
2016-01-31 21:02:27,746,553,75,473,474,785,787
2016-01-31 21:02:28,751,554,75,473,475,785,787
2016-01-31 21:02:29,754,555,75,473,475,785,787
2016-01-31 21:02:30,758,556,75,474,475,785,787
2016-01-31 21:02:31,762,557,75,474,475,785,787
2016-01-31 21:02:32,767,558,75,474,475,785,787
2016-01-31 21:02:33,771,559,75,474,475,785,787
2016-01-31 21:02:34,776,560,75,475,475,785,787
2016-01-31 21:02:35,781,561,75,475,475,785,787
2016-01-31 21:02:36,783,562,75,475,475,785,787
2016-01-31 21:02:37,789,563,75,476,475,785,787
2016-01-31 21:02:38,792,564,75,476,475,785,787
2016-01-31 21:02:39,797,565,75,477,475,785,787
2016-01-31 21:02:40,800,566,75,477,475,785,787
2016-01-31 21:02:41,805,567,75,478,475,785,787
2016-01-31 21:02:42,809,568,75,478,475,785,787
2016-01-31 21:02:43,813,569,75,478,475,785,787
2016-01-31 21:02:44,817,570,75,479,476,785,787
2016-01-31 21:02:45,822,571,75,479,476,785,787
2016-01-31 21:02:46,826,572,75,479,476,785,787
2016-01-31 21:02:47,830,573,75,479,477,785,787
2016-01-31 21:02:48,834,574,75,480,477,785,787
2016-01-31 21:02:49,839,575,75,480,477,785,787
2016-01-31 21:02:50,843,576,75,480,477,785,787
2016-01-31 21:02:51,847,577,75,481,477,785,787
2016-01-31 21:02:52,851,578,75,481,478,785,787
2016-01-31 21:02:53,856,579,75,481,478,785,787
2016-01-31 21:02:54,860,580,75,482,478,785,787
2016-01-31 21:02:55,864,581,75,482,478,785,787
2016-01-31 21:02:56,868,582,75,483,479,785,787
2016-01-31 21:02:57,873,583,75,483,479,785,787
2016-01-31 21:02:58,876,584,75,483,479,785,787
2016-01-31 21:02:59,881,585,75,483,479,785,787
2016-01-31 21:03:00,885,586,75,484,480,785,787
2016-01-31 21:03:01,889,587,75,484,480,785,787
2016-01-31 21:03:02,894,588,75,484,480,785,787
2016-01-31 21:03:03,898,589,75,484,480,785,787
2016-01-31 21:03:04,902,590,75,484,480,785,787
2016-01-31 21:03:05,907,591,75,485,481,785,787
2016-01-31 21:03:06,911,592,75,485,481,785,787
2016-01-31 21:03:07,916,593,75,485,481,785,787
2016-01-31 21:03:08,919,594,75,485,481,785,787
2016-01-31 21:03:09,924,595,75,486,481,785,787
2016-01-31 21:03:10,929,596,75,486,481,785,787
2016-01-31 21:03:11,932,597,75,486,482,785,787
2016-01-31 21:03:12,936,598,75,487,482,785,787
2016-01-31 21:03:13,940,599,75,487,482,785,787
2016-01-31 21:03:14,944,600,75,487,482,785,787
2016-01-31 21:03:15,949,601,75,488,482,785,787
2016-01-31 21:03:16,953,602,75,488,482,785,787
2016-01-31 21:03:17,957,603,75,488,483,785,787
2016-01-31 21:03:18,961,604,75,488,483,785,787
2016-01-31 21:03:19,966,605,75,489,483,785,787
2016-01-31 21:03:20,970,606,75,489,483,785,787
2016-01-31 21:03:21,974,607,75,489,483,785,787
2016-01-31 21:03:22,978,608,75,490,483,785,787
2016-01-31 21:03:23,983,609,75,490,484,785,787
2016-01-31 21:03:24,986,610,75,491,484,785,787
2016-01-31 21:03:25,991,611,75,491,484,785,787
2016-01-31 21:03:26,996,612,75,491,484,785,787
2016-01-31 21:03:28,000,613,75,492,484,785,787
2016-01-31 21:03:29,003,614,75,492,484,785,787
2016-01-31 21:03:30,008,615,75,492,485,785,787
2016-01-31 21:03:31,012,616,75,492,485,785,787
2016-01-31 21:03:32,017,617,75,493,485,785,787
2016-01-31 21:03:33,021,618,75,493,485,785,787
2016-01-31 21:03:34,025,619,75,493,485,785,787
2016-01-31 21:03:35,029,620,75,493,485,785,787
2016-01-31 21:03:36,034,621,75,494,485,785,787
2016-01-31 21:03:37,038,622,75,494,485,785,787
2016-01-31 21:03:38,042,623,75,494,486,785,787
2016-01-31 21:03:39,046,624,75,494,486,785,787
2016-01-31 21:03:40,050,625,75,495,486,785,787
2016-01-31 21:03:41,054,626,75,495,486,785,787
2016-01-31 21:03:42,059,627,75,495,486,785,787
2016-01-31 21:03:43,062,628,75,495,486,785,787
2016-01-31 21:03:44,067,629,75,496,486,785,787
2016-01-31 21:03:45,071,630,75,496,486,785,787
2016-01-31 21:03:46,076,631,75,496,486,785,787
2016-01-31 21:03:47,080,632,75,496,486,785,787
2016-01-31 21:03:48,084,633,75,496,486,785,787
2016-01-31 21:03:49,088,634,75,496,486,785,787
2016-01-31 21:03:50,093,635,75,496,486,785,787
2016-01-31 21:03:51,096,636,75,497,486,785,787
2016-01-31 21:03:52,102,637,75,497,487,785,787
2016-01-31 21:03:53,106,638,75,497,487,785,787
2016-01-31 21:03:54,110,639,75,497,487,785,787
2016-01-31 21:03:55,114,640,75,498,487,785,787
2016-01-31 21:03:56,118,641,75,498,487,785,787
2016-01-31 21:03:57,123,642,75,499,487,785,787
2016-01-31 21:03:58,127,643,75,499,488,785,787
2016-01-31 21:03:59,131,644,75,499,488,785,787
2016-01-31 21:04:00,135,645,75,500,488,785,787
2016-01-31 21:04:01,139,646,75,500,488,785,787
2016-01-31 21:04:02,144,647,75,500,488,785,787
2016-01-31 21:04:03,148,648,75,501,488,785,787
2016-01-31 21:04:04,153,649,75,501,488,785,787
2016-01-31 21:04:05,156,650,75,501,488,785,787
2016-01-31 21:04:06,161,651,75,502,488,785,787
2016-01-31 21:04:07,164,652,75,502,488,785,787
2016-01-31 21:04:08,169,653,75,503,488,785,787
2016-01-31 21:04:09,173,654,75,503,488,785,787
2016-01-31 21:04:10,178,655,75,503,488,785,787
2016-01-31 21:04:11,184,656,75,504,487,785,787
2016-01-31 21:04:12,186,657,75,504,487,785,787
2016-01-31 21:04:13,190,658,75,504,487,785,787
2016-01-31 21:04:14,194,659,75,505,487,785,787
2016-01-31 21:04:15,199,660,75,505,487,785,787
2016-01-31 21:04:16,203,661,75,506,487,785,787
2016-01-31 21:04:17,207,662,75,506,487,785,787
2016-01-31 21:04:18,212,663,75,506,487,785,787
2016-01-31 21:04:19,215,664,75,506,487,785,787
2016-01-31 21:04:20,220,665,75,507,487,785,787
2016-01-31 21:04:21,224,666,75,507,487,785,787
2016-01-31 21:04:22,228,667,75,508,487,785,787
2016-01-31 21:04:23,233,668,75,508,487,785,787
2016-01-31 21:04:24,237,669,75,508,487,785,787
2016-01-31 21:04:25,241,670,75,509,486,785,787
2016-01-31 21:04:26,245,671,75,509,486,785,787
2016-01-31 21:04:27,249,672,75,510,486,785,787
2016-01-31 21:04:28,254,673,75,510,486,785,787
2016-01-31 21:04:29,258,674,75,510,486,785,787
2016-01-31 21:04:30,262,675,75,511,486,785,787
2016-01-31 21:04:31,266,676,75,511,486,785,787
2016-01-31 21:04:32,271,677,75,511,486,785,787
2016-01-31 21:04:33,275,678,75,512,485,785,787
2016-01-31 21:04:34,279,679,75,512,485,785,787
2016-01-31 21:04:35,283,680,75,512,485,785,787
2016-01-31 21:04:36,288,681,75,512,485,785,787
2016-01-31 21:04:37,293,682,75,513,485,785,787
2016-01-31 21:04:38,298,683,75,513,485,785,787
2016-01-31 21:04:39,300,684,75,513,485,785,787
2016-01-31 21:04:40,304,685,75,513,485,785,787
2016-01-31 21:04:41,308,686,75,514,485,785,787
2016-01-31 21:04:42,313,687,75,514,485,785,787
2016-01-31 21:04:43,317,688,75,515,485,785,787
2016-01-31 21:04:44,321,689,75,515,485,785,787
2016-01-31 21:04:45,326,690,75,515,485,785,787
2016-01-31 21:04:46,330,691,75,516,485,785,787
2016-01-31 21:04:47,334,692,75,516,485,785,787
2016-01-31 21:04:48,339,693,75,516,485,785,787
2016-01-31 21:04:49,343,694,75,517,485,785,787
2016-01-31 21:04:50,347,695,75,517,485,785,787
2016-01-31 21:04:51,351,696,75,517,484,785,787
2016-01-31 21:04:52,356,697,75,518,484,785,787
2016-01-31 21:04:53,360,698,75,518,484,785,787
2016-01-31 21:04:54,364,699,75,519,484,785,787
2016-01-31 21:04:55,368,700,75,519,484,785,787
2016-01-31 21:04:56,372,701,75,519,484,785,787
2016-01-31 21:04:57,376,702,75,520,484,785,787
2016-01-31 21:04:58,381,703,75,520,484,785,787
2016-01-31 21:04:59,385,704,75,521,484,785,787
2016-01-31 21:05:00,390,705,75,521,484,785,787
2016-01-31 21:05:01,393,706,75,521,484,785,787
2016-01-31 21:05:02,398,707,75,522,484,785,787
2016-01-31 21:05:03,404,708,75,522,484,785,787
2016-01-31 21:05:04,406,709,75,523,484,785,787
2016-01-31 21:05:05,410,710,75,523,484,785,787
2016-01-31 21:05:06,415,711,75,523,484,785,787
2016-01-31 21:05:07,419,712,75,524,484,785,787
2016-01-31 21:05:08,423,713,75,524,484,785,787
2016-01-31 21:05:09,427,714,75,525,484,785,787
2016-01-31 21:05:10,432,715,75,525,484,785,787
2016-01-31 21:05:11,436,716,75,525,484,785,787
2016-01-31 21:05:12,440,717,75,526,484,785,787
2016-01-31 21:05:13,444,718,75,526,484,785,787
2016-01-31 21:05:14,449,719,75,526,484,785,787
2016-01-31 21:05:15,453,721,75,527,483,785,787
2016-01-31 21:05:16,457,722,75,527,483,785,787
2016-01-31 21:05:17,461,723,75,528,483,785,787
2016-01-31 21:05:18,466,724,75,528,484,785,787
2016-01-31 21:05:19,472,725,75,528,484,785,787
2016-01-31 21:05:20,474,726,75,529,484,785,787
2016-01-31 21:05:21,478,727,75,529,484,785,787
2016-01-31 21:05:22,482,728,75,530,484,785,787
2016-01-31 21:05:23,487,729,75,530,483,785,787
2016-01-31 21:05:24,491,730,75,530,483,785,787
2016-01-31 21:05:25,495,731,75,531,483,785,787
2016-01-31 21:05:26,499,732,75,531,483,785,787
2016-01-31 21:05:27,503,733,75,531,483,785,787
2016-01-31 21:05:28,508,734,75,532,483,785,787
2016-01-31 21:05:29,512,735,75,532,483,785,787
2016-01-31 21:05:30,516,736,75,532,483,785,787
2016-01-31 21:05:31,520,737,75,532,483,785,787
2016-01-31 21:05:32,525,738,75,533,482,785,787
2016-01-31 21:05:33,529,739,75,533,482,785,787
2016-01-31 21:05:34,534,740,75,533,482,785,787
2016-01-31 21:05:35,537,741,75,534,482,785,787
2016-01-31 21:05:36,542,742,75,534,481,785,787
2016-01-31 21:05:37,546,743,75,534,481,785,787
2016-01-31 21:05:38,550,744,75,534,481,785,787
2016-01-31 21:05:39,554,745,75,534,481,785,787
2016-01-31 21:05:40,559,746,75,535,480,785,787
2016-01-31 21:05:41,563,747,75,535,480,785,787
2016-01-31 21:05:42,568,748,75,535,480,785,787
2016-01-31 21:05:43,571,749,75,536,479,785,787
2016-01-31 21:05:44,576,750,75,536,479,785,787
2016-01-31 21:05:45,580,751,75,536,479,785,787
2016-01-31 21:05:46,584,752,75,537,479,785,787
2016-01-31 21:05:47,588,753,75,537,478,785,787
2016-01-31 21:05:48,593,754,75,537,478,785,787
2016-01-31 21:05:49,596,755,75,537,478,785,787
2016-01-31 21:05:50,601,756,75,538,478,785,787
2016-01-31 21:05:51,605,757,75,538,478,785,787
2016-01-31 21:05:52,609,758,75,538,478,785,787
2016-01-31 21:05:53,613,759,75,538,477,785,787
2016-01-31 21:05:54,618,760,75,539,477,785,787
2016-01-31 21:05:55,623,761,75,539,477,785,787
2016-01-31 21:05:56,626,762,75,539,477,785,787
2016-01-31 21:05:57,631,763,75,539,477,785,787
2016-01-31 21:05:58,636,764,75,540,477,785,787
2016-01-31 21:05:59,639,765,75,540,477,785,787
2016-01-31 21:06:00,644,766,75,540,476,785,787
2016-01-31 21:06:01,648,767,75,540,476,785,787
2016-01-31 21:06:02,652,768,75,540,476,785,787
2016-01-31 21:06:03,656,769,75,541,476,785,787
2016-01-31 21:06:04,661,770,75,541,476,785,787
2016-01-31 21:06:05,665,771,75,541,476,785,787
2016-01-31 21:06:06,669,772,75,542,475,785,787
2016-01-31 21:06:07,673,773,75,542,475,785,787
2016-01-31 21:06:08,678,774,75,542,475,785,787
2016-01-31 21:06:09,682,775,75,543,475,785,787
2016-01-31 21:06:10,686,776,75,543,475,785,787
2016-01-31 21:06:11,690,777,75,543,475,785,787
2016-01-31 21:06:12,695,778,75,542,475,785,787
2016-01-31 21:06:13,698,779,75,541,474,785,787
2016-01-31 21:06:14,703,780,75,539,474,785,787
2016-01-31 21:06:15,707,781,75,537,473,785,787
2016-01-31 21:06:16,711,782,75,533,473,785,787
2016-01-31 21:06:17,715,783,75,530,472,785,787
2016-01-31 21:06:18,719,784,75,529,471,785,787
2016-01-31 21:06:19,724,785,75,527,470,785,787
2016-01-31 21:06:20,728,786,75,524,469,785,787
2016-01-31 21:06:21,732,787,75,522,468,785,787
2016-01-31 21:06:22,738,788,75,519,468,785,787
2016-01-31 21:06:23,741,789,75,517,467,785,787
2016-01-31 21:06:24,745,790,75,516,466,785,787
2016-01-31 21:06:25,749,791,75,516,466,785,787
2016-01-31 21:06:26,754,792,75,516,466,785,787
2016-01-31 21:06:27,757,793,75,516,465,785,787
2016-01-31 21:06:28,762,794,75,516,465,785,787
2016-01-31 21:06:29,766,795,75,517,465,785,787
2016-01-31 21:06:30,771,796,75,517,464,785,787
2016-01-31 21:06:31,775,797,75,517,464,785,787
2016-01-31 21:06:32,779,798,75,516,464,785,787
2016-01-31 21:06:33,783,799,75,516,464,785,787
2016-01-31 21:06:34,787,800,75,517,464,785,787
2016-01-31 21:06:35,792,801,75,516,464,785,787
2016-01-31 21:06:36,796,802,75,517,464,785,787
2016-01-31 21:06:37,800,803,75,517,463,785,787
2016-01-31 21:06:38,805,804,75,517,464,785,787
2016-01-31 21:06:39,809,805,75,516,464,785,787
2016-01-31 21:06:40,813,806,75,516,464,785,787
2016-01-31 21:06:41,817,807,75,515,463,785,787
2016-01-31 21:06:42,822,808,75,515,463,785,787
2016-01-31 21:06:43,828,809,75,514,463,785,787
2016-01-31 21:06:44,830,810,75,514,462,785,787
2016-01-31 21:06:45,834,811,75,513,462,785,787
2016-01-31 21:06:46,838,812,75,512,462,785,787
2016-01-31 21:06:47,842,813,75,512,461,785,787
2016-01-31 21:06:48,847,814,75,511,461,785,787
2016-01-31 21:06:49,851,815,75,510,460,785,787
2016-01-31 21:06:50,855,816,75,509,460,785,787
2016-01-31 21:06:51,861,817,75,509,460,785,787
2016-01-31 21:06:52,864,818,75,508,459,785,787
2016-01-31 21:06:53,868,819,75,508,459,785,787
2016-01-31 21:06:54,872,820,75,507,459,785,787
2016-01-31 21:06:55,876,821,75,507,459,785,787
2016-01-31 21:06:56,881,822,75,506,458,785,787
2016-01-31 21:06:57,884,823,75,506,458,785,787
2016-01-31 21:06:58,889,824,75,505,458,785,787
2016-01-31 21:06:59,893,825,75,505,457,785,787
2016-01-31 21:07:00,898,826,75,504,457,785,787
2016-01-31 21:07:01,902,827,75,504,457,785,787
2016-01-31 21:07:02,906,828,75,503,457,785,787
2016-01-31 21:07:03,910,829,75,503,457,785,787
2016-01-31 21:07:04,915,830,75,502,456,785,787
2016-01-31 21:07:05,918,831,75,501,456,785,787
2016-01-31 21:07:06,923,832,75,501,456,785,787
2016-01-31 21:07:07,927,833,75,500,456,785,787
2016-01-31 21:07:08,932,834,75,500,456,785,787
2016-01-31 21:07:09,935,835,75,499,455,785,787
2016-01-31 21:07:10,940,836,75,499,455,785,787
2016-01-31 21:07:11,944,837,75,498,455,785,787
2016-01-31 21:07:12,948,838,75,498,454,785,787
2016-01-31 21:07:13,952,839,75,497,454,785,787
2016-01-31 21:07:14,957,840,75,497,454,785,787
2016-01-31 21:07:15,961,841,75,496,454,785,787
2016-01-31 21:07:16,965,842,75,496,453,785,787
2016-01-31 21:07:17,969,843,75,495,453,785,787
2016-01-31 21:07:18,974,844,75,495,453,785,787
2016-01-31 21:07:19,978,845,75,494,453,785,787
2016-01-31 21:07:20,983,846,75,494,452,785,787
2016-01-31 21:07:21,986,847,75,493,452,785,787
2016-01-31 21:07:22,991,848,75,493,452,785,787
2016-01-31 21:07:23,995,849,75,492,452,785,787
2016-01-31 21:07:24,999,850,75,492,452,785,787
2016-01-31 21:07:26,003,851,75,491,452,785,787
2016-01-31 21:07:27,008,852,75,491,451,785,787
2016-01-31 21:07:28,012,853,75,490,451,785,787
2016-01-31 21:07:29,017,854,75,490,451,785,787
2016-01-31 21:07:30,021,855,75,489,451,785,787
2016-01-31 21:07:31,025,856,75,489,451,785,787
2016-01-31 21:07:32,029,857,75,488,450,785,787
2016-01-31 21:07:33,033,858,75,488,450,785,787
2016-01-31 21:07:34,037,859,75,488,450,785,787
2016-01-31 21:07:35,042,860,75,488,450,785,787
2016-01-31 21:07:36,046,861,75,487,450,785,787
2016-01-31 21:07:37,051,862,75,487,450,785,787
