2016-02-06 21:32:29,116,datetime,ms,seconds,ambient_temp,thermocouple_0_temp,thermocouple_1_temp,thermocouple_2_temp,thermocouple_3_temp
2016-02-06 21:32:34,224,5,74,425,402,786,787
2016-02-06 21:32:35,227,6,74,412,396,786,787
2016-02-06 21:32:36,232,7,74,401,391,786,787
2016-02-06 21:32:37,236,8,74,390,387,786,787
2016-02-06 21:32:38,240,9,74,379,384,786,787
2016-02-06 21:32:39,242,10,74,369,380,786,787
2016-02-06 21:32:40,245,11,74,361,378,786,787
2016-02-06 21:32:41,247,12,74,352,376,786,787
2016-02-06 21:32:42,251,13,74,343,374,786,787
2016-02-06 21:32:43,256,14,74,335,373,786,787
2016-02-06 21:32:44,257,15,74,328,371,786,787
2016-02-06 21:32:45,260,16,74,321,370,786,787
2016-02-06 21:32:46,263,17,74,314,369,786,787
2016-02-06 21:32:47,266,18,74,307,367,786,787
2016-02-06 21:32:48,271,19,74,301,366,786,787
2016-02-06 21:32:49,274,20,74,296,365,786,787
2016-02-06 21:32:50,279,21,74,290,363,786,787
2016-02-06 21:32:51,280,22,74,285,362,786,787
2016-02-06 21:32:52,282,23,74,280,361,786,787
2016-02-06 21:32:53,286,24,74,276,360,786,787
2016-02-06 21:32:54,288,25,74,272,359,786,787
2016-02-06 21:32:55,291,26,74,268,358,786,787
2016-02-06 21:32:56,293,27,74,264,357,786,787
2016-02-06 21:32:57,295,28,74,260,356,786,787
2016-02-06 21:32:58,299,29,74,257,356,786,787
2016-02-06 21:32:59,300,30,74,254,355,786,787
2016-02-06 21:33:00,306,31,74,251,354,786,787
2016-02-06 21:33:01,309,32,74,248,353,786,787
2016-02-06 21:33:02,311,33,74,245,352,786,787
2016-02-06 21:33:03,316,34,74,243,352,786,787
2016-02-06 21:33:04,318,35,74,241,351,786,787
2016-02-06 21:33:05,322,36,74,238,351,786,787
2016-02-06 21:33:06,324,37,74,236,350,786,787
2016-02-06 21:33:07,325,38,74,234,350,786,787
2016-02-06 21:33:08,331,39,74,233,349,786,787
2016-02-06 21:33:09,336,40,74,231,348,786,787
2016-02-06 21:33:10,341,41,74,229,348,786,787
2016-02-06 21:33:11,344,42,74,227,347,786,787
2016-02-06 21:33:12,349,43,74,226,347,786,787
2016-02-06 21:33:13,355,44,74,224,347,786,787
2016-02-06 21:33:14,358,45,74,223,346,786,787
2016-02-06 21:33:15,361,46,74,222,346,786,787
2016-02-06 21:33:16,366,47,74,221,345,786,787
2016-02-06 21:33:17,368,48,74,220,345,786,787
2016-02-06 21:33:18,374,49,74,219,345,786,787
2016-02-06 21:33:19,378,50,74,218,345,786,787
2016-02-06 21:33:20,383,51,74,217,344,786,787
2016-02-06 21:33:21,388,52,74,217,344,786,787
2016-02-06 21:33:22,392,53,74,216,344,786,787
2016-02-06 21:33:23,396,54,74,215,344,786,787
2016-02-06 21:33:24,401,55,74,215,343,786,787
2016-02-06 21:33:25,402,56,74,214,343,786,787
2016-02-06 21:33:26,406,57,74,214,343,786,787
2016-02-06 21:33:27,410,58,74,214,343,786,787
2016-02-06 21:33:28,412,59,74,213,343,786,787
2016-02-06 21:33:29,416,60,74,213,342,786,787
2016-02-06 21:33:30,421,61,74,212,342,786,787
2016-02-06 21:33:31,424,62,74,212,342,786,787
2016-02-06 21:33:32,426,63,74,212,342,786,787
2016-02-06 21:33:33,432,64,74,212,342,786,787
2016-02-06 21:33:34,437,65,74,212,343,786,787
2016-02-06 21:33:35,441,66,74,212,344,786,787
2016-02-06 21:33:36,442,67,74,212,344,786,787
2016-02-06 21:33:37,446,68,74,212,345,786,787
2016-02-06 21:33:38,450,69,74,212,346,786,787
2016-02-06 21:33:39,456,70,74,212,346,786,787
2016-02-06 21:33:40,456,71,74,212,347,786,787
2016-02-06 21:33:41,462,72,74,212,347,786,787
2016-02-06 21:33:42,465,73,74,212,348,786,787
2016-02-06 21:33:43,471,74,74,212,348,786,787
2016-02-06 21:33:44,474,75,74,212,349,786,787
2016-02-06 21:33:45,478,76,74,212,349,786,787
2016-02-06 21:33:46,482,77,74,213,349,786,787
2016-02-06 21:33:47,486,78,74,213,350,786,787
2016-02-06 21:33:48,491,79,74,213,350,786,787
2016-02-06 21:33:49,493,80,74,214,351,786,787
2016-02-06 21:33:50,497,81,74,214,351,786,787
2016-02-06 21:33:51,498,82,74,214,352,786,787
2016-02-06 21:33:52,504,83,74,214,352,786,787
2016-02-06 21:33:53,506,84,74,215,353,786,787
2016-02-06 21:33:54,511,85,74,215,353,786,787
2016-02-06 21:33:55,514,86,74,216,354,786,787
2016-02-06 21:33:56,515,87,74,216,354,786,787
2016-02-06 21:33:57,517,88,74,217,355,786,787
2016-02-06 21:33:58,521,89,74,217,355,786,787
2016-02-06 21:33:59,527,90,74,217,356,786,787
2016-02-06 21:34:00,529,91,74,218,356,786,787
2016-02-06 21:34:01,532,92,74,218,356,786,787
2016-02-06 21:34:02,534,93,74,219,357,786,787
2016-02-06 21:34:03,537,94,74,219,357,786,787
2016-02-06 21:34:04,537,95,74,220,357,786,787
2016-02-06 21:34:05,538,96,74,220,358,786,787
2016-02-06 21:34:06,543,97,74,221,358,786,787
2016-02-06 21:34:07,545,98,74,221,358,786,787
2016-02-06 21:34:08,547,99,74,222,359,786,787
2016-02-06 21:34:09,550,100,74,222,359,786,787
2016-02-06 21:34:10,553,101,74,223,359,786,787
2016-02-06 21:34:11,558,102,74,223,360,786,787
2016-02-06 21:34:12,563,103,74,224,360,786,787
2016-02-06 21:34:13,567,104,74,224,360,786,787
2016-02-06 21:34:14,573,105,74,225,361,786,787
2016-02-06 21:34:15,576,106,74,225,361,786,787
2016-02-06 21:34:16,579,107,74,226,361,786,787
2016-02-06 21:34:17,584,108,74,227,362,786,787
2016-02-06 21:34:18,586,109,74,227,362,786,787
2016-02-06 21:34:19,589,110,74,228,362,786,787
2016-02-06 21:34:20,591,111,74,229,362,786,787
2016-02-06 21:34:21,592,112,74,229,363,786,787
2016-02-06 21:34:22,597,113,74,230,363,786,787
2016-02-06 21:34:23,598,114,74,230,363,786,787
2016-02-06 21:34:24,599,115,74,231,364,786,787
2016-02-06 21:34:25,603,116,74,232,364,786,787
2016-02-06 21:34:26,608,117,74,232,364,786,787
2016-02-06 21:34:27,609,118,74,233,365,786,787
2016-02-06 21:34:28,613,119,74,233,365,786,787
2016-02-06 21:34:29,619,120,74,234,365,786,787
2016-02-06 21:34:30,623,121,74,235,365,786,787
2016-02-06 21:34:31,627,122,74,235,366,786,787
2016-02-06 21:34:32,631,123,74,236,366,786,787
2016-02-06 21:34:33,631,124,74,237,366,786,787
2016-02-06 21:34:34,632,125,74,237,367,786,787
2016-02-06 21:34:35,637,126,74,238,367,786,787
2016-02-06 21:34:36,643,127,74,238,367,786,787
2016-02-06 21:34:37,646,128,74,239,368,786,787
2016-02-06 21:34:38,648,129,74,239,368,786,787
2016-02-06 21:34:39,654,130,74,240,368,786,787
2016-02-06 21:34:40,657,131,74,241,369,786,787
2016-02-06 21:34:41,662,132,74,241,369,786,787
2016-02-06 21:34:42,668,133,74,242,369,786,787
2016-02-06 21:34:43,672,134,74,243,369,786,787
2016-02-06 21:34:44,676,135,74,243,369,786,787
2016-02-06 21:34:45,680,136,74,244,370,786,787
2016-02-06 21:34:46,682,137,74,245,370,786,787
2016-02-06 21:34:47,685,138,74,245,370,786,787
2016-02-06 21:34:48,687,139,74,246,371,786,787
2016-02-06 21:34:49,688,140,74,246,371,786,787
2016-02-06 21:34:50,694,141,74,247,371,786,787
2016-02-06 21:34:51,698,142,74,248,371,786,787
2016-02-06 21:34:52,703,143,74,248,372,786,787
2016-02-06 21:34:53,708,144,74,249,372,786,787
2016-02-06 21:34:54,712,145,74,249,372,786,787
2016-02-06 21:34:55,714,146,74,250,373,786,787
2016-02-06 21:34:56,715,147,74,251,373,786,787
2016-02-06 21:34:57,719,148,74,251,373,786,787
2016-02-06 21:34:58,720,149,74,252,374,786,787
2016-02-06 21:34:59,721,150,74,252,374,786,787
2016-02-06 21:35:00,726,151,74,253,374,786,787
2016-02-06 21:35:01,729,152,74,254,375,786,787
2016-02-06 21:35:02,734,153,74,254,375,786,787
2016-02-06 21:35:03,738,154,74,255,375,786,787
2016-02-06 21:35:04,743,155,74,255,375,786,787
2016-02-06 21:35:05,748,156,74,256,376,786,787
2016-02-06 21:35:06,752,157,74,257,376,786,787
2016-02-06 21:35:07,755,158,74,257,376,786,787
2016-02-06 21:35:08,760,159,74,258,376,786,787
2016-02-06 21:35:09,761,160,74,259,377,786,787
2016-02-06 21:35:10,766,161,74,259,377,786,787
2016-02-06 21:35:11,767,162,74,260,377,786,787
2016-02-06 21:35:12,773,163,74,260,378,786,787
2016-02-06 21:35:13,775,164,74,261,378,786,787
2016-02-06 21:35:14,776,165,74,262,378,786,787
2016-02-06 21:35:15,777,166,74,262,378,786,787
2016-02-06 21:35:16,782,167,74,263,379,786,787
2016-02-06 21:35:17,783,168,74,264,379,786,787
2016-02-06 21:35:18,789,169,74,264,379,786,787
2016-02-06 21:35:19,795,170,74,265,380,786,787
2016-02-06 21:35:20,799,171,74,265,380,786,787
2016-02-06 21:35:21,804,172,74,266,380,786,787
2016-02-06 21:35:22,807,173,74,266,380,786,787
2016-02-06 21:35:23,811,174,74,267,380,786,787
2016-02-06 21:35:24,816,175,74,267,381,786,787
2016-02-06 21:35:25,819,176,74,268,381,786,787
2016-02-06 21:35:26,825,177,74,269,381,786,787
2016-02-06 21:35:27,830,178,74,269,381,786,787
2016-02-06 21:35:28,833,179,74,270,382,786,787
2016-02-06 21:35:29,839,180,74,270,382,786,787
2016-02-06 21:35:30,841,181,74,271,382,786,787
2016-02-06 21:35:31,844,182,74,271,382,786,787
2016-02-06 21:35:32,850,183,74,272,382,786,787
2016-02-06 21:35:33,855,184,74,272,383,786,787
2016-02-06 21:35:34,859,185,74,273,383,786,787
2016-02-06 21:35:35,862,186,74,274,383,786,787
2016-02-06 21:35:36,867,187,74,274,383,786,787
2016-02-06 21:35:37,872,188,74,275,384,786,787
2016-02-06 21:35:38,875,189,74,275,384,786,787
2016-02-06 21:35:39,878,190,74,276,384,786,787
2016-02-06 21:35:40,883,191,74,276,385,786,787
2016-02-06 21:35:41,884,192,74,277,385,786,787
2016-02-06 21:35:42,887,193,74,277,385,786,787
2016-02-06 21:35:43,891,194,74,278,385,786,787
2016-02-06 21:35:44,893,195,74,278,385,786,787
2016-02-06 21:35:45,899,196,74,279,386,786,787
2016-02-06 21:35:46,903,197,74,280,386,786,787
2016-02-06 21:35:47,908,198,74,280,386,786,787
2016-02-06 21:35:48,911,199,74,281,386,786,787
2016-02-06 21:35:49,916,200,74,281,387,786,787
2016-02-06 21:35:50,919,201,74,282,387,786,787
2016-02-06 21:35:51,922,202,74,282,387,786,787
2016-02-06 21:35:52,925,203,74,283,387,786,787
2016-02-06 21:35:53,929,204,74,283,388,786,787
2016-02-06 21:35:54,932,205,74,284,388,786,787
2016-02-06 21:35:55,937,206,74,284,388,786,787
2016-02-06 21:35:56,940,207,74,285,388,786,787
2016-02-06 21:35:57,942,208,74,285,388,786,787
2016-02-06 21:35:58,945,209,74,286,389,786,787
2016-02-06 21:35:59,947,210,74,287,389,786,787
2016-02-06 21:36:00,950,211,74,287,389,786,787
2016-02-06 21:36:01,956,212,74,288,389,786,787
2016-02-06 21:36:02,960,213,74,288,390,786,787
2016-02-06 21:36:03,964,214,74,289,390,786,787
2016-02-06 21:36:04,970,215,74,289,390,786,787
2016-02-06 21:36:05,974,216,74,290,390,786,787
2016-02-06 21:36:06,977,217,74,290,390,786,787
2016-02-06 21:36:07,981,218,74,291,391,786,787
2016-02-06 21:36:08,982,219,74,291,391,786,787
2016-02-06 21:36:09,983,220,74,292,391,786,787
2016-02-06 21:36:10,988,221,74,292,391,786,787
2016-02-06 21:36:11,990,222,74,293,392,786,787
2016-02-06 21:36:12,994,223,74,293,392,786,787
2016-02-06 21:36:13,995,224,74,294,392,786,787
2016-02-06 21:36:14,998,225,74,294,392,786,787
2016-02-06 21:36:16,003,226,74,295,392,786,787
2016-02-06 21:36:17,008,227,75,295,393,786,787
2016-02-06 21:36:18,012,228,74,296,393,786,787
2016-02-06 21:36:19,012,229,74,296,393,786,787
2016-02-06 21:36:20,016,230,74,297,393,786,787
2016-02-06 21:36:21,019,231,74,297,393,786,787
2016-02-06 21:36:22,023,232,74,298,393,786,787
2016-02-06 21:36:23,027,233,74,298,394,786,787
2016-02-06 21:36:24,031,234,75,299,394,786,787
2016-02-06 21:36:25,036,235,74,299,394,786,787
2016-02-06 21:36:26,038,236,74,300,394,786,787
2016-02-06 21:36:27,039,237,74,301,395,786,787
2016-02-06 21:36:28,043,238,74,301,395,786,787
2016-02-06 21:36:29,044,239,74,302,395,786,787
2016-02-06 21:36:30,048,240,74,302,396,786,787
2016-02-06 21:36:31,049,241,74,303,396,786,787
2016-02-06 21:36:32,051,242,74,303,396,786,787
2016-02-06 21:36:33,051,243,74,303,396,786,787
2016-02-06 21:36:34,056,244,74,304,397,786,787
2016-02-06 21:36:35,062,245,74,304,397,786,787
2016-02-06 21:36:36,065,246,75,305,397,786,787
2016-02-06 21:36:37,069,247,74,305,397,786,787
2016-02-06 21:36:38,073,248,74,306,398,786,787
2016-02-06 21:36:39,074,249,75,306,398,786,787
2016-02-06 21:36:40,078,250,74,306,398,786,787
2016-02-06 21:36:41,080,251,75,307,398,786,787
2016-02-06 21:36:42,085,252,74,307,398,786,787
2016-02-06 21:36:43,089,253,75,308,399,786,787
2016-02-06 21:36:44,091,254,74,308,399,786,787
2016-02-06 21:36:45,094,255,75,309,399,786,787
2016-02-06 21:36:46,096,256,74,309,399,786,787
2016-02-06 21:36:47,097,257,74,310,399,786,787
2016-02-06 21:36:48,102,258,74,310,400,786,787
2016-02-06 21:36:49,105,259,74,311,400,786,787
2016-02-06 21:36:50,111,260,74,311,400,786,787
2016-02-06 21:36:51,111,261,75,312,400,786,787
2016-02-06 21:36:52,115,262,75,312,400,786,787
2016-02-06 21:36:53,119,264,74,313,400,786,787
2016-02-06 21:36:54,125,265,75,313,400,786,787
2016-02-06 21:36:55,128,266,74,313,401,786,787
2016-02-06 21:36:56,129,267,74,314,401,786,787
2016-02-06 21:36:57,131,268,75,314,401,786,787
2016-02-06 21:36:58,135,269,74,315,401,786,787
2016-02-06 21:36:59,140,270,74,315,402,786,787
2016-02-06 21:37:00,143,271,75,316,402,786,787
2016-02-06 21:37:01,149,272,74,316,402,786,787
2016-02-06 21:37:02,152,273,75,317,402,786,787
2016-02-06 21:37:03,156,274,75,317,402,786,787
2016-02-06 21:37:04,160,275,75,318,403,786,787
2016-02-06 21:37:05,166,276,74,318,403,786,787
2016-02-06 21:37:06,169,277,75,318,403,786,787
2016-02-06 21:37:07,170,278,75,319,404,786,787
2016-02-06 21:37:08,173,279,75,319,404,786,787
2016-02-06 21:37:09,176,280,75,320,404,786,787
2016-02-06 21:37:10,179,281,74,320,404,786,787
2016-02-06 21:37:11,184,282,75,321,405,786,787
2016-02-06 21:37:12,186,283,75,321,405,786,787
2016-02-06 21:37:13,191,284,75,322,405,786,787
2016-02-06 21:37:14,191,285,75,322,406,786,787
2016-02-06 21:37:15,197,286,75,323,406,786,787
2016-02-06 21:37:16,199,287,75,323,406,786,787
2016-02-06 21:37:17,205,288,74,323,406,786,787
2016-02-06 21:37:18,208,289,75,324,406,786,787
2016-02-06 21:37:19,210,290,75,324,407,786,787
2016-02-06 21:37:20,212,291,75,325,407,786,787
2016-02-06 21:37:21,216,292,75,325,407,786,787
2016-02-06 21:37:22,221,293,75,326,408,786,787
2016-02-06 21:37:23,223,294,75,326,408,786,787
2016-02-06 21:37:24,224,295,75,326,409,786,787
2016-02-06 21:37:25,230,296,75,327,409,786,787
2016-02-06 21:37:26,236,297,74,327,409,786,787
2016-02-06 21:37:27,240,298,75,328,409,786,787
2016-02-06 21:37:28,243,299,75,328,409,786,787
2016-02-06 21:37:29,246,300,75,329,409,786,787
2016-02-06 21:37:30,247,301,75,329,409,786,787
2016-02-06 21:37:31,252,302,75,330,410,786,787
2016-02-06 21:37:32,256,303,75,330,410,786,787
2016-02-06 21:37:33,260,304,75,331,410,786,787
2016-02-06 21:37:34,264,305,74,331,410,786,787
2016-02-06 21:37:35,269,306,75,331,410,786,787
2016-02-06 21:37:36,273,307,75,332,410,786,787
2016-02-06 21:37:37,278,308,75,332,410,786,787
2016-02-06 21:37:38,281,309,74,333,410,786,787
2016-02-06 21:37:39,284,310,75,333,410,786,787
2016-02-06 21:37:40,290,311,75,334,410,786,787
2016-02-06 21:37:41,293,312,75,334,410,786,787
2016-02-06 21:37:42,298,313,75,334,410,786,787
2016-02-06 21:37:43,300,314,75,335,410,786,787
2016-02-06 21:37:44,306,315,75,335,410,786,787
2016-02-06 21:37:45,310,316,75,336,410,786,787
2016-02-06 21:37:46,315,317,75,336,410,786,787
2016-02-06 21:37:47,316,318,75,336,411,786,787
2016-02-06 21:37:48,321,319,75,337,411,786,787
2016-02-06 21:37:49,322,320,75,337,411,786,787
2016-02-06 21:37:50,323,321,75,338,411,786,787
2016-02-06 21:37:51,324,322,75,338,412,786,787
2016-02-06 21:37:52,329,323,75,339,412,786,787
2016-02-06 21:37:53,332,324,75,339,412,786,787
2016-02-06 21:37:54,337,325,75,340,412,786,787
2016-02-06 21:37:55,342,326,75,340,412,786,787
2016-02-06 21:37:56,346,327,75,340,413,786,787
2016-02-06 21:37:57,348,328,75,341,413,786,787
2016-02-06 21:37:58,354,329,75,341,413,786,787
2016-02-06 21:37:59,356,330,75,342,414,786,787
2016-02-06 21:38:00,361,331,75,342,414,786,787
2016-02-06 21:38:01,365,332,75,343,414,786,787
2016-02-06 21:38:02,371,333,75,343,414,786,787
2016-02-06 21:38:03,375,334,75,343,415,786,787
2016-02-06 21:38:04,380,335,75,344,415,786,787
2016-02-06 21:38:05,385,336,75,344,415,786,787
2016-02-06 21:38:06,388,337,75,345,415,786,787
2016-02-06 21:38:07,394,338,75,345,416,786,787
2016-02-06 21:38:08,397,339,75,345,416,786,787
2016-02-06 21:38:09,402,340,75,346,416,786,787
2016-02-06 21:38:10,405,341,75,346,416,786,787
2016-02-06 21:38:11,408,342,75,346,417,786,787
2016-02-06 21:38:12,413,343,75,347,417,786,787
2016-02-06 21:38:13,416,344,75,347,417,786,787
2016-02-06 21:38:14,418,345,75,348,417,786,787
2016-02-06 21:38:15,421,346,75,348,417,786,787
2016-02-06 21:38:16,422,347,75,349,417,786,787
2016-02-06 21:38:17,427,348,75,349,417,786,787
2016-02-06 21:38:18,430,349,75,350,418,786,787
2016-02-06 21:38:19,433,350,75,350,418,786,787
2016-02-06 21:38:20,436,351,75,350,418,786,787
2016-02-06 21:38:21,439,352,75,351,418,786,787
2016-02-06 21:38:22,444,353,75,351,418,786,787
2016-02-06 21:38:23,449,354,75,352,419,786,787
2016-02-06 21:38:24,453,355,75,352,419,786,787
2016-02-06 21:38:25,455,356,75,353,419,786,787
2016-02-06 21:38:26,461,357,75,353,419,786,787
2016-02-06 21:38:27,466,358,75,353,420,786,787
2016-02-06 21:38:28,470,359,75,354,420,786,787
2016-02-06 21:38:29,473,360,75,354,420,786,787
2016-02-06 21:38:30,478,361,75,355,421,786,787
2016-02-06 21:38:31,484,362,75,355,421,786,787
2016-02-06 21:38:32,487,363,75,356,421,786,787
2016-02-06 21:38:33,490,364,75,356,421,786,787
2016-02-06 21:38:34,495,365,75,357,421,786,787
2016-02-06 21:38:35,496,366,75,357,421,786,787
2016-02-06 21:38:36,498,367,75,358,422,786,787
2016-02-06 21:38:37,502,368,75,358,422,786,787
2016-02-06 21:38:38,506,369,75,359,422,786,787
2016-02-06 21:38:39,511,370,75,359,422,786,787
2016-02-06 21:38:40,514,371,75,359,423,786,787
2016-02-06 21:38:41,519,372,75,360,423,786,787
2016-02-06 21:38:42,520,373,75,360,423,786,787
2016-02-06 21:38:43,525,374,75,361,423,786,787
2016-02-06 21:38:44,526,375,75,361,423,786,787
2016-02-06 21:38:45,529,376,75,361,424,786,787
2016-02-06 21:38:46,535,377,75,362,424,786,787
2016-02-06 21:38:47,540,378,75,362,424,786,787
2016-02-06 21:38:48,543,379,75,363,424,786,787
2016-02-06 21:38:49,548,380,75,363,424,786,787
2016-02-06 21:38:50,551,381,75,363,424,786,787
2016-02-06 21:38:51,557,382,75,364,425,786,787
2016-02-06 21:38:52,560,383,75,364,425,786,787
2016-02-06 21:38:53,562,384,75,365,425,786,787
2016-02-06 21:38:54,566,385,75,365,425,786,787
2016-02-06 21:38:55,567,386,75,365,425,786,787
2016-02-06 21:38:56,572,387,75,366,425,786,787
2016-02-06 21:38:57,575,388,75,366,426,786,787
2016-02-06 21:38:58,578,389,75,367,426,786,787
2016-02-06 21:38:59,583,390,75,367,426,786,787
2016-02-06 21:39:00,589,391,75,368,427,786,787
2016-02-06 21:39:01,592,392,75,368,427,786,787
2016-02-06 21:39:02,598,393,75,369,427,786,787
2016-02-06 21:39:03,601,394,75,369,427,786,787
2016-02-06 21:39:04,604,395,75,369,427,786,787
2016-02-06 21:39:05,610,396,75,370,428,786,787
2016-02-06 21:39:06,614,397,75,370,428,786,787
2016-02-06 21:39:07,618,398,75,370,428,786,787
2016-02-06 21:39:08,623,399,75,371,428,786,787
2016-02-06 21:39:09,626,400,75,371,428,786,787
2016-02-06 21:39:10,632,401,75,372,428,786,787
2016-02-06 21:39:11,634,402,75,372,429,786,787
2016-02-06 21:39:12,638,403,75,373,429,786,787
2016-02-06 21:39:13,643,404,75,373,429,786,787
2016-02-06 21:39:14,649,405,75,374,429,786,787
2016-02-06 21:39:15,651,406,75,374,429,786,787
2016-02-06 21:39:16,656,407,75,374,429,786,787
2016-02-06 21:39:17,660,408,75,375,430,786,787
2016-02-06 21:39:18,662,409,75,375,430,786,787
2016-02-06 21:39:19,666,410,75,376,430,786,787
2016-02-06 21:39:20,670,411,75,376,430,786,787
2016-02-06 21:39:21,673,412,75,377,431,786,787
2016-02-06 21:39:22,676,413,75,377,431,786,787
2016-02-06 21:39:23,679,414,75,377,431,786,787
2016-02-06 21:39:24,684,415,75,378,432,786,787
2016-02-06 21:39:25,686,416,75,378,432,786,787
2016-02-06 21:39:26,688,417,75,378,432,786,787
2016-02-06 21:39:27,693,418,75,379,432,786,787
2016-02-06 21:39:28,694,419,75,379,432,786,787
2016-02-06 21:39:29,699,420,75,379,432,786,787
2016-02-06 21:39:30,703,421,75,380,433,786,787
2016-02-06 21:39:31,708,422,75,380,433,786,787
2016-02-06 21:39:32,713,423,75,381,433,786,787
2016-02-06 21:39:33,716,424,75,381,433,786,787
2016-02-06 21:39:34,722,425,75,382,434,786,787
2016-02-06 21:39:35,725,426,75,382,434,786,787
2016-02-06 21:39:36,729,427,75,383,434,786,787
2016-02-06 21:39:37,734,428,75,383,434,786,787
2016-02-06 21:39:38,737,429,75,383,434,786,787
2016-02-06 21:39:39,742,430,75,384,434,786,787
2016-02-06 21:39:40,747,431,75,384,434,786,787
2016-02-06 21:39:41,752,432,75,384,435,786,787
2016-02-06 21:39:42,754,433,75,385,435,786,787
2016-02-06 21:39:43,758,434,75,385,435,786,787
2016-02-06 21:39:44,760,435,75,385,435,786,787
2016-02-06 21:39:45,763,436,75,386,436,786,787
2016-02-06 21:39:46,765,437,75,387,436,786,787
2016-02-06 21:39:47,767,438,75,387,436,786,787
2016-02-06 21:39:48,769,439,75,387,436,786,787
2016-02-06 21:39:49,773,440,75,388,437,786,787
2016-02-06 21:39:50,775,441,75,388,437,786,787
2016-02-06 21:39:51,776,442,75,389,437,786,787
2016-02-06 21:39:52,779,443,75,389,437,786,787
2016-02-06 21:39:53,782,444,75,390,437,786,787
2016-02-06 21:39:54,783,445,75,390,438,786,787
2016-02-06 21:39:55,787,446,75,390,438,786,787
2016-02-06 21:39:56,789,447,75,391,438,786,787
2016-02-06 21:39:57,794,448,75,391,438,786,787
2016-02-06 21:39:58,800,449,75,392,438,786,787
2016-02-06 21:39:59,803,450,75,392,438,786,787
2016-02-06 21:40:00,806,451,75,392,439,786,787
2016-02-06 21:40:01,811,452,75,393,439,786,787
2016-02-06 21:40:02,815,453,75,393,439,786,787
2016-02-06 21:40:03,820,454,75,394,439,786,787
2016-02-06 21:40:04,821,455,75,394,439,786,787
2016-02-06 21:40:05,824,456,75,395,439,786,787
2016-02-06 21:40:06,827,457,75,395,440,786,787
2016-02-06 21:40:07,831,458,75,395,440,786,787
2016-02-06 21:40:08,836,459,75,396,440,786,787
2016-02-06 21:40:09,837,460,75,396,440,786,787
2016-02-06 21:40:10,840,461,75,397,440,786,787
2016-02-06 21:40:11,843,462,75,397,440,786,787
2016-02-06 21:40:12,846,463,75,398,441,786,787
2016-02-06 21:40:13,851,464,75,398,441,786,787
2016-02-06 21:40:14,852,465,75,399,441,786,787
2016-02-06 21:40:15,855,466,75,399,441,786,787
2016-02-06 21:40:16,858,467,75,400,441,786,787
2016-02-06 21:40:17,860,468,75,400,441,786,787
2016-02-06 21:40:18,864,469,75,401,442,786,787
2016-02-06 21:40:19,865,470,75,401,442,786,787
2016-02-06 21:40:20,870,471,75,401,442,786,787
2016-02-06 21:40:21,873,472,75,402,442,786,787
2016-02-06 21:40:22,877,473,75,402,442,786,787
2016-02-06 21:40:23,882,474,75,402,443,786,787
2016-02-06 21:40:24,883,475,75,403,443,786,787
2016-02-06 21:40:25,886,476,75,403,443,786,787
2016-02-06 21:40:26,889,477,75,404,443,786,787
2016-02-06 21:40:27,892,478,75,404,444,786,787
2016-02-06 21:40:28,897,479,75,404,444,786,787
2016-02-06 21:40:29,898,480,75,405,444,785,787
2016-02-06 21:40:30,901,481,75,405,444,786,787
2016-02-06 21:40:31,904,482,75,406,444,786,787
2016-02-06 21:40:32,906,483,75,406,444,786,787
2016-02-06 21:40:33,912,484,75,407,445,786,787
2016-02-06 21:40:34,913,485,75,407,445,786,787
2016-02-06 21:40:35,916,486,75,407,445,785,787
2016-02-06 21:40:36,919,487,75,408,445,786,787
2016-02-06 21:40:37,923,488,75,408,445,786,787
2016-02-06 21:40:38,928,489,75,409,446,786,787
2016-02-06 21:40:39,929,490,75,409,446,786,787
2016-02-06 21:40:40,932,491,75,409,446,786,787
2016-02-06 21:40:41,935,492,75,410,446,786,787
2016-02-06 21:40:42,938,493,75,410,447,786,787
2016-02-06 21:40:43,943,494,75,410,446,786,787
2016-02-06 21:40:44,944,495,75,411,447,786,787
2016-02-06 21:40:45,947,496,75,411,447,786,787
2016-02-06 21:40:46,950,497,75,412,447,786,787
2016-02-06 21:40:47,951,498,75,412,447,786,787
2016-02-06 21:40:48,953,499,75,413,448,786,787
2016-02-06 21:40:49,957,500,75,413,448,786,787
2016-02-06 21:40:50,959,501,75,413,448,786,787
2016-02-06 21:40:51,962,502,75,414,448,786,787
2016-02-06 21:40:52,966,503,75,414,448,786,787
2016-02-06 21:40:53,967,504,75,415,448,786,787
2016-02-06 21:40:54,972,505,75,415,449,785,787
2016-02-06 21:40:55,978,506,75,415,449,785,787
2016-02-06 21:40:56,981,507,75,416,449,785,787
2016-02-06 21:40:57,985,508,75,417,449,785,787
2016-02-06 21:40:58,989,509,75,417,450,786,787
2016-02-06 21:40:59,990,510,75,417,450,785,787
2016-02-06 21:41:00,993,511,75,418,450,785,787
2016-02-06 21:41:01,996,512,75,418,450,785,787
2016-02-06 21:41:02,999,513,75,418,450,785,787
2016-02-06 21:41:04,005,514,75,419,450,785,787
2016-02-06 21:41:05,010,515,75,419,450,785,787
2016-02-06 21:41:06,013,516,75,420,451,786,787
2016-02-06 21:41:07,019,517,75,420,451,786,787
2016-02-06 21:41:08,022,518,75,421,451,786,787
2016-02-06 21:41:09,027,519,75,421,451,786,787
2016-02-06 21:41:10,030,520,75,421,451,786,787
2016-02-06 21:41:11,036,521,75,422,451,785,787
2016-02-06 21:41:12,039,522,75,422,452,785,787
2016-02-06 21:41:13,044,523,75,423,452,786,787
2016-02-06 21:41:14,047,524,75,423,452,785,787
2016-02-06 21:41:15,053,525,75,423,452,785,787
2016-02-06 21:41:16,056,526,75,424,453,786,787
2016-02-06 21:41:17,059,527,75,424,453,785,787
2016-02-06 21:41:18,064,528,75,424,453,785,787
2016-02-06 21:41:19,065,529,75,425,453,786,787
2016-02-06 21:41:20,067,530,75,425,453,786,787
2016-02-06 21:41:21,071,531,75,426,453,785,787
2016-02-06 21:41:22,074,532,75,426,454,785,787
2016-02-06 21:41:23,079,533,75,426,454,785,787
2016-02-06 21:41:24,081,534,75,427,454,786,787
2016-02-06 21:41:25,084,535,75,427,454,785,787
2016-02-06 21:41:26,087,536,75,428,454,785,787
2016-02-06 21:41:27,092,537,75,428,454,785,787
2016-02-06 21:41:28,095,538,75,429,454,785,787
2016-02-06 21:41:29,096,539,75,429,454,785,787
2016-02-06 21:41:30,099,540,75,430,454,785,787
2016-02-06 21:41:31,104,541,75,430,454,785,787
2016-02-06 21:41:32,105,542,75,430,455,785,787
2016-02-06 21:41:33,110,543,75,431,455,785,787
2016-02-06 21:41:34,111,544,75,431,455,786,787
2016-02-06 21:41:35,114,545,75,432,455,785,787
2016-02-06 21:41:36,117,547,75,432,455,785,787
2016-02-06 21:41:37,121,548,75,433,456,785,787
2016-02-06 21:41:38,126,549,75,433,456,785,787
2016-02-06 21:41:39,127,550,75,434,456,786,787
2016-02-06 21:41:40,130,551,75,434,456,785,787
2016-02-06 21:41:41,132,552,75,434,456,785,787
2016-02-06 21:41:42,136,553,75,435,457,785,787
2016-02-06 21:41:43,141,554,75,435,457,785,787
2016-02-06 21:41:44,142,555,75,436,457,785,787
2016-02-06 21:41:45,145,556,75,436,457,786,787
2016-02-06 21:41:46,148,557,75,436,458,785,787
2016-02-06 21:41:47,150,558,75,437,458,785,787
2016-02-06 21:41:48,157,559,75,437,458,785,787
2016-02-06 21:41:49,158,560,75,437,458,785,787
2016-02-06 21:41:50,160,561,75,438,458,786,787
2016-02-06 21:41:51,163,562,75,438,459,785,787
2016-02-06 21:41:52,167,563,75,439,459,785,787
2016-02-06 21:41:53,172,564,75,439,459,785,787
2016-02-06 21:41:54,173,565,75,440,459,785,787
2016-02-06 21:41:55,176,566,75,440,460,785,787
2016-02-06 21:41:56,179,567,75,440,460,785,787
2016-02-06 21:41:57,183,568,75,441,460,785,787
2016-02-06 21:41:58,188,569,75,441,460,785,787
2016-02-06 21:41:59,194,570,75,442,461,785,787
2016-02-06 21:42:00,196,571,75,442,461,785,787
2016-02-06 21:42:01,198,572,75,443,461,785,787
2016-02-06 21:42:02,202,573,75,443,461,785,787
2016-02-06 21:42:03,208,574,75,444,462,785,787
2016-02-06 21:42:04,213,575,75,444,462,785,787
2016-02-06 21:42:05,218,576,75,444,462,785,787
2016-02-06 21:42:06,221,577,75,445,463,785,787
2016-02-06 21:42:07,227,578,75,445,463,785,787
2016-02-06 21:42:08,230,579,75,446,463,785,787
2016-02-06 21:42:09,232,580,75,446,463,785,787
2016-02-06 21:42:10,238,581,75,446,464,785,787
2016-02-06 21:42:11,242,582,75,447,464,785,787
2016-02-06 21:42:12,247,583,75,447,464,785,787
2016-02-06 21:42:13,249,584,75,448,464,785,787
2016-02-06 21:42:14,255,585,75,448,464,785,787
2016-02-06 21:42:15,260,586,75,449,465,786,787
2016-02-06 21:42:16,263,587,75,449,465,785,787
2016-02-06 21:42:17,269,588,75,450,465,785,787
2016-02-06 21:42:18,272,589,75,450,465,786,787
2016-02-06 21:42:19,273,590,75,451,466,786,787
2016-02-06 21:42:20,278,591,75,451,466,785,787
2016-02-06 21:42:21,280,592,75,451,466,785,787
2016-02-06 21:42:22,284,593,75,452,466,785,787
2016-02-06 21:42:23,287,594,75,452,466,785,787
2016-02-06 21:42:24,293,595,75,453,467,785,787
2016-02-06 21:42:25,296,596,75,453,467,785,787
2016-02-06 21:42:26,300,597,75,454,467,785,787
2016-02-06 21:42:27,304,598,75,454,467,785,787
2016-02-06 21:42:28,309,599,75,455,468,785,787
2016-02-06 21:42:29,313,600,75,455,468,785,787
2016-02-06 21:42:30,313,601,75,456,468,785,787
2016-02-06 21:42:31,319,602,75,456,468,785,787
2016-02-06 21:42:32,320,603,75,457,468,785,787
2016-02-06 21:42:33,325,604,75,457,468,785,787
2016-02-06 21:42:34,329,605,75,457,468,785,787
2016-02-06 21:42:35,332,606,75,458,468,785,787
2016-02-06 21:42:36,337,607,75,458,468,785,787
2016-02-06 21:42:37,338,608,75,459,469,785,787
2016-02-06 21:42:38,341,609,75,459,469,785,787
2016-02-06 21:42:39,344,610,75,459,469,785,787
2016-02-06 21:42:40,347,611,75,460,469,785,787
2016-02-06 21:42:41,352,612,75,460,469,785,787
2016-02-06 21:42:42,354,613,75,461,470,785,787
2016-02-06 21:42:43,355,614,75,461,470,785,787
2016-02-06 21:42:44,359,615,75,461,470,785,787
2016-02-06 21:42:45,363,616,75,462,470,785,787
2016-02-06 21:42:46,367,617,75,463,471,785,787
2016-02-06 21:42:47,369,618,75,463,471,785,787
2016-02-06 21:42:48,372,619,75,464,471,785,787
2016-02-06 21:42:49,375,620,75,464,471,785,787
2016-02-06 21:42:50,378,621,75,464,471,785,787
2016-02-06 21:42:51,383,622,75,465,471,785,787
2016-02-06 21:42:52,384,623,75,465,472,785,787
2016-02-06 21:42:53,387,624,75,466,472,785,787
2016-02-06 21:42:54,390,625,75,466,473,785,787
2016-02-06 21:42:55,391,626,75,467,473,785,787
2016-02-06 21:42:56,392,627,75,467,473,785,787
2016-02-06 21:42:57,397,628,75,468,473,785,787
2016-02-06 21:42:58,402,629,75,468,473,785,787
2016-02-06 21:42:59,405,630,75,469,474,785,787
2016-02-06 21:43:00,408,631,75,469,474,785,787
2016-02-06 21:43:01,413,632,75,470,474,785,787
2016-02-06 21:43:02,416,633,75,470,474,785,787
2016-02-06 21:43:03,422,634,75,471,475,785,787
2016-02-06 21:43:04,424,635,75,471,475,785,787
2016-02-06 21:43:05,429,636,75,471,475,785,787
2016-02-06 21:43:06,430,637,75,472,475,785,787
2016-02-06 21:43:07,436,638,75,472,475,785,787
2016-02-06 21:43:08,438,639,75,473,476,785,787
2016-02-06 21:43:09,439,640,75,473,476,785,787
2016-02-06 21:43:10,444,641,75,474,476,785,787
2016-02-06 21:43:11,446,642,75,474,476,785,787
2016-02-06 21:43:12,450,643,75,475,476,785,787
2016-02-06 21:43:13,453,644,75,475,476,785,787
2016-02-06 21:43:14,458,645,75,476,477,785,787
2016-02-06 21:43:15,461,646,75,476,477,785,787
2016-02-06 21:43:16,467,647,75,476,477,785,787
2016-02-06 21:43:17,470,648,75,477,478,785,787
2016-02-06 21:43:18,475,649,75,478,478,785,787
2016-02-06 21:43:19,478,650,75,478,478,785,787
2016-02-06 21:43:20,482,651,75,478,479,785,787
2016-02-06 21:43:21,487,652,75,479,479,785,787
2016-02-06 21:43:22,491,653,75,479,479,785,787
2016-02-06 21:43:23,496,654,75,480,480,785,787
2016-02-06 21:43:24,499,655,75,480,480,785,787
2016-02-06 21:43:25,504,656,75,481,480,785,787
2016-02-06 21:43:26,507,657,75,481,480,785,787
2016-02-06 21:43:27,512,658,75,482,480,785,787
2016-02-06 21:43:28,516,659,75,482,481,785,787
2016-02-06 21:43:29,521,660,75,482,481,785,787
2016-02-06 21:43:30,527,661,75,483,481,785,787
2016-02-06 21:43:31,529,662,75,483,481,785,787
2016-02-06 21:43:32,533,663,75,484,481,785,787
2016-02-06 21:43:33,538,664,75,484,481,785,787
2016-02-06 21:43:34,540,665,75,485,482,785,787
2016-02-06 21:43:35,546,666,75,485,482,785,787
2016-02-06 21:43:36,548,667,75,485,482,785,787
2016-02-06 21:43:37,550,668,75,486,482,785,787
2016-02-06 21:43:38,553,669,75,486,482,785,787
2016-02-06 21:43:39,555,670,75,486,483,785,787
2016-02-06 21:43:40,560,671,75,487,483,785,787
2016-02-06 21:43:41,565,672,75,487,483,785,787
2016-02-06 21:43:42,570,673,75,488,484,785,787
2016-02-06 21:43:43,575,674,75,488,484,785,787
2016-02-06 21:43:44,578,675,75,489,484,785,787
2016-02-06 21:43:45,579,676,75,489,484,785,787
2016-02-06 21:43:46,580,677,75,489,484,785,787
2016-02-06 21:43:47,585,678,75,490,484,785,787
2016-02-06 21:43:48,587,679,75,490,484,785,787
2016-02-06 21:43:49,592,680,75,491,485,785,787
2016-02-06 21:43:50,593,681,75,491,485,785,787
2016-02-06 21:43:51,595,682,75,491,485,785,787
2016-02-06 21:43:52,600,683,75,492,485,785,787
2016-02-06 21:43:53,603,684,75,492,485,785,787
2016-02-06 21:43:54,607,685,75,492,485,785,787
2016-02-06 21:43:55,608,686,75,493,485,785,787
2016-02-06 21:43:56,613,687,75,493,485,785,787
2016-02-06 21:43:57,616,688,75,493,485,785,787
2016-02-06 21:43:58,618,689,75,493,485,785,787
2016-02-06 21:43:59,623,690,75,494,486,785,787
2016-02-06 21:44:00,625,691,75,494,486,785,787
2016-02-06 21:44:01,626,692,75,495,486,785,787
2016-02-06 21:44:02,631,693,75,495,486,785,787
2016-02-06 21:44:03,635,694,75,495,486,785,787
2016-02-06 21:44:04,640,695,75,495,486,785,787
2016-02-06 21:44:05,641,696,75,495,486,785,787
2016-02-06 21:44:06,645,697,75,496,485,785,787
2016-02-06 21:44:07,647,698,75,496,485,785,787
2016-02-06 21:44:08,649,699,75,497,485,785,787
2016-02-06 21:44:09,650,700,75,497,484,785,787
2016-02-06 21:44:10,654,701,75,497,484,785,787
2016-02-06 21:44:11,658,702,75,498,484,785,787
2016-02-06 21:44:12,662,703,75,498,483,785,787
2016-02-06 21:44:13,666,704,75,498,483,785,787
2016-02-06 21:44:14,671,705,75,498,482,785,787
2016-02-06 21:44:15,672,706,75,498,482,785,787
2016-02-06 21:44:16,673,707,75,499,482,785,787
2016-02-06 21:44:17,678,708,75,499,482,785,787
2016-02-06 21:44:18,678,709,75,499,482,785,787
2016-02-06 21:44:19,684,710,75,500,481,785,787
2016-02-06 21:44:20,684,711,75,500,481,785,787
2016-02-06 21:44:21,690,712,75,500,481,785,787
2016-02-06 21:44:22,693,713,75,501,481,785,787
2016-02-06 21:44:23,695,714,75,501,480,785,787
2016-02-06 21:44:24,699,715,75,501,480,785,787
2016-02-06 21:44:25,700,716,75,501,480,785,787
2016-02-06 21:44:26,706,717,75,502,480,785,787
2016-02-06 21:44:27,708,718,75,502,480,785,787
2016-02-06 21:44:28,712,719,75,502,479,785,787
2016-02-06 21:44:29,717,720,75,503,479,785,787
2016-02-06 21:44:30,720,721,75,503,479,785,787
2016-02-06 21:44:31,725,722,75,503,478,785,787
2016-02-06 21:44:32,728,723,75,504,478,785,787
2016-02-06 21:44:33,734,724,75,504,478,785,787
2016-02-06 21:44:34,738,725,75,504,478,785,787
2016-02-06 21:44:35,742,726,75,504,478,785,787
2016-02-06 21:44:36,745,727,75,505,477,785,787
2016-02-06 21:44:37,749,728,75,505,477,785,787
2016-02-06 21:44:38,753,729,75,505,477,785,787
2016-02-06 21:44:39,753,730,75,506,477,785,787
2016-02-06 21:44:40,758,731,75,506,477,785,787
2016-02-06 21:44:41,763,732,75,506,477,785,787
2016-02-06 21:44:42,766,733,75,506,477,785,787
2016-02-06 21:44:43,772,734,75,507,476,785,787
2016-02-06 21:44:44,777,735,75,506,476,785,787
2016-02-06 21:44:45,779,736,75,507,476,785,787
2016-02-06 21:44:46,783,737,75,507,476,785,787
2016-02-06 21:44:47,787,738,75,508,476,785,787
2016-02-06 21:44:48,792,739,75,508,476,785,787
2016-02-06 21:44:49,793,740,75,508,476,785,787
2016-02-06 21:44:50,796,741,75,508,476,785,787
2016-02-06 21:44:51,799,742,75,508,476,785,787
2016-02-06 21:44:52,802,743,75,508,476,785,787
2016-02-06 21:44:53,807,744,75,509,476,785,787
2016-02-06 21:44:54,809,745,75,509,476,785,787
2016-02-06 21:44:55,810,746,75,509,475,785,787
2016-02-06 21:44:56,815,747,75,510,476,785,787
2016-02-06 21:44:57,817,748,75,510,475,785,787
2016-02-06 21:44:58,822,749,75,510,475,785,787
2016-02-06 21:44:59,824,750,75,510,475,785,787
2016-02-06 21:45:00,827,751,75,510,475,785,787
2016-02-06 21:45:01,829,752,75,511,475,785,787
2016-02-06 21:45:02,832,753,75,511,475,785,787
2016-02-06 21:45:03,837,754,75,511,475,785,787
2016-02-06 21:45:04,841,755,75,511,475,785,787
2016-02-06 21:45:05,846,756,75,511,474,785,787
2016-02-06 21:45:06,852,757,75,512,474,785,787
2016-02-06 21:45:07,855,758,75,512,474,785,787
2016-02-06 21:45:08,858,759,75,512,474,785,787
2016-02-06 21:45:09,863,760,75,512,474,785,787
2016-02-06 21:45:10,869,761,75,513,474,785,787
2016-02-06 21:45:11,872,762,75,513,474,785,787
2016-02-06 21:45:12,874,763,75,513,473,785,787
2016-02-06 21:45:13,880,764,75,514,473,785,787
2016-02-06 21:45:14,886,765,75,514,473,785,787
2016-02-06 21:45:15,889,766,75,514,473,785,787
2016-02-06 21:45:16,894,767,75,515,473,785,787
2016-02-06 21:45:17,902,768,75,515,473,785,787
2016-02-06 21:45:18,907,769,75,514,472,785,787
2016-02-06 21:45:19,913,770,75,514,472,785,787
2016-02-06 21:45:20,916,771,75,513,471,785,787
2016-02-06 21:45:21,921,772,75,512,470,785,787
2016-02-06 21:45:22,924,773,75,511,470,785,787
2016-02-06 21:45:23,928,774,75,510,469,785,787
2016-02-06 21:45:24,933,775,75,509,468,785,787
2016-02-06 21:45:25,937,776,75,509,468,785,787
2016-02-06 21:45:26,941,777,75,509,467,785,787
2016-02-06 21:45:27,943,778,75,509,467,785,787
2016-02-06 21:45:28,946,779,75,509,466,785,787
2016-02-06 21:45:29,949,780,75,509,466,785,787
2016-02-06 21:45:30,952,781,75,508,465,785,787
2016-02-06 21:45:31,956,782,75,508,465,785,787
2016-02-06 21:45:32,959,783,75,508,465,785,787
2016-02-06 21:45:33,959,784,75,507,464,785,787
2016-02-06 21:45:34,963,785,75,507,464,785,787
2016-02-06 21:45:35,966,786,75,507,464,785,787
2016-02-06 21:45:36,972,787,75,507,464,785,787
2016-02-06 21:45:37,974,788,75,506,463,785,787
2016-02-06 21:45:38,976,789,75,506,463,785,787
2016-02-06 21:45:39,979,790,75,506,463,785,787
2016-02-06 21:45:40,983,791,75,506,463,785,787
2016-02-06 21:45:41,987,792,75,505,462,785,787
2016-02-06 21:45:42,990,793,75,505,462,785,787
2016-02-06 21:45:43,996,794,75,505,462,785,787
2016-02-06 21:45:44,998,795,75,505,462,785,787
2016-02-06 21:45:46,004,796,75,504,461,785,787
2016-02-06 21:45:47,006,797,75,504,461,785,787
2016-02-06 21:45:48,008,798,75,504,461,785,787
2016-02-06 21:45:49,011,799,75,504,461,785,787
2016-02-06 21:45:50,015,800,75,504,461,785,787
2016-02-06 21:45:51,020,801,75,504,460,785,787
2016-02-06 21:45:52,025,802,75,503,460,785,787
2016-02-06 21:45:53,028,803,75,503,460,785,787
2016-02-06 21:45:54,032,804,75,502,459,785,787
2016-02-06 21:45:55,037,805,75,502,459,785,787
2016-02-06 21:45:56,040,806,75,501,458,785,787
2016-02-06 21:45:57,045,807,75,501,458,785,787
2016-02-06 21:45:58,046,808,75,500,458,785,787
2016-02-06 21:45:59,048,809,75,500,457,785,787
2016-02-06 21:46:00,052,810,75,500,457,785,787
2016-02-06 21:46:01,055,811,75,500,457,785,787
2016-02-06 21:46:02,060,812,75,500,458,785,787
2016-02-06 21:46:03,066,813,75,501,458,785,787
2016-02-06 21:46:04,069,814,75,501,458,785,787
2016-02-06 21:46:05,074,815,75,502,458,785,787
2016-02-06 21:46:06,077,816,75,502,458,785,787
2016-02-06 21:46:07,079,817,75,503,458,785,787
2016-02-06 21:46:08,083,818,75,503,458,785,787
2016-02-06 21:46:09,084,819,75,503,458,785,787
2016-02-06 21:46:10,087,820,75,504,458,785,787
2016-02-06 21:46:11,093,821,75,504,458,785,787
2016-02-06 21:46:12,097,822,75,504,458,785,787
2016-02-06 21:46:13,101,823,75,505,458,785,787
2016-02-06 21:46:14,107,824,75,505,458,785,787
2016-02-06 21:46:15,110,825,75,505,458,785,787
2016-02-06 21:46:16,111,826,75,506,458,785,787
2016-02-06 21:46:17,116,828,75,506,458,785,787
2016-02-06 21:46:18,121,829,75,506,458,785,787
2016-02-06 21:46:19,126,830,75,506,458,785,787
2016-02-06 21:46:20,132,831,75,506,458,785,787
2016-02-06 21:46:21,135,832,75,507,458,785,787
2016-02-06 21:46:22,141,833,75,507,458,785,787
2016-02-06 21:46:23,144,834,75,507,458,785,787
2016-02-06 21:46:24,148,835,75,507,457,785,787
2016-02-06 21:46:25,152,836,75,507,457,785,787
2016-02-06 21:46:26,155,837,75,507,457,785,787
2016-02-06 21:46:27,160,838,75,508,457,785,787
2016-02-06 21:46:28,163,839,75,508,457,785,787
2016-02-06 21:46:29,169,840,75,508,457,785,787
2016-02-06 21:46:30,174,841,75,508,457,785,787
2016-02-06 21:46:31,179,842,75,508,457,785,787
2016-02-06 21:46:32,181,843,75,508,457,785,787
2016-02-06 21:46:33,186,844,75,508,457,785,787
2016-02-06 21:46:34,189,845,75,508,457,785,787
2016-02-06 21:46:35,194,846,75,508,457,785,787
2016-02-06 21:46:36,196,847,75,508,457,785,787
2016-02-06 21:46:37,197,848,75,508,457,785,787
2016-02-06 21:46:38,201,849,75,508,457,785,787
2016-02-06 21:46:39,205,850,75,508,457,785,787
2016-02-06 21:46:40,210,851,75,508,456,785,787
2016-02-06 21:46:41,215,852,75,508,456,785,787
2016-02-06 21:46:42,218,853,75,508,456,785,787
2016-02-06 21:46:43,224,854,75,508,456,785,787
2016-02-06 21:46:44,227,855,75,508,456,785,787
2016-02-06 21:46:45,230,856,75,508,456,785,787
2016-02-06 21:46:46,235,857,75,508,456,785,787
2016-02-06 21:46:47,236,858,75,508,456,785,787
2016-02-06 21:46:48,237,859,75,508,456,785,787
2016-02-06 21:46:49,243,860,75,508,456,785,787
2016-02-06 21:46:50,245,861,75,507,455,785,787
2016-02-06 21:46:51,250,862,75,508,455,785,787
2016-02-06 21:46:52,253,863,75,507,455,785,787
2016-02-06 21:46:53,256,864,75,507,455,785,787
2016-02-06 21:46:54,258,865,75,507,455,785,787
2016-02-06 21:46:55,260,866,75,507,455,785,787
2016-02-06 21:46:56,266,867,75,507,455,785,787
2016-02-06 21:46:57,266,868,75,507,455,785,787
2016-02-06 21:46:58,271,869,75,507,454,785,787
2016-02-06 21:46:59,273,870,75,507,454,785,787
2016-02-06 21:47:00,276,871,75,506,454,785,787
2016-02-06 21:47:01,281,872,75,506,454,785,787
2016-02-06 21:47:02,282,873,75,506,454,785,787
2016-02-06 21:47:03,283,874,75,506,454,785,787
2016-02-06 21:47:04,288,875,75,506,453,785,787
2016-02-06 21:47:05,291,876,75,506,453,785,787
2016-02-06 21:47:06,297,877,75,506,453,785,787
2016-02-06 21:47:07,299,878,75,506,453,785,787
2016-02-06 21:47:08,302,879,75,506,453,785,787
2016-02-06 21:47:09,304,880,75,506,453,785,787
2016-02-06 21:47:10,306,881,75,505,453,785,787
2016-02-06 21:47:11,312,882,75,505,453,785,787
2016-02-06 21:47:12,317,883,75,505,453,785,787
2016-02-06 21:47:13,321,884,75,505,453,785,787
2016-02-06 21:47:14,323,885,75,505,453,785,787
2016-02-06 21:47:15,329,886,75,505,453,785,787
2016-02-06 21:47:16,332,887,75,505,453,785,787
2016-02-06 21:47:17,337,888,75,505,452,785,787
2016-02-06 21:47:18,342,889,75,505,452,785,787
2016-02-06 21:47:19,347,890,75,504,452,785,787
2016-02-06 21:47:20,349,891,75,504,452,785,787
2016-02-06 21:47:21,354,892,75,504,452,785,787
2016-02-06 21:47:22,360,893,75,504,452,785,787
2016-02-06 21:47:23,363,894,75,504,452,785,787
2016-02-06 21:47:24,366,895,75,504,452,785,787
2016-02-06 21:47:25,371,896,75,503,452,785,787
2016-02-06 21:47:26,374,897,75,503,451,785,787
2016-02-06 21:47:27,375,898,75,503,451,785,787
2016-02-06 21:47:28,379,899,75,503,451,785,787
2016-02-06 21:47:29,379,900,75,503,451,785,787
2016-02-06 21:47:30,382,901,75,503,451,785,787
2016-02-06 21:47:31,385,902,75,502,451,785,787
2016-02-06 21:47:32,386,903,75,502,451,785,787
2016-02-06 21:47:33,392,904,75,502,451,785,787
2016-02-06 21:47:34,396,905,75,502,450,785,787
2016-02-06 21:47:35,401,906,75,502,450,785,787
2016-02-06 21:47:36,402,907,75,502,450,785,787
2016-02-06 21:47:37,406,908,75,501,450,785,787
2016-02-06 21:47:38,409,909,75,501,450,785,787
2016-02-06 21:47:39,411,910,75,501,450,785,787
2016-02-06 21:47:40,417,911,75,501,450,785,787
2016-02-06 21:47:41,418,912,75,501,450,785,787
2016-02-06 21:47:42,420,913,75,501,450,785,787
2016-02-06 21:47:43,425,914,75,501,450,785,787
2016-02-06 21:47:44,427,915,75,500,449,785,787
2016-02-06 21:47:45,433,916,75,500,449,785,787
2016-02-06 21:47:46,433,917,75,500,449,785,787
2016-02-06 21:47:47,438,918,75,500,449,785,787
2016-02-06 21:47:48,442,919,75,500,449,785,787
2016-02-06 21:47:49,443,920,75,500,449,785,787
2016-02-06 21:47:50,448,921,75,500,449,785,787
2016-02-06 21:47:51,449,922,75,500,449,785,787
2016-02-06 21:47:52,452,923,75,499,449,785,787
2016-02-06 21:47:53,456,924,75,499,448,785,787
2016-02-06 21:47:54,458,925,75,499,448,785,787
2016-02-06 21:47:55,463,926,75,499,448,785,787
2016-02-06 21:47:56,464,927,75,499,448,785,787
2016-02-06 21:47:57,467,928,75,499,448,785,787
2016-02-06 21:47:58,471,929,75,499,448,785,787
2016-02-06 21:47:59,473,930,75,498,448,785,787
2016-02-06 21:48:00,479,931,75,498,448,785,787
2016-02-06 21:48:01,483,932,75,498,448,785,787
2016-02-06 21:48:02,488,933,75,498,448,785,787
2016-02-06 21:48:03,492,934,75,498,447,785,787
2016-02-06 21:48:04,496,935,75,498,447,785,787
2016-02-06 21:48:05,500,936,75,497,447,785,787
2016-02-06 21:48:06,505,937,75,497,447,785,787
2016-02-06 21:48:07,510,938,75,497,447,785,787
2016-02-06 21:48:08,513,939,75,497,447,785,787
2016-02-06 21:48:09,518,940,75,497,446,785,787
2016-02-06 21:48:10,522,941,75,497,446,785,787
2016-02-06 21:48:11,524,942,75,497,446,785,787
2016-02-06 21:48:12,530,943,75,496,446,785,787
2016-02-06 21:48:13,533,944,75,496,446,785,787
2016-02-06 21:48:14,538,945,75,496,446,785,787
2016-02-06 21:48:15,539,946,75,496,446,785,787
2016-02-06 21:48:16,542,947,75,496,446,785,787
2016-02-06 21:48:17,545,948,75,496,446,785,787
2016-02-06 21:48:18,548,949,75,496,446,785,787
2016-02-06 21:48:19,554,950,75,495,446,785,787
2016-02-06 21:48:20,556,951,75,495,446,785,787
2016-02-06 21:48:21,558,952,75,495,446,785,787
2016-02-06 21:48:22,561,953,75,495,446,785,787
2016-02-06 21:48:23,563,954,75,495,445,785,787
2016-02-06 21:48:24,563,955,75,495,445,785,787
2016-02-06 21:48:25,568,956,75,495,445,785,787
2016-02-06 21:48:26,569,957,75,495,445,785,787
2016-02-06 21:48:27,572,958,75,494,445,785,787
2016-02-06 21:48:28,575,959,75,494,445,785,787
2016-02-06 21:48:29,579,960,75,494,445,785,787
2016-02-06 21:48:30,583,961,75,494,445,785,787
2016-02-06 21:48:31,585,962,75,494,444,785,787
2016-02-06 21:48:32,590,963,75,494,444,785,787
2016-02-06 21:48:33,595,964,75,494,444,785,787
2016-02-06 21:48:34,600,965,75,494,444,785,787
2016-02-06 21:48:35,606,966,75,494,444,785,787
2016-02-06 21:48:36,609,967,75,493,443,785,787
2016-02-06 21:48:37,614,968,75,493,443,785,787
2016-02-06 21:48:38,618,969,75,493,443,785,787
2016-02-06 21:48:39,619,970,75,493,443,785,787
2016-02-06 21:48:40,625,971,75,493,443,785,787
2016-02-06 21:48:41,631,972,75,493,443,785,787
2016-02-06 21:48:42,634,973,75,493,443,785,787
2016-02-06 21:48:43,640,974,75,493,443,785,787
2016-02-06 21:48:44,642,975,75,492,442,785,787
2016-02-06 21:48:45,648,976,75,492,442,785,787
2016-02-06 21:48:46,651,977,75,492,442,785,787
2016-02-06 21:48:47,652,978,75,492,442,785,787
