2017-02-05 21:56:43,461,coffee,datetime,ms,seconds,ambient_temp,thermocouple_0_temp,thermocouple_1_temp,thermocouple_2_temp,thermocouple_3_temp
2017-02-05 21:56:45,639,2,69,508,456,788,788
2017-02-05 21:56:46,642,3,69,502,451,788,788
2017-02-05 21:56:47,645,4,69,492,445,788,788
2017-02-05 21:56:48,651,5,69,480,439,788,788
2017-02-05 21:56:49,653,6,69,469,433,788,788
2017-02-05 21:56:50,654,7,69,457,427,788,788
2017-02-05 21:56:51,659,8,69,447,421,788,788
2017-02-05 21:56:52,664,9,69,436,416,788,788
2017-02-05 21:56:53,668,10,69,426,414,788,788
2017-02-05 21:56:54,674,11,69,417,412,788,788
2017-02-05 21:56:55,678,12,69,407,410,788,788
2017-02-05 21:56:56,684,13,69,398,408,788,788
2017-02-05 21:56:57,688,14,69,390,406,788,788
2017-02-05 21:56:58,694,15,69,382,405,788,788
2017-02-05 21:56:59,698,16,69,374,404,788,788
2017-02-05 21:57:00,703,17,69,367,402,788,788
2017-02-05 21:57:01,708,18,69,360,401,788,788
2017-02-05 21:57:02,710,19,69,353,400,788,788
2017-02-05 21:57:03,714,20,69,347,398,788,788
2017-02-05 21:57:04,716,21,69,340,397,788,788
2017-02-05 21:57:05,719,22,69,334,396,788,788
2017-02-05 21:57:06,724,23,69,329,395,788,788
2017-02-05 21:57:07,725,24,69,323,394,788,788
2017-02-05 21:57:08,728,25,69,318,393,788,788
2017-02-05 21:57:09,731,26,69,313,393,788,788
2017-02-05 21:57:10,734,27,70,309,392,788,788
2017-02-05 21:57:11,737,28,69,305,391,788,788
2017-02-05 21:57:12,741,29,70,300,390,788,788
2017-02-05 21:57:13,743,30,69,296,390,788,788
2017-02-05 21:57:14,746,31,69,292,389,788,788
2017-02-05 21:57:15,749,32,70,288,389,788,788
2017-02-05 21:57:16,753,33,69,284,388,788,788
2017-02-05 21:57:17,758,34,70,281,388,788,788
2017-02-05 21:57:18,763,35,69,278,387,788,788
2017-02-05 21:57:19,767,36,70,275,387,788,788
2017-02-05 21:57:20,773,37,70,272,386,788,788
2017-02-05 21:57:21,777,38,69,269,386,788,788
2017-02-05 21:57:22,782,39,70,266,385,788,788
2017-02-05 21:57:23,788,40,69,264,385,788,788
2017-02-05 21:57:24,792,41,69,262,385,788,788
2017-02-05 21:57:25,797,42,70,259,384,788,788
2017-02-05 21:57:26,798,43,70,257,384,788,788
2017-02-05 21:57:27,800,44,70,255,384,788,788
2017-02-05 21:57:28,804,45,70,253,383,788,788
2017-02-05 21:57:29,806,46,70,251,383,788,788
2017-02-05 21:57:30,809,47,69,249,383,788,788
2017-02-05 21:57:31,814,48,70,248,382,788,788
2017-02-05 21:57:32,818,49,70,246,382,788,788
2017-02-05 21:57:33,819,50,70,245,382,788,788
2017-02-05 21:57:34,825,51,70,244,382,788,788
2017-02-05 21:57:35,828,52,70,242,382,788,788
2017-02-05 21:57:36,832,53,70,241,382,788,788
2017-02-05 21:57:37,836,54,70,240,382,788,788
2017-02-05 21:57:38,840,55,70,239,382,788,788
2017-02-05 21:57:39,841,56,70,238,382,788,788
2017-02-05 21:57:40,843,57,70,237,381,788,788
2017-02-05 21:57:41,847,58,70,236,381,788,788
2017-02-05 21:57:42,849,59,70,236,381,788,788
2017-02-05 21:57:43,850,60,70,235,381,788,788
2017-02-05 21:57:44,853,61,70,234,381,788,788
2017-02-05 21:57:45,856,62,70,234,381,788,788
2017-02-05 21:57:46,859,63,70,233,381,788,788
2017-02-05 21:57:47,862,64,70,233,381,788,788
2017-02-05 21:57:48,867,65,70,232,381,788,788
2017-02-05 21:57:49,868,66,70,232,381,788,788
2017-02-05 21:57:50,870,67,70,231,380,788,788
2017-02-05 21:57:51,875,68,70,231,380,788,788
2017-02-05 21:57:52,877,69,70,231,380,788,788
2017-02-05 21:57:53,881,70,70,231,380,788,788
2017-02-05 21:57:54,887,71,70,231,380,788,788
2017-02-05 21:57:55,889,72,70,231,380,788,788
2017-02-05 21:57:56,891,73,70,230,380,788,788
2017-02-05 21:57:57,892,74,70,230,380,788,788
2017-02-05 21:57:58,896,75,70,230,380,788,788
2017-02-05 21:57:59,899,76,70,230,380,788,788
2017-02-05 21:58:00,902,77,70,231,381,788,788
2017-02-05 21:58:01,904,78,70,231,382,788,788
2017-02-05 21:58:02,907,79,70,230,382,788,788
2017-02-05 21:58:03,911,80,70,231,384,788,788
2017-02-05 21:58:04,916,81,70,231,384,788,788
2017-02-05 21:58:05,917,82,70,231,385,788,788
2017-02-05 21:58:06,920,83,70,231,386,788,788
2017-02-05 21:58:07,923,84,70,232,387,788,788
2017-02-05 21:58:08,926,85,70,232,388,788,788
2017-02-05 21:58:09,929,86,70,232,388,788,788
2017-02-05 21:58:10,933,87,70,232,389,788,788
2017-02-05 21:58:11,936,88,70,233,390,788,788
2017-02-05 21:58:12,941,89,70,233,391,788,788
2017-02-05 21:58:13,946,90,70,234,392,788,788
2017-02-05 21:58:14,947,91,70,234,393,788,788
2017-02-05 21:58:15,949,92,70,235,393,788,788
2017-02-05 21:58:16,951,93,70,235,394,788,788
2017-02-05 21:58:17,954,94,70,235,395,788,788
2017-02-05 21:58:18,957,95,70,236,395,788,788
2017-02-05 21:58:19,962,96,70,236,396,788,788
2017-02-05 21:58:20,967,97,70,237,396,788,788
2017-02-05 21:58:21,970,98,70,238,397,788,788
2017-02-05 21:58:22,976,99,70,238,398,788,788
2017-02-05 21:58:23,979,100,70,239,398,788,788
2017-02-05 21:58:24,980,101,70,239,399,788,788
2017-02-05 21:58:25,986,102,70,240,399,788,788
2017-02-05 21:58:26,990,103,70,241,400,788,788
2017-02-05 21:58:27,990,104,70,241,400,788,788
2017-02-05 21:58:28,994,105,70,242,401,788,788
2017-02-05 21:58:29,996,106,70,242,401,788,788
2017-02-05 21:58:30,997,107,70,243,402,788,788
2017-02-05 21:58:32,001,108,70,244,402,788,788
2017-02-05 21:58:33,002,109,70,245,403,788,788
2017-02-05 21:58:34,007,110,70,245,404,788,788
2017-02-05 21:58:35,012,111,70,246,404,788,788
2017-02-05 21:58:36,018,112,70,246,405,788,788
2017-02-05 21:58:37,023,113,70,247,405,788,788
2017-02-05 21:58:38,027,114,70,248,405,788,788
2017-02-05 21:58:39,029,115,70,249,406,788,788
2017-02-05 21:58:40,035,116,70,249,406,788,788
2017-02-05 21:58:41,041,117,70,250,407,788,788
2017-02-05 21:58:42,044,118,70,251,407,788,788
2017-02-05 21:58:43,045,119,70,251,407,788,788
2017-02-05 21:58:44,050,120,70,252,407,788,788
2017-02-05 21:58:45,055,121,70,253,408,788,788
2017-02-05 21:58:46,060,122,70,253,408,788,788
2017-02-05 21:58:47,066,123,70,254,409,788,788
2017-02-05 21:58:48,069,124,70,255,409,788,788
2017-02-05 21:58:49,072,125,70,256,409,788,788
2017-02-05 21:58:50,077,126,70,257,409,788,788
2017-02-05 21:58:51,082,127,70,257,410,788,788
2017-02-05 21:58:52,086,128,70,258,410,788,788
2017-02-05 21:58:53,088,129,70,259,410,788,788
2017-02-05 21:58:54,094,130,70,260,410,788,788
2017-02-05 21:58:55,098,131,70,260,411,788,788
2017-02-05 21:58:56,103,132,70,261,411,788,788
2017-02-05 21:58:57,107,133,70,262,411,788,788
2017-02-05 21:58:58,111,134,70,263,412,788,788
2017-02-05 21:58:59,115,135,70,263,412,788,788
2017-02-05 21:59:00,119,136,70,264,412,788,788
2017-02-05 21:59:01,121,137,70,265,413,788,788
2017-02-05 21:59:02,125,138,70,266,413,788,788
2017-02-05 21:59:03,127,139,70,267,413,787,788
2017-02-05 21:59:04,131,140,70,267,413,788,788
2017-02-05 21:59:05,135,141,70,268,414,788,788
2017-02-05 21:59:06,140,142,70,269,414,788,788
2017-02-05 21:59:07,145,143,70,270,414,788,788
2017-02-05 21:59:08,149,144,70,270,415,788,788
2017-02-05 21:59:09,153,145,70,271,415,788,788
2017-02-05 21:59:10,155,146,70,272,415,788,788
2017-02-05 21:59:11,160,147,70,273,415,788,788
2017-02-05 21:59:12,163,148,70,274,416,788,788
2017-02-05 21:59:13,169,149,70,274,416,788,788
2017-02-05 21:59:14,170,150,70,275,416,788,788
2017-02-05 21:59:15,174,151,70,276,416,788,788
2017-02-05 21:59:16,176,152,70,277,417,788,788
2017-02-05 21:59:17,180,153,70,278,417,788,788
2017-02-05 21:59:18,184,154,70,278,417,788,788
2017-02-05 21:59:19,190,155,70,279,417,788,788
2017-02-05 21:59:20,195,156,70,280,417,788,788
2017-02-05 21:59:21,197,157,70,281,418,788,788
2017-02-05 21:59:22,203,158,70,282,418,788,788
2017-02-05 21:59:23,206,159,70,282,418,788,788
2017-02-05 21:59:24,209,160,70,283,419,788,788
2017-02-05 21:59:25,210,161,70,284,419,788,788
2017-02-05 21:59:26,216,162,70,285,419,788,788
2017-02-05 21:59:27,221,163,70,286,419,788,788
2017-02-05 21:59:28,224,164,70,286,420,788,788
2017-02-05 21:59:29,224,165,70,287,420,788,788
2017-02-05 21:59:30,227,166,70,288,420,788,788
2017-02-05 21:59:31,231,167,70,289,420,788,788
2017-02-05 21:59:32,236,168,70,289,421,788,788
2017-02-05 21:59:33,242,169,70,290,421,788,788
2017-02-05 21:59:34,248,170,70,291,421,788,788
2017-02-05 21:59:35,250,171,70,292,421,788,788
2017-02-05 21:59:36,256,172,70,293,422,788,788
2017-02-05 21:59:37,259,173,70,293,422,788,788
2017-02-05 21:59:38,264,174,70,294,422,788,788
2017-02-05 21:59:39,268,175,70,295,422,788,788
2017-02-05 21:59:40,271,176,70,296,423,788,788
2017-02-05 21:59:41,276,177,70,296,423,788,788
2017-02-05 21:59:42,280,178,70,297,423,788,788
2017-02-05 21:59:43,284,179,70,298,423,788,788
2017-02-05 21:59:44,288,180,70,299,423,788,788
2017-02-05 21:59:45,293,181,70,300,423,788,788
2017-02-05 21:59:46,298,182,70,300,423,787,788
2017-02-05 21:59:47,303,183,70,301,424,788,788
2017-02-05 21:59:48,307,184,70,302,424,788,788
2017-02-05 21:59:49,312,185,70,303,424,788,788
2017-02-05 21:59:50,318,186,70,303,424,788,788
2017-02-05 21:59:51,322,187,70,304,425,787,788
2017-02-05 21:59:52,325,188,70,305,425,788,788
2017-02-05 21:59:53,327,189,70,306,425,787,788
2017-02-05 21:59:54,331,190,70,306,425,787,788
2017-02-05 21:59:55,335,191,70,307,426,788,788
2017-02-05 21:59:56,338,192,70,308,426,788,788
2017-02-05 21:59:57,338,193,70,309,426,788,788
2017-02-05 21:59:58,341,194,70,309,426,787,788
2017-02-05 21:59:59,347,195,70,310,427,788,788
2017-02-05 22:00:00,350,196,70,311,427,787,788
2017-02-05 22:00:01,354,197,70,312,427,788,788
2017-02-05 22:00:02,359,198,70,312,427,788,788
2017-02-05 22:00:03,364,199,70,313,428,788,788
2017-02-05 22:00:04,368,200,70,314,428,788,788
2017-02-05 22:00:05,370,201,70,314,428,788,788
2017-02-05 22:00:06,375,202,70,315,428,787,788
2017-02-05 22:00:07,380,203,70,316,428,787,788
2017-02-05 22:00:08,384,204,70,316,429,788,788
2017-02-05 22:00:09,389,205,70,317,429,788,788
2017-02-05 22:00:10,393,206,70,318,429,788,788
2017-02-05 22:00:11,398,207,70,319,430,788,788
2017-02-05 22:00:12,401,208,70,320,430,788,788
2017-02-05 22:00:13,406,209,70,320,430,788,788
2017-02-05 22:00:14,410,210,70,321,430,787,788
2017-02-05 22:00:15,414,211,70,322,430,787,788
2017-02-05 22:00:16,419,212,70,322,431,788,788
2017-02-05 22:00:17,424,213,70,323,431,787,788
2017-02-05 22:00:18,426,214,70,324,431,787,788
2017-02-05 22:00:19,432,215,70,325,432,787,788
2017-02-05 22:00:20,435,216,70,325,432,788,788
2017-02-05 22:00:21,439,217,70,326,432,788,788
2017-02-05 22:00:22,443,218,70,327,432,788,788
2017-02-05 22:00:23,445,219,70,327,432,788,788
2017-02-05 22:00:24,447,220,70,328,432,788,788
2017-02-05 22:00:25,450,221,70,329,433,788,788
2017-02-05 22:00:26,455,222,70,329,433,787,788
2017-02-05 22:00:27,459,223,70,330,433,788,788
2017-02-05 22:00:28,461,224,70,331,433,787,788
2017-02-05 22:00:29,463,226,70,331,434,787,788
2017-02-05 22:00:30,466,227,70,332,434,787,788
2017-02-05 22:00:31,470,228,70,333,434,788,788
2017-02-05 22:00:32,474,229,70,333,434,787,788
2017-02-05 22:00:33,480,230,70,334,434,788,788
2017-02-05 22:00:34,483,231,70,335,435,787,788
2017-02-05 22:00:35,486,232,70,335,435,787,788
2017-02-05 22:00:36,492,233,70,336,435,787,788
2017-02-05 22:00:37,497,234,70,337,435,787,788
2017-02-05 22:00:38,499,235,70,337,435,787,788
2017-02-05 22:00:39,503,236,70,338,436,788,788
2017-02-05 22:00:40,507,237,70,339,436,788,788
2017-02-05 22:00:41,511,238,70,339,436,787,788
2017-02-05 22:00:42,516,239,70,340,437,788,788
2017-02-05 22:00:43,520,240,70,341,437,788,788
2017-02-05 22:00:44,525,241,70,341,438,788,788
2017-02-05 22:00:45,525,242,70,342,438,787,788
2017-02-05 22:00:46,526,243,70,342,438,787,788
2017-02-05 22:00:47,531,244,70,343,438,788,788
2017-02-05 22:00:48,535,245,70,344,438,787,788
2017-02-05 22:00:49,541,246,70,344,438,788,788
2017-02-05 22:00:50,541,247,70,345,438,788,788
2017-02-05 22:00:51,541,248,70,345,438,788,788
2017-02-05 22:00:52,546,249,70,346,439,787,788
2017-02-05 22:00:53,551,250,70,347,439,788,788
2017-02-05 22:00:54,556,251,70,347,439,788,788
2017-02-05 22:00:55,559,252,70,348,440,787,788
2017-02-05 22:00:56,564,253,70,348,440,788,788
2017-02-05 22:00:57,569,254,70,349,440,788,788
2017-02-05 22:00:58,573,255,70,350,440,788,788
2017-02-05 22:00:59,573,256,70,350,440,788,788
2017-02-05 22:01:00,576,257,70,351,440,788,788
2017-02-05 22:01:01,580,258,70,351,441,787,788
2017-02-05 22:01:02,584,259,70,352,441,788,788
2017-02-05 22:01:03,588,260,70,353,441,788,788
2017-02-05 22:01:04,593,261,70,353,441,788,788
2017-02-05 22:01:05,597,262,70,354,441,788,788
2017-02-05 22:01:06,602,263,70,354,441,787,788
2017-02-05 22:01:07,605,264,70,355,441,788,788
2017-02-05 22:01:08,609,265,70,355,442,787,788
2017-02-05 22:01:09,614,266,70,356,442,788,788
2017-02-05 22:01:10,618,267,70,356,442,788,788
2017-02-05 22:01:11,621,268,70,357,442,788,788
2017-02-05 22:01:12,624,269,70,358,442,788,788
2017-02-05 22:01:13,625,270,70,358,442,788,788
2017-02-05 22:01:14,630,271,70,359,442,788,788
2017-02-05 22:01:15,631,272,70,359,443,788,788
2017-02-05 22:01:16,632,273,70,360,443,788,788
2017-02-05 22:01:17,636,274,70,361,443,788,788
2017-02-05 22:01:18,638,275,70,361,443,788,788
2017-02-05 22:01:19,641,276,70,362,443,788,788
2017-02-05 22:01:20,645,277,70,362,442,787,788
2017-02-05 22:01:21,650,278,70,363,443,787,788
2017-02-05 22:01:22,656,279,70,363,443,788,788
2017-02-05 22:01:23,661,280,70,364,443,788,788
2017-02-05 22:01:24,667,281,70,364,443,788,788
2017-02-05 22:01:25,669,282,70,365,443,787,788
2017-02-05 22:01:26,670,283,70,365,443,788,788
2017-02-05 22:01:27,672,284,70,366,443,787,788
2017-02-05 22:01:28,676,285,70,366,443,787,788
2017-02-05 22:01:29,678,286,70,367,443,788,788
2017-02-05 22:01:30,680,287,70,367,443,787,788
2017-02-05 22:01:31,683,288,70,368,444,788,788
2017-02-05 22:01:32,688,289,70,368,443,787,788
2017-02-05 22:01:33,692,290,70,369,444,788,788
2017-02-05 22:01:34,697,291,70,369,444,788,788
2017-02-05 22:01:35,700,292,70,370,444,788,788
2017-02-05 22:01:36,704,293,70,371,444,787,788
2017-02-05 22:01:37,709,294,70,371,445,788,788
2017-02-05 22:01:38,711,295,70,372,445,787,788
2017-02-05 22:01:39,716,296,70,372,445,787,788
2017-02-05 22:01:40,723,297,70,373,445,787,788
2017-02-05 22:01:41,726,298,70,373,446,788,788
2017-02-05 22:01:42,730,299,70,374,446,788,788
2017-02-05 22:01:43,734,300,70,374,446,787,788
2017-02-05 22:01:44,735,301,70,375,446,788,788
2017-02-05 22:01:45,740,302,70,375,445,788,788
2017-02-05 22:01:46,741,303,70,376,446,788,788
2017-02-05 22:01:47,745,304,70,376,446,788,788
2017-02-05 22:01:48,749,305,70,377,446,787,788
2017-02-05 22:01:49,750,306,70,377,446,788,788
2017-02-05 22:01:50,753,307,70,378,446,788,788
2017-02-05 22:01:51,756,308,70,378,446,788,788
2017-02-05 22:01:52,761,309,70,379,446,788,788
2017-02-05 22:01:53,766,310,70,379,446,788,788
2017-02-05 22:01:54,769,311,70,380,446,788,788
2017-02-05 22:01:55,773,312,70,380,446,787,788
2017-02-05 22:01:56,779,313,70,381,446,788,788
2017-02-05 22:01:57,782,314,70,381,446,788,788
2017-02-05 22:01:58,783,315,70,382,446,788,788
2017-02-05 22:01:59,789,316,70,382,447,788,788
2017-02-05 22:02:00,794,317,70,383,446,788,788
2017-02-05 22:02:01,799,318,70,383,447,788,788
2017-02-05 22:02:02,799,319,70,384,447,788,788
2017-02-05 22:02:03,802,320,70,384,447,788,788
2017-02-05 22:02:04,805,321,70,385,447,787,788
2017-02-05 22:02:05,809,322,70,385,447,788,788
2017-02-05 22:02:06,814,323,70,386,447,788,788
2017-02-05 22:02:07,818,324,70,386,447,788,788
2017-02-05 22:02:08,822,325,70,387,447,788,788
2017-02-05 22:02:09,826,326,70,387,447,787,788
2017-02-05 22:02:10,832,327,70,387,447,787,788
2017-02-05 22:02:11,835,328,70,388,448,787,788
2017-02-05 22:02:12,839,329,70,388,448,788,788
2017-02-05 22:02:13,840,330,70,389,448,787,788
2017-02-05 22:02:14,843,331,70,389,448,788,788
2017-02-05 22:02:15,846,332,70,390,448,788,788
2017-02-05 22:02:16,849,333,70,390,448,788,788
2017-02-05 22:02:17,853,334,70,391,449,788,788
2017-02-05 22:02:18,857,335,70,391,448,788,788
2017-02-05 22:02:19,863,336,70,392,449,788,788
2017-02-05 22:02:20,868,337,70,392,449,788,788
2017-02-05 22:02:21,871,338,70,393,449,788,788
2017-02-05 22:02:22,875,339,70,393,449,788,788
2017-02-05 22:02:23,880,340,70,394,449,787,788
2017-02-05 22:02:24,886,341,70,394,449,788,788
2017-02-05 22:02:25,888,342,70,395,450,788,788
2017-02-05 22:02:26,890,343,70,395,450,788,788
2017-02-05 22:02:27,896,344,70,395,451,788,788
2017-02-05 22:02:28,901,345,70,396,451,788,788
2017-02-05 22:02:29,905,346,70,396,451,788,788
2017-02-05 22:02:30,909,347,70,397,451,788,788
2017-02-05 22:02:31,913,348,70,397,451,788,788
2017-02-05 22:02:32,916,349,70,398,451,788,788
2017-02-05 22:02:33,919,350,70,398,451,788,788
2017-02-05 22:02:34,921,351,70,399,452,788,788
2017-02-05 22:02:35,925,352,70,399,452,788,788
2017-02-05 22:02:36,929,353,70,400,452,788,788
2017-02-05 22:02:37,934,354,70,400,452,788,788
2017-02-05 22:02:38,937,355,70,401,453,788,788
2017-02-05 22:02:39,941,356,70,401,453,788,788
2017-02-05 22:02:40,946,357,70,402,453,788,788
2017-02-05 22:02:41,949,358,70,402,453,788,788
2017-02-05 22:02:42,954,359,70,402,453,788,788
2017-02-05 22:02:43,956,360,70,403,453,788,788
2017-02-05 22:02:44,958,361,70,403,453,788,788
2017-02-05 22:02:45,961,362,70,404,453,788,788
2017-02-05 22:02:46,966,363,70,404,454,788,788
2017-02-05 22:02:47,971,364,70,404,454,788,788
2017-02-05 22:02:48,975,365,70,405,454,788,788
2017-02-05 22:02:49,978,366,70,405,454,788,788
2017-02-05 22:02:50,983,367,70,406,454,788,788
2017-02-05 22:02:51,987,368,70,406,454,788,788
2017-02-05 22:02:52,988,369,70,407,454,788,788
2017-02-05 22:02:53,995,370,70,407,454,788,788
2017-02-05 22:02:55,000,371,70,407,454,788,788
2017-02-05 22:02:56,004,372,70,408,454,788,788
2017-02-05 22:02:57,005,373,70,408,454,788,788
2017-02-05 22:02:58,007,374,70,409,455,788,788
2017-02-05 22:02:59,013,375,70,409,455,788,788
2017-02-05 22:03:00,019,376,70,409,455,787,788
2017-02-05 22:03:01,019,377,70,410,454,788,788
2017-02-05 22:03:02,020,378,70,410,454,788,788
2017-02-05 22:03:03,024,379,70,411,454,787,788
2017-02-05 22:03:04,029,380,70,411,454,788,788
2017-02-05 22:03:05,031,381,70,411,455,788,788
2017-02-05 22:03:06,035,382,70,412,455,788,788
2017-02-05 22:03:07,036,383,70,412,455,788,788
2017-02-05 22:03:08,039,384,70,413,455,788,788
2017-02-05 22:03:09,041,385,70,413,455,788,788
2017-02-05 22:03:10,045,386,70,414,456,788,788
2017-02-05 22:03:11,050,387,70,414,456,787,788
2017-02-05 22:03:12,051,388,70,414,456,788,788
2017-02-05 22:03:13,054,389,70,415,456,788,788
2017-02-05 22:03:14,058,390,70,415,456,788,788
2017-02-05 22:03:15,060,391,70,416,456,787,788
2017-02-05 22:03:16,065,392,70,416,456,788,788
2017-02-05 22:03:17,067,393,70,416,457,788,788
2017-02-05 22:03:18,070,394,70,417,457,788,788
2017-02-05 22:03:19,072,395,70,417,457,788,788
2017-02-05 22:03:20,076,396,70,418,457,787,788
2017-02-05 22:03:21,080,397,70,418,457,788,788
2017-02-05 22:03:22,083,398,70,418,457,788,788
2017-02-05 22:03:23,089,399,70,419,457,787,788
2017-02-05 22:03:24,092,400,70,419,457,787,788
2017-02-05 22:03:25,097,401,70,420,457,787,788
2017-02-05 22:03:26,102,402,70,420,457,787,788
2017-02-05 22:03:27,106,403,70,420,457,787,788
2017-02-05 22:03:28,110,404,70,421,457,788,788
2017-02-05 22:03:29,115,405,70,421,457,787,788
2017-02-05 22:03:30,115,406,70,421,457,787,788
2017-02-05 22:03:31,116,407,70,422,457,788,788
2017-02-05 22:03:32,121,408,70,422,457,788,788
2017-02-05 22:03:33,125,409,70,423,457,788,788
2017-02-05 22:03:34,130,410,70,423,457,787,788
2017-02-05 22:03:35,136,411,70,423,458,787,788
2017-02-05 22:03:36,141,412,70,424,458,787,788
2017-02-05 22:03:37,145,413,70,424,458,787,788
2017-02-05 22:03:38,147,414,70,425,458,787,788
2017-02-05 22:03:39,151,415,70,425,459,787,788
2017-02-05 22:03:40,155,416,70,425,459,787,788
2017-02-05 22:03:41,160,417,70,426,459,787,788
2017-02-05 22:03:42,164,418,70,426,459,787,788
2017-02-05 22:03:43,165,419,70,427,459,787,788
2017-02-05 22:03:44,167,420,70,427,460,788,788
2017-02-05 22:03:45,170,421,70,427,460,788,788
2017-02-05 22:03:46,171,422,70,428,460,787,788
2017-02-05 22:03:47,175,423,70,428,460,787,788
2017-02-05 22:03:48,178,424,70,429,460,787,788
2017-02-05 22:03:49,181,425,70,429,461,787,788
2017-02-05 22:03:50,185,426,70,429,461,788,788
2017-02-05 22:03:51,187,427,70,430,461,787,788
2017-02-05 22:03:52,193,428,70,430,461,787,788
2017-02-05 22:03:53,198,429,70,430,461,787,788
2017-02-05 22:03:54,202,430,70,431,461,787,788
2017-02-05 22:03:55,208,431,70,431,462,787,788
2017-02-05 22:03:56,212,432,70,432,462,788,788
2017-02-05 22:03:57,214,433,70,432,462,787,788
2017-02-05 22:03:58,215,434,70,432,462,787,788
2017-02-05 22:03:59,217,435,70,433,462,787,788
2017-02-05 22:04:00,218,436,70,433,462,787,788
2017-02-05 22:04:01,219,437,70,433,463,787,788
2017-02-05 22:04:02,221,438,70,434,463,787,788
2017-02-05 22:04:03,224,439,70,434,463,787,788
2017-02-05 22:04:04,227,440,70,434,463,787,788
2017-02-05 22:04:05,232,441,70,435,463,787,788
2017-02-05 22:04:06,234,442,70,435,463,787,788
2017-02-05 22:04:07,235,443,70,436,463,787,788
2017-02-05 22:04:08,238,444,70,436,463,787,788
2017-02-05 22:04:09,240,445,70,436,463,787,788
2017-02-05 22:04:10,245,446,70,437,463,787,788
2017-02-05 22:04:11,249,447,70,437,464,787,788
2017-02-05 22:04:12,254,448,70,437,464,787,788
2017-02-05 22:04:13,259,449,70,438,464,787,788
2017-02-05 22:04:14,264,450,70,438,464,787,788
2017-02-05 22:04:15,268,451,70,439,464,787,788
2017-02-05 22:04:16,273,452,70,439,465,787,788
2017-02-05 22:04:17,273,453,70,439,465,787,788
2017-02-05 22:04:18,274,454,70,440,465,787,788
2017-02-05 22:04:19,279,455,70,440,465,787,788
2017-02-05 22:04:20,283,456,70,440,465,787,788
2017-02-05 22:04:21,288,457,70,441,465,787,788
2017-02-05 22:04:22,294,458,70,441,465,787,788
2017-02-05 22:04:23,298,459,70,441,465,787,788
2017-02-05 22:04:24,301,460,70,442,465,787,788
2017-02-05 22:04:25,305,461,70,442,465,787,788
2017-02-05 22:04:26,311,462,70,443,465,787,788
2017-02-05 22:04:27,314,463,70,443,466,787,788
2017-02-05 22:04:28,317,464,70,443,466,787,788
2017-02-05 22:04:29,323,465,70,444,466,787,788
2017-02-05 22:04:30,327,466,70,444,466,787,788
2017-02-05 22:04:31,330,467,70,444,467,787,788
2017-02-05 22:04:32,334,468,70,445,467,787,788
2017-02-05 22:04:33,338,469,70,445,467,787,788
2017-02-05 22:04:34,341,470,70,445,467,787,788
2017-02-05 22:04:35,345,471,70,446,467,787,788
2017-02-05 22:04:36,348,472,70,446,468,787,788
2017-02-05 22:04:37,350,473,70,447,468,787,788
2017-02-05 22:04:38,354,474,70,447,468,787,788
2017-02-05 22:04:39,356,475,70,447,468,787,788
2017-02-05 22:04:40,363,476,70,448,468,787,788
2017-02-05 22:04:41,367,477,70,448,469,787,788
2017-02-05 22:04:42,371,478,70,449,469,787,788
2017-02-05 22:04:43,376,479,70,449,469,787,788
2017-02-05 22:04:44,379,480,70,449,469,787,788
2017-02-05 22:04:45,382,481,70,449,469,787,788
2017-02-05 22:04:46,383,482,70,450,469,787,788
2017-02-05 22:04:47,386,483,70,450,470,787,788
2017-02-05 22:04:48,389,484,70,451,470,787,788
2017-02-05 22:04:49,395,485,70,451,470,787,788
2017-02-05 22:04:50,400,486,70,451,470,787,788
2017-02-05 22:04:51,404,487,70,452,470,787,788
2017-02-05 22:04:52,407,488,70,452,470,787,788
2017-02-05 22:04:53,412,489,70,452,471,787,788
2017-02-05 22:04:54,413,490,70,453,471,787,788
2017-02-05 22:04:55,418,491,70,453,471,787,788
2017-02-05 22:04:56,420,492,70,453,471,787,788
2017-02-05 22:04:57,421,493,70,454,471,787,788
2017-02-05 22:04:58,426,494,70,454,471,787,788
2017-02-05 22:04:59,428,495,70,454,471,787,788
2017-02-05 22:05:00,433,496,70,455,471,787,788
2017-02-05 22:05:01,435,497,70,455,471,787,788
2017-02-05 22:05:02,438,498,70,455,471,787,788
2017-02-05 22:05:03,443,499,70,456,471,787,788
2017-02-05 22:05:04,444,500,70,456,471,787,788
2017-02-05 22:05:05,447,501,70,456,471,787,788
2017-02-05 22:05:06,450,502,70,457,471,787,788
2017-02-05 22:05:07,453,503,70,457,471,787,788
2017-02-05 22:05:08,457,504,70,457,472,787,788
2017-02-05 22:05:09,462,506,70,457,472,787,788
2017-02-05 22:05:10,466,507,70,458,472,787,788
2017-02-05 22:05:11,470,508,70,458,472,787,788
2017-02-05 22:05:12,476,509,70,459,472,787,788
2017-02-05 22:05:13,480,510,70,459,473,787,788
2017-02-05 22:05:14,483,511,70,459,473,787,788
2017-02-05 22:05:15,488,512,70,459,473,787,788
2017-02-05 22:05:16,492,513,70,460,473,787,788
2017-02-05 22:05:17,496,514,70,460,473,787,788
2017-02-05 22:05:18,500,515,70,461,473,787,788
2017-02-05 22:05:19,503,516,70,461,473,787,788
2017-02-05 22:05:20,510,517,71,461,473,787,788
2017-02-05 22:05:21,511,518,70,462,473,787,788
2017-02-05 22:05:22,517,519,70,462,473,787,788
2017-02-05 22:05:23,521,520,70,462,473,787,788
2017-02-05 22:05:24,525,521,70,463,474,787,788
2017-02-05 22:05:25,527,522,70,463,474,787,788
2017-02-05 22:05:26,532,523,70,463,474,787,788
2017-02-05 22:05:27,533,524,70,464,474,787,788
2017-02-05 22:05:28,536,525,70,464,473,787,788
2017-02-05 22:05:29,540,526,70,464,473,787,788
2017-02-05 22:05:30,547,527,70,465,473,787,788
2017-02-05 22:05:31,549,528,70,465,473,787,788
2017-02-05 22:05:32,555,529,70,466,474,787,788
2017-02-05 22:05:33,560,530,70,466,474,787,788
2017-02-05 22:05:34,560,531,71,466,474,787,788
2017-02-05 22:05:35,564,532,71,467,475,787,788
2017-02-05 22:05:36,568,533,70,467,475,787,788
2017-02-05 22:05:37,571,534,70,467,475,787,788
2017-02-05 22:05:38,573,535,71,468,475,787,788
2017-02-05 22:05:39,577,536,71,468,476,787,788
2017-02-05 22:05:40,582,537,71,469,476,787,788
2017-02-05 22:05:41,585,538,71,469,476,787,788
2017-02-05 22:05:42,590,539,70,469,477,787,788
2017-02-05 22:05:43,596,540,71,470,477,787,788
2017-02-05 22:05:44,600,541,71,470,477,787,788
2017-02-05 22:05:45,605,542,71,470,478,787,788
2017-02-05 22:05:46,608,543,71,471,478,787,788
2017-02-05 22:05:47,609,544,71,471,478,787,788
2017-02-05 22:05:48,612,545,71,471,478,787,788
2017-02-05 22:05:49,615,546,70,472,478,787,788
2017-02-05 22:05:50,620,547,71,472,478,787,788
2017-02-05 22:05:51,622,548,71,472,478,787,788
2017-02-05 22:05:52,625,549,71,473,478,787,788
2017-02-05 22:05:53,627,550,71,473,478,787,788
2017-02-05 22:05:54,629,551,70,473,478,787,788
2017-02-05 22:05:55,634,552,71,474,479,787,788
2017-02-05 22:05:56,637,553,71,474,479,787,788
2017-02-05 22:05:57,641,554,71,474,479,787,788
2017-02-05 22:05:58,646,555,71,475,479,787,788
2017-02-05 22:05:59,651,556,71,475,479,787,788
2017-02-05 22:06:00,654,557,71,475,479,787,788
2017-02-05 22:06:01,659,558,71,476,479,787,788
2017-02-05 22:06:02,663,559,71,476,479,787,788
2017-02-05 22:06:03,668,560,71,477,479,787,788
2017-02-05 22:06:04,671,561,71,477,479,787,788
2017-02-05 22:06:05,677,562,71,477,479,787,788
2017-02-05 22:06:06,682,563,71,478,479,787,788
2017-02-05 22:06:07,684,564,71,478,479,787,788
2017-02-05 22:06:08,688,565,70,478,479,787,788
2017-02-05 22:06:09,693,566,71,479,480,787,788
2017-02-05 22:06:10,697,567,71,479,480,787,788
2017-02-05 22:06:11,698,568,71,480,480,787,788
2017-02-05 22:06:12,704,569,71,480,480,787,788
2017-02-05 22:06:13,707,570,71,480,480,787,788
2017-02-05 22:06:14,710,571,71,481,480,787,788
2017-02-05 22:06:15,716,572,71,481,480,787,788
2017-02-05 22:06:16,720,573,71,481,481,787,788
2017-02-05 22:06:17,722,574,71,482,481,787,788
2017-02-05 22:06:18,726,575,71,482,481,787,788
2017-02-05 22:06:19,729,576,71,483,481,787,788
2017-02-05 22:06:20,733,577,71,483,481,787,788
2017-02-05 22:06:21,738,578,71,483,481,787,788
2017-02-05 22:06:22,739,579,71,484,481,787,788
2017-02-05 22:06:23,741,580,71,484,482,787,788
2017-02-05 22:06:24,744,581,71,485,482,787,788
2017-02-05 22:06:25,750,582,71,485,482,787,788
2017-02-05 22:06:26,752,583,71,485,482,787,788
2017-02-05 22:06:27,758,584,71,486,482,787,788
2017-02-05 22:06:28,761,585,71,486,482,787,788
2017-02-05 22:06:29,766,586,71,486,482,787,788
2017-02-05 22:06:30,770,587,71,487,483,787,788
2017-02-05 22:06:31,774,588,71,487,483,787,788
2017-02-05 22:06:32,778,589,71,487,483,787,788
2017-02-05 22:06:33,783,590,71,488,483,787,788
2017-02-05 22:06:34,788,591,71,488,483,787,788
2017-02-05 22:06:35,790,592,71,489,484,787,788
2017-02-05 22:06:36,795,593,71,489,484,787,788
2017-02-05 22:06:37,796,594,71,489,484,787,788
2017-02-05 22:06:38,800,595,71,490,484,787,788
2017-02-05 22:06:39,802,596,71,490,484,787,788
2017-02-05 22:06:40,807,597,71,491,484,787,788
2017-02-05 22:06:41,808,598,71,491,484,787,788
2017-02-05 22:06:42,813,599,71,491,484,787,788
2017-02-05 22:06:43,816,600,71,492,485,787,788
2017-02-05 22:06:44,818,601,71,492,485,787,788
2017-02-05 22:06:45,821,602,71,492,484,787,788
2017-02-05 22:06:46,823,603,71,493,484,787,788
2017-02-05 22:06:47,827,604,71,493,484,787,788
2017-02-05 22:06:48,830,605,71,494,484,787,788
2017-02-05 22:06:49,832,606,71,494,484,787,788
2017-02-05 22:06:50,838,607,71,494,485,787,788
2017-02-05 22:06:51,839,608,71,495,485,787,788
2017-02-05 22:06:52,841,609,71,495,486,787,788
2017-02-05 22:06:53,844,610,71,496,486,787,788
2017-02-05 22:06:54,848,611,71,496,486,787,788
2017-02-05 22:06:55,851,612,71,496,487,787,788
2017-02-05 22:06:56,853,613,71,497,487,787,788
2017-02-05 22:06:57,858,614,71,497,488,787,788
2017-02-05 22:06:58,860,615,71,497,488,787,788
2017-02-05 22:06:59,863,616,71,498,488,787,788
2017-02-05 22:07:00,867,617,71,498,489,787,788
2017-02-05 22:07:01,869,618,71,498,489,787,788
2017-02-05 22:07:02,872,619,71,499,489,787,788
2017-02-05 22:07:03,874,620,71,499,490,787,788
2017-02-05 22:07:04,879,621,71,499,490,787,788
2017-02-05 22:07:05,881,622,71,500,491,787,788
2017-02-05 22:07:06,886,623,71,500,491,787,788
2017-02-05 22:07:07,888,624,71,501,491,787,788
2017-02-05 22:07:08,890,625,71,501,492,787,788
2017-02-05 22:07:09,893,626,71,501,492,787,788
2017-02-05 22:07:10,897,627,71,502,492,787,788
2017-02-05 22:07:11,900,628,71,502,493,787,788
2017-02-05 22:07:12,903,629,71,503,493,787,788
2017-02-05 22:07:13,906,630,71,503,493,787,788
2017-02-05 22:07:14,910,631,71,503,493,787,788
2017-02-05 22:07:15,913,632,71,504,493,787,788
2017-02-05 22:07:16,915,633,71,504,494,787,788
2017-02-05 22:07:17,918,634,71,505,494,787,788
2017-02-05 22:07:18,921,635,71,505,494,787,788
2017-02-05 22:07:19,922,636,71,505,494,787,788
2017-02-05 22:07:20,928,637,71,506,494,787,788
2017-02-05 22:07:21,930,638,71,506,494,787,788
2017-02-05 22:07:22,934,639,71,506,494,787,788
2017-02-05 22:07:23,937,640,71,507,494,787,788
2017-02-05 22:07:24,939,641,71,507,494,787,788
2017-02-05 22:07:25,943,642,71,508,495,787,788
2017-02-05 22:07:26,946,643,71,508,495,787,788
2017-02-05 22:07:27,949,644,71,508,495,787,788
2017-02-05 22:07:28,951,645,71,508,495,787,788
2017-02-05 22:07:29,955,646,71,509,495,787,788
2017-02-05 22:07:30,957,647,71,509,495,787,788
2017-02-05 22:07:31,961,648,71,509,495,787,788
2017-02-05 22:07:32,964,649,71,510,495,787,788
2017-02-05 22:07:33,968,650,71,510,495,787,788
2017-02-05 22:07:34,970,651,71,510,495,787,788
2017-02-05 22:07:35,974,652,71,511,495,787,788
2017-02-05 22:07:36,979,653,71,511,495,787,788
2017-02-05 22:07:37,983,654,71,511,495,787,788
2017-02-05 22:07:38,988,655,71,512,495,787,788
2017-02-05 22:07:39,994,656,71,512,496,787,788
2017-02-05 22:07:40,998,657,71,512,496,787,788
2017-02-05 22:07:42,000,658,71,513,496,787,788
2017-02-05 22:07:43,004,659,71,513,495,787,788
2017-02-05 22:07:44,007,660,71,513,495,787,788
2017-02-05 22:07:45,009,661,71,513,494,787,788
2017-02-05 22:07:46,012,662,71,514,494,787,788
2017-02-05 22:07:47,017,663,71,514,493,787,788
2017-02-05 22:07:48,023,664,71,514,493,787,788
2017-02-05 22:07:49,026,665,71,514,492,787,788
2017-02-05 22:07:50,028,666,71,514,491,787,788
2017-02-05 22:07:51,032,667,71,515,490,787,788
2017-02-05 22:07:52,038,668,71,515,489,787,788
2017-02-05 22:07:53,040,669,71,515,488,787,788
2017-02-05 22:07:54,045,670,71,515,487,787,788
2017-02-05 22:07:55,048,671,71,515,486,787,788
2017-02-05 22:07:56,052,672,71,516,486,787,788
2017-02-05 22:07:57,054,673,71,516,485,787,788
2017-02-05 22:07:58,059,674,71,516,485,787,788
2017-02-05 22:07:59,060,675,71,516,484,787,788
2017-02-05 22:08:00,065,676,71,516,483,787,788
2017-02-05 22:08:01,067,677,71,516,483,787,788
2017-02-05 22:08:02,070,678,71,517,482,787,788
2017-02-05 22:08:03,073,679,71,517,482,787,788
2017-02-05 22:08:04,075,680,71,517,482,787,788
2017-02-05 22:08:05,080,681,71,517,481,787,788
2017-02-05 22:08:06,082,682,71,517,480,787,788
2017-02-05 22:08:07,086,683,71,517,480,787,788
2017-02-05 22:08:08,088,684,71,517,479,787,788
2017-02-05 22:08:09,090,685,71,518,479,787,788
2017-02-05 22:08:10,095,686,71,518,478,787,788
2017-02-05 22:08:11,096,687,71,518,477,787,788
2017-02-05 22:08:12,100,688,71,518,477,787,788
2017-02-05 22:08:13,104,689,71,518,476,787,788
2017-02-05 22:08:14,106,690,71,518,476,787,788
2017-02-05 22:08:15,111,691,71,518,475,787,788
2017-02-05 22:08:16,112,692,71,518,474,787,788
2017-02-05 22:08:17,116,693,71,519,474,787,788
2017-02-05 22:08:18,119,694,71,519,473,787,788
2017-02-05 22:08:19,123,695,71,519,472,787,788
2017-02-05 22:08:20,125,696,71,519,472,787,788
2017-02-05 22:08:21,127,697,71,519,472,787,788
2017-02-05 22:08:22,131,698,71,519,471,787,788
2017-02-05 22:08:23,134,699,71,519,471,787,788
2017-02-05 22:08:24,138,700,71,519,470,787,788
2017-02-05 22:08:25,140,701,71,519,470,787,788
2017-02-05 22:08:26,143,702,71,520,470,787,788
2017-02-05 22:08:27,145,703,71,519,469,787,788
2017-02-05 22:08:28,148,704,71,520,469,787,788
2017-02-05 22:08:29,154,705,71,520,469,787,788
2017-02-05 22:08:30,155,706,71,520,468,787,788
2017-02-05 22:08:31,158,707,71,520,468,787,788
2017-02-05 22:08:32,162,708,71,520,468,787,788
2017-02-05 22:08:33,164,709,71,520,467,787,788
2017-02-05 22:08:34,168,710,71,520,467,787,788
2017-02-05 22:08:35,171,711,71,520,467,787,788
2017-02-05 22:08:36,174,712,71,520,466,787,788
2017-02-05 22:08:37,179,713,71,520,466,787,788
2017-02-05 22:08:38,182,714,71,520,467,787,788
2017-02-05 22:08:39,186,715,71,520,467,787,788
2017-02-05 22:08:40,187,716,71,521,467,787,788
2017-02-05 22:08:41,188,717,71,520,467,787,788
2017-02-05 22:08:42,193,718,71,521,468,787,788
2017-02-05 22:08:43,195,719,71,520,467,787,788
2017-02-05 22:08:44,198,720,71,521,468,787,788
2017-02-05 22:08:45,204,721,71,521,468,787,788
2017-02-05 22:08:46,207,722,71,521,468,787,788
2017-02-05 22:08:47,211,723,71,521,467,787,788
2017-02-05 22:08:48,216,724,71,521,467,787,788
2017-02-05 22:08:49,219,725,71,521,468,787,788
2017-02-05 22:08:50,219,726,71,521,468,787,788
2017-02-05 22:08:51,225,727,71,521,469,787,788
2017-02-05 22:08:52,230,728,71,521,469,787,788
2017-02-05 22:08:53,234,729,71,521,469,787,788
2017-02-05 22:08:54,240,730,71,521,470,787,788
2017-02-05 22:08:55,246,731,71,521,470,787,788
2017-02-05 22:08:56,252,732,71,522,470,787,788
2017-02-05 22:08:57,255,733,71,522,470,787,788
2017-02-05 22:08:58,257,734,71,522,470,787,788
2017-02-05 22:08:59,261,735,71,522,471,787,788
2017-02-05 22:09:00,263,736,71,522,471,787,788
2017-02-05 22:09:01,267,737,71,522,471,787,788
2017-02-05 22:09:02,272,738,71,522,471,787,788
2017-02-05 22:09:03,276,739,71,522,471,787,788
2017-02-05 22:09:04,277,740,71,522,472,787,788
2017-02-05 22:09:05,279,741,71,523,472,787,788
2017-02-05 22:09:06,282,742,71,523,472,787,788
2017-02-05 22:09:07,287,743,71,523,472,787,788
2017-02-05 22:09:08,292,744,71,523,472,787,788
2017-02-05 22:09:09,294,745,71,523,472,787,788
2017-02-05 22:09:10,295,746,71,523,472,787,788
2017-02-05 22:09:11,298,747,71,523,471,787,788
2017-02-05 22:09:12,302,748,71,523,471,787,788
2017-02-05 22:09:13,306,749,71,524,471,787,788
2017-02-05 22:09:14,308,750,71,524,470,787,788
2017-02-05 22:09:15,309,751,71,524,470,787,788
2017-02-05 22:09:16,313,752,71,524,470,787,788
2017-02-05 22:09:17,317,753,71,524,470,787,788
2017-02-05 22:09:18,319,754,71,524,470,787,788
2017-02-05 22:09:19,324,755,71,524,470,787,788
2017-02-05 22:09:20,325,756,71,524,470,787,788
2017-02-05 22:09:21,328,757,71,525,470,787,788
2017-02-05 22:09:22,333,758,71,525,469,787,788
2017-02-05 22:09:23,334,759,71,525,469,787,788
2017-02-05 22:09:24,336,760,71,525,469,787,788
2017-02-05 22:09:25,339,761,71,525,469,787,788
2017-02-05 22:09:26,344,762,71,525,469,787,788
2017-02-05 22:09:27,346,763,71,526,469,787,788
2017-02-05 22:09:28,352,764,71,526,468,787,788
2017-02-05 22:09:29,355,765,71,526,468,787,788
2017-02-05 22:09:30,359,766,71,526,468,787,788
2017-02-05 22:09:31,361,767,71,526,468,787,788
2017-02-05 22:09:32,362,768,71,526,468,787,788
2017-02-05 22:09:33,365,769,71,526,468,787,788
2017-02-05 22:09:34,367,770,71,526,468,787,788
2017-02-05 22:09:35,371,771,71,527,468,787,788
2017-02-05 22:09:36,375,772,71,526,468,787,788
2017-02-05 22:09:37,377,773,71,527,468,787,788
2017-02-05 22:09:38,380,774,71,527,468,787,788
2017-02-05 22:09:39,383,775,71,527,468,787,788
2017-02-05 22:09:40,384,776,71,527,468,787,788
2017-02-05 22:09:41,389,777,71,527,468,787,788
2017-02-05 22:09:42,393,778,71,527,468,787,788
2017-02-05 22:09:43,396,779,71,527,467,787,788
2017-02-05 22:09:44,397,780,71,527,468,787,788
2017-02-05 22:09:45,402,781,71,528,467,787,788
2017-02-05 22:09:46,403,782,71,528,467,787,788
2017-02-05 22:09:47,405,783,71,528,467,787,788
2017-02-05 22:09:48,410,784,71,528,468,787,788
2017-02-05 22:09:49,414,785,71,528,467,787,788
2017-02-05 22:09:50,417,786,71,528,467,787,788
2017-02-05 22:09:51,420,787,71,528,467,787,788
2017-02-05 22:09:52,425,788,71,529,467,787,788
2017-02-05 22:09:53,426,789,71,529,467,787,788
2017-02-05 22:09:54,429,790,71,529,467,787,788
2017-02-05 22:09:55,432,791,71,529,467,787,788
2017-02-05 22:09:56,436,792,71,529,467,787,788
2017-02-05 22:09:57,439,793,71,529,467,787,788
2017-02-05 22:09:58,444,794,71,530,467,787,788
2017-02-05 22:09:59,447,795,71,530,467,787,788
2017-02-05 22:10:00,450,796,71,530,467,787,788
2017-02-05 22:10:01,453,797,71,530,466,787,788
2017-02-05 22:10:02,459,798,71,530,465,787,788
2017-02-05 22:10:03,465,800,71,530,465,787,788
2017-02-05 22:10:04,469,801,71,531,465,787,788
2017-02-05 22:10:05,470,802,71,531,464,787,788
2017-02-05 22:10:06,476,803,71,531,464,787,788
2017-02-05 22:10:07,479,804,71,531,463,787,788
2017-02-05 22:10:08,485,805,71,531,463,787,788
2017-02-05 22:10:09,491,806,71,531,463,787,788
2017-02-05 22:10:10,495,807,71,531,462,787,788
2017-02-05 22:10:11,500,808,71,531,462,787,788
2017-02-05 22:10:12,501,809,71,532,462,787,788
2017-02-05 22:10:13,504,810,71,532,461,787,788
2017-02-05 22:10:14,506,811,71,532,461,787,788
2017-02-05 22:10:15,509,812,71,532,460,787,788
2017-02-05 22:10:16,513,813,71,532,460,787,788
2017-02-05 22:10:17,517,814,71,532,460,787,788
2017-02-05 22:10:18,518,815,71,532,459,787,788
2017-02-05 22:10:19,522,816,71,532,459,787,788
2017-02-05 22:10:20,525,817,71,532,459,787,788
2017-02-05 22:10:21,529,818,71,532,459,787,788
2017-02-05 22:10:22,533,819,71,532,459,787,788
2017-02-05 22:10:23,535,820,71,532,458,787,788
2017-02-05 22:10:24,538,821,71,532,458,787,788
2017-02-05 22:10:25,542,822,71,532,458,787,788
2017-02-05 22:10:26,546,823,71,533,458,787,788
2017-02-05 22:10:27,549,824,71,532,457,787,788
2017-02-05 22:10:28,551,825,71,532,457,787,788
2017-02-05 22:10:29,553,826,71,531,457,787,788
2017-02-05 22:10:30,555,827,71,529,456,787,788
2017-02-05 22:10:31,556,828,71,528,454,787,788
2017-02-05 22:10:32,558,829,71,526,452,787,788
2017-02-05 22:10:33,560,830,71,524,450,787,788
2017-02-05 22:10:34,562,831,71,522,447,787,788
2017-02-05 22:10:35,566,832,71,520,444,787,788
2017-02-05 22:10:36,566,833,71,518,441,787,788
2017-02-05 22:10:37,573,834,71,516,439,787,788
2017-02-05 22:10:38,578,835,71,516,438,787,788
2017-02-05 22:10:39,581,836,71,515,438,787,788
2017-02-05 22:10:40,586,837,71,515,439,787,788
2017-02-05 22:10:41,590,838,71,515,440,787,788
2017-02-05 22:10:42,593,839,71,516,440,787,788
2017-02-05 22:10:43,596,840,71,516,441,787,788
2017-02-05 22:10:44,599,841,71,516,442,787,788
