2016-02-09 21:02:51,405,datetime,ms,seconds,ambient_temp,thermocouple_0_temp,thermocouple_1_temp,thermocouple_2_temp,thermocouple_3_temp
2016-02-09 21:02:56,492,5,66,478,398,790,791
2016-02-09 21:02:57,492,6,66,466,390,790,791
2016-02-09 21:02:58,498,7,66,455,384,790,791
2016-02-09 21:02:59,501,8,66,445,381,790,791
2016-02-09 21:03:00,506,9,66,435,378,790,791
2016-02-09 21:03:01,509,10,66,425,376,790,791
2016-02-09 21:03:02,511,11,66,416,373,790,791
2016-02-09 21:03:03,515,12,66,406,370,790,791
2016-02-09 21:03:04,516,13,66,398,368,790,791
2016-02-09 21:03:05,521,14,66,389,366,790,791
2016-02-09 21:03:06,525,15,66,380,365,790,791
2016-02-09 21:03:07,530,16,66,374,364,790,791
2016-02-09 21:03:08,533,17,66,366,363,790,791
2016-02-09 21:03:09,539,18,66,360,362,790,791
2016-02-09 21:03:10,542,19,66,353,361,790,791
2016-02-09 21:03:11,547,20,66,347,360,790,791
2016-02-09 21:03:12,550,21,66,341,360,790,791
2016-02-09 21:03:13,554,22,66,335,359,790,791
2016-02-09 21:03:14,558,23,66,329,358,790,791
2016-02-09 21:03:15,564,24,66,323,357,790,791
2016-02-09 21:03:16,568,25,66,317,356,790,791
2016-02-09 21:03:17,568,26,66,313,356,790,791
2016-02-09 21:03:18,571,27,66,308,355,790,791
2016-02-09 21:03:19,574,28,66,303,355,790,791
2016-02-09 21:03:20,575,29,66,298,354,790,791
2016-02-09 21:03:21,581,30,66,294,353,790,791
2016-02-09 21:03:22,582,31,66,290,353,790,791
2016-02-09 21:03:23,583,32,66,286,352,790,791
2016-02-09 21:03:24,589,33,66,282,352,790,791
2016-02-09 21:03:25,595,34,66,279,351,790,791
2016-02-09 21:03:26,598,35,66,275,351,790,791
2016-02-09 21:03:27,603,36,66,272,350,790,791
2016-02-09 21:03:28,606,37,66,269,350,790,791
2016-02-09 21:03:29,610,38,66,267,350,790,791
2016-02-09 21:03:30,615,39,66,264,349,790,791
2016-02-09 21:03:31,618,40,66,261,349,790,791
2016-02-09 21:03:32,623,41,66,258,349,790,791
2016-02-09 21:03:33,624,42,66,256,348,790,791
2016-02-09 21:03:34,627,43,66,254,348,790,791
2016-02-09 21:03:35,631,44,66,251,348,790,791
2016-02-09 21:03:36,632,45,66,249,348,790,791
2016-02-09 21:03:37,636,46,66,247,347,790,791
2016-02-09 21:03:38,638,47,66,246,347,790,791
2016-02-09 21:03:39,642,48,66,244,347,790,791
2016-02-09 21:03:40,646,49,66,242,347,790,791
2016-02-09 21:03:41,647,50,66,241,347,790,791
2016-02-09 21:03:42,651,51,66,239,347,790,791
2016-02-09 21:03:43,655,52,66,238,347,790,791
2016-02-09 21:03:44,661,53,66,237,346,790,791
2016-02-09 21:03:45,662,54,66,236,346,790,791
2016-02-09 21:03:46,667,55,66,234,346,790,791
2016-02-09 21:03:47,673,56,66,233,346,790,791
2016-02-09 21:03:48,678,57,66,232,346,790,791
2016-02-09 21:03:49,679,58,66,231,346,790,791
2016-02-09 21:03:50,680,59,66,231,346,790,791
2016-02-09 21:03:51,681,60,66,230,346,790,791
2016-02-09 21:03:52,685,61,66,229,346,790,791
2016-02-09 21:03:53,686,62,66,228,346,790,791
2016-02-09 21:03:54,688,63,66,227,346,790,791
2016-02-09 21:03:55,692,64,66,227,346,790,791
2016-02-09 21:03:56,694,65,66,226,347,790,791
2016-02-09 21:03:57,699,66,66,226,347,790,791
2016-02-09 21:03:58,700,67,66,226,348,790,791
2016-02-09 21:03:59,703,68,66,226,349,790,791
2016-02-09 21:04:00,707,69,66,225,350,790,791
2016-02-09 21:04:01,711,70,66,225,351,790,791
2016-02-09 21:04:02,716,71,66,225,351,790,791
2016-02-09 21:04:03,717,72,66,225,352,790,791
2016-02-09 21:04:04,721,73,66,224,353,790,791
2016-02-09 21:04:05,722,74,66,224,354,790,791
2016-02-09 21:04:06,725,75,66,224,354,790,791
2016-02-09 21:04:07,730,76,66,224,355,790,791
2016-02-09 21:04:08,731,77,66,224,355,790,791
2016-02-09 21:04:09,733,78,66,224,356,790,791
2016-02-09 21:04:10,738,79,66,224,357,790,791
2016-02-09 21:04:11,740,80,66,224,357,790,791
2016-02-09 21:04:12,742,81,66,225,358,790,791
2016-02-09 21:04:13,745,82,66,225,358,790,791
2016-02-09 21:04:14,747,83,66,225,359,790,791
2016-02-09 21:04:15,753,84,66,225,360,790,791
2016-02-09 21:04:16,754,85,66,225,360,790,791
2016-02-09 21:04:17,758,86,66,226,361,790,791
2016-02-09 21:04:18,760,87,66,226,361,790,791
2016-02-09 21:04:19,762,88,66,226,362,790,791
2016-02-09 21:04:20,764,89,66,227,362,790,791
2016-02-09 21:04:21,767,90,66,227,363,790,791
2016-02-09 21:04:22,770,91,66,227,363,790,791
2016-02-09 21:04:23,775,92,66,228,364,790,791
2016-02-09 21:04:24,778,93,66,228,364,790,791
2016-02-09 21:04:25,783,94,66,229,365,790,791
2016-02-09 21:04:26,789,95,66,229,365,790,791
2016-02-09 21:04:27,793,96,66,230,366,790,791
2016-02-09 21:04:28,799,97,66,230,366,790,791
2016-02-09 21:04:29,804,98,66,231,367,790,791
2016-02-09 21:04:30,805,99,66,231,367,790,791
2016-02-09 21:04:31,809,100,66,232,368,790,791
2016-02-09 21:04:32,814,101,66,232,368,790,791
2016-02-09 21:04:33,818,102,66,233,369,790,791
2016-02-09 21:04:34,819,103,66,233,369,790,791
2016-02-09 21:04:35,823,104,66,234,369,790,791
2016-02-09 21:04:36,825,105,66,235,370,790,791
2016-02-09 21:04:37,831,106,66,235,370,790,791
2016-02-09 21:04:38,833,107,66,236,371,790,791
2016-02-09 21:04:39,836,108,66,237,371,790,791
2016-02-09 21:04:40,840,109,66,237,371,790,791
2016-02-09 21:04:41,841,110,66,238,372,790,791
2016-02-09 21:04:42,846,111,66,239,372,790,791
2016-02-09 21:04:43,851,112,66,239,373,790,791
2016-02-09 21:04:44,852,113,66,240,373,790,791
2016-02-09 21:04:45,857,114,66,241,373,790,791
2016-02-09 21:04:46,859,115,66,242,374,790,791
2016-02-09 21:04:47,863,116,66,242,374,790,791
2016-02-09 21:04:48,867,117,66,243,374,790,791
2016-02-09 21:04:49,873,118,66,244,374,790,791
2016-02-09 21:04:50,877,119,66,244,375,790,791
2016-02-09 21:04:51,882,120,66,245,376,790,791
2016-02-09 21:04:52,883,121,66,246,376,790,791
2016-02-09 21:04:53,888,122,66,247,376,790,791
2016-02-09 21:04:54,890,123,66,247,377,790,791
2016-02-09 21:04:55,892,124,66,248,377,790,791
2016-02-09 21:04:56,897,125,66,249,377,790,791
2016-02-09 21:04:57,898,126,66,250,378,790,791
2016-02-09 21:04:58,901,127,66,251,378,790,791
2016-02-09 21:04:59,905,128,66,251,379,790,791
2016-02-09 21:05:00,907,129,66,252,379,790,791
2016-02-09 21:05:01,913,130,66,253,379,790,791
2016-02-09 21:05:02,913,131,66,254,380,790,791
2016-02-09 21:05:03,916,132,66,254,380,790,791
2016-02-09 21:05:04,920,133,66,255,380,790,791
2016-02-09 21:05:05,922,134,66,256,380,790,791
2016-02-09 21:05:06,928,135,66,257,381,790,791
2016-02-09 21:05:07,934,136,66,258,381,790,791
2016-02-09 21:05:08,937,137,66,259,382,790,791
2016-02-09 21:05:09,940,138,66,259,382,790,791
2016-02-09 21:05:10,945,139,66,260,382,790,791
2016-02-09 21:05:11,951,140,66,261,383,790,791
2016-02-09 21:05:12,954,141,66,262,383,790,791
2016-02-09 21:05:13,958,142,66,263,383,790,791
2016-02-09 21:05:14,962,143,66,264,384,790,791
2016-02-09 21:05:15,964,144,66,264,384,790,791
2016-02-09 21:05:16,965,145,66,265,384,790,791
2016-02-09 21:05:17,969,146,66,266,385,790,791
2016-02-09 21:05:18,972,147,66,267,385,790,791
2016-02-09 21:05:19,976,148,66,268,385,790,791
2016-02-09 21:05:20,977,149,66,269,386,790,791
2016-02-09 21:05:21,979,150,66,269,386,790,791
2016-02-09 21:05:22,983,151,66,270,387,790,791
2016-02-09 21:05:23,984,152,66,271,387,790,791
2016-02-09 21:05:24,990,153,66,272,387,790,791
2016-02-09 21:05:25,992,154,66,273,387,790,791
2016-02-09 21:05:26,997,155,66,274,388,790,791
2016-02-09 21:05:28,000,156,66,274,388,790,791
2016-02-09 21:05:29,006,157,66,275,388,790,791
2016-02-09 21:05:30,009,158,66,276,388,790,791
2016-02-09 21:05:31,012,159,66,277,389,790,791
2016-02-09 21:05:32,017,160,66,278,389,790,791
2016-02-09 21:05:33,022,161,66,279,389,790,791
2016-02-09 21:05:34,026,162,66,279,389,790,791
2016-02-09 21:05:35,028,163,66,280,390,790,791
2016-02-09 21:05:36,031,164,66,281,390,790,791
2016-02-09 21:05:37,033,165,66,282,390,790,791
2016-02-09 21:05:38,038,166,66,283,391,790,791
2016-02-09 21:05:39,041,167,66,283,391,790,791
2016-02-09 21:05:40,044,168,66,284,391,790,791
2016-02-09 21:05:41,049,169,66,285,391,790,791
2016-02-09 21:05:42,050,170,66,286,392,790,791
2016-02-09 21:05:43,050,171,66,287,392,790,791
2016-02-09 21:05:44,056,172,66,288,392,790,791
2016-02-09 21:05:45,059,173,66,289,393,790,791
2016-02-09 21:05:46,064,174,66,289,393,790,791
2016-02-09 21:05:47,065,175,66,290,393,790,791
2016-02-09 21:05:48,068,176,66,291,393,790,791
2016-02-09 21:05:49,072,177,66,292,394,790,791
2016-02-09 21:05:50,074,178,66,293,394,790,791
2016-02-09 21:05:51,080,179,66,294,394,790,791
2016-02-09 21:05:52,080,180,66,294,395,790,791
2016-02-09 21:05:53,082,181,66,295,395,790,791
2016-02-09 21:05:54,087,182,66,296,395,790,791
2016-02-09 21:05:55,090,183,66,297,395,790,791
2016-02-09 21:05:56,095,184,66,298,395,790,791
2016-02-09 21:05:57,096,185,66,298,396,790,791
2016-02-09 21:05:58,099,186,66,299,396,790,791
2016-02-09 21:05:59,104,187,66,300,396,790,791
2016-02-09 21:06:00,108,188,66,301,396,790,791
2016-02-09 21:06:01,111,189,66,302,397,790,791
2016-02-09 21:06:02,116,190,66,303,397,790,791
2016-02-09 21:06:03,120,191,66,303,397,790,791
2016-02-09 21:06:04,125,192,66,304,397,790,791
2016-02-09 21:06:05,129,193,66,305,398,790,791
2016-02-09 21:06:06,132,194,66,306,398,790,791
2016-02-09 21:06:07,137,195,66,307,398,790,791
2016-02-09 21:06:08,140,196,66,307,398,790,791
2016-02-09 21:06:09,145,197,66,308,399,790,791
2016-02-09 21:06:10,150,198,66,309,399,790,791
2016-02-09 21:06:11,153,199,66,310,399,790,791
2016-02-09 21:06:12,159,200,66,310,399,790,791
2016-02-09 21:06:13,162,201,66,311,400,790,791
2016-02-09 21:06:14,165,202,66,312,400,790,791
2016-02-09 21:06:15,171,203,66,313,400,790,791
2016-02-09 21:06:16,172,204,66,313,400,790,791
2016-02-09 21:06:17,174,205,66,314,400,790,791
2016-02-09 21:06:18,178,206,66,315,401,790,791
2016-02-09 21:06:19,180,207,66,316,401,790,791
2016-02-09 21:06:20,185,208,66,317,401,790,791
2016-02-09 21:06:21,191,209,66,317,401,790,791
2016-02-09 21:06:22,194,210,66,318,402,790,791
2016-02-09 21:06:23,198,211,66,319,402,790,791
2016-02-09 21:06:24,203,212,66,320,402,790,791
2016-02-09 21:06:25,208,213,66,321,403,790,791
2016-02-09 21:06:26,211,214,66,321,403,790,791
2016-02-09 21:06:27,213,215,66,322,403,790,791
2016-02-09 21:06:28,216,216,66,323,403,790,791
2016-02-09 21:06:29,218,217,66,324,403,790,791
2016-02-09 21:06:30,222,218,66,324,403,790,791
2016-02-09 21:06:31,227,219,66,325,404,790,791
2016-02-09 21:06:32,232,220,66,326,404,790,791
2016-02-09 21:06:33,235,221,66,326,404,790,791
2016-02-09 21:06:34,239,222,66,327,405,790,791
2016-02-09 21:06:35,244,223,66,328,405,790,791
2016-02-09 21:06:36,249,224,66,329,405,790,791
2016-02-09 21:06:37,252,225,66,329,405,790,791
2016-02-09 21:06:38,254,226,66,330,406,790,791
2016-02-09 21:06:39,258,227,66,331,406,790,791
2016-02-09 21:06:40,259,228,66,332,406,790,791
2016-02-09 21:06:41,262,229,66,332,406,790,791
2016-02-09 21:06:42,267,230,66,333,407,790,791
2016-02-09 21:06:43,269,231,66,334,407,790,791
2016-02-09 21:06:44,269,232,66,334,407,790,791
2016-02-09 21:06:45,274,233,66,335,407,790,791
2016-02-09 21:06:46,279,234,66,336,408,790,791
2016-02-09 21:06:47,283,235,66,336,408,790,791
2016-02-09 21:06:48,286,236,66,337,408,790,791
2016-02-09 21:06:49,291,237,66,338,408,790,791
2016-02-09 21:06:50,292,238,66,339,409,790,791
2016-02-09 21:06:51,295,239,66,339,409,790,791
2016-02-09 21:06:52,298,240,66,340,409,790,791
2016-02-09 21:06:53,304,241,66,341,409,790,791
2016-02-09 21:06:54,309,242,66,342,410,790,791
2016-02-09 21:06:55,310,243,66,342,410,790,791
2016-02-09 21:06:56,315,244,66,343,410,790,791
2016-02-09 21:06:57,318,245,66,344,410,790,791
2016-02-09 21:06:58,324,246,66,344,410,790,791
2016-02-09 21:06:59,329,247,66,345,411,790,791
2016-02-09 21:07:00,332,248,66,346,411,790,791
2016-02-09 21:07:01,337,249,66,346,411,790,791
2016-02-09 21:07:02,341,250,66,347,411,790,791
2016-02-09 21:07:03,345,251,66,348,411,790,791
2016-02-09 21:07:04,349,252,66,348,412,790,791
2016-02-09 21:07:05,351,253,66,349,412,790,791
2016-02-09 21:07:06,352,254,66,350,412,790,791
2016-02-09 21:07:07,356,255,66,350,412,790,791
2016-02-09 21:07:08,362,256,66,351,413,790,791
2016-02-09 21:07:09,364,257,66,352,413,790,791
2016-02-09 21:07:10,366,258,66,352,413,790,791
2016-02-09 21:07:11,369,259,66,353,413,790,791
2016-02-09 21:07:12,372,260,66,354,413,790,791
2016-02-09 21:07:13,376,261,66,354,414,790,791
2016-02-09 21:07:14,380,262,66,355,414,790,791
2016-02-09 21:07:15,385,263,66,356,414,790,791
2016-02-09 21:07:16,388,264,66,357,414,790,791
2016-02-09 21:07:17,389,265,66,357,414,790,791
2016-02-09 21:07:18,394,266,66,358,414,790,791
2016-02-09 21:07:19,395,267,66,359,415,790,791
2016-02-09 21:07:20,397,268,66,359,415,790,791
2016-02-09 21:07:21,403,269,66,360,415,790,791
2016-02-09 21:07:22,407,271,66,360,415,790,791
2016-02-09 21:07:23,412,272,66,361,416,790,791
2016-02-09 21:07:24,416,273,66,362,416,790,791
2016-02-09 21:07:25,421,274,66,362,416,790,791
2016-02-09 21:07:26,425,275,66,363,416,790,791
2016-02-09 21:07:27,429,276,66,363,417,790,791
2016-02-09 21:07:28,435,277,66,364,417,790,791
2016-02-09 21:07:29,438,278,66,364,417,790,791
2016-02-09 21:07:30,442,279,66,365,417,790,791
2016-02-09 21:07:31,446,280,66,366,417,790,791
2016-02-09 21:07:32,447,281,66,366,418,790,791
2016-02-09 21:07:33,453,282,66,367,418,790,791
2016-02-09 21:07:34,454,283,66,368,418,790,791
2016-02-09 21:07:35,456,284,66,368,418,790,791
2016-02-09 21:07:36,462,285,66,369,419,790,791
2016-02-09 21:07:37,466,286,66,369,419,790,791
2016-02-09 21:07:38,470,287,66,370,419,790,791
2016-02-09 21:07:39,475,288,66,371,420,790,791
2016-02-09 21:07:40,478,289,66,371,420,790,791
2016-02-09 21:07:41,482,290,66,372,420,790,791
2016-02-09 21:07:42,487,291,66,373,420,790,791
2016-02-09 21:07:43,491,292,66,373,420,790,791
2016-02-09 21:07:44,495,293,66,374,421,790,791
2016-02-09 21:07:45,501,294,66,375,421,790,791
2016-02-09 21:07:46,504,295,66,375,421,790,791
2016-02-09 21:07:47,508,296,66,376,421,790,791
2016-02-09 21:07:48,512,297,66,376,421,790,791
2016-02-09 21:07:49,513,298,66,377,422,790,791
2016-02-09 21:07:50,519,299,66,377,422,790,791
2016-02-09 21:07:51,526,300,66,378,422,790,791
2016-02-09 21:07:52,529,301,66,378,422,790,791
2016-02-09 21:07:53,535,302,66,379,423,790,791
2016-02-09 21:07:54,538,303,66,380,423,790,791
2016-02-09 21:07:55,541,304,66,380,423,790,791
2016-02-09 21:07:56,546,305,66,381,423,790,791
2016-02-09 21:07:57,551,306,66,382,424,790,791
2016-02-09 21:07:58,555,307,66,382,424,790,791
2016-02-09 21:07:59,560,308,66,383,424,790,791
2016-02-09 21:08:00,563,309,66,383,424,790,791
2016-02-09 21:08:01,564,310,66,384,425,790,791
2016-02-09 21:08:02,568,311,66,384,425,790,791
2016-02-09 21:08:03,570,312,66,385,425,790,791
2016-02-09 21:08:04,576,313,66,385,425,790,791
2016-02-09 21:08:05,579,314,66,386,425,790,791
2016-02-09 21:08:06,585,315,66,387,426,790,791
2016-02-09 21:08:07,587,316,66,387,426,790,791
2016-02-09 21:08:08,588,317,66,388,426,790,791
2016-02-09 21:08:09,594,318,66,388,426,790,791
2016-02-09 21:08:10,594,319,66,389,426,790,791
2016-02-09 21:08:11,595,320,66,390,427,790,791
2016-02-09 21:08:12,601,321,66,390,427,790,791
2016-02-09 21:08:13,601,322,66,391,427,790,791
2016-02-09 21:08:14,603,323,66,391,427,790,791
2016-02-09 21:08:15,609,324,66,392,428,790,791
2016-02-09 21:08:16,614,325,66,392,428,790,791
2016-02-09 21:08:17,618,326,66,393,428,790,791
2016-02-09 21:08:18,624,327,66,394,429,790,791
2016-02-09 21:08:19,626,328,66,394,429,790,791
2016-02-09 21:08:20,631,329,66,395,429,790,791
2016-02-09 21:08:21,635,330,66,395,430,790,791
2016-02-09 21:08:22,636,331,66,396,430,790,791
2016-02-09 21:08:23,638,332,66,397,431,790,791
2016-02-09 21:08:24,642,333,66,397,431,790,791
2016-02-09 21:08:25,646,334,66,398,431,790,791
2016-02-09 21:08:26,650,335,66,398,432,790,791
2016-02-09 21:08:27,653,336,66,399,432,790,791
2016-02-09 21:08:28,659,337,66,399,432,790,791
2016-02-09 21:08:29,660,338,66,400,433,790,791
2016-02-09 21:08:30,663,339,66,400,433,790,791
2016-02-09 21:08:31,666,340,66,401,433,790,791
2016-02-09 21:08:32,671,341,66,401,433,790,791
2016-02-09 21:08:33,674,342,66,402,434,790,791
2016-02-09 21:08:34,675,343,66,403,434,790,791
2016-02-09 21:08:35,680,344,66,403,434,790,791
2016-02-09 21:08:36,681,345,66,404,435,790,791
2016-02-09 21:08:37,686,346,66,405,435,790,791
2016-02-09 21:08:38,691,347,66,405,436,790,791
2016-02-09 21:08:39,693,348,66,406,436,790,791
2016-02-09 21:08:40,698,349,66,406,436,790,791
2016-02-09 21:08:41,699,350,66,407,437,790,791
2016-02-09 21:08:42,702,351,66,407,437,790,791
2016-02-09 21:08:43,707,352,66,408,437,790,791
2016-02-09 21:08:44,708,353,66,408,437,790,791
2016-02-09 21:08:45,713,354,66,409,437,790,791
2016-02-09 21:08:46,715,355,66,409,438,790,791
2016-02-09 21:08:47,718,356,66,410,438,790,791
2016-02-09 21:08:48,720,357,66,410,438,790,791
2016-02-09 21:08:49,724,358,66,411,438,790,791
2016-02-09 21:08:50,729,359,66,411,438,790,791
2016-02-09 21:08:51,729,360,66,412,439,790,791
2016-02-09 21:08:52,731,361,66,412,439,790,791
2016-02-09 21:08:53,736,362,66,413,439,790,791
2016-02-09 21:08:54,739,363,66,414,439,790,791
2016-02-09 21:08:55,744,364,66,414,439,790,791
2016-02-09 21:08:56,745,365,66,415,439,790,791
2016-02-09 21:08:57,746,366,66,415,439,790,791
2016-02-09 21:08:58,751,367,66,415,439,790,791
2016-02-09 21:08:59,754,368,66,416,439,790,791
2016-02-09 21:09:00,759,369,66,416,440,790,791
2016-02-09 21:09:01,760,370,66,417,440,790,791
2016-02-09 21:09:02,766,371,66,418,440,790,791
2016-02-09 21:09:03,766,372,66,418,440,790,791
2016-02-09 21:09:04,770,373,66,419,440,790,791
2016-02-09 21:09:05,775,374,66,419,440,790,791
2016-02-09 21:09:06,776,375,66,420,440,790,791
2016-02-09 21:09:07,779,376,66,420,440,790,791
2016-02-09 21:09:08,782,377,66,421,440,790,791
2016-02-09 21:09:09,784,378,66,421,440,790,791
2016-02-09 21:09:10,785,379,66,422,441,790,791
2016-02-09 21:09:11,789,380,66,422,441,790,791
2016-02-09 21:09:12,794,381,66,423,441,790,791
2016-02-09 21:09:13,797,382,66,423,441,790,791
2016-02-09 21:09:14,800,383,66,424,441,790,791
2016-02-09 21:09:15,806,384,66,424,441,790,791
2016-02-09 21:09:16,806,385,66,425,441,790,791
2016-02-09 21:09:17,809,386,66,425,441,790,791
2016-02-09 21:09:18,812,387,66,426,441,790,791
2016-02-09 21:09:19,818,388,66,426,442,790,791
2016-02-09 21:09:20,821,389,66,427,442,790,791
2016-02-09 21:09:21,823,390,66,427,442,790,791
2016-02-09 21:09:22,828,391,66,428,442,790,791
2016-02-09 21:09:23,834,392,66,428,442,790,791
2016-02-09 21:09:24,838,393,66,429,442,790,791
2016-02-09 21:09:25,843,394,66,429,443,790,791
2016-02-09 21:09:26,846,395,66,430,443,790,791
2016-02-09 21:09:27,850,396,66,430,443,790,791
2016-02-09 21:09:28,855,397,66,431,443,790,791
2016-02-09 21:09:29,858,398,66,431,442,790,791
2016-02-09 21:09:30,863,399,66,432,442,790,791
2016-02-09 21:09:31,869,400,66,432,442,790,791
2016-02-09 21:09:32,872,401,66,433,442,790,791
2016-02-09 21:09:33,875,402,66,433,442,790,791
2016-02-09 21:09:34,880,403,66,434,442,790,791
2016-02-09 21:09:35,882,404,66,434,442,790,791
2016-02-09 21:09:36,884,405,66,435,443,790,791
2016-02-09 21:09:37,887,406,66,435,443,790,791
2016-02-09 21:09:38,890,407,66,435,443,790,791
2016-02-09 21:09:39,895,408,66,436,443,790,791
2016-02-09 21:09:40,897,409,66,436,443,790,791
2016-02-09 21:09:41,898,410,66,437,443,790,791
2016-02-09 21:09:42,903,411,66,437,443,790,791
2016-02-09 21:09:43,906,412,66,438,443,790,791
2016-02-09 21:09:44,911,413,66,438,444,790,791
2016-02-09 21:09:45,912,414,66,439,444,790,791
2016-02-09 21:09:46,915,415,66,439,444,790,791
2016-02-09 21:09:47,918,416,66,440,444,790,791
2016-02-09 21:09:48,921,417,66,440,444,790,791
2016-02-09 21:09:49,926,418,66,440,444,790,791
2016-02-09 21:09:50,927,419,66,441,445,790,791
2016-02-09 21:09:51,928,420,66,441,445,790,791
2016-02-09 21:09:52,933,421,66,442,445,790,791
2016-02-09 21:09:53,937,422,66,442,445,790,791
2016-02-09 21:09:54,942,423,66,443,445,790,791
2016-02-09 21:09:55,943,424,66,443,446,790,791
2016-02-09 21:09:56,944,425,66,444,446,790,791
2016-02-09 21:09:57,949,426,66,444,446,790,791
2016-02-09 21:09:58,952,427,66,444,446,790,791
2016-02-09 21:09:59,957,428,66,445,447,790,791
2016-02-09 21:10:00,962,429,66,445,447,790,791
2016-02-09 21:10:01,966,430,66,446,447,790,791
2016-02-09 21:10:02,971,431,66,446,447,790,791
2016-02-09 21:10:03,974,432,66,447,447,790,791
2016-02-09 21:10:04,979,433,66,447,448,790,791
2016-02-09 21:10:05,983,434,66,448,448,790,791
2016-02-09 21:10:06,988,435,66,448,448,790,791
2016-02-09 21:10:07,991,436,66,448,448,790,791
2016-02-09 21:10:08,993,437,66,449,448,790,791
2016-02-09 21:10:09,994,438,66,449,449,790,791
2016-02-09 21:10:10,998,439,66,450,449,790,791
2016-02-09 21:10:12,004,440,66,450,449,790,791
2016-02-09 21:10:13,006,441,66,450,449,790,791
2016-02-09 21:10:14,012,442,66,451,449,790,791
2016-02-09 21:10:15,015,443,66,451,449,790,791
2016-02-09 21:10:16,021,444,66,452,450,790,791
2016-02-09 21:10:17,024,445,66,452,450,790,791
2016-02-09 21:10:18,025,446,66,453,450,790,791
2016-02-09 21:10:19,026,447,66,453,450,790,791
2016-02-09 21:10:20,030,448,66,453,450,790,791
2016-02-09 21:10:21,033,449,66,454,450,790,791
2016-02-09 21:10:22,038,450,66,454,450,790,791
2016-02-09 21:10:23,042,451,66,455,451,790,791
2016-02-09 21:10:24,047,452,66,455,451,790,791
2016-02-09 21:10:25,049,453,66,455,451,790,791
2016-02-09 21:10:26,055,454,66,456,451,790,791
2016-02-09 21:10:27,060,455,66,456,451,790,791
2016-02-09 21:10:28,064,456,66,457,451,790,791
2016-02-09 21:10:29,070,457,66,457,451,790,791
2016-02-09 21:10:30,073,458,66,457,452,790,791
2016-02-09 21:10:31,078,459,66,458,452,790,791
2016-02-09 21:10:32,082,460,66,458,452,790,791
2016-02-09 21:10:33,088,461,66,459,452,790,791
2016-02-09 21:10:34,090,462,66,459,452,790,791
2016-02-09 21:10:35,095,463,66,460,452,790,791
2016-02-09 21:10:36,098,464,66,460,453,790,791
2016-02-09 21:10:37,102,465,66,460,453,790,791
2016-02-09 21:10:38,108,466,66,461,453,790,791
2016-02-09 21:10:39,108,467,66,461,453,790,791
2016-02-09 21:10:40,110,468,66,462,452,790,791
2016-02-09 21:10:41,113,469,66,462,452,790,791
2016-02-09 21:10:42,114,470,66,462,452,790,791
2016-02-09 21:10:43,118,471,66,463,452,790,791
2016-02-09 21:10:44,121,472,66,463,453,790,791
2016-02-09 21:10:45,125,473,66,464,453,790,791
2016-02-09 21:10:46,129,474,66,464,453,790,791
2016-02-09 21:10:47,133,475,66,464,453,790,791
2016-02-09 21:10:48,138,476,66,465,454,790,791
2016-02-09 21:10:49,143,477,66,465,454,790,791
2016-02-09 21:10:50,146,478,66,466,454,790,791
2016-02-09 21:10:51,149,479,66,466,455,790,791
2016-02-09 21:10:52,155,480,66,466,455,790,791
2016-02-09 21:10:53,160,481,66,467,455,790,791
2016-02-09 21:10:54,163,482,66,467,455,790,791
2016-02-09 21:10:55,165,483,66,468,455,790,791
2016-02-09 21:10:56,167,484,66,468,456,790,791
2016-02-09 21:10:57,170,485,66,468,456,790,791
2016-02-09 21:10:58,176,486,66,469,456,790,791
2016-02-09 21:10:59,178,487,66,469,456,790,791
2016-02-09 21:11:00,184,488,66,470,456,790,791
2016-02-09 21:11:01,187,489,66,470,457,790,791
2016-02-09 21:11:02,187,490,66,470,457,790,791
2016-02-09 21:11:03,191,491,66,471,457,790,791
2016-02-09 21:11:04,194,492,66,471,457,790,791
2016-02-09 21:11:05,197,493,66,472,457,790,791
2016-02-09 21:11:06,202,494,66,472,457,790,791
2016-02-09 21:11:07,208,495,66,473,458,790,791
2016-02-09 21:11:08,211,496,66,473,458,790,791
2016-02-09 21:11:09,216,497,66,473,458,790,791
2016-02-09 21:11:10,219,498,66,474,458,790,791
2016-02-09 21:11:11,223,499,66,474,458,790,791
2016-02-09 21:11:12,227,500,66,475,459,790,791
2016-02-09 21:11:13,229,501,66,475,459,790,791
2016-02-09 21:11:14,231,502,66,475,459,790,791
2016-02-09 21:11:15,234,503,66,476,459,790,791
2016-02-09 21:11:16,238,504,66,476,459,790,791
2016-02-09 21:11:17,243,505,66,477,460,790,791
2016-02-09 21:11:18,244,506,66,477,460,790,791
2016-02-09 21:11:19,244,507,66,477,460,790,791
2016-02-09 21:11:20,250,508,66,478,460,790,791
2016-02-09 21:11:21,254,509,66,478,460,790,791
2016-02-09 21:11:22,258,510,66,478,460,790,791
2016-02-09 21:11:23,261,511,66,479,461,790,791
2016-02-09 21:11:24,266,512,66,479,461,790,791
2016-02-09 21:11:25,270,513,66,480,461,790,791
2016-02-09 21:11:26,275,514,66,480,461,790,791
2016-02-09 21:11:27,281,515,66,481,462,790,791
2016-02-09 21:11:28,286,516,66,481,462,790,791
2016-02-09 21:11:29,287,517,66,481,462,790,791
2016-02-09 21:11:30,292,518,66,482,462,790,791
2016-02-09 21:11:31,298,519,66,482,462,790,791
2016-02-09 21:11:32,303,520,66,483,463,790,791
2016-02-09 21:11:33,304,521,66,483,463,790,791
2016-02-09 21:11:34,309,522,66,483,463,790,791
2016-02-09 21:11:35,313,523,66,484,463,790,791
2016-02-09 21:11:36,318,524,66,484,463,790,791
2016-02-09 21:11:37,318,525,66,485,463,790,791
2016-02-09 21:11:38,320,526,66,485,463,790,791
2016-02-09 21:11:39,325,527,66,485,464,790,791
2016-02-09 21:11:40,327,528,66,486,464,790,791
2016-02-09 21:11:41,332,529,66,486,464,790,791
2016-02-09 21:11:42,335,530,66,487,465,790,791
2016-02-09 21:11:43,341,531,66,487,465,790,791
2016-02-09 21:11:44,346,532,66,487,465,790,791
2016-02-09 21:11:45,350,533,66,488,465,790,791
2016-02-09 21:11:46,355,534,67,488,465,790,791
2016-02-09 21:11:47,359,535,66,489,466,790,791
2016-02-09 21:11:48,364,536,66,489,466,790,791
2016-02-09 21:11:49,367,537,67,490,466,790,791
2016-02-09 21:11:50,368,538,67,490,467,790,791
2016-02-09 21:11:51,373,539,66,490,467,790,791
2016-02-09 21:11:52,374,540,66,491,467,790,791
2016-02-09 21:11:53,378,541,66,491,467,790,791
2016-02-09 21:11:54,382,542,66,492,468,790,791
2016-02-09 21:11:55,387,543,67,492,468,790,791
2016-02-09 21:11:56,391,544,67,492,468,790,791
2016-02-09 21:11:57,396,545,66,493,468,790,791
2016-02-09 21:11:58,399,546,66,493,469,790,791
2016-02-09 21:11:59,401,547,67,494,469,790,791
2016-02-09 21:12:00,407,549,66,494,469,790,791
2016-02-09 21:12:01,410,550,66,494,469,790,791
2016-02-09 21:12:02,413,551,66,495,469,790,791
2016-02-09 21:12:03,414,552,66,495,470,790,791
2016-02-09 21:12:04,419,553,67,496,470,790,791
2016-02-09 21:12:05,423,554,66,496,470,790,790
2016-02-09 21:12:06,425,555,67,497,470,790,791
2016-02-09 21:12:07,431,556,66,497,470,790,791
2016-02-09 21:12:08,431,557,66,498,470,790,791
2016-02-09 21:12:09,434,558,66,498,471,790,791
2016-02-09 21:12:10,438,559,66,498,471,790,790
2016-02-09 21:12:11,440,560,66,499,471,790,791
2016-02-09 21:12:12,444,561,66,499,472,790,791
2016-02-09 21:12:13,445,562,66,500,472,790,791
2016-02-09 21:12:14,446,563,66,500,472,790,791
2016-02-09 21:12:15,450,564,67,501,473,790,791
2016-02-09 21:12:16,452,565,67,501,473,790,791
2016-02-09 21:12:17,458,566,66,501,473,790,791
2016-02-09 21:12:18,461,567,66,502,473,790,791
2016-02-09 21:12:19,462,568,66,502,474,790,791
2016-02-09 21:12:20,465,569,67,502,474,790,791
2016-02-09 21:12:21,467,570,66,503,474,790,791
2016-02-09 21:12:22,469,571,67,503,475,790,791
2016-02-09 21:12:23,474,572,67,504,475,790,791
2016-02-09 21:12:24,475,573,66,504,475,790,791
2016-02-09 21:12:25,479,574,67,504,476,790,791
2016-02-09 21:12:26,483,575,67,505,476,790,791
2016-02-09 21:12:27,487,576,67,505,476,790,791
2016-02-09 21:12:28,492,577,66,505,476,790,790
2016-02-09 21:12:29,492,578,67,506,477,790,791
2016-02-09 21:12:30,493,579,66,506,477,790,790
2016-02-09 21:12:31,498,580,67,507,477,790,791
2016-02-09 21:12:32,501,581,67,507,477,790,790
2016-02-09 21:12:33,506,582,66,507,478,790,790
2016-02-09 21:12:34,509,583,67,508,478,790,790
2016-02-09 21:12:35,515,584,67,508,479,790,790
2016-02-09 21:12:36,517,585,67,508,479,790,790
2016-02-09 21:12:37,518,586,67,509,479,790,790
2016-02-09 21:12:38,522,587,67,509,480,790,790
2016-02-09 21:12:39,525,588,67,509,480,790,790
2016-02-09 21:12:40,530,589,67,509,480,790,790
2016-02-09 21:12:41,533,590,67,510,481,790,790
2016-02-09 21:12:42,533,591,66,510,481,790,790
2016-02-09 21:12:43,538,592,67,510,481,790,790
2016-02-09 21:12:44,541,593,67,511,481,790,790
2016-02-09 21:12:45,546,594,67,511,482,790,790
2016-02-09 21:12:46,549,595,67,511,482,790,790
2016-02-09 21:12:47,555,596,67,511,482,790,790
2016-02-09 21:12:48,555,597,67,512,482,790,790
2016-02-09 21:12:49,557,598,67,512,482,790,790
2016-02-09 21:12:50,561,599,67,512,482,790,790
2016-02-09 21:12:51,563,600,67,513,482,790,790
2016-02-09 21:12:52,564,601,67,513,481,790,790
2016-02-09 21:12:53,568,602,67,513,481,790,790
2016-02-09 21:12:54,570,603,67,513,481,790,790
2016-02-09 21:12:55,572,604,67,514,480,790,790
2016-02-09 21:12:56,576,605,67,514,480,790,790
2016-02-09 21:12:57,580,606,67,514,479,790,790
2016-02-09 21:12:58,584,607,67,514,479,790,790
2016-02-09 21:12:59,588,608,67,515,479,790,790
2016-02-09 21:13:00,592,609,67,515,478,790,790
2016-02-09 21:13:01,594,610,67,515,478,790,790
2016-02-09 21:13:02,597,611,67,516,477,790,791
2016-02-09 21:13:03,599,612,67,516,477,790,790
2016-02-09 21:13:04,601,613,67,516,476,790,790
2016-02-09 21:13:05,607,614,67,517,475,790,790
2016-02-09 21:13:06,609,615,67,517,475,790,790
2016-02-09 21:13:07,615,616,67,517,474,790,790
2016-02-09 21:13:08,620,617,67,517,473,790,790
2016-02-09 21:13:09,624,618,67,517,473,790,790
2016-02-09 21:13:10,625,619,67,517,472,790,790
2016-02-09 21:13:11,628,620,67,518,472,790,790
2016-02-09 21:13:12,631,621,67,518,471,790,790
2016-02-09 21:13:13,636,622,67,518,471,790,790
2016-02-09 21:13:14,640,623,67,518,470,790,790
2016-02-09 21:13:15,646,624,67,519,470,790,790
2016-02-09 21:13:16,649,625,67,519,469,790,790
2016-02-09 21:13:17,651,626,67,519,469,790,790
2016-02-09 21:13:18,657,627,67,519,468,790,790
2016-02-09 21:13:19,658,628,67,519,468,790,790
2016-02-09 21:13:20,661,629,67,519,467,790,790
2016-02-09 21:13:21,664,630,67,520,467,790,790
2016-02-09 21:13:22,667,631,67,520,466,790,790
2016-02-09 21:13:23,672,632,67,520,466,790,790
2016-02-09 21:13:24,676,633,67,520,465,790,791
2016-02-09 21:13:25,681,634,67,520,465,790,790
2016-02-09 21:13:26,685,635,67,520,464,790,790
2016-02-09 21:13:27,689,636,67,521,464,790,790
2016-02-09 21:13:28,694,637,67,521,463,790,790
2016-02-09 21:13:29,698,638,67,521,463,790,790
2016-02-09 21:13:30,701,639,67,521,463,790,790
2016-02-09 21:13:31,706,640,67,521,462,790,790
2016-02-09 21:13:32,708,641,67,521,462,790,790
2016-02-09 21:13:33,709,642,67,521,461,790,790
2016-02-09 21:13:34,713,643,67,522,461,790,790
2016-02-09 21:13:35,718,644,67,522,461,790,790
2016-02-09 21:13:36,722,645,67,522,460,790,790
2016-02-09 21:13:37,727,646,67,522,460,790,790
2016-02-09 21:13:38,730,647,67,522,460,790,790
2016-02-09 21:13:39,731,648,67,523,460,790,790
2016-02-09 21:13:40,737,649,67,523,459,790,790
2016-02-09 21:13:41,738,650,67,523,459,790,790
2016-02-09 21:13:42,738,651,67,523,459,790,790
2016-02-09 21:13:43,742,652,67,523,459,790,790
2016-02-09 21:13:44,744,653,67,523,458,790,790
2016-02-09 21:13:45,746,654,67,524,458,790,790
2016-02-09 21:13:46,746,655,67,524,458,790,790
2016-02-09 21:13:47,751,656,67,524,458,790,790
2016-02-09 21:13:48,752,657,67,524,458,790,790
2016-02-09 21:13:49,757,658,67,524,457,790,790
2016-02-09 21:13:50,758,659,67,524,457,790,790
2016-02-09 21:13:51,764,660,67,525,457,790,790
2016-02-09 21:13:52,766,661,67,525,457,790,790
2016-02-09 21:13:53,770,662,67,525,457,790,790
2016-02-09 21:13:54,775,663,67,525,457,790,790
2016-02-09 21:13:55,777,664,67,525,456,790,790
2016-02-09 21:13:56,783,665,67,525,456,790,790
2016-02-09 21:13:57,788,666,67,525,456,790,790
2016-02-09 21:13:58,791,667,67,526,455,790,790
2016-02-09 21:13:59,797,668,67,526,455,790,790
2016-02-09 21:14:00,800,669,67,526,455,790,790
2016-02-09 21:14:01,806,670,67,526,455,790,790
2016-02-09 21:14:02,808,671,67,526,455,790,790
2016-02-09 21:14:03,811,672,67,526,454,790,790
2016-02-09 21:14:04,817,673,67,526,454,790,790
2016-02-09 21:14:05,822,674,67,527,454,790,791
2016-02-09 21:14:06,825,675,67,527,454,790,790
2016-02-09 21:14:07,830,676,67,527,454,790,790
2016-02-09 21:14:08,834,677,67,527,454,790,790
2016-02-09 21:14:09,838,678,67,527,454,790,790
2016-02-09 21:14:10,843,679,67,527,454,790,790
2016-02-09 21:14:11,848,680,67,527,453,790,790
2016-02-09 21:14:12,851,681,67,526,453,790,790
2016-02-09 21:14:13,857,682,67,525,453,790,790
2016-02-09 21:14:14,859,683,67,524,453,790,790
2016-02-09 21:14:15,860,684,67,522,453,790,790
2016-02-09 21:14:16,862,685,67,520,452,790,790
2016-02-09 21:14:17,866,686,67,518,452,790,790
2016-02-09 21:14:18,872,687,67,516,451,790,790
2016-02-09 21:14:19,875,688,67,514,450,790,790
2016-02-09 21:14:20,880,689,67,514,450,790,790
2016-02-09 21:14:21,883,690,67,515,450,790,790
2016-02-09 21:14:22,889,691,67,516,450,790,790
2016-02-09 21:14:23,892,692,67,518,450,790,790
2016-02-09 21:14:24,897,693,67,519,451,790,790
2016-02-09 21:14:25,900,694,67,521,451,790,790
2016-02-09 21:14:26,901,695,67,522,451,790,790
2016-02-09 21:14:27,904,696,67,523,451,790,790
2016-02-09 21:14:28,907,697,67,524,452,790,790
2016-02-09 21:14:29,911,698,67,526,452,790,790
2016-02-09 21:14:30,916,699,67,527,452,790,790
2016-02-09 21:14:31,920,700,67,528,452,790,790
2016-02-09 21:14:32,924,701,67,529,452,790,790
2016-02-09 21:14:33,925,702,67,530,452,790,790
2016-02-09 21:14:34,930,703,67,531,453,790,790
2016-02-09 21:14:35,931,704,67,532,453,790,790
2016-02-09 21:14:36,932,705,67,533,453,790,790
2016-02-09 21:14:37,936,706,67,534,453,790,790
2016-02-09 21:14:38,938,707,67,534,453,790,790
2016-02-09 21:14:39,940,708,67,535,454,790,790
2016-02-09 21:14:40,946,709,67,536,454,790,790
2016-02-09 21:14:41,951,710,67,537,454,790,790
2016-02-09 21:14:42,955,711,67,538,454,790,790
2016-02-09 21:14:43,955,712,67,538,454,790,790
2016-02-09 21:14:44,960,713,67,539,454,790,790
2016-02-09 21:14:45,962,714,67,540,454,790,790
2016-02-09 21:14:46,966,715,67,541,454,790,790
2016-02-09 21:14:47,970,716,67,541,454,790,790
2016-02-09 21:14:48,972,717,67,542,454,790,790
2016-02-09 21:14:49,975,718,67,542,454,790,790
2016-02-09 21:14:50,977,719,67,543,454,790,790
2016-02-09 21:14:51,981,720,67,544,454,790,790
2016-02-09 21:14:52,986,721,67,544,454,790,790
2016-02-09 21:14:53,987,722,67,545,454,790,790
2016-02-09 21:14:54,991,723,67,545,454,790,790
2016-02-09 21:14:55,992,724,67,545,454,790,790
2016-02-09 21:14:56,997,725,67,546,454,790,790
2016-02-09 21:14:58,001,726,67,546,454,790,790
2016-02-09 21:14:59,003,727,67,546,454,790,790
2016-02-09 21:15:00,011,728,67,547,454,790,790
2016-02-09 21:15:01,016,729,67,547,454,790,790
2016-02-09 21:15:02,018,730,67,547,454,790,790
2016-02-09 21:15:03,023,731,67,546,454,790,790
2016-02-09 21:15:04,026,732,67,546,454,790,790
2016-02-09 21:15:05,028,733,67,546,454,790,790
2016-02-09 21:15:06,034,734,67,546,453,790,790
2016-02-09 21:15:07,035,735,67,546,453,790,790
2016-02-09 21:15:08,041,736,67,545,453,790,790
2016-02-09 21:15:09,042,737,67,545,453,790,790
2016-02-09 21:15:10,044,738,67,545,452,790,790
2016-02-09 21:15:11,049,739,67,545,452,790,790
2016-02-09 21:15:12,055,740,67,544,452,790,790
2016-02-09 21:15:13,059,741,67,544,452,790,790
2016-02-09 21:15:14,064,742,67,544,451,790,790
2016-02-09 21:15:15,067,743,67,543,451,790,790
2016-02-09 21:15:16,071,744,67,543,451,790,790
2016-02-09 21:15:17,076,745,67,543,451,790,790
2016-02-09 21:15:18,078,746,67,543,451,790,790
2016-02-09 21:15:19,083,747,67,542,451,790,790
2016-02-09 21:15:20,084,748,67,542,451,790,790
2016-02-09 21:15:21,087,749,67,542,450,790,790
2016-02-09 21:15:22,092,750,67,542,450,790,790
2016-02-09 21:15:23,095,751,67,541,450,790,790
2016-02-09 21:15:24,099,752,67,541,450,790,790
2016-02-09 21:15:25,105,753,67,541,450,790,790
2016-02-09 21:15:26,108,754,67,541,449,790,790
2016-02-09 21:15:27,113,755,67,540,449,790,790
2016-02-09 21:15:28,117,756,67,540,449,790,790
2016-02-09 21:15:29,121,757,67,540,449,790,790
2016-02-09 21:15:30,125,758,67,540,449,790,790
2016-02-09 21:15:31,131,759,67,539,449,790,790
2016-02-09 21:15:32,135,760,67,539,448,790,790
2016-02-09 21:15:33,136,761,67,539,448,790,790
2016-02-09 21:15:34,141,762,67,539,448,790,790
2016-02-09 21:15:35,147,763,67,539,448,790,790
2016-02-09 21:15:36,150,764,67,538,448,790,790
2016-02-09 21:15:37,153,765,67,538,447,790,790
2016-02-09 21:15:38,155,766,67,538,447,790,790
2016-02-09 21:15:39,157,767,67,538,447,790,790
2016-02-09 21:15:40,160,768,67,537,447,790,790
2016-02-09 21:15:41,166,769,67,537,447,790,790
2016-02-09 21:15:42,168,770,67,537,446,790,790
2016-02-09 21:15:43,173,771,67,537,446,790,790
2016-02-09 21:15:44,174,772,67,536,446,790,790
2016-02-09 21:15:45,177,773,67,536,446,790,790
2016-02-09 21:15:46,181,774,67,536,446,790,790
2016-02-09 21:15:47,183,775,67,536,446,790,790
2016-02-09 21:15:48,189,776,67,536,445,790,790
2016-02-09 21:15:49,190,777,67,536,445,790,790
2016-02-09 21:15:50,192,778,67,535,445,790,790
2016-02-09 21:15:51,197,779,67,535,445,790,790
2016-02-09 21:15:52,199,780,67,535,445,790,790
2016-02-09 21:15:53,204,781,67,535,445,790,790
2016-02-09 21:15:54,205,782,67,535,445,790,790
2016-02-09 21:15:55,208,783,67,535,444,790,790
2016-02-09 21:15:56,212,784,67,535,444,790,790
2016-02-09 21:15:57,214,785,67,534,444,790,790
2016-02-09 21:15:58,220,786,67,534,444,790,790
2016-02-09 21:15:59,221,787,67,534,444,790,790
2016-02-09 21:16:00,224,788,67,534,444,790,790
2016-02-09 21:16:01,227,789,67,534,443,790,790
2016-02-09 21:16:02,230,790,67,533,443,790,790
2016-02-09 21:16:03,235,791,67,533,443,790,790
2016-02-09 21:16:04,238,792,67,533,443,790,790
2016-02-09 21:16:05,239,793,67,533,443,790,790
2016-02-09 21:16:06,243,794,67,533,443,790,790
2016-02-09 21:16:07,244,795,67,532,443,790,790
2016-02-09 21:16:08,249,796,67,532,442,790,790
2016-02-09 21:16:09,250,797,67,532,442,790,790
2016-02-09 21:16:10,253,798,67,532,442,790,790
2016-02-09 21:16:11,258,799,67,531,442,790,790
2016-02-09 21:16:12,260,800,67,531,442,790,790
2016-02-09 21:16:13,261,801,67,531,442,790,790
2016-02-09 21:16:14,265,802,67,531,442,790,790
2016-02-09 21:16:15,270,803,67,531,442,790,790
2016-02-09 21:16:16,273,804,67,531,442,790,790
2016-02-09 21:16:17,276,805,67,531,442,790,790
2016-02-09 21:16:18,281,806,67,531,441,790,790
2016-02-09 21:16:19,282,807,67,530,441,790,790
2016-02-09 21:16:20,284,808,67,530,441,790,790
2016-02-09 21:16:21,289,809,67,530,441,790,790
2016-02-09 21:16:22,291,810,67,530,441,790,790
2016-02-09 21:16:23,296,811,67,530,441,790,790
2016-02-09 21:16:24,297,812,67,529,441,790,790
2016-02-09 21:16:25,299,813,67,529,441,790,790
2016-02-09 21:16:26,304,814,67,529,440,790,790
2016-02-09 21:16:27,305,815,67,529,440,790,790
2016-02-09 21:16:28,307,816,67,529,440,790,790
2016-02-09 21:16:29,311,817,67,529,440,790,790
2016-02-09 21:16:30,316,818,67,528,440,790,790
2016-02-09 21:16:31,319,819,67,528,440,790,790
2016-02-09 21:16:32,320,820,67,528,440,790,790
2016-02-09 21:16:33,322,821,67,528,439,790,790
2016-02-09 21:16:34,326,822,67,528,439,790,790
2016-02-09 21:16:35,328,823,67,528,439,790,790
2016-02-09 21:16:36,332,824,67,527,439,790,790
2016-02-09 21:16:37,338,825,67,527,439,790,790
2016-02-09 21:16:38,343,826,67,527,439,790,790
2016-02-09 21:16:39,348,827,67,527,439,790,790
2016-02-09 21:16:40,352,828,67,527,439,790,790
2016-02-09 21:16:41,357,829,67,527,439,790,790
2016-02-09 21:16:42,360,830,67,527,439,790,790
2016-02-09 21:16:43,363,831,67,527,438,790,790
2016-02-09 21:16:44,369,832,67,527,439,790,790
2016-02-09 21:16:45,371,833,67,527,438,790,790
2016-02-09 21:16:46,377,834,67,526,438,790,790
2016-02-09 21:16:47,382,835,67,526,438,790,790
2016-02-09 21:16:48,386,836,67,526,438,790,790
2016-02-09 21:16:49,387,837,67,526,438,790,790
2016-02-09 21:16:50,392,838,67,526,438,790,790
2016-02-09 21:16:51,394,839,67,526,438,790,790
2016-02-09 21:16:52,399,840,67,526,438,790,790
2016-02-09 21:16:53,401,841,67,526,438,790,790
2016-02-09 21:16:54,402,842,67,526,438,790,790
2016-02-09 21:16:55,407,844,67,525,437,790,790
2016-02-09 21:16:56,408,845,67,525,437,790,790
2016-02-09 21:16:57,412,846,67,525,437,790,790
2016-02-09 21:16:58,417,847,67,525,437,790,790
2016-02-09 21:16:59,421,848,67,525,437,790,790
2016-02-09 21:17:00,425,849,67,525,437,790,790
2016-02-09 21:17:01,427,850,67,525,437,790,790
2016-02-09 21:17:02,433,851,67,525,437,790,790
2016-02-09 21:17:03,433,852,67,525,437,790,790
2016-02-09 21:17:04,436,853,67,525,437,790,790
2016-02-09 21:17:05,441,854,67,525,437,790,790
2016-02-09 21:17:06,444,855,67,524,436,790,790
2016-02-09 21:17:07,449,856,67,524,436,790,790
2016-02-09 21:17:08,451,857,67,524,436,790,790
2016-02-09 21:17:09,457,858,67,524,436,790,790
2016-02-09 21:17:10,458,859,67,524,436,790,790
