2017-02-20 19:50:23,890,coffee,datetime,ms,seconds,ambient_temp,thermocouple_0_temp,thermocouple_1_temp,thermocouple_2_temp,thermocouple_3_temp
2017-02-20 19:50:26,063,2,74,520,462,785,786
2017-02-20 19:50:27,065,3,74,512,456,785,786
2017-02-20 19:50:28,071,4,74,502,450,785,786
2017-02-20 19:50:29,077,5,74,490,444,785,786
2017-02-20 19:50:30,081,6,74,477,438,785,786
2017-02-20 19:50:31,084,7,74,465,432,785,786
2017-02-20 19:50:32,089,8,74,454,425,785,786
2017-02-20 19:50:33,094,9,74,443,422,785,786
2017-02-20 19:50:34,097,10,74,434,420,785,786
2017-02-20 19:50:35,100,11,74,424,418,786,786
2017-02-20 19:50:36,103,12,74,415,417,786,786
2017-02-20 19:50:37,106,13,74,406,415,785,786
2017-02-20 19:50:38,109,14,74,397,413,786,786
2017-02-20 19:50:39,112,15,74,388,412,785,786
2017-02-20 19:50:40,115,16,74,381,411,785,786
2017-02-20 19:50:41,118,17,74,373,409,785,786
2017-02-20 19:50:42,121,18,74,366,408,785,786
2017-02-20 19:50:43,125,19,74,359,407,785,786
2017-02-20 19:50:44,127,20,74,352,406,785,786
2017-02-20 19:50:45,130,21,74,346,405,785,786
2017-02-20 19:50:46,134,22,74,340,404,785,786
2017-02-20 19:50:47,137,23,74,334,403,785,786
2017-02-20 19:50:48,140,24,74,328,402,785,786
2017-02-20 19:50:49,143,25,74,323,401,785,786
2017-02-20 19:50:50,146,26,74,317,400,785,786
2017-02-20 19:50:51,149,27,74,313,400,785,786
2017-02-20 19:50:52,152,28,74,308,399,785,786
2017-02-20 19:50:53,154,29,74,303,398,785,786
2017-02-20 19:50:54,155,30,74,299,398,785,786
2017-02-20 19:50:55,157,31,74,295,397,785,786
2017-02-20 19:50:56,163,32,74,291,396,785,786
2017-02-20 19:50:57,168,33,74,287,396,786,786
2017-02-20 19:50:58,168,34,74,284,395,785,786
2017-02-20 19:50:59,174,35,74,280,395,785,786
2017-02-20 19:51:00,177,36,74,277,395,785,786
2017-02-20 19:51:01,181,37,74,274,394,785,786
2017-02-20 19:51:02,183,38,74,271,394,785,786
2017-02-20 19:51:03,186,39,74,268,393,785,786
2017-02-20 19:51:04,189,40,74,266,393,785,786
2017-02-20 19:51:05,192,41,74,263,392,785,786
2017-02-20 19:51:06,195,42,74,261,392,785,786
2017-02-20 19:51:07,198,43,74,258,392,785,786
2017-02-20 19:51:08,203,44,74,256,392,785,786
2017-02-20 19:51:09,206,45,74,254,391,785,786
2017-02-20 19:51:10,209,46,75,252,391,786,786
2017-02-20 19:51:11,212,47,74,250,391,785,786
2017-02-20 19:51:12,214,48,74,248,391,785,786
2017-02-20 19:51:13,217,49,74,246,391,785,786
2017-02-20 19:51:14,219,50,74,245,390,785,786
2017-02-20 19:51:15,223,51,74,244,390,785,786
2017-02-20 19:51:16,226,52,74,242,390,785,786
2017-02-20 19:51:17,229,53,74,240,390,785,786
2017-02-20 19:51:18,232,54,74,239,390,785,786
2017-02-20 19:51:19,234,55,74,238,390,785,786
2017-02-20 19:51:20,238,56,74,237,390,785,786
2017-02-20 19:51:21,240,57,74,236,389,785,786
2017-02-20 19:51:22,244,58,74,235,389,785,786
2017-02-20 19:51:23,245,59,74,234,389,785,786
2017-02-20 19:51:24,248,60,74,233,389,785,786
2017-02-20 19:51:25,251,61,74,233,389,785,786
2017-02-20 19:51:26,253,62,75,232,389,785,786
2017-02-20 19:51:27,256,63,74,231,389,785,786
2017-02-20 19:51:28,262,64,74,230,389,785,786
2017-02-20 19:51:29,266,65,74,230,389,785,786
2017-02-20 19:51:30,269,66,74,229,389,785,786
2017-02-20 19:51:31,275,67,74,229,389,785,786
2017-02-20 19:51:32,280,68,74,229,389,785,786
2017-02-20 19:51:33,281,69,74,228,389,785,786
2017-02-20 19:51:34,287,70,74,228,389,785,786
2017-02-20 19:51:35,287,71,74,228,389,785,786
2017-02-20 19:51:36,288,72,74,227,389,785,786
2017-02-20 19:51:37,290,73,74,227,389,785,786
2017-02-20 19:51:38,290,74,74,227,390,785,786
2017-02-20 19:51:39,291,75,74,227,391,785,786
2017-02-20 19:51:40,292,76,74,227,392,785,786
2017-02-20 19:51:41,293,77,74,227,393,785,786
2017-02-20 19:51:42,293,78,74,227,394,785,786
2017-02-20 19:51:43,294,79,74,227,395,785,786
2017-02-20 19:51:44,295,80,74,227,396,785,786
2017-02-20 19:51:45,295,81,75,227,397,785,786
2017-02-20 19:51:46,296,82,74,227,397,785,786
2017-02-20 19:51:47,301,83,74,228,398,785,786
2017-02-20 19:51:48,302,84,74,228,399,785,786
2017-02-20 19:51:49,306,85,74,228,399,785,786
2017-02-20 19:51:50,308,86,75,228,400,785,786
2017-02-20 19:51:51,314,87,74,229,401,785,786
2017-02-20 19:51:52,320,88,74,229,401,785,786
2017-02-20 19:51:53,323,89,74,229,402,785,786
2017-02-20 19:51:54,326,90,75,230,402,785,786
2017-02-20 19:51:55,329,91,74,230,403,785,786
2017-02-20 19:51:56,332,92,74,230,403,785,786
2017-02-20 19:51:57,335,93,75,231,404,785,786
2017-02-20 19:51:58,341,94,75,231,405,785,786
2017-02-20 19:51:59,347,95,75,232,405,785,786
2017-02-20 19:52:00,349,96,74,232,406,785,786
2017-02-20 19:52:01,353,97,75,233,406,785,786
2017-02-20 19:52:02,359,98,75,233,407,785,786
2017-02-20 19:52:03,365,99,75,234,407,785,786
2017-02-20 19:52:04,371,100,75,234,408,785,786
2017-02-20 19:52:05,371,101,74,235,408,785,786
2017-02-20 19:52:06,377,102,75,235,409,785,786
2017-02-20 19:52:07,379,103,75,236,409,785,786
2017-02-20 19:52:08,385,104,74,237,410,785,786
2017-02-20 19:52:09,389,105,75,237,410,785,786
2017-02-20 19:52:10,391,106,75,238,410,785,786
2017-02-20 19:52:11,395,107,75,238,411,785,786
2017-02-20 19:52:12,398,108,75,239,411,785,786
2017-02-20 19:52:13,401,109,75,240,411,785,786
2017-02-20 19:52:14,404,110,75,240,412,785,786
2017-02-20 19:52:15,407,111,75,241,412,785,786
2017-02-20 19:52:16,409,112,75,242,413,785,786
2017-02-20 19:52:17,413,113,75,242,413,785,786
2017-02-20 19:52:18,416,114,75,243,413,785,786
2017-02-20 19:52:19,420,115,75,244,414,785,786
2017-02-20 19:52:20,423,116,75,244,414,785,786
2017-02-20 19:52:21,426,117,75,245,414,785,786
2017-02-20 19:52:22,429,118,75,246,415,785,786
2017-02-20 19:52:23,432,119,75,246,415,785,786
2017-02-20 19:52:24,435,120,75,247,415,785,786
2017-02-20 19:52:25,441,121,75,248,416,785,786
2017-02-20 19:52:26,446,122,75,249,416,785,786
2017-02-20 19:52:27,451,123,75,249,416,785,786
2017-02-20 19:52:28,457,124,75,250,417,785,786
2017-02-20 19:52:29,462,125,75,251,417,785,786
2017-02-20 19:52:30,468,126,75,252,417,785,786
2017-02-20 19:52:31,475,127,75,252,417,785,786
2017-02-20 19:52:32,476,128,75,253,418,785,786
2017-02-20 19:52:33,479,129,75,254,418,785,786
2017-02-20 19:52:34,482,130,75,255,419,785,786
2017-02-20 19:52:35,484,131,75,255,419,785,786
2017-02-20 19:52:36,489,132,75,256,419,785,786
2017-02-20 19:52:37,494,133,75,257,419,785,786
2017-02-20 19:52:38,500,134,75,258,420,785,786
2017-02-20 19:52:39,500,135,75,258,420,785,786
2017-02-20 19:52:40,502,136,75,259,420,785,786
2017-02-20 19:52:41,503,137,75,260,421,785,786
2017-02-20 19:52:42,507,138,75,261,421,785,786
2017-02-20 19:52:43,510,139,75,261,421,785,786
2017-02-20 19:52:44,513,140,75,262,422,785,786
2017-02-20 19:52:45,516,141,75,263,422,785,786
2017-02-20 19:52:46,518,142,75,264,422,785,786
2017-02-20 19:52:47,522,143,75,265,422,785,786
2017-02-20 19:52:48,525,144,75,266,423,785,786
2017-02-20 19:52:49,526,145,75,266,423,785,786
2017-02-20 19:52:50,531,146,75,267,423,785,786
2017-02-20 19:52:51,534,147,75,268,424,785,786
2017-02-20 19:52:52,538,148,75,268,424,785,786
2017-02-20 19:52:53,541,149,75,269,424,785,786
2017-02-20 19:52:54,542,150,75,270,425,785,786
2017-02-20 19:52:55,547,151,75,271,425,785,786
2017-02-20 19:52:56,550,152,75,271,425,785,786
2017-02-20 19:52:57,551,153,75,272,425,785,786
2017-02-20 19:52:58,552,154,75,273,426,785,786
2017-02-20 19:52:59,553,155,75,274,426,785,786
2017-02-20 19:53:00,554,156,75,274,426,785,786
2017-02-20 19:53:01,554,157,75,275,426,785,786
2017-02-20 19:53:02,563,158,75,276,427,785,786
2017-02-20 19:53:03,563,159,75,277,427,785,786
2017-02-20 19:53:04,566,160,75,278,427,785,786
2017-02-20 19:53:05,568,161,75,278,427,785,786
2017-02-20 19:53:06,574,162,75,279,428,785,786
2017-02-20 19:53:07,575,163,75,280,428,785,786
2017-02-20 19:53:08,580,164,75,281,428,785,786
2017-02-20 19:53:09,586,165,75,281,428,785,786
2017-02-20 19:53:10,591,166,75,282,429,785,786
2017-02-20 19:53:11,596,167,75,283,429,785,786
2017-02-20 19:53:12,601,168,75,284,429,785,786
2017-02-20 19:53:13,602,169,75,284,429,785,786
2017-02-20 19:53:14,607,170,75,285,429,785,786
2017-02-20 19:53:15,608,171,75,286,430,785,786
2017-02-20 19:53:16,609,172,75,287,430,785,786
2017-02-20 19:53:17,615,173,75,287,430,785,786
2017-02-20 19:53:18,617,174,75,288,430,785,786
2017-02-20 19:53:19,621,175,75,289,430,785,786
2017-02-20 19:53:20,624,176,75,290,431,785,786
2017-02-20 19:53:21,627,177,75,290,431,785,786
2017-02-20 19:53:22,630,178,75,291,431,785,786
2017-02-20 19:53:23,632,179,75,292,431,785,786
2017-02-20 19:53:24,636,180,75,292,431,785,786
2017-02-20 19:53:25,639,181,75,293,432,785,786
2017-02-20 19:53:26,642,182,75,294,432,785,786
2017-02-20 19:53:27,645,183,75,295,432,785,786
2017-02-20 19:53:28,649,184,75,295,432,785,786
2017-02-20 19:53:29,654,185,75,296,432,785,786
2017-02-20 19:53:30,656,186,75,297,433,785,786
2017-02-20 19:53:31,656,187,75,298,433,785,786
2017-02-20 19:53:32,661,188,75,298,433,785,786
2017-02-20 19:53:33,664,189,75,299,433,785,786
2017-02-20 19:53:34,666,190,75,300,433,785,786
2017-02-20 19:53:35,670,191,75,300,434,785,786
2017-02-20 19:53:36,673,192,75,301,434,785,786
2017-02-20 19:53:37,676,193,75,302,434,785,786
2017-02-20 19:53:38,677,194,75,303,434,785,786
2017-02-20 19:53:39,679,195,75,303,435,785,786
2017-02-20 19:53:40,685,196,75,304,435,785,786
2017-02-20 19:53:41,686,197,75,305,435,785,786
2017-02-20 19:53:42,691,198,75,305,435,785,786
2017-02-20 19:53:43,695,199,75,306,435,785,786
2017-02-20 19:53:44,699,200,75,307,436,785,786
2017-02-20 19:53:45,701,201,75,308,436,785,786
2017-02-20 19:53:46,704,202,75,308,436,785,786
2017-02-20 19:53:47,707,203,75,309,436,785,786
2017-02-20 19:53:48,710,204,75,310,436,785,786
2017-02-20 19:53:49,713,205,75,311,437,785,786
2017-02-20 19:53:50,716,206,75,311,437,785,786
2017-02-20 19:53:51,718,207,75,312,437,785,786
2017-02-20 19:53:52,722,208,75,313,437,785,786
2017-02-20 19:53:53,725,209,75,313,437,785,786
2017-02-20 19:53:54,728,210,75,314,438,785,786
2017-02-20 19:53:55,731,211,75,315,438,785,786
2017-02-20 19:53:56,732,212,75,315,438,785,786
2017-02-20 19:53:57,737,213,75,316,439,785,786
2017-02-20 19:53:58,740,214,75,317,439,785,786
2017-02-20 19:53:59,743,215,75,317,439,785,786
2017-02-20 19:54:00,747,216,75,318,439,785,786
2017-02-20 19:54:01,750,217,75,319,439,785,786
2017-02-20 19:54:02,755,218,75,319,440,785,786
2017-02-20 19:54:03,756,219,75,320,440,785,786
2017-02-20 19:54:04,757,220,75,320,440,785,786
2017-02-20 19:54:05,759,221,75,321,440,785,786
2017-02-20 19:54:06,763,222,75,322,440,785,786
2017-02-20 19:54:07,765,223,75,323,441,785,786
2017-02-20 19:54:08,771,224,75,323,441,785,786
2017-02-20 19:54:09,774,225,75,324,441,785,786
2017-02-20 19:54:10,778,226,75,324,441,785,786
2017-02-20 19:54:11,780,227,75,325,442,785,786
2017-02-20 19:54:12,784,228,75,326,442,785,786
2017-02-20 19:54:13,787,229,75,326,442,785,786
2017-02-20 19:54:14,790,230,75,327,443,785,786
2017-02-20 19:54:15,793,231,75,328,443,785,786
2017-02-20 19:54:16,796,232,75,328,443,785,786
2017-02-20 19:54:17,799,233,75,329,443,785,786
2017-02-20 19:54:18,804,234,75,330,444,785,786
2017-02-20 19:54:19,806,235,75,330,444,785,786
2017-02-20 19:54:20,808,236,75,331,444,785,786
2017-02-20 19:54:21,812,237,75,332,445,785,786
2017-02-20 19:54:22,816,238,75,332,445,785,786
2017-02-20 19:54:23,817,239,75,333,445,785,786
2017-02-20 19:54:24,821,240,75,333,445,785,786
2017-02-20 19:54:25,823,241,75,334,446,785,786
2017-02-20 19:54:26,827,242,75,335,446,785,786
2017-02-20 19:54:27,829,243,75,335,446,785,786
2017-02-20 19:54:28,833,244,75,336,447,785,786
2017-02-20 19:54:29,836,245,75,336,447,785,786
2017-02-20 19:54:30,837,246,75,337,447,785,786
2017-02-20 19:54:31,838,247,75,337,447,785,786
2017-02-20 19:54:32,844,248,75,338,448,785,786
2017-02-20 19:54:33,848,249,75,339,448,785,786
2017-02-20 19:54:34,849,250,75,339,448,785,786
2017-02-20 19:54:35,851,251,75,340,449,785,786
2017-02-20 19:54:36,856,252,75,341,449,785,786
2017-02-20 19:54:37,857,253,75,341,449,785,786
2017-02-20 19:54:38,858,254,75,342,450,785,786
2017-02-20 19:54:39,860,255,75,342,450,785,786
2017-02-20 19:54:40,866,256,75,343,450,785,786
2017-02-20 19:54:41,872,257,75,343,450,785,786
2017-02-20 19:54:42,876,258,75,344,450,785,786
2017-02-20 19:54:43,879,259,75,345,450,785,786
2017-02-20 19:54:44,882,260,75,345,450,785,786
2017-02-20 19:54:45,883,261,75,346,449,785,786
2017-02-20 19:54:46,884,262,75,346,450,785,786
2017-02-20 19:54:47,885,263,75,347,449,785,786
2017-02-20 19:54:48,886,264,75,347,449,785,786
2017-02-20 19:54:49,886,265,75,348,449,785,786
2017-02-20 19:54:50,887,266,75,348,449,785,786
2017-02-20 19:54:51,887,267,75,349,449,785,786
2017-02-20 19:54:52,888,268,75,350,450,785,786
2017-02-20 19:54:53,888,269,75,350,450,785,786
2017-02-20 19:54:54,889,270,75,351,450,785,786
2017-02-20 19:54:55,889,271,75,351,450,785,786
2017-02-20 19:54:56,890,272,75,352,450,785,786
2017-02-20 19:54:57,890,273,75,352,450,785,786
2017-02-20 19:54:58,890,275,75,353,450,785,786
2017-02-20 19:54:59,891,276,75,353,450,785,786
2017-02-20 19:55:00,891,277,75,354,450,785,786
2017-02-20 19:55:01,893,278,75,355,450,785,786
2017-02-20 19:55:02,897,279,75,355,450,785,786
2017-02-20 19:55:03,898,280,75,356,450,785,786
2017-02-20 19:55:04,904,281,75,356,450,785,786
2017-02-20 19:55:05,907,282,75,357,450,785,786
2017-02-20 19:55:06,908,283,75,357,450,785,786
2017-02-20 19:55:07,914,284,75,358,450,785,786
2017-02-20 19:55:08,916,285,75,358,450,785,786
2017-02-20 19:55:09,922,286,75,359,450,785,786
2017-02-20 19:55:10,923,287,75,359,450,785,786
2017-02-20 19:55:11,929,288,75,360,450,785,786
2017-02-20 19:55:12,933,289,75,360,450,785,786
2017-02-20 19:55:13,938,290,75,361,450,785,786
2017-02-20 19:55:14,941,291,75,361,450,785,786
2017-02-20 19:55:15,944,292,75,362,450,785,786
2017-02-20 19:55:16,947,293,75,362,450,785,786
2017-02-20 19:55:17,948,294,75,363,450,785,786
2017-02-20 19:55:18,949,295,75,363,450,785,786
2017-02-20 19:55:19,955,296,75,364,450,785,786
2017-02-20 19:55:20,959,297,75,364,450,785,786
2017-02-20 19:55:21,962,298,75,365,450,785,786
2017-02-20 19:55:22,963,299,75,365,450,785,786
2017-02-20 19:55:23,968,300,75,366,451,785,786
2017-02-20 19:55:24,972,301,75,367,451,785,786
2017-02-20 19:55:25,982,302,75,367,451,785,786
2017-02-20 19:55:26,993,303,75,368,451,785,786
2017-02-20 19:55:27,999,304,75,368,451,785,786
2017-02-20 19:55:29,000,305,75,368,451,785,786
2017-02-20 19:55:30,003,306,75,369,451,785,786
2017-02-20 19:55:31,007,307,75,369,451,785,786
2017-02-20 19:55:32,008,308,75,370,451,785,786
2017-02-20 19:55:33,009,309,75,370,451,785,786
2017-02-20 19:55:34,016,310,75,371,451,785,786
2017-02-20 19:55:35,019,311,75,371,451,785,786
2017-02-20 19:55:36,022,312,75,372,451,785,786
2017-02-20 19:55:37,025,313,75,372,452,785,786
2017-02-20 19:55:38,032,314,75,372,452,785,786
2017-02-20 19:55:39,034,315,75,373,452,785,786
2017-02-20 19:55:40,045,316,75,373,452,785,786
2017-02-20 19:55:41,047,317,75,374,452,785,786
2017-02-20 19:55:42,049,318,75,374,452,785,786
2017-02-20 19:55:43,059,319,75,375,452,785,786
2017-02-20 19:55:44,063,320,75,375,452,785,786
2017-02-20 19:55:45,071,321,75,376,452,785,786
2017-02-20 19:55:46,079,322,75,376,452,785,786
2017-02-20 19:55:47,081,323,75,377,453,785,786
2017-02-20 19:55:48,083,324,75,377,453,785,786
2017-02-20 19:55:49,086,325,75,378,453,785,786
2017-02-20 19:55:50,091,326,75,378,453,785,786
2017-02-20 19:55:51,093,327,75,379,453,785,786
2017-02-20 19:55:52,099,328,75,379,453,785,786
2017-02-20 19:55:53,107,329,75,380,453,785,786
2017-02-20 19:55:54,111,330,75,380,453,785,786
2017-02-20 19:55:55,117,331,75,380,453,785,786
2017-02-20 19:55:56,128,332,75,381,453,785,786
2017-02-20 19:55:57,137,333,75,382,454,785,786
2017-02-20 19:55:58,139,334,75,382,454,785,786
2017-02-20 19:55:59,148,335,75,382,454,785,786
2017-02-20 19:56:00,154,336,75,383,454,785,786
2017-02-20 19:56:01,165,337,75,383,454,785,786
2017-02-20 19:56:02,169,338,75,384,454,785,786
2017-02-20 19:56:03,177,339,75,384,454,785,786
2017-02-20 19:56:04,179,340,75,385,454,785,786
2017-02-20 19:56:05,181,341,75,385,455,785,786
2017-02-20 19:56:06,192,342,75,385,455,785,786
2017-02-20 19:56:07,197,343,75,386,455,785,786
2017-02-20 19:56:08,199,344,75,386,455,785,786
2017-02-20 19:56:09,203,345,75,387,455,785,786
2017-02-20 19:56:10,212,346,75,387,455,785,786
2017-02-20 19:56:11,223,347,75,388,456,785,786
2017-02-20 19:56:12,233,348,75,388,456,785,786
2017-02-20 19:56:13,236,349,75,389,456,785,786
2017-02-20 19:56:14,239,350,75,389,456,785,786
2017-02-20 19:56:15,247,351,75,389,456,785,786
2017-02-20 19:56:16,258,352,75,390,456,785,786
2017-02-20 19:56:17,265,353,75,390,456,785,786
2017-02-20 19:56:18,268,354,75,391,456,785,786
2017-02-20 19:56:19,271,355,75,391,456,785,786
2017-02-20 19:56:20,274,356,75,391,456,785,786
2017-02-20 19:56:21,276,357,75,392,456,785,786
2017-02-20 19:56:22,283,358,75,392,457,785,786
2017-02-20 19:56:23,294,359,75,393,457,785,786
2017-02-20 19:56:24,299,360,75,393,457,785,786
2017-02-20 19:56:25,306,361,75,393,457,785,786
2017-02-20 19:56:26,309,362,75,394,457,785,786
2017-02-20 19:56:27,312,363,75,394,457,785,786
2017-02-20 19:56:28,315,364,75,395,457,785,786
2017-02-20 19:56:29,319,365,75,395,457,785,786
2017-02-20 19:56:30,322,366,75,396,457,785,786
2017-02-20 19:56:31,325,367,75,396,457,785,786
2017-02-20 19:56:32,328,368,75,396,457,785,786
2017-02-20 19:56:33,334,369,75,397,458,785,786
2017-02-20 19:56:34,345,370,75,397,458,785,786
2017-02-20 19:56:35,347,371,75,398,458,785,786
2017-02-20 19:56:36,357,372,75,398,458,785,786
2017-02-20 19:56:37,357,373,75,399,459,785,786
2017-02-20 19:56:38,363,374,75,399,459,785,786
2017-02-20 19:56:39,366,375,75,399,459,785,786
2017-02-20 19:56:40,369,376,75,400,459,785,786
2017-02-20 19:56:41,372,377,75,400,459,785,786
2017-02-20 19:56:42,375,378,75,401,459,785,786
2017-02-20 19:56:43,378,379,75,401,459,785,786
2017-02-20 19:56:44,388,380,75,401,459,785,786
2017-02-20 19:56:45,396,381,75,402,459,785,786
2017-02-20 19:56:46,398,382,75,402,459,785,786
2017-02-20 19:56:47,399,383,75,403,459,785,786
2017-02-20 19:56:48,402,384,75,403,460,785,786
2017-02-20 19:56:49,413,385,75,403,460,785,786
2017-02-20 19:56:50,417,386,75,404,460,785,786
2017-02-20 19:56:51,420,387,75,404,460,785,786
2017-02-20 19:56:52,423,388,75,405,460,785,786
2017-02-20 19:56:53,426,389,75,405,460,785,786
2017-02-20 19:56:54,429,390,75,405,460,785,786
2017-02-20 19:56:55,432,391,75,406,461,785,786
2017-02-20 19:56:56,434,392,75,406,461,785,786
2017-02-20 19:56:57,437,393,75,407,461,785,786
2017-02-20 19:56:58,447,394,75,407,461,785,786
2017-02-20 19:56:59,447,395,75,407,461,785,786
2017-02-20 19:57:00,448,396,75,408,461,785,786
2017-02-20 19:57:01,451,397,75,408,462,785,786
2017-02-20 19:57:02,453,398,75,408,462,785,786
2017-02-20 19:57:03,457,399,75,409,462,785,786
2017-02-20 19:57:04,460,400,75,409,462,785,786
2017-02-20 19:57:05,467,401,75,410,462,785,786
2017-02-20 19:57:06,477,402,75,410,462,785,786
2017-02-20 19:57:07,479,403,75,410,462,785,786
2017-02-20 19:57:08,489,404,75,411,462,785,786
2017-02-20 19:57:09,496,405,75,411,462,785,786
2017-02-20 19:57:10,507,406,75,411,462,785,786
2017-02-20 19:57:11,515,407,75,412,462,785,786
2017-02-20 19:57:12,518,408,75,412,462,785,786
2017-02-20 19:57:13,521,409,75,413,462,785,786
2017-02-20 19:57:14,524,410,75,413,462,785,786
2017-02-20 19:57:15,526,411,75,413,462,785,786
2017-02-20 19:57:16,530,412,75,414,462,785,786
2017-02-20 19:57:17,533,413,75,414,462,785,786
2017-02-20 19:57:18,536,414,75,414,462,785,786
2017-02-20 19:57:19,546,415,75,415,463,785,786
2017-02-20 19:57:20,550,416,75,415,463,785,786
2017-02-20 19:57:21,562,417,75,415,463,785,786
2017-02-20 19:57:22,565,418,75,416,463,785,786
2017-02-20 19:57:23,568,419,75,416,463,785,786
2017-02-20 19:57:24,571,420,75,416,463,785,786
2017-02-20 19:57:25,573,421,75,417,463,785,786
2017-02-20 19:57:26,577,422,75,417,463,785,786
2017-02-20 19:57:27,581,423,75,418,463,785,786
2017-02-20 19:57:28,584,424,75,418,463,785,786
2017-02-20 19:57:29,595,425,75,418,464,785,786
2017-02-20 19:57:30,597,426,75,419,464,785,786
2017-02-20 19:57:31,599,427,75,419,464,785,786
2017-02-20 19:57:32,600,428,75,419,464,785,786
2017-02-20 19:57:33,605,429,75,420,464,785,786
2017-02-20 19:57:34,616,430,75,420,464,785,786
2017-02-20 19:57:35,619,431,75,420,464,785,786
2017-02-20 19:57:36,621,432,75,421,465,785,786
2017-02-20 19:57:37,628,433,75,421,465,785,786
2017-02-20 19:57:38,631,434,75,421,465,785,786
2017-02-20 19:57:39,633,435,75,422,465,785,786
2017-02-20 19:57:40,637,436,75,422,465,785,786
2017-02-20 19:57:41,646,437,75,423,465,785,786
2017-02-20 19:57:42,657,438,75,423,465,785,786
2017-02-20 19:57:43,663,439,75,423,465,785,786
2017-02-20 19:57:44,666,440,75,424,465,785,786
2017-02-20 19:57:45,668,441,75,424,466,785,786
2017-02-20 19:57:46,671,442,75,424,466,785,786
2017-02-20 19:57:47,675,443,75,425,466,785,786
2017-02-20 19:57:48,679,444,75,425,466,785,786
2017-02-20 19:57:49,682,445,75,425,466,785,786
2017-02-20 19:57:50,685,446,75,426,466,785,786
2017-02-20 19:57:51,688,447,75,426,466,785,786
2017-02-20 19:57:52,696,448,75,426,467,785,786
2017-02-20 19:57:53,707,449,75,427,467,785,786
2017-02-20 19:57:54,710,450,75,427,467,785,786
2017-02-20 19:57:55,712,451,75,427,467,785,786
2017-02-20 19:57:56,714,452,75,428,467,785,786
2017-02-20 19:57:57,717,453,75,428,467,785,786
2017-02-20 19:57:58,718,454,75,428,467,785,786
2017-02-20 19:57:59,719,455,75,429,467,785,786
2017-02-20 19:58:00,728,456,75,429,467,785,786
2017-02-20 19:58:01,735,457,75,429,467,785,786
2017-02-20 19:58:02,745,458,75,430,468,785,786
2017-02-20 19:58:03,755,459,75,430,468,785,786
2017-02-20 19:58:04,761,460,75,431,468,785,786
2017-02-20 19:58:05,764,461,75,431,468,785,786
2017-02-20 19:58:06,767,462,75,431,468,785,786
2017-02-20 19:58:07,769,463,75,431,468,785,786
2017-02-20 19:58:08,774,464,75,432,468,785,786
2017-02-20 19:58:09,777,465,75,432,468,785,786
2017-02-20 19:58:10,780,466,75,433,469,785,786
2017-02-20 19:58:11,783,467,75,433,469,785,786
2017-02-20 19:58:12,786,468,75,433,469,785,786
2017-02-20 19:58:13,789,469,75,433,469,785,786
2017-02-20 19:58:14,796,470,75,434,469,785,786
2017-02-20 19:58:15,797,471,75,434,469,785,786
2017-02-20 19:58:16,798,472,75,435,469,785,786
2017-02-20 19:58:17,801,473,75,435,469,785,786
2017-02-20 19:58:18,807,474,75,435,469,785,786
2017-02-20 19:58:19,811,475,75,435,470,785,786
2017-02-20 19:58:20,822,476,75,436,470,785,786
2017-02-20 19:58:21,830,477,75,436,470,785,786
2017-02-20 19:58:22,833,478,75,437,470,785,786
2017-02-20 19:58:23,836,479,75,437,470,785,786
2017-02-20 19:58:24,845,480,75,437,470,785,786
2017-02-20 19:58:25,855,481,75,437,470,785,786
2017-02-20 19:58:26,862,482,75,438,471,785,786
2017-02-20 19:58:27,865,483,75,438,471,785,786
2017-02-20 19:58:28,876,484,75,439,471,785,786
2017-02-20 19:58:29,878,485,75,439,471,785,786
2017-02-20 19:58:30,879,486,75,439,471,785,786
2017-02-20 19:58:31,880,487,75,439,471,785,786
2017-02-20 19:58:32,887,488,75,440,471,785,786
2017-02-20 19:58:33,896,490,75,440,472,785,786
2017-02-20 19:58:34,903,491,75,441,472,785,786
2017-02-20 19:58:35,907,492,75,441,472,785,786
2017-02-20 19:58:36,910,493,75,441,472,785,786
2017-02-20 19:58:37,913,494,75,441,472,785,786
2017-02-20 19:58:38,916,495,75,442,472,785,786
2017-02-20 19:58:39,919,496,75,442,472,785,786
2017-02-20 19:58:40,924,497,75,443,472,785,786
2017-02-20 19:58:41,925,498,75,443,472,785,786
2017-02-20 19:58:42,928,499,75,443,472,785,786
2017-02-20 19:58:43,931,500,75,443,472,785,786
2017-02-20 19:58:44,934,501,75,444,473,785,786
2017-02-20 19:58:45,945,502,75,444,473,785,786
2017-02-20 19:58:46,948,503,75,445,473,785,786
2017-02-20 19:58:47,949,504,75,445,473,785,786
2017-02-20 19:58:48,959,505,75,445,473,785,786
2017-02-20 19:58:49,968,506,75,446,473,785,786
2017-02-20 19:58:50,969,507,75,446,473,785,786
2017-02-20 19:58:51,972,508,75,446,473,785,786
2017-02-20 19:58:52,976,509,75,447,474,785,786
2017-02-20 19:58:53,977,510,75,447,474,785,786
2017-02-20 19:58:54,984,511,75,447,474,785,786
2017-02-20 19:58:55,985,512,75,447,474,785,786
2017-02-20 19:58:56,988,513,75,448,474,785,786
2017-02-20 19:58:57,996,514,75,448,475,785,786
2017-02-20 19:58:58,996,515,75,449,475,785,786
2017-02-20 19:59:00,000,516,75,449,475,785,786
2017-02-20 19:59:01,005,517,75,449,475,785,786
2017-02-20 19:59:02,016,518,75,449,475,785,786
2017-02-20 19:59:03,023,519,75,450,475,785,786
2017-02-20 19:59:04,034,520,75,450,475,785,786
2017-02-20 19:59:05,035,521,75,451,476,785,786
2017-02-20 19:59:06,044,522,75,451,476,785,786
2017-02-20 19:59:07,052,523,75,451,476,785,786
2017-02-20 19:59:08,055,524,75,451,476,785,786
2017-02-20 19:59:09,058,525,75,452,476,785,786
2017-02-20 19:59:10,060,526,75,452,476,785,786
2017-02-20 19:59:11,064,527,75,453,476,785,786
2017-02-20 19:59:12,065,528,75,453,475,785,786
2017-02-20 19:59:13,075,529,75,453,475,785,786
2017-02-20 19:59:14,086,530,75,453,476,785,786
2017-02-20 19:59:15,093,531,75,454,476,785,786
2017-02-20 19:59:16,094,532,75,454,476,785,786
2017-02-20 19:59:17,096,533,75,455,477,785,786
2017-02-20 19:59:18,103,534,75,455,477,785,786
2017-02-20 19:59:19,106,535,75,455,478,785,786
2017-02-20 19:59:20,109,536,75,455,478,785,786
2017-02-20 19:59:21,112,537,75,456,479,785,786
2017-02-20 19:59:22,115,538,75,456,479,785,786
2017-02-20 19:59:23,118,539,75,457,479,785,786
2017-02-20 19:59:24,123,540,75,457,480,785,786
2017-02-20 19:59:25,124,541,75,457,480,785,786
2017-02-20 19:59:26,127,542,75,457,480,785,786
2017-02-20 19:59:27,130,543,75,458,480,785,786
2017-02-20 19:59:28,131,544,75,458,481,785,786
2017-02-20 19:59:29,135,545,75,459,481,785,786
2017-02-20 19:59:30,139,546,75,459,481,785,786
2017-02-20 19:59:31,142,547,75,459,482,785,786
2017-02-20 19:59:32,151,548,75,459,482,785,786
2017-02-20 19:59:33,153,549,75,460,482,785,786
2017-02-20 19:59:34,159,550,75,460,483,785,786
2017-02-20 19:59:35,170,551,75,460,483,785,786
2017-02-20 19:59:36,175,552,75,461,483,785,786
2017-02-20 19:59:37,178,553,75,461,484,785,786
2017-02-20 19:59:38,181,554,75,461,484,785,786
2017-02-20 19:59:39,183,555,75,462,484,785,786
2017-02-20 19:59:40,184,556,75,462,484,785,786
2017-02-20 19:59:41,193,557,75,462,484,785,786
2017-02-20 19:59:42,197,558,75,463,485,785,786
2017-02-20 19:59:43,200,559,75,463,485,785,786
2017-02-20 19:59:44,202,560,75,464,485,785,786
2017-02-20 19:59:45,206,561,75,464,486,785,786
2017-02-20 19:59:46,209,562,75,464,486,785,786
2017-02-20 19:59:47,211,563,75,465,486,785,786
2017-02-20 19:59:48,222,564,75,465,486,785,786
2017-02-20 19:59:49,227,565,75,465,486,785,786
2017-02-20 19:59:50,232,566,75,466,487,785,786
2017-02-20 19:59:51,238,567,75,466,487,785,786
2017-02-20 19:59:52,243,568,75,466,487,785,786
2017-02-20 19:59:53,254,569,75,467,488,785,786
2017-02-20 19:59:54,263,570,75,467,488,785,786
2017-02-20 19:59:55,265,571,75,467,488,785,786
2017-02-20 19:59:56,266,572,75,468,488,785,786
2017-02-20 19:59:57,269,573,75,468,488,785,786
2017-02-20 19:59:58,276,574,75,469,489,785,786
2017-02-20 19:59:59,279,575,75,469,489,785,786
2017-02-20 20:00:00,282,576,75,469,489,785,786
2017-02-20 20:00:01,285,577,75,470,489,785,786
2017-02-20 20:00:02,293,578,75,470,489,785,786
2017-02-20 20:00:03,302,579,75,470,489,785,786
2017-02-20 20:00:04,311,580,75,471,490,785,786
2017-02-20 20:00:05,314,581,75,471,490,785,786
2017-02-20 20:00:06,317,582,75,471,490,785,786
2017-02-20 20:00:07,320,583,75,472,490,785,786
2017-02-20 20:00:08,323,584,75,472,491,785,786
2017-02-20 20:00:09,326,585,75,473,491,785,786
2017-02-20 20:00:10,329,586,75,473,491,785,786
2017-02-20 20:00:11,337,587,75,473,491,785,786
2017-02-20 20:00:12,343,588,75,474,492,785,786
2017-02-20 20:00:13,350,589,75,474,492,785,786
2017-02-20 20:00:14,359,590,75,474,492,785,786
2017-02-20 20:00:15,361,591,75,475,492,785,786
2017-02-20 20:00:16,365,592,75,475,492,785,786
2017-02-20 20:00:17,368,593,75,476,493,785,786
2017-02-20 20:00:18,371,594,75,476,493,785,786
2017-02-20 20:00:19,374,595,75,476,493,785,786
2017-02-20 20:00:20,377,596,75,477,493,785,786
2017-02-20 20:00:21,385,597,75,477,493,785,786
2017-02-20 20:00:22,392,598,75,477,493,785,786
2017-02-20 20:00:23,393,599,75,478,494,785,786
2017-02-20 20:00:24,394,600,75,478,494,785,786
2017-02-20 20:00:25,400,601,75,479,494,785,786
2017-02-20 20:00:26,406,602,75,479,495,785,786
2017-02-20 20:00:27,407,603,75,479,495,785,786
2017-02-20 20:00:28,413,604,75,480,495,785,786
2017-02-20 20:00:29,417,605,75,480,495,785,786
2017-02-20 20:00:30,423,606,75,480,495,785,786
2017-02-20 20:00:31,427,607,75,481,496,785,786
2017-02-20 20:00:32,430,608,75,481,496,785,786
2017-02-20 20:00:33,432,609,75,482,496,785,786
2017-02-20 20:00:34,434,610,75,482,497,785,786
2017-02-20 20:00:35,438,611,75,483,497,785,786
2017-02-20 20:00:36,442,612,75,483,497,785,786
2017-02-20 20:00:37,446,613,75,483,497,785,786
2017-02-20 20:00:38,449,614,75,484,497,785,786
2017-02-20 20:00:39,453,615,75,484,498,785,786
2017-02-20 20:00:40,455,616,75,484,498,785,786
2017-02-20 20:00:41,458,617,75,485,498,785,786
2017-02-20 20:00:42,461,618,75,485,498,785,786
2017-02-20 20:00:43,466,619,75,486,499,785,786
2017-02-20 20:00:44,467,620,75,486,499,785,786
2017-02-20 20:00:45,470,621,75,487,499,785,786
2017-02-20 20:00:46,474,622,75,487,500,785,786
2017-02-20 20:00:47,476,623,75,487,500,785,786
2017-02-20 20:00:48,478,624,75,488,500,785,786
2017-02-20 20:00:49,483,625,75,488,500,785,786
2017-02-20 20:00:50,487,626,75,489,500,785,786
2017-02-20 20:00:51,492,627,75,489,500,785,786
2017-02-20 20:00:52,493,628,75,489,501,785,786
2017-02-20 20:00:53,495,629,75,490,501,785,786
2017-02-20 20:00:54,498,630,75,490,501,785,786
2017-02-20 20:00:55,501,631,75,491,501,785,786
2017-02-20 20:00:56,504,632,75,491,501,785,786
2017-02-20 20:00:57,507,633,75,492,501,785,786
2017-02-20 20:00:58,509,634,75,492,502,785,786
2017-02-20 20:00:59,513,635,75,492,502,785,786
2017-02-20 20:01:00,517,636,75,493,502,785,786
2017-02-20 20:01:01,517,637,75,493,502,785,786
2017-02-20 20:01:02,523,638,75,493,502,785,786
2017-02-20 20:01:03,523,639,75,494,502,785,786
2017-02-20 20:01:04,525,640,75,494,502,785,786
2017-02-20 20:01:05,531,641,75,495,503,785,786
2017-02-20 20:01:06,535,642,75,495,503,785,786
2017-02-20 20:01:07,538,643,75,496,503,785,786
2017-02-20 20:01:08,544,644,75,496,503,785,786
2017-02-20 20:01:09,545,645,75,497,503,785,786
2017-02-20 20:01:10,549,646,75,497,502,785,786
2017-02-20 20:01:11,554,647,75,497,502,785,786
2017-02-20 20:01:12,557,648,75,498,502,785,786
2017-02-20 20:01:13,563,649,75,498,502,785,786
2017-02-20 20:01:14,565,650,75,498,502,785,786
2017-02-20 20:01:15,571,651,75,499,502,785,786
2017-02-20 20:01:16,577,652,75,499,502,785,786
2017-02-20 20:01:17,580,653,75,500,502,785,786
2017-02-20 20:01:18,586,654,75,500,502,785,786
2017-02-20 20:01:19,591,655,75,500,503,785,786
2017-02-20 20:01:20,595,656,75,500,503,785,786
2017-02-20 20:01:21,598,657,75,501,504,785,786
2017-02-20 20:01:22,601,658,75,501,504,785,786
2017-02-20 20:01:23,603,659,75,502,504,785,786
2017-02-20 20:01:24,607,660,75,502,504,785,786
2017-02-20 20:01:25,609,661,75,502,504,785,786
2017-02-20 20:01:26,613,662,75,503,505,785,786
2017-02-20 20:01:27,614,663,75,503,505,785,786
2017-02-20 20:01:28,620,664,75,503,505,785,786
2017-02-20 20:01:29,621,665,75,504,505,785,786
2017-02-20 20:01:30,622,666,75,504,505,785,786
2017-02-20 20:01:31,625,667,75,504,506,785,786
2017-02-20 20:01:32,631,668,75,505,506,785,786
2017-02-20 20:01:33,634,669,75,505,506,785,786
2017-02-20 20:01:34,636,670,75,505,506,785,786
2017-02-20 20:01:35,640,671,75,506,506,785,786
2017-02-20 20:01:36,642,672,75,506,506,785,786
2017-02-20 20:01:37,644,673,75,506,506,785,786
2017-02-20 20:01:38,650,674,75,507,507,785,786
2017-02-20 20:01:39,653,675,75,507,507,785,786
2017-02-20 20:01:40,656,676,75,507,507,785,786
2017-02-20 20:01:41,659,677,75,508,507,785,786
2017-02-20 20:01:42,662,678,75,508,507,785,786
2017-02-20 20:01:43,665,679,75,508,507,785,786
2017-02-20 20:01:44,668,680,75,509,507,785,786
2017-02-20 20:01:45,672,681,75,509,507,785,786
2017-02-20 20:01:46,675,682,75,509,508,785,786
2017-02-20 20:01:47,678,683,75,510,508,785,786
2017-02-20 20:01:48,684,684,75,510,508,785,786
2017-02-20 20:01:49,689,685,75,510,508,785,786
2017-02-20 20:01:50,692,686,75,511,508,785,786
2017-02-20 20:01:51,692,687,75,511,508,785,786
2017-02-20 20:01:52,698,688,75,511,508,785,786
2017-02-20 20:01:53,704,689,75,512,508,785,786
2017-02-20 20:01:54,706,690,75,512,508,785,786
2017-02-20 20:01:55,712,691,75,512,508,785,786
2017-02-20 20:01:56,716,692,75,512,508,785,786
2017-02-20 20:01:57,722,693,75,513,508,785,786
2017-02-20 20:01:58,723,694,75,513,508,785,786
2017-02-20 20:01:59,724,695,75,513,508,785,786
2017-02-20 20:02:00,726,696,75,513,507,785,786
2017-02-20 20:02:01,732,697,75,514,506,785,786
2017-02-20 20:02:02,735,698,75,514,505,785,786
2017-02-20 20:02:03,738,699,75,514,504,785,786
2017-02-20 20:02:04,741,700,75,514,503,785,786
2017-02-20 20:02:05,747,701,75,515,502,785,786
2017-02-20 20:02:06,753,702,75,515,501,785,786
2017-02-20 20:02:07,754,703,75,515,500,785,786
2017-02-20 20:02:08,755,704,75,515,499,785,786
2017-02-20 20:02:09,756,705,75,516,498,785,786
2017-02-20 20:02:10,759,706,75,516,497,785,786
2017-02-20 20:02:11,762,707,75,516,497,785,786
2017-02-20 20:02:12,768,708,75,516,496,785,786
2017-02-20 20:02:13,772,709,75,516,496,785,786
2017-02-20 20:02:14,777,710,75,516,495,785,786
2017-02-20 20:02:15,779,711,75,517,494,785,786
2017-02-20 20:02:16,780,712,75,517,493,785,786
2017-02-20 20:02:17,786,713,75,517,492,785,786
2017-02-20 20:02:18,791,714,75,517,492,785,786
2017-02-20 20:02:19,793,715,75,517,491,785,786
2017-02-20 20:02:20,796,716,75,517,491,785,786
2017-02-20 20:02:21,801,717,75,517,490,785,786
2017-02-20 20:02:22,804,718,75,517,490,785,786
2017-02-20 20:02:23,807,719,75,517,489,785,786
2017-02-20 20:02:24,808,720,75,518,489,785,786
2017-02-20 20:02:25,811,721,75,518,488,785,786
2017-02-20 20:02:26,814,722,75,518,488,785,786
2017-02-20 20:02:27,818,723,75,518,487,785,786
2017-02-20 20:02:28,821,724,75,518,487,785,786
2017-02-20 20:02:29,824,725,75,518,486,785,786
2017-02-20 20:02:30,825,726,75,518,486,785,786
2017-02-20 20:02:31,829,727,75,518,485,785,786
2017-02-20 20:02:32,832,728,75,518,485,785,786
2017-02-20 20:02:33,836,729,75,518,484,785,786
2017-02-20 20:02:34,838,730,75,518,484,785,786
2017-02-20 20:02:35,839,731,75,519,484,785,786
2017-02-20 20:02:36,843,732,75,519,483,785,786
2017-02-20 20:02:37,848,733,75,519,483,785,786
2017-02-20 20:02:38,849,734,75,519,483,785,786
2017-02-20 20:02:39,851,735,75,519,482,785,786
2017-02-20 20:02:40,857,736,75,519,482,785,786
2017-02-20 20:02:41,861,737,75,519,482,785,786
2017-02-20 20:02:42,863,738,75,519,481,785,786
2017-02-20 20:02:43,867,739,75,519,481,785,786
2017-02-20 20:02:44,870,740,75,519,481,785,786
2017-02-20 20:02:45,871,741,75,519,480,785,786
2017-02-20 20:02:46,872,742,75,519,480,785,786
2017-02-20 20:02:47,873,743,75,519,480,785,786
2017-02-20 20:02:48,874,744,75,519,480,785,786
2017-02-20 20:02:49,874,745,75,520,479,785,786
2017-02-20 20:02:50,875,746,75,520,479,785,786
2017-02-20 20:02:51,876,747,75,520,479,785,786
2017-02-20 20:02:52,876,748,75,520,479,785,786
2017-02-20 20:02:53,877,749,75,520,479,785,786
2017-02-20 20:02:54,877,750,75,520,480,785,786
2017-02-20 20:02:55,878,751,75,520,480,785,786
2017-02-20 20:02:56,880,752,75,520,481,785,786
2017-02-20 20:02:57,883,753,75,520,481,785,786
2017-02-20 20:02:58,883,754,75,521,481,785,786
2017-02-20 20:02:59,889,755,75,520,481,785,786
2017-02-20 20:03:00,890,756,75,521,482,785,786
2017-02-20 20:03:01,891,758,75,521,482,785,786
2017-02-20 20:03:02,896,759,75,521,482,785,786
2017-02-20 20:03:03,897,760,75,521,482,785,786
2017-02-20 20:03:04,898,761,75,521,482,785,786
2017-02-20 20:03:05,900,762,75,521,483,785,786
2017-02-20 20:03:06,904,763,75,521,483,785,786
2017-02-20 20:03:07,907,764,75,521,483,785,786
2017-02-20 20:03:08,910,765,75,521,483,785,786
2017-02-20 20:03:09,913,766,75,521,483,785,786
2017-02-20 20:03:10,916,767,75,521,483,785,786
2017-02-20 20:03:11,919,768,75,521,483,785,786
2017-02-20 20:03:12,922,769,75,522,483,785,786
2017-02-20 20:03:13,926,770,75,522,483,785,786
2017-02-20 20:03:14,928,771,75,522,483,785,786
2017-02-20 20:03:15,930,772,75,522,483,785,786
2017-02-20 20:03:16,935,773,75,522,483,785,786
2017-02-20 20:03:17,938,774,75,522,483,785,786
2017-02-20 20:03:18,943,775,75,522,483,785,786
2017-02-20 20:03:19,944,776,75,522,483,785,786
2017-02-20 20:03:20,947,777,75,522,483,785,786
2017-02-20 20:03:21,950,778,75,523,483,785,786
2017-02-20 20:03:22,953,779,75,523,483,785,786
2017-02-20 20:03:23,956,780,75,523,483,785,786
2017-02-20 20:03:24,959,781,75,523,483,785,786
2017-02-20 20:03:25,962,782,75,523,483,785,786
2017-02-20 20:03:26,966,783,75,523,483,785,786
2017-02-20 20:03:27,967,784,75,523,483,785,786
2017-02-20 20:03:28,971,785,75,523,483,785,786
2017-02-20 20:03:29,975,786,75,524,483,785,786
2017-02-20 20:03:30,978,787,75,524,483,785,786
2017-02-20 20:03:31,978,788,75,524,483,785,786
2017-02-20 20:03:32,982,789,75,524,484,785,786
2017-02-20 20:03:33,983,790,75,524,484,785,786
2017-02-20 20:03:34,988,791,75,524,483,785,786
2017-02-20 20:03:35,989,792,75,524,484,785,786
2017-02-20 20:03:36,994,793,75,524,484,785,786
2017-02-20 20:03:37,999,794,75,524,484,785,786
2017-02-20 20:03:39,002,795,75,524,484,785,786
2017-02-20 20:03:40,005,796,75,525,484,785,786
2017-02-20 20:03:41,010,797,75,525,484,785,786
2017-02-20 20:03:42,011,798,75,525,485,785,786
2017-02-20 20:03:43,012,799,75,525,485,785,786
2017-02-20 20:03:44,013,800,75,525,485,785,786
2017-02-20 20:03:45,014,801,75,525,485,785,786
2017-02-20 20:03:46,015,802,75,525,485,785,786
2017-02-20 20:03:47,016,803,75,525,484,785,786
2017-02-20 20:03:48,017,804,75,526,484,785,786
2017-02-20 20:03:49,018,805,75,526,483,785,786
2017-02-20 20:03:50,019,806,75,526,483,785,786
2017-02-20 20:03:51,020,807,75,526,483,785,786
2017-02-20 20:03:52,021,808,75,526,483,785,786
2017-02-20 20:03:53,022,809,75,526,483,785,786
2017-02-20 20:03:54,023,810,75,526,483,785,786
2017-02-20 20:03:55,025,811,75,526,483,785,786
2017-02-20 20:03:56,025,812,75,526,483,785,786
2017-02-20 20:03:57,026,813,75,527,483,785,786
2017-02-20 20:03:58,027,814,75,527,483,785,786
2017-02-20 20:03:59,028,815,75,527,484,785,786
2017-02-20 20:04:00,029,816,75,527,484,785,786
2017-02-20 20:04:01,029,817,75,527,484,785,786
2017-02-20 20:04:02,030,818,75,527,484,785,786
2017-02-20 20:04:03,030,819,75,527,484,785,786
2017-02-20 20:04:04,032,820,75,527,484,785,786
2017-02-20 20:04:05,032,821,75,528,484,785,786
2017-02-20 20:04:06,032,822,75,528,484,785,786
2017-02-20 20:04:07,037,823,75,528,484,785,786
2017-02-20 20:04:08,038,824,75,528,485,785,786
2017-02-20 20:04:09,039,825,75,528,485,785,786
2017-02-20 20:04:10,039,826,75,528,485,785,786
2017-02-20 20:04:11,040,827,75,528,485,785,786
2017-02-20 20:04:12,040,828,75,528,485,785,786
2017-02-20 20:04:13,041,829,75,529,485,785,786
2017-02-20 20:04:14,043,830,75,529,485,785,786
2017-02-20 20:04:15,045,831,75,529,485,785,786
2017-02-20 20:04:16,049,832,75,529,485,785,786
2017-02-20 20:04:17,052,833,75,529,486,785,786
2017-02-20 20:04:18,055,834,75,529,485,785,786
2017-02-20 20:04:19,058,835,75,530,486,785,786
2017-02-20 20:04:20,060,836,75,530,486,785,786
2017-02-20 20:04:21,065,837,75,530,486,785,786
2017-02-20 20:04:22,066,838,75,530,486,785,786
2017-02-20 20:04:23,069,839,75,530,486,785,786
2017-02-20 20:04:24,073,840,75,531,486,785,786
2017-02-20 20:04:25,076,841,75,531,486,785,786
2017-02-20 20:04:26,078,842,75,531,486,785,786
2017-02-20 20:04:27,081,843,75,531,486,785,786
2017-02-20 20:04:28,086,844,75,531,486,785,786
2017-02-20 20:04:29,087,845,75,531,486,785,786
2017-02-20 20:04:30,089,846,75,532,486,785,786
2017-02-20 20:04:31,095,847,75,532,485,785,786
2017-02-20 20:04:32,098,848,75,532,485,785,786
2017-02-20 20:04:33,101,849,75,532,485,785,786
2017-02-20 20:04:34,104,850,75,532,485,785,786
2017-02-20 20:04:35,107,851,75,532,485,785,786
2017-02-20 20:04:36,113,852,75,533,485,785,786
2017-02-20 20:04:37,119,853,75,533,485,785,786
2017-02-20 20:04:38,121,854,75,533,485,785,786
2017-02-20 20:04:39,123,855,75,533,485,785,786
2017-02-20 20:04:40,124,856,75,533,485,785,786
2017-02-20 20:04:41,126,857,75,533,485,785,786
2017-02-20 20:04:42,129,858,75,534,485,785,786
2017-02-20 20:04:43,132,859,75,534,486,785,786
2017-02-20 20:04:44,137,860,75,534,485,785,786
2017-02-20 20:04:45,138,861,75,533,485,785,786
2017-02-20 20:04:46,141,862,75,532,484,785,786
2017-02-20 20:04:47,144,863,75,530,482,785,786
2017-02-20 20:04:48,147,864,75,528,480,785,786
2017-02-20 20:04:49,151,865,75,526,477,785,786
2017-02-20 20:04:50,152,866,76,524,473,785,786
2017-02-20 20:04:51,157,867,75,523,470,785,786
2017-02-20 20:04:52,160,868,75,521,466,785,786
2017-02-20 20:04:53,161,869,75,518,463,785,786
2017-02-20 20:04:54,164,870,75,517,461,785,786
2017-02-20 20:04:55,169,871,75,518,461,785,786
2017-02-20 20:04:56,172,872,75,518,461,785,786
2017-02-20 20:04:57,175,873,75,519,462,785,786
2017-02-20 20:04:58,178,874,75,519,463,785,786
2017-02-20 20:04:59,181,875,75,520,463,785,786
2017-02-20 20:05:00,187,876,76,520,464,785,786
2017-02-20 20:05:01,189,877,75,521,464,785,786
2017-02-20 20:05:02,193,878,75,521,465,785,786
2017-02-20 20:05:03,196,879,75,521,465,785,786
2017-02-20 20:05:04,199,880,75,522,466,785,786
2017-02-20 20:05:05,202,881,76,522,466,785,786
2017-02-20 20:05:06,204,882,75,522,467,785,786
2017-02-20 20:05:07,206,883,75,523,467,785,786
2017-02-20 20:05:08,209,884,75,523,468,785,786
2017-02-20 20:05:09,212,885,75,523,468,785,786
2017-02-20 20:05:10,215,886,75,523,468,785,786
2017-02-20 20:05:11,218,887,75,523,469,785,786
2017-02-20 20:05:12,221,888,75,524,469,785,786
2017-02-20 20:05:13,224,889,75,524,469,785,786
2017-02-20 20:05:14,227,890,76,524,470,785,786
2017-02-20 20:05:15,230,891,76,524,470,785,786
2017-02-20 20:05:16,232,892,76,524,470,785,786
2017-02-20 20:05:17,235,893,75,524,470,785,786
