2016-02-21 10:26:01,638,datetime,ms,seconds,ambient_temp,thermocouple_0_temp,thermocouple_1_temp,thermocouple_2_temp,thermocouple_3_temp
2016-02-21 10:26:06,730,5,72,417,390,786,787
2016-02-21 10:26:07,733,6,72,407,383,786,787
2016-02-21 10:26:08,738,7,72,409,379,786,787
2016-02-21 10:26:09,743,8,72,400,376,786,787
2016-02-21 10:26:10,747,9,72,390,374,786,787
2016-02-21 10:26:11,752,10,72,382,372,786,787
2016-02-21 10:26:12,755,11,72,374,370,786,787
2016-02-21 10:26:13,760,12,72,366,368,786,787
2016-02-21 10:26:14,764,13,72,359,367,786,787
2016-02-21 10:26:15,766,14,72,351,365,786,787
2016-02-21 10:26:16,769,15,72,344,363,786,787
2016-02-21 10:26:17,771,16,72,338,362,786,787
2016-02-21 10:26:18,773,17,72,332,361,787,787
2016-02-21 10:26:19,776,18,72,326,359,786,787
2016-02-21 10:26:20,781,19,72,320,358,786,787
2016-02-21 10:26:21,785,20,72,313,357,786,787
2016-02-21 10:26:22,786,21,72,308,356,786,787
2016-02-21 10:26:23,790,22,72,304,355,786,787
2016-02-21 10:26:24,795,23,72,299,354,786,787
2016-02-21 10:26:25,796,24,72,295,353,786,787
2016-02-21 10:26:26,800,25,72,290,352,786,787
2016-02-21 10:26:27,801,26,72,285,351,786,787
2016-02-21 10:26:28,804,27,72,282,350,786,787
2016-02-21 10:26:29,807,28,72,278,349,786,787
2016-02-21 10:26:30,809,29,72,274,349,786,787
2016-02-21 10:26:31,814,30,72,265,348,786,787
2016-02-21 10:26:32,817,31,72,262,348,786,787
2016-02-21 10:26:33,821,32,72,258,347,786,787
2016-02-21 10:26:34,826,33,73,255,347,786,787
2016-02-21 10:26:35,826,34,72,252,346,786,787
2016-02-21 10:26:36,831,35,72,249,345,786,787
2016-02-21 10:26:37,833,36,72,247,345,786,787
2016-02-21 10:26:38,835,37,72,244,344,786,787
2016-02-21 10:26:39,841,38,72,242,344,786,787
2016-02-21 10:26:40,842,39,73,241,344,786,787
2016-02-21 10:26:41,846,40,72,238,343,786,787
2016-02-21 10:26:42,848,41,72,236,343,786,787
2016-02-21 10:26:43,851,42,72,234,343,786,787
2016-02-21 10:26:44,856,43,72,232,342,786,787
2016-02-21 10:26:45,858,44,73,230,342,786,787
2016-02-21 10:26:46,862,45,73,228,342,786,787
2016-02-21 10:26:47,867,46,72,226,341,786,787
2016-02-21 10:26:48,870,47,73,225,341,786,787
2016-02-21 10:26:49,872,48,72,223,341,786,787
2016-02-21 10:26:50,873,49,73,222,340,786,787
2016-02-21 10:26:51,877,50,73,220,340,786,787
2016-02-21 10:26:52,878,51,73,219,340,786,787
2016-02-21 10:26:53,882,52,72,218,340,786,787
2016-02-21 10:26:54,887,53,72,217,339,786,787
2016-02-21 10:26:55,890,54,73,216,339,786,787
2016-02-21 10:26:56,896,55,73,215,339,786,787
2016-02-21 10:26:57,900,56,73,214,339,786,787
2016-02-21 10:26:58,904,57,73,213,339,786,787
2016-02-21 10:26:59,908,58,73,212,339,786,787
2016-02-21 10:27:00,912,59,73,211,339,786,787
2016-02-21 10:27:01,917,60,72,211,338,786,787
2016-02-21 10:27:02,921,61,72,210,338,786,787
2016-02-21 10:27:03,924,62,73,209,338,786,787
2016-02-21 10:27:04,926,63,73,208,338,786,787
2016-02-21 10:27:05,928,64,72,208,339,786,787
2016-02-21 10:27:06,931,65,73,208,339,786,787
2016-02-21 10:27:07,936,66,73,207,341,786,787
2016-02-21 10:27:08,939,67,72,207,342,786,787
2016-02-21 10:27:09,941,68,73,207,343,786,787
2016-02-21 10:27:10,945,69,73,206,344,786,787
2016-02-21 10:27:11,949,70,73,206,345,786,787
2016-02-21 10:27:12,951,71,73,206,347,786,787
2016-02-21 10:27:13,957,72,73,206,347,786,787
2016-02-21 10:27:14,960,73,73,205,348,786,787
2016-02-21 10:27:15,961,74,73,205,349,786,787
2016-02-21 10:27:16,966,75,73,205,350,786,787
2016-02-21 10:27:17,967,76,73,205,351,786,787
2016-02-21 10:27:18,971,77,73,205,352,786,787
2016-02-21 10:27:19,976,78,73,205,353,786,787
2016-02-21 10:27:20,979,79,73,205,354,786,787
2016-02-21 10:27:21,984,80,73,206,354,786,787
2016-02-21 10:27:22,988,81,73,206,355,786,787
2016-02-21 10:27:23,992,82,73,206,356,786,787
2016-02-21 10:27:24,997,83,73,206,356,786,787
2016-02-21 10:27:26,001,84,73,206,357,786,787
2016-02-21 10:27:27,003,85,73,206,358,786,787
2016-02-21 10:27:28,007,86,73,206,358,786,787
2016-02-21 10:27:29,010,87,73,207,359,786,787
2016-02-21 10:27:30,013,88,73,207,360,786,787
2016-02-21 10:27:31,016,89,73,218,360,786,787
2016-02-21 10:27:32,019,90,73,202,361,786,787
2016-02-21 10:27:33,022,91,73,201,362,786,787
2016-02-21 10:27:34,025,92,73,201,362,786,787
2016-02-21 10:27:35,030,93,73,201,363,786,787
2016-02-21 10:27:36,036,94,73,201,363,786,787
2016-02-21 10:27:37,042,95,73,201,364,786,787
2016-02-21 10:27:38,045,96,73,201,365,786,787
2016-02-21 10:27:39,050,97,73,201,365,786,787
2016-02-21 10:27:40,051,98,73,201,366,786,787
2016-02-21 10:27:41,053,99,73,201,366,786,787
2016-02-21 10:27:42,057,100,73,201,367,786,787
2016-02-21 10:27:43,060,101,73,202,367,786,787
2016-02-21 10:27:44,065,102,73,203,367,786,787
2016-02-21 10:27:45,070,103,73,203,368,786,787
2016-02-21 10:27:46,074,104,73,203,368,786,787
2016-02-21 10:27:47,079,105,73,204,368,786,787
2016-02-21 10:27:48,082,106,73,204,369,786,787
2016-02-21 10:27:49,083,107,73,204,370,786,787
2016-02-21 10:27:50,088,108,73,205,370,786,787
2016-02-21 10:27:51,093,109,73,206,371,786,787
2016-02-21 10:27:52,096,110,73,206,371,786,787
2016-02-21 10:27:53,098,111,73,207,371,786,787
2016-02-21 10:27:54,098,112,73,207,372,786,787
2016-02-21 10:27:55,103,113,73,208,372,786,787
2016-02-21 10:27:56,104,114,73,209,372,786,787
2016-02-21 10:27:57,109,115,73,209,373,786,787
2016-02-21 10:27:58,113,116,73,210,373,786,787
2016-02-21 10:27:59,115,117,73,210,374,786,787
2016-02-21 10:28:00,119,118,73,211,374,786,787
2016-02-21 10:28:01,120,119,73,212,374,786,787
2016-02-21 10:28:02,124,120,73,212,375,786,787
2016-02-21 10:28:03,129,121,73,213,375,786,787
2016-02-21 10:28:04,130,122,73,213,375,786,787
2016-02-21 10:28:05,134,123,73,214,376,786,787
2016-02-21 10:28:06,136,124,73,215,376,786,787
2016-02-21 10:28:07,139,125,73,215,377,786,787
2016-02-21 10:28:08,144,126,73,216,377,786,787
2016-02-21 10:28:09,149,127,73,216,377,786,787
2016-02-21 10:28:10,152,128,73,217,378,786,787
2016-02-21 10:28:11,156,129,73,218,378,786,787
2016-02-21 10:28:12,161,130,73,218,379,786,787
2016-02-21 10:28:13,162,131,73,219,379,786,787
2016-02-21 10:28:14,166,132,73,219,379,786,787
2016-02-21 10:28:15,168,133,73,220,380,786,787
2016-02-21 10:28:16,171,134,73,221,380,786,787
2016-02-21 10:28:17,176,135,73,221,380,786,787
2016-02-21 10:28:18,181,136,73,222,380,786,787
2016-02-21 10:28:19,184,137,73,222,381,786,787
2016-02-21 10:28:20,189,138,73,223,381,786,787
2016-02-21 10:28:21,193,139,73,224,382,786,787
2016-02-21 10:28:22,194,140,73,224,382,786,787
2016-02-21 10:28:23,199,141,73,225,383,786,787
2016-02-21 10:28:24,200,142,73,226,383,786,787
2016-02-21 10:28:25,201,143,73,226,383,786,787
2016-02-21 10:28:26,204,144,73,235,384,786,787
2016-02-21 10:28:27,209,145,73,236,384,786,787
2016-02-21 10:28:28,214,146,73,236,384,786,787
2016-02-21 10:28:29,215,147,73,237,385,786,787
2016-02-21 10:28:30,221,148,73,238,385,786,787
2016-02-21 10:28:31,224,149,73,238,385,786,787
2016-02-21 10:28:32,224,150,73,239,386,786,787
2016-02-21 10:28:33,225,151,73,240,386,786,787
2016-02-21 10:28:34,228,152,73,240,387,786,787
2016-02-21 10:28:35,229,153,73,241,387,786,787
2016-02-21 10:28:36,231,154,73,242,387,786,787
2016-02-21 10:28:37,235,155,73,242,387,786,787
2016-02-21 10:28:38,240,156,73,243,387,786,787
2016-02-21 10:28:39,243,157,73,244,388,786,787
2016-02-21 10:28:40,245,158,73,244,388,786,787
2016-02-21 10:28:41,245,159,73,245,388,786,787
2016-02-21 10:28:42,247,160,73,245,389,786,787
2016-02-21 10:28:43,251,161,73,246,389,786,787
2016-02-21 10:28:44,253,162,73,247,389,786,787
2016-02-21 10:28:45,257,163,73,247,389,786,787
2016-02-21 10:28:46,258,164,73,248,390,786,787
2016-02-21 10:28:47,262,165,73,249,390,786,787
2016-02-21 10:28:48,267,166,73,249,390,786,787
2016-02-21 10:28:49,268,167,73,250,391,786,787
2016-02-21 10:28:50,273,168,73,249,391,786,787
2016-02-21 10:28:51,275,169,73,250,391,786,787
2016-02-21 10:28:52,277,170,73,250,391,786,787
2016-02-21 10:28:53,282,171,73,251,392,786,787
2016-02-21 10:28:54,285,172,73,251,392,786,787
2016-02-21 10:28:55,290,173,73,251,392,786,787
2016-02-21 10:28:56,295,174,73,252,393,786,787
2016-02-21 10:28:57,299,175,73,252,393,786,787
2016-02-21 10:28:58,304,176,73,253,393,786,787
2016-02-21 10:28:59,308,177,73,253,393,786,787
2016-02-21 10:29:00,311,178,73,254,394,786,787
2016-02-21 10:29:01,313,179,73,254,394,786,787
2016-02-21 10:29:02,317,180,73,264,394,786,787
2016-02-21 10:29:03,318,181,73,265,394,786,787
2016-02-21 10:29:04,320,182,73,265,395,786,787
2016-02-21 10:29:05,322,183,73,266,395,786,787
2016-02-21 10:29:06,324,184,73,266,395,786,787
2016-02-21 10:29:07,330,185,73,267,395,786,787
2016-02-21 10:29:08,333,186,73,267,396,786,787
2016-02-21 10:29:09,335,187,73,268,396,786,787
2016-02-21 10:29:10,337,188,73,268,396,786,787
2016-02-21 10:29:11,338,189,73,253,396,786,787
2016-02-21 10:29:12,342,190,73,254,397,786,787
2016-02-21 10:29:13,344,191,73,255,397,786,787
2016-02-21 10:29:14,345,192,73,255,397,786,787
2016-02-21 10:29:15,349,193,73,256,397,786,787
2016-02-21 10:29:16,353,194,73,257,398,786,787
2016-02-21 10:29:17,358,195,73,257,398,786,787
2016-02-21 10:29:18,363,196,73,258,398,786,787
2016-02-21 10:29:19,366,197,73,258,398,786,787
2016-02-21 10:29:20,368,198,73,271,399,786,787
2016-02-21 10:29:21,369,199,73,271,399,786,787
2016-02-21 10:29:22,373,200,73,272,399,786,787
2016-02-21 10:29:23,375,201,73,272,399,786,787
2016-02-21 10:29:24,376,202,73,272,400,786,787
2016-02-21 10:29:25,380,203,73,272,400,786,787
2016-02-21 10:29:26,381,204,73,272,400,786,787
2016-02-21 10:29:27,383,205,73,272,400,786,787
2016-02-21 10:29:28,387,206,73,273,401,786,787
2016-02-21 10:29:29,388,207,73,273,401,786,787
2016-02-21 10:29:30,389,208,73,274,401,786,787
2016-02-21 10:29:31,394,209,73,275,401,786,787
2016-02-21 10:29:32,395,210,73,275,402,786,787
2016-02-21 10:29:33,399,211,73,276,402,786,787
2016-02-21 10:29:34,404,212,73,277,402,786,787
2016-02-21 10:29:35,405,213,73,277,403,786,787
2016-02-21 10:29:36,409,214,73,278,403,786,787
2016-02-21 10:29:37,411,215,73,279,403,786,787
2016-02-21 10:29:38,416,216,73,279,403,786,787
2016-02-21 10:29:39,419,217,73,280,404,786,787
2016-02-21 10:29:40,422,218,73,280,403,786,787
2016-02-21 10:29:41,424,219,73,281,404,786,787
2016-02-21 10:29:42,426,220,73,281,404,786,787
2016-02-21 10:29:43,426,221,73,282,404,786,787
2016-02-21 10:29:44,432,222,73,283,405,786,787
2016-02-21 10:29:45,435,223,73,283,405,786,787
2016-02-21 10:29:46,440,224,73,281,405,786,787
2016-02-21 10:29:47,441,225,73,282,405,786,787
2016-02-21 10:29:48,447,226,73,282,406,786,787
2016-02-21 10:29:49,450,227,73,283,406,786,787
2016-02-21 10:29:50,455,228,73,283,406,786,787
2016-02-21 10:29:51,459,229,73,284,406,786,787
2016-02-21 10:29:52,461,230,73,284,406,786,787
2016-02-21 10:29:53,467,231,73,285,407,786,787
2016-02-21 10:29:54,468,232,73,286,407,786,787
2016-02-21 10:29:55,472,233,73,286,407,786,787
2016-02-21 10:29:56,474,234,73,287,408,786,787
2016-02-21 10:29:57,477,235,73,287,408,786,787
2016-02-21 10:29:58,482,236,73,288,408,786,787
2016-02-21 10:29:59,483,237,73,288,408,786,787
2016-02-21 10:30:00,488,238,73,289,409,786,787
2016-02-21 10:30:01,489,239,73,290,409,786,787
2016-02-21 10:30:02,493,240,73,290,409,786,787
2016-02-21 10:30:03,497,241,73,291,409,786,787
2016-02-21 10:30:04,503,242,73,291,409,786,787
2016-02-21 10:30:05,506,243,73,292,410,786,787
2016-02-21 10:30:06,511,244,73,292,410,786,787
2016-02-21 10:30:07,514,245,73,293,410,786,787
2016-02-21 10:30:08,516,246,73,294,411,786,787
2016-02-21 10:30:09,520,247,73,294,411,786,787
2016-02-21 10:30:10,521,248,73,294,411,786,787
2016-02-21 10:30:11,526,249,73,295,412,786,787
2016-02-21 10:30:12,530,250,73,296,412,786,787
2016-02-21 10:30:13,535,251,73,296,412,786,787
2016-02-21 10:30:14,538,252,73,297,412,786,787
2016-02-21 10:30:15,539,253,73,297,413,786,787
2016-02-21 10:30:16,544,254,73,298,413,786,787
2016-02-21 10:30:17,548,255,73,298,413,786,787
2016-02-21 10:30:18,552,256,73,299,413,786,787
2016-02-21 10:30:19,555,257,73,299,413,786,787
2016-02-21 10:30:20,555,258,73,300,414,786,787
2016-02-21 10:30:21,560,259,73,301,414,786,787
2016-02-21 10:30:22,565,260,73,301,414,786,787
2016-02-21 10:30:23,568,261,73,302,415,786,787
2016-02-21 10:30:24,569,262,73,302,415,786,787
2016-02-21 10:30:25,575,263,73,303,415,786,787
2016-02-21 10:30:26,577,264,73,303,416,786,787
2016-02-21 10:30:27,583,265,73,304,416,786,787
2016-02-21 10:30:28,586,266,73,304,416,786,787
2016-02-21 10:30:29,590,267,73,305,416,786,787
2016-02-21 10:30:30,594,268,73,305,416,786,787
2016-02-21 10:30:31,598,269,73,306,416,786,787
2016-02-21 10:30:32,600,270,73,306,417,786,787
2016-02-21 10:30:33,602,271,73,307,417,786,787
2016-02-21 10:30:34,606,272,73,307,417,786,787
2016-02-21 10:30:35,610,273,73,308,417,786,787
2016-02-21 10:30:36,613,274,73,308,417,786,787
2016-02-21 10:30:37,619,275,73,309,417,786,787
2016-02-21 10:30:38,622,276,73,309,418,786,787
2016-02-21 10:30:39,627,277,73,310,418,786,787
2016-02-21 10:30:40,630,278,73,310,418,786,787
2016-02-21 10:30:41,635,279,73,311,418,786,787
2016-02-21 10:30:42,636,280,73,311,419,786,787
2016-02-21 10:30:43,641,282,73,312,419,786,787
2016-02-21 10:30:44,642,283,73,312,419,786,787
2016-02-21 10:30:45,646,284,73,313,420,786,787
2016-02-21 10:30:46,651,285,73,313,420,786,787
2016-02-21 10:30:47,654,286,73,314,420,786,787
2016-02-21 10:30:48,659,287,73,314,420,786,787
2016-02-21 10:30:49,661,288,73,314,420,786,787
2016-02-21 10:30:50,665,289,73,315,421,786,787
2016-02-21 10:30:51,666,290,73,315,421,786,787
2016-02-21 10:30:52,669,291,73,316,421,786,787
2016-02-21 10:30:53,674,292,73,316,421,786,787
2016-02-21 10:30:54,678,293,73,314,422,786,787
2016-02-21 10:30:55,683,294,73,313,422,786,787
2016-02-21 10:30:56,683,295,73,313,422,786,787
2016-02-21 10:30:57,688,296,73,313,422,786,787
2016-02-21 10:30:58,690,297,73,314,423,786,787
2016-02-21 10:30:59,691,298,73,312,423,786,787
2016-02-21 10:31:00,695,299,73,313,423,786,787
2016-02-21 10:31:01,697,300,73,313,424,786,787
2016-02-21 10:31:02,701,301,73,313,424,786,787
2016-02-21 10:31:03,705,302,73,314,424,786,787
2016-02-21 10:31:04,709,303,73,314,424,786,787
2016-02-21 10:31:05,714,304,73,315,425,786,787
2016-02-21 10:31:06,719,305,73,315,425,786,787
2016-02-21 10:31:07,722,306,73,316,425,786,787
2016-02-21 10:31:08,726,307,73,316,425,786,787
2016-02-21 10:31:09,731,308,73,316,425,786,787
2016-02-21 10:31:10,732,309,73,317,426,786,787
2016-02-21 10:31:11,736,310,73,317,426,786,787
2016-02-21 10:31:12,737,311,73,318,426,786,787
2016-02-21 10:31:13,742,312,73,318,426,786,787
2016-02-21 10:31:14,746,313,73,318,426,786,787
2016-02-21 10:31:15,747,314,73,319,427,786,787
2016-02-21 10:31:16,752,315,73,319,427,786,787
2016-02-21 10:31:17,753,316,73,320,427,786,787
2016-02-21 10:31:18,757,317,73,320,428,786,787
2016-02-21 10:31:19,761,318,73,321,428,786,787
2016-02-21 10:31:20,762,319,73,321,428,786,787
2016-02-21 10:31:21,767,320,73,322,428,786,787
2016-02-21 10:31:22,768,321,73,322,428,786,787
2016-02-21 10:31:23,773,322,73,322,428,786,787
2016-02-21 10:31:24,777,323,73,323,429,786,787
2016-02-21 10:31:25,781,324,73,323,429,786,787
2016-02-21 10:31:26,785,325,73,324,429,786,787
2016-02-21 10:31:27,786,326,73,324,429,786,787
2016-02-21 10:31:28,791,327,73,325,429,786,787
2016-02-21 10:31:29,792,328,73,325,430,786,787
2016-02-21 10:31:30,794,329,73,325,430,786,787
2016-02-21 10:31:31,797,330,73,326,430,786,787
2016-02-21 10:31:32,801,331,73,326,430,786,787
2016-02-21 10:31:33,806,332,73,327,430,786,787
2016-02-21 10:31:34,808,333,73,327,431,786,787
2016-02-21 10:31:35,810,334,73,328,431,786,787
2016-02-21 10:31:36,816,335,73,328,431,786,787
2016-02-21 10:31:37,817,336,73,328,431,786,787
2016-02-21 10:31:38,821,337,73,329,432,786,787
2016-02-21 10:31:39,823,338,73,329,432,786,787
2016-02-21 10:31:40,826,339,73,331,432,786,787
2016-02-21 10:31:41,831,340,73,331,432,786,787
2016-02-21 10:31:42,832,341,73,332,433,786,787
2016-02-21 10:31:43,837,342,73,331,433,786,787
2016-02-21 10:31:44,838,343,73,331,433,786,787
2016-02-21 10:31:45,842,344,73,332,434,786,787
2016-02-21 10:31:46,847,345,73,332,434,786,787
2016-02-21 10:31:47,848,346,73,333,434,786,787
2016-02-21 10:31:48,852,347,73,333,435,786,787
2016-02-21 10:31:49,854,348,73,333,435,786,787
2016-02-21 10:31:50,857,349,73,334,435,786,787
2016-02-21 10:31:51,862,350,73,334,435,786,787
2016-02-21 10:31:52,866,351,73,335,435,786,787
2016-02-21 10:31:53,871,352,73,335,436,786,787
2016-02-21 10:31:54,874,353,73,335,436,786,787
2016-02-21 10:31:55,879,354,73,336,436,786,787
2016-02-21 10:31:56,883,355,73,336,436,786,787
2016-02-21 10:31:57,885,356,73,337,436,786,787
2016-02-21 10:31:58,890,357,73,337,437,786,787
2016-02-21 10:31:59,893,358,73,337,437,786,787
2016-02-21 10:32:00,896,359,73,338,437,786,787
2016-02-21 10:32:01,900,360,73,338,437,786,787
2016-02-21 10:32:02,903,361,73,338,437,786,787
2016-02-21 10:32:03,905,362,73,339,437,786,787
2016-02-21 10:32:04,911,363,73,339,438,786,787
2016-02-21 10:32:05,913,364,73,340,438,786,787
2016-02-21 10:32:06,917,365,73,340,438,786,787
2016-02-21 10:32:07,922,366,73,340,438,786,787
2016-02-21 10:32:08,925,367,73,341,439,786,787
2016-02-21 10:32:09,927,368,73,341,439,786,787
2016-02-21 10:32:10,929,369,73,342,439,786,787
2016-02-21 10:32:11,932,370,73,346,439,786,787
2016-02-21 10:32:12,935,371,73,346,439,786,787
2016-02-21 10:32:13,941,372,73,347,439,786,787
2016-02-21 10:32:14,944,373,73,347,440,786,787
2016-02-21 10:32:15,949,374,73,348,440,786,787
2016-02-21 10:32:16,952,375,73,345,440,786,787
2016-02-21 10:32:17,956,376,73,330,440,786,787
2016-02-21 10:32:18,959,377,73,330,441,786,787
2016-02-21 10:32:19,962,378,73,330,441,786,787
2016-02-21 10:32:20,967,379,73,331,441,786,787
2016-02-21 10:32:21,968,380,73,331,441,786,787
2016-02-21 10:32:22,971,381,73,331,441,786,787
2016-02-21 10:32:23,975,382,73,332,440,786,787
2016-02-21 10:32:24,976,383,73,332,440,786,787
2016-02-21 10:32:25,980,384,73,332,440,786,787
2016-02-21 10:32:26,983,385,73,333,441,786,787
2016-02-21 10:32:27,988,386,73,333,441,786,787
2016-02-21 10:32:28,990,387,73,333,442,786,787
2016-02-21 10:32:29,991,388,73,334,442,786,787
2016-02-21 10:32:30,995,389,73,334,443,786,787
2016-02-21 10:32:31,997,390,73,337,443,786,787
2016-02-21 10:32:33,000,391,73,337,443,786,787
2016-02-21 10:32:34,005,392,73,337,444,786,787
2016-02-21 10:32:35,009,393,73,337,444,786,787
2016-02-21 10:32:36,014,394,73,338,445,786,787
2016-02-21 10:32:37,014,395,73,338,445,786,787
2016-02-21 10:32:38,019,396,73,339,445,786,787
2016-02-21 10:32:39,020,397,73,339,445,786,787
2016-02-21 10:32:40,023,398,73,337,444,786,787
2016-02-21 10:32:41,026,399,73,335,445,786,787
2016-02-21 10:32:42,030,400,73,335,445,786,787
2016-02-21 10:32:43,034,401,73,336,445,786,787
2016-02-21 10:32:44,036,402,73,336,445,786,787
2016-02-21 10:32:45,039,403,73,336,445,786,787
2016-02-21 10:32:46,043,404,73,336,445,786,787
2016-02-21 10:32:47,045,405,73,337,446,786,787
2016-02-21 10:32:48,050,406,73,337,446,786,787
2016-02-21 10:32:49,051,407,73,338,447,786,787
2016-02-21 10:32:50,056,408,73,338,447,786,787
2016-02-21 10:32:51,060,409,73,338,448,786,787
2016-02-21 10:32:52,060,410,73,339,448,786,787
2016-02-21 10:32:53,064,411,73,339,448,786,787
2016-02-21 10:32:54,067,412,73,340,449,786,787
2016-02-21 10:32:55,069,413,73,341,449,786,787
2016-02-21 10:32:56,074,414,73,341,449,786,787
2016-02-21 10:32:57,076,415,73,341,450,786,787
2016-02-21 10:32:58,081,416,73,342,450,786,787
2016-02-21 10:32:59,082,417,73,338,450,786,787
2016-02-21 10:33:00,085,418,73,338,450,786,787
2016-02-21 10:33:01,088,419,73,338,451,786,787
2016-02-21 10:33:02,090,420,73,339,451,786,787
2016-02-21 10:33:03,094,421,73,339,451,786,787
2016-02-21 10:33:04,097,422,73,339,451,786,787
2016-02-21 10:33:05,099,423,73,339,451,786,787
2016-02-21 10:33:06,103,424,73,341,451,786,787
2016-02-21 10:33:07,104,425,73,341,452,786,787
2016-02-21 10:33:08,108,426,73,341,452,786,787
2016-02-21 10:33:09,113,427,73,342,452,786,787
2016-02-21 10:33:10,117,428,73,342,452,786,787
2016-02-21 10:33:11,121,429,73,342,452,786,787
2016-02-21 10:33:12,127,430,73,343,453,786,787
2016-02-21 10:33:13,130,431,73,343,453,786,787
2016-02-21 10:33:14,130,432,73,343,453,786,787
2016-02-21 10:33:15,134,433,73,344,453,786,787
2016-02-21 10:33:16,137,434,73,344,454,786,787
2016-02-21 10:33:17,141,435,73,344,454,786,787
2016-02-21 10:33:18,145,436,73,345,454,786,787
2016-02-21 10:33:19,147,437,73,345,454,786,787
2016-02-21 10:33:20,150,438,73,345,454,786,787
2016-02-21 10:33:21,155,439,73,346,454,786,787
2016-02-21 10:33:22,159,440,73,346,455,786,787
2016-02-21 10:33:23,164,441,73,346,455,786,787
2016-02-21 10:33:24,168,442,73,347,455,786,787
2016-02-21 10:33:25,169,443,73,347,456,786,787
2016-02-21 10:33:26,170,444,73,347,456,786,787
2016-02-21 10:33:27,174,445,73,348,456,786,787
2016-02-21 10:33:28,179,446,73,348,456,786,787
2016-02-21 10:33:29,183,447,73,348,456,786,787
2016-02-21 10:33:30,187,448,73,349,457,786,787
2016-02-21 10:33:31,191,449,73,349,457,786,787
2016-02-21 10:33:32,193,450,73,349,457,786,787
2016-02-21 10:33:33,194,451,73,350,458,786,787
2016-02-21 10:33:34,197,452,73,350,458,786,787
2016-02-21 10:33:35,199,453,73,350,458,786,787
2016-02-21 10:33:36,201,454,73,351,458,786,787
2016-02-21 10:33:37,205,455,73,351,458,786,787
2016-02-21 10:33:38,210,456,73,351,458,786,787
2016-02-21 10:33:39,214,457,73,354,458,786,787
2016-02-21 10:33:40,217,458,73,359,458,786,787
2016-02-21 10:33:41,218,459,73,359,459,786,787
2016-02-21 10:33:42,221,460,73,359,459,786,787
2016-02-21 10:33:43,224,461,73,359,459,786,787
2016-02-21 10:33:44,227,462,73,359,459,786,787
2016-02-21 10:33:45,230,463,73,359,459,786,787
2016-02-21 10:33:46,232,464,73,359,459,786,787
2016-02-21 10:33:47,236,465,73,359,459,786,787
2016-02-21 10:33:48,240,466,73,359,460,786,787
2016-02-21 10:33:49,245,467,73,359,460,786,787
2016-02-21 10:33:50,246,468,73,360,460,786,787
2016-02-21 10:33:51,247,469,73,360,460,786,787
2016-02-21 10:33:52,251,470,73,360,460,786,787
2016-02-21 10:33:53,255,471,73,360,461,786,787
2016-02-21 10:33:54,260,472,73,361,461,786,787
2016-02-21 10:33:55,261,473,73,361,461,786,787
2016-02-21 10:33:56,263,474,73,361,461,786,787
2016-02-21 10:33:57,266,475,73,361,461,786,787
2016-02-21 10:33:58,268,476,73,361,462,786,787
2016-02-21 10:33:59,272,477,73,361,462,786,787
2016-02-21 10:34:00,277,478,73,362,462,786,787
2016-02-21 10:34:01,278,479,73,362,462,786,787
2016-02-21 10:34:02,280,480,73,362,462,786,787
2016-02-21 10:34:03,283,481,73,363,463,786,787
2016-02-21 10:34:04,286,482,73,363,463,786,787
2016-02-21 10:34:05,291,483,73,363,463,786,787
2016-02-21 10:34:06,292,484,73,364,463,786,787
2016-02-21 10:34:07,297,485,73,364,463,786,787
2016-02-21 10:34:08,302,486,73,364,463,786,787
2016-02-21 10:34:09,306,487,73,365,463,786,787
2016-02-21 10:34:10,309,488,73,365,463,786,787
2016-02-21 10:34:11,313,489,73,366,464,786,787
2016-02-21 10:34:12,316,490,73,366,464,786,787
2016-02-21 10:34:13,319,491,73,366,464,786,787
2016-02-21 10:34:14,322,492,73,367,464,786,787
2016-02-21 10:34:15,326,493,73,367,464,786,787
2016-02-21 10:34:16,330,494,73,367,464,786,787
2016-02-21 10:34:17,331,495,73,368,464,786,787
2016-02-21 10:34:18,334,496,73,368,464,786,787
2016-02-21 10:34:19,340,497,73,368,465,786,787
2016-02-21 10:34:20,340,498,73,368,465,786,787
2016-02-21 10:34:21,345,499,73,369,465,786,787
2016-02-21 10:34:22,348,500,73,369,465,786,787
2016-02-21 10:34:23,348,501,73,370,465,786,787
2016-02-21 10:34:24,352,502,73,370,465,786,787
2016-02-21 10:34:25,357,503,73,370,465,786,787
2016-02-21 10:34:26,359,504,73,371,465,786,787
2016-02-21 10:34:27,363,505,73,371,466,786,787
2016-02-21 10:34:28,365,506,73,371,466,786,787
2016-02-21 10:34:29,367,507,73,372,466,786,787
2016-02-21 10:34:30,372,508,73,372,466,786,787
2016-02-21 10:34:31,376,509,73,372,466,786,787
2016-02-21 10:34:32,382,510,73,372,466,786,787
2016-02-21 10:34:33,384,511,73,373,467,786,787
2016-02-21 10:34:34,386,512,73,373,467,786,787
2016-02-21 10:34:35,390,513,73,373,467,786,787
2016-02-21 10:34:36,394,514,73,373,467,786,787
2016-02-21 10:34:37,396,515,73,374,467,786,787
2016-02-21 10:34:38,400,516,73,374,467,786,787
2016-02-21 10:34:39,401,517,73,374,468,786,787
2016-02-21 10:34:40,402,518,73,375,468,786,787
2016-02-21 10:34:41,407,519,73,375,468,786,787
2016-02-21 10:34:42,408,520,73,375,468,786,787
2016-02-21 10:34:43,413,521,73,376,468,786,787
2016-02-21 10:34:44,417,522,73,376,469,786,787
2016-02-21 10:34:45,422,523,73,376,469,786,787
2016-02-21 10:34:46,425,524,73,377,469,786,787
2016-02-21 10:34:47,426,525,73,377,469,786,787
2016-02-21 10:34:48,431,526,73,381,469,786,787
2016-02-21 10:34:49,432,527,73,381,469,786,787
2016-02-21 10:34:50,437,528,73,381,470,786,787
2016-02-21 10:34:51,440,529,73,382,470,786,787
2016-02-21 10:34:52,444,530,73,382,470,786,787
2016-02-21 10:34:53,449,531,73,389,470,786,787
2016-02-21 10:34:54,450,532,73,388,470,786,787
2016-02-21 10:34:55,454,533,73,388,471,786,787
2016-02-21 10:34:56,456,534,73,387,471,786,787
2016-02-21 10:34:57,459,535,73,387,471,786,787
2016-02-21 10:34:58,464,536,73,388,471,786,787
2016-02-21 10:34:59,465,537,73,385,471,786,787
2016-02-21 10:35:00,470,538,73,386,471,786,787
2016-02-21 10:35:01,472,539,73,384,471,786,787
2016-02-21 10:35:02,473,540,73,384,471,786,787
2016-02-21 10:35:03,477,541,73,385,471,786,787
2016-02-21 10:35:04,478,542,73,385,471,786,787
2016-02-21 10:35:05,479,543,73,386,471,786,787
2016-02-21 10:35:06,484,544,73,386,471,786,787
2016-02-21 10:35:07,485,545,73,388,471,786,787
2016-02-21 10:35:08,490,546,73,388,471,786,787
2016-02-21 10:35:09,494,547,73,388,471,786,787
2016-02-21 10:35:10,497,548,73,389,471,786,787
2016-02-21 10:35:11,502,549,73,389,471,786,787
2016-02-21 10:35:12,506,550,73,397,471,786,787
2016-02-21 10:35:13,510,551,73,397,471,786,787
2016-02-21 10:35:14,512,552,73,397,472,786,787
2016-02-21 10:35:15,516,553,73,398,472,786,787
2016-02-21 10:35:16,517,554,73,398,472,786,787
2016-02-21 10:35:17,522,555,73,399,471,786,787
2016-02-21 10:35:18,526,556,73,399,471,786,787
2016-02-21 10:35:19,527,557,73,399,471,786,787
2016-02-21 10:35:20,531,558,73,398,471,786,787
2016-02-21 10:35:21,533,559,73,398,472,786,787
2016-02-21 10:35:22,534,560,73,398,472,786,787
2016-02-21 10:35:23,538,561,73,398,473,786,787
2016-02-21 10:35:24,540,562,73,399,473,786,787
2016-02-21 10:35:25,542,563,73,399,474,786,787
2016-02-21 10:35:26,547,564,73,399,474,786,787
2016-02-21 10:35:27,550,565,73,399,475,786,787
2016-02-21 10:35:28,553,566,73,400,475,786,787
2016-02-21 10:35:29,555,567,73,400,475,786,787
2016-02-21 10:35:30,557,568,73,400,476,786,787
2016-02-21 10:35:31,561,569,73,401,476,786,787
2016-02-21 10:35:32,563,570,73,401,477,786,787
2016-02-21 10:35:33,569,571,73,402,477,786,787
2016-02-21 10:35:34,571,572,73,402,477,786,787
2016-02-21 10:35:35,576,573,73,402,478,786,787
2016-02-21 10:35:36,579,574,73,403,478,786,787
2016-02-21 10:35:37,583,575,73,403,478,786,787
2016-02-21 10:35:38,587,576,73,404,479,786,787
2016-02-21 10:35:39,589,577,73,404,479,786,787
2016-02-21 10:35:40,593,578,73,404,479,786,787
2016-02-21 10:35:41,595,579,73,405,479,786,787
2016-02-21 10:35:42,596,580,73,405,480,786,787
2016-02-21 10:35:43,600,581,73,405,480,786,787
2016-02-21 10:35:44,601,582,73,406,480,786,787
2016-02-21 10:35:45,605,583,73,407,480,786,787
2016-02-21 10:35:46,610,584,73,407,481,786,787
2016-02-21 10:35:47,612,585,73,407,481,786,787
2016-02-21 10:35:48,615,586,73,407,481,786,787
2016-02-21 10:35:49,616,587,73,407,481,786,787
2016-02-21 10:35:50,622,588,73,408,481,786,787
2016-02-21 10:35:51,625,589,73,408,482,786,787
2016-02-21 10:35:52,630,590,73,408,482,786,787
2016-02-21 10:35:53,633,591,73,409,482,786,787
2016-02-21 10:35:54,635,592,73,409,482,786,787
2016-02-21 10:35:55,639,594,73,409,483,786,787
2016-02-21 10:35:56,640,595,73,410,483,786,787
2016-02-21 10:35:57,641,596,73,410,483,786,787
2016-02-21 10:35:58,646,597,73,410,483,786,787
2016-02-21 10:35:59,651,598,73,411,483,786,787
2016-02-21 10:36:00,654,599,73,411,483,786,787
2016-02-21 10:36:01,657,600,73,412,484,786,787
2016-02-21 10:36:02,658,601,73,412,484,786,787
2016-02-21 10:36:03,661,602,73,412,484,786,787
2016-02-21 10:36:04,663,603,73,413,484,786,787
2016-02-21 10:36:05,665,604,73,413,484,786,787
2016-02-21 10:36:06,671,605,73,413,485,786,787
2016-02-21 10:36:07,676,606,73,413,485,786,787
2016-02-21 10:36:08,682,607,73,414,485,786,787
2016-02-21 10:36:09,687,608,73,414,485,786,787
2016-02-21 10:36:10,688,609,73,414,486,786,787
2016-02-21 10:36:11,692,610,73,415,486,786,787
2016-02-21 10:36:12,696,611,73,415,486,786,787
2016-02-21 10:36:13,699,612,73,415,486,786,787
2016-02-21 10:36:14,702,613,73,416,486,786,787
2016-02-21 10:36:15,706,614,73,416,487,786,787
2016-02-21 10:36:16,711,615,73,416,487,786,787
2016-02-21 10:36:17,712,616,73,417,487,786,787
2016-02-21 10:36:18,714,617,73,417,487,786,787
2016-02-21 10:36:19,717,618,73,417,488,786,787
2016-02-21 10:36:20,719,619,73,418,488,786,787
2016-02-21 10:36:21,723,620,73,418,488,786,787
2016-02-21 10:36:22,727,621,73,418,489,786,787
2016-02-21 10:36:23,732,622,73,418,489,786,787
2016-02-21 10:36:24,736,623,73,419,489,786,787
2016-02-21 10:36:25,738,624,73,419,489,786,787
2016-02-21 10:36:26,741,625,73,419,489,786,787
2016-02-21 10:36:27,743,626,73,419,489,786,787
2016-02-21 10:36:28,746,627,73,420,489,786,787
2016-02-21 10:36:29,751,628,73,420,489,786,787
2016-02-21 10:36:30,757,629,73,420,489,786,787
2016-02-21 10:36:31,760,630,73,420,489,786,787
2016-02-21 10:36:32,760,631,73,423,489,786,787
2016-02-21 10:36:33,765,632,73,423,490,786,787
2016-02-21 10:36:34,767,633,73,426,490,786,787
2016-02-21 10:36:35,769,634,73,426,490,786,787
2016-02-21 10:36:36,772,635,73,426,490,786,787
2016-02-21 10:36:37,774,636,73,426,490,786,787
2016-02-21 10:36:38,779,637,73,426,490,786,787
2016-02-21 10:36:39,782,638,73,426,490,786,787
2016-02-21 10:36:40,785,639,73,426,490,786,787
2016-02-21 10:36:41,790,640,73,426,490,786,787
2016-02-21 10:36:42,791,641,73,427,490,786,787
2016-02-21 10:36:43,796,642,73,427,490,786,787
2016-02-21 10:36:44,801,643,73,427,491,786,787
2016-02-21 10:36:45,804,644,73,427,491,786,787
2016-02-21 10:36:46,806,645,73,428,491,786,787
2016-02-21 10:36:47,810,646,73,428,491,786,787
2016-02-21 10:36:48,814,647,73,428,491,786,787
2016-02-21 10:36:49,819,648,73,428,491,786,787
2016-02-21 10:36:50,823,649,73,428,491,786,787
2016-02-21 10:36:51,825,650,73,429,491,786,787
2016-02-21 10:36:52,828,651,73,429,491,786,787
2016-02-21 10:36:53,829,652,73,429,490,786,787
2016-02-21 10:36:54,834,653,73,429,490,786,787
2016-02-21 10:36:55,838,654,73,429,490,786,787
2016-02-21 10:36:56,840,655,73,431,490,786,787
2016-02-21 10:36:57,844,656,73,431,490,786,787
2016-02-21 10:36:58,845,657,73,431,490,786,787
2016-02-21 10:36:59,850,658,73,432,490,786,787
2016-02-21 10:37:00,853,659,73,433,489,786,787
2016-02-21 10:37:01,857,660,73,433,489,786,787
2016-02-21 10:37:02,862,661,73,432,489,786,787
2016-02-21 10:37:03,862,662,73,427,489,786,787
2016-02-21 10:37:04,868,663,73,431,489,786,787
2016-02-21 10:37:05,869,664,73,431,489,786,787
2016-02-21 10:37:06,870,665,73,431,489,786,787
2016-02-21 10:37:07,875,666,73,431,489,786,787
2016-02-21 10:37:08,876,667,73,420,489,786,787
2016-02-21 10:37:09,876,668,73,419,489,786,787
2016-02-21 10:37:10,881,669,73,420,489,786,787
2016-02-21 10:37:11,883,670,73,420,488,786,787
2016-02-21 10:37:12,886,671,73,420,488,786,787
2016-02-21 10:37:13,891,672,73,420,487,786,787
2016-02-21 10:37:14,894,673,73,420,487,786,787
2016-02-21 10:37:15,899,674,73,418,487,786,787
2016-02-21 10:37:16,903,675,73,418,487,786,787
2016-02-21 10:37:17,908,676,73,418,486,786,787
2016-02-21 10:37:18,909,677,73,418,486,786,787
2016-02-21 10:37:19,914,678,73,418,486,786,787
2016-02-21 10:37:20,915,679,73,418,486,786,787
2016-02-21 10:37:21,919,680,73,418,486,786,787
2016-02-21 10:37:22,923,681,73,418,485,786,787
2016-02-21 10:37:23,925,682,73,418,485,786,787
2016-02-21 10:37:24,929,683,73,418,485,786,787
2016-02-21 10:37:25,930,684,73,417,485,786,787
2016-02-21 10:37:26,934,685,73,418,485,786,787
2016-02-21 10:37:27,939,686,73,418,485,786,787
2016-02-21 10:37:28,940,687,73,418,485,786,787
2016-02-21 10:37:29,944,688,73,418,485,786,787
2016-02-21 10:37:30,950,689,73,418,485,786,787
2016-02-21 10:37:31,953,690,73,419,485,786,787
2016-02-21 10:37:32,954,691,73,419,485,786,787
2016-02-21 10:37:33,959,692,73,419,485,786,787
2016-02-21 10:37:34,963,693,73,419,485,786,787
2016-02-21 10:37:35,964,694,73,419,485,786,787
2016-02-21 10:37:36,968,695,73,419,485,786,787
2016-02-21 10:37:37,969,696,73,420,485,786,787
2016-02-21 10:37:38,972,697,73,420,485,786,787
2016-02-21 10:37:39,975,698,73,420,484,786,787
2016-02-21 10:37:40,977,699,73,420,484,786,787
2016-02-21 10:37:41,982,700,73,420,484,786,787
2016-02-21 10:37:42,985,701,73,421,484,786,787
2016-02-21 10:37:43,988,702,73,421,484,786,787
2016-02-21 10:37:44,993,703,73,421,484,786,787
2016-02-21 10:37:45,999,704,73,421,484,786,787
2016-02-21 10:37:47,002,705,73,421,484,786,787
2016-02-21 10:37:48,002,706,73,422,484,786,787
2016-02-21 10:37:49,008,707,73,422,484,786,787
2016-02-21 10:37:50,010,708,73,423,484,786,787
2016-02-21 10:37:51,013,709,73,423,484,786,787
2016-02-21 10:37:52,017,710,73,424,484,786,787
2016-02-21 10:37:53,018,711,73,423,484,786,787
2016-02-21 10:37:54,023,712,73,424,484,786,787
2016-02-21 10:37:55,027,713,73,424,484,786,787
2016-02-21 10:37:56,031,714,73,424,484,786,787
2016-02-21 10:37:57,033,715,73,424,483,786,787
2016-02-21 10:37:58,038,716,73,424,483,786,787
2016-02-21 10:37:59,041,717,73,424,483,786,787
2016-02-21 10:38:00,044,718,73,425,482,786,787
2016-02-21 10:38:01,049,719,73,425,482,786,787
2016-02-21 10:38:02,050,720,73,425,482,786,787
2016-02-21 10:38:03,055,721,73,425,482,786,787
2016-02-21 10:38:04,057,722,73,426,481,786,787
2016-02-21 10:38:05,058,723,73,427,481,786,787
2016-02-21 10:38:06,062,724,73,427,482,786,787
2016-02-21 10:38:07,063,725,73,427,482,786,787
2016-02-21 10:38:08,066,726,73,427,482,786,787
2016-02-21 10:38:09,072,727,73,427,482,786,787
2016-02-21 10:38:10,078,728,73,427,482,786,787
2016-02-21 10:38:11,083,729,73,428,482,786,787
2016-02-21 10:38:12,087,730,73,428,482,786,787
2016-02-21 10:38:13,089,731,73,428,482,786,787
2016-02-21 10:38:14,092,732,73,428,482,786,787
2016-02-21 10:38:15,097,733,73,428,482,786,787
2016-02-21 10:38:16,100,734,73,428,482,786,787
2016-02-21 10:38:17,106,735,73,428,481,786,787
2016-02-21 10:38:18,107,736,73,427,481,786,787
2016-02-21 10:38:19,111,737,73,427,481,786,787
2016-02-21 10:38:20,115,738,73,427,481,786,787
2016-02-21 10:38:21,120,739,73,427,481,786,787
2016-02-21 10:38:22,121,740,73,428,481,786,787
2016-02-21 10:38:23,123,741,73,428,481,786,787
2016-02-21 10:38:24,127,742,73,429,481,786,787
2016-02-21 10:38:25,128,743,73,429,481,786,787
2016-02-21 10:38:26,129,744,73,429,481,786,787
2016-02-21 10:38:27,134,745,73,429,481,786,787
2016-02-21 10:38:28,135,746,73,429,481,786,787
2016-02-21 10:38:29,137,747,73,429,481,786,787
2016-02-21 10:38:30,141,748,73,430,482,786,787
2016-02-21 10:38:31,143,749,73,430,482,786,787
2016-02-21 10:38:32,147,750,73,430,482,786,787
2016-02-21 10:38:33,152,751,73,430,482,786,787
2016-02-21 10:38:34,158,752,73,430,482,786,787
2016-02-21 10:38:35,160,753,73,431,482,786,787
2016-02-21 10:38:36,166,754,73,431,482,786,787
2016-02-21 10:38:37,169,755,73,431,482,786,787
2016-02-21 10:38:38,174,756,73,431,482,786,787
2016-02-21 10:38:39,176,757,73,432,483,786,787
2016-02-21 10:38:40,179,758,73,432,483,786,787
2016-02-21 10:38:41,184,759,73,432,483,786,787
2016-02-21 10:38:42,186,760,73,432,483,786,787
2016-02-21 10:38:43,190,761,73,432,483,786,787
2016-02-21 10:38:44,191,762,73,432,483,786,787
2016-02-21 10:38:45,192,763,73,432,483,786,787
2016-02-21 10:38:46,197,764,73,433,483,786,787
2016-02-21 10:38:47,198,765,73,433,483,786,787
2016-02-21 10:38:48,199,766,73,433,484,786,787
2016-02-21 10:38:49,203,767,73,433,484,786,787
2016-02-21 10:38:50,205,768,73,434,484,786,787
2016-02-21 10:38:51,208,769,73,434,484,786,787
2016-02-21 10:38:52,210,770,73,434,484,786,787
2016-02-21 10:38:53,212,771,73,434,484,786,787
2016-02-21 10:38:54,218,772,73,434,484,786,787
2016-02-21 10:38:55,221,773,73,435,484,786,787
2016-02-21 10:38:56,223,774,73,435,484,786,787
2016-02-21 10:38:57,226,775,73,435,484,786,787
2016-02-21 10:38:58,228,776,73,436,484,786,787
2016-02-21 10:38:59,233,777,73,436,483,786,787
2016-02-21 10:39:00,236,778,73,436,483,786,787
2016-02-21 10:39:01,239,779,73,437,483,786,787
2016-02-21 10:39:02,244,780,73,437,483,786,787
2016-02-21 10:39:03,247,781,73,437,483,786,787
2016-02-21 10:39:04,252,782,73,437,483,786,787
2016-02-21 10:39:05,256,783,73,437,482,786,787
2016-02-21 10:39:06,259,784,73,438,482,786,787
2016-02-21 10:39:07,264,785,73,438,482,786,787
2016-02-21 10:39:08,270,786,73,438,482,786,787
2016-02-21 10:39:09,274,787,73,438,482,786,787
2016-02-21 10:39:10,278,788,73,438,482,786,787
2016-02-21 10:39:11,280,789,73,446,482,786,787
2016-02-21 10:39:12,284,790,73,446,482,786,787
2016-02-21 10:39:13,289,791,73,446,481,786,787
2016-02-21 10:39:14,292,792,73,446,481,786,787
2016-02-21 10:39:15,293,793,73,447,481,786,787
2016-02-21 10:39:16,299,794,73,447,481,786,787
2016-02-21 10:39:17,301,795,73,449,480,786,787
2016-02-21 10:39:18,304,796,73,448,480,786,787
2016-02-21 10:39:19,307,797,73,448,480,786,787
2016-02-21 10:39:20,308,798,73,448,480,786,787
2016-02-21 10:39:21,312,799,73,448,480,786,787
2016-02-21 10:39:22,317,800,73,448,479,786,787
2016-02-21 10:39:23,322,801,73,449,479,786,787
2016-02-21 10:39:24,326,802,73,454,479,786,787
2016-02-21 10:39:25,329,803,73,454,479,786,787
2016-02-21 10:39:26,334,804,73,454,479,786,787
2016-02-21 10:39:27,338,805,73,454,478,786,787
2016-02-21 10:39:28,343,806,73,454,478,786,787
2016-02-21 10:39:29,346,807,73,454,478,786,787
2016-02-21 10:39:30,351,808,73,454,478,786,787
2016-02-21 10:39:31,355,809,73,454,478,786,787
2016-02-21 10:39:32,359,810,73,454,478,786,787
2016-02-21 10:39:33,365,811,73,455,478,786,787
2016-02-21 10:39:34,368,812,73,461,478,786,787
2016-02-21 10:39:35,370,813,73,461,478,786,787
2016-02-21 10:39:36,373,814,73,461,478,786,787
2016-02-21 10:39:37,375,815,73,462,478,786,787
2016-02-21 10:39:38,381,816,73,462,478,786,787
2016-02-21 10:39:39,383,817,73,462,478,786,787
2016-02-21 10:39:40,385,818,73,462,478,786,787
2016-02-21 10:39:41,389,819,73,462,478,786,787
2016-02-21 10:39:42,394,820,73,462,478,786,787
2016-02-21 10:39:43,397,821,73,463,478,786,787
2016-02-21 10:39:44,399,822,73,463,477,786,787
2016-02-21 10:39:45,404,823,73,463,477,786,787
2016-02-21 10:39:46,407,824,73,463,477,786,787
2016-02-21 10:39:47,413,825,73,464,477,786,787
2016-02-21 10:39:48,416,826,73,464,476,786,787
2016-02-21 10:39:49,421,827,73,464,476,786,787
2016-02-21 10:39:50,424,828,73,464,476,786,787
2016-02-21 10:39:51,429,829,73,464,476,786,787
2016-02-21 10:39:52,433,830,73,464,476,786,787
2016-02-21 10:39:53,436,831,73,466,475,786,787
2016-02-21 10:39:54,441,832,73,466,475,786,787
2016-02-21 10:39:55,444,833,73,466,475,786,787
2016-02-21 10:39:56,447,834,73,466,474,786,787
2016-02-21 10:39:57,453,835,73,466,474,786,787
2016-02-21 10:39:58,455,836,73,467,473,786,787
2016-02-21 10:39:59,456,837,73,478,473,786,787
2016-02-21 10:40:00,458,838,73,471,473,786,787
2016-02-21 10:40:01,462,839,73,471,472,786,787
2016-02-21 10:40:02,463,840,73,471,472,786,787
2016-02-21 10:40:03,467,841,73,471,472,786,787
2016-02-21 10:40:04,472,842,73,471,471,786,787
2016-02-21 10:40:05,478,843,73,472,471,786,787
2016-02-21 10:40:06,480,844,73,482,471,786,787
2016-02-21 10:40:07,486,845,73,535,471,786,787
2016-02-21 10:40:08,489,846,73,528,471,786,787
2016-02-21 10:40:09,494,847,73,528,471,786,787
2016-02-21 10:40:10,497,848,73,527,471,786,787
2016-02-21 10:40:11,502,849,73,525,470,786,787
2016-02-21 10:40:12,506,850,73,523,470,786,787
2016-02-21 10:40:13,509,851,73,521,469,786,787
2016-02-21 10:40:14,514,852,73,518,469,786,787
2016-02-21 10:40:15,515,853,73,516,468,786,787
2016-02-21 10:40:16,520,854,73,510,467,786,787
2016-02-21 10:40:17,523,855,73,492,467,786,787
2016-02-21 10:40:18,528,856,73,486,466,786,787
2016-02-21 10:40:19,532,857,73,516,466,786,787
2016-02-21 10:40:20,537,858,73,507,465,786,787
2016-02-21 10:40:21,539,859,73,508,465,786,787
2016-02-21 10:40:22,545,860,73,508,465,786,787
2016-02-21 10:40:23,546,861,73,510,465,786,787
2016-02-21 10:40:24,552,862,73,491,465,786,787
2016-02-21 10:40:25,555,863,73,503,465,786,787
2016-02-21 10:40:26,558,864,73,503,464,786,787
2016-02-21 10:40:27,564,865,73,503,464,786,787
2016-02-21 10:40:28,565,866,73,504,464,786,787
2016-02-21 10:40:29,569,867,73,504,464,786,787
2016-02-21 10:40:30,570,868,73,505,464,786,787
2016-02-21 10:40:31,572,869,73,506,464,786,787
2016-02-21 10:40:32,576,870,73,506,463,786,787
2016-02-21 10:40:33,577,871,73,508,463,786,787
2016-02-21 10:40:34,578,872,73,510,463,786,787
2016-02-21 10:40:35,583,873,73,512,463,786,787
2016-02-21 10:40:36,584,874,73,513,463,786,787
2016-02-21 10:40:37,585,875,73,514,463,786,787
2016-02-21 10:40:38,590,876,73,514,463,786,787
2016-02-21 10:40:39,591,877,73,515,463,786,787
2016-02-21 10:40:40,592,878,73,516,463,786,787
2016-02-21 10:40:41,597,879,73,517,462,786,787
2016-02-21 10:40:42,598,880,73,520,462,786,787
2016-02-21 10:40:43,604,881,73,520,462,786,787
2016-02-21 10:40:44,607,882,73,520,462,786,787
2016-02-21 10:40:45,608,883,73,520,462,786,787
2016-02-21 10:40:46,612,884,73,520,462,786,787
2016-02-21 10:40:47,614,885,73,520,462,786,787
2016-02-21 10:40:48,617,886,73,520,462,786,787
2016-02-21 10:40:49,622,887,73,521,462,786,787
2016-02-21 10:40:50,627,888,73,521,462,786,787
2016-02-21 10:40:51,631,889,73,521,462,786,787
2016-02-21 10:40:52,637,890,73,521,462,786,787
2016-02-21 10:40:53,639,892,73,521,462,786,787
2016-02-21 10:40:54,639,893,73,515,462,786,787
2016-02-21 10:40:55,644,894,73,515,462,786,787
2016-02-21 10:40:56,645,895,73,515,462,786,787
