2016-03-16 21:11:07,715,datetime,ms,seconds,ambient_temp,thermocouple_0_temp,thermocouple_1_temp,thermocouple_2_temp,thermocouple_3_temp
2016-03-16 21:11:12,783,5,78,445,384,783,784
2016-03-16 21:11:13,788,6,79,434,379,783,784
2016-03-16 21:11:14,792,7,78,424,375,783,784
2016-03-16 21:11:15,794,8,79,415,372,783,784
2016-03-16 21:11:16,797,9,78,405,370,783,784
2016-03-16 21:11:17,798,10,79,396,368,783,784
2016-03-16 21:11:18,803,11,78,387,366,783,784
2016-03-16 21:11:19,807,12,79,379,364,783,784
2016-03-16 21:11:20,809,13,78,371,362,783,784
2016-03-16 21:11:21,812,14,79,364,361,783,784
2016-03-16 21:11:22,814,15,79,356,359,783,784
2016-03-16 21:11:23,816,16,78,349,358,783,784
2016-03-16 21:11:24,819,17,79,342,357,783,784
2016-03-16 21:11:25,821,18,79,336,356,783,784
2016-03-16 21:11:26,823,19,79,330,355,783,784
2016-03-16 21:11:27,826,20,79,324,354,783,784
2016-03-16 21:11:28,828,21,79,318,353,783,784
2016-03-16 21:11:29,830,22,79,313,352,783,784
2016-03-16 21:11:30,833,23,79,307,351,783,784
2016-03-16 21:11:31,835,24,78,302,351,783,784
2016-03-16 21:11:32,840,25,79,298,350,783,784
2016-03-16 21:11:33,843,26,79,294,350,783,784
2016-03-16 21:11:34,846,27,79,289,349,783,784
2016-03-16 21:11:35,848,28,79,285,349,783,784
2016-03-16 21:11:36,850,29,79,281,348,783,784
2016-03-16 21:11:37,852,30,79,277,348,783,784
2016-03-16 21:11:38,856,31,79,273,347,783,784
2016-03-16 21:11:39,859,32,79,270,347,783,784
2016-03-16 21:11:40,863,33,79,266,347,783,784
2016-03-16 21:11:41,867,34,79,263,346,783,784
2016-03-16 21:11:42,867,35,79,260,346,783,784
2016-03-16 21:11:43,871,36,79,258,346,783,784
2016-03-16 21:11:44,872,37,79,255,345,783,784
2016-03-16 21:11:45,878,38,79,252,345,783,784
2016-03-16 21:11:46,881,39,79,250,344,783,784
2016-03-16 21:11:47,885,40,79,248,344,783,784
2016-03-16 21:11:48,889,41,79,245,344,783,784
2016-03-16 21:11:49,890,42,79,243,344,783,784
2016-03-16 21:11:50,894,43,79,241,344,783,784
2016-03-16 21:11:51,896,44,79,239,343,783,784
2016-03-16 21:11:52,900,45,79,237,343,783,784
2016-03-16 21:11:53,905,46,79,235,343,783,784
2016-03-16 21:11:54,908,47,79,234,343,783,784
2016-03-16 21:11:55,913,48,79,232,342,783,784
2016-03-16 21:11:56,914,49,79,231,342,783,784
2016-03-16 21:11:57,918,50,79,229,342,783,784
2016-03-16 21:11:58,920,51,79,228,342,783,784
2016-03-16 21:11:59,922,52,79,227,342,783,784
2016-03-16 21:12:00,925,53,79,225,342,783,784
2016-03-16 21:12:01,927,54,79,224,342,783,784
2016-03-16 21:12:02,928,55,79,223,342,783,784
2016-03-16 21:12:03,932,56,79,223,342,783,784
2016-03-16 21:12:04,933,57,79,222,341,783,784
2016-03-16 21:12:05,936,58,79,221,341,783,784
2016-03-16 21:12:06,939,59,79,220,341,783,784
2016-03-16 21:12:07,941,60,79,219,341,783,784
2016-03-16 21:12:08,941,61,79,218,341,783,784
2016-03-16 21:12:09,946,62,79,218,341,783,784
2016-03-16 21:12:10,948,63,79,217,341,783,784
2016-03-16 21:12:11,952,64,79,217,342,783,784
2016-03-16 21:12:12,956,65,79,216,343,783,784
2016-03-16 21:12:13,957,66,79,216,344,783,784
2016-03-16 21:12:14,961,67,79,216,345,783,784
2016-03-16 21:12:15,966,68,79,215,346,783,784
2016-03-16 21:12:16,970,69,79,215,347,783,784
2016-03-16 21:12:17,974,70,79,215,347,783,784
2016-03-16 21:12:18,974,71,79,215,348,783,784
2016-03-16 21:12:19,976,72,79,215,349,783,784
2016-03-16 21:12:20,978,73,79,214,350,783,784
2016-03-16 21:12:21,979,74,79,215,351,783,784
2016-03-16 21:12:22,983,75,79,215,352,783,784
2016-03-16 21:12:23,985,76,79,215,353,783,784
2016-03-16 21:12:24,987,77,79,215,353,783,784
2016-03-16 21:12:25,990,78,79,215,354,783,784
2016-03-16 21:12:26,992,79,79,215,355,783,784
2016-03-16 21:12:27,995,80,79,215,356,783,784
2016-03-16 21:12:29,001,81,79,215,356,783,784
2016-03-16 21:12:30,006,82,79,216,357,783,784
2016-03-16 21:12:31,009,83,79,216,358,783,784
2016-03-16 21:12:32,014,84,79,216,359,783,784
2016-03-16 21:12:33,018,85,79,216,360,783,784
2016-03-16 21:12:34,018,86,79,216,360,783,784
2016-03-16 21:12:35,022,87,79,217,361,783,784
2016-03-16 21:12:36,024,88,79,217,361,783,784
2016-03-16 21:12:37,025,89,79,217,362,783,784
2016-03-16 21:12:38,030,90,79,217,362,783,784
2016-03-16 21:12:39,031,91,79,218,363,783,784
2016-03-16 21:12:40,038,92,79,218,363,783,784
2016-03-16 21:12:41,040,93,79,219,364,783,784
2016-03-16 21:12:42,041,94,79,219,365,783,784
2016-03-16 21:12:43,045,95,79,220,365,783,784
2016-03-16 21:12:44,047,96,79,220,366,783,784
2016-03-16 21:12:45,049,97,79,221,366,783,784
2016-03-16 21:12:46,052,98,79,221,367,783,784
2016-03-16 21:12:47,054,99,79,222,367,783,784
2016-03-16 21:12:48,056,100,79,222,368,783,784
2016-03-16 21:12:49,059,101,79,223,368,783,784
2016-03-16 21:12:50,060,102,79,223,369,783,784
2016-03-16 21:12:51,063,103,79,224,369,783,784
2016-03-16 21:12:52,069,104,79,225,370,783,784
2016-03-16 21:12:53,071,105,79,225,370,783,784
2016-03-16 21:12:54,074,106,79,226,371,783,784
2016-03-16 21:12:55,076,107,79,226,371,783,784
2016-03-16 21:12:56,078,108,79,227,372,783,784
2016-03-16 21:12:57,081,109,79,227,372,783,784
2016-03-16 21:12:58,082,110,79,228,372,783,784
2016-03-16 21:12:59,085,111,79,229,373,783,784
2016-03-16 21:13:00,088,112,79,229,373,783,784
2016-03-16 21:13:01,090,113,79,230,374,783,784
2016-03-16 21:13:02,095,114,79,231,374,783,784
2016-03-16 21:13:03,098,115,79,232,375,783,784
2016-03-16 21:13:04,099,116,79,232,375,783,784
2016-03-16 21:13:05,103,117,79,233,375,783,784
2016-03-16 21:13:06,107,118,79,233,376,783,784
2016-03-16 21:13:07,112,119,79,234,376,783,784
2016-03-16 21:13:08,113,120,79,235,377,783,784
2016-03-16 21:13:09,119,121,79,235,377,783,784
2016-03-16 21:13:10,122,122,79,236,377,783,784
2016-03-16 21:13:11,124,123,79,237,378,783,784
2016-03-16 21:13:12,127,124,79,238,378,783,784
2016-03-16 21:13:13,129,125,79,238,379,783,784
2016-03-16 21:13:14,134,126,79,239,379,783,784
2016-03-16 21:13:15,137,127,79,240,380,783,784
2016-03-16 21:13:16,141,128,79,241,380,783,784
2016-03-16 21:13:17,145,129,79,242,380,783,784
2016-03-16 21:13:18,148,130,79,242,381,783,784
2016-03-16 21:13:19,151,131,79,243,381,783,784
2016-03-16 21:13:20,153,132,79,244,381,783,784
2016-03-16 21:13:21,157,133,79,245,382,783,784
2016-03-16 21:13:22,161,134,79,245,382,783,784
2016-03-16 21:13:23,165,135,79,246,382,783,784
2016-03-16 21:13:24,170,136,79,247,383,783,784
2016-03-16 21:13:25,170,137,79,248,383,783,784
2016-03-16 21:13:26,174,138,79,249,384,783,784
2016-03-16 21:13:27,176,139,79,249,384,783,784
2016-03-16 21:13:28,178,140,79,250,384,783,784
2016-03-16 21:13:29,182,141,79,251,385,783,784
2016-03-16 21:13:30,184,142,79,252,385,783,784
2016-03-16 21:13:31,184,143,79,252,385,783,784
2016-03-16 21:13:32,189,144,79,253,386,783,784
2016-03-16 21:13:33,190,145,79,254,386,783,784
2016-03-16 21:13:34,195,146,79,255,387,783,784
2016-03-16 21:13:35,198,147,79,256,387,783,784
2016-03-16 21:13:36,203,148,79,256,387,783,784
2016-03-16 21:13:37,206,149,79,257,387,783,784
2016-03-16 21:13:38,208,150,79,258,388,783,784
2016-03-16 21:13:39,212,151,79,259,388,783,784
2016-03-16 21:13:40,214,152,79,260,389,783,784
2016-03-16 21:13:41,218,153,79,260,389,783,784
2016-03-16 21:13:42,223,154,79,261,389,783,784
2016-03-16 21:13:43,224,155,79,262,389,783,784
2016-03-16 21:13:44,228,156,79,263,390,783,784
2016-03-16 21:13:45,230,157,79,264,390,783,784
2016-03-16 21:13:46,231,158,79,264,390,783,784
2016-03-16 21:13:47,235,159,79,265,391,783,784
2016-03-16 21:13:48,236,160,79,266,391,783,784
2016-03-16 21:13:49,241,161,79,267,391,783,784
2016-03-16 21:13:50,245,162,79,268,391,783,784
2016-03-16 21:13:51,246,163,79,268,392,783,784
2016-03-16 21:13:52,247,164,79,269,392,783,784
2016-03-16 21:13:53,253,165,79,270,392,783,784
2016-03-16 21:13:54,255,166,79,271,393,783,784
2016-03-16 21:13:55,260,167,79,272,393,783,784
2016-03-16 21:13:56,265,168,79,273,393,783,784
2016-03-16 21:13:57,269,169,79,274,393,783,784
2016-03-16 21:13:58,270,170,79,274,393,783,784
2016-03-16 21:13:59,274,171,79,275,394,783,784
2016-03-16 21:14:00,279,172,79,276,394,783,784
2016-03-16 21:14:01,282,173,79,277,394,783,784
2016-03-16 21:14:02,284,174,79,277,394,783,784
2016-03-16 21:14:03,285,175,79,278,395,783,784
2016-03-16 21:14:04,289,176,79,279,395,783,784
2016-03-16 21:14:05,292,177,79,280,395,783,784
2016-03-16 21:14:06,292,178,79,280,396,783,784
2016-03-16 21:14:07,296,179,79,281,396,783,784
2016-03-16 21:14:08,298,180,79,282,396,783,784
2016-03-16 21:14:09,301,181,79,283,397,783,784
2016-03-16 21:14:10,306,182,79,283,397,783,784
2016-03-16 21:14:11,310,183,79,284,397,783,784
2016-03-16 21:14:12,315,184,79,285,397,783,784
2016-03-16 21:14:13,316,185,79,286,398,783,784
2016-03-16 21:14:14,320,186,79,286,398,783,784
2016-03-16 21:14:15,322,187,79,287,398,783,784
2016-03-16 21:14:16,324,188,79,288,398,783,784
2016-03-16 21:14:17,330,189,79,289,399,783,784
2016-03-16 21:14:18,332,190,79,289,399,783,784
2016-03-16 21:14:19,335,191,79,290,399,783,784
2016-03-16 21:14:20,337,192,79,291,399,783,784
2016-03-16 21:14:21,338,193,79,292,400,783,784
2016-03-16 21:14:22,342,194,79,293,400,783,784
2016-03-16 21:14:23,344,195,79,294,401,783,784
2016-03-16 21:14:24,349,196,79,294,401,783,784
2016-03-16 21:14:25,352,197,79,295,401,783,784
2016-03-16 21:14:26,353,198,79,296,401,783,784
2016-03-16 21:14:27,358,199,79,296,401,783,784
2016-03-16 21:14:28,361,200,79,297,402,783,784
2016-03-16 21:14:29,366,201,79,298,402,783,784
2016-03-16 21:14:30,368,202,79,299,402,783,784
2016-03-16 21:14:31,369,203,79,299,402,783,784
2016-03-16 21:14:32,373,204,79,300,403,783,784
2016-03-16 21:14:33,376,205,79,301,403,783,784
2016-03-16 21:14:34,381,206,79,302,403,783,784
2016-03-16 21:14:35,383,207,79,303,403,783,784
2016-03-16 21:14:36,384,208,79,303,404,783,784
2016-03-16 21:14:37,388,209,79,304,404,783,784
2016-03-16 21:14:38,390,210,79,305,404,783,784
2016-03-16 21:14:39,393,211,79,305,404,783,784
2016-03-16 21:14:40,399,212,79,306,405,783,784
2016-03-16 21:14:41,404,213,79,307,405,783,784
2016-03-16 21:14:42,407,214,79,307,405,783,784
2016-03-16 21:14:43,410,215,79,308,406,783,784
2016-03-16 21:14:44,415,216,79,309,406,783,784
2016-03-16 21:14:45,417,217,79,309,406,783,784
2016-03-16 21:14:46,421,218,79,310,406,783,784
2016-03-16 21:14:47,422,219,79,311,407,783,784
2016-03-16 21:14:48,425,220,79,312,407,783,784
2016-03-16 21:14:49,428,221,79,313,407,783,784
2016-03-16 21:14:50,430,222,79,313,408,783,784
2016-03-16 21:14:51,432,223,79,314,408,783,784
2016-03-16 21:14:52,434,224,79,314,408,783,784
2016-03-16 21:14:53,436,225,79,315,408,783,784
2016-03-16 21:14:54,440,226,79,316,408,783,784
2016-03-16 21:14:55,445,227,79,317,409,783,784
2016-03-16 21:14:56,448,228,79,317,409,783,784
2016-03-16 21:14:57,453,229,79,318,409,783,784
2016-03-16 21:14:58,454,230,79,319,409,783,784
2016-03-16 21:14:59,458,231,79,319,410,783,784
2016-03-16 21:15:00,460,232,79,320,410,783,784
2016-03-16 21:15:01,461,233,79,321,410,783,784
2016-03-16 21:15:02,465,234,79,321,410,783,784
2016-03-16 21:15:03,467,235,79,322,411,783,784
2016-03-16 21:15:04,467,236,79,323,411,783,784
2016-03-16 21:15:05,472,237,79,323,411,783,784
2016-03-16 21:15:06,474,238,79,324,411,783,784
2016-03-16 21:15:07,477,239,79,325,411,783,784
2016-03-16 21:15:08,482,240,79,325,412,783,784
2016-03-16 21:15:09,485,241,79,326,412,783,784
2016-03-16 21:15:10,487,242,79,327,412,783,784
2016-03-16 21:15:11,492,243,79,327,413,783,784
2016-03-16 21:15:12,496,244,79,328,413,783,784
2016-03-16 21:15:13,498,245,79,329,413,783,784
2016-03-16 21:15:14,502,246,79,329,413,783,784
2016-03-16 21:15:15,506,247,79,330,413,783,784
2016-03-16 21:15:16,509,248,79,331,414,783,784
2016-03-16 21:15:17,515,249,79,331,414,783,784
2016-03-16 21:15:18,520,250,79,332,414,783,784
2016-03-16 21:15:19,524,251,79,333,414,783,784
2016-03-16 21:15:20,529,252,79,333,414,783,784
2016-03-16 21:15:21,532,253,79,334,415,783,784
2016-03-16 21:15:22,537,254,79,335,415,783,784
2016-03-16 21:15:23,540,255,79,335,415,783,784
2016-03-16 21:15:24,546,256,79,336,415,783,784
2016-03-16 21:15:25,549,257,79,337,415,783,784
2016-03-16 21:15:26,554,258,79,337,416,783,784
2016-03-16 21:15:27,555,259,79,338,416,783,784
2016-03-16 21:15:28,559,260,79,339,416,783,784
2016-03-16 21:15:29,564,261,79,339,416,783,784
2016-03-16 21:15:30,567,262,79,340,416,783,784
2016-03-16 21:15:31,571,263,79,341,417,783,784
2016-03-16 21:15:32,573,264,79,341,417,783,784
2016-03-16 21:15:33,576,265,79,342,417,783,784
2016-03-16 21:15:34,581,266,79,343,417,783,784
2016-03-16 21:15:35,584,267,79,343,418,783,784
2016-03-16 21:15:36,586,268,79,344,418,783,784
2016-03-16 21:15:37,588,269,79,344,418,783,784
2016-03-16 21:15:38,592,270,79,345,418,783,784
2016-03-16 21:15:39,596,271,79,345,419,783,784
2016-03-16 21:15:40,597,272,79,346,419,783,784
2016-03-16 21:15:41,601,273,79,347,419,783,784
2016-03-16 21:15:42,603,274,79,347,419,783,784
2016-03-16 21:15:43,606,275,79,348,420,783,784
2016-03-16 21:15:44,610,276,79,348,420,783,784
2016-03-16 21:15:45,611,277,79,349,420,783,784
2016-03-16 21:15:46,617,278,79,350,420,783,784
2016-03-16 21:15:47,619,279,79,350,420,783,784
2016-03-16 21:15:48,623,280,79,351,421,783,784
2016-03-16 21:15:49,627,281,79,352,421,783,784
2016-03-16 21:15:50,631,282,79,352,421,783,784
2016-03-16 21:15:51,636,283,79,353,421,783,784
2016-03-16 21:15:52,636,284,79,353,421,783,784
2016-03-16 21:15:53,641,285,79,354,422,783,784
2016-03-16 21:15:54,642,286,79,354,422,783,784
2016-03-16 21:15:55,645,287,79,355,422,783,784
2016-03-16 21:15:56,648,288,79,355,422,783,784
2016-03-16 21:15:57,649,289,79,356,423,783,784
2016-03-16 21:15:58,650,290,79,357,423,783,784
2016-03-16 21:15:59,650,291,79,357,423,783,784
2016-03-16 21:16:00,653,292,79,358,423,783,784
2016-03-16 21:16:01,655,293,79,358,423,783,784
2016-03-16 21:16:02,658,294,79,359,424,783,784
2016-03-16 21:16:03,663,295,79,359,424,783,784
2016-03-16 21:16:04,665,296,79,360,424,783,784
2016-03-16 21:16:05,670,297,79,361,424,783,784
2016-03-16 21:16:06,670,298,79,361,424,783,784
2016-03-16 21:16:07,676,299,79,362,424,783,784
2016-03-16 21:16:08,679,300,79,362,425,783,784
2016-03-16 21:16:09,680,301,79,363,425,783,784
2016-03-16 21:16:10,683,302,79,364,425,783,784
2016-03-16 21:16:11,685,303,79,364,425,783,784
2016-03-16 21:16:12,688,304,79,365,425,783,784
2016-03-16 21:16:13,690,305,79,365,425,783,784
2016-03-16 21:16:14,695,306,79,366,425,783,784
2016-03-16 21:16:15,699,307,79,366,425,783,784
2016-03-16 21:16:16,701,308,79,367,426,783,784
2016-03-16 21:16:17,704,309,79,368,426,783,784
2016-03-16 21:16:18,707,310,79,368,426,783,784
2016-03-16 21:16:19,712,311,79,369,427,783,784
2016-03-16 21:16:20,714,312,79,369,427,783,784
2016-03-16 21:16:21,716,314,79,370,427,783,784
2016-03-16 21:16:22,719,315,79,370,427,783,784
2016-03-16 21:16:23,721,316,79,371,427,783,784
2016-03-16 21:16:24,723,317,79,372,428,783,784
2016-03-16 21:16:25,728,318,79,372,428,783,784
2016-03-16 21:16:26,732,319,79,373,428,783,784
2016-03-16 21:16:27,735,320,79,373,428,783,784
2016-03-16 21:16:28,740,321,79,374,428,783,784
2016-03-16 21:16:29,741,322,79,374,429,783,784
2016-03-16 21:16:30,745,323,79,375,429,783,784
2016-03-16 21:16:31,747,324,79,375,429,783,784
2016-03-16 21:16:32,752,325,79,376,429,783,784
2016-03-16 21:16:33,756,326,79,376,430,783,784
2016-03-16 21:16:34,758,327,79,377,430,783,784
2016-03-16 21:16:35,760,328,79,378,430,783,784
2016-03-16 21:16:36,762,329,79,378,430,783,784
2016-03-16 21:16:37,767,330,79,379,431,783,784
2016-03-16 21:16:38,771,331,79,379,431,783,784
2016-03-16 21:16:39,776,332,79,380,431,783,784
2016-03-16 21:16:40,779,333,79,380,432,783,784
2016-03-16 21:16:41,785,334,79,381,432,783,784
2016-03-16 21:16:42,788,335,79,381,432,783,784
2016-03-16 21:16:43,789,336,79,382,432,783,784
2016-03-16 21:16:44,790,337,79,382,432,783,784
2016-03-16 21:16:45,795,338,79,383,433,783,784
2016-03-16 21:16:46,801,339,79,383,433,783,784
2016-03-16 21:16:47,803,340,79,384,433,783,784
2016-03-16 21:16:48,806,341,79,384,433,783,784
2016-03-16 21:16:49,808,342,79,385,433,783,784
2016-03-16 21:16:50,810,343,79,385,434,783,784
2016-03-16 21:16:51,812,344,79,386,434,783,784
2016-03-16 21:16:52,815,345,79,387,434,783,784
2016-03-16 21:16:53,817,346,79,387,434,783,784
2016-03-16 21:16:54,818,347,79,388,434,783,784
2016-03-16 21:16:55,822,348,79,388,434,783,784
2016-03-16 21:16:56,824,349,79,389,435,783,784
2016-03-16 21:16:57,829,350,79,389,435,783,784
2016-03-16 21:16:58,834,351,79,390,435,783,784
2016-03-16 21:16:59,839,352,79,390,435,783,784
2016-03-16 21:17:00,841,353,79,391,436,783,784
2016-03-16 21:17:01,842,354,79,391,436,783,784
2016-03-16 21:17:02,845,355,79,392,436,783,784
2016-03-16 21:17:03,848,356,79,392,436,783,784
2016-03-16 21:17:04,849,357,79,393,436,783,784
2016-03-16 21:17:05,852,358,79,393,436,783,784
2016-03-16 21:17:06,856,359,79,394,437,783,784
2016-03-16 21:17:07,861,360,79,394,437,783,784
2016-03-16 21:17:08,863,361,79,395,437,783,784
2016-03-16 21:17:09,864,362,79,395,437,783,784
2016-03-16 21:17:10,868,363,79,396,437,783,784
2016-03-16 21:17:11,870,364,79,396,438,783,784
2016-03-16 21:17:12,873,365,79,397,438,783,784
2016-03-16 21:17:13,875,366,79,397,438,783,784
2016-03-16 21:17:14,877,367,79,398,438,783,784
2016-03-16 21:17:15,878,368,79,398,439,783,784
2016-03-16 21:17:16,882,369,79,399,439,783,784
2016-03-16 21:17:17,884,370,79,399,439,783,784
2016-03-16 21:17:18,885,371,79,400,439,783,784
2016-03-16 21:17:19,888,372,79,400,439,783,784
2016-03-16 21:17:20,891,373,79,401,439,783,784
2016-03-16 21:17:21,893,374,79,401,440,783,784
2016-03-16 21:17:22,896,375,79,402,440,783,784
2016-03-16 21:17:23,900,376,79,402,440,783,784
2016-03-16 21:17:24,904,377,79,403,440,783,784
2016-03-16 21:17:25,908,378,79,403,440,783,784
2016-03-16 21:17:26,912,379,79,404,440,783,784
2016-03-16 21:17:27,916,380,79,404,441,783,784
2016-03-16 21:17:28,921,381,79,405,441,783,784
2016-03-16 21:17:29,923,382,79,405,441,783,784
2016-03-16 21:17:30,927,383,79,406,441,783,784
2016-03-16 21:17:31,932,384,79,406,441,783,784
2016-03-16 21:17:32,934,385,79,407,442,783,784
2016-03-16 21:17:33,936,386,79,407,442,783,784
2016-03-16 21:17:34,942,387,79,408,442,783,784
2016-03-16 21:17:35,945,388,79,408,442,783,784
2016-03-16 21:17:36,947,389,79,409,443,783,784
2016-03-16 21:17:37,949,390,79,409,443,783,784
2016-03-16 21:17:38,954,391,79,410,443,783,784
2016-03-16 21:17:39,960,392,79,410,444,783,784
2016-03-16 21:17:40,963,393,79,411,444,783,784
2016-03-16 21:17:41,969,394,79,411,444,783,784
2016-03-16 21:17:42,972,395,79,412,444,783,784
2016-03-16 21:17:43,975,396,79,412,444,783,784
2016-03-16 21:17:44,981,397,79,413,444,783,784
2016-03-16 21:17:45,982,398,79,413,445,783,784
2016-03-16 21:17:46,986,399,79,414,445,783,784
2016-03-16 21:17:47,989,400,79,414,445,783,784
2016-03-16 21:17:48,994,401,79,414,444,783,784
2016-03-16 21:17:49,996,402,79,415,444,783,784
2016-03-16 21:17:50,999,403,79,416,444,783,784
2016-03-16 21:17:52,002,404,79,416,444,783,784
2016-03-16 21:17:53,003,405,79,416,444,783,784
2016-03-16 21:17:54,006,406,79,417,445,783,784
2016-03-16 21:17:55,008,407,79,417,444,783,784
2016-03-16 21:17:56,010,408,79,418,444,783,784
2016-03-16 21:17:57,015,409,79,418,445,783,784
2016-03-16 21:17:58,018,410,79,419,445,783,784
2016-03-16 21:17:59,022,411,79,419,445,783,784
2016-03-16 21:18:00,023,412,79,420,446,783,784
2016-03-16 21:18:01,028,413,79,420,446,783,784
2016-03-16 21:18:02,033,414,79,421,446,783,784
2016-03-16 21:18:03,034,415,79,421,447,783,784
2016-03-16 21:18:04,038,416,79,422,447,783,784
2016-03-16 21:18:05,042,417,79,422,448,783,784
2016-03-16 21:18:06,044,418,79,423,448,783,784
2016-03-16 21:18:07,047,419,79,423,448,783,784
2016-03-16 21:18:08,049,420,79,424,448,783,784
2016-03-16 21:18:09,053,421,79,424,449,783,784
2016-03-16 21:18:10,058,422,79,425,449,783,784
2016-03-16 21:18:11,062,423,79,425,449,783,784
2016-03-16 21:18:12,066,424,79,425,450,783,784
2016-03-16 21:18:13,071,425,79,426,450,783,784
2016-03-16 21:18:14,075,426,79,426,450,783,784
2016-03-16 21:18:15,078,427,79,427,451,783,784
2016-03-16 21:18:16,083,428,79,427,451,783,784
2016-03-16 21:18:17,086,429,79,428,451,783,784
2016-03-16 21:18:18,088,430,79,428,451,783,784
2016-03-16 21:18:19,090,431,79,429,452,783,784
2016-03-16 21:18:20,093,432,79,429,452,783,784
2016-03-16 21:18:21,098,433,79,429,452,783,784
2016-03-16 21:18:22,101,434,79,430,453,783,784
2016-03-16 21:18:23,105,435,79,430,453,783,784
2016-03-16 21:18:24,106,436,79,431,453,783,784
2016-03-16 21:18:25,108,437,79,431,453,783,784
2016-03-16 21:18:26,110,438,79,432,453,783,784
2016-03-16 21:18:27,116,439,79,432,454,783,784
2016-03-16 21:18:28,119,440,79,433,454,783,784
2016-03-16 21:18:29,120,441,79,433,454,783,784
2016-03-16 21:18:30,123,442,79,434,454,783,784
2016-03-16 21:18:31,125,443,79,434,454,783,784
2016-03-16 21:18:32,127,444,79,435,455,783,784
2016-03-16 21:18:33,133,445,79,435,455,783,784
2016-03-16 21:18:34,136,446,79,436,455,783,784
2016-03-16 21:18:35,140,447,79,436,455,783,784
2016-03-16 21:18:36,144,448,79,437,455,783,784
2016-03-16 21:18:37,148,449,79,437,455,783,784
2016-03-16 21:18:38,153,450,79,438,456,783,784
2016-03-16 21:18:39,158,451,79,438,456,783,784
2016-03-16 21:18:40,161,452,79,439,456,783,784
2016-03-16 21:18:41,162,453,79,439,456,783,784
2016-03-16 21:18:42,166,454,79,439,456,783,784
2016-03-16 21:18:43,169,455,79,440,456,783,784
2016-03-16 21:18:44,170,456,79,440,456,783,784
2016-03-16 21:18:45,173,457,79,441,457,783,784
2016-03-16 21:18:46,175,458,79,441,457,783,784
2016-03-16 21:18:47,178,459,79,442,457,783,784
2016-03-16 21:18:48,180,460,79,442,457,783,784
2016-03-16 21:18:49,186,461,79,443,457,783,784
2016-03-16 21:18:50,189,462,79,443,458,783,784
2016-03-16 21:18:51,192,463,79,444,458,783,784
2016-03-16 21:18:52,197,464,79,444,458,783,784
2016-03-16 21:18:53,201,465,79,444,458,783,784
2016-03-16 21:18:54,205,466,79,445,459,783,784
2016-03-16 21:18:55,210,467,79,445,459,783,784
2016-03-16 21:18:56,214,468,79,446,459,783,784
2016-03-16 21:18:57,217,469,79,446,459,783,784
2016-03-16 21:18:58,220,470,79,447,459,783,784
2016-03-16 21:18:59,224,471,79,447,459,783,784
2016-03-16 21:19:00,226,472,79,448,460,783,784
2016-03-16 21:19:01,229,473,79,448,460,783,784
2016-03-16 21:19:02,231,474,79,449,460,783,784
2016-03-16 21:19:03,236,475,79,449,460,783,784
2016-03-16 21:19:04,240,476,79,450,460,783,784
2016-03-16 21:19:05,242,477,79,450,460,783,784
2016-03-16 21:19:06,246,478,79,450,461,783,784
2016-03-16 21:19:07,246,479,79,451,461,783,784
2016-03-16 21:19:08,247,480,79,451,461,783,784
2016-03-16 21:19:09,252,481,79,452,461,783,784
2016-03-16 21:19:10,253,482,79,452,461,783,784
2016-03-16 21:19:11,255,483,79,453,461,783,784
2016-03-16 21:19:12,259,484,79,453,461,783,784
2016-03-16 21:19:13,262,485,79,453,461,783,784
2016-03-16 21:19:14,267,486,79,454,462,783,784
2016-03-16 21:19:15,270,487,79,454,462,783,784
2016-03-16 21:19:16,276,488,79,455,462,783,784
2016-03-16 21:19:17,278,489,79,455,462,783,784
2016-03-16 21:19:18,283,490,79,456,462,783,784
2016-03-16 21:19:19,288,491,79,456,462,783,784
2016-03-16 21:19:20,292,492,79,457,463,783,784
2016-03-16 21:19:21,297,493,79,457,463,783,784
2016-03-16 21:19:22,301,494,79,458,463,783,784
2016-03-16 21:19:23,303,495,79,458,463,783,784
2016-03-16 21:19:24,306,496,79,459,463,783,784
2016-03-16 21:19:25,311,497,79,459,463,783,784
2016-03-16 21:19:26,312,498,79,459,464,783,784
2016-03-16 21:19:27,316,499,79,460,463,783,784
2016-03-16 21:19:28,318,500,79,460,463,783,784
2016-03-16 21:19:29,323,501,79,461,464,783,784
2016-03-16 21:19:30,327,502,79,461,464,783,784
2016-03-16 21:19:31,332,503,79,462,464,783,784
2016-03-16 21:19:32,335,504,79,462,465,783,784
2016-03-16 21:19:33,341,505,79,463,465,783,784
2016-03-16 21:19:34,344,506,79,463,465,783,784
2016-03-16 21:19:35,346,507,79,464,465,783,784
2016-03-16 21:19:36,349,508,79,464,465,783,784
2016-03-16 21:19:37,353,509,79,464,465,783,784
2016-03-16 21:19:38,357,510,79,465,465,783,784
2016-03-16 21:19:39,359,511,79,465,465,783,784
2016-03-16 21:19:40,365,512,79,466,465,783,784
2016-03-16 21:19:41,367,513,79,466,465,783,784
2016-03-16 21:19:42,371,514,79,466,466,783,784
2016-03-16 21:19:43,376,515,79,467,466,783,784
2016-03-16 21:19:44,378,516,79,467,466,783,784
2016-03-16 21:19:45,381,517,79,468,467,783,784
2016-03-16 21:19:46,385,518,79,468,467,783,784
2016-03-16 21:19:47,390,519,79,469,467,783,784
2016-03-16 21:19:48,392,520,79,469,467,783,784
2016-03-16 21:19:49,395,521,79,470,468,783,784
2016-03-16 21:19:50,400,522,79,470,468,783,784
2016-03-16 21:19:51,403,523,79,470,468,783,784
2016-03-16 21:19:52,408,524,79,471,468,783,784
2016-03-16 21:19:53,410,525,79,471,468,783,784
2016-03-16 21:19:54,415,526,79,472,468,783,784
2016-03-16 21:19:55,419,527,79,472,469,783,784
2016-03-16 21:19:56,425,528,79,473,469,783,784
2016-03-16 21:19:57,426,529,79,473,469,783,784
2016-03-16 21:19:58,430,530,79,474,469,783,784
2016-03-16 21:19:59,432,531,79,474,470,783,784
2016-03-16 21:20:00,437,532,79,474,470,783,784
2016-03-16 21:20:01,441,533,79,475,470,783,784
2016-03-16 21:20:02,441,534,79,475,470,783,784
2016-03-16 21:20:03,446,535,79,476,471,783,784
2016-03-16 21:20:04,451,536,79,476,471,783,784
2016-03-16 21:20:05,454,537,79,477,471,783,784
2016-03-16 21:20:06,456,538,79,477,471,783,784
2016-03-16 21:20:07,461,539,79,478,471,783,784
2016-03-16 21:20:08,464,540,79,478,471,783,784
2016-03-16 21:20:09,465,541,79,479,472,783,784
2016-03-16 21:20:10,469,542,79,479,472,783,784
2016-03-16 21:20:11,471,543,79,480,472,783,784
2016-03-16 21:20:12,476,544,79,480,472,783,784
2016-03-16 21:20:13,480,545,79,480,472,783,784
2016-03-16 21:20:14,481,546,79,481,472,783,784
2016-03-16 21:20:15,485,547,79,481,472,783,784
2016-03-16 21:20:16,488,548,79,482,472,783,784
2016-03-16 21:20:17,493,549,79,482,473,783,784
2016-03-16 21:20:18,495,550,79,483,473,783,784
2016-03-16 21:20:19,501,551,79,483,473,783,784
2016-03-16 21:20:20,504,552,79,484,473,783,784
2016-03-16 21:20:21,508,553,79,484,473,783,784
2016-03-16 21:20:22,512,554,79,485,474,783,784
2016-03-16 21:20:23,517,555,79,485,474,783,784
2016-03-16 21:20:24,521,556,79,485,474,783,784
2016-03-16 21:20:25,526,557,79,486,474,783,784
2016-03-16 21:20:26,529,558,79,486,475,783,784
2016-03-16 21:20:27,534,559,79,487,475,783,784
2016-03-16 21:20:28,537,560,79,487,475,783,784
2016-03-16 21:20:29,538,561,79,488,476,783,784
2016-03-16 21:20:30,543,562,79,488,476,783,784
2016-03-16 21:20:31,547,563,79,489,476,783,784
2016-03-16 21:20:32,551,564,79,489,476,783,784
2016-03-16 21:20:33,553,565,79,490,476,783,784
2016-03-16 21:20:34,558,566,79,490,476,783,784
2016-03-16 21:20:35,561,567,79,491,475,783,784
2016-03-16 21:20:36,567,568,79,491,476,783,784
2016-03-16 21:20:37,570,569,79,492,476,783,784
2016-03-16 21:20:38,571,570,79,492,476,783,784
2016-03-16 21:20:39,575,571,79,492,477,783,784
2016-03-16 21:20:40,577,572,79,493,477,783,784
2016-03-16 21:20:41,580,573,79,494,477,783,784
2016-03-16 21:20:42,585,574,79,494,478,783,784
2016-03-16 21:20:43,588,575,79,494,478,783,784
2016-03-16 21:20:44,590,576,79,495,478,783,784
2016-03-16 21:20:45,594,577,79,495,479,783,784
2016-03-16 21:20:46,599,578,79,496,479,783,784
2016-03-16 21:20:47,601,579,79,496,479,783,784
2016-03-16 21:20:48,604,580,79,497,479,783,784
2016-03-16 21:20:49,606,581,79,497,479,783,784
2016-03-16 21:20:50,607,582,79,498,479,783,784
2016-03-16 21:20:51,613,583,79,498,479,783,784
2016-03-16 21:20:52,616,584,79,499,479,783,784
2016-03-16 21:20:53,620,585,79,499,480,783,784
2016-03-16 21:20:54,624,586,79,499,480,783,784
2016-03-16 21:20:55,625,587,79,500,481,783,784
2016-03-16 21:20:56,628,588,79,500,481,783,784
2016-03-16 21:20:57,631,589,79,501,481,783,784
2016-03-16 21:20:58,634,590,79,501,482,783,784
2016-03-16 21:20:59,637,591,79,502,482,783,784
2016-03-16 21:21:00,638,592,79,502,482,783,784
2016-03-16 21:21:01,644,593,79,502,483,783,784
2016-03-16 21:21:02,647,594,79,503,483,783,784
2016-03-16 21:21:03,651,595,79,503,483,783,784
2016-03-16 21:21:04,655,596,79,504,483,783,784
2016-03-16 21:21:05,660,597,79,504,484,783,784
2016-03-16 21:21:06,664,598,79,505,484,783,784
2016-03-16 21:21:07,666,599,79,505,484,783,784
2016-03-16 21:21:08,669,600,79,505,484,783,784
2016-03-16 21:21:09,671,601,79,506,484,783,784
2016-03-16 21:21:10,675,602,79,506,485,783,784
2016-03-16 21:21:11,678,603,79,507,485,783,784
2016-03-16 21:21:12,679,604,79,507,485,783,784
2016-03-16 21:21:13,684,605,79,507,486,783,784
2016-03-16 21:21:14,686,606,79,508,486,783,784
2016-03-16 21:21:15,687,607,79,508,486,783,784
2016-03-16 21:21:16,691,608,79,508,487,783,784
2016-03-16 21:21:17,693,609,79,509,487,783,784
2016-03-16 21:21:18,699,610,79,509,487,783,784
2016-03-16 21:21:19,701,611,79,509,488,783,784
2016-03-16 21:21:20,705,612,79,510,488,783,784
2016-03-16 21:21:21,710,613,79,510,488,783,784
2016-03-16 21:21:22,712,614,79,510,488,783,784
2016-03-16 21:21:23,715,615,79,511,489,783,784
2016-03-16 21:21:24,717,617,79,511,489,783,784
2016-03-16 21:21:25,721,618,79,511,489,783,784
2016-03-16 21:21:26,725,619,79,512,489,783,784
2016-03-16 21:21:27,727,620,79,512,490,783,784
2016-03-16 21:21:28,731,621,79,513,490,783,784
2016-03-16 21:21:29,732,622,79,513,490,783,784
2016-03-16 21:21:30,733,623,79,513,490,783,784
2016-03-16 21:21:31,737,624,79,514,490,783,784
2016-03-16 21:21:32,739,625,79,514,490,783,784
2016-03-16 21:21:33,744,626,79,514,490,783,784
2016-03-16 21:21:34,749,627,79,515,490,783,784
2016-03-16 21:21:35,755,628,79,515,490,783,784
2016-03-16 21:21:36,756,629,79,516,490,783,784
2016-03-16 21:21:37,758,630,79,516,490,783,784
2016-03-16 21:21:38,761,631,79,516,490,783,784
2016-03-16 21:21:39,763,632,80,517,490,783,784
2016-03-16 21:21:40,767,633,79,517,490,783,784
2016-03-16 21:21:41,771,634,79,517,490,783,784
2016-03-16 21:21:42,773,635,79,518,490,783,784
2016-03-16 21:21:43,778,636,79,518,489,783,784
2016-03-16 21:21:44,778,637,79,518,489,783,784
2016-03-16 21:21:45,781,638,80,519,489,783,784
2016-03-16 21:21:46,783,639,79,519,489,783,784
2016-03-16 21:21:47,788,640,79,519,489,783,784
2016-03-16 21:21:48,792,641,79,519,489,783,784
2016-03-16 21:21:49,794,642,79,520,489,783,784
2016-03-16 21:21:50,795,643,79,520,489,783,784
2016-03-16 21:21:51,800,644,79,520,489,783,784
2016-03-16 21:21:52,801,645,79,521,488,783,784
2016-03-16 21:21:53,802,646,79,521,488,783,784
2016-03-16 21:21:54,806,647,79,521,488,783,784
2016-03-16 21:21:55,807,648,79,522,488,783,784
2016-03-16 21:21:56,808,649,80,522,488,783,784
2016-03-16 21:21:57,812,650,79,523,488,783,784
2016-03-16 21:21:58,814,651,79,523,488,783,784
2016-03-16 21:21:59,818,652,79,523,488,783,784
2016-03-16 21:22:00,822,653,80,523,488,783,784
2016-03-16 21:22:01,826,654,79,524,488,783,784
2016-03-16 21:22:02,831,655,79,524,488,783,784
2016-03-16 21:22:03,836,656,79,524,488,783,784
2016-03-16 21:22:04,840,657,79,525,488,783,784
2016-03-16 21:22:05,844,658,79,525,488,783,784
2016-03-16 21:22:06,848,659,79,526,488,783,784
2016-03-16 21:22:07,850,660,80,526,488,783,784
2016-03-16 21:22:08,853,661,79,526,488,783,784
2016-03-16 21:22:09,857,662,79,527,488,783,784
2016-03-16 21:22:10,858,663,79,527,488,783,784
2016-03-16 21:22:11,860,664,80,527,488,783,784
2016-03-16 21:22:12,862,665,79,528,488,783,784
2016-03-16 21:22:13,866,666,79,528,488,783,784
2016-03-16 21:22:14,871,667,80,528,488,783,784
2016-03-16 21:22:15,874,668,80,529,488,783,784
2016-03-16 21:22:16,879,669,79,529,488,783,784
2016-03-16 21:22:17,880,670,80,529,488,783,784
2016-03-16 21:22:18,884,671,79,530,488,783,784
2016-03-16 21:22:19,887,672,79,530,488,783,784
2016-03-16 21:22:20,892,673,79,530,488,783,784
2016-03-16 21:22:21,894,674,80,531,488,783,784
2016-03-16 21:22:22,896,675,80,531,488,783,784
2016-03-16 21:22:23,899,676,79,531,488,783,784
2016-03-16 21:22:24,901,677,80,532,488,783,784
2016-03-16 21:22:25,905,678,79,532,488,783,784
2016-03-16 21:22:26,909,679,80,532,488,783,784
2016-03-16 21:22:27,911,680,79,532,488,783,784
2016-03-16 21:22:28,915,681,79,533,488,783,784
2016-03-16 21:22:29,916,682,79,533,487,783,784
2016-03-16 21:22:30,918,683,79,533,487,783,784
2016-03-16 21:22:31,922,684,79,534,487,783,784
2016-03-16 21:22:32,923,685,80,534,487,783,784
2016-03-16 21:22:33,928,686,79,534,486,783,784
2016-03-16 21:22:34,932,687,80,535,486,783,784
2016-03-16 21:22:35,936,688,80,535,486,783,784
2016-03-16 21:22:36,940,689,80,535,486,783,784
2016-03-16 21:22:37,942,690,79,536,486,783,784
2016-03-16 21:22:38,947,691,80,536,486,783,784
2016-03-16 21:22:39,947,692,80,537,486,783,784
2016-03-16 21:22:40,952,693,80,537,486,783,784
2016-03-16 21:22:41,956,694,80,537,486,783,784
2016-03-16 21:22:42,959,695,79,538,485,783,784
2016-03-16 21:22:43,963,696,79,538,485,783,784
2016-03-16 21:22:44,964,697,80,538,485,783,784
2016-03-16 21:22:45,970,698,79,539,485,783,784
2016-03-16 21:22:46,971,699,80,539,485,783,784
2016-03-16 21:22:47,972,700,79,539,485,783,784
2016-03-16 21:22:48,976,701,80,540,485,783,784
2016-03-16 21:22:49,978,702,80,540,485,783,784
2016-03-16 21:22:50,982,703,80,540,485,783,784
2016-03-16 21:22:51,987,704,79,541,485,783,784
2016-03-16 21:22:52,991,705,80,541,484,783,784
2016-03-16 21:22:53,995,706,80,542,484,783,784
2016-03-16 21:22:54,996,707,80,542,484,783,784
2016-03-16 21:22:56,000,708,80,542,483,783,784
2016-03-16 21:22:57,002,709,79,542,482,783,784
2016-03-16 21:22:58,003,710,80,543,482,783,784
2016-03-16 21:22:59,007,711,80,543,481,783,784
2016-03-16 21:23:00,009,712,80,544,480,783,784
2016-03-16 21:23:01,012,713,80,544,479,783,784
2016-03-16 21:23:02,014,714,79,544,478,783,784
2016-03-16 21:23:03,016,715,80,544,478,783,784
2016-03-16 21:23:04,018,716,80,545,477,783,784
2016-03-16 21:23:05,021,717,80,545,477,783,784
2016-03-16 21:23:06,023,718,79,545,476,783,784
2016-03-16 21:23:07,025,719,80,546,476,783,784
2016-03-16 21:23:08,029,720,80,546,475,783,784
2016-03-16 21:23:09,030,721,80,546,474,783,784
2016-03-16 21:23:10,034,722,80,546,474,783,784
2016-03-16 21:23:11,038,723,80,547,473,783,784
2016-03-16 21:23:12,043,724,80,547,473,783,784
2016-03-16 21:23:13,047,725,80,548,472,783,784
2016-03-16 21:23:14,052,726,80,548,472,783,784
2016-03-16 21:23:15,055,727,80,548,472,783,784
2016-03-16 21:23:16,058,728,80,548,471,783,784
2016-03-16 21:23:17,062,729,80,549,471,783,784
2016-03-16 21:23:18,067,730,80,549,470,783,784
2016-03-16 21:23:19,072,731,80,549,470,783,784
2016-03-16 21:23:20,078,732,80,549,470,783,784
2016-03-16 21:23:21,080,733,80,549,470,783,784
2016-03-16 21:23:22,084,734,80,549,470,783,784
2016-03-16 21:23:23,088,735,80,548,469,783,784
2016-03-16 21:23:24,089,736,80,547,469,783,784
2016-03-16 21:23:25,093,737,80,545,469,783,784
2016-03-16 21:23:26,095,738,80,543,468,783,784
2016-03-16 21:23:27,101,739,80,541,467,783,784
2016-03-16 21:23:28,103,740,80,539,466,783,784
2016-03-16 21:23:29,107,741,80,537,465,783,784
2016-03-16 21:23:30,111,742,80,535,464,783,784
2016-03-16 21:23:31,111,743,80,533,463,783,784
2016-03-16 21:23:32,115,744,80,531,462,783,784
2016-03-16 21:23:33,120,745,80,530,461,783,784
2016-03-16 21:23:34,121,746,80,528,460,783,784
2016-03-16 21:23:35,125,747,80,526,459,783,784
2016-03-16 21:23:36,126,748,80,524,458,783,784
2016-03-16 21:23:37,131,749,80,522,457,783,784
2016-03-16 21:23:38,135,750,80,521,457,783,784
2016-03-16 21:23:39,139,751,80,520,456,783,784
2016-03-16 21:23:40,143,752,80,519,455,783,784
2016-03-16 21:23:41,146,753,80,518,455,783,784
2016-03-16 21:23:42,149,754,80,516,454,783,784
2016-03-16 21:23:43,150,755,80,513,451,783,784
2016-03-16 21:23:44,153,756,80,511,449,783,784
2016-03-16 21:23:45,159,757,80,508,446,783,784
2016-03-16 21:23:46,161,758,80,506,444,783,784
2016-03-16 21:23:47,164,759,80,503,441,783,784
2016-03-16 21:23:48,167,760,80,500,440,783,784
2016-03-16 21:23:49,173,761,80,498,438,783,784
2016-03-16 21:23:50,174,762,80,496,436,783,784
2016-03-16 21:23:51,175,763,80,493,433,783,784
2016-03-16 21:23:52,179,764,80,489,431,783,784
2016-03-16 21:23:53,181,765,80,484,430,783,784
2016-03-16 21:23:54,182,766,80,480,428,783,784
2016-03-16 21:23:55,186,767,80,475,427,783,784
2016-03-16 21:23:56,189,768,80,471,425,783,784
2016-03-16 21:23:57,193,769,80,467,423,783,784
2016-03-16 21:23:58,196,770,80,463,422,783,784
2016-03-16 21:23:59,202,771,80,460,420,783,784
2016-03-16 21:24:00,205,772,80,457,419,783,784
2016-03-16 21:24:01,211,773,80,454,418,783,784
2016-03-16 21:24:02,214,774,80,452,417,783,784
2016-03-16 21:24:03,219,775,80,448,416,783,784
2016-03-16 21:24:04,222,776,80,445,415,783,784
2016-03-16 21:24:05,224,777,80,441,414,783,784
2016-03-16 21:24:06,227,778,80,438,412,783,784
2016-03-16 21:24:07,228,779,80,437,411,783,784
2016-03-16 21:24:08,230,780,80,435,410,783,784
2016-03-16 21:24:09,234,781,80,434,409,783,784
2016-03-16 21:24:10,236,782,80,432,408,783,784
2016-03-16 21:24:11,238,783,80,430,407,783,784
2016-03-16 21:24:12,241,784,80,427,407,783,784
2016-03-16 21:24:13,245,785,80,425,406,783,784
2016-03-16 21:24:14,249,786,80,424,405,783,784
2016-03-16 21:24:15,251,787,80,422,405,783,784
2016-03-16 21:24:16,255,788,80,420,404,783,784
2016-03-16 21:24:17,259,789,80,416,403,783,784
2016-03-16 21:24:18,260,790,80,413,403,783,784
2016-03-16 21:24:19,265,791,80,410,402,783,784
2016-03-16 21:24:20,266,792,80,407,402,783,784
2016-03-16 21:24:21,270,793,80,405,402,783,784
2016-03-16 21:24:22,275,794,80,402,401,783,784
2016-03-16 21:24:23,280,795,80,399,401,783,784
2016-03-16 21:24:24,284,796,80,397,400,783,784
2016-03-16 21:24:25,287,797,80,395,400,783,784
2016-03-16 21:24:26,292,798,80,393,399,783,784
2016-03-16 21:24:27,292,799,80,390,399,783,784
2016-03-16 21:24:28,297,800,80,389,398,783,784
2016-03-16 21:24:29,299,801,80,389,398,783,784
2016-03-16 21:24:30,302,802,80,389,398,783,784
2016-03-16 21:24:31,304,803,80,388,397,783,784
2016-03-16 21:24:32,306,804,80,387,397,783,784
2016-03-16 21:24:33,308,805,80,386,396,783,784
2016-03-16 21:24:34,314,806,80,385,395,783,784
2016-03-16 21:24:35,316,807,80,384,395,783,784
2016-03-16 21:24:36,319,808,80,382,395,783,784
2016-03-16 21:24:37,321,809,80,381,394,783,784
2016-03-16 21:24:38,322,810,80,381,394,783,784
2016-03-16 21:24:39,325,811,80,381,394,783,784
2016-03-16 21:24:40,328,812,80,381,393,783,784
2016-03-16 21:24:41,333,813,80,380,393,783,784
2016-03-16 21:24:42,336,814,80,379,392,783,784
2016-03-16 21:24:43,338,815,80,378,392,783,784
2016-03-16 21:24:44,341,816,80,377,392,783,784
2016-03-16 21:24:45,343,817,80,378,392,783,784
2016-03-16 21:24:46,344,818,80,378,391,783,784
2016-03-16 21:24:47,348,819,80,378,391,783,784
2016-03-16 21:24:48,350,820,80,377,391,783,784
2016-03-16 21:24:49,356,821,80,375,391,783,784
2016-03-16 21:24:50,359,822,80,373,391,783,784
2016-03-16 21:24:51,364,823,80,372,391,783,784
2016-03-16 21:24:52,367,824,80,372,390,783,784
2016-03-16 21:24:53,370,825,80,372,390,783,784
2016-03-16 21:24:54,376,826,80,371,390,783,784
2016-03-16 21:24:55,379,827,80,370,390,783,784
2016-03-16 21:24:56,384,828,80,370,389,783,784
2016-03-16 21:24:57,387,829,80,370,389,783,784
2016-03-16 21:24:58,389,830,80,368,389,783,784
2016-03-16 21:24:59,391,831,80,368,389,783,784
2016-03-16 21:25:00,395,832,80,367,388,783,784
2016-03-16 21:25:01,400,833,80,367,388,783,784
2016-03-16 21:25:02,403,834,80,367,388,783,784
2016-03-16 21:25:03,405,835,80,368,388,783,784
2016-03-16 21:25:04,406,836,80,367,388,783,784
2016-03-16 21:25:05,411,837,80,367,388,783,784
2016-03-16 21:25:06,415,838,80,367,387,783,784
2016-03-16 21:25:07,420,839,80,368,387,783,784
2016-03-16 21:25:08,423,840,80,367,387,783,784
2016-03-16 21:25:09,428,841,80,366,387,783,784
2016-03-16 21:25:10,432,842,80,365,387,783,784
2016-03-16 21:25:11,433,843,80,365,387,783,784
2016-03-16 21:25:12,437,844,80,365,387,783,784
2016-03-16 21:25:13,439,845,80,365,387,783,784
2016-03-16 21:25:14,443,846,80,364,387,783,784
2016-03-16 21:25:15,445,847,80,363,387,783,784
2016-03-16 21:25:16,451,848,80,361,386,783,784
2016-03-16 21:25:17,452,849,80,359,387,783,784
2016-03-16 21:25:18,457,850,80,358,387,783,784
2016-03-16 21:25:19,461,851,80,357,386,783,784
2016-03-16 21:25:20,464,852,80,357,386,783,784
2016-03-16 21:25:21,469,853,80,356,386,783,784
2016-03-16 21:25:22,471,854,80,354,386,783,784
2016-03-16 21:25:23,475,855,80,352,386,783,784
2016-03-16 21:25:24,479,856,80,351,386,783,784
2016-03-16 21:25:25,485,857,80,350,385,783,784
2016-03-16 21:25:26,488,858,80,350,385,783,784
2016-03-16 21:25:27,493,859,80,350,385,783,784
2016-03-16 21:25:28,496,860,80,351,385,783,784
2016-03-16 21:25:29,500,861,80,351,384,783,784
2016-03-16 21:25:30,505,862,80,352,384,783,784
2016-03-16 21:25:31,506,863,80,353,384,783,784
2016-03-16 21:25:32,510,864,80,353,384,783,784
2016-03-16 21:25:33,512,865,80,354,384,783,784
2016-03-16 21:25:34,514,866,80,354,384,783,784
2016-03-16 21:25:35,518,867,80,354,384,783,784
2016-03-16 21:25:36,523,868,80,354,384,783,784
2016-03-16 21:25:37,525,869,80,354,383,783,784
2016-03-16 21:25:38,527,870,80,353,383,783,784
2016-03-16 21:25:39,530,871,80,354,383,783,784
2016-03-16 21:25:40,532,872,80,354,383,783,784
2016-03-16 21:25:41,535,873,80,354,382,783,784
2016-03-16 21:25:42,541,874,80,352,382,783,784
2016-03-16 21:25:43,543,875,80,350,382,783,784
2016-03-16 21:25:44,543,876,80,348,382,783,784
2016-03-16 21:25:45,547,877,80,347,382,783,784
2016-03-16 21:25:46,549,878,80,345,382,783,784
2016-03-16 21:25:47,551,879,80,344,382,783,784
2016-03-16 21:25:48,555,880,80,343,382,783,784
2016-03-16 21:25:49,556,881,80,343,382,783,784
2016-03-16 21:25:50,558,882,80,342,382,783,784
2016-03-16 21:25:51,561,883,80,342,382,783,784
2016-03-16 21:25:52,564,884,80,341,381,783,784
2016-03-16 21:25:53,568,885,80,340,381,783,784
2016-03-16 21:25:54,572,886,80,339,381,783,784
