2016-03-14 21:34:17,092,datetime,ms,seconds,ambient_temp,thermocouple_0_temp,thermocouple_1_temp,thermocouple_2_temp,thermocouple_3_temp
2016-03-14 21:34:22,181,5,66,443,387,791,790
2016-03-14 21:34:23,186,6,66,432,382,791,790
2016-03-14 21:34:24,191,7,66,421,378,791,790
2016-03-14 21:34:25,196,8,66,411,375,791,790
2016-03-14 21:34:26,202,9,66,401,372,791,791
2016-03-14 21:34:27,205,10,66,392,371,791,791
2016-03-14 21:34:28,208,11,66,384,369,791,791
2016-03-14 21:34:29,213,12,66,376,368,791,791
2016-03-14 21:34:30,215,13,66,368,368,791,791
2016-03-14 21:34:31,219,14,66,360,367,791,791
2016-03-14 21:34:32,223,15,66,353,366,791,790
2016-03-14 21:34:33,228,16,66,346,366,791,790
2016-03-14 21:34:34,230,17,66,339,365,791,791
2016-03-14 21:34:35,233,18,66,333,365,791,791
2016-03-14 21:34:36,237,19,66,326,365,791,790
2016-03-14 21:34:37,243,20,66,320,364,791,790
2016-03-14 21:34:38,246,21,66,315,364,791,791
2016-03-14 21:34:39,247,22,66,310,364,791,790
2016-03-14 21:34:40,252,23,66,304,363,791,790
2016-03-14 21:34:41,252,24,66,299,362,791,790
2016-03-14 21:34:42,258,25,66,294,362,791,790
2016-03-14 21:34:43,262,26,66,289,361,791,790
2016-03-14 21:34:44,266,27,66,285,360,791,790
2016-03-14 21:34:45,269,28,66,280,360,791,791
2016-03-14 21:34:46,275,29,66,276,359,791,790
2016-03-14 21:34:47,278,30,66,273,359,791,790
2016-03-14 21:34:48,283,31,66,269,358,791,791
2016-03-14 21:34:49,286,32,66,266,358,791,790
2016-03-14 21:34:50,290,33,66,262,358,791,790
2016-03-14 21:34:51,295,34,66,259,357,791,790
2016-03-14 21:34:52,300,35,66,256,357,791,790
2016-03-14 21:34:53,304,36,66,253,357,791,790
2016-03-14 21:34:54,308,37,66,250,356,791,790
2016-03-14 21:34:55,312,38,66,247,356,791,790
2016-03-14 21:34:56,317,39,66,245,356,791,791
2016-03-14 21:34:57,321,40,66,243,355,791,790
2016-03-14 21:34:58,326,41,66,241,355,791,790
2016-03-14 21:34:59,328,42,66,238,355,791,790
2016-03-14 21:35:00,330,43,66,236,355,791,790
2016-03-14 21:35:01,335,44,66,234,355,791,790
2016-03-14 21:35:02,337,45,66,232,354,791,790
2016-03-14 21:35:03,342,46,66,230,354,791,790
2016-03-14 21:35:04,344,47,66,229,354,791,790
2016-03-14 21:35:05,348,48,66,227,354,791,790
2016-03-14 21:35:06,352,49,66,226,354,791,790
2016-03-14 21:35:07,354,50,66,224,354,791,790
2016-03-14 21:35:08,359,51,66,223,354,791,790
2016-03-14 21:35:09,360,52,66,221,353,791,790
2016-03-14 21:35:10,362,53,66,220,353,791,790
2016-03-14 21:35:11,366,54,66,219,353,791,790
2016-03-14 21:35:12,366,55,66,218,353,791,790
2016-03-14 21:35:13,369,56,66,217,353,791,790
2016-03-14 21:35:14,374,57,66,216,353,791,791
2016-03-14 21:35:15,376,58,66,215,353,791,790
2016-03-14 21:35:16,381,59,66,214,353,791,790
2016-03-14 21:35:17,383,60,66,214,352,791,790
2016-03-14 21:35:18,385,61,66,213,352,791,790
2016-03-14 21:35:19,390,62,66,212,352,791,790
2016-03-14 21:35:20,392,63,66,212,352,791,790
2016-03-14 21:35:21,396,64,66,211,352,791,790
2016-03-14 21:35:22,400,65,66,211,352,791,790
2016-03-14 21:35:23,405,66,66,210,352,791,790
2016-03-14 21:35:24,407,67,66,210,352,791,790
2016-03-14 21:35:25,408,68,66,209,351,791,790
2016-03-14 21:35:26,412,69,66,209,352,791,790
2016-03-14 21:35:27,416,70,66,209,352,791,790
2016-03-14 21:35:28,420,71,66,209,353,791,790
2016-03-14 21:35:29,425,72,66,209,354,791,790
2016-03-14 21:35:30,430,73,66,208,354,791,790
2016-03-14 21:35:31,432,74,66,208,355,791,790
2016-03-14 21:35:32,437,75,66,208,356,791,790
2016-03-14 21:35:33,441,76,66,208,356,791,790
2016-03-14 21:35:34,446,77,66,208,357,791,790
2016-03-14 21:35:35,449,78,66,208,358,791,790
2016-03-14 21:35:36,454,79,66,208,358,791,790
2016-03-14 21:35:37,460,80,66,208,359,791,790
2016-03-14 21:35:38,465,81,66,208,359,791,790
2016-03-14 21:35:39,468,82,66,209,360,791,790
2016-03-14 21:35:40,473,83,66,209,360,791,790
2016-03-14 21:35:41,475,84,66,209,361,791,790
2016-03-14 21:35:42,480,85,66,209,361,791,790
2016-03-14 21:35:43,483,86,66,210,362,791,790
2016-03-14 21:35:44,488,87,66,210,362,791,791
2016-03-14 21:35:45,490,88,66,210,363,791,790
2016-03-14 21:35:46,491,89,66,210,363,791,790
2016-03-14 21:35:47,497,90,66,211,364,791,790
2016-03-14 21:35:48,502,91,66,211,364,791,790
2016-03-14 21:35:49,506,92,66,212,365,791,790
2016-03-14 21:35:50,508,93,66,212,365,791,790
2016-03-14 21:35:51,512,94,66,212,366,791,790
2016-03-14 21:35:52,516,95,66,213,366,791,790
2016-03-14 21:35:53,520,96,66,213,367,791,790
2016-03-14 21:35:54,524,97,66,213,367,791,790
2016-03-14 21:35:55,529,98,66,214,368,791,790
2016-03-14 21:35:56,532,99,66,214,368,790,790
2016-03-14 21:35:57,537,100,66,215,369,791,790
2016-03-14 21:35:58,542,101,66,215,369,791,790
2016-03-14 21:35:59,548,102,66,216,369,790,790
2016-03-14 21:36:00,548,103,66,216,370,791,790
2016-03-14 21:36:01,552,104,66,217,370,791,790
2016-03-14 21:36:02,558,105,66,217,370,791,790
2016-03-14 21:36:03,563,106,66,218,371,791,790
2016-03-14 21:36:04,564,107,66,219,371,791,790
2016-03-14 21:36:05,566,108,66,219,371,790,790
2016-03-14 21:36:06,570,109,66,220,372,791,790
2016-03-14 21:36:07,574,110,66,220,372,791,790
2016-03-14 21:36:08,579,111,66,221,372,790,790
2016-03-14 21:36:09,582,112,66,221,373,791,790
2016-03-14 21:36:10,586,113,66,222,373,791,790
2016-03-14 21:36:11,590,114,66,222,373,791,790
2016-03-14 21:36:12,595,115,66,223,374,791,790
2016-03-14 21:36:13,599,116,66,224,374,791,790
2016-03-14 21:36:14,603,117,66,224,374,791,790
2016-03-14 21:36:15,607,118,66,225,375,791,790
2016-03-14 21:36:16,612,119,66,226,375,791,790
2016-03-14 21:36:17,615,120,66,226,375,791,790
2016-03-14 21:36:18,620,121,66,227,376,791,790
2016-03-14 21:36:19,624,122,66,227,376,791,790
2016-03-14 21:36:20,629,123,66,228,376,791,790
2016-03-14 21:36:21,631,124,66,229,377,791,790
2016-03-14 21:36:22,631,125,66,230,377,791,790
2016-03-14 21:36:23,636,126,66,230,377,791,790
2016-03-14 21:36:24,640,127,66,231,378,791,790
2016-03-14 21:36:25,644,128,66,232,378,791,790
2016-03-14 21:36:26,647,129,66,232,378,791,790
2016-03-14 21:36:27,648,130,66,233,378,791,790
2016-03-14 21:36:28,653,131,66,234,379,791,790
2016-03-14 21:36:29,657,132,66,234,379,791,790
2016-03-14 21:36:30,662,133,66,235,379,791,790
2016-03-14 21:36:31,665,134,66,236,380,791,790
2016-03-14 21:36:32,670,135,66,237,380,790,790
2016-03-14 21:36:33,672,136,66,237,380,791,790
2016-03-14 21:36:34,676,137,66,238,380,790,790
2016-03-14 21:36:35,681,138,66,239,381,791,790
2016-03-14 21:36:36,685,139,66,240,381,791,790
2016-03-14 21:36:37,690,140,66,240,381,790,790
2016-03-14 21:36:38,694,141,66,241,382,791,790
2016-03-14 21:36:39,698,142,66,242,382,790,790
2016-03-14 21:36:40,703,143,66,242,382,791,790
2016-03-14 21:36:41,707,144,66,243,382,791,790
2016-03-14 21:36:42,711,145,66,244,383,791,790
2016-03-14 21:36:43,715,146,66,245,383,791,790
2016-03-14 21:36:44,719,147,66,245,383,790,790
2016-03-14 21:36:45,723,148,66,246,383,790,790
2016-03-14 21:36:46,728,149,66,247,384,790,790
2016-03-14 21:36:47,731,150,66,247,384,791,790
2016-03-14 21:36:48,736,151,66,248,385,790,790
2016-03-14 21:36:49,740,152,66,249,385,791,790
2016-03-14 21:36:50,744,153,66,250,385,790,790
2016-03-14 21:36:51,748,154,66,250,385,791,790
2016-03-14 21:36:52,753,155,66,251,386,791,790
2016-03-14 21:36:53,756,156,66,252,386,791,790
2016-03-14 21:36:54,762,157,66,253,386,791,790
2016-03-14 21:36:55,764,158,66,253,386,791,790
2016-03-14 21:36:56,770,159,66,254,387,791,790
2016-03-14 21:36:57,772,160,66,255,387,791,790
2016-03-14 21:36:58,774,161,66,255,387,790,790
2016-03-14 21:36:59,779,162,66,256,387,791,790
2016-03-14 21:37:00,783,163,66,257,388,791,790
2016-03-14 21:37:01,787,164,66,257,388,791,790
2016-03-14 21:37:02,789,165,66,258,388,791,790
2016-03-14 21:37:03,794,166,66,259,389,790,790
2016-03-14 21:37:04,797,167,66,260,389,790,790
2016-03-14 21:37:05,802,168,66,260,389,790,790
2016-03-14 21:37:06,804,169,66,261,389,790,790
2016-03-14 21:37:07,806,170,66,262,389,791,790
2016-03-14 21:37:08,811,171,66,262,389,790,790
2016-03-14 21:37:09,814,172,66,263,390,790,790
2016-03-14 21:37:10,820,173,66,264,390,790,790
2016-03-14 21:37:11,824,174,66,264,390,791,790
2016-03-14 21:37:12,828,175,66,265,391,790,790
2016-03-14 21:37:13,830,176,66,266,391,791,790
2016-03-14 21:37:14,834,177,66,266,391,791,790
2016-03-14 21:37:15,839,178,66,267,391,790,790
2016-03-14 21:37:16,843,179,66,268,392,791,790
2016-03-14 21:37:17,847,180,66,269,392,791,790
2016-03-14 21:37:18,852,181,66,269,392,790,790
2016-03-14 21:37:19,855,182,66,270,392,791,790
2016-03-14 21:37:20,860,183,66,271,393,791,790
2016-03-14 21:37:21,863,184,66,272,393,790,790
2016-03-14 21:37:22,868,185,66,272,393,790,790
2016-03-14 21:37:23,872,186,66,273,393,791,790
2016-03-14 21:37:24,877,187,66,274,393,790,790
2016-03-14 21:37:25,880,188,66,274,394,790,790
2016-03-14 21:37:26,885,189,66,275,394,790,790
2016-03-14 21:37:27,888,190,66,276,394,791,790
2016-03-14 21:37:28,889,191,66,277,394,790,790
2016-03-14 21:37:29,894,192,66,277,395,790,790
2016-03-14 21:37:30,897,193,66,278,395,790,790
2016-03-14 21:37:31,901,194,66,279,395,790,790
2016-03-14 21:37:32,905,195,66,279,395,790,790
2016-03-14 21:37:33,909,196,66,280,395,790,790
2016-03-14 21:37:34,914,197,66,281,396,790,790
2016-03-14 21:37:35,918,198,66,282,396,791,790
2016-03-14 21:37:36,922,199,66,282,396,791,790
2016-03-14 21:37:37,926,200,66,283,396,790,790
2016-03-14 21:37:38,930,201,66,284,396,790,790
2016-03-14 21:37:39,934,202,66,284,397,791,790
2016-03-14 21:37:40,938,203,66,285,397,791,790
2016-03-14 21:37:41,943,204,66,286,397,791,790
2016-03-14 21:37:42,945,205,66,287,397,790,790
2016-03-14 21:37:43,946,206,66,287,397,791,790
2016-03-14 21:37:44,950,207,66,288,398,791,790
2016-03-14 21:37:45,954,208,66,288,398,790,790
2016-03-14 21:37:46,958,209,66,289,398,790,790
2016-03-14 21:37:47,963,210,66,290,398,790,790
2016-03-14 21:37:48,967,211,66,291,398,790,790
2016-03-14 21:37:49,972,212,66,291,399,790,790
2016-03-14 21:37:50,978,213,66,292,399,790,790
2016-03-14 21:37:51,979,214,66,293,399,790,790
2016-03-14 21:37:52,984,215,66,293,399,790,790
2016-03-14 21:37:53,988,216,66,294,400,790,790
2016-03-14 21:37:54,992,217,66,294,400,790,790
2016-03-14 21:37:55,994,218,66,295,400,790,790
2016-03-14 21:37:56,996,219,66,296,400,790,790
2016-03-14 21:37:58,001,220,66,296,400,790,790
2016-03-14 21:37:59,005,221,66,297,401,790,790
2016-03-14 21:38:00,009,222,66,298,401,790,790
2016-03-14 21:38:01,012,223,66,298,401,790,790
2016-03-14 21:38:02,016,224,66,299,401,790,790
2016-03-14 21:38:03,021,225,66,300,402,790,790
2016-03-14 21:38:04,025,226,66,300,402,790,790
2016-03-14 21:38:05,030,227,66,301,402,790,790
2016-03-14 21:38:06,035,228,66,302,402,790,790
2016-03-14 21:38:07,038,229,66,302,403,790,790
2016-03-14 21:38:08,042,230,66,303,403,790,790
2016-03-14 21:38:09,045,231,66,304,403,790,790
2016-03-14 21:38:10,052,232,66,304,403,790,790
2016-03-14 21:38:11,058,233,66,305,404,790,790
2016-03-14 21:38:12,062,234,66,305,404,790,790
2016-03-14 21:38:13,063,235,66,306,404,790,790
2016-03-14 21:38:14,067,236,66,307,405,790,790
2016-03-14 21:38:15,068,237,66,307,405,790,790
2016-03-14 21:38:16,070,238,66,308,405,790,790
2016-03-14 21:38:17,074,239,66,309,405,790,790
2016-03-14 21:38:18,077,240,66,309,406,790,790
2016-03-14 21:38:19,079,241,66,310,406,790,790
2016-03-14 21:38:20,083,242,66,311,406,790,790
2016-03-14 21:38:21,087,243,66,311,406,790,790
2016-03-14 21:38:22,091,244,66,312,406,790,790
2016-03-14 21:38:23,095,246,66,312,407,790,790
2016-03-14 21:38:24,100,247,66,313,407,790,790
2016-03-14 21:38:25,101,248,66,314,407,790,790
2016-03-14 21:38:26,104,249,66,314,407,790,790
2016-03-14 21:38:27,107,250,66,315,407,790,790
2016-03-14 21:38:28,112,251,66,316,407,790,790
2016-03-14 21:38:29,117,252,66,316,408,790,790
2016-03-14 21:38:30,119,253,66,317,408,790,790
2016-03-14 21:38:31,123,254,66,317,408,790,790
2016-03-14 21:38:32,128,255,66,318,408,790,790
2016-03-14 21:38:33,132,256,66,318,409,790,790
2016-03-14 21:38:34,134,257,66,319,409,790,790
2016-03-14 21:38:35,140,258,66,320,409,790,790
2016-03-14 21:38:36,145,259,66,320,409,790,790
2016-03-14 21:38:37,149,260,66,321,409,790,790
2016-03-14 21:38:38,154,261,66,322,410,790,790
2016-03-14 21:38:39,157,262,66,322,410,790,790
2016-03-14 21:38:40,161,263,66,323,410,790,790
2016-03-14 21:38:41,166,264,66,323,410,790,790
2016-03-14 21:38:42,170,265,66,324,411,790,790
2016-03-14 21:38:43,174,266,66,324,411,790,790
2016-03-14 21:38:44,180,267,66,325,411,790,790
2016-03-14 21:38:45,183,268,66,326,411,790,790
2016-03-14 21:38:46,188,269,66,326,411,790,790
2016-03-14 21:38:47,191,270,66,327,412,790,790
2016-03-14 21:38:48,192,271,66,327,412,790,790
2016-03-14 21:38:49,198,272,66,328,412,790,790
2016-03-14 21:38:50,202,273,66,328,412,790,790
2016-03-14 21:38:51,207,274,66,329,412,790,790
2016-03-14 21:38:52,211,275,66,330,413,790,790
2016-03-14 21:38:53,217,276,66,330,413,790,790
2016-03-14 21:38:54,219,277,66,331,413,790,790
2016-03-14 21:38:55,223,278,66,331,413,790,790
2016-03-14 21:38:56,226,279,66,332,414,790,790
2016-03-14 21:38:57,232,280,66,333,414,790,790
2016-03-14 21:38:58,235,281,66,333,414,790,790
2016-03-14 21:38:59,240,282,66,334,414,790,790
2016-03-14 21:39:00,243,283,66,334,414,790,790
2016-03-14 21:39:01,249,284,66,335,415,790,790
2016-03-14 21:39:02,252,285,66,335,415,790,790
2016-03-14 21:39:03,257,286,66,336,415,790,790
2016-03-14 21:39:04,261,287,66,337,415,790,790
2016-03-14 21:39:05,265,288,66,337,415,790,790
2016-03-14 21:39:06,270,289,66,338,416,790,790
2016-03-14 21:39:07,274,290,66,338,416,790,790
2016-03-14 21:39:08,277,291,66,339,416,790,790
2016-03-14 21:39:09,282,292,66,339,417,790,790
2016-03-14 21:39:10,286,293,66,340,417,790,790
2016-03-14 21:39:11,290,294,66,340,417,790,790
2016-03-14 21:39:12,294,295,66,341,417,790,790
2016-03-14 21:39:13,299,296,66,341,417,790,790
2016-03-14 21:39:14,305,297,66,342,418,790,790
2016-03-14 21:39:15,310,298,66,342,418,790,790
2016-03-14 21:39:16,314,299,66,343,418,790,790
2016-03-14 21:39:17,318,300,66,344,418,790,790
2016-03-14 21:39:18,323,301,66,344,418,790,790
2016-03-14 21:39:19,327,302,66,345,419,790,790
2016-03-14 21:39:20,329,303,66,345,419,790,790
2016-03-14 21:39:21,333,304,66,346,419,790,790
2016-03-14 21:39:22,335,305,66,346,419,790,790
2016-03-14 21:39:23,338,306,66,347,419,790,790
2016-03-14 21:39:24,343,307,66,347,420,790,790
2016-03-14 21:39:25,345,308,66,348,420,790,790
2016-03-14 21:39:26,349,309,66,348,420,790,790
2016-03-14 21:39:27,352,310,66,349,420,790,790
2016-03-14 21:39:28,357,311,66,349,421,790,790
2016-03-14 21:39:29,359,312,66,350,421,790,790
2016-03-14 21:39:30,360,313,66,350,421,790,790
2016-03-14 21:39:31,364,314,66,351,421,790,790
2016-03-14 21:39:32,368,315,66,351,422,790,790
2016-03-14 21:39:33,373,316,66,352,422,790,790
2016-03-14 21:39:34,377,317,66,353,422,790,790
2016-03-14 21:39:35,381,318,66,353,422,790,790
2016-03-14 21:39:36,385,319,66,354,422,790,790
2016-03-14 21:39:37,389,320,66,354,422,790,790
2016-03-14 21:39:38,392,321,66,355,423,790,790
2016-03-14 21:39:39,396,322,66,355,423,790,790
2016-03-14 21:39:40,401,323,66,356,423,790,790
2016-03-14 21:39:41,407,324,66,356,423,790,790
2016-03-14 21:39:42,409,325,66,357,423,790,790
2016-03-14 21:39:43,414,326,66,357,423,790,790
2016-03-14 21:39:44,417,327,66,357,424,790,790
2016-03-14 21:39:45,419,328,66,358,424,790,790
2016-03-14 21:39:46,424,329,66,358,424,790,790
2016-03-14 21:39:47,428,330,66,359,424,790,790
2016-03-14 21:39:48,432,331,66,359,424,790,790
2016-03-14 21:39:49,434,332,66,360,424,790,790
2016-03-14 21:39:50,439,333,66,361,425,790,790
2016-03-14 21:39:51,442,334,66,361,425,790,790
2016-03-14 21:39:52,447,335,66,362,425,790,790
2016-03-14 21:39:53,451,336,66,362,425,790,790
2016-03-14 21:39:54,456,337,66,363,425,790,790
2016-03-14 21:39:55,459,338,66,363,426,790,790
2016-03-14 21:39:56,464,339,66,364,426,790,790
2016-03-14 21:39:57,468,340,66,364,426,790,790
2016-03-14 21:39:58,473,341,66,365,427,790,790
2016-03-14 21:39:59,476,342,66,365,427,790,790
2016-03-14 21:40:00,481,343,66,366,427,790,790
2016-03-14 21:40:01,484,344,66,366,427,790,790
2016-03-14 21:40:02,489,345,66,367,428,790,790
2016-03-14 21:40:03,493,346,66,367,428,790,790
2016-03-14 21:40:04,498,347,66,368,429,790,790
2016-03-14 21:40:05,500,348,66,368,429,790,790
2016-03-14 21:40:06,501,349,66,369,429,790,790
2016-03-14 21:40:07,505,350,66,369,430,790,790
2016-03-14 21:40:08,509,351,66,370,430,790,790
2016-03-14 21:40:09,514,352,66,370,431,790,790
2016-03-14 21:40:10,517,353,66,371,431,790,790
2016-03-14 21:40:11,522,354,66,371,431,790,790
2016-03-14 21:40:12,526,355,66,372,432,790,790
2016-03-14 21:40:13,530,356,66,372,432,790,790
2016-03-14 21:40:14,534,357,66,373,432,790,790
2016-03-14 21:40:15,539,358,66,373,433,790,790
2016-03-14 21:40:16,542,359,66,374,433,790,790
2016-03-14 21:40:17,547,360,66,374,433,790,790
2016-03-14 21:40:18,552,361,66,375,433,790,790
2016-03-14 21:40:19,556,362,66,375,434,790,790
2016-03-14 21:40:20,559,363,66,376,434,790,790
2016-03-14 21:40:21,564,364,66,376,434,790,790
2016-03-14 21:40:22,568,365,66,377,434,790,790
2016-03-14 21:40:23,569,366,66,377,435,790,790
2016-03-14 21:40:24,573,367,66,378,435,790,790
2016-03-14 21:40:25,575,368,66,378,435,790,790
2016-03-14 21:40:26,580,369,66,379,435,790,790
2016-03-14 21:40:27,583,370,66,379,435,790,790
2016-03-14 21:40:28,588,371,66,380,436,790,790
2016-03-14 21:40:29,592,372,66,380,436,790,790
2016-03-14 21:40:30,596,373,66,381,436,790,790
2016-03-14 21:40:31,600,374,66,381,436,790,790
2016-03-14 21:40:32,605,375,66,382,437,790,790
2016-03-14 21:40:33,608,376,66,382,436,790,790
2016-03-14 21:40:34,613,377,66,383,437,790,790
2016-03-14 21:40:35,617,378,66,383,437,790,790
2016-03-14 21:40:36,622,379,66,383,437,790,790
2016-03-14 21:40:37,625,380,66,384,437,790,790
2016-03-14 21:40:38,630,381,66,384,437,790,790
2016-03-14 21:40:39,633,382,66,385,438,790,790
2016-03-14 21:40:40,638,383,66,385,438,790,790
2016-03-14 21:40:41,643,384,66,386,438,790,790
2016-03-14 21:40:42,647,385,66,386,438,790,790
2016-03-14 21:40:43,650,386,66,387,439,790,790
2016-03-14 21:40:44,655,387,67,387,439,790,790
2016-03-14 21:40:45,658,388,66,388,439,790,790
2016-03-14 21:40:46,660,389,66,388,439,790,790
2016-03-14 21:40:47,665,390,66,389,439,790,790
2016-03-14 21:40:48,667,391,66,389,439,790,790
2016-03-14 21:40:49,671,392,66,390,440,790,790
2016-03-14 21:40:50,673,393,66,390,440,790,790
2016-03-14 21:40:51,675,394,66,390,440,790,790
2016-03-14 21:40:52,680,395,67,391,440,790,790
2016-03-14 21:40:53,683,396,67,391,440,790,790
2016-03-14 21:40:54,687,397,66,392,441,790,790
2016-03-14 21:40:55,691,398,67,392,441,790,790
2016-03-14 21:40:56,695,399,66,393,441,790,790
2016-03-14 21:40:57,699,400,66,393,441,790,790
2016-03-14 21:40:58,704,401,67,394,441,790,790
2016-03-14 21:40:59,709,402,66,394,441,790,790
2016-03-14 21:41:00,715,403,66,395,441,790,790
2016-03-14 21:41:01,718,404,66,395,441,790,790
2016-03-14 21:41:02,723,405,67,396,441,790,790
2016-03-14 21:41:03,724,406,66,396,441,790,790
2016-03-14 21:41:04,729,407,67,397,442,790,790
2016-03-14 21:41:05,731,408,67,397,442,790,790
2016-03-14 21:41:06,734,409,66,398,442,790,790
2016-03-14 21:41:07,738,410,66,398,442,790,790
2016-03-14 21:41:08,741,411,66,398,442,790,790
2016-03-14 21:41:09,746,412,66,399,442,790,790
2016-03-14 21:41:10,748,413,66,399,442,790,790
2016-03-14 21:41:11,753,414,67,400,442,790,790
2016-03-14 21:41:12,758,415,67,401,443,790,790
2016-03-14 21:41:13,761,416,66,401,443,790,790
2016-03-14 21:41:14,765,417,66,401,443,790,790
2016-03-14 21:41:15,770,418,66,401,443,790,790
2016-03-14 21:41:16,774,419,67,402,444,790,790
2016-03-14 21:41:17,778,420,67,403,444,790,790
2016-03-14 21:41:18,781,421,67,403,444,790,790
2016-03-14 21:41:19,787,422,67,403,444,790,790
2016-03-14 21:41:20,790,423,66,404,444,790,790
2016-03-14 21:41:21,795,424,66,404,444,790,790
2016-03-14 21:41:22,798,425,67,405,445,790,790
2016-03-14 21:41:23,801,426,67,406,445,790,790
2016-03-14 21:41:24,804,427,66,406,445,790,790
2016-03-14 21:41:25,809,428,67,406,445,790,790
2016-03-14 21:41:26,812,429,67,407,445,790,790
2016-03-14 21:41:27,814,430,67,407,445,790,790
2016-03-14 21:41:28,819,431,67,408,446,790,790
2016-03-14 21:41:29,821,432,67,408,446,790,790
2016-03-14 21:41:30,825,433,67,409,446,790,790
2016-03-14 21:41:31,829,434,67,409,446,790,790
2016-03-14 21:41:32,832,435,66,409,446,790,790
2016-03-14 21:41:33,837,436,67,410,446,790,790
2016-03-14 21:41:34,840,437,67,410,446,790,790
2016-03-14 21:41:35,845,438,67,411,447,790,790
2016-03-14 21:41:36,849,439,67,411,447,790,790
2016-03-14 21:41:37,853,440,67,412,447,790,790
2016-03-14 21:41:38,856,441,66,412,447,790,790
2016-03-14 21:41:39,862,442,67,413,448,790,790
2016-03-14 21:41:40,865,443,67,413,448,790,790
2016-03-14 21:41:41,870,444,67,413,448,790,790
2016-03-14 21:41:42,874,445,67,414,448,790,790
2016-03-14 21:41:43,879,446,67,414,448,790,790
2016-03-14 21:41:44,882,447,67,415,448,790,790
2016-03-14 21:41:45,887,448,66,415,448,790,790
2016-03-14 21:41:46,889,449,67,416,449,790,790
2016-03-14 21:41:47,894,450,67,416,449,790,790
2016-03-14 21:41:48,894,451,67,417,449,790,790
2016-03-14 21:41:49,897,452,67,417,449,790,790
2016-03-14 21:41:50,902,453,67,418,449,790,790
2016-03-14 21:41:51,906,454,67,418,449,790,790
2016-03-14 21:41:52,911,455,67,418,449,790,790
2016-03-14 21:41:53,912,456,67,419,450,790,790
2016-03-14 21:41:54,914,457,67,419,450,790,790
2016-03-14 21:41:55,918,458,67,420,450,790,790
2016-03-14 21:41:56,922,459,67,420,450,790,790
2016-03-14 21:41:57,927,460,67,421,450,790,790
2016-03-14 21:41:58,931,461,67,421,450,790,790
2016-03-14 21:41:59,935,462,67,421,451,790,790
2016-03-14 21:42:00,939,463,66,422,451,790,790
2016-03-14 21:42:01,943,464,67,422,451,790,790
2016-03-14 21:42:02,948,465,67,423,451,790,790
2016-03-14 21:42:03,952,466,67,423,451,790,790
2016-03-14 21:42:04,956,467,67,424,451,790,790
2016-03-14 21:42:05,960,468,67,424,452,790,790
2016-03-14 21:42:06,964,469,67,425,452,790,790
2016-03-14 21:42:07,969,470,67,425,452,790,790
2016-03-14 21:42:08,972,471,67,426,452,790,790
2016-03-14 21:42:09,977,472,67,426,452,790,790
2016-03-14 21:42:10,980,473,67,426,452,790,790
2016-03-14 21:42:11,986,474,67,427,452,790,790
2016-03-14 21:42:12,989,475,67,427,452,790,790
2016-03-14 21:42:13,994,476,67,428,452,790,790
2016-03-14 21:42:14,997,477,67,428,452,790,790
2016-03-14 21:42:16,003,478,67,429,452,790,790
2016-03-14 21:42:17,006,479,67,429,452,790,790
2016-03-14 21:42:18,011,480,67,429,452,790,790
2016-03-14 21:42:19,012,481,67,430,452,790,790
2016-03-14 21:42:20,014,482,67,430,452,790,790
2016-03-14 21:42:21,018,483,67,431,452,790,790
2016-03-14 21:42:22,022,484,67,431,452,790,790
2016-03-14 21:42:23,026,485,67,431,452,790,790
2016-03-14 21:42:24,030,486,67,432,452,790,790
2016-03-14 21:42:25,035,487,67,432,453,790,790
2016-03-14 21:42:26,039,488,67,433,452,790,790
2016-03-14 21:42:27,043,489,67,433,453,790,790
2016-03-14 21:42:28,048,490,67,433,453,790,790
2016-03-14 21:42:29,052,491,67,434,453,790,790
2016-03-14 21:42:30,057,492,67,434,453,790,790
2016-03-14 21:42:31,061,493,67,435,454,790,790
2016-03-14 21:42:32,066,494,67,435,454,790,790
2016-03-14 21:42:33,069,495,67,436,454,790,790
2016-03-14 21:42:34,072,496,67,436,454,790,790
2016-03-14 21:42:35,075,497,67,436,455,790,790
2016-03-14 21:42:36,080,498,67,437,455,790,790
2016-03-14 21:42:37,086,499,67,437,455,790,790
2016-03-14 21:42:38,088,500,67,438,455,790,790
2016-03-14 21:42:39,093,502,67,438,455,790,790
2016-03-14 21:42:40,096,503,67,439,455,790,790
2016-03-14 21:42:41,101,504,67,439,456,790,790
2016-03-14 21:42:42,105,505,67,439,456,790,790
2016-03-14 21:42:43,109,506,67,440,456,790,790
2016-03-14 21:42:44,112,507,67,440,456,790,790
2016-03-14 21:42:45,118,508,67,441,456,790,790
2016-03-14 21:42:46,121,509,67,441,456,790,790
2016-03-14 21:42:47,126,510,67,442,457,790,790
2016-03-14 21:42:48,130,511,67,442,457,790,790
2016-03-14 21:42:49,135,512,67,442,457,790,790
2016-03-14 21:42:50,138,513,67,443,457,790,790
2016-03-14 21:42:51,143,514,67,443,458,790,790
2016-03-14 21:42:52,145,515,67,444,458,790,790
2016-03-14 21:42:53,147,516,67,444,458,790,790
2016-03-14 21:42:54,152,517,67,444,458,790,790
2016-03-14 21:42:55,155,518,67,445,458,790,790
2016-03-14 21:42:56,158,519,67,445,459,790,790
2016-03-14 21:42:57,163,520,67,446,459,790,790
2016-03-14 21:42:58,167,521,67,446,459,790,790
2016-03-14 21:42:59,171,522,67,447,459,790,790
2016-03-14 21:43:00,175,523,67,447,459,790,790
2016-03-14 21:43:01,179,524,67,447,460,790,790
2016-03-14 21:43:02,184,525,67,448,460,790,790
2016-03-14 21:43:03,189,526,67,448,460,790,790
2016-03-14 21:43:04,192,527,67,449,460,790,790
2016-03-14 21:43:05,195,528,67,449,461,790,790
2016-03-14 21:43:06,200,529,67,450,461,790,790
2016-03-14 21:43:07,205,530,67,450,461,790,790
2016-03-14 21:43:08,209,531,67,451,461,790,790
2016-03-14 21:43:09,212,532,67,451,462,790,790
2016-03-14 21:43:10,212,533,67,451,462,790,790
2016-03-14 21:43:11,216,534,67,452,462,790,790
2016-03-14 21:43:12,219,535,67,452,462,790,790
2016-03-14 21:43:13,221,536,67,453,462,790,790
2016-03-14 21:43:14,225,537,67,453,462,790,790
2016-03-14 21:43:15,228,538,67,453,462,790,790
2016-03-14 21:43:16,234,539,67,454,463,790,790
2016-03-14 21:43:17,237,540,67,454,463,790,790
2016-03-14 21:43:18,242,541,67,455,463,790,790
2016-03-14 21:43:19,246,542,67,455,463,790,790
2016-03-14 21:43:20,251,543,67,455,463,790,790
2016-03-14 21:43:21,253,544,67,456,464,790,790
2016-03-14 21:43:22,257,545,67,456,464,790,790
2016-03-14 21:43:23,262,546,67,457,464,790,790
2016-03-14 21:43:24,268,547,67,457,464,790,790
2016-03-14 21:43:25,271,548,67,457,464,790,790
2016-03-14 21:43:26,276,549,67,458,464,790,790
2016-03-14 21:43:27,280,550,67,458,465,790,790
2016-03-14 21:43:28,284,551,67,459,465,790,790
2016-03-14 21:43:29,287,552,67,459,465,790,790
2016-03-14 21:43:30,291,553,67,460,465,790,790
2016-03-14 21:43:31,295,554,67,460,465,790,790
2016-03-14 21:43:32,299,555,67,461,465,790,790
2016-03-14 21:43:33,303,556,67,461,465,790,790
2016-03-14 21:43:34,308,557,67,461,465,790,790
2016-03-14 21:43:35,311,558,67,462,465,790,790
2016-03-14 21:43:36,316,559,67,462,465,790,790
2016-03-14 21:43:37,319,560,67,463,466,790,790
2016-03-14 21:43:38,322,561,67,463,466,790,790
2016-03-14 21:43:39,325,562,67,464,466,790,790
2016-03-14 21:43:40,328,563,67,464,466,790,790
2016-03-14 21:43:41,334,564,67,465,467,790,790
2016-03-14 21:43:42,337,565,67,465,467,790,790
2016-03-14 21:43:43,340,566,67,465,467,790,790
2016-03-14 21:43:44,340,567,67,466,467,790,790
2016-03-14 21:43:45,345,568,67,466,467,790,790
2016-03-14 21:43:46,349,569,67,467,467,790,790
2016-03-14 21:43:47,353,570,67,467,468,790,790
2016-03-14 21:43:48,358,571,67,467,468,790,790
2016-03-14 21:43:49,363,572,67,468,468,790,790
2016-03-14 21:43:50,366,573,67,468,468,790,790
2016-03-14 21:43:51,371,574,67,469,468,790,790
2016-03-14 21:43:52,375,575,67,469,469,790,790
2016-03-14 21:43:53,378,576,67,470,469,790,790
2016-03-14 21:43:54,383,577,67,470,469,790,790
2016-03-14 21:43:55,386,578,67,470,469,790,790
2016-03-14 21:43:56,392,579,67,471,469,790,790
2016-03-14 21:43:57,395,580,67,471,469,790,790
2016-03-14 21:43:58,400,581,67,471,469,790,790
2016-03-14 21:43:59,403,582,67,472,469,790,790
2016-03-14 21:44:00,406,583,67,472,470,790,790
2016-03-14 21:44:01,411,584,67,473,470,790,790
2016-03-14 21:44:02,415,585,67,473,470,790,790
2016-03-14 21:44:03,419,586,67,474,470,790,790
2016-03-14 21:44:04,423,587,67,474,470,790,790
2016-03-14 21:44:05,428,588,67,474,470,790,790
2016-03-14 21:44:06,432,589,67,475,470,790,790
2016-03-14 21:44:07,435,590,67,475,470,790,790
2016-03-14 21:44:08,440,591,67,476,471,790,790
2016-03-14 21:44:09,441,592,67,476,471,790,790
2016-03-14 21:44:10,447,593,67,477,471,790,790
2016-03-14 21:44:11,449,594,67,477,471,790,790
2016-03-14 21:44:12,451,595,67,477,471,790,790
2016-03-14 21:44:13,456,596,67,478,471,790,790
2016-03-14 21:44:14,460,597,67,478,472,790,790
2016-03-14 21:44:15,464,598,67,479,472,790,790
2016-03-14 21:44:16,469,599,67,479,472,790,790
2016-03-14 21:44:17,475,600,67,480,472,790,790
2016-03-14 21:44:18,478,601,67,480,472,790,790
2016-03-14 21:44:19,483,602,67,480,472,790,790
2016-03-14 21:44:20,484,603,67,481,472,790,790
2016-03-14 21:44:21,490,604,67,481,473,790,790
2016-03-14 21:44:22,492,605,67,482,473,790,790
2016-03-14 21:44:23,494,606,67,482,473,790,790
2016-03-14 21:44:24,499,607,67,483,473,790,790
2016-03-14 21:44:25,501,608,67,483,473,790,790
2016-03-14 21:44:26,507,609,67,483,474,790,790
2016-03-14 21:44:27,511,610,67,484,474,790,790
2016-03-14 21:44:28,516,611,67,484,474,790,790
2016-03-14 21:44:29,520,612,67,485,474,790,790
2016-03-14 21:44:30,524,613,67,485,475,790,790
2016-03-14 21:44:31,526,614,67,486,475,790,790
2016-03-14 21:44:32,531,615,67,486,475,790,790
2016-03-14 21:44:33,534,616,67,487,475,790,790
2016-03-14 21:44:34,539,617,67,487,475,790,790
2016-03-14 21:44:35,539,618,67,488,475,790,790
2016-03-14 21:44:36,545,619,67,488,476,790,790
2016-03-14 21:44:37,548,620,67,488,476,790,790
2016-03-14 21:44:38,552,621,67,489,476,790,790
2016-03-14 21:44:39,556,622,67,489,476,790,790
2016-03-14 21:44:40,562,623,67,489,476,790,790
2016-03-14 21:44:41,565,624,67,490,476,790,790
2016-03-14 21:44:42,569,625,67,490,476,790,790
2016-03-14 21:44:43,573,626,67,491,476,790,790
2016-03-14 21:44:44,578,627,67,491,477,790,790
2016-03-14 21:44:45,582,628,67,492,477,790,790
2016-03-14 21:44:46,587,629,67,492,477,790,790
2016-03-14 21:44:47,590,630,67,493,477,790,790
2016-03-14 21:44:48,594,631,67,493,477,790,790
2016-03-14 21:44:49,599,632,67,494,477,790,790
2016-03-14 21:44:50,602,633,67,494,478,790,790
2016-03-14 21:44:51,608,634,67,495,478,790,790
2016-03-14 21:44:52,610,635,67,495,478,790,790
2016-03-14 21:44:53,615,636,67,495,478,790,790
2016-03-14 21:44:54,618,637,67,496,478,790,790
2016-03-14 21:44:55,622,638,67,496,479,790,790
2016-03-14 21:44:56,624,639,67,497,479,790,790
2016-03-14 21:44:57,627,640,67,497,479,790,790
2016-03-14 21:44:58,631,641,67,498,479,790,790
2016-03-14 21:44:59,636,642,67,498,479,790,790
2016-03-14 21:45:00,639,643,67,499,479,790,790
2016-03-14 21:45:01,644,644,67,499,480,790,790
2016-03-14 21:45:02,648,645,67,499,480,790,790
2016-03-14 21:45:03,649,646,67,500,480,790,790
2016-03-14 21:45:04,654,647,67,500,480,790,790
2016-03-14 21:45:05,655,648,67,501,480,790,790
2016-03-14 21:45:06,657,649,67,501,481,790,790
2016-03-14 21:45:07,661,650,67,501,481,790,790
2016-03-14 21:45:08,662,651,67,502,482,790,790
2016-03-14 21:45:09,666,652,67,502,482,790,790
2016-03-14 21:45:10,670,653,67,503,482,790,790
2016-03-14 21:45:11,674,654,67,503,482,790,790
2016-03-14 21:45:12,678,655,67,504,482,790,790
2016-03-14 21:45:13,681,656,67,504,483,790,790
2016-03-14 21:45:14,685,657,67,505,483,790,790
2016-03-14 21:45:15,687,658,67,505,484,790,790
2016-03-14 21:45:16,690,659,67,506,484,790,790
2016-03-14 21:45:17,694,660,67,506,485,790,790
2016-03-14 21:45:18,696,661,67,507,485,790,790
2016-03-14 21:45:19,700,662,67,507,486,790,790
2016-03-14 21:45:20,705,663,67,507,486,790,790
2016-03-14 21:45:21,709,664,67,508,486,790,790
2016-03-14 21:45:22,709,665,67,508,487,790,790
2016-03-14 21:45:23,711,666,67,509,487,790,790
2016-03-14 21:45:24,716,667,67,509,488,790,790
2016-03-14 21:45:25,716,668,67,509,488,790,790
2016-03-14 21:45:26,717,669,67,510,488,790,790
2016-03-14 21:45:27,720,670,67,510,489,790,790
2016-03-14 21:45:28,723,671,67,511,489,790,790
2016-03-14 21:45:29,728,672,67,511,490,790,790
2016-03-14 21:45:30,732,673,67,511,490,790,790
2016-03-14 21:45:31,733,674,67,512,490,790,790
2016-03-14 21:45:32,738,675,67,512,491,790,790
2016-03-14 21:45:33,739,676,67,513,491,790,790
2016-03-14 21:45:34,742,677,67,513,491,790,790
2016-03-14 21:45:35,747,678,67,513,492,790,790
2016-03-14 21:45:36,748,679,67,514,492,790,790
2016-03-14 21:45:37,753,680,67,514,492,790,790
2016-03-14 21:45:38,759,681,67,515,493,790,790
2016-03-14 21:45:39,764,682,67,515,493,790,790
2016-03-14 21:45:40,767,683,67,515,493,790,790
2016-03-14 21:45:41,773,684,67,516,494,790,790
2016-03-14 21:45:42,777,685,67,516,494,790,790
2016-03-14 21:45:43,781,686,67,516,494,790,790
2016-03-14 21:45:44,782,687,67,517,495,790,790
2016-03-14 21:45:45,785,688,67,517,495,790,790
2016-03-14 21:45:46,788,689,67,518,496,790,790
2016-03-14 21:45:47,791,690,67,518,496,790,790
2016-03-14 21:45:48,796,691,67,518,496,790,790
2016-03-14 21:45:49,800,692,67,519,497,790,790
2016-03-14 21:45:50,804,693,67,519,497,790,790
2016-03-14 21:45:51,808,694,67,520,497,790,790
2016-03-14 21:45:52,813,695,67,520,497,790,790
2016-03-14 21:45:53,817,696,67,520,498,790,790
2016-03-14 21:45:54,821,697,67,521,498,790,790
2016-03-14 21:45:55,826,698,67,521,498,790,790
2016-03-14 21:45:56,830,699,67,521,499,790,790
2016-03-14 21:45:57,831,700,67,522,499,790,790
2016-03-14 21:45:58,835,701,67,522,499,790,790
2016-03-14 21:45:59,837,702,67,522,499,790,790
2016-03-14 21:46:00,841,703,67,523,500,790,790
2016-03-14 21:46:01,846,704,67,523,500,790,790
2016-03-14 21:46:02,847,705,67,524,500,790,790
2016-03-14 21:46:03,852,706,67,524,500,790,790
2016-03-14 21:46:04,853,707,67,524,500,790,790
2016-03-14 21:46:05,856,708,67,525,501,790,790
2016-03-14 21:46:06,861,709,67,525,501,790,790
2016-03-14 21:46:07,862,710,67,525,501,790,790
2016-03-14 21:46:08,862,711,67,526,501,790,790
2016-03-14 21:46:09,868,712,67,526,502,790,790
2016-03-14 21:46:10,871,713,67,527,502,790,790
2016-03-14 21:46:11,876,714,67,527,502,790,790
2016-03-14 21:46:12,878,715,67,528,503,790,790
2016-03-14 21:46:13,883,716,67,528,503,790,790
2016-03-14 21:46:14,884,717,67,528,503,790,790
2016-03-14 21:46:15,887,718,67,529,503,790,790
2016-03-14 21:46:16,892,719,67,529,504,790,790
2016-03-14 21:46:17,893,720,67,529,504,790,790
2016-03-14 21:46:18,898,721,67,530,504,790,790
2016-03-14 21:46:19,899,722,67,530,504,790,790
2016-03-14 21:46:20,903,723,67,531,504,790,790
2016-03-14 21:46:21,907,724,67,531,504,790,790
2016-03-14 21:46:22,908,725,67,531,504,790,790
2016-03-14 21:46:23,913,726,67,532,504,790,790
2016-03-14 21:46:24,914,727,67,532,503,790,790
2016-03-14 21:46:25,918,728,67,532,503,790,790
2016-03-14 21:46:26,923,729,67,533,503,790,790
2016-03-14 21:46:27,924,730,67,533,502,790,790
2016-03-14 21:46:28,929,731,67,534,502,790,790
2016-03-14 21:46:29,935,732,67,534,501,790,790
2016-03-14 21:46:30,939,733,67,535,501,790,790
2016-03-14 21:46:31,944,734,67,535,501,790,790
2016-03-14 21:46:32,948,735,67,535,501,790,790
2016-03-14 21:46:33,951,736,67,536,501,790,790
2016-03-14 21:46:34,956,737,67,536,501,790,790
2016-03-14 21:46:35,961,738,67,536,500,790,790
2016-03-14 21:46:36,965,739,67,537,500,790,790
2016-03-14 21:46:37,970,740,67,537,499,790,790
2016-03-14 21:46:38,974,741,67,538,499,790,790
2016-03-14 21:46:39,976,742,67,538,498,790,790
2016-03-14 21:46:40,980,743,67,538,498,790,790
2016-03-14 21:46:41,980,744,67,539,498,790,790
2016-03-14 21:46:42,986,745,67,539,498,790,790
2016-03-14 21:46:43,989,746,67,539,498,790,790
2016-03-14 21:46:44,991,747,67,540,498,790,790
2016-03-14 21:46:45,995,748,67,540,497,790,790
2016-03-14 21:46:46,999,749,67,540,497,790,790
2016-03-14 21:46:48,003,750,67,541,497,790,790
2016-03-14 21:46:49,004,751,67,541,496,790,790
2016-03-14 21:46:50,006,752,67,542,496,790,790
2016-03-14 21:46:51,010,753,67,542,496,790,790
2016-03-14 21:46:52,011,754,67,543,496,790,790
2016-03-14 21:46:53,017,755,67,543,496,790,790
2016-03-14 21:46:54,019,756,67,544,496,790,790
2016-03-14 21:46:55,021,757,67,544,495,790,790
2016-03-14 21:46:56,026,758,67,544,494,790,790
2016-03-14 21:46:57,030,759,67,545,493,790,790
2016-03-14 21:46:58,034,760,67,545,492,790,790
2016-03-14 21:46:59,035,761,67,546,491,790,790
2016-03-14 21:47:00,037,762,67,546,491,790,790
2016-03-14 21:47:01,041,763,67,546,490,790,790
2016-03-14 21:47:02,042,764,67,547,489,790,790
2016-03-14 21:47:03,046,765,67,547,488,790,790
2016-03-14 21:47:04,050,766,67,548,488,790,790
2016-03-14 21:47:05,054,767,67,548,487,790,790
2016-03-14 21:47:06,059,768,67,549,487,790,790
2016-03-14 21:47:07,064,769,67,549,486,790,790
2016-03-14 21:47:08,067,770,67,549,485,790,790
2016-03-14 21:47:09,068,771,67,550,485,790,790
2016-03-14 21:47:10,069,772,67,550,484,790,790
2016-03-14 21:47:11,074,773,67,551,484,790,790
2016-03-14 21:47:12,076,774,67,551,484,790,790
2016-03-14 21:47:13,081,775,67,551,483,790,790
2016-03-14 21:47:14,082,776,67,551,483,790,790
2016-03-14 21:47:15,084,777,67,551,483,790,790
2016-03-14 21:47:16,089,778,67,550,482,790,790
2016-03-14 21:47:17,091,779,67,549,481,790,790
2016-03-14 21:47:18,096,781,67,547,480,790,790
2016-03-14 21:47:19,100,782,67,546,479,790,790
2016-03-14 21:47:20,104,783,67,544,478,790,790
2016-03-14 21:47:21,105,784,67,542,477,790,790
2016-03-14 21:47:22,107,785,67,541,477,790,790
2016-03-14 21:47:23,111,786,67,539,476,790,790
2016-03-14 21:47:24,111,787,67,538,475,790,790
2016-03-14 21:47:25,115,788,67,537,474,790,790
2016-03-14 21:47:26,120,789,67,536,473,790,790
2016-03-14 21:47:27,122,790,67,536,472,790,790
2016-03-14 21:47:28,126,791,67,537,472,790,790
2016-03-14 21:47:29,127,792,67,538,472,790,790
2016-03-14 21:47:30,128,793,67,539,471,790,790
2016-03-14 21:47:31,130,794,67,539,471,790,790
2016-03-14 21:47:32,134,795,67,540,471,790,790
2016-03-14 21:47:33,138,796,67,540,470,790,790
2016-03-14 21:47:34,142,797,67,541,470,790,790
2016-03-14 21:47:35,146,798,67,541,469,790,790
2016-03-14 21:47:36,151,799,67,542,469,790,790
2016-03-14 21:47:37,152,800,67,542,468,790,790
2016-03-14 21:47:38,157,801,67,542,468,790,790
2016-03-14 21:47:39,158,802,67,543,467,790,790
2016-03-14 21:47:40,161,803,67,543,467,790,790
2016-03-14 21:47:41,166,804,67,543,467,790,790
2016-03-14 21:47:42,168,805,67,543,466,790,790
2016-03-14 21:47:43,172,806,67,543,466,790,790
2016-03-14 21:47:44,173,807,67,544,466,790,790
2016-03-14 21:47:45,177,808,67,544,465,790,790
2016-03-14 21:47:46,181,809,67,544,465,790,790
2016-03-14 21:47:47,183,810,67,544,465,790,790
2016-03-14 21:47:48,188,811,67,544,464,790,790
2016-03-14 21:47:49,193,812,67,544,464,790,790
2016-03-14 21:47:50,197,813,67,544,464,790,790
2016-03-14 21:47:51,201,814,67,544,463,790,790
2016-03-14 21:47:52,205,815,67,545,463,790,790
2016-03-14 21:47:53,208,816,67,545,462,790,790
2016-03-14 21:47:54,212,817,67,545,462,790,790
2016-03-14 21:47:55,214,818,67,545,462,790,790
2016-03-14 21:47:56,219,819,67,545,461,790,790
2016-03-14 21:47:57,222,820,67,545,461,790,790
2016-03-14 21:47:58,228,821,67,545,461,790,790
2016-03-14 21:47:59,231,822,67,545,460,790,790
2016-03-14 21:48:00,236,823,67,545,460,790,790
2016-03-14 21:48:01,239,824,67,545,460,790,790
2016-03-14 21:48:02,245,825,67,544,459,790,790
2016-03-14 21:48:03,248,826,67,544,459,790,790
2016-03-14 21:48:04,249,827,67,544,459,790,790
2016-03-14 21:48:05,254,828,67,544,458,790,790
2016-03-14 21:48:06,255,829,67,544,458,790,790
2016-03-14 21:48:07,260,830,67,544,458,790,790
2016-03-14 21:48:08,263,831,67,544,457,790,790
2016-03-14 21:48:09,265,832,67,544,457,790,790
2016-03-14 21:48:10,269,833,67,544,457,790,790
2016-03-14 21:48:11,270,834,67,544,457,790,790
2016-03-14 21:48:12,274,835,67,544,456,790,790
2016-03-14 21:48:13,279,836,67,544,456,790,790
2016-03-14 21:48:14,280,837,67,543,456,790,790
2016-03-14 21:48:15,285,838,67,543,456,790,790
2016-03-14 21:48:16,285,839,67,543,455,790,790
2016-03-14 21:48:17,291,840,67,543,455,790,790
2016-03-14 21:48:18,296,841,67,543,455,790,790
2016-03-14 21:48:19,300,842,67,543,454,790,790
2016-03-14 21:48:20,303,843,67,543,454,790,790
2016-03-14 21:48:21,304,844,67,543,454,790,790
2016-03-14 21:48:22,310,845,67,542,453,790,790
2016-03-14 21:48:23,314,846,67,542,453,790,790
2016-03-14 21:48:24,319,847,67,542,453,790,790
2016-03-14 21:48:25,321,848,67,542,453,790,790
2016-03-14 21:48:26,326,849,67,541,452,790,790
2016-03-14 21:48:27,326,850,67,541,452,790,790
2016-03-14 21:48:28,332,851,67,541,452,790,790
2016-03-14 21:48:29,335,852,67,541,452,790,790
2016-03-14 21:48:30,340,853,67,541,452,790,790
2016-03-14 21:48:31,344,854,67,540,451,790,790
2016-03-14 21:48:32,348,855,67,540,451,790,790
2016-03-14 21:48:33,352,856,67,540,451,790,790
2016-03-14 21:48:34,357,857,67,540,450,790,790
2016-03-14 21:48:35,363,858,67,540,450,790,790
2016-03-14 21:48:36,368,859,67,539,450,790,790
2016-03-14 21:48:37,369,860,67,539,450,790,790
2016-03-14 21:48:38,373,861,67,539,450,790,790
2016-03-14 21:48:39,377,862,67,539,450,790,790
2016-03-14 21:48:40,379,863,67,539,449,790,790
2016-03-14 21:48:41,384,864,67,538,449,790,790
2016-03-14 21:48:42,385,865,67,538,449,790,790
2016-03-14 21:48:43,388,866,67,538,449,790,790
2016-03-14 21:48:44,392,867,67,538,449,790,790
2016-03-14 21:48:45,396,868,67,537,448,790,790
2016-03-14 21:48:46,401,869,67,537,448,790,790
2016-03-14 21:48:47,407,870,67,537,448,790,790
2016-03-14 21:48:48,410,871,67,536,447,790,790
2016-03-14 21:48:49,411,872,67,536,447,790,790
2016-03-14 21:48:50,416,873,67,536,447,790,790
2016-03-14 21:48:51,416,874,67,536,447,790,790
2016-03-14 21:48:52,422,875,67,536,447,790,790
2016-03-14 21:48:53,426,876,67,535,447,790,790
2016-03-14 21:48:54,427,877,67,535,446,790,790
2016-03-14 21:48:55,431,878,67,535,446,790,790
2016-03-14 21:48:56,434,879,67,535,446,790,790
2016-03-14 21:48:57,435,880,67,534,446,790,790
2016-03-14 21:48:58,440,881,67,534,446,790,790
2016-03-14 21:48:59,442,882,67,534,445,790,790
2016-03-14 21:49:00,446,883,67,534,445,790,790
2016-03-14 21:49:01,447,884,67,533,445,790,790
2016-03-14 21:49:02,452,885,67,533,445,790,790
2016-03-14 21:49:03,455,886,67,533,445,790,790
2016-03-14 21:49:04,461,887,67,533,445,790,790
2016-03-14 21:49:05,466,888,67,533,444,790,790
2016-03-14 21:49:06,472,889,67,532,444,790,790
2016-03-14 21:49:07,472,890,67,532,444,790,790
2016-03-14 21:49:08,473,891,67,532,444,790,790
2016-03-14 21:49:09,479,892,67,532,443,790,790
2016-03-14 21:49:10,479,893,67,532,443,790,790
2016-03-14 21:49:11,482,894,67,531,443,790,790
2016-03-14 21:49:12,489,895,67,531,443,790,790
2016-03-14 21:49:13,493,896,67,531,443,790,790
2016-03-14 21:49:14,499,897,67,530,442,790,790
2016-03-14 21:49:15,504,898,67,530,442,790,790
2016-03-14 21:49:16,506,899,67,530,442,790,790
2016-03-14 21:49:17,508,900,67,530,442,790,790
2016-03-14 21:49:18,511,901,67,530,441,790,790
2016-03-14 21:49:19,515,902,67,529,441,790,790
2016-03-14 21:49:20,520,903,67,529,441,790,790
2016-03-14 21:49:21,520,904,67,529,441,790,790
2016-03-14 21:49:22,524,905,67,528,441,790,790
2016-03-14 21:49:23,529,906,67,528,440,790,790
2016-03-14 21:49:24,530,907,67,528,440,790,790
2016-03-14 21:49:25,535,908,67,528,440,790,790
2016-03-14 21:49:26,536,909,67,527,440,790,790
2016-03-14 21:49:27,540,910,67,527,440,790,790
