2016-03-01 07:13:30,419,datetime,ms,seconds,ambient_temp,thermocouple_0_temp,thermocouple_1_temp,thermocouple_2_temp,thermocouple_3_temp
2016-03-01 07:13:35,503,5,81,299,393,783,784
2016-03-01 07:13:36,506,6,81,292,387,783,784
2016-03-01 07:13:37,508,7,81,286,382,783,784
2016-03-01 07:13:38,511,8,81,280,380,783,784
2016-03-01 07:13:39,512,9,81,275,378,783,784
2016-03-01 07:13:40,517,10,81,270,376,783,784
2016-03-01 07:13:41,521,11,81,267,374,783,784
2016-03-01 07:13:42,523,12,81,257,373,783,784
2016-03-01 07:13:43,527,13,81,253,371,783,784
2016-03-01 07:13:44,529,14,81,270,370,783,784
2016-03-01 07:13:45,532,15,81,267,368,783,784
2016-03-01 07:13:46,537,16,81,263,367,783,784
2016-03-01 07:13:47,539,17,81,258,366,783,784
2016-03-01 07:13:48,542,18,81,254,365,783,784
2016-03-01 07:13:49,543,19,81,249,364,783,784
2016-03-01 07:13:50,547,20,81,245,362,783,784
2016-03-01 07:13:51,552,21,81,242,361,783,784
2016-03-01 07:13:52,554,22,81,239,360,783,784
2016-03-01 07:13:53,557,23,81,236,359,783,784
2016-03-01 07:13:54,559,24,81,232,359,783,784
2016-03-01 07:13:55,564,25,81,229,358,783,784
2016-03-01 07:13:56,567,26,81,226,358,783,784
2016-03-01 07:13:57,569,27,81,225,358,783,784
2016-03-01 07:13:58,572,28,81,223,358,783,784
2016-03-01 07:13:59,574,29,81,221,358,783,784
2016-03-01 07:14:00,575,30,81,218,358,783,784
2016-03-01 07:14:01,576,31,81,216,358,783,784
2016-03-01 07:14:02,581,32,81,214,358,783,784
2016-03-01 07:14:03,587,33,81,212,357,783,784
2016-03-01 07:14:04,589,34,81,210,357,783,784
2016-03-01 07:14:05,595,35,81,208,357,783,784
2016-03-01 07:14:06,597,36,81,207,357,783,784
2016-03-01 07:14:07,600,37,81,205,357,783,784
2016-03-01 07:14:08,601,38,81,203,357,783,784
2016-03-01 07:14:09,604,39,81,202,357,783,784
2016-03-01 07:14:10,609,40,81,200,357,783,784
2016-03-01 07:14:11,613,41,81,199,357,783,784
2016-03-01 07:14:12,618,42,81,198,357,783,784
2016-03-01 07:14:13,622,43,81,196,357,783,784
2016-03-01 07:14:14,626,44,81,195,357,783,784
2016-03-01 07:14:15,630,45,81,194,357,783,784
2016-03-01 07:14:16,635,46,81,193,357,783,784
2016-03-01 07:14:17,638,47,81,192,357,783,784
2016-03-01 07:14:18,644,48,81,191,357,783,784
2016-03-01 07:14:19,648,49,81,190,357,783,784
2016-03-01 07:14:20,650,50,81,189,357,783,784
2016-03-01 07:14:21,656,51,81,188,357,783,784
2016-03-01 07:14:22,661,52,81,188,358,783,784
2016-03-01 07:14:23,664,53,81,187,357,783,784
2016-03-01 07:14:24,667,54,81,187,357,783,784
2016-03-01 07:14:25,672,55,81,186,357,783,784
2016-03-01 07:14:26,673,56,81,185,358,783,784
2016-03-01 07:14:27,675,57,81,185,357,783,784
2016-03-01 07:14:28,679,58,81,185,358,783,784
2016-03-01 07:14:29,684,59,81,184,358,783,784
2016-03-01 07:14:30,688,60,81,184,358,783,784
2016-03-01 07:14:31,692,61,81,184,357,783,784
2016-03-01 07:14:32,697,62,81,184,358,783,784
2016-03-01 07:14:33,698,63,81,183,358,783,784
2016-03-01 07:14:34,699,64,81,183,358,783,784
2016-03-01 07:14:35,704,65,81,183,358,783,784
2016-03-01 07:14:36,705,66,81,183,358,783,784
2016-03-01 07:14:37,707,67,81,183,358,783,784
2016-03-01 07:14:38,710,68,81,183,358,783,784
2016-03-01 07:14:39,712,69,81,183,357,783,784
2016-03-01 07:14:40,718,70,81,183,358,783,784
2016-03-01 07:14:41,718,71,81,183,357,783,784
2016-03-01 07:14:42,721,72,81,183,358,783,784
2016-03-01 07:14:43,726,73,81,183,357,783,784
2016-03-01 07:14:44,730,74,81,183,358,783,784
2016-03-01 07:14:45,734,75,81,183,358,783,784
2016-03-01 07:14:46,741,76,81,183,358,783,784
2016-03-01 07:14:47,742,77,81,184,358,783,784
2016-03-01 07:14:48,748,78,81,184,358,783,784
2016-03-01 07:14:49,751,79,81,184,358,783,784
2016-03-01 07:14:50,757,80,81,184,358,783,784
2016-03-01 07:14:51,759,81,81,176,358,783,784
2016-03-01 07:14:52,762,82,81,180,358,783,784
2016-03-01 07:14:53,768,83,81,180,358,783,784
2016-03-01 07:14:54,769,84,81,181,358,783,784
2016-03-01 07:14:55,770,85,81,181,358,783,784
2016-03-01 07:14:56,775,86,81,181,358,783,784
2016-03-01 07:14:57,780,87,81,182,358,783,784
2016-03-01 07:14:58,786,88,81,182,358,783,784
2016-03-01 07:14:59,786,89,81,182,358,783,784
2016-03-01 07:15:00,787,90,81,182,358,783,784
2016-03-01 07:15:01,790,91,81,183,358,783,784
2016-03-01 07:15:02,794,92,81,183,358,783,784
2016-03-01 07:15:03,799,93,81,183,358,783,784
2016-03-01 07:15:04,804,94,81,184,358,783,784
2016-03-01 07:15:05,807,95,81,184,359,783,784
2016-03-01 07:15:06,810,96,81,184,359,783,784
2016-03-01 07:15:07,816,97,81,185,359,783,784
2016-03-01 07:15:08,817,98,81,185,359,783,784
2016-03-01 07:15:09,822,99,81,185,359,783,784
2016-03-01 07:15:10,822,100,81,186,359,783,784
2016-03-01 07:15:11,827,101,81,186,359,783,784
2016-03-01 07:15:12,831,102,81,186,359,783,784
2016-03-01 07:15:13,836,103,81,187,359,783,784
2016-03-01 07:15:14,839,104,81,187,359,783,784
2016-03-01 07:15:15,840,105,81,188,359,783,784
2016-03-01 07:15:16,841,106,81,188,359,783,784
2016-03-01 07:15:17,846,107,81,188,359,783,784
2016-03-01 07:15:18,851,108,81,189,359,783,784
2016-03-01 07:15:19,855,109,81,189,359,783,784
2016-03-01 07:15:20,857,110,81,190,359,783,784
2016-03-01 07:15:21,863,111,81,190,359,783,784
2016-03-01 07:15:22,867,112,81,190,359,783,784
2016-03-01 07:15:23,872,113,81,191,359,783,784
2016-03-01 07:15:24,878,114,81,191,359,783,784
2016-03-01 07:15:25,881,115,81,192,359,783,784
2016-03-01 07:15:26,884,116,81,192,359,783,784
2016-03-01 07:15:27,889,117,81,193,359,783,784
2016-03-01 07:15:28,890,118,81,193,359,783,784
2016-03-01 07:15:29,894,119,81,194,359,783,784
2016-03-01 07:15:30,896,120,81,194,359,783,784
2016-03-01 07:15:31,896,121,81,195,359,783,784
2016-03-01 07:15:32,899,122,81,195,359,783,784
2016-03-01 07:15:33,903,123,81,195,359,783,784
2016-03-01 07:15:34,905,124,81,196,359,783,784
2016-03-01 07:15:35,911,125,81,196,359,783,784
2016-03-01 07:15:36,916,126,81,197,359,783,784
2016-03-01 07:15:37,919,127,81,197,359,783,784
2016-03-01 07:15:38,925,128,81,198,359,783,784
2016-03-01 07:15:39,928,129,81,198,359,783,784
2016-03-01 07:15:40,935,130,81,199,360,783,784
2016-03-01 07:15:41,936,131,81,199,360,783,784
2016-03-01 07:15:42,937,132,81,200,360,783,784
2016-03-01 07:15:43,941,133,81,200,360,783,784
2016-03-01 07:15:44,944,134,81,201,360,783,784
2016-03-01 07:15:45,945,135,81,201,360,783,784
2016-03-01 07:15:46,947,136,81,202,360,783,784
2016-03-01 07:15:47,950,137,81,202,360,783,784
2016-03-01 07:15:48,958,138,81,203,360,783,784
2016-03-01 07:15:49,961,139,81,203,360,783,784
2016-03-01 07:15:50,966,140,81,203,360,783,784
2016-03-01 07:15:51,967,141,81,204,360,783,784
2016-03-01 07:15:52,972,142,81,204,360,783,784
2016-03-01 07:15:53,976,143,81,205,360,783,784
2016-03-01 07:15:54,978,144,81,205,360,783,784
2016-03-01 07:15:55,983,145,81,206,360,783,784
2016-03-01 07:15:56,984,146,81,206,360,783,784
2016-03-01 07:15:57,987,147,81,207,360,783,784
2016-03-01 07:15:58,991,148,81,207,361,783,784
2016-03-01 07:15:59,996,149,81,208,362,783,784
2016-03-01 07:16:00,999,150,81,208,362,783,784
2016-03-01 07:16:02,005,151,81,209,363,783,784
2016-03-01 07:16:03,007,152,81,209,364,783,784
2016-03-01 07:16:04,013,153,81,209,365,783,784
2016-03-01 07:16:05,016,154,81,210,366,783,784
2016-03-01 07:16:06,023,155,81,210,367,783,784
2016-03-01 07:16:07,025,156,81,211,367,783,784
2016-03-01 07:16:08,030,157,81,211,368,783,784
2016-03-01 07:16:09,033,158,81,211,369,783,784
2016-03-01 07:16:10,039,159,81,212,369,783,784
2016-03-01 07:16:11,042,160,81,212,370,783,784
2016-03-01 07:16:12,047,161,81,213,371,783,784
2016-03-01 07:16:13,050,162,81,213,371,783,784
2016-03-01 07:16:14,053,163,81,214,372,783,784
2016-03-01 07:16:15,059,164,81,214,372,783,784
2016-03-01 07:16:16,062,165,81,215,373,783,784
2016-03-01 07:16:17,067,166,81,215,374,783,784
2016-03-01 07:16:18,069,167,81,216,374,783,784
2016-03-01 07:16:19,075,168,81,216,375,783,784
2016-03-01 07:16:20,076,169,81,216,375,783,784
2016-03-01 07:16:21,080,170,81,217,376,783,784
2016-03-01 07:16:22,082,171,81,217,377,783,784
2016-03-01 07:16:23,088,172,81,218,377,783,784
2016-03-01 07:16:24,091,173,81,218,377,783,784
2016-03-01 07:16:25,097,174,81,219,378,783,784
2016-03-01 07:16:26,099,175,81,219,378,783,784
2016-03-01 07:16:27,106,176,81,220,379,783,784
2016-03-01 07:16:28,107,177,81,220,379,783,784
2016-03-01 07:16:29,112,178,81,220,380,783,784
2016-03-01 07:16:30,118,179,81,221,380,783,784
2016-03-01 07:16:31,122,180,81,221,380,783,784
2016-03-01 07:16:32,125,181,81,222,381,783,784
2016-03-01 07:16:33,127,182,81,222,381,783,784
2016-03-01 07:16:34,131,183,81,223,382,783,784
2016-03-01 07:16:35,132,184,81,223,382,783,784
2016-03-01 07:16:36,137,185,81,224,383,783,784
2016-03-01 07:16:37,140,186,81,224,383,783,784
2016-03-01 07:16:38,143,187,81,225,383,783,784
2016-03-01 07:16:39,149,188,81,225,384,783,784
2016-03-01 07:16:40,151,189,81,225,384,783,784
2016-03-01 07:16:41,155,190,81,226,385,783,784
2016-03-01 07:16:42,160,191,81,226,385,783,784
2016-03-01 07:16:43,166,192,81,227,385,783,784
2016-03-01 07:16:44,168,193,81,227,386,783,784
2016-03-01 07:16:45,174,194,81,228,386,783,784
2016-03-01 07:16:46,175,195,81,228,386,783,784
2016-03-01 07:16:47,176,196,81,229,387,783,784
2016-03-01 07:16:48,181,197,81,229,387,783,784
2016-03-01 07:16:49,186,198,81,229,387,783,784
2016-03-01 07:16:50,189,199,81,230,387,783,784
2016-03-01 07:16:51,191,200,81,230,388,783,784
2016-03-01 07:16:52,193,201,81,231,388,783,784
2016-03-01 07:16:53,197,202,81,231,388,783,784
2016-03-01 07:16:54,201,203,81,232,389,783,784
2016-03-01 07:16:55,205,204,81,232,389,783,784
2016-03-01 07:16:56,211,205,81,233,389,783,784
2016-03-01 07:16:57,213,206,81,233,389,783,784
2016-03-01 07:16:58,219,207,81,233,390,783,784
2016-03-01 07:16:59,222,208,81,234,390,783,784
2016-03-01 07:17:00,227,209,81,234,390,783,784
2016-03-01 07:17:01,231,210,81,235,390,783,784
2016-03-01 07:17:02,234,211,81,235,391,783,784
2016-03-01 07:17:03,239,212,81,236,391,783,784
2016-03-01 07:17:04,245,213,81,236,391,783,784
2016-03-01 07:17:05,248,214,81,237,392,783,784
2016-03-01 07:17:06,253,215,81,237,392,783,784
2016-03-01 07:17:07,255,216,81,238,392,783,784
2016-03-01 07:17:08,259,217,81,238,393,783,784
2016-03-01 07:17:09,264,218,81,239,393,783,784
2016-03-01 07:17:10,265,219,81,239,393,783,784
2016-03-01 07:17:11,269,220,81,240,394,783,784
2016-03-01 07:17:12,271,221,81,240,394,783,784
2016-03-01 07:17:13,277,222,81,241,394,783,784
2016-03-01 07:17:14,279,223,81,241,394,783,784
2016-03-01 07:17:15,281,224,81,241,395,783,784
2016-03-01 07:17:16,288,225,81,242,395,783,784
2016-03-01 07:17:17,293,226,81,242,395,783,784
2016-03-01 07:17:18,297,227,81,243,396,783,784
2016-03-01 07:17:19,301,228,81,243,396,783,784
2016-03-01 07:17:20,305,229,81,244,396,783,784
2016-03-01 07:17:21,309,230,81,244,397,783,784
2016-03-01 07:17:22,314,231,81,244,397,783,784
2016-03-01 07:17:23,315,232,81,245,397,783,784
2016-03-01 07:17:24,318,233,81,245,397,783,784
2016-03-01 07:17:25,320,234,81,246,397,783,784
2016-03-01 07:17:26,324,235,81,246,398,783,784
2016-03-01 07:17:27,329,236,81,247,398,783,784
2016-03-01 07:17:28,331,237,81,247,398,783,784
2016-03-01 07:17:29,337,238,81,247,398,783,784
2016-03-01 07:17:30,343,239,81,248,399,783,784
2016-03-01 07:17:31,346,240,81,248,399,783,784
2016-03-01 07:17:32,347,241,81,249,399,783,784
2016-03-01 07:17:33,348,242,81,249,399,783,784
2016-03-01 07:17:34,354,243,81,250,399,783,784
2016-03-01 07:17:35,358,244,81,250,400,783,784
2016-03-01 07:17:36,361,245,81,250,400,783,784
2016-03-01 07:17:37,366,246,81,251,400,783,784
2016-03-01 07:17:38,370,247,81,251,401,783,784
2016-03-01 07:17:39,376,248,81,251,401,783,784
2016-03-01 07:17:40,378,249,81,252,401,783,784
2016-03-01 07:17:41,378,250,81,252,402,783,784
2016-03-01 07:17:42,382,251,81,252,402,783,784
2016-03-01 07:17:43,385,252,81,253,402,783,784
2016-03-01 07:17:44,391,253,81,253,402,783,784
2016-03-01 07:17:45,394,254,81,254,403,783,784
2016-03-01 07:17:46,396,255,81,254,403,783,784
2016-03-01 07:17:47,399,256,81,254,404,783,784
2016-03-01 07:17:48,402,257,81,255,404,783,784
2016-03-01 07:17:49,404,258,81,255,404,783,784
2016-03-01 07:17:50,409,259,81,256,404,783,784
2016-03-01 07:17:51,411,260,81,256,404,783,784
2016-03-01 07:17:52,416,261,81,257,405,783,784
2016-03-01 07:17:53,422,263,81,257,405,783,784
2016-03-01 07:17:54,426,264,81,257,405,783,784
2016-03-01 07:17:55,427,265,81,258,405,783,784
2016-03-01 07:17:56,432,266,81,258,406,783,784
2016-03-01 07:17:57,437,267,81,258,406,783,784
2016-03-01 07:17:58,443,268,81,259,406,783,784
2016-03-01 07:17:59,445,269,81,259,406,783,784
2016-03-01 07:18:00,451,270,81,260,407,783,784
2016-03-01 07:18:01,457,271,81,259,407,783,784
2016-03-01 07:18:02,460,272,81,259,407,783,784
2016-03-01 07:18:03,465,273,81,260,407,783,784
2016-03-01 07:18:04,468,274,81,260,408,783,784
2016-03-01 07:18:05,474,275,81,261,408,783,784
2016-03-01 07:18:06,478,276,81,261,408,783,784
2016-03-01 07:18:07,480,277,81,260,408,783,784
2016-03-01 07:18:08,485,278,81,260,408,783,784
2016-03-01 07:18:09,488,279,81,261,409,783,784
2016-03-01 07:18:10,494,280,81,261,409,783,784
2016-03-01 07:18:11,495,281,81,261,409,783,784
2016-03-01 07:18:12,498,282,81,262,409,783,784
2016-03-01 07:18:13,502,283,81,262,410,783,784
2016-03-01 07:18:14,504,284,81,262,410,783,784
2016-03-01 07:18:15,509,285,81,263,410,783,784
2016-03-01 07:18:16,512,286,81,263,410,783,784
2016-03-01 07:18:17,517,287,81,264,410,783,784
2016-03-01 07:18:18,523,288,81,264,411,783,784
2016-03-01 07:18:19,529,289,81,264,411,783,784
2016-03-01 07:18:20,531,290,81,265,411,783,784
2016-03-01 07:18:21,534,291,81,265,411,783,784
2016-03-01 07:18:22,540,292,81,265,411,783,784
2016-03-01 07:18:23,543,293,81,266,412,783,784
2016-03-01 07:18:24,546,294,81,266,412,783,784
2016-03-01 07:18:25,551,295,81,267,412,783,784
2016-03-01 07:18:26,557,296,81,267,412,783,784
2016-03-01 07:18:27,560,297,81,267,413,783,784
2016-03-01 07:18:28,564,298,81,268,413,783,784
2016-03-01 07:18:29,568,299,81,268,413,783,784
2016-03-01 07:18:30,570,300,81,269,414,783,784
2016-03-01 07:18:31,572,301,81,269,414,783,784
2016-03-01 07:18:32,575,302,81,270,414,783,784
2016-03-01 07:18:33,578,303,81,270,414,783,784
2016-03-01 07:18:34,583,304,81,270,414,783,784
2016-03-01 07:18:35,585,305,81,271,414,783,784
2016-03-01 07:18:36,587,306,81,271,415,783,784
2016-03-01 07:18:37,590,307,81,271,415,783,784
2016-03-01 07:18:38,595,308,81,272,415,783,784
2016-03-01 07:18:39,599,309,81,272,415,783,784
2016-03-01 07:18:40,604,310,81,272,415,783,784
2016-03-01 07:18:41,607,311,81,273,416,783,784
2016-03-01 07:18:42,611,312,81,273,416,783,784
2016-03-01 07:18:43,615,313,81,273,416,783,784
2016-03-01 07:18:44,621,314,81,274,416,783,784
2016-03-01 07:18:45,624,315,81,274,417,783,784
2016-03-01 07:18:46,630,316,81,274,417,783,784
2016-03-01 07:18:47,633,317,81,275,417,783,784
2016-03-01 07:18:48,634,318,81,275,417,783,784
2016-03-01 07:18:49,641,319,81,275,417,783,784
2016-03-01 07:18:50,646,320,81,276,417,783,784
2016-03-01 07:18:51,651,321,81,276,418,783,784
2016-03-01 07:18:52,656,322,81,276,418,783,784
2016-03-01 07:18:53,658,323,81,277,418,783,784
2016-03-01 07:18:54,661,324,81,277,418,783,784
2016-03-01 07:18:55,664,325,81,277,419,783,784
2016-03-01 07:18:56,665,326,81,277,419,783,784
2016-03-01 07:18:57,669,327,81,278,419,783,784
2016-03-01 07:18:58,674,328,81,278,419,783,784
2016-03-01 07:18:59,676,329,81,278,420,783,784
2016-03-01 07:19:00,677,330,81,278,420,783,784
2016-03-01 07:19:01,680,331,81,279,420,783,784
2016-03-01 07:19:02,683,332,81,279,420,783,784
2016-03-01 07:19:03,689,333,81,280,421,783,784
2016-03-01 07:19:04,691,334,81,281,421,783,784
2016-03-01 07:19:05,694,335,81,281,421,783,784
2016-03-01 07:19:06,696,336,81,281,421,783,784
2016-03-01 07:19:07,699,337,81,282,421,783,784
2016-03-01 07:19:08,704,338,81,282,421,783,784
2016-03-01 07:19:09,710,339,81,282,422,783,784
2016-03-01 07:19:10,715,340,81,283,422,783,784
2016-03-01 07:19:11,718,341,81,283,422,783,784
2016-03-01 07:19:12,721,342,81,283,422,783,784
2016-03-01 07:19:13,727,343,81,284,423,783,784
2016-03-01 07:19:14,733,344,81,284,423,783,784
2016-03-01 07:19:15,736,345,81,284,423,783,784
2016-03-01 07:19:16,738,346,81,285,423,783,784
2016-03-01 07:19:17,744,347,81,285,423,783,784
2016-03-01 07:19:18,748,348,81,285,423,783,784
2016-03-01 07:19:19,749,349,81,286,424,783,784
2016-03-01 07:19:20,752,350,81,286,424,783,784
2016-03-01 07:19:21,754,351,81,286,424,783,784
2016-03-01 07:19:22,756,352,81,287,424,783,784
2016-03-01 07:19:23,757,353,81,287,425,783,784
2016-03-01 07:19:24,760,354,81,287,425,783,784
2016-03-01 07:19:25,763,355,81,288,425,783,784
2016-03-01 07:19:26,769,356,81,288,425,783,784
2016-03-01 07:19:27,775,357,81,289,426,783,784
2016-03-01 07:19:28,777,358,81,289,426,783,784
2016-03-01 07:19:29,782,359,81,290,426,783,784
2016-03-01 07:19:30,786,360,81,290,427,783,784
2016-03-01 07:19:31,786,361,81,290,427,783,784
2016-03-01 07:19:32,788,362,81,291,428,783,784
2016-03-01 07:19:33,793,363,81,291,428,783,784
2016-03-01 07:19:34,796,364,81,291,429,783,784
2016-03-01 07:19:35,801,365,81,292,429,783,784
2016-03-01 07:19:36,806,366,81,292,429,783,784
2016-03-01 07:19:37,810,367,81,292,430,783,784
2016-03-01 07:19:38,813,368,81,293,430,783,784
2016-03-01 07:19:39,818,369,81,293,430,783,784
2016-03-01 07:19:40,823,370,81,293,431,783,784
2016-03-01 07:19:41,827,371,81,294,431,783,784
2016-03-01 07:19:42,833,372,81,294,431,783,784
2016-03-01 07:19:43,835,373,81,294,432,783,784
2016-03-01 07:19:44,841,374,81,294,432,783,784
2016-03-01 07:19:45,845,375,81,295,432,783,784
2016-03-01 07:19:46,851,376,81,295,432,783,784
2016-03-01 07:19:47,854,377,81,295,433,783,784
2016-03-01 07:19:48,856,378,81,296,433,783,784
2016-03-01 07:19:49,861,379,81,296,433,783,784
2016-03-01 07:19:50,865,380,81,297,434,783,784
2016-03-01 07:19:51,869,381,81,297,434,783,784
2016-03-01 07:19:52,871,382,81,297,434,783,784
2016-03-01 07:19:53,874,383,81,298,434,783,784
2016-03-01 07:19:54,876,384,81,298,434,783,784
2016-03-01 07:19:55,881,385,81,298,435,783,784
2016-03-01 07:19:56,884,386,81,299,435,783,784
2016-03-01 07:19:57,885,387,81,299,435,783,784
2016-03-01 07:19:58,890,388,81,299,435,783,784
2016-03-01 07:19:59,891,389,81,300,435,783,784
2016-03-01 07:20:00,895,390,81,300,436,783,784
2016-03-01 07:20:01,899,391,81,300,436,783,784
2016-03-01 07:20:02,903,392,81,301,436,783,784
2016-03-01 07:20:03,908,393,81,301,436,783,784
2016-03-01 07:20:04,913,394,81,301,436,783,784
2016-03-01 07:20:05,917,395,81,302,437,783,784
2016-03-01 07:20:06,921,396,81,302,437,783,784
2016-03-01 07:20:07,926,397,81,303,437,783,784
2016-03-01 07:20:08,928,398,81,303,437,783,784
2016-03-01 07:20:09,933,399,81,303,437,783,784
2016-03-01 07:20:10,939,400,81,304,437,783,784
2016-03-01 07:20:11,942,401,81,304,438,783,784
2016-03-01 07:20:12,944,402,81,304,438,783,784
2016-03-01 07:20:13,947,403,81,305,438,783,784
2016-03-01 07:20:14,949,404,81,305,438,783,784
2016-03-01 07:20:15,954,405,81,306,438,783,784
2016-03-01 07:20:16,957,406,81,306,438,783,784
2016-03-01 07:20:17,962,407,81,306,439,783,784
2016-03-01 07:20:18,966,408,81,307,439,783,784
2016-03-01 07:20:19,971,409,81,307,439,783,784
2016-03-01 07:20:20,974,410,81,307,439,783,784
2016-03-01 07:20:21,977,411,81,308,439,783,784
2016-03-01 07:20:22,983,412,81,308,440,783,784
2016-03-01 07:20:23,985,413,81,308,440,783,784
2016-03-01 07:20:24,989,414,81,309,440,783,784
2016-03-01 07:20:25,992,415,81,309,440,783,784
2016-03-01 07:20:26,993,416,81,309,440,783,784
2016-03-01 07:20:27,998,417,81,310,441,783,784
2016-03-01 07:20:29,005,418,81,310,441,783,784
2016-03-01 07:20:30,007,419,81,310,441,783,784
2016-03-01 07:20:31,009,420,81,311,441,783,784
2016-03-01 07:20:32,015,421,81,311,441,783,784
2016-03-01 07:20:33,016,422,81,311,441,783,784
2016-03-01 07:20:34,017,423,81,312,442,783,784
2016-03-01 07:20:35,022,424,81,312,442,783,784
2016-03-01 07:20:36,023,425,81,312,442,783,784
2016-03-01 07:20:37,024,426,81,312,442,783,784
2016-03-01 07:20:38,029,427,81,313,442,783,784
2016-03-01 07:20:39,029,428,81,313,442,783,784
2016-03-01 07:20:40,031,429,81,313,442,783,784
2016-03-01 07:20:41,036,430,81,314,442,783,784
2016-03-01 07:20:42,038,431,81,314,443,783,784
2016-03-01 07:20:43,041,432,81,314,443,783,784
2016-03-01 07:20:44,043,433,81,315,443,783,784
2016-03-01 07:20:45,048,434,81,315,443,783,784
2016-03-01 07:20:46,053,435,81,315,443,783,784
2016-03-01 07:20:47,054,436,81,316,443,783,784
2016-03-01 07:20:48,060,437,81,316,444,783,784
2016-03-01 07:20:49,061,438,81,317,444,783,784
2016-03-01 07:20:50,062,439,81,317,444,783,784
2016-03-01 07:20:51,066,440,81,317,444,783,784
2016-03-01 07:20:52,069,441,81,317,444,783,784
2016-03-01 07:20:53,075,442,81,318,444,783,784
2016-03-01 07:20:54,078,443,81,318,445,783,784
2016-03-01 07:20:55,083,444,81,318,445,783,784
2016-03-01 07:20:56,089,445,81,319,445,783,784
2016-03-01 07:20:57,092,446,81,319,445,783,784
2016-03-01 07:20:58,095,447,81,319,445,783,784
2016-03-01 07:20:59,101,448,81,319,445,783,784
2016-03-01 07:21:00,106,449,81,320,446,783,784
2016-03-01 07:21:01,111,450,81,320,446,783,784
2016-03-01 07:21:02,116,451,81,320,446,783,784
2016-03-01 07:21:03,120,452,81,321,446,783,784
2016-03-01 07:21:04,123,453,81,321,446,783,784
2016-03-01 07:21:05,126,454,81,321,446,783,784
2016-03-01 07:21:06,128,455,81,322,447,783,784
2016-03-01 07:21:07,130,456,81,322,447,783,784
2016-03-01 07:21:08,133,457,81,322,447,783,784
2016-03-01 07:21:09,136,458,81,323,447,783,784
2016-03-01 07:21:10,141,459,81,323,447,783,784
2016-03-01 07:21:11,147,460,81,323,448,783,784
2016-03-01 07:21:12,152,461,81,324,448,783,784
2016-03-01 07:21:13,157,462,81,324,448,783,784
2016-03-01 07:21:14,158,463,81,324,448,783,784
2016-03-01 07:21:15,159,464,81,324,449,783,784
2016-03-01 07:21:16,160,465,81,325,449,783,784
2016-03-01 07:21:17,165,466,81,325,449,783,784
2016-03-01 07:21:18,168,467,81,325,450,783,784
2016-03-01 07:21:19,174,468,81,326,450,783,784
2016-03-01 07:21:20,178,469,81,326,450,783,784
2016-03-01 07:21:21,182,470,81,326,450,783,784
2016-03-01 07:21:22,183,471,81,326,450,783,784
2016-03-01 07:21:23,188,472,81,325,451,783,784
2016-03-01 07:21:24,189,473,81,325,451,783,784
2016-03-01 07:21:25,192,474,81,326,451,783,784
2016-03-01 07:21:26,197,475,81,326,451,783,784
2016-03-01 07:21:27,203,476,81,326,451,783,784
2016-03-01 07:21:28,206,477,81,326,452,783,784
2016-03-01 07:21:29,206,478,81,326,452,783,784
2016-03-01 07:21:30,209,479,81,327,452,783,784
2016-03-01 07:21:31,213,480,81,327,452,783,784
2016-03-01 07:21:32,216,481,81,327,452,783,784
2016-03-01 07:21:33,221,482,81,329,452,783,784
2016-03-01 07:21:34,223,483,81,330,452,783,784
2016-03-01 07:21:35,227,484,81,330,452,783,784
2016-03-01 07:21:36,228,485,81,330,452,783,784
2016-03-01 07:21:37,229,486,81,330,451,783,784
2016-03-01 07:21:38,234,487,81,330,451,783,784
2016-03-01 07:21:39,235,488,81,331,450,783,784
2016-03-01 07:21:40,239,489,81,331,450,783,784
2016-03-01 07:21:41,243,490,81,331,450,783,784
2016-03-01 07:21:42,245,491,81,332,450,783,784
2016-03-01 07:21:43,248,492,81,332,450,783,784
2016-03-01 07:21:44,251,493,81,332,449,783,784
2016-03-01 07:21:45,252,494,81,332,449,783,784
2016-03-01 07:21:46,254,495,81,332,450,783,784
2016-03-01 07:21:47,257,496,81,332,450,783,784
2016-03-01 07:21:48,263,497,81,332,450,783,784
2016-03-01 07:21:49,266,498,81,332,450,783,784
2016-03-01 07:21:50,267,499,81,332,451,783,784
2016-03-01 07:21:51,270,500,81,333,451,783,784
2016-03-01 07:21:52,274,501,81,333,451,783,784
2016-03-01 07:21:53,277,502,81,333,450,783,784
2016-03-01 07:21:54,281,503,81,333,450,783,784
2016-03-01 07:21:55,284,504,81,334,451,783,784
2016-03-01 07:21:56,290,505,81,334,451,783,784
2016-03-01 07:21:57,294,506,81,334,451,783,784
2016-03-01 07:21:58,298,507,81,334,451,783,784
2016-03-01 07:21:59,303,508,81,334,451,783,784
2016-03-01 07:22:00,306,509,81,334,451,783,784
2016-03-01 07:22:01,313,510,81,335,451,783,784
2016-03-01 07:22:02,317,511,81,335,451,783,784
2016-03-01 07:22:03,320,512,81,335,451,783,784
2016-03-01 07:22:04,324,513,81,335,451,783,784
2016-03-01 07:22:05,326,514,81,336,451,783,784
2016-03-01 07:22:06,332,515,81,336,451,783,784
2016-03-01 07:22:07,333,516,81,336,451,783,784
2016-03-01 07:22:08,334,517,81,336,451,783,784
2016-03-01 07:22:09,339,518,81,336,452,783,784
2016-03-01 07:22:10,343,519,81,337,452,783,784
2016-03-01 07:22:11,347,520,81,337,453,783,784
2016-03-01 07:22:12,350,521,81,337,454,783,784
2016-03-01 07:22:13,356,522,81,337,454,783,784
2016-03-01 07:22:14,362,523,81,338,455,783,784
2016-03-01 07:22:15,364,524,81,338,455,783,784
2016-03-01 07:22:16,366,525,81,338,456,783,784
2016-03-01 07:22:17,370,526,81,338,456,783,784
2016-03-01 07:22:18,372,527,81,338,456,783,784
2016-03-01 07:22:19,377,528,81,339,457,783,784
2016-03-01 07:22:20,379,529,81,339,457,783,784
2016-03-01 07:22:21,386,530,81,339,457,783,784
2016-03-01 07:22:22,388,531,81,340,458,783,784
2016-03-01 07:22:23,391,532,81,340,458,783,784
2016-03-01 07:22:24,397,533,81,340,458,783,784
2016-03-01 07:22:25,398,534,81,340,459,783,784
2016-03-01 07:22:26,404,535,81,341,459,783,784
2016-03-01 07:22:27,405,536,81,341,459,783,784
2016-03-01 07:22:28,406,537,81,341,460,783,784
2016-03-01 07:22:29,412,538,81,342,460,783,784
2016-03-01 07:22:30,413,539,81,342,460,783,784
2016-03-01 07:22:31,419,540,81,342,460,783,784
2016-03-01 07:22:32,421,542,81,343,461,783,784
2016-03-01 07:22:33,425,543,81,343,461,783,784
2016-03-01 07:22:34,428,544,81,343,461,783,784
2016-03-01 07:22:35,434,545,81,343,461,783,784
2016-03-01 07:22:36,436,546,81,344,462,783,784
2016-03-01 07:22:37,441,547,81,344,462,783,784
2016-03-01 07:22:38,444,548,81,344,462,783,784
2016-03-01 07:22:39,449,549,81,344,463,783,784
2016-03-01 07:22:40,452,550,81,345,463,783,784
2016-03-01 07:22:41,453,551,81,345,463,783,784
2016-03-01 07:22:42,454,552,81,345,463,783,784
2016-03-01 07:22:43,459,553,81,346,463,783,784
2016-03-01 07:22:44,460,554,81,346,464,783,784
2016-03-01 07:22:45,461,555,81,346,464,783,784
2016-03-01 07:22:46,466,556,81,346,464,783,784
2016-03-01 07:22:47,469,557,81,347,464,783,784
2016-03-01 07:22:48,475,558,81,347,465,783,784
2016-03-01 07:22:49,476,559,81,347,465,783,784
2016-03-01 07:22:50,477,560,81,348,465,783,784
2016-03-01 07:22:51,481,561,81,348,465,783,784
2016-03-01 07:22:52,483,562,81,348,466,783,784
2016-03-01 07:22:53,485,563,81,348,466,783,784
2016-03-01 07:22:54,490,564,81,349,466,783,784
2016-03-01 07:22:55,496,565,81,349,466,783,784
2016-03-01 07:22:56,499,566,81,349,466,783,784
2016-03-01 07:22:57,504,567,81,350,467,783,784
2016-03-01 07:22:58,506,568,81,350,467,783,784
2016-03-01 07:22:59,509,569,81,350,467,783,784
2016-03-01 07:23:00,514,570,81,350,467,783,784
2016-03-01 07:23:01,516,571,81,351,467,783,784
2016-03-01 07:23:02,517,572,81,351,467,783,784
2016-03-01 07:23:03,522,573,81,351,467,783,784
2016-03-01 07:23:04,524,574,81,351,467,783,784
2016-03-01 07:23:05,527,575,81,352,467,783,784
2016-03-01 07:23:06,528,576,81,352,468,783,784
2016-03-01 07:23:07,532,577,81,352,468,783,784
2016-03-01 07:23:08,536,578,81,353,468,783,784
2016-03-01 07:23:09,539,579,81,353,468,783,784
2016-03-01 07:23:10,545,580,81,353,469,783,784
2016-03-01 07:23:11,548,581,81,353,469,783,784
2016-03-01 07:23:12,553,582,81,354,469,783,784
2016-03-01 07:23:13,558,583,81,354,469,783,784
2016-03-01 07:23:14,562,584,81,354,469,783,784
2016-03-01 07:23:15,566,585,81,355,469,783,784
2016-03-01 07:23:16,570,586,81,355,469,783,784
2016-03-01 07:23:17,574,587,81,355,469,783,784
2016-03-01 07:23:18,579,588,81,355,469,783,784
2016-03-01 07:23:19,581,589,81,355,469,783,784
2016-03-01 07:23:20,587,590,81,356,470,783,784
2016-03-01 07:23:21,591,591,81,356,470,783,784
2016-03-01 07:23:22,596,592,81,357,470,783,784
2016-03-01 07:23:23,599,593,81,357,470,783,784
2016-03-01 07:23:24,604,594,81,357,470,783,784
2016-03-01 07:23:25,609,595,81,358,470,783,784
2016-03-01 07:23:26,612,596,81,358,471,783,784
2016-03-01 07:23:27,619,597,81,359,471,783,784
2016-03-01 07:23:28,621,598,81,359,471,783,784
2016-03-01 07:23:29,626,599,81,359,471,783,784
2016-03-01 07:23:30,629,600,81,359,471,783,784
2016-03-01 07:23:31,635,601,81,360,472,783,784
2016-03-01 07:23:32,638,602,81,360,472,783,784
2016-03-01 07:23:33,640,603,81,360,472,783,784
2016-03-01 07:23:34,645,604,81,361,472,783,784
2016-03-01 07:23:35,648,605,81,361,472,783,784
2016-03-01 07:23:36,651,606,81,361,473,783,784
2016-03-01 07:23:37,654,607,81,361,473,783,784
2016-03-01 07:23:38,660,608,81,362,473,783,784
2016-03-01 07:23:39,662,609,81,362,474,783,784
2016-03-01 07:23:40,665,610,81,362,474,783,784
2016-03-01 07:23:41,670,611,81,363,474,783,784
2016-03-01 07:23:42,674,612,81,363,474,783,784
2016-03-01 07:23:43,679,613,81,363,475,783,784
2016-03-01 07:23:44,680,614,81,364,475,783,784
2016-03-01 07:23:45,683,615,81,364,475,783,784
2016-03-01 07:23:46,686,616,81,364,475,783,784
2016-03-01 07:23:47,689,617,81,364,476,783,784
2016-03-01 07:23:48,694,618,81,365,476,783,784
2016-03-01 07:23:49,695,619,81,365,476,783,784
2016-03-01 07:23:50,698,620,81,365,477,783,784
2016-03-01 07:23:51,702,621,81,366,477,783,784
2016-03-01 07:23:52,704,622,81,366,477,783,784
2016-03-01 07:23:53,710,623,81,367,477,783,784
2016-03-01 07:23:54,711,624,81,367,478,783,784
2016-03-01 07:23:55,714,625,81,367,479,783,784
2016-03-01 07:23:56,716,626,81,367,479,783,784
2016-03-01 07:23:57,720,627,81,368,479,783,784
2016-03-01 07:23:58,725,628,81,368,480,783,784
2016-03-01 07:23:59,726,629,81,368,480,783,784
2016-03-01 07:24:00,732,630,81,368,481,783,784
2016-03-01 07:24:01,737,631,81,369,481,783,784
2016-03-01 07:24:02,742,632,81,369,481,783,784
2016-03-01 07:24:03,747,633,81,369,482,783,784
2016-03-01 07:24:04,750,634,81,369,482,783,784
2016-03-01 07:24:05,752,635,81,370,483,783,784
2016-03-01 07:24:06,755,636,81,370,483,783,784
2016-03-01 07:24:07,757,637,81,370,483,783,784
2016-03-01 07:24:08,762,638,81,371,484,783,784
2016-03-01 07:24:09,766,639,81,371,484,783,784
2016-03-01 07:24:10,768,640,81,371,485,783,784
2016-03-01 07:24:11,770,641,81,371,485,783,784
2016-03-01 07:24:12,772,642,81,372,486,783,784
2016-03-01 07:24:13,778,643,81,372,486,783,784
2016-03-01 07:24:14,781,644,81,372,486,783,784
2016-03-01 07:24:15,786,645,81,372,487,783,784
2016-03-01 07:24:16,789,646,81,373,487,783,784
2016-03-01 07:24:17,795,647,81,373,487,783,784
2016-03-01 07:24:18,798,648,81,373,488,783,784
2016-03-01 07:24:19,801,649,81,374,488,783,784
2016-03-01 07:24:20,806,650,81,375,489,783,784
2016-03-01 07:24:21,810,651,81,375,489,783,784
2016-03-01 07:24:22,815,652,81,375,489,783,784
2016-03-01 07:24:23,816,653,81,375,490,783,784
2016-03-01 07:24:24,818,654,81,375,490,783,784
2016-03-01 07:24:25,821,655,81,376,489,783,784
2016-03-01 07:24:26,823,656,81,376,490,783,784
2016-03-01 07:24:27,825,657,81,376,490,783,784
2016-03-01 07:24:28,829,658,81,377,490,783,784
2016-03-01 07:24:29,835,659,81,377,491,783,784
2016-03-01 07:24:30,837,660,81,377,491,783,784
2016-03-01 07:24:31,841,661,81,377,490,783,784
2016-03-01 07:24:32,845,662,81,377,490,783,784
2016-03-01 07:24:33,846,663,81,378,490,783,784
2016-03-01 07:24:34,851,664,81,378,490,783,784
2016-03-01 07:24:35,853,665,81,378,490,783,784
2016-03-01 07:24:36,858,666,81,378,489,783,784
2016-03-01 07:24:37,861,667,81,378,489,783,784
2016-03-01 07:24:38,867,668,81,379,489,783,784
2016-03-01 07:24:39,870,669,81,379,489,783,784
2016-03-01 07:24:40,874,670,81,379,488,783,784
2016-03-01 07:24:41,878,671,81,379,488,783,784
2016-03-01 07:24:42,882,672,81,379,488,783,784
2016-03-01 07:24:43,887,673,81,380,488,783,784
2016-03-01 07:24:44,893,674,81,380,488,783,784
2016-03-01 07:24:45,895,675,81,380,488,783,784
2016-03-01 07:24:46,899,676,81,380,488,783,784
2016-03-01 07:24:47,903,677,81,380,488,783,784
2016-03-01 07:24:48,906,678,81,380,487,783,784
2016-03-01 07:24:49,911,679,81,381,487,783,784
2016-03-01 07:24:50,916,680,81,381,487,783,784
2016-03-01 07:24:51,920,681,81,381,487,783,784
2016-03-01 07:24:52,922,682,81,381,487,783,784
2016-03-01 07:24:53,925,683,81,381,487,783,784
2016-03-01 07:24:54,927,684,81,381,486,783,784
2016-03-01 07:24:55,931,685,81,381,486,783,784
2016-03-01 07:24:56,936,686,81,381,486,783,784
2016-03-01 07:24:57,941,687,81,382,486,783,784
2016-03-01 07:24:58,945,688,81,382,486,783,784
2016-03-01 07:24:59,946,689,81,382,485,783,784
2016-03-01 07:25:00,952,690,81,382,485,783,784
2016-03-01 07:25:01,953,691,81,382,484,783,784
2016-03-01 07:25:02,959,692,81,382,484,783,784
2016-03-01 07:25:03,962,693,81,382,483,783,784
2016-03-01 07:25:04,967,694,81,383,482,783,784
2016-03-01 07:25:05,968,695,81,383,482,783,784
2016-03-01 07:25:06,969,696,81,383,481,783,784
2016-03-01 07:25:07,975,697,81,383,480,783,784
2016-03-01 07:25:08,978,698,81,383,480,783,784
2016-03-01 07:25:09,979,699,81,383,479,783,784
2016-03-01 07:25:10,983,700,81,384,479,783,784
2016-03-01 07:25:11,987,701,81,384,478,783,784
2016-03-01 07:25:12,992,702,81,385,478,783,784
2016-03-01 07:25:13,995,703,81,385,477,783,784
2016-03-01 07:25:15,000,704,81,385,477,783,784
2016-03-01 07:25:16,001,705,81,385,477,783,784
2016-03-01 07:25:17,006,706,81,385,476,783,784
2016-03-01 07:25:18,007,707,81,385,475,783,784
2016-03-01 07:25:19,013,708,81,385,474,783,784
2016-03-01 07:25:20,019,709,81,385,474,783,784
2016-03-01 07:25:21,024,710,81,386,474,783,784
2016-03-01 07:25:22,025,711,81,386,473,783,784
2016-03-01 07:25:23,030,712,81,386,473,783,784
2016-03-01 07:25:24,033,713,81,386,472,783,784
2016-03-01 07:25:25,038,714,81,386,471,783,784
2016-03-01 07:25:26,041,715,81,386,471,783,784
2016-03-01 07:25:27,044,716,81,387,470,783,784
2016-03-01 07:25:28,050,717,81,387,469,783,784
2016-03-01 07:25:29,055,718,81,387,469,783,784
2016-03-01 07:25:30,060,719,81,387,468,783,784
2016-03-01 07:25:31,066,720,81,387,467,783,784
2016-03-01 07:25:32,072,721,81,387,466,783,784
2016-03-01 07:25:33,077,722,81,387,466,783,784
2016-03-01 07:25:34,081,723,81,387,466,783,784
2016-03-01 07:25:35,086,724,81,387,465,783,784
2016-03-01 07:25:36,089,725,81,388,464,783,784
2016-03-01 07:25:37,094,726,81,388,464,783,784
2016-03-01 07:25:38,099,727,81,388,463,783,784
2016-03-01 07:25:39,102,728,81,388,462,783,784
2016-03-01 07:25:40,104,729,81,388,461,783,784
2016-03-01 07:25:41,107,730,81,388,461,783,784
2016-03-01 07:25:42,109,731,81,388,460,783,784
2016-03-01 07:25:43,112,732,81,388,460,783,784
2016-03-01 07:25:44,117,733,81,388,460,783,784
2016-03-01 07:25:45,124,734,81,388,459,783,784
2016-03-01 07:25:46,129,735,81,389,459,783,784
2016-03-01 07:25:47,134,736,81,389,458,783,784
2016-03-01 07:25:48,135,737,81,389,458,783,784
2016-03-01 07:25:49,141,738,81,389,458,783,784
2016-03-01 07:25:50,143,739,81,389,457,783,784
2016-03-01 07:25:51,146,740,81,389,457,783,784
2016-03-01 07:25:52,152,741,81,389,457,783,784
2016-03-01 07:25:53,156,742,81,389,457,783,784
2016-03-01 07:25:54,160,743,81,389,457,783,784
2016-03-01 07:25:55,162,744,81,389,456,783,784
2016-03-01 07:25:56,165,745,81,389,456,783,784
2016-03-01 07:25:57,168,746,81,389,456,783,784
2016-03-01 07:25:58,171,747,81,389,456,783,784
2016-03-01 07:25:59,175,748,81,389,455,783,784
2016-03-01 07:26:00,176,749,81,389,455,783,784
2016-03-01 07:26:01,181,750,81,389,454,783,784
2016-03-01 07:26:02,183,751,81,390,454,783,784
2016-03-01 07:26:03,185,752,81,390,453,783,784
2016-03-01 07:26:04,190,753,81,389,453,783,784
2016-03-01 07:26:05,191,754,81,390,453,783,784
2016-03-01 07:26:06,196,755,81,390,453,783,784
2016-03-01 07:26:07,197,756,81,390,453,783,784
2016-03-01 07:26:08,203,757,81,390,452,783,784
2016-03-01 07:26:09,206,758,81,390,452,783,784
2016-03-01 07:26:10,207,759,81,390,452,783,784
2016-03-01 07:26:11,211,760,81,390,452,783,784
2016-03-01 07:26:12,213,761,81,390,451,783,784
2016-03-01 07:26:13,217,762,81,390,451,783,784
2016-03-01 07:26:14,221,763,81,390,451,783,784
2016-03-01 07:26:15,223,764,81,390,451,783,784
2016-03-01 07:26:16,228,765,81,390,451,783,784
2016-03-01 07:26:17,231,766,81,390,451,783,784
2016-03-01 07:26:18,233,767,81,391,450,783,784
2016-03-01 07:26:19,236,768,81,391,450,783,784
2016-03-01 07:26:20,239,769,81,391,450,783,784
2016-03-01 07:26:21,243,770,81,391,450,783,784
2016-03-01 07:26:22,244,771,81,391,449,783,784
2016-03-01 07:26:23,247,772,81,391,449,783,784
2016-03-01 07:26:24,252,773,81,391,449,783,784
2016-03-01 07:26:25,258,774,81,391,449,783,784
2016-03-01 07:26:26,261,775,81,391,449,783,784
2016-03-01 07:26:27,263,776,81,391,448,783,784
2016-03-01 07:26:28,264,777,81,391,448,783,784
2016-03-01 07:26:29,269,778,81,391,448,783,784
2016-03-01 07:26:30,274,779,81,391,448,783,784
2016-03-01 07:26:31,276,780,81,392,448,783,784
2016-03-01 07:26:32,281,781,81,392,447,783,784
2016-03-01 07:26:33,284,782,81,397,447,783,784
2016-03-01 07:26:34,290,783,81,396,448,783,784
2016-03-01 07:26:35,293,784,81,396,448,783,784
2016-03-01 07:26:36,297,785,81,395,448,783,784
2016-03-01 07:26:37,301,786,81,394,447,783,784
2016-03-01 07:26:38,307,787,81,393,447,783,784
2016-03-01 07:26:39,310,788,81,391,446,783,784
2016-03-01 07:26:40,313,789,81,389,445,783,784
2016-03-01 07:26:41,318,790,81,388,445,783,784
2016-03-01 07:26:42,323,791,81,386,444,783,784
2016-03-01 07:26:43,327,792,81,385,443,783,784
2016-03-01 07:26:44,329,793,81,386,442,783,784
2016-03-01 07:26:45,332,794,81,383,442,783,784
2016-03-01 07:26:46,333,795,81,377,441,783,784
2016-03-01 07:26:47,336,796,81,377,441,783,784
2016-03-01 07:26:48,342,797,81,375,440,783,784
2016-03-01 07:26:49,344,798,81,378,441,783,784
2016-03-01 07:26:50,344,799,81,378,441,783,784
2016-03-01 07:26:51,349,800,81,377,440,783,784
2016-03-01 07:26:52,352,801,81,377,440,783,784
2016-03-01 07:26:53,357,802,81,377,440,783,784
2016-03-01 07:26:54,359,803,81,376,439,783,784
2016-03-01 07:26:55,362,804,81,377,439,783,784
2016-03-01 07:26:56,364,805,81,375,439,783,784
2016-03-01 07:26:57,365,806,81,374,439,783,784
2016-03-01 07:26:58,368,807,81,373,438,783,784
2016-03-01 07:26:59,371,808,81,373,438,783,784
2016-03-01 07:27:00,377,809,81,373,438,783,784
2016-03-01 07:27:01,380,810,81,373,437,783,784
2016-03-01 07:27:02,383,811,81,373,437,783,784
2016-03-01 07:27:03,388,812,81,372,437,783,784
2016-03-01 07:27:04,390,813,81,372,437,783,784
2016-03-01 07:27:05,395,814,81,372,436,783,784
2016-03-01 07:27:06,396,815,81,372,436,783,784
2016-03-01 07:27:07,397,816,81,372,436,783,784
2016-03-01 07:27:08,403,817,81,371,436,783,784
2016-03-01 07:27:09,404,818,81,371,435,783,784
2016-03-01 07:27:10,405,819,81,371,435,783,784
2016-03-01 07:27:11,411,820,81,371,435,783,784
2016-03-01 07:27:12,415,821,81,370,434,783,784
2016-03-01 07:27:13,419,823,81,370,434,783,784
2016-03-01 07:27:14,421,824,81,370,434,783,784
2016-03-01 07:27:15,424,825,81,370,434,783,784
2016-03-01 07:27:16,425,826,81,370,433,783,784
2016-03-01 07:27:17,429,827,81,369,433,783,784
2016-03-01 07:27:18,434,828,81,369,433,783,784
2016-03-01 07:27:19,436,829,81,369,433,783,784
2016-03-01 07:27:20,441,830,81,369,432,783,784
2016-03-01 07:27:21,446,831,81,369,432,783,784
2016-03-01 07:27:22,451,832,81,368,432,783,784
2016-03-01 07:27:23,455,833,81,368,432,783,784
2016-03-01 07:27:24,460,834,81,368,431,783,784
2016-03-01 07:27:25,465,835,81,368,431,783,784
2016-03-01 07:27:26,468,836,81,368,431,783,784
2016-03-01 07:27:27,474,837,81,367,430,783,784
2016-03-01 07:27:28,479,838,81,367,430,783,784
2016-03-01 07:27:29,481,839,81,367,430,783,784
2016-03-01 07:27:30,485,840,81,367,430,783,784
2016-03-01 07:27:31,490,841,81,366,429,783,784
2016-03-01 07:27:32,493,842,81,366,429,783,784
2016-03-01 07:27:33,499,843,81,366,429,783,784
2016-03-01 07:27:34,502,844,81,366,428,783,784
2016-03-01 07:27:35,508,845,81,365,428,783,784
2016-03-01 07:27:36,510,846,81,365,428,783,784
2016-03-01 07:27:37,516,847,81,365,428,783,784
2016-03-01 07:27:38,519,848,81,365,427,783,784
2016-03-01 07:27:39,525,849,81,365,427,783,784
2016-03-01 07:27:40,530,850,81,364,427,783,784
2016-03-01 07:27:41,534,851,81,364,427,783,784
2016-03-01 07:27:42,536,852,81,364,427,783,784
2016-03-01 07:27:43,541,853,81,364,426,783,784
2016-03-01 07:27:44,544,854,81,364,426,783,784
2016-03-01 07:27:45,548,855,81,363,426,783,784
2016-03-01 07:27:46,553,856,81,363,426,783,784
2016-03-01 07:27:47,555,857,81,363,426,783,784
2016-03-01 07:27:48,558,858,81,363,425,783,784
2016-03-01 07:27:49,562,859,81,362,425,783,784
2016-03-01 07:27:50,564,860,81,362,425,783,784
2016-03-01 07:27:51,568,861,81,362,425,783,784
2016-03-01 07:27:52,571,862,81,361,424,783,784
2016-03-01 07:27:53,576,863,81,361,424,783,784
2016-03-01 07:27:54,583,864,81,361,424,783,784
2016-03-01 07:27:55,585,865,81,361,424,783,784
2016-03-01 07:27:56,588,866,81,361,423,783,784
