2016-03-06 21:05:52,819,datetime,ms,seconds,ambient_temp,thermocouple_0_temp,thermocouple_1_temp,thermocouple_2_temp,thermocouple_3_temp
2016-03-06 21:05:57,864,5,76,449,392,785,786
2016-03-06 21:05:58,865,6,76,437,386,785,786
2016-03-06 21:05:59,870,7,76,427,382,785,786
2016-03-06 21:06:00,873,8,76,417,380,785,786
2016-03-06 21:06:01,874,9,76,408,377,785,786
2016-03-06 21:06:02,879,10,76,399,375,785,786
2016-03-06 21:06:03,882,11,76,390,372,785,786
2016-03-06 21:06:04,886,12,76,382,370,785,786
2016-03-06 21:06:05,889,13,76,374,368,785,786
2016-03-06 21:06:06,894,14,76,367,367,785,786
2016-03-06 21:06:07,897,15,76,359,365,785,786
2016-03-06 21:06:08,901,16,76,352,363,785,786
2016-03-06 21:06:09,905,17,76,345,362,785,786
2016-03-06 21:06:10,909,18,76,339,360,785,786
2016-03-06 21:06:11,913,19,76,333,359,785,786
2016-03-06 21:06:12,913,20,76,326,358,785,786
2016-03-06 21:06:13,917,21,76,321,357,785,786
2016-03-06 21:06:14,921,22,76,316,355,785,786
2016-03-06 21:06:15,926,23,76,311,354,785,786
2016-03-06 21:06:16,930,24,76,306,353,785,786
2016-03-06 21:06:17,932,25,76,301,352,785,786
2016-03-06 21:06:18,935,26,76,296,351,785,786
2016-03-06 21:06:19,937,27,76,292,351,785,786
2016-03-06 21:06:20,939,28,76,288,350,785,786
2016-03-06 21:06:21,941,29,76,284,349,785,786
2016-03-06 21:06:22,944,30,76,281,348,785,786
2016-03-06 21:06:23,948,31,76,277,348,785,786
2016-03-06 21:06:24,949,32,76,274,347,785,786
2016-03-06 21:06:25,951,33,76,271,347,785,786
2016-03-06 21:06:26,954,34,76,267,346,785,786
2016-03-06 21:06:27,955,35,76,264,346,785,786
2016-03-06 21:06:28,961,36,76,261,345,785,786
2016-03-06 21:06:29,963,37,76,259,345,785,786
2016-03-06 21:06:30,966,38,76,256,344,785,786
2016-03-06 21:06:31,967,39,76,253,344,785,786
2016-03-06 21:06:32,971,40,76,251,344,785,786
2016-03-06 21:06:33,973,41,76,249,343,785,786
2016-03-06 21:06:34,974,42,76,247,343,785,786
2016-03-06 21:06:35,977,43,76,245,343,785,786
2016-03-06 21:06:36,980,44,76,243,343,785,786
2016-03-06 21:06:37,980,45,76,241,342,785,786
2016-03-06 21:06:38,985,46,76,239,342,785,786
2016-03-06 21:06:39,986,47,76,238,342,785,786
2016-03-06 21:06:40,989,48,76,236,342,785,786
2016-03-06 21:06:41,992,49,76,235,341,785,786
2016-03-06 21:06:42,993,50,76,233,341,785,786
2016-03-06 21:06:43,998,51,76,232,341,785,786
2016-03-06 21:06:45,002,52,76,231,341,785,786
2016-03-06 21:06:46,003,53,76,230,341,785,786
2016-03-06 21:06:47,007,54,76,229,340,785,786
2016-03-06 21:06:48,008,55,76,228,340,785,786
2016-03-06 21:06:49,009,56,76,227,340,785,786
2016-03-06 21:06:50,014,57,76,226,340,785,786
2016-03-06 21:06:51,016,58,76,225,340,785,786
2016-03-06 21:06:52,022,59,76,224,340,785,786
2016-03-06 21:06:53,024,60,76,223,340,785,786
2016-03-06 21:06:54,027,61,76,223,340,785,786
2016-03-06 21:06:55,029,62,76,222,340,785,786
2016-03-06 21:06:56,033,63,76,222,340,785,786
2016-03-06 21:06:57,038,64,76,221,340,785,786
2016-03-06 21:06:58,039,65,76,221,340,785,786
2016-03-06 21:06:59,043,66,76,221,341,785,786
2016-03-06 21:07:00,047,67,76,221,342,785,786
2016-03-06 21:07:01,053,68,76,220,343,785,786
2016-03-06 21:07:02,056,69,76,220,344,785,786
2016-03-06 21:07:03,059,70,76,220,345,785,786
2016-03-06 21:07:04,063,71,76,220,346,785,786
2016-03-06 21:07:05,069,72,76,220,347,785,786
2016-03-06 21:07:06,074,73,76,220,348,785,786
2016-03-06 21:07:07,077,74,76,220,348,785,786
2016-03-06 21:07:08,081,75,76,220,349,785,786
2016-03-06 21:07:09,083,76,76,220,350,785,786
2016-03-06 21:07:10,087,77,76,220,350,785,786
2016-03-06 21:07:11,088,78,76,220,351,785,786
2016-03-06 21:07:12,089,79,76,220,352,785,786
2016-03-06 21:07:13,094,80,76,220,352,785,786
2016-03-06 21:07:14,098,81,76,221,353,785,786
2016-03-06 21:07:15,102,82,76,221,354,785,786
2016-03-06 21:07:16,106,83,76,221,354,785,786
2016-03-06 21:07:17,110,84,76,221,355,785,786
2016-03-06 21:07:18,112,85,76,222,356,785,786
2016-03-06 21:07:19,119,86,76,222,357,785,786
2016-03-06 21:07:20,123,87,76,222,357,785,786
2016-03-06 21:07:21,128,88,76,223,358,785,786
2016-03-06 21:07:22,129,89,76,223,358,785,786
2016-03-06 21:07:23,131,90,76,223,359,785,786
2016-03-06 21:07:24,132,91,76,224,359,785,786
2016-03-06 21:07:25,136,92,76,225,360,785,786
2016-03-06 21:07:26,140,93,76,225,360,785,786
2016-03-06 21:07:27,144,94,76,225,361,785,786
2016-03-06 21:07:28,146,95,76,226,361,785,786
2016-03-06 21:07:29,150,96,76,227,362,785,786
2016-03-06 21:07:30,154,97,76,227,362,785,786
2016-03-06 21:07:31,158,98,76,228,363,785,786
2016-03-06 21:07:32,163,99,76,228,363,785,786
2016-03-06 21:07:33,167,100,76,229,364,785,786
2016-03-06 21:07:34,169,101,76,229,364,785,786
2016-03-06 21:07:35,172,102,76,230,365,785,786
2016-03-06 21:07:36,177,103,76,231,365,785,786
2016-03-06 21:07:37,183,104,76,231,365,785,786
2016-03-06 21:07:38,186,105,76,232,366,785,786
2016-03-06 21:07:39,191,106,76,233,366,785,786
2016-03-06 21:07:40,194,107,76,233,367,785,786
2016-03-06 21:07:41,199,108,76,234,367,785,786
2016-03-06 21:07:42,203,109,76,235,368,785,786
2016-03-06 21:07:43,209,110,76,235,368,785,786
2016-03-06 21:07:44,211,111,76,236,369,785,786
2016-03-06 21:07:45,214,112,76,236,369,785,786
2016-03-06 21:07:46,219,113,76,237,369,785,786
2016-03-06 21:07:47,220,114,76,238,370,785,786
2016-03-06 21:07:48,224,115,76,239,370,785,786
2016-03-06 21:07:49,227,116,76,239,370,785,786
2016-03-06 21:07:50,229,117,76,240,371,785,786
2016-03-06 21:07:51,232,118,76,241,371,785,786
2016-03-06 21:07:52,233,119,76,242,372,785,786
2016-03-06 21:07:53,235,120,76,242,372,785,786
2016-03-06 21:07:54,239,121,76,243,372,785,786
2016-03-06 21:07:55,239,122,76,244,372,785,786
2016-03-06 21:07:56,244,123,76,245,373,785,786
2016-03-06 21:07:57,245,124,76,245,373,785,786
2016-03-06 21:07:58,249,125,76,246,374,785,786
2016-03-06 21:07:59,253,126,76,247,374,785,786
2016-03-06 21:08:00,257,127,76,248,374,786,786
2016-03-06 21:08:01,258,128,76,249,375,785,786
2016-03-06 21:08:02,261,129,76,249,375,785,786
2016-03-06 21:08:03,262,130,76,250,375,785,786
2016-03-06 21:08:04,265,131,76,251,376,785,786
2016-03-06 21:08:05,267,132,76,252,376,785,786
2016-03-06 21:08:06,270,133,76,253,376,786,786
2016-03-06 21:08:07,274,134,76,253,377,785,786
2016-03-06 21:08:08,277,135,76,254,377,785,786
2016-03-06 21:08:09,279,136,76,255,377,785,786
2016-03-06 21:08:10,283,137,76,256,378,785,786
2016-03-06 21:08:11,286,138,76,257,378,786,786
2016-03-06 21:08:12,289,139,76,257,378,785,786
2016-03-06 21:08:13,293,140,76,258,379,785,786
2016-03-06 21:08:14,295,141,76,259,379,785,786
2016-03-06 21:08:15,299,142,76,260,379,786,786
2016-03-06 21:08:16,301,143,76,261,380,786,786
2016-03-06 21:08:17,303,144,76,262,380,786,786
2016-03-06 21:08:18,306,145,76,263,380,786,786
2016-03-06 21:08:19,311,146,76,263,381,786,786
2016-03-06 21:08:20,315,147,76,264,381,786,786
2016-03-06 21:08:21,317,148,76,265,381,785,786
2016-03-06 21:08:22,318,149,76,266,382,785,786
2016-03-06 21:08:23,321,150,76,267,382,785,786
2016-03-06 21:08:24,323,151,76,267,382,786,786
2016-03-06 21:08:25,325,152,76,268,383,785,786
2016-03-06 21:08:26,329,153,76,269,383,786,786
2016-03-06 21:08:27,334,154,76,270,383,786,786
2016-03-06 21:08:28,336,155,76,271,384,785,786
2016-03-06 21:08:29,341,156,76,271,384,785,786
2016-03-06 21:08:30,344,157,76,272,384,785,786
2016-03-06 21:08:31,346,158,76,273,385,786,786
2016-03-06 21:08:32,349,159,76,274,385,785,786
2016-03-06 21:08:33,351,160,76,275,385,786,786
2016-03-06 21:08:34,357,161,76,275,385,785,786
2016-03-06 21:08:35,362,162,76,276,386,786,786
2016-03-06 21:08:36,365,163,76,277,386,785,786
2016-03-06 21:08:37,368,164,76,278,386,786,786
2016-03-06 21:08:38,374,165,76,278,386,786,786
2016-03-06 21:08:39,374,166,76,279,387,786,786
2016-03-06 21:08:40,378,167,76,280,387,786,786
2016-03-06 21:08:41,384,168,76,281,387,786,786
2016-03-06 21:08:42,388,169,76,282,387,786,786
2016-03-06 21:08:43,394,170,76,283,388,786,786
2016-03-06 21:08:44,395,171,76,283,388,786,786
2016-03-06 21:08:45,398,172,75,284,388,785,786
2016-03-06 21:08:46,404,173,75,285,389,785,786
2016-03-06 21:08:47,405,174,75,286,389,785,786
2016-03-06 21:08:48,409,175,76,287,389,786,786
2016-03-06 21:08:49,410,176,76,288,389,786,786
2016-03-06 21:08:50,411,177,76,288,390,785,786
2016-03-06 21:08:51,415,178,76,289,390,785,786
2016-03-06 21:08:52,422,179,76,290,390,785,786
2016-03-06 21:08:53,427,180,75,291,390,785,786
2016-03-06 21:08:54,427,181,75,291,390,785,786
2016-03-06 21:08:55,432,182,75,292,391,786,786
2016-03-06 21:08:56,436,183,76,293,391,785,786
2016-03-06 21:08:57,441,184,75,294,391,786,786
2016-03-06 21:08:58,443,185,75,295,392,786,786
2016-03-06 21:08:59,443,186,76,296,392,786,786
2016-03-06 21:09:00,449,187,76,296,392,786,786
2016-03-06 21:09:01,451,188,75,297,392,785,786
2016-03-06 21:09:02,453,189,75,298,393,785,786
2016-03-06 21:09:03,458,190,75,299,393,785,786
2016-03-06 21:09:04,459,191,75,299,393,785,786
2016-03-06 21:09:05,463,192,75,300,393,785,786
2016-03-06 21:09:06,465,193,75,301,393,786,786
2016-03-06 21:09:07,470,194,76,302,394,786,786
2016-03-06 21:09:08,474,195,75,303,394,786,786
2016-03-06 21:09:09,475,196,75,303,394,786,786
2016-03-06 21:09:10,479,197,75,304,394,786,786
2016-03-06 21:09:11,481,198,75,305,394,785,786
2016-03-06 21:09:12,484,199,75,305,395,785,786
2016-03-06 21:09:13,485,200,75,306,395,786,786
2016-03-06 21:09:14,487,201,75,307,395,786,786
2016-03-06 21:09:15,491,202,75,308,396,785,786
2016-03-06 21:09:16,492,203,75,309,396,786,786
2016-03-06 21:09:17,495,204,75,309,396,785,786
2016-03-06 21:09:18,501,205,75,310,396,786,786
2016-03-06 21:09:19,504,206,75,311,396,786,786
2016-03-06 21:09:20,509,207,75,312,397,786,786
2016-03-06 21:09:21,511,208,75,313,397,786,786
2016-03-06 21:09:22,512,209,75,313,397,786,786
2016-03-06 21:09:23,517,210,75,314,397,786,786
2016-03-06 21:09:24,522,211,75,315,398,786,786
2016-03-06 21:09:25,526,212,75,315,398,786,786
2016-03-06 21:09:26,528,213,75,316,398,786,786
2016-03-06 21:09:27,530,214,75,317,398,786,786
2016-03-06 21:09:28,536,215,75,318,399,786,786
2016-03-06 21:09:29,540,216,75,318,399,786,786
2016-03-06 21:09:30,542,217,75,319,399,786,786
2016-03-06 21:09:31,542,218,75,320,399,786,786
2016-03-06 21:09:32,544,219,75,320,400,786,786
2016-03-06 21:09:33,547,220,75,321,400,786,786
2016-03-06 21:09:34,550,221,75,322,400,786,786
2016-03-06 21:09:35,555,222,75,323,400,786,786
2016-03-06 21:09:36,557,223,75,323,401,786,786
2016-03-06 21:09:37,559,224,75,324,401,786,786
2016-03-06 21:09:38,562,225,75,325,401,786,786
2016-03-06 21:09:39,564,226,75,326,401,786,786
2016-03-06 21:09:40,566,227,75,326,402,786,786
2016-03-06 21:09:41,568,228,75,327,402,786,786
2016-03-06 21:09:42,571,229,75,328,402,786,786
2016-03-06 21:09:43,575,230,75,328,402,786,786
2016-03-06 21:09:44,577,231,75,329,403,786,786
2016-03-06 21:09:45,579,232,75,330,403,786,786
2016-03-06 21:09:46,581,233,75,330,403,786,786
2016-03-06 21:09:47,586,234,75,331,403,786,786
2016-03-06 21:09:48,588,235,75,332,404,786,786
2016-03-06 21:09:49,592,236,75,332,404,786,786
2016-03-06 21:09:50,593,237,75,333,404,786,786
2016-03-06 21:09:51,594,238,75,334,405,786,786
2016-03-06 21:09:52,595,239,75,335,405,786,786
2016-03-06 21:09:53,598,240,75,335,405,786,786
2016-03-06 21:09:54,601,241,75,336,405,786,786
2016-03-06 21:09:55,607,242,75,337,405,786,786
2016-03-06 21:09:56,607,243,75,337,406,786,786
2016-03-06 21:09:57,610,244,75,338,406,786,786
2016-03-06 21:09:58,612,245,75,339,406,786,786
2016-03-06 21:09:59,616,246,75,339,406,786,786
2016-03-06 21:10:00,621,247,75,340,407,786,786
2016-03-06 21:10:01,623,248,75,340,407,786,786
2016-03-06 21:10:02,625,249,75,341,407,786,786
2016-03-06 21:10:03,629,250,75,342,407,786,786
2016-03-06 21:10:04,633,251,75,343,407,786,786
2016-03-06 21:10:05,637,252,75,343,408,786,786
2016-03-06 21:10:06,641,253,75,344,408,786,786
2016-03-06 21:10:07,646,254,75,344,408,786,786
2016-03-06 21:10:08,651,255,75,345,408,786,786
2016-03-06 21:10:09,653,256,75,346,408,786,786
2016-03-06 21:10:10,658,257,75,347,409,786,786
2016-03-06 21:10:11,662,258,75,347,409,786,786
2016-03-06 21:10:12,664,259,75,348,409,786,786
2016-03-06 21:10:13,666,260,75,348,409,786,786
2016-03-06 21:10:14,669,261,75,349,409,786,786
2016-03-06 21:10:15,672,262,75,350,409,786,786
2016-03-06 21:10:16,677,263,75,350,410,786,786
2016-03-06 21:10:17,682,264,75,351,410,786,786
2016-03-06 21:10:18,684,265,75,352,410,786,786
2016-03-06 21:10:19,688,266,75,352,410,786,786
2016-03-06 21:10:20,689,267,75,353,411,786,786
2016-03-06 21:10:21,693,268,75,353,411,786,786
2016-03-06 21:10:22,694,269,75,354,411,786,786
2016-03-06 21:10:23,698,270,75,355,411,786,786
2016-03-06 21:10:24,699,271,75,355,411,786,786
2016-03-06 21:10:25,701,272,75,356,412,786,786
2016-03-06 21:10:26,704,273,75,357,412,786,786
2016-03-06 21:10:27,707,274,75,357,412,786,786
2016-03-06 21:10:28,711,275,75,358,412,786,786
2016-03-06 21:10:29,715,276,75,358,413,786,786
2016-03-06 21:10:30,716,277,75,359,413,786,786
2016-03-06 21:10:31,717,278,75,360,413,786,786
2016-03-06 21:10:32,719,279,75,360,413,786,786
2016-03-06 21:10:33,720,280,75,361,413,786,786
2016-03-06 21:10:34,722,281,75,361,414,786,786
2016-03-06 21:10:35,728,282,75,362,414,786,786
2016-03-06 21:10:36,732,283,75,362,414,786,786
2016-03-06 21:10:37,732,284,75,363,414,786,786
2016-03-06 21:10:38,735,285,75,364,415,786,786
2016-03-06 21:10:39,740,286,75,364,415,786,786
2016-03-06 21:10:40,744,287,75,365,415,786,786
2016-03-06 21:10:41,746,288,75,365,415,786,786
2016-03-06 21:10:42,749,289,75,366,415,786,786
2016-03-06 21:10:43,753,290,75,366,416,786,786
2016-03-06 21:10:44,756,291,75,367,416,786,786
2016-03-06 21:10:45,759,292,75,368,416,786,786
2016-03-06 21:10:46,761,293,75,368,416,786,786
2016-03-06 21:10:47,764,294,75,369,417,786,786
2016-03-06 21:10:48,770,295,75,369,417,786,786
2016-03-06 21:10:49,773,296,75,370,417,786,786
2016-03-06 21:10:50,778,297,75,370,418,786,786
2016-03-06 21:10:51,783,298,75,371,418,786,786
2016-03-06 21:10:52,786,299,75,371,418,786,786
2016-03-06 21:10:53,792,300,75,372,418,786,786
2016-03-06 21:10:54,795,301,75,372,419,786,786
2016-03-06 21:10:55,798,302,75,373,419,786,786
2016-03-06 21:10:56,801,303,75,374,419,786,786
2016-03-06 21:10:57,802,304,75,374,419,786,786
2016-03-06 21:10:58,807,305,75,375,419,786,786
2016-03-06 21:10:59,811,306,75,375,419,786,786
2016-03-06 21:11:00,813,307,75,376,419,786,786
2016-03-06 21:11:01,815,308,75,376,420,786,786
2016-03-06 21:11:02,817,309,75,377,420,786,786
2016-03-06 21:11:03,819,310,75,378,420,786,786
2016-03-06 21:11:04,823,312,75,378,420,786,786
2016-03-06 21:11:05,825,313,75,378,420,786,786
2016-03-06 21:11:06,826,314,75,379,421,786,786
2016-03-06 21:11:07,830,315,75,380,421,786,786
2016-03-06 21:11:08,831,316,75,380,421,786,786
2016-03-06 21:11:09,833,317,75,381,421,786,786
2016-03-06 21:11:10,837,318,75,381,421,786,786
2016-03-06 21:11:11,838,319,75,382,421,786,786
2016-03-06 21:11:12,842,320,75,382,421,786,786
2016-03-06 21:11:13,846,321,75,383,421,786,786
2016-03-06 21:11:14,852,322,75,383,421,786,786
2016-03-06 21:11:15,858,323,75,384,421,786,786
2016-03-06 21:11:16,862,324,75,385,421,786,786
2016-03-06 21:11:17,864,325,75,385,421,786,786
2016-03-06 21:11:18,866,326,75,386,422,786,786
2016-03-06 21:11:19,869,327,75,386,422,786,786
2016-03-06 21:11:20,871,328,75,387,423,786,786
2016-03-06 21:11:21,875,329,75,387,423,786,786
2016-03-06 21:11:22,879,330,75,388,423,786,786
2016-03-06 21:11:23,880,331,75,388,424,786,786
2016-03-06 21:11:24,885,332,75,389,424,786,786
2016-03-06 21:11:25,886,333,75,389,424,786,786
2016-03-06 21:11:26,888,334,75,390,424,786,786
2016-03-06 21:11:27,892,335,75,391,425,786,786
2016-03-06 21:11:28,893,336,75,391,425,786,786
2016-03-06 21:11:29,894,337,75,392,425,786,786
2016-03-06 21:11:30,898,338,75,392,425,786,786
2016-03-06 21:11:31,900,339,75,393,426,786,786
2016-03-06 21:11:32,905,340,75,393,426,786,786
2016-03-06 21:11:33,909,341,75,394,426,786,786
2016-03-06 21:11:34,909,342,75,394,427,786,786
2016-03-06 21:11:35,913,343,75,395,427,786,786
2016-03-06 21:11:36,915,344,75,395,427,786,786
2016-03-06 21:11:37,919,345,75,396,427,786,786
2016-03-06 21:11:38,924,346,75,396,428,786,786
2016-03-06 21:11:39,929,347,75,397,428,786,786
2016-03-06 21:11:40,932,348,75,397,428,786,786
2016-03-06 21:11:41,938,349,75,398,428,786,786
2016-03-06 21:11:42,941,350,75,398,428,786,786
2016-03-06 21:11:43,944,351,75,399,429,786,786
2016-03-06 21:11:44,949,352,75,399,429,786,786
2016-03-06 21:11:45,952,353,75,400,429,786,786
2016-03-06 21:11:46,958,354,75,400,429,786,786
2016-03-06 21:11:47,959,355,75,401,429,786,786
2016-03-06 21:11:48,962,356,75,401,430,786,786
2016-03-06 21:11:49,964,357,75,402,430,786,786
2016-03-06 21:11:50,966,358,75,402,430,786,786
2016-03-06 21:11:51,969,359,75,403,430,786,786
2016-03-06 21:11:52,972,360,75,404,431,786,786
2016-03-06 21:11:53,977,361,75,404,431,786,786
2016-03-06 21:11:54,979,362,75,405,431,786,786
2016-03-06 21:11:55,980,363,75,405,431,786,786
2016-03-06 21:11:56,984,364,75,406,431,786,786
2016-03-06 21:11:57,987,365,75,406,431,786,786
2016-03-06 21:11:58,991,366,75,407,432,786,786
2016-03-06 21:11:59,995,367,75,407,432,786,786
2016-03-06 21:12:00,997,368,75,408,431,786,786
2016-03-06 21:12:02,000,369,75,408,431,786,786
2016-03-06 21:12:03,002,370,75,409,431,786,786
2016-03-06 21:12:04,006,371,75,409,431,786,786
2016-03-06 21:12:05,010,372,75,409,431,786,786
2016-03-06 21:12:06,013,373,75,410,431,786,786
2016-03-06 21:12:07,015,374,75,411,431,786,786
2016-03-06 21:12:08,018,375,75,411,431,786,786
2016-03-06 21:12:09,024,376,75,411,431,786,786
2016-03-06 21:12:10,026,377,75,412,431,786,786
2016-03-06 21:12:11,027,378,75,412,432,786,786
2016-03-06 21:12:12,031,379,75,413,431,786,786
2016-03-06 21:12:13,033,380,75,413,431,786,786
2016-03-06 21:12:14,033,381,75,414,432,786,786
2016-03-06 21:12:15,038,382,75,414,432,786,786
2016-03-06 21:12:16,039,383,75,415,432,786,786
2016-03-06 21:12:17,040,384,75,415,432,786,786
2016-03-06 21:12:18,045,385,75,416,432,786,786
2016-03-06 21:12:19,046,386,75,416,432,786,786
2016-03-06 21:12:20,051,387,75,417,432,786,786
2016-03-06 21:12:21,055,388,75,417,433,786,786
2016-03-06 21:12:22,059,389,75,418,432,786,786
2016-03-06 21:12:23,063,390,75,418,432,786,786
2016-03-06 21:12:24,066,391,75,419,432,786,786
2016-03-06 21:12:25,072,392,75,419,433,786,786
2016-03-06 21:12:26,077,393,75,420,433,786,786
2016-03-06 21:12:27,081,394,75,420,433,786,786
2016-03-06 21:12:28,082,395,75,420,433,786,786
2016-03-06 21:12:29,085,396,75,421,433,786,786
2016-03-06 21:12:30,088,397,75,421,433,786,786
2016-03-06 21:12:31,091,398,75,422,434,786,786
2016-03-06 21:12:32,095,399,75,422,434,786,786
2016-03-06 21:12:33,097,400,75,423,434,786,786
2016-03-06 21:12:34,102,401,75,423,435,786,786
2016-03-06 21:12:35,105,402,75,424,435,786,786
2016-03-06 21:12:36,109,403,75,424,436,786,786
2016-03-06 21:12:37,114,404,75,425,436,786,786
2016-03-06 21:12:38,118,405,75,425,436,786,786
2016-03-06 21:12:39,125,406,75,426,437,786,786
2016-03-06 21:12:40,130,407,75,426,437,786,786
2016-03-06 21:12:41,134,408,75,426,437,786,786
2016-03-06 21:12:42,138,409,75,427,437,786,786
2016-03-06 21:12:43,142,410,75,427,437,786,786
2016-03-06 21:12:44,146,411,75,428,438,786,786
2016-03-06 21:12:45,150,412,75,428,438,786,786
2016-03-06 21:12:46,155,413,75,429,438,786,786
2016-03-06 21:12:47,156,414,75,429,439,786,786
2016-03-06 21:12:48,160,415,75,430,439,786,786
2016-03-06 21:12:49,166,416,75,430,439,786,787
2016-03-06 21:12:50,168,417,75,431,439,786,786
2016-03-06 21:12:51,171,418,74,431,440,786,786
2016-03-06 21:12:52,175,419,75,431,440,786,786
2016-03-06 21:12:53,178,420,74,432,440,786,786
2016-03-06 21:12:54,182,421,75,432,441,786,786
2016-03-06 21:12:55,188,422,75,433,441,786,786
2016-03-06 21:12:56,192,423,75,433,441,786,786
2016-03-06 21:12:57,196,424,75,434,441,786,786
2016-03-06 21:12:58,201,425,74,434,442,786,786
2016-03-06 21:12:59,205,426,75,435,442,786,787
2016-03-06 21:13:00,208,427,74,435,442,786,786
2016-03-06 21:13:01,213,428,74,436,442,786,786
2016-03-06 21:13:02,217,429,74,436,442,786,786
2016-03-06 21:13:03,221,430,75,436,443,786,787
2016-03-06 21:13:04,224,431,74,437,443,786,786
2016-03-06 21:13:05,229,432,74,437,443,786,786
2016-03-06 21:13:06,233,433,74,438,443,786,787
2016-03-06 21:13:07,238,434,74,438,444,786,786
2016-03-06 21:13:08,243,435,74,439,444,786,786
2016-03-06 21:13:09,246,436,74,439,444,786,786
2016-03-06 21:13:10,250,437,74,439,444,786,786
2016-03-06 21:13:11,255,438,74,440,445,786,787
2016-03-06 21:13:12,256,439,74,440,445,786,786
2016-03-06 21:13:13,261,440,74,441,445,786,786
2016-03-06 21:13:14,262,441,74,441,445,786,786
2016-03-06 21:13:15,266,442,74,442,445,786,786
2016-03-06 21:13:16,268,443,74,442,445,786,787
2016-03-06 21:13:17,272,444,74,442,446,786,786
2016-03-06 21:13:18,275,445,74,443,446,786,787
2016-03-06 21:13:19,277,446,74,443,446,786,787
2016-03-06 21:13:20,281,447,74,444,447,786,787
2016-03-06 21:13:21,283,448,74,444,447,786,787
2016-03-06 21:13:22,287,449,74,445,447,786,787
2016-03-06 21:13:23,291,450,74,445,447,786,787
2016-03-06 21:13:24,293,451,74,445,447,786,787
2016-03-06 21:13:25,296,452,74,446,447,786,787
2016-03-06 21:13:26,299,453,74,446,447,786,787
2016-03-06 21:13:27,301,454,74,447,447,786,787
2016-03-06 21:13:28,305,455,74,447,448,786,787
2016-03-06 21:13:29,308,456,74,447,448,786,786
2016-03-06 21:13:30,311,457,74,448,448,786,787
2016-03-06 21:13:31,316,458,74,448,448,786,787
2016-03-06 21:13:32,317,459,74,449,449,786,787
2016-03-06 21:13:33,318,460,74,449,449,786,786
2016-03-06 21:13:34,322,461,74,450,449,786,787
2016-03-06 21:13:35,325,462,74,450,449,786,787
2016-03-06 21:13:36,328,463,74,451,449,786,787
2016-03-06 21:13:37,333,464,74,451,450,786,786
2016-03-06 21:13:38,337,465,74,452,450,786,787
2016-03-06 21:13:39,341,466,74,452,450,786,787
2016-03-06 21:13:40,345,467,74,452,450,786,787
2016-03-06 21:13:41,348,468,74,453,450,786,787
2016-03-06 21:13:42,352,469,74,453,451,786,787
2016-03-06 21:13:43,357,470,74,454,451,786,787
2016-03-06 21:13:44,363,471,74,454,451,786,787
2016-03-06 21:13:45,366,472,74,454,451,786,787
2016-03-06 21:13:46,367,473,74,455,451,786,787
2016-03-06 21:13:47,369,474,74,455,451,786,787
2016-03-06 21:13:48,371,475,74,456,452,786,787
2016-03-06 21:13:49,375,476,74,456,452,786,786
2016-03-06 21:13:50,379,477,74,456,452,786,787
2016-03-06 21:13:51,383,478,74,457,452,786,787
2016-03-06 21:13:52,389,479,74,457,453,786,787
2016-03-06 21:13:53,390,480,74,458,453,786,787
2016-03-06 21:13:54,393,481,74,458,453,786,787
2016-03-06 21:13:55,395,482,74,458,453,786,787
2016-03-06 21:13:56,396,483,74,459,454,786,787
2016-03-06 21:13:57,400,484,74,459,453,786,787
2016-03-06 21:13:58,402,485,74,460,453,786,787
2016-03-06 21:13:59,402,486,74,460,453,786,787
2016-03-06 21:14:00,407,487,74,461,452,786,787
2016-03-06 21:14:01,408,488,74,461,452,786,787
2016-03-06 21:14:02,413,489,74,461,452,786,787
2016-03-06 21:14:03,417,490,74,462,452,786,787
2016-03-06 21:14:04,421,491,74,462,452,786,787
2016-03-06 21:14:05,425,492,74,462,452,786,787
2016-03-06 21:14:06,430,493,74,463,453,786,787
2016-03-06 21:14:07,431,494,74,463,453,786,787
2016-03-06 21:14:08,434,495,74,464,454,786,787
2016-03-06 21:14:09,438,496,74,464,454,786,786
2016-03-06 21:14:10,441,497,74,465,454,786,787
2016-03-06 21:14:11,442,498,74,465,455,786,787
2016-03-06 21:14:12,446,499,74,465,455,786,786
2016-03-06 21:14:13,449,500,74,466,455,786,787
2016-03-06 21:14:14,452,501,74,466,455,786,787
2016-03-06 21:14:15,453,502,74,467,456,786,787
2016-03-06 21:14:16,455,503,74,467,456,786,787
2016-03-06 21:14:17,457,504,74,467,456,786,787
2016-03-06 21:14:18,461,505,74,468,456,786,787
2016-03-06 21:14:19,465,506,74,468,457,786,787
2016-03-06 21:14:20,467,507,74,469,457,786,786
2016-03-06 21:14:21,470,508,74,469,457,786,787
2016-03-06 21:14:22,471,509,74,469,457,786,786
2016-03-06 21:14:23,475,510,74,470,458,786,787
2016-03-06 21:14:24,477,511,74,470,458,786,787
2016-03-06 21:14:25,480,512,74,471,458,786,787
2016-03-06 21:14:26,482,513,74,471,458,786,787
2016-03-06 21:14:27,485,514,74,472,459,786,787
2016-03-06 21:14:28,490,515,74,472,459,786,787
2016-03-06 21:14:29,492,516,74,472,459,786,787
2016-03-06 21:14:30,498,517,74,473,459,786,787
2016-03-06 21:14:31,503,518,74,473,459,786,787
2016-03-06 21:14:32,508,519,74,474,460,786,787
2016-03-06 21:14:33,511,520,74,474,460,786,786
2016-03-06 21:14:34,513,521,74,475,460,786,787
2016-03-06 21:14:35,518,522,74,475,461,786,787
2016-03-06 21:14:36,519,523,74,475,461,786,787
2016-03-06 21:14:37,523,524,74,476,461,786,787
2016-03-06 21:14:38,528,525,74,476,461,786,787
2016-03-06 21:14:39,531,526,74,477,462,786,787
2016-03-06 21:14:40,534,527,74,477,462,786,787
2016-03-06 21:14:41,537,528,74,477,462,786,787
2016-03-06 21:14:42,541,529,74,478,462,786,787
2016-03-06 21:14:43,544,530,74,478,463,786,787
2016-03-06 21:14:44,548,531,74,479,463,786,787
2016-03-06 21:14:45,551,532,74,479,463,786,787
2016-03-06 21:14:46,555,533,74,479,463,786,787
2016-03-06 21:14:47,560,534,74,480,463,786,787
2016-03-06 21:14:48,564,535,74,480,463,786,787
2016-03-06 21:14:49,569,536,74,481,463,786,787
2016-03-06 21:14:50,570,537,74,481,462,786,787
2016-03-06 21:14:51,574,538,74,482,462,786,787
2016-03-06 21:14:52,578,539,74,482,462,786,787
2016-03-06 21:14:53,583,540,74,482,463,786,787
2016-03-06 21:14:54,584,541,74,483,463,786,787
2016-03-06 21:14:55,588,542,74,483,463,786,787
2016-03-06 21:14:56,592,543,74,484,464,786,787
2016-03-06 21:14:57,597,544,74,484,464,786,787
2016-03-06 21:14:58,598,545,74,485,464,786,787
2016-03-06 21:14:59,599,546,74,485,465,786,787
2016-03-06 21:15:00,603,547,74,485,465,786,787
2016-03-06 21:15:01,606,548,74,486,466,786,787
2016-03-06 21:15:02,612,549,74,486,466,786,787
2016-03-06 21:15:03,615,550,74,487,466,786,787
2016-03-06 21:15:04,621,551,74,487,466,786,787
2016-03-06 21:15:05,621,552,74,488,467,786,787
2016-03-06 21:15:06,628,553,74,488,467,786,787
2016-03-06 21:15:07,632,554,74,489,467,786,787
2016-03-06 21:15:08,637,555,74,489,467,786,787
2016-03-06 21:15:09,639,556,74,490,468,786,787
2016-03-06 21:15:10,642,557,74,490,468,786,787
2016-03-06 21:15:11,647,558,74,490,468,786,787
2016-03-06 21:15:12,651,559,74,491,469,786,787
2016-03-06 21:15:13,656,560,74,491,469,786,787
2016-03-06 21:15:14,657,561,74,492,469,786,787
2016-03-06 21:15:15,661,562,74,492,470,786,787
2016-03-06 21:15:16,662,563,74,492,470,786,787
2016-03-06 21:15:17,664,564,74,493,470,786,787
2016-03-06 21:15:18,668,565,74,493,470,786,787
2016-03-06 21:15:19,669,566,74,494,470,786,787
2016-03-06 21:15:20,673,567,74,494,471,786,787
2016-03-06 21:15:21,675,568,74,495,471,786,787
2016-03-06 21:15:22,676,569,74,495,472,786,787
2016-03-06 21:15:23,681,570,74,496,472,786,787
2016-03-06 21:15:24,681,571,74,496,473,786,787
2016-03-06 21:15:25,684,572,74,497,473,786,787
2016-03-06 21:15:26,687,573,74,497,473,786,787
2016-03-06 21:15:27,688,574,74,498,474,786,787
2016-03-06 21:15:28,690,575,74,498,474,786,787
2016-03-06 21:15:29,693,576,74,498,474,786,787
2016-03-06 21:15:30,696,577,74,499,474,786,787
2016-03-06 21:15:31,699,578,74,499,475,786,787
2016-03-06 21:15:32,704,579,74,500,475,786,787
2016-03-06 21:15:33,705,580,74,500,475,786,787
2016-03-06 21:15:34,709,581,74,501,476,786,787
2016-03-06 21:15:35,715,582,74,501,476,786,787
2016-03-06 21:15:36,720,583,74,501,476,786,787
2016-03-06 21:15:37,726,584,74,502,477,786,787
2016-03-06 21:15:38,729,585,74,502,477,786,787
2016-03-06 21:15:39,732,586,74,503,477,786,787
2016-03-06 21:15:40,736,587,74,503,478,786,787
2016-03-06 21:15:41,739,588,74,504,478,786,787
2016-03-06 21:15:42,745,589,74,504,479,786,787
2016-03-06 21:15:43,749,590,74,504,479,786,787
2016-03-06 21:15:44,754,591,74,505,479,786,787
2016-03-06 21:15:45,756,592,74,505,479,786,787
2016-03-06 21:15:46,762,593,74,506,480,786,787
2016-03-06 21:15:47,765,594,74,506,480,786,787
2016-03-06 21:15:48,771,595,74,506,480,786,787
2016-03-06 21:15:49,773,596,74,507,480,786,787
2016-03-06 21:15:50,780,597,74,507,480,786,787
2016-03-06 21:15:51,782,598,74,507,480,786,787
2016-03-06 21:15:52,786,599,74,508,480,786,787
2016-03-06 21:15:53,790,600,74,508,481,786,787
2016-03-06 21:15:54,795,601,74,508,481,786,787
2016-03-06 21:15:55,800,602,74,509,481,786,787
2016-03-06 21:15:56,801,603,74,509,481,786,787
2016-03-06 21:15:57,804,604,74,509,481,786,787
2016-03-06 21:15:58,808,605,74,510,482,786,787
2016-03-06 21:15:59,813,606,74,510,482,786,787
2016-03-06 21:16:00,815,607,74,511,482,786,787
2016-03-06 21:16:01,819,609,74,511,482,786,787
2016-03-06 21:16:02,821,610,74,511,483,786,787
2016-03-06 21:16:03,822,611,74,512,483,786,787
2016-03-06 21:16:04,826,612,74,512,483,786,787
2016-03-06 21:16:05,829,613,74,512,483,786,787
2016-03-06 21:16:06,832,614,74,513,483,786,787
2016-03-06 21:16:07,835,615,74,513,483,786,787
2016-03-06 21:16:08,836,616,74,513,483,786,787
2016-03-06 21:16:09,840,617,74,513,483,786,787
2016-03-06 21:16:10,845,618,74,514,483,786,787
2016-03-06 21:16:11,848,619,74,514,482,786,787
2016-03-06 21:16:12,853,620,74,514,482,786,787
2016-03-06 21:16:13,857,621,74,515,482,787,787
2016-03-06 21:16:14,862,622,74,515,482,786,787
2016-03-06 21:16:15,863,623,74,515,481,786,787
2016-03-06 21:16:16,868,624,74,515,481,786,787
2016-03-06 21:16:17,869,625,74,516,481,787,787
2016-03-06 21:16:18,875,626,74,516,481,786,787
2016-03-06 21:16:19,877,627,74,516,481,787,787
2016-03-06 21:16:20,883,628,74,516,480,786,787
2016-03-06 21:16:21,886,629,74,517,480,786,787
2016-03-06 21:16:22,889,630,74,517,480,787,787
2016-03-06 21:16:23,895,631,74,517,480,787,787
2016-03-06 21:16:24,897,632,74,517,480,786,787
2016-03-06 21:16:25,903,633,74,518,479,786,787
2016-03-06 21:16:26,903,634,74,518,479,786,787
2016-03-06 21:16:27,908,635,74,518,479,786,787
2016-03-06 21:16:28,910,636,74,518,479,786,787
2016-03-06 21:16:29,911,637,74,519,479,786,787
2016-03-06 21:16:30,914,638,74,519,478,787,787
2016-03-06 21:16:31,917,639,74,519,478,786,787
2016-03-06 21:16:32,918,640,74,519,478,787,787
2016-03-06 21:16:33,922,641,74,520,478,787,787
2016-03-06 21:16:34,923,642,74,520,477,786,787
2016-03-06 21:16:35,924,643,74,520,477,787,787
2016-03-06 21:16:36,929,644,74,520,477,786,787
2016-03-06 21:16:37,930,645,74,521,477,787,787
2016-03-06 21:16:38,931,646,74,521,477,787,787
2016-03-06 21:16:39,936,647,74,521,477,787,787
2016-03-06 21:16:40,937,648,74,521,477,786,787
2016-03-06 21:16:41,938,649,74,522,477,787,787
2016-03-06 21:16:42,943,650,74,522,476,786,787
2016-03-06 21:16:43,948,651,74,522,476,786,787
2016-03-06 21:16:44,951,652,74,522,476,787,787
2016-03-06 21:16:45,952,653,74,522,476,786,787
2016-03-06 21:16:46,954,654,74,522,476,787,787
2016-03-06 21:16:47,958,655,74,523,476,787,787
2016-03-06 21:16:48,960,656,74,523,476,786,787
2016-03-06 21:16:49,964,657,74,523,476,786,787
2016-03-06 21:16:50,968,658,74,523,476,786,787
2016-03-06 21:16:51,972,659,74,524,476,787,787
2016-03-06 21:16:52,976,660,74,524,475,786,787
2016-03-06 21:16:53,983,661,74,524,475,786,787
2016-03-06 21:16:54,985,662,74,524,475,787,787
2016-03-06 21:16:55,985,663,74,524,475,786,787
2016-03-06 21:16:56,990,664,74,524,475,787,787
2016-03-06 21:16:57,992,665,74,525,475,787,787
2016-03-06 21:16:58,994,666,74,525,475,786,787
2016-03-06 21:16:59,997,667,74,525,475,787,787
2016-03-06 21:17:01,002,668,74,525,475,787,787
2016-03-06 21:17:02,006,669,74,526,475,787,787
2016-03-06 21:17:03,011,670,74,526,475,787,787
2016-03-06 21:17:04,017,671,74,526,474,787,787
2016-03-06 21:17:05,022,672,74,526,474,787,787
2016-03-06 21:17:06,026,673,74,526,474,787,787
2016-03-06 21:17:07,027,674,74,527,473,787,787
2016-03-06 21:17:08,031,675,74,527,473,787,787
2016-03-06 21:17:09,033,676,74,527,472,787,787
2016-03-06 21:17:10,036,677,74,527,472,787,787
2016-03-06 21:17:11,038,678,74,527,472,787,787
2016-03-06 21:17:12,042,679,74,528,471,787,787
2016-03-06 21:17:13,047,680,73,528,471,786,787
2016-03-06 21:17:14,048,681,74,528,471,787,787
2016-03-06 21:17:15,050,682,73,528,471,787,787
2016-03-06 21:17:16,055,683,74,528,471,787,787
2016-03-06 21:17:17,057,684,74,529,471,787,787
2016-03-06 21:17:18,063,685,74,529,470,787,787
2016-03-06 21:17:19,068,686,74,529,470,787,787
2016-03-06 21:17:20,074,687,74,529,470,787,787
2016-03-06 21:17:21,079,688,74,529,469,787,787
2016-03-06 21:17:22,082,689,73,530,469,786,787
2016-03-06 21:17:23,086,690,74,530,468,787,787
2016-03-06 21:17:24,090,691,74,530,467,787,787
2016-03-06 21:17:25,091,692,73,530,466,787,787
2016-03-06 21:17:26,096,693,74,530,466,787,787
2016-03-06 21:17:27,097,694,74,530,465,787,787
2016-03-06 21:17:28,098,695,74,531,464,787,787
2016-03-06 21:17:29,103,696,73,531,464,787,787
2016-03-06 21:17:30,104,697,74,531,464,787,787
2016-03-06 21:17:31,105,698,73,531,463,787,787
2016-03-06 21:17:32,110,699,73,532,462,787,787
2016-03-06 21:17:33,111,700,74,532,462,787,787
2016-03-06 21:17:34,112,701,74,532,461,787,787
2016-03-06 21:17:35,116,702,74,532,460,787,787
2016-03-06 21:17:36,120,703,73,532,460,787,787
2016-03-06 21:17:37,127,704,73,532,460,787,787
2016-03-06 21:17:38,134,705,73,533,460,787,787
2016-03-06 21:17:39,136,706,73,533,459,787,787
2016-03-06 21:17:40,142,707,73,533,459,787,787
2016-03-06 21:17:41,145,708,73,533,458,787,787
2016-03-06 21:17:42,147,709,73,533,458,787,787
2016-03-06 21:17:43,150,710,73,533,457,787,787
2016-03-06 21:17:44,152,711,73,534,457,787,787
2016-03-06 21:17:45,157,712,73,534,457,787,787
2016-03-06 21:17:46,161,713,73,534,456,787,787
2016-03-06 21:17:47,162,714,73,534,456,787,787
2016-03-06 21:17:48,167,715,73,534,456,787,787
2016-03-06 21:17:49,171,716,73,534,456,787,787
2016-03-06 21:17:50,174,717,73,535,456,787,787
2016-03-06 21:17:51,176,718,73,535,455,787,787
2016-03-06 21:17:52,181,719,73,535,455,787,787
2016-03-06 21:17:53,184,720,73,535,455,787,787
2016-03-06 21:17:54,185,721,73,535,454,787,787
2016-03-06 21:17:55,189,722,73,535,454,787,787
2016-03-06 21:17:56,192,723,73,536,453,787,787
2016-03-06 21:17:57,198,724,73,536,453,787,787
2016-03-06 21:17:58,201,725,73,536,453,787,787
2016-03-06 21:17:59,201,726,73,535,453,787,787
2016-03-06 21:18:00,205,727,73,534,453,787,787
2016-03-06 21:18:01,207,728,73,533,453,787,787
2016-03-06 21:18:02,208,729,73,531,452,787,787
2016-03-06 21:18:03,212,730,73,529,452,787,787
2016-03-06 21:18:04,213,731,73,527,451,787,787
2016-03-06 21:18:05,215,732,73,526,450,787,787
2016-03-06 21:18:06,219,733,73,524,449,787,787
2016-03-06 21:18:07,221,734,73,523,448,787,787
2016-03-06 21:18:08,222,735,73,522,448,787,787
2016-03-06 21:18:09,225,736,73,520,447,787,787
2016-03-06 21:18:10,227,737,73,518,447,787,787
2016-03-06 21:18:11,228,738,73,516,446,787,787
2016-03-06 21:18:12,233,739,73,514,445,787,787
2016-03-06 21:18:13,237,740,73,512,444,787,787
2016-03-06 21:18:14,241,741,73,509,442,787,787
2016-03-06 21:18:15,245,742,73,506,440,787,787
2016-03-06 21:18:16,250,743,73,502,437,787,787
2016-03-06 21:18:17,251,744,73,499,434,787,787
2016-03-06 21:18:18,257,745,73,495,431,787,787
2016-03-06 21:18:19,259,746,73,492,429,787,787
2016-03-06 21:18:20,266,747,73,489,426,787,787
2016-03-06 21:18:21,268,748,73,487,423,787,787
2016-03-06 21:18:22,270,749,73,483,421,787,787
2016-03-06 21:18:23,273,750,73,480,419,787,787
2016-03-06 21:18:24,275,751,73,477,417,787,787
2016-03-06 21:18:25,277,752,73,474,415,787,787
2016-03-06 21:18:26,281,753,73,472,413,787,787
2016-03-06 21:18:27,283,754,73,470,412,787,787
2016-03-06 21:18:28,288,755,73,468,410,787,787
2016-03-06 21:18:29,290,756,73,465,409,787,787
2016-03-06 21:18:30,297,757,73,463,407,787,787
2016-03-06 21:18:31,298,758,73,461,406,787,787
2016-03-06 21:18:32,303,759,73,459,405,787,787
2016-03-06 21:18:33,308,760,73,457,404,787,787
2016-03-06 21:18:34,313,761,73,455,403,787,787
2016-03-06 21:18:35,319,762,73,453,401,787,787
2016-03-06 21:18:36,322,763,73,451,400,787,787
2016-03-06 21:18:37,324,764,73,448,399,787,787
2016-03-06 21:18:38,328,765,73,445,399,787,787
2016-03-06 21:18:39,332,766,73,441,398,787,787
2016-03-06 21:18:40,334,767,73,439,397,787,787
2016-03-06 21:18:41,338,768,73,437,396,787,787
2016-03-06 21:18:42,340,769,73,435,395,787,787
2016-03-06 21:18:43,344,770,73,433,394,787,787
2016-03-06 21:18:44,348,771,73,432,394,787,787
2016-03-06 21:18:45,349,772,73,430,393,787,787
2016-03-06 21:18:46,353,773,73,429,392,787,787
2016-03-06 21:18:47,355,774,73,428,392,787,787
2016-03-06 21:18:48,356,775,73,426,392,787,787
2016-03-06 21:18:49,362,776,73,425,391,787,787
2016-03-06 21:18:50,363,777,73,424,391,787,787
2016-03-06 21:18:51,368,778,73,423,390,787,787
2016-03-06 21:18:52,371,779,73,422,390,787,787
2016-03-06 21:18:53,372,780,73,420,390,787,787
2016-03-06 21:18:54,376,781,73,419,389,787,787
2016-03-06 21:18:55,378,782,73,417,389,787,787
2016-03-06 21:18:56,381,783,73,416,388,787,787
2016-03-06 21:18:57,386,784,73,415,388,787,787
2016-03-06 21:18:58,389,785,73,413,388,787,787
2016-03-06 21:18:59,395,786,73,411,387,787,787
2016-03-06 21:19:00,401,787,73,408,387,787,787
2016-03-06 21:19:01,402,788,73,405,387,787,787
2016-03-06 21:19:02,405,789,73,403,387,787,787
2016-03-06 21:19:03,410,790,73,400,386,787,787
2016-03-06 21:19:04,410,791,73,397,386,787,787
2016-03-06 21:19:05,413,792,73,395,385,787,787
2016-03-06 21:19:06,418,793,73,391,385,787,787
2016-03-06 21:19:07,420,794,73,390,385,787,787
2016-03-06 21:19:08,425,795,73,390,384,787,787
2016-03-06 21:19:09,427,796,73,389,384,787,787
2016-03-06 21:19:10,432,797,73,389,383,787,787
2016-03-06 21:19:11,433,798,73,389,383,787,787
2016-03-06 21:19:12,438,799,73,388,383,787,787
2016-03-06 21:19:13,439,800,73,388,382,787,787
2016-03-06 21:19:14,443,801,73,387,382,787,787
2016-03-06 21:19:15,447,802,73,387,382,787,787
2016-03-06 21:19:16,448,803,73,386,382,787,787
2016-03-06 21:19:17,451,804,73,385,381,787,787
2016-03-06 21:19:18,454,805,73,385,381,787,787
2016-03-06 21:19:19,458,806,73,384,381,787,787
2016-03-06 21:19:20,462,807,73,383,381,787,787
2016-03-06 21:19:21,464,808,73,383,380,787,787
2016-03-06 21:19:22,467,809,73,382,380,787,787
2016-03-06 21:19:23,472,810,73,382,380,787,787
2016-03-06 21:19:24,475,811,73,382,379,787,787
2016-03-06 21:19:25,481,812,73,381,379,787,787
2016-03-06 21:19:26,488,813,73,381,379,787,787
2016-03-06 21:19:27,489,814,73,381,378,787,787
2016-03-06 21:19:28,496,815,73,380,378,787,787
2016-03-06 21:19:29,498,816,73,379,377,787,787
2016-03-06 21:19:30,503,817,73,378,377,787,787
2016-03-06 21:19:31,507,818,73,378,377,787,787
2016-03-06 21:19:32,509,819,73,377,377,787,787
2016-03-06 21:19:33,512,820,73,376,377,787,787
2016-03-06 21:19:34,513,821,73,375,376,787,787
2016-03-06 21:19:35,519,822,73,375,376,787,787
2016-03-06 21:19:36,522,823,73,374,376,787,787
2016-03-06 21:19:37,525,824,73,374,376,787,787
2016-03-06 21:19:38,531,825,73,373,376,787,787
2016-03-06 21:19:39,531,826,73,373,376,787,787
2016-03-06 21:19:40,535,827,73,371,375,787,787
2016-03-06 21:19:41,539,828,73,368,375,787,787
2016-03-06 21:19:42,542,829,73,365,374,787,787
2016-03-06 21:19:43,546,830,73,362,373,787,787
2016-03-06 21:19:44,547,831,73,360,372,787,787
2016-03-06 21:19:45,551,832,73,359,371,787,787
2016-03-06 21:19:46,552,833,73,358,370,787,787
2016-03-06 21:19:47,555,834,73,358,370,787,787
2016-03-06 21:19:48,558,835,73,358,370,787,787
2016-03-06 21:19:49,560,836,73,359,369,787,787
2016-03-06 21:19:50,560,837,73,359,368,787,787
2016-03-06 21:19:51,564,838,73,359,368,787,787
2016-03-06 21:19:52,566,839,73,359,367,787,787
2016-03-06 21:19:53,566,840,73,359,366,787,787
2016-03-06 21:19:54,572,841,73,359,366,787,787
2016-03-06 21:19:55,573,842,73,359,365,787,787
2016-03-06 21:19:56,580,843,73,358,365,787,787
2016-03-06 21:19:57,581,844,73,356,365,787,787
2016-03-06 21:19:58,587,845,73,355,364,787,787
2016-03-06 21:19:59,592,846,73,356,364,787,787
2016-03-06 21:20:00,597,847,73,355,363,787,787
2016-03-06 21:20:01,599,848,73,355,363,787,787
2016-03-06 21:20:02,602,849,73,354,363,787,787
2016-03-06 21:20:03,607,850,73,354,362,787,787
2016-03-06 21:20:04,608,851,73,353,362,787,787
2016-03-06 21:20:05,612,852,73,351,361,787,787
2016-03-06 21:20:06,614,853,73,350,360,787,787
2016-03-06 21:20:07,618,854,73,350,359,787,787
2016-03-06 21:20:08,619,855,73,350,359,787,787
2016-03-06 21:20:09,621,856,73,350,359,787,787
2016-03-06 21:20:10,627,857,73,350,358,787,787
2016-03-06 21:20:11,630,858,73,350,358,787,787
2016-03-06 21:20:12,632,859,73,350,357,787,787
2016-03-06 21:20:13,634,860,73,350,357,787,787
2016-03-06 21:20:14,639,861,73,350,356,787,787
2016-03-06 21:20:15,643,862,73,350,356,787,787
2016-03-06 21:20:16,646,863,73,350,355,787,787
2016-03-06 21:20:17,648,864,73,350,355,787,787
2016-03-06 21:20:18,653,865,73,350,355,787,787
2016-03-06 21:20:19,654,866,73,350,354,787,787
2016-03-06 21:20:20,659,867,73,349,354,787,787
2016-03-06 21:20:21,660,868,73,349,354,787,787
2016-03-06 21:20:22,661,869,73,349,354,787,787
2016-03-06 21:20:23,666,870,73,349,353,787,787
2016-03-06 21:20:24,667,871,73,348,353,787,787
2016-03-06 21:20:25,673,872,73,348,353,787,787
2016-03-06 21:20:26,675,873,73,348,352,787,787
2016-03-06 21:20:27,680,874,73,348,351,787,787
2016-03-06 21:20:28,685,875,73,349,351,787,787
2016-03-06 21:20:29,694,876,73,349,351,787,787
2016-03-06 21:20:30,704,877,73,348,350,787,787
2016-03-06 21:20:31,714,878,73,347,350,787,787
2016-03-06 21:20:32,724,879,73,347,350,787,787
2016-03-06 21:20:33,734,880,73,348,349,787,787
2016-03-06 21:20:34,744,881,73,347,349,787,787
2016-03-06 21:20:35,754,882,73,347,349,787,787
2016-03-06 21:20:36,765,883,73,347,349,787,787
2016-03-06 21:20:37,775,884,73,347,349,787,787
2016-03-06 21:20:38,784,885,73,347,348,787,787
2016-03-06 21:20:39,794,886,73,346,348,787,787
2016-03-06 21:20:40,805,887,73,346,348,787,787
2016-03-06 21:20:41,815,888,73,346,348,787,787
2016-03-06 21:20:42,825,890,73,346,347,787,787
2016-03-06 21:20:43,834,891,73,346,347,787,787
2016-03-06 21:20:44,845,892,73,346,347,787,787
2016-03-06 21:20:45,855,893,73,345,346,787,787
2016-03-06 21:20:46,865,894,73,345,346,787,787
2016-03-06 21:20:47,874,895,73,344,346,787,787
2016-03-06 21:20:48,885,896,73,344,345,787,787
2016-03-06 21:20:49,895,897,73,344,346,787,787
2016-03-06 21:20:50,905,898,73,343,345,787,787
2016-03-06 21:20:51,916,899,73,343,345,787,787
2016-03-06 21:20:52,925,900,73,343,345,787,787
2016-03-06 21:20:53,935,901,73,343,344,787,787
2016-03-06 21:20:54,946,902,73,342,344,787,787
2016-03-06 21:20:55,955,903,73,341,344,787,787
2016-03-06 21:20:56,966,904,73,340,343,787,787
2016-03-06 21:20:57,975,905,73,340,343,787,787
2016-03-06 21:20:58,985,906,73,340,343,787,787
2016-03-06 21:20:59,996,907,73,340,342,787,787
2016-03-06 21:21:01,006,908,73,340,342,787,787
2016-03-06 21:21:02,016,909,73,340,342,787,787
2016-03-06 21:21:03,025,910,73,340,341,787,787
2016-03-06 21:21:04,035,911,73,340,341,787,787
2016-03-06 21:21:05,046,912,73,339,341,787,787
2016-03-06 21:21:06,056,913,73,339,341,787,787
2016-03-06 21:21:07,066,914,73,338,341,787,787
2016-03-06 21:21:08,076,915,73,338,340,787,787
2016-03-06 21:21:09,086,916,73,338,340,787,787
2016-03-06 21:21:10,096,917,73,338,340,787,787
2016-03-06 21:21:11,106,918,73,338,339,787,787
2016-03-06 21:21:12,116,919,73,338,339,787,787
