2017-03-13 05:24:39,154,coffee,datetime,ms,seconds,ambient_temp,thermocouple_0_temp,thermocouple_1_temp,thermocouple_2_temp,thermocouple_3_temp
2017-03-13 05:24:41,304,2,64,499,431,792,791
2017-03-13 05:24:42,305,3,64,492,426,792,791
2017-03-13 05:24:43,311,4,64,482,421,792,791
2017-03-13 05:24:44,315,5,64,470,415,792,791
2017-03-13 05:24:45,321,6,64,457,409,792,791
2017-03-13 05:24:46,326,7,64,447,404,792,791
2017-03-13 05:24:47,329,8,64,435,399,792,791
2017-03-13 05:24:48,332,9,64,425,397,792,791
2017-03-13 05:24:49,333,10,64,414,395,792,791
2017-03-13 05:24:50,334,11,64,404,394,792,791
2017-03-13 05:24:51,338,12,64,395,392,792,791
2017-03-13 05:24:52,343,13,64,385,391,792,791
2017-03-13 05:24:53,346,14,64,376,390,792,791
2017-03-13 05:24:54,349,15,65,368,389,792,791
2017-03-13 05:24:55,351,16,64,361,388,792,791
2017-03-13 05:24:56,356,17,64,354,387,792,791
2017-03-13 05:24:57,361,18,64,347,386,792,791
2017-03-13 05:24:58,361,19,65,340,385,792,791
2017-03-13 05:24:59,364,20,64,334,384,792,791
2017-03-13 05:25:00,370,21,65,328,383,792,791
2017-03-13 05:25:01,372,22,65,322,382,792,791
2017-03-13 05:25:02,377,23,64,316,381,792,791
2017-03-13 05:25:03,380,24,65,311,381,792,791
2017-03-13 05:25:04,384,25,65,305,380,792,791
2017-03-13 05:25:05,387,26,65,300,380,792,791
2017-03-13 05:25:06,389,27,65,295,379,792,791
2017-03-13 05:25:07,392,28,64,291,379,792,791
2017-03-13 05:25:08,396,29,64,286,378,792,791
2017-03-13 05:25:09,398,30,65,283,378,792,791
2017-03-13 05:25:10,403,31,65,279,377,792,791
2017-03-13 05:25:11,406,32,65,275,377,792,791
2017-03-13 05:25:12,410,33,65,271,376,792,791
2017-03-13 05:25:13,412,34,65,268,376,792,791
2017-03-13 05:25:14,415,35,65,264,375,792,791
2017-03-13 05:25:15,416,36,65,261,375,792,791
2017-03-13 05:25:16,419,37,65,258,375,792,791
2017-03-13 05:25:17,423,38,65,256,374,792,791
2017-03-13 05:25:18,427,39,65,253,374,792,791
2017-03-13 05:25:19,430,40,65,250,374,792,791
2017-03-13 05:25:20,434,41,64,247,374,792,791
2017-03-13 05:25:21,437,42,65,245,374,792,791
2017-03-13 05:25:22,438,43,65,243,373,792,791
2017-03-13 05:25:23,443,44,65,241,373,792,791
2017-03-13 05:25:24,446,45,65,239,373,792,791
2017-03-13 05:25:25,449,46,65,237,373,792,791
2017-03-13 05:25:26,450,47,65,235,373,792,791
2017-03-13 05:25:27,454,48,65,234,373,792,791
2017-03-13 05:25:28,457,49,65,232,373,792,791
2017-03-13 05:25:29,460,50,65,230,373,792,791
2017-03-13 05:25:30,463,51,65,229,372,792,791
2017-03-13 05:25:31,465,52,65,228,372,792,791
2017-03-13 05:25:32,469,53,65,227,372,792,791
2017-03-13 05:25:33,473,54,65,226,372,792,791
2017-03-13 05:25:34,477,55,65,225,372,792,791
2017-03-13 05:25:35,478,56,65,224,372,792,791
2017-03-13 05:25:36,479,57,65,223,372,792,791
2017-03-13 05:25:37,480,58,65,222,372,792,791
2017-03-13 05:25:38,480,59,65,221,372,792,791
2017-03-13 05:25:39,481,60,65,220,372,792,791
2017-03-13 05:25:40,482,61,65,220,372,792,791
2017-03-13 05:25:41,483,62,65,219,371,792,791
2017-03-13 05:25:42,484,63,65,218,372,792,791
2017-03-13 05:25:43,485,64,65,218,372,792,791
2017-03-13 05:25:44,486,65,65,218,373,792,791
2017-03-13 05:25:45,487,66,65,217,374,792,791
2017-03-13 05:25:46,488,67,65,217,375,792,791
2017-03-13 05:25:47,489,68,65,217,376,792,791
2017-03-13 05:25:48,490,69,65,217,376,792,791
2017-03-13 05:25:49,491,70,65,216,377,792,791
2017-03-13 05:25:50,495,71,65,216,378,792,791
2017-03-13 05:25:51,495,72,65,216,379,792,791
2017-03-13 05:25:52,498,73,65,216,380,792,791
2017-03-13 05:25:53,502,74,65,216,380,792,791
2017-03-13 05:25:54,503,75,65,216,381,792,791
2017-03-13 05:25:55,506,76,65,216,382,792,791
2017-03-13 05:25:56,507,77,65,216,383,792,791
2017-03-13 05:25:57,509,78,65,216,383,792,791
2017-03-13 05:25:58,510,79,65,217,384,792,791
2017-03-13 05:25:59,511,80,65,217,385,792,791
2017-03-13 05:26:00,517,81,65,217,385,792,791
2017-03-13 05:26:01,522,82,65,217,386,792,791
2017-03-13 05:26:02,525,83,65,218,386,792,791
2017-03-13 05:26:03,526,84,65,218,387,792,791
2017-03-13 05:26:04,526,85,65,219,388,792,791
2017-03-13 05:26:05,528,86,65,219,388,792,791
2017-03-13 05:26:06,532,87,65,219,389,792,791
2017-03-13 05:26:07,532,88,65,219,389,792,791
2017-03-13 05:26:08,533,89,65,220,390,792,791
2017-03-13 05:26:09,534,90,65,220,390,792,791
2017-03-13 05:26:10,537,91,65,221,391,792,791
2017-03-13 05:26:11,540,92,65,221,392,792,791
2017-03-13 05:26:12,544,93,65,222,392,792,791
2017-03-13 05:26:13,546,94,65,222,393,792,791
2017-03-13 05:26:14,549,95,65,223,393,792,791
2017-03-13 05:26:15,553,96,65,223,394,792,791
2017-03-13 05:26:16,554,97,65,224,394,792,791
2017-03-13 05:26:17,559,98,65,225,394,792,791
2017-03-13 05:26:18,560,99,65,225,395,792,791
2017-03-13 05:26:19,560,100,65,226,395,792,791
2017-03-13 05:26:20,565,101,65,226,395,792,791
2017-03-13 05:26:21,567,102,65,227,396,792,791
2017-03-13 05:26:22,570,103,65,227,396,792,791
2017-03-13 05:26:23,573,104,65,228,397,792,791
2017-03-13 05:26:24,579,105,65,229,397,792,791
2017-03-13 05:26:25,583,106,65,230,398,792,791
2017-03-13 05:26:26,586,107,65,230,398,792,791
2017-03-13 05:26:27,588,108,65,231,398,792,791
2017-03-13 05:26:28,592,109,65,232,399,792,791
2017-03-13 05:26:29,595,110,65,233,399,792,791
2017-03-13 05:26:30,598,111,65,233,399,792,791
2017-03-13 05:26:31,603,112,65,234,400,792,791
2017-03-13 05:26:32,606,113,65,235,400,792,791
2017-03-13 05:26:33,608,114,65,235,401,792,791
2017-03-13 05:26:34,608,115,65,236,401,792,791
2017-03-13 05:26:35,609,116,65,237,401,792,791
2017-03-13 05:26:36,610,117,65,238,402,792,791
2017-03-13 05:26:37,611,118,65,238,402,792,791
2017-03-13 05:26:38,612,119,65,239,402,792,791
2017-03-13 05:26:39,618,120,65,240,403,792,791
2017-03-13 05:26:40,620,121,65,241,403,792,791
2017-03-13 05:26:41,621,122,65,241,404,792,791
2017-03-13 05:26:42,626,123,65,242,404,792,791
2017-03-13 05:26:43,628,124,65,243,404,792,791
2017-03-13 05:26:44,629,125,65,244,404,792,791
2017-03-13 05:26:45,633,126,65,245,405,792,791
2017-03-13 05:26:46,638,127,65,246,405,792,791
2017-03-13 05:26:47,640,128,65,246,405,792,791
2017-03-13 05:26:48,645,129,65,247,405,792,791
2017-03-13 05:26:49,647,130,65,248,406,792,791
2017-03-13 05:26:50,652,131,65,249,406,792,791
2017-03-13 05:26:51,656,132,65,250,406,792,791
2017-03-13 05:26:52,659,133,65,251,407,792,791
2017-03-13 05:26:53,661,134,65,251,407,792,791
2017-03-13 05:26:54,667,135,65,252,407,792,791
2017-03-13 05:26:55,668,136,65,253,408,792,791
2017-03-13 05:26:56,671,137,65,254,408,792,791
2017-03-13 05:26:57,676,138,65,255,408,792,791
2017-03-13 05:26:58,677,139,65,256,409,792,791
2017-03-13 05:26:59,679,140,65,256,409,792,791
2017-03-13 05:27:00,680,141,65,257,409,792,791
2017-03-13 05:27:01,681,142,65,258,409,792,791
2017-03-13 05:27:02,687,143,65,259,410,792,791
2017-03-13 05:27:03,689,144,65,260,410,792,791
2017-03-13 05:27:04,692,145,65,260,410,792,791
2017-03-13 05:27:05,698,146,65,261,410,792,791
2017-03-13 05:27:06,700,147,65,262,411,792,791
2017-03-13 05:27:07,705,148,65,263,411,792,791
2017-03-13 05:27:08,708,149,65,264,411,792,791
2017-03-13 05:27:09,708,150,65,265,412,792,791
2017-03-13 05:27:10,709,151,65,265,412,792,791
2017-03-13 05:27:11,715,152,65,266,412,792,791
2017-03-13 05:27:12,718,153,65,267,412,792,791
2017-03-13 05:27:13,724,154,65,268,413,792,791
2017-03-13 05:27:14,729,155,65,269,413,792,791
2017-03-13 05:27:15,732,156,65,269,414,792,791
2017-03-13 05:27:16,735,157,65,270,414,792,791
2017-03-13 05:27:17,738,158,65,271,414,792,791
2017-03-13 05:27:18,740,159,65,272,414,792,791
2017-03-13 05:27:19,742,160,65,273,415,792,791
2017-03-13 05:27:20,748,161,65,273,415,792,791
2017-03-13 05:27:21,754,162,65,274,415,792,791
2017-03-13 05:27:22,757,163,65,275,415,792,791
2017-03-13 05:27:23,758,164,65,276,416,792,791
2017-03-13 05:27:24,760,165,65,277,416,792,791
2017-03-13 05:27:25,760,166,65,278,416,792,791
2017-03-13 05:27:26,761,167,65,278,416,792,791
2017-03-13 05:27:27,764,168,65,279,417,792,791
2017-03-13 05:27:28,769,169,65,280,417,792,791
2017-03-13 05:27:29,775,170,65,281,417,792,791
2017-03-13 05:27:30,778,171,65,282,417,792,791
2017-03-13 05:27:31,783,172,65,282,418,792,791
2017-03-13 05:27:32,787,173,65,283,418,792,791
2017-03-13 05:27:33,791,174,65,284,418,792,791
2017-03-13 05:27:34,798,175,65,285,418,792,791
2017-03-13 05:27:35,800,176,65,286,419,792,791
2017-03-13 05:27:36,801,177,65,286,419,792,791
2017-03-13 05:27:37,802,178,65,287,419,792,791
2017-03-13 05:27:38,803,179,65,288,419,792,791
2017-03-13 05:27:39,806,180,65,289,420,792,791
2017-03-13 05:27:40,808,181,65,290,420,792,791
2017-03-13 05:27:41,811,182,65,291,420,792,791
2017-03-13 05:27:42,813,183,65,291,421,792,791
2017-03-13 05:27:43,819,184,65,292,421,792,791
2017-03-13 05:27:44,819,185,65,293,421,792,791
2017-03-13 05:27:45,820,186,65,293,421,792,791
2017-03-13 05:27:46,822,187,65,294,421,792,791
2017-03-13 05:27:47,823,188,65,295,422,792,791
2017-03-13 05:27:48,824,189,65,296,422,792,791
2017-03-13 05:27:49,825,190,65,296,422,792,791
2017-03-13 05:27:50,826,191,65,297,422,792,791
2017-03-13 05:27:51,827,192,65,298,422,792,791
2017-03-13 05:27:52,830,193,65,299,423,792,791
2017-03-13 05:27:53,833,194,65,299,423,792,791
2017-03-13 05:27:54,835,195,65,300,423,792,791
2017-03-13 05:27:55,839,196,65,301,423,792,791
2017-03-13 05:27:56,842,197,65,302,424,792,791
2017-03-13 05:27:57,846,198,65,303,424,792,791
2017-03-13 05:27:58,851,199,65,303,424,792,791
2017-03-13 05:27:59,857,200,65,304,424,792,791
2017-03-13 05:28:00,857,201,65,305,424,792,791
2017-03-13 05:28:01,861,202,65,306,424,792,791
2017-03-13 05:28:02,864,203,65,306,425,792,791
2017-03-13 05:28:03,868,204,65,307,425,792,791
2017-03-13 05:28:04,870,205,65,308,425,792,791
2017-03-13 05:28:05,873,206,65,308,425,792,791
2017-03-13 05:28:06,874,207,65,309,426,792,791
2017-03-13 05:28:07,880,208,65,310,426,792,791
2017-03-13 05:28:08,883,209,65,311,426,792,791
2017-03-13 05:28:09,886,210,65,311,426,792,791
2017-03-13 05:28:10,889,211,65,312,427,792,791
2017-03-13 05:28:11,892,212,65,313,427,792,791
2017-03-13 05:28:12,897,213,65,314,427,792,791
2017-03-13 05:28:13,902,214,65,314,427,792,791
2017-03-13 05:28:14,903,215,65,315,428,792,791
2017-03-13 05:28:15,904,216,65,316,428,792,791
2017-03-13 05:28:16,906,217,65,317,428,792,791
2017-03-13 05:28:17,907,218,65,317,428,792,791
2017-03-13 05:28:18,912,219,65,318,428,792,791
2017-03-13 05:28:19,916,220,65,319,429,792,791
2017-03-13 05:28:20,920,221,65,320,429,792,791
2017-03-13 05:28:21,923,222,65,321,429,792,791
2017-03-13 05:28:22,926,223,65,321,429,792,791
2017-03-13 05:28:23,929,224,65,322,429,792,791
2017-03-13 05:28:24,932,225,65,323,430,792,791
2017-03-13 05:28:25,935,226,65,323,430,792,791
2017-03-13 05:28:26,938,227,65,324,430,792,791
2017-03-13 05:28:27,941,228,65,325,430,792,791
2017-03-13 05:28:28,944,229,65,325,431,792,791
2017-03-13 05:28:29,947,230,65,326,431,792,791
2017-03-13 05:28:30,950,231,65,327,431,792,791
2017-03-13 05:28:31,953,232,65,327,431,792,791
2017-03-13 05:28:32,956,233,65,328,432,792,791
2017-03-13 05:28:33,957,234,65,329,432,792,791
2017-03-13 05:28:34,962,235,65,329,432,792,791
2017-03-13 05:28:35,966,236,65,330,432,792,791
2017-03-13 05:28:36,969,237,65,330,432,792,791
2017-03-13 05:28:37,970,238,65,331,433,792,791
2017-03-13 05:28:38,975,239,65,332,433,792,791
2017-03-13 05:28:39,976,240,65,332,433,792,791
2017-03-13 05:28:40,978,241,65,333,433,792,791
2017-03-13 05:28:41,984,242,65,334,434,792,791
2017-03-13 05:28:42,984,243,65,334,434,792,791
2017-03-13 05:28:43,986,244,65,335,434,792,791
2017-03-13 05:28:44,987,245,65,336,434,792,791
2017-03-13 05:28:45,989,246,65,337,434,792,791
2017-03-13 05:28:46,992,247,65,337,435,792,791
2017-03-13 05:28:47,998,248,65,338,435,792,791
2017-03-13 05:28:48,998,249,65,339,435,792,791
2017-03-13 05:28:49,999,250,65,339,435,792,791
2017-03-13 05:28:51,001,251,65,340,436,792,791
2017-03-13 05:28:52,002,252,65,341,436,792,791
2017-03-13 05:28:53,005,253,65,341,436,792,791
2017-03-13 05:28:54,006,254,65,342,436,792,791
2017-03-13 05:28:55,007,255,65,342,436,792,791
2017-03-13 05:28:56,010,256,65,343,436,792,791
2017-03-13 05:28:57,013,257,65,344,436,792,791
2017-03-13 05:28:58,017,258,65,344,436,792,791
2017-03-13 05:28:59,020,259,65,345,436,792,791
2017-03-13 05:29:00,023,260,65,346,436,792,791
2017-03-13 05:29:01,026,261,65,346,436,792,791
2017-03-13 05:29:02,029,262,65,347,436,792,791
2017-03-13 05:29:03,032,263,65,347,436,792,791
2017-03-13 05:29:04,035,264,65,348,436,792,791
2017-03-13 05:29:05,038,265,65,348,436,792,791
2017-03-13 05:29:06,041,266,65,349,436,792,791
2017-03-13 05:29:07,044,267,65,349,436,792,791
2017-03-13 05:29:08,047,268,65,350,436,792,791
2017-03-13 05:29:09,050,269,65,351,436,792,791
2017-03-13 05:29:10,055,270,65,351,436,792,791
2017-03-13 05:29:11,056,271,65,352,437,792,791
2017-03-13 05:29:12,059,272,65,352,437,792,791
2017-03-13 05:29:13,061,273,65,353,437,792,791
2017-03-13 05:29:14,065,274,65,354,437,792,791
2017-03-13 05:29:15,069,275,65,354,437,792,791
2017-03-13 05:29:16,072,276,65,355,437,792,791
2017-03-13 05:29:17,073,277,65,355,438,792,791
2017-03-13 05:29:18,078,278,65,356,438,792,791
2017-03-13 05:29:19,081,279,65,357,438,792,791
2017-03-13 05:29:20,084,280,65,357,438,792,791
2017-03-13 05:29:21,087,281,65,357,438,792,791
2017-03-13 05:29:22,090,282,65,358,438,792,791
2017-03-13 05:29:23,093,283,65,358,438,792,791
2017-03-13 05:29:24,096,284,65,359,438,792,791
2017-03-13 05:29:25,099,285,65,360,438,792,791
2017-03-13 05:29:26,102,286,65,360,439,792,791
2017-03-13 05:29:27,105,287,65,361,439,792,791
2017-03-13 05:29:28,108,288,65,361,439,792,791
2017-03-13 05:29:29,112,289,65,362,439,792,791
2017-03-13 05:29:30,115,290,65,362,439,792,791
2017-03-13 05:29:31,118,291,65,363,440,792,791
2017-03-13 05:29:32,121,292,65,363,440,792,791
2017-03-13 05:29:33,124,293,65,364,440,792,791
2017-03-13 05:29:34,127,294,65,365,440,792,791
2017-03-13 05:29:35,130,295,65,365,440,792,791
2017-03-13 05:29:36,133,296,65,365,440,792,791
2017-03-13 05:29:37,137,297,65,366,440,792,791
2017-03-13 05:29:38,139,298,65,366,440,792,791
2017-03-13 05:29:39,142,299,65,367,441,792,791
2017-03-13 05:29:40,145,300,65,367,441,792,791
2017-03-13 05:29:41,148,301,65,368,441,792,791
2017-03-13 05:29:42,152,302,65,368,441,792,791
2017-03-13 05:29:43,161,304,65,369,441,792,791
2017-03-13 05:29:44,169,305,65,369,441,792,791
2017-03-13 05:29:45,174,306,65,370,441,792,791
2017-03-13 05:29:46,181,307,65,370,441,792,791
2017-03-13 05:29:47,184,308,65,371,441,792,791
2017-03-13 05:29:48,187,309,65,371,441,792,791
2017-03-13 05:29:49,190,310,65,372,441,792,791
2017-03-13 05:29:50,192,311,65,372,442,792,791
2017-03-13 05:29:51,196,312,65,373,442,792,791
2017-03-13 05:29:52,199,313,65,374,442,792,791
2017-03-13 05:29:53,200,314,65,374,442,792,791
2017-03-13 05:29:54,206,315,65,375,442,792,791
2017-03-13 05:29:55,208,316,65,375,443,792,791
2017-03-13 05:29:56,211,317,65,376,443,792,791
2017-03-13 05:29:57,214,318,65,376,443,792,791
2017-03-13 05:29:58,217,319,65,377,443,792,791
2017-03-13 05:29:59,221,320,65,377,443,792,791
2017-03-13 05:30:00,224,321,65,378,444,792,791
2017-03-13 05:30:01,227,322,65,378,444,792,791
2017-03-13 05:30:02,230,323,65,378,444,792,791
2017-03-13 05:30:03,231,324,65,379,444,792,791
2017-03-13 05:30:04,240,325,65,379,444,792,791
2017-03-13 05:30:05,250,326,65,380,444,792,791
2017-03-13 05:30:06,256,327,65,380,444,792,791
2017-03-13 05:30:07,256,328,65,381,444,791,791
2017-03-13 05:30:08,258,329,65,381,444,792,791
2017-03-13 05:30:09,260,330,65,382,445,792,791
2017-03-13 05:30:10,271,331,65,382,445,792,791
2017-03-13 05:30:11,272,332,65,382,445,792,791
2017-03-13 05:30:12,277,333,65,383,445,792,791
2017-03-13 05:30:13,287,334,65,383,445,792,791
2017-03-13 05:30:14,288,335,65,384,445,792,791
2017-03-13 05:30:15,293,336,65,384,445,792,791
2017-03-13 05:30:16,295,337,65,385,445,792,791
2017-03-13 05:30:17,296,338,65,385,445,792,791
2017-03-13 05:30:18,305,339,65,385,445,791,791
2017-03-13 05:30:19,312,340,65,386,445,791,791
2017-03-13 05:30:20,319,341,65,386,445,792,791
2017-03-13 05:30:21,320,342,65,387,445,791,791
2017-03-13 05:30:22,324,343,65,387,445,792,791
2017-03-13 05:30:23,328,344,65,388,445,792,791
2017-03-13 05:30:24,331,345,65,388,445,792,791
2017-03-13 05:30:25,333,346,65,389,446,792,791
2017-03-13 05:30:26,336,347,65,389,446,792,791
2017-03-13 05:30:27,340,348,65,390,446,792,791
2017-03-13 05:30:28,343,349,65,390,446,791,791
2017-03-13 05:30:29,346,350,65,391,446,792,791
2017-03-13 05:30:30,354,351,65,391,446,792,791
2017-03-13 05:30:31,365,352,65,391,446,791,791
2017-03-13 05:30:32,368,353,65,392,446,791,791
2017-03-13 05:30:33,373,354,65,392,447,791,791
2017-03-13 05:30:34,374,355,65,393,447,792,791
2017-03-13 05:30:35,376,356,65,393,447,792,791
2017-03-13 05:30:36,384,357,65,393,447,792,791
2017-03-13 05:30:37,387,358,65,394,447,791,791
2017-03-13 05:30:38,391,359,65,394,447,792,791
2017-03-13 05:30:39,394,360,65,395,448,791,791
2017-03-13 05:30:40,395,361,65,395,448,791,791
2017-03-13 05:30:41,400,362,66,396,448,792,791
2017-03-13 05:30:42,405,363,65,396,448,791,791
2017-03-13 05:30:43,406,364,66,396,448,792,791
2017-03-13 05:30:44,416,365,65,397,449,791,791
2017-03-13 05:30:45,423,366,66,397,449,792,791
2017-03-13 05:30:46,432,367,66,398,449,792,791
2017-03-13 05:30:47,435,368,65,398,449,791,791
2017-03-13 05:30:48,440,369,65,398,449,791,791
2017-03-13 05:30:49,450,370,65,399,449,791,791
2017-03-13 05:30:50,453,371,66,399,450,791,791
2017-03-13 05:30:51,454,372,66,400,450,791,791
2017-03-13 05:30:52,463,373,65,400,450,791,791
2017-03-13 05:30:53,470,374,65,400,450,791,791
2017-03-13 05:30:54,473,375,66,401,450,791,791
2017-03-13 05:30:55,476,376,66,401,450,791,791
2017-03-13 05:30:56,479,377,66,402,450,791,791
2017-03-13 05:30:57,482,378,66,402,450,791,791
2017-03-13 05:30:58,485,379,65,403,451,791,791
2017-03-13 05:30:59,489,380,66,403,451,791,791
2017-03-13 05:31:00,492,381,66,404,451,791,791
2017-03-13 05:31:01,495,382,66,404,451,791,791
2017-03-13 05:31:02,498,383,66,404,451,791,791
2017-03-13 05:31:03,503,384,66,404,451,791,791
2017-03-13 05:31:04,504,385,66,405,452,791,791
2017-03-13 05:31:05,505,386,66,405,451,791,791
2017-03-13 05:31:06,510,387,65,406,451,791,791
2017-03-13 05:31:07,513,388,66,406,452,791,791
2017-03-13 05:31:08,516,389,66,406,452,791,791
2017-03-13 05:31:09,519,390,66,407,452,791,791
2017-03-13 05:31:10,522,391,66,407,452,791,791
2017-03-13 05:31:11,526,392,66,408,452,791,791
2017-03-13 05:31:12,526,393,66,408,453,791,791
2017-03-13 05:31:13,529,394,66,409,453,791,791
2017-03-13 05:31:14,535,395,66,409,453,791,791
2017-03-13 05:31:15,535,396,66,409,453,791,791
2017-03-13 05:31:16,541,397,66,410,453,791,791
2017-03-13 05:31:17,544,398,66,410,453,791,791
2017-03-13 05:31:18,554,399,66,411,453,791,791
2017-03-13 05:31:19,564,400,66,411,453,791,791
2017-03-13 05:31:20,570,401,66,411,454,791,791
2017-03-13 05:31:21,573,402,66,411,454,791,791
2017-03-13 05:31:22,575,403,66,412,454,791,791
2017-03-13 05:31:23,579,404,66,412,454,791,791
2017-03-13 05:31:24,582,405,66,413,454,791,791
2017-03-13 05:31:25,583,406,66,413,454,791,791
2017-03-13 05:31:26,588,407,66,413,454,791,791
2017-03-13 05:31:27,591,408,66,414,454,791,791
2017-03-13 05:31:28,594,409,66,414,454,791,791
2017-03-13 05:31:29,597,410,66,415,454,791,791
2017-03-13 05:31:30,603,411,66,415,455,791,791
2017-03-13 05:31:31,614,412,66,415,455,791,791
2017-03-13 05:31:32,622,413,66,416,455,791,791
2017-03-13 05:31:33,626,414,66,416,455,791,791
2017-03-13 05:31:34,629,415,66,416,455,791,791
2017-03-13 05:31:35,630,416,66,417,455,791,791
2017-03-13 05:31:36,632,417,66,417,455,791,791
2017-03-13 05:31:37,633,418,66,417,456,791,791
2017-03-13 05:31:38,634,419,66,418,456,791,791
2017-03-13 05:31:39,636,420,66,418,456,791,791
2017-03-13 05:31:40,637,421,66,419,456,791,791
2017-03-13 05:31:41,638,422,66,419,456,791,791
2017-03-13 05:31:42,638,423,66,419,456,791,791
2017-03-13 05:31:43,640,424,66,420,457,791,791
2017-03-13 05:31:44,642,425,66,420,457,791,791
2017-03-13 05:31:45,646,426,66,421,457,791,791
2017-03-13 05:31:46,650,427,66,421,457,791,791
2017-03-13 05:31:47,651,428,66,421,457,791,791
2017-03-13 05:31:48,653,429,66,421,457,791,791
2017-03-13 05:31:49,654,430,66,422,457,791,791
2017-03-13 05:31:50,659,431,66,422,457,791,791
2017-03-13 05:31:51,662,432,66,423,457,791,791
2017-03-13 05:31:52,668,433,66,423,457,791,791
2017-03-13 05:31:53,671,434,66,423,457,791,791
2017-03-13 05:31:54,674,435,66,423,457,791,791
2017-03-13 05:31:55,677,436,66,424,458,791,791
2017-03-13 05:31:56,680,437,66,424,458,791,791
2017-03-13 05:31:57,683,438,66,425,458,791,791
2017-03-13 05:31:58,686,439,66,425,458,791,791
2017-03-13 05:31:59,690,440,66,425,459,791,791
2017-03-13 05:32:00,693,441,66,426,458,791,791
2017-03-13 05:32:01,696,442,66,426,459,791,791
2017-03-13 05:32:02,699,443,66,426,459,791,791
2017-03-13 05:32:03,702,444,66,427,459,791,791
2017-03-13 05:32:04,702,445,66,427,459,791,791
2017-03-13 05:32:05,708,446,66,428,459,791,791
2017-03-13 05:32:06,711,447,66,428,459,791,791
2017-03-13 05:32:07,714,448,66,428,459,791,791
2017-03-13 05:32:08,717,449,66,429,459,791,791
2017-03-13 05:32:09,720,450,66,429,459,791,791
2017-03-13 05:32:10,723,451,66,429,459,791,791
2017-03-13 05:32:11,725,452,66,430,460,791,791
2017-03-13 05:32:12,729,453,66,430,460,791,791
2017-03-13 05:32:13,732,454,66,430,460,791,791
2017-03-13 05:32:14,736,455,66,431,460,791,791
2017-03-13 05:32:15,741,456,66,431,460,791,791
2017-03-13 05:32:16,742,457,66,431,460,791,791
2017-03-13 05:32:17,745,458,66,432,461,791,791
2017-03-13 05:32:18,748,459,66,432,461,791,791
2017-03-13 05:32:19,751,460,66,432,461,791,791
2017-03-13 05:32:20,754,461,66,433,461,791,791
2017-03-13 05:32:21,757,462,66,433,461,791,791
2017-03-13 05:32:22,760,463,66,433,461,791,791
2017-03-13 05:32:23,763,464,66,434,462,791,791
2017-03-13 05:32:24,766,465,66,434,462,791,791
2017-03-13 05:32:25,769,466,66,434,462,791,791
2017-03-13 05:32:26,770,467,66,435,462,791,791
2017-03-13 05:32:27,773,468,66,435,462,791,791
2017-03-13 05:32:28,777,469,66,435,462,791,791
2017-03-13 05:32:29,782,470,66,436,462,791,791
2017-03-13 05:32:30,785,471,66,436,461,791,791
2017-03-13 05:32:31,788,472,66,437,462,791,791
2017-03-13 05:32:32,791,473,66,437,461,791,791
2017-03-13 05:32:33,794,474,66,437,462,791,791
2017-03-13 05:32:34,797,475,66,437,462,791,791
2017-03-13 05:32:35,800,476,66,438,462,791,791
2017-03-13 05:32:36,802,477,66,438,462,791,791
2017-03-13 05:32:37,802,478,66,439,463,791,791
2017-03-13 05:32:38,806,479,66,439,462,791,791
2017-03-13 05:32:39,809,480,66,439,463,791,791
2017-03-13 05:32:40,813,481,66,440,463,791,791
2017-03-13 05:32:41,818,482,66,440,463,791,791
2017-03-13 05:32:42,822,483,66,440,463,791,791
2017-03-13 05:32:43,825,484,66,441,463,791,791
2017-03-13 05:32:44,828,485,66,441,464,791,791
2017-03-13 05:32:45,831,486,66,441,464,791,791
2017-03-13 05:32:46,834,487,66,442,464,791,791
2017-03-13 05:32:47,837,488,66,442,465,791,791
2017-03-13 05:32:48,839,489,66,442,465,791,791
2017-03-13 05:32:49,840,490,66,443,465,791,791
2017-03-13 05:32:50,844,491,66,443,465,791,791
2017-03-13 05:32:51,849,492,66,444,465,791,791
2017-03-13 05:32:52,851,493,66,444,465,791,791
2017-03-13 05:32:53,855,494,66,444,465,791,791
2017-03-13 05:32:54,858,495,66,444,465,791,791
2017-03-13 05:32:55,861,496,66,445,466,791,791
2017-03-13 05:32:56,863,497,66,445,466,791,791
2017-03-13 05:32:57,868,498,66,445,466,791,791
2017-03-13 05:32:58,871,499,66,446,466,791,791
2017-03-13 05:32:59,872,500,66,446,466,791,791
2017-03-13 05:33:00,875,501,66,446,466,791,791
2017-03-13 05:33:01,877,502,66,447,466,791,791
2017-03-13 05:33:02,883,503,66,447,466,791,791
2017-03-13 05:33:03,884,504,66,448,467,791,791
2017-03-13 05:33:04,889,505,66,448,467,791,791
2017-03-13 05:33:05,890,506,66,448,467,791,791
2017-03-13 05:33:06,891,507,66,448,467,791,790
2017-03-13 05:33:07,892,508,66,449,467,791,791
2017-03-13 05:33:08,893,509,66,449,467,791,790
2017-03-13 05:33:09,894,510,66,449,467,791,791
2017-03-13 05:33:10,895,511,66,450,467,791,790
2017-03-13 05:33:11,900,512,66,450,467,791,791
2017-03-13 05:33:12,901,513,66,450,468,791,790
2017-03-13 05:33:13,902,514,66,450,468,791,790
2017-03-13 05:33:14,903,515,66,451,468,791,790
2017-03-13 05:33:15,906,516,66,451,468,791,790
2017-03-13 05:33:16,908,517,66,452,468,791,790
2017-03-13 05:33:17,912,518,66,452,468,791,790
2017-03-13 05:33:18,915,519,66,452,469,791,790
2017-03-13 05:33:19,916,520,66,452,469,791,790
2017-03-13 05:33:20,922,521,66,453,468,791,790
2017-03-13 05:33:21,925,522,66,453,468,791,791
2017-03-13 05:33:22,928,523,66,453,467,791,790
2017-03-13 05:33:23,931,524,66,454,467,791,790
2017-03-13 05:33:24,934,525,66,454,467,791,790
2017-03-13 05:33:25,936,526,66,454,467,791,790
2017-03-13 05:33:26,938,527,66,455,468,791,790
2017-03-13 05:33:27,942,528,66,455,468,791,790
2017-03-13 05:33:28,945,529,66,455,468,791,790
2017-03-13 05:33:29,949,530,66,456,468,791,790
2017-03-13 05:33:30,950,531,66,456,468,791,790
2017-03-13 05:33:31,954,532,66,456,468,791,790
2017-03-13 05:33:32,957,533,66,457,469,791,790
2017-03-13 05:33:33,961,534,66,457,469,791,790
2017-03-13 05:33:34,967,535,66,457,469,791,790
2017-03-13 05:33:35,968,536,66,457,470,791,790
2017-03-13 05:33:36,969,537,66,458,470,791,790
2017-03-13 05:33:37,970,538,66,458,470,791,790
2017-03-13 05:33:38,971,539,66,459,470,791,790
2017-03-13 05:33:39,972,540,66,459,471,791,790
2017-03-13 05:33:40,977,541,66,459,471,791,790
2017-03-13 05:33:41,979,542,66,460,471,791,790
2017-03-13 05:33:42,985,543,66,460,471,791,790
2017-03-13 05:33:43,986,544,66,460,471,791,790
2017-03-13 05:33:44,990,545,66,461,471,791,790
2017-03-13 05:33:45,996,546,66,461,471,791,790
2017-03-13 05:33:46,996,547,66,461,471,791,790
2017-03-13 05:33:48,000,548,66,462,471,791,790
2017-03-13 05:33:49,001,549,66,462,472,791,790
2017-03-13 05:33:50,003,550,66,462,472,791,790
2017-03-13 05:33:51,004,551,66,463,472,791,790
2017-03-13 05:33:52,004,552,66,463,472,791,790
2017-03-13 05:33:53,006,553,66,463,472,791,790
2017-03-13 05:33:54,007,554,66,464,472,791,790
2017-03-13 05:33:55,008,555,66,464,473,791,790
2017-03-13 05:33:56,012,556,66,464,473,791,790
2017-03-13 05:33:57,013,557,66,464,473,791,790
2017-03-13 05:33:58,014,558,66,465,473,791,790
2017-03-13 05:33:59,019,559,66,465,473,791,790
2017-03-13 05:34:00,022,560,66,465,474,791,790
2017-03-13 05:34:01,023,561,66,466,474,791,790
2017-03-13 05:34:02,024,562,66,466,474,791,790
2017-03-13 05:34:03,026,563,66,466,474,791,790
2017-03-13 05:34:04,028,564,66,467,474,791,790
2017-03-13 05:34:05,033,565,66,467,475,791,790
2017-03-13 05:34:06,038,566,66,467,475,791,790
2017-03-13 05:34:07,041,567,66,468,475,791,790
2017-03-13 05:34:08,043,568,66,468,475,791,790
2017-03-13 05:34:09,044,569,66,468,475,791,790
2017-03-13 05:34:10,048,570,66,469,476,791,790
2017-03-13 05:34:11,050,571,66,469,475,791,790
2017-03-13 05:34:12,050,572,66,469,476,791,790
2017-03-13 05:34:13,050,573,66,470,476,791,790
2017-03-13 05:34:14,051,574,66,470,476,791,790
2017-03-13 05:34:15,053,575,66,470,476,791,790
2017-03-13 05:34:16,057,576,66,471,476,791,790
2017-03-13 05:34:17,060,577,66,471,476,791,790
2017-03-13 05:34:18,062,578,66,471,476,791,790
2017-03-13 05:34:19,064,579,66,472,476,791,790
2017-03-13 05:34:20,068,580,66,472,476,791,790
2017-03-13 05:34:21,072,581,66,472,477,791,790
2017-03-13 05:34:22,076,582,66,472,477,791,790
2017-03-13 05:34:23,079,583,67,473,477,791,790
2017-03-13 05:34:24,081,584,67,473,477,791,790
2017-03-13 05:34:25,085,585,67,473,477,791,790
2017-03-13 05:34:26,088,586,67,474,477,791,790
2017-03-13 05:34:27,090,587,67,474,477,791,790
2017-03-13 05:34:28,094,588,66,474,477,791,790
2017-03-13 05:34:29,096,589,67,475,478,791,790
2017-03-13 05:34:30,099,590,67,475,478,791,790
2017-03-13 05:34:31,099,591,67,475,478,791,790
2017-03-13 05:34:32,100,592,67,476,478,791,790
2017-03-13 05:34:33,104,593,67,476,478,791,790
2017-03-13 05:34:34,109,594,67,477,479,791,790
2017-03-13 05:34:35,114,595,67,477,478,791,790
2017-03-13 05:34:36,119,596,67,477,479,791,790
2017-03-13 05:34:37,121,597,67,477,479,791,790
2017-03-13 05:34:38,125,598,67,478,479,791,790
2017-03-13 05:34:39,128,599,67,478,479,791,790
2017-03-13 05:34:40,131,600,67,478,479,791,790
2017-03-13 05:34:41,131,601,67,479,479,791,790
2017-03-13 05:34:42,134,602,67,479,480,791,790
2017-03-13 05:34:43,136,603,67,480,480,791,790
2017-03-13 05:34:44,138,604,67,480,480,791,790
2017-03-13 05:34:45,139,605,67,480,480,791,790
2017-03-13 05:34:46,143,606,67,481,480,791,790
2017-03-13 05:34:47,148,607,67,481,480,791,790
2017-03-13 05:34:48,151,608,67,481,480,791,790
2017-03-13 05:34:49,157,610,67,481,480,791,790
2017-03-13 05:34:50,160,611,67,482,481,791,790
2017-03-13 05:34:51,162,612,67,482,481,791,790
2017-03-13 05:34:52,167,613,67,483,481,791,790
2017-03-13 05:34:53,171,614,67,483,481,791,790
2017-03-13 05:34:54,174,615,67,483,481,791,790
2017-03-13 05:34:55,177,616,67,483,481,791,790
2017-03-13 05:34:56,179,617,67,484,482,791,790
2017-03-13 05:34:57,184,618,67,484,482,791,790
2017-03-13 05:34:58,186,619,67,485,482,791,790
2017-03-13 05:34:59,189,620,67,485,482,791,790
2017-03-13 05:35:00,190,621,67,485,482,791,790
2017-03-13 05:35:01,194,622,67,486,482,791,790
2017-03-13 05:35:02,199,623,67,486,482,791,790
2017-03-13 05:35:03,201,624,67,486,483,791,790
2017-03-13 05:35:04,202,625,67,487,483,791,790
2017-03-13 05:35:05,205,626,67,487,483,791,790
2017-03-13 05:35:06,211,627,67,488,484,791,790
2017-03-13 05:35:07,214,628,67,488,484,791,790
2017-03-13 05:35:08,217,629,67,488,484,791,790
2017-03-13 05:35:09,218,630,67,489,484,791,790
2017-03-13 05:35:10,221,631,67,489,485,791,790
2017-03-13 05:35:11,226,632,67,489,485,791,790
2017-03-13 05:35:12,230,633,67,490,485,791,790
2017-03-13 05:35:13,234,634,67,490,485,791,790
2017-03-13 05:35:14,238,635,67,490,485,791,790
2017-03-13 05:35:15,242,636,67,491,485,791,790
2017-03-13 05:35:16,247,637,67,491,485,791,790
2017-03-13 05:35:17,248,638,67,491,485,791,790
2017-03-13 05:35:18,248,639,67,492,486,791,790
2017-03-13 05:35:19,254,640,67,492,486,791,790
2017-03-13 05:35:20,255,641,67,492,486,791,790
2017-03-13 05:35:21,256,642,67,493,486,791,790
2017-03-13 05:35:22,260,643,67,493,486,791,790
2017-03-13 05:35:23,263,644,67,494,486,791,790
2017-03-13 05:35:24,264,645,67,494,487,791,790
2017-03-13 05:35:25,267,646,67,494,487,791,790
2017-03-13 05:35:26,272,647,67,495,487,791,790
2017-03-13 05:35:27,276,648,67,495,487,791,790
2017-03-13 05:35:28,279,649,67,495,487,791,790
2017-03-13 05:35:29,279,650,67,496,487,791,790
2017-03-13 05:35:30,283,651,67,496,487,791,790
2017-03-13 05:35:31,287,652,67,496,488,791,790
2017-03-13 05:35:32,291,653,67,496,488,791,790
2017-03-13 05:35:33,293,654,67,497,488,791,790
2017-03-13 05:35:34,297,655,67,497,488,791,790
2017-03-13 05:35:35,298,656,67,498,488,791,790
2017-03-13 05:35:36,303,657,67,498,488,791,790
2017-03-13 05:35:37,307,658,67,498,489,791,790
2017-03-13 05:35:38,309,659,67,499,489,791,790
2017-03-13 05:35:39,312,660,67,499,489,791,790
2017-03-13 05:35:40,314,661,67,499,489,791,790
2017-03-13 05:35:41,318,662,67,500,489,791,790
2017-03-13 05:35:42,322,663,67,500,489,791,790
2017-03-13 05:35:43,324,664,67,500,490,791,790
2017-03-13 05:35:44,327,665,67,501,490,791,790
2017-03-13 05:35:45,329,666,67,501,490,791,790
2017-03-13 05:35:46,332,667,67,501,491,791,790
2017-03-13 05:35:47,337,668,67,502,491,791,790
2017-03-13 05:35:48,340,669,67,502,491,791,790
2017-03-13 05:35:49,343,670,67,503,492,791,790
2017-03-13 05:35:50,346,671,67,503,492,791,790
2017-03-13 05:35:51,347,672,67,503,493,791,790
2017-03-13 05:35:52,352,673,67,504,493,791,790
2017-03-13 05:35:53,353,674,67,504,493,791,790
2017-03-13 05:35:54,357,675,67,504,493,791,790
2017-03-13 05:35:55,360,676,67,505,494,791,790
2017-03-13 05:35:56,361,677,67,505,494,791,790
2017-03-13 05:35:57,366,678,67,506,494,791,790
2017-03-13 05:35:58,370,679,67,506,495,791,790
2017-03-13 05:35:59,373,680,67,506,495,791,790
2017-03-13 05:36:00,375,681,67,506,495,791,790
2017-03-13 05:36:01,380,682,67,507,496,791,790
2017-03-13 05:36:02,384,683,67,507,496,791,790
2017-03-13 05:36:03,386,684,67,507,496,791,790
2017-03-13 05:36:04,389,685,67,508,497,791,790
2017-03-13 05:36:05,391,686,67,508,497,791,790
2017-03-13 05:36:06,396,687,67,508,497,790,790
2017-03-13 05:36:07,399,688,67,509,498,791,790
2017-03-13 05:36:08,403,689,67,509,498,791,790
2017-03-13 05:36:09,408,690,67,509,498,791,790
2017-03-13 05:36:10,408,691,67,510,498,791,790
2017-03-13 05:36:11,410,692,67,510,499,791,790
2017-03-13 05:36:12,414,693,67,510,499,790,790
2017-03-13 05:36:13,416,694,67,510,499,791,790
2017-03-13 05:36:14,419,695,67,511,500,791,790
2017-03-13 05:36:15,421,696,67,511,500,790,790
2017-03-13 05:36:16,424,697,67,511,500,790,790
2017-03-13 05:36:17,430,698,67,512,501,790,790
2017-03-13 05:36:18,432,699,67,512,501,790,790
2017-03-13 05:36:19,432,700,67,512,501,791,790
2017-03-13 05:36:20,437,701,67,513,501,790,790
2017-03-13 05:36:21,441,702,67,513,502,791,790
2017-03-13 05:36:22,445,703,67,513,502,790,790
2017-03-13 05:36:23,446,704,67,513,502,790,790
2017-03-13 05:36:24,450,705,67,514,502,791,790
2017-03-13 05:36:25,452,706,67,514,502,790,790
2017-03-13 05:36:26,456,707,67,514,503,791,790
2017-03-13 05:36:27,461,708,67,515,503,790,790
2017-03-13 05:36:28,462,709,67,515,503,790,790
2017-03-13 05:36:29,466,710,67,515,503,791,790
2017-03-13 05:36:30,468,711,67,516,504,791,790
2017-03-13 05:36:31,472,712,67,516,504,791,790
2017-03-13 05:36:32,475,713,67,516,504,790,790
2017-03-13 05:36:33,478,714,67,516,504,790,790
2017-03-13 05:36:34,481,715,67,517,505,791,790
2017-03-13 05:36:35,484,716,67,517,505,790,790
2017-03-13 05:36:36,486,717,67,518,505,790,790
2017-03-13 05:36:37,489,718,67,518,506,790,790
2017-03-13 05:36:38,491,719,67,518,506,790,790
2017-03-13 05:36:39,496,720,67,518,507,791,790
2017-03-13 05:36:40,499,721,67,519,507,790,790
2017-03-13 05:36:41,502,722,67,519,507,790,790
2017-03-13 05:36:42,504,723,67,519,507,790,790
2017-03-13 05:36:43,509,724,67,520,507,790,790
2017-03-13 05:36:44,512,725,67,520,507,790,790
2017-03-13 05:36:45,515,726,67,520,507,790,790
2017-03-13 05:36:46,518,727,67,520,506,790,790
2017-03-13 05:36:47,521,728,67,521,507,790,790
2017-03-13 05:36:48,523,729,67,521,507,790,790
2017-03-13 05:36:49,527,730,67,522,507,791,790
2017-03-13 05:36:50,530,731,67,522,507,790,790
2017-03-13 05:36:51,533,732,67,522,507,791,790
2017-03-13 05:36:52,536,733,67,522,507,790,790
2017-03-13 05:36:53,539,734,67,522,507,790,790
2017-03-13 05:36:54,542,735,67,523,507,790,790
2017-03-13 05:36:55,545,736,67,523,507,790,790
2017-03-13 05:36:56,546,737,67,523,507,790,790
2017-03-13 05:36:57,550,738,67,523,507,790,790
2017-03-13 05:36:58,552,739,67,524,507,790,790
2017-03-13 05:36:59,558,740,67,524,507,790,790
2017-03-13 05:37:00,561,741,67,524,506,790,790
2017-03-13 05:37:01,564,742,67,525,507,790,790
2017-03-13 05:37:02,567,743,67,525,507,790,790
2017-03-13 05:37:03,568,744,67,525,507,790,790
2017-03-13 05:37:04,573,745,67,525,507,790,790
2017-03-13 05:37:05,574,746,67,526,507,790,790
2017-03-13 05:37:06,579,747,67,526,507,790,790
2017-03-13 05:37:07,582,748,67,526,507,790,790
2017-03-13 05:37:08,583,749,67,527,507,790,790
2017-03-13 05:37:09,588,750,67,527,507,790,790
2017-03-13 05:37:10,591,751,67,527,507,790,790
2017-03-13 05:37:11,594,752,67,527,508,790,790
2017-03-13 05:37:12,596,753,67,528,508,790,790
2017-03-13 05:37:13,601,754,67,528,508,790,790
2017-03-13 05:37:14,603,755,67,528,508,790,790
2017-03-13 05:37:15,606,756,67,529,509,790,790
2017-03-13 05:37:16,610,757,67,529,509,790,790
2017-03-13 05:37:17,613,758,67,529,508,790,790
2017-03-13 05:37:18,616,759,67,529,508,790,790
2017-03-13 05:37:19,619,760,67,530,508,790,790
2017-03-13 05:37:20,622,761,67,530,508,790,790
2017-03-13 05:37:21,625,762,67,530,508,790,790
2017-03-13 05:37:22,629,763,67,530,508,790,790
2017-03-13 05:37:23,632,764,67,531,508,790,790
2017-03-13 05:37:24,634,765,67,531,507,790,790
2017-03-13 05:37:25,638,766,67,531,507,790,790
2017-03-13 05:37:26,641,767,67,531,506,790,790
2017-03-13 05:37:27,644,768,67,532,506,790,790
2017-03-13 05:37:28,646,769,67,532,505,790,790
2017-03-13 05:37:29,650,770,67,532,504,790,790
2017-03-13 05:37:30,652,771,67,532,503,790,790
2017-03-13 05:37:31,655,772,67,533,503,790,790
2017-03-13 05:37:32,658,773,67,533,502,790,790
2017-03-13 05:37:33,662,774,67,533,502,790,790
2017-03-13 05:37:34,663,775,67,533,502,790,790
2017-03-13 05:37:35,668,776,67,534,501,790,790
2017-03-13 05:37:36,671,777,67,534,501,790,790
2017-03-13 05:37:37,674,778,67,534,501,790,790
2017-03-13 05:37:38,678,779,67,534,501,790,790
2017-03-13 05:37:39,681,780,67,535,501,790,790
2017-03-13 05:37:40,684,781,67,535,501,790,790
2017-03-13 05:37:41,687,782,67,535,501,790,790
2017-03-13 05:37:42,690,783,67,535,501,790,790
2017-03-13 05:37:43,694,784,67,536,501,790,790
2017-03-13 05:37:44,695,785,67,536,501,790,790
2017-03-13 05:37:45,696,786,67,536,501,790,790
2017-03-13 05:37:46,702,787,67,537,501,790,790
2017-03-13 05:37:47,705,788,67,537,501,790,790
2017-03-13 05:37:48,708,789,67,537,501,790,790
2017-03-13 05:37:49,711,790,67,537,501,790,790
2017-03-13 05:37:50,712,791,67,537,501,790,790
2017-03-13 05:37:51,717,792,68,538,501,790,790
2017-03-13 05:37:52,720,793,67,538,501,790,790
2017-03-13 05:37:53,724,794,67,538,501,790,790
2017-03-13 05:37:54,726,795,68,538,501,790,790
2017-03-13 05:37:55,730,796,67,539,501,790,790
2017-03-13 05:37:56,730,797,67,539,500,790,790
2017-03-13 05:37:57,734,798,67,539,500,790,790
2017-03-13 05:37:58,735,799,68,539,500,790,790
2017-03-13 05:37:59,738,800,67,539,500,790,790
2017-03-13 05:38:00,742,801,68,540,499,790,790
2017-03-13 05:38:01,744,802,68,540,499,790,790
2017-03-13 05:38:02,746,803,68,540,498,790,790
2017-03-13 05:38:03,750,804,68,540,498,790,790
2017-03-13 05:38:04,755,805,68,541,498,790,790
2017-03-13 05:38:05,762,806,67,541,498,790,790
2017-03-13 05:38:06,765,807,68,541,498,790,790
2017-03-13 05:38:07,769,808,68,541,498,790,790
2017-03-13 05:38:08,772,809,68,541,498,790,790
2017-03-13 05:38:09,773,810,68,542,498,790,790
2017-03-13 05:38:10,778,811,68,542,497,790,790
2017-03-13 05:38:11,780,812,68,542,497,790,790
2017-03-13 05:38:12,783,813,68,542,497,790,790
2017-03-13 05:38:13,786,814,68,542,497,790,790
2017-03-13 05:38:14,788,815,68,543,497,790,790
2017-03-13 05:38:15,794,816,68,543,497,790,790
2017-03-13 05:38:16,794,817,68,543,497,790,790
2017-03-13 05:38:17,797,818,68,543,496,790,790
2017-03-13 05:38:18,800,819,68,544,496,790,790
2017-03-13 05:38:19,803,820,68,544,496,790,790
2017-03-13 05:38:20,807,821,68,544,496,790,790
2017-03-13 05:38:21,810,822,68,544,496,790,790
2017-03-13 05:38:22,813,823,68,544,496,790,790
2017-03-13 05:38:23,816,824,68,545,496,790,790
2017-03-13 05:38:24,821,825,68,545,496,790,790
2017-03-13 05:38:25,827,826,68,545,496,790,790
2017-03-13 05:38:26,830,827,68,545,496,790,790
2017-03-13 05:38:27,835,828,68,546,496,790,790
2017-03-13 05:38:28,837,829,68,546,496,790,790
2017-03-13 05:38:29,843,830,68,546,496,790,790
2017-03-13 05:38:30,844,831,68,546,496,790,790
2017-03-13 05:38:31,845,832,68,547,496,790,790
2017-03-13 05:38:32,846,833,68,547,496,790,790
2017-03-13 05:38:33,852,834,68,547,496,790,790
2017-03-13 05:38:34,854,835,68,547,496,790,790
2017-03-13 05:38:35,859,836,68,548,496,790,790
2017-03-13 05:38:36,860,837,68,548,496,790,790
2017-03-13 05:38:37,861,838,68,548,496,790,790
2017-03-13 05:38:38,867,839,68,548,496,790,790
2017-03-13 05:38:39,868,840,68,548,496,790,790
2017-03-13 05:38:40,869,841,68,549,495,790,790
2017-03-13 05:38:41,871,842,68,549,495,790,790
2017-03-13 05:38:42,873,843,68,549,495,790,790
2017-03-13 05:38:43,877,844,68,549,495,790,790
2017-03-13 05:38:44,880,845,68,549,495,790,790
2017-03-13 05:38:45,883,846,68,549,495,790,790
2017-03-13 05:38:46,885,847,68,549,495,790,790
2017-03-13 05:38:47,889,848,68,550,495,790,790
2017-03-13 05:38:48,892,849,68,550,494,790,790
2017-03-13 05:38:49,895,850,68,550,494,790,790
2017-03-13 05:38:50,896,851,68,550,494,790,790
2017-03-13 05:38:51,899,852,68,550,494,790,790
2017-03-13 05:38:52,901,853,68,551,494,790,790
2017-03-13 05:38:53,904,854,68,551,494,790,790
2017-03-13 05:38:54,909,855,68,551,494,790,790
2017-03-13 05:38:55,913,856,68,551,493,790,790
2017-03-13 05:38:56,917,857,68,551,494,790,790
2017-03-13 05:38:57,918,858,68,552,493,790,790
2017-03-13 05:38:58,921,859,68,552,494,790,790
2017-03-13 05:38:59,926,860,68,552,493,790,790
2017-03-13 05:39:00,929,861,68,552,494,790,790
2017-03-13 05:39:01,932,862,68,552,493,790,790
2017-03-13 05:39:02,935,863,68,552,494,790,790
2017-03-13 05:39:03,939,864,68,553,494,790,790
2017-03-13 05:39:04,942,865,68,553,494,790,790
2017-03-13 05:39:05,943,866,68,553,494,790,790
2017-03-13 05:39:06,948,867,68,553,494,790,790
2017-03-13 05:39:07,951,868,68,553,494,790,790
2017-03-13 05:39:08,954,869,68,553,494,790,790
2017-03-13 05:39:09,957,870,68,553,494,790,790
2017-03-13 05:39:10,960,871,68,553,494,790,790
2017-03-13 05:39:11,963,872,68,554,494,790,790
2017-03-13 05:39:12,965,873,68,554,494,790,790
2017-03-13 05:39:13,968,874,68,554,494,790,790
2017-03-13 05:39:14,972,875,68,554,494,790,790
2017-03-13 05:39:15,975,876,68,554,494,790,790
2017-03-13 05:39:16,978,877,68,554,494,790,789
2017-03-13 05:39:17,982,878,68,555,494,790,790
2017-03-13 05:39:18,985,879,68,555,494,790,790
2017-03-13 05:39:19,986,880,68,555,494,790,790
2017-03-13 05:39:20,991,881,68,555,494,790,790
2017-03-13 05:39:21,993,882,68,556,494,790,790
2017-03-13 05:39:22,993,883,68,556,494,790,790
2017-03-13 05:39:23,994,884,68,556,495,790,790
2017-03-13 05:39:24,996,885,68,556,495,790,790
2017-03-13 05:39:26,002,886,68,556,495,790,790
2017-03-13 05:39:27,004,887,68,556,495,790,790
2017-03-13 05:39:28,004,888,68,557,495,790,790
2017-03-13 05:39:29,007,889,68,557,495,790,790
2017-03-13 05:39:30,013,890,68,557,495,790,790
2017-03-13 05:39:31,013,891,68,557,495,790,790
2017-03-13 05:39:32,016,892,68,557,495,790,790
2017-03-13 05:39:33,018,893,68,557,495,790,790
2017-03-13 05:39:34,020,894,68,558,495,790,789
2017-03-13 05:39:35,023,895,68,558,495,790,790
2017-03-13 05:39:36,028,896,68,558,495,790,790
2017-03-13 05:39:37,030,897,68,558,495,790,790
2017-03-13 05:39:38,036,898,68,558,495,790,790
2017-03-13 05:39:39,041,899,68,558,495,790,790
2017-03-13 05:39:40,042,900,68,559,495,790,790
2017-03-13 05:39:41,043,901,68,559,495,790,790
2017-03-13 05:39:42,048,902,68,559,495,790,790
2017-03-13 05:39:43,050,903,68,559,495,790,789
2017-03-13 05:39:44,056,904,68,560,495,790,790
2017-03-13 05:39:45,060,905,68,560,495,790,790
2017-03-13 05:39:46,065,906,68,560,495,790,790
2017-03-13 05:39:47,069,907,68,560,495,790,790
2017-03-13 05:39:48,073,908,68,560,495,790,789
2017-03-13 05:39:49,078,909,68,560,495,790,789
2017-03-13 05:39:50,080,910,68,560,495,790,789
2017-03-13 05:39:51,083,911,68,561,495,790,790
2017-03-13 05:39:52,086,912,68,561,495,790,789
2017-03-13 05:39:53,089,913,68,561,495,790,789
2017-03-13 05:39:54,092,914,68,561,495,790,790
2017-03-13 05:39:55,095,915,68,561,495,790,790
2017-03-13 05:39:56,096,916,68,561,495,790,789
2017-03-13 05:39:57,100,917,68,562,494,790,790
2017-03-13 05:39:58,104,918,68,562,493,790,789
2017-03-13 05:39:59,108,919,68,562,492,790,789
2017-03-13 05:40:00,108,920,68,562,491,790,789
2017-03-13 05:40:01,113,921,68,562,491,790,789
2017-03-13 05:40:02,115,922,68,562,490,790,790
2017-03-13 05:40:03,119,923,68,562,489,790,789
2017-03-13 05:40:04,123,924,68,563,489,790,789
2017-03-13 05:40:05,124,925,68,563,488,790,789
2017-03-13 05:40:06,125,926,68,563,487,790,789
2017-03-13 05:40:07,129,927,68,563,486,790,789
2017-03-13 05:40:08,131,928,68,563,486,790,789
2017-03-13 05:40:09,137,929,68,563,485,790,789
2017-03-13 05:40:10,141,930,68,563,485,790,789
2017-03-13 05:40:11,142,931,68,563,484,790,789
2017-03-13 05:40:12,145,932,68,563,484,790,789
2017-03-13 05:40:13,146,933,68,563,483,790,789
2017-03-13 05:40:14,147,934,68,564,483,790,789
2017-03-13 05:40:15,150,935,68,564,483,790,789
2017-03-13 05:40:16,156,937,68,564,483,790,789
2017-03-13 05:40:17,158,938,68,564,482,790,789
2017-03-13 05:40:18,164,939,68,564,482,790,789
2017-03-13 05:40:19,166,940,68,564,482,790,789
2017-03-13 05:40:20,168,941,68,564,482,790,789
2017-03-13 05:40:21,173,942,68,564,481,790,789
2017-03-13 05:40:22,178,943,68,564,481,790,789
2017-03-13 05:40:23,181,944,68,564,481,790,789
2017-03-13 05:40:24,184,945,68,564,481,790,789
2017-03-13 05:40:25,187,946,68,564,481,790,789
2017-03-13 05:40:26,190,947,68,564,480,790,789
2017-03-13 05:40:27,193,948,68,564,480,790,789
2017-03-13 05:40:28,195,949,68,564,480,790,789
2017-03-13 05:40:29,197,950,68,564,480,790,789
2017-03-13 05:40:30,199,951,68,564,480,790,789
2017-03-13 05:40:31,203,952,68,565,480,790,789
2017-03-13 05:40:32,208,953,68,565,480,790,789
2017-03-13 05:40:33,212,954,68,565,479,790,789
2017-03-13 05:40:34,215,955,68,565,479,790,789
2017-03-13 05:40:35,218,956,68,565,479,790,789
2017-03-13 05:40:36,221,957,68,565,479,790,789
2017-03-13 05:40:37,224,958,68,565,479,790,789
2017-03-13 05:40:38,227,959,68,565,479,790,789
2017-03-13 05:40:39,230,960,68,565,479,790,789
2017-03-13 05:40:40,233,961,68,565,479,790,789
2017-03-13 05:40:41,234,962,68,565,479,790,789
2017-03-13 05:40:42,238,963,68,565,478,790,789
2017-03-13 05:40:43,241,964,68,565,478,790,789
2017-03-13 05:40:44,244,965,68,565,478,790,789
2017-03-13 05:40:45,247,966,68,565,478,790,789
2017-03-13 05:40:46,249,967,68,565,477,790,789
2017-03-13 05:40:47,254,968,68,565,477,790,789
2017-03-13 05:40:48,258,969,68,564,477,790,789
2017-03-13 05:40:49,261,970,68,563,476,790,789
2017-03-13 05:40:50,264,971,68,561,474,790,789
2017-03-13 05:40:51,266,972,68,558,472,790,789
2017-03-13 05:40:52,269,973,68,555,469,790,789
2017-03-13 05:40:53,273,974,68,552,465,790,789
2017-03-13 05:40:54,274,975,68,549,462,790,789
2017-03-13 05:40:55,278,976,68,546,458,790,789
2017-03-13 05:40:56,283,977,68,544,455,790,789
2017-03-13 05:40:57,284,978,68,541,452,790,789
2017-03-13 05:40:58,285,979,68,539,450,790,789
2017-03-13 05:40:59,290,980,68,538,449,790,789
2017-03-13 05:41:00,291,981,68,538,450,790,789
2017-03-13 05:41:01,296,982,68,538,450,790,789
2017-03-13 05:41:02,299,983,68,538,451,790,789
2017-03-13 05:41:03,304,984,68,538,451,790,789
2017-03-13 05:41:04,310,985,68,538,452,790,789
2017-03-13 05:41:05,310,986,68,538,452,790,789
2017-03-13 05:41:06,313,987,68,538,453,790,789
2017-03-13 05:41:07,316,988,68,538,453,790,789
2017-03-13 05:41:08,319,989,68,538,454,790,789
2017-03-13 05:41:09,322,990,68,538,454,790,789
2017-03-13 05:41:10,326,991,68,537,455,790,789
2017-03-13 05:41:11,326,992,68,537,455,790,789
2017-03-13 05:41:12,332,993,68,537,455,790,789
2017-03-13 05:41:13,335,994,68,537,456,790,789
2017-03-13 05:41:14,338,995,68,537,456,790,789
2017-03-13 05:41:15,343,996,68,537,457,790,789
2017-03-13 05:41:16,344,997,68,536,457,790,789
