2018-03-17 21:45:00,019,coffee,datetime,ms,seconds,ambient_temp,thermocouple_0_temp,thermocouple_1_temp,thermocouple_2_temp,thermocouple_3_temp
2018-03-17 21:45:02,055,2,75,524,446,784,786
2018-03-17 21:45:03,061,3,75,517,441,784,786
2018-03-17 21:45:04,063,4,75,508,436,784,786
2018-03-17 21:45:05,069,5,75,497,431,784,785
2018-03-17 21:45:06,075,6,75,484,425,784,785
2018-03-17 21:45:07,079,7,75,472,420,784,786
2018-03-17 21:45:08,085,8,75,461,417,784,785
2018-03-17 21:45:09,089,9,75,449,415,784,786
2018-03-17 21:45:10,090,10,75,439,413,784,786
2018-03-17 21:45:11,096,11,75,429,411,784,785
2018-03-17 21:45:12,098,12,75,419,409,784,785
2018-03-17 21:45:13,103,13,75,410,408,784,785
2018-03-17 21:45:14,105,14,75,401,406,784,785
2018-03-17 21:45:15,108,15,75,392,404,784,785
2018-03-17 21:45:16,111,16,75,384,403,784,785
2018-03-17 21:45:17,115,17,75,376,402,784,785
2018-03-17 21:45:18,120,18,75,369,400,784,785
2018-03-17 21:45:19,124,19,75,362,399,784,786
2018-03-17 21:45:20,129,20,75,356,398,784,786
2018-03-17 21:45:21,135,21,75,349,397,784,786
2018-03-17 21:45:22,137,22,75,343,396,784,785
2018-03-17 21:45:23,141,23,75,337,395,784,786
2018-03-17 21:45:24,146,24,75,331,393,784,785
2018-03-17 21:45:25,151,25,75,325,392,784,786
2018-03-17 21:45:26,153,26,75,320,391,784,786
2018-03-17 21:45:27,157,27,75,315,390,784,786
2018-03-17 21:45:28,163,28,75,310,389,784,786
2018-03-17 21:45:29,168,29,75,305,389,784,785
2018-03-17 21:45:30,171,30,75,300,388,784,785
2018-03-17 21:45:31,174,31,75,296,387,784,786
2018-03-17 21:45:32,179,32,75,292,386,784,786
2018-03-17 21:45:33,180,33,75,288,386,784,785
2018-03-17 21:45:34,183,34,75,284,385,784,785
2018-03-17 21:45:35,189,35,75,280,385,784,786
2018-03-17 21:45:36,194,36,75,277,384,784,785
2018-03-17 21:45:37,195,37,75,273,383,784,785
2018-03-17 21:45:38,196,38,75,270,383,784,786
2018-03-17 21:45:39,201,39,75,267,383,784,785
2018-03-17 21:45:40,207,40,75,264,382,784,786
2018-03-17 21:45:41,212,41,75,261,382,784,786
2018-03-17 21:45:42,214,42,75,259,381,784,785
2018-03-17 21:45:43,219,43,75,256,381,784,785
2018-03-17 21:45:44,221,44,75,253,380,784,785
2018-03-17 21:45:45,227,45,75,251,380,784,785
2018-03-17 21:45:46,228,46,75,249,380,784,785
2018-03-17 21:45:47,232,47,75,247,379,784,785
2018-03-17 21:45:48,236,48,75,245,379,784,785
2018-03-17 21:45:49,236,49,75,243,379,784,785
2018-03-17 21:45:50,243,50,75,241,378,784,785
2018-03-17 21:45:51,248,51,75,240,378,784,785
2018-03-17 21:45:52,252,52,75,238,378,784,786
2018-03-17 21:45:53,258,53,75,236,377,784,785
2018-03-17 21:45:54,262,54,75,235,378,784,786
2018-03-17 21:45:55,264,55,75,234,378,784,786
2018-03-17 21:45:56,270,56,75,232,378,784,786
2018-03-17 21:45:57,271,57,75,231,379,784,785
2018-03-17 21:45:58,277,58,75,230,380,784,785
2018-03-17 21:45:59,281,59,75,229,381,784,786
2018-03-17 21:46:00,287,60,75,228,382,784,785
2018-03-17 21:46:01,288,61,75,227,383,784,785
2018-03-17 21:46:02,294,62,75,226,384,784,785
2018-03-17 21:46:03,299,63,75,226,384,784,785
2018-03-17 21:46:04,303,64,75,225,385,784,786
2018-03-17 21:46:05,309,65,75,224,386,784,786
2018-03-17 21:46:06,312,66,75,224,387,784,785
2018-03-17 21:46:07,314,67,75,223,387,784,785
2018-03-17 21:46:08,319,68,75,223,388,784,785
2018-03-17 21:46:09,324,69,75,222,389,784,785
2018-03-17 21:46:10,329,70,75,222,390,784,785
2018-03-17 21:46:11,332,71,75,222,391,784,786
2018-03-17 21:46:12,337,72,75,221,391,784,785
2018-03-17 21:46:13,343,73,75,221,392,784,785
2018-03-17 21:46:14,345,74,75,221,393,784,785
2018-03-17 21:46:15,349,75,75,221,393,784,785
2018-03-17 21:46:16,354,76,75,221,394,784,785
2018-03-17 21:46:17,360,77,75,220,395,784,785
2018-03-17 21:46:18,365,78,75,221,396,784,786
2018-03-17 21:46:19,367,79,75,220,396,784,785
2018-03-17 21:46:20,371,80,75,221,397,784,785
2018-03-17 21:46:21,377,81,75,221,398,784,786
2018-03-17 21:46:22,380,82,75,221,398,784,785
2018-03-17 21:46:23,384,83,75,221,399,784,785
2018-03-17 21:46:24,388,84,75,221,399,784,785
2018-03-17 21:46:25,390,85,75,221,400,784,785
2018-03-17 21:46:26,395,86,75,221,401,784,785
2018-03-17 21:46:27,401,87,75,221,402,784,785
2018-03-17 21:46:28,405,88,75,222,402,784,785
2018-03-17 21:46:29,410,89,75,222,403,784,785
2018-03-17 21:46:30,414,90,75,222,403,784,785
2018-03-17 21:46:31,419,91,75,222,404,784,785
2018-03-17 21:46:32,421,92,75,223,405,784,785
2018-03-17 21:46:33,427,93,75,223,405,784,785
2018-03-17 21:46:34,431,94,75,224,405,784,785
2018-03-17 21:46:35,436,95,75,224,406,784,785
2018-03-17 21:46:36,439,96,75,224,406,784,785
2018-03-17 21:46:37,444,97,75,225,407,784,785
2018-03-17 21:46:38,447,98,75,225,407,784,785
2018-03-17 21:46:39,450,99,75,226,408,784,785
2018-03-17 21:46:40,454,100,75,226,408,784,785
2018-03-17 21:46:41,456,101,75,227,409,784,785
2018-03-17 21:46:42,459,102,75,227,409,784,785
2018-03-17 21:46:43,463,103,75,228,410,784,785
2018-03-17 21:46:44,465,104,75,228,410,784,785
2018-03-17 21:46:45,470,105,75,229,410,784,785
2018-03-17 21:46:46,471,106,75,229,411,784,785
2018-03-17 21:46:47,474,107,75,230,411,784,785
2018-03-17 21:46:48,478,108,75,231,411,784,785
2018-03-17 21:46:49,480,109,75,231,412,784,785
2018-03-17 21:46:50,485,110,75,232,412,784,785
2018-03-17 21:46:51,486,111,75,232,412,784,785
2018-03-17 21:46:52,490,112,75,233,413,784,785
2018-03-17 21:46:53,493,113,75,234,413,784,785
2018-03-17 21:46:54,496,114,75,234,413,784,785
2018-03-17 21:46:55,501,115,75,235,414,784,785
2018-03-17 21:46:56,502,116,75,236,414,784,785
2018-03-17 21:46:57,505,117,75,237,415,784,785
2018-03-17 21:46:58,509,118,75,237,415,784,785
2018-03-17 21:46:59,511,119,75,238,415,784,785
2018-03-17 21:47:00,516,120,75,239,415,784,785
2018-03-17 21:47:01,517,121,75,239,416,784,785
2018-03-17 21:47:02,520,122,75,240,416,784,785
2018-03-17 21:47:03,524,123,75,241,417,784,785
2018-03-17 21:47:04,526,124,75,241,417,784,785
2018-03-17 21:47:05,531,125,75,242,417,784,785
2018-03-17 21:47:06,532,126,75,243,417,784,785
2018-03-17 21:47:07,535,127,75,244,418,784,785
2018-03-17 21:47:08,539,128,75,244,418,784,785
2018-03-17 21:47:09,539,129,75,245,419,784,785
2018-03-17 21:47:10,545,130,75,246,419,784,785
2018-03-17 21:47:11,546,131,75,247,420,784,785
2018-03-17 21:47:12,551,132,75,247,420,784,785
2018-03-17 21:47:13,555,133,75,248,420,784,785
2018-03-17 21:47:14,556,134,75,249,420,784,785
2018-03-17 21:47:15,562,135,75,250,421,784,785
2018-03-17 21:47:16,563,136,75,250,421,784,785
2018-03-17 21:47:17,566,137,75,251,422,784,785
2018-03-17 21:47:18,571,138,75,252,422,784,785
2018-03-17 21:47:19,572,139,75,253,423,784,785
2018-03-17 21:47:20,578,140,75,253,423,784,785
2018-03-17 21:47:21,584,141,75,254,423,784,785
2018-03-17 21:47:22,588,142,75,255,424,784,785
2018-03-17 21:47:23,591,143,75,256,424,784,785
2018-03-17 21:47:24,596,144,75,256,424,784,785
2018-03-17 21:47:25,597,145,75,257,425,784,785
2018-03-17 21:47:26,603,146,75,258,425,784,785
2018-03-17 21:47:27,608,147,75,259,425,784,785
2018-03-17 21:47:28,613,148,75,259,426,784,785
2018-03-17 21:47:29,618,149,75,260,426,784,785
2018-03-17 21:47:30,621,150,75,261,426,784,785
2018-03-17 21:47:31,623,151,75,262,426,784,785
2018-03-17 21:47:32,628,152,75,262,427,784,785
2018-03-17 21:47:33,632,153,75,263,427,784,785
2018-03-17 21:47:34,637,154,75,264,427,784,785
2018-03-17 21:47:35,638,155,75,265,427,784,785
2018-03-17 21:47:36,641,156,75,266,428,784,785
2018-03-17 21:47:37,645,157,75,266,428,784,785
2018-03-17 21:47:38,647,158,75,267,428,784,785
2018-03-17 21:47:39,652,159,75,268,429,784,785
2018-03-17 21:47:40,653,160,75,269,429,784,785
2018-03-17 21:47:41,656,161,75,269,429,784,785
2018-03-17 21:47:42,661,162,75,270,429,784,785
2018-03-17 21:47:43,661,163,75,271,429,784,785
2018-03-17 21:47:44,666,164,75,272,430,784,785
2018-03-17 21:47:45,667,165,75,273,430,784,785
2018-03-17 21:47:46,672,166,75,273,430,784,785
2018-03-17 21:47:47,676,167,75,274,430,784,785
2018-03-17 21:47:48,678,168,75,275,431,784,785
2018-03-17 21:47:49,683,169,75,276,431,784,785
2018-03-17 21:47:50,685,170,75,276,431,784,785
2018-03-17 21:47:51,691,171,75,277,431,784,785
2018-03-17 21:47:52,697,172,75,278,431,784,785
2018-03-17 21:47:53,701,173,75,278,431,784,785
2018-03-17 21:47:54,705,174,75,279,432,784,785
2018-03-17 21:47:55,708,175,75,280,432,784,785
2018-03-17 21:47:56,714,176,75,281,432,784,785
2018-03-17 21:47:57,718,177,75,281,432,784,785
2018-03-17 21:47:58,724,178,75,282,433,784,785
2018-03-17 21:47:59,727,179,75,283,433,784,785
2018-03-17 21:48:00,731,180,75,284,433,784,785
2018-03-17 21:48:01,735,181,75,284,433,784,785
2018-03-17 21:48:02,737,182,75,286,434,784,785
2018-03-17 21:48:03,742,183,75,286,434,784,785
2018-03-17 21:48:04,744,184,75,287,434,784,785
2018-03-17 21:48:05,745,185,75,288,435,784,785
2018-03-17 21:48:06,751,186,75,289,435,784,785
2018-03-17 21:48:07,753,187,75,289,435,784,785
2018-03-17 21:48:08,758,188,75,290,436,784,785
2018-03-17 21:48:09,758,189,75,291,436,784,785
2018-03-17 21:48:10,760,190,75,292,436,784,785
2018-03-17 21:48:11,764,191,75,292,436,784,785
2018-03-17 21:48:12,768,192,75,293,437,784,785
2018-03-17 21:48:13,773,193,75,294,437,784,785
2018-03-17 21:48:14,774,194,75,295,437,784,785
2018-03-17 21:48:15,776,195,75,295,437,784,785
2018-03-17 21:48:16,781,196,75,296,438,784,785
2018-03-17 21:48:17,784,197,75,297,438,784,785
2018-03-17 21:48:18,788,198,75,298,438,784,785
2018-03-17 21:48:19,792,199,75,298,438,784,785
2018-03-17 21:48:20,798,200,75,299,439,784,785
2018-03-17 21:48:21,804,201,75,300,439,784,785
2018-03-17 21:48:22,807,202,75,301,439,784,785
2018-03-17 21:48:23,811,203,75,301,439,784,785
2018-03-17 21:48:24,815,204,75,302,440,784,785
2018-03-17 21:48:25,820,205,75,303,440,784,785
2018-03-17 21:48:26,824,206,75,304,440,784,785
2018-03-17 21:48:27,830,207,75,304,440,784,785
2018-03-17 21:48:28,832,208,75,305,440,784,785
2018-03-17 21:48:29,837,209,75,306,440,784,785
2018-03-17 21:48:30,841,210,75,307,441,784,785
2018-03-17 21:48:31,843,211,75,307,441,784,785
2018-03-17 21:48:32,849,212,75,308,442,784,785
2018-03-17 21:48:33,854,213,75,309,442,784,785
2018-03-17 21:48:34,860,214,75,310,442,784,785
2018-03-17 21:48:35,865,215,75,310,442,784,785
2018-03-17 21:48:36,866,216,75,311,443,784,785
2018-03-17 21:48:37,872,217,75,312,443,784,785
2018-03-17 21:48:38,874,218,75,313,443,784,785
2018-03-17 21:48:39,879,219,75,313,443,784,785
2018-03-17 21:48:40,883,220,75,314,443,784,785
2018-03-17 21:48:41,884,221,75,315,444,784,785
2018-03-17 21:48:42,889,222,75,316,444,784,785
2018-03-17 21:48:43,890,223,75,316,444,784,785
2018-03-17 21:48:44,891,224,75,317,444,784,785
2018-03-17 21:48:45,897,225,75,317,444,784,785
2018-03-17 21:48:46,902,226,75,318,445,784,785
2018-03-17 21:48:47,907,227,75,319,445,784,785
2018-03-17 21:48:48,912,228,75,320,445,784,785
2018-03-17 21:48:49,915,229,75,320,445,784,785
2018-03-17 21:48:50,918,230,75,321,445,784,785
2018-03-17 21:48:51,922,231,75,322,446,784,785
2018-03-17 21:48:52,924,232,75,322,446,784,785
2018-03-17 21:48:53,928,233,75,323,446,784,785
2018-03-17 21:48:54,931,234,75,324,447,784,785
2018-03-17 21:48:55,934,235,75,324,447,784,785
2018-03-17 21:48:56,938,236,75,325,447,784,785
2018-03-17 21:48:57,940,237,75,326,447,784,785
2018-03-17 21:48:58,943,238,75,326,448,784,785
2018-03-17 21:48:59,946,239,75,327,448,784,785
2018-03-17 21:49:00,949,240,75,328,448,784,785
2018-03-17 21:49:01,954,241,75,328,449,784,785
2018-03-17 21:49:02,959,242,75,329,449,784,785
2018-03-17 21:49:03,963,243,75,330,450,784,785
2018-03-17 21:49:04,967,244,75,330,450,784,785
2018-03-17 21:49:05,972,245,75,331,450,784,785
2018-03-17 21:49:06,977,246,75,332,450,784,785
2018-03-17 21:49:07,983,247,75,332,450,784,785
2018-03-17 21:49:08,989,248,75,333,451,784,785
2018-03-17 21:49:09,992,249,75,334,451,784,785
2018-03-17 21:49:10,997,250,75,334,451,784,786
2018-03-17 21:49:11,999,251,75,335,451,784,786
2018-03-17 21:49:13,004,252,75,335,451,784,785
2018-03-17 21:49:14,005,253,75,336,452,784,785
2018-03-17 21:49:15,006,254,75,337,452,784,786
2018-03-17 21:49:16,010,255,75,337,452,784,785
2018-03-17 21:49:17,014,256,75,338,452,784,786
2018-03-17 21:49:18,018,257,75,339,453,784,786
2018-03-17 21:49:19,021,259,75,339,453,784,786
2018-03-17 21:49:20,021,260,75,340,454,784,785
2018-03-17 21:49:21,027,261,75,340,454,784,785
2018-03-17 21:49:22,028,262,75,341,454,784,785
2018-03-17 21:49:23,033,263,75,342,454,784,785
2018-03-17 21:49:24,036,264,75,342,455,784,785
2018-03-17 21:49:25,038,265,75,343,455,784,785
2018-03-17 21:49:26,043,266,75,344,455,784,786
2018-03-17 21:49:27,045,267,75,344,455,784,786
2018-03-17 21:49:28,047,268,75,345,456,784,786
2018-03-17 21:49:29,052,269,75,345,456,784,786
2018-03-17 21:49:30,054,270,75,346,456,784,786
2018-03-17 21:49:31,058,271,75,347,456,784,785
2018-03-17 21:49:32,061,272,75,347,456,784,785
2018-03-17 21:49:33,064,273,75,348,457,784,786
2018-03-17 21:49:34,067,274,75,349,457,784,786
2018-03-17 21:49:35,070,275,75,349,457,784,786
2018-03-17 21:49:36,075,276,75,350,457,784,786
2018-03-17 21:49:37,081,277,75,350,457,784,786
2018-03-17 21:49:38,084,278,75,351,458,784,786
2018-03-17 21:49:39,086,279,75,351,458,784,785
2018-03-17 21:49:40,091,280,75,352,458,784,786
2018-03-17 21:49:41,097,281,75,352,458,784,786
2018-03-17 21:49:42,101,282,75,353,459,784,786
2018-03-17 21:49:43,107,283,75,353,458,784,785
2018-03-17 21:49:44,109,284,75,354,459,784,786
2018-03-17 21:49:45,113,285,75,355,459,784,786
2018-03-17 21:49:46,118,286,75,355,459,784,785
2018-03-17 21:49:47,123,287,75,356,459,784,786
2018-03-17 21:49:48,127,288,75,356,459,784,785
2018-03-17 21:49:49,130,289,75,357,459,784,785
2018-03-17 21:49:50,135,290,75,358,460,784,786
2018-03-17 21:49:51,136,291,75,358,460,784,786
2018-03-17 21:49:52,142,292,75,359,460,784,786
2018-03-17 21:49:53,146,293,75,359,460,784,786
2018-03-17 21:49:54,152,294,75,360,461,784,785
2018-03-17 21:49:55,158,295,75,360,461,784,785
2018-03-17 21:49:56,160,296,75,361,461,784,786
2018-03-17 21:49:57,166,297,75,361,461,784,786
2018-03-17 21:49:58,168,298,75,362,462,784,786
2018-03-17 21:49:59,174,299,75,362,462,784,785
2018-03-17 21:50:00,182,300,75,363,462,784,786
2018-03-17 21:50:01,187,301,75,363,462,784,786
2018-03-17 21:50:02,197,302,75,364,463,784,786
2018-03-17 21:50:03,207,303,75,365,463,784,786
2018-03-17 21:50:04,217,304,75,365,463,784,786
2018-03-17 21:50:05,227,305,75,366,463,784,785
2018-03-17 21:50:06,237,306,75,366,463,784,785
2018-03-17 21:50:07,247,307,75,367,463,784,785
2018-03-17 21:50:08,258,308,75,367,464,784,786
2018-03-17 21:50:09,267,309,75,368,464,784,786
2018-03-17 21:50:10,278,310,75,368,464,784,786
2018-03-17 21:50:11,287,311,75,369,464,784,786
2018-03-17 21:50:12,297,312,75,369,464,784,786
2018-03-17 21:50:13,308,313,75,370,464,784,786
2018-03-17 21:50:14,317,314,75,371,465,784,786
2018-03-17 21:50:15,328,315,75,371,465,784,785
2018-03-17 21:50:16,338,316,75,372,465,784,786
2018-03-17 21:50:17,348,317,75,372,465,784,786
2018-03-17 21:50:18,358,318,75,372,466,784,786
2018-03-17 21:50:19,368,319,75,373,466,784,786
2018-03-17 21:50:20,378,320,75,374,466,784,786
2018-03-17 21:50:21,388,321,75,374,466,784,786
2018-03-17 21:50:22,398,322,75,375,466,784,786
2018-03-17 21:50:23,408,323,75,375,466,784,785
2018-03-17 21:50:24,418,324,75,376,467,784,786
2018-03-17 21:50:25,428,325,75,376,467,784,786
2018-03-17 21:50:26,438,326,75,377,467,784,786
2018-03-17 21:50:27,448,327,75,377,467,784,785
2018-03-17 21:50:28,458,328,75,378,467,784,786
2018-03-17 21:50:29,468,329,75,378,467,784,786
2018-03-17 21:50:30,478,330,75,379,468,784,786
2018-03-17 21:50:31,488,331,75,379,468,784,785
2018-03-17 21:50:32,498,332,75,380,468,784,786
2018-03-17 21:50:33,509,333,75,381,468,784,786
2018-03-17 21:50:34,519,334,75,381,468,784,786
2018-03-17 21:50:35,529,335,75,382,469,784,786
2018-03-17 21:50:36,539,336,75,382,469,784,786
2018-03-17 21:50:37,549,337,75,383,469,784,786
2018-03-17 21:50:38,559,338,75,383,469,784,786
2018-03-17 21:50:39,569,339,75,384,469,784,786
2018-03-17 21:50:40,579,340,75,384,469,784,786
2018-03-17 21:50:41,589,341,75,385,470,784,786
2018-03-17 21:50:42,599,342,75,385,470,784,786
2018-03-17 21:50:43,609,343,75,386,470,784,786
2018-03-17 21:50:44,620,344,75,386,470,784,785
2018-03-17 21:50:45,629,345,75,387,470,784,786
2018-03-17 21:50:46,639,346,75,387,470,784,786
2018-03-17 21:50:47,649,347,75,388,470,784,786
2018-03-17 21:50:48,659,348,75,388,470,784,786
2018-03-17 21:50:49,669,349,75,389,470,784,786
2018-03-17 21:50:50,679,350,75,389,470,784,786
2018-03-17 21:50:51,689,351,75,390,471,784,785
2018-03-17 21:50:52,699,352,75,390,471,784,786
2018-03-17 21:50:53,709,353,75,391,471,784,786
2018-03-17 21:50:54,719,354,75,391,471,784,786
2018-03-17 21:50:55,729,355,75,392,471,784,786
2018-03-17 21:50:56,740,356,75,392,471,784,785
2018-03-17 21:50:57,750,357,75,393,471,784,786
2018-03-17 21:50:58,760,358,75,393,471,784,785
2018-03-17 21:50:59,770,359,75,394,471,784,786
2018-03-17 21:51:00,780,360,75,394,471,784,786
2018-03-17 21:51:01,790,361,75,395,471,784,786
2018-03-17 21:51:02,799,362,75,395,471,784,785
2018-03-17 21:51:03,810,363,75,396,471,784,786
2018-03-17 21:51:04,820,364,75,396,471,784,786
2018-03-17 21:51:05,830,365,75,396,471,784,786
2018-03-17 21:51:06,840,366,75,397,472,784,786
2018-03-17 21:51:07,850,367,75,397,472,784,786
2018-03-17 21:51:08,860,368,75,398,472,784,786
2018-03-17 21:51:09,870,369,75,398,472,784,786
2018-03-17 21:51:10,880,370,75,399,472,784,785
2018-03-17 21:51:11,890,371,75,399,472,784,786
2018-03-17 21:51:12,899,372,75,400,472,784,785
2018-03-17 21:51:13,901,373,75,400,472,784,786
2018-03-17 21:51:14,909,374,75,401,472,784,786
2018-03-17 21:51:15,918,375,75,401,472,784,786
2018-03-17 21:51:16,929,376,75,402,473,784,786
2018-03-17 21:51:17,939,377,75,402,472,784,786
2018-03-17 21:51:18,948,378,75,403,473,784,786
2018-03-17 21:51:19,959,379,75,403,473,784,786
2018-03-17 21:51:20,969,380,75,404,473,784,786
2018-03-17 21:51:21,979,381,75,404,473,784,785
2018-03-17 21:51:22,989,382,75,405,473,784,786
2018-03-17 21:51:23,999,383,75,405,473,784,786
2018-03-17 21:51:25,009,384,75,405,472,784,786
2018-03-17 21:51:26,019,386,75,406,472,784,786
2018-03-17 21:51:27,029,387,75,406,473,784,786
2018-03-17 21:51:28,039,388,75,407,473,784,786
2018-03-17 21:51:29,049,389,75,407,473,784,785
2018-03-17 21:51:30,060,390,75,408,473,784,786
2018-03-17 21:51:31,069,391,75,408,473,784,785
2018-03-17 21:51:32,079,392,75,409,473,784,786
2018-03-17 21:51:33,090,393,75,409,473,784,786
2018-03-17 21:51:34,099,394,75,409,473,784,786
2018-03-17 21:51:35,109,395,75,410,473,784,786
2018-03-17 21:51:36,119,396,75,410,473,784,786
2018-03-17 21:51:37,129,397,75,411,473,784,786
2018-03-17 21:51:38,140,398,75,411,473,784,786
2018-03-17 21:51:39,149,399,75,411,473,784,786
2018-03-17 21:51:40,160,400,75,412,473,784,786
2018-03-17 21:51:41,170,401,75,412,473,784,786
2018-03-17 21:51:42,179,402,75,413,474,784,786
2018-03-17 21:51:43,190,403,75,413,474,784,785
2018-03-17 21:51:44,200,404,75,414,474,784,786
2018-03-17 21:51:45,210,405,75,414,474,784,786
2018-03-17 21:51:46,219,406,75,415,474,784,786
2018-03-17 21:51:47,230,407,75,415,474,784,786
2018-03-17 21:51:48,240,408,75,415,473,784,786
2018-03-17 21:51:49,250,409,75,416,472,784,786
2018-03-17 21:51:50,260,410,75,416,472,784,786
2018-03-17 21:51:51,270,411,75,417,473,784,786
2018-03-17 21:51:52,280,412,75,417,473,784,786
2018-03-17 21:51:53,291,413,75,418,473,784,786
2018-03-17 21:51:54,300,414,75,418,473,784,786
2018-03-17 21:51:55,310,415,75,418,474,784,786
2018-03-17 21:51:56,320,416,75,419,474,784,786
2018-03-17 21:51:57,331,417,75,419,474,784,786
2018-03-17 21:51:58,340,418,75,419,474,784,786
2018-03-17 21:51:59,350,419,75,420,474,784,786
2018-03-17 21:52:00,360,420,75,420,474,784,786
2018-03-17 21:52:01,370,421,75,421,474,784,785
2018-03-17 21:52:02,380,422,75,421,475,784,786
2018-03-17 21:52:03,391,423,75,422,475,784,786
2018-03-17 21:52:04,401,424,75,422,475,784,786
2018-03-17 21:52:05,411,425,75,422,475,784,786
2018-03-17 21:52:06,421,426,75,423,475,784,786
2018-03-17 21:52:07,431,427,75,423,475,784,786
2018-03-17 21:52:08,441,428,75,424,475,784,785
2018-03-17 21:52:09,451,429,75,424,475,784,786
2018-03-17 21:52:10,461,430,75,424,476,784,786
2018-03-17 21:52:11,471,431,75,425,476,784,786
2018-03-17 21:52:12,481,432,75,425,476,784,786
2018-03-17 21:52:13,490,433,75,425,476,784,786
2018-03-17 21:52:14,501,434,75,426,476,784,786
2018-03-17 21:52:15,511,435,75,426,476,784,786
2018-03-17 21:52:16,521,436,75,427,477,784,786
2018-03-17 21:52:17,531,437,75,427,477,784,786
2018-03-17 21:52:18,541,438,75,428,477,784,786
2018-03-17 21:52:19,551,439,75,428,477,784,786
2018-03-17 21:52:20,561,440,75,428,477,784,786
2018-03-17 21:52:21,571,441,75,429,477,784,786
2018-03-17 21:52:22,581,442,75,429,477,784,785
2018-03-17 21:52:23,591,443,75,430,477,784,786
2018-03-17 21:52:24,602,444,75,430,477,784,786
2018-03-17 21:52:25,611,445,75,430,478,784,786
2018-03-17 21:52:26,622,446,75,431,477,784,786
2018-03-17 21:52:27,632,447,75,431,478,784,786
2018-03-17 21:52:28,641,448,75,432,478,784,786
2018-03-17 21:52:29,652,449,75,432,478,784,786
2018-03-17 21:52:30,662,450,75,432,478,784,786
2018-03-17 21:52:31,672,451,75,433,478,784,785
2018-03-17 21:52:32,682,452,75,433,478,784,786
2018-03-17 21:52:33,692,453,75,434,479,784,786
2018-03-17 21:52:34,702,454,75,434,479,784,786
2018-03-17 21:52:35,712,455,75,434,479,784,786
2018-03-17 21:52:36,722,456,75,435,479,784,786
2018-03-17 21:52:37,732,457,75,435,479,784,786
2018-03-17 21:52:38,742,458,75,436,479,784,786
2018-03-17 21:52:39,752,459,75,436,479,784,786
2018-03-17 21:52:40,762,460,75,436,479,784,786
2018-03-17 21:52:41,772,461,75,437,480,784,786
2018-03-17 21:52:42,782,462,75,437,480,784,786
2018-03-17 21:52:43,792,463,75,437,480,784,786
2018-03-17 21:52:44,802,464,75,438,480,784,786
2018-03-17 21:52:45,812,465,75,438,480,784,786
2018-03-17 21:52:46,814,466,75,439,480,784,786
2018-03-17 21:52:47,817,467,75,439,481,784,786
2018-03-17 21:52:48,819,468,75,439,481,784,786
2018-03-17 21:52:49,820,469,75,440,481,784,785
2018-03-17 21:52:50,828,470,75,440,481,784,786
2018-03-17 21:52:51,837,471,75,440,481,784,785
2018-03-17 21:52:52,838,472,75,441,481,784,786
2018-03-17 21:52:53,846,473,75,441,481,784,786
2018-03-17 21:52:54,857,474,75,442,482,784,786
2018-03-17 21:52:55,866,475,75,442,482,784,786
2018-03-17 21:52:56,876,476,75,442,482,784,786
2018-03-17 21:52:57,886,477,75,443,482,784,786
2018-03-17 21:52:58,897,478,75,443,482,784,786
2018-03-17 21:52:59,907,479,75,443,482,784,785
2018-03-17 21:53:00,917,480,75,444,482,784,786
2018-03-17 21:53:01,926,481,75,444,482,784,786
2018-03-17 21:53:02,937,482,75,445,482,784,785
2018-03-17 21:53:03,947,483,75,445,482,784,786
2018-03-17 21:53:04,957,484,75,445,482,784,786
2018-03-17 21:53:05,967,485,75,446,482,784,786
2018-03-17 21:53:06,977,486,75,446,482,784,785
2018-03-17 21:53:07,987,487,75,446,482,784,786
2018-03-17 21:53:08,997,488,75,447,482,784,786
2018-03-17 21:53:10,007,489,75,447,482,784,786
2018-03-17 21:53:11,017,490,75,447,482,784,786
2018-03-17 21:53:12,026,492,75,448,483,784,786
2018-03-17 21:53:13,037,493,75,448,483,784,786
2018-03-17 21:53:14,047,494,75,449,483,784,786
2018-03-17 21:53:15,055,495,75,449,483,784,786
2018-03-17 21:53:16,056,496,75,449,483,784,786
2018-03-17 21:53:17,065,497,75,450,483,784,786
2018-03-17 21:53:18,075,498,75,450,483,784,785
2018-03-17 21:53:19,085,499,75,451,483,784,786
2018-03-17 21:53:20,095,500,75,451,484,784,786
2018-03-17 21:53:21,105,501,75,451,484,784,786
2018-03-17 21:53:22,115,502,75,452,484,784,786
2018-03-17 21:53:23,125,503,75,452,484,784,786
2018-03-17 21:53:24,136,504,75,453,484,784,786
2018-03-17 21:53:25,146,505,75,453,484,784,786
2018-03-17 21:53:26,155,506,75,453,484,784,786
2018-03-17 21:53:27,166,507,75,454,485,784,786
2018-03-17 21:53:28,176,508,75,454,485,784,786
2018-03-17 21:53:29,186,509,75,455,485,784,786
2018-03-17 21:53:30,196,510,75,455,485,784,786
2018-03-17 21:53:31,206,511,75,455,485,784,786
2018-03-17 21:53:32,216,512,75,456,485,784,786
2018-03-17 21:53:33,226,513,75,456,486,784,786
2018-03-17 21:53:34,236,514,75,456,486,784,786
2018-03-17 21:53:35,246,515,75,457,486,784,786
2018-03-17 21:53:36,256,516,75,457,486,784,786
2018-03-17 21:53:37,266,517,75,458,486,784,785
2018-03-17 21:53:38,276,518,75,458,486,784,786
2018-03-17 21:53:39,286,519,75,458,486,784,785
2018-03-17 21:53:40,296,520,75,459,486,784,786
2018-03-17 21:53:41,307,521,75,459,486,784,786
2018-03-17 21:53:42,316,522,75,460,486,784,786
2018-03-17 21:53:43,327,523,75,460,486,784,786
2018-03-17 21:53:44,337,524,75,460,486,784,786
2018-03-17 21:53:45,347,525,75,461,486,784,785
2018-03-17 21:53:46,357,526,75,461,487,784,785
2018-03-17 21:53:47,367,527,75,461,487,784,785
2018-03-17 21:53:48,377,528,75,462,487,784,785
2018-03-17 21:53:49,387,529,75,462,487,784,786
2018-03-17 21:53:50,397,530,75,463,487,784,786
2018-03-17 21:53:51,407,531,75,463,487,784,785
2018-03-17 21:53:52,417,532,75,463,487,784,785
2018-03-17 21:53:53,427,533,75,464,487,784,785
2018-03-17 21:53:54,437,534,75,464,488,784,785
2018-03-17 21:53:55,447,535,75,464,488,784,786
2018-03-17 21:53:56,458,536,75,465,488,784,785
2018-03-17 21:53:57,467,537,75,465,488,784,785
2018-03-17 21:53:58,477,538,75,466,488,784,786
2018-03-17 21:53:59,487,539,75,466,488,784,786
2018-03-17 21:54:00,497,540,75,466,488,784,786
2018-03-17 21:54:01,507,541,75,467,488,784,785
2018-03-17 21:54:02,517,542,75,467,489,784,785
2018-03-17 21:54:03,527,543,75,468,489,784,786
2018-03-17 21:54:04,537,544,75,468,489,784,786
2018-03-17 21:54:05,547,545,75,468,489,784,786
2018-03-17 21:54:06,558,546,75,469,489,784,786
2018-03-17 21:54:07,568,547,75,469,489,784,786
2018-03-17 21:54:08,578,548,75,469,489,784,785
2018-03-17 21:54:09,588,549,75,470,490,784,786
2018-03-17 21:54:10,598,550,75,470,490,784,786
2018-03-17 21:54:11,608,551,75,471,490,784,786
2018-03-17 21:54:12,618,552,75,471,490,784,785
2018-03-17 21:54:13,628,553,75,472,491,784,785
2018-03-17 21:54:14,638,554,75,472,491,784,785
2018-03-17 21:54:15,648,555,75,472,491,784,785
2018-03-17 21:54:16,657,556,75,472,491,784,786
2018-03-17 21:54:17,668,557,75,473,491,784,786
2018-03-17 21:54:18,678,558,75,473,491,784,785
2018-03-17 21:54:19,688,559,75,474,492,784,786
2018-03-17 21:54:20,698,560,75,474,492,784,786
2018-03-17 21:54:21,708,561,75,475,492,784,785
2018-03-17 21:54:22,718,562,75,475,492,784,786
2018-03-17 21:54:23,728,563,75,475,492,784,785
2018-03-17 21:54:24,738,564,75,476,493,784,785
2018-03-17 21:54:25,748,565,75,476,493,784,785
2018-03-17 21:54:26,758,566,75,477,493,784,786
2018-03-17 21:54:27,768,567,75,477,493,784,786
2018-03-17 21:54:28,778,568,75,477,493,784,786
2018-03-17 21:54:29,789,569,75,478,493,784,785
2018-03-17 21:54:30,799,570,75,478,493,784,785
2018-03-17 21:54:31,809,571,75,478,493,784,785
2018-03-17 21:54:32,819,572,75,479,494,784,786
2018-03-17 21:54:33,829,573,75,479,494,784,785
2018-03-17 21:54:34,839,574,75,480,494,784,785
2018-03-17 21:54:35,849,575,75,480,494,784,785
2018-03-17 21:54:36,859,576,75,480,494,784,785
2018-03-17 21:54:37,869,577,75,481,495,784,785
2018-03-17 21:54:38,879,578,75,481,495,784,786
2018-03-17 21:54:39,889,579,75,482,495,784,785
2018-03-17 21:54:40,899,580,75,482,495,784,785
2018-03-17 21:54:41,909,581,75,482,495,784,785
2018-03-17 21:54:42,919,582,75,483,495,784,786
2018-03-17 21:54:43,929,583,75,483,495,784,785
2018-03-17 21:54:44,939,584,75,484,496,784,786
2018-03-17 21:54:45,949,585,75,484,496,784,785
2018-03-17 21:54:46,959,586,75,484,496,784,785
2018-03-17 21:54:47,969,587,75,485,496,784,785
2018-03-17 21:54:48,979,588,75,485,497,784,786
2018-03-17 21:54:49,990,589,75,486,497,784,786
2018-03-17 21:54:50,999,590,75,486,497,784,785
2018-03-17 21:54:52,010,591,75,486,497,784,785
2018-03-17 21:54:53,020,593,75,487,498,784,786
2018-03-17 21:54:54,029,594,75,487,498,784,785
2018-03-17 21:54:55,039,595,75,488,498,784,785
2018-03-17 21:54:56,050,596,75,488,498,784,785
2018-03-17 21:54:57,059,597,75,488,499,784,785
2018-03-17 21:54:58,070,598,75,489,499,784,785
2018-03-17 21:54:59,080,599,75,489,499,784,786
2018-03-17 21:55:00,090,600,75,490,499,784,785
2018-03-17 21:55:01,100,601,75,490,499,784,786
2018-03-17 21:55:02,110,602,75,491,499,784,785
2018-03-17 21:55:03,120,603,75,491,499,784,786
2018-03-17 21:55:04,130,604,75,491,498,784,785
2018-03-17 21:55:05,131,605,75,492,499,784,785
2018-03-17 21:55:06,132,606,75,492,499,784,785
2018-03-17 21:55:07,138,607,75,493,499,784,785
2018-03-17 21:55:08,145,608,75,493,500,784,785
2018-03-17 21:55:09,147,609,75,493,499,784,785
2018-03-17 21:55:10,148,610,75,494,499,784,785
2018-03-17 21:55:11,152,611,75,494,499,784,785
2018-03-17 21:55:12,158,612,75,495,499,784,785
2018-03-17 21:55:13,162,613,75,495,500,784,785
2018-03-17 21:55:14,163,614,75,496,500,784,786
2018-03-17 21:55:15,165,615,75,496,500,784,785
2018-03-17 21:55:16,169,616,75,497,501,784,785
2018-03-17 21:55:17,173,617,75,497,501,784,785
2018-03-17 21:55:18,178,618,75,498,502,784,785
2018-03-17 21:55:19,179,619,75,498,502,784,785
2018-03-17 21:55:20,185,620,75,498,503,784,785
2018-03-17 21:55:21,188,621,75,499,503,784,786
2018-03-17 21:55:22,194,622,75,500,504,784,786
2018-03-17 21:55:23,198,623,75,500,504,784,785
2018-03-17 21:55:24,203,624,75,500,504,784,785
2018-03-17 21:55:25,204,625,75,500,504,784,785
2018-03-17 21:55:26,209,626,75,501,504,784,786
2018-03-17 21:55:27,212,627,75,501,504,784,785
2018-03-17 21:55:28,214,628,75,502,505,784,786
2018-03-17 21:55:29,218,629,75,502,505,784,785
2018-03-17 21:55:30,222,630,75,503,505,784,786
2018-03-17 21:55:31,227,631,75,503,505,784,786
2018-03-17 21:55:32,229,632,75,503,505,784,786
2018-03-17 21:55:33,234,633,75,504,506,784,786
2018-03-17 21:55:34,240,634,75,504,506,784,785
2018-03-17 21:55:35,244,635,75,505,506,784,785
2018-03-17 21:55:36,248,636,75,505,506,784,785
2018-03-17 21:55:37,252,637,75,506,506,784,785
2018-03-17 21:55:38,255,638,75,506,506,784,785
2018-03-17 21:55:39,259,639,75,507,506,784,785
2018-03-17 21:55:40,261,640,75,507,506,784,785
2018-03-17 21:55:41,262,641,75,507,506,784,785
2018-03-17 21:55:42,268,642,75,507,506,784,785
2018-03-17 21:55:43,273,643,75,508,506,784,785
2018-03-17 21:55:44,276,644,75,508,506,784,785
2018-03-17 21:55:45,282,645,75,509,506,784,785
2018-03-17 21:55:46,284,646,75,509,506,784,785
2018-03-17 21:55:47,289,647,75,509,506,784,785
2018-03-17 21:55:48,293,648,75,510,506,784,785
2018-03-17 21:55:49,297,649,75,510,506,784,785
2018-03-17 21:55:50,301,650,75,511,506,784,785
2018-03-17 21:55:51,303,651,75,511,506,784,785
2018-03-17 21:55:52,309,652,75,511,506,784,786
2018-03-17 21:55:53,311,653,75,512,505,784,786
2018-03-17 21:55:54,312,654,75,512,505,784,785
2018-03-17 21:55:55,317,655,75,512,505,784,785
2018-03-17 21:55:56,319,656,75,513,504,784,785
2018-03-17 21:55:57,324,657,75,513,503,784,785
2018-03-17 21:55:58,329,658,75,513,502,784,785
2018-03-17 21:55:59,334,659,75,514,501,784,785
2018-03-17 21:56:00,340,660,75,514,500,784,785
2018-03-17 21:56:01,342,661,75,514,498,784,785
2018-03-17 21:56:02,348,662,75,515,496,784,785
2018-03-17 21:56:03,351,663,75,515,495,784,785
2018-03-17 21:56:04,356,664,75,515,494,784,785
2018-03-17 21:56:05,359,665,75,515,492,784,785
2018-03-17 21:56:06,365,666,75,515,491,784,785
2018-03-17 21:56:07,368,667,75,516,490,784,785
2018-03-17 21:56:08,372,668,75,516,489,784,785
2018-03-17 21:56:09,376,669,75,516,488,784,785
2018-03-17 21:56:10,378,670,75,516,487,784,785
2018-03-17 21:56:11,383,671,75,516,486,784,785
2018-03-17 21:56:12,385,672,75,517,485,784,785
2018-03-17 21:56:13,388,673,75,517,484,784,785
2018-03-17 21:56:14,392,674,75,517,483,784,786
2018-03-17 21:56:15,394,675,75,517,483,784,785
2018-03-17 21:56:16,399,676,75,517,482,784,785
2018-03-17 21:56:17,402,677,75,518,481,784,785
2018-03-17 21:56:18,407,678,75,518,480,784,785
2018-03-17 21:56:19,409,679,75,518,479,784,785
2018-03-17 21:56:20,411,680,75,518,479,784,785
2018-03-17 21:56:21,415,681,75,518,478,784,785
2018-03-17 21:56:22,420,682,75,518,477,784,785
2018-03-17 21:56:23,425,683,75,519,477,784,785
2018-03-17 21:56:24,426,684,75,519,476,784,785
2018-03-17 21:56:25,431,685,75,519,475,784,786
2018-03-17 21:56:26,435,686,75,519,475,784,785
2018-03-17 21:56:27,438,687,75,519,474,784,785
2018-03-17 21:56:28,441,688,75,519,474,784,785
2018-03-17 21:56:29,443,689,75,520,473,784,785
2018-03-17 21:56:30,448,690,75,520,473,784,785
2018-03-17 21:56:31,454,691,75,520,472,784,785
2018-03-17 21:56:32,456,692,75,520,472,784,785
2018-03-17 21:56:33,462,693,75,520,472,784,785
2018-03-17 21:56:34,465,694,75,520,471,784,785
2018-03-17 21:56:35,471,695,75,520,471,784,785
2018-03-17 21:56:36,473,696,75,520,470,784,785
2018-03-17 21:56:37,475,697,75,521,470,784,785
2018-03-17 21:56:38,480,698,75,521,469,784,785
2018-03-17 21:56:39,484,699,75,521,469,784,785
2018-03-17 21:56:40,489,700,75,521,468,784,785
2018-03-17 21:56:41,490,701,75,521,468,784,785
2018-03-17 21:56:42,493,702,75,521,468,784,785
2018-03-17 21:56:43,497,703,75,521,467,784,785
2018-03-17 21:56:44,502,704,75,521,467,784,785
2018-03-17 21:56:45,506,705,75,521,466,784,785
2018-03-17 21:56:46,511,706,75,521,466,784,785
2018-03-17 21:56:47,514,707,75,521,466,784,785
2018-03-17 21:56:48,515,708,75,521,465,784,785
2018-03-17 21:56:49,521,709,75,522,465,784,785
2018-03-17 21:56:50,526,710,76,522,465,784,785
2018-03-17 21:56:51,531,711,75,522,464,784,785
2018-03-17 21:56:52,535,712,75,522,464,784,785
2018-03-17 21:56:53,539,713,75,522,464,784,785
2018-03-17 21:56:54,540,714,75,522,463,784,785
2018-03-17 21:56:55,544,715,75,522,463,784,785
2018-03-17 21:56:56,547,716,75,522,463,784,785
2018-03-17 21:56:57,547,717,75,522,462,784,785
2018-03-17 21:56:58,553,718,75,522,462,784,785
2018-03-17 21:56:59,555,719,75,522,462,784,785
2018-03-17 21:57:00,561,720,75,522,461,784,785
2018-03-17 21:57:01,562,721,75,522,461,784,785
2018-03-17 21:57:02,563,722,75,522,461,784,785
2018-03-17 21:57:03,569,723,75,522,460,784,785
2018-03-17 21:57:04,571,724,75,522,460,784,785
2018-03-17 21:57:05,577,725,75,523,460,784,785
2018-03-17 21:57:06,583,726,75,522,460,784,785
2018-03-17 21:57:07,587,727,75,523,460,784,785
2018-03-17 21:57:08,590,728,75,523,460,784,785
2018-03-17 21:57:09,595,729,75,523,459,784,785
2018-03-17 21:57:10,596,730,75,523,459,784,785
2018-03-17 21:57:11,601,731,75,523,460,784,785
2018-03-17 21:57:12,603,732,75,523,461,784,785
2018-03-17 21:57:13,605,733,75,523,462,784,785
2018-03-17 21:57:14,610,734,75,523,462,784,785
2018-03-17 21:57:15,612,735,75,523,463,784,785
2018-03-17 21:57:16,615,736,75,523,464,784,785
2018-03-17 21:57:17,618,737,75,523,465,784,785
2018-03-17 21:57:18,621,738,75,523,465,784,785
2018-03-17 21:57:19,626,739,75,523,466,784,785
2018-03-17 21:57:20,627,740,75,523,466,784,785
2018-03-17 21:57:21,629,741,75,523,467,784,785
2018-03-17 21:57:22,633,742,75,523,467,784,785
2018-03-17 21:57:23,638,743,75,524,468,784,785
2018-03-17 21:57:24,642,744,76,524,468,784,785
2018-03-17 21:57:25,644,745,75,524,469,784,785
2018-03-17 21:57:26,650,746,76,524,469,784,785
2018-03-17 21:57:27,655,747,75,524,470,784,785
2018-03-17 21:57:28,659,748,75,524,470,784,785
2018-03-17 21:57:29,662,749,75,524,470,784,785
2018-03-17 21:57:30,666,750,75,524,471,784,785
2018-03-17 21:57:31,670,751,75,525,471,784,785
2018-03-17 21:57:32,676,752,75,525,471,784,785
2018-03-17 21:57:33,679,753,75,525,472,784,785
2018-03-17 21:57:34,683,754,75,525,472,784,785
2018-03-17 21:57:35,684,755,75,525,472,784,785
2018-03-17 21:57:36,684,756,75,525,472,784,785
2018-03-17 21:57:37,690,757,75,525,473,784,785
2018-03-17 21:57:38,690,758,75,525,473,784,785
2018-03-17 21:57:39,690,759,75,526,473,784,785
2018-03-17 21:57:40,697,760,75,526,473,784,785
2018-03-17 21:57:41,701,761,75,526,474,784,785
2018-03-17 21:57:42,707,762,75,526,474,784,785
2018-03-17 21:57:43,713,763,75,526,474,784,785
2018-03-17 21:57:44,716,764,75,526,474,784,785
2018-03-17 21:57:45,720,765,75,526,474,784,785
2018-03-17 21:57:46,724,766,76,526,474,784,785
2018-03-17 21:57:47,727,767,76,527,474,784,785
2018-03-17 21:57:48,733,768,75,527,474,784,785
2018-03-17 21:57:49,739,769,75,527,475,784,785
2018-03-17 21:57:50,741,770,75,527,475,784,785
2018-03-17 21:57:51,746,771,76,527,475,784,785
2018-03-17 21:57:52,750,772,75,527,475,784,785
2018-03-17 21:57:53,755,773,75,527,475,784,785
2018-03-17 21:57:54,758,774,75,527,475,784,785
2018-03-17 21:57:55,763,775,76,528,475,784,785
2018-03-17 21:57:56,766,776,75,528,475,784,785
2018-03-17 21:57:57,770,777,75,528,475,784,785
2018-03-17 21:57:58,775,778,76,528,475,784,785
2018-03-17 21:57:59,778,779,76,528,476,784,785
2018-03-17 21:58:00,782,780,75,528,476,784,785
2018-03-17 21:58:01,786,781,75,528,476,784,785
2018-03-17 21:58:02,792,782,75,529,476,784,785
2018-03-17 21:58:03,798,783,75,529,476,784,785
2018-03-17 21:58:04,800,784,75,529,476,784,785
2018-03-17 21:58:05,801,785,75,529,476,784,785
2018-03-17 21:58:06,807,786,75,529,476,784,785
2018-03-17 21:58:07,810,787,75,529,476,784,785
2018-03-17 21:58:08,816,788,75,529,476,784,785
2018-03-17 21:58:09,822,789,75,529,476,784,785
2018-03-17 21:58:10,826,790,75,530,476,784,785
2018-03-17 21:58:11,829,791,75,530,476,784,785
2018-03-17 21:58:12,834,792,76,530,476,784,785
2018-03-17 21:58:13,836,793,75,530,476,784,785
2018-03-17 21:58:14,841,794,75,530,476,784,785
2018-03-17 21:58:15,846,795,76,531,476,784,785
2018-03-17 21:58:16,851,796,75,531,476,784,785
2018-03-17 21:58:17,852,797,75,531,476,784,785
2018-03-17 21:58:18,857,798,75,531,476,784,785
2018-03-17 21:58:19,858,799,76,531,476,784,785
2018-03-17 21:58:20,861,800,76,531,476,784,785
2018-03-17 21:58:21,867,801,75,531,476,784,785
2018-03-17 21:58:22,871,802,75,532,476,784,785
2018-03-17 21:58:23,875,803,76,532,476,784,785
2018-03-17 21:58:24,881,804,75,532,476,784,785
2018-03-17 21:58:25,884,805,76,532,475,784,785
2018-03-17 21:58:26,886,806,76,532,475,784,785
2018-03-17 21:58:27,891,807,75,532,475,784,785
2018-03-17 21:58:28,896,808,75,532,475,784,785
2018-03-17 21:58:29,901,809,75,532,474,784,785
2018-03-17 21:58:30,905,810,75,533,474,784,785
2018-03-17 21:58:31,909,811,75,533,474,784,785
2018-03-17 21:58:32,915,812,76,533,474,784,785
2018-03-17 21:58:33,917,813,75,533,474,784,785
2018-03-17 21:58:34,921,814,76,533,474,784,785
2018-03-17 21:58:35,926,815,75,533,474,784,785
2018-03-17 21:58:36,927,816,76,534,474,784,785
2018-03-17 21:58:37,933,817,75,534,473,784,785
2018-03-17 21:58:38,939,818,75,534,473,784,785
2018-03-17 21:58:39,943,819,75,534,473,784,785
2018-03-17 21:58:40,949,820,76,534,473,784,785
2018-03-17 21:58:41,951,821,75,534,473,784,785
2018-03-17 21:58:42,955,822,75,534,473,784,785
2018-03-17 21:58:43,958,823,75,534,473,784,785
2018-03-17 21:58:44,961,824,75,535,473,784,785
2018-03-17 21:58:45,966,825,75,535,473,784,785
2018-03-17 21:58:46,968,826,75,535,473,784,785
2018-03-17 21:58:47,974,827,75,535,473,784,785
2018-03-17 21:58:48,975,828,75,535,473,784,785
2018-03-17 21:58:49,981,829,75,535,472,784,785
2018-03-17 21:58:50,983,830,75,535,472,784,785
2018-03-17 21:58:51,988,831,75,535,472,784,785
2018-03-17 21:58:52,992,832,75,536,472,784,785
2018-03-17 21:58:53,996,833,75,536,472,784,785
2018-03-17 21:58:55,001,834,75,536,472,784,785
2018-03-17 21:58:56,002,835,76,536,472,784,785
2018-03-17 21:58:57,005,836,75,536,472,784,785
2018-03-17 21:58:58,007,837,75,536,472,784,785
2018-03-17 21:58:59,009,838,75,537,472,784,785
2018-03-17 21:59:00,014,839,75,537,472,784,785
2018-03-17 21:59:01,017,840,75,537,472,784,785
2018-03-17 21:59:02,023,842,75,537,472,784,785
2018-03-17 21:59:03,029,843,76,537,472,784,785
2018-03-17 21:59:04,032,844,76,537,472,784,785
2018-03-17 21:59:05,037,845,76,538,472,784,785
2018-03-17 21:59:06,041,846,75,538,472,784,785
2018-03-17 21:59:07,047,847,75,538,472,784,785
2018-03-17 21:59:08,050,848,75,538,471,784,785
2018-03-17 21:59:09,056,849,75,538,470,784,785
2018-03-17 21:59:10,058,850,76,538,469,784,785
2018-03-17 21:59:11,064,851,75,538,468,784,785
2018-03-17 21:59:12,067,852,76,538,467,784,785
2018-03-17 21:59:13,068,853,76,539,466,784,785
2018-03-17 21:59:14,074,854,76,539,465,784,785
2018-03-17 21:59:15,077,855,76,539,464,784,785
2018-03-17 21:59:16,082,856,75,539,463,784,785
2018-03-17 21:59:17,088,857,75,539,462,784,785
2018-03-17 21:59:18,092,858,76,539,461,784,785
2018-03-17 21:59:19,098,859,75,539,461,784,785
2018-03-17 21:59:20,101,860,75,539,460,784,785
2018-03-17 21:59:21,106,861,76,539,460,784,785
2018-03-17 21:59:22,109,862,76,539,459,784,785
2018-03-17 21:59:23,111,863,76,539,458,784,785
2018-03-17 21:59:24,116,864,75,539,457,784,785
2018-03-17 21:59:25,119,865,76,539,457,784,785
2018-03-17 21:59:26,125,866,75,539,457,784,785
2018-03-17 21:59:27,131,867,75,539,456,784,785
2018-03-17 21:59:28,134,868,75,539,456,784,785
2018-03-17 21:59:29,139,869,75,540,456,784,785
2018-03-17 21:59:30,143,870,75,539,455,784,785
2018-03-17 21:59:31,146,871,75,540,455,784,785
2018-03-17 21:59:32,150,872,75,540,454,784,785
2018-03-17 21:59:33,151,873,76,540,454,784,785
2018-03-17 21:59:34,156,874,76,540,453,784,785
2018-03-17 21:59:35,158,875,76,540,453,784,785
2018-03-17 21:59:36,159,876,76,540,452,784,785
2018-03-17 21:59:37,161,877,76,540,452,784,785
2018-03-17 21:59:38,165,878,75,540,452,784,785
2018-03-17 21:59:39,167,879,76,540,451,784,785
2018-03-17 21:59:40,173,880,76,540,451,784,785
2018-03-17 21:59:41,173,881,76,539,451,784,785
