2017-03-26 20:48:53,293,coffee,datetime,ms,seconds,ambient_temp,thermocouple_0_temp,thermocouple_1_temp,thermocouple_2_temp,thermocouple_3_temp
2017-03-26 20:48:55,345,2,80,516,443,783,784
2017-03-26 20:48:56,348,3,80,508,438,783,783
2017-03-26 20:48:57,352,4,80,498,433,783,784
2017-03-26 20:48:58,356,5,80,485,427,783,784
2017-03-26 20:48:59,361,6,80,473,421,783,784
2017-03-26 20:49:00,362,7,80,461,418,783,784
2017-03-26 20:49:01,366,8,80,449,415,783,784
2017-03-26 20:49:02,371,9,80,439,412,783,784
2017-03-26 20:49:03,373,10,80,428,409,783,784
2017-03-26 20:49:04,377,11,80,419,407,783,784
2017-03-26 20:49:05,377,12,80,409,405,783,784
2017-03-26 20:49:06,381,13,80,400,403,783,784
2017-03-26 20:49:07,384,14,80,391,401,783,783
2017-03-26 20:49:08,387,15,80,383,399,783,784
2017-03-26 20:49:09,392,16,80,374,397,783,784
2017-03-26 20:49:10,395,17,80,366,395,783,784
2017-03-26 20:49:11,401,18,80,359,393,783,784
2017-03-26 20:49:12,403,19,80,352,392,783,784
2017-03-26 20:49:13,405,20,80,345,390,783,784
2017-03-26 20:49:14,408,21,80,338,389,783,784
2017-03-26 20:49:15,413,22,80,331,388,783,784
2017-03-26 20:49:16,416,23,80,325,386,783,784
2017-03-26 20:49:17,422,24,80,320,385,783,784
2017-03-26 20:49:18,427,25,80,314,384,783,784
2017-03-26 20:49:19,432,26,80,309,383,783,784
2017-03-26 20:49:20,433,27,80,304,382,783,784
2017-03-26 20:49:21,439,28,80,299,380,783,784
2017-03-26 20:49:22,442,29,80,295,379,783,784
2017-03-26 20:49:23,442,30,80,291,378,783,784
2017-03-26 20:49:24,448,31,80,286,377,783,784
2017-03-26 20:49:25,454,32,80,282,377,783,784
2017-03-26 20:49:26,459,33,80,278,376,783,784
2017-03-26 20:49:27,462,34,80,275,375,783,784
2017-03-26 20:49:28,467,35,80,271,374,783,784
2017-03-26 20:49:29,471,36,80,268,373,783,784
2017-03-26 20:49:30,476,37,80,264,373,783,784
2017-03-26 20:49:31,476,38,80,261,372,783,784
2017-03-26 20:49:32,477,39,80,258,371,783,784
2017-03-26 20:49:33,482,40,80,255,371,783,784
2017-03-26 20:49:34,484,41,80,252,370,783,784
2017-03-26 20:49:35,487,42,80,250,370,783,784
2017-03-26 20:49:36,490,43,80,247,369,783,784
2017-03-26 20:49:37,495,44,80,245,369,783,784
2017-03-26 20:49:38,498,45,80,243,368,783,784
2017-03-26 20:49:39,504,46,80,241,368,783,784
2017-03-26 20:49:40,506,47,80,239,368,783,784
2017-03-26 20:49:41,512,48,80,237,367,783,784
2017-03-26 20:49:42,515,49,80,235,367,783,784
2017-03-26 20:49:43,521,50,80,233,367,783,784
2017-03-26 20:49:44,523,51,80,232,366,783,784
2017-03-26 20:49:45,525,52,80,230,366,783,784
2017-03-26 20:49:46,531,53,80,229,366,783,784
2017-03-26 20:49:47,535,54,80,227,365,783,784
2017-03-26 20:49:48,540,55,80,226,365,783,784
2017-03-26 20:49:49,546,56,80,225,365,783,784
2017-03-26 20:49:50,548,57,80,224,364,783,784
2017-03-26 20:49:51,553,58,80,223,364,783,784
2017-03-26 20:49:52,557,59,80,222,364,783,784
2017-03-26 20:49:53,559,60,80,221,364,783,784
2017-03-26 20:49:54,562,61,80,220,363,783,784
2017-03-26 20:49:55,565,62,80,219,364,783,784
2017-03-26 20:49:56,570,63,80,219,364,783,784
2017-03-26 20:49:57,573,64,80,218,365,783,784
2017-03-26 20:49:58,575,65,80,218,365,783,784
2017-03-26 20:49:59,577,66,80,217,366,783,784
2017-03-26 20:50:00,580,67,80,216,367,783,784
2017-03-26 20:50:01,583,68,80,216,367,783,784
2017-03-26 20:50:02,588,69,80,216,368,783,784
2017-03-26 20:50:03,594,70,80,215,369,783,784
2017-03-26 20:50:04,596,71,80,215,369,783,784
2017-03-26 20:50:05,602,72,80,215,370,783,784
2017-03-26 20:50:06,605,73,80,215,370,783,784
2017-03-26 20:50:07,610,74,80,214,371,783,784
2017-03-26 20:50:08,614,75,80,214,372,783,784
2017-03-26 20:50:09,620,76,80,214,372,783,784
2017-03-26 20:50:10,625,77,80,214,373,783,784
2017-03-26 20:50:11,631,78,80,214,373,783,784
2017-03-26 20:50:12,634,79,80,214,374,783,784
2017-03-26 20:50:13,637,80,80,214,374,783,784
2017-03-26 20:50:14,639,81,80,214,375,783,784
2017-03-26 20:50:15,643,82,80,214,375,783,784
2017-03-26 20:50:16,648,83,80,214,376,783,784
2017-03-26 20:50:17,649,84,80,214,376,783,784
2017-03-26 20:50:18,652,85,80,215,376,783,784
2017-03-26 20:50:19,654,86,80,215,377,783,784
2017-03-26 20:50:20,658,87,80,215,377,783,784
2017-03-26 20:50:21,663,88,80,216,378,783,784
2017-03-26 20:50:22,667,89,80,216,378,783,784
2017-03-26 20:50:23,673,90,80,216,379,783,784
2017-03-26 20:50:24,679,91,80,217,379,783,784
2017-03-26 20:50:25,680,92,80,217,380,783,784
2017-03-26 20:50:26,686,93,80,218,380,783,784
2017-03-26 20:50:27,689,94,80,218,381,783,784
2017-03-26 20:50:28,692,95,80,218,381,783,784
2017-03-26 20:50:29,699,96,80,219,382,783,784
2017-03-26 20:50:30,704,97,80,219,382,783,784
2017-03-26 20:50:31,708,98,80,220,382,783,784
2017-03-26 20:50:32,712,99,80,220,383,783,784
2017-03-26 20:50:33,714,100,80,221,383,783,784
2017-03-26 20:50:34,718,101,80,221,383,783,784
2017-03-26 20:50:35,722,102,80,222,384,783,784
2017-03-26 20:50:36,723,103,80,222,384,783,784
2017-03-26 20:50:37,727,104,80,223,385,783,784
2017-03-26 20:50:38,730,105,80,224,385,783,784
2017-03-26 20:50:39,731,106,80,224,385,783,784
2017-03-26 20:50:40,734,107,80,225,385,783,784
2017-03-26 20:50:41,736,108,80,225,386,783,784
2017-03-26 20:50:42,739,109,80,226,386,783,784
2017-03-26 20:50:43,745,110,80,227,387,783,784
2017-03-26 20:50:44,748,111,80,227,387,783,784
2017-03-26 20:50:45,753,112,80,228,387,783,784
2017-03-26 20:50:46,754,113,80,229,388,783,784
2017-03-26 20:50:47,758,114,80,230,388,783,784
2017-03-26 20:50:48,760,115,80,230,388,783,784
2017-03-26 20:50:49,764,116,80,231,389,783,784
2017-03-26 20:50:50,769,117,80,232,389,783,784
2017-03-26 20:50:51,773,118,80,233,390,783,784
2017-03-26 20:50:52,777,119,80,233,390,783,784
2017-03-26 20:50:53,779,120,80,234,390,783,784
2017-03-26 20:50:54,785,121,80,235,391,783,784
2017-03-26 20:50:55,785,122,80,235,391,783,784
2017-03-26 20:50:56,786,123,80,236,391,783,784
2017-03-26 20:50:57,787,124,80,237,392,783,784
2017-03-26 20:50:58,791,125,80,237,392,783,784
2017-03-26 20:50:59,794,126,80,238,392,783,784
2017-03-26 20:51:00,799,127,80,239,393,783,784
2017-03-26 20:51:01,801,128,80,239,393,783,784
2017-03-26 20:51:02,803,129,80,240,393,783,784
2017-03-26 20:51:03,807,130,80,241,394,783,784
2017-03-26 20:51:04,810,131,80,242,394,783,784
2017-03-26 20:51:05,815,132,80,243,394,783,784
2017-03-26 20:51:06,817,133,80,243,394,783,784
2017-03-26 20:51:07,820,134,80,244,395,783,784
2017-03-26 20:51:08,822,135,80,245,395,783,784
2017-03-26 20:51:09,823,136,80,246,395,783,784
2017-03-26 20:51:10,829,137,80,247,396,783,784
2017-03-26 20:51:11,832,138,80,247,396,783,784
2017-03-26 20:51:12,835,139,80,248,396,783,784
2017-03-26 20:51:13,837,140,80,249,397,783,784
2017-03-26 20:51:14,840,141,80,250,397,783,784
2017-03-26 20:51:15,845,142,80,251,397,783,784
2017-03-26 20:51:16,847,143,80,251,398,783,784
2017-03-26 20:51:17,850,144,80,252,398,783,784
2017-03-26 20:51:18,853,145,80,253,398,783,784
2017-03-26 20:51:19,857,146,80,254,398,783,784
2017-03-26 20:51:20,861,147,80,255,399,783,784
2017-03-26 20:51:21,863,148,80,255,399,783,784
2017-03-26 20:51:22,868,149,80,256,399,783,784
2017-03-26 20:51:23,873,150,80,257,400,783,784
2017-03-26 20:51:24,878,151,80,258,400,783,784
2017-03-26 20:51:25,884,152,80,259,400,783,784
2017-03-26 20:51:26,887,153,80,260,400,783,784
2017-03-26 20:51:27,892,154,80,260,401,783,784
2017-03-26 20:51:28,895,155,80,261,401,783,784
2017-03-26 20:51:29,901,156,80,262,401,783,784
2017-03-26 20:51:30,903,157,80,263,402,783,784
2017-03-26 20:51:31,909,158,80,264,402,783,784
2017-03-26 20:51:32,912,159,80,265,402,783,784
2017-03-26 20:51:33,916,160,80,266,402,783,784
2017-03-26 20:51:34,921,161,80,266,402,783,784
2017-03-26 20:51:35,922,162,80,267,403,783,784
2017-03-26 20:51:36,923,163,80,268,403,783,784
2017-03-26 20:51:37,928,164,80,269,403,783,784
2017-03-26 20:51:38,930,165,80,270,403,783,784
2017-03-26 20:51:39,935,166,80,271,404,783,784
2017-03-26 20:51:40,938,167,80,271,404,783,784
2017-03-26 20:51:41,940,168,80,272,404,783,784
2017-03-26 20:51:42,940,169,80,273,405,783,784
2017-03-26 20:51:43,941,170,80,274,405,783,784
2017-03-26 20:51:44,944,171,80,275,405,783,784
2017-03-26 20:51:45,950,172,80,275,406,783,784
2017-03-26 20:51:46,956,173,80,276,406,783,784
2017-03-26 20:51:47,958,174,80,277,406,783,784
2017-03-26 20:51:48,962,175,80,278,406,783,784
2017-03-26 20:51:49,967,176,80,279,406,783,784
2017-03-26 20:51:50,971,177,80,279,407,783,784
2017-03-26 20:51:51,975,178,80,280,407,783,784
2017-03-26 20:51:52,975,179,80,281,407,783,784
2017-03-26 20:51:53,978,180,80,282,407,783,784
2017-03-26 20:51:54,983,181,80,283,408,783,784
2017-03-26 20:51:55,986,182,80,284,408,783,784
2017-03-26 20:51:56,991,183,80,284,408,783,784
2017-03-26 20:51:57,992,184,80,285,408,783,784
2017-03-26 20:51:58,994,185,80,286,409,783,784
2017-03-26 20:51:59,997,186,80,287,409,783,784
2017-03-26 20:52:01,002,187,80,287,409,783,784
2017-03-26 20:52:02,007,188,80,288,410,783,784
2017-03-26 20:52:03,008,189,80,289,410,783,784
2017-03-26 20:52:04,014,190,80,290,410,783,784
2017-03-26 20:52:05,020,191,80,291,410,783,784
2017-03-26 20:52:06,023,192,80,292,411,783,784
2017-03-26 20:52:07,025,193,80,292,411,783,784
2017-03-26 20:52:08,031,194,80,293,411,783,784
2017-03-26 20:52:09,032,195,80,294,411,783,784
2017-03-26 20:52:10,034,196,80,295,412,783,784
2017-03-26 20:52:11,038,197,80,295,412,783,784
2017-03-26 20:52:12,045,198,80,296,412,783,784
2017-03-26 20:52:13,047,199,80,297,412,783,784
2017-03-26 20:52:14,053,200,80,298,412,783,784
2017-03-26 20:52:15,055,201,80,298,413,783,784
2017-03-26 20:52:16,060,202,80,299,413,783,784
2017-03-26 20:52:17,063,203,80,300,413,783,784
2017-03-26 20:52:18,067,204,80,301,413,783,784
2017-03-26 20:52:19,072,205,80,302,414,783,784
2017-03-26 20:52:20,077,206,80,303,414,783,784
2017-03-26 20:52:21,080,207,80,303,414,783,784
2017-03-26 20:52:22,082,208,80,304,414,783,784
2017-03-26 20:52:23,083,209,80,305,414,783,784
2017-03-26 20:52:24,087,210,80,306,415,783,784
2017-03-26 20:52:25,091,211,80,307,415,783,784
2017-03-26 20:52:26,095,212,80,307,415,783,784
2017-03-26 20:52:27,096,213,80,308,415,783,784
2017-03-26 20:52:28,099,214,80,309,416,783,784
2017-03-26 20:52:29,103,215,80,310,416,783,784
2017-03-26 20:52:30,104,216,80,310,416,783,784
2017-03-26 20:52:31,105,217,80,311,417,783,784
2017-03-26 20:52:32,110,218,80,312,417,783,784
2017-03-26 20:52:33,113,219,80,312,417,783,784
2017-03-26 20:52:34,119,220,80,313,417,783,784
2017-03-26 20:52:35,121,221,80,314,418,783,784
2017-03-26 20:52:36,126,222,80,314,418,783,784
2017-03-26 20:52:37,127,223,80,315,418,783,784
2017-03-26 20:52:38,129,224,80,316,418,783,784
2017-03-26 20:52:39,133,225,80,317,419,783,784
2017-03-26 20:52:40,136,226,80,317,419,783,784
2017-03-26 20:52:41,136,227,80,318,419,783,784
2017-03-26 20:52:42,141,228,80,319,419,783,784
2017-03-26 20:52:43,144,229,80,320,420,783,784
2017-03-26 20:52:44,150,230,80,321,420,783,784
2017-03-26 20:52:45,150,231,80,321,420,783,784
2017-03-26 20:52:46,153,232,80,322,420,783,784
2017-03-26 20:52:47,157,233,80,323,421,783,784
2017-03-26 20:52:48,160,234,80,324,421,783,784
2017-03-26 20:52:49,165,235,80,324,421,783,784
2017-03-26 20:52:50,170,236,80,325,421,783,784
2017-03-26 20:52:51,173,237,80,326,421,783,784
2017-03-26 20:52:52,174,238,80,326,422,783,784
2017-03-26 20:52:53,175,239,80,327,422,783,784
2017-03-26 20:52:54,180,240,80,328,422,783,784
2017-03-26 20:52:55,182,241,80,328,422,783,784
2017-03-26 20:52:56,183,242,80,329,422,783,784
2017-03-26 20:52:57,184,243,80,330,422,783,784
2017-03-26 20:52:58,187,244,80,331,423,783,784
2017-03-26 20:52:59,191,245,80,331,423,783,784
2017-03-26 20:53:00,194,246,80,332,423,783,784
2017-03-26 20:53:01,197,247,80,332,423,783,784
2017-03-26 20:53:02,203,248,80,333,423,783,784
2017-03-26 20:53:03,206,249,80,334,424,783,784
2017-03-26 20:53:04,211,250,80,335,424,783,784
2017-03-26 20:53:05,213,251,80,335,424,783,784
2017-03-26 20:53:06,216,252,80,336,424,783,784
2017-03-26 20:53:07,220,253,80,337,424,783,784
2017-03-26 20:53:08,222,254,80,338,425,783,784
2017-03-26 20:53:09,227,255,80,338,425,783,784
2017-03-26 20:53:10,228,256,80,339,425,783,784
2017-03-26 20:53:11,229,257,80,339,425,783,784
2017-03-26 20:53:12,234,258,80,340,426,783,784
2017-03-26 20:53:13,237,259,80,341,426,783,784
2017-03-26 20:53:14,242,260,80,342,426,783,784
2017-03-26 20:53:15,243,261,80,342,426,783,784
2017-03-26 20:53:16,247,262,80,343,427,783,784
2017-03-26 20:53:17,249,263,80,344,427,783,784
2017-03-26 20:53:18,253,264,80,344,427,783,784
2017-03-26 20:53:19,257,265,80,345,427,783,784
2017-03-26 20:53:20,259,266,80,346,427,783,784
2017-03-26 20:53:21,262,267,80,346,428,783,784
2017-03-26 20:53:22,266,268,80,347,428,783,784
2017-03-26 20:53:23,270,269,80,348,428,783,784
2017-03-26 20:53:24,272,270,80,348,428,783,784
2017-03-26 20:53:25,278,271,80,349,428,783,784
2017-03-26 20:53:26,281,272,80,349,428,783,784
2017-03-26 20:53:27,287,273,80,350,429,783,784
2017-03-26 20:53:28,290,274,80,351,429,783,784
2017-03-26 20:53:29,291,275,80,352,429,783,784
2017-03-26 20:53:30,293,277,80,352,429,783,784
2017-03-26 20:53:31,297,278,80,353,430,783,784
2017-03-26 20:53:32,299,279,80,354,430,783,784
2017-03-26 20:53:33,302,280,80,354,430,783,784
2017-03-26 20:53:34,303,281,80,355,430,783,784
2017-03-26 20:53:35,305,282,80,355,431,783,784
2017-03-26 20:53:36,307,283,80,356,431,783,784
2017-03-26 20:53:37,311,284,80,357,431,783,784
2017-03-26 20:53:38,313,285,80,357,431,783,784
2017-03-26 20:53:39,317,286,80,358,431,783,784
2017-03-26 20:53:40,321,287,80,359,432,783,784
2017-03-26 20:53:41,324,288,80,359,432,783,784
2017-03-26 20:53:42,326,289,80,360,432,783,784
2017-03-26 20:53:43,329,290,80,360,432,783,784
2017-03-26 20:53:44,335,291,80,361,433,783,784
2017-03-26 20:53:45,341,292,80,362,433,783,784
2017-03-26 20:53:46,342,293,80,362,433,783,784
2017-03-26 20:53:47,348,294,80,363,433,783,784
2017-03-26 20:53:48,352,295,80,364,433,783,784
2017-03-26 20:53:49,352,296,80,364,434,783,784
2017-03-26 20:53:50,356,297,80,365,434,783,784
2017-03-26 20:53:51,359,298,80,366,434,783,784
2017-03-26 20:53:52,365,299,80,366,435,783,784
2017-03-26 20:53:53,369,300,80,367,435,783,784
2017-03-26 20:53:54,374,301,80,367,435,783,784
2017-03-26 20:53:55,375,302,80,368,435,783,784
2017-03-26 20:53:56,375,303,80,369,436,783,784
2017-03-26 20:53:57,381,304,80,369,436,783,784
2017-03-26 20:53:58,383,305,80,370,436,783,784
2017-03-26 20:53:59,386,306,80,370,436,783,784
2017-03-26 20:54:00,392,307,80,371,436,783,784
2017-03-26 20:54:01,396,308,80,372,437,783,784
2017-03-26 20:54:02,400,309,80,372,437,783,784
2017-03-26 20:54:03,406,310,80,373,437,783,784
2017-03-26 20:54:04,408,311,80,374,437,783,784
2017-03-26 20:54:05,412,312,80,374,438,783,784
2017-03-26 20:54:06,417,313,80,375,438,783,784
2017-03-26 20:54:07,419,314,80,375,438,783,784
2017-03-26 20:54:08,420,315,80,376,438,783,784
2017-03-26 20:54:09,423,316,80,377,439,783,784
2017-03-26 20:54:10,428,317,80,377,439,783,784
2017-03-26 20:54:11,431,318,80,378,439,783,784
2017-03-26 20:54:12,436,319,80,378,439,783,784
2017-03-26 20:54:13,440,320,80,379,440,783,784
2017-03-26 20:54:14,441,321,80,380,440,783,784
2017-03-26 20:54:15,445,322,80,380,440,783,784
2017-03-26 20:54:16,447,323,80,381,440,783,784
2017-03-26 20:54:17,449,324,80,381,440,783,784
2017-03-26 20:54:18,451,325,80,382,441,783,784
2017-03-26 20:54:19,454,326,80,382,441,783,784
2017-03-26 20:54:20,459,327,80,383,441,783,784
2017-03-26 20:54:21,464,328,80,384,441,783,784
2017-03-26 20:54:22,467,329,80,384,442,783,784
2017-03-26 20:54:23,479,330,80,385,442,783,784
2017-03-26 20:54:24,484,331,80,385,442,783,784
2017-03-26 20:54:25,489,332,80,386,442,783,784
2017-03-26 20:54:26,493,333,80,387,442,783,784
2017-03-26 20:54:27,497,334,80,388,443,783,784
2017-03-26 20:54:28,498,335,80,388,443,783,784
2017-03-26 20:54:29,504,336,80,389,443,783,784
2017-03-26 20:54:30,508,337,80,389,443,783,784
2017-03-26 20:54:31,508,338,80,390,443,783,784
2017-03-26 20:54:32,514,339,80,390,444,783,784
2017-03-26 20:54:33,518,340,80,391,444,783,784
2017-03-26 20:54:34,524,341,80,391,444,783,784
2017-03-26 20:54:35,530,342,80,392,444,783,784
2017-03-26 20:54:36,532,343,80,393,444,783,784
2017-03-26 20:54:37,538,344,80,393,444,783,784
2017-03-26 20:54:38,540,345,80,394,444,783,784
2017-03-26 20:54:39,541,346,80,395,445,783,784
2017-03-26 20:54:40,542,347,80,395,445,783,784
2017-03-26 20:54:41,548,348,80,396,445,783,784
2017-03-26 20:54:42,554,349,80,396,446,783,784
2017-03-26 20:54:43,556,350,80,397,446,783,784
2017-03-26 20:54:44,559,351,80,397,446,783,784
2017-03-26 20:54:45,564,352,80,398,447,783,784
2017-03-26 20:54:46,568,353,80,398,447,783,784
2017-03-26 20:54:47,572,354,80,399,447,783,784
2017-03-26 20:54:48,573,355,80,400,447,783,784
2017-03-26 20:54:49,576,356,80,400,448,783,784
2017-03-26 20:54:50,579,357,80,401,448,783,784
2017-03-26 20:54:51,585,358,80,401,448,783,784
2017-03-26 20:54:52,590,359,80,402,448,783,784
2017-03-26 20:54:53,591,360,80,402,448,783,784
2017-03-26 20:54:54,597,361,80,403,449,783,784
2017-03-26 20:54:55,600,362,80,404,449,783,784
2017-03-26 20:54:56,605,363,80,404,449,783,784
2017-03-26 20:54:57,607,364,80,405,449,783,784
2017-03-26 20:54:58,613,365,80,405,450,783,784
2017-03-26 20:54:59,618,366,80,406,450,783,784
2017-03-26 20:55:00,622,367,80,406,450,783,784
2017-03-26 20:55:01,627,368,80,407,450,783,784
2017-03-26 20:55:02,630,369,80,407,451,783,784
2017-03-26 20:55:03,635,370,80,408,451,783,784
2017-03-26 20:55:04,639,371,80,409,451,783,784
2017-03-26 20:55:05,642,372,80,409,451,783,784
2017-03-26 20:55:06,647,373,80,410,452,783,784
2017-03-26 20:55:07,649,374,80,410,452,783,784
2017-03-26 20:55:08,654,375,80,411,452,783,784
2017-03-26 20:55:09,659,376,80,411,452,783,784
2017-03-26 20:55:10,664,377,80,412,453,783,784
2017-03-26 20:55:11,667,378,80,412,453,783,784
2017-03-26 20:55:12,670,379,80,412,453,783,784
2017-03-26 20:55:13,673,380,80,413,453,783,784
2017-03-26 20:55:14,676,381,80,414,454,783,784
2017-03-26 20:55:15,680,382,80,414,454,783,784
2017-03-26 20:55:16,682,383,80,415,454,783,784
2017-03-26 20:55:17,685,384,80,415,454,783,784
2017-03-26 20:55:18,688,385,80,416,455,783,784
2017-03-26 20:55:19,692,386,80,416,455,783,784
2017-03-26 20:55:20,695,387,80,417,455,783,784
2017-03-26 20:55:21,697,388,80,417,455,783,784
2017-03-26 20:55:22,698,389,80,418,455,783,784
2017-03-26 20:55:23,703,390,80,418,456,783,784
2017-03-26 20:55:24,704,391,80,419,456,783,784
2017-03-26 20:55:25,708,392,80,419,456,783,784
2017-03-26 20:55:26,710,393,80,420,456,783,784
2017-03-26 20:55:27,714,394,80,420,457,783,784
2017-03-26 20:55:28,718,395,80,421,457,783,784
2017-03-26 20:55:29,722,396,80,422,457,783,784
2017-03-26 20:55:30,726,397,80,422,457,783,784
2017-03-26 20:55:31,728,398,80,422,457,783,784
2017-03-26 20:55:32,732,399,80,423,457,783,784
2017-03-26 20:55:33,734,400,80,423,458,783,784
2017-03-26 20:55:34,736,401,80,424,458,783,784
2017-03-26 20:55:35,741,402,80,425,458,783,784
2017-03-26 20:55:36,744,403,80,425,458,783,784
2017-03-26 20:55:37,747,404,80,426,458,783,784
2017-03-26 20:55:38,749,405,80,426,459,783,784
2017-03-26 20:55:39,753,406,80,427,459,783,784
2017-03-26 20:55:40,757,407,80,427,459,783,784
2017-03-26 20:55:41,759,408,80,428,459,783,784
2017-03-26 20:55:42,764,409,80,428,460,783,784
2017-03-26 20:55:43,767,410,80,429,460,783,784
2017-03-26 20:55:44,768,411,80,429,460,783,784
2017-03-26 20:55:45,773,412,80,430,460,783,784
2017-03-26 20:55:46,774,413,80,430,460,783,784
2017-03-26 20:55:47,778,414,80,431,461,783,784
2017-03-26 20:55:48,780,415,80,431,461,783,784
2017-03-26 20:55:49,783,416,80,432,461,783,784
2017-03-26 20:55:50,788,417,80,432,462,783,784
2017-03-26 20:55:51,789,418,80,432,462,783,784
2017-03-26 20:55:52,793,419,80,433,462,783,784
2017-03-26 20:55:53,796,420,80,433,462,783,784
2017-03-26 20:55:54,797,421,80,434,462,783,784
2017-03-26 20:55:55,802,422,80,434,462,783,784
2017-03-26 20:55:56,805,423,80,435,463,783,784
2017-03-26 20:55:57,808,424,80,435,463,783,784
2017-03-26 20:55:58,811,425,80,436,463,783,784
2017-03-26 20:55:59,815,426,80,436,463,783,784
2017-03-26 20:56:00,819,427,80,437,464,783,784
2017-03-26 20:56:01,821,428,80,437,464,783,784
2017-03-26 20:56:02,824,429,81,438,464,783,784
2017-03-26 20:56:03,826,430,80,438,464,783,784
2017-03-26 20:56:04,830,431,80,439,465,783,784
2017-03-26 20:56:05,834,432,80,439,465,783,784
2017-03-26 20:56:06,836,433,80,440,465,783,784
2017-03-26 20:56:07,839,434,80,440,465,783,784
2017-03-26 20:56:08,842,435,80,441,466,783,784
2017-03-26 20:56:09,845,436,80,441,466,783,784
2017-03-26 20:56:10,850,437,80,442,466,783,784
2017-03-26 20:56:11,851,438,80,442,466,783,784
2017-03-26 20:56:12,854,439,81,443,466,783,784
2017-03-26 20:56:13,857,440,80,443,466,783,784
2017-03-26 20:56:14,861,441,81,444,467,783,784
2017-03-26 20:56:15,865,442,80,444,467,783,784
2017-03-26 20:56:16,866,443,81,445,467,783,784
2017-03-26 20:56:17,868,444,81,445,468,783,784
2017-03-26 20:56:18,873,445,81,446,468,783,784
2017-03-26 20:56:19,876,446,80,446,468,783,784
2017-03-26 20:56:20,880,447,81,447,468,783,784
2017-03-26 20:56:21,882,448,80,447,468,783,784
2017-03-26 20:56:22,887,449,81,448,469,783,784
2017-03-26 20:56:23,892,450,80,448,469,783,784
2017-03-26 20:56:24,894,451,80,449,469,783,784
2017-03-26 20:56:25,896,452,81,449,469,783,784
2017-03-26 20:56:26,900,453,81,450,470,783,784
2017-03-26 20:56:27,904,454,81,450,470,783,784
2017-03-26 20:56:28,908,455,81,451,470,783,784
2017-03-26 20:56:29,913,456,81,451,470,783,784
2017-03-26 20:56:30,916,457,81,452,471,783,784
2017-03-26 20:56:31,921,458,81,452,471,783,784
2017-03-26 20:56:32,924,459,81,453,471,783,784
2017-03-26 20:56:33,927,460,81,453,471,783,784
2017-03-26 20:56:34,928,461,81,454,472,783,784
2017-03-26 20:56:35,934,462,81,454,472,783,784
2017-03-26 20:56:36,937,463,81,455,472,783,784
2017-03-26 20:56:37,943,464,80,455,472,783,783
2017-03-26 20:56:38,945,465,81,456,473,783,784
2017-03-26 20:56:39,948,466,81,456,473,783,783
2017-03-26 20:56:40,953,467,81,457,473,783,784
2017-03-26 20:56:41,956,468,81,457,473,783,784
2017-03-26 20:56:42,956,469,81,458,473,783,784
2017-03-26 20:56:43,962,470,81,458,474,783,784
2017-03-26 20:56:44,966,471,81,459,474,783,783
2017-03-26 20:56:45,969,472,81,459,474,783,784
2017-03-26 20:56:46,969,473,81,460,474,783,784
2017-03-26 20:56:47,970,474,81,460,475,783,784
2017-03-26 20:56:48,972,475,81,461,475,783,784
2017-03-26 20:56:49,975,476,80,461,475,783,783
2017-03-26 20:56:50,981,477,81,461,475,783,784
2017-03-26 20:56:51,983,478,81,462,475,783,784
2017-03-26 20:56:52,987,479,81,462,476,783,784
2017-03-26 20:56:53,992,480,81,463,476,783,784
2017-03-26 20:56:54,997,481,81,464,476,783,784
2017-03-26 20:56:56,000,482,81,464,476,783,784
2017-03-26 20:56:57,004,483,81,465,477,783,784
2017-03-26 20:56:58,009,484,81,465,477,783,784
2017-03-26 20:56:59,013,485,81,465,477,783,784
2017-03-26 20:57:00,017,486,81,466,477,783,784
2017-03-26 20:57:01,018,487,81,466,477,783,783
2017-03-26 20:57:02,022,488,81,467,478,783,784
2017-03-26 20:57:03,028,489,81,467,478,783,784
2017-03-26 20:57:04,034,490,81,468,478,783,783
2017-03-26 20:57:05,036,491,81,468,478,783,784
2017-03-26 20:57:06,041,492,81,469,479,783,784
2017-03-26 20:57:07,047,493,81,469,479,783,784
2017-03-26 20:57:08,049,494,81,470,479,783,784
2017-03-26 20:57:09,050,495,81,470,479,783,784
2017-03-26 20:57:10,051,496,81,471,480,783,784
2017-03-26 20:57:11,052,497,81,471,480,783,783
2017-03-26 20:57:12,056,498,81,472,480,783,783
2017-03-26 20:57:13,062,499,81,472,480,783,783
2017-03-26 20:57:14,067,500,81,473,480,783,783
2017-03-26 20:57:15,073,501,81,473,480,783,783
2017-03-26 20:57:16,074,502,81,473,481,783,783
2017-03-26 20:57:17,075,503,81,474,481,783,783
2017-03-26 20:57:18,076,504,81,474,481,783,784
2017-03-26 20:57:19,080,505,81,475,481,783,784
2017-03-26 20:57:20,086,506,81,476,481,783,783
2017-03-26 20:57:21,089,507,81,476,481,783,784
2017-03-26 20:57:22,091,508,81,477,482,783,783
2017-03-26 20:57:23,097,509,81,477,482,783,783
2017-03-26 20:57:24,103,510,81,478,482,783,783
2017-03-26 20:57:25,106,511,81,478,482,783,783
2017-03-26 20:57:26,112,512,81,478,483,783,784
2017-03-26 20:57:27,115,513,81,479,483,783,784
2017-03-26 20:57:28,116,514,81,480,483,783,783
2017-03-26 20:57:29,121,515,81,480,484,783,784
2017-03-26 20:57:30,124,516,81,480,484,783,784
2017-03-26 20:57:31,128,517,81,481,484,783,784
2017-03-26 20:57:32,130,518,81,481,484,783,783
2017-03-26 20:57:33,131,519,81,482,484,783,783
2017-03-26 20:57:34,137,520,81,482,484,783,784
2017-03-26 20:57:35,142,521,81,483,484,783,783
2017-03-26 20:57:36,146,522,81,483,485,783,783
2017-03-26 20:57:37,152,523,81,484,485,783,783
2017-03-26 20:57:38,155,524,81,484,485,783,784
2017-03-26 20:57:39,161,525,81,484,486,783,783
2017-03-26 20:57:40,164,526,81,485,486,783,783
2017-03-26 20:57:41,165,527,81,485,486,783,784
2017-03-26 20:57:42,168,528,81,486,486,783,784
2017-03-26 20:57:43,171,529,81,486,486,783,783
2017-03-26 20:57:44,176,530,81,487,486,783,784
2017-03-26 20:57:45,179,531,81,487,487,783,784
2017-03-26 20:57:46,185,532,81,488,487,783,784
2017-03-26 20:57:47,187,533,81,488,487,783,783
2017-03-26 20:57:48,193,534,81,489,488,783,783
2017-03-26 20:57:49,196,535,81,489,488,783,783
2017-03-26 20:57:50,202,536,81,490,489,783,783
2017-03-26 20:57:51,205,537,81,490,489,782,783
2017-03-26 20:57:52,209,538,81,490,489,783,783
2017-03-26 20:57:53,215,539,81,491,489,783,783
2017-03-26 20:57:54,219,540,81,492,490,783,783
2017-03-26 20:57:55,221,541,81,492,490,783,783
2017-03-26 20:57:56,228,542,81,492,490,783,783
2017-03-26 20:57:57,230,543,81,493,490,783,783
2017-03-26 20:57:58,236,544,81,493,490,783,783
2017-03-26 20:57:59,239,545,81,493,489,783,784
2017-03-26 20:58:00,240,546,81,494,489,783,783
2017-03-26 20:58:01,241,547,81,494,489,783,784
2017-03-26 20:58:02,245,548,81,495,489,783,784
2017-03-26 20:58:03,250,549,81,495,488,783,783
2017-03-26 20:58:04,254,550,81,495,488,782,783
2017-03-26 20:58:05,259,551,81,496,488,783,783
2017-03-26 20:58:06,264,552,81,496,488,783,783
2017-03-26 20:58:07,270,553,81,496,487,783,783
2017-03-26 20:58:08,275,554,81,497,487,783,783
2017-03-26 20:58:09,280,555,81,497,487,783,783
2017-03-26 20:58:10,285,556,81,497,487,783,783
2017-03-26 20:58:11,289,557,81,497,486,782,783
2017-03-26 20:58:12,295,559,81,498,486,783,783
2017-03-26 20:58:13,298,560,81,498,486,783,783
2017-03-26 20:58:14,298,561,81,498,485,783,783
2017-03-26 20:58:15,305,562,81,499,485,783,783
2017-03-26 20:58:16,310,563,81,499,485,783,783
2017-03-26 20:58:17,315,564,81,499,485,783,783
2017-03-26 20:58:18,318,565,81,499,484,783,783
2017-03-26 20:58:19,323,566,81,500,484,783,783
2017-03-26 20:58:20,328,567,81,500,484,783,783
2017-03-26 20:58:21,332,568,81,500,484,783,783
2017-03-26 20:58:22,332,569,81,500,483,783,783
2017-03-26 20:58:23,334,570,81,500,483,782,783
2017-03-26 20:58:24,339,571,81,500,483,783,783
2017-03-26 20:58:25,344,572,81,500,483,782,783
2017-03-26 20:58:26,347,573,81,500,483,783,783
2017-03-26 20:58:27,348,574,81,501,482,782,783
2017-03-26 20:58:28,353,575,81,501,482,783,783
2017-03-26 20:58:29,358,576,81,501,482,782,783
2017-03-26 20:58:30,361,577,81,501,482,782,783
2017-03-26 20:58:31,363,578,81,501,482,783,783
2017-03-26 20:58:32,365,579,81,501,482,783,783
2017-03-26 20:58:33,368,580,81,502,481,783,783
2017-03-26 20:58:34,369,581,81,502,481,783,783
2017-03-26 20:58:35,370,582,81,502,481,782,783
2017-03-26 20:58:36,372,583,81,502,481,783,784
2017-03-26 20:58:37,376,584,81,502,480,783,783
2017-03-26 20:58:38,378,585,81,502,480,783,783
2017-03-26 20:58:39,384,586,81,502,480,783,783
2017-03-26 20:58:40,389,587,81,503,480,783,783
2017-03-26 20:58:41,394,588,81,503,480,783,783
2017-03-26 20:58:42,394,589,81,503,480,783,783
2017-03-26 20:58:43,399,590,81,503,479,783,783
2017-03-26 20:58:44,400,591,81,503,479,783,783
2017-03-26 20:58:45,405,592,81,503,479,782,783
2017-03-26 20:58:46,409,593,81,503,479,782,783
2017-03-26 20:58:47,413,594,81,503,478,782,783
2017-03-26 20:58:48,417,595,81,503,478,783,783
2017-03-26 20:58:49,418,596,81,503,478,782,783
2017-03-26 20:58:50,421,597,81,503,478,782,783
2017-03-26 20:58:51,424,598,81,504,478,783,783
2017-03-26 20:58:52,426,599,81,504,477,782,783
2017-03-26 20:58:53,430,600,81,504,477,783,783
2017-03-26 20:58:54,431,601,81,504,477,782,783
2017-03-26 20:58:55,434,602,81,504,477,783,783
2017-03-26 20:58:56,437,603,81,504,477,783,784
2017-03-26 20:58:57,438,604,81,504,476,783,783
2017-03-26 20:58:58,442,605,81,504,476,783,783
2017-03-26 20:58:59,447,606,81,505,476,783,784
2017-03-26 20:59:00,451,607,81,505,476,782,783
2017-03-26 20:59:01,455,608,81,505,476,782,783
2017-03-26 20:59:02,459,609,81,505,476,783,783
2017-03-26 20:59:03,463,610,81,505,475,782,783
2017-03-26 20:59:04,469,611,81,505,475,782,783
2017-03-26 20:59:05,472,612,81,505,475,782,783
2017-03-26 20:59:06,474,613,81,505,475,782,783
2017-03-26 20:59:07,479,614,81,506,475,783,783
2017-03-26 20:59:08,483,615,81,506,474,783,783
2017-03-26 20:59:09,489,616,81,506,474,783,783
2017-03-26 20:59:10,493,617,81,506,474,783,783
2017-03-26 20:59:11,498,618,81,506,474,782,783
2017-03-26 20:59:12,503,619,81,506,474,782,783
2017-03-26 20:59:13,506,620,81,506,474,782,783
2017-03-26 20:59:14,511,621,81,506,474,782,783
2017-03-26 20:59:15,515,622,81,506,475,782,783
2017-03-26 20:59:16,517,623,81,506,475,782,783
2017-03-26 20:59:17,520,624,81,507,475,782,783
2017-03-26 20:59:18,522,625,81,507,476,782,783
2017-03-26 20:59:19,523,626,81,507,476,782,783
2017-03-26 20:59:20,524,627,81,507,476,782,783
2017-03-26 20:59:21,528,628,81,507,477,782,783
2017-03-26 20:59:22,533,629,81,507,477,782,783
2017-03-26 20:59:23,537,630,81,508,477,782,783
2017-03-26 20:59:24,542,631,81,508,477,782,783
2017-03-26 20:59:25,545,632,81,508,478,782,783
2017-03-26 20:59:26,548,633,81,508,478,782,783
2017-03-26 20:59:27,549,634,81,508,478,782,783
2017-03-26 20:59:28,553,635,81,509,478,782,783
2017-03-26 20:59:29,557,636,81,509,478,782,783
2017-03-26 20:59:30,561,637,81,509,479,782,783
2017-03-26 20:59:31,563,638,81,509,479,782,783
2017-03-26 20:59:32,565,639,81,509,479,782,783
2017-03-26 20:59:33,568,640,81,509,479,782,783
2017-03-26 20:59:34,569,641,81,509,480,782,783
2017-03-26 20:59:35,573,642,81,510,480,782,783
2017-03-26 20:59:36,577,643,81,510,480,782,783
2017-03-26 20:59:37,578,644,81,510,480,782,783
2017-03-26 20:59:38,583,645,81,510,480,783,783
2017-03-26 20:59:39,584,646,81,510,480,782,783
2017-03-26 20:59:40,585,647,81,510,480,782,783
2017-03-26 20:59:41,589,648,81,511,480,782,783
2017-03-26 20:59:42,593,649,81,511,480,782,783
2017-03-26 20:59:43,598,650,81,511,480,782,783
2017-03-26 20:59:44,603,651,81,511,480,782,783
2017-03-26 20:59:45,607,652,81,512,481,782,783
2017-03-26 20:59:46,612,653,81,512,481,782,783
2017-03-26 20:59:47,615,654,81,512,481,782,783
2017-03-26 20:59:48,617,655,81,512,481,782,783
2017-03-26 20:59:49,619,656,81,512,481,782,783
2017-03-26 20:59:50,623,657,81,513,481,782,783
2017-03-26 20:59:51,625,658,81,513,481,782,783
2017-03-26 20:59:52,628,659,81,513,481,782,783
2017-03-26 20:59:53,630,660,81,514,482,782,783
2017-03-26 20:59:54,633,661,81,514,482,782,783
2017-03-26 20:59:55,637,662,81,514,482,782,783
2017-03-26 20:59:56,640,663,81,514,482,782,783
2017-03-26 20:59:57,641,664,81,515,482,782,783
2017-03-26 20:59:58,645,665,81,515,482,782,783
2017-03-26 20:59:59,649,666,81,515,482,782,783
2017-03-26 21:00:00,653,667,81,515,483,782,783
2017-03-26 21:00:01,656,668,81,516,483,782,783
2017-03-26 21:00:02,658,669,81,516,483,782,783
2017-03-26 21:00:03,662,670,81,516,483,782,783
2017-03-26 21:00:04,663,671,81,516,483,782,783
2017-03-26 21:00:05,668,672,81,517,483,782,783
2017-03-26 21:00:06,671,673,81,517,483,782,783
2017-03-26 21:00:07,674,674,81,517,483,782,783
2017-03-26 21:00:08,676,675,81,517,483,782,783
2017-03-26 21:00:09,680,676,81,518,483,782,783
2017-03-26 21:00:10,684,677,81,518,483,782,783
2017-03-26 21:00:11,685,678,81,518,482,782,783
2017-03-26 21:00:12,689,679,81,518,482,782,783
2017-03-26 21:00:13,691,680,81,517,481,782,783
2017-03-26 21:00:14,696,681,81,517,480,782,783
2017-03-26 21:00:15,699,682,81,517,480,782,783
2017-03-26 21:00:16,702,683,81,518,479,782,783
2017-03-26 21:00:17,704,684,81,518,479,782,783
2017-03-26 21:00:18,709,685,81,518,478,782,783
2017-03-26 21:00:19,711,686,81,518,478,782,783
2017-03-26 21:00:20,715,687,81,520,477,782,783
2017-03-26 21:00:21,717,688,81,521,477,782,783
2017-03-26 21:00:22,719,689,81,522,476,782,783
2017-03-26 21:00:23,722,690,81,523,476,782,783
2017-03-26 21:00:24,723,691,81,524,475,782,783
2017-03-26 21:00:25,729,692,81,525,474,782,783
2017-03-26 21:00:26,729,693,81,526,474,782,783
2017-03-26 21:00:27,735,694,81,527,473,782,783
2017-03-26 21:00:28,738,695,81,527,473,782,783
