2016-03-28 06:32:48,863,coffee,datetime,ms,seconds,ambient_temp,thermocouple_0_temp,thermocouple_1_temp,thermocouple_2_temp,thermocouple_3_temp
2016-03-28 06:32:50,948,2,68,473,421,790,789
2016-03-28 06:32:51,952,3,68,468,416,790,789
2016-03-28 06:32:52,958,4,68,458,411,790,789
2016-03-28 06:32:53,961,5,68,448,406,790,789
2016-03-28 06:32:54,967,6,68,437,400,789,789
2016-03-28 06:32:55,972,7,68,427,395,789,789
2016-03-28 06:32:56,976,8,68,418,393,789,789
2016-03-28 06:32:57,978,9,68,409,391,789,789
2016-03-28 06:32:58,979,10,68,400,389,789,789
2016-03-28 06:32:59,984,11,68,391,388,790,789
2016-03-28 06:33:00,990,12,68,383,386,789,789
2016-03-28 06:33:01,995,13,68,376,385,789,789
2016-03-28 06:33:02,999,14,68,369,383,789,789
2016-03-28 06:33:04,003,15,68,362,382,789,789
2016-03-28 06:33:05,009,16,68,355,381,789,789
2016-03-28 06:33:06,012,17,68,349,380,789,789
2016-03-28 06:33:07,017,18,68,342,378,789,789
2016-03-28 06:33:08,020,19,68,337,377,789,789
2016-03-28 06:33:09,021,20,68,331,377,789,789
2016-03-28 06:33:10,027,21,68,325,376,789,789
2016-03-28 06:33:11,028,22,68,320,375,789,789
2016-03-28 06:33:12,029,23,68,315,374,789,789
2016-03-28 06:33:13,034,24,68,311,373,789,789
2016-03-28 06:33:14,036,25,68,306,372,789,789
2016-03-28 06:33:15,040,26,68,302,372,789,789
2016-03-28 06:33:16,042,27,68,298,371,789,789
2016-03-28 06:33:17,048,28,68,293,370,789,789
2016-03-28 06:33:18,051,29,68,289,369,789,789
2016-03-28 06:33:19,057,30,68,286,369,789,789
2016-03-28 06:33:20,059,31,68,282,368,789,789
2016-03-28 06:33:21,065,32,68,279,368,789,789
2016-03-28 06:33:22,068,33,68,275,367,789,789
2016-03-28 06:33:23,072,34,68,272,367,789,789
2016-03-28 06:33:24,076,35,68,269,366,789,789
2016-03-28 06:33:25,079,36,68,267,366,789,789
2016-03-28 06:33:26,084,37,68,264,365,789,789
2016-03-28 06:33:27,087,38,68,262,365,789,789
2016-03-28 06:33:28,092,39,68,259,365,789,789
2016-03-28 06:33:29,097,40,68,257,364,789,789
2016-03-28 06:33:30,102,41,68,255,364,789,789
2016-03-28 06:33:31,107,42,68,253,364,789,789
2016-03-28 06:33:32,110,43,68,250,363,789,789
2016-03-28 06:33:33,115,44,68,249,363,789,789
2016-03-28 06:33:34,119,45,68,247,363,789,789
2016-03-28 06:33:35,123,46,68,245,362,789,789
2016-03-28 06:33:36,127,47,68,244,362,789,789
2016-03-28 06:33:37,130,48,68,243,362,789,789
2016-03-28 06:33:38,135,49,68,241,361,789,789
2016-03-28 06:33:39,138,50,68,240,361,789,789
2016-03-28 06:33:40,143,51,68,239,361,789,789
2016-03-28 06:33:41,144,52,68,238,361,789,789
2016-03-28 06:33:42,147,53,68,236,361,789,789
2016-03-28 06:33:43,151,54,68,236,360,789,789
2016-03-28 06:33:44,154,55,68,235,360,789,789
2016-03-28 06:33:45,158,56,68,234,360,789,789
2016-03-28 06:33:46,160,57,68,233,360,789,789
2016-03-28 06:33:47,165,58,68,233,360,789,789
2016-03-28 06:33:48,166,59,68,232,360,789,789
2016-03-28 06:33:49,171,60,68,231,360,789,789
2016-03-28 06:33:50,175,61,68,231,359,789,789
2016-03-28 06:33:51,180,62,68,230,359,789,789
2016-03-28 06:33:52,183,63,68,230,359,789,789
2016-03-28 06:33:53,184,64,68,229,359,789,789
2016-03-28 06:33:54,189,65,68,229,359,789,789
2016-03-28 06:33:55,190,66,68,229,359,789,789
2016-03-28 06:33:56,191,67,68,228,359,789,789
2016-03-28 06:33:57,192,68,68,228,359,789,789
2016-03-28 06:33:58,197,69,68,228,359,789,789
2016-03-28 06:33:59,203,70,68,228,360,789,789
2016-03-28 06:34:00,206,71,68,227,360,789,789
2016-03-28 06:34:01,210,72,68,228,360,789,789
2016-03-28 06:34:02,215,73,68,227,360,789,789
2016-03-28 06:34:03,216,74,68,227,360,789,789
2016-03-28 06:34:04,222,75,68,227,360,789,789
2016-03-28 06:34:05,227,76,68,228,360,789,789
2016-03-28 06:34:06,231,77,68,227,360,789,789
2016-03-28 06:34:07,233,78,68,228,361,789,789
2016-03-28 06:34:08,239,79,68,228,362,789,789
2016-03-28 06:34:09,243,80,68,228,363,789,789
2016-03-28 06:34:10,248,81,68,228,364,789,789
2016-03-28 06:34:11,253,82,68,229,365,789,789
2016-03-28 06:34:12,256,83,68,229,366,789,789
2016-03-28 06:34:13,258,84,68,229,367,789,789
2016-03-28 06:34:14,262,85,68,229,368,789,789
2016-03-28 06:34:15,263,86,68,230,369,789,789
2016-03-28 06:34:16,265,87,68,230,370,789,789
2016-03-28 06:34:17,271,88,68,231,371,789,789
2016-03-28 06:34:18,272,89,68,231,372,789,789
2016-03-28 06:34:19,278,90,68,232,373,789,789
2016-03-28 06:34:20,281,91,68,232,373,789,789
2016-03-28 06:34:21,281,92,68,232,374,789,789
2016-03-28 06:34:22,286,93,68,233,375,789,789
2016-03-28 06:34:23,290,94,68,233,376,789,789
2016-03-28 06:34:24,295,95,68,234,376,789,789
2016-03-28 06:34:25,296,96,68,234,377,789,789
2016-03-28 06:34:26,299,97,68,235,377,789,789
2016-03-28 06:34:27,303,98,68,236,378,789,789
2016-03-28 06:34:28,304,99,68,236,379,789,789
2016-03-28 06:34:29,310,100,68,237,379,789,789
2016-03-28 06:34:30,311,101,68,237,380,789,789
2016-03-28 06:34:31,314,102,68,238,380,789,789
2016-03-28 06:34:32,318,103,69,239,381,789,789
2016-03-28 06:34:33,320,104,68,239,381,789,789
2016-03-28 06:34:34,325,105,69,240,382,789,789
2016-03-28 06:34:35,327,106,69,240,383,789,789
2016-03-28 06:34:36,329,107,69,241,383,789,789
2016-03-28 06:34:37,334,108,69,242,384,789,789
2016-03-28 06:34:38,335,109,69,243,384,789,789
2016-03-28 06:34:39,338,110,69,243,385,789,789
2016-03-28 06:34:40,340,111,69,244,385,789,789
2016-03-28 06:34:41,345,112,69,244,386,789,789
2016-03-28 06:34:42,349,113,69,245,386,789,789
2016-03-28 06:34:43,351,114,69,246,387,789,789
2016-03-28 06:34:44,356,115,69,247,387,789,789
2016-03-28 06:34:45,361,116,69,247,388,789,789
2016-03-28 06:34:46,366,117,69,248,388,789,789
2016-03-28 06:34:47,369,118,69,249,388,789,789
2016-03-28 06:34:48,383,119,69,250,389,789,789
2016-03-28 06:34:49,384,120,69,250,390,789,789
2016-03-28 06:34:50,389,121,69,251,390,789,789
2016-03-28 06:34:51,393,122,69,252,390,789,789
2016-03-28 06:34:52,395,123,69,253,391,789,789
2016-03-28 06:34:53,400,124,69,253,391,789,789
2016-03-28 06:34:54,401,125,69,254,392,789,789
2016-03-28 06:34:55,405,126,69,255,392,789,789
2016-03-28 06:34:56,408,127,69,256,393,789,789
2016-03-28 06:34:57,411,128,69,256,393,789,789
2016-03-28 06:34:58,416,129,69,257,394,789,789
2016-03-28 06:34:59,423,130,69,258,394,789,789
2016-03-28 06:35:00,425,131,69,259,394,789,789
2016-03-28 06:35:01,427,132,69,260,395,789,789
2016-03-28 06:35:02,432,133,69,260,395,789,789
2016-03-28 06:35:03,438,134,69,261,396,789,789
2016-03-28 06:35:04,442,135,69,262,396,789,789
2016-03-28 06:35:05,448,136,69,263,397,789,789
2016-03-28 06:35:06,450,137,69,264,397,789,789
2016-03-28 06:35:07,455,138,69,264,397,789,789
2016-03-28 06:35:08,458,139,69,265,398,789,789
2016-03-28 06:35:09,463,140,69,266,398,789,789
2016-03-28 06:35:10,467,141,69,267,398,789,789
2016-03-28 06:35:11,471,142,69,268,399,789,789
2016-03-28 06:35:12,476,143,69,268,399,789,789
2016-03-28 06:35:13,477,144,69,269,399,789,789
2016-03-28 06:35:14,480,145,69,270,400,789,789
2016-03-28 06:35:15,483,146,69,271,400,789,789
2016-03-28 06:35:16,484,147,69,272,400,789,789
2016-03-28 06:35:17,488,148,69,272,401,789,789
2016-03-28 06:35:18,490,149,69,273,401,789,789
2016-03-28 06:35:19,496,150,69,274,401,789,789
2016-03-28 06:35:20,499,151,69,275,402,789,789
2016-03-28 06:35:21,500,152,69,276,402,789,789
2016-03-28 06:35:22,505,153,69,276,402,789,789
2016-03-28 06:35:23,507,154,69,277,403,789,789
2016-03-28 06:35:24,510,155,69,278,403,789,789
2016-03-28 06:35:25,513,156,69,279,403,789,789
2016-03-28 06:35:26,514,157,69,280,403,789,789
2016-03-28 06:35:27,516,158,69,281,403,789,789
2016-03-28 06:35:28,520,159,69,281,404,789,789
2016-03-28 06:35:29,521,160,69,282,404,789,789
2016-03-28 06:35:30,526,161,69,283,404,789,789
2016-03-28 06:35:31,529,162,69,284,404,789,789
2016-03-28 06:35:32,532,163,69,284,405,789,789
2016-03-28 06:35:33,535,164,69,285,405,789,789
2016-03-28 06:35:34,538,165,69,286,405,789,789
2016-03-28 06:35:35,544,166,69,287,406,789,789
2016-03-28 06:35:36,548,167,69,288,406,789,789
2016-03-28 06:35:37,552,168,69,289,407,789,789
2016-03-28 06:35:38,556,169,69,289,407,789,789
2016-03-28 06:35:39,561,170,69,290,407,789,789
2016-03-28 06:35:40,563,171,69,291,408,789,789
2016-03-28 06:35:41,568,172,69,292,408,789,789
2016-03-28 06:35:42,569,173,69,293,408,789,789
2016-03-28 06:35:43,575,174,69,294,409,789,789
2016-03-28 06:35:44,576,175,69,294,409,789,788
2016-03-28 06:35:45,577,176,69,295,409,789,789
2016-03-28 06:35:46,580,177,69,296,409,789,789
2016-03-28 06:35:47,584,178,69,297,410,789,789
2016-03-28 06:35:48,585,179,69,298,410,789,789
2016-03-28 06:35:49,591,180,69,298,410,789,788
2016-03-28 06:35:50,597,181,69,299,411,789,789
2016-03-28 06:35:51,600,182,69,300,411,789,788
2016-03-28 06:35:52,601,183,69,301,411,789,788
2016-03-28 06:35:53,602,184,69,302,411,789,789
2016-03-28 06:35:54,607,185,69,302,412,789,789
2016-03-28 06:35:55,612,186,69,303,412,789,789
2016-03-28 06:35:56,615,187,69,304,412,789,789
2016-03-28 06:35:57,620,188,69,305,413,789,788
2016-03-28 06:35:58,624,189,69,306,413,789,788
2016-03-28 06:35:59,630,190,69,306,413,789,788
2016-03-28 06:36:00,634,191,69,307,414,789,788
2016-03-28 06:36:01,636,192,69,308,414,789,788
2016-03-28 06:36:02,641,193,69,309,414,789,788
2016-03-28 06:36:03,646,194,69,309,415,789,788
2016-03-28 06:36:04,650,195,69,310,415,789,788
2016-03-28 06:36:05,653,196,69,311,415,789,788
2016-03-28 06:36:06,658,197,69,312,415,789,788
2016-03-28 06:36:07,659,198,69,312,416,789,788
2016-03-28 06:36:08,662,199,69,313,416,789,788
2016-03-28 06:36:09,667,200,69,314,416,789,789
2016-03-28 06:36:10,670,201,69,315,416,789,788
2016-03-28 06:36:11,676,202,69,316,417,789,788
2016-03-28 06:36:12,681,203,69,316,417,789,788
2016-03-28 06:36:13,682,204,69,317,417,789,788
2016-03-28 06:36:14,683,205,69,318,417,789,788
2016-03-28 06:36:15,688,206,69,318,418,789,788
2016-03-28 06:36:16,689,207,69,319,418,789,788
2016-03-28 06:36:17,694,208,69,320,418,789,788
2016-03-28 06:36:18,699,209,69,321,418,789,788
2016-03-28 06:36:19,704,210,69,321,418,789,788
2016-03-28 06:36:20,706,211,69,322,419,789,788
2016-03-28 06:36:21,706,212,69,323,419,789,788
2016-03-28 06:36:22,712,213,69,324,419,789,788
2016-03-28 06:36:23,713,214,69,324,419,789,788
2016-03-28 06:36:24,714,215,69,325,420,789,788
2016-03-28 06:36:25,719,216,69,326,420,789,789
2016-03-28 06:36:26,721,217,69,327,420,789,788
2016-03-28 06:36:27,727,218,69,327,421,789,788
2016-03-28 06:36:28,730,219,69,328,421,789,788
2016-03-28 06:36:29,732,220,69,329,421,789,788
2016-03-28 06:36:30,737,221,69,329,421,789,788
2016-03-28 06:36:31,738,222,69,330,422,789,788
2016-03-28 06:36:32,743,223,69,331,422,789,788
2016-03-28 06:36:33,749,224,69,332,422,789,788
2016-03-28 06:36:34,753,225,69,332,422,789,788
2016-03-28 06:36:35,759,226,69,333,422,789,788
2016-03-28 06:36:36,762,227,69,334,423,789,788
2016-03-28 06:36:37,767,228,69,335,423,789,788
2016-03-28 06:36:38,770,229,69,335,423,789,788
2016-03-28 06:36:39,774,230,69,336,424,789,788
2016-03-28 06:36:40,779,231,69,337,424,789,788
2016-03-28 06:36:41,780,232,69,338,425,789,788
2016-03-28 06:36:42,781,233,69,338,425,789,788
2016-03-28 06:36:43,786,234,69,339,425,789,788
2016-03-28 06:36:44,789,235,69,340,425,789,788
2016-03-28 06:36:45,794,236,69,340,426,789,788
2016-03-28 06:36:46,800,237,69,341,426,789,788
2016-03-28 06:36:47,803,238,69,342,426,789,788
2016-03-28 06:36:48,808,239,70,342,426,789,788
2016-03-28 06:36:49,811,240,69,343,426,789,788
2016-03-28 06:36:50,812,241,70,344,427,789,788
2016-03-28 06:36:51,817,242,69,344,427,789,788
2016-03-28 06:36:52,823,243,69,345,427,789,788
2016-03-28 06:36:53,828,244,70,346,427,789,788
2016-03-28 06:36:54,833,245,69,346,428,789,788
2016-03-28 06:36:55,837,246,70,347,428,789,788
2016-03-28 06:36:56,842,247,70,348,428,789,788
2016-03-28 06:36:57,845,248,70,348,428,789,788
2016-03-28 06:36:58,847,249,70,349,429,789,788
2016-03-28 06:36:59,852,250,70,350,429,789,788
2016-03-28 06:37:00,853,251,70,351,429,789,788
2016-03-28 06:37:01,857,252,70,351,429,789,788
2016-03-28 06:37:02,861,253,70,352,429,789,788
2016-03-28 06:37:03,865,255,70,353,429,789,788
2016-03-28 06:37:04,869,256,70,353,430,789,788
2016-03-28 06:37:05,870,257,70,354,430,789,788
2016-03-28 06:37:06,873,258,70,354,430,789,788
2016-03-28 06:37:07,876,259,70,355,430,789,788
2016-03-28 06:37:08,879,260,70,356,430,789,788
2016-03-28 06:37:09,884,261,70,356,431,789,788
2016-03-28 06:37:10,890,262,70,357,431,788,788
2016-03-28 06:37:11,893,263,70,358,431,789,788
2016-03-28 06:37:12,899,264,70,358,431,789,788
2016-03-28 06:37:13,901,265,70,359,432,789,788
2016-03-28 06:37:14,907,266,70,360,432,788,788
2016-03-28 06:37:15,911,267,70,360,432,789,788
2016-03-28 06:37:16,917,268,70,361,432,788,788
2016-03-28 06:37:17,918,269,70,361,432,788,788
2016-03-28 06:37:18,919,270,70,362,432,788,788
2016-03-28 06:37:19,923,271,70,363,433,789,788
2016-03-28 06:37:20,925,272,70,363,433,788,788
2016-03-28 06:37:21,927,273,70,364,433,788,788
2016-03-28 06:37:22,932,274,70,365,433,789,788
2016-03-28 06:37:23,934,275,70,365,434,788,788
2016-03-28 06:37:24,940,276,70,366,434,788,788
2016-03-28 06:37:25,941,277,70,367,434,789,788
2016-03-28 06:37:26,946,278,70,367,434,789,788
2016-03-28 06:37:27,949,279,70,368,434,788,788
2016-03-28 06:37:28,950,280,70,368,434,789,788
2016-03-28 06:37:29,954,281,70,369,434,788,788
2016-03-28 06:37:30,956,282,70,369,435,788,788
2016-03-28 06:37:31,961,283,70,370,435,788,788
2016-03-28 06:37:32,964,284,70,371,435,788,788
2016-03-28 06:37:33,969,285,70,371,435,788,788
2016-03-28 06:37:34,973,286,70,372,435,788,788
2016-03-28 06:37:35,978,287,70,372,436,788,788
2016-03-28 06:37:36,981,288,70,373,436,788,788
2016-03-28 06:37:37,985,289,70,374,436,788,788
2016-03-28 06:37:38,990,290,70,374,436,788,788
2016-03-28 06:37:39,991,291,70,375,436,788,788
2016-03-28 06:37:40,994,292,70,375,436,788,788
2016-03-28 06:37:41,996,293,70,376,436,788,788
2016-03-28 06:37:43,000,294,70,377,437,788,788
2016-03-28 06:37:44,005,295,70,377,437,788,788
2016-03-28 06:37:45,010,296,70,378,437,788,788
2016-03-28 06:37:46,014,297,70,379,437,788,788
2016-03-28 06:37:47,019,298,70,379,438,788,788
2016-03-28 06:37:48,022,299,70,380,438,788,788
2016-03-28 06:37:49,028,300,70,380,438,788,788
2016-03-28 06:37:50,030,301,70,381,438,788,788
2016-03-28 06:37:51,035,302,70,381,439,788,788
2016-03-28 06:37:52,039,303,70,382,439,788,788
2016-03-28 06:37:53,045,304,70,383,439,788,788
2016-03-28 06:37:54,047,305,70,383,439,788,788
2016-03-28 06:37:55,053,306,70,384,439,788,788
2016-03-28 06:37:56,056,307,70,384,440,788,788
2016-03-28 06:37:57,061,308,70,385,440,788,788
2016-03-28 06:37:58,065,309,70,385,440,788,788
2016-03-28 06:37:59,069,310,70,386,440,788,788
2016-03-28 06:38:00,073,311,70,386,440,788,788
2016-03-28 06:38:01,074,312,70,387,441,788,788
2016-03-28 06:38:02,080,313,70,388,441,788,788
2016-03-28 06:38:03,081,314,70,388,441,788,788
2016-03-28 06:38:04,087,315,70,389,441,788,788
2016-03-28 06:38:05,088,316,70,389,441,788,788
2016-03-28 06:38:06,091,317,70,390,442,788,788
2016-03-28 06:38:07,096,318,70,390,442,788,788
2016-03-28 06:38:08,100,319,70,391,442,788,788
2016-03-28 06:38:09,105,320,70,391,442,788,788
2016-03-28 06:38:10,109,321,70,392,443,788,788
2016-03-28 06:38:11,114,322,70,393,443,788,788
2016-03-28 06:38:12,118,323,70,393,443,788,788
2016-03-28 06:38:13,122,324,70,394,443,788,788
2016-03-28 06:38:14,123,325,70,394,444,788,788
2016-03-28 06:38:15,127,326,70,395,444,788,788
2016-03-28 06:38:16,129,327,70,395,444,788,788
2016-03-28 06:38:17,135,328,70,396,444,788,788
2016-03-28 06:38:18,138,329,70,397,444,788,788
2016-03-28 06:38:19,139,330,70,397,445,788,788
2016-03-28 06:38:20,144,331,70,398,445,788,788
2016-03-28 06:38:21,146,332,70,398,445,788,788
2016-03-28 06:38:22,151,333,70,399,445,788,788
2016-03-28 06:38:23,153,334,70,399,445,788,788
2016-03-28 06:38:24,154,335,70,400,445,788,788
2016-03-28 06:38:25,156,336,70,400,446,788,788
2016-03-28 06:38:26,162,337,70,401,446,788,788
2016-03-28 06:38:27,168,338,70,401,446,788,788
2016-03-28 06:38:28,171,339,70,402,446,788,788
2016-03-28 06:38:29,174,340,70,403,446,788,788
2016-03-28 06:38:30,179,341,70,403,446,788,788
2016-03-28 06:38:31,181,342,70,404,446,788,788
2016-03-28 06:38:32,185,343,70,404,446,788,788
2016-03-28 06:38:33,187,344,70,405,447,788,788
2016-03-28 06:38:34,193,345,70,405,447,788,788
2016-03-28 06:38:35,194,346,70,406,447,788,788
2016-03-28 06:38:36,196,347,70,406,448,788,788
2016-03-28 06:38:37,201,348,70,407,448,788,788
2016-03-28 06:38:38,202,349,70,407,448,788,788
2016-03-28 06:38:39,205,350,70,408,448,788,788
2016-03-28 06:38:40,208,351,70,408,448,788,788
2016-03-28 06:38:41,210,352,70,409,449,788,788
2016-03-28 06:38:42,215,353,70,409,449,788,788
2016-03-28 06:38:43,217,354,70,410,449,788,788
2016-03-28 06:38:44,223,355,70,410,449,788,788
2016-03-28 06:38:45,224,356,70,411,449,788,788
2016-03-28 06:38:46,226,357,70,411,450,788,788
2016-03-28 06:38:47,231,358,70,412,450,788,788
2016-03-28 06:38:48,233,359,70,412,450,788,788
2016-03-28 06:38:49,236,360,70,413,450,788,788
2016-03-28 06:38:50,238,361,70,413,450,788,788
2016-03-28 06:38:51,242,362,70,414,451,788,788
2016-03-28 06:38:52,247,363,70,415,451,788,788
2016-03-28 06:38:53,248,364,70,415,451,788,788
2016-03-28 06:38:54,250,365,70,416,451,788,788
2016-03-28 06:38:55,254,366,70,416,451,788,788
2016-03-28 06:38:56,255,367,70,417,452,788,788
2016-03-28 06:38:57,257,368,70,417,452,788,788
2016-03-28 06:38:58,263,369,70,418,452,788,788
2016-03-28 06:38:59,267,370,70,418,452,788,788
2016-03-28 06:39:00,269,371,70,419,453,788,788
2016-03-28 06:39:01,272,372,70,419,453,788,788
2016-03-28 06:39:02,278,373,70,420,453,788,788
2016-03-28 06:39:03,279,374,70,420,453,788,788
2016-03-28 06:39:04,279,375,70,420,453,788,788
2016-03-28 06:39:05,284,376,70,421,454,788,788
2016-03-28 06:39:06,284,377,70,421,454,788,788
2016-03-28 06:39:07,290,378,70,422,454,788,788
2016-03-28 06:39:08,291,379,70,422,454,788,788
2016-03-28 06:39:09,296,380,70,423,455,788,788
2016-03-28 06:39:10,300,381,70,423,455,788,788
2016-03-28 06:39:11,303,382,70,424,455,788,788
2016-03-28 06:39:12,308,383,70,424,455,788,788
2016-03-28 06:39:13,309,384,70,425,456,788,788
2016-03-28 06:39:14,313,385,70,425,456,788,788
2016-03-28 06:39:15,315,386,70,426,456,788,788
2016-03-28 06:39:16,317,387,70,426,456,788,788
2016-03-28 06:39:17,321,388,70,427,456,788,788
2016-03-28 06:39:18,322,389,70,427,457,788,788
2016-03-28 06:39:19,325,390,70,428,457,788,788
2016-03-28 06:39:20,330,391,70,428,457,788,788
2016-03-28 06:39:21,334,392,70,429,457,788,788
2016-03-28 06:39:22,339,393,70,429,458,788,788
2016-03-28 06:39:23,340,394,70,430,458,788,788
2016-03-28 06:39:24,343,395,70,430,458,788,788
2016-03-28 06:39:25,349,396,70,431,458,788,788
2016-03-28 06:39:26,350,397,70,431,458,788,788
2016-03-28 06:39:27,354,398,70,432,459,788,788
2016-03-28 06:39:28,355,399,70,432,459,788,788
2016-03-28 06:39:29,359,400,70,433,459,788,788
2016-03-28 06:39:30,361,401,70,433,459,788,788
2016-03-28 06:39:31,365,402,70,434,459,788,788
2016-03-28 06:39:32,370,403,71,434,459,788,788
2016-03-28 06:39:33,370,404,71,435,460,788,788
2016-03-28 06:39:34,372,405,71,435,460,788,788
2016-03-28 06:39:35,377,406,71,436,460,788,788
2016-03-28 06:39:36,380,407,71,436,460,788,788
2016-03-28 06:39:37,385,408,71,437,460,788,788
2016-03-28 06:39:38,386,409,70,437,460,788,788
2016-03-28 06:39:39,389,410,71,438,461,788,788
2016-03-28 06:39:40,392,411,71,438,460,788,788
2016-03-28 06:39:41,395,412,71,438,461,788,788
2016-03-28 06:39:42,400,413,71,439,461,788,788
2016-03-28 06:39:43,401,414,71,439,461,788,788
2016-03-28 06:39:44,402,415,71,440,461,788,788
2016-03-28 06:39:45,407,416,71,440,461,788,788
2016-03-28 06:39:46,411,417,71,441,461,788,788
2016-03-28 06:39:47,416,418,71,441,462,788,788
2016-03-28 06:39:48,420,419,71,442,462,788,788
2016-03-28 06:39:49,424,420,71,442,462,788,788
2016-03-28 06:39:50,430,421,71,443,462,788,788
2016-03-28 06:39:51,433,422,71,443,462,788,788
2016-03-28 06:39:52,437,423,71,444,462,788,788
2016-03-28 06:39:53,441,424,71,444,461,788,788
2016-03-28 06:39:54,447,425,71,444,461,788,788
2016-03-28 06:39:55,450,426,71,445,461,788,788
2016-03-28 06:39:56,454,427,71,445,461,788,788
2016-03-28 06:39:57,458,428,71,446,461,788,788
2016-03-28 06:39:58,461,429,71,446,461,788,788
2016-03-28 06:39:59,467,430,71,447,461,788,788
2016-03-28 06:40:00,470,431,71,447,461,788,788
2016-03-28 06:40:01,475,432,71,448,461,788,788
2016-03-28 06:40:02,476,433,71,448,461,788,788
2016-03-28 06:40:03,481,434,71,449,462,788,788
2016-03-28 06:40:04,483,435,71,449,462,788,788
2016-03-28 06:40:05,486,436,71,450,462,788,788
2016-03-28 06:40:06,490,437,71,450,463,788,788
2016-03-28 06:40:07,496,438,71,450,463,788,788
2016-03-28 06:40:08,499,439,71,451,463,788,788
2016-03-28 06:40:09,503,440,71,452,463,788,788
2016-03-28 06:40:10,507,441,71,452,463,788,788
2016-03-28 06:40:11,510,442,71,452,464,788,788
2016-03-28 06:40:12,516,443,71,453,464,788,788
2016-03-28 06:40:13,518,444,71,453,464,788,788
2016-03-28 06:40:14,523,445,71,454,464,788,788
2016-03-28 06:40:15,527,446,71,454,464,788,788
2016-03-28 06:40:16,532,447,71,455,465,788,788
2016-03-28 06:40:17,538,448,71,455,465,788,788
2016-03-28 06:40:18,541,449,71,456,465,788,788
2016-03-28 06:40:19,543,450,71,456,465,788,788
2016-03-28 06:40:20,549,451,71,457,465,788,788
2016-03-28 06:40:21,551,452,71,457,466,788,788
2016-03-28 06:40:22,552,453,71,458,466,788,788
2016-03-28 06:40:23,557,454,71,458,466,788,788
2016-03-28 06:40:24,560,455,71,458,466,788,788
2016-03-28 06:40:25,565,456,71,459,466,788,788
2016-03-28 06:40:26,567,457,71,459,466,788,788
2016-03-28 06:40:27,570,458,71,460,467,788,788
2016-03-28 06:40:28,572,459,71,460,467,788,788
2016-03-28 06:40:29,576,460,71,461,467,788,788
2016-03-28 06:40:30,581,461,71,461,467,788,788
2016-03-28 06:40:31,582,462,71,462,467,788,788
2016-03-28 06:40:32,586,463,71,462,468,788,788
2016-03-28 06:40:33,588,464,71,462,468,788,788
2016-03-28 06:40:34,591,465,71,463,468,788,788
2016-03-28 06:40:35,596,466,71,464,468,788,788
2016-03-28 06:40:36,599,467,71,464,468,788,788
2016-03-28 06:40:37,605,468,71,464,469,788,788
2016-03-28 06:40:38,606,469,71,465,469,788,788
2016-03-28 06:40:39,611,470,71,465,469,788,788
2016-03-28 06:40:40,614,471,71,466,469,788,788
2016-03-28 06:40:41,619,472,71,466,470,788,788
2016-03-28 06:40:42,623,473,71,467,470,788,788
2016-03-28 06:40:43,627,474,71,467,470,788,788
2016-03-28 06:40:44,628,475,71,468,470,788,788
2016-03-28 06:40:45,634,476,71,468,471,788,788
2016-03-28 06:40:46,637,477,71,468,471,788,788
2016-03-28 06:40:47,639,478,71,469,471,788,788
2016-03-28 06:40:48,644,479,71,469,471,788,788
2016-03-28 06:40:49,648,480,71,470,471,788,788
2016-03-28 06:40:50,654,481,71,470,472,788,788
2016-03-28 06:40:51,659,482,71,470,472,788,788
2016-03-28 06:40:52,664,483,71,471,472,788,788
2016-03-28 06:40:53,666,484,71,471,473,788,788
2016-03-28 06:40:54,671,485,71,472,473,788,788
2016-03-28 06:40:55,672,486,71,472,473,788,788
2016-03-28 06:40:56,678,487,71,473,473,788,788
2016-03-28 06:40:57,682,488,71,473,473,788,788
2016-03-28 06:40:58,687,489,71,473,474,788,788
2016-03-28 06:40:59,688,490,71,474,474,788,788
2016-03-28 06:41:00,693,491,71,474,474,788,788
2016-03-28 06:41:01,697,492,71,475,474,788,788
2016-03-28 06:41:02,698,493,71,475,474,788,788
2016-03-28 06:41:03,703,494,71,476,474,788,788
2016-03-28 06:41:04,705,495,71,476,474,788,788
2016-03-28 06:41:05,711,496,71,477,475,788,788
2016-03-28 06:41:06,713,497,71,477,475,788,788
2016-03-28 06:41:07,719,498,71,478,475,788,788
2016-03-28 06:41:08,719,499,71,478,475,788,788
2016-03-28 06:41:09,722,500,71,479,475,788,788
2016-03-28 06:41:10,727,501,71,479,475,788,788
2016-03-28 06:41:11,733,502,71,479,475,788,788
2016-03-28 06:41:12,738,503,71,480,475,788,788
2016-03-28 06:41:13,742,504,71,480,475,788,788
2016-03-28 06:41:14,744,505,71,481,475,788,788
2016-03-28 06:41:15,748,506,71,481,475,788,788
2016-03-28 06:41:16,753,507,71,482,475,788,788
2016-03-28 06:41:17,757,508,71,482,475,788,788
2016-03-28 06:41:18,761,509,71,483,476,788,788
2016-03-28 06:41:19,763,510,71,483,476,788,788
2016-03-28 06:41:20,768,511,71,484,475,788,788
2016-03-28 06:41:21,769,512,71,484,475,788,788
2016-03-28 06:41:22,772,513,71,484,476,788,788
2016-03-28 06:41:23,776,514,71,485,476,788,788
2016-03-28 06:41:24,778,515,71,485,476,788,788
2016-03-28 06:41:25,784,516,71,486,477,788,788
2016-03-28 06:41:26,784,517,71,486,477,788,788
2016-03-28 06:41:27,787,518,71,487,477,788,788
2016-03-28 06:41:28,791,519,71,487,478,788,788
2016-03-28 06:41:29,792,520,71,488,478,788,788
2016-03-28 06:41:30,796,521,71,488,478,788,788
2016-03-28 06:41:31,800,522,71,489,478,788,788
2016-03-28 06:41:32,804,523,71,489,479,788,788
2016-03-28 06:41:33,807,524,71,490,479,788,788
2016-03-28 06:41:34,812,525,71,490,479,788,788
2016-03-28 06:41:35,815,526,71,491,480,788,788
2016-03-28 06:41:36,820,527,71,491,480,788,788
2016-03-28 06:41:37,824,528,71,492,480,788,788
2016-03-28 06:41:38,827,529,71,492,480,788,788
2016-03-28 06:41:39,832,530,71,493,480,788,788
2016-03-28 06:41:40,835,531,71,493,481,788,788
2016-03-28 06:41:41,841,532,71,494,481,788,788
2016-03-28 06:41:42,846,533,71,494,481,788,788
2016-03-28 06:41:43,849,534,71,495,481,788,788
2016-03-28 06:41:44,853,535,71,495,481,788,788
2016-03-28 06:41:45,858,536,71,496,482,788,788
2016-03-28 06:41:46,859,537,71,496,482,788,788
2016-03-28 06:41:47,860,538,71,497,482,788,788
2016-03-28 06:41:48,865,540,71,497,483,788,788
2016-03-28 06:41:49,870,541,71,498,483,788,788
2016-03-28 06:41:50,873,542,71,498,483,788,788
2016-03-28 06:41:51,876,543,71,499,483,788,788
2016-03-28 06:41:52,882,544,71,499,483,788,788
2016-03-28 06:41:53,884,545,71,500,484,788,788
2016-03-28 06:41:54,889,546,71,500,484,788,788
2016-03-28 06:41:55,892,547,71,500,484,788,788
2016-03-28 06:41:56,897,548,71,501,484,788,788
2016-03-28 06:41:57,900,549,71,501,484,788,788
2016-03-28 06:41:58,906,550,71,502,485,788,788
2016-03-28 06:41:59,911,551,71,502,485,788,788
2016-03-28 06:42:00,915,552,71,502,485,788,788
2016-03-28 06:42:01,918,553,71,503,485,788,788
2016-03-28 06:42:02,923,554,71,503,485,788,788
2016-03-28 06:42:03,924,555,71,504,486,788,788
2016-03-28 06:42:04,927,556,71,504,486,788,788
2016-03-28 06:42:05,931,557,71,505,486,788,788
2016-03-28 06:42:06,931,558,71,505,486,788,788
2016-03-28 06:42:07,935,559,71,505,486,788,788
2016-03-28 06:42:08,938,560,71,506,486,788,788
2016-03-28 06:42:09,939,561,71,506,486,788,788
2016-03-28 06:42:10,945,562,71,506,487,788,788
2016-03-28 06:42:11,950,563,71,507,487,788,788
2016-03-28 06:42:12,955,564,71,507,487,788,788
2016-03-28 06:42:13,957,565,71,507,487,788,788
2016-03-28 06:42:14,962,566,71,508,487,788,788
2016-03-28 06:42:15,968,567,71,508,488,788,788
2016-03-28 06:42:16,971,568,71,508,488,788,788
2016-03-28 06:42:17,975,569,71,509,488,788,788
2016-03-28 06:42:18,980,570,71,509,488,788,788
2016-03-28 06:42:19,986,571,71,509,488,788,788
2016-03-28 06:42:20,988,572,71,510,489,788,788
2016-03-28 06:42:21,994,573,71,510,489,788,788
2016-03-28 06:42:22,997,574,71,510,489,788,788
2016-03-28 06:42:24,002,575,71,511,489,788,788
2016-03-28 06:42:25,008,576,71,511,489,788,788
2016-03-28 06:42:26,013,577,71,511,489,788,788
2016-03-28 06:42:27,018,578,71,511,490,788,788
2016-03-28 06:42:28,022,579,71,512,490,788,788
2016-03-28 06:42:29,024,580,71,512,490,788,788
2016-03-28 06:42:30,025,581,71,512,490,788,788
2016-03-28 06:42:31,031,582,71,513,490,788,788
2016-03-28 06:42:32,032,583,72,513,491,788,788
2016-03-28 06:42:33,034,584,71,513,491,788,788
2016-03-28 06:42:34,037,585,71,514,491,788,788
2016-03-28 06:42:35,038,586,72,514,490,788,788
2016-03-28 06:42:36,040,587,72,514,490,788,788
2016-03-28 06:42:37,044,588,71,514,490,788,788
2016-03-28 06:42:38,049,589,72,515,490,788,788
2016-03-28 06:42:39,053,590,71,515,490,787,787
2016-03-28 06:42:40,057,591,72,515,490,787,788
2016-03-28 06:42:41,061,592,72,516,490,788,788
2016-03-28 06:42:42,064,593,72,516,490,788,788
2016-03-28 06:42:43,070,594,72,516,490,787,788
2016-03-28 06:42:44,076,595,72,517,490,788,788
2016-03-28 06:42:45,079,596,72,517,490,788,788
2016-03-28 06:42:46,084,597,72,517,490,788,788
2016-03-28 06:42:47,087,598,71,517,489,787,787
2016-03-28 06:42:48,093,599,72,518,489,787,788
2016-03-28 06:42:49,095,600,72,518,489,788,788
2016-03-28 06:42:50,097,601,72,518,488,788,788
2016-03-28 06:42:51,102,602,72,518,488,787,787
2016-03-28 06:42:52,108,603,72,519,488,788,788
2016-03-28 06:42:53,112,604,72,519,487,788,788
2016-03-28 06:42:54,118,605,72,519,487,788,788
2016-03-28 06:42:55,121,606,72,519,487,787,788
2016-03-28 06:42:56,121,607,72,520,487,787,788
2016-03-28 06:42:57,127,608,72,520,486,787,787
2016-03-28 06:42:58,130,609,72,520,486,787,787
2016-03-28 06:42:59,133,610,72,521,486,787,787
2016-03-28 06:43:00,136,611,72,521,485,787,787
2016-03-28 06:43:01,139,612,72,521,485,788,788
2016-03-28 06:43:02,145,613,72,522,484,788,788
2016-03-28 06:43:03,150,614,72,522,484,787,788
2016-03-28 06:43:04,155,615,72,522,483,787,788
2016-03-28 06:43:05,161,616,72,522,483,787,787
2016-03-28 06:43:06,161,617,72,523,483,787,788
2016-03-28 06:43:07,166,618,72,523,483,787,787
2016-03-28 06:43:08,175,619,72,523,483,787,787
2016-03-28 06:43:09,180,620,72,523,482,787,787
2016-03-28 06:43:10,183,621,72,523,483,787,788
2016-03-28 06:43:11,188,622,72,524,483,787,787
2016-03-28 06:43:12,192,623,72,524,483,787,788
2016-03-28 06:43:13,198,624,72,524,483,787,788
2016-03-28 06:43:14,202,625,72,524,482,787,787
2016-03-28 06:43:15,205,626,72,524,482,787,787
2016-03-28 06:43:16,211,627,72,525,482,787,788
2016-03-28 06:43:17,214,628,72,525,482,787,787
2016-03-28 06:43:18,219,629,72,525,482,787,787
2016-03-28 06:43:19,222,630,72,525,482,787,787
2016-03-28 06:43:20,228,631,72,526,482,787,788
2016-03-28 06:43:21,231,632,72,526,482,787,788
2016-03-28 06:43:22,232,633,72,526,482,787,787
2016-03-28 06:43:23,237,634,72,526,482,787,787
2016-03-28 06:43:24,241,635,72,527,482,787,787
2016-03-28 06:43:25,247,636,72,527,482,787,787
2016-03-28 06:43:26,249,637,72,527,482,787,787
2016-03-28 06:43:27,250,638,72,528,482,787,787
2016-03-28 06:43:28,255,639,72,528,482,787,787
2016-03-28 06:43:29,258,640,72,528,482,787,787
2016-03-28 06:43:30,263,641,72,528,482,787,787
2016-03-28 06:43:31,264,642,72,529,482,787,787
2016-03-28 06:43:32,265,643,72,529,482,787,787
2016-03-28 06:43:33,270,644,72,529,482,787,787
2016-03-28 06:43:34,275,645,72,529,482,787,787
2016-03-28 06:43:35,279,646,72,530,482,787,787
2016-03-28 06:43:36,280,647,72,530,482,787,787
2016-03-28 06:43:37,283,648,72,530,482,787,787
2016-03-28 06:43:38,285,649,72,531,483,787,787
2016-03-28 06:43:39,288,650,72,531,482,787,787
2016-03-28 06:43:40,293,651,72,531,482,787,787
2016-03-28 06:43:41,294,652,72,531,482,787,787
2016-03-28 06:43:42,298,653,72,532,482,787,787
2016-03-28 06:43:43,301,654,72,532,482,787,787
2016-03-28 06:43:44,305,655,72,532,481,787,787
2016-03-28 06:43:45,309,656,72,533,481,787,787
2016-03-28 06:43:46,310,657,72,533,481,787,787
2016-03-28 06:43:47,313,658,72,533,481,787,787
2016-03-28 06:43:48,316,659,72,534,480,787,787
2016-03-28 06:43:49,318,660,72,534,480,787,787
2016-03-28 06:43:50,319,661,72,534,480,787,787
2016-03-28 06:43:51,323,662,72,534,479,787,787
2016-03-28 06:43:52,328,663,72,534,479,787,787
2016-03-28 06:43:53,332,664,72,535,478,787,787
2016-03-28 06:43:54,335,665,72,535,478,787,787
2016-03-28 06:43:55,340,666,72,535,478,787,787
2016-03-28 06:43:56,341,667,72,535,478,787,787
2016-03-28 06:43:57,344,668,72,536,477,787,787
2016-03-28 06:43:58,347,669,72,536,477,787,787
2016-03-28 06:43:59,350,670,72,536,476,787,787
2016-03-28 06:44:00,355,671,72,537,476,787,787
2016-03-28 06:44:01,361,672,72,537,476,787,787
2016-03-28 06:44:02,364,673,72,537,476,787,787
2016-03-28 06:44:03,367,674,72,537,476,787,787
2016-03-28 06:44:04,372,675,72,538,476,787,787
2016-03-28 06:44:05,378,676,72,538,476,787,787
2016-03-28 06:44:06,381,677,72,538,476,787,787
2016-03-28 06:44:07,386,678,72,538,476,787,787
2016-03-28 06:44:08,389,679,72,539,476,787,787
2016-03-28 06:44:09,393,680,72,539,475,787,787
2016-03-28 06:44:10,398,681,72,540,475,787,787
2016-03-28 06:44:11,399,682,72,540,475,787,787
2016-03-28 06:44:12,400,683,72,540,475,787,787
2016-03-28 06:44:13,405,684,72,540,475,787,787
2016-03-28 06:44:14,409,685,72,541,475,787,787
2016-03-28 06:44:15,413,686,72,541,475,787,787
2016-03-28 06:44:16,414,687,72,541,475,787,787
2016-03-28 06:44:17,420,688,72,541,474,787,787
2016-03-28 06:44:18,425,689,72,541,474,787,787
2016-03-28 06:44:19,430,690,72,542,474,787,787
2016-03-28 06:44:20,435,691,72,542,474,787,787
2016-03-28 06:44:21,439,692,72,542,474,787,787
2016-03-28 06:44:22,444,693,72,543,474,787,787
2016-03-28 06:44:23,450,694,72,543,474,787,787
2016-03-28 06:44:24,453,695,72,543,473,787,787
2016-03-28 06:44:25,455,696,72,543,473,787,787
2016-03-28 06:44:26,461,697,72,544,473,787,787
2016-03-28 06:44:27,464,698,72,544,473,787,787
2016-03-28 06:44:28,465,699,72,544,473,787,787
2016-03-28 06:44:29,470,700,72,545,473,787,787
2016-03-28 06:44:30,474,701,72,545,473,787,787
2016-03-28 06:44:31,477,702,72,545,473,787,787
2016-03-28 06:44:32,480,703,72,545,473,787,787
2016-03-28 06:44:33,485,704,72,546,473,787,787
2016-03-28 06:44:34,488,705,72,546,472,787,787
2016-03-28 06:44:35,489,706,72,546,472,787,787
2016-03-28 06:44:36,495,707,72,546,472,787,787
2016-03-28 06:44:37,499,708,72,547,472,787,787
2016-03-28 06:44:38,504,709,72,547,472,787,787
2016-03-28 06:44:39,505,710,72,547,472,787,787
2016-03-28 06:44:40,506,711,72,547,472,787,787
2016-03-28 06:44:41,511,712,72,547,472,787,787
2016-03-28 06:44:42,512,713,72,548,472,787,787
2016-03-28 06:44:43,518,714,72,548,472,787,787
2016-03-28 06:44:44,519,715,72,548,472,787,787
2016-03-28 06:44:45,520,716,72,548,472,787,787
2016-03-28 06:44:46,525,717,72,549,472,787,787
2016-03-28 06:44:47,527,718,72,549,472,787,787
2016-03-28 06:44:48,528,719,72,549,472,787,787
2016-03-28 06:44:49,533,720,72,549,472,787,787
2016-03-28 06:44:50,538,721,72,550,472,787,787
2016-03-28 06:44:51,542,722,72,550,471,787,787
2016-03-28 06:44:52,546,723,72,550,471,787,787
2016-03-28 06:44:53,551,724,72,550,471,787,787
2016-03-28 06:44:54,552,725,72,551,471,787,787
2016-03-28 06:44:55,553,726,72,551,471,787,787
2016-03-28 06:44:56,558,727,72,551,471,787,787
2016-03-28 06:44:57,559,728,72,551,470,787,787
2016-03-28 06:44:58,560,729,72,552,470,787,787
2016-03-28 06:44:59,564,730,72,552,470,787,787
2016-03-28 06:45:00,568,731,72,552,470,787,787
2016-03-28 06:45:01,572,732,72,552,470,787,787
2016-03-28 06:45:02,577,733,72,552,470,787,787
2016-03-28 06:45:03,582,734,72,552,470,787,787
2016-03-28 06:45:04,582,735,72,553,470,787,787
2016-03-28 06:45:05,587,736,72,553,470,787,787
2016-03-28 06:45:06,589,737,72,553,470,787,787
2016-03-28 06:45:07,592,738,72,553,470,787,787
2016-03-28 06:45:08,597,739,72,554,470,787,787
2016-03-28 06:45:09,602,740,72,554,470,787,787
2016-03-28 06:45:10,606,741,72,554,470,787,787
2016-03-28 06:45:11,611,742,72,554,470,787,787
2016-03-28 06:45:12,614,743,72,554,469,787,787
2016-03-28 06:45:13,615,744,72,555,469,787,787
2016-03-28 06:45:14,621,745,72,555,469,787,787
2016-03-28 06:45:15,626,746,72,555,469,787,787
2016-03-28 06:45:16,631,747,72,555,469,787,787
2016-03-28 06:45:17,633,748,72,555,469,787,787
2016-03-28 06:45:18,638,749,72,556,469,787,787
2016-03-28 06:45:19,639,750,72,556,469,787,787
2016-03-28 06:45:20,645,751,72,556,469,787,787
2016-03-28 06:45:21,646,752,72,556,469,787,787
2016-03-28 06:45:22,652,753,72,556,469,787,787
2016-03-28 06:45:23,655,754,72,556,469,787,787
2016-03-28 06:45:24,660,755,72,557,470,787,787
2016-03-28 06:45:25,664,756,72,557,470,787,787
2016-03-28 06:45:26,667,757,72,557,470,787,787
2016-03-28 06:45:27,672,758,72,557,470,787,787
2016-03-28 06:45:28,672,759,72,558,470,787,787
2016-03-28 06:45:29,676,760,72,558,470,787,787
2016-03-28 06:45:30,679,761,72,558,470,787,787
2016-03-28 06:45:31,683,762,73,558,470,787,787
2016-03-28 06:45:32,687,763,72,558,470,787,787
2016-03-28 06:45:33,689,764,73,558,470,787,787
2016-03-28 06:45:34,692,765,72,559,470,787,787
2016-03-28 06:45:35,694,766,72,559,470,787,787
2016-03-28 06:45:36,697,767,73,559,470,787,787
2016-03-28 06:45:37,703,768,73,559,470,787,787
2016-03-28 06:45:38,704,769,73,560,470,787,787
2016-03-28 06:45:39,705,770,73,560,470,787,787
2016-03-28 06:45:40,710,771,73,560,470,787,787
2016-03-28 06:45:41,713,772,73,560,470,787,787
2016-03-28 06:45:42,718,773,73,560,470,787,787
2016-03-28 06:45:43,719,774,73,560,470,787,787
2016-03-28 06:45:44,722,775,73,561,470,787,787
2016-03-28 06:45:45,725,776,72,561,469,787,787
2016-03-28 06:45:46,729,777,73,561,469,787,787
2016-03-28 06:45:47,733,778,73,561,469,787,787
2016-03-28 06:45:48,735,779,73,561,468,787,787
2016-03-28 06:45:49,739,780,73,562,468,787,787
2016-03-28 06:45:50,740,781,73,562,467,787,787
2016-03-28 06:45:51,741,782,73,562,467,787,787
2016-03-28 06:45:52,747,783,73,562,466,787,787
2016-03-28 06:45:53,750,784,73,562,465,787,787
2016-03-28 06:45:54,751,785,73,562,465,787,787
2016-03-28 06:45:55,756,786,73,562,465,787,787
2016-03-28 06:45:56,758,787,73,562,464,787,787
2016-03-28 06:45:57,763,788,73,562,464,787,787
2016-03-28 06:45:58,765,789,73,563,464,787,787
2016-03-28 06:45:59,766,790,73,563,463,787,787
2016-03-28 06:46:00,771,791,73,563,463,787,787
2016-03-28 06:46:01,774,792,73,563,462,787,787
2016-03-28 06:46:02,779,793,73,563,462,787,787
2016-03-28 06:46:03,783,794,73,563,462,787,787
2016-03-28 06:46:04,788,795,73,563,462,787,787
2016-03-28 06:46:05,792,796,73,563,461,787,787
2016-03-28 06:46:06,796,797,73,563,461,787,787
2016-03-28 06:46:07,797,798,73,564,460,787,787
2016-03-28 06:46:08,803,799,73,564,460,787,787
2016-03-28 06:46:09,806,800,73,564,460,787,787
2016-03-28 06:46:10,810,801,73,564,460,787,787
2016-03-28 06:46:11,812,802,73,564,460,787,787
2016-03-28 06:46:12,814,803,73,564,460,787,787
2016-03-28 06:46:13,819,804,73,564,460,787,787
2016-03-28 06:46:14,820,805,73,564,460,787,787
2016-03-28 06:46:15,825,806,73,564,460,787,787
2016-03-28 06:46:16,827,807,73,564,459,787,787
2016-03-28 06:46:17,831,808,73,565,459,787,787
2016-03-28 06:46:18,836,809,73,564,459,787,787
2016-03-28 06:46:19,837,810,73,565,459,787,787
2016-03-28 06:46:20,843,811,73,565,459,787,787
2016-03-28 06:46:21,844,812,73,565,459,787,787
2016-03-28 06:46:22,845,813,73,565,459,787,787
2016-03-28 06:46:23,851,814,73,565,459,787,787
2016-03-28 06:46:24,857,815,73,565,458,787,787
2016-03-28 06:46:25,859,816,73,565,458,787,787
2016-03-28 06:46:26,865,818,73,565,458,787,787
2016-03-28 06:46:27,868,819,73,565,458,787,787
2016-03-28 06:46:28,873,820,73,565,457,787,787
2016-03-28 06:46:29,876,821,73,565,457,787,787
2016-03-28 06:46:30,880,822,73,565,457,787,787
2016-03-28 06:46:31,885,823,73,565,456,787,787
2016-03-28 06:46:32,887,824,73,565,456,787,787
2016-03-28 06:46:33,892,825,73,565,456,787,787
2016-03-28 06:46:34,896,826,73,565,455,787,787
2016-03-28 06:46:35,901,827,73,565,455,787,787
2016-03-28 06:46:36,902,828,73,565,455,787,787
2016-03-28 06:46:37,908,829,73,565,455,787,787
2016-03-28 06:46:38,912,830,73,565,455,787,787
2016-03-28 06:46:39,917,831,73,566,455,787,787
2016-03-28 06:46:40,920,832,73,565,455,787,787
2016-03-28 06:46:41,922,833,73,566,454,787,787
2016-03-28 06:46:42,925,834,73,566,454,787,787
2016-03-28 06:46:43,931,835,73,566,454,787,787
2016-03-28 06:46:44,934,836,73,566,454,787,787
2016-03-28 06:46:45,939,837,73,566,454,787,787
2016-03-28 06:46:46,943,838,73,566,454,787,787
2016-03-28 06:46:47,949,839,73,566,453,787,787
2016-03-28 06:46:48,951,840,73,565,453,787,787
2016-03-28 06:46:49,953,841,73,565,453,787,787
2016-03-28 06:46:50,959,842,73,566,453,787,787
2016-03-28 06:46:51,963,843,73,565,453,787,787
2016-03-28 06:46:52,968,844,73,565,453,787,787
2016-03-28 06:46:53,971,845,73,565,453,787,787
2016-03-28 06:46:54,976,846,73,564,453,787,787
2016-03-28 06:46:55,980,847,73,563,453,787,787
2016-03-28 06:46:56,985,848,73,561,453,787,787
2016-03-28 06:46:57,988,849,73,559,452,787,787
2016-03-28 06:46:58,993,850,73,556,452,787,787
2016-03-28 06:46:59,996,851,73,554,451,787,787
2016-03-28 06:47:01,001,852,73,552,450,787,787
2016-03-28 06:47:02,007,853,73,550,449,787,787
2016-03-28 06:47:03,010,854,73,547,449,787,787
2016-03-28 06:47:04,012,855,73,545,448,787,787
2016-03-28 06:47:05,018,856,73,543,447,787,787
2016-03-28 06:47:06,021,857,73,542,447,787,787
2016-03-28 06:47:07,026,858,73,540,446,787,787
2016-03-28 06:47:08,027,859,73,538,445,787,787
2016-03-28 06:47:09,030,860,73,537,445,787,787
2016-03-28 06:47:10,034,861,73,535,444,787,787
2016-03-28 06:47:11,036,862,73,533,444,787,787
2016-03-28 06:47:12,042,863,73,532,443,787,787
2016-03-28 06:47:13,042,864,73,529,443,787,787
2016-03-28 06:47:14,045,865,73,526,442,787,787
2016-03-28 06:47:15,049,866,73,523,440,787,787
2016-03-28 06:47:16,052,867,73,520,438,787,787
2016-03-28 06:47:17,057,868,73,517,436,787,787
2016-03-28 06:47:18,060,869,73,513,434,787,787
2016-03-28 06:47:19,065,870,73,510,432,787,787
2016-03-28 06:47:20,070,871,73,507,431,787,787
2016-03-28 06:47:21,074,872,73,504,429,787,787
2016-03-28 06:47:22,079,873,73,501,427,787,787
2016-03-28 06:47:23,083,874,73,499,426,787,787
2016-03-28 06:47:24,089,875,73,497,424,787,787
2016-03-28 06:47:25,095,876,73,495,423,787,787
2016-03-28 06:47:26,096,877,73,492,422,787,787
2016-03-28 06:47:27,100,878,73,490,420,787,787
2016-03-28 06:47:28,105,879,73,488,419,787,787
2016-03-28 06:47:29,109,880,73,485,418,787,787
2016-03-28 06:47:30,111,881,73,484,417,787,787
2016-03-28 06:47:31,116,882,73,481,416,787,787
2016-03-28 06:47:32,117,883,73,480,415,787,787
2016-03-28 06:47:33,120,884,73,478,414,787,787
2016-03-28 06:47:34,124,885,73,476,413,787,787
2016-03-28 06:47:35,127,886,73,474,412,787,787
2016-03-28 06:47:36,133,887,73,472,411,787,787
2016-03-28 06:47:37,137,888,73,470,410,787,787
2016-03-28 06:47:38,141,889,73,469,409,787,787
2016-03-28 06:47:39,145,890,73,467,409,787,787
2016-03-28 06:47:40,149,891,73,465,408,787,787
2016-03-28 06:47:41,155,892,73,463,407,787,787
2016-03-28 06:47:42,158,893,73,461,406,787,787
2016-03-28 06:47:43,164,894,73,459,406,787,787
2016-03-28 06:47:44,167,895,73,458,405,787,787
2016-03-28 06:47:45,170,896,73,456,404,787,787
2016-03-28 06:47:46,176,897,73,455,404,787,787
2016-03-28 06:47:47,181,898,73,453,404,787,787
2016-03-28 06:47:48,183,899,73,452,403,787,787
2016-03-28 06:47:49,187,900,73,450,403,787,787
2016-03-28 06:47:50,192,901,73,448,402,787,787
2016-03-28 06:47:51,197,902,73,447,402,787,787
2016-03-28 06:47:52,200,903,73,445,401,787,787
2016-03-28 06:47:53,205,904,73,444,401,787,787
2016-03-28 06:47:54,209,905,73,442,400,787,787
2016-03-28 06:47:55,211,906,73,441,400,787,787
2016-03-28 06:47:56,216,907,73,440,400,787,787
2016-03-28 06:47:57,222,908,73,438,399,787,787
2016-03-28 06:47:58,226,909,73,437,398,787,787
2016-03-28 06:47:59,230,910,73,438,399,787,787
2016-03-28 06:48:00,234,911,73,440,400,787,787
