2016-03-28 06:16:15,386,coffee,datetime,ms,seconds,ambient_temp,thermocouple_0_temp,thermocouple_1_temp,thermocouple_2_temp,thermocouple_3_temp
2016-03-28 06:16:17,434,2,56,481,387,797,795
2016-03-28 06:16:18,437,3,56,469,381,797,795
2016-03-28 06:16:19,443,4,56,457,376,796,795
2016-03-28 06:16:20,447,5,56,446,373,797,795
2016-03-28 06:16:21,453,6,56,436,370,796,795
2016-03-28 06:16:22,457,7,56,427,368,797,795
2016-03-28 06:16:23,459,8,56,416,366,797,795
2016-03-28 06:16:24,465,9,56,408,364,797,795
2016-03-28 06:16:25,470,10,56,399,362,797,795
2016-03-28 06:16:26,475,11,56,391,360,797,795
2016-03-28 06:16:27,476,12,56,382,358,797,795
2016-03-28 06:16:28,478,13,56,375,357,797,795
2016-03-28 06:16:29,483,14,56,367,355,796,795
2016-03-28 06:16:30,487,15,56,360,354,796,795
2016-03-28 06:16:31,491,16,56,353,352,796,795
2016-03-28 06:16:32,492,17,56,347,351,797,795
2016-03-28 06:16:33,494,18,56,340,349,796,795
2016-03-28 06:16:34,499,19,56,334,348,796,795
2016-03-28 06:16:35,504,20,56,329,347,796,795
2016-03-28 06:16:36,509,21,56,323,345,796,795
2016-03-28 06:16:37,510,22,56,318,344,796,795
2016-03-28 06:16:38,515,23,56,313,343,796,795
2016-03-28 06:16:39,518,24,56,308,342,796,795
2016-03-28 06:16:40,521,25,56,303,341,796,795
2016-03-28 06:16:41,524,26,56,299,340,796,795
2016-03-28 06:16:42,525,27,56,295,339,796,795
2016-03-28 06:16:43,530,28,56,290,339,796,795
2016-03-28 06:16:44,531,29,56,286,338,796,795
2016-03-28 06:16:45,534,30,56,283,337,796,795
2016-03-28 06:16:46,539,31,56,279,337,796,795
2016-03-28 06:16:47,545,32,56,276,336,796,795
2016-03-28 06:16:48,550,33,56,273,336,796,795
2016-03-28 06:16:49,553,34,56,269,335,796,795
2016-03-28 06:16:50,556,35,56,266,335,796,795
2016-03-28 06:16:51,559,36,56,263,334,796,795
2016-03-28 06:16:52,563,37,56,261,334,796,795
2016-03-28 06:16:53,568,38,56,258,333,796,795
2016-03-28 06:16:54,574,39,56,256,333,796,795
2016-03-28 06:16:55,579,40,56,253,332,796,795
2016-03-28 06:16:56,582,41,56,251,332,796,795
2016-03-28 06:16:57,585,42,56,249,332,796,795
2016-03-28 06:16:58,590,43,56,247,331,796,795
2016-03-28 06:16:59,595,44,56,245,331,796,795
2016-03-28 06:17:00,599,45,56,243,330,796,795
2016-03-28 06:17:01,604,46,56,241,330,796,795
2016-03-28 06:17:02,607,47,56,239,330,796,795
2016-03-28 06:17:03,613,48,56,238,329,796,795
2016-03-28 06:17:04,616,49,56,236,329,796,795
2016-03-28 06:17:05,619,50,56,235,329,796,795
2016-03-28 06:17:06,624,51,56,234,329,796,795
2016-03-28 06:17:07,628,52,56,232,329,796,795
2016-03-28 06:17:08,633,53,56,231,329,796,795
2016-03-28 06:17:09,639,54,56,230,329,796,795
2016-03-28 06:17:10,644,55,56,229,329,796,795
2016-03-28 06:17:11,650,56,56,228,328,796,795
2016-03-28 06:17:12,650,57,56,227,328,796,795
2016-03-28 06:17:13,652,58,56,226,328,796,795
2016-03-28 06:17:14,656,59,56,225,328,796,795
2016-03-28 06:17:15,662,60,56,224,328,796,795
2016-03-28 06:17:16,667,61,56,224,328,796,795
2016-03-28 06:17:17,668,62,56,223,328,796,795
2016-03-28 06:17:18,673,63,56,222,328,796,795
2016-03-28 06:17:19,677,64,56,222,328,796,795
2016-03-28 06:17:20,682,65,56,222,328,796,795
2016-03-28 06:17:21,684,66,56,221,328,796,795
2016-03-28 06:17:22,686,67,57,221,328,796,795
2016-03-28 06:17:23,690,68,56,220,328,796,795
2016-03-28 06:17:24,694,69,56,220,328,796,795
2016-03-28 06:17:25,699,70,56,220,328,796,795
2016-03-28 06:17:26,701,71,56,220,328,796,795
2016-03-28 06:17:27,706,72,57,220,328,796,795
2016-03-28 06:17:28,707,73,57,220,328,796,795
2016-03-28 06:17:29,709,74,57,219,328,796,795
2016-03-28 06:17:30,714,75,57,219,328,796,795
2016-03-28 06:17:31,720,76,57,219,328,796,795
2016-03-28 06:17:32,723,77,57,219,328,796,795
2016-03-28 06:17:33,725,78,57,219,328,796,795
2016-03-28 06:17:34,730,79,57,220,328,796,795
2016-03-28 06:17:35,735,80,57,220,329,796,795
2016-03-28 06:17:36,740,81,57,220,329,796,795
2016-03-28 06:17:37,743,82,57,220,330,796,795
2016-03-28 06:17:38,748,83,57,220,330,796,795
2016-03-28 06:17:39,753,84,57,221,332,796,795
2016-03-28 06:17:40,757,85,57,221,332,796,795
2016-03-28 06:17:41,759,86,57,221,334,796,795
2016-03-28 06:17:42,765,87,57,221,334,796,795
2016-03-28 06:17:43,768,88,57,222,336,796,795
2016-03-28 06:17:44,774,89,57,222,336,796,795
2016-03-28 06:17:45,776,90,57,222,337,796,795
2016-03-28 06:17:46,780,91,57,223,338,796,795
2016-03-28 06:17:47,786,92,57,223,339,796,795
2016-03-28 06:17:48,791,93,57,223,339,796,795
2016-03-28 06:17:49,796,94,57,224,340,796,795
2016-03-28 06:17:50,799,95,57,224,341,796,795
2016-03-28 06:17:51,804,96,57,225,342,796,795
2016-03-28 06:17:52,807,97,57,225,342,796,795
2016-03-28 06:17:53,813,98,57,226,343,796,795
2016-03-28 06:17:54,816,99,57,226,344,796,795
2016-03-28 06:17:55,818,100,57,226,344,796,795
2016-03-28 06:17:56,823,101,57,227,345,796,795
2016-03-28 06:17:57,826,102,57,228,346,796,795
2016-03-28 06:17:58,831,103,57,228,346,796,795
2016-03-28 06:17:59,833,104,57,229,347,796,795
2016-03-28 06:18:00,837,105,57,229,348,796,795
2016-03-28 06:18:01,843,106,57,230,348,796,795
2016-03-28 06:18:02,848,107,57,231,349,796,795
2016-03-28 06:18:03,851,108,57,231,349,796,795
2016-03-28 06:18:04,856,109,57,232,349,796,795
2016-03-28 06:18:05,857,110,57,232,350,796,795
2016-03-28 06:18:06,861,111,57,233,351,796,795
2016-03-28 06:18:07,865,112,57,233,351,796,795
2016-03-28 06:18:08,871,113,57,234,352,796,795
2016-03-28 06:18:09,874,114,57,235,352,796,795
2016-03-28 06:18:10,875,115,57,235,353,796,795
2016-03-28 06:18:11,880,116,57,236,353,796,795
2016-03-28 06:18:12,885,117,57,236,354,796,795
2016-03-28 06:18:13,891,118,57,237,354,796,795
2016-03-28 06:18:14,895,119,57,238,355,796,795
2016-03-28 06:18:15,899,120,57,239,355,796,795
2016-03-28 06:18:16,900,121,57,239,356,796,795
2016-03-28 06:18:17,907,122,57,240,357,796,795
2016-03-28 06:18:18,909,123,57,241,357,796,795
2016-03-28 06:18:19,914,124,57,241,358,796,795
2016-03-28 06:18:20,915,125,57,242,358,796,795
2016-03-28 06:18:21,916,126,57,243,358,796,795
2016-03-28 06:18:22,921,127,57,243,359,796,795
2016-03-28 06:18:23,924,128,57,244,359,796,795
2016-03-28 06:18:24,930,129,57,245,359,796,795
2016-03-28 06:18:25,931,130,57,246,360,796,795
2016-03-28 06:18:26,934,131,57,246,360,796,795
2016-03-28 06:18:27,938,132,57,247,361,796,795
2016-03-28 06:18:28,942,133,57,248,361,796,795
2016-03-28 06:18:29,947,134,57,248,361,796,795
2016-03-28 06:18:30,950,135,57,249,362,796,795
2016-03-28 06:18:31,955,136,57,250,362,796,795
2016-03-28 06:18:32,959,137,57,250,362,796,795
2016-03-28 06:18:33,964,138,57,251,363,796,795
2016-03-28 06:18:34,970,139,57,252,363,796,795
2016-03-28 06:18:35,972,140,57,253,364,796,795
2016-03-28 06:18:36,978,141,57,253,364,796,795
2016-03-28 06:18:37,980,142,57,254,364,796,795
2016-03-28 06:18:38,985,143,57,255,365,796,795
2016-03-28 06:18:39,989,144,57,256,365,796,795
2016-03-28 06:18:40,994,145,57,257,365,796,795
2016-03-28 06:18:41,998,146,57,257,366,796,795
2016-03-28 06:18:42,999,147,57,258,366,796,795
2016-03-28 06:18:44,004,148,57,259,367,796,795
2016-03-28 06:18:45,006,149,57,260,367,796,795
2016-03-28 06:18:46,009,150,57,260,368,796,795
2016-03-28 06:18:47,013,151,57,261,368,796,795
2016-03-28 06:18:48,015,152,57,262,368,796,795
2016-03-28 06:18:49,020,153,57,263,369,796,795
2016-03-28 06:18:50,021,154,57,263,369,796,795
2016-03-28 06:18:51,024,155,57,264,369,796,795
2016-03-28 06:18:52,028,156,57,265,370,796,795
2016-03-28 06:18:53,030,157,57,266,370,796,795
2016-03-28 06:18:54,035,158,57,267,371,796,795
2016-03-28 06:18:55,041,159,57,267,371,796,795
2016-03-28 06:18:56,045,160,57,268,371,796,795
2016-03-28 06:18:57,050,161,57,269,372,796,795
2016-03-28 06:18:58,054,162,57,270,372,796,795
2016-03-28 06:18:59,057,163,57,270,372,796,795
2016-03-28 06:19:00,062,164,57,271,372,796,795
2016-03-28 06:19:01,068,165,57,272,373,796,795
2016-03-28 06:19:02,070,166,57,273,373,796,795
2016-03-28 06:19:03,076,167,57,274,374,796,795
2016-03-28 06:19:04,080,168,57,274,374,796,795
2016-03-28 06:19:05,082,169,57,275,375,796,795
2016-03-28 06:19:06,087,170,57,276,375,796,795
2016-03-28 06:19:07,090,171,57,276,375,796,795
2016-03-28 06:19:08,095,172,57,277,376,796,795
2016-03-28 06:19:09,100,173,57,278,376,796,795
2016-03-28 06:19:10,105,174,57,279,376,796,795
2016-03-28 06:19:11,110,175,57,280,376,796,795
2016-03-28 06:19:12,113,176,57,281,377,796,795
2016-03-28 06:19:13,114,177,57,281,377,796,795
2016-03-28 06:19:14,118,178,57,282,378,796,795
2016-03-28 06:19:15,120,179,57,283,378,796,795
2016-03-28 06:19:16,121,180,57,284,378,796,795
2016-03-28 06:19:17,124,181,57,284,379,796,795
2016-03-28 06:19:18,127,182,57,285,379,796,795
2016-03-28 06:19:19,131,183,57,286,379,796,795
2016-03-28 06:19:20,135,184,57,287,380,796,795
2016-03-28 06:19:21,141,185,58,287,380,796,795
2016-03-28 06:19:22,144,186,58,288,381,796,795
2016-03-28 06:19:23,148,187,58,289,381,796,795
2016-03-28 06:19:24,152,188,58,290,381,796,795
2016-03-28 06:19:25,157,189,58,290,381,796,795
2016-03-28 06:19:26,161,190,58,291,382,796,795
2016-03-28 06:19:27,162,191,58,292,382,796,795
2016-03-28 06:19:28,164,192,58,293,383,796,795
2016-03-28 06:19:29,168,193,58,293,383,796,795
2016-03-28 06:19:30,168,194,58,294,383,796,795
2016-03-28 06:19:31,172,195,58,295,384,796,795
2016-03-28 06:19:32,175,196,58,296,384,796,795
2016-03-28 06:19:33,175,197,58,297,384,796,795
2016-03-28 06:19:34,176,198,58,297,385,796,795
2016-03-28 06:19:35,182,199,58,298,385,796,795
2016-03-28 06:19:36,183,200,58,299,385,796,795
2016-03-28 06:19:37,188,201,58,300,385,796,795
2016-03-28 06:19:38,189,202,58,300,385,796,795
2016-03-28 06:19:39,193,203,58,301,385,796,795
2016-03-28 06:19:40,197,204,58,302,385,796,795
2016-03-28 06:19:41,203,205,58,302,386,796,795
2016-03-28 06:19:42,205,206,58,303,387,796,795
2016-03-28 06:19:43,211,207,58,304,387,796,795
2016-03-28 06:19:44,214,208,58,305,387,796,795
2016-03-28 06:19:45,219,209,58,305,388,796,795
2016-03-28 06:19:46,222,210,58,306,388,796,795
2016-03-28 06:19:47,225,211,58,307,388,796,795
2016-03-28 06:19:48,229,212,58,308,389,796,795
2016-03-28 06:19:49,233,213,58,308,389,796,795
2016-03-28 06:19:50,239,214,58,309,389,796,794
2016-03-28 06:19:51,240,215,58,310,390,796,795
2016-03-28 06:19:52,246,216,58,310,390,796,795
2016-03-28 06:19:53,248,217,58,311,391,796,795
2016-03-28 06:19:54,250,218,58,312,391,796,794
2016-03-28 06:19:55,255,219,58,313,391,796,795
2016-03-28 06:19:56,257,220,58,313,392,795,794
2016-03-28 06:19:57,261,221,58,314,392,796,795
2016-03-28 06:19:58,263,222,58,315,392,796,794
2016-03-28 06:19:59,265,223,58,315,393,796,795
2016-03-28 06:20:00,270,224,58,316,393,796,795
2016-03-28 06:20:01,272,225,58,317,393,796,794
2016-03-28 06:20:02,277,226,58,318,394,796,794
2016-03-28 06:20:03,278,227,58,318,394,796,794
2016-03-28 06:20:04,281,228,58,319,394,796,794
2016-03-28 06:20:05,285,229,58,320,395,796,794
2016-03-28 06:20:06,287,230,58,320,395,796,794
2016-03-28 06:20:07,292,231,58,321,395,796,794
2016-03-28 06:20:08,294,232,58,322,396,796,794
2016-03-28 06:20:09,296,233,58,322,396,796,794
2016-03-28 06:20:10,300,234,58,323,396,796,794
2016-03-28 06:20:11,305,235,58,324,397,795,794
2016-03-28 06:20:12,309,236,58,324,397,795,794
2016-03-28 06:20:13,313,237,58,325,397,795,794
2016-03-28 06:20:14,318,238,58,326,397,795,794
2016-03-28 06:20:15,320,239,58,327,398,795,794
2016-03-28 06:20:16,325,240,58,327,398,795,794
2016-03-28 06:20:17,328,241,58,328,398,795,794
2016-03-28 06:20:18,333,242,58,328,398,795,794
2016-03-28 06:20:19,335,243,58,329,399,795,794
2016-03-28 06:20:20,341,244,58,330,399,795,794
2016-03-28 06:20:21,347,245,58,331,399,795,794
2016-03-28 06:20:22,352,246,58,331,400,795,794
2016-03-28 06:20:23,356,247,58,332,400,795,794
2016-03-28 06:20:24,360,248,58,333,400,795,794
2016-03-28 06:20:25,362,249,58,333,400,795,794
2016-03-28 06:20:26,367,250,58,334,401,795,794
2016-03-28 06:20:27,371,251,58,335,401,795,794
2016-03-28 06:20:28,375,252,58,335,402,795,794
2016-03-28 06:20:29,381,253,58,336,402,795,794
2016-03-28 06:20:30,385,254,58,336,402,795,794
2016-03-28 06:20:31,387,256,58,337,402,795,794
2016-03-28 06:20:32,393,257,58,338,403,795,794
2016-03-28 06:20:33,395,258,58,338,403,795,794
2016-03-28 06:20:34,401,259,58,339,403,795,794
2016-03-28 06:20:35,401,260,58,340,403,795,794
2016-03-28 06:20:36,404,261,58,340,404,795,794
2016-03-28 06:20:37,409,262,58,341,404,795,794
2016-03-28 06:20:38,415,263,58,342,404,795,794
2016-03-28 06:20:39,417,264,58,342,404,795,794
2016-03-28 06:20:40,421,265,58,343,405,795,794
2016-03-28 06:20:41,426,266,58,343,405,795,794
2016-03-28 06:20:42,431,267,58,344,405,795,794
2016-03-28 06:20:43,434,268,59,345,405,795,794
2016-03-28 06:20:44,437,269,59,346,406,795,794
2016-03-28 06:20:45,443,270,59,346,406,795,794
2016-03-28 06:20:46,449,271,59,347,406,795,794
2016-03-28 06:20:47,451,272,59,347,406,795,794
2016-03-28 06:20:48,457,273,59,348,406,795,794
2016-03-28 06:20:49,460,274,59,349,407,795,794
2016-03-28 06:20:50,465,275,59,349,407,795,794
2016-03-28 06:20:51,471,276,59,350,407,795,794
2016-03-28 06:20:52,473,277,59,351,407,795,794
2016-03-28 06:20:53,477,278,59,351,408,795,794
2016-03-28 06:20:54,479,279,59,352,408,795,794
2016-03-28 06:20:55,484,280,59,352,408,795,794
2016-03-28 06:20:56,490,281,59,353,409,795,794
2016-03-28 06:20:57,493,282,59,354,409,795,794
2016-03-28 06:20:58,496,283,59,354,410,795,794
2016-03-28 06:20:59,501,284,59,355,410,795,794
2016-03-28 06:21:00,503,285,59,355,410,795,794
2016-03-28 06:21:01,506,286,59,356,410,795,794
2016-03-28 06:21:02,509,287,59,357,411,795,794
2016-03-28 06:21:03,511,288,59,357,411,795,794
2016-03-28 06:21:04,516,289,59,358,411,795,794
2016-03-28 06:21:05,518,290,59,358,412,795,794
2016-03-28 06:21:06,521,291,59,359,412,795,794
2016-03-28 06:21:07,525,292,59,360,413,795,794
2016-03-28 06:21:08,527,293,59,360,413,795,794
2016-03-28 06:21:09,532,294,59,361,413,795,794
2016-03-28 06:21:10,537,295,59,361,414,795,794
2016-03-28 06:21:11,542,296,59,362,414,795,794
2016-03-28 06:21:12,548,297,59,363,414,795,794
2016-03-28 06:21:13,550,298,59,363,415,795,794
2016-03-28 06:21:14,551,299,59,364,415,795,794
2016-03-28 06:21:15,557,300,59,364,415,795,794
2016-03-28 06:21:16,558,301,59,365,416,795,794
2016-03-28 06:21:17,558,302,59,366,416,795,794
2016-03-28 06:21:18,564,303,59,366,416,795,794
2016-03-28 06:21:19,570,304,59,367,417,795,794
2016-03-28 06:21:20,574,305,59,367,417,795,794
2016-03-28 06:21:21,578,306,59,368,417,795,794
2016-03-28 06:21:22,582,307,59,369,417,795,794
2016-03-28 06:21:23,588,308,59,369,417,795,794
2016-03-28 06:21:24,591,309,59,370,417,795,794
2016-03-28 06:21:25,593,310,59,370,417,795,794
2016-03-28 06:21:26,598,311,59,371,417,795,794
2016-03-28 06:21:27,603,312,59,371,417,795,794
2016-03-28 06:21:28,608,313,59,372,417,795,794
2016-03-28 06:21:29,609,314,59,372,418,795,794
2016-03-28 06:21:30,610,315,59,373,418,795,794
2016-03-28 06:21:31,615,316,59,374,418,795,794
2016-03-28 06:21:32,618,317,59,374,419,795,794
2016-03-28 06:21:33,623,318,59,375,419,795,794
2016-03-28 06:21:34,629,319,59,375,419,795,794
2016-03-28 06:21:35,634,320,59,376,420,795,794
2016-03-28 06:21:36,637,321,59,376,420,794,794
2016-03-28 06:21:37,640,322,59,377,420,794,794
2016-03-28 06:21:38,646,323,59,377,420,795,794
2016-03-28 06:21:39,650,324,59,378,421,795,794
2016-03-28 06:21:40,656,325,59,379,421,795,794
2016-03-28 06:21:41,657,326,59,379,421,795,794
2016-03-28 06:21:42,658,327,59,380,422,795,794
2016-03-28 06:21:43,664,328,59,380,422,794,794
2016-03-28 06:21:44,665,329,59,381,422,794,793
2016-03-28 06:21:45,667,330,59,381,422,794,794
2016-03-28 06:21:46,671,331,59,382,422,794,793
2016-03-28 06:21:47,676,332,59,383,423,794,794
2016-03-28 06:21:48,681,333,59,383,423,794,793
2016-03-28 06:21:49,686,334,59,384,423,794,793
2016-03-28 06:21:50,690,335,60,384,423,794,793
2016-03-28 06:21:51,693,336,60,385,424,794,793
2016-03-28 06:21:52,698,337,60,385,424,794,793
2016-03-28 06:21:53,699,338,60,386,424,794,793
2016-03-28 06:21:54,705,339,60,386,424,794,793
2016-03-28 06:21:55,711,340,60,387,425,794,793
2016-03-28 06:21:56,715,341,60,387,425,794,793
2016-03-28 06:21:57,719,342,60,388,425,794,793
2016-03-28 06:21:58,723,343,60,389,425,794,793
2016-03-28 06:21:59,729,344,60,389,426,794,793
2016-03-28 06:22:00,732,345,60,390,426,794,793
2016-03-28 06:22:01,736,346,60,390,426,794,793
2016-03-28 06:22:02,740,347,60,391,425,794,793
2016-03-28 06:22:03,741,348,60,391,426,794,793
2016-03-28 06:22:04,743,349,60,392,426,794,793
2016-03-28 06:22:05,747,350,60,392,426,794,793
2016-03-28 06:22:06,753,351,60,393,426,794,793
2016-03-28 06:22:07,755,352,60,393,426,794,793
2016-03-28 06:22:08,757,353,60,394,426,794,793
2016-03-28 06:22:09,763,354,60,394,426,794,793
2016-03-28 06:22:10,768,355,60,395,427,794,793
2016-03-28 06:22:11,773,356,60,395,427,794,793
2016-03-28 06:22:12,774,357,60,396,427,794,793
2016-03-28 06:22:13,779,358,60,396,428,794,793
2016-03-28 06:22:14,780,359,60,397,428,794,793
2016-03-28 06:22:15,783,360,60,397,428,794,793
2016-03-28 06:22:16,788,361,60,398,429,794,793
2016-03-28 06:22:17,789,362,60,399,429,794,793
2016-03-28 06:22:18,793,363,60,399,429,794,793
2016-03-28 06:22:19,795,364,60,399,429,794,793
2016-03-28 06:22:20,799,365,60,400,429,794,793
2016-03-28 06:22:21,804,366,60,400,430,794,793
2016-03-28 06:22:22,805,367,60,401,430,794,793
2016-03-28 06:22:23,810,368,60,401,430,794,793
2016-03-28 06:22:24,815,369,60,402,430,794,793
2016-03-28 06:22:25,820,370,60,402,431,794,793
2016-03-28 06:22:26,824,371,60,403,431,794,793
2016-03-28 06:22:27,829,372,60,403,431,794,793
2016-03-28 06:22:28,829,373,60,404,432,794,793
2016-03-28 06:22:29,835,374,60,404,432,794,793
2016-03-28 06:22:30,836,375,60,405,432,794,793
2016-03-28 06:22:31,841,376,60,405,432,794,793
2016-03-28 06:22:32,844,377,60,406,433,794,793
2016-03-28 06:22:33,845,378,60,406,433,794,793
2016-03-28 06:22:34,848,379,60,407,433,794,793
2016-03-28 06:22:35,851,380,60,408,434,794,793
2016-03-28 06:22:36,852,381,60,408,434,794,793
2016-03-28 06:22:37,854,382,60,409,434,794,793
2016-03-28 06:22:38,858,383,60,409,434,794,793
2016-03-28 06:22:39,860,384,60,410,434,794,793
2016-03-28 06:22:40,865,385,60,410,435,794,793
2016-03-28 06:22:41,869,386,60,411,435,794,793
2016-03-28 06:22:42,875,387,60,411,435,794,793
2016-03-28 06:22:43,880,388,60,412,435,794,793
2016-03-28 06:22:44,883,389,60,412,435,794,793
2016-03-28 06:22:45,888,390,60,413,436,794,793
2016-03-28 06:22:46,892,391,60,413,436,794,793
2016-03-28 06:22:47,893,392,60,414,435,794,793
2016-03-28 06:22:48,893,393,61,414,435,794,793
2016-03-28 06:22:49,899,394,60,415,435,794,793
2016-03-28 06:22:50,900,395,61,415,435,794,793
2016-03-28 06:22:51,901,396,61,416,435,794,793
2016-03-28 06:22:52,906,397,61,416,436,794,793
2016-03-28 06:22:53,908,398,61,417,436,794,793
2016-03-28 06:22:54,912,399,61,417,436,794,793
2016-03-28 06:22:55,913,400,61,418,437,794,793
2016-03-28 06:22:56,916,401,61,418,437,793,793
2016-03-28 06:22:57,921,402,61,419,438,794,793
2016-03-28 06:22:58,923,403,61,419,438,794,793
2016-03-28 06:22:59,928,404,61,420,438,794,793
2016-03-28 06:23:00,932,405,61,420,438,793,793
2016-03-28 06:23:01,938,406,61,421,438,794,793
2016-03-28 06:23:02,939,407,61,421,438,793,793
2016-03-28 06:23:03,943,408,61,421,438,793,793
2016-03-28 06:23:04,945,409,61,422,438,793,793
2016-03-28 06:23:05,949,410,61,423,438,793,793
2016-03-28 06:23:06,953,411,61,423,438,793,793
2016-03-28 06:23:07,955,412,61,423,438,793,793
2016-03-28 06:23:08,960,413,61,424,438,793,793
2016-03-28 06:23:09,962,414,61,424,438,793,792
2016-03-28 06:23:10,963,415,61,425,438,793,793
2016-03-28 06:23:11,968,416,61,425,438,793,792
2016-03-28 06:23:12,970,417,61,426,438,793,792
2016-03-28 06:23:13,976,418,61,426,438,793,792
2016-03-28 06:23:14,981,419,61,427,438,793,793
2016-03-28 06:23:15,986,420,61,427,439,793,793
2016-03-28 06:23:16,987,421,61,428,439,793,792
2016-03-28 06:23:17,993,422,61,428,440,793,792
2016-03-28 06:23:18,993,423,61,429,440,793,792
2016-03-28 06:23:19,994,424,61,429,441,793,792
2016-03-28 06:23:20,999,425,61,430,441,793,792
2016-03-28 06:23:22,001,426,61,430,441,793,792
2016-03-28 06:23:23,004,427,61,431,442,793,792
2016-03-28 06:23:24,008,428,61,431,442,793,792
2016-03-28 06:23:25,011,429,61,432,442,793,792
2016-03-28 06:23:26,016,430,61,432,443,793,792
2016-03-28 06:23:27,017,431,61,433,443,793,792
2016-03-28 06:23:28,019,432,61,433,443,793,792
2016-03-28 06:23:29,023,433,61,434,444,793,792
2016-03-28 06:23:30,024,434,61,434,444,793,792
2016-03-28 06:23:31,025,435,61,435,444,793,792
2016-03-28 06:23:32,030,436,61,435,445,793,792
2016-03-28 06:23:33,033,437,61,436,445,793,792
2016-03-28 06:23:34,039,438,61,436,445,793,792
2016-03-28 06:23:35,042,439,61,437,446,793,792
2016-03-28 06:23:36,047,440,61,437,446,793,792
2016-03-28 06:23:37,048,441,61,437,446,793,792
2016-03-28 06:23:38,051,442,61,438,447,793,792
2016-03-28 06:23:39,054,443,61,438,447,793,792
2016-03-28 06:23:40,058,444,61,439,447,793,792
2016-03-28 06:23:41,062,445,61,439,447,793,792
2016-03-28 06:23:42,065,446,61,440,448,793,792
2016-03-28 06:23:43,071,447,61,440,448,793,792
2016-03-28 06:23:44,076,448,61,441,448,793,792
2016-03-28 06:23:45,079,449,61,441,448,793,792
2016-03-28 06:23:46,082,450,61,442,448,793,792
2016-03-28 06:23:47,088,451,61,442,448,793,792
2016-03-28 06:23:48,094,452,62,443,449,793,792
2016-03-28 06:23:49,096,453,61,443,449,793,792
2016-03-28 06:23:50,098,454,62,444,449,793,792
2016-03-28 06:23:51,103,455,62,444,449,793,792
2016-03-28 06:23:52,108,456,62,444,449,793,792
2016-03-28 06:23:53,113,457,62,445,449,793,792
2016-03-28 06:23:54,117,458,62,445,449,793,792
2016-03-28 06:23:55,122,459,62,446,449,793,792
2016-03-28 06:23:56,123,460,62,446,450,793,792
2016-03-28 06:23:57,129,461,62,447,450,793,792
2016-03-28 06:23:58,133,462,62,447,450,793,792
2016-03-28 06:23:59,137,463,62,448,450,793,792
2016-03-28 06:24:00,143,464,62,448,450,793,792
2016-03-28 06:24:01,147,465,62,449,451,793,792
2016-03-28 06:24:02,153,466,62,449,451,793,792
2016-03-28 06:24:03,156,467,62,449,451,793,792
2016-03-28 06:24:04,161,468,62,450,451,793,792
2016-03-28 06:24:05,164,469,62,450,451,793,792
2016-03-28 06:24:06,169,470,62,451,452,793,792
2016-03-28 06:24:07,173,471,62,451,452,793,792
2016-03-28 06:24:08,177,472,62,452,452,793,792
2016-03-28 06:24:09,181,473,62,452,452,793,792
2016-03-28 06:24:10,183,474,62,453,453,793,792
2016-03-28 06:24:11,188,475,62,453,453,793,792
2016-03-28 06:24:12,189,476,62,454,453,793,792
2016-03-28 06:24:13,192,477,62,454,453,792,792
2016-03-28 06:24:14,196,478,62,455,454,793,792
2016-03-28 06:24:15,198,479,62,455,454,793,792
2016-03-28 06:24:16,203,480,62,456,454,792,792
2016-03-28 06:24:17,204,481,62,456,454,792,792
2016-03-28 06:24:18,210,482,62,457,455,793,792
2016-03-28 06:24:19,216,483,62,457,455,792,792
2016-03-28 06:24:20,221,484,62,458,455,793,792
2016-03-28 06:24:21,222,485,62,458,455,792,792
2016-03-28 06:24:22,225,486,62,458,456,793,792
2016-03-28 06:24:23,229,487,62,459,456,792,792
2016-03-28 06:24:24,232,488,62,459,456,792,792
2016-03-28 06:24:25,237,489,62,460,456,792,792
2016-03-28 06:24:26,240,490,62,460,456,792,792
2016-03-28 06:24:27,244,491,62,461,457,792,791
2016-03-28 06:24:28,250,492,62,461,457,792,792
2016-03-28 06:24:29,254,493,62,461,457,792,792
2016-03-28 06:24:30,257,494,62,462,457,792,792
2016-03-28 06:24:31,263,495,62,462,457,792,792
2016-03-28 06:24:32,267,496,62,463,458,792,792
2016-03-28 06:24:33,271,497,62,463,458,792,792
2016-03-28 06:24:34,273,498,62,464,458,792,792
2016-03-28 06:24:35,278,499,62,464,458,792,791
2016-03-28 06:24:36,279,500,62,464,458,792,792
2016-03-28 06:24:37,281,501,62,465,459,792,792
2016-03-28 06:24:38,286,502,62,465,459,792,792
2016-03-28 06:24:39,288,503,62,466,459,792,792
2016-03-28 06:24:40,294,504,62,466,459,792,792
2016-03-28 06:24:41,295,505,62,467,459,792,791
2016-03-28 06:24:42,298,506,62,467,460,792,791
2016-03-28 06:24:43,302,507,62,468,460,792,792
2016-03-28 06:24:44,304,508,62,468,460,792,791
2016-03-28 06:24:45,309,509,62,469,460,792,791
2016-03-28 06:24:46,310,510,62,469,461,792,792
2016-03-28 06:24:47,315,511,62,470,461,792,791
2016-03-28 06:24:48,317,512,62,470,461,792,791
2016-03-28 06:24:49,319,513,63,471,461,792,791
2016-03-28 06:24:50,324,514,62,471,461,792,791
2016-03-28 06:24:51,325,515,63,471,462,792,792
2016-03-28 06:24:52,331,516,62,472,462,792,791
2016-03-28 06:24:53,332,517,63,472,462,792,791
2016-03-28 06:24:54,334,518,63,473,462,792,791
2016-03-28 06:24:55,340,519,63,473,462,792,791
2016-03-28 06:24:56,340,520,63,474,462,792,791
2016-03-28 06:24:57,344,521,63,474,463,792,791
2016-03-28 06:24:58,348,522,63,475,463,792,791
2016-03-28 06:24:59,353,523,63,475,463,792,791
2016-03-28 06:25:00,356,524,63,476,463,792,791
2016-03-28 06:25:01,360,525,63,476,463,792,791
2016-03-28 06:25:02,365,526,63,477,464,792,791
2016-03-28 06:25:03,369,527,63,477,464,792,791
2016-03-28 06:25:04,373,528,63,477,464,792,791
2016-03-28 06:25:05,379,529,63,478,464,792,791
2016-03-28 06:25:06,384,530,63,478,464,792,791
2016-03-28 06:25:07,388,532,63,479,465,792,791
2016-03-28 06:25:08,390,533,63,479,465,792,791
2016-03-28 06:25:09,391,534,63,480,465,792,791
2016-03-28 06:25:10,395,535,63,480,465,792,791
2016-03-28 06:25:11,397,536,63,481,465,792,791
2016-03-28 06:25:12,400,537,63,481,465,792,791
2016-03-28 06:25:13,406,538,63,482,466,792,791
2016-03-28 06:25:14,412,539,63,482,466,792,791
2016-03-28 06:25:15,414,540,63,482,466,792,791
2016-03-28 06:25:16,419,541,63,483,466,792,791
2016-03-28 06:25:17,423,542,63,483,467,792,791
2016-03-28 06:25:18,425,543,63,484,467,792,791
2016-03-28 06:25:19,430,544,63,484,467,792,791
2016-03-28 06:25:20,431,545,63,485,467,792,791
2016-03-28 06:25:21,434,546,63,485,467,792,791
2016-03-28 06:25:22,438,547,63,486,467,792,791
2016-03-28 06:25:23,440,548,63,486,468,792,791
2016-03-28 06:25:24,445,549,63,487,468,792,791
2016-03-28 06:25:25,446,550,63,487,468,792,791
2016-03-28 06:25:26,448,551,63,488,468,792,791
2016-03-28 06:25:27,453,552,63,488,469,792,791
2016-03-28 06:25:28,455,553,63,489,469,792,791
2016-03-28 06:25:29,461,554,63,489,469,792,791
2016-03-28 06:25:30,465,555,63,490,469,792,791
2016-03-28 06:25:31,470,556,63,490,469,792,791
2016-03-28 06:25:32,476,557,63,491,470,792,791
2016-03-28 06:25:33,479,558,63,491,470,792,791
2016-03-28 06:25:34,480,559,63,492,470,792,791
2016-03-28 06:25:35,483,560,63,492,469,792,791
2016-03-28 06:25:36,488,561,63,493,469,792,791
2016-03-28 06:25:37,490,562,63,493,469,792,791
2016-03-28 06:25:38,494,563,63,493,470,792,791
2016-03-28 06:25:39,500,564,63,494,470,792,791
2016-03-28 06:25:40,503,565,63,494,470,792,791
2016-03-28 06:25:41,504,566,63,495,470,792,791
2016-03-28 06:25:42,510,567,63,495,471,792,791
2016-03-28 06:25:43,515,568,63,496,471,792,791
2016-03-28 06:25:44,520,569,63,496,471,792,791
2016-03-28 06:25:45,524,570,63,497,471,792,791
2016-03-28 06:25:46,529,571,63,497,472,792,791
2016-03-28 06:25:47,530,572,63,498,472,792,791
2016-03-28 06:25:48,535,573,63,498,472,792,791
2016-03-28 06:25:49,536,574,63,499,473,792,791
2016-03-28 06:25:50,539,575,63,499,473,792,791
2016-03-28 06:25:51,544,576,63,499,473,792,791
2016-03-28 06:25:52,546,577,63,500,473,792,791
2016-03-28 06:25:53,551,578,63,500,474,792,791
2016-03-28 06:25:54,555,579,63,501,474,792,791
2016-03-28 06:25:55,561,580,63,501,474,792,791
2016-03-28 06:25:56,566,581,63,502,475,792,791
2016-03-28 06:25:57,572,582,63,502,475,792,791
2016-03-28 06:25:58,577,583,64,503,475,792,791
2016-03-28 06:25:59,583,584,63,503,475,792,791
2016-03-28 06:26:00,587,585,64,503,475,792,791
2016-03-28 06:26:01,588,586,64,504,476,792,791
2016-03-28 06:26:02,592,587,63,504,476,792,791
2016-03-28 06:26:03,594,588,64,505,476,792,791
2016-03-28 06:26:04,594,589,64,505,476,792,791
2016-03-28 06:26:05,600,590,64,505,477,792,791
2016-03-28 06:26:06,601,591,64,506,477,792,791
2016-03-28 06:26:07,603,592,64,506,477,792,791
2016-03-28 06:26:08,608,593,64,506,478,792,791
2016-03-28 06:26:09,614,594,64,507,478,792,791
2016-03-28 06:26:10,618,595,64,507,478,792,791
2016-03-28 06:26:11,623,596,64,508,478,792,791
2016-03-28 06:26:12,627,597,64,508,478,792,791
2016-03-28 06:26:13,628,598,64,509,479,792,791
2016-03-28 06:26:14,634,599,64,509,479,792,791
2016-03-28 06:26:15,639,600,64,509,479,792,791
2016-03-28 06:26:16,643,601,64,509,479,792,791
2016-03-28 06:26:17,645,602,64,510,479,792,791
2016-03-28 06:26:18,648,603,64,510,479,792,791
2016-03-28 06:26:19,650,604,64,510,480,792,791
2016-03-28 06:26:20,654,605,64,510,480,792,791
2016-03-28 06:26:21,658,606,64,511,480,792,791
2016-03-28 06:26:22,659,607,64,511,480,791,791
2016-03-28 06:26:23,665,608,64,512,480,791,791
2016-03-28 06:26:24,666,609,64,512,481,792,791
2016-03-28 06:26:25,671,610,64,512,481,792,791
2016-03-28 06:26:26,674,611,64,512,481,791,791
2016-03-28 06:26:27,680,612,64,513,481,792,791
2016-03-28 06:26:28,683,613,64,513,481,791,791
2016-03-28 06:26:29,687,614,64,513,482,791,791
2016-03-28 06:26:30,691,615,64,513,482,791,791
2016-03-28 06:26:31,692,616,64,514,482,791,791
2016-03-28 06:26:32,693,617,64,514,482,791,791
2016-03-28 06:26:33,698,618,64,515,483,791,791
2016-03-28 06:26:34,703,619,64,515,483,791,791
2016-03-28 06:26:35,707,620,64,515,483,792,791
2016-03-28 06:26:36,712,621,64,515,483,791,791
2016-03-28 06:26:37,715,622,64,516,483,791,791
2016-03-28 06:26:38,720,623,64,516,483,791,791
2016-03-28 06:26:39,724,624,64,516,483,791,791
2016-03-28 06:26:40,729,625,64,516,483,791,791
2016-03-28 06:26:41,732,626,64,517,483,791,791
2016-03-28 06:26:42,733,627,64,517,483,791,791
2016-03-28 06:26:43,736,628,64,517,483,791,791
2016-03-28 06:26:44,739,629,64,517,482,791,791
2016-03-28 06:26:45,741,630,64,518,483,791,791
2016-03-28 06:26:46,746,631,64,518,482,791,791
2016-03-28 06:26:47,751,632,64,518,482,791,791
2016-03-28 06:26:48,756,633,64,519,482,791,791
2016-03-28 06:26:49,758,634,64,519,482,791,791
2016-03-28 06:26:50,763,635,64,519,482,791,791
2016-03-28 06:26:51,769,636,64,519,482,791,791
2016-03-28 06:26:52,774,637,64,520,482,791,791
2016-03-28 06:26:53,780,638,64,520,482,791,791
2016-03-28 06:26:54,785,639,64,520,482,791,791
2016-03-28 06:26:55,790,640,64,520,482,791,791
2016-03-28 06:26:56,792,641,64,521,482,791,791
2016-03-28 06:26:57,795,642,64,521,481,791,791
2016-03-28 06:26:58,798,643,64,521,481,791,791
2016-03-28 06:26:59,802,644,64,521,481,791,791
2016-03-28 06:27:00,806,645,64,522,481,791,791
2016-03-28 06:27:01,807,646,64,522,481,791,791
2016-03-28 06:27:02,811,647,64,522,481,791,791
2016-03-28 06:27:03,814,648,64,522,481,791,791
2016-03-28 06:27:04,816,649,64,523,481,791,791
2016-03-28 06:27:05,821,650,64,523,481,791,791
2016-03-28 06:27:06,822,651,64,523,481,791,791
2016-03-28 06:27:07,828,652,64,523,481,791,791
2016-03-28 06:27:08,829,653,64,524,481,791,791
2016-03-28 06:27:09,832,654,64,524,481,791,791
2016-03-28 06:27:10,837,655,64,524,481,791,791
2016-03-28 06:27:11,840,656,64,525,481,791,791
2016-03-28 06:27:12,844,657,64,525,481,791,791
2016-03-28 06:27:13,850,658,64,525,481,791,791
2016-03-28 06:27:14,854,659,64,526,481,791,791
2016-03-28 06:27:15,858,660,64,526,481,791,791
2016-03-28 06:27:16,863,661,64,526,481,791,791
2016-03-28 06:27:17,869,662,65,527,481,791,791
2016-03-28 06:27:18,871,663,65,527,481,791,791
2016-03-28 06:27:19,877,664,64,527,481,791,791
2016-03-28 06:27:20,882,665,64,528,481,791,791
2016-03-28 06:27:21,887,666,65,528,481,791,791
2016-03-28 06:27:22,888,667,65,528,481,791,791
2016-03-28 06:27:23,892,668,65,528,481,791,791
2016-03-28 06:27:24,897,669,64,529,481,791,790
2016-03-28 06:27:25,897,670,65,529,481,791,791
2016-03-28 06:27:26,899,671,65,529,481,791,791
2016-03-28 06:27:27,904,672,65,530,481,791,790
2016-03-28 06:27:28,907,673,65,530,481,791,791
2016-03-28 06:27:29,912,674,65,530,480,791,790
2016-03-28 06:27:30,913,675,65,531,480,791,790
2016-03-28 06:27:31,915,676,65,531,480,791,790
2016-03-28 06:27:32,919,677,65,531,480,791,791
2016-03-28 06:27:33,922,678,65,532,480,791,791
2016-03-28 06:27:34,928,679,65,532,479,791,790
2016-03-28 06:27:35,930,680,65,532,479,791,791
2016-03-28 06:27:36,936,681,65,533,479,791,791
2016-03-28 06:27:37,940,682,65,533,479,791,790
2016-03-28 06:27:38,944,683,65,533,479,791,790
2016-03-28 06:27:39,948,684,65,534,478,791,790
2016-03-28 06:27:40,953,685,65,534,478,791,790
2016-03-28 06:27:41,956,686,65,534,478,791,790
2016-03-28 06:27:42,961,687,65,534,478,791,790
2016-03-28 06:27:43,966,688,65,535,477,791,790
2016-03-28 06:27:44,970,689,65,535,477,791,790
2016-03-28 06:27:45,976,690,65,535,477,791,790
2016-03-28 06:27:46,980,691,65,536,477,791,790
2016-03-28 06:27:47,982,692,65,536,477,791,790
2016-03-28 06:27:48,986,693,65,536,476,791,790
2016-03-28 06:27:49,988,694,65,537,476,791,790
2016-03-28 06:27:50,991,695,65,537,476,791,790
2016-03-28 06:27:51,994,696,65,537,476,791,790
2016-03-28 06:27:52,996,697,65,538,476,791,790
2016-03-28 06:27:54,001,698,65,538,476,791,790
2016-03-28 06:27:55,003,699,65,538,476,791,790
2016-03-28 06:27:56,006,700,65,539,476,791,790
2016-03-28 06:27:57,009,701,65,539,476,791,790
2016-03-28 06:27:58,012,702,65,539,475,791,790
2016-03-28 06:27:59,018,703,65,540,475,791,790
2016-03-28 06:28:00,022,704,65,540,475,791,790
2016-03-28 06:28:01,026,705,65,540,474,791,790
2016-03-28 06:28:02,027,706,65,541,474,791,790
2016-03-28 06:28:03,033,707,65,541,473,791,790
2016-03-28 06:28:04,039,708,65,541,473,791,790
2016-03-28 06:28:05,043,709,65,541,473,791,790
2016-03-28 06:28:06,046,710,65,542,473,791,790
2016-03-28 06:28:07,051,711,65,542,472,791,790
2016-03-28 06:28:08,053,712,65,543,472,791,790
2016-03-28 06:28:09,059,713,65,543,472,791,790
2016-03-28 06:28:10,064,714,65,543,472,791,790
2016-03-28 06:28:11,068,715,65,544,472,791,790
2016-03-28 06:28:12,070,716,65,544,472,791,790
2016-03-28 06:28:13,074,717,65,544,472,791,790
2016-03-28 06:28:14,079,718,65,544,472,791,790
2016-03-28 06:28:15,084,719,65,545,472,791,790
2016-03-28 06:28:16,085,720,65,545,472,791,790
2016-03-28 06:28:17,087,721,65,545,472,791,790
2016-03-28 06:28:18,092,722,65,546,472,791,790
2016-03-28 06:28:19,096,723,65,546,472,791,790
2016-03-28 06:28:20,101,724,65,546,472,791,790
2016-03-28 06:28:21,103,725,65,546,472,791,790
2016-03-28 06:28:22,108,726,65,547,472,791,790
2016-03-28 06:28:23,113,727,65,547,472,791,790
2016-03-28 06:28:24,117,728,65,547,472,791,790
2016-03-28 06:28:25,118,729,65,548,472,791,790
2016-03-28 06:28:26,123,730,65,548,472,791,790
2016-03-28 06:28:27,126,731,65,548,472,791,790
2016-03-28 06:28:28,130,732,65,549,472,791,790
2016-03-28 06:28:29,135,733,65,549,471,791,790
2016-03-28 06:28:30,135,734,65,549,471,791,790
2016-03-28 06:28:31,140,735,65,549,471,791,790
2016-03-28 06:28:32,146,736,65,550,471,791,790
2016-03-28 06:28:33,150,737,65,550,471,791,790
2016-03-28 06:28:34,155,738,65,550,471,791,790
2016-03-28 06:28:35,158,739,65,551,471,791,790
2016-03-28 06:28:36,159,740,65,551,471,791,790
2016-03-28 06:28:37,160,741,65,551,471,791,790
2016-03-28 06:28:38,165,742,65,552,471,791,790
2016-03-28 06:28:39,171,743,65,552,471,791,790
2016-03-28 06:28:40,174,744,65,552,471,791,790
2016-03-28 06:28:41,178,745,65,552,471,791,790
2016-03-28 06:28:42,182,746,65,553,470,791,790
2016-03-28 06:28:43,184,747,65,553,470,791,790
2016-03-28 06:28:44,189,748,65,553,470,791,790
2016-03-28 06:28:45,194,749,65,554,470,791,790
2016-03-28 06:28:46,199,750,65,554,470,791,790
2016-03-28 06:28:47,205,751,65,554,470,791,790
2016-03-28 06:28:48,208,752,65,554,470,791,790
2016-03-28 06:28:49,210,753,65,555,470,791,790
2016-03-28 06:28:50,215,754,65,555,470,791,790
2016-03-28 06:28:51,215,755,65,555,470,791,790
2016-03-28 06:28:52,220,756,65,556,470,791,790
2016-03-28 06:28:53,225,757,66,556,470,791,790
2016-03-28 06:28:54,230,758,66,556,470,791,790
2016-03-28 06:28:55,231,759,65,556,470,791,790
2016-03-28 06:28:56,234,760,66,557,470,791,790
2016-03-28 06:28:57,239,761,65,557,470,790,790
2016-03-28 06:28:58,245,762,66,557,470,791,790
2016-03-28 06:28:59,248,763,66,558,470,791,790
2016-03-28 06:29:00,251,764,66,558,470,791,790
2016-03-28 06:29:01,256,765,66,558,470,791,790
2016-03-28 06:29:02,259,766,66,558,470,791,790
2016-03-28 06:29:03,264,767,66,559,470,791,790
2016-03-28 06:29:04,265,768,66,559,470,791,790
2016-03-28 06:29:05,268,769,66,559,470,791,790
2016-03-28 06:29:06,272,770,66,559,470,791,790
2016-03-28 06:29:07,278,771,66,560,470,791,790
2016-03-28 06:29:08,281,772,66,560,470,791,790
2016-03-28 06:29:09,283,773,66,560,470,791,790
2016-03-28 06:29:10,288,774,66,560,470,790,790
2016-03-28 06:29:11,294,775,66,561,470,791,790
2016-03-28 06:29:12,298,776,66,561,470,790,790
2016-03-28 06:29:13,298,777,66,561,470,791,790
2016-03-28 06:29:14,300,778,66,561,470,791,790
2016-03-28 06:29:15,305,779,66,562,470,791,790
2016-03-28 06:29:16,307,780,66,562,469,790,790
2016-03-28 06:29:17,312,781,66,562,469,791,790
2016-03-28 06:29:18,314,782,66,562,470,790,790
2016-03-28 06:29:19,317,783,66,563,469,790,790
2016-03-28 06:29:20,320,784,66,563,469,791,790
2016-03-28 06:29:21,324,785,66,563,469,790,790
2016-03-28 06:29:22,329,786,66,563,469,791,790
2016-03-28 06:29:23,335,787,66,563,469,791,790
2016-03-28 06:29:24,338,788,66,563,469,790,790
2016-03-28 06:29:25,344,789,66,564,469,790,790
2016-03-28 06:29:26,346,790,66,564,469,790,790
2016-03-28 06:29:27,347,791,66,564,468,790,790
2016-03-28 06:29:28,353,792,66,564,468,790,790
2016-03-28 06:29:29,358,793,66,565,468,790,790
2016-03-28 06:29:30,362,794,66,565,468,790,790
2016-03-28 06:29:31,364,795,66,565,467,790,790
2016-03-28 06:29:32,370,796,66,565,467,790,790
2016-03-28 06:29:33,373,797,66,565,467,790,790
2016-03-28 06:29:34,378,798,66,565,467,790,790
2016-03-28 06:29:35,384,799,66,566,467,790,790
2016-03-28 06:29:36,389,801,66,566,467,790,790
2016-03-28 06:29:37,395,802,66,566,467,790,790
2016-03-28 06:29:38,396,803,66,566,467,790,790
2016-03-28 06:29:39,401,804,66,566,467,790,790
2016-03-28 06:29:40,405,805,66,567,467,790,790
2016-03-28 06:29:41,410,806,66,566,467,790,790
2016-03-28 06:29:42,415,807,66,567,467,790,790
2016-03-28 06:29:43,418,808,66,567,467,790,790
2016-03-28 06:29:44,422,809,66,567,467,790,790
2016-03-28 06:29:45,423,810,66,567,467,790,790
2016-03-28 06:29:46,429,811,66,568,467,790,790
2016-03-28 06:29:47,430,812,66,568,467,790,790
2016-03-28 06:29:48,433,813,66,568,467,790,790
2016-03-28 06:29:49,437,814,66,568,467,790,790
2016-03-28 06:29:50,439,815,66,568,467,790,790
2016-03-28 06:29:51,444,816,66,569,467,790,790
2016-03-28 06:29:52,445,817,66,569,468,790,790
2016-03-28 06:29:53,449,818,66,569,468,790,790
2016-03-28 06:29:54,452,819,66,569,468,790,790
2016-03-28 06:29:55,455,820,66,569,468,790,790
2016-03-28 06:29:56,460,821,66,570,468,790,790
2016-03-28 06:29:57,466,822,66,570,468,790,790
2016-03-28 06:29:58,469,823,66,570,468,790,790
2016-03-28 06:29:59,475,824,66,570,467,790,790
2016-03-28 06:30:00,478,825,66,570,467,790,790
2016-03-28 06:30:01,482,826,66,570,467,790,790
2016-03-28 06:30:02,486,827,66,570,467,790,790
2016-03-28 06:30:03,489,828,66,571,467,790,790
2016-03-28 06:30:04,495,829,66,571,466,790,790
2016-03-28 06:30:05,501,830,66,571,466,790,790
2016-03-28 06:30:06,503,831,66,571,466,790,790
2016-03-28 06:30:07,508,832,66,571,467,790,790
2016-03-28 06:30:08,512,833,66,571,466,790,790
2016-03-28 06:30:09,512,834,66,571,466,790,790
2016-03-28 06:30:10,513,835,66,571,466,790,790
2016-03-28 06:30:11,519,836,66,571,466,790,790
2016-03-28 06:30:12,523,837,66,572,466,790,790
2016-03-28 06:30:13,527,838,66,572,465,790,790
2016-03-28 06:30:14,530,839,66,572,465,790,790
2016-03-28 06:30:15,534,840,66,572,465,790,790
2016-03-28 06:30:16,536,841,66,572,465,790,790
2016-03-28 06:30:17,539,842,66,572,465,790,790
2016-03-28 06:30:18,542,843,66,572,465,790,790
2016-03-28 06:30:19,543,844,66,572,465,790,790
2016-03-28 06:30:20,546,845,66,572,465,790,790
2016-03-28 06:30:21,551,846,66,572,465,790,790
2016-03-28 06:30:22,556,847,66,573,465,790,790
2016-03-28 06:30:23,558,848,66,573,465,790,790
2016-03-28 06:30:24,560,849,66,573,465,790,790
2016-03-28 06:30:25,565,850,66,573,465,790,790
2016-03-28 06:30:26,566,851,66,573,465,790,790
2016-03-28 06:30:27,569,852,66,573,465,790,790
2016-03-28 06:30:28,573,853,66,573,465,790,790
2016-03-28 06:30:29,575,854,66,573,465,790,790
2016-03-28 06:30:30,580,855,66,574,465,790,790
2016-03-28 06:30:31,582,856,66,574,465,790,790
2016-03-28 06:30:32,585,857,66,573,466,790,790
2016-03-28 06:30:33,589,858,66,573,466,790,790
2016-03-28 06:30:34,591,859,66,572,466,790,790
2016-03-28 06:30:35,596,860,67,569,465,790,790
2016-03-28 06:30:36,597,861,66,567,465,790,790
2016-03-28 06:30:37,600,862,66,565,464,790,790
2016-03-28 06:30:38,603,863,66,563,464,790,790
2016-03-28 06:30:39,609,864,66,560,463,790,790
2016-03-28 06:30:40,612,865,67,558,463,790,790
2016-03-28 06:30:41,617,866,67,556,462,790,790
2016-03-28 06:30:42,621,867,66,554,461,790,790
2016-03-28 06:30:43,622,868,67,551,461,790,790
2016-03-28 06:30:44,623,869,67,549,460,790,790
2016-03-28 06:30:45,628,870,66,549,459,790,790
2016-03-28 06:30:46,632,871,67,548,459,790,790
2016-03-28 06:30:47,636,872,67,547,459,790,790
2016-03-28 06:30:48,640,873,67,548,459,790,790
2016-03-28 06:30:49,645,874,67,549,459,790,789
2016-03-28 06:30:50,651,875,67,549,459,790,790
2016-03-28 06:30:51,653,876,67,550,458,790,790
2016-03-28 06:30:52,655,877,67,551,459,790,790
2016-03-28 06:30:53,660,878,67,551,458,790,790
2016-03-28 06:30:54,663,879,67,552,458,790,790
2016-03-28 06:30:55,664,880,67,552,458,790,790
2016-03-28 06:30:56,669,881,67,553,458,790,790
2016-03-28 06:30:57,670,882,67,553,458,790,790
2016-03-28 06:30:58,675,883,67,553,459,790,789
2016-03-28 06:30:59,676,884,67,553,459,790,790
2016-03-28 06:31:00,680,885,67,554,459,790,790
2016-03-28 06:31:01,684,886,67,554,458,790,790
2016-03-28 06:31:02,685,887,67,554,458,790,790
2016-03-28 06:31:03,689,888,67,554,458,790,790
2016-03-28 06:31:04,691,889,67,554,458,790,790
2016-03-28 06:31:05,697,890,67,554,458,790,789
2016-03-28 06:31:06,699,891,67,554,458,790,789
2016-03-28 06:31:07,703,892,67,554,458,790,789
2016-03-28 06:31:08,708,893,67,554,458,790,790
2016-03-28 06:31:09,714,894,67,554,458,790,790
2016-03-28 06:31:10,716,895,67,554,458,790,789
2016-03-28 06:31:11,721,896,67,554,458,790,790
2016-03-28 06:31:12,729,897,67,554,458,790,789
2016-03-28 06:31:13,734,898,67,554,458,790,789
2016-03-28 06:31:14,735,899,67,554,458,790,789
2016-03-28 06:31:15,736,900,67,554,458,790,789
2016-03-28 06:31:16,742,901,67,553,458,790,789
2016-03-28 06:31:17,747,902,67,553,457,790,789
2016-03-28 06:31:18,750,903,67,553,457,790,790
2016-03-28 06:31:19,754,904,67,553,457,790,789
2016-03-28 06:31:20,759,905,67,553,457,790,790
2016-03-28 06:31:21,761,906,67,553,457,790,789
2016-03-28 06:31:22,766,907,67,553,457,790,789
2016-03-28 06:31:23,772,908,67,553,457,790,789
2016-03-28 06:31:24,775,909,67,553,457,790,789
2016-03-28 06:31:25,781,910,67,553,457,790,789
2016-03-28 06:31:26,784,911,67,553,457,790,789
2016-03-28 06:31:27,785,912,67,552,456,790,789
2016-03-28 06:31:28,790,913,67,553,456,790,789
2016-03-28 06:31:29,791,914,67,552,456,790,789
2016-03-28 06:31:30,796,915,67,552,456,790,789
2016-03-28 06:31:31,799,916,67,552,456,790,789
2016-03-28 06:31:32,802,917,67,552,456,790,789
2016-03-28 06:31:33,808,918,67,552,456,790,789
