2016-03-31 06:21:04,552,coffee,datetime,ms,seconds,ambient_temp,thermocouple_0_temp,thermocouple_1_temp,thermocouple_2_temp,thermocouple_3_temp
2016-03-31 06:21:06,618,2,70,503,425,789,789
2016-03-31 06:21:07,619,3,71,495,420,789,789
2016-03-31 06:21:08,624,4,71,485,414,789,789
2016-03-31 06:21:09,630,5,71,473,408,789,789
2016-03-31 06:21:10,632,6,70,461,402,789,789
2016-03-31 06:21:11,637,7,71,451,397,789,789
2016-03-31 06:21:12,640,8,71,440,394,789,789
2016-03-31 06:21:13,645,9,71,431,391,789,789
2016-03-31 06:21:14,648,10,71,421,389,789,789
2016-03-31 06:21:15,654,11,71,412,387,789,789
2016-03-31 06:21:16,659,12,71,404,385,789,789
2016-03-31 06:21:17,665,13,71,395,383,789,789
2016-03-31 06:21:18,668,14,70,387,381,789,789
2016-03-31 06:21:19,671,15,70,379,379,789,789
2016-03-31 06:21:20,674,16,71,372,378,789,789
2016-03-31 06:21:21,679,17,71,365,376,789,789
2016-03-31 06:21:22,683,18,71,358,375,789,789
2016-03-31 06:21:23,688,19,71,351,373,789,789
2016-03-31 06:21:24,688,20,71,346,372,789,789
2016-03-31 06:21:25,693,21,71,339,371,789,789
2016-03-31 06:21:26,696,22,71,333,370,789,789
2016-03-31 06:21:27,699,23,71,328,369,789,789
2016-03-31 06:21:28,702,24,71,322,367,789,789
2016-03-31 06:21:29,706,25,70,317,366,789,789
2016-03-31 06:21:30,711,26,71,312,365,789,789
2016-03-31 06:21:31,712,27,71,308,364,789,789
2016-03-31 06:21:32,716,28,71,303,363,789,789
2016-03-31 06:21:33,718,29,71,299,363,789,789
2016-03-31 06:21:34,719,30,71,295,362,789,789
2016-03-31 06:21:35,722,31,71,291,361,789,789
2016-03-31 06:21:36,725,32,71,288,360,789,789
2016-03-31 06:21:37,730,33,71,284,359,789,789
2016-03-31 06:21:38,734,34,71,280,359,789,789
2016-03-31 06:21:39,739,35,71,277,358,789,789
2016-03-31 06:21:40,742,36,71,274,357,789,789
2016-03-31 06:21:41,745,37,71,271,357,789,789
2016-03-31 06:21:42,752,38,71,268,356,789,789
2016-03-31 06:21:43,754,39,71,266,355,789,789
2016-03-31 06:21:44,759,40,71,263,355,789,789
2016-03-31 06:21:45,765,41,71,261,354,789,789
2016-03-31 06:21:46,768,42,71,259,354,789,789
2016-03-31 06:21:47,773,43,71,256,354,789,789
2016-03-31 06:21:48,778,44,71,254,353,789,789
2016-03-31 06:21:49,782,45,71,252,353,789,789
2016-03-31 06:21:50,786,46,71,251,352,789,789
2016-03-31 06:21:51,789,47,71,249,352,789,789
2016-03-31 06:21:52,794,48,71,247,352,789,789
2016-03-31 06:21:53,799,49,71,246,352,789,789
2016-03-31 06:21:54,801,50,71,244,351,789,788
2016-03-31 06:21:55,802,51,71,243,351,789,789
2016-03-31 06:21:56,805,52,71,242,351,789,789
2016-03-31 06:21:57,810,53,71,240,350,789,789
2016-03-31 06:21:58,814,54,71,239,350,789,789
2016-03-31 06:21:59,819,55,71,238,350,789,789
2016-03-31 06:22:00,821,56,71,237,350,789,789
2016-03-31 06:22:01,825,57,71,236,350,789,789
2016-03-31 06:22:02,830,58,71,235,349,789,789
2016-03-31 06:22:03,834,59,71,234,349,789,789
2016-03-31 06:22:04,840,60,71,234,349,789,789
2016-03-31 06:22:05,842,61,71,233,349,789,789
2016-03-31 06:22:06,847,62,71,232,348,789,789
2016-03-31 06:22:07,851,63,71,232,348,789,789
2016-03-31 06:22:08,856,64,71,231,348,789,789
2016-03-31 06:22:09,861,65,71,231,348,789,789
2016-03-31 06:22:10,866,66,71,231,349,789,789
2016-03-31 06:22:11,870,67,71,230,350,789,789
2016-03-31 06:22:12,873,68,71,230,351,789,789
2016-03-31 06:22:13,876,69,71,229,352,789,789
2016-03-31 06:22:14,881,70,71,229,353,789,789
2016-03-31 06:22:15,887,71,71,229,354,789,789
2016-03-31 06:22:16,893,72,71,229,355,789,789
2016-03-31 06:22:17,898,73,71,229,355,789,788
2016-03-31 06:22:18,910,74,71,229,356,789,788
2016-03-31 06:22:19,913,75,71,229,357,789,789
2016-03-31 06:22:20,919,76,71,229,358,789,788
2016-03-31 06:22:21,922,77,71,229,359,789,789
2016-03-31 06:22:22,927,78,71,229,360,789,789
2016-03-31 06:22:23,931,79,71,229,361,789,789
2016-03-31 06:22:24,935,80,71,230,361,789,788
2016-03-31 06:22:25,939,81,71,230,362,789,789
2016-03-31 06:22:26,944,82,71,230,363,789,789
2016-03-31 06:22:27,947,83,71,230,363,789,789
2016-03-31 06:22:28,952,84,71,230,364,789,789
2016-03-31 06:22:29,955,85,71,231,365,789,789
2016-03-31 06:22:30,957,86,71,231,365,789,789
2016-03-31 06:22:31,963,87,71,232,366,789,789
2016-03-31 06:22:32,966,88,71,232,366,789,789
2016-03-31 06:22:33,971,89,71,232,367,789,789
2016-03-31 06:22:34,975,90,71,233,368,789,788
2016-03-31 06:22:35,980,91,71,233,368,789,789
2016-03-31 06:22:36,984,92,71,234,369,789,789
2016-03-31 06:22:37,990,93,71,234,370,789,789
2016-03-31 06:22:38,994,94,71,235,370,789,789
2016-03-31 06:22:39,998,95,71,235,371,789,789
2016-03-31 06:22:41,004,96,71,236,371,789,789
2016-03-31 06:22:42,006,97,71,236,372,789,788
2016-03-31 06:22:43,012,98,71,237,372,789,789
2016-03-31 06:22:44,015,99,71,237,373,789,789
2016-03-31 06:22:45,016,100,71,238,373,789,789
2016-03-31 06:22:46,018,101,71,238,374,789,788
2016-03-31 06:22:47,022,102,71,239,374,789,789
2016-03-31 06:22:48,022,103,71,240,375,789,789
2016-03-31 06:22:49,023,104,71,240,375,789,789
2016-03-31 06:22:50,027,105,71,241,376,789,788
2016-03-31 06:22:51,031,106,71,242,376,789,789
2016-03-31 06:22:52,033,107,71,242,377,789,789
2016-03-31 06:22:53,039,108,71,243,377,789,788
2016-03-31 06:22:54,044,109,71,244,378,789,788
2016-03-31 06:22:55,045,110,71,244,378,789,789
2016-03-31 06:22:56,046,111,71,245,379,789,788
2016-03-31 06:22:57,051,112,71,246,379,789,789
2016-03-31 06:22:58,057,113,71,246,380,789,789
2016-03-31 06:22:59,061,114,71,247,380,789,788
2016-03-31 06:23:00,065,115,71,248,380,789,788
2016-03-31 06:23:01,069,116,71,248,381,789,789
2016-03-31 06:23:02,073,117,71,249,381,789,789
2016-03-31 06:23:03,077,118,71,250,382,789,789
2016-03-31 06:23:04,078,119,71,250,382,789,788
2016-03-31 06:23:05,083,120,71,251,383,789,789
2016-03-31 06:23:06,085,121,71,252,383,789,789
2016-03-31 06:23:07,090,122,71,253,383,789,788
2016-03-31 06:23:08,093,123,71,253,384,789,789
2016-03-31 06:23:09,096,124,71,254,384,789,789
2016-03-31 06:23:10,101,125,71,255,384,789,788
2016-03-31 06:23:11,106,126,71,256,385,789,788
2016-03-31 06:23:12,110,127,71,257,385,789,789
2016-03-31 06:23:13,113,128,71,258,385,789,788
2016-03-31 06:23:14,117,129,71,258,386,789,788
2016-03-31 06:23:15,121,130,71,259,386,789,789
2016-03-31 06:23:16,126,131,71,260,387,789,789
2016-03-31 06:23:17,131,132,71,261,387,789,788
2016-03-31 06:23:18,136,133,71,262,387,789,789
2016-03-31 06:23:19,139,134,71,262,387,789,788
2016-03-31 06:23:20,144,135,71,263,388,789,789
2016-03-31 06:23:21,149,136,71,264,388,789,789
2016-03-31 06:23:22,152,137,71,265,389,789,788
2016-03-31 06:23:23,156,138,71,266,389,789,789
2016-03-31 06:23:24,161,139,71,266,389,789,788
2016-03-31 06:23:25,166,140,71,267,389,789,788
2016-03-31 06:23:26,171,141,71,268,390,789,788
2016-03-31 06:23:27,174,142,71,269,390,789,788
2016-03-31 06:23:28,178,143,71,270,391,789,789
2016-03-31 06:23:29,183,144,71,271,391,789,788
2016-03-31 06:23:30,188,145,71,272,391,789,788
2016-03-31 06:23:31,189,146,71,272,392,789,788
2016-03-31 06:23:32,194,147,71,273,392,789,789
2016-03-31 06:23:33,195,148,71,274,392,789,789
2016-03-31 06:23:34,195,149,71,275,393,789,789
2016-03-31 06:23:35,200,150,71,276,393,789,789
2016-03-31 06:23:36,202,151,71,277,393,789,789
2016-03-31 06:23:37,203,152,71,277,394,789,789
2016-03-31 06:23:38,208,153,71,278,394,789,789
2016-03-31 06:23:39,210,154,71,279,395,789,789
2016-03-31 06:23:40,212,155,71,280,395,789,789
2016-03-31 06:23:41,215,156,71,281,395,789,789
2016-03-31 06:23:42,221,157,71,281,395,789,789
2016-03-31 06:23:43,224,158,71,282,395,789,788
2016-03-31 06:23:44,230,159,71,283,396,789,788
2016-03-31 06:23:45,231,160,71,284,396,789,789
2016-03-31 06:23:46,233,161,71,285,396,789,789
2016-03-31 06:23:47,236,162,71,286,396,789,789
2016-03-31 06:23:48,239,163,71,286,397,789,788
2016-03-31 06:23:49,242,164,71,287,397,789,788
2016-03-31 06:23:50,245,165,71,288,397,789,789
2016-03-31 06:23:51,248,166,71,289,398,789,788
2016-03-31 06:23:52,253,167,71,290,398,789,788
2016-03-31 06:23:53,255,168,71,291,398,789,788
2016-03-31 06:23:54,256,169,71,292,399,789,789
2016-03-31 06:23:55,259,170,71,292,399,789,788
2016-03-31 06:23:56,262,171,71,293,399,789,788
2016-03-31 06:23:57,267,172,71,294,399,789,788
2016-03-31 06:23:58,270,173,71,295,400,789,788
2016-03-31 06:23:59,275,174,71,295,400,789,788
2016-03-31 06:24:00,279,175,71,296,400,789,788
2016-03-31 06:24:01,284,176,71,297,400,789,788
2016-03-31 06:24:02,287,177,71,298,401,789,788
2016-03-31 06:24:03,291,178,71,299,401,789,788
2016-03-31 06:24:04,296,179,71,300,401,789,789
2016-03-31 06:24:05,300,180,71,300,402,789,788
2016-03-31 06:24:06,304,181,71,301,402,789,788
2016-03-31 06:24:07,305,182,71,302,402,789,788
2016-03-31 06:24:08,307,183,71,303,402,789,788
2016-03-31 06:24:09,311,184,71,304,403,789,788
2016-03-31 06:24:10,317,185,71,304,403,789,788
2016-03-31 06:24:11,320,186,71,305,403,789,788
2016-03-31 06:24:12,322,187,71,306,404,789,789
2016-03-31 06:24:13,326,188,71,307,404,789,788
2016-03-31 06:24:14,332,189,71,308,404,789,788
2016-03-31 06:24:15,333,190,71,309,404,789,788
2016-03-31 06:24:16,335,191,71,309,405,789,788
2016-03-31 06:24:17,337,192,71,310,405,789,788
2016-03-31 06:24:18,342,193,71,311,405,789,788
2016-03-31 06:24:19,344,194,71,312,405,789,788
2016-03-31 06:24:20,347,195,71,313,406,789,789
2016-03-31 06:24:21,351,196,71,313,406,789,789
2016-03-31 06:24:22,353,197,71,314,406,789,789
2016-03-31 06:24:23,359,198,71,315,406,789,788
2016-03-31 06:24:24,360,199,71,315,406,789,788
2016-03-31 06:24:25,362,200,71,316,407,789,789
2016-03-31 06:24:26,367,201,71,317,407,789,788
2016-03-31 06:24:27,369,202,71,318,407,789,788
2016-03-31 06:24:28,374,203,71,319,407,789,788
2016-03-31 06:24:29,375,204,71,319,408,789,789
2016-03-31 06:24:30,380,205,71,320,408,789,788
2016-03-31 06:24:31,384,206,71,321,408,789,788
2016-03-31 06:24:32,386,207,71,322,408,789,788
2016-03-31 06:24:33,390,208,71,322,409,789,788
2016-03-31 06:24:34,390,209,71,323,409,789,788
2016-03-31 06:24:35,391,210,71,324,409,789,789
2016-03-31 06:24:36,396,211,71,325,409,789,789
2016-03-31 06:24:37,397,212,71,325,410,789,788
2016-03-31 06:24:38,403,213,71,326,410,789,789
2016-03-31 06:24:39,405,214,71,327,410,789,789
2016-03-31 06:24:40,409,215,71,328,410,789,789
2016-03-31 06:24:41,412,216,71,328,411,789,788
2016-03-31 06:24:42,415,217,71,329,411,789,788
2016-03-31 06:24:43,420,218,71,330,411,789,789
2016-03-31 06:24:44,426,219,71,331,411,789,788
2016-03-31 06:24:45,428,220,71,331,412,789,788
2016-03-31 06:24:46,434,221,71,332,412,789,788
2016-03-31 06:24:47,437,222,71,333,412,789,788
2016-03-31 06:24:48,442,223,71,334,412,789,788
2016-03-31 06:24:49,446,224,71,335,413,789,789
2016-03-31 06:24:50,447,225,71,335,413,789,788
2016-03-31 06:24:51,453,226,71,336,413,789,789
2016-03-31 06:24:52,456,227,71,337,413,789,788
2016-03-31 06:24:53,462,228,71,338,414,789,788
2016-03-31 06:24:54,465,229,71,338,414,789,788
2016-03-31 06:24:55,470,230,71,339,414,789,788
2016-03-31 06:24:56,475,231,71,339,414,789,789
2016-03-31 06:24:57,479,232,71,340,415,789,789
2016-03-31 06:24:58,483,233,71,341,415,789,788
2016-03-31 06:24:59,488,234,71,342,415,789,788
2016-03-31 06:25:00,489,235,71,342,415,789,788
2016-03-31 06:25:01,493,236,71,343,415,789,788
2016-03-31 06:25:02,497,237,71,344,416,789,788
2016-03-31 06:25:03,500,238,71,344,416,789,788
2016-03-31 06:25:04,502,239,71,345,416,789,789
2016-03-31 06:25:05,506,240,71,346,416,789,788
2016-03-31 06:25:06,511,241,71,346,417,789,788
2016-03-31 06:25:07,515,242,71,347,417,789,789
2016-03-31 06:25:08,520,243,71,348,417,789,788
2016-03-31 06:25:09,522,244,71,349,417,789,788
2016-03-31 06:25:10,528,245,71,349,417,789,788
2016-03-31 06:25:11,533,246,71,350,418,789,788
2016-03-31 06:25:12,537,247,71,350,418,789,788
2016-03-31 06:25:13,542,248,71,351,418,789,789
2016-03-31 06:25:14,546,249,71,352,418,789,788
2016-03-31 06:25:15,548,250,71,353,419,789,788
2016-03-31 06:25:16,553,252,71,353,419,789,788
2016-03-31 06:25:17,554,253,71,354,419,789,788
2016-03-31 06:25:18,555,254,71,355,419,789,789
2016-03-31 06:25:19,560,255,71,355,420,789,788
2016-03-31 06:25:20,562,256,71,356,420,789,789
2016-03-31 06:25:21,568,257,71,357,420,789,788
2016-03-31 06:25:22,569,258,71,357,421,789,788
2016-03-31 06:25:23,573,259,71,358,421,789,789
2016-03-31 06:25:24,576,260,71,358,421,789,788
2016-03-31 06:25:25,580,261,71,359,422,789,789
2016-03-31 06:25:26,585,262,71,360,422,789,788
2016-03-31 06:25:27,586,263,71,361,422,789,789
2016-03-31 06:25:28,589,264,71,361,422,789,789
2016-03-31 06:25:29,594,265,71,362,422,789,789
2016-03-31 06:25:30,595,266,71,362,422,789,789
2016-03-31 06:25:31,600,267,71,363,423,789,789
2016-03-31 06:25:32,601,268,71,364,423,789,789
2016-03-31 06:25:33,604,269,71,364,423,789,788
2016-03-31 06:25:34,607,270,71,365,423,789,788
2016-03-31 06:25:35,608,271,71,366,423,789,788
2016-03-31 06:25:36,609,272,71,366,424,789,788
2016-03-31 06:25:37,614,273,71,367,424,789,788
2016-03-31 06:25:38,619,274,71,367,424,789,788
2016-03-31 06:25:39,622,275,71,368,424,789,788
2016-03-31 06:25:40,628,276,71,369,424,789,788
2016-03-31 06:25:41,631,277,71,369,424,789,788
2016-03-31 06:25:42,632,278,71,370,425,789,788
2016-03-31 06:25:43,635,279,71,370,425,789,788
2016-03-31 06:25:44,638,280,71,371,425,789,789
2016-03-31 06:25:45,641,281,71,372,425,789,788
2016-03-31 06:25:46,646,282,71,372,425,789,788
2016-03-31 06:25:47,647,283,71,373,426,789,788
2016-03-31 06:25:48,651,284,71,373,426,789,789
2016-03-31 06:25:49,653,285,71,374,426,789,788
2016-03-31 06:25:50,657,286,71,375,426,789,789
2016-03-31 06:25:51,662,287,71,375,426,789,788
2016-03-31 06:25:52,665,288,71,376,427,789,788
2016-03-31 06:25:53,670,289,71,376,427,789,788
2016-03-31 06:25:54,673,290,71,377,427,789,789
2016-03-31 06:25:55,678,291,71,378,427,789,788
2016-03-31 06:25:56,681,292,71,378,428,789,788
2016-03-31 06:25:57,686,293,71,379,428,789,789
2016-03-31 06:25:58,688,294,71,380,428,789,788
2016-03-31 06:25:59,693,295,71,380,428,789,788
2016-03-31 06:26:00,694,296,71,381,428,789,788
2016-03-31 06:26:01,696,297,71,381,429,789,788
2016-03-31 06:26:02,701,298,71,382,429,789,788
2016-03-31 06:26:03,703,299,71,383,429,789,789
2016-03-31 06:26:04,707,300,71,383,429,789,788
2016-03-31 06:26:05,712,301,71,384,430,789,789
2016-03-31 06:26:06,714,302,71,384,430,789,788
2016-03-31 06:26:07,718,303,71,385,430,789,788
2016-03-31 06:26:08,721,304,71,386,430,789,788
2016-03-31 06:26:09,726,305,71,386,430,789,788
2016-03-31 06:26:10,732,306,71,387,430,789,789
2016-03-31 06:26:11,735,307,71,387,431,789,789
2016-03-31 06:26:12,739,308,71,388,431,789,788
2016-03-31 06:26:13,743,309,71,388,431,789,788
2016-03-31 06:26:14,744,310,71,389,431,789,789
2016-03-31 06:26:15,745,311,71,389,431,789,789
2016-03-31 06:26:16,750,312,71,390,431,789,789
2016-03-31 06:26:17,752,313,71,391,431,789,788
2016-03-31 06:26:18,757,314,71,391,432,789,789
2016-03-31 06:26:19,760,315,71,392,432,789,788
2016-03-31 06:26:20,763,316,71,392,432,789,788
2016-03-31 06:26:21,765,317,71,393,432,789,788
2016-03-31 06:26:22,766,318,71,393,432,789,788
2016-03-31 06:26:23,767,319,71,394,433,789,788
2016-03-31 06:26:24,773,320,71,395,433,789,788
2016-03-31 06:26:25,778,321,71,395,433,789,789
2016-03-31 06:26:26,781,322,71,396,433,789,788
2016-03-31 06:26:27,784,323,71,396,434,789,788
2016-03-31 06:26:28,789,324,71,397,434,789,788
2016-03-31 06:26:29,790,325,71,397,434,789,788
2016-03-31 06:26:30,796,326,71,398,434,789,788
2016-03-31 06:26:31,798,327,71,399,434,789,788
2016-03-31 06:26:32,801,328,71,399,434,789,789
2016-03-31 06:26:33,805,329,71,400,435,789,789
2016-03-31 06:26:34,807,330,71,400,435,789,788
2016-03-31 06:26:35,812,331,71,401,435,789,789
2016-03-31 06:26:36,814,332,71,401,435,789,788
2016-03-31 06:26:37,815,333,71,402,435,789,788
2016-03-31 06:26:38,820,334,71,402,436,789,788
2016-03-31 06:26:39,821,335,71,403,436,789,788
2016-03-31 06:26:40,825,336,71,403,436,789,788
2016-03-31 06:26:41,827,337,71,404,437,789,788
2016-03-31 06:26:42,832,338,71,405,437,789,788
2016-03-31 06:26:43,836,339,71,405,437,789,789
2016-03-31 06:26:44,839,340,71,406,437,789,788
2016-03-31 06:26:45,843,341,71,406,437,789,788
2016-03-31 06:26:46,845,342,71,407,437,789,788
2016-03-31 06:26:47,848,343,71,407,437,789,788
2016-03-31 06:26:48,851,344,71,408,437,789,788
2016-03-31 06:26:49,854,345,71,408,438,789,788
2016-03-31 06:26:50,859,346,71,409,438,789,789
2016-03-31 06:26:51,865,347,71,410,438,789,789
2016-03-31 06:26:52,868,348,71,410,438,789,789
2016-03-31 06:26:53,869,349,71,411,438,789,789
2016-03-31 06:26:54,869,350,71,411,438,789,788
2016-03-31 06:26:55,875,351,71,412,438,789,788
2016-03-31 06:26:56,880,352,71,412,438,789,788
2016-03-31 06:26:57,883,353,71,413,438,789,788
2016-03-31 06:26:58,888,354,71,413,438,789,788
2016-03-31 06:26:59,892,355,71,414,439,789,789
2016-03-31 06:27:00,898,356,71,414,439,789,788
2016-03-31 06:27:01,900,357,71,415,439,789,788
2016-03-31 06:27:02,906,358,71,415,439,789,788
2016-03-31 06:27:03,909,359,71,416,440,789,789
2016-03-31 06:27:04,914,360,71,416,440,789,789
2016-03-31 06:27:05,917,361,71,417,440,789,788
2016-03-31 06:27:06,922,362,71,417,440,789,789
2016-03-31 06:27:07,926,363,71,418,440,789,789
2016-03-31 06:27:08,931,364,71,418,440,789,788
2016-03-31 06:27:09,934,365,71,419,441,789,789
2016-03-31 06:27:10,935,366,71,419,441,789,788
2016-03-31 06:27:11,938,367,71,420,441,789,788
2016-03-31 06:27:12,941,368,71,421,441,789,788
2016-03-31 06:27:13,945,369,71,421,441,789,788
2016-03-31 06:27:14,949,370,71,422,441,789,788
2016-03-31 06:27:15,950,371,71,422,441,789,788
2016-03-31 06:27:16,951,372,71,423,441,789,788
2016-03-31 06:27:17,956,373,71,423,442,789,788
2016-03-31 06:27:18,961,374,71,424,442,789,788
2016-03-31 06:27:19,964,375,71,424,442,789,789
2016-03-31 06:27:20,966,376,71,425,442,789,788
2016-03-31 06:27:21,968,377,71,425,442,789,788
2016-03-31 06:27:22,972,378,71,426,443,789,788
2016-03-31 06:27:23,976,379,71,426,443,789,788
2016-03-31 06:27:24,980,380,71,427,443,789,789
2016-03-31 06:27:25,983,381,71,427,443,789,788
2016-03-31 06:27:26,987,382,71,428,444,789,788
2016-03-31 06:27:27,991,383,71,428,444,789,788
2016-03-31 06:27:28,996,384,71,429,444,789,788
2016-03-31 06:27:30,001,385,71,429,444,789,788
2016-03-31 06:27:31,006,386,71,430,444,789,788
2016-03-31 06:27:32,009,387,71,430,444,789,788
2016-03-31 06:27:33,014,388,71,431,444,789,788
2016-03-31 06:27:34,016,389,71,431,445,789,788
2016-03-31 06:27:35,017,390,71,432,445,789,788
2016-03-31 06:27:36,021,391,71,432,445,789,788
2016-03-31 06:27:37,024,392,71,433,445,789,788
2016-03-31 06:27:38,026,393,71,433,445,789,789
2016-03-31 06:27:39,030,394,71,434,446,789,788
2016-03-31 06:27:40,033,395,71,434,446,789,788
2016-03-31 06:27:41,036,396,71,435,446,789,788
2016-03-31 06:27:42,040,397,71,435,446,789,789
2016-03-31 06:27:43,045,398,71,436,446,789,788
2016-03-31 06:27:44,046,399,71,436,446,789,789
2016-03-31 06:27:45,048,400,71,437,447,789,789
2016-03-31 06:27:46,051,401,71,437,447,789,788
2016-03-31 06:27:47,054,402,71,437,447,789,788
2016-03-31 06:27:48,059,403,71,438,447,789,788
2016-03-31 06:27:49,062,404,71,438,447,789,788
2016-03-31 06:27:50,068,405,71,439,448,789,789
2016-03-31 06:27:51,073,406,71,439,448,789,788
2016-03-31 06:27:52,079,407,71,440,448,789,788
2016-03-31 06:27:53,083,408,71,440,448,789,788
2016-03-31 06:27:54,088,409,71,441,448,789,788
2016-03-31 06:27:55,092,410,71,441,449,789,789
2016-03-31 06:27:56,094,411,71,442,449,789,788
2016-03-31 06:27:57,098,412,71,442,449,789,788
2016-03-31 06:27:58,103,413,71,443,449,789,788
2016-03-31 06:27:59,104,414,71,443,449,789,788
2016-03-31 06:28:00,107,415,71,444,450,789,788
2016-03-31 06:28:01,112,416,71,444,450,789,788
2016-03-31 06:28:02,117,417,71,444,450,789,788
2016-03-31 06:28:03,118,418,71,445,450,789,788
2016-03-31 06:28:04,123,419,71,445,450,789,788
2016-03-31 06:28:05,127,420,71,446,450,789,788
2016-03-31 06:28:06,128,421,71,446,451,789,788
2016-03-31 06:28:07,132,422,71,447,451,789,788
2016-03-31 06:28:08,135,423,71,447,451,789,788
2016-03-31 06:28:09,139,424,71,448,451,789,788
2016-03-31 06:28:10,144,425,71,448,451,789,788
2016-03-31 06:28:11,144,426,71,449,451,789,788
2016-03-31 06:28:12,149,427,71,449,451,789,788
2016-03-31 06:28:13,151,428,71,450,452,789,788
2016-03-31 06:28:14,155,429,71,450,452,789,788
2016-03-31 06:28:15,160,430,71,451,452,789,788
2016-03-31 06:28:16,166,431,71,451,452,789,788
2016-03-31 06:28:17,168,432,71,452,452,789,788
2016-03-31 06:28:18,173,433,71,452,452,789,788
2016-03-31 06:28:19,177,434,71,453,453,789,788
2016-03-31 06:28:20,180,435,71,453,453,789,788
2016-03-31 06:28:21,183,436,71,453,453,789,788
2016-03-31 06:28:22,186,437,71,454,453,789,788
2016-03-31 06:28:23,191,438,71,454,453,789,788
2016-03-31 06:28:24,193,439,71,455,454,789,788
2016-03-31 06:28:25,195,440,71,455,454,789,788
2016-03-31 06:28:26,198,441,71,455,454,789,788
2016-03-31 06:28:27,203,442,71,456,454,789,788
2016-03-31 06:28:28,207,443,71,456,454,789,788
2016-03-31 06:28:29,210,444,71,457,455,789,788
2016-03-31 06:28:30,212,445,71,457,455,789,788
2016-03-31 06:28:31,213,446,71,458,455,789,788
2016-03-31 06:28:32,216,447,71,458,455,789,788
2016-03-31 06:28:33,221,448,71,459,455,789,788
2016-03-31 06:28:34,222,449,71,459,455,789,788
2016-03-31 06:28:35,225,450,71,460,456,789,788
2016-03-31 06:28:36,229,451,71,460,456,789,788
2016-03-31 06:28:37,231,452,71,461,456,789,788
2016-03-31 06:28:38,236,453,71,461,456,789,788
2016-03-31 06:28:39,242,454,71,462,456,789,788
2016-03-31 06:28:40,245,455,71,462,456,789,788
2016-03-31 06:28:41,251,456,71,462,456,789,788
2016-03-31 06:28:42,254,457,71,463,456,789,788
2016-03-31 06:28:43,255,458,71,463,457,789,788
2016-03-31 06:28:44,256,459,71,464,457,789,788
2016-03-31 06:28:45,261,460,71,464,457,789,789
2016-03-31 06:28:46,264,461,71,464,457,789,788
2016-03-31 06:28:47,269,462,71,465,457,789,788
2016-03-31 06:28:48,273,463,71,465,458,789,788
2016-03-31 06:28:49,278,464,71,466,458,789,788
2016-03-31 06:28:50,281,465,71,466,458,789,788
2016-03-31 06:28:51,286,466,71,467,458,789,788
2016-03-31 06:28:52,288,467,71,467,458,789,788
2016-03-31 06:28:53,292,468,71,468,459,789,788
2016-03-31 06:28:54,293,469,71,468,459,789,788
2016-03-31 06:28:55,295,470,71,468,459,789,788
2016-03-31 06:28:56,301,471,71,469,459,789,788
2016-03-31 06:28:57,302,472,71,469,459,789,788
2016-03-31 06:28:58,303,473,71,470,459,789,788
2016-03-31 06:28:59,308,474,71,470,459,789,788
2016-03-31 06:29:00,309,475,71,471,459,789,788
2016-03-31 06:29:01,313,476,71,471,459,789,788
2016-03-31 06:29:02,317,477,71,472,460,789,788
2016-03-31 06:29:03,322,478,71,472,460,789,788
2016-03-31 06:29:04,326,479,71,472,460,789,788
2016-03-31 06:29:05,330,480,71,473,460,789,788
2016-03-31 06:29:06,336,481,71,473,460,789,788
2016-03-31 06:29:07,336,482,71,474,460,789,788
2016-03-31 06:29:08,341,483,71,474,461,789,788
2016-03-31 06:29:09,343,484,71,475,461,789,788
2016-03-31 06:29:10,349,485,71,475,461,789,788
2016-03-31 06:29:11,350,486,71,475,461,789,788
2016-03-31 06:29:12,353,487,71,476,462,789,788
2016-03-31 06:29:13,358,488,71,476,462,789,788
2016-03-31 06:29:14,361,489,71,477,462,789,788
2016-03-31 06:29:15,365,490,71,477,462,789,788
2016-03-31 06:29:16,367,491,71,478,462,789,788
2016-03-31 06:29:17,370,492,71,478,463,789,788
2016-03-31 06:29:18,373,493,71,479,463,789,788
2016-03-31 06:29:19,377,494,71,479,463,789,788
2016-03-31 06:29:20,380,495,71,479,463,789,788
2016-03-31 06:29:21,384,496,71,480,464,789,788
2016-03-31 06:29:22,389,497,71,480,464,789,788
2016-03-31 06:29:23,390,498,71,481,464,789,788
2016-03-31 06:29:24,395,499,71,481,464,789,788
2016-03-31 06:29:25,397,500,71,482,464,789,788
2016-03-31 06:29:26,400,501,71,482,465,789,788
2016-03-31 06:29:27,404,502,71,483,465,789,788
2016-03-31 06:29:28,405,503,71,483,465,789,788
2016-03-31 06:29:29,408,504,71,484,465,789,788
2016-03-31 06:29:30,411,505,71,484,465,789,788
2016-03-31 06:29:31,412,506,71,485,466,789,788
2016-03-31 06:29:32,415,507,71,485,466,789,788
2016-03-31 06:29:33,418,508,71,486,466,789,788
2016-03-31 06:29:34,421,509,71,486,466,789,788
2016-03-31 06:29:35,426,510,71,486,467,789,788
2016-03-31 06:29:36,428,511,71,487,467,789,788
2016-03-31 06:29:37,431,512,71,487,467,789,788
2016-03-31 06:29:38,433,513,71,488,468,789,788
2016-03-31 06:29:39,438,514,71,488,468,789,788
2016-03-31 06:29:40,442,515,71,489,468,789,788
2016-03-31 06:29:41,447,516,71,489,468,789,788
2016-03-31 06:29:42,450,517,71,490,468,789,788
2016-03-31 06:29:43,453,518,71,490,468,789,788
2016-03-31 06:29:44,459,519,71,490,469,789,788
2016-03-31 06:29:45,464,520,71,491,469,789,788
2016-03-31 06:29:46,467,521,71,491,469,789,788
2016-03-31 06:29:47,468,522,71,492,469,789,788
2016-03-31 06:29:48,473,523,71,492,469,789,788
2016-03-31 06:29:49,474,524,71,493,469,789,788
2016-03-31 06:29:50,475,525,71,493,470,789,788
2016-03-31 06:29:51,479,526,71,494,470,789,788
2016-03-31 06:29:52,483,527,71,494,470,789,788
2016-03-31 06:29:53,485,528,71,495,470,789,788
2016-03-31 06:29:54,490,529,71,495,470,789,788
2016-03-31 06:29:55,496,530,71,496,471,789,788
2016-03-31 06:29:56,498,531,71,496,471,789,788
2016-03-31 06:29:57,500,532,71,496,471,789,788
2016-03-31 06:29:58,505,533,71,497,471,789,788
2016-03-31 06:29:59,506,534,71,498,472,789,788
2016-03-31 06:30:00,512,535,71,498,472,789,788
2016-03-31 06:30:01,516,536,71,499,472,789,788
2016-03-31 06:30:02,519,537,71,499,472,789,788
2016-03-31 06:30:03,522,538,71,500,472,789,788
2016-03-31 06:30:04,523,539,71,500,473,789,788
2016-03-31 06:30:05,526,540,71,500,473,789,788
2016-03-31 06:30:06,531,541,71,501,473,789,788
2016-03-31 06:30:07,533,542,71,501,473,789,788
2016-03-31 06:30:08,537,543,71,502,473,789,788
2016-03-31 06:30:09,541,544,71,502,474,789,788
2016-03-31 06:30:10,546,545,71,502,474,789,788
2016-03-31 06:30:11,552,547,71,503,474,789,788
2016-03-31 06:30:12,554,548,71,503,474,789,788
2016-03-31 06:30:13,558,549,71,504,474,789,788
2016-03-31 06:30:14,563,550,71,504,474,789,788
2016-03-31 06:30:15,566,551,71,505,475,789,788
2016-03-31 06:30:16,570,552,71,505,475,789,788
2016-03-31 06:30:17,574,553,71,506,475,789,788
2016-03-31 06:30:18,581,554,71,506,475,789,788
2016-03-31 06:30:19,585,555,71,506,475,789,788
2016-03-31 06:30:20,588,556,71,507,475,789,788
2016-03-31 06:30:21,590,557,71,507,475,789,788
2016-03-31 06:30:22,592,558,71,507,475,789,788
2016-03-31 06:30:23,597,559,71,508,475,789,788
2016-03-31 06:30:24,598,560,71,508,475,789,788
2016-03-31 06:30:25,603,561,71,509,475,789,788
2016-03-31 06:30:26,604,562,71,509,475,789,788
2016-03-31 06:30:27,606,563,71,509,475,789,788
2016-03-31 06:30:28,610,564,71,510,475,789,788
2016-03-31 06:30:29,611,565,71,510,475,789,788
2016-03-31 06:30:30,617,566,71,510,475,789,788
2016-03-31 06:30:31,621,567,71,511,475,789,788
2016-03-31 06:30:32,622,568,71,511,474,789,788
2016-03-31 06:30:33,626,569,71,511,474,789,788
2016-03-31 06:30:34,629,570,71,512,474,789,788
2016-03-31 06:30:35,634,571,71,512,473,789,788
2016-03-31 06:30:36,637,572,71,512,473,789,788
2016-03-31 06:30:37,642,573,71,512,472,789,788
2016-03-31 06:30:38,644,574,71,513,472,789,788
2016-03-31 06:30:39,650,575,71,513,471,789,788
2016-03-31 06:30:40,653,576,71,514,471,789,788
2016-03-31 06:30:41,656,577,71,514,470,789,788
2016-03-31 06:30:42,658,578,71,514,470,789,788
2016-03-31 06:30:43,660,579,71,514,470,789,788
2016-03-31 06:30:44,665,580,71,515,469,789,788
2016-03-31 06:30:45,670,581,71,515,469,789,788
2016-03-31 06:30:46,675,582,71,515,469,789,788
2016-03-31 06:30:47,680,583,71,516,468,789,788
2016-03-31 06:30:48,684,584,71,516,468,789,788
2016-03-31 06:30:49,686,585,71,516,467,789,788
2016-03-31 06:30:50,691,586,71,516,467,789,788
2016-03-31 06:30:51,692,587,71,517,466,789,788
2016-03-31 06:30:52,697,588,71,517,466,789,788
2016-03-31 06:30:53,701,589,71,517,465,789,788
2016-03-31 06:30:54,702,590,71,517,465,789,788
2016-03-31 06:30:55,707,591,71,518,464,789,788
2016-03-31 06:30:56,712,592,71,518,464,789,788
2016-03-31 06:30:57,717,593,71,518,464,789,788
2016-03-31 06:30:58,723,594,71,518,464,789,788
2016-03-31 06:30:59,724,595,71,518,464,789,788
2016-03-31 06:31:00,725,596,71,519,463,789,788
2016-03-31 06:31:01,728,597,71,519,463,789,788
2016-03-31 06:31:02,731,598,71,519,462,789,788
2016-03-31 06:31:03,734,599,71,519,462,789,788
2016-03-31 06:31:04,740,600,71,519,462,789,788
2016-03-31 06:31:05,746,601,71,519,461,789,788
2016-03-31 06:31:06,748,602,71,520,461,789,788
2016-03-31 06:31:07,753,603,71,520,461,788,788
2016-03-31 06:31:08,757,604,71,520,461,789,788
2016-03-31 06:31:09,762,605,71,520,460,789,788
2016-03-31 06:31:10,765,606,71,520,460,789,788
2016-03-31 06:31:11,770,607,71,521,460,789,788
2016-03-31 06:31:12,773,608,71,521,459,789,788
2016-03-31 06:31:13,775,609,71,521,459,789,788
2016-03-31 06:31:14,779,610,71,521,459,789,788
2016-03-31 06:31:15,783,611,71,521,458,789,788
2016-03-31 06:31:16,786,612,71,521,458,789,788
2016-03-31 06:31:17,789,613,71,521,458,789,788
2016-03-31 06:31:18,793,614,71,522,458,788,788
2016-03-31 06:31:19,797,615,71,522,458,789,788
2016-03-31 06:31:20,800,616,71,522,458,788,788
2016-03-31 06:31:21,805,617,71,522,458,789,788
2016-03-31 06:31:22,805,618,71,522,457,789,788
2016-03-31 06:31:23,808,619,71,522,457,789,788
2016-03-31 06:31:24,813,620,71,523,457,789,788
2016-03-31 06:31:25,814,621,71,523,457,789,788
2016-03-31 06:31:26,818,622,71,523,457,789,788
2016-03-31 06:31:27,820,623,71,523,457,789,788
2016-03-31 06:31:28,824,624,71,523,456,789,788
2016-03-31 06:31:29,828,625,71,523,456,789,788
2016-03-31 06:31:30,834,626,71,523,456,789,788
2016-03-31 06:31:31,837,627,71,524,456,789,788
2016-03-31 06:31:32,840,628,71,524,455,788,788
2016-03-31 06:31:33,844,629,71,524,455,789,788
2016-03-31 06:31:34,850,630,71,524,455,788,788
2016-03-31 06:31:35,854,631,71,524,454,789,788
2016-03-31 06:31:36,855,632,71,524,454,788,788
2016-03-31 06:31:37,861,633,71,524,454,789,788
2016-03-31 06:31:38,862,634,71,525,454,789,788
2016-03-31 06:31:39,867,635,71,525,454,788,788
2016-03-31 06:31:40,872,636,71,525,454,789,788
2016-03-31 06:31:41,872,637,71,525,454,789,788
2016-03-31 06:31:42,878,638,71,525,453,789,788
2016-03-31 06:31:43,881,639,71,525,453,789,788
2016-03-31 06:31:44,886,640,71,525,453,789,788
2016-03-31 06:31:45,886,641,71,526,452,789,788
2016-03-31 06:31:46,888,642,71,526,452,789,788
2016-03-31 06:31:47,893,643,71,526,452,789,788
2016-03-31 06:31:48,896,644,71,526,452,789,788
2016-03-31 06:31:49,901,645,71,526,451,789,788
2016-03-31 06:31:50,907,646,71,526,451,789,788
2016-03-31 06:31:51,910,647,71,526,451,789,788
2016-03-31 06:31:52,913,648,71,527,451,789,788
2016-03-31 06:31:53,918,649,71,527,451,789,788
2016-03-31 06:31:54,919,650,71,527,451,789,788
2016-03-31 06:31:55,922,651,71,527,450,789,788
2016-03-31 06:31:56,925,652,71,527,450,789,788
2016-03-31 06:31:57,926,653,71,527,450,789,788
2016-03-31 06:31:58,931,654,71,527,450,789,788
2016-03-31 06:31:59,932,655,71,527,450,789,788
2016-03-31 06:32:00,933,656,71,528,450,789,788
2016-03-31 06:32:01,939,657,71,527,450,788,788
2016-03-31 06:32:02,943,658,71,528,450,789,788
2016-03-31 06:32:03,944,659,71,528,450,789,788
2016-03-31 06:32:04,947,660,71,528,450,789,788
2016-03-31 06:32:05,951,661,71,528,450,789,788
2016-03-31 06:32:06,956,662,71,528,449,788,788
2016-03-31 06:32:07,959,663,71,528,449,789,788
2016-03-31 06:32:08,964,664,71,528,449,789,788
2016-03-31 06:32:09,968,665,71,528,449,788,788
2016-03-31 06:32:10,973,666,71,529,448,789,788
2016-03-31 06:32:11,977,667,71,529,448,789,788
2016-03-31 06:32:12,981,668,71,529,448,789,788
2016-03-31 06:32:13,984,669,71,529,448,788,788
2016-03-31 06:32:14,990,670,71,529,448,789,788
2016-03-31 06:32:15,994,671,71,529,448,789,788
2016-03-31 06:32:16,998,672,71,528,448,789,788
2016-03-31 06:32:18,001,673,71,528,448,789,788
2016-03-31 06:32:19,007,674,71,527,447,789,788
2016-03-31 06:32:20,009,675,71,526,447,789,788
2016-03-31 06:32:21,014,676,71,524,446,789,788
2016-03-31 06:32:22,017,677,71,523,445,789,788
2016-03-31 06:32:23,022,678,71,521,444,788,788
2016-03-31 06:32:24,023,679,71,519,444,789,788
2016-03-31 06:32:25,024,680,71,515,442,789,788
2016-03-31 06:32:26,029,681,71,511,440,789,788
2016-03-31 06:32:27,035,682,71,507,438,788,788
2016-03-31 06:32:28,039,683,71,503,437,789,788
2016-03-31 06:32:29,039,684,71,499,435,789,788
2016-03-31 06:32:30,041,685,71,496,432,788,788
2016-03-31 06:32:31,046,686,71,494,430,788,788
2016-03-31 06:32:32,050,687,71,490,429,789,788
2016-03-31 06:32:33,054,688,71,486,427,788,788
2016-03-31 06:32:34,057,689,71,483,426,789,788
2016-03-31 06:32:35,062,690,71,479,424,788,788
2016-03-31 06:32:36,063,691,71,475,423,788,788
2016-03-31 06:32:37,068,692,71,472,422,788,788
2016-03-31 06:32:38,073,693,71,470,421,788,788
2016-03-31 06:32:39,079,694,71,468,420,788,788
2016-03-31 06:32:40,082,695,71,466,419,788,788
2016-03-31 06:32:41,087,696,71,464,418,788,788
2016-03-31 06:32:42,089,697,71,462,417,788,788
2016-03-31 06:32:43,091,698,71,461,416,788,788
2016-03-31 06:32:44,095,699,71,459,416,789,788
2016-03-31 06:32:45,097,700,71,457,415,788,788
2016-03-31 06:32:46,103,701,71,455,414,788,788
2016-03-31 06:32:47,106,702,71,454,413,789,788
2016-03-31 06:32:48,111,703,71,453,413,788,788
2016-03-31 06:32:49,117,704,71,451,412,788,788
2016-03-31 06:32:50,121,705,71,449,411,789,788
2016-03-31 06:32:51,122,706,71,448,411,788,788
2016-03-31 06:32:52,128,707,71,447,410,789,788
2016-03-31 06:32:53,129,708,71,444,409,789,788
2016-03-31 06:32:54,132,709,71,442,409,789,788
2016-03-31 06:32:55,136,710,71,440,408,789,788
2016-03-31 06:32:56,136,711,71,439,407,789,788
2016-03-31 06:32:57,137,712,71,437,406,789,788
2016-03-31 06:32:58,143,713,71,435,406,789,788
2016-03-31 06:32:59,146,714,71,433,406,789,788
2016-03-31 06:33:00,152,715,71,432,405,788,788
2016-03-31 06:33:01,155,716,71,430,404,789,788
2016-03-31 06:33:02,160,717,71,429,404,788,788
2016-03-31 06:33:03,160,718,71,427,403,788,788
2016-03-31 06:33:04,161,719,71,426,403,788,788
2016-03-31 06:33:05,167,720,71,424,402,788,788
2016-03-31 06:33:06,170,721,71,423,402,788,788
2016-03-31 06:33:07,175,722,71,422,401,789,788
2016-03-31 06:33:08,177,723,71,421,401,788,788
2016-03-31 06:33:09,182,724,71,420,401,788,788
2016-03-31 06:33:10,183,725,71,418,401,789,788
2016-03-31 06:33:11,186,726,71,417,401,788,788
2016-03-31 06:33:12,191,727,71,416,400,788,788
2016-03-31 06:33:13,195,728,71,414,400,788,788
2016-03-31 06:33:14,199,729,71,413,400,789,788
2016-03-31 06:33:15,201,730,71,412,399,788,788
2016-03-31 06:33:16,207,731,71,411,399,789,788
2016-03-31 06:33:17,212,732,71,410,398,788,788
2016-03-31 06:33:18,216,733,71,409,398,788,788
2016-03-31 06:33:19,220,734,71,408,398,788,788
2016-03-31 06:33:20,224,735,71,407,398,788,788
2016-03-31 06:33:21,229,736,71,405,397,788,788
2016-03-31 06:33:22,233,737,71,404,397,788,788
2016-03-31 06:33:23,239,738,71,403,396,788,788
2016-03-31 06:33:24,241,739,71,402,396,788,788
2016-03-31 06:33:25,245,740,71,400,396,789,788
2016-03-31 06:33:26,250,741,71,398,396,788,788
2016-03-31 06:33:27,252,742,71,397,395,788,788
2016-03-31 06:33:28,257,743,71,396,395,788,788
2016-03-31 06:33:29,262,744,71,395,395,788,788
2016-03-31 06:33:30,266,745,71,393,394,788,788
2016-03-31 06:33:31,268,746,71,391,394,788,788
2016-03-31 06:33:32,271,747,71,390,394,788,788
2016-03-31 06:33:33,274,748,71,389,394,788,788
2016-03-31 06:33:34,276,749,71,388,394,788,788
2016-03-31 06:33:35,281,750,71,387,393,788,788
2016-03-31 06:33:36,287,751,71,386,393,788,788
2016-03-31 06:33:37,291,752,71,385,393,788,788
2016-03-31 06:33:38,296,753,71,384,393,788,788
2016-03-31 06:33:39,299,754,71,383,392,788,788
2016-03-31 06:33:40,303,755,71,383,392,788,788
2016-03-31 06:33:41,307,756,71,382,392,788,788
2016-03-31 06:33:42,312,757,71,381,392,788,788
2016-03-31 06:33:43,316,758,71,381,391,788,788
2016-03-31 06:33:44,321,759,71,380,391,788,788
2016-03-31 06:33:45,324,760,71,380,391,788,788
2016-03-31 06:33:46,330,761,71,378,390,788,788
2016-03-31 06:33:47,334,762,71,378,390,788,788
2016-03-31 06:33:48,339,763,71,377,390,789,788
2016-03-31 06:33:49,342,764,71,377,390,788,788
2016-03-31 06:33:50,343,765,71,376,389,788,788
2016-03-31 06:33:51,346,766,71,380,391,788,788
2016-03-31 06:33:52,350,767,71,383,392,788,788
2016-03-31 06:33:53,355,768,71,387,393,788,788
