2016-04-03 21:00:18,644,coffee,datetime,ms,seconds,ambient_temp,thermocouple_0_temp,thermocouple_1_temp,thermocouple_2_temp,thermocouple_3_temp
2016-04-03 21:00:20,704,2,79,509,421,785,785
2016-04-03 21:00:21,707,3,79,501,415,785,785
2016-04-03 21:00:22,710,4,79,491,409,785,785
2016-04-03 21:00:23,715,5,79,478,404,785,785
2016-04-03 21:00:24,719,6,79,466,398,785,785
2016-04-03 21:00:25,720,7,79,455,392,785,785
2016-04-03 21:00:26,724,8,79,444,388,785,785
2016-04-03 21:00:27,728,9,79,433,385,785,785
2016-04-03 21:00:28,732,10,79,423,383,785,785
2016-04-03 21:00:29,736,11,79,413,380,785,785
2016-04-03 21:00:30,737,12,79,404,378,785,785
2016-04-03 21:00:31,742,13,79,395,376,785,785
2016-04-03 21:00:32,747,14,79,386,374,785,785
2016-04-03 21:00:33,751,15,79,378,373,785,785
2016-04-03 21:00:34,753,16,79,370,371,785,785
2016-04-03 21:00:35,756,17,79,363,369,785,785
2016-04-03 21:00:36,760,18,79,356,368,785,785
2016-04-03 21:00:37,765,19,79,349,366,785,785
2016-04-03 21:00:38,769,20,79,343,365,785,785
2016-04-03 21:00:39,774,21,79,336,364,785,785
2016-04-03 21:00:40,777,22,79,330,363,785,785
2016-04-03 21:00:41,782,23,79,324,361,785,785
2016-04-03 21:00:42,786,24,79,319,360,785,785
2016-04-03 21:00:43,790,25,79,314,359,785,785
2016-04-03 21:00:44,794,26,79,309,358,785,785
2016-04-03 21:00:45,799,27,79,304,357,785,785
2016-04-03 21:00:46,804,28,79,300,356,785,785
2016-04-03 21:00:47,808,29,79,295,355,785,785
2016-04-03 21:00:48,811,30,79,291,355,785,785
2016-04-03 21:00:49,814,31,79,287,354,785,785
2016-04-03 21:00:50,819,32,79,283,353,785,785
2016-04-03 21:00:51,822,33,79,279,352,785,785
2016-04-03 21:00:52,828,34,79,276,352,785,785
2016-04-03 21:00:53,832,35,79,272,351,785,785
2016-04-03 21:00:54,836,36,79,269,351,785,785
2016-04-03 21:00:55,837,37,79,266,350,785,785
2016-04-03 21:00:56,843,38,79,263,349,785,785
2016-04-03 21:00:57,843,39,79,260,349,785,785
2016-04-03 21:00:58,847,40,79,257,348,785,785
2016-04-03 21:00:59,852,41,79,255,348,785,785
2016-04-03 21:01:00,858,42,79,252,347,785,785
2016-04-03 21:01:01,862,43,79,250,347,785,785
2016-04-03 21:01:02,866,44,79,248,347,785,785
2016-04-03 21:01:03,869,45,79,246,346,785,785
2016-04-03 21:01:04,870,46,79,244,346,785,785
2016-04-03 21:01:05,875,47,79,242,345,785,785
2016-04-03 21:01:06,876,48,79,240,345,785,785
2016-04-03 21:01:07,877,49,79,238,345,785,785
2016-04-03 21:01:08,879,50,79,237,345,785,785
2016-04-03 21:01:09,883,51,79,235,345,785,785
2016-04-03 21:01:10,885,52,79,234,344,785,785
2016-04-03 21:01:11,889,53,79,233,344,785,785
2016-04-03 21:01:12,892,54,79,232,344,785,785
2016-04-03 21:01:13,897,55,79,230,344,785,785
2016-04-03 21:01:14,902,56,79,229,343,785,785
2016-04-03 21:01:15,906,57,79,228,343,785,785
2016-04-03 21:01:16,910,58,79,227,343,785,785
2016-04-03 21:01:17,914,59,79,226,343,785,785
2016-04-03 21:01:18,914,60,79,226,343,785,785
2016-04-03 21:01:19,916,61,79,225,342,785,785
2016-04-03 21:01:20,921,62,79,224,342,785,785
2016-04-03 21:01:21,921,63,79,223,342,785,785
2016-04-03 21:01:22,927,64,79,223,342,785,785
2016-04-03 21:01:23,930,65,79,222,342,785,785
2016-04-03 21:01:24,935,66,79,222,342,785,785
2016-04-03 21:01:25,940,67,79,221,343,785,785
2016-04-03 21:01:26,952,68,79,221,344,785,785
2016-04-03 21:01:27,957,69,79,221,345,785,785
2016-04-03 21:01:28,961,70,79,220,346,785,785
2016-04-03 21:01:29,965,71,79,220,347,785,785
2016-04-03 21:01:30,966,72,79,220,348,785,785
2016-04-03 21:01:31,967,73,79,220,349,785,785
2016-04-03 21:01:32,972,74,79,220,350,785,785
2016-04-03 21:01:33,975,75,79,220,351,785,785
2016-04-03 21:01:34,980,76,79,220,352,785,785
2016-04-03 21:01:35,981,77,79,220,353,785,785
2016-04-03 21:01:36,984,78,79,220,354,785,785
2016-04-03 21:01:37,990,79,79,220,355,785,785
2016-04-03 21:01:38,992,80,79,220,355,785,785
2016-04-03 21:01:39,996,81,79,220,356,785,785
2016-04-03 21:01:40,997,82,79,220,357,785,785
2016-04-03 21:01:42,000,83,79,220,358,785,785
2016-04-03 21:01:43,002,84,79,221,359,785,785
2016-04-03 21:01:44,006,85,79,221,359,785,785
2016-04-03 21:01:45,011,86,79,221,360,785,785
2016-04-03 21:01:46,012,87,79,222,361,785,785
2016-04-03 21:01:47,016,88,79,222,361,785,785
2016-04-03 21:01:48,020,89,79,222,362,785,785
2016-04-03 21:01:49,024,90,79,223,363,785,785
2016-04-03 21:01:50,028,91,79,223,363,785,785
2016-04-03 21:01:51,033,92,79,223,364,785,785
2016-04-03 21:01:52,037,93,79,224,365,785,785
2016-04-03 21:01:53,038,94,79,224,365,785,785
2016-04-03 21:01:54,041,95,79,225,366,785,785
2016-04-03 21:01:55,044,96,79,225,366,785,785
2016-04-03 21:01:56,045,97,79,226,367,785,785
2016-04-03 21:01:57,050,98,79,226,367,785,785
2016-04-03 21:01:58,053,99,78,227,368,785,785
2016-04-03 21:01:59,058,100,78,227,368,785,785
2016-04-03 21:02:00,059,101,79,228,369,785,785
2016-04-03 21:02:01,060,102,79,229,370,785,785
2016-04-03 21:02:02,065,103,78,229,370,785,785
2016-04-03 21:02:03,067,104,79,230,371,785,785
2016-04-03 21:02:04,071,105,79,231,371,785,785
2016-04-03 21:02:05,075,106,79,231,372,785,785
2016-04-03 21:02:06,077,107,79,232,372,785,785
2016-04-03 21:02:07,081,108,79,233,373,785,785
2016-04-03 21:02:08,082,109,78,233,373,785,785
2016-04-03 21:02:09,087,110,78,234,374,785,785
2016-04-03 21:02:10,090,111,78,234,374,785,785
2016-04-03 21:02:11,093,112,78,235,375,785,785
2016-04-03 21:02:12,096,113,79,236,375,785,785
2016-04-03 21:02:13,100,114,79,236,375,785,785
2016-04-03 21:02:14,102,115,78,237,376,785,785
2016-04-03 21:02:15,105,116,78,238,376,785,785
2016-04-03 21:02:16,107,117,78,239,377,785,785
2016-04-03 21:02:17,112,118,78,239,377,785,785
2016-04-03 21:02:18,114,119,78,240,377,785,785
2016-04-03 21:02:19,119,120,78,241,378,785,785
2016-04-03 21:02:20,121,121,78,242,378,785,785
2016-04-03 21:02:21,125,122,78,242,379,785,785
2016-04-03 21:02:22,130,123,78,243,379,785,785
2016-04-03 21:02:23,136,124,78,244,380,785,785
2016-04-03 21:02:24,139,125,78,245,380,785,785
2016-04-03 21:02:25,140,126,78,245,380,785,785
2016-04-03 21:02:26,145,127,78,246,381,785,785
2016-04-03 21:02:27,150,128,78,247,382,785,785
2016-04-03 21:02:28,154,129,78,248,382,785,785
2016-04-03 21:02:29,159,130,78,249,383,785,785
2016-04-03 21:02:30,164,131,78,250,383,785,785
2016-04-03 21:02:31,169,132,78,250,383,785,785
2016-04-03 21:02:32,172,133,78,251,384,785,785
2016-04-03 21:02:33,177,134,78,252,384,785,785
2016-04-03 21:02:34,183,135,78,253,384,785,785
2016-04-03 21:02:35,188,136,78,254,385,785,785
2016-04-03 21:02:36,192,137,78,254,385,785,785
2016-04-03 21:02:37,197,138,78,255,385,785,785
2016-04-03 21:02:38,199,139,78,256,386,785,785
2016-04-03 21:02:39,204,140,78,257,386,785,785
2016-04-03 21:02:40,206,141,78,258,386,785,785
2016-04-03 21:02:41,211,142,78,258,387,785,785
2016-04-03 21:02:42,214,143,78,259,387,785,785
2016-04-03 21:02:43,220,144,78,260,387,785,785
2016-04-03 21:02:44,223,145,78,261,388,785,785
2016-04-03 21:02:45,227,146,78,262,388,785,785
2016-04-03 21:02:46,231,147,78,263,388,785,785
2016-04-03 21:02:47,235,148,78,263,389,785,785
2016-04-03 21:02:48,241,149,78,264,389,785,785
2016-04-03 21:02:49,242,150,78,265,390,785,785
2016-04-03 21:02:50,248,151,78,266,390,785,785
2016-04-03 21:02:51,250,152,78,267,390,785,785
2016-04-03 21:02:52,254,153,78,268,391,785,785
2016-04-03 21:02:53,259,154,78,269,391,785,785
2016-04-03 21:02:54,263,155,78,269,391,785,785
2016-04-03 21:02:55,267,156,78,270,392,785,785
2016-04-03 21:02:56,271,157,78,271,392,785,785
2016-04-03 21:02:57,272,158,78,272,392,785,785
2016-04-03 21:02:58,275,159,78,273,393,785,785
2016-04-03 21:02:59,278,160,78,274,393,785,785
2016-04-03 21:03:00,282,161,78,274,393,785,785
2016-04-03 21:03:01,287,162,78,275,394,785,785
2016-04-03 21:03:02,288,163,78,276,394,785,785
2016-04-03 21:03:03,292,164,78,277,394,785,785
2016-04-03 21:03:04,295,165,78,278,394,785,785
2016-04-03 21:03:05,303,166,78,279,395,785,785
2016-04-03 21:03:06,308,167,78,279,395,785,785
2016-04-03 21:03:07,312,168,78,280,395,785,785
2016-04-03 21:03:08,315,169,78,281,396,785,785
2016-04-03 21:03:09,320,170,78,282,396,785,785
2016-04-03 21:03:10,323,171,78,283,396,785,785
2016-04-03 21:03:11,329,172,78,284,397,785,785
2016-04-03 21:03:12,333,173,78,284,397,785,785
2016-04-03 21:03:13,337,174,78,285,397,785,785
2016-04-03 21:03:14,342,175,78,286,397,785,785
2016-04-03 21:03:15,346,176,78,287,398,785,785
2016-04-03 21:03:16,348,177,78,288,398,785,785
2016-04-03 21:03:17,352,178,78,289,398,785,785
2016-04-03 21:03:18,355,179,78,289,398,785,785
2016-04-03 21:03:19,360,180,78,290,399,785,785
2016-04-03 21:03:20,363,181,78,291,399,785,785
2016-04-03 21:03:21,366,182,78,292,399,785,785
2016-04-03 21:03:22,370,183,78,293,400,785,785
2016-04-03 21:03:23,373,184,78,294,400,785,785
2016-04-03 21:03:24,378,185,78,294,400,785,785
2016-04-03 21:03:25,382,186,78,295,401,785,785
2016-04-03 21:03:26,387,187,78,296,401,785,785
2016-04-03 21:03:27,391,188,78,297,401,785,785
2016-04-03 21:03:28,395,189,78,298,401,785,785
2016-04-03 21:03:29,400,190,78,298,402,785,785
2016-04-03 21:03:30,405,191,78,299,402,785,785
2016-04-03 21:03:31,410,192,78,300,402,785,785
2016-04-03 21:03:32,415,193,78,301,403,785,785
2016-04-03 21:03:33,420,194,78,302,403,785,785
2016-04-03 21:03:34,423,195,78,303,404,785,785
2016-04-03 21:03:35,426,196,78,303,404,785,785
2016-04-03 21:03:36,431,197,78,304,404,785,785
2016-04-03 21:03:37,435,198,78,305,404,785,785
2016-04-03 21:03:38,437,199,78,306,404,785,785
2016-04-03 21:03:39,439,200,78,307,405,785,785
2016-04-03 21:03:40,442,201,78,307,405,785,785
2016-04-03 21:03:41,446,202,78,308,405,785,785
2016-04-03 21:03:42,448,203,78,309,405,785,785
2016-04-03 21:03:43,453,204,78,310,406,785,785
2016-04-03 21:03:44,458,205,78,311,406,785,785
2016-04-03 21:03:45,461,206,78,311,406,785,785
2016-04-03 21:03:46,466,207,78,312,406,785,785
2016-04-03 21:03:47,470,208,78,313,407,785,785
2016-04-03 21:03:48,474,209,78,314,407,785,785
2016-04-03 21:03:49,478,210,78,315,407,785,785
2016-04-03 21:03:50,480,211,78,315,407,785,785
2016-04-03 21:03:51,481,212,78,316,407,785,785
2016-04-03 21:03:52,485,213,78,317,408,785,785
2016-04-03 21:03:53,489,214,78,318,408,785,785
2016-04-03 21:03:54,493,215,78,318,408,785,785
2016-04-03 21:03:55,498,216,78,319,409,785,785
2016-04-03 21:03:56,502,217,78,320,409,785,785
2016-04-03 21:03:57,505,218,78,320,409,785,785
2016-04-03 21:03:58,511,219,78,321,409,785,785
2016-04-03 21:03:59,516,220,78,322,410,785,785
2016-04-03 21:04:00,519,221,78,323,410,785,785
2016-04-03 21:04:01,522,222,78,324,410,785,785
2016-04-03 21:04:02,528,223,78,324,411,785,785
2016-04-03 21:04:03,532,224,78,325,411,785,785
2016-04-03 21:04:04,536,225,78,326,411,785,785
2016-04-03 21:04:05,539,226,78,327,411,785,785
2016-04-03 21:04:06,540,227,78,327,412,785,785
2016-04-03 21:04:07,545,228,78,328,412,785,785
2016-04-03 21:04:08,547,229,78,329,412,785,785
2016-04-03 21:04:09,551,230,78,329,412,785,785
2016-04-03 21:04:10,556,231,78,330,413,785,785
2016-04-03 21:04:11,562,232,78,331,413,785,785
2016-04-03 21:04:12,564,233,78,332,413,785,785
2016-04-03 21:04:13,568,234,78,333,413,785,785
2016-04-03 21:04:14,571,235,78,333,414,785,785
2016-04-03 21:04:15,576,236,78,334,414,785,785
2016-04-03 21:04:16,580,237,78,335,414,785,785
2016-04-03 21:04:17,581,238,78,335,414,785,785
2016-04-03 21:04:18,583,239,78,336,414,785,785
2016-04-03 21:04:19,584,240,78,337,415,785,785
2016-04-03 21:04:20,588,241,78,338,415,785,785
2016-04-03 21:04:21,593,242,78,338,415,785,785
2016-04-03 21:04:22,597,243,78,339,415,785,785
2016-04-03 21:04:23,602,244,78,340,416,785,785
2016-04-03 21:04:24,607,245,78,340,416,785,785
2016-04-03 21:04:25,612,246,78,341,416,785,785
2016-04-03 21:04:26,614,247,78,342,416,785,785
2016-04-03 21:04:27,616,248,78,343,417,785,785
2016-04-03 21:04:28,617,249,78,343,417,785,785
2016-04-03 21:04:29,619,250,78,344,417,785,785
2016-04-03 21:04:30,623,251,78,345,417,785,785
2016-04-03 21:04:31,624,252,78,345,417,785,785
2016-04-03 21:04:32,624,253,78,346,418,785,785
2016-04-03 21:04:33,629,254,78,347,418,785,785
2016-04-03 21:04:34,633,255,78,347,418,785,785
2016-04-03 21:04:35,638,256,78,348,418,785,785
2016-04-03 21:04:36,642,257,78,349,419,785,785
2016-04-03 21:04:37,647,259,78,350,419,785,785
2016-04-03 21:04:38,652,260,78,350,419,785,785
2016-04-03 21:04:39,657,261,78,351,419,785,785
2016-04-03 21:04:40,659,262,78,351,419,785,785
2016-04-03 21:04:41,661,263,78,352,420,785,785
2016-04-03 21:04:42,665,264,78,353,420,785,785
2016-04-03 21:04:43,668,265,78,354,420,785,785
2016-04-03 21:04:44,673,266,78,354,421,785,785
2016-04-03 21:04:45,678,267,78,355,421,785,785
2016-04-03 21:04:46,681,268,78,355,421,785,785
2016-04-03 21:04:47,687,269,78,356,421,785,785
2016-04-03 21:04:48,691,270,78,357,421,785,785
2016-04-03 21:04:49,693,271,78,358,422,785,785
2016-04-03 21:04:50,698,272,78,358,422,785,785
2016-04-03 21:04:51,700,273,78,359,422,785,785
2016-04-03 21:04:52,704,274,78,359,423,785,785
2016-04-03 21:04:53,708,275,78,360,423,785,785
2016-04-03 21:04:54,713,276,78,361,423,785,785
2016-04-03 21:04:55,713,277,78,361,423,785,785
2016-04-03 21:04:56,715,278,78,362,424,785,785
2016-04-03 21:04:57,720,279,78,363,424,785,785
2016-04-03 21:04:58,724,280,78,363,424,785,785
2016-04-03 21:04:59,728,281,78,364,424,785,785
2016-04-03 21:05:00,732,282,78,365,425,785,785
2016-04-03 21:05:01,737,283,78,365,425,785,785
2016-04-03 21:05:02,740,284,78,366,425,785,785
2016-04-03 21:05:03,745,285,78,366,426,785,785
2016-04-03 21:05:04,750,286,78,367,426,785,785
2016-04-03 21:05:05,755,287,78,368,426,785,785
2016-04-03 21:05:06,756,288,78,368,426,785,785
2016-04-03 21:05:07,758,289,78,369,426,785,785
2016-04-03 21:05:08,763,290,78,370,427,785,785
2016-04-03 21:05:09,764,291,78,370,427,785,785
2016-04-03 21:05:10,769,292,78,371,427,785,785
2016-04-03 21:05:11,770,293,78,371,427,785,785
2016-04-03 21:05:12,771,294,78,372,428,785,785
2016-04-03 21:05:13,776,295,78,373,428,785,785
2016-04-03 21:05:14,780,296,78,373,428,785,785
2016-04-03 21:05:15,785,297,78,374,428,785,785
2016-04-03 21:05:16,787,298,78,375,428,785,785
2016-04-03 21:05:17,788,299,78,375,429,785,785
2016-04-03 21:05:18,794,300,78,376,429,785,785
2016-04-03 21:05:19,794,301,78,376,429,785,785
2016-04-03 21:05:20,800,302,78,377,429,785,785
2016-04-03 21:05:21,803,303,78,378,430,785,785
2016-04-03 21:05:22,808,304,78,378,430,785,785
2016-04-03 21:05:23,811,305,78,379,430,785,785
2016-04-03 21:05:24,815,306,78,379,430,785,785
2016-04-03 21:05:25,819,307,78,380,431,785,785
2016-04-03 21:05:26,823,308,78,381,431,785,785
2016-04-03 21:05:27,826,309,78,381,431,785,785
2016-04-03 21:05:28,831,310,78,382,431,785,785
2016-04-03 21:05:29,835,311,78,382,432,785,785
2016-04-03 21:05:30,839,312,78,383,432,785,785
2016-04-03 21:05:31,843,313,78,383,432,785,785
2016-04-03 21:05:32,846,314,78,384,432,785,785
2016-04-03 21:05:33,851,315,78,385,432,785,785
2016-04-03 21:05:34,855,316,78,385,433,785,785
2016-04-03 21:05:35,859,317,78,386,433,785,785
2016-04-03 21:05:36,864,318,78,386,433,785,785
2016-04-03 21:05:37,868,319,78,387,433,785,785
2016-04-03 21:05:38,873,320,78,388,434,785,785
2016-04-03 21:05:39,875,321,78,388,434,785,785
2016-04-03 21:05:40,880,322,78,389,434,785,785
2016-04-03 21:05:41,883,323,78,389,434,785,785
2016-04-03 21:05:42,884,324,78,390,434,785,785
2016-04-03 21:05:43,888,325,78,391,435,785,785
2016-04-03 21:05:44,893,326,78,391,435,785,785
2016-04-03 21:05:45,894,327,78,392,435,785,785
2016-04-03 21:05:46,899,328,78,392,436,785,785
2016-04-03 21:05:47,903,329,78,393,436,785,785
2016-04-03 21:05:48,907,330,78,393,436,785,785
2016-04-03 21:05:49,909,331,78,394,436,785,785
2016-04-03 21:05:50,909,332,78,394,437,785,785
2016-04-03 21:05:51,914,333,78,395,437,785,785
2016-04-03 21:05:52,918,334,78,396,437,785,785
2016-04-03 21:05:53,919,335,78,396,437,785,785
2016-04-03 21:05:54,923,336,78,397,437,785,785
2016-04-03 21:05:55,927,337,78,398,437,785,786
2016-04-03 21:05:56,932,338,78,398,438,785,786
2016-04-03 21:05:57,937,339,78,399,438,785,785
2016-04-03 21:05:58,942,340,78,399,438,785,785
2016-04-03 21:05:59,947,341,78,400,438,785,785
2016-04-03 21:06:00,948,342,78,400,439,785,785
2016-04-03 21:06:01,953,343,78,401,439,785,785
2016-04-03 21:06:02,957,344,78,402,439,785,785
2016-04-03 21:06:03,959,345,78,402,439,785,785
2016-04-03 21:06:04,963,346,78,403,440,785,785
2016-04-03 21:06:05,968,347,78,403,440,785,785
2016-04-03 21:06:06,971,348,78,404,440,785,785
2016-04-03 21:06:07,973,349,78,404,440,785,785
2016-04-03 21:06:08,977,350,78,405,440,785,785
2016-04-03 21:06:09,980,351,78,405,441,785,785
2016-04-03 21:06:10,981,352,78,406,441,785,785
2016-04-03 21:06:11,991,353,78,406,441,785,785
2016-04-03 21:06:12,991,354,78,407,441,785,786
2016-04-03 21:06:13,995,355,78,408,442,785,786
2016-04-03 21:06:14,997,356,78,408,442,785,786
2016-04-03 21:06:15,998,357,78,409,442,785,786
2016-04-03 21:06:17,002,358,78,409,442,785,786
2016-04-03 21:06:18,005,359,78,410,442,785,785
2016-04-03 21:06:19,010,360,78,410,443,785,785
2016-04-03 21:06:20,013,361,78,411,443,785,785
2016-04-03 21:06:21,017,362,78,412,443,785,786
2016-04-03 21:06:22,020,363,78,412,443,785,785
2016-04-03 21:06:23,022,364,78,413,443,785,786
2016-04-03 21:06:24,026,365,78,413,443,785,786
2016-04-03 21:06:25,027,366,78,414,444,785,785
2016-04-03 21:06:26,030,367,78,414,444,785,785
2016-04-03 21:06:27,035,368,78,415,444,785,785
2016-04-03 21:06:28,040,369,78,415,444,785,785
2016-04-03 21:06:29,044,370,78,416,444,785,785
2016-04-03 21:06:30,046,371,78,416,445,785,786
2016-04-03 21:06:31,050,372,78,417,445,785,785
2016-04-03 21:06:32,053,373,78,417,445,785,785
2016-04-03 21:06:33,058,374,78,418,445,785,785
2016-04-03 21:06:34,061,375,78,418,446,785,785
2016-04-03 21:06:35,062,376,78,419,446,785,786
2016-04-03 21:06:36,067,377,78,420,446,785,785
2016-04-03 21:06:37,071,378,78,420,446,785,785
2016-04-03 21:06:38,076,379,78,421,446,785,786
2016-04-03 21:06:39,080,380,78,421,446,785,785
2016-04-03 21:06:40,085,381,78,422,446,785,785
2016-04-03 21:06:41,087,382,78,422,446,785,785
2016-04-03 21:06:42,093,383,78,423,447,785,786
2016-04-03 21:06:43,096,384,78,423,447,785,786
2016-04-03 21:06:44,099,385,78,424,447,785,786
2016-04-03 21:06:45,104,386,78,424,447,785,785
2016-04-03 21:06:46,107,387,78,425,447,785,785
2016-04-03 21:06:47,111,388,78,425,448,785,786
2016-04-03 21:06:48,116,389,78,426,448,785,786
2016-04-03 21:06:49,118,390,78,427,448,785,786
2016-04-03 21:06:50,120,391,78,427,448,785,786
2016-04-03 21:06:51,125,392,78,428,448,785,786
2016-04-03 21:06:52,125,393,78,428,449,785,785
2016-04-03 21:06:53,127,394,78,428,449,785,786
2016-04-03 21:06:54,132,395,78,429,449,785,786
2016-04-03 21:06:55,136,396,78,429,449,785,786
2016-04-03 21:06:56,141,397,78,430,449,785,786
2016-04-03 21:06:57,143,398,78,431,449,785,786
2016-04-03 21:06:58,147,399,78,431,449,785,786
2016-04-03 21:06:59,151,400,78,432,449,785,785
2016-04-03 21:07:00,155,401,78,432,449,785,785
2016-04-03 21:07:01,157,402,78,433,450,785,786
2016-04-03 21:07:02,157,403,78,433,450,785,786
2016-04-03 21:07:03,162,404,78,434,450,785,786
2016-04-03 21:07:04,164,405,78,434,450,785,786
2016-04-03 21:07:05,168,406,78,435,450,785,785
2016-04-03 21:07:06,173,407,78,435,450,785,786
2016-04-03 21:07:07,175,408,78,436,451,785,786
2016-04-03 21:07:08,180,409,78,436,451,785,785
2016-04-03 21:07:09,185,410,78,437,451,785,786
2016-04-03 21:07:10,189,411,78,437,451,785,786
2016-04-03 21:07:11,193,412,78,438,452,785,786
2016-04-03 21:07:12,197,413,78,438,452,785,785
2016-04-03 21:07:13,197,414,78,439,452,785,786
2016-04-03 21:07:14,212,415,78,439,452,785,786
2016-04-03 21:07:15,227,416,78,440,452,785,786
2016-04-03 21:07:16,230,417,78,440,452,785,786
2016-04-03 21:07:17,247,418,78,441,453,785,786
2016-04-03 21:07:18,256,419,78,441,453,785,786
2016-04-03 21:07:19,257,420,78,442,453,785,785
2016-04-03 21:07:20,262,421,78,442,453,785,786
2016-04-03 21:07:21,266,422,78,443,453,785,786
2016-04-03 21:07:22,267,423,78,443,454,785,786
2016-04-03 21:07:23,272,424,78,444,454,785,786
2016-04-03 21:07:24,276,425,78,444,454,785,786
2016-04-03 21:07:25,281,426,78,445,454,785,786
2016-04-03 21:07:26,285,427,78,445,454,785,785
2016-04-03 21:07:27,290,428,78,446,455,785,786
2016-04-03 21:07:28,294,429,78,446,455,785,786
2016-04-03 21:07:29,298,430,78,447,455,785,785
2016-04-03 21:07:30,303,431,78,447,455,785,785
2016-04-03 21:07:31,308,432,78,448,455,785,785
2016-04-03 21:07:32,309,433,78,448,456,785,786
2016-04-03 21:07:33,312,434,78,449,456,785,786
2016-04-03 21:07:34,317,435,78,449,456,785,786
2016-04-03 21:07:35,317,436,78,449,456,785,786
2016-04-03 21:07:36,319,437,78,450,457,785,786
2016-04-03 21:07:37,320,438,78,451,457,785,786
2016-04-03 21:07:38,323,439,78,451,457,785,786
2016-04-03 21:07:39,326,440,78,451,457,785,786
2016-04-03 21:07:40,327,441,78,452,457,785,786
2016-04-03 21:07:41,330,442,78,452,458,785,785
2016-04-03 21:07:42,333,443,78,453,458,785,786
2016-04-03 21:07:43,337,444,78,453,458,785,786
2016-04-03 21:07:44,342,445,78,454,458,785,786
2016-04-03 21:07:45,344,446,78,454,458,785,786
2016-04-03 21:07:46,349,447,78,455,459,785,786
2016-04-03 21:07:47,351,448,78,455,458,785,786
2016-04-03 21:07:48,355,449,78,456,459,785,786
2016-04-03 21:07:49,359,450,78,456,459,785,786
2016-04-03 21:07:50,366,451,78,457,459,785,786
2016-04-03 21:07:51,370,452,78,457,459,785,786
2016-04-03 21:07:52,371,453,78,458,459,785,786
2016-04-03 21:07:53,374,454,78,458,459,785,786
2016-04-03 21:07:54,379,455,78,459,460,785,786
2016-04-03 21:07:55,382,456,78,459,460,785,785
2016-04-03 21:07:56,383,457,78,460,460,785,786
2016-04-03 21:07:57,387,458,78,460,460,785,786
2016-04-03 21:07:58,389,459,78,460,460,785,786
2016-04-03 21:07:59,393,460,78,461,460,785,786
2016-04-03 21:08:00,398,461,78,461,461,785,786
2016-04-03 21:08:01,402,462,78,462,461,785,786
2016-04-03 21:08:02,407,463,78,462,461,785,786
2016-04-03 21:08:03,408,464,78,463,461,785,786
2016-04-03 21:08:04,411,465,78,463,461,785,786
2016-04-03 21:08:05,416,466,78,464,461,785,786
2016-04-03 21:08:06,419,467,78,464,461,785,786
2016-04-03 21:08:07,424,468,78,465,462,785,786
2016-04-03 21:08:08,424,469,78,465,462,785,786
2016-04-03 21:08:09,427,470,78,466,462,785,786
2016-04-03 21:08:10,431,471,78,466,462,785,786
2016-04-03 21:08:11,435,472,78,467,462,785,786
2016-04-03 21:08:12,439,473,78,467,463,785,786
2016-04-03 21:08:13,440,474,78,468,463,785,786
2016-04-03 21:08:14,446,475,78,468,463,785,786
2016-04-03 21:08:15,451,476,78,468,464,785,786
2016-04-03 21:08:16,456,477,78,469,464,785,786
2016-04-03 21:08:17,457,478,78,469,464,785,786
2016-04-03 21:08:18,459,479,78,470,464,785,786
2016-04-03 21:08:19,465,480,78,470,464,785,786
2016-04-03 21:08:20,467,481,78,471,465,785,786
2016-04-03 21:08:21,471,482,78,471,465,785,786
2016-04-03 21:08:22,474,483,78,472,465,785,786
2016-04-03 21:08:23,478,484,78,472,465,785,786
2016-04-03 21:08:24,483,485,78,473,465,785,786
2016-04-03 21:08:25,487,486,78,473,466,785,786
2016-04-03 21:08:26,488,487,78,474,466,785,786
2016-04-03 21:08:27,494,488,78,474,466,785,786
2016-04-03 21:08:28,495,489,78,475,466,785,786
2016-04-03 21:08:29,499,490,78,475,466,785,786
2016-04-03 21:08:30,504,491,78,476,466,785,786
2016-04-03 21:08:31,508,492,78,476,467,785,786
2016-04-03 21:08:32,513,493,78,476,467,785,786
2016-04-03 21:08:33,517,494,78,477,467,785,786
2016-04-03 21:08:34,523,495,78,478,467,785,786
2016-04-03 21:08:35,526,496,78,478,467,785,786
2016-04-03 21:08:36,532,497,78,478,468,785,786
2016-04-03 21:08:37,539,498,78,479,468,785,786
2016-04-03 21:08:38,542,499,78,479,468,785,786
2016-04-03 21:08:39,548,500,78,480,468,785,786
2016-04-03 21:08:40,551,501,78,480,468,785,786
2016-04-03 21:08:41,554,502,78,481,469,785,786
2016-04-03 21:08:42,560,503,78,481,469,785,786
2016-04-03 21:08:43,565,504,78,482,469,785,786
2016-04-03 21:08:44,569,505,78,482,469,785,786
2016-04-03 21:08:45,573,506,78,483,470,785,786
2016-04-03 21:08:46,577,507,78,483,470,785,786
2016-04-03 21:08:47,582,508,78,484,470,785,786
2016-04-03 21:08:48,584,509,78,484,470,785,786
2016-04-03 21:08:49,586,510,78,485,470,785,786
2016-04-03 21:08:50,588,511,78,485,470,785,786
2016-04-03 21:08:51,591,512,78,486,471,785,786
2016-04-03 21:08:52,595,513,78,486,471,785,786
2016-04-03 21:08:53,599,514,78,487,471,785,786
2016-04-03 21:08:54,603,515,78,487,471,785,786
2016-04-03 21:08:55,609,516,78,488,471,785,786
2016-04-03 21:08:56,612,517,78,488,472,785,786
2016-04-03 21:08:57,617,518,78,488,472,785,786
2016-04-03 21:08:58,620,519,78,489,472,785,786
2016-04-03 21:08:59,622,520,78,490,472,785,786
2016-04-03 21:09:00,626,521,77,490,472,785,786
2016-04-03 21:09:01,629,522,77,490,473,785,786
2016-04-03 21:09:02,634,523,78,491,473,785,786
2016-04-03 21:09:03,638,524,78,491,473,785,786
2016-04-03 21:09:04,642,525,78,492,473,785,786
2016-04-03 21:09:05,642,526,78,492,474,785,786
2016-04-03 21:09:06,648,528,78,493,474,785,786
2016-04-03 21:09:07,651,529,77,493,474,785,786
2016-04-03 21:09:08,656,530,78,494,474,785,786
2016-04-03 21:09:09,661,531,78,494,474,785,786
2016-04-03 21:09:10,662,532,78,495,475,785,786
2016-04-03 21:09:11,667,533,78,495,475,785,786
2016-04-03 21:09:12,670,534,77,496,475,785,786
2016-04-03 21:09:13,674,535,78,496,475,785,786
2016-04-03 21:09:14,678,536,78,497,476,785,786
2016-04-03 21:09:15,681,537,77,497,476,785,786
2016-04-03 21:09:16,685,538,78,498,476,785,786
2016-04-03 21:09:17,686,539,77,498,476,785,786
2016-04-03 21:09:18,692,540,77,499,477,785,786
2016-04-03 21:09:19,694,541,77,499,477,785,786
2016-04-03 21:09:20,695,542,77,500,477,785,786
2016-04-03 21:09:21,701,543,78,500,477,785,786
2016-04-03 21:09:22,701,544,77,501,477,785,786
2016-04-03 21:09:23,706,545,78,501,478,785,786
2016-04-03 21:09:24,710,546,77,501,478,785,786
2016-04-03 21:09:25,713,547,78,502,478,785,786
2016-04-03 21:09:26,718,548,77,502,478,785,786
2016-04-03 21:09:27,723,549,77,503,479,785,786
2016-04-03 21:09:28,727,550,77,503,479,785,786
2016-04-03 21:09:29,730,551,77,504,479,785,786
2016-04-03 21:09:30,735,552,77,504,479,785,786
2016-04-03 21:09:31,738,553,77,504,480,785,786
2016-04-03 21:09:32,741,554,77,505,480,785,786
2016-04-03 21:09:33,742,555,77,505,480,785,786
2016-04-03 21:09:34,745,556,77,506,481,785,786
2016-04-03 21:09:35,751,557,77,506,481,785,786
2016-04-03 21:09:36,752,558,77,507,481,785,786
2016-04-03 21:09:37,757,559,78,507,481,785,786
2016-04-03 21:09:38,761,560,77,507,481,785,786
2016-04-03 21:09:39,765,561,77,508,482,785,786
2016-04-03 21:09:40,769,562,77,508,482,785,786
2016-04-03 21:09:41,781,563,77,509,482,785,786
2016-04-03 21:09:42,784,564,77,509,482,785,786
2016-04-03 21:09:43,787,565,77,510,482,785,786
2016-04-03 21:09:44,792,566,77,510,483,785,786
2016-04-03 21:09:45,793,567,77,510,483,785,786
2016-04-03 21:09:46,799,568,77,511,483,785,786
2016-04-03 21:09:47,802,569,77,511,483,785,786
2016-04-03 21:09:48,805,570,78,512,484,785,786
2016-04-03 21:09:49,810,571,77,512,484,785,786
2016-04-03 21:09:50,815,572,77,512,484,785,786
2016-04-03 21:09:51,818,573,77,513,484,785,786
2016-04-03 21:09:52,820,574,77,513,484,785,786
2016-04-03 21:09:53,824,575,77,513,485,785,786
2016-04-03 21:09:54,829,576,77,514,485,785,786
2016-04-03 21:09:55,835,577,77,514,485,785,786
2016-04-03 21:09:56,836,578,77,514,485,785,786
2016-04-03 21:09:57,841,579,77,515,485,785,786
2016-04-03 21:09:58,845,580,77,515,485,785,786
2016-04-03 21:09:59,850,581,77,515,486,785,786
2016-04-03 21:10:00,854,582,77,516,486,785,786
2016-04-03 21:10:01,858,583,77,516,486,785,786
2016-04-03 21:10:02,859,584,77,516,486,785,786
2016-04-03 21:10:03,861,585,77,517,486,785,786
2016-04-03 21:10:04,865,586,77,517,486,785,786
2016-04-03 21:10:05,866,587,77,517,486,785,786
2016-04-03 21:10:06,868,588,77,518,486,785,786
2016-04-03 21:10:07,872,589,77,518,486,785,786
2016-04-03 21:10:08,873,590,77,518,486,785,786
2016-04-03 21:10:09,878,591,77,519,486,785,786
2016-04-03 21:10:10,881,592,77,519,486,785,786
2016-04-03 21:10:11,887,593,77,519,486,785,786
2016-04-03 21:10:12,889,594,77,520,486,785,786
2016-04-03 21:10:13,890,595,77,520,486,785,786
2016-04-03 21:10:14,896,596,77,520,486,785,786
2016-04-03 21:10:15,901,597,77,521,486,785,786
2016-04-03 21:10:16,906,598,77,521,486,785,786
2016-04-03 21:10:17,912,599,77,521,486,785,786
2016-04-03 21:10:18,915,600,77,522,486,785,786
2016-04-03 21:10:19,920,601,77,522,487,785,786
2016-04-03 21:10:20,924,602,77,522,487,785,786
2016-04-03 21:10:21,925,603,77,523,486,785,786
2016-04-03 21:10:22,930,604,77,523,486,785,786
2016-04-03 21:10:23,932,605,77,523,486,785,786
2016-04-03 21:10:24,935,606,77,524,487,785,786
2016-04-03 21:10:25,939,607,77,524,486,785,786
2016-04-03 21:10:26,941,608,77,524,486,785,786
2016-04-03 21:10:27,945,609,77,524,486,785,786
2016-04-03 21:10:28,946,610,77,525,487,785,786
2016-04-03 21:10:29,951,611,77,525,487,785,786
2016-04-03 21:10:30,954,612,77,525,487,785,786
2016-04-03 21:10:31,956,613,77,526,487,785,786
2016-04-03 21:10:32,961,614,77,526,487,785,786
2016-04-03 21:10:33,963,615,77,526,487,785,786
2016-04-03 21:10:34,966,616,77,527,487,785,786
2016-04-03 21:10:35,969,617,77,527,487,785,786
2016-04-03 21:10:36,971,618,77,527,487,785,786
2016-04-03 21:10:37,977,619,77,528,487,785,786
2016-04-03 21:10:38,978,620,77,528,487,785,786
2016-04-03 21:10:39,981,621,77,528,487,785,786
2016-04-03 21:10:40,985,622,77,529,487,785,786
2016-04-03 21:10:41,988,623,77,529,487,785,786
2016-04-03 21:10:42,993,624,77,529,487,785,786
2016-04-03 21:10:43,998,625,77,530,487,785,786
2016-04-03 21:10:45,002,626,77,530,487,785,786
2016-04-03 21:10:46,008,627,77,530,487,785,786
2016-04-03 21:10:47,010,628,77,531,487,785,786
2016-04-03 21:10:48,014,629,77,531,487,785,786
2016-04-03 21:10:49,023,630,77,531,487,785,786
2016-04-03 21:10:50,027,631,77,532,487,785,786
2016-04-03 21:10:51,028,632,77,532,487,785,786
2016-04-03 21:10:52,033,633,77,532,487,785,786
2016-04-03 21:10:53,036,634,77,532,487,785,786
2016-04-03 21:10:54,038,635,77,533,486,785,786
2016-04-03 21:10:55,042,636,77,533,486,785,786
2016-04-03 21:10:56,046,637,77,534,485,785,786
2016-04-03 21:10:57,051,638,77,534,484,785,786
2016-04-03 21:10:58,052,639,77,534,483,785,786
2016-04-03 21:10:59,056,640,77,535,482,785,786
2016-04-03 21:11:00,060,641,77,535,481,785,786
2016-04-03 21:11:01,066,642,77,535,480,785,786
2016-04-03 21:11:02,069,643,77,536,479,785,786
2016-04-03 21:11:03,072,644,77,536,479,785,786
2016-04-03 21:11:04,076,645,77,536,478,785,786
2016-04-03 21:11:05,078,646,77,536,477,785,786
2016-04-03 21:11:06,083,647,77,537,476,785,786
2016-04-03 21:11:07,084,648,77,537,475,785,786
2016-04-03 21:11:08,085,649,77,538,474,785,786
2016-04-03 21:11:09,090,650,77,538,473,785,786
2016-04-03 21:11:10,092,651,77,538,472,785,786
2016-04-03 21:11:11,098,652,77,539,472,785,786
2016-04-03 21:11:12,101,653,77,539,471,785,786
2016-04-03 21:11:13,102,654,77,539,470,785,786
2016-04-03 21:11:14,108,655,77,540,469,785,786
2016-04-03 21:11:15,109,656,77,540,468,785,786
2016-04-03 21:11:16,114,657,77,540,467,785,786
2016-04-03 21:11:17,114,658,77,541,466,785,786
2016-04-03 21:11:18,116,659,77,541,465,785,786
2016-04-03 21:11:19,120,660,77,541,465,785,786
2016-04-03 21:11:20,122,661,77,541,464,785,786
2016-04-03 21:11:21,124,662,77,542,464,785,786
2016-04-03 21:11:22,128,663,77,542,463,785,786
2016-04-03 21:11:23,133,664,77,542,462,785,786
2016-04-03 21:11:24,138,665,77,543,461,785,786
2016-04-03 21:11:25,141,666,77,543,461,785,786
2016-04-03 21:11:26,144,667,77,543,461,785,786
2016-04-03 21:11:27,148,668,77,544,460,785,786
2016-04-03 21:11:28,153,669,77,544,460,785,786
2016-04-03 21:11:29,154,670,77,544,459,785,786
2016-04-03 21:11:30,158,671,77,544,459,785,786
2016-04-03 21:11:31,162,672,77,545,458,785,786
2016-04-03 21:11:32,164,673,77,545,458,785,786
2016-04-03 21:11:33,168,674,77,545,458,785,786
2016-04-03 21:11:34,172,675,77,545,458,785,786
2016-04-03 21:11:35,177,676,77,546,457,785,786
2016-04-03 21:11:36,177,677,77,546,457,785,786
2016-04-03 21:11:37,180,678,77,546,456,785,786
2016-04-03 21:11:38,183,679,77,546,456,785,786
2016-04-03 21:11:39,186,680,77,547,455,785,786
2016-04-03 21:11:40,187,681,77,547,455,785,786
2016-04-03 21:11:41,190,682,77,547,454,785,786
2016-04-03 21:11:42,191,683,77,547,454,785,786
2016-04-03 21:11:43,196,684,77,547,453,785,786
2016-04-03 21:11:44,199,685,77,547,453,785,786
2016-04-03 21:11:45,203,686,77,548,452,785,786
2016-04-03 21:11:46,208,687,77,548,452,785,786
2016-04-03 21:11:47,211,688,77,548,452,785,786
2016-04-03 21:11:48,214,689,77,548,451,785,786
2016-04-03 21:11:49,215,690,77,548,451,785,786
2016-04-03 21:11:50,221,691,77,548,451,785,786
2016-04-03 21:11:51,224,692,77,549,450,785,786
2016-04-03 21:11:52,226,693,77,549,450,785,786
2016-04-03 21:11:53,232,694,77,549,450,785,786
2016-04-03 21:11:54,236,695,77,549,450,785,786
2016-04-03 21:11:55,240,696,77,549,449,785,786
2016-04-03 21:11:56,244,697,77,550,449,785,786
2016-04-03 21:11:57,249,698,77,550,449,785,786
2016-04-03 21:11:58,254,699,77,550,449,785,786
2016-04-03 21:11:59,258,700,77,550,449,785,786
2016-04-03 21:12:00,262,701,77,550,449,785,786
2016-04-03 21:12:01,266,702,77,549,449,785,786
2016-04-03 21:12:02,271,703,77,548,449,785,786
2016-04-03 21:12:03,274,704,77,547,448,785,786
2016-04-03 21:12:04,277,705,77,545,448,785,786
2016-04-03 21:12:05,280,706,77,543,447,785,786
2016-04-03 21:12:06,283,707,77,541,447,785,786
2016-04-03 21:12:07,286,708,77,539,446,785,786
2016-04-03 21:12:08,290,709,77,537,445,785,786
2016-04-03 21:12:09,294,710,77,536,444,785,786
2016-04-03 21:12:10,298,711,77,535,443,785,786
2016-04-03 21:12:11,301,712,77,534,442,785,786
2016-04-03 21:12:12,306,713,77,534,442,785,786
2016-04-03 21:12:13,308,714,77,534,441,785,786
2016-04-03 21:12:14,313,715,77,533,440,785,786
2016-04-03 21:12:15,313,716,77,532,439,785,786
2016-04-03 21:12:16,317,717,77,532,438,785,786
2016-04-03 21:12:17,322,718,77,531,437,785,786
2016-04-03 21:12:18,325,719,77,530,436,785,786
2016-04-03 21:12:19,330,720,77,530,435,785,786
2016-04-03 21:12:20,336,721,77,529,434,785,786
2016-04-03 21:12:21,341,722,77,528,433,785,786
2016-04-03 21:12:22,347,723,77,528,433,785,786
2016-04-03 21:12:23,349,724,77,527,432,785,786
2016-04-03 21:12:24,353,725,77,526,431,785,786
2016-04-03 21:12:25,356,726,77,526,430,785,786
2016-04-03 21:12:26,357,727,77,525,430,785,786
2016-04-03 21:12:27,362,728,77,524,429,785,786
2016-04-03 21:12:28,366,729,77,524,428,785,786
2016-04-03 21:12:29,370,730,77,523,427,785,786
2016-04-03 21:12:30,372,731,77,522,427,785,786
2016-04-03 21:12:31,373,732,77,521,426,785,786
2016-04-03 21:12:32,378,733,77,521,425,785,786
2016-04-03 21:12:33,382,734,77,520,425,785,786
2016-04-03 21:12:34,386,735,77,519,424,785,786
2016-04-03 21:12:35,387,736,77,519,424,785,786
2016-04-03 21:12:36,392,737,77,518,423,785,786
2016-04-03 21:12:37,395,738,77,517,422,785,786
2016-04-03 21:12:38,397,739,77,517,422,785,786
2016-04-03 21:12:39,398,740,77,516,422,785,786
2016-04-03 21:12:40,402,741,77,515,421,785,786
2016-04-03 21:12:41,406,742,77,515,421,785,786
2016-04-03 21:12:42,413,743,77,514,420,785,786
2016-04-03 21:12:43,415,744,77,513,419,785,786
2016-04-03 21:12:44,416,745,77,512,419,785,786
2016-04-03 21:12:45,419,746,77,512,418,785,786
2016-04-03 21:12:46,422,747,77,511,418,785,786
2016-04-03 21:12:47,426,748,77,511,417,785,786
2016-04-03 21:12:48,429,749,77,510,417,785,786
2016-04-03 21:12:49,432,750,77,509,416,785,786
2016-04-03 21:12:50,438,751,77,508,416,785,786
2016-04-03 21:12:51,443,752,77,508,415,785,786
2016-04-03 21:12:52,449,753,77,507,415,785,786
2016-04-03 21:12:53,453,754,77,506,414,785,786
2016-04-03 21:12:54,454,755,77,506,414,785,786
2016-04-03 21:12:55,460,756,77,505,413,785,786
2016-04-03 21:12:56,465,757,77,504,413,785,786
2016-04-03 21:12:57,468,758,77,504,413,785,786
2016-04-03 21:12:58,469,759,77,503,412,786,786
2016-04-03 21:12:59,474,760,77,502,412,785,786
2016-04-03 21:13:00,475,761,77,502,411,785,786
2016-04-03 21:13:01,477,762,77,501,411,785,786
2016-04-03 21:13:02,482,763,77,500,410,785,786
2016-04-03 21:13:03,487,764,77,500,410,785,786
2016-04-03 21:13:04,492,765,77,499,410,785,786
2016-04-03 21:13:05,494,766,77,498,409,785,786
2016-04-03 21:13:06,498,767,77,498,409,785,786
2016-04-03 21:13:07,499,768,77,497,408,785,786
2016-04-03 21:13:08,504,769,77,497,408,785,786
2016-04-03 21:13:09,508,770,77,496,408,785,786
2016-04-03 21:13:10,513,771,77,495,407,785,786
2016-04-03 21:13:11,516,772,77,494,407,785,786
2016-04-03 21:13:12,517,773,77,491,406,785,786
2016-04-03 21:13:13,522,774,77,489,405,785,786
2016-04-03 21:13:14,523,775,77,489,405,785,786
2016-04-03 21:13:15,526,776,77,488,404,785,786
2016-04-03 21:13:16,529,777,77,487,404,785,786
2016-04-03 21:13:17,530,778,77,485,403,785,786
2016-04-03 21:13:18,532,779,77,484,402,785,786
2016-04-03 21:13:19,536,780,77,484,402,785,786
2016-04-03 21:13:20,537,781,77,483,402,785,786
2016-04-03 21:13:21,541,782,77,483,402,785,786
2016-04-03 21:13:22,545,783,77,483,401,785,786
2016-04-03 21:13:23,548,784,77,482,401,785,786
2016-04-03 21:13:24,551,785,77,482,401,785,786
2016-04-03 21:13:25,553,786,77,482,401,785,786
2016-04-03 21:13:26,556,787,77,481,400,785,786
2016-04-03 21:13:27,560,788,77,481,400,785,786
2016-04-03 21:13:28,564,789,77,480,400,785,786
2016-04-03 21:13:29,569,790,77,480,399,785,786
2016-04-03 21:13:30,575,791,77,479,399,785,786
2016-04-03 21:13:31,579,792,77,479,399,785,786
2016-04-03 21:13:32,581,793,77,479,398,785,786
2016-04-03 21:13:33,586,794,77,478,398,785,786
2016-04-03 21:13:34,591,795,77,478,398,785,786
2016-04-03 21:13:35,594,796,77,477,397,785,786
2016-04-03 21:13:36,595,797,77,477,397,786,786
