2016-04-11 21:06:32,996,coffee,datetime,ms,seconds,ambient_temp,thermocouple_0_temp,thermocouple_1_temp,thermocouple_2_temp,thermocouple_3_temp
2016-04-11 21:06:35,029,2,74,507,403,785,785
2016-04-11 21:06:36,031,3,74,500,398,785,785
2016-04-11 21:06:37,036,4,74,491,393,785,786
2016-04-11 21:06:38,038,5,74,479,387,785,786
2016-04-11 21:06:39,039,6,74,467,381,785,785
2016-04-11 21:06:40,043,7,74,456,375,785,785
2016-04-11 21:06:41,047,8,74,445,370,785,785
2016-04-11 21:06:42,051,9,74,435,367,785,786
2016-04-11 21:06:43,055,10,74,424,364,785,786
2016-04-11 21:06:44,059,11,74,414,362,785,786
2016-04-11 21:06:45,064,12,74,405,360,785,786
2016-04-11 21:06:46,069,13,74,396,358,785,786
2016-04-11 21:06:47,072,14,74,388,357,785,785
2016-04-11 21:06:48,077,15,74,380,355,785,786
2016-04-11 21:06:49,081,16,74,372,353,785,786
2016-04-11 21:06:50,081,17,74,364,352,785,785
2016-04-11 21:06:51,085,18,74,357,351,785,786
2016-04-11 21:06:52,085,19,74,350,349,785,785
2016-04-11 21:06:53,086,20,74,343,348,785,786
2016-04-11 21:06:54,090,21,74,337,346,785,786
2016-04-11 21:06:55,094,22,74,331,345,785,786
2016-04-11 21:06:56,097,23,74,325,344,785,786
2016-04-11 21:06:57,099,24,74,319,343,785,786
2016-04-11 21:06:58,101,25,74,314,342,785,786
2016-04-11 21:06:59,105,26,74,308,341,785,786
2016-04-11 21:07:00,108,27,74,303,340,785,785
2016-04-11 21:07:01,109,28,74,299,339,785,785
2016-04-11 21:07:02,112,29,74,294,338,785,785
2016-04-11 21:07:03,115,30,74,290,337,785,786
2016-04-11 21:07:04,118,31,74,286,337,785,786
2016-04-11 21:07:05,123,32,74,282,336,785,786
2016-04-11 21:07:06,125,33,74,278,336,785,786
2016-04-11 21:07:07,126,34,74,275,335,785,786
2016-04-11 21:07:08,130,35,74,271,334,785,786
2016-04-11 21:07:09,134,36,74,268,334,785,786
2016-04-11 21:07:10,137,37,74,265,333,785,785
2016-04-11 21:07:11,139,38,74,262,333,785,786
2016-04-11 21:07:12,143,39,74,259,332,785,785
2016-04-11 21:07:13,145,40,74,256,332,785,785
2016-04-11 21:07:14,148,41,74,253,331,785,786
2016-04-11 21:07:15,152,42,74,251,331,785,785
2016-04-11 21:07:16,154,43,74,248,331,785,785
2016-04-11 21:07:17,155,44,74,246,330,785,786
2016-04-11 21:07:18,158,45,74,244,330,785,786
2016-04-11 21:07:19,159,46,74,242,330,785,785
2016-04-11 21:07:20,160,47,75,240,329,785,786
2016-04-11 21:07:21,164,48,74,239,329,785,786
2016-04-11 21:07:22,166,49,75,237,329,785,786
2016-04-11 21:07:23,167,50,75,235,329,785,786
2016-04-11 21:07:24,171,51,74,233,328,785,785
2016-04-11 21:07:25,175,52,75,232,328,785,786
2016-04-11 21:07:26,179,53,75,231,328,785,786
2016-04-11 21:07:27,181,54,75,230,328,785,786
2016-04-11 21:07:28,183,55,75,228,327,785,786
2016-04-11 21:07:29,186,56,75,227,327,785,786
2016-04-11 21:07:30,190,57,75,226,327,785,786
2016-04-11 21:07:31,191,58,75,225,327,785,786
2016-04-11 21:07:32,195,59,75,224,327,785,785
2016-04-11 21:07:33,200,60,75,223,327,785,786
2016-04-11 21:07:34,204,61,75,222,327,785,785
2016-04-11 21:07:35,208,62,75,222,327,785,786
2016-04-11 21:07:36,211,63,75,221,326,785,786
2016-04-11 21:07:37,214,64,75,220,326,785,786
2016-04-11 21:07:38,218,65,75,220,326,785,786
2016-04-11 21:07:39,220,66,75,219,326,785,786
2016-04-11 21:07:40,223,67,75,219,326,785,786
2016-04-11 21:07:41,227,68,75,218,326,785,786
2016-04-11 21:07:42,231,69,75,218,326,785,786
2016-04-11 21:07:43,234,70,75,217,326,785,785
2016-04-11 21:07:44,238,71,75,217,326,785,786
2016-04-11 21:07:45,242,72,75,217,326,785,786
2016-04-11 21:07:46,244,73,75,217,326,785,786
2016-04-11 21:07:47,246,74,75,216,326,785,786
2016-04-11 21:07:48,249,75,75,216,327,785,786
2016-04-11 21:07:49,251,76,75,216,328,785,786
2016-04-11 21:07:50,252,77,75,216,329,785,786
2016-04-11 21:07:51,257,78,75,216,330,785,786
2016-04-11 21:07:52,260,79,75,216,331,785,786
2016-04-11 21:07:53,264,80,75,216,332,785,786
2016-04-11 21:07:54,267,81,75,216,333,785,786
2016-04-11 21:07:55,268,82,75,216,334,785,786
2016-04-11 21:07:56,272,83,75,216,334,785,786
2016-04-11 21:07:57,276,84,75,216,335,785,786
2016-04-11 21:07:58,280,85,75,217,336,785,785
2016-04-11 21:07:59,282,86,75,217,337,785,786
2016-04-11 21:08:00,282,87,75,217,338,785,786
2016-04-11 21:08:01,283,88,75,217,338,785,786
2016-04-11 21:08:02,287,89,75,218,339,785,786
2016-04-11 21:08:03,291,90,75,218,340,785,786
2016-04-11 21:08:04,294,91,75,218,340,785,786
2016-04-11 21:08:05,298,92,75,219,341,785,785
2016-04-11 21:08:06,302,93,75,219,342,785,786
2016-04-11 21:08:07,304,94,75,219,342,785,786
2016-04-11 21:08:08,307,95,75,220,343,785,786
2016-04-11 21:08:09,309,96,75,220,344,785,786
2016-04-11 21:08:10,313,97,75,221,345,785,786
2016-04-11 21:08:11,317,98,75,221,345,785,786
2016-04-11 21:08:12,320,99,75,222,346,785,786
2016-04-11 21:08:13,324,100,75,222,346,785,786
2016-04-11 21:08:14,328,101,75,223,347,785,786
2016-04-11 21:08:15,332,102,75,223,347,785,786
2016-04-11 21:08:16,335,103,75,224,348,785,786
2016-04-11 21:08:17,338,104,75,224,348,785,785
2016-04-11 21:08:18,343,105,75,225,349,785,785
2016-04-11 21:08:19,347,106,75,225,349,785,786
2016-04-11 21:08:20,352,107,75,226,350,785,785
2016-04-11 21:08:21,354,108,75,226,350,785,786
2016-04-11 21:08:22,358,109,75,227,351,785,785
2016-04-11 21:08:23,360,110,75,228,352,785,786
2016-04-11 21:08:24,361,111,75,228,352,785,786
2016-04-11 21:08:25,365,112,75,229,352,785,786
2016-04-11 21:08:26,369,113,75,230,353,785,786
2016-04-11 21:08:27,374,114,75,230,353,785,786
2016-04-11 21:08:28,378,115,75,231,354,785,785
2016-04-11 21:08:29,383,116,75,231,354,785,786
2016-04-11 21:08:30,386,117,75,232,355,785,785
2016-04-11 21:08:31,391,118,75,233,355,785,785
2016-04-11 21:08:32,395,119,75,234,356,785,786
2016-04-11 21:08:33,399,120,75,234,356,785,786
2016-04-11 21:08:34,403,121,75,235,356,785,786
2016-04-11 21:08:35,404,122,75,235,357,785,786
2016-04-11 21:08:36,406,123,75,236,357,785,786
2016-04-11 21:08:37,410,124,75,237,358,785,786
2016-04-11 21:08:38,414,125,75,238,358,785,786
2016-04-11 21:08:39,418,126,75,238,359,785,786
2016-04-11 21:08:40,423,127,75,239,359,785,785
2016-04-11 21:08:41,428,128,75,240,359,785,785
2016-04-11 21:08:42,432,129,75,240,360,785,785
2016-04-11 21:08:43,434,130,75,241,360,785,785
2016-04-11 21:08:44,436,131,75,242,361,785,786
2016-04-11 21:08:45,440,132,75,243,361,785,786
2016-04-11 21:08:46,443,133,75,243,362,785,786
2016-04-11 21:08:47,447,134,75,244,362,785,786
2016-04-11 21:08:48,451,135,75,245,362,785,785
2016-04-11 21:08:49,455,136,75,246,363,785,786
2016-04-11 21:08:50,459,137,75,246,363,785,786
2016-04-11 21:08:51,464,138,75,247,364,785,786
2016-04-11 21:08:52,466,139,75,248,364,785,786
2016-04-11 21:08:53,467,140,75,248,364,785,785
2016-04-11 21:08:54,471,141,75,249,365,785,785
2016-04-11 21:08:55,473,142,75,250,365,785,785
2016-04-11 21:08:56,475,143,75,251,366,785,785
2016-04-11 21:08:57,478,144,75,251,366,785,785
2016-04-11 21:08:58,480,145,75,252,367,785,786
2016-04-11 21:08:59,482,146,75,253,367,785,786
2016-04-11 21:09:00,484,147,75,254,367,785,786
2016-04-11 21:09:01,486,148,75,254,368,785,785
2016-04-11 21:09:02,487,149,75,255,368,785,785
2016-04-11 21:09:03,492,150,75,256,369,785,786
2016-04-11 21:09:04,496,151,75,257,369,785,785
2016-04-11 21:09:05,499,152,75,257,369,785,785
2016-04-11 21:09:06,502,153,75,258,369,785,785
2016-04-11 21:09:07,502,154,75,259,370,785,785
2016-04-11 21:09:08,507,155,75,260,370,785,785
2016-04-11 21:09:09,511,156,75,261,371,785,785
2016-04-11 21:09:10,515,157,75,261,371,785,786
2016-04-11 21:09:11,519,158,75,262,371,785,786
2016-04-11 21:09:12,524,159,75,263,371,785,786
2016-04-11 21:09:13,528,160,75,264,372,785,786
2016-04-11 21:09:14,532,161,75,264,372,785,785
2016-04-11 21:09:15,534,162,75,265,372,785,785
2016-04-11 21:09:16,536,163,75,266,372,785,785
2016-04-11 21:09:17,539,164,75,267,373,785,785
2016-04-11 21:09:18,541,165,75,267,373,785,785
2016-04-11 21:09:19,542,166,75,268,374,785,785
2016-04-11 21:09:20,546,167,75,269,374,785,785
2016-04-11 21:09:21,550,168,75,270,374,785,785
2016-04-11 21:09:22,555,169,75,271,375,785,785
2016-04-11 21:09:23,556,170,75,272,375,785,786
2016-04-11 21:09:24,557,171,75,272,375,785,785
2016-04-11 21:09:25,561,172,75,273,375,785,785
2016-04-11 21:09:26,565,173,75,274,376,785,786
2016-04-11 21:09:27,569,174,75,275,376,785,785
2016-04-11 21:09:28,572,175,75,275,376,785,786
2016-04-11 21:09:29,575,176,75,276,377,785,785
2016-04-11 21:09:30,579,177,75,277,377,785,785
2016-04-11 21:09:31,582,178,75,278,378,785,786
2016-04-11 21:09:32,587,179,75,278,378,785,786
2016-04-11 21:09:33,589,180,75,279,378,785,785
2016-04-11 21:09:34,594,181,75,280,379,785,785
2016-04-11 21:09:35,598,182,75,281,379,785,785
2016-04-11 21:09:36,599,183,75,281,379,785,785
2016-04-11 21:09:37,602,184,75,282,379,785,785
2016-04-11 21:09:38,606,185,75,283,380,785,785
2016-04-11 21:09:39,611,186,75,284,380,785,785
2016-04-11 21:09:40,613,187,75,284,380,785,785
2016-04-11 21:09:41,615,188,75,285,381,785,785
2016-04-11 21:09:42,619,189,75,286,381,785,785
2016-04-11 21:09:43,623,190,75,287,381,785,785
2016-04-11 21:09:44,626,191,75,288,381,785,785
2016-04-11 21:09:45,628,192,75,288,382,785,785
2016-04-11 21:09:46,633,193,75,289,382,785,786
2016-04-11 21:09:47,637,194,75,290,382,785,785
2016-04-11 21:09:48,641,195,75,291,383,785,786
2016-04-11 21:09:49,645,196,75,291,383,785,785
2016-04-11 21:09:50,649,197,75,292,383,785,785
2016-04-11 21:09:51,654,198,75,293,383,785,785
2016-04-11 21:09:52,658,199,75,294,384,785,785
2016-04-11 21:09:53,661,200,75,294,384,785,785
2016-04-11 21:09:54,665,201,75,295,384,785,785
2016-04-11 21:09:55,668,202,75,296,385,785,785
2016-04-11 21:09:56,673,203,75,297,385,785,785
2016-04-11 21:09:57,674,204,75,297,385,785,785
2016-04-11 21:09:58,675,205,75,298,385,785,785
2016-04-11 21:09:59,676,206,75,299,386,785,785
2016-04-11 21:10:00,680,207,75,299,386,785,785
2016-04-11 21:10:01,684,208,75,300,386,785,785
2016-04-11 21:10:02,689,209,75,301,386,785,785
2016-04-11 21:10:03,691,210,75,302,387,785,785
2016-04-11 21:10:04,691,211,75,302,387,785,785
2016-04-11 21:10:05,696,212,75,303,387,785,785
2016-04-11 21:10:06,700,213,75,304,387,785,785
2016-04-11 21:10:07,704,214,75,304,387,785,785
2016-04-11 21:10:08,706,215,75,305,388,785,785
2016-04-11 21:10:09,707,216,75,306,388,785,785
2016-04-11 21:10:10,711,217,75,307,388,785,785
2016-04-11 21:10:11,713,218,75,307,389,785,785
2016-04-11 21:10:12,714,219,75,308,389,785,785
2016-04-11 21:10:13,718,220,75,309,389,785,785
2016-04-11 21:10:14,722,221,75,310,390,785,786
2016-04-11 21:10:15,726,222,75,310,390,785,785
2016-04-11 21:10:16,728,223,75,311,390,785,785
2016-04-11 21:10:17,731,224,75,312,390,785,785
2016-04-11 21:10:18,735,225,75,313,391,785,785
2016-04-11 21:10:19,739,226,76,313,391,785,785
2016-04-11 21:10:20,742,227,75,314,391,785,785
2016-04-11 21:10:21,747,228,75,315,392,785,785
2016-04-11 21:10:22,750,229,75,315,392,785,785
2016-04-11 21:10:23,752,230,76,316,392,785,786
2016-04-11 21:10:24,755,231,76,317,392,785,785
2016-04-11 21:10:25,759,232,75,317,392,785,785
2016-04-11 21:10:26,763,233,76,318,393,785,786
2016-04-11 21:10:27,768,234,76,319,393,785,786
2016-04-11 21:10:28,770,235,75,319,393,785,785
2016-04-11 21:10:29,774,236,76,320,394,785,785
2016-04-11 21:10:30,776,237,76,321,394,785,785
2016-04-11 21:10:31,779,238,76,322,394,785,785
2016-04-11 21:10:32,781,239,76,322,395,785,785
2016-04-11 21:10:33,785,240,75,323,395,785,785
2016-04-11 21:10:34,789,241,76,324,395,785,785
2016-04-11 21:10:35,792,242,76,324,396,785,785
2016-04-11 21:10:36,797,243,76,325,396,785,786
2016-04-11 21:10:37,800,244,76,326,396,785,785
2016-04-11 21:10:38,805,245,76,326,397,785,785
2016-04-11 21:10:39,808,246,76,327,397,785,785
2016-04-11 21:10:40,810,247,76,328,397,785,785
2016-04-11 21:10:41,815,248,76,328,398,785,785
2016-04-11 21:10:42,817,249,76,329,398,785,785
2016-04-11 21:10:43,822,250,76,330,398,785,785
2016-04-11 21:10:44,826,251,76,330,399,785,785
2016-04-11 21:10:45,826,252,76,331,399,785,785
2016-04-11 21:10:46,831,253,76,332,399,785,785
2016-04-11 21:10:47,833,254,76,332,399,785,785
2016-04-11 21:10:48,837,255,76,333,400,785,785
2016-04-11 21:10:49,841,256,76,334,400,785,785
2016-04-11 21:10:50,842,257,76,334,400,785,785
2016-04-11 21:10:51,844,258,76,335,401,785,785
2016-04-11 21:10:52,848,259,76,336,401,785,785
2016-04-11 21:10:53,853,260,76,336,401,785,785
2016-04-11 21:10:54,857,261,76,337,402,785,785
2016-04-11 21:10:55,861,262,76,338,402,785,785
2016-04-11 21:10:56,865,263,76,338,402,785,785
2016-04-11 21:10:57,870,264,76,339,402,785,785
2016-04-11 21:10:58,874,265,76,340,402,785,785
2016-04-11 21:10:59,879,266,76,340,403,785,785
2016-04-11 21:11:00,882,267,76,341,403,785,785
2016-04-11 21:11:01,884,268,76,341,403,785,785
2016-04-11 21:11:02,887,269,76,342,404,785,785
2016-04-11 21:11:03,890,270,76,343,404,785,785
2016-04-11 21:11:04,893,271,76,343,404,785,785
2016-04-11 21:11:05,898,272,76,344,404,785,785
2016-04-11 21:11:06,900,273,76,344,404,785,785
2016-04-11 21:11:07,902,274,76,345,404,785,785
2016-04-11 21:11:08,904,275,76,346,405,785,785
2016-04-11 21:11:09,909,276,76,346,405,785,785
2016-04-11 21:11:10,911,277,76,347,405,785,785
2016-04-11 21:11:11,913,278,76,347,405,785,785
2016-04-11 21:11:12,915,279,76,348,406,785,785
2016-04-11 21:11:13,920,280,76,349,406,785,785
2016-04-11 21:11:14,920,281,76,349,406,785,785
2016-04-11 21:11:15,924,282,76,350,407,785,785
2016-04-11 21:11:16,929,283,76,351,407,785,785
2016-04-11 21:11:17,933,284,76,351,407,785,785
2016-04-11 21:11:18,935,285,76,352,408,785,785
2016-04-11 21:11:19,939,286,76,353,408,785,785
2016-04-11 21:11:20,941,287,76,353,408,785,785
2016-04-11 21:11:21,943,288,76,354,408,785,785
2016-04-11 21:11:22,946,289,76,354,409,785,785
2016-04-11 21:11:23,948,290,76,355,409,785,785
2016-04-11 21:11:24,952,291,76,355,409,785,785
2016-04-11 21:11:25,955,292,76,356,409,785,785
2016-04-11 21:11:26,957,293,76,357,410,785,785
2016-04-11 21:11:27,960,294,76,357,410,785,785
2016-04-11 21:11:28,964,295,76,358,410,785,785
2016-04-11 21:11:29,966,296,76,358,411,785,785
2016-04-11 21:11:30,970,297,76,359,411,785,785
2016-04-11 21:11:31,972,298,76,359,411,785,785
2016-04-11 21:11:32,977,299,76,360,411,785,785
2016-04-11 21:11:33,979,300,76,360,412,785,785
2016-04-11 21:11:34,980,301,76,361,412,785,785
2016-04-11 21:11:35,984,302,76,362,412,785,785
2016-04-11 21:11:36,986,303,76,362,412,785,785
2016-04-11 21:11:37,987,304,76,363,413,785,785
2016-04-11 21:11:38,991,305,76,363,413,785,785
2016-04-11 21:11:39,995,306,76,364,413,785,785
2016-04-11 21:11:40,997,308,76,365,413,785,785
2016-04-11 21:11:41,999,309,76,365,414,785,785
2016-04-11 21:11:43,002,310,76,366,414,785,785
2016-04-11 21:11:44,006,311,76,366,414,785,785
2016-04-11 21:11:45,010,312,76,367,414,785,785
2016-04-11 21:11:46,015,313,76,367,415,785,785
2016-04-11 21:11:47,017,314,76,368,415,785,785
2016-04-11 21:11:48,017,315,76,368,415,785,785
2016-04-11 21:11:49,021,316,76,369,415,785,785
2016-04-11 21:11:50,022,317,76,369,416,785,785
2016-04-11 21:11:51,025,318,76,370,416,785,785
2016-04-11 21:11:52,028,319,76,371,416,785,785
2016-04-11 21:11:53,031,320,76,371,416,785,785
2016-04-11 21:11:54,032,321,76,372,416,785,785
2016-04-11 21:11:55,033,322,76,372,417,785,785
2016-04-11 21:11:56,037,323,76,373,417,785,785
2016-04-11 21:11:57,038,324,76,373,417,785,785
2016-04-11 21:11:58,042,325,76,374,417,785,785
2016-04-11 21:11:59,044,326,76,374,418,785,785
2016-04-11 21:12:00,046,327,76,375,418,785,785
2016-04-11 21:12:01,051,328,76,375,418,785,785
2016-04-11 21:12:02,053,329,76,376,418,785,785
2016-04-11 21:12:03,057,330,76,376,419,785,785
2016-04-11 21:12:04,059,331,76,377,419,785,785
2016-04-11 21:12:05,061,332,76,377,419,785,785
2016-04-11 21:12:06,064,333,76,378,419,785,785
2016-04-11 21:12:07,067,334,76,379,420,785,785
2016-04-11 21:12:08,068,335,76,379,420,785,785
2016-04-11 21:12:09,071,336,76,380,420,785,785
2016-04-11 21:12:10,073,337,76,380,420,785,785
2016-04-11 21:12:11,075,338,76,381,421,785,785
2016-04-11 21:12:12,078,339,76,381,421,785,785
2016-04-11 21:12:13,081,340,76,382,421,785,785
2016-04-11 21:12:14,086,341,76,382,422,785,785
2016-04-11 21:12:15,091,342,76,383,422,785,785
2016-04-11 21:12:16,095,343,76,383,422,785,785
2016-04-11 21:12:17,097,344,76,384,422,785,785
2016-04-11 21:12:18,100,345,76,384,423,785,785
2016-04-11 21:12:19,104,346,76,385,423,785,785
2016-04-11 21:12:20,106,347,76,385,423,785,785
2016-04-11 21:12:21,111,348,76,386,423,785,785
2016-04-11 21:12:22,112,349,76,386,424,785,785
2016-04-11 21:12:23,113,350,76,387,424,785,785
2016-04-11 21:12:24,117,351,76,387,424,785,785
2016-04-11 21:12:25,119,352,76,388,424,785,785
2016-04-11 21:12:26,120,353,76,388,425,785,785
2016-04-11 21:12:27,124,354,76,389,425,785,785
2016-04-11 21:12:28,128,355,76,390,425,785,785
2016-04-11 21:12:29,133,356,76,390,425,785,785
2016-04-11 21:12:30,134,357,76,391,425,785,785
2016-04-11 21:12:31,135,358,76,391,426,785,785
2016-04-11 21:12:32,136,359,76,392,426,785,785
2016-04-11 21:12:33,138,360,76,392,426,785,785
2016-04-11 21:12:34,140,361,76,393,426,785,785
2016-04-11 21:12:35,144,362,76,393,426,785,785
2016-04-11 21:12:36,149,363,76,394,426,785,785
2016-04-11 21:12:37,150,364,76,394,426,785,785
2016-04-11 21:12:38,153,365,76,395,426,785,785
2016-04-11 21:12:39,156,366,76,395,426,785,785
2016-04-11 21:12:40,160,367,76,396,427,785,785
2016-04-11 21:12:41,164,368,76,396,427,785,785
2016-04-11 21:12:42,166,369,76,396,427,785,785
2016-04-11 21:12:43,169,370,76,397,427,785,785
2016-04-11 21:12:44,171,371,76,398,427,785,785
2016-04-11 21:12:45,171,372,76,398,427,785,785
2016-04-11 21:12:46,175,373,76,398,428,785,785
2016-04-11 21:12:47,177,374,76,399,428,785,785
2016-04-11 21:12:48,178,375,76,400,428,785,785
2016-04-11 21:12:49,179,376,76,400,428,785,785
2016-04-11 21:12:50,184,377,76,401,429,785,785
2016-04-11 21:12:51,185,378,76,401,429,785,785
2016-04-11 21:12:52,190,379,76,402,429,785,785
2016-04-11 21:12:53,190,380,76,402,429,785,785
2016-04-11 21:12:54,192,381,76,403,430,785,785
2016-04-11 21:12:55,197,382,76,403,430,785,785
2016-04-11 21:12:56,201,383,76,404,430,785,785
2016-04-11 21:12:57,202,384,76,404,430,785,785
2016-04-11 21:12:58,205,385,76,405,431,785,785
2016-04-11 21:12:59,207,386,76,405,431,785,785
2016-04-11 21:13:00,211,387,76,406,431,785,785
2016-04-11 21:13:01,213,388,76,406,431,785,785
2016-04-11 21:13:02,216,389,76,407,431,785,785
2016-04-11 21:13:03,218,390,76,407,432,785,785
2016-04-11 21:13:04,220,391,76,407,432,785,785
2016-04-11 21:13:05,221,392,76,408,432,785,785
2016-04-11 21:13:06,226,393,76,408,432,785,785
2016-04-11 21:13:07,227,394,76,409,432,785,785
2016-04-11 21:13:08,228,395,76,409,433,785,785
2016-04-11 21:13:09,229,396,76,410,433,785,785
2016-04-11 21:13:10,233,397,76,410,433,785,785
2016-04-11 21:13:11,237,398,76,411,434,785,785
2016-04-11 21:13:12,241,399,76,411,434,785,785
2016-04-11 21:13:13,243,400,76,412,434,785,785
2016-04-11 21:13:14,248,401,76,412,434,785,785
2016-04-11 21:13:15,250,402,76,413,435,785,785
2016-04-11 21:13:16,253,403,76,413,435,785,785
2016-04-11 21:13:17,255,404,76,414,435,785,785
2016-04-11 21:13:18,259,405,76,414,435,785,785
2016-04-11 21:13:19,263,406,76,415,436,785,785
2016-04-11 21:13:20,265,407,76,415,436,785,785
2016-04-11 21:13:21,268,408,76,416,436,785,785
2016-04-11 21:13:22,272,409,76,416,436,785,785
2016-04-11 21:13:23,276,410,76,417,436,785,785
2016-04-11 21:13:24,281,411,76,417,437,785,785
2016-04-11 21:13:25,283,412,76,418,437,785,785
2016-04-11 21:13:26,287,413,76,418,437,785,785
2016-04-11 21:13:27,290,414,76,419,437,785,785
2016-04-11 21:13:28,291,415,76,419,437,785,785
2016-04-11 21:13:29,292,416,76,420,438,785,785
2016-04-11 21:13:30,294,417,76,420,438,785,785
2016-04-11 21:13:31,298,418,76,421,438,785,785
2016-04-11 21:13:32,301,419,76,421,438,785,785
2016-04-11 21:13:33,303,420,76,422,438,785,785
2016-04-11 21:13:34,306,421,76,422,439,785,785
2016-04-11 21:13:35,308,422,76,423,439,785,785
2016-04-11 21:13:36,310,423,76,423,439,785,785
2016-04-11 21:13:37,310,424,76,423,439,785,785
2016-04-11 21:13:38,312,425,76,424,439,785,785
2016-04-11 21:13:39,315,426,76,424,440,785,785
2016-04-11 21:13:40,318,427,76,425,440,785,785
2016-04-11 21:13:41,321,428,76,425,440,785,785
2016-04-11 21:13:42,326,429,76,426,440,785,785
2016-04-11 21:13:43,330,430,76,426,440,785,785
2016-04-11 21:13:44,332,431,76,427,440,785,785
2016-04-11 21:13:45,333,432,76,427,440,785,785
2016-04-11 21:13:46,337,433,76,428,440,785,785
2016-04-11 21:13:47,339,434,76,428,440,785,785
2016-04-11 21:13:48,340,435,76,428,440,785,785
2016-04-11 21:13:49,340,436,76,429,441,785,785
2016-04-11 21:13:50,344,437,76,429,441,785,785
2016-04-11 21:13:51,347,438,76,430,441,785,785
2016-04-11 21:13:52,350,439,76,430,441,785,785
2016-04-11 21:13:53,355,440,76,431,442,785,785
2016-04-11 21:13:54,359,441,76,431,442,785,785
2016-04-11 21:13:55,361,442,76,431,442,785,785
2016-04-11 21:13:56,364,443,76,432,442,785,785
2016-04-11 21:13:57,368,444,76,432,443,785,785
2016-04-11 21:13:58,372,445,76,433,443,785,785
2016-04-11 21:13:59,376,446,76,433,443,785,785
2016-04-11 21:14:00,378,447,76,434,443,785,785
2016-04-11 21:14:01,383,448,76,434,443,785,785
2016-04-11 21:14:02,387,449,76,435,444,785,785
2016-04-11 21:14:03,389,450,76,435,444,785,785
2016-04-11 21:14:04,393,451,76,436,444,785,785
2016-04-11 21:14:05,394,452,77,436,444,785,785
2016-04-11 21:14:06,398,453,77,436,444,785,785
2016-04-11 21:14:07,403,454,77,437,444,785,785
2016-04-11 21:14:08,405,455,76,437,445,785,785
2016-04-11 21:14:09,407,456,76,438,445,785,785
2016-04-11 21:14:10,409,457,76,438,445,785,785
2016-04-11 21:14:11,413,458,76,439,445,785,785
2016-04-11 21:14:12,415,459,76,439,446,785,785
2016-04-11 21:14:13,416,460,77,440,446,785,785
2016-04-11 21:14:14,419,461,77,440,446,785,785
2016-04-11 21:14:15,421,462,77,441,446,785,785
2016-04-11 21:14:16,424,463,77,441,447,785,785
2016-04-11 21:14:17,427,464,77,441,447,785,785
2016-04-11 21:14:18,429,465,77,442,447,785,785
2016-04-11 21:14:19,430,466,76,442,447,785,785
2016-04-11 21:14:20,434,467,77,443,448,785,785
2016-04-11 21:14:21,436,468,77,443,448,785,785
2016-04-11 21:14:22,439,469,77,444,448,785,785
2016-04-11 21:14:23,441,470,77,444,448,785,785
2016-04-11 21:14:24,446,471,77,445,449,785,785
2016-04-11 21:14:25,450,472,77,445,449,785,785
2016-04-11 21:14:26,452,473,77,445,449,785,785
2016-04-11 21:14:27,455,474,77,446,450,785,785
2016-04-11 21:14:28,456,475,77,446,450,785,785
2016-04-11 21:14:29,458,476,77,447,450,785,785
2016-04-11 21:14:30,461,477,77,447,450,785,785
2016-04-11 21:14:31,463,478,77,448,451,785,785
2016-04-11 21:14:32,465,479,77,448,451,785,785
2016-04-11 21:14:33,466,480,77,449,451,785,785
2016-04-11 21:14:34,470,481,77,449,451,785,785
2016-04-11 21:14:35,474,482,77,450,451,785,785
2016-04-11 21:14:36,479,483,77,450,452,785,785
2016-04-11 21:14:37,481,484,77,450,452,785,785
2016-04-11 21:14:38,482,485,77,451,452,785,785
2016-04-11 21:14:39,485,486,77,451,452,785,785
2016-04-11 21:14:40,487,487,77,452,452,785,785
2016-04-11 21:14:41,493,488,77,452,452,785,785
2016-04-11 21:14:42,498,489,77,453,453,785,785
2016-04-11 21:14:43,500,490,77,453,453,785,785
2016-04-11 21:14:44,503,491,77,454,453,785,785
2016-04-11 21:14:45,507,492,77,454,453,785,785
2016-04-11 21:14:46,509,493,77,455,453,785,785
2016-04-11 21:14:47,511,494,77,455,453,785,785
2016-04-11 21:14:48,516,495,77,455,453,785,785
2016-04-11 21:14:49,518,496,77,456,454,785,785
2016-04-11 21:14:50,520,497,77,456,454,785,785
2016-04-11 21:14:51,523,498,77,457,454,785,785
2016-04-11 21:14:52,527,499,77,457,454,785,785
2016-04-11 21:14:53,529,500,77,458,455,785,785
2016-04-11 21:14:54,532,501,77,458,455,785,785
2016-04-11 21:14:55,534,502,77,459,455,785,785
2016-04-11 21:14:56,538,503,77,459,455,785,785
2016-04-11 21:14:57,539,504,77,459,455,785,785
2016-04-11 21:14:58,540,505,77,460,455,785,785
2016-04-11 21:14:59,543,506,77,460,456,785,785
2016-04-11 21:15:00,548,507,77,460,456,785,785
2016-04-11 21:15:01,550,508,77,461,456,785,785
2016-04-11 21:15:02,554,509,77,461,456,785,785
2016-04-11 21:15:03,556,510,77,462,457,785,785
2016-04-11 21:15:04,558,511,77,462,457,785,785
2016-04-11 21:15:05,563,512,77,462,457,785,785
2016-04-11 21:15:06,565,513,77,463,457,785,785
2016-04-11 21:15:07,570,514,77,463,457,785,785
2016-04-11 21:15:08,573,515,77,464,457,785,785
2016-04-11 21:15:09,574,516,77,464,457,785,785
2016-04-11 21:15:10,579,517,77,465,457,785,785
2016-04-11 21:15:11,580,518,77,465,457,785,785
2016-04-11 21:15:12,583,519,77,466,458,785,785
2016-04-11 21:15:13,585,520,77,466,458,785,785
2016-04-11 21:15:14,587,521,77,467,458,785,785
2016-04-11 21:15:15,591,522,77,467,458,785,785
2016-04-11 21:15:16,594,523,77,467,458,785,785
2016-04-11 21:15:17,594,524,77,468,459,785,785
2016-04-11 21:15:18,598,525,77,468,459,785,785
2016-04-11 21:15:19,600,526,77,469,459,785,785
2016-04-11 21:15:20,603,527,77,469,459,785,785
2016-04-11 21:15:21,605,528,77,470,460,785,785
2016-04-11 21:15:22,607,529,77,470,460,785,785
2016-04-11 21:15:23,611,530,77,471,460,785,785
2016-04-11 21:15:24,612,531,77,471,460,785,785
2016-04-11 21:15:25,616,532,77,471,461,785,785
2016-04-11 21:15:26,621,533,77,472,461,785,785
2016-04-11 21:15:27,625,534,77,472,461,785,785
2016-04-11 21:15:28,630,535,77,472,461,785,785
2016-04-11 21:15:29,634,536,77,473,462,785,785
2016-04-11 21:15:30,638,537,77,473,462,785,785
2016-04-11 21:15:31,642,538,77,473,462,785,785
2016-04-11 21:15:32,646,539,77,474,462,785,785
2016-04-11 21:15:33,650,540,77,474,463,785,785
2016-04-11 21:15:34,655,541,77,475,463,785,785
2016-04-11 21:15:35,659,542,77,475,463,785,785
2016-04-11 21:15:36,663,543,77,476,463,785,785
2016-04-11 21:15:37,665,544,77,476,463,785,785
2016-04-11 21:15:38,666,545,77,477,464,785,785
2016-04-11 21:15:39,670,546,77,477,464,785,785
2016-04-11 21:15:40,674,547,77,478,464,785,785
2016-04-11 21:15:41,674,548,77,478,464,785,785
2016-04-11 21:15:42,679,549,77,478,464,785,785
2016-04-11 21:15:43,681,550,77,479,465,785,785
2016-04-11 21:15:44,686,551,77,479,465,785,785
2016-04-11 21:15:45,689,552,77,480,465,785,785
2016-04-11 21:15:46,694,553,77,480,466,785,785
2016-04-11 21:15:47,698,554,77,481,466,785,785
2016-04-11 21:15:48,702,555,77,481,466,785,785
2016-04-11 21:15:49,706,556,77,482,466,785,785
2016-04-11 21:15:50,711,557,77,482,467,785,785
2016-04-11 21:15:51,715,558,77,482,467,785,785
2016-04-11 21:15:52,719,559,77,483,467,785,785
2016-04-11 21:15:53,724,560,77,483,467,785,785
2016-04-11 21:15:54,728,561,77,484,467,785,785
2016-04-11 21:15:55,732,562,77,484,468,785,785
2016-04-11 21:15:56,736,563,77,485,468,785,785
2016-04-11 21:15:57,741,564,77,485,468,785,785
2016-04-11 21:15:58,745,565,77,486,468,785,785
2016-04-11 21:15:59,749,566,77,486,468,785,785
2016-04-11 21:16:00,753,567,77,487,469,785,785
2016-04-11 21:16:01,757,568,77,487,469,785,785
2016-04-11 21:16:02,762,569,77,488,469,785,785
2016-04-11 21:16:03,766,570,77,488,469,785,785
2016-04-11 21:16:04,770,571,77,489,470,785,785
2016-04-11 21:16:05,774,572,77,489,470,785,785
2016-04-11 21:16:06,779,573,77,490,470,785,785
2016-04-11 21:16:07,780,574,77,490,470,785,785
2016-04-11 21:16:08,781,575,77,491,471,785,785
2016-04-11 21:16:09,785,576,77,491,471,785,785
2016-04-11 21:16:10,790,577,77,491,471,785,785
2016-04-11 21:16:11,794,578,77,492,471,785,785
2016-04-11 21:16:12,798,579,77,492,472,785,785
2016-04-11 21:16:13,802,580,77,493,472,785,785
2016-04-11 21:16:14,807,581,77,493,472,785,785
2016-04-11 21:16:15,811,582,77,493,473,785,785
2016-04-11 21:16:16,815,583,77,494,473,785,785
2016-04-11 21:16:17,819,584,77,494,473,785,785
2016-04-11 21:16:18,824,585,77,495,473,785,785
2016-04-11 21:16:19,828,586,77,495,474,785,785
2016-04-11 21:16:20,832,587,77,496,474,785,785
2016-04-11 21:16:21,836,588,77,496,474,785,785
2016-04-11 21:16:22,840,589,77,497,475,785,785
2016-04-11 21:16:23,845,590,77,497,475,785,785
2016-04-11 21:16:24,849,591,77,498,475,785,785
2016-04-11 21:16:25,853,592,77,498,475,785,785
2016-04-11 21:16:26,857,593,77,498,476,785,785
2016-04-11 21:16:27,862,594,77,499,476,785,785
2016-04-11 21:16:28,866,595,77,499,476,785,785
2016-04-11 21:16:29,870,596,77,500,476,785,785
2016-04-11 21:16:30,874,597,77,500,476,785,785
2016-04-11 21:16:31,878,598,77,501,477,785,785
2016-04-11 21:16:32,883,599,77,501,477,785,785
2016-04-11 21:16:33,887,600,77,502,477,785,785
2016-04-11 21:16:34,889,601,77,502,478,785,785
2016-04-11 21:16:35,891,602,77,503,478,785,785
2016-04-11 21:16:36,896,603,77,503,478,785,785
2016-04-11 21:16:37,898,604,77,503,478,785,785
2016-04-11 21:16:38,902,605,77,503,478,785,785
2016-04-11 21:16:39,907,606,77,504,479,785,785
2016-04-11 21:16:40,911,607,77,504,479,785,785
2016-04-11 21:16:41,915,608,77,505,479,785,785
2016-04-11 21:16:42,919,609,77,505,479,785,785
2016-04-11 21:16:43,924,610,77,505,480,785,785
2016-04-11 21:16:44,928,611,77,506,480,785,785
2016-04-11 21:16:45,930,612,77,506,480,785,785
2016-04-11 21:16:46,930,613,77,507,481,785,785
2016-04-11 21:16:47,935,614,77,507,481,785,785
2016-04-11 21:16:48,939,615,77,507,481,785,785
2016-04-11 21:16:49,943,616,77,508,482,785,785
2016-04-11 21:16:50,947,617,77,508,482,785,785
2016-04-11 21:16:51,951,618,77,508,482,785,785
2016-04-11 21:16:52,956,619,77,509,482,785,785
2016-04-11 21:16:53,960,620,77,509,483,785,785
2016-04-11 21:16:54,964,621,77,510,483,785,785
2016-04-11 21:16:55,969,622,77,510,483,785,785
2016-04-11 21:16:56,972,623,77,510,483,785,785
2016-04-11 21:16:57,977,624,77,511,484,785,785
2016-04-11 21:16:58,981,625,77,511,484,785,785
2016-04-11 21:16:59,986,626,77,511,484,785,785
2016-04-11 21:17:00,990,627,77,512,485,785,785
2016-04-11 21:17:01,994,628,77,512,485,785,785
2016-04-11 21:17:02,998,630,77,512,485,785,785
2016-04-11 21:17:04,003,631,77,512,485,785,785
2016-04-11 21:17:05,004,632,77,513,486,785,785
2016-04-11 21:17:06,007,633,77,513,486,785,785
2016-04-11 21:17:07,011,634,77,514,486,785,785
2016-04-11 21:17:08,016,635,77,514,486,785,785
2016-04-11 21:17:09,020,636,77,514,486,785,785
2016-04-11 21:17:10,025,637,77,515,486,785,785
2016-04-11 21:17:11,030,638,77,515,486,785,785
2016-04-11 21:17:12,031,639,77,515,486,785,785
2016-04-11 21:17:13,035,640,77,516,486,785,785
2016-04-11 21:17:14,036,641,77,516,486,785,785
2016-04-11 21:17:15,040,642,77,516,486,785,785
2016-04-11 21:17:16,045,643,77,516,486,785,785
2016-04-11 21:17:17,046,644,77,517,486,785,785
2016-04-11 21:17:18,050,645,77,517,486,785,785
2016-04-11 21:17:19,054,646,77,517,486,785,785
2016-04-11 21:17:20,058,647,77,518,486,785,785
2016-04-11 21:17:21,060,648,77,518,486,785,785
2016-04-11 21:17:22,061,649,77,518,486,785,785
2016-04-11 21:17:23,066,650,77,519,486,785,785
2016-04-11 21:17:24,070,651,77,519,486,785,785
2016-04-11 21:17:25,074,652,77,519,486,785,785
2016-04-11 21:17:26,078,653,77,519,486,785,785
2016-04-11 21:17:27,082,654,77,520,486,785,785
2016-04-11 21:17:28,087,655,77,520,486,785,785
2016-04-11 21:17:29,091,656,77,521,486,785,785
2016-04-11 21:17:30,095,657,77,521,486,785,785
2016-04-11 21:17:31,100,658,77,521,486,785,785
2016-04-11 21:17:32,103,659,77,522,486,785,785
2016-04-11 21:17:33,107,660,77,522,486,785,785
2016-04-11 21:17:34,112,661,77,522,487,785,785
2016-04-11 21:17:35,114,662,77,522,487,785,785
2016-04-11 21:17:36,118,663,77,523,487,785,785
2016-04-11 21:17:37,122,664,77,523,487,785,785
2016-04-11 21:17:38,127,665,77,524,487,785,785
2016-04-11 21:17:39,128,666,77,524,487,785,785
2016-04-11 21:17:40,132,667,77,524,488,785,785
2016-04-11 21:17:41,136,668,77,525,487,785,785
2016-04-11 21:17:42,140,669,77,525,487,785,785
2016-04-11 21:17:43,144,670,77,525,487,785,785
2016-04-11 21:17:44,149,671,77,526,487,785,785
2016-04-11 21:17:45,152,672,77,526,487,785,785
2016-04-11 21:17:46,157,673,77,526,486,785,785
2016-04-11 21:17:47,161,674,77,527,486,785,785
2016-04-11 21:17:48,165,675,77,527,486,785,785
2016-04-11 21:17:49,170,676,77,527,486,785,785
2016-04-11 21:17:50,175,677,77,528,486,785,785
2016-04-11 21:17:51,178,678,77,528,485,785,785
2016-04-11 21:17:52,183,679,77,528,485,784,785
2016-04-11 21:17:53,187,680,77,528,485,785,785
2016-04-11 21:17:54,191,681,77,529,485,785,785
2016-04-11 21:17:55,195,682,77,529,485,785,785
2016-04-11 21:17:56,199,683,77,530,485,785,785
2016-04-11 21:17:57,203,684,77,530,484,785,785
2016-04-11 21:17:58,208,685,77,530,484,785,785
2016-04-11 21:17:59,212,686,77,530,484,785,785
2016-04-11 21:18:00,216,687,77,531,484,784,785
2016-04-11 21:18:01,218,688,77,531,484,785,785
2016-04-11 21:18:02,218,689,77,532,484,785,785
2016-04-11 21:18:03,223,690,77,532,483,785,785
2016-04-11 21:18:04,228,691,77,532,483,785,785
2016-04-11 21:18:05,232,692,77,533,483,785,785
2016-04-11 21:18:06,235,693,77,533,483,784,785
2016-04-11 21:18:07,236,694,77,533,483,784,785
2016-04-11 21:18:08,242,695,77,534,483,784,785
2016-04-11 21:18:09,243,696,77,534,483,785,785
2016-04-11 21:18:10,247,697,77,534,482,785,785
2016-04-11 21:18:11,251,698,77,534,482,785,785
2016-04-11 21:18:12,255,699,77,535,482,785,785
2016-04-11 21:18:13,259,700,77,535,482,785,785
2016-04-11 21:18:14,264,701,77,536,482,785,785
2016-04-11 21:18:15,268,702,77,536,482,785,785
2016-04-11 21:18:16,273,703,77,536,482,785,785
2016-04-11 21:18:17,277,704,77,537,481,785,785
2016-04-11 21:18:18,282,705,77,537,481,785,785
2016-04-11 21:18:19,286,706,77,537,482,785,785
2016-04-11 21:18:20,289,707,77,538,481,784,785
2016-04-11 21:18:21,293,708,77,538,481,784,785
2016-04-11 21:18:22,298,709,77,539,481,784,785
2016-04-11 21:18:23,299,710,77,539,481,785,785
2016-04-11 21:18:24,300,711,77,539,481,784,785
2016-04-11 21:18:25,305,712,77,540,481,785,785
2016-04-11 21:18:26,309,713,77,540,481,785,785
2016-04-11 21:18:27,313,714,77,540,481,784,785
2016-04-11 21:18:28,317,715,77,541,482,784,785
2016-04-11 21:18:29,323,716,77,541,481,785,785
2016-04-11 21:18:30,325,717,78,541,481,785,785
2016-04-11 21:18:31,330,718,78,541,481,785,785
2016-04-11 21:18:32,332,719,78,542,481,784,785
2016-04-11 21:18:33,332,720,78,542,481,785,785
2016-04-11 21:18:34,337,721,77,543,482,785,785
2016-04-11 21:18:35,338,722,78,543,482,785,785
2016-04-11 21:18:36,343,723,77,543,482,784,785
2016-04-11 21:18:37,347,724,77,544,482,784,785
2016-04-11 21:18:38,349,725,77,544,482,784,785
2016-04-11 21:18:39,355,726,78,545,482,785,785
2016-04-11 21:18:40,357,727,78,545,482,784,785
2016-04-11 21:18:41,361,728,78,545,482,784,785
2016-04-11 21:18:42,363,729,78,546,483,784,785
2016-04-11 21:18:43,363,730,78,546,483,785,785
2016-04-11 21:18:44,368,731,78,546,483,784,785
2016-04-11 21:18:45,369,732,77,547,483,784,785
2016-04-11 21:18:46,373,733,78,547,483,784,785
2016-04-11 21:18:47,378,734,78,547,483,784,785
2016-04-11 21:18:48,379,735,78,548,483,785,785
2016-04-11 21:18:49,379,736,78,548,483,784,785
2016-04-11 21:18:50,385,737,78,548,484,785,785
2016-04-11 21:18:51,386,738,78,549,484,785,785
2016-04-11 21:18:52,390,739,78,549,484,784,785
2016-04-11 21:18:53,394,740,78,549,484,784,785
2016-04-11 21:18:54,398,741,78,550,484,785,785
2016-04-11 21:18:55,402,742,78,550,484,784,785
2016-04-11 21:18:56,405,743,78,550,485,784,785
2016-04-11 21:18:57,411,744,78,551,485,784,785
2016-04-11 21:18:58,415,745,78,551,485,784,785
2016-04-11 21:18:59,419,746,78,551,485,784,785
2016-04-11 21:19:00,424,747,78,552,485,784,785
2016-04-11 21:19:01,428,748,78,552,484,784,785
2016-04-11 21:19:02,432,749,78,552,484,784,785
2016-04-11 21:19:03,436,750,78,552,484,784,785
2016-04-11 21:19:04,441,751,78,553,484,784,785
2016-04-11 21:19:05,445,752,78,553,484,784,785
2016-04-11 21:19:06,449,753,78,553,483,784,785
2016-04-11 21:19:07,453,754,78,554,483,784,785
2016-04-11 21:19:08,457,755,78,554,484,784,785
2016-04-11 21:19:09,462,756,78,555,484,785,785
2016-04-11 21:19:10,466,757,78,555,484,784,785
2016-04-11 21:19:11,470,758,78,555,484,784,785
2016-04-11 21:19:12,474,759,78,556,484,785,785
2016-04-11 21:19:13,479,760,78,556,484,784,785
2016-04-11 21:19:14,483,761,78,557,484,784,785
2016-04-11 21:19:15,487,762,78,557,484,784,785
2016-04-11 21:19:16,491,763,78,557,484,784,785
2016-04-11 21:19:17,496,764,78,558,484,784,785
2016-04-11 21:19:18,500,765,78,558,485,784,785
2016-04-11 21:19:19,504,766,78,558,485,784,785
2016-04-11 21:19:20,508,767,78,558,485,784,785
2016-04-11 21:19:21,513,768,78,559,485,784,785
2016-04-11 21:19:22,517,769,78,559,485,784,785
2016-04-11 21:19:23,521,770,78,559,485,785,785
2016-04-11 21:19:24,525,771,78,560,485,784,785
2016-04-11 21:19:25,529,772,78,560,485,784,785
2016-04-11 21:19:26,534,773,78,561,485,784,785
2016-04-11 21:19:27,538,774,78,561,485,784,785
2016-04-11 21:19:28,542,775,78,561,485,784,785
2016-04-11 21:19:29,546,776,78,562,484,784,785
2016-04-11 21:19:30,551,777,78,562,484,784,785
2016-04-11 21:19:31,555,778,78,562,484,784,785
2016-04-11 21:19:32,559,779,78,563,484,784,785
2016-04-11 21:19:33,563,780,78,563,483,784,785
2016-04-11 21:19:34,568,781,78,564,483,784,785
2016-04-11 21:19:35,572,782,78,564,483,784,785
2016-04-11 21:19:36,576,783,78,564,483,784,785
2016-04-11 21:19:37,578,784,78,565,482,784,785
2016-04-11 21:19:38,579,785,78,565,482,784,785
2016-04-11 21:19:39,582,786,78,565,482,784,785
2016-04-11 21:19:40,585,787,78,566,482,784,785
2016-04-11 21:19:41,586,788,78,566,482,784,785
2016-04-11 21:19:42,590,789,78,566,481,784,785
2016-04-11 21:19:43,594,790,78,567,481,784,785
2016-04-11 21:19:44,598,791,78,567,481,784,785
2016-04-11 21:19:45,608,792,78,567,481,784,785
2016-04-11 21:19:46,613,793,78,568,481,784,785
2016-04-11 21:19:47,617,794,78,568,481,784,785
2016-04-11 21:19:48,621,795,78,568,480,784,785
2016-04-11 21:19:49,625,796,78,568,480,784,785
2016-04-11 21:19:50,630,797,78,569,480,784,785
2016-04-11 21:19:51,634,798,78,569,480,784,785
2016-04-11 21:19:52,638,799,78,569,480,784,785
2016-04-11 21:19:53,643,800,78,570,480,784,785
2016-04-11 21:19:54,648,801,78,570,480,784,785
2016-04-11 21:19:55,653,802,78,570,479,784,785
2016-04-11 21:19:56,655,803,78,570,479,784,785
2016-04-11 21:19:57,659,804,78,571,479,784,785
2016-04-11 21:19:58,663,805,78,571,479,784,785
2016-04-11 21:19:59,668,806,78,571,479,784,785
2016-04-11 21:20:00,672,807,78,572,479,784,785
2016-04-11 21:20:01,676,808,78,572,478,784,785
2016-04-11 21:20:02,678,809,78,572,478,784,785
2016-04-11 21:20:03,678,810,78,573,478,784,785
2016-04-11 21:20:04,683,811,78,573,478,784,785
2016-04-11 21:20:05,687,812,78,573,478,784,785
2016-04-11 21:20:06,691,813,78,574,478,784,785
2016-04-11 21:20:07,695,814,78,574,477,784,785
2016-04-11 21:20:08,700,815,78,574,477,784,785
2016-04-11 21:20:09,704,816,78,574,477,784,785
2016-04-11 21:20:10,708,817,78,574,476,784,785
2016-04-11 21:20:11,713,818,78,575,476,784,785
2016-04-11 21:20:12,717,819,78,575,476,784,785
2016-04-11 21:20:13,721,820,78,575,475,784,785
2016-04-11 21:20:14,725,821,78,575,475,784,785
2016-04-11 21:20:15,729,822,78,574,475,784,785
2016-04-11 21:20:16,734,823,78,573,474,784,785
2016-04-11 21:20:17,738,824,78,571,474,784,785
2016-04-11 21:20:18,742,825,78,570,473,784,785
2016-04-11 21:20:19,746,826,78,567,472,784,785
2016-04-11 21:20:20,751,827,78,566,471,784,785
2016-04-11 21:20:21,755,828,78,565,470,784,785
2016-04-11 21:20:22,759,829,78,563,469,784,785
2016-04-11 21:20:23,763,830,78,561,467,784,785
2016-04-11 21:20:24,767,831,78,559,466,784,785
2016-04-11 21:20:25,772,832,78,559,465,784,785
2016-04-11 21:20:26,775,833,78,559,465,784,785
2016-04-11 21:20:27,780,834,78,559,464,784,785
2016-04-11 21:20:28,784,835,78,559,463,784,785
2016-04-11 21:20:29,789,836,78,559,463,784,785
2016-04-11 21:20:30,793,837,78,560,462,784,785
2016-04-11 21:20:31,797,838,78,560,462,784,785
2016-04-11 21:20:32,802,839,78,560,462,784,785
2016-04-11 21:20:33,806,840,78,559,461,784,785
2016-04-11 21:20:34,810,841,78,559,461,784,785
2016-04-11 21:20:35,814,842,78,558,460,784,785
2016-04-11 21:20:36,818,843,78,558,459,784,785
2016-04-11 21:20:37,823,844,78,557,459,784,785
2016-04-11 21:20:38,827,845,78,557,458,784,785
2016-04-11 21:20:39,831,846,78,556,458,784,785
2016-04-11 21:20:40,835,847,78,556,457,784,785
2016-04-11 21:20:41,840,848,78,555,457,784,785
2016-04-11 21:20:42,844,849,78,555,457,784,785
2016-04-11 21:20:43,848,850,78,554,456,784,785
2016-04-11 21:20:44,852,851,78,554,456,784,785
2016-04-11 21:20:45,856,852,78,553,455,784,785
2016-04-11 21:20:46,861,853,78,553,455,784,785
2016-04-11 21:20:47,865,854,78,552,454,784,785
2016-04-11 21:20:48,870,855,78,552,454,784,785
2016-04-11 21:20:49,873,856,78,551,454,784,785
2016-04-11 21:20:50,878,857,78,551,453,784,785
2016-04-11 21:20:51,882,858,78,550,453,784,785
2016-04-11 21:20:52,886,859,78,550,452,784,785
2016-04-11 21:20:53,890,860,78,549,452,784,785
2016-04-11 21:20:54,895,861,78,549,452,784,785
2016-04-11 21:20:55,899,862,78,548,451,784,785
2016-04-11 21:20:56,903,863,78,548,451,784,785
2016-04-11 21:20:57,907,864,78,547,451,784,785
2016-04-11 21:20:58,911,865,78,547,450,784,785
2016-04-11 21:20:59,916,866,78,546,450,784,785
2016-04-11 21:21:00,920,867,78,545,450,784,785
2016-04-11 21:21:01,924,868,78,545,449,784,785
2016-04-11 21:21:02,924,869,78,545,449,784,785
2016-04-11 21:21:03,927,870,78,544,449,784,785
2016-04-11 21:21:04,931,871,78,544,448,784,785
2016-04-11 21:21:05,936,872,78,543,448,784,785
2016-04-11 21:21:06,940,873,78,543,448,784,785
2016-04-11 21:21:07,944,874,78,543,447,784,785
2016-04-11 21:21:08,949,875,78,542,447,784,785
2016-04-11 21:21:09,954,876,78,542,447,784,785
2016-04-11 21:21:10,957,877,78,541,446,784,785
2016-04-11 21:21:11,961,878,78,541,446,784,785
2016-04-11 21:21:12,965,879,78,541,446,784,785
2016-04-11 21:21:13,969,880,78,540,445,784,785
2016-04-11 21:21:14,974,881,78,540,445,784,785
2016-04-11 21:21:15,978,882,78,540,445,784,785
2016-04-11 21:21:16,982,883,78,539,445,784,785
2016-04-11 21:21:17,986,884,78,539,444,784,785
2016-04-11 21:21:18,990,885,78,538,444,784,785
2016-04-11 21:21:19,995,886,78,538,444,784,785
2016-04-11 21:21:20,999,888,78,538,444,784,785
2016-04-11 21:21:22,003,889,78,537,444,784,785
2016-04-11 21:21:23,007,890,78,537,443,784,785
2016-04-11 21:21:24,011,891,78,537,443,784,785
2016-04-11 21:21:25,016,892,78,536,443,784,785
