2016-04-11 22:40:17,535,coffee,datetime,ms,seconds,ambient_temp,thermocouple_0_temp,thermocouple_1_temp,thermocouple_2_temp,thermocouple_3_temp
2016-04-11 22:40:19,614,2,85,495,408,782,783
2016-04-11 22:40:20,619,3,85,488,402,782,783
2016-04-11 22:40:21,621,4,85,479,396,781,782
2016-04-11 22:40:22,625,5,85,468,391,782,783
2016-04-11 22:40:23,630,6,85,457,385,782,783
2016-04-11 22:40:24,634,7,85,447,379,782,783
2016-04-11 22:40:25,638,8,85,436,376,782,783
2016-04-11 22:40:26,642,9,85,426,373,781,782
2016-04-11 22:40:27,646,10,85,417,371,782,782
2016-04-11 22:40:28,650,11,85,407,369,782,783
2016-04-11 22:40:29,654,12,85,399,367,782,783
2016-04-11 22:40:30,659,13,85,390,365,782,783
2016-04-11 22:40:31,663,14,85,382,363,782,783
2016-04-11 22:40:32,668,15,85,375,361,782,782
2016-04-11 22:40:33,672,16,85,367,360,782,783
2016-04-11 22:40:34,676,17,85,360,358,782,783
2016-04-11 22:40:35,680,18,85,353,357,782,783
2016-04-11 22:40:36,684,19,85,346,355,782,783
2016-04-11 22:40:37,688,20,85,339,354,782,783
2016-04-11 22:40:38,692,21,85,333,353,782,783
2016-04-11 22:40:39,697,22,85,328,351,782,783
2016-04-11 22:40:40,701,23,85,322,350,782,783
2016-04-11 22:40:41,703,24,85,317,349,782,782
2016-04-11 22:40:42,704,25,85,312,348,782,783
2016-04-11 22:40:43,708,26,85,307,347,782,783
2016-04-11 22:40:44,712,27,85,302,346,781,782
2016-04-11 22:40:45,717,28,85,298,345,782,783
2016-04-11 22:40:46,721,29,85,293,345,782,783
2016-04-11 22:40:47,724,30,85,289,344,782,783
2016-04-11 22:40:48,727,31,85,285,343,782,783
2016-04-11 22:40:49,728,32,85,282,342,782,783
2016-04-11 22:40:50,732,33,85,278,341,782,783
2016-04-11 22:40:51,734,34,85,274,341,782,783
2016-04-11 22:40:52,737,35,85,271,340,782,783
2016-04-11 22:40:53,741,36,85,268,340,782,783
2016-04-11 22:40:54,744,37,85,265,339,782,783
2016-04-11 22:40:55,749,38,85,262,338,782,783
2016-04-11 22:40:56,753,39,85,260,338,782,783
2016-04-11 22:40:57,758,40,85,257,337,782,782
2016-04-11 22:40:58,761,41,85,254,337,782,783
2016-04-11 22:40:59,766,42,85,252,337,782,783
2016-04-11 22:41:00,768,43,85,249,336,782,783
2016-04-11 22:41:01,773,44,85,247,336,782,783
2016-04-11 22:41:02,777,45,85,245,335,782,783
2016-04-11 22:41:03,781,46,85,243,335,782,783
2016-04-11 22:41:04,785,47,85,241,335,782,783
2016-04-11 22:41:05,790,48,85,239,334,782,783
2016-04-11 22:41:06,794,49,85,238,334,782,783
2016-04-11 22:41:07,798,50,85,236,334,782,782
2016-04-11 22:41:08,800,51,85,234,334,782,783
2016-04-11 22:41:09,800,52,85,233,333,782,783
2016-04-11 22:41:10,805,53,85,232,333,782,783
2016-04-11 22:41:11,807,54,85,230,333,782,783
2016-04-11 22:41:12,808,55,85,229,333,782,783
2016-04-11 22:41:13,812,56,85,228,332,782,782
2016-04-11 22:41:14,816,57,85,227,332,782,783
2016-04-11 22:41:15,821,58,85,225,332,782,783
2016-04-11 22:41:16,824,59,85,225,332,782,782
2016-04-11 22:41:17,829,60,85,224,332,782,783
2016-04-11 22:41:18,831,61,85,223,332,782,783
2016-04-11 22:41:19,832,62,85,222,332,782,783
2016-04-11 22:41:20,837,63,85,221,331,782,783
2016-04-11 22:41:21,840,64,85,221,331,782,783
2016-04-11 22:41:22,844,65,85,220,331,782,783
2016-04-11 22:41:23,848,66,85,220,331,782,782
2016-04-11 22:41:24,851,67,85,219,331,782,782
2016-04-11 22:41:25,854,68,85,219,331,782,783
2016-04-11 22:41:26,855,69,85,218,331,782,783
2016-04-11 22:41:27,860,70,85,218,331,782,783
2016-04-11 22:41:28,864,71,85,217,331,782,783
2016-04-11 22:41:29,868,72,85,217,332,782,783
2016-04-11 22:41:30,872,73,85,217,332,782,783
2016-04-11 22:41:31,876,74,85,217,333,782,783
2016-04-11 22:41:32,881,75,85,216,334,782,783
2016-04-11 22:41:33,885,76,85,216,335,782,782
2016-04-11 22:41:34,889,77,85,216,336,782,783
2016-04-11 22:41:35,893,78,85,216,337,782,783
2016-04-11 22:41:36,898,79,85,216,337,782,783
2016-04-11 22:41:37,902,80,85,216,338,782,783
2016-04-11 22:41:38,906,81,85,216,339,782,783
2016-04-11 22:41:39,911,82,85,216,339,782,783
2016-04-11 22:41:40,914,83,85,216,340,781,783
2016-04-11 22:41:41,919,84,85,216,341,782,783
2016-04-11 22:41:42,922,85,85,216,342,782,783
2016-04-11 22:41:43,927,86,85,216,342,782,783
2016-04-11 22:41:44,932,87,85,216,343,782,783
2016-04-11 22:41:45,935,88,85,216,344,782,783
2016-04-11 22:41:46,940,89,85,217,344,782,782
2016-04-11 22:41:47,944,90,85,217,345,782,783
2016-04-11 22:41:48,948,91,85,217,346,782,783
2016-04-11 22:41:49,953,92,85,217,346,782,783
2016-04-11 22:41:50,957,93,85,218,347,782,783
2016-04-11 22:41:51,961,94,85,218,347,782,783
2016-04-11 22:41:52,965,95,85,218,348,782,783
2016-04-11 22:41:53,969,96,85,219,349,782,783
2016-04-11 22:41:54,973,97,85,219,349,782,782
2016-04-11 22:41:55,978,98,85,220,350,782,783
2016-04-11 22:41:56,982,99,85,220,350,782,783
2016-04-11 22:41:57,986,100,85,220,351,782,783
2016-04-11 22:41:58,991,101,85,221,352,782,783
2016-04-11 22:41:59,995,102,85,221,352,782,783
2016-04-11 22:42:00,999,103,85,222,353,782,783
2016-04-11 22:42:02,004,104,85,222,353,782,783
2016-04-11 22:42:03,008,105,85,223,354,782,783
2016-04-11 22:42:04,012,106,85,223,354,782,783
2016-04-11 22:42:05,016,107,85,224,355,782,783
2016-04-11 22:42:06,021,108,85,224,355,782,783
2016-04-11 22:42:07,025,109,85,225,356,782,783
2016-04-11 22:42:08,028,110,85,225,356,782,783
2016-04-11 22:42:09,033,111,85,226,357,782,783
2016-04-11 22:42:10,037,112,85,226,357,782,783
2016-04-11 22:42:11,042,113,85,227,358,782,783
2016-04-11 22:42:12,045,114,85,228,358,782,783
2016-04-11 22:42:13,050,115,85,228,358,782,783
2016-04-11 22:42:14,054,116,85,229,359,782,783
2016-04-11 22:42:15,058,117,85,229,359,782,783
2016-04-11 22:42:16,063,118,85,230,359,782,783
2016-04-11 22:42:17,067,119,85,231,360,782,783
2016-04-11 22:42:18,071,120,85,231,360,782,783
2016-04-11 22:42:19,075,121,85,232,360,782,783
2016-04-11 22:42:20,080,122,85,233,361,782,783
2016-04-11 22:42:21,084,123,85,233,361,782,783
2016-04-11 22:42:22,088,124,85,234,362,782,783
2016-04-11 22:42:23,092,125,85,234,362,782,783
2016-04-11 22:42:24,096,126,85,235,362,782,783
2016-04-11 22:42:25,101,127,85,236,363,782,783
2016-04-11 22:42:26,105,128,85,237,363,782,783
2016-04-11 22:42:27,109,129,85,237,364,782,783
2016-04-11 22:42:28,114,130,85,238,364,782,783
2016-04-11 22:42:29,117,131,85,239,365,782,783
2016-04-11 22:42:30,122,132,85,240,365,782,783
2016-04-11 22:42:31,126,133,85,240,366,782,783
2016-04-11 22:42:32,130,134,85,241,366,782,783
2016-04-11 22:42:33,135,135,85,242,366,782,783
2016-04-11 22:42:34,139,136,85,242,367,782,783
2016-04-11 22:42:35,143,137,85,243,367,782,783
2016-04-11 22:42:36,147,138,85,244,368,782,783
2016-04-11 22:42:37,152,139,85,244,368,782,783
2016-04-11 22:42:38,156,140,85,245,369,782,783
2016-04-11 22:42:39,160,141,85,246,369,782,783
2016-04-11 22:42:40,164,142,85,247,369,782,783
2016-04-11 22:42:41,168,143,85,247,370,782,783
2016-04-11 22:42:42,174,144,85,248,370,782,783
2016-04-11 22:42:43,177,145,85,249,370,782,783
2016-04-11 22:42:44,181,146,85,250,371,782,783
2016-04-11 22:42:45,185,147,85,250,371,782,783
2016-04-11 22:42:46,190,148,85,251,371,782,783
2016-04-11 22:42:47,194,149,85,252,371,782,783
2016-04-11 22:42:48,198,150,85,253,372,782,783
2016-04-11 22:42:49,203,151,85,253,372,782,783
2016-04-11 22:42:50,206,152,85,254,372,782,783
2016-04-11 22:42:51,211,153,85,255,372,782,783
2016-04-11 22:42:52,215,154,85,256,373,782,783
2016-04-11 22:42:53,219,155,85,256,373,782,783
2016-04-11 22:42:54,224,156,85,257,373,782,783
2016-04-11 22:42:55,228,157,85,258,374,782,783
2016-04-11 22:42:56,232,158,85,259,374,782,783
2016-04-11 22:42:57,236,159,85,259,374,782,783
2016-04-11 22:42:58,240,160,85,260,375,782,783
2016-04-11 22:42:59,243,161,85,261,375,782,783
2016-04-11 22:43:00,247,162,85,261,375,782,783
2016-04-11 22:43:01,251,163,85,262,376,782,783
2016-04-11 22:43:02,251,164,85,263,376,782,783
2016-04-11 22:43:03,256,165,85,263,376,782,783
2016-04-11 22:43:04,260,166,85,264,376,782,783
2016-04-11 22:43:05,265,167,85,265,377,782,783
2016-04-11 22:43:06,269,168,85,266,377,782,783
2016-04-11 22:43:07,273,169,85,267,377,782,783
2016-04-11 22:43:08,277,170,85,267,377,782,783
2016-04-11 22:43:09,281,171,85,268,377,782,783
2016-04-11 22:43:10,285,172,85,269,377,782,783
2016-04-11 22:43:11,290,173,85,270,378,782,783
2016-04-11 22:43:12,294,174,85,270,378,782,783
2016-04-11 22:43:13,298,175,85,271,378,782,783
2016-04-11 22:43:14,302,176,85,272,379,782,783
2016-04-11 22:43:15,307,177,85,272,379,782,783
2016-04-11 22:43:16,311,178,85,273,379,782,783
2016-04-11 22:43:17,315,179,85,274,379,782,783
2016-04-11 22:43:18,319,180,85,275,380,782,783
2016-04-11 22:43:19,324,181,85,276,380,782,783
2016-04-11 22:43:20,329,182,85,276,381,782,783
2016-04-11 22:43:21,334,183,85,277,381,782,783
2016-04-11 22:43:22,336,184,85,278,381,782,783
2016-04-11 22:43:23,340,185,85,279,381,782,783
2016-04-11 22:43:24,344,186,85,279,382,782,783
2016-04-11 22:43:25,350,187,85,280,382,782,783
2016-04-11 22:43:26,353,188,85,281,383,782,783
2016-04-11 22:43:27,357,189,85,282,383,782,783
2016-04-11 22:43:28,361,190,85,282,383,782,783
2016-04-11 22:43:29,366,191,85,283,384,782,783
2016-04-11 22:43:30,368,192,85,284,384,782,783
2016-04-11 22:43:31,372,193,85,285,384,782,783
2016-04-11 22:43:32,376,194,85,285,385,782,783
2016-04-11 22:43:33,380,195,85,286,385,782,783
2016-04-11 22:43:34,383,196,85,287,385,782,783
2016-04-11 22:43:35,386,197,85,288,386,782,783
2016-04-11 22:43:36,390,198,85,288,386,782,783
2016-04-11 22:43:37,392,199,85,289,386,782,783
2016-04-11 22:43:38,392,200,85,290,386,782,783
2016-04-11 22:43:39,395,201,85,291,386,782,783
2016-04-11 22:43:40,399,202,85,291,386,782,783
2016-04-11 22:43:41,399,203,85,292,387,782,783
2016-04-11 22:43:42,401,204,85,293,387,782,783
2016-04-11 22:43:43,406,205,85,293,387,782,783
2016-04-11 22:43:44,406,206,85,294,387,782,783
2016-04-11 22:43:45,411,207,85,295,388,782,783
2016-04-11 22:43:46,414,208,85,296,388,782,783
2016-04-11 22:43:47,419,209,85,296,388,782,783
2016-04-11 22:43:48,420,210,85,297,388,782,783
2016-04-11 22:43:49,424,211,85,298,389,782,783
2016-04-11 22:43:50,429,212,85,298,389,782,783
2016-04-11 22:43:51,430,213,85,299,389,782,783
2016-04-11 22:43:52,434,214,85,300,390,782,783
2016-04-11 22:43:53,438,215,85,300,390,782,783
2016-04-11 22:43:54,442,216,85,301,390,782,783
2016-04-11 22:43:55,444,217,85,302,391,782,783
2016-04-11 22:43:56,449,218,85,302,391,782,783
2016-04-11 22:43:57,453,219,85,303,391,782,783
2016-04-11 22:43:58,454,220,85,304,391,782,783
2016-04-11 22:43:59,458,221,85,304,392,782,783
2016-04-11 22:44:00,460,222,85,305,392,782,783
2016-04-11 22:44:01,461,223,85,306,392,782,783
2016-04-11 22:44:02,465,224,85,307,393,782,783
2016-04-11 22:44:03,466,225,85,307,393,782,783
2016-04-11 22:44:04,468,226,85,308,393,782,782
2016-04-11 22:44:05,472,227,85,309,393,782,783
2016-04-11 22:44:06,476,228,85,309,394,782,783
2016-04-11 22:44:07,480,229,85,310,394,782,783
2016-04-11 22:44:08,484,230,85,311,394,782,783
2016-04-11 22:44:09,489,231,85,311,395,782,783
2016-04-11 22:44:10,491,232,85,312,395,782,783
2016-04-11 22:44:11,491,233,85,313,395,782,783
2016-04-11 22:44:12,496,234,85,313,395,782,783
2016-04-11 22:44:13,499,235,85,314,396,782,783
2016-04-11 22:44:14,504,236,85,315,396,782,783
2016-04-11 22:44:15,508,237,85,315,396,782,783
2016-04-11 22:44:16,513,238,85,316,396,782,783
2016-04-11 22:44:17,517,239,85,317,397,782,783
2016-04-11 22:44:18,521,240,85,318,397,782,783
2016-04-11 22:44:19,525,241,85,318,397,782,783
2016-04-11 22:44:20,530,242,85,319,397,782,783
2016-04-11 22:44:21,534,243,85,320,398,782,783
2016-04-11 22:44:22,538,245,85,320,398,782,783
2016-04-11 22:44:23,542,246,85,321,398,782,783
2016-04-11 22:44:24,546,247,85,322,398,782,783
2016-04-11 22:44:25,548,248,85,322,399,782,783
2016-04-11 22:44:26,549,249,85,323,399,782,783
2016-04-11 22:44:27,553,250,85,324,399,782,783
2016-04-11 22:44:28,558,251,85,324,399,782,783
2016-04-11 22:44:29,562,252,85,325,400,782,783
2016-04-11 22:44:30,566,253,85,326,400,782,783
2016-04-11 22:44:31,570,254,85,326,399,782,783
2016-04-11 22:44:32,574,255,85,327,400,782,783
2016-04-11 22:44:33,579,256,85,328,400,782,783
2016-04-11 22:44:34,583,257,85,328,400,782,783
2016-04-11 22:44:35,583,258,85,329,400,782,783
2016-04-11 22:44:36,587,259,85,330,401,782,783
2016-04-11 22:44:37,590,260,85,330,401,782,783
2016-04-11 22:44:38,594,261,85,331,401,782,783
2016-04-11 22:44:39,598,262,85,331,401,782,783
2016-04-11 22:44:40,603,263,85,332,401,782,783
2016-04-11 22:44:41,607,264,85,333,402,782,783
2016-04-11 22:44:42,610,265,85,333,402,782,783
2016-04-11 22:44:43,615,266,85,334,402,782,783
2016-04-11 22:44:44,620,267,85,335,403,782,783
2016-04-11 22:44:45,623,268,85,335,403,782,783
2016-04-11 22:44:46,628,269,85,336,403,782,783
2016-04-11 22:44:47,632,270,85,337,404,782,783
2016-04-11 22:44:48,636,271,85,337,404,782,783
2016-04-11 22:44:49,641,272,85,338,404,782,783
2016-04-11 22:44:50,645,273,85,338,404,782,783
2016-04-11 22:44:51,649,274,85,339,405,782,783
2016-04-11 22:44:52,653,275,85,340,405,782,783
2016-04-11 22:44:53,658,276,85,340,405,782,783
2016-04-11 22:44:54,662,277,85,341,406,782,783
2016-04-11 22:44:55,666,278,85,342,406,782,783
2016-04-11 22:44:56,670,279,85,342,406,782,783
2016-04-11 22:44:57,674,280,85,343,406,782,783
2016-04-11 22:44:58,678,281,85,344,407,782,783
2016-04-11 22:44:59,683,282,85,344,407,782,783
2016-04-11 22:45:00,687,283,85,345,407,782,783
2016-04-11 22:45:01,691,284,85,345,407,782,783
2016-04-11 22:45:02,695,285,85,346,407,782,783
2016-04-11 22:45:03,698,286,85,347,408,782,783
2016-04-11 22:45:04,698,287,85,347,408,782,783
2016-04-11 22:45:05,703,288,85,348,408,782,783
2016-04-11 22:45:06,706,289,85,348,408,782,783
2016-04-11 22:45:07,711,290,85,349,409,782,783
2016-04-11 22:45:08,715,291,85,350,409,782,783
2016-04-11 22:45:09,719,292,85,350,409,782,783
2016-04-11 22:45:10,724,293,85,351,410,782,783
2016-04-11 22:45:11,728,294,85,352,410,782,783
2016-04-11 22:45:12,730,295,85,352,410,782,783
2016-04-11 22:45:13,730,296,85,353,410,782,783
2016-04-11 22:45:14,735,297,85,353,410,782,783
2016-04-11 22:45:15,739,298,85,354,411,782,783
2016-04-11 22:45:16,743,299,85,354,411,782,783
2016-04-11 22:45:17,748,300,85,355,411,782,783
2016-04-11 22:45:18,752,301,85,355,412,782,783
2016-04-11 22:45:19,754,302,85,356,412,782,783
2016-04-11 22:45:20,758,303,85,357,412,782,783
2016-04-11 22:45:21,762,304,85,357,412,782,783
2016-04-11 22:45:22,762,305,85,358,412,782,783
2016-04-11 22:45:23,767,306,85,358,412,782,783
2016-04-11 22:45:24,771,307,85,359,413,782,783
2016-04-11 22:45:25,773,308,85,360,413,782,783
2016-04-11 22:45:26,777,309,85,360,413,782,783
2016-04-11 22:45:27,779,310,85,361,414,782,783
2016-04-11 22:45:28,783,311,85,361,414,782,783
2016-04-11 22:45:29,787,312,85,362,414,782,783
2016-04-11 22:45:30,791,313,85,362,414,782,783
2016-04-11 22:45:31,795,314,85,363,415,782,783
2016-04-11 22:45:32,799,315,85,364,415,782,783
2016-04-11 22:45:33,801,316,85,364,415,782,783
2016-04-11 22:45:34,802,317,85,365,415,782,783
2016-04-11 22:45:35,806,318,85,365,415,782,783
2016-04-11 22:45:36,810,319,85,366,415,782,783
2016-04-11 22:45:37,814,320,85,367,415,782,783
2016-04-11 22:45:38,816,321,85,367,416,782,783
2016-04-11 22:45:39,818,322,85,368,416,782,783
2016-04-11 22:45:40,821,323,85,368,416,782,783
2016-04-11 22:45:41,826,324,85,369,416,782,783
2016-04-11 22:45:42,830,325,85,369,417,782,783
2016-04-11 22:45:43,834,326,85,370,417,782,783
2016-04-11 22:45:44,839,327,85,371,417,782,783
2016-04-11 22:45:45,843,328,85,371,418,782,783
2016-04-11 22:45:46,847,329,85,372,418,782,783
2016-04-11 22:45:47,849,330,85,372,418,782,783
2016-04-11 22:45:48,850,331,85,373,418,782,783
2016-04-11 22:45:49,855,332,85,373,419,782,783
2016-04-11 22:45:50,858,333,85,374,419,782,783
2016-04-11 22:45:51,862,334,85,375,419,782,783
2016-04-11 22:45:52,864,335,85,375,419,782,783
2016-04-11 22:45:53,868,336,85,376,420,782,783
2016-04-11 22:45:54,871,337,85,376,420,782,783
2016-04-11 22:45:55,873,338,85,377,420,782,783
2016-04-11 22:45:56,878,339,85,377,420,782,783
2016-04-11 22:45:57,880,340,85,378,421,782,783
2016-04-11 22:45:58,885,341,85,378,421,782,783
2016-04-11 22:45:59,890,342,85,379,421,782,783
2016-04-11 22:46:00,895,343,85,380,421,782,783
2016-04-11 22:46:01,897,344,85,380,421,782,783
2016-04-11 22:46:02,897,345,85,381,422,782,783
2016-04-11 22:46:03,902,346,85,381,422,782,783
2016-04-11 22:46:04,905,347,85,382,422,782,783
2016-04-11 22:46:05,910,348,85,382,422,782,783
2016-04-11 22:46:06,914,349,85,383,423,782,783
2016-04-11 22:46:07,918,350,85,383,423,782,783
2016-04-11 22:46:08,920,351,85,384,423,782,783
2016-04-11 22:46:09,921,352,85,385,423,782,783
2016-04-11 22:46:10,926,353,85,385,424,782,783
2016-04-11 22:46:11,928,354,85,386,424,782,783
2016-04-11 22:46:12,931,355,85,386,424,782,783
2016-04-11 22:46:13,936,356,85,387,424,782,783
2016-04-11 22:46:14,940,357,85,387,424,782,783
2016-04-11 22:46:15,944,358,85,388,425,782,783
2016-04-11 22:46:16,946,359,85,388,425,782,783
2016-04-11 22:46:17,951,360,85,389,425,782,783
2016-04-11 22:46:18,954,361,85,390,425,782,783
2016-04-11 22:46:19,958,362,85,390,426,782,783
2016-04-11 22:46:20,962,363,85,391,426,782,783
2016-04-11 22:46:21,966,364,85,391,426,782,783
2016-04-11 22:46:22,968,365,85,392,426,782,783
2016-04-11 22:46:23,970,366,85,392,426,782,783
2016-04-11 22:46:24,975,367,85,393,427,782,783
2016-04-11 22:46:25,977,368,85,393,427,782,783
2016-04-11 22:46:26,981,369,85,394,427,782,783
2016-04-11 22:46:27,985,370,85,394,427,782,783
2016-04-11 22:46:28,990,371,85,395,428,782,783
2016-04-11 22:46:29,994,372,85,396,428,782,783
2016-04-11 22:46:30,998,373,85,396,428,782,783
2016-04-11 22:46:32,002,374,85,396,428,782,783
2016-04-11 22:46:33,007,375,85,397,429,782,783
2016-04-11 22:46:34,011,376,85,397,429,782,783
2016-04-11 22:46:35,015,377,85,398,429,782,783
2016-04-11 22:46:36,019,378,85,399,429,782,783
2016-04-11 22:46:37,024,379,85,399,430,782,783
2016-04-11 22:46:38,026,380,85,400,430,782,783
2016-04-11 22:46:39,026,381,85,400,430,782,783
2016-04-11 22:46:40,030,382,85,401,430,782,783
2016-04-11 22:46:41,035,383,85,401,430,782,783
2016-04-11 22:46:42,039,384,85,402,431,782,783
2016-04-11 22:46:43,041,385,85,402,431,782,783
2016-04-11 22:46:44,041,386,85,403,430,782,783
2016-04-11 22:46:45,046,387,85,403,431,782,783
2016-04-11 22:46:46,050,388,85,404,431,782,783
2016-04-11 22:46:47,054,389,85,404,431,782,783
2016-04-11 22:46:48,056,390,85,405,432,782,783
2016-04-11 22:46:49,057,391,85,405,432,782,783
2016-04-11 22:46:50,061,392,85,406,432,782,783
2016-04-11 22:46:51,066,393,85,406,432,782,783
2016-04-11 22:46:52,070,394,85,407,432,782,783
2016-04-11 22:46:53,074,395,85,407,432,782,783
2016-04-11 22:46:54,078,396,85,408,433,782,783
2016-04-11 22:46:55,081,397,85,408,433,782,783
2016-04-11 22:46:56,085,398,85,409,433,782,783
2016-04-11 22:46:57,089,399,85,409,433,782,783
2016-04-11 22:46:58,089,400,85,410,433,782,783
2016-04-11 22:46:59,094,401,85,410,433,782,783
2016-04-11 22:47:00,098,402,85,411,433,782,783
2016-04-11 22:47:01,102,403,85,411,433,782,783
2016-04-11 22:47:02,107,404,85,412,433,782,783
2016-04-11 22:47:03,111,405,85,412,434,782,783
2016-04-11 22:47:04,113,406,85,413,434,782,783
2016-04-11 22:47:05,114,407,85,413,434,782,783
2016-04-11 22:47:06,118,408,85,414,434,782,783
2016-04-11 22:47:07,122,409,85,414,435,782,783
2016-04-11 22:47:08,126,410,85,415,435,782,783
2016-04-11 22:47:09,130,411,85,415,435,782,783
2016-04-11 22:47:10,134,412,85,416,435,782,783
2016-04-11 22:47:11,136,413,85,417,435,782,783
2016-04-11 22:47:12,141,414,85,417,435,782,783
2016-04-11 22:47:13,144,415,85,417,435,782,783
2016-04-11 22:47:14,145,416,85,418,436,782,783
2016-04-11 22:47:15,150,417,85,418,436,782,783
2016-04-11 22:47:16,154,418,85,419,436,782,783
2016-04-11 22:47:17,157,419,85,419,437,782,783
2016-04-11 22:47:18,159,420,85,420,437,782,783
2016-04-11 22:47:19,161,421,85,420,437,782,783
2016-04-11 22:47:20,165,422,85,421,438,782,783
2016-04-11 22:47:21,170,423,85,421,438,782,783
2016-04-11 22:47:22,174,424,85,422,438,782,783
2016-04-11 22:47:23,178,425,85,422,438,782,783
2016-04-11 22:47:24,182,426,85,423,439,782,783
2016-04-11 22:47:25,186,427,85,423,439,782,783
2016-04-11 22:47:26,190,428,85,424,439,782,783
2016-04-11 22:47:27,195,429,85,424,439,782,783
2016-04-11 22:47:28,199,430,85,425,439,782,783
2016-04-11 22:47:29,203,431,85,425,439,782,783
2016-04-11 22:47:30,208,432,85,426,440,782,783
2016-04-11 22:47:31,212,433,85,426,440,782,783
2016-04-11 22:47:32,216,434,85,427,440,782,783
2016-04-11 22:47:33,220,435,85,427,440,782,783
2016-04-11 22:47:34,225,436,85,428,441,782,783
2016-04-11 22:47:35,229,437,85,428,441,782,783
2016-04-11 22:47:36,233,438,85,429,441,782,783
2016-04-11 22:47:37,237,439,85,429,441,782,783
2016-04-11 22:47:38,241,440,85,430,441,782,783
2016-04-11 22:47:39,246,441,85,430,441,782,783
2016-04-11 22:47:40,250,442,85,431,442,782,783
2016-04-11 22:47:41,252,443,85,431,442,782,783
2016-04-11 22:47:42,252,444,85,432,442,782,783
2016-04-11 22:47:43,257,445,85,432,442,782,783
2016-04-11 22:47:44,259,446,85,433,443,782,783
2016-04-11 22:47:45,262,447,85,433,443,782,783
2016-04-11 22:47:46,267,448,85,434,443,782,783
2016-04-11 22:47:47,268,449,85,434,443,782,783
2016-04-11 22:47:48,272,450,85,435,443,782,783
2016-04-11 22:47:49,276,451,85,435,443,782,783
2016-04-11 22:47:50,281,452,85,436,443,782,783
2016-04-11 22:47:51,285,453,85,436,444,782,783
2016-04-11 22:47:52,289,454,85,437,444,782,782
2016-04-11 22:47:53,293,455,85,437,444,782,783
2016-04-11 22:47:54,294,456,85,438,444,782,783
2016-04-11 22:47:55,298,457,85,438,445,782,783
2016-04-11 22:47:56,300,458,85,439,445,782,783
2016-04-11 22:47:57,304,459,85,439,445,782,783
2016-04-11 22:47:58,308,460,85,440,445,782,783
2016-04-11 22:47:59,313,461,85,440,445,782,783
2016-04-11 22:48:00,315,462,85,441,446,782,783
2016-04-11 22:48:01,315,463,85,441,446,782,783
2016-04-11 22:48:02,319,464,85,441,446,782,783
2016-04-11 22:48:03,324,465,85,442,446,782,783
2016-04-11 22:48:04,328,466,85,442,447,782,783
2016-04-11 22:48:05,333,467,85,443,447,782,783
2016-04-11 22:48:06,337,468,85,443,447,782,783
2016-04-11 22:48:07,341,469,85,444,447,782,783
2016-04-11 22:48:08,345,470,85,444,447,782,783
2016-04-11 22:48:09,349,471,85,445,447,782,783
2016-04-11 22:48:10,353,472,85,445,448,782,783
2016-04-11 22:48:11,358,473,85,445,448,782,782
2016-04-11 22:48:12,362,474,85,446,448,782,782
2016-04-11 22:48:13,364,475,85,446,448,782,783
2016-04-11 22:48:14,364,476,85,447,449,782,783
2016-04-11 22:48:15,369,477,85,447,449,782,783
2016-04-11 22:48:16,373,478,85,448,449,782,783
2016-04-11 22:48:17,378,479,85,448,449,782,783
2016-04-11 22:48:18,382,480,85,449,450,782,783
2016-04-11 22:48:19,386,481,85,449,450,782,783
2016-04-11 22:48:20,390,482,85,450,450,782,783
2016-04-11 22:48:21,394,483,85,450,450,782,783
2016-04-11 22:48:22,396,484,85,451,451,782,782
2016-04-11 22:48:23,398,485,85,451,451,782,783
2016-04-11 22:48:24,403,486,85,452,451,782,783
2016-04-11 22:48:25,406,487,85,452,451,782,783
2016-04-11 22:48:26,412,488,85,453,451,782,783
2016-04-11 22:48:27,415,489,85,453,451,782,782
2016-04-11 22:48:28,420,490,85,454,451,782,783
2016-04-11 22:48:29,423,491,85,454,451,782,782
2016-04-11 22:48:30,427,492,85,455,451,782,783
2016-04-11 22:48:31,429,493,85,455,451,782,783
2016-04-11 22:48:32,430,494,85,456,451,782,783
2016-04-11 22:48:33,436,495,85,456,452,782,783
2016-04-11 22:48:34,439,496,85,456,452,782,783
2016-04-11 22:48:35,444,497,85,457,452,782,783
2016-04-11 22:48:36,446,498,85,457,452,782,783
2016-04-11 22:48:37,451,499,85,458,453,782,782
2016-04-11 22:48:38,455,500,85,458,453,782,783
2016-04-11 22:48:39,459,501,85,459,453,782,783
2016-04-11 22:48:40,463,502,85,459,453,782,783
2016-04-11 22:48:41,467,503,85,460,454,782,783
2016-04-11 22:48:42,469,504,85,460,454,782,783
2016-04-11 22:48:43,473,505,85,461,454,782,783
2016-04-11 22:48:44,478,506,85,461,454,782,783
2016-04-11 22:48:45,479,507,85,462,454,782,782
2016-04-11 22:48:46,483,508,85,462,454,782,783
2016-04-11 22:48:47,488,509,85,463,455,782,783
2016-04-11 22:48:48,491,510,85,463,455,782,782
2016-04-11 22:48:49,495,511,85,464,455,782,783
2016-04-11 22:48:50,500,512,85,464,455,782,783
2016-04-11 22:48:51,504,513,85,465,455,782,783
2016-04-11 22:48:52,509,514,85,465,455,782,783
2016-04-11 22:48:53,512,515,85,466,455,782,783
2016-04-11 22:48:54,516,516,85,466,455,782,783
2016-04-11 22:48:55,521,517,85,467,455,782,783
2016-04-11 22:48:56,525,518,85,467,455,782,783
2016-04-11 22:48:57,530,519,85,467,456,782,783
2016-04-11 22:48:58,534,520,85,468,456,782,783
2016-04-11 22:48:59,538,522,85,468,456,782,783
2016-04-11 22:49:00,542,523,85,469,456,782,783
2016-04-11 22:49:01,546,524,85,469,456,782,783
2016-04-11 22:49:02,551,525,85,470,456,782,783
2016-04-11 22:49:03,555,526,85,470,457,782,783
2016-04-11 22:49:04,559,527,85,471,457,782,783
2016-04-11 22:49:05,563,528,85,471,457,782,783
2016-04-11 22:49:06,567,529,85,472,458,782,783
2016-04-11 22:49:07,569,530,85,472,458,782,783
2016-04-11 22:49:08,570,531,85,472,458,782,783
2016-04-11 22:49:09,574,532,85,473,458,782,783
2016-04-11 22:49:10,579,533,85,473,458,782,782
2016-04-11 22:49:11,583,534,85,474,459,782,783
2016-04-11 22:49:12,585,535,85,474,459,782,782
2016-04-11 22:49:13,586,536,85,475,459,782,783
2016-04-11 22:49:14,590,537,85,475,459,782,783
2016-04-11 22:49:15,594,538,85,476,459,782,783
2016-04-11 22:49:16,598,539,85,476,460,782,783
2016-04-11 22:49:17,602,540,85,477,460,782,783
2016-04-11 22:49:18,607,541,85,477,460,782,783
2016-04-11 22:49:19,609,542,85,478,460,782,783
2016-04-11 22:49:20,609,543,85,478,460,782,783
2016-04-11 22:49:21,614,544,85,479,460,782,783
2016-04-11 22:49:22,618,545,85,479,460,782,783
2016-04-11 22:49:23,622,546,85,480,461,782,783
2016-04-11 22:49:24,626,547,85,480,461,782,783
2016-04-11 22:49:25,626,548,85,480,461,782,783
2016-04-11 22:49:26,631,549,85,481,462,782,783
2016-04-11 22:49:27,633,550,85,481,462,782,783
2016-04-11 22:49:28,637,551,85,482,462,782,783
2016-04-11 22:49:29,642,552,85,482,463,782,783
2016-04-11 22:49:30,647,553,85,483,463,782,783
2016-04-11 22:49:31,650,554,85,483,463,782,783
2016-04-11 22:49:32,654,555,85,484,464,782,783
2016-04-11 22:49:33,658,556,85,484,464,782,783
2016-04-11 22:49:34,663,557,85,485,464,782,783
2016-04-11 22:49:35,667,558,85,485,464,782,783
2016-04-11 22:49:36,668,559,85,486,465,782,783
2016-04-11 22:49:37,672,560,85,486,465,782,783
2016-04-11 22:49:38,675,561,85,487,465,782,783
2016-04-11 22:49:39,678,562,85,487,466,782,783
2016-04-11 22:49:40,680,563,85,488,466,782,783
2016-04-11 22:49:41,680,564,85,488,466,782,783
2016-04-11 22:49:42,685,565,85,489,467,782,783
2016-04-11 22:49:43,687,566,85,489,467,782,783
2016-04-11 22:49:44,690,567,85,490,467,782,783
2016-04-11 22:49:45,692,568,85,490,468,782,783
2016-04-11 22:49:46,696,569,85,490,468,782,783
2016-04-11 22:49:47,700,570,85,491,468,782,783
2016-04-11 22:49:48,705,571,85,491,468,782,783
2016-04-11 22:49:49,709,572,85,492,468,782,783
2016-04-11 22:49:50,713,573,85,492,469,782,783
2016-04-11 22:49:51,717,574,85,493,469,782,783
2016-04-11 22:49:52,719,575,85,493,469,782,782
2016-04-11 22:49:53,720,576,85,493,469,782,783
2016-04-11 22:49:54,724,577,85,494,470,782,783
2016-04-11 22:49:55,729,578,85,494,470,782,783
2016-04-11 22:49:56,735,579,85,494,470,782,783
2016-04-11 22:49:57,737,580,85,495,470,782,783
2016-04-11 22:49:58,741,581,85,495,471,782,783
2016-04-11 22:49:59,745,582,85,496,471,782,783
2016-04-11 22:50:00,749,583,85,496,471,782,783
2016-04-11 22:50:01,753,584,85,496,471,782,783
2016-04-11 22:50:02,758,585,85,497,471,782,783
2016-04-11 22:50:03,760,586,85,497,471,782,783
2016-04-11 22:50:04,761,587,85,497,472,782,783
2016-04-11 22:50:05,765,588,85,498,472,782,783
2016-04-11 22:50:06,769,589,85,498,472,782,783
2016-04-11 22:50:07,773,590,85,498,472,782,783
2016-04-11 22:50:08,777,591,85,499,473,782,783
2016-04-11 22:50:09,782,592,85,499,473,782,783
2016-04-11 22:50:10,786,593,85,499,473,782,783
2016-04-11 22:50:11,790,594,85,499,473,782,783
2016-04-11 22:50:12,792,595,85,500,473,782,783
2016-04-11 22:50:13,793,596,85,500,473,782,783
2016-04-11 22:50:14,797,597,85,501,474,782,783
2016-04-11 22:50:15,801,598,85,501,474,782,783
2016-04-11 22:50:16,806,599,85,501,474,782,783
2016-04-11 22:50:17,810,600,85,501,474,782,782
2016-04-11 22:50:18,814,601,85,502,474,782,783
2016-04-11 22:50:19,818,602,85,502,474,782,782
2016-04-11 22:50:20,823,603,85,502,475,782,783
2016-04-11 22:50:21,827,604,85,502,475,782,783
2016-04-11 22:50:22,831,605,85,503,475,782,783
2016-04-11 22:50:23,835,606,85,503,475,782,783
2016-04-11 22:50:24,840,607,85,503,476,782,783
2016-04-11 22:50:25,841,608,85,503,476,782,783
2016-04-11 22:50:26,843,609,85,504,476,782,783
2016-04-11 22:50:27,849,610,85,504,475,782,783
2016-04-11 22:50:28,852,611,85,504,476,782,783
2016-04-11 22:50:29,857,612,85,504,475,782,783
2016-04-11 22:50:30,859,613,85,504,475,782,783
2016-04-11 22:50:31,863,614,85,505,475,782,783
2016-04-11 22:50:32,865,615,85,505,475,782,783
2016-04-11 22:50:33,868,616,85,505,475,782,783
2016-04-11 22:50:34,872,617,85,505,475,782,783
2016-04-11 22:50:35,874,618,85,505,475,782,783
2016-04-11 22:50:36,878,619,85,506,475,782,783
2016-04-11 22:50:37,883,620,85,506,475,782,783
2016-04-11 22:50:38,887,621,85,506,475,782,783
2016-04-11 22:50:39,891,622,85,506,475,782,783
2016-04-11 22:50:40,896,623,85,506,475,782,782
2016-04-11 22:50:41,900,624,85,507,475,782,783
2016-04-11 22:50:42,904,625,85,507,475,782,783
2016-04-11 22:50:43,908,626,85,507,475,782,783
2016-04-11 22:50:44,912,627,85,507,475,782,783
2016-04-11 22:50:45,917,628,85,508,475,782,783
2016-04-11 22:50:46,922,629,85,508,475,782,783
2016-04-11 22:50:47,925,630,85,508,475,782,783
2016-04-11 22:50:48,929,631,85,508,474,782,783
2016-04-11 22:50:49,931,632,85,508,474,782,783
2016-04-11 22:50:50,934,633,85,509,474,782,783
2016-04-11 22:50:51,938,634,85,509,474,782,783
2016-04-11 22:50:52,942,635,85,509,474,782,783
2016-04-11 22:50:53,944,636,85,509,473,782,783
2016-04-11 22:50:54,947,637,85,509,473,782,782
2016-04-11 22:50:55,951,638,85,510,473,782,783
2016-04-11 22:50:56,955,639,85,510,473,782,783
2016-04-11 22:50:57,958,640,85,510,473,782,783
2016-04-11 22:50:58,962,641,85,510,473,782,783
2016-04-11 22:50:59,964,642,85,511,473,782,783
2016-04-11 22:51:00,967,643,85,511,473,782,783
2016-04-11 22:51:01,971,644,85,511,473,782,783
2016-04-11 22:51:02,974,645,85,511,472,782,783
2016-04-11 22:51:03,978,646,85,511,472,782,783
2016-04-11 22:51:04,980,647,85,511,472,782,782
2016-04-11 22:51:05,984,648,85,512,472,782,783
2016-04-11 22:51:06,986,649,85,512,471,782,782
2016-04-11 22:51:07,987,650,85,512,471,782,783
2016-04-11 22:51:08,991,651,85,512,470,782,782
2016-04-11 22:51:09,995,652,85,512,469,782,783
2016-04-11 22:51:10,999,653,85,513,468,782,783
2016-04-11 22:51:12,004,654,85,513,468,782,783
2016-04-11 22:51:13,008,655,85,513,467,782,783
2016-04-11 22:51:14,012,656,85,513,467,782,782
2016-04-11 22:51:15,016,657,85,513,466,782,783
2016-04-11 22:51:16,018,658,85,514,465,782,783
2016-04-11 22:51:17,020,659,85,514,465,782,783
2016-04-11 22:51:18,025,660,85,514,465,782,783
2016-04-11 22:51:19,030,661,85,514,464,782,783
2016-04-11 22:51:20,035,662,85,514,464,782,783
2016-04-11 22:51:21,038,663,85,514,463,782,783
2016-04-11 22:51:22,040,664,85,515,463,782,783
2016-04-11 22:51:23,044,665,85,515,462,782,783
2016-04-11 22:51:24,048,666,85,515,462,782,783
2016-04-11 22:51:25,053,667,85,515,461,782,783
2016-04-11 22:51:26,057,668,85,516,461,782,783
2016-04-11 22:51:27,059,669,85,516,461,782,783
2016-04-11 22:51:28,063,670,85,516,460,782,783
2016-04-11 22:51:29,066,671,85,516,460,782,783
2016-04-11 22:51:30,070,672,85,516,459,782,783
2016-04-11 22:51:31,075,673,85,516,459,782,783
2016-04-11 22:51:32,076,674,85,517,458,782,782
2016-04-11 22:51:33,082,675,85,517,458,782,783
2016-04-11 22:51:34,083,676,85,517,458,782,782
2016-04-11 22:51:35,087,677,85,517,458,782,783
2016-04-11 22:51:36,091,678,85,517,457,782,783
2016-04-11 22:51:37,092,679,85,517,457,782,783
2016-04-11 22:51:38,096,680,85,518,457,782,782
2016-04-11 22:51:39,100,681,85,518,456,782,782
2016-04-11 22:51:40,102,682,85,518,456,782,783
2016-04-11 22:51:41,105,683,85,518,456,782,783
2016-04-11 22:51:42,108,684,85,518,456,782,783
2016-04-11 22:51:43,113,685,85,518,456,782,782
2016-04-11 22:51:44,115,686,85,519,456,782,783
2016-04-11 22:51:45,120,687,85,519,455,782,783
2016-04-11 22:51:46,124,688,85,519,455,782,782
2016-04-11 22:51:47,128,689,85,519,455,782,783
2016-04-11 22:51:48,133,690,85,519,455,782,783
2016-04-11 22:51:49,137,691,85,520,455,782,783
2016-04-11 22:51:50,141,692,85,520,455,782,783
2016-04-11 22:51:51,146,693,85,520,454,782,783
2016-04-11 22:51:52,147,694,85,520,454,782,783
2016-04-11 22:51:53,148,695,85,520,454,782,783
2016-04-11 22:51:54,153,696,85,520,454,782,783
2016-04-11 22:51:55,156,697,85,521,454,782,783
2016-04-11 22:51:56,160,698,85,521,453,782,782
2016-04-11 22:51:57,165,699,85,521,453,782,783
2016-04-11 22:51:58,169,700,85,521,453,782,783
2016-04-11 22:51:59,171,701,85,521,453,782,783
2016-04-11 22:52:00,173,702,85,521,452,782,782
2016-04-11 22:52:01,178,703,85,522,452,782,783
2016-04-11 22:52:02,180,704,85,522,452,782,783
2016-04-11 22:52:03,185,705,85,522,452,782,783
2016-04-11 22:52:04,189,706,85,522,451,782,782
2016-04-11 22:52:05,193,707,85,523,451,782,783
2016-04-11 22:52:06,197,708,85,523,450,782,783
2016-04-11 22:52:07,201,709,85,523,450,782,783
2016-04-11 22:52:08,204,710,85,523,450,782,782
2016-04-11 22:52:09,209,711,85,523,450,782,783
2016-04-11 22:52:10,212,712,85,523,450,782,783
2016-04-11 22:52:11,217,713,85,523,450,782,782
2016-04-11 22:52:12,220,714,85,524,449,782,782
2016-04-11 22:52:13,221,715,85,524,449,782,783
2016-04-11 22:52:14,225,716,85,524,449,782,783
2016-04-11 22:52:15,230,717,85,524,449,782,783
2016-04-11 22:52:16,234,718,85,524,449,782,783
2016-04-11 22:52:17,238,719,85,525,449,782,782
2016-04-11 22:52:18,242,720,85,525,449,782,782
2016-04-11 22:52:19,245,721,85,525,449,782,782
2016-04-11 22:52:20,246,722,85,525,449,782,783
2016-04-11 22:52:21,249,723,85,525,448,782,783
2016-04-11 22:52:22,253,724,85,525,448,782,783
2016-04-11 22:52:23,258,725,85,526,448,782,783
2016-04-11 22:52:24,259,726,85,526,447,782,783
2016-04-11 22:52:25,262,727,85,526,447,782,783
2016-04-11 22:52:26,266,728,85,526,447,782,783
2016-04-11 22:52:27,268,729,85,526,447,782,783
2016-04-11 22:52:28,273,730,85,526,447,782,783
2016-04-11 22:52:29,275,731,85,527,447,782,783
2016-04-11 22:52:30,276,732,85,526,446,782,783
2016-04-11 22:52:31,280,733,85,526,446,782,782
2016-04-11 22:52:32,284,734,85,525,446,782,783
2016-04-11 22:52:33,288,735,85,525,445,782,783
2016-04-11 22:52:34,292,736,85,524,445,782,783
2016-04-11 22:52:35,295,737,85,523,444,782,783
2016-04-11 22:52:36,299,738,85,521,444,782,783
2016-04-11 22:52:37,302,739,85,520,443,782,783
2016-04-11 22:52:38,306,740,85,518,443,782,783
2016-04-11 22:52:39,311,741,85,517,442,782,783
2016-04-11 22:52:40,312,742,85,515,441,782,782
2016-04-11 22:52:41,316,743,85,514,440,782,783
2016-04-11 22:52:42,321,744,85,512,440,782,782
2016-04-11 22:52:43,325,745,85,511,439,782,782
2016-04-11 22:52:44,329,746,85,510,439,782,783
2016-04-11 22:52:45,333,747,85,511,438,782,783
2016-04-11 22:52:46,337,748,85,511,438,782,783
2016-04-11 22:52:47,339,749,85,512,438,782,783
2016-04-11 22:52:48,340,750,85,512,438,782,783
2016-04-11 22:52:49,345,751,85,513,437,782,783
2016-04-11 22:52:50,349,752,85,514,437,782,783
2016-04-11 22:52:51,353,753,85,514,437,782,783
2016-04-11 22:52:52,357,754,85,514,437,782,783
2016-04-11 22:52:53,361,755,85,515,437,782,783
2016-04-11 22:52:54,366,756,85,515,437,782,783
2016-04-11 22:52:55,370,757,85,515,437,781,782
2016-04-11 22:52:56,374,758,85,515,437,782,783
2016-04-11 22:52:57,378,759,85,515,437,782,783
2016-04-11 22:52:58,382,760,85,515,437,782,783
2016-04-11 22:52:59,387,761,85,515,436,782,783
2016-04-11 22:53:00,391,762,85,515,436,782,783
2016-04-11 22:53:01,395,763,85,515,436,782,783
2016-04-11 22:53:02,399,764,85,515,436,782,783
2016-04-11 22:53:03,404,765,85,515,436,782,783
2016-04-11 22:53:04,408,766,85,515,435,782,783
2016-04-11 22:53:05,412,767,85,515,435,782,782
2016-04-11 22:53:06,417,768,85,515,435,782,783
2016-04-11 22:53:07,421,769,85,515,435,782,782
2016-04-11 22:53:08,425,770,85,515,435,781,782
2016-04-11 22:53:09,429,771,85,516,434,782,782
2016-04-11 22:53:10,433,772,85,516,434,782,782
2016-04-11 22:53:11,438,773,85,516,434,782,782
2016-04-11 22:53:12,439,774,85,515,434,782,783
2016-04-11 22:53:13,440,775,85,516,434,782,782
2016-04-11 22:53:14,444,776,85,516,434,782,783
2016-04-11 22:53:15,446,777,85,515,433,781,782
2016-04-11 22:53:16,447,778,85,515,433,782,783
2016-04-11 22:53:17,451,779,85,515,433,782,783
2016-04-11 22:53:18,455,780,85,515,433,782,782
2016-04-11 22:53:19,460,781,85,515,433,782,783
2016-04-11 22:53:20,465,782,85,515,432,782,782
2016-04-11 22:53:21,468,783,85,515,432,782,782
2016-04-11 22:53:22,470,784,85,515,432,782,783
2016-04-11 22:53:23,474,785,85,515,432,782,782
2016-04-11 22:53:24,477,786,85,515,432,782,782
2016-04-11 22:53:25,480,787,85,515,432,782,783
2016-04-11 22:53:26,484,788,85,515,431,782,783
2016-04-11 22:53:27,488,789,85,515,431,782,783
2016-04-11 22:53:28,492,790,85,514,431,782,783
2016-04-11 22:53:29,494,791,85,514,431,782,782
2016-04-11 22:53:30,495,792,85,514,431,782,783
2016-04-11 22:53:31,499,793,85,514,430,782,782
2016-04-11 22:53:32,501,794,85,514,430,782,783
2016-04-11 22:53:33,502,795,85,514,430,782,782
2016-04-11 22:53:34,506,796,85,513,430,782,782
2016-04-11 22:53:35,510,797,85,513,430,782,782
2016-04-11 22:53:36,515,798,85,513,430,782,782
2016-04-11 22:53:37,519,799,85,513,429,782,783
2016-04-11 22:53:38,523,800,85,513,429,782,782
2016-04-11 22:53:39,527,801,85,513,429,782,782
2016-04-11 22:53:40,531,802,85,513,429,782,782
2016-04-11 22:53:41,533,803,85,513,428,782,783
2016-04-11 22:53:42,534,804,85,512,428,782,782
2016-04-11 22:53:43,538,806,85,512,428,782,782
2016-04-11 22:53:44,540,807,85,512,428,782,783
2016-04-11 22:53:45,544,808,85,512,428,782,783
2016-04-11 22:53:46,547,809,85,511,427,782,782
2016-04-11 22:53:47,549,810,85,511,427,782,783
2016-04-11 22:53:48,553,811,85,511,427,782,783
2016-04-11 22:53:49,558,812,85,511,427,782,782
2016-04-11 22:53:50,562,813,85,511,427,782,783
2016-04-11 22:53:51,566,814,85,511,426,782,782
2016-04-11 22:53:52,571,815,85,510,426,782,783
2016-04-11 22:53:53,575,816,85,510,426,782,783
2016-04-11 22:53:54,579,817,85,510,426,782,783
2016-04-11 22:53:55,583,818,85,510,426,782,783
2016-04-11 22:53:56,587,819,85,510,426,781,782
2016-04-11 22:53:57,593,820,85,510,426,782,782
2016-04-11 22:53:58,596,821,85,509,425,782,783
2016-04-11 22:53:59,600,822,85,509,425,782,783
2016-04-11 22:54:00,604,823,85,509,425,782,783
2016-04-11 22:54:01,609,824,85,509,425,782,782
2016-04-11 22:54:02,613,825,85,509,425,782,783
2016-04-11 22:54:03,617,826,85,508,425,781,782
2016-04-11 22:54:04,621,827,85,508,425,782,783
2016-04-11 22:54:05,626,828,85,508,424,781,782
2016-04-11 22:54:06,629,829,85,508,424,782,782
