2016-04-11 21:23:29,550,coffee,datetime,ms,seconds,ambient_temp,thermocouple_0_temp,thermocouple_1_temp,thermocouple_2_temp,thermocouple_3_temp
2016-04-11 21:23:31,610,2,79,459,411,784,785
2016-04-11 21:23:32,615,3,79,453,406,784,785
2016-04-11 21:23:33,616,4,79,445,401,784,785
2016-04-11 21:23:34,620,5,79,435,395,784,785
2016-04-11 21:23:35,624,6,79,425,389,784,785
2016-04-11 21:23:36,626,7,79,415,385,784,785
2016-04-11 21:23:37,630,8,79,405,383,784,784
2016-04-11 21:23:38,632,9,79,396,381,784,785
2016-04-11 21:23:39,637,10,79,389,379,784,785
2016-04-11 21:23:40,640,11,79,380,377,784,785
2016-04-11 21:23:41,645,12,79,372,376,784,785
2016-04-11 21:23:42,648,13,79,365,374,784,785
2016-04-11 21:23:43,652,14,79,358,373,784,785
2016-04-11 21:23:44,656,15,79,351,372,784,785
2016-04-11 21:23:45,660,16,79,345,370,784,785
2016-04-11 21:23:46,664,17,79,338,369,784,785
2016-04-11 21:23:47,669,18,79,332,368,784,785
2016-04-11 21:23:48,674,19,79,327,367,784,785
2016-04-11 21:23:49,678,20,79,321,366,784,785
2016-04-11 21:23:50,682,21,79,315,365,784,785
2016-04-11 21:23:51,686,22,79,311,364,784,785
2016-04-11 21:23:52,690,23,79,306,363,784,785
2016-04-11 21:23:53,695,24,79,302,362,784,785
2016-04-11 21:23:54,698,25,79,297,361,784,785
2016-04-11 21:23:55,703,26,79,293,361,784,785
2016-04-11 21:23:56,707,27,79,289,360,784,784
2016-04-11 21:23:57,712,28,79,285,359,784,784
2016-04-11 21:23:58,715,29,79,282,358,784,785
2016-04-11 21:23:59,720,30,79,278,358,784,785
2016-04-11 21:24:00,725,31,79,275,357,784,784
2016-04-11 21:24:01,728,32,79,272,357,784,785
2016-04-11 21:24:02,733,33,79,269,356,784,785
2016-04-11 21:24:03,737,34,79,265,356,784,785
2016-04-11 21:24:04,741,35,79,262,356,784,785
2016-04-11 21:24:05,745,36,79,260,355,784,784
2016-04-11 21:24:06,750,37,79,257,355,784,785
2016-04-11 21:24:07,754,38,79,255,354,784,784
2016-04-11 21:24:08,758,39,79,253,354,784,785
2016-04-11 21:24:09,762,40,79,251,354,784,785
2016-04-11 21:24:10,766,41,79,248,353,784,784
2016-04-11 21:24:11,771,42,79,246,353,784,785
2016-04-11 21:24:12,775,43,79,244,353,784,784
2016-04-11 21:24:13,779,44,79,243,353,784,785
2016-04-11 21:24:14,783,45,79,241,352,784,785
2016-04-11 21:24:15,787,46,79,240,352,784,785
2016-04-11 21:24:16,792,47,79,238,352,784,784
2016-04-11 21:24:17,796,48,79,237,352,784,785
2016-04-11 21:24:18,800,49,79,236,352,784,784
2016-04-11 21:24:19,804,50,79,234,352,784,784
2016-04-11 21:24:20,809,51,79,233,352,784,784
2016-04-11 21:24:21,813,52,79,232,352,784,785
2016-04-11 21:24:22,817,53,79,231,351,784,784
2016-04-11 21:24:23,821,54,79,230,351,784,784
2016-04-11 21:24:24,826,55,79,229,351,784,784
2016-04-11 21:24:25,830,56,79,228,351,784,785
2016-04-11 21:24:26,834,57,79,227,351,784,784
2016-04-11 21:24:27,839,58,79,227,351,784,785
2016-04-11 21:24:28,843,59,79,226,351,784,784
2016-04-11 21:24:29,847,60,79,225,351,784,784
2016-04-11 21:24:30,851,61,79,225,351,784,784
2016-04-11 21:24:31,855,62,79,224,351,784,784
2016-04-11 21:24:32,859,63,79,224,351,784,784
2016-04-11 21:24:33,864,64,79,224,351,784,784
2016-04-11 21:24:34,868,65,79,223,351,784,784
2016-04-11 21:24:35,872,66,79,223,351,784,784
2016-04-11 21:24:36,876,67,79,223,351,784,784
2016-04-11 21:24:37,880,68,79,223,351,784,784
2016-04-11 21:24:38,885,69,79,222,351,784,784
2016-04-11 21:24:39,889,70,79,222,351,784,784
2016-04-11 21:24:40,891,71,79,222,351,784,784
2016-04-11 21:24:41,892,72,79,222,352,784,784
2016-04-11 21:24:42,896,73,79,222,353,784,784
2016-04-11 21:24:43,900,74,79,222,354,784,784
2016-04-11 21:24:44,905,75,79,222,355,784,784
2016-04-11 21:24:45,909,76,79,222,356,784,784
2016-04-11 21:24:46,913,77,79,222,356,784,784
2016-04-11 21:24:47,917,78,79,223,357,784,784
2016-04-11 21:24:48,921,79,79,223,358,784,784
2016-04-11 21:24:49,926,80,79,223,359,784,784
2016-04-11 21:24:50,930,81,79,223,360,784,784
2016-04-11 21:24:51,934,82,79,223,360,784,784
2016-04-11 21:24:52,939,83,79,224,361,784,784
2016-04-11 21:24:53,942,84,79,224,362,784,784
2016-04-11 21:24:54,947,85,79,224,362,784,784
2016-04-11 21:24:55,951,86,79,225,363,784,784
2016-04-11 21:24:56,955,87,79,225,364,784,784
2016-04-11 21:24:57,959,88,79,225,365,784,784
2016-04-11 21:24:58,964,89,79,226,366,784,784
2016-04-11 21:24:59,968,90,79,226,366,784,784
2016-04-11 21:25:00,972,91,79,227,367,784,784
2016-04-11 21:25:01,976,92,79,227,367,784,784
2016-04-11 21:25:02,980,93,79,228,368,784,784
2016-04-11 21:25:03,982,94,79,228,369,784,784
2016-04-11 21:25:04,984,95,79,229,369,784,784
2016-04-11 21:25:05,984,96,79,229,370,784,784
2016-04-11 21:25:06,990,97,79,230,370,784,784
2016-04-11 21:25:07,993,98,79,230,371,784,784
2016-04-11 21:25:08,998,99,79,231,371,784,784
2016-04-11 21:25:09,999,100,79,231,372,784,784
2016-04-11 21:25:11,003,101,79,232,372,784,784
2016-04-11 21:25:12,007,102,79,232,373,784,784
2016-04-11 21:25:13,011,103,79,233,374,784,784
2016-04-11 21:25:14,016,104,79,234,374,784,784
2016-04-11 21:25:15,020,105,79,234,374,784,784
2016-04-11 21:25:16,024,106,79,235,375,784,784
2016-04-11 21:25:17,028,107,79,236,375,784,784
2016-04-11 21:25:18,032,108,79,236,376,784,784
2016-04-11 21:25:19,036,109,79,237,376,784,784
2016-04-11 21:25:20,041,110,79,237,376,784,784
2016-04-11 21:25:21,046,111,79,238,377,784,784
2016-04-11 21:25:22,050,112,79,239,377,784,784
2016-04-11 21:25:23,054,113,79,240,378,784,784
2016-04-11 21:25:24,058,114,79,240,378,784,784
2016-04-11 21:25:25,062,115,79,241,378,784,784
2016-04-11 21:25:26,066,116,79,242,379,784,784
2016-04-11 21:25:27,071,117,79,242,379,784,784
2016-04-11 21:25:28,075,118,79,243,380,784,784
2016-04-11 21:25:29,079,119,79,244,380,784,784
2016-04-11 21:25:30,083,120,79,244,380,784,784
2016-04-11 21:25:31,088,121,79,245,381,784,784
2016-04-11 21:25:32,092,122,79,246,381,784,784
2016-04-11 21:25:33,096,123,79,247,381,784,784
2016-04-11 21:25:34,100,124,79,248,382,784,784
2016-04-11 21:25:35,105,125,79,248,382,784,784
2016-04-11 21:25:36,109,126,79,249,383,784,784
2016-04-11 21:25:37,113,127,79,250,383,784,784
2016-04-11 21:25:38,117,128,79,251,383,784,784
2016-04-11 21:25:39,121,129,79,252,384,784,784
2016-04-11 21:25:40,125,130,79,252,384,784,784
2016-04-11 21:25:41,130,131,79,253,384,784,784
2016-04-11 21:25:42,134,132,79,254,385,784,784
2016-04-11 21:25:43,138,133,79,255,385,784,784
2016-04-11 21:25:44,142,134,79,256,385,784,784
2016-04-11 21:25:45,147,135,79,256,386,784,784
2016-04-11 21:25:46,151,136,79,257,386,784,784
2016-04-11 21:25:47,155,137,79,258,387,784,784
2016-04-11 21:25:48,159,138,79,259,387,784,784
2016-04-11 21:25:49,163,139,79,260,387,784,784
2016-04-11 21:25:50,168,140,79,260,388,784,784
2016-04-11 21:25:51,172,141,79,261,388,784,784
2016-04-11 21:25:52,176,142,79,262,388,784,784
2016-04-11 21:25:53,181,143,79,263,388,784,784
2016-04-11 21:25:54,185,144,79,263,389,784,784
2016-04-11 21:25:55,189,145,79,264,389,784,784
2016-04-11 21:25:56,193,146,79,265,389,784,784
2016-04-11 21:25:57,198,147,79,266,390,784,784
2016-04-11 21:25:58,202,148,79,267,390,784,784
2016-04-11 21:25:59,206,149,79,268,390,784,784
2016-04-11 21:26:00,210,150,79,268,391,784,784
2016-04-11 21:26:01,215,151,79,269,391,784,784
2016-04-11 21:26:02,219,152,79,270,391,784,784
2016-04-11 21:26:03,223,153,79,271,392,784,784
2016-04-11 21:26:04,227,154,79,272,392,784,784
2016-04-11 21:26:05,232,155,79,272,392,784,784
2016-04-11 21:26:06,236,156,79,273,393,784,784
2016-04-11 21:26:07,240,157,79,274,393,784,784
2016-04-11 21:26:08,244,158,79,275,393,784,784
2016-04-11 21:26:09,248,159,79,275,394,784,784
2016-04-11 21:26:10,253,160,79,276,394,784,784
2016-04-11 21:26:11,257,161,79,277,394,784,784
2016-04-11 21:26:12,261,162,79,278,394,784,784
2016-04-11 21:26:13,265,163,79,278,395,784,784
2016-04-11 21:26:14,269,164,79,279,395,784,784
2016-04-11 21:26:15,274,165,79,280,395,784,784
2016-04-11 21:26:16,278,166,79,281,395,784,784
2016-04-11 21:26:17,282,167,79,282,396,784,784
2016-04-11 21:26:18,284,168,79,283,396,784,784
2016-04-11 21:26:19,285,169,79,284,396,784,784
2016-04-11 21:26:20,289,170,79,284,397,784,784
2016-04-11 21:26:21,294,171,79,285,397,784,784
2016-04-11 21:26:22,298,172,79,286,397,784,784
2016-04-11 21:26:23,300,173,79,287,398,784,784
2016-04-11 21:26:24,300,174,79,288,398,784,784
2016-04-11 21:26:25,304,175,79,288,398,784,784
2016-04-11 21:26:26,309,176,79,289,399,784,784
2016-04-11 21:26:27,313,177,79,290,399,784,784
2016-04-11 21:26:28,317,178,79,291,399,784,784
2016-04-11 21:26:29,321,179,79,291,399,784,784
2016-04-11 21:26:30,326,180,79,292,400,784,784
2016-04-11 21:26:31,330,181,79,293,400,784,784
2016-04-11 21:26:32,332,182,79,294,400,784,784
2016-04-11 21:26:33,335,183,79,294,401,784,784
2016-04-11 21:26:34,340,184,79,295,401,784,784
2016-04-11 21:26:35,341,185,79,296,401,784,784
2016-04-11 21:26:36,345,186,79,297,402,784,784
2016-04-11 21:26:37,349,187,79,297,402,784,784
2016-04-11 21:26:38,354,188,79,298,402,784,784
2016-04-11 21:26:39,356,189,79,299,402,784,784
2016-04-11 21:26:40,358,190,79,300,403,784,784
2016-04-11 21:26:41,362,191,79,301,403,784,784
2016-04-11 21:26:42,365,192,79,302,403,784,784
2016-04-11 21:26:43,369,193,79,302,403,784,784
2016-04-11 21:26:44,371,194,79,303,404,784,784
2016-04-11 21:26:45,372,195,79,304,404,784,784
2016-04-11 21:26:46,376,196,79,305,404,784,784
2016-04-11 21:26:47,380,197,79,305,404,784,784
2016-04-11 21:26:48,384,198,79,306,404,784,784
2016-04-11 21:26:49,388,199,79,307,404,784,784
2016-04-11 21:26:50,393,200,80,308,405,784,784
2016-04-11 21:26:51,397,201,79,308,405,784,784
2016-04-11 21:26:52,402,202,80,309,405,784,784
2016-04-11 21:26:53,405,203,79,310,405,784,784
2016-04-11 21:26:54,410,204,79,311,406,784,784
2016-04-11 21:26:55,414,205,80,311,406,784,784
2016-04-11 21:26:56,418,206,80,312,407,784,784
2016-04-11 21:26:57,423,207,80,313,407,784,784
2016-04-11 21:26:58,427,208,79,314,407,784,784
2016-04-11 21:26:59,432,209,80,314,407,784,784
2016-04-11 21:27:00,437,210,79,315,408,784,784
2016-04-11 21:27:01,442,211,79,316,408,784,784
2016-04-11 21:27:02,447,212,80,317,408,784,784
2016-04-11 21:27:03,448,213,80,317,408,784,784
2016-04-11 21:27:04,452,214,80,318,409,784,784
2016-04-11 21:27:05,457,215,80,319,409,784,784
2016-04-11 21:27:06,460,216,80,320,409,784,784
2016-04-11 21:27:07,465,217,79,320,410,784,784
2016-04-11 21:27:08,469,218,80,321,410,784,784
2016-04-11 21:27:09,471,219,80,322,410,784,784
2016-04-11 21:27:10,472,220,79,322,410,784,784
2016-04-11 21:27:11,477,221,80,323,411,784,784
2016-04-11 21:27:12,480,222,80,324,411,784,784
2016-04-11 21:27:13,485,223,80,325,411,784,784
2016-04-11 21:27:14,489,224,80,325,411,784,784
2016-04-11 21:27:15,494,225,80,326,411,784,784
2016-04-11 21:27:16,500,226,80,327,412,784,784
2016-04-11 21:27:17,505,227,80,327,412,784,784
2016-04-11 21:27:18,505,228,80,328,412,784,784
2016-04-11 21:27:19,510,229,80,329,413,784,784
2016-04-11 21:27:20,514,230,80,329,413,784,784
2016-04-11 21:27:21,518,231,80,330,413,784,784
2016-04-11 21:27:22,523,232,80,331,413,784,784
2016-04-11 21:27:23,527,233,80,332,414,784,784
2016-04-11 21:27:24,531,234,80,332,414,784,784
2016-04-11 21:27:25,535,235,80,333,414,784,784
2016-04-11 21:27:26,539,236,80,334,414,784,784
2016-04-11 21:27:27,543,237,80,334,415,784,784
2016-04-11 21:27:28,548,238,80,335,415,784,784
2016-04-11 21:27:29,552,240,80,336,415,784,784
2016-04-11 21:27:30,557,241,80,336,415,784,784
2016-04-11 21:27:31,561,242,80,337,416,784,784
2016-04-11 21:27:32,565,243,80,338,416,784,784
2016-04-11 21:27:33,569,244,80,338,416,784,784
2016-04-11 21:27:34,573,245,80,339,416,784,784
2016-04-11 21:27:35,577,246,80,340,416,784,784
2016-04-11 21:27:36,582,247,80,340,417,784,784
2016-04-11 21:27:37,586,248,80,341,417,784,784
2016-04-11 21:27:38,590,249,80,342,417,784,784
2016-04-11 21:27:39,595,250,80,342,417,784,784
2016-04-11 21:27:40,599,251,80,343,418,784,784
2016-04-11 21:27:41,603,252,80,344,418,784,784
2016-04-11 21:27:42,607,253,80,344,418,784,784
2016-04-11 21:27:43,611,254,80,345,418,784,784
2016-04-11 21:27:44,616,255,80,345,419,784,784
2016-04-11 21:27:45,620,256,80,346,419,784,784
2016-04-11 21:27:46,624,257,80,347,419,784,784
2016-04-11 21:27:47,628,258,80,347,419,784,784
2016-04-11 21:27:48,633,259,80,348,420,784,784
2016-04-11 21:27:49,637,260,80,349,420,784,784
2016-04-11 21:27:50,641,261,80,349,420,784,784
2016-04-11 21:27:51,646,262,80,350,420,784,784
2016-04-11 21:27:52,649,263,80,351,420,784,784
2016-04-11 21:27:53,654,264,80,351,421,784,784
2016-04-11 21:27:54,658,265,80,352,421,784,784
2016-04-11 21:27:55,663,266,80,352,421,784,784
2016-04-11 21:27:56,666,267,80,353,421,784,784
2016-04-11 21:27:57,671,268,80,354,422,784,784
2016-04-11 21:27:58,675,269,80,354,422,784,784
2016-04-11 21:27:59,679,270,80,355,422,784,784
2016-04-11 21:28:00,683,271,80,355,422,784,784
2016-04-11 21:28:01,688,272,80,356,423,784,784
2016-04-11 21:28:02,692,273,80,357,423,783,784
2016-04-11 21:28:03,696,274,80,357,423,784,784
2016-04-11 21:28:04,700,275,80,358,423,783,784
2016-04-11 21:28:05,704,276,80,358,423,784,784
2016-04-11 21:28:06,709,277,80,359,423,784,784
2016-04-11 21:28:07,713,278,80,360,424,784,784
2016-04-11 21:28:08,717,279,80,360,424,784,784
2016-04-11 21:28:09,721,280,80,361,424,783,784
2016-04-11 21:28:10,725,281,80,362,424,784,784
2016-04-11 21:28:11,730,282,80,362,424,784,784
2016-04-11 21:28:12,734,283,80,363,424,784,784
2016-04-11 21:28:13,739,284,80,363,425,784,784
2016-04-11 21:28:14,743,285,80,364,425,784,784
2016-04-11 21:28:15,747,286,80,364,425,784,784
2016-04-11 21:28:16,751,287,80,365,425,784,784
2016-04-11 21:28:17,756,288,80,365,426,784,784
2016-04-11 21:28:18,760,289,80,366,426,784,784
2016-04-11 21:28:19,764,290,80,367,426,784,784
2016-04-11 21:28:20,768,291,80,367,426,783,784
2016-04-11 21:28:21,772,292,80,368,426,783,784
2016-04-11 21:28:22,776,293,80,369,426,784,784
2016-04-11 21:28:23,781,294,80,369,427,784,784
2016-04-11 21:28:24,785,295,80,370,427,784,784
2016-04-11 21:28:25,789,296,80,370,427,784,784
2016-04-11 21:28:26,794,297,80,371,427,784,784
2016-04-11 21:28:27,794,298,80,372,427,784,784
2016-04-11 21:28:28,800,299,80,372,427,783,784
2016-04-11 21:28:29,800,300,80,373,428,784,784
2016-04-11 21:28:30,805,301,80,373,428,784,784
2016-04-11 21:28:31,809,302,80,374,428,784,784
2016-04-11 21:28:32,813,303,80,374,428,784,784
2016-04-11 21:28:33,817,304,80,375,429,784,784
2016-04-11 21:28:34,821,305,80,375,429,784,784
2016-04-11 21:28:35,826,306,80,376,429,784,784
2016-04-11 21:28:36,830,307,80,377,429,784,784
2016-04-11 21:28:37,834,308,80,377,430,784,784
2016-04-11 21:28:38,838,309,80,378,430,784,784
2016-04-11 21:28:39,843,310,80,378,430,784,784
2016-04-11 21:28:40,847,311,80,379,430,784,784
2016-04-11 21:28:41,851,312,80,379,431,784,784
2016-04-11 21:28:42,855,313,80,380,431,783,784
2016-04-11 21:28:43,857,314,80,381,431,783,784
2016-04-11 21:28:44,858,315,80,381,431,784,784
2016-04-11 21:28:45,862,316,80,382,432,784,784
2016-04-11 21:28:46,867,317,80,382,432,784,784
2016-04-11 21:28:47,871,318,80,383,432,784,784
2016-04-11 21:28:48,875,319,80,383,432,784,784
2016-04-11 21:28:49,879,320,80,384,432,784,784
2016-04-11 21:28:50,881,321,80,384,433,784,784
2016-04-11 21:28:51,886,322,80,385,433,784,784
2016-04-11 21:28:52,891,323,80,385,433,783,784
2016-04-11 21:28:53,896,324,80,386,433,783,784
2016-04-11 21:28:54,900,325,80,386,433,783,784
2016-04-11 21:28:55,905,326,80,387,433,784,784
2016-04-11 21:28:56,909,327,80,387,433,784,784
2016-04-11 21:28:57,913,328,80,388,434,784,784
2016-04-11 21:28:58,917,329,80,388,434,784,784
2016-04-11 21:28:59,921,330,80,389,434,784,784
2016-04-11 21:29:00,926,331,80,390,434,784,784
2016-04-11 21:29:01,931,332,80,390,435,784,784
2016-04-11 21:29:02,934,333,80,390,435,784,784
2016-04-11 21:29:03,938,334,80,391,435,784,784
2016-04-11 21:29:04,943,335,80,392,436,784,784
2016-04-11 21:29:05,947,336,80,392,436,784,784
2016-04-11 21:29:06,951,337,80,393,436,783,784
2016-04-11 21:29:07,956,338,80,393,436,783,784
2016-04-11 21:29:08,960,339,80,394,436,783,784
2016-04-11 21:29:09,964,340,80,394,436,784,784
2016-04-11 21:29:10,966,341,80,395,437,784,784
2016-04-11 21:29:11,966,342,80,395,437,784,784
2016-04-11 21:29:12,971,343,80,396,437,784,784
2016-04-11 21:29:13,975,344,80,396,437,784,784
2016-04-11 21:29:14,979,345,80,397,437,784,784
2016-04-11 21:29:15,981,346,80,397,438,784,784
2016-04-11 21:29:16,982,347,80,398,438,784,784
2016-04-11 21:29:17,986,348,80,398,438,783,784
2016-04-11 21:29:18,990,349,80,399,438,784,784
2016-04-11 21:29:19,995,350,80,399,438,784,784
2016-04-11 21:29:20,999,351,80,400,438,783,784
2016-04-11 21:29:22,003,352,80,400,439,784,784
2016-04-11 21:29:23,007,353,80,401,439,784,784
2016-04-11 21:29:24,012,354,80,401,439,784,784
2016-04-11 21:29:25,017,355,80,402,439,784,784
2016-04-11 21:29:26,020,356,80,402,439,784,784
2016-04-11 21:29:27,024,357,80,403,439,784,784
2016-04-11 21:29:28,028,358,80,403,439,784,784
2016-04-11 21:29:29,033,359,80,404,440,784,784
2016-04-11 21:29:30,037,360,80,404,440,784,784
2016-04-11 21:29:31,039,361,80,405,440,784,784
2016-04-11 21:29:32,043,362,80,405,440,784,784
2016-04-11 21:29:33,047,363,80,406,441,784,784
2016-04-11 21:29:34,048,364,80,406,441,784,784
2016-04-11 21:29:35,052,365,80,407,441,784,784
2016-04-11 21:29:36,057,366,80,407,441,784,784
2016-04-11 21:29:37,061,367,80,408,441,784,784
2016-04-11 21:29:38,065,368,80,408,442,784,784
2016-04-11 21:29:39,069,369,80,409,442,784,784
2016-04-11 21:29:40,073,370,80,409,442,784,784
2016-04-11 21:29:41,077,371,80,410,442,784,784
2016-04-11 21:29:42,082,372,80,410,442,784,784
2016-04-11 21:29:43,086,373,80,411,442,784,784
2016-04-11 21:29:44,090,374,80,411,442,784,784
2016-04-11 21:29:45,095,375,80,412,443,784,784
2016-04-11 21:29:46,099,376,80,412,443,784,784
2016-04-11 21:29:47,100,377,80,413,443,783,784
2016-04-11 21:29:48,106,378,80,414,444,784,784
2016-04-11 21:29:49,111,379,80,414,444,784,784
2016-04-11 21:29:50,116,380,80,415,444,784,784
2016-04-11 21:29:51,120,381,80,415,444,784,784
2016-04-11 21:29:52,124,382,80,415,445,784,784
2016-04-11 21:29:53,128,383,80,416,445,784,784
2016-04-11 21:29:54,133,384,80,416,445,784,784
2016-04-11 21:29:55,137,385,80,417,445,784,784
2016-04-11 21:29:56,141,386,80,418,445,784,784
2016-04-11 21:29:57,145,387,80,418,445,784,784
2016-04-11 21:29:58,149,388,80,419,446,784,784
2016-04-11 21:29:59,154,389,80,419,446,784,784
2016-04-11 21:30:00,158,390,80,419,446,784,784
2016-04-11 21:30:01,162,391,80,420,446,784,784
2016-04-11 21:30:02,167,392,80,421,446,784,784
2016-04-11 21:30:03,171,393,80,421,447,783,784
2016-04-11 21:30:04,175,394,80,422,447,784,784
2016-04-11 21:30:05,179,395,80,422,447,784,784
2016-04-11 21:30:06,184,396,80,423,447,784,784
2016-04-11 21:30:07,188,397,80,423,447,784,784
2016-04-11 21:30:08,192,398,80,424,448,784,784
2016-04-11 21:30:09,196,399,80,424,448,783,784
2016-04-11 21:30:10,201,400,80,424,448,784,784
2016-04-11 21:30:11,205,401,80,425,448,784,784
2016-04-11 21:30:12,209,402,80,425,448,784,784
2016-04-11 21:30:13,213,403,80,426,448,784,784
2016-04-11 21:30:14,217,404,80,426,449,784,784
2016-04-11 21:30:15,222,405,80,427,449,784,784
2016-04-11 21:30:16,225,406,80,427,449,784,784
2016-04-11 21:30:17,230,407,80,428,449,784,784
2016-04-11 21:30:18,234,408,80,428,450,784,784
2016-04-11 21:30:19,239,409,80,429,450,783,784
2016-04-11 21:30:20,243,410,80,429,450,784,784
2016-04-11 21:30:21,247,411,80,430,450,784,784
2016-04-11 21:30:22,253,412,80,430,450,784,784
2016-04-11 21:30:23,258,413,80,431,450,784,784
2016-04-11 21:30:24,260,414,80,431,451,784,784
2016-04-11 21:30:25,261,415,80,431,451,784,784
2016-04-11 21:30:26,266,416,80,432,451,784,784
2016-04-11 21:30:27,267,417,80,432,451,784,784
2016-04-11 21:30:28,271,418,80,433,451,783,784
2016-04-11 21:30:29,275,419,80,433,451,784,784
2016-04-11 21:30:30,279,420,80,434,452,784,784
2016-04-11 21:30:31,283,421,80,434,452,783,784
2016-04-11 21:30:32,288,422,80,435,452,783,784
2016-04-11 21:30:33,292,423,80,435,452,784,784
2016-04-11 21:30:34,296,424,80,436,453,783,784
2016-04-11 21:30:35,300,425,80,436,453,784,784
2016-04-11 21:30:36,304,426,80,437,453,784,784
2016-04-11 21:30:37,309,427,80,437,453,783,784
2016-04-11 21:30:38,313,428,80,438,454,784,784
2016-04-11 21:30:39,317,429,80,438,454,784,784
2016-04-11 21:30:40,322,430,80,439,454,783,784
2016-04-11 21:30:41,326,431,80,439,454,784,784
2016-04-11 21:30:42,333,432,80,440,455,784,784
2016-04-11 21:30:43,334,433,80,440,455,783,784
2016-04-11 21:30:44,339,434,80,440,455,784,784
2016-04-11 21:30:45,340,435,80,441,455,784,784
2016-04-11 21:30:46,345,436,80,441,455,783,784
2016-04-11 21:30:47,349,437,80,442,455,784,784
2016-04-11 21:30:48,351,438,80,442,455,783,784
2016-04-11 21:30:49,356,439,80,443,455,783,784
2016-04-11 21:30:50,358,440,80,443,455,783,784
2016-04-11 21:30:51,363,441,80,444,455,783,784
2016-04-11 21:30:52,367,442,80,444,456,783,784
2016-04-11 21:30:53,371,443,80,445,456,783,784
2016-04-11 21:30:54,376,444,80,445,456,783,784
2016-04-11 21:30:55,381,445,80,446,456,783,784
2016-04-11 21:30:56,383,446,80,446,457,783,784
2016-04-11 21:30:57,388,447,80,447,457,783,784
2016-04-11 21:30:58,393,448,80,447,457,783,784
2016-04-11 21:30:59,398,449,80,448,457,784,784
2016-04-11 21:31:00,400,450,80,448,458,783,784
2016-04-11 21:31:01,405,451,80,449,458,783,784
2016-04-11 21:31:02,409,452,80,449,458,783,784
2016-04-11 21:31:03,413,453,80,449,458,783,784
2016-04-11 21:31:04,417,454,80,450,458,783,784
2016-04-11 21:31:05,422,455,80,450,459,783,784
2016-04-11 21:31:06,426,456,80,451,459,783,784
2016-04-11 21:31:07,430,457,80,451,459,783,784
2016-04-11 21:31:08,434,458,80,452,459,784,784
2016-04-11 21:31:09,438,459,80,452,459,783,784
2016-04-11 21:31:10,443,460,80,453,460,784,784
2016-04-11 21:31:11,447,461,80,453,460,783,784
2016-04-11 21:31:12,451,462,80,454,460,784,784
2016-04-11 21:31:13,455,463,80,454,460,784,784
2016-04-11 21:31:14,460,464,80,454,461,783,784
2016-04-11 21:31:15,464,465,80,455,461,783,784
2016-04-11 21:31:16,468,466,80,455,461,784,784
2016-04-11 21:31:17,472,467,80,456,461,783,784
2016-04-11 21:31:18,477,468,80,456,461,783,784
2016-04-11 21:31:19,481,469,80,457,461,783,784
2016-04-11 21:31:20,485,470,80,457,462,783,784
2016-04-11 21:31:21,489,471,80,458,462,783,784
2016-04-11 21:31:22,494,472,80,458,462,783,784
2016-04-11 21:31:23,497,473,80,458,462,783,784
2016-04-11 21:31:24,502,474,80,459,463,783,784
2016-04-11 21:31:25,506,475,80,460,463,783,784
2016-04-11 21:31:26,512,476,80,460,463,783,784
2016-04-11 21:31:27,517,477,80,461,463,784,784
2016-04-11 21:31:28,519,478,80,461,463,783,784
2016-04-11 21:31:29,523,479,80,461,463,783,784
2016-04-11 21:31:30,527,480,80,462,464,784,784
2016-04-11 21:31:31,532,481,80,462,464,783,784
2016-04-11 21:31:32,536,482,80,463,464,783,784
2016-04-11 21:31:33,540,483,80,463,464,783,784
2016-04-11 21:31:34,544,484,80,464,464,783,784
2016-04-11 21:31:35,550,486,80,464,464,783,784
2016-04-11 21:31:36,553,487,80,465,465,783,784
2016-04-11 21:31:37,557,488,80,465,465,783,784
2016-04-11 21:31:38,561,489,80,466,465,783,784
2016-04-11 21:31:39,562,490,80,466,465,783,784
2016-04-11 21:31:40,567,491,80,467,466,783,784
2016-04-11 21:31:41,573,492,80,467,466,783,784
2016-04-11 21:31:42,578,493,80,468,466,783,784
2016-04-11 21:31:43,583,494,80,468,466,784,784
2016-04-11 21:31:44,586,495,80,468,466,783,784
2016-04-11 21:31:45,591,496,80,469,467,783,784
2016-04-11 21:31:46,593,497,80,469,467,783,784
2016-04-11 21:31:47,594,498,80,470,467,783,784
2016-04-11 21:31:48,598,499,80,470,467,783,784
2016-04-11 21:31:49,602,500,80,471,468,783,784
2016-04-11 21:31:50,606,501,80,471,468,783,784
2016-04-11 21:31:51,610,502,80,472,468,783,784
2016-04-11 21:31:52,615,503,80,472,468,783,784
2016-04-11 21:31:53,619,504,80,473,468,783,784
2016-04-11 21:31:54,624,505,80,473,468,783,784
2016-04-11 21:31:55,627,506,80,474,468,783,784
2016-04-11 21:31:56,631,507,80,474,469,783,784
2016-04-11 21:31:57,636,508,80,475,469,783,784
2016-04-11 21:31:58,640,509,80,475,469,784,784
2016-04-11 21:31:59,644,510,80,475,469,783,784
2016-04-11 21:32:00,649,511,80,476,469,783,784
2016-04-11 21:32:01,653,512,80,477,469,783,784
2016-04-11 21:32:02,657,513,80,477,469,783,784
2016-04-11 21:32:03,661,514,80,477,470,783,784
2016-04-11 21:32:04,666,515,80,478,470,784,784
2016-04-11 21:32:05,670,516,80,478,470,783,784
2016-04-11 21:32:06,674,517,80,479,470,783,784
2016-04-11 21:32:07,678,518,80,479,470,783,784
2016-04-11 21:32:08,682,519,80,480,470,783,784
2016-04-11 21:32:09,687,520,80,480,470,783,784
2016-04-11 21:32:10,691,521,80,481,470,783,784
2016-04-11 21:32:11,695,522,80,481,470,783,784
2016-04-11 21:32:12,699,523,80,482,471,783,784
2016-04-11 21:32:13,703,524,80,482,471,783,784
2016-04-11 21:32:14,708,525,80,482,471,783,784
2016-04-11 21:32:15,712,526,80,483,471,783,784
2016-04-11 21:32:16,716,527,80,483,472,783,784
2016-04-11 21:32:17,720,528,80,484,472,783,784
2016-04-11 21:32:18,724,529,80,484,472,783,784
2016-04-11 21:32:19,729,530,80,485,472,783,784
2016-04-11 21:32:20,733,531,80,485,472,783,784
2016-04-11 21:32:21,737,532,80,486,473,783,784
2016-04-11 21:32:22,742,533,80,486,473,783,784
2016-04-11 21:32:23,746,534,80,487,473,783,784
2016-04-11 21:32:24,750,535,80,487,473,783,784
2016-04-11 21:32:25,754,536,80,488,474,783,784
2016-04-11 21:32:26,759,537,80,488,474,783,784
2016-04-11 21:32:27,760,538,80,489,474,783,784
2016-04-11 21:32:28,763,539,80,489,474,783,784
2016-04-11 21:32:29,768,540,80,490,474,783,784
2016-04-11 21:32:30,769,541,80,490,474,783,784
2016-04-11 21:32:31,774,542,80,491,474,783,784
2016-04-11 21:32:32,778,543,80,491,475,783,784
2016-04-11 21:32:33,783,544,80,492,475,783,784
2016-04-11 21:32:34,787,545,80,492,475,783,784
2016-04-11 21:32:35,791,546,80,493,475,783,784
2016-04-11 21:32:36,795,547,80,493,476,783,784
2016-04-11 21:32:37,799,548,80,494,476,783,784
2016-04-11 21:32:38,803,549,80,494,476,783,784
2016-04-11 21:32:39,808,550,80,494,476,783,784
2016-04-11 21:32:40,812,551,80,495,477,783,784
2016-04-11 21:32:41,816,552,80,496,477,783,784
2016-04-11 21:32:42,820,553,80,496,477,783,784
2016-04-11 21:32:43,824,554,80,496,477,783,784
2016-04-11 21:32:44,829,555,80,497,478,783,784
2016-04-11 21:32:45,833,556,80,497,478,783,784
2016-04-11 21:32:46,837,557,80,498,478,783,784
2016-04-11 21:32:47,842,558,80,498,478,783,784
2016-04-11 21:32:48,844,559,80,499,479,783,784
2016-04-11 21:32:49,848,560,80,499,479,783,784
2016-04-11 21:32:50,852,561,80,500,479,783,784
2016-04-11 21:32:51,853,562,80,500,479,783,784
2016-04-11 21:32:52,857,563,80,501,480,783,784
2016-04-11 21:32:53,859,564,80,501,480,783,784
2016-04-11 21:32:54,860,565,80,502,480,783,784
2016-04-11 21:32:55,864,566,80,502,480,783,784
2016-04-11 21:32:56,866,567,80,502,481,783,784
2016-04-11 21:32:57,867,568,80,503,481,783,784
2016-04-11 21:32:58,871,569,80,503,481,783,784
2016-04-11 21:32:59,873,570,80,504,481,783,784
2016-04-11 21:33:00,873,571,80,504,481,783,784
2016-04-11 21:33:01,878,572,80,504,482,783,784
2016-04-11 21:33:02,882,573,80,505,482,783,784
2016-04-11 21:33:03,886,574,80,505,482,783,784
2016-04-11 21:33:04,892,575,80,506,482,783,784
2016-04-11 21:33:05,897,576,80,506,482,783,784
2016-04-11 21:33:06,901,577,80,506,483,783,784
2016-04-11 21:33:07,905,578,80,507,483,783,784
2016-04-11 21:33:08,909,579,80,507,483,783,784
2016-04-11 21:33:09,914,580,80,508,483,783,784
2016-04-11 21:33:10,916,581,80,508,483,783,784
2016-04-11 21:33:11,920,582,80,509,484,783,784
2016-04-11 21:33:12,924,583,80,509,484,783,784
2016-04-11 21:33:13,928,584,80,510,484,783,784
2016-04-11 21:33:14,933,585,80,510,484,783,784
2016-04-11 21:33:15,937,586,80,510,484,783,784
2016-04-11 21:33:16,941,587,80,511,485,783,784
2016-04-11 21:33:17,945,588,80,511,485,783,784
2016-04-11 21:33:18,950,589,80,511,485,783,784
2016-04-11 21:33:19,950,590,80,512,485,783,784
2016-04-11 21:33:20,955,591,80,512,485,783,784
2016-04-11 21:33:21,957,592,80,513,485,783,784
2016-04-11 21:33:22,961,593,80,513,486,783,784
2016-04-11 21:33:23,963,594,80,513,486,783,784
2016-04-11 21:33:24,965,595,80,514,486,783,784
2016-04-11 21:33:25,970,596,80,514,486,783,784
2016-04-11 21:33:26,972,597,80,514,486,783,784
2016-04-11 21:33:27,975,598,80,515,485,783,784
2016-04-11 21:33:28,980,599,80,515,485,783,784
2016-04-11 21:33:29,985,600,80,516,485,783,784
2016-04-11 21:33:30,989,601,80,516,485,783,784
2016-04-11 21:33:31,993,602,80,516,485,783,784
2016-04-11 21:33:32,997,603,80,516,485,783,784
2016-04-11 21:33:34,001,604,80,516,485,783,784
2016-04-11 21:33:35,006,605,80,517,485,783,784
2016-04-11 21:33:36,010,606,80,517,485,783,784
2016-04-11 21:33:37,014,607,80,517,485,783,784
2016-04-11 21:33:38,018,608,80,518,485,783,784
2016-04-11 21:33:39,023,609,80,518,485,783,784
2016-04-11 21:33:40,027,610,80,518,485,783,784
2016-04-11 21:33:41,031,611,80,519,485,783,784
2016-04-11 21:33:42,035,612,80,519,485,783,784
2016-04-11 21:33:43,040,613,80,519,485,783,784
2016-04-11 21:33:44,044,614,80,520,485,783,784
2016-04-11 21:33:45,048,615,80,520,485,783,784
2016-04-11 21:33:46,053,616,80,520,485,783,784
2016-04-11 21:33:47,054,617,80,521,485,783,784
2016-04-11 21:33:48,060,618,80,521,485,783,784
2016-04-11 21:33:49,065,619,81,522,485,783,784
2016-04-11 21:33:50,069,620,80,522,485,783,784
2016-04-11 21:33:51,075,621,80,522,485,783,784
2016-04-11 21:33:52,080,622,80,522,485,783,784
2016-04-11 21:33:53,082,623,80,523,485,783,784
2016-04-11 21:33:54,086,624,80,523,485,783,784
2016-04-11 21:33:55,091,625,80,523,485,783,784
2016-04-11 21:33:56,094,626,80,524,485,783,784
2016-04-11 21:33:57,099,627,80,524,485,783,784
2016-04-11 21:33:58,103,628,80,525,485,783,784
2016-04-11 21:33:59,107,629,80,525,486,783,784
2016-04-11 21:34:00,112,630,80,526,485,783,784
2016-04-11 21:34:01,115,631,80,526,486,783,784
2016-04-11 21:34:02,120,632,80,526,486,783,784
2016-04-11 21:34:03,124,633,80,526,486,783,784
2016-04-11 21:34:04,128,634,80,527,486,783,784
2016-04-11 21:34:05,133,635,80,527,486,783,784
2016-04-11 21:34:06,137,636,80,527,486,783,784
2016-04-11 21:34:07,141,637,80,528,486,783,784
2016-04-11 21:34:08,145,638,80,528,486,783,784
2016-04-11 21:34:09,150,639,80,529,486,783,784
2016-04-11 21:34:10,154,640,80,529,486,783,784
2016-04-11 21:34:11,158,641,80,529,485,783,784
2016-04-11 21:34:12,163,642,80,529,485,783,784
2016-04-11 21:34:13,166,643,80,530,485,783,784
2016-04-11 21:34:14,171,644,80,530,485,783,784
2016-04-11 21:34:15,175,645,80,531,485,783,784
2016-04-11 21:34:16,179,646,80,531,484,783,784
2016-04-11 21:34:17,184,647,80,531,484,783,784
2016-04-11 21:34:18,188,648,80,532,484,783,784
2016-04-11 21:34:19,192,649,80,532,484,783,784
2016-04-11 21:34:20,196,650,81,533,484,783,784
2016-04-11 21:34:21,201,651,80,533,484,783,784
2016-04-11 21:34:22,204,652,81,533,484,783,784
2016-04-11 21:34:23,209,653,80,533,484,783,784
2016-04-11 21:34:24,213,654,81,534,484,783,784
2016-04-11 21:34:25,217,655,80,534,484,783,784
2016-04-11 21:34:26,222,656,81,535,483,783,784
2016-04-11 21:34:27,226,657,80,535,483,783,784
2016-04-11 21:34:28,230,658,81,535,483,783,784
2016-04-11 21:34:29,234,659,81,536,483,783,784
2016-04-11 21:34:30,239,660,81,536,482,783,784
2016-04-11 21:34:31,241,661,81,536,482,783,784
2016-04-11 21:34:32,245,662,80,537,482,783,784
2016-04-11 21:34:33,245,663,80,537,482,783,784
2016-04-11 21:34:34,247,664,80,537,482,783,784
2016-04-11 21:34:35,248,665,80,537,481,783,784
2016-04-11 21:34:36,252,666,81,538,481,783,784
2016-04-11 21:34:37,257,667,81,538,481,783,784
2016-04-11 21:34:38,261,668,81,539,482,783,784
2016-04-11 21:34:39,265,669,81,539,482,783,784
2016-04-11 21:34:40,269,670,81,539,482,783,784
2016-04-11 21:34:41,273,671,81,539,482,783,784
2016-04-11 21:34:42,278,672,81,540,482,783,784
2016-04-11 21:34:43,282,673,81,540,482,783,784
2016-04-11 21:34:44,286,674,80,540,482,783,784
2016-04-11 21:34:45,290,675,81,541,482,783,784
2016-04-11 21:34:46,294,676,81,541,482,783,784
2016-04-11 21:34:47,299,677,81,542,482,783,784
2016-04-11 21:34:48,303,678,81,542,482,783,784
2016-04-11 21:34:49,307,679,81,542,482,783,784
2016-04-11 21:34:50,312,680,81,543,482,783,784
2016-04-11 21:34:51,316,681,81,543,482,783,784
2016-04-11 21:34:52,320,682,81,544,482,783,784
2016-04-11 21:34:53,324,683,81,544,482,783,784
2016-04-11 21:34:54,327,684,81,544,482,783,784
2016-04-11 21:34:55,330,685,81,545,482,783,784
2016-04-11 21:34:56,331,686,81,545,482,783,784
2016-04-11 21:34:57,336,687,81,545,482,783,784
2016-04-11 21:34:58,339,688,81,546,482,783,784
2016-04-11 21:34:59,344,689,81,546,482,783,784
2016-04-11 21:35:00,348,690,81,546,482,783,784
2016-04-11 21:35:01,352,691,81,547,482,783,784
2016-04-11 21:35:02,357,692,81,547,482,783,784
2016-04-11 21:35:03,361,693,81,548,482,783,784
2016-04-11 21:35:04,366,694,81,548,482,783,784
2016-04-11 21:35:05,371,695,81,548,482,783,784
2016-04-11 21:35:06,374,696,81,548,482,783,784
2016-04-11 21:35:07,377,697,81,549,482,783,784
2016-04-11 21:35:08,382,698,81,549,482,783,784
2016-04-11 21:35:09,386,699,81,550,482,783,784
2016-04-11 21:35:10,390,700,81,550,482,783,784
2016-04-11 21:35:11,395,701,81,550,481,783,784
2016-04-11 21:35:12,399,702,81,550,481,783,784
2016-04-11 21:35:13,403,703,81,551,481,783,784
2016-04-11 21:35:14,407,704,81,551,481,783,784
2016-04-11 21:35:15,411,705,81,552,481,783,784
2016-04-11 21:35:16,416,706,81,552,481,783,784
2016-04-11 21:35:17,420,707,81,552,480,783,784
2016-04-11 21:35:18,425,708,81,553,480,783,784
2016-04-11 21:35:19,429,709,81,553,479,783,784
2016-04-11 21:35:20,433,710,81,553,479,783,784
2016-04-11 21:35:21,437,711,81,554,478,783,784
2016-04-11 21:35:22,439,712,81,554,478,783,784
2016-04-11 21:35:23,443,713,81,554,478,783,784
2016-04-11 21:35:24,447,714,81,555,477,783,784
2016-04-11 21:35:25,448,715,81,555,477,783,784
2016-04-11 21:35:26,452,716,81,556,477,783,784
2016-04-11 21:35:27,457,717,81,556,476,783,784
2016-04-11 21:35:28,461,718,81,556,476,783,784
2016-04-11 21:35:29,465,719,81,556,475,783,784
2016-04-11 21:35:30,469,720,81,557,475,783,784
2016-04-11 21:35:31,474,721,81,557,475,783,784
2016-04-11 21:35:32,477,722,81,558,474,783,784
2016-04-11 21:35:33,482,723,81,558,474,783,784
2016-04-11 21:35:34,486,724,81,558,474,783,784
2016-04-11 21:35:35,488,725,81,558,473,783,784
2016-04-11 21:35:36,489,726,81,559,473,783,784
2016-04-11 21:35:37,493,727,81,559,473,783,784
2016-04-11 21:35:38,497,728,81,560,473,783,784
2016-04-11 21:35:39,502,729,81,560,472,783,784
2016-04-11 21:35:40,506,730,81,560,472,783,784
2016-04-11 21:35:41,510,731,81,560,472,783,784
2016-04-11 21:35:42,514,732,81,561,472,783,784
2016-04-11 21:35:43,518,733,81,561,472,783,784
2016-04-11 21:35:44,523,734,81,561,471,783,784
2016-04-11 21:35:45,527,735,81,561,471,783,784
2016-04-11 21:35:46,531,736,81,562,471,783,784
2016-04-11 21:35:47,536,737,81,562,471,783,784
2016-04-11 21:35:48,540,738,81,562,471,783,784
2016-04-11 21:35:49,544,739,81,563,470,783,784
2016-04-11 21:35:50,548,740,81,563,470,783,784
2016-04-11 21:35:51,552,742,81,563,470,783,784
2016-04-11 21:35:52,557,743,81,564,469,783,784
2016-04-11 21:35:53,561,744,81,564,469,783,784
2016-04-11 21:35:54,563,745,81,564,469,783,784
2016-04-11 21:35:55,565,746,81,564,469,783,784
2016-04-11 21:35:56,570,747,81,564,469,783,784
2016-04-11 21:35:57,572,748,81,565,469,783,784
2016-04-11 21:35:58,576,749,81,565,469,783,784
2016-04-11 21:35:59,580,750,81,565,468,783,784
2016-04-11 21:36:00,585,751,81,566,468,783,784
2016-04-11 21:36:01,589,752,81,566,468,783,784
2016-04-11 21:36:02,593,753,81,566,468,783,784
2016-04-11 21:36:03,597,754,81,566,468,783,784
2016-04-11 21:36:04,602,755,81,567,468,783,784
2016-04-11 21:36:05,606,756,81,567,468,783,784
2016-04-11 21:36:06,610,757,81,567,468,783,784
2016-04-11 21:36:07,614,758,81,567,468,783,784
2016-04-11 21:36:08,619,759,81,567,468,783,784
2016-04-11 21:36:09,622,760,81,568,468,783,784
2016-04-11 21:36:10,627,761,81,568,468,783,784
2016-04-11 21:36:11,631,762,81,568,468,783,784
2016-04-11 21:36:12,636,763,81,569,468,783,784
2016-04-11 21:36:13,640,764,81,569,468,783,784
2016-04-11 21:36:14,644,765,81,569,467,783,784
2016-04-11 21:36:15,648,766,81,569,467,783,784
2016-04-11 21:36:16,652,767,81,569,467,783,784
2016-04-11 21:36:17,657,768,81,569,467,783,784
2016-04-11 21:36:18,661,769,81,569,466,783,784
2016-04-11 21:36:19,665,770,81,570,466,783,784
2016-04-11 21:36:20,670,771,81,570,466,783,784
2016-04-11 21:36:21,673,772,81,570,466,783,784
2016-04-11 21:36:22,678,773,81,570,465,783,784
2016-04-11 21:36:23,682,774,81,570,465,783,784
2016-04-11 21:36:24,687,775,81,570,465,783,784
2016-04-11 21:36:25,688,776,81,571,465,783,784
2016-04-11 21:36:26,689,777,81,571,465,783,784
2016-04-11 21:36:27,693,778,81,571,465,783,784
2016-04-11 21:36:28,697,779,81,571,465,783,784
2016-04-11 21:36:29,701,780,81,571,465,783,784
2016-04-11 21:36:30,706,781,81,571,465,783,784
2016-04-11 21:36:31,710,782,81,572,465,783,784
2016-04-11 21:36:32,714,783,81,572,465,783,784
2016-04-11 21:36:33,719,784,81,572,465,783,784
2016-04-11 21:36:34,723,785,81,572,465,783,784
2016-04-11 21:36:35,727,786,81,571,465,783,784
2016-04-11 21:36:36,731,787,81,570,465,783,784
2016-04-11 21:36:37,736,788,81,568,464,783,784
2016-04-11 21:36:38,740,789,81,566,464,783,784
2016-04-11 21:36:39,744,790,81,564,463,783,784
2016-04-11 21:36:40,748,791,81,561,462,783,784
2016-04-11 21:36:41,752,792,81,559,461,783,784
2016-04-11 21:36:42,757,793,81,557,460,783,784
2016-04-11 21:36:43,761,794,81,555,459,783,784
2016-04-11 21:36:44,765,795,81,553,458,783,784
2016-04-11 21:36:45,769,796,81,553,458,783,784
2016-04-11 21:36:46,773,797,81,553,457,783,784
2016-04-11 21:36:47,778,798,81,553,456,783,784
2016-04-11 21:36:48,782,799,81,553,456,783,784
2016-04-11 21:36:49,786,800,81,552,455,783,784
2016-04-11 21:36:50,791,801,81,552,455,783,784
2016-04-11 21:36:51,795,802,81,552,455,783,784
2016-04-11 21:36:52,800,803,81,552,454,783,784
2016-04-11 21:36:53,805,804,81,552,454,783,784
2016-04-11 21:36:54,807,805,81,552,454,783,784
2016-04-11 21:36:55,812,806,81,552,453,783,784
2016-04-11 21:36:56,816,807,81,552,453,783,784
2016-04-11 21:36:57,820,808,81,552,453,783,784
2016-04-11 21:36:58,824,809,81,552,453,783,784
2016-04-11 21:36:59,829,810,81,551,452,783,784
2016-04-11 21:37:00,833,811,81,551,452,783,784
2016-04-11 21:37:01,837,812,81,551,452,783,784
2016-04-11 21:37:02,841,813,81,551,452,783,784
2016-04-11 21:37:03,845,814,81,551,451,783,784
2016-04-11 21:37:04,850,815,81,551,451,783,784
2016-04-11 21:37:05,852,816,81,550,451,783,784
2016-04-11 21:37:06,854,817,81,550,451,783,784
2016-04-11 21:37:07,858,818,81,550,451,783,784
2016-04-11 21:37:08,861,819,81,550,451,783,784
2016-04-11 21:37:09,865,820,81,550,450,783,784
2016-04-11 21:37:10,869,821,81,550,450,783,784
2016-04-11 21:37:11,874,822,81,549,450,783,784
2016-04-11 21:37:12,878,823,81,549,450,783,784
2016-04-11 21:37:13,882,824,81,549,450,783,784
2016-04-11 21:37:14,887,825,81,549,449,783,784
2016-04-11 21:37:15,891,826,81,549,449,783,784
2016-04-11 21:37:16,895,827,81,549,449,783,784
2016-04-11 21:37:17,899,828,81,549,449,783,784
2016-04-11 21:37:18,903,829,81,549,449,783,784
2016-04-11 21:37:19,907,830,81,548,449,783,784
2016-04-11 21:37:20,912,831,81,548,449,783,784
2016-04-11 21:37:21,916,832,81,547,449,783,784
2016-04-11 21:37:22,920,833,81,544,448,783,784
2016-04-11 21:37:23,922,834,81,543,448,783,784
2016-04-11 21:37:24,924,835,81,542,447,783,784
2016-04-11 21:37:25,929,836,81,542,447,783,784
2016-04-11 21:37:26,931,837,81,541,447,783,784
2016-04-11 21:37:27,935,838,81,541,447,783,784
2016-04-11 21:37:28,940,839,81,540,446,783,784
2016-04-11 21:37:29,944,840,81,540,446,783,784
2016-04-11 21:37:30,948,841,81,539,446,783,784
2016-04-11 21:37:31,952,842,81,539,446,783,784
2016-04-11 21:37:32,957,843,81,538,445,783,784
2016-04-11 21:37:33,961,844,81,538,445,783,784
2016-04-11 21:37:34,966,845,81,537,445,783,784
2016-04-11 21:37:35,969,846,81,537,445,783,784
2016-04-11 21:37:36,974,847,81,536,445,783,784
2016-04-11 21:37:37,978,848,81,535,445,783,784
2016-04-11 21:37:38,980,849,81,535,444,783,784
2016-04-11 21:37:39,981,850,81,533,444,783,784
2016-04-11 21:37:40,985,851,81,530,442,783,784
2016-04-11 21:37:41,991,852,81,525,440,783,784
2016-04-11 21:37:42,995,853,81,521,439,783,784
2016-04-11 21:37:43,997,854,81,518,437,783,784
2016-04-11 21:37:45,002,855,81,514,435,783,784
2016-04-11 21:37:46,006,856,81,511,433,783,784
2016-04-11 21:37:47,010,857,81,508,431,783,784
2016-04-11 21:37:48,014,858,81,506,429,783,784
2016-04-11 21:37:49,019,859,81,503,428,783,784
2016-04-11 21:37:50,023,860,81,500,426,783,784
2016-04-11 21:37:51,027,861,81,497,425,783,784
2016-04-11 21:37:52,031,862,81,493,423,783,784
2016-04-11 21:37:53,035,863,81,490,422,783,784
2016-04-11 21:37:54,040,864,81,486,420,783,784
2016-04-11 21:37:55,044,865,81,483,419,783,784
2016-04-11 21:37:56,048,866,81,481,417,783,784
2016-04-11 21:37:57,052,867,81,479,416,783,784
2016-04-11 21:37:58,054,868,81,477,415,783,784
2016-04-11 21:37:59,059,869,81,475,414,783,784
2016-04-11 21:38:00,063,870,81,471,413,783,784
2016-04-11 21:38:01,067,871,81,468,412,783,784
2016-04-11 21:38:02,072,872,81,465,412,783,784
2016-04-11 21:38:03,076,873,81,463,411,783,784
2016-04-11 21:38:04,079,874,81,461,410,783,784
2016-04-11 21:38:05,080,875,81,459,409,783,784
2016-04-11 21:38:06,085,876,81,458,408,783,784
2016-04-11 21:38:07,089,877,81,456,407,783,784
2016-04-11 21:38:08,093,878,81,454,407,783,784
2016-04-11 21:38:09,097,879,81,452,406,783,784
2016-04-11 21:38:10,102,880,81,450,406,783,784
2016-04-11 21:38:11,106,881,81,448,405,783,784
2016-04-11 21:38:12,110,882,81,447,404,783,784
2016-04-11 21:38:13,114,883,81,444,404,783,784
2016-04-11 21:38:14,119,884,81,443,403,783,784
2016-04-11 21:38:15,123,885,81,442,402,783,784
2016-04-11 21:38:16,127,886,81,440,402,783,784
2016-04-11 21:38:17,131,887,81,439,401,783,784
2016-04-11 21:38:18,136,888,81,437,400,783,784
2016-04-11 21:38:19,140,889,81,436,400,783,784
2016-04-11 21:38:20,144,890,81,434,399,783,784
2016-04-11 21:38:21,148,891,81,432,399,783,784
2016-04-11 21:38:22,152,892,81,430,398,783,784
2016-04-11 21:38:23,155,893,81,429,398,783,784
2016-04-11 21:38:24,158,894,81,427,397,783,784
2016-04-11 21:38:25,163,895,81,426,397,783,784
2016-04-11 21:38:26,167,896,81,424,397,783,784
2016-04-11 21:38:27,172,897,81,423,396,783,784
2016-04-11 21:38:28,178,898,81,422,396,783,784
2016-04-11 21:38:29,182,899,81,421,396,783,784
2016-04-11 21:38:30,186,900,81,420,395,783,784
2016-04-11 21:38:31,190,901,81,419,395,783,784
2016-04-11 21:38:32,195,902,81,418,395,783,784
2016-04-11 21:38:33,199,903,81,417,394,783,784
2016-04-11 21:38:34,203,904,81,415,394,783,784
2016-04-11 21:38:35,207,905,81,413,393,783,784
2016-04-11 21:38:36,212,906,81,411,393,783,784
2016-04-11 21:38:37,216,907,81,409,393,783,784
2016-04-11 21:38:38,221,908,81,408,393,783,784
2016-04-11 21:38:39,224,909,81,407,393,783,784
2016-04-11 21:38:40,229,910,81,405,392,783,784
2016-04-11 21:38:41,231,911,81,404,392,783,784
2016-04-11 21:38:42,233,912,81,403,392,783,784
2016-04-11 21:38:43,238,913,81,401,391,783,784
2016-04-11 21:38:44,240,914,81,400,391,783,784
2016-04-11 21:38:45,244,915,81,398,391,783,784
