2017-04-11 19:31:23,471,coffee,datetime,ms,seconds,ambient_temp,thermocouple_0_temp,thermocouple_1_temp,thermocouple_2_temp,thermocouple_3_temp
2017-04-11 19:31:25,549,2,92,496,428,778,780
2017-04-11 19:31:26,553,3,91,488,422,778,780
2017-04-11 19:31:27,556,4,92,478,417,778,780
2017-04-11 19:31:28,560,5,92,465,411,778,780
2017-04-11 19:31:29,563,6,92,453,405,778,780
2017-04-11 19:31:30,566,7,91,442,399,778,780
2017-04-11 19:31:31,569,8,91,431,394,778,780
2017-04-11 19:31:32,572,9,91,421,391,778,780
2017-04-11 19:31:33,575,10,92,411,389,778,780
2017-04-11 19:31:34,577,11,92,401,388,778,780
2017-04-11 19:31:35,580,12,92,392,386,778,780
2017-04-11 19:31:36,583,13,92,383,385,778,780
2017-04-11 19:31:37,585,14,92,375,384,778,780
2017-04-11 19:31:38,586,15,91,367,382,778,780
2017-04-11 19:31:39,592,16,92,360,381,778,780
2017-04-11 19:31:40,594,17,92,352,380,778,780
2017-04-11 19:31:41,600,18,92,345,379,778,780
2017-04-11 19:31:42,602,19,92,338,378,778,780
2017-04-11 19:31:43,605,20,92,332,377,778,780
2017-04-11 19:31:44,608,21,92,326,376,778,780
2017-04-11 19:31:45,612,22,92,321,376,778,780
2017-04-11 19:31:46,615,23,92,315,375,778,780
2017-04-11 19:31:47,618,24,91,310,374,778,780
2017-04-11 19:31:48,621,25,92,305,374,778,780
2017-04-11 19:31:49,624,26,92,300,373,778,780
2017-04-11 19:31:50,627,27,92,295,373,778,780
2017-04-11 19:31:51,628,28,92,291,372,778,780
2017-04-11 19:31:52,635,29,92,286,372,778,780
2017-04-11 19:31:53,637,30,92,283,371,778,780
2017-04-11 19:31:54,639,31,92,279,371,778,780
2017-04-11 19:31:55,641,32,92,275,370,778,780
2017-04-11 19:31:56,642,33,92,272,370,778,780
2017-04-11 19:31:57,648,34,92,269,370,778,780
2017-04-11 19:31:58,652,35,92,266,369,778,780
2017-04-11 19:31:59,655,36,91,263,370,778,780
2017-04-11 19:32:00,657,37,92,260,370,778,780
2017-04-11 19:32:01,661,38,92,257,370,778,780
2017-04-11 19:32:02,664,39,92,255,370,778,780
2017-04-11 19:32:03,665,40,92,252,371,778,780
2017-04-11 19:32:04,671,41,92,250,371,778,780
2017-04-11 19:32:05,672,42,92,248,371,778,780
2017-04-11 19:32:06,674,43,91,246,371,778,780
2017-04-11 19:32:07,679,44,92,244,371,778,780
2017-04-11 19:32:08,682,45,92,242,371,778,780
2017-04-11 19:32:09,683,46,92,241,372,778,780
2017-04-11 19:32:10,689,47,92,239,372,778,780
2017-04-11 19:32:11,691,48,92,238,372,778,780
2017-04-11 19:32:12,693,49,92,236,372,778,780
2017-04-11 19:32:13,697,50,92,235,372,778,780
2017-04-11 19:32:14,701,51,92,234,373,778,780
2017-04-11 19:32:15,704,52,92,233,373,778,780
2017-04-11 19:32:16,707,53,92,232,373,778,780
2017-04-11 19:32:17,713,54,92,231,373,778,780
2017-04-11 19:32:18,718,55,92,230,374,778,780
2017-04-11 19:32:19,722,56,91,229,374,778,780
2017-04-11 19:32:20,729,57,92,229,374,778,780
2017-04-11 19:32:21,734,58,92,228,374,778,780
2017-04-11 19:32:22,737,59,92,228,375,778,780
2017-04-11 19:32:23,738,60,92,227,375,778,780
2017-04-11 19:32:24,743,61,92,227,375,778,780
2017-04-11 19:32:25,744,62,92,226,376,778,780
2017-04-11 19:32:26,750,63,92,226,376,778,780
2017-04-11 19:32:27,756,64,92,226,377,778,780
2017-04-11 19:32:28,760,65,92,226,377,778,780
2017-04-11 19:32:29,763,66,92,225,378,778,780
2017-04-11 19:32:30,766,67,92,225,378,778,780
2017-04-11 19:32:31,769,68,92,225,378,778,780
2017-04-11 19:32:32,770,69,92,225,379,778,780
2017-04-11 19:32:33,771,70,92,225,379,778,780
2017-04-11 19:32:34,778,71,92,225,379,778,780
2017-04-11 19:32:35,782,72,92,226,380,778,780
2017-04-11 19:32:36,784,73,92,226,380,778,780
2017-04-11 19:32:37,788,74,92,226,381,778,780
2017-04-11 19:32:38,791,75,92,226,381,778,780
2017-04-11 19:32:39,792,76,92,226,382,778,780
2017-04-11 19:32:40,797,77,92,226,382,778,780
2017-04-11 19:32:41,798,78,92,227,382,778,780
2017-04-11 19:32:42,800,79,92,227,383,778,780
2017-04-11 19:32:43,806,80,92,227,383,778,780
2017-04-11 19:32:44,809,81,92,228,384,778,780
2017-04-11 19:32:45,812,82,92,228,384,778,780
2017-04-11 19:32:46,816,83,92,229,384,778,780
2017-04-11 19:32:47,820,84,92,229,385,778,780
2017-04-11 19:32:48,822,85,92,230,385,778,780
2017-04-11 19:32:49,825,86,92,230,386,778,780
2017-04-11 19:32:50,828,87,92,231,386,778,780
2017-04-11 19:32:51,830,88,92,231,386,778,780
2017-04-11 19:32:52,834,89,92,232,386,778,780
2017-04-11 19:32:53,836,90,92,233,387,778,780
2017-04-11 19:32:54,840,91,92,233,387,778,780
2017-04-11 19:32:55,843,92,92,234,388,778,780
2017-04-11 19:32:56,846,93,92,234,388,778,780
2017-04-11 19:32:57,849,94,92,235,389,778,780
2017-04-11 19:32:58,852,95,92,236,389,778,780
2017-04-11 19:32:59,855,96,92,236,389,778,780
2017-04-11 19:33:00,856,97,92,237,390,778,780
2017-04-11 19:33:01,860,98,92,238,391,778,780
2017-04-11 19:33:02,864,99,92,238,391,778,780
2017-04-11 19:33:03,870,100,92,239,392,778,780
2017-04-11 19:33:04,876,101,92,240,392,778,780
2017-04-11 19:33:05,881,102,92,241,393,778,780
2017-04-11 19:33:06,887,103,92,241,393,778,780
2017-04-11 19:33:07,893,104,92,242,393,778,780
2017-04-11 19:33:08,893,105,92,243,394,778,780
2017-04-11 19:33:09,895,106,92,244,394,778,780
2017-04-11 19:33:10,896,107,92,245,395,778,780
2017-04-11 19:33:11,902,108,92,246,395,778,780
2017-04-11 19:33:12,906,109,92,247,396,778,780
2017-04-11 19:33:13,909,110,92,248,396,778,780
2017-04-11 19:33:14,913,111,92,248,397,778,780
2017-04-11 19:33:15,914,112,92,249,397,778,780
2017-04-11 19:33:16,919,113,92,250,397,778,780
2017-04-11 19:33:17,920,114,92,251,398,778,780
2017-04-11 19:33:18,926,115,92,252,398,778,780
2017-04-11 19:33:19,928,116,92,253,399,778,780
2017-04-11 19:33:20,934,117,92,253,399,778,780
2017-04-11 19:33:21,935,118,92,254,399,778,780
2017-04-11 19:33:22,941,119,92,255,400,778,780
2017-04-11 19:33:23,945,120,92,256,400,778,780
2017-04-11 19:33:24,949,121,92,257,400,778,780
2017-04-11 19:33:25,952,122,92,258,401,778,780
2017-04-11 19:33:26,955,123,92,259,401,778,780
2017-04-11 19:33:27,958,124,92,260,401,778,780
2017-04-11 19:33:28,961,125,92,261,402,778,780
2017-04-11 19:33:29,963,126,92,262,402,778,780
2017-04-11 19:33:30,968,127,92,263,403,778,780
2017-04-11 19:33:31,970,128,92,264,403,778,780
2017-04-11 19:33:32,973,129,92,264,403,778,780
2017-04-11 19:33:33,975,130,92,265,404,778,780
2017-04-11 19:33:34,979,131,92,266,404,778,780
2017-04-11 19:33:35,982,132,92,267,405,778,780
2017-04-11 19:33:36,985,133,92,268,405,778,780
2017-04-11 19:33:37,989,134,92,269,405,778,780
2017-04-11 19:33:38,989,135,92,270,406,778,780
2017-04-11 19:33:39,995,136,92,271,406,778,780
2017-04-11 19:33:40,998,137,92,272,406,778,780
2017-04-11 19:33:41,999,138,92,273,407,778,780
2017-04-11 19:33:43,004,139,92,274,407,778,780
2017-04-11 19:33:44,007,140,92,275,407,778,780
2017-04-11 19:33:45,010,141,92,276,408,778,780
2017-04-11 19:33:46,013,142,92,277,408,778,780
2017-04-11 19:33:47,018,143,92,277,408,778,780
2017-04-11 19:33:48,019,144,92,279,409,778,780
2017-04-11 19:33:49,022,145,92,280,409,778,780
2017-04-11 19:33:50,025,146,92,280,409,778,780
2017-04-11 19:33:51,029,147,92,281,410,778,780
2017-04-11 19:33:52,032,148,92,282,410,778,780
2017-04-11 19:33:53,035,149,92,283,410,778,780
2017-04-11 19:33:54,038,150,92,284,411,778,780
2017-04-11 19:33:55,041,151,92,285,411,778,780
2017-04-11 19:33:56,044,152,92,286,411,778,780
2017-04-11 19:33:57,047,153,92,287,412,778,780
2017-04-11 19:33:58,050,154,92,288,412,778,780
2017-04-11 19:33:59,053,155,92,289,412,778,780
2017-04-11 19:34:00,056,156,92,290,412,778,780
2017-04-11 19:34:01,059,157,92,291,413,778,780
2017-04-11 19:34:02,062,158,92,292,413,778,780
2017-04-11 19:34:03,068,159,92,293,413,778,780
2017-04-11 19:34:04,069,160,92,294,414,778,780
2017-04-11 19:34:05,070,161,92,295,414,778,780
2017-04-11 19:34:06,074,162,92,296,414,778,780
2017-04-11 19:34:07,077,163,92,297,415,778,780
2017-04-11 19:34:08,078,164,92,298,415,778,780
2017-04-11 19:34:09,082,165,92,298,415,778,780
2017-04-11 19:34:10,087,166,92,299,415,778,780
2017-04-11 19:34:11,088,167,92,300,416,778,780
2017-04-11 19:34:12,093,168,92,301,416,778,780
2017-04-11 19:34:13,096,169,92,302,416,778,780
2017-04-11 19:34:14,099,170,92,303,416,778,780
2017-04-11 19:34:15,102,171,92,304,417,778,780
2017-04-11 19:34:16,105,172,92,305,417,778,780
2017-04-11 19:34:17,108,173,92,306,417,778,780
2017-04-11 19:34:18,111,174,92,307,417,778,780
2017-04-11 19:34:19,113,175,92,308,418,778,780
2017-04-11 19:34:20,117,176,92,309,418,778,780
2017-04-11 19:34:21,119,177,92,310,418,778,780
2017-04-11 19:34:22,119,178,92,311,419,778,780
2017-04-11 19:34:23,125,179,92,312,419,778,780
2017-04-11 19:34:24,129,180,92,313,419,778,780
2017-04-11 19:34:25,133,181,92,314,420,778,780
2017-04-11 19:34:26,137,182,92,315,420,778,780
2017-04-11 19:34:27,138,183,92,315,420,778,780
2017-04-11 19:34:28,140,184,92,316,420,778,780
2017-04-11 19:34:29,142,185,92,317,420,778,780
2017-04-11 19:34:30,148,186,92,318,421,778,780
2017-04-11 19:34:31,149,187,92,319,421,778,780
2017-04-11 19:34:32,154,188,92,320,421,778,780
2017-04-11 19:34:33,157,189,92,321,421,778,780
2017-04-11 19:34:34,160,190,92,321,421,778,780
2017-04-11 19:34:35,164,191,92,322,421,778,780
2017-04-11 19:34:36,166,192,92,323,422,778,780
2017-04-11 19:34:37,169,193,92,324,422,778,780
2017-04-11 19:34:38,173,194,92,325,422,778,780
2017-04-11 19:34:39,175,195,92,326,422,778,780
2017-04-11 19:34:40,176,196,92,327,423,778,780
2017-04-11 19:34:41,178,197,92,327,423,778,780
2017-04-11 19:34:42,183,198,92,328,423,778,780
2017-04-11 19:34:43,188,199,92,329,423,778,780
2017-04-11 19:34:44,191,200,92,330,423,778,780
2017-04-11 19:34:45,194,201,92,331,423,778,780
2017-04-11 19:34:46,199,202,92,331,423,778,780
2017-04-11 19:34:47,200,203,92,332,424,778,780
2017-04-11 19:34:48,203,204,92,333,424,778,780
2017-04-11 19:34:49,206,205,92,334,424,778,780
2017-04-11 19:34:50,209,206,92,335,424,778,780
2017-04-11 19:34:51,211,207,92,336,425,778,780
2017-04-11 19:34:52,216,208,92,336,425,778,780
2017-04-11 19:34:53,217,209,92,337,425,778,780
2017-04-11 19:34:54,220,210,92,338,425,778,780
2017-04-11 19:34:55,223,211,92,339,425,778,780
2017-04-11 19:34:56,228,212,92,340,425,778,780
2017-04-11 19:34:57,229,213,92,341,426,778,780
2017-04-11 19:34:58,230,214,92,341,426,778,780
2017-04-11 19:34:59,236,215,92,342,426,778,780
2017-04-11 19:35:00,239,216,92,343,426,778,780
2017-04-11 19:35:01,241,217,92,344,426,778,780
2017-04-11 19:35:02,242,218,92,345,426,778,780
2017-04-11 19:35:03,243,219,92,345,427,778,780
2017-04-11 19:35:04,244,220,92,346,427,778,780
2017-04-11 19:35:05,250,221,92,347,427,778,780
2017-04-11 19:35:06,253,222,92,348,427,778,780
2017-04-11 19:35:07,258,223,92,349,428,778,780
2017-04-11 19:35:08,264,224,92,350,428,778,780
2017-04-11 19:35:09,267,225,92,350,428,778,780
2017-04-11 19:35:10,268,226,92,351,428,778,780
2017-04-11 19:35:11,274,227,92,352,428,778,780
2017-04-11 19:35:12,277,228,92,352,428,778,780
2017-04-11 19:35:13,280,229,92,353,428,778,780
2017-04-11 19:35:14,283,230,92,354,429,778,780
2017-04-11 19:35:15,286,231,92,354,429,778,780
2017-04-11 19:35:16,289,232,92,355,429,778,780
2017-04-11 19:35:17,294,233,92,356,429,778,780
2017-04-11 19:35:18,300,234,92,357,429,778,780
2017-04-11 19:35:19,306,235,92,357,429,778,780
2017-04-11 19:35:20,312,236,92,358,429,778,780
2017-04-11 19:35:21,316,237,92,359,429,778,780
2017-04-11 19:35:22,322,238,92,360,429,778,780
2017-04-11 19:35:23,325,239,92,360,430,778,780
2017-04-11 19:35:24,330,240,92,361,430,778,780
2017-04-11 19:35:25,331,241,92,362,430,778,780
2017-04-11 19:35:26,337,242,92,363,430,778,780
2017-04-11 19:35:27,339,243,92,363,431,778,780
2017-04-11 19:35:28,341,244,92,364,431,778,780
2017-04-11 19:35:29,346,245,92,365,431,778,780
2017-04-11 19:35:30,347,246,92,365,431,778,780
2017-04-11 19:35:31,352,247,92,366,432,778,780
2017-04-11 19:35:32,355,248,92,367,432,778,780
2017-04-11 19:35:33,356,249,92,368,432,778,780
2017-04-11 19:35:34,361,250,92,368,433,778,780
2017-04-11 19:35:35,365,251,92,369,433,778,780
2017-04-11 19:35:36,367,252,92,370,433,778,780
2017-04-11 19:35:37,368,253,92,370,433,778,780
2017-04-11 19:35:38,373,254,92,371,433,778,780
2017-04-11 19:35:39,376,255,92,372,433,778,780
2017-04-11 19:35:40,378,256,92,372,434,778,780
2017-04-11 19:35:41,382,257,92,373,434,778,780
2017-04-11 19:35:42,386,258,92,374,434,778,780
2017-04-11 19:35:43,389,259,92,374,434,778,780
2017-04-11 19:35:44,392,260,92,375,435,778,780
2017-04-11 19:35:45,395,261,92,376,435,778,780
2017-04-11 19:35:46,398,262,92,376,434,778,780
2017-04-11 19:35:47,401,263,92,377,434,778,780
2017-04-11 19:35:48,404,264,92,378,434,778,780
2017-04-11 19:35:49,407,265,92,378,434,778,780
2017-04-11 19:35:50,410,266,92,379,434,778,780
2017-04-11 19:35:51,415,267,92,380,435,778,780
2017-04-11 19:35:52,417,268,92,380,435,778,780
2017-04-11 19:35:53,423,269,92,381,435,778,780
2017-04-11 19:35:54,423,270,92,382,436,778,780
2017-04-11 19:35:55,424,271,92,382,436,778,780
2017-04-11 19:35:56,426,272,92,383,436,778,780
2017-04-11 19:35:57,427,273,92,383,436,778,780
2017-04-11 19:35:58,427,274,92,384,436,778,780
2017-04-11 19:35:59,429,275,92,385,437,778,780
2017-04-11 19:36:00,434,276,92,385,437,778,780
2017-04-11 19:36:01,439,277,92,386,437,778,780
2017-04-11 19:36:02,443,278,92,387,437,778,780
2017-04-11 19:36:03,449,279,92,387,437,778,780
2017-04-11 19:36:04,453,280,92,388,438,778,780
2017-04-11 19:36:05,456,281,92,388,438,778,780
2017-04-11 19:36:06,459,282,92,389,438,778,780
2017-04-11 19:36:07,462,283,92,390,438,778,780
2017-04-11 19:36:08,466,284,92,390,439,778,780
2017-04-11 19:36:09,467,285,92,391,439,778,780
2017-04-11 19:36:10,472,287,92,392,439,778,780
2017-04-11 19:36:11,476,288,92,392,439,778,780
2017-04-11 19:36:12,478,289,92,393,439,778,780
2017-04-11 19:36:13,481,290,92,393,440,778,780
2017-04-11 19:36:14,484,291,92,394,440,778,780
2017-04-11 19:36:15,487,292,92,395,440,778,780
2017-04-11 19:36:16,490,293,92,395,440,778,780
2017-04-11 19:36:17,493,294,92,396,441,778,780
2017-04-11 19:36:18,496,295,92,396,441,778,780
2017-04-11 19:36:19,499,296,92,397,441,778,780
2017-04-11 19:36:20,502,297,92,398,441,778,780
2017-04-11 19:36:21,505,298,92,398,441,778,780
2017-04-11 19:36:22,507,299,92,399,441,778,780
2017-04-11 19:36:23,513,300,92,400,441,778,780
2017-04-11 19:36:24,515,301,92,400,441,778,780
2017-04-11 19:36:25,515,302,92,401,441,778,780
2017-04-11 19:36:26,521,303,92,401,441,778,780
2017-04-11 19:36:27,524,304,92,402,442,778,780
2017-04-11 19:36:28,527,305,92,402,442,778,780
2017-04-11 19:36:29,530,306,92,403,442,778,780
2017-04-11 19:36:30,531,307,92,404,442,778,780
2017-04-11 19:36:31,532,308,92,404,442,778,780
2017-04-11 19:36:32,538,309,92,405,442,778,780
2017-04-11 19:36:33,542,310,92,405,443,778,780
2017-04-11 19:36:34,545,311,92,406,443,778,780
2017-04-11 19:36:35,548,312,92,407,443,778,780
2017-04-11 19:36:36,550,313,92,407,443,778,780
2017-04-11 19:36:37,553,314,92,408,443,778,780
2017-04-11 19:36:38,557,315,92,408,443,778,780
2017-04-11 19:36:39,564,316,92,409,443,778,780
2017-04-11 19:36:40,575,317,92,409,443,778,780
2017-04-11 19:36:41,583,318,92,410,444,778,780
2017-04-11 19:36:42,591,319,92,410,444,778,780
2017-04-11 19:36:43,594,320,92,411,444,778,780
2017-04-11 19:36:44,596,321,92,411,444,778,780
2017-04-11 19:36:45,607,322,92,412,444,778,780
2017-04-11 19:36:46,612,323,92,412,444,778,780
2017-04-11 19:36:47,618,324,92,413,445,778,780
2017-04-11 19:36:48,622,325,92,413,445,778,780
2017-04-11 19:36:49,633,326,92,414,445,778,780
2017-04-11 19:36:50,633,327,92,415,445,778,780
2017-04-11 19:36:51,644,328,92,415,445,778,780
2017-04-11 19:36:52,650,329,92,416,445,778,780
2017-04-11 19:36:53,654,330,92,416,445,778,780
2017-04-11 19:36:54,657,331,92,417,445,778,780
2017-04-11 19:36:55,666,332,92,418,445,778,780
2017-04-11 19:36:56,677,333,92,418,446,778,780
2017-04-11 19:36:57,681,334,92,419,446,778,780
2017-04-11 19:36:58,686,335,92,419,446,778,780
2017-04-11 19:36:59,686,336,92,420,446,778,780
2017-04-11 19:37:00,689,337,92,420,446,778,780
2017-04-11 19:37:01,690,338,92,421,446,778,780
2017-04-11 19:37:02,698,339,92,421,446,778,780
2017-04-11 19:37:03,701,340,92,422,446,778,780
2017-04-11 19:37:04,704,341,92,422,447,778,780
2017-04-11 19:37:05,714,342,92,423,447,778,780
2017-04-11 19:37:06,715,343,92,423,447,778,780
2017-04-11 19:37:07,721,344,92,424,447,778,780
2017-04-11 19:37:08,726,345,92,424,447,778,780
2017-04-11 19:37:09,727,346,92,425,447,778,780
2017-04-11 19:37:10,729,347,92,426,447,778,780
2017-04-11 19:37:11,732,348,92,426,448,778,780
2017-04-11 19:37:12,743,349,92,426,448,778,780
2017-04-11 19:37:13,748,350,92,427,448,778,780
2017-04-11 19:37:14,751,351,92,428,448,778,780
2017-04-11 19:37:15,755,352,92,428,448,778,780
2017-04-11 19:37:16,764,353,92,429,448,778,780
2017-04-11 19:37:17,765,354,92,429,448,778,780
2017-04-11 19:37:18,767,355,92,430,449,778,780
2017-04-11 19:37:19,773,356,92,430,449,778,780
2017-04-11 19:37:20,777,357,92,431,449,778,780
2017-04-11 19:37:21,783,358,92,431,449,778,780
2017-04-11 19:37:22,793,359,92,432,449,778,780
2017-04-11 19:37:23,796,360,92,432,449,778,780
2017-04-11 19:37:24,799,361,92,433,450,778,780
2017-04-11 19:37:25,801,362,92,433,450,778,780
2017-04-11 19:37:26,805,363,92,434,451,778,780
2017-04-11 19:37:27,814,364,92,434,451,778,780
2017-04-11 19:37:28,815,365,92,435,451,778,780
2017-04-11 19:37:29,826,366,92,435,451,778,780
2017-04-11 19:37:30,828,367,92,436,452,778,780
2017-04-11 19:37:31,829,368,92,436,452,778,780
2017-04-11 19:37:32,838,369,92,437,452,778,780
2017-04-11 19:37:33,839,370,92,437,452,778,780
2017-04-11 19:37:34,841,371,92,438,452,778,780
2017-04-11 19:37:35,847,372,92,438,451,778,780
2017-04-11 19:37:36,853,373,92,439,451,778,780
2017-04-11 19:37:37,863,374,92,439,452,778,780
2017-04-11 19:37:38,865,375,92,440,452,778,780
2017-04-11 19:37:39,872,376,92,440,452,778,780
2017-04-11 19:37:40,881,377,92,441,452,778,780
2017-04-11 19:37:41,885,378,92,441,452,778,780
2017-04-11 19:37:42,888,379,92,441,452,778,780
2017-04-11 19:37:43,891,380,92,442,452,778,780
2017-04-11 19:37:44,894,381,92,443,453,778,780
2017-04-11 19:37:45,896,382,92,443,453,778,780
2017-04-11 19:37:46,900,383,92,444,452,778,780
2017-04-11 19:37:47,903,384,92,444,452,778,780
2017-04-11 19:37:48,904,385,92,444,453,778,780
2017-04-11 19:37:49,912,386,92,445,453,778,780
2017-04-11 19:37:50,915,387,92,445,453,778,780
2017-04-11 19:37:51,920,388,92,446,454,778,780
2017-04-11 19:37:52,926,389,92,446,454,778,780
2017-04-11 19:37:53,928,390,92,447,455,778,780
2017-04-11 19:37:54,937,391,92,447,455,778,780
2017-04-11 19:37:55,944,392,92,448,456,778,780
2017-04-11 19:37:56,947,393,92,448,456,778,780
2017-04-11 19:37:57,947,394,92,449,457,778,780
2017-04-11 19:37:58,952,395,92,449,457,778,780
2017-04-11 19:37:59,963,396,92,449,458,778,780
2017-04-11 19:38:00,964,397,92,450,458,778,780
2017-04-11 19:38:01,975,398,92,450,459,778,780
2017-04-11 19:38:02,985,399,92,451,459,778,780
2017-04-11 19:38:03,985,400,92,451,460,778,780
2017-04-11 19:38:04,988,401,92,452,460,778,780
2017-04-11 19:38:05,990,402,92,452,460,778,780
2017-04-11 19:38:06,992,403,92,453,461,778,780
2017-04-11 19:38:07,993,404,92,453,461,778,780
2017-04-11 19:38:09,000,405,92,454,461,778,780
2017-04-11 19:38:10,004,406,92,454,462,778,780
2017-04-11 19:38:11,011,407,92,455,462,778,780
2017-04-11 19:38:12,013,408,92,455,462,778,780
2017-04-11 19:38:13,014,409,92,456,463,778,780
2017-04-11 19:38:14,016,410,92,456,463,778,780
2017-04-11 19:38:15,018,411,92,457,464,778,780
2017-04-11 19:38:16,022,412,92,457,464,778,780
2017-04-11 19:38:17,024,413,92,458,465,778,780
2017-04-11 19:38:18,029,414,92,458,465,778,780
2017-04-11 19:38:19,038,415,92,458,465,778,780
2017-04-11 19:38:20,048,416,92,459,465,778,780
2017-04-11 19:38:21,050,417,92,459,466,778,780
2017-04-11 19:38:22,057,418,92,460,466,778,780
2017-04-11 19:38:23,061,419,92,460,466,778,780
2017-04-11 19:38:24,068,420,92,461,466,778,780
2017-04-11 19:38:25,078,421,92,461,467,778,780
2017-04-11 19:38:26,082,422,92,462,467,778,780
2017-04-11 19:38:27,087,423,92,462,467,778,780
2017-04-11 19:38:28,092,424,92,463,467,778,780
2017-04-11 19:38:29,095,425,92,463,467,778,780
2017-04-11 19:38:30,099,426,92,463,468,778,780
2017-04-11 19:38:31,102,427,92,464,468,778,780
2017-04-11 19:38:32,112,428,92,464,468,778,780
2017-04-11 19:38:33,123,429,92,465,468,778,780
2017-04-11 19:38:34,127,430,92,465,469,778,780
2017-04-11 19:38:35,130,431,92,466,469,778,780
2017-04-11 19:38:36,134,432,92,466,469,778,780
2017-04-11 19:38:37,136,433,92,467,470,778,780
2017-04-11 19:38:38,137,434,92,467,470,778,780
2017-04-11 19:38:39,143,435,92,468,470,778,780
2017-04-11 19:38:40,145,436,92,468,470,778,780
2017-04-11 19:38:41,149,437,92,469,471,778,780
2017-04-11 19:38:42,151,438,92,469,471,778,780
2017-04-11 19:38:43,162,439,92,470,471,778,780
2017-04-11 19:38:44,167,440,92,470,471,778,780
2017-04-11 19:38:45,170,441,92,471,470,778,780
2017-04-11 19:38:46,179,442,92,471,470,778,780
2017-04-11 19:38:47,180,443,92,472,470,778,780
2017-04-11 19:38:48,186,444,92,472,470,778,780
2017-04-11 19:38:49,190,445,92,472,471,778,780
2017-04-11 19:38:50,193,446,92,473,471,778,780
2017-04-11 19:38:51,196,447,92,474,471,778,780
2017-04-11 19:38:52,199,448,92,474,472,778,780
2017-04-11 19:38:53,203,449,92,474,472,778,780
2017-04-11 19:38:54,211,450,92,475,472,778,780
2017-04-11 19:38:55,223,451,92,475,473,778,780
2017-04-11 19:38:56,231,452,92,476,473,778,780
2017-04-11 19:38:57,232,453,92,476,473,778,780
2017-04-11 19:38:58,235,454,92,477,473,778,780
2017-04-11 19:38:59,239,455,92,477,474,778,780
2017-04-11 19:39:00,241,456,92,478,474,778,780
2017-04-11 19:39:01,244,457,92,478,474,778,780
2017-04-11 19:39:02,247,458,92,478,475,778,780
2017-04-11 19:39:03,250,459,92,479,475,778,780
2017-04-11 19:39:04,253,460,92,479,475,778,780
2017-04-11 19:39:05,261,461,92,480,475,778,780
2017-04-11 19:39:06,272,462,92,480,475,778,780
2017-04-11 19:39:07,279,463,92,481,475,778,780
2017-04-11 19:39:08,281,464,92,481,475,778,780
2017-04-11 19:39:09,285,465,92,482,475,778,780
2017-04-11 19:39:10,288,466,92,482,476,778,780
2017-04-11 19:39:11,291,467,92,482,476,778,780
2017-04-11 19:39:12,294,468,92,483,476,778,780
2017-04-11 19:39:13,297,469,92,483,477,778,780
2017-04-11 19:39:14,300,470,92,484,477,778,780
2017-04-11 19:39:15,311,471,92,484,477,778,780
2017-04-11 19:39:16,312,472,92,485,477,778,780
2017-04-11 19:39:17,318,473,92,485,477,778,780
2017-04-11 19:39:18,330,474,92,486,477,778,780
2017-04-11 19:39:19,333,475,92,486,478,778,780
2017-04-11 19:39:20,336,476,92,487,478,778,780
2017-04-11 19:39:21,340,477,92,487,478,778,780
2017-04-11 19:39:22,341,478,92,488,478,778,780
2017-04-11 19:39:23,345,479,92,488,478,778,780
2017-04-11 19:39:24,352,480,92,488,478,778,780
2017-04-11 19:39:25,359,481,92,489,478,778,780
2017-04-11 19:39:26,361,482,92,489,478,778,780
2017-04-11 19:39:27,372,483,92,490,479,778,780
2017-04-11 19:39:28,376,484,92,490,479,778,780
2017-04-11 19:39:29,380,485,92,491,479,778,780
2017-04-11 19:39:30,383,486,92,491,479,778,780
2017-04-11 19:39:31,386,487,92,492,479,778,780
2017-04-11 19:39:32,389,488,92,492,479,778,780
2017-04-11 19:39:33,392,489,92,493,479,778,780
2017-04-11 19:39:34,393,490,92,493,479,778,780
2017-04-11 19:39:35,398,491,92,494,479,778,780
2017-04-11 19:39:36,401,492,92,494,478,778,780
2017-04-11 19:39:37,410,493,92,494,478,778,780
2017-04-11 19:39:38,421,494,92,495,478,778,780
2017-04-11 19:39:39,428,495,92,495,478,778,780
2017-04-11 19:39:40,431,496,92,496,478,778,780
2017-04-11 19:39:41,433,497,92,496,478,778,780
2017-04-11 19:39:42,437,498,92,497,478,778,780
2017-04-11 19:39:43,441,499,92,497,478,778,780
2017-04-11 19:39:44,446,500,92,498,478,778,780
2017-04-11 19:39:45,457,501,92,498,478,778,780
2017-04-11 19:39:46,462,502,92,499,477,778,780
2017-04-11 19:39:47,469,503,92,499,477,778,780
2017-04-11 19:39:48,472,505,92,500,477,778,780
2017-04-11 19:39:49,475,506,92,500,477,778,780
2017-04-11 19:39:50,481,507,92,501,477,778,780
2017-04-11 19:39:51,484,508,92,501,477,778,780
2017-04-11 19:39:52,485,509,92,502,477,778,780
2017-04-11 19:39:53,486,510,92,502,477,778,780
2017-04-11 19:39:54,490,511,92,503,477,778,780
2017-04-11 19:39:55,493,512,92,503,477,778,780
2017-04-11 19:39:56,496,513,92,503,477,778,780
2017-04-11 19:39:57,499,514,92,504,477,778,780
2017-04-11 19:39:58,501,515,92,504,478,778,780
2017-04-11 19:39:59,510,516,92,505,477,778,780
2017-04-11 19:40:00,512,517,92,505,478,778,780
2017-04-11 19:40:01,518,518,92,505,478,778,780
2017-04-11 19:40:02,529,519,92,506,478,778,780
2017-04-11 19:40:03,531,520,92,506,479,778,780
2017-04-11 19:40:04,533,521,92,507,479,778,780
2017-04-11 19:40:05,540,522,92,507,479,778,780
2017-04-11 19:40:06,543,523,92,508,479,778,780
2017-04-11 19:40:07,546,524,92,508,479,778,780
2017-04-11 19:40:08,549,525,92,508,478,778,780
2017-04-11 19:40:09,560,526,92,509,478,778,780
2017-04-11 19:40:10,567,527,92,509,478,778,780
2017-04-11 19:40:11,570,528,92,510,478,778,780
2017-04-11 19:40:12,579,529,92,510,478,778,780
2017-04-11 19:40:13,580,530,92,510,477,778,780
2017-04-11 19:40:14,583,531,92,510,477,778,780
2017-04-11 19:40:15,588,532,92,511,476,778,780
2017-04-11 19:40:16,591,533,92,511,475,778,780
2017-04-11 19:40:17,594,534,92,512,475,778,780
2017-04-11 19:40:18,597,535,92,512,474,778,780
2017-04-11 19:40:19,600,536,92,512,473,778,780
2017-04-11 19:40:20,609,537,92,512,472,778,780
2017-04-11 19:40:21,619,538,92,513,471,778,780
2017-04-11 19:40:22,620,539,92,513,471,778,780
2017-04-11 19:40:23,626,540,92,513,470,778,780
2017-04-11 19:40:24,628,541,92,514,469,778,780
2017-04-11 19:40:25,635,542,92,514,468,778,780
2017-04-11 19:40:26,639,543,92,514,468,778,780
2017-04-11 19:40:27,641,544,92,514,467,778,780
2017-04-11 19:40:28,644,545,92,515,466,778,780
2017-04-11 19:40:29,648,546,92,515,466,778,780
2017-04-11 19:40:30,651,547,92,515,465,778,780
2017-04-11 19:40:31,659,548,92,515,464,778,780
2017-04-11 19:40:32,666,549,92,516,464,778,780
2017-04-11 19:40:33,677,550,92,516,463,778,780
2017-04-11 19:40:34,680,551,92,516,462,778,780
2017-04-11 19:40:35,682,552,92,516,462,778,780
2017-04-11 19:40:36,686,553,92,516,461,778,780
2017-04-11 19:40:37,689,554,92,516,461,778,780
2017-04-11 19:40:38,692,555,92,517,461,778,780
2017-04-11 19:40:39,695,556,92,517,460,778,780
2017-04-11 19:40:40,702,557,92,517,460,778,780
2017-04-11 19:40:41,709,558,92,517,459,778,780
2017-04-11 19:40:42,710,559,92,517,459,778,780
2017-04-11 19:40:43,716,560,92,518,458,778,780
2017-04-11 19:40:44,724,561,92,518,458,778,780
2017-04-11 19:40:45,725,562,92,518,458,778,780
2017-04-11 19:40:46,727,563,92,518,457,778,780
2017-04-11 19:40:47,729,564,92,518,457,778,780
2017-04-11 19:40:48,731,565,92,518,457,778,780
2017-04-11 19:40:49,732,566,92,518,456,778,780
2017-04-11 19:40:50,734,567,92,518,456,778,780
2017-04-11 19:40:51,735,568,92,518,456,778,780
2017-04-11 19:40:52,746,569,92,518,455,778,780
2017-04-11 19:40:53,748,570,92,518,455,778,780
2017-04-11 19:40:54,756,571,92,519,455,778,780
2017-04-11 19:40:55,760,572,92,519,454,778,780
2017-04-11 19:40:56,762,573,92,519,454,778,780
2017-04-11 19:40:57,767,574,92,519,454,778,780
2017-04-11 19:40:58,775,575,92,519,453,778,780
2017-04-11 19:40:59,786,576,92,519,453,778,780
2017-04-11 19:41:00,793,577,92,519,453,778,780
2017-04-11 19:41:01,796,578,92,519,452,778,780
2017-04-11 19:41:02,797,579,92,519,452,778,780
2017-04-11 19:41:03,805,580,92,519,452,778,780
2017-04-11 19:41:04,808,581,92,519,451,778,780
2017-04-11 19:41:05,810,582,92,519,451,778,780
2017-04-11 19:41:06,811,583,92,520,451,778,780
2017-04-11 19:41:07,820,584,92,519,451,778,780
2017-04-11 19:41:08,824,585,92,519,450,778,780
2017-04-11 19:41:09,827,586,92,519,450,778,780
2017-04-11 19:41:10,836,587,92,520,450,778,780
2017-04-11 19:41:11,843,588,92,520,449,778,780
2017-04-11 19:41:12,847,589,92,520,449,778,780
2017-04-11 19:41:13,847,590,92,520,449,778,780
2017-04-11 19:41:14,858,591,92,520,448,778,780
2017-04-11 19:41:15,868,592,92,520,448,778,780
2017-04-11 19:41:16,873,593,92,520,448,778,780
2017-04-11 19:41:17,879,594,92,520,448,778,780
2017-04-11 19:41:18,882,595,92,520,448,778,780
2017-04-11 19:41:19,885,596,92,520,447,778,780
2017-04-11 19:41:20,887,597,92,520,447,778,780
2017-04-11 19:41:21,891,598,92,520,447,778,780
2017-04-11 19:41:22,891,599,92,520,447,778,780
2017-04-11 19:41:23,892,600,92,520,447,778,780
2017-04-11 19:41:24,899,601,92,520,446,778,780
2017-04-11 19:41:25,908,602,92,520,446,778,780
2017-04-11 19:41:26,909,603,92,520,446,778,780
2017-04-11 19:41:27,917,604,92,520,445,778,780
2017-04-11 19:41:28,924,605,92,520,445,778,780
2017-04-11 19:41:29,926,606,92,520,445,778,780
2017-04-11 19:41:30,929,607,92,520,444,778,780
2017-04-11 19:41:31,929,608,92,520,444,778,780
2017-04-11 19:41:32,930,609,92,520,444,778,780
2017-04-11 19:41:33,932,610,92,520,444,778,780
2017-04-11 19:41:34,937,611,92,520,444,778,780
2017-04-11 19:41:35,941,612,92,520,444,778,780
2017-04-11 19:41:36,943,613,92,520,444,778,780
2017-04-11 19:41:37,945,614,92,520,444,778,780
2017-04-11 19:41:38,947,615,92,520,444,778,780
2017-04-11 19:41:39,948,616,92,520,443,778,780
2017-04-11 19:41:40,949,617,92,520,443,778,780
2017-04-11 19:41:41,949,618,92,520,443,778,780
2017-04-11 19:41:42,955,619,92,520,443,778,780
2017-04-11 19:41:43,957,620,92,520,443,778,780
2017-04-11 19:41:44,961,621,92,520,443,778,780
2017-04-11 19:41:45,964,622,92,520,443,778,780
2017-04-11 19:41:46,966,623,92,520,443,778,780
2017-04-11 19:41:47,968,624,92,521,443,778,780
2017-04-11 19:41:48,970,625,92,520,443,778,780
2017-04-11 19:41:49,973,626,92,521,443,778,780
2017-04-11 19:41:50,978,627,92,520,443,778,780
2017-04-11 19:41:51,980,628,92,520,443,778,780
2017-04-11 19:41:52,985,629,92,520,443,778,780
2017-04-11 19:41:53,986,630,92,521,443,778,780
2017-04-11 19:41:54,992,631,92,520,443,778,780
2017-04-11 19:41:55,997,632,92,521,442,778,780
2017-04-11 19:41:56,998,633,92,521,442,778,780
2017-04-11 19:41:58,001,634,92,520,442,778,780
2017-04-11 19:41:59,006,635,92,521,442,778,780
2017-04-11 19:42:00,007,636,92,520,441,778,780
2017-04-11 19:42:01,012,637,92,521,441,778,780
2017-04-11 19:42:02,014,638,92,521,441,778,780
2017-04-11 19:42:03,017,639,92,521,441,778,780
2017-04-11 19:42:04,018,640,92,521,441,778,780
2017-04-11 19:42:05,021,641,92,521,441,778,780
2017-04-11 19:42:06,025,642,92,521,441,778,780
2017-04-11 19:42:07,030,643,92,521,440,778,780
2017-04-11 19:42:08,032,644,92,521,440,778,780
2017-04-11 19:42:09,035,645,92,521,440,778,780
2017-04-11 19:42:10,038,646,92,521,440,778,780
2017-04-11 19:42:11,039,647,92,521,440,778,780
2017-04-11 19:42:12,044,648,92,521,440,778,780
2017-04-11 19:42:13,047,649,92,521,440,778,780
2017-04-11 19:42:14,050,650,92,521,440,778,780
2017-04-11 19:42:15,056,651,92,521,439,778,780
2017-04-11 19:42:16,057,652,92,521,439,778,780
2017-04-11 19:42:17,058,653,92,521,439,778,780
2017-04-11 19:42:18,058,654,92,521,438,778,780
2017-04-11 19:42:19,064,655,92,521,438,778,780
2017-04-11 19:42:20,068,656,92,521,438,778,780
2017-04-11 19:42:21,072,657,92,521,438,778,780
2017-04-11 19:42:22,075,658,92,521,437,778,780
2017-04-11 19:42:23,075,659,92,520,437,778,780
2017-04-11 19:42:24,081,660,92,520,436,778,780
2017-04-11 19:42:25,086,661,92,520,436,778,780
2017-04-11 19:42:26,091,662,92,520,436,778,780
2017-04-11 19:42:27,092,663,92,520,436,778,780
