2016-04-17 20:27:27,924,coffee,datetime,ms,seconds,ambient_temp,thermocouple_0_temp,thermocouple_1_temp,thermocouple_2_temp,thermocouple_3_temp
2016-04-17 20:27:30,005,2,77,483,394,785,785
2016-04-17 20:27:31,010,3,77,476,389,785,785
2016-04-17 20:27:32,013,4,77,466,383,785,785
2016-04-17 20:27:33,018,5,77,454,378,785,785
2016-04-17 20:27:34,021,6,77,443,372,785,785
2016-04-17 20:27:35,027,7,77,432,366,785,785
2016-04-17 20:27:36,030,8,77,421,361,785,785
2016-04-17 20:27:37,033,9,77,411,357,785,785
2016-04-17 20:27:38,039,10,77,401,354,785,785
2016-04-17 20:27:39,042,11,77,393,352,785,785
2016-04-17 20:27:40,047,12,77,384,350,785,785
2016-04-17 20:27:41,050,13,77,375,349,785,785
2016-04-17 20:27:42,050,14,77,367,347,785,785
2016-04-17 20:27:43,054,15,77,359,346,785,785
2016-04-17 20:27:44,057,16,77,352,345,785,785
2016-04-17 20:27:45,063,17,77,345,343,785,785
2016-04-17 20:27:46,067,18,77,339,342,785,785
2016-04-17 20:27:47,071,19,77,331,340,785,785
2016-04-17 20:27:48,074,20,77,325,339,785,785
2016-04-17 20:27:49,080,21,77,319,338,785,785
2016-04-17 20:27:50,083,22,77,314,337,785,785
2016-04-17 20:27:51,088,23,77,308,336,785,785
2016-04-17 20:27:52,091,24,77,303,335,785,785
2016-04-17 20:27:53,091,25,77,298,335,785,785
2016-04-17 20:27:54,094,26,77,293,334,785,785
2016-04-17 20:27:55,098,27,77,288,333,785,785
2016-04-17 20:27:56,103,28,77,284,332,785,785
2016-04-17 20:27:57,106,29,77,280,332,785,785
2016-04-17 20:27:58,110,30,77,276,331,785,785
2016-04-17 20:27:59,115,31,77,273,331,785,785
2016-04-17 20:28:00,120,32,77,269,330,785,785
2016-04-17 20:28:01,125,33,77,266,329,785,785
2016-04-17 20:28:02,129,34,77,262,329,785,785
2016-04-17 20:28:03,132,35,77,259,328,785,785
2016-04-17 20:28:04,137,36,77,256,328,785,785
2016-04-17 20:28:05,140,37,77,253,327,785,785
2016-04-17 20:28:06,146,38,77,251,327,785,785
2016-04-17 20:28:07,149,39,77,248,327,785,785
2016-04-17 20:28:08,154,40,77,245,326,785,785
2016-04-17 20:28:09,157,41,77,243,326,785,785
2016-04-17 20:28:10,162,42,77,241,326,785,785
2016-04-17 20:28:11,166,43,77,239,326,785,785
2016-04-17 20:28:12,171,44,77,237,325,785,785
2016-04-17 20:28:13,174,45,77,235,325,785,785
2016-04-17 20:28:14,179,46,77,233,325,785,785
2016-04-17 20:28:15,185,47,77,231,325,785,785
2016-04-17 20:28:16,188,48,77,230,324,785,785
2016-04-17 20:28:17,192,49,77,228,324,785,785
2016-04-17 20:28:18,196,50,77,226,324,785,785
2016-04-17 20:28:19,200,51,77,225,324,785,785
2016-04-17 20:28:20,206,52,77,224,324,785,785
2016-04-17 20:28:21,208,53,77,222,324,785,785
2016-04-17 20:28:22,213,54,77,222,323,785,785
2016-04-17 20:28:23,216,55,77,220,323,785,785
2016-04-17 20:28:24,222,56,77,219,323,785,785
2016-04-17 20:28:25,225,57,77,218,323,785,785
2016-04-17 20:28:26,230,58,77,218,323,785,785
2016-04-17 20:28:27,234,59,77,217,323,785,785
2016-04-17 20:28:28,238,60,77,216,323,785,785
2016-04-17 20:28:29,242,61,77,215,323,785,785
2016-04-17 20:28:30,247,62,77,215,323,785,785
2016-04-17 20:28:31,251,63,77,214,323,785,785
2016-04-17 20:28:32,255,64,77,213,322,785,785
2016-04-17 20:28:33,259,65,77,213,323,785,785
2016-04-17 20:28:34,264,66,77,212,323,785,785
2016-04-17 20:28:35,267,67,77,212,322,785,785
2016-04-17 20:28:36,272,68,77,212,322,785,785
2016-04-17 20:28:37,277,69,77,211,323,785,785
2016-04-17 20:28:38,281,70,77,211,323,785,785
2016-04-17 20:28:39,284,71,77,211,323,785,785
2016-04-17 20:28:40,290,72,77,211,323,785,785
2016-04-17 20:28:41,293,73,77,210,323,785,785
2016-04-17 20:28:42,298,74,77,210,324,785,785
2016-04-17 20:28:43,301,75,77,210,325,785,785
2016-04-17 20:28:44,302,76,77,210,326,785,785
2016-04-17 20:28:45,305,77,77,210,327,785,785
2016-04-17 20:28:46,307,78,77,210,327,785,785
2016-04-17 20:28:47,309,79,77,210,328,785,785
2016-04-17 20:28:48,314,80,77,210,329,785,785
2016-04-17 20:28:49,320,81,77,210,330,785,785
2016-04-17 20:28:50,324,82,77,210,331,785,785
2016-04-17 20:28:51,326,83,77,211,332,785,785
2016-04-17 20:28:52,329,84,77,211,332,785,785
2016-04-17 20:28:53,332,85,77,211,333,785,785
2016-04-17 20:28:54,337,86,77,211,334,785,785
2016-04-17 20:28:55,340,87,77,211,335,785,785
2016-04-17 20:28:56,351,88,77,212,335,785,785
2016-04-17 20:28:57,356,89,77,212,336,785,785
2016-04-17 20:28:58,358,90,77,213,337,785,785
2016-04-17 20:28:59,362,91,77,213,337,785,785
2016-04-17 20:29:00,367,92,77,213,338,785,785
2016-04-17 20:29:01,370,93,77,213,338,785,785
2016-04-17 20:29:02,371,94,77,214,339,785,785
2016-04-17 20:29:03,374,95,77,214,339,785,785
2016-04-17 20:29:04,379,96,77,215,340,785,785
2016-04-17 20:29:05,382,97,77,215,341,785,785
2016-04-17 20:29:06,388,98,77,216,341,785,785
2016-04-17 20:29:07,393,99,77,216,342,785,785
2016-04-17 20:29:08,396,100,78,217,343,785,785
2016-04-17 20:29:09,399,101,77,217,343,785,785
2016-04-17 20:29:10,400,102,78,218,344,785,785
2016-04-17 20:29:11,404,103,77,218,344,785,785
2016-04-17 20:29:12,408,104,77,219,345,785,785
2016-04-17 20:29:13,412,105,77,219,345,785,785
2016-04-17 20:29:14,415,106,77,220,346,785,785
2016-04-17 20:29:15,421,107,78,221,347,785,785
2016-04-17 20:29:16,425,108,78,221,347,785,785
2016-04-17 20:29:17,429,109,77,222,348,785,785
2016-04-17 20:29:18,431,110,77,222,348,785,785
2016-04-17 20:29:19,436,111,78,223,348,785,785
2016-04-17 20:29:20,440,112,78,224,349,785,785
2016-04-17 20:29:21,446,113,77,224,349,785,785
2016-04-17 20:29:22,449,114,78,225,350,785,785
2016-04-17 20:29:23,454,115,77,225,350,785,785
2016-04-17 20:29:24,457,116,78,226,351,785,785
2016-04-17 20:29:25,462,117,77,227,351,785,785
2016-04-17 20:29:26,465,118,78,227,352,785,785
2016-04-17 20:29:27,471,119,78,228,352,785,785
2016-04-17 20:29:28,474,120,78,229,352,785,785
2016-04-17 20:29:29,479,121,78,230,353,785,785
2016-04-17 20:29:30,482,122,77,230,353,785,785
2016-04-17 20:29:31,488,123,77,231,354,785,785
2016-04-17 20:29:32,491,124,77,232,354,785,785
2016-04-17 20:29:33,492,125,78,232,354,785,785
2016-04-17 20:29:34,495,126,78,233,355,785,785
2016-04-17 20:29:35,498,127,78,234,355,785,785
2016-04-17 20:29:36,503,128,77,235,356,785,785
2016-04-17 20:29:37,506,129,78,235,356,785,785
2016-04-17 20:29:38,512,130,77,236,357,785,785
2016-04-17 20:29:39,517,131,78,237,357,785,785
2016-04-17 20:29:40,520,132,78,237,358,785,785
2016-04-17 20:29:41,523,133,78,238,358,785,785
2016-04-17 20:29:42,529,134,78,239,358,785,785
2016-04-17 20:29:43,534,135,78,240,359,785,785
2016-04-17 20:29:44,537,136,77,240,359,785,785
2016-04-17 20:29:45,540,137,78,241,359,785,785
2016-04-17 20:29:46,541,138,78,242,360,785,785
2016-04-17 20:29:47,544,139,78,243,360,785,785
2016-04-17 20:29:48,547,140,78,243,360,785,785
2016-04-17 20:29:49,553,141,78,244,360,785,785
2016-04-17 20:29:50,556,142,78,245,361,785,785
2016-04-17 20:29:51,561,143,78,246,361,785,785
2016-04-17 20:29:52,564,144,78,247,362,785,785
2016-04-17 20:29:53,565,145,78,247,362,785,785
2016-04-17 20:29:54,568,146,78,248,362,785,785
2016-04-17 20:29:55,571,147,78,249,362,785,785
2016-04-17 20:29:56,577,148,77,249,363,785,785
2016-04-17 20:29:57,579,149,78,250,363,785,785
2016-04-17 20:29:58,585,150,78,251,363,785,785
2016-04-17 20:29:59,588,151,78,252,364,785,785
2016-04-17 20:30:00,593,152,78,252,364,785,785
2016-04-17 20:30:01,597,153,78,253,364,785,785
2016-04-17 20:30:02,602,154,78,254,364,785,785
2016-04-17 20:30:03,606,155,78,255,365,785,785
2016-04-17 20:30:04,610,156,78,255,365,785,785
2016-04-17 20:30:05,613,157,78,256,366,785,785
2016-04-17 20:30:06,614,158,78,257,366,785,785
2016-04-17 20:30:07,617,159,78,258,366,785,785
2016-04-17 20:30:08,620,160,78,258,367,785,785
2016-04-17 20:30:09,626,161,78,259,367,785,785
2016-04-17 20:30:10,628,162,78,260,367,785,785
2016-04-17 20:30:11,631,163,78,261,367,785,785
2016-04-17 20:30:12,634,164,78,261,367,785,785
2016-04-17 20:30:13,638,165,78,262,368,785,785
2016-04-17 20:30:14,641,166,78,263,368,785,785
2016-04-17 20:30:15,644,167,78,264,368,785,785
2016-04-17 20:30:16,650,168,78,264,369,785,785
2016-04-17 20:30:17,652,169,78,265,369,785,785
2016-04-17 20:30:18,656,170,78,266,369,785,785
2016-04-17 20:30:19,661,171,78,267,369,785,785
2016-04-17 20:30:20,666,172,78,267,370,785,785
2016-04-17 20:30:21,670,173,78,268,370,785,785
2016-04-17 20:30:22,675,174,78,269,371,785,785
2016-04-17 20:30:23,678,175,78,270,371,785,785
2016-04-17 20:30:24,683,176,78,270,371,785,785
2016-04-17 20:30:25,686,177,78,271,371,785,785
2016-04-17 20:30:26,691,178,78,272,372,785,785
2016-04-17 20:30:27,695,179,78,273,372,785,785
2016-04-17 20:30:28,701,180,78,273,372,785,785
2016-04-17 20:30:29,703,181,78,274,373,785,785
2016-04-17 20:30:30,709,182,78,275,373,785,785
2016-04-17 20:30:31,714,183,78,276,374,785,785
2016-04-17 20:30:32,717,184,78,276,374,785,785
2016-04-17 20:30:33,720,185,78,277,374,785,785
2016-04-17 20:30:34,725,186,78,278,374,785,785
2016-04-17 20:30:35,729,187,78,278,375,785,785
2016-04-17 20:30:36,734,188,78,279,375,785,785
2016-04-17 20:30:37,739,189,78,280,375,785,785
2016-04-17 20:30:38,743,190,78,281,375,785,785
2016-04-17 20:30:39,746,191,78,281,376,785,785
2016-04-17 20:30:40,751,192,78,282,376,785,785
2016-04-17 20:30:41,756,193,78,283,376,785,785
2016-04-17 20:30:42,761,194,78,284,376,785,785
2016-04-17 20:30:43,763,195,78,284,377,785,785
2016-04-17 20:30:44,766,196,78,285,377,785,785
2016-04-17 20:30:45,771,197,78,286,377,785,785
2016-04-17 20:30:46,772,198,78,286,378,785,785
2016-04-17 20:30:47,775,199,78,287,378,785,785
2016-04-17 20:30:48,778,200,78,288,378,785,785
2016-04-17 20:30:49,778,201,78,288,378,785,785
2016-04-17 20:30:50,782,202,78,289,378,785,785
2016-04-17 20:30:51,785,203,78,290,378,785,785
2016-04-17 20:30:52,786,204,78,290,378,785,785
2016-04-17 20:30:53,789,205,78,291,379,785,785
2016-04-17 20:30:54,792,206,78,292,379,785,785
2016-04-17 20:30:55,797,207,78,293,379,785,785
2016-04-17 20:30:56,800,208,78,293,379,785,785
2016-04-17 20:30:57,806,209,78,294,379,785,785
2016-04-17 20:30:58,809,210,78,295,380,785,785
2016-04-17 20:30:59,810,211,78,295,380,785,785
2016-04-17 20:31:00,812,212,78,296,380,785,785
2016-04-17 20:31:01,816,213,78,297,381,785,785
2016-04-17 20:31:02,821,214,78,298,381,785,785
2016-04-17 20:31:03,824,215,78,298,381,785,785
2016-04-17 20:31:04,830,216,78,299,382,785,785
2016-04-17 20:31:05,832,217,78,300,382,785,785
2016-04-17 20:31:06,838,218,78,300,382,785,785
2016-04-17 20:31:07,841,219,78,301,383,785,785
2016-04-17 20:31:08,846,220,78,302,383,785,785
2016-04-17 20:31:09,850,221,78,302,383,785,785
2016-04-17 20:31:10,855,222,78,303,383,785,785
2016-04-17 20:31:11,858,223,78,304,384,785,785
2016-04-17 20:31:12,861,224,78,304,384,785,785
2016-04-17 20:31:13,867,225,78,305,385,785,785
2016-04-17 20:31:14,872,226,78,306,385,785,785
2016-04-17 20:31:15,875,227,78,307,385,785,785
2016-04-17 20:31:16,880,228,78,307,385,785,785
2016-04-17 20:31:17,883,229,78,308,386,785,785
2016-04-17 20:31:18,889,230,78,309,386,785,785
2016-04-17 20:31:19,894,231,78,309,386,785,785
2016-04-17 20:31:20,897,232,78,310,387,785,785
2016-04-17 20:31:21,900,233,78,311,387,785,785
2016-04-17 20:31:22,906,234,78,311,387,785,785
2016-04-17 20:31:23,911,235,78,312,387,785,785
2016-04-17 20:31:24,914,236,78,313,388,785,785
2016-04-17 20:31:25,917,237,78,313,388,785,785
2016-04-17 20:31:26,923,238,78,314,388,785,785
2016-04-17 20:31:27,926,240,78,314,388,785,785
2016-04-17 20:31:28,931,241,78,315,389,785,785
2016-04-17 20:31:29,934,242,78,316,389,785,785
2016-04-17 20:31:30,940,243,78,316,389,785,785
2016-04-17 20:31:31,942,244,78,317,390,785,785
2016-04-17 20:31:32,943,245,78,318,390,785,785
2016-04-17 20:31:33,947,246,78,318,390,785,785
2016-04-17 20:31:34,949,247,78,319,390,785,785
2016-04-17 20:31:35,951,248,78,320,391,785,785
2016-04-17 20:31:36,954,249,78,320,391,785,785
2016-04-17 20:31:37,956,250,78,321,391,785,785
2016-04-17 20:31:38,962,251,78,322,391,785,785
2016-04-17 20:31:39,965,252,78,322,392,785,785
2016-04-17 20:31:40,970,253,78,323,392,785,785
2016-04-17 20:31:41,975,254,78,324,392,785,785
2016-04-17 20:31:42,979,255,78,324,392,785,785
2016-04-17 20:31:43,982,256,78,325,393,785,785
2016-04-17 20:31:44,986,257,78,325,393,785,785
2016-04-17 20:31:45,990,258,78,326,393,785,785
2016-04-17 20:31:46,992,259,78,327,393,785,785
2016-04-17 20:31:47,994,260,78,327,393,785,785
2016-04-17 20:31:48,997,261,78,328,393,785,785
2016-04-17 20:31:50,000,262,78,329,393,785,785
2016-04-17 20:31:51,006,263,78,329,393,785,785
2016-04-17 20:31:52,011,264,78,330,393,785,785
2016-04-17 20:31:53,017,265,78,330,394,785,785
2016-04-17 20:31:54,020,266,78,331,394,785,785
2016-04-17 20:31:55,023,267,78,332,394,785,785
2016-04-17 20:31:56,023,268,78,332,392,785,785
2016-04-17 20:31:57,027,269,78,333,389,785,785
2016-04-17 20:31:58,029,270,78,334,389,785,785
2016-04-17 20:31:59,035,271,78,334,390,785,785
2016-04-17 20:32:00,038,272,78,335,390,785,785
2016-04-17 20:32:01,043,273,78,335,391,785,785
2016-04-17 20:32:02,046,274,78,336,391,785,785
2016-04-17 20:32:03,052,275,78,336,392,785,785
2016-04-17 20:32:04,055,276,78,337,392,785,785
2016-04-17 20:32:05,061,277,78,338,393,785,785
2016-04-17 20:32:06,063,278,78,338,394,785,785
2016-04-17 20:32:07,069,279,78,339,394,785,785
2016-04-17 20:32:08,072,280,78,339,395,785,785
2016-04-17 20:32:09,077,281,78,340,395,785,785
2016-04-17 20:32:10,080,282,78,340,396,785,785
2016-04-17 20:32:11,085,283,78,341,396,785,785
2016-04-17 20:32:12,089,284,78,342,396,785,785
2016-04-17 20:32:13,089,285,78,342,397,785,785
2016-04-17 20:32:14,093,286,78,343,397,785,785
2016-04-17 20:32:15,095,287,78,343,397,785,785
2016-04-17 20:32:16,098,288,78,344,398,785,785
2016-04-17 20:32:17,100,289,78,345,398,785,785
2016-04-17 20:32:18,102,290,78,345,399,785,785
2016-04-17 20:32:19,107,291,78,346,399,785,785
2016-04-17 20:32:20,111,292,78,346,400,785,785
2016-04-17 20:32:21,113,293,78,347,400,785,785
2016-04-17 20:32:22,115,294,78,347,401,785,785
2016-04-17 20:32:23,118,295,78,348,401,785,785
2016-04-17 20:32:24,123,296,78,349,401,785,785
2016-04-17 20:32:25,127,297,78,349,402,785,785
2016-04-17 20:32:26,132,298,78,350,402,785,785
2016-04-17 20:32:27,135,299,78,351,402,785,785
2016-04-17 20:32:28,140,300,78,351,403,785,785
2016-04-17 20:32:29,143,301,78,351,403,785,785
2016-04-17 20:32:30,144,302,78,352,403,785,785
2016-04-17 20:32:31,147,303,78,353,404,785,785
2016-04-17 20:32:32,150,304,78,353,404,785,785
2016-04-17 20:32:33,156,305,78,354,405,785,785
2016-04-17 20:32:34,159,306,78,354,405,785,785
2016-04-17 20:32:35,164,307,78,355,405,785,785
2016-04-17 20:32:36,169,308,78,355,405,785,785
2016-04-17 20:32:37,172,309,78,356,406,785,785
2016-04-17 20:32:38,177,310,78,357,406,785,785
2016-04-17 20:32:39,181,311,78,357,406,785,785
2016-04-17 20:32:40,184,312,78,358,407,785,785
2016-04-17 20:32:41,190,313,78,358,407,785,785
2016-04-17 20:32:42,193,314,78,359,407,785,785
2016-04-17 20:32:43,198,315,78,359,407,785,785
2016-04-17 20:32:44,201,316,78,360,407,785,785
2016-04-17 20:32:45,207,317,78,360,407,785,785
2016-04-17 20:32:46,209,318,78,361,408,785,785
2016-04-17 20:32:47,214,319,78,362,408,785,785
2016-04-17 20:32:48,218,320,78,362,408,785,785
2016-04-17 20:32:49,223,321,78,362,408,785,785
2016-04-17 20:32:50,227,322,78,363,408,785,785
2016-04-17 20:32:51,232,323,78,363,409,785,785
2016-04-17 20:32:52,235,324,78,364,409,785,785
2016-04-17 20:32:53,240,325,78,364,408,785,785
2016-04-17 20:32:54,244,326,78,365,408,785,785
2016-04-17 20:32:55,249,327,78,366,409,785,785
2016-04-17 20:32:56,254,328,78,366,409,785,785
2016-04-17 20:32:57,258,329,78,367,410,785,785
2016-04-17 20:32:58,260,330,78,367,410,785,785
2016-04-17 20:32:59,263,331,78,368,410,785,785
2016-04-17 20:33:00,268,332,78,368,411,785,785
2016-04-17 20:33:01,269,333,78,369,411,785,785
2016-04-17 20:33:02,273,334,78,369,412,785,785
2016-04-17 20:33:03,276,335,78,370,412,785,785
2016-04-17 20:33:04,276,336,78,370,413,785,785
2016-04-17 20:33:05,280,337,78,371,413,785,785
2016-04-17 20:33:06,283,338,78,371,413,785,785
2016-04-17 20:33:07,288,339,78,372,413,785,785
2016-04-17 20:33:08,291,340,78,372,414,785,785
2016-04-17 20:33:09,293,341,78,373,414,785,785
2016-04-17 20:33:10,295,342,78,373,415,785,785
2016-04-17 20:33:11,298,343,78,374,415,785,785
2016-04-17 20:33:12,303,344,78,374,415,785,785
2016-04-17 20:33:13,306,345,78,375,416,785,785
2016-04-17 20:33:14,312,346,78,375,416,785,785
2016-04-17 20:33:15,315,347,78,376,416,785,785
2016-04-17 20:33:16,316,348,78,376,417,785,785
2016-04-17 20:33:17,319,349,78,377,417,785,785
2016-04-17 20:33:18,322,350,78,377,418,785,785
2016-04-17 20:33:19,327,351,78,378,418,785,785
2016-04-17 20:33:20,330,352,78,378,418,785,785
2016-04-17 20:33:21,332,353,78,379,419,785,785
2016-04-17 20:33:22,334,354,78,380,419,785,785
2016-04-17 20:33:23,337,355,78,380,419,785,785
2016-04-17 20:33:24,340,356,78,380,420,785,785
2016-04-17 20:33:25,345,357,78,381,420,785,785
2016-04-17 20:33:26,346,358,78,381,420,785,785
2016-04-17 20:33:27,350,359,78,382,420,785,785
2016-04-17 20:33:28,352,360,78,383,421,785,785
2016-04-17 20:33:29,357,361,78,383,421,785,785
2016-04-17 20:33:30,362,362,78,384,421,785,785
2016-04-17 20:33:31,367,363,78,384,422,785,785
2016-04-17 20:33:32,370,364,78,385,422,785,785
2016-04-17 20:33:33,375,365,78,385,422,785,785
2016-04-17 20:33:34,378,366,78,386,422,785,785
2016-04-17 20:33:35,380,367,78,386,423,785,785
2016-04-17 20:33:36,382,368,78,386,423,785,785
2016-04-17 20:33:37,385,369,78,387,423,785,785
2016-04-17 20:33:38,390,370,78,387,423,785,785
2016-04-17 20:33:39,393,371,78,388,424,785,785
2016-04-17 20:33:40,399,372,78,388,424,785,785
2016-04-17 20:33:41,402,373,78,389,424,785,785
2016-04-17 20:33:42,407,374,78,389,425,785,785
2016-04-17 20:33:43,412,375,78,390,425,785,785
2016-04-17 20:33:44,416,376,78,390,425,785,785
2016-04-17 20:33:45,419,377,78,391,426,785,785
2016-04-17 20:33:46,424,378,78,391,426,785,785
2016-04-17 20:33:47,427,379,78,392,427,785,785
2016-04-17 20:33:48,428,380,78,392,427,785,785
2016-04-17 20:33:49,432,381,78,393,427,785,785
2016-04-17 20:33:50,434,382,78,393,428,785,785
2016-04-17 20:33:51,440,383,78,394,428,785,785
2016-04-17 20:33:52,442,384,78,394,428,785,785
2016-04-17 20:33:53,445,385,78,395,429,785,785
2016-04-17 20:33:54,451,386,78,395,429,785,785
2016-04-17 20:33:55,455,387,78,396,429,785,785
2016-04-17 20:33:56,460,388,78,396,428,785,785
2016-04-17 20:33:57,465,389,78,397,428,785,785
2016-04-17 20:33:58,468,390,78,397,428,785,785
2016-04-17 20:33:59,474,391,78,398,427,785,785
2016-04-17 20:34:00,479,392,78,398,427,785,785
2016-04-17 20:34:01,482,393,78,399,427,785,785
2016-04-17 20:34:02,486,394,78,399,427,785,785
2016-04-17 20:34:03,490,395,78,400,427,785,785
2016-04-17 20:34:04,493,396,78,400,427,785,785
2016-04-17 20:34:05,499,397,78,401,428,785,785
2016-04-17 20:34:06,502,398,78,401,428,785,785
2016-04-17 20:34:07,505,399,78,402,429,785,785
2016-04-17 20:34:08,510,400,78,402,429,785,785
2016-04-17 20:34:09,511,401,78,403,429,785,785
2016-04-17 20:34:10,514,402,78,403,430,785,785
2016-04-17 20:34:11,517,403,78,404,430,785,785
2016-04-17 20:34:12,520,404,78,404,431,785,785
2016-04-17 20:34:13,526,405,78,405,431,785,785
2016-04-17 20:34:14,526,406,78,405,431,785,785
2016-04-17 20:34:15,530,407,78,405,432,785,785
2016-04-17 20:34:16,533,408,78,406,432,785,785
2016-04-17 20:34:17,538,409,78,406,432,785,785
2016-04-17 20:34:18,541,410,78,407,433,785,785
2016-04-17 20:34:19,541,411,78,407,433,785,785
2016-04-17 20:34:20,545,412,78,408,433,785,785
2016-04-17 20:34:21,550,413,78,408,433,785,785
2016-04-17 20:34:22,553,414,78,409,433,785,785
2016-04-17 20:34:23,556,415,78,409,434,785,785
2016-04-17 20:34:24,561,416,78,410,434,785,785
2016-04-17 20:34:25,566,417,78,410,434,785,785
2016-04-17 20:34:26,571,418,78,410,435,785,785
2016-04-17 20:34:27,573,419,78,411,435,785,785
2016-04-17 20:34:28,579,420,78,412,435,785,785
2016-04-17 20:34:29,584,421,78,412,435,785,785
2016-04-17 20:34:30,589,422,78,412,435,785,785
2016-04-17 20:34:31,593,423,78,413,436,785,785
2016-04-17 20:34:32,598,424,78,413,436,785,785
2016-04-17 20:34:33,600,425,78,414,436,785,785
2016-04-17 20:34:34,604,426,78,414,436,785,785
2016-04-17 20:34:35,610,427,78,415,437,785,785
2016-04-17 20:34:36,613,428,78,415,437,785,785
2016-04-17 20:34:37,616,429,78,416,437,785,785
2016-04-17 20:34:38,621,430,78,416,437,785,785
2016-04-17 20:34:39,624,431,78,417,438,785,785
2016-04-17 20:34:40,625,432,78,417,438,785,785
2016-04-17 20:34:41,628,433,78,417,438,785,785
2016-04-17 20:34:42,631,434,78,418,438,785,785
2016-04-17 20:34:43,632,435,78,418,438,785,785
2016-04-17 20:34:44,635,436,78,419,439,785,785
2016-04-17 20:34:45,640,437,78,419,439,785,785
2016-04-17 20:34:46,644,438,78,420,439,785,785
2016-04-17 20:34:47,646,439,78,420,439,785,785
2016-04-17 20:34:48,647,440,78,421,439,785,785
2016-04-17 20:34:49,650,441,78,421,440,785,785
2016-04-17 20:34:50,655,442,78,422,440,785,785
2016-04-17 20:34:51,659,443,78,422,440,785,785
2016-04-17 20:34:52,662,444,78,423,440,785,785
2016-04-17 20:34:53,662,445,78,423,440,785,785
2016-04-17 20:34:54,666,446,78,423,441,785,785
2016-04-17 20:34:55,671,447,78,424,441,785,785
2016-04-17 20:34:56,677,448,78,425,441,785,785
2016-04-17 20:34:57,677,449,78,425,441,785,785
2016-04-17 20:34:58,683,450,78,425,441,785,785
2016-04-17 20:34:59,686,451,78,426,440,785,785
2016-04-17 20:35:00,692,452,78,426,440,785,785
2016-04-17 20:35:01,694,453,78,427,440,785,785
2016-04-17 20:35:02,698,454,78,427,440,785,785
2016-04-17 20:35:03,702,455,78,428,440,785,785
2016-04-17 20:35:04,708,456,78,428,440,785,785
2016-04-17 20:35:05,711,457,78,429,440,785,785
2016-04-17 20:35:06,716,458,78,429,441,785,785
2016-04-17 20:35:07,719,459,78,430,441,785,785
2016-04-17 20:35:08,725,460,78,430,441,785,785
2016-04-17 20:35:09,728,461,78,430,441,785,785
2016-04-17 20:35:10,730,462,78,431,441,785,785
2016-04-17 20:35:11,732,463,78,431,441,785,785
2016-04-17 20:35:12,735,464,78,432,441,785,785
2016-04-17 20:35:13,738,465,78,432,441,785,785
2016-04-17 20:35:14,743,466,78,433,441,785,785
2016-04-17 20:35:15,746,467,78,433,441,785,785
2016-04-17 20:35:16,752,468,78,434,441,785,785
2016-04-17 20:35:17,757,469,78,434,441,785,785
2016-04-17 20:35:18,760,470,78,434,441,785,785
2016-04-17 20:35:19,766,471,78,435,441,785,785
2016-04-17 20:35:20,769,472,78,435,441,785,785
2016-04-17 20:35:21,770,473,78,436,442,785,785
2016-04-17 20:35:22,773,474,78,436,442,785,785
2016-04-17 20:35:23,776,475,78,437,442,785,785
2016-04-17 20:35:24,781,476,78,437,442,785,785
2016-04-17 20:35:25,784,477,78,438,442,785,785
2016-04-17 20:35:26,790,478,78,438,442,785,785
2016-04-17 20:35:27,792,479,78,438,442,785,785
2016-04-17 20:35:28,794,480,78,439,442,785,785
2016-04-17 20:35:29,797,481,78,439,442,785,785
2016-04-17 20:35:30,799,482,78,440,442,785,785
2016-04-17 20:35:31,805,483,78,440,442,785,785
2016-04-17 20:35:32,808,484,78,441,442,785,785
2016-04-17 20:35:33,814,485,78,441,443,785,785
2016-04-17 20:35:34,816,486,78,441,443,785,785
2016-04-17 20:35:35,822,487,78,442,443,785,785
2016-04-17 20:35:36,825,488,78,442,443,785,785
2016-04-17 20:35:37,830,489,78,443,443,785,785
2016-04-17 20:35:38,833,490,78,443,444,785,785
2016-04-17 20:35:39,839,491,78,444,444,785,785
2016-04-17 20:35:40,845,492,78,444,444,785,785
2016-04-17 20:35:41,847,493,78,445,444,785,785
2016-04-17 20:35:42,853,494,78,445,444,785,785
2016-04-17 20:35:43,856,495,78,445,444,785,785
2016-04-17 20:35:44,861,496,78,446,444,785,785
2016-04-17 20:35:45,867,497,78,446,445,785,785
2016-04-17 20:35:46,870,498,78,447,445,785,785
2016-04-17 20:35:47,873,499,78,447,445,785,785
2016-04-17 20:35:48,876,500,78,447,445,785,785
2016-04-17 20:35:49,881,501,78,448,445,785,785
2016-04-17 20:35:50,884,502,78,448,446,785,785
2016-04-17 20:35:51,890,503,78,449,446,785,785
2016-04-17 20:35:52,894,504,78,449,446,785,785
2016-04-17 20:35:53,898,505,78,450,446,785,785
2016-04-17 20:35:54,901,506,78,450,447,785,785
2016-04-17 20:35:55,903,507,78,451,447,785,785
2016-04-17 20:35:56,905,508,78,451,447,785,785
2016-04-17 20:35:57,908,509,78,451,447,785,785
2016-04-17 20:35:58,913,510,78,452,447,785,785
2016-04-17 20:35:59,916,511,78,452,447,785,785
2016-04-17 20:36:00,918,512,78,453,448,785,785
2016-04-17 20:36:01,921,513,78,453,448,785,785
2016-04-17 20:36:02,923,514,78,454,448,785,785
2016-04-17 20:36:03,927,516,78,454,448,785,785
2016-04-17 20:36:04,932,517,78,454,448,785,785
2016-04-17 20:36:05,937,518,78,455,448,785,785
2016-04-17 20:36:06,940,519,78,455,449,785,785
2016-04-17 20:36:07,945,520,78,456,449,785,785
2016-04-17 20:36:08,949,521,78,456,449,785,785
2016-04-17 20:36:09,953,522,78,457,449,785,785
2016-04-17 20:36:10,957,523,78,457,449,785,785
2016-04-17 20:36:11,961,524,78,457,449,785,785
2016-04-17 20:36:12,966,525,78,458,450,785,785
2016-04-17 20:36:13,967,526,78,458,450,785,785
2016-04-17 20:36:14,973,527,78,459,450,785,785
2016-04-17 20:36:15,976,528,78,459,450,785,785
2016-04-17 20:36:16,978,529,78,460,451,785,785
2016-04-17 20:36:17,981,530,78,460,451,785,785
2016-04-17 20:36:18,987,531,78,460,451,785,785
2016-04-17 20:36:19,989,532,78,461,451,785,785
2016-04-17 20:36:20,993,533,78,461,451,785,785
2016-04-17 20:36:21,998,534,78,462,452,785,785
2016-04-17 20:36:23,003,535,78,462,452,785,785
2016-04-17 20:36:24,006,536,78,463,452,785,785
2016-04-17 20:36:25,007,537,78,463,452,785,785
2016-04-17 20:36:26,011,538,78,463,453,785,785
2016-04-17 20:36:27,013,539,78,464,453,785,785
2016-04-17 20:36:28,017,540,78,464,453,785,785
2016-04-17 20:36:29,022,541,78,464,453,785,785
2016-04-17 20:36:30,027,542,78,465,453,785,785
2016-04-17 20:36:31,032,543,78,465,454,785,785
2016-04-17 20:36:32,036,544,78,466,454,785,785
2016-04-17 20:36:33,039,545,78,466,454,785,785
2016-04-17 20:36:34,044,546,78,466,454,785,785
2016-04-17 20:36:35,047,547,78,467,454,785,785
2016-04-17 20:36:36,053,548,78,467,455,785,785
2016-04-17 20:36:37,056,549,78,468,455,785,785
2016-04-17 20:36:38,057,550,78,468,455,785,785
2016-04-17 20:36:39,062,551,78,469,455,785,785
2016-04-17 20:36:40,066,552,78,469,455,785,785
2016-04-17 20:36:41,068,553,78,469,455,785,785
2016-04-17 20:36:42,071,554,78,470,455,785,785
2016-04-17 20:36:43,077,555,78,470,455,785,785
2016-04-17 20:36:44,079,556,78,471,456,785,785
2016-04-17 20:36:45,085,557,78,471,456,785,785
2016-04-17 20:36:46,088,558,78,472,456,785,785
2016-04-17 20:36:47,094,559,78,472,456,785,785
2016-04-17 20:36:48,097,560,78,473,456,785,785
2016-04-17 20:36:49,102,561,78,473,456,785,785
2016-04-17 20:36:50,105,562,78,474,456,785,785
2016-04-17 20:36:51,110,563,78,474,456,785,785
2016-04-17 20:36:52,113,564,78,474,456,785,785
2016-04-17 20:36:53,119,565,78,475,456,785,785
2016-04-17 20:36:54,122,566,78,475,456,785,785
2016-04-17 20:36:55,128,567,78,475,456,785,785
2016-04-17 20:36:56,130,568,78,476,456,785,785
2016-04-17 20:36:57,136,569,78,476,456,785,785
2016-04-17 20:36:58,139,570,78,477,456,785,785
2016-04-17 20:36:59,144,571,78,477,456,785,785
2016-04-17 20:37:00,147,572,78,478,456,785,785
2016-04-17 20:37:01,153,573,78,478,456,785,785
2016-04-17 20:37:02,156,574,78,478,456,785,785
2016-04-17 20:37:03,158,575,78,479,456,785,785
2016-04-17 20:37:04,161,576,78,479,456,785,785
2016-04-17 20:37:05,163,577,78,480,456,785,785
2016-04-17 20:37:06,168,578,78,480,456,785,785
2016-04-17 20:37:07,171,579,78,481,457,785,785
2016-04-17 20:37:08,177,580,78,481,456,785,785
2016-04-17 20:37:09,180,581,78,482,457,785,785
2016-04-17 20:37:10,185,582,78,482,457,785,785
2016-04-17 20:37:11,188,583,78,482,457,785,785
2016-04-17 20:37:12,194,584,78,483,457,785,785
2016-04-17 20:37:13,196,585,78,483,457,785,785
2016-04-17 20:37:14,202,586,78,484,457,785,785
2016-04-17 20:37:15,205,587,79,484,458,785,785
2016-04-17 20:37:16,211,588,79,484,458,785,785
2016-04-17 20:37:17,215,589,79,485,458,785,785
2016-04-17 20:37:18,219,590,79,486,458,785,785
2016-04-17 20:37:19,222,591,78,486,458,785,785
2016-04-17 20:37:20,228,592,78,486,458,785,785
2016-04-17 20:37:21,230,593,78,487,458,785,785
2016-04-17 20:37:22,231,594,78,487,459,785,785
2016-04-17 20:37:23,236,595,78,488,459,785,785
2016-04-17 20:37:24,237,596,78,488,460,785,785
2016-04-17 20:37:25,243,597,78,489,460,785,785
2016-04-17 20:37:26,246,598,79,490,461,785,785
2016-04-17 20:37:27,251,599,79,490,461,785,785
2016-04-17 20:37:28,254,600,79,490,461,785,785
2016-04-17 20:37:29,260,601,78,491,462,785,785
2016-04-17 20:37:30,263,602,79,491,462,785,785
2016-04-17 20:37:31,268,603,78,491,462,785,785
2016-04-17 20:37:32,271,604,79,492,463,785,785
2016-04-17 20:37:33,277,605,78,492,463,785,785
2016-04-17 20:37:34,280,606,78,493,464,785,785
2016-04-17 20:37:35,285,607,79,493,464,785,785
2016-04-17 20:37:36,288,608,79,494,464,785,785
2016-04-17 20:37:37,294,609,79,494,465,785,785
2016-04-17 20:37:38,297,610,78,494,465,785,785
2016-04-17 20:37:39,302,611,78,495,465,785,785
2016-04-17 20:37:40,305,612,79,495,465,785,785
2016-04-17 20:37:41,310,613,79,496,466,785,785
2016-04-17 20:37:42,314,614,78,496,466,785,785
2016-04-17 20:37:43,319,615,79,496,466,785,785
2016-04-17 20:37:44,322,616,79,497,466,785,785
2016-04-17 20:37:45,328,617,79,497,467,785,785
2016-04-17 20:37:46,330,618,79,498,467,785,785
2016-04-17 20:37:47,334,619,79,498,467,785,785
2016-04-17 20:37:48,339,620,78,499,468,785,785
2016-04-17 20:37:49,345,621,79,499,468,785,785
2016-04-17 20:37:50,350,622,79,499,468,785,785
2016-04-17 20:37:51,353,623,79,500,469,785,785
2016-04-17 20:37:52,356,624,79,500,469,785,785
2016-04-17 20:37:53,361,625,79,501,470,785,785
2016-04-17 20:37:54,367,626,79,501,470,785,785
2016-04-17 20:37:55,370,627,79,501,470,785,785
2016-04-17 20:37:56,373,628,79,502,471,785,785
2016-04-17 20:37:57,374,629,79,502,471,785,785
2016-04-17 20:37:58,377,630,79,503,471,785,785
2016-04-17 20:37:59,382,631,79,503,471,785,785
2016-04-17 20:38:00,385,632,79,503,472,785,785
2016-04-17 20:38:01,388,633,79,504,472,785,785
2016-04-17 20:38:02,392,634,79,504,473,785,785
2016-04-17 20:38:03,397,635,79,505,473,785,785
2016-04-17 20:38:04,402,636,79,505,473,785,785
2016-04-17 20:38:05,405,637,79,505,473,785,785
2016-04-17 20:38:06,411,638,79,506,473,785,785
2016-04-17 20:38:07,414,639,79,506,473,785,785
2016-04-17 20:38:08,419,640,79,507,473,785,785
2016-04-17 20:38:09,422,641,79,507,473,785,785
2016-04-17 20:38:10,428,642,79,507,473,785,785
2016-04-17 20:38:11,431,643,79,507,473,785,785
2016-04-17 20:38:12,436,644,78,508,473,785,785
2016-04-17 20:38:13,439,645,79,508,473,785,785
2016-04-17 20:38:14,444,646,79,508,474,785,785
2016-04-17 20:38:15,449,647,79,509,474,785,785
2016-04-17 20:38:16,454,648,79,509,474,785,785
2016-04-17 20:38:17,458,649,79,509,474,785,785
2016-04-17 20:38:18,464,650,79,510,474,785,785
2016-04-17 20:38:19,467,651,79,510,475,785,785
2016-04-17 20:38:20,472,652,79,510,475,785,785
2016-04-17 20:38:21,473,653,79,511,475,785,785
2016-04-17 20:38:22,478,654,79,511,475,785,785
2016-04-17 20:38:23,481,655,79,511,475,785,785
2016-04-17 20:38:24,487,656,79,512,475,785,785
2016-04-17 20:38:25,490,657,79,512,476,785,785
2016-04-17 20:38:26,495,658,79,512,476,785,785
2016-04-17 20:38:27,498,659,79,513,476,785,785
2016-04-17 20:38:28,501,660,79,513,476,785,785
2016-04-17 20:38:29,502,661,79,513,476,785,785
2016-04-17 20:38:30,505,662,79,513,476,785,785
2016-04-17 20:38:31,511,663,79,514,476,785,785
2016-04-17 20:38:32,514,664,79,514,476,785,785
2016-04-17 20:38:33,516,665,79,514,476,785,785
2016-04-17 20:38:34,518,666,79,514,476,785,785
2016-04-17 20:38:35,521,667,79,515,476,785,785
2016-04-17 20:38:36,526,668,79,515,476,785,785
2016-04-17 20:38:37,529,669,79,515,476,785,785
2016-04-17 20:38:38,534,670,79,516,476,785,785
2016-04-17 20:38:39,538,671,79,516,476,785,785
2016-04-17 20:38:40,543,672,79,516,476,785,785
2016-04-17 20:38:41,548,673,79,516,476,785,785
2016-04-17 20:38:42,552,674,79,517,476,785,785
2016-04-17 20:38:43,554,675,79,517,476,785,785
2016-04-17 20:38:44,556,676,79,517,476,785,785
2016-04-17 20:38:45,559,677,79,518,476,785,785
2016-04-17 20:38:46,564,678,79,518,476,785,785
2016-04-17 20:38:47,567,679,79,518,476,785,785
2016-04-17 20:38:48,571,680,79,519,475,785,785
2016-04-17 20:38:49,575,681,79,519,475,785,785
2016-04-17 20:38:50,579,682,79,519,475,785,785
2016-04-17 20:38:51,584,683,79,519,476,785,785
2016-04-17 20:38:52,587,684,79,520,475,785,785
2016-04-17 20:38:53,588,685,79,520,475,785,785
2016-04-17 20:38:54,593,686,79,520,475,785,785
2016-04-17 20:38:55,597,687,79,520,475,785,785
2016-04-17 20:38:56,600,688,79,521,475,785,785
2016-04-17 20:38:57,602,689,79,521,475,785,785
2016-04-17 20:38:58,607,690,79,521,475,785,785
2016-04-17 20:38:59,611,691,79,521,475,785,785
2016-04-17 20:39:00,616,692,79,522,475,785,785
2016-04-17 20:39:01,619,693,79,522,475,785,785
2016-04-17 20:39:02,624,694,79,522,475,785,785
2016-04-17 20:39:03,627,695,79,523,476,785,785
2016-04-17 20:39:04,630,696,79,523,476,785,785
2016-04-17 20:39:05,632,697,79,523,476,785,785
2016-04-17 20:39:06,634,698,79,523,476,785,785
2016-04-17 20:39:07,640,699,79,524,476,785,785
2016-04-17 20:39:08,643,700,79,524,476,785,785
2016-04-17 20:39:09,648,701,79,524,476,785,785
2016-04-17 20:39:10,651,702,79,524,476,785,785
2016-04-17 20:39:11,657,703,79,525,476,785,785
2016-04-17 20:39:12,660,704,79,525,476,785,785
2016-04-17 20:39:13,665,705,79,525,476,785,785
2016-04-17 20:39:14,668,706,79,526,475,785,785
2016-04-17 20:39:15,673,707,79,526,475,785,785
2016-04-17 20:39:16,677,708,79,526,474,785,785
2016-04-17 20:39:17,682,709,79,527,474,785,785
2016-04-17 20:39:18,685,710,79,527,473,785,785
2016-04-17 20:39:19,691,711,79,527,473,785,785
2016-04-17 20:39:20,694,712,79,527,472,785,785
2016-04-17 20:39:21,697,713,79,528,472,785,785
2016-04-17 20:39:22,702,714,79,528,471,785,785
2016-04-17 20:39:23,708,715,79,528,470,785,785
2016-04-17 20:39:24,711,716,79,529,470,785,785
2016-04-17 20:39:25,716,717,79,529,469,785,785
2016-04-17 20:39:26,719,718,79,529,469,785,785
2016-04-17 20:39:27,725,719,79,529,468,785,785
2016-04-17 20:39:28,730,720,79,530,468,785,785
2016-04-17 20:39:29,733,721,79,530,467,785,785
2016-04-17 20:39:30,738,722,79,530,467,785,785
2016-04-17 20:39:31,741,723,79,530,467,785,785
2016-04-17 20:39:32,746,724,79,530,466,785,785
2016-04-17 20:39:33,750,725,79,531,466,785,785
2016-04-17 20:39:34,753,726,79,531,465,785,785
2016-04-17 20:39:35,758,727,79,531,465,785,785
2016-04-17 20:39:36,762,728,79,531,465,785,785
2016-04-17 20:39:37,767,729,79,532,464,785,785
2016-04-17 20:39:38,772,730,79,532,464,785,785
2016-04-17 20:39:39,777,731,79,532,464,785,785
2016-04-17 20:39:40,779,732,79,533,463,785,785
2016-04-17 20:39:41,784,733,79,533,463,785,785
2016-04-17 20:39:42,787,734,79,533,463,785,785
2016-04-17 20:39:43,792,735,79,533,462,785,785
2016-04-17 20:39:44,795,736,79,534,462,785,785
2016-04-17 20:39:45,801,737,79,534,462,785,785
2016-04-17 20:39:46,804,738,79,534,462,785,785
2016-04-17 20:39:47,809,739,79,534,461,785,785
2016-04-17 20:39:48,812,740,79,534,461,785,785
2016-04-17 20:39:49,814,741,79,534,461,785,785
2016-04-17 20:39:50,818,742,79,535,461,785,785
2016-04-17 20:39:51,819,743,79,535,460,785,785
2016-04-17 20:39:52,825,744,79,535,460,785,785
2016-04-17 20:39:53,827,745,79,535,460,785,785
2016-04-17 20:39:54,831,746,79,535,460,785,785
2016-04-17 20:39:55,836,747,79,536,459,785,785
2016-04-17 20:39:56,837,748,79,536,459,785,785
2016-04-17 20:39:57,840,749,79,536,459,785,785
2016-04-17 20:39:58,843,750,79,536,458,785,785
2016-04-17 20:39:59,849,751,79,537,458,785,785
2016-04-17 20:40:00,852,752,79,537,458,785,785
2016-04-17 20:40:01,857,753,79,537,458,785,785
2016-04-17 20:40:02,860,754,79,537,457,785,785
2016-04-17 20:40:03,865,755,79,538,457,785,785
2016-04-17 20:40:04,871,756,79,538,457,785,785
2016-04-17 20:40:05,876,757,79,538,457,785,785
2016-04-17 20:40:06,878,758,79,538,457,785,785
2016-04-17 20:40:07,883,759,79,538,457,785,785
2016-04-17 20:40:08,885,760,79,538,456,785,785
2016-04-17 20:40:09,887,761,79,539,456,785,785
2016-04-17 20:40:10,889,762,79,539,456,785,785
2016-04-17 20:40:11,895,763,79,539,456,785,785
2016-04-17 20:40:12,900,764,79,539,455,785,785
2016-04-17 20:40:13,904,765,79,539,455,785,785
2016-04-17 20:40:14,906,766,79,540,454,785,785
2016-04-17 20:40:15,911,767,79,540,454,785,785
2016-04-17 20:40:16,915,768,79,540,454,785,785
2016-04-17 20:40:17,917,769,79,540,454,785,785
2016-04-17 20:40:18,919,770,79,540,454,785,785
2016-04-17 20:40:19,922,771,79,540,453,785,785
2016-04-17 20:40:20,927,773,79,541,453,785,785
2016-04-17 20:40:21,932,774,79,541,453,785,785
2016-04-17 20:40:22,933,775,79,541,453,785,785
2016-04-17 20:40:23,937,776,79,541,453,785,785
2016-04-17 20:40:24,941,777,79,541,453,785,785
2016-04-17 20:40:25,947,778,79,542,452,785,785
2016-04-17 20:40:26,950,779,79,542,452,785,785
2016-04-17 20:40:27,955,780,79,542,452,785,785
2016-04-17 20:40:28,960,781,79,542,452,785,785
2016-04-17 20:40:29,964,782,79,542,452,785,785
2016-04-17 20:40:30,970,783,79,542,451,785,785
2016-04-17 20:40:31,974,784,79,542,452,785,785
2016-04-17 20:40:32,978,785,79,542,451,785,785
2016-04-17 20:40:33,981,786,79,543,451,785,785
2016-04-17 20:40:34,984,787,79,543,451,785,785
2016-04-17 20:40:35,989,788,79,543,451,785,785
2016-04-17 20:40:36,992,789,79,543,451,785,785
2016-04-17 20:40:37,998,790,79,543,450,785,785
2016-04-17 20:40:39,001,791,79,543,450,785,785
2016-04-17 20:40:40,006,792,79,544,450,785,785
2016-04-17 20:40:41,009,793,79,544,450,785,785
2016-04-17 20:40:42,013,794,79,544,450,785,785
2016-04-17 20:40:43,017,795,79,544,450,785,785
2016-04-17 20:40:44,018,796,79,544,450,785,785
2016-04-17 20:40:45,022,797,79,544,450,785,785
2016-04-17 20:40:46,024,798,79,545,450,785,785
2016-04-17 20:40:47,030,799,79,545,450,785,785
2016-04-17 20:40:48,034,800,79,545,450,785,785
2016-04-17 20:40:49,039,801,79,545,450,785,785
2016-04-17 20:40:50,041,802,79,545,450,785,785
2016-04-17 20:40:51,044,803,79,545,450,785,785
2016-04-17 20:40:52,050,804,79,545,449,785,785
2016-04-17 20:40:53,052,805,79,546,449,785,785
2016-04-17 20:40:54,054,806,79,546,449,785,785
2016-04-17 20:40:55,057,807,79,546,449,785,785
2016-04-17 20:40:56,062,808,79,546,449,785,785
2016-04-17 20:40:57,065,809,79,546,449,785,785
2016-04-17 20:40:58,071,810,79,546,449,785,785
2016-04-17 20:40:59,075,811,79,546,449,785,785
2016-04-17 20:41:00,079,812,79,546,449,785,785
2016-04-17 20:41:01,082,813,79,547,449,785,785
2016-04-17 20:41:02,084,814,79,547,449,785,785
2016-04-17 20:41:03,086,815,79,547,449,785,785
2016-04-17 20:41:04,089,816,79,547,449,785,785
2016-04-17 20:41:05,092,817,79,547,448,785,785
2016-04-17 20:41:06,098,818,79,547,449,785,785
2016-04-17 20:41:07,100,819,79,547,448,785,785
2016-04-17 20:41:08,102,820,79,548,448,785,785
2016-04-17 20:41:09,106,821,79,548,448,785,785
2016-04-17 20:41:10,110,822,79,548,448,785,785
2016-04-17 20:41:11,113,823,79,548,448,785,785
2016-04-17 20:41:12,118,824,79,548,448,785,785
2016-04-17 20:41:13,121,825,79,548,448,785,785
2016-04-17 20:41:14,125,826,79,548,448,785,785
2016-04-17 20:41:15,130,827,79,548,448,785,785
2016-04-17 20:41:16,136,828,79,548,447,785,785
2016-04-17 20:41:17,138,829,79,548,447,785,785
2016-04-17 20:41:18,142,830,79,548,447,785,785
2016-04-17 20:41:19,147,831,79,548,447,785,785
2016-04-17 20:41:20,152,832,79,548,447,785,785
2016-04-17 20:41:21,155,833,79,549,446,785,785
2016-04-17 20:41:22,161,834,79,549,446,785,785
2016-04-17 20:41:23,163,835,79,549,446,785,785
2016-04-17 20:41:24,167,836,79,549,446,785,785
2016-04-17 20:41:25,172,837,79,549,446,785,785
2016-04-17 20:41:26,176,838,79,549,446,785,785
2016-04-17 20:41:27,181,839,79,549,446,785,785
2016-04-17 20:41:28,186,840,79,549,446,785,785
2016-04-17 20:41:29,189,841,79,549,446,785,785
2016-04-17 20:41:30,195,842,79,550,446,785,785
2016-04-17 20:41:31,198,843,79,550,446,785,785
2016-04-17 20:41:32,203,844,79,550,446,785,785
2016-04-17 20:41:33,206,845,79,550,446,785,785
2016-04-17 20:41:34,212,846,79,550,446,785,785
2016-04-17 20:41:35,215,847,79,550,446,785,785
2016-04-17 20:41:36,220,848,79,550,446,785,785
2016-04-17 20:41:37,223,849,79,550,446,785,785
2016-04-17 20:41:38,229,850,79,550,446,785,785
2016-04-17 20:41:39,232,851,79,550,446,785,785
2016-04-17 20:41:40,237,852,79,550,446,785,785
2016-04-17 20:41:41,240,853,79,550,446,785,785
2016-04-17 20:41:42,243,854,79,550,447,785,785
2016-04-17 20:41:43,248,855,79,550,447,785,785
2016-04-17 20:41:44,250,856,79,551,447,785,785
2016-04-17 20:41:45,254,857,79,551,448,785,785
2016-04-17 20:41:46,259,858,79,551,448,785,785
2016-04-17 20:41:47,261,859,79,551,448,785,785
2016-04-17 20:41:48,264,860,79,551,448,785,785
2016-04-17 20:41:49,265,861,79,551,449,785,785
2016-04-17 20:41:50,268,862,79,551,449,785,785
2016-04-17 20:41:51,271,863,79,551,449,785,785
2016-04-17 20:41:52,273,864,79,551,450,785,785
2016-04-17 20:41:53,275,865,79,551,450,785,785
2016-04-17 20:41:54,278,866,79,551,450,785,785
2016-04-17 20:41:55,283,867,79,552,450,785,785
2016-04-17 20:41:56,286,868,79,552,451,785,785
2016-04-17 20:41:57,292,869,79,552,451,785,785
2016-04-17 20:41:58,295,870,79,552,451,785,785
2016-04-17 20:41:59,300,871,79,552,452,785,785
2016-04-17 20:42:00,306,872,79,552,452,785,785
2016-04-17 20:42:01,309,873,79,552,453,785,785
2016-04-17 20:42:02,313,874,79,552,453,785,785
2016-04-17 20:42:03,317,875,79,552,454,785,785
2016-04-17 20:42:04,320,876,79,552,454,785,785
2016-04-17 20:42:05,325,877,79,552,454,785,785
2016-04-17 20:42:06,329,878,79,552,454,785,785
2016-04-17 20:42:07,334,879,79,552,455,785,785
2016-04-17 20:42:08,337,880,79,553,455,785,785
2016-04-17 20:42:09,342,881,79,553,455,785,785
2016-04-17 20:42:10,346,882,79,553,455,785,785
2016-04-17 20:42:11,351,883,79,553,455,785,785
2016-04-17 20:42:12,354,884,79,553,455,785,785
2016-04-17 20:42:13,359,885,79,553,455,785,785
2016-04-17 20:42:14,362,886,79,553,455,785,785
2016-04-17 20:42:15,368,887,79,553,456,785,785
2016-04-17 20:42:16,371,888,79,553,456,785,785
2016-04-17 20:42:17,376,889,79,553,456,785,785
2016-04-17 20:42:18,379,890,79,553,456,785,785
2016-04-17 20:42:19,385,891,79,554,456,785,785
2016-04-17 20:42:20,388,892,79,554,456,785,785
2016-04-17 20:42:21,393,893,79,554,456,785,785
2016-04-17 20:42:22,396,894,79,554,456,785,785
2016-04-17 20:42:23,400,895,79,554,457,785,785
2016-04-17 20:42:24,405,896,79,554,457,785,785
2016-04-17 20:42:25,410,897,79,554,457,785,785
2016-04-17 20:42:26,413,898,79,554,457,785,785
2016-04-17 20:42:27,419,899,79,554,457,785,785
2016-04-17 20:42:28,422,900,79,554,457,785,785
2016-04-17 20:42:29,427,901,79,554,457,785,785
2016-04-17 20:42:30,430,902,79,554,457,785,785
2016-04-17 20:42:31,432,903,79,554,457,785,785
2016-04-17 20:42:32,436,904,79,555,457,785,785
2016-04-17 20:42:33,437,905,79,555,457,785,785
2016-04-17 20:42:34,442,906,79,555,458,785,785
2016-04-17 20:42:35,446,907,79,554,458,785,785
2016-04-17 20:42:36,451,908,79,555,458,785,785
2016-04-17 20:42:37,456,909,79,555,458,785,785
2016-04-17 20:42:38,459,910,79,555,458,785,785
2016-04-17 20:42:39,462,911,79,555,458,785,785
2016-04-17 20:42:40,463,912,79,555,458,785,785
2016-04-17 20:42:41,466,913,79,555,458,785,785
2016-04-17 20:42:42,471,914,79,555,458,785,785
2016-04-17 20:42:43,475,915,79,555,458,785,785
2016-04-17 20:42:44,478,916,79,555,458,785,785
2016-04-17 20:42:45,480,917,79,556,458,785,785
2016-04-17 20:42:46,486,918,79,556,458,785,785
2016-04-17 20:42:47,487,919,79,556,458,785,785
2016-04-17 20:42:48,490,920,79,556,458,785,785
2016-04-17 20:42:49,493,921,79,556,457,785,785
2016-04-17 20:42:50,499,922,79,556,457,785,785
2016-04-17 20:42:51,501,923,79,556,456,785,785
2016-04-17 20:42:52,504,924,79,556,455,785,785
2016-04-17 20:42:53,506,925,79,556,454,785,785
2016-04-17 20:42:54,508,926,79,556,454,785,785
2016-04-17 20:42:55,514,927,79,556,453,785,785
2016-04-17 20:42:56,517,928,79,556,452,785,785
2016-04-17 20:42:57,518,929,79,557,451,785,785
2016-04-17 20:42:58,521,930,79,557,451,785,785
2016-04-17 20:42:59,524,931,79,557,450,785,785
2016-04-17 20:43:00,525,932,79,557,449,785,785
2016-04-17 20:43:01,528,933,79,557,449,785,785
2016-04-17 20:43:02,533,934,79,557,449,785,785
2016-04-17 20:43:03,536,935,79,557,448,785,785
2016-04-17 20:43:04,541,936,79,557,448,784,785
2016-04-17 20:43:05,545,937,79,557,447,784,785
2016-04-17 20:43:06,548,938,79,557,447,785,785
2016-04-17 20:43:07,553,939,79,557,446,785,785
2016-04-17 20:43:08,557,940,79,557,446,785,785
2016-04-17 20:43:09,562,941,79,557,445,785,785
2016-04-17 20:43:10,565,942,79,557,445,785,785
2016-04-17 20:43:11,570,943,79,557,445,785,785
2016-04-17 20:43:12,573,944,79,557,444,785,785
2016-04-17 20:43:13,576,945,79,557,444,785,785
2016-04-17 20:43:14,582,946,79,557,444,785,785
2016-04-17 20:43:15,588,947,79,557,444,785,785
2016-04-17 20:43:16,590,948,79,557,444,785,785
2016-04-17 20:43:17,595,949,79,557,444,785,785
2016-04-17 20:43:18,598,950,79,557,443,785,785
2016-04-17 20:43:19,604,951,79,557,443,785,785
2016-04-17 20:43:20,607,952,79,557,443,785,785
2016-04-17 20:43:21,613,953,79,557,443,785,785
2016-04-17 20:43:22,615,954,79,557,443,785,785
2016-04-17 20:43:23,620,955,79,557,443,785,785
2016-04-17 20:43:24,624,956,79,556,443,784,785
2016-04-17 20:43:25,629,957,79,555,443,785,785
2016-04-17 20:43:26,634,958,79,553,443,784,785
2016-04-17 20:43:27,638,959,79,551,442,785,785
2016-04-17 20:43:28,641,960,79,549,442,785,785
2016-04-17 20:43:29,645,961,79,546,441,784,785
2016-04-17 20:43:30,649,962,79,544,440,785,785
2016-04-17 20:43:31,655,963,79,542,439,784,785
2016-04-17 20:43:32,658,964,79,540,438,785,785
2016-04-17 20:43:33,660,965,79,537,438,785,785
2016-04-17 20:43:34,662,966,79,535,437,784,785
2016-04-17 20:43:35,665,967,79,534,436,785,785
2016-04-17 20:43:36,671,968,79,534,436,784,785
2016-04-17 20:43:37,673,969,79,534,436,785,785
2016-04-17 20:43:38,679,970,79,533,435,785,785
2016-04-17 20:43:39,684,971,79,533,435,784,785
2016-04-17 20:43:40,687,972,79,533,434,784,785
2016-04-17 20:43:41,690,973,79,533,434,785,785
2016-04-17 20:43:42,696,974,79,533,434,784,785
2016-04-17 20:43:43,701,975,79,532,434,785,785
2016-04-17 20:43:44,704,976,79,531,433,785,785
2016-04-17 20:43:45,707,977,79,530,433,784,785
2016-04-17 20:43:46,707,978,79,529,432,785,785
2016-04-17 20:43:47,711,979,79,528,432,785,785
2016-04-17 20:43:48,714,980,79,528,432,785,785
2016-04-17 20:43:49,719,981,79,527,431,784,785
2016-04-17 20:43:50,722,982,79,526,431,785,785
2016-04-17 20:43:51,728,983,79,525,430,785,785
2016-04-17 20:43:52,731,984,79,524,430,784,785
2016-04-17 20:43:53,735,985,79,523,429,785,785
2016-04-17 20:43:54,739,986,79,522,429,784,785
2016-04-17 20:43:55,745,987,79,521,428,785,785
2016-04-17 20:43:56,748,988,79,521,428,785,785
2016-04-17 20:43:57,753,989,79,520,427,785,785
2016-04-17 20:43:58,756,990,79,519,427,785,785
2016-04-17 20:43:59,762,991,79,519,427,785,785
2016-04-17 20:44:00,765,992,79,518,426,785,785
2016-04-17 20:44:01,770,993,79,517,426,785,785
2016-04-17 20:44:02,773,994,79,516,425,785,785
2016-04-17 20:44:03,776,995,79,516,425,785,785
2016-04-17 20:44:04,782,996,79,515,425,785,785
2016-04-17 20:44:05,787,997,79,514,425,785,785
2016-04-17 20:44:06,790,998,79,514,424,785,785
2016-04-17 20:44:07,796,999,79,513,424,784,785
2016-04-17 20:44:08,799,1000,79,512,423,785,785
2016-04-17 20:44:09,804,1001,79,512,423,784,785
2016-04-17 20:44:10,807,1002,79,511,423,785,785
2016-04-17 20:44:11,811,1003,79,510,422,784,785
2016-04-17 20:44:12,816,1004,79,509,422,785,785
