2018-04-25 21:16:23,257,coffee,datetime,ms,seconds,ambient_temp,thermocouple_0_temp,thermocouple_1_temp,thermocouple_2_temp,thermocouple_3_temp
2018-04-25 21:16:25,335,2,79,503,434,782,783
2018-04-25 21:16:26,339,3,79,496,430,782,783
2018-04-25 21:16:27,345,4,79,487,425,782,783
2018-04-25 21:16:28,348,5,79,476,419,782,783
2018-04-25 21:16:29,354,6,79,464,415,782,783
2018-04-25 21:16:30,357,7,79,452,409,782,783
2018-04-25 21:16:31,358,8,79,441,405,782,783
2018-04-25 21:16:32,361,9,79,431,401,782,783
2018-04-25 21:16:33,367,10,79,422,398,782,783
2018-04-25 21:16:34,370,11,79,413,396,782,783
2018-04-25 21:16:35,371,12,79,404,395,782,783
2018-04-25 21:16:36,373,13,79,395,393,782,783
2018-04-25 21:16:37,376,14,79,386,392,782,783
2018-04-25 21:16:38,380,15,79,379,391,782,783
2018-04-25 21:16:39,383,16,79,371,389,782,783
2018-04-25 21:16:40,387,17,79,363,388,782,783
2018-04-25 21:16:41,389,18,79,357,387,782,783
2018-04-25 21:16:42,392,19,79,350,386,782,783
2018-04-25 21:16:43,395,20,79,343,385,782,783
2018-04-25 21:16:44,396,21,79,337,384,782,783
2018-04-25 21:16:45,401,22,79,331,383,782,783
2018-04-25 21:16:46,402,23,79,325,382,782,783
2018-04-25 21:16:47,403,24,79,320,381,782,783
2018-04-25 21:16:48,403,25,79,315,380,782,783
2018-04-25 21:16:49,404,26,79,310,380,782,783
2018-04-25 21:16:50,410,27,79,305,379,782,783
2018-04-25 21:16:51,416,28,79,301,378,782,783
2018-04-25 21:16:52,418,29,79,297,377,782,783
2018-04-25 21:16:53,420,30,79,293,376,782,783
2018-04-25 21:16:54,424,31,79,289,376,782,783
2018-04-25 21:16:55,430,32,79,285,375,782,783
2018-04-25 21:16:56,435,33,79,282,375,782,783
2018-04-25 21:16:57,437,34,79,278,374,782,783
2018-04-25 21:16:58,442,35,79,275,374,782,783
2018-04-25 21:16:59,444,36,79,272,373,782,783
2018-04-25 21:17:00,449,37,79,269,373,782,783
2018-04-25 21:17:01,452,38,79,266,372,782,783
2018-04-25 21:17:02,453,39,79,263,372,782,783
2018-04-25 21:17:03,456,40,79,261,372,782,783
2018-04-25 21:17:04,457,41,79,258,372,782,783
2018-04-25 21:17:05,462,42,79,256,371,782,783
2018-04-25 21:17:06,465,43,79,254,371,782,783
2018-04-25 21:17:07,468,44,79,251,371,782,783
2018-04-25 21:17:08,472,45,79,249,370,782,783
2018-04-25 21:17:09,476,46,79,247,370,782,783
2018-04-25 21:17:10,480,47,79,245,370,782,783
2018-04-25 21:17:11,484,48,79,244,370,782,783
2018-04-25 21:17:12,485,49,79,242,369,782,783
2018-04-25 21:17:13,486,50,79,241,369,782,783
2018-04-25 21:17:14,489,51,79,239,369,782,783
2018-04-25 21:17:15,495,52,79,238,369,782,783
2018-04-25 21:17:16,500,53,79,237,368,782,783
2018-04-25 21:17:17,504,54,79,236,368,782,783
2018-04-25 21:17:18,509,55,79,234,368,782,783
2018-04-25 21:17:19,515,56,79,233,368,782,783
2018-04-25 21:17:20,517,57,79,232,368,782,783
2018-04-25 21:17:21,522,58,79,231,368,782,783
2018-04-25 21:17:22,523,59,79,230,369,782,783
2018-04-25 21:17:23,529,60,79,230,370,782,783
2018-04-25 21:17:24,533,61,79,229,370,782,783
2018-04-25 21:17:25,535,62,79,228,371,782,783
2018-04-25 21:17:26,540,63,79,227,372,782,783
2018-04-25 21:17:27,546,64,79,227,373,782,783
2018-04-25 21:17:28,552,65,79,226,373,782,783
2018-04-25 21:17:29,557,66,79,226,374,782,783
2018-04-25 21:17:30,563,67,79,225,375,782,783
2018-04-25 21:17:31,567,68,79,225,375,782,783
2018-04-25 21:17:32,570,69,79,225,376,782,783
2018-04-25 21:17:33,573,70,79,224,376,782,783
2018-04-25 21:17:34,578,71,79,224,377,782,783
2018-04-25 21:17:35,582,72,79,224,378,782,783
2018-04-25 21:17:36,583,73,79,224,378,782,783
2018-04-25 21:17:37,589,74,79,224,379,782,783
2018-04-25 21:17:38,595,75,79,224,380,782,783
2018-04-25 21:17:39,600,76,79,224,380,782,783
2018-04-25 21:17:40,605,77,79,224,381,782,783
2018-04-25 21:17:41,606,78,79,224,382,782,783
2018-04-25 21:17:42,609,79,79,224,382,782,783
2018-04-25 21:17:43,614,80,79,224,383,782,783
2018-04-25 21:17:44,616,81,79,224,383,782,783
2018-04-25 21:17:45,617,82,79,224,384,782,783
2018-04-25 21:17:46,618,83,79,225,384,782,783
2018-04-25 21:17:47,624,84,79,225,385,782,783
2018-04-25 21:17:48,629,85,79,225,385,782,783
2018-04-25 21:17:49,633,86,79,225,386,782,783
2018-04-25 21:17:50,634,87,79,225,386,782,783
2018-04-25 21:17:51,634,88,79,226,387,782,783
2018-04-25 21:17:52,640,89,79,226,387,782,783
2018-04-25 21:17:53,645,90,79,226,388,782,783
2018-04-25 21:17:54,648,91,79,227,388,782,783
2018-04-25 21:17:55,649,92,79,227,389,782,783
2018-04-25 21:17:56,652,93,79,228,389,782,783
2018-04-25 21:17:57,656,94,79,228,390,782,783
2018-04-25 21:17:58,660,95,79,228,390,782,783
2018-04-25 21:17:59,661,96,79,229,391,782,783
2018-04-25 21:18:00,664,97,79,229,391,782,783
2018-04-25 21:18:01,669,98,79,230,392,782,783
2018-04-25 21:18:02,672,99,79,230,392,782,783
2018-04-25 21:18:03,675,100,79,231,393,782,783
2018-04-25 21:18:04,681,101,79,231,393,782,783
2018-04-25 21:18:05,682,102,79,232,394,782,783
2018-04-25 21:18:06,686,103,79,232,394,782,783
2018-04-25 21:18:07,687,104,79,233,395,782,783
2018-04-25 21:18:08,691,105,79,234,395,782,783
2018-04-25 21:18:09,696,106,79,234,395,782,783
2018-04-25 21:18:10,698,107,79,235,396,782,783
2018-04-25 21:18:11,699,108,79,235,396,782,783
2018-04-25 21:18:12,700,109,79,236,396,782,783
2018-04-25 21:18:13,704,110,79,237,397,782,783
2018-04-25 21:18:14,705,111,79,237,397,782,783
2018-04-25 21:18:15,708,112,79,238,398,782,783
2018-04-25 21:18:16,714,113,79,239,398,782,783
2018-04-25 21:18:17,719,114,80,239,399,782,783
2018-04-25 21:18:18,722,115,79,240,399,782,783
2018-04-25 21:18:19,723,116,79,241,399,782,783
2018-04-25 21:18:20,726,117,79,241,400,782,783
2018-04-25 21:18:21,730,118,79,242,400,782,783
2018-04-25 21:18:22,732,119,79,243,400,782,783
2018-04-25 21:18:23,737,120,79,244,400,782,783
2018-04-25 21:18:24,738,121,79,244,401,782,783
2018-04-25 21:18:25,741,122,79,245,401,782,783
2018-04-25 21:18:26,742,123,79,246,401,782,783
2018-04-25 21:18:27,746,124,79,246,402,782,783
2018-04-25 21:18:28,747,125,79,247,402,782,783
2018-04-25 21:18:29,750,126,79,248,402,782,783
2018-04-25 21:18:30,753,127,79,249,402,782,783
2018-04-25 21:18:31,754,128,79,249,403,782,783
2018-04-25 21:18:32,757,129,80,250,403,782,783
2018-04-25 21:18:33,762,130,79,251,404,782,783
2018-04-25 21:18:34,767,131,80,252,404,782,783
2018-04-25 21:18:35,770,132,80,252,404,782,783
2018-04-25 21:18:36,774,133,80,253,404,782,783
2018-04-25 21:18:37,781,134,79,254,405,782,783
2018-04-25 21:18:38,784,135,79,255,405,782,783
2018-04-25 21:18:39,789,136,80,255,405,782,783
2018-04-25 21:18:40,794,137,80,256,406,782,783
2018-04-25 21:18:41,799,138,79,257,406,782,783
2018-04-25 21:18:42,804,139,80,258,406,782,783
2018-04-25 21:18:43,810,140,80,259,406,782,783
2018-04-25 21:18:44,815,141,80,259,407,782,783
2018-04-25 21:18:45,819,142,79,260,407,782,783
2018-04-25 21:18:46,823,143,80,261,407,782,783
2018-04-25 21:18:47,829,144,80,262,408,782,783
2018-04-25 21:18:48,833,145,80,262,408,782,783
2018-04-25 21:18:49,837,146,80,263,408,782,783
2018-04-25 21:18:50,841,147,80,264,409,782,783
2018-04-25 21:18:51,846,148,79,265,409,782,783
2018-04-25 21:18:52,850,149,80,266,409,782,783
2018-04-25 21:18:53,853,150,80,267,409,782,783
2018-04-25 21:18:54,859,151,80,268,409,782,783
2018-04-25 21:18:55,861,152,80,268,410,782,783
2018-04-25 21:18:56,867,153,80,269,410,782,783
2018-04-25 21:18:57,873,154,80,270,410,782,783
2018-04-25 21:18:58,877,155,80,271,411,782,783
2018-04-25 21:18:59,879,156,80,272,411,782,783
2018-04-25 21:19:00,879,157,80,273,411,782,783
2018-04-25 21:19:01,880,158,80,273,412,782,783
2018-04-25 21:19:02,885,159,80,274,412,782,783
2018-04-25 21:19:03,891,160,80,275,412,782,783
2018-04-25 21:19:04,892,161,80,276,412,782,783
2018-04-25 21:19:05,894,162,80,277,413,782,783
2018-04-25 21:19:06,894,163,80,278,413,782,783
2018-04-25 21:19:07,900,164,80,278,413,782,783
2018-04-25 21:19:08,903,165,80,279,413,782,783
2018-04-25 21:19:09,909,166,80,280,414,782,783
2018-04-25 21:19:10,914,167,80,281,414,782,783
2018-04-25 21:19:11,917,168,80,282,414,782,783
2018-04-25 21:19:12,918,169,80,283,414,782,783
2018-04-25 21:19:13,923,170,80,283,415,782,783
2018-04-25 21:19:14,926,171,80,284,415,782,783
2018-04-25 21:19:15,928,172,80,285,415,782,783
2018-04-25 21:19:16,933,173,80,286,416,782,783
2018-04-25 21:19:17,935,174,80,286,416,782,783
2018-04-25 21:19:18,936,175,80,287,416,782,783
2018-04-25 21:19:19,940,176,80,288,417,782,783
2018-04-25 21:19:20,942,177,80,289,417,782,783
2018-04-25 21:19:21,948,178,80,290,417,782,783
2018-04-25 21:19:22,953,179,80,290,417,782,783
2018-04-25 21:19:23,956,180,80,291,418,782,783
2018-04-25 21:19:24,961,181,80,292,418,782,783
2018-04-25 21:19:25,965,182,80,293,418,782,783
2018-04-25 21:19:26,966,183,80,294,419,782,783
2018-04-25 21:19:27,972,184,80,294,419,782,783
2018-04-25 21:19:28,976,185,80,295,419,782,783
2018-04-25 21:19:29,982,186,80,296,419,782,783
2018-04-25 21:19:30,988,187,80,297,420,782,783
2018-04-25 21:19:31,993,188,80,298,420,782,783
2018-04-25 21:19:32,994,189,80,299,420,782,783
2018-04-25 21:19:33,999,190,80,299,420,782,783
2018-04-25 21:19:35,003,191,80,300,421,782,783
2018-04-25 21:19:36,008,192,80,301,421,782,783
2018-04-25 21:19:37,010,193,80,302,421,782,783
2018-04-25 21:19:38,013,194,80,303,421,782,783
2018-04-25 21:19:39,014,195,80,303,421,782,783
2018-04-25 21:19:40,017,196,80,304,421,782,783
2018-04-25 21:19:41,022,197,80,305,422,782,783
2018-04-25 21:19:42,026,198,80,306,422,782,783
2018-04-25 21:19:43,032,199,80,306,422,782,783
2018-04-25 21:19:44,037,200,80,307,422,782,783
2018-04-25 21:19:45,041,201,80,308,423,782,783
2018-04-25 21:19:46,045,202,80,309,423,782,783
2018-04-25 21:19:47,048,203,80,309,423,782,783
2018-04-25 21:19:48,054,204,80,310,424,782,783
2018-04-25 21:19:49,057,205,80,311,424,782,783
2018-04-25 21:19:50,062,206,80,312,424,782,783
2018-04-25 21:19:51,065,207,80,312,425,782,783
2018-04-25 21:19:52,068,208,80,313,425,782,783
2018-04-25 21:19:53,072,209,80,314,425,782,783
2018-04-25 21:19:54,076,210,80,315,426,782,783
2018-04-25 21:19:55,079,211,80,316,426,782,783
2018-04-25 21:19:56,080,212,80,316,426,782,783
2018-04-25 21:19:57,086,213,80,317,426,782,783
2018-04-25 21:19:58,090,214,80,318,427,782,783
2018-04-25 21:19:59,092,215,80,318,427,782,783
2018-04-25 21:20:00,098,216,80,319,427,782,783
2018-04-25 21:20:01,101,217,80,320,427,782,783
2018-04-25 21:20:02,102,218,80,321,427,782,783
2018-04-25 21:20:03,106,219,80,322,428,782,783
2018-04-25 21:20:04,112,220,80,322,428,782,783
2018-04-25 21:20:05,113,221,80,323,428,782,783
2018-04-25 21:20:06,115,222,80,324,429,782,783
2018-04-25 21:20:07,119,223,80,324,429,782,783
2018-04-25 21:20:08,124,224,80,325,429,782,783
2018-04-25 21:20:09,124,225,80,326,429,782,783
2018-04-25 21:20:10,128,226,80,327,429,782,783
2018-04-25 21:20:11,131,227,80,327,430,782,783
2018-04-25 21:20:12,134,228,80,328,430,782,783
2018-04-25 21:20:13,137,229,80,329,430,782,783
2018-04-25 21:20:14,140,230,80,329,430,782,783
2018-04-25 21:20:15,144,231,80,330,430,782,783
2018-04-25 21:20:16,146,232,80,331,430,782,783
2018-04-25 21:20:17,152,233,80,332,431,782,783
2018-04-25 21:20:18,156,234,80,332,431,782,783
2018-04-25 21:20:19,161,235,80,333,431,782,783
2018-04-25 21:20:20,166,236,80,334,431,782,783
2018-04-25 21:20:21,171,237,80,334,432,782,783
2018-04-25 21:20:22,173,238,80,335,432,782,783
2018-04-25 21:20:23,174,239,80,336,432,782,783
2018-04-25 21:20:24,176,240,80,337,432,782,783
2018-04-25 21:20:25,181,241,80,337,433,782,783
2018-04-25 21:20:26,186,242,80,338,433,782,783
2018-04-25 21:20:27,190,243,80,339,433,782,783
2018-04-25 21:20:28,193,244,80,340,433,782,783
2018-04-25 21:20:29,197,245,80,340,434,782,783
2018-04-25 21:20:30,203,246,80,341,434,782,783
2018-04-25 21:20:31,204,247,80,342,434,782,783
2018-04-25 21:20:32,210,248,80,342,434,782,783
2018-04-25 21:20:33,215,249,80,343,435,782,783
2018-04-25 21:20:34,217,250,80,344,435,782,783
2018-04-25 21:20:35,222,251,80,345,435,782,783
2018-04-25 21:20:36,227,252,80,345,436,782,783
2018-04-25 21:20:37,231,253,80,346,436,782,783
2018-04-25 21:20:38,238,254,80,347,436,782,783
2018-04-25 21:20:39,239,255,80,347,437,782,783
2018-04-25 21:20:40,241,256,80,348,437,782,783
2018-04-25 21:20:41,243,257,80,349,437,782,783
2018-04-25 21:20:42,245,258,80,349,437,782,783
2018-04-25 21:20:43,249,259,80,350,437,782,783
2018-04-25 21:20:44,254,260,80,351,438,782,783
2018-04-25 21:20:45,259,262,80,352,438,782,783
2018-04-25 21:20:46,261,263,80,352,438,782,783
2018-04-25 21:20:47,267,264,80,353,438,782,783
2018-04-25 21:20:48,271,265,80,353,438,782,783
2018-04-25 21:20:49,277,266,80,354,439,782,783
2018-04-25 21:20:50,282,267,80,355,439,782,783
2018-04-25 21:20:51,287,268,80,355,439,782,783
2018-04-25 21:20:52,288,269,80,356,439,782,783
2018-04-25 21:20:53,293,270,80,357,440,782,783
2018-04-25 21:20:54,297,271,80,357,440,782,783
2018-04-25 21:20:55,299,272,80,358,440,782,783
2018-04-25 21:20:56,303,273,80,359,440,782,783
2018-04-25 21:20:57,304,274,80,359,440,782,783
2018-04-25 21:20:58,309,275,80,360,441,782,783
2018-04-25 21:20:59,310,276,80,361,441,782,783
2018-04-25 21:21:00,315,277,80,362,441,782,783
2018-04-25 21:21:01,320,278,80,362,441,782,783
2018-04-25 21:21:02,326,279,80,363,442,782,783
2018-04-25 21:21:03,332,280,80,363,442,782,783
2018-04-25 21:21:04,336,281,80,364,442,782,783
2018-04-25 21:21:05,338,282,80,365,442,782,783
2018-04-25 21:21:06,343,283,80,365,443,782,783
2018-04-25 21:21:07,346,284,80,366,443,782,783
2018-04-25 21:21:08,353,285,80,366,443,782,783
2018-04-25 21:21:09,356,286,80,367,443,782,783
2018-04-25 21:21:10,362,287,80,368,443,782,783
2018-04-25 21:21:11,365,288,80,368,444,782,783
2018-04-25 21:21:12,369,289,80,369,444,782,783
2018-04-25 21:21:13,371,290,80,369,444,782,783
2018-04-25 21:21:14,377,291,80,370,444,782,783
2018-04-25 21:21:15,377,292,80,371,444,782,783
2018-04-25 21:21:16,381,293,80,371,444,782,783
2018-04-25 21:21:17,384,294,80,372,445,782,783
2018-04-25 21:21:18,390,295,80,373,445,782,783
2018-04-25 21:21:19,392,296,80,373,445,782,783
2018-04-25 21:21:20,393,297,80,374,445,782,783
2018-04-25 21:21:21,394,298,80,374,446,782,783
2018-04-25 21:21:22,398,299,80,375,446,782,783
2018-04-25 21:21:23,401,300,80,376,447,782,783
2018-04-25 21:21:24,407,301,80,376,447,782,783
2018-04-25 21:21:25,418,302,80,377,447,782,783
2018-04-25 21:21:26,419,303,80,378,447,782,783
2018-04-25 21:21:27,426,304,80,378,447,782,783
2018-04-25 21:21:28,427,305,80,379,447,782,783
2018-04-25 21:21:29,435,306,80,379,448,782,783
2018-04-25 21:21:30,440,307,80,380,448,782,783
2018-04-25 21:21:31,443,308,80,381,448,782,783
2018-04-25 21:21:32,447,309,80,381,448,782,783
2018-04-25 21:21:33,452,310,80,382,449,782,783
2018-04-25 21:21:34,461,311,80,383,449,782,783
2018-04-25 21:21:35,470,312,80,383,449,782,783
2018-04-25 21:21:36,471,313,80,384,449,782,783
2018-04-25 21:21:37,473,314,80,384,450,782,783
2018-04-25 21:21:38,478,315,80,385,450,782,783
2018-04-25 21:21:39,486,316,80,386,450,782,783
2018-04-25 21:21:40,490,317,80,386,450,782,783
2018-04-25 21:21:41,497,318,80,387,451,782,783
2018-04-25 21:21:42,502,319,80,387,451,782,783
2018-04-25 21:21:43,509,320,80,388,451,782,783
2018-04-25 21:21:44,518,321,80,389,451,782,783
2018-04-25 21:21:45,521,322,80,389,451,782,783
2018-04-25 21:21:46,522,323,80,390,451,782,783
2018-04-25 21:21:47,526,324,80,390,451,782,783
2018-04-25 21:21:48,533,325,80,391,451,782,783
2018-04-25 21:21:49,534,326,80,392,451,782,783
2018-04-25 21:21:50,537,327,80,392,451,782,783
2018-04-25 21:21:51,539,328,80,393,451,782,783
2018-04-25 21:21:52,549,329,80,393,451,782,783
2018-04-25 21:21:53,550,330,80,394,452,782,783
2018-04-25 21:21:54,556,331,80,395,452,782,783
2018-04-25 21:21:55,565,332,80,395,452,782,783
2018-04-25 21:21:56,571,333,80,396,452,782,783
2018-04-25 21:21:57,580,334,80,396,452,782,783
2018-04-25 21:21:58,587,335,80,397,452,782,783
2018-04-25 21:21:59,595,336,80,397,452,782,783
2018-04-25 21:22:00,602,337,80,398,452,782,783
2018-04-25 21:22:01,603,338,80,399,452,782,783
2018-04-25 21:22:02,604,339,80,399,452,782,783
2018-04-25 21:22:03,605,340,80,400,452,782,783
2018-04-25 21:22:04,612,341,80,400,453,782,783
2018-04-25 21:22:05,622,342,80,401,453,782,783
2018-04-25 21:22:06,626,343,80,401,453,782,783
2018-04-25 21:22:07,629,344,80,402,453,782,783
2018-04-25 21:22:08,634,345,80,402,453,782,783
2018-04-25 21:22:09,639,346,80,403,454,782,783
2018-04-25 21:22:10,641,347,80,403,454,782,783
2018-04-25 21:22:11,650,348,80,404,454,782,783
2018-04-25 21:22:12,658,349,80,404,454,782,783
2018-04-25 21:22:13,659,350,80,405,454,782,783
2018-04-25 21:22:14,666,351,80,405,454,782,783
2018-04-25 21:22:15,676,352,80,406,454,782,783
2018-04-25 21:22:16,683,353,80,406,454,782,783
2018-04-25 21:22:17,684,354,80,407,454,782,783
2018-04-25 21:22:18,686,355,80,407,455,782,783
2018-04-25 21:22:19,688,356,80,408,455,782,783
2018-04-25 21:22:20,692,357,80,408,455,782,783
2018-04-25 21:22:21,694,358,80,409,455,782,783
2018-04-25 21:22:22,700,359,80,409,455,782,783
2018-04-25 21:22:23,701,360,80,410,455,782,783
2018-04-25 21:22:24,704,361,80,411,455,782,783
2018-04-25 21:22:25,708,362,80,411,455,782,783
2018-04-25 21:22:26,709,363,80,412,455,782,783
2018-04-25 21:22:27,716,364,80,412,456,782,783
2018-04-25 21:22:28,718,365,80,413,456,782,783
2018-04-25 21:22:29,727,366,80,413,456,782,783
2018-04-25 21:22:30,730,367,80,414,456,782,783
2018-04-25 21:22:31,733,368,80,414,456,782,783
2018-04-25 21:22:32,742,369,80,415,456,782,783
2018-04-25 21:22:33,748,370,80,415,456,782,783
2018-04-25 21:22:34,756,371,80,416,456,782,783
2018-04-25 21:22:35,761,372,80,416,456,782,783
2018-04-25 21:22:36,766,373,80,417,456,782,783
2018-04-25 21:22:37,770,374,80,417,457,782,783
2018-04-25 21:22:38,772,375,80,417,457,782,783
2018-04-25 21:22:39,778,376,80,418,457,782,783
2018-04-25 21:22:40,783,377,80,418,457,782,783
2018-04-25 21:22:41,789,378,80,419,457,782,783
2018-04-25 21:22:42,798,379,80,419,457,782,783
2018-04-25 21:22:43,801,380,80,420,457,782,783
2018-04-25 21:22:44,807,381,80,420,457,782,783
2018-04-25 21:22:45,815,382,80,421,458,782,783
2018-04-25 21:22:46,823,383,80,421,458,782,783
2018-04-25 21:22:47,831,384,80,422,458,782,783
2018-04-25 21:22:48,833,385,80,422,458,782,783
2018-04-25 21:22:49,834,386,80,423,458,782,783
2018-04-25 21:22:50,836,387,80,423,458,782,783
2018-04-25 21:22:51,848,388,80,424,458,782,783
2018-04-25 21:22:52,851,389,80,424,458,782,783
2018-04-25 21:22:53,852,390,80,425,458,782,783
2018-04-25 21:22:54,859,391,80,425,458,782,783
2018-04-25 21:22:55,869,392,80,426,458,782,783
2018-04-25 21:22:56,872,393,80,426,458,782,783
2018-04-25 21:22:57,875,394,80,426,459,782,783
2018-04-25 21:22:58,878,395,80,427,459,782,783
2018-04-25 21:22:59,886,396,80,427,459,782,783
2018-04-25 21:23:00,895,397,80,428,459,782,783
2018-04-25 21:23:01,899,398,80,428,459,782,783
2018-04-25 21:23:02,906,399,80,429,459,782,783
2018-04-25 21:23:03,913,400,80,429,459,782,783
2018-04-25 21:23:04,924,401,80,430,459,782,783
2018-04-25 21:23:05,930,402,80,430,460,782,783
2018-04-25 21:23:06,936,403,80,431,460,782,783
2018-04-25 21:23:07,940,404,80,431,460,782,783
2018-04-25 21:23:08,947,405,80,431,460,782,783
2018-04-25 21:23:09,950,406,80,432,460,782,783
2018-04-25 21:23:10,953,407,80,432,461,782,783
2018-04-25 21:23:11,960,408,80,433,461,782,783
2018-04-25 21:23:12,967,409,80,433,461,782,783
2018-04-25 21:23:13,970,410,80,434,461,782,783
2018-04-25 21:23:14,979,411,80,434,461,782,783
2018-04-25 21:23:15,981,412,80,434,462,782,783
2018-04-25 21:23:16,987,413,80,435,462,782,783
2018-04-25 21:23:17,997,414,80,435,462,782,783
2018-04-25 21:23:18,999,415,80,436,462,782,783
2018-04-25 21:23:20,003,416,80,436,462,782,783
2018-04-25 21:23:21,005,417,80,437,462,782,783
2018-04-25 21:23:22,014,418,80,437,463,782,783
2018-04-25 21:23:23,016,419,80,438,463,782,783
2018-04-25 21:23:24,021,420,80,438,463,782,783
2018-04-25 21:23:25,024,421,80,439,463,782,783
2018-04-25 21:23:26,028,422,80,439,463,782,783
2018-04-25 21:23:27,030,423,80,440,463,782,783
2018-04-25 21:23:28,033,424,80,440,463,782,783
2018-04-25 21:23:29,035,425,80,440,464,782,783
2018-04-25 21:23:30,040,426,80,441,464,782,783
2018-04-25 21:23:31,041,427,80,441,464,782,783
2018-04-25 21:23:32,045,428,80,442,464,782,783
2018-04-25 21:23:33,048,429,80,442,464,782,783
2018-04-25 21:23:34,050,430,80,443,464,782,783
2018-04-25 21:23:35,055,431,80,443,464,782,783
2018-04-25 21:23:36,061,432,80,444,464,782,783
2018-04-25 21:23:37,063,433,80,444,464,782,783
2018-04-25 21:23:38,067,434,80,445,465,782,783
2018-04-25 21:23:39,071,435,80,445,465,782,783
2018-04-25 21:23:40,077,436,80,445,465,782,783
2018-04-25 21:23:41,083,437,80,446,465,782,783
2018-04-25 21:23:42,086,438,80,446,465,782,783
2018-04-25 21:23:43,092,439,80,447,466,782,783
2018-04-25 21:23:44,096,440,80,447,466,782,783
2018-04-25 21:23:45,097,441,80,447,466,782,783
2018-04-25 21:23:46,098,442,80,448,466,782,783
2018-04-25 21:23:47,104,443,80,448,466,782,783
2018-04-25 21:23:48,109,444,80,449,466,782,783
2018-04-25 21:23:49,114,445,80,449,466,782,783
2018-04-25 21:23:50,118,446,80,450,466,782,783
2018-04-25 21:23:51,121,447,80,450,466,782,783
2018-04-25 21:23:52,126,448,80,451,466,782,783
2018-04-25 21:23:53,128,449,80,451,466,782,783
2018-04-25 21:23:54,132,450,80,451,467,782,783
2018-04-25 21:23:55,138,451,80,452,466,782,783
2018-04-25 21:23:56,142,452,80,452,466,782,783
2018-04-25 21:23:57,145,453,80,453,466,782,783
2018-04-25 21:23:58,150,454,80,453,466,782,783
2018-04-25 21:23:59,152,455,80,454,466,782,783
2018-04-25 21:24:00,154,456,80,454,465,782,783
2018-04-25 21:24:01,159,457,80,454,466,782,783
2018-04-25 21:24:02,162,458,80,455,466,782,783
2018-04-25 21:24:03,166,459,80,455,466,782,783
2018-04-25 21:24:04,168,460,80,456,467,782,783
2018-04-25 21:24:05,174,461,80,456,467,782,783
2018-04-25 21:24:06,177,462,80,457,467,782,783
2018-04-25 21:24:07,182,463,80,457,467,782,783
2018-04-25 21:24:08,184,464,80,458,468,782,783
2018-04-25 21:24:09,188,465,80,458,468,782,783
2018-04-25 21:24:10,192,466,80,458,468,782,783
2018-04-25 21:24:11,193,467,80,459,469,782,783
2018-04-25 21:24:12,197,468,80,459,469,782,783
2018-04-25 21:24:13,199,469,80,460,469,782,783
2018-04-25 21:24:14,202,470,80,460,469,782,783
2018-04-25 21:24:15,205,471,80,461,469,782,783
2018-04-25 21:24:16,208,472,80,461,469,782,783
2018-04-25 21:24:17,208,473,80,462,470,782,783
2018-04-25 21:24:18,212,474,80,462,470,782,783
2018-04-25 21:24:19,215,475,80,463,470,782,783
2018-04-25 21:24:20,217,476,80,463,470,782,783
2018-04-25 21:24:21,218,477,80,463,471,782,783
2018-04-25 21:24:22,224,478,80,464,471,782,783
2018-04-25 21:24:23,229,479,80,464,471,782,783
2018-04-25 21:24:24,229,480,80,465,471,782,783
2018-04-25 21:24:25,234,481,80,465,472,782,783
2018-04-25 21:24:26,240,482,80,466,472,782,783
2018-04-25 21:24:27,241,483,80,466,472,782,783
2018-04-25 21:24:28,247,484,80,466,472,782,783
2018-04-25 21:24:29,252,485,80,467,472,782,783
2018-04-25 21:24:30,256,487,80,467,472,782,783
2018-04-25 21:24:31,258,488,80,468,473,782,783
2018-04-25 21:24:32,259,489,80,468,473,782,783
2018-04-25 21:24:33,259,490,80,468,473,782,783
2018-04-25 21:24:34,264,491,80,469,473,782,783
2018-04-25 21:24:35,267,492,80,469,473,782,783
2018-04-25 21:24:36,273,493,80,470,473,782,783
2018-04-25 21:24:37,279,494,80,470,473,782,783
2018-04-25 21:24:38,281,495,80,471,472,782,783
2018-04-25 21:24:39,284,496,80,471,472,782,783
2018-04-25 21:24:40,288,497,80,471,472,782,783
2018-04-25 21:24:41,291,498,80,472,473,782,783
2018-04-25 21:24:42,292,499,80,472,473,782,783
2018-04-25 21:24:43,294,500,80,473,472,782,783
2018-04-25 21:24:44,297,501,80,473,472,782,783
2018-04-25 21:24:45,303,502,80,474,472,782,783
2018-04-25 21:24:46,306,503,80,474,472,782,783
2018-04-25 21:24:47,310,504,80,475,472,782,783
2018-04-25 21:24:48,315,505,80,475,472,782,783
2018-04-25 21:24:49,319,506,80,476,471,782,783
2018-04-25 21:24:50,325,507,80,476,472,782,783
2018-04-25 21:24:51,331,508,80,476,472,782,783
2018-04-25 21:24:52,338,509,80,477,472,782,783
2018-04-25 21:24:53,339,510,80,477,473,782,783
2018-04-25 21:24:54,341,511,80,478,473,782,783
2018-04-25 21:24:55,345,512,80,478,474,782,783
2018-04-25 21:24:56,348,513,80,478,474,782,783
2018-04-25 21:24:57,354,514,80,479,475,782,783
2018-04-25 21:24:58,359,515,80,479,475,782,783
2018-04-25 21:24:59,364,516,80,480,475,782,783
2018-04-25 21:25:00,366,517,80,480,476,782,783
2018-04-25 21:25:01,370,518,80,481,476,782,783
2018-04-25 21:25:02,372,519,80,481,476,782,783
2018-04-25 21:25:03,373,520,80,482,477,782,783
2018-04-25 21:25:04,376,521,80,482,477,782,783
2018-04-25 21:25:05,379,522,80,483,477,782,783
2018-04-25 21:25:06,386,523,80,483,477,782,783
2018-04-25 21:25:07,388,524,80,484,478,782,783
2018-04-25 21:25:08,388,525,80,484,478,782,783
2018-04-25 21:25:09,391,526,80,484,478,782,783
2018-04-25 21:25:10,397,527,80,485,478,782,783
2018-04-25 21:25:11,401,528,80,485,479,782,783
2018-04-25 21:25:12,406,529,80,486,479,782,783
2018-04-25 21:25:13,412,530,80,486,479,782,783
2018-04-25 21:25:14,413,531,80,487,479,782,783
2018-04-25 21:25:15,418,532,80,487,480,782,783
2018-04-25 21:25:16,421,533,80,487,480,782,783
2018-04-25 21:25:17,424,534,80,488,480,782,783
2018-04-25 21:25:18,425,535,80,488,480,782,783
2018-04-25 21:25:19,425,536,80,489,480,782,783
2018-04-25 21:25:20,427,537,80,489,480,782,783
2018-04-25 21:25:21,432,538,80,490,480,782,783
2018-04-25 21:25:22,438,539,80,490,480,782,783
2018-04-25 21:25:23,440,540,80,490,481,782,783
2018-04-25 21:25:24,441,541,80,491,480,782,783
2018-04-25 21:25:25,443,542,80,491,481,782,783
2018-04-25 21:25:26,448,543,80,492,481,782,783
2018-04-25 21:25:27,449,544,80,492,481,782,783
2018-04-25 21:25:28,452,545,80,492,481,782,783
2018-04-25 21:25:29,456,546,80,493,481,782,783
2018-04-25 21:25:30,458,547,80,493,481,782,783
2018-04-25 21:25:31,462,548,80,494,482,782,783
2018-04-25 21:25:32,465,549,80,494,482,782,783
2018-04-25 21:25:33,468,550,80,494,482,782,783
2018-04-25 21:25:34,471,551,80,495,482,782,783
2018-04-25 21:25:35,473,552,80,495,482,782,783
2018-04-25 21:25:36,478,553,80,495,482,782,783
2018-04-25 21:25:37,480,554,80,496,481,782,783
2018-04-25 21:25:38,483,555,80,496,481,782,783
2018-04-25 21:25:39,487,556,80,497,481,782,783
2018-04-25 21:25:40,491,557,80,497,481,782,783
2018-04-25 21:25:41,493,558,80,497,480,782,783
2018-04-25 21:25:42,495,559,80,498,479,782,783
2018-04-25 21:25:43,498,560,80,498,478,782,783
2018-04-25 21:25:44,504,561,80,498,477,782,783
2018-04-25 21:25:45,506,562,80,499,476,782,783
2018-04-25 21:25:46,509,563,80,499,475,782,783
2018-04-25 21:25:47,510,564,80,499,474,782,783
2018-04-25 21:25:48,514,565,80,499,473,782,783
2018-04-25 21:25:49,519,566,80,499,472,782,783
2018-04-25 21:25:50,520,567,80,500,471,782,783
2018-04-25 21:25:51,524,568,80,500,470,782,783
2018-04-25 21:25:52,525,569,80,500,469,782,783
2018-04-25 21:25:53,529,570,80,500,468,782,783
2018-04-25 21:25:54,531,571,80,501,468,782,783
2018-04-25 21:25:55,536,572,80,501,467,782,783
2018-04-25 21:25:56,539,573,80,501,466,782,783
2018-04-25 21:25:57,544,574,80,501,465,782,783
2018-04-25 21:25:58,545,575,80,502,465,782,783
2018-04-25 21:25:59,551,576,80,502,464,782,783
2018-04-25 21:26:00,556,577,80,502,463,782,783
2018-04-25 21:26:01,561,578,80,502,463,782,783
2018-04-25 21:26:02,567,579,80,502,462,782,783
2018-04-25 21:26:03,568,580,80,502,462,782,783
2018-04-25 21:26:04,573,581,80,502,461,782,783
2018-04-25 21:26:05,579,582,80,503,461,782,783
2018-04-25 21:26:06,585,583,80,503,460,782,783
2018-04-25 21:26:07,586,584,80,503,459,782,783
2018-04-25 21:26:08,590,585,80,503,459,782,783
2018-04-25 21:26:09,595,586,80,503,459,782,783
2018-04-25 21:26:10,601,587,80,503,458,782,783
2018-04-25 21:26:11,602,588,80,503,458,782,783
2018-04-25 21:26:12,607,589,80,503,457,782,783
2018-04-25 21:26:13,612,590,80,503,457,782,783
2018-04-25 21:26:14,617,591,80,504,456,782,783
2018-04-25 21:26:15,621,592,80,504,456,782,783
2018-04-25 21:26:16,625,593,80,504,455,782,783
2018-04-25 21:26:17,628,594,80,504,455,782,783
2018-04-25 21:26:18,634,595,80,504,455,782,783
2018-04-25 21:26:19,638,596,80,504,454,782,783
2018-04-25 21:26:20,642,597,80,504,454,782,783
2018-04-25 21:26:21,645,598,80,504,453,782,783
2018-04-25 21:26:22,651,599,80,504,453,782,783
2018-04-25 21:26:23,654,600,80,504,453,782,783
2018-04-25 21:26:24,658,601,80,504,453,782,783
2018-04-25 21:26:25,664,602,80,505,452,782,783
2018-04-25 21:26:26,669,603,80,505,452,782,783
2018-04-25 21:26:27,671,604,80,505,452,782,783
2018-04-25 21:26:28,675,605,80,505,452,782,783
2018-04-25 21:26:29,677,606,80,505,451,782,783
2018-04-25 21:26:30,683,607,80,505,451,782,783
2018-04-25 21:26:31,685,608,80,505,450,782,783
2018-04-25 21:26:32,687,609,80,505,450,782,783
2018-04-25 21:26:33,691,610,80,505,450,782,783
2018-04-25 21:26:34,697,611,80,505,450,782,783
2018-04-25 21:26:35,701,612,80,505,449,782,783
2018-04-25 21:26:36,703,613,80,505,449,781,783
2018-04-25 21:26:37,708,614,80,505,449,782,783
2018-04-25 21:26:38,712,615,80,505,448,782,783
2018-04-25 21:26:39,718,616,80,505,448,782,783
2018-04-25 21:26:40,723,617,80,505,448,782,783
2018-04-25 21:26:41,725,618,80,505,448,782,783
2018-04-25 21:26:42,726,619,80,505,448,782,783
2018-04-25 21:26:43,731,620,80,505,447,782,783
2018-04-25 21:26:44,734,621,80,505,447,782,783
2018-04-25 21:26:45,737,622,80,505,447,781,783
2018-04-25 21:26:46,740,623,80,505,446,782,783
2018-04-25 21:26:47,743,624,80,505,446,781,783
2018-04-25 21:26:48,749,625,80,505,446,782,783
2018-04-25 21:26:49,750,626,80,505,446,782,783
2018-04-25 21:26:50,754,627,80,505,446,782,783
2018-04-25 21:26:51,759,628,80,505,445,782,783
2018-04-25 21:26:52,761,629,80,505,445,782,783
2018-04-25 21:26:53,766,630,80,505,445,782,783
2018-04-25 21:26:54,768,631,80,505,445,781,783
2018-04-25 21:26:55,772,632,80,505,444,782,783
2018-04-25 21:26:56,779,633,80,505,444,782,783
2018-04-25 21:26:57,782,634,80,505,444,782,783
2018-04-25 21:26:58,786,635,80,505,444,782,783
2018-04-25 21:26:59,789,636,80,505,444,782,783
2018-04-25 21:27:00,793,637,80,505,444,782,783
2018-04-25 21:27:01,798,638,80,505,444,782,783
2018-04-25 21:27:02,801,639,80,505,445,781,783
2018-04-25 21:27:03,807,640,80,505,446,782,783
2018-04-25 21:27:04,814,641,80,505,446,782,783
2018-04-25 21:27:05,815,642,80,505,447,782,783
2018-04-25 21:27:06,821,643,80,505,447,782,783
2018-04-25 21:27:07,823,644,80,505,448,782,783
2018-04-25 21:27:08,827,645,80,505,448,782,783
2018-04-25 21:27:09,830,646,80,505,449,782,783
2018-04-25 21:27:10,831,647,80,505,449,782,783
2018-04-25 21:27:11,832,648,80,506,449,782,783
2018-04-25 21:27:12,835,649,80,506,450,782,783
2018-04-25 21:27:13,837,650,80,506,450,782,783
2018-04-25 21:27:14,839,651,80,506,450,782,783
2018-04-25 21:27:15,841,652,80,506,451,782,783
2018-04-25 21:27:16,846,653,80,506,451,782,783
2018-04-25 21:27:17,847,654,80,506,451,782,783
2018-04-25 21:27:18,852,655,80,506,452,782,783
2018-04-25 21:27:19,856,656,80,506,452,782,783
2018-04-25 21:27:20,857,657,80,506,452,782,783
2018-04-25 21:27:21,863,658,80,506,452,782,783
2018-04-25 21:27:22,864,659,80,506,453,782,783
2018-04-25 21:27:23,870,660,80,506,453,782,783
2018-04-25 21:27:24,876,661,80,506,453,782,783
2018-04-25 21:27:25,881,662,80,506,453,782,783
2018-04-25 21:27:26,887,663,80,506,454,782,783
2018-04-25 21:27:27,892,664,80,506,454,782,783
2018-04-25 21:27:28,896,665,80,507,454,782,783
2018-04-25 21:27:29,901,666,80,507,455,782,783
2018-04-25 21:27:30,903,667,80,507,454,782,783
2018-04-25 21:27:31,908,668,80,507,455,782,783
2018-04-25 21:27:32,913,669,80,507,455,782,783
2018-04-25 21:27:33,916,670,80,507,455,781,783
2018-04-25 21:27:34,920,671,80,507,455,782,783
2018-04-25 21:27:35,922,672,80,507,455,782,783
2018-04-25 21:27:36,928,673,80,507,455,782,783
2018-04-25 21:27:37,932,674,80,507,455,782,783
2018-04-25 21:27:38,938,675,80,508,456,782,783
2018-04-25 21:27:39,942,676,80,508,456,782,783
2018-04-25 21:27:40,945,677,80,508,456,782,783
2018-04-25 21:27:41,949,678,80,508,456,782,783
2018-04-25 21:27:42,954,679,80,508,456,782,783
2018-04-25 21:27:43,960,680,80,508,457,782,783
2018-04-25 21:27:44,964,681,80,508,456,782,783
2018-04-25 21:27:45,965,682,80,509,457,782,783
2018-04-25 21:27:46,971,683,80,509,457,782,783
2018-04-25 21:27:47,977,684,80,509,457,781,783
2018-04-25 21:27:48,982,685,80,509,457,781,783
2018-04-25 21:27:49,988,686,80,509,457,782,783
2018-04-25 21:27:50,989,687,80,509,457,782,783
2018-04-25 21:27:51,995,688,80,509,457,782,783
2018-04-25 21:27:53,000,689,80,510,457,782,783
2018-04-25 21:27:54,006,690,80,510,457,782,783
2018-04-25 21:27:55,012,691,80,510,457,781,783
2018-04-25 21:27:56,013,692,80,510,457,782,783
2018-04-25 21:27:57,018,693,80,510,457,782,783
2018-04-25 21:27:58,024,694,80,510,457,782,783
2018-04-25 21:27:59,028,695,80,510,457,782,783
2018-04-25 21:28:00,032,696,80,511,457,782,783
2018-04-25 21:28:01,036,697,80,511,457,782,783
2018-04-25 21:28:02,041,698,80,511,457,782,783
2018-04-25 21:28:03,044,699,80,511,456,782,783
2018-04-25 21:28:04,048,700,80,511,456,782,783
2018-04-25 21:28:05,048,701,80,511,456,782,783
2018-04-25 21:28:06,052,702,80,511,456,781,783
2018-04-25 21:28:07,056,703,80,512,456,782,783
2018-04-25 21:28:08,061,704,80,512,456,782,783
2018-04-25 21:28:09,061,705,80,512,456,782,783
2018-04-25 21:28:10,063,706,80,512,456,782,783
2018-04-25 21:28:11,067,707,80,512,456,781,783
2018-04-25 21:28:12,071,708,80,512,456,782,783
2018-04-25 21:28:13,077,709,80,513,456,782,783
2018-04-25 21:28:14,081,710,80,513,456,782,783
2018-04-25 21:28:15,087,711,80,513,456,782,783
2018-04-25 21:28:16,093,712,80,513,456,782,783
2018-04-25 21:28:17,096,713,80,513,456,782,783
2018-04-25 21:28:18,101,714,80,513,456,781,783
2018-04-25 21:28:19,107,715,80,513,456,781,783
2018-04-25 21:28:20,110,716,80,513,455,781,783
2018-04-25 21:28:21,113,717,80,514,455,781,783
2018-04-25 21:28:22,118,718,80,514,455,781,783
2018-04-25 21:28:23,119,719,80,514,455,781,783
2018-04-25 21:28:24,122,720,80,514,455,782,783
2018-04-25 21:28:25,126,721,80,514,455,782,783
2018-04-25 21:28:26,127,722,80,514,455,782,783
2018-04-25 21:28:27,132,723,80,514,455,782,783
2018-04-25 21:28:28,134,724,80,515,455,781,783
2018-04-25 21:28:29,138,725,80,515,455,781,783
2018-04-25 21:28:30,142,726,80,515,455,782,783
2018-04-25 21:28:31,147,727,80,515,454,782,783
2018-04-25 21:28:32,153,728,80,515,454,782,783
2018-04-25 21:28:33,159,729,80,515,453,781,783
2018-04-25 21:28:34,162,730,80,515,452,782,783
2018-04-25 21:28:35,166,731,80,516,452,782,783
2018-04-25 21:28:36,169,732,80,516,451,781,783
2018-04-25 21:28:37,172,733,80,516,450,782,783
2018-04-25 21:28:38,176,734,80,516,450,781,783
2018-04-25 21:28:39,180,735,80,516,450,782,783
2018-04-25 21:28:40,186,736,80,516,449,782,783
2018-04-25 21:28:41,192,737,80,516,449,782,783
2018-04-25 21:28:42,195,738,80,516,448,782,783
2018-04-25 21:28:43,198,739,80,517,448,782,783
2018-04-25 21:28:44,204,740,80,517,447,782,783
2018-04-25 21:28:45,208,741,80,517,447,782,783
2018-04-25 21:28:46,210,742,80,517,446,782,783
2018-04-25 21:28:47,211,743,80,517,446,782,783
2018-04-25 21:28:48,213,744,80,517,445,781,783
2018-04-25 21:28:49,217,745,80,517,445,781,783
2018-04-25 21:28:50,221,746,80,517,445,781,783
2018-04-25 21:28:51,223,747,80,517,444,781,783
2018-04-25 21:28:52,224,748,80,517,444,781,783
2018-04-25 21:28:53,229,749,80,518,444,782,783
2018-04-25 21:28:54,230,750,80,518,443,782,783
2018-04-25 21:28:55,236,751,80,518,443,782,783
2018-04-25 21:28:56,239,752,80,518,442,782,783
2018-04-25 21:28:57,243,753,80,518,442,782,783
2018-04-25 21:28:58,248,754,80,518,442,782,783
2018-04-25 21:28:59,254,755,80,518,441,781,783
2018-04-25 21:29:00,255,756,80,518,441,782,783
2018-04-25 21:29:01,259,758,80,518,441,782,783
2018-04-25 21:29:02,265,759,80,518,440,782,783
2018-04-25 21:29:03,270,760,80,518,440,782,783
2018-04-25 21:29:04,273,761,80,518,440,782,783
2018-04-25 21:29:05,276,762,80,518,439,781,783
2018-04-25 21:29:06,277,763,80,518,439,782,783
2018-04-25 21:29:07,278,764,80,518,439,782,783
2018-04-25 21:29:08,282,765,80,518,439,781,783
2018-04-25 21:29:09,285,766,80,518,439,781,783
2018-04-25 21:29:10,290,767,80,519,438,782,783
2018-04-25 21:29:11,295,768,80,519,438,782,783
2018-04-25 21:29:12,297,769,80,519,438,781,783
2018-04-25 21:29:13,301,770,80,519,438,782,783
2018-04-25 21:29:14,306,771,80,519,438,782,783
2018-04-25 21:29:15,309,772,80,519,438,782,783
2018-04-25 21:29:16,315,773,80,519,437,782,783
2018-04-25 21:29:17,320,774,80,519,437,782,783
2018-04-25 21:29:18,323,775,80,519,437,781,783
2018-04-25 21:29:19,327,776,80,519,437,782,783
2018-04-25 21:29:20,330,777,80,518,437,782,783
2018-04-25 21:29:21,335,778,80,517,437,782,783
