2018-04-25 21:04:59,890,coffee,datetime,ms,seconds,ambient_temp,thermocouple_0_temp,thermocouple_1_temp,thermocouple_2_temp,thermocouple_3_temp
2018-04-25 21:05:01,964,2,78,525,439,782,784
2018-04-25 21:05:02,968,3,78,518,434,782,784
2018-04-25 21:05:03,971,4,78,508,429,782,784
2018-04-25 21:05:04,976,5,78,497,423,782,784
2018-04-25 21:05:05,977,6,78,484,418,782,784
2018-04-25 21:05:06,977,7,78,472,414,782,784
2018-04-25 21:05:07,982,8,78,461,411,782,784
2018-04-25 21:05:08,987,9,78,451,409,782,784
2018-04-25 21:05:09,993,10,78,440,407,783,784
2018-04-25 21:05:10,997,11,78,430,405,782,784
2018-04-25 21:05:12,001,12,78,421,403,782,784
2018-04-25 21:05:13,006,13,78,411,401,782,784
2018-04-25 21:05:14,011,14,78,402,399,782,784
2018-04-25 21:05:15,016,15,78,394,397,782,784
2018-04-25 21:05:16,018,16,78,386,396,782,784
2018-04-25 21:05:17,021,17,78,378,394,782,784
2018-04-25 21:05:18,027,18,78,371,393,782,784
2018-04-25 21:05:19,034,19,78,363,392,782,784
2018-04-25 21:05:20,040,20,78,357,390,782,784
2018-04-25 21:05:21,043,21,78,350,389,782,784
2018-04-25 21:05:22,048,22,78,344,388,783,784
2018-04-25 21:05:23,050,23,78,338,387,782,784
2018-04-25 21:05:24,051,24,78,333,386,782,784
2018-04-25 21:05:25,056,25,78,328,385,782,784
2018-04-25 21:05:26,057,26,78,323,384,782,784
2018-04-25 21:05:27,061,27,78,317,383,782,784
2018-04-25 21:05:28,066,28,78,312,383,782,784
2018-04-25 21:05:29,068,29,78,308,382,782,784
2018-04-25 21:05:30,072,30,78,304,381,782,784
2018-04-25 21:05:31,074,31,78,299,380,782,784
2018-04-25 21:05:32,078,32,78,295,379,782,784
2018-04-25 21:05:33,082,33,78,291,379,782,784
2018-04-25 21:05:34,088,34,78,288,378,782,784
2018-04-25 21:05:35,094,35,78,284,378,783,784
2018-04-25 21:05:36,099,36,78,281,377,782,784
2018-04-25 21:05:37,099,37,78,278,376,782,784
2018-04-25 21:05:38,104,38,78,275,376,782,784
2018-04-25 21:05:39,108,39,78,272,375,782,784
2018-04-25 21:05:40,112,40,78,269,375,782,784
2018-04-25 21:05:41,116,41,78,267,375,782,784
2018-04-25 21:05:42,122,42,78,264,374,782,784
2018-04-25 21:05:43,125,43,78,262,374,782,784
2018-04-25 21:05:44,131,44,78,259,373,782,784
2018-04-25 21:05:45,136,45,78,257,373,782,784
2018-04-25 21:05:46,138,46,78,255,373,782,784
2018-04-25 21:05:47,141,47,78,253,373,782,784
2018-04-25 21:05:48,145,48,78,251,372,782,784
2018-04-25 21:05:49,148,49,78,250,372,782,784
2018-04-25 21:05:50,154,50,78,248,372,782,784
2018-04-25 21:05:51,156,51,78,247,371,782,784
2018-04-25 21:05:52,162,52,78,245,371,782,784
2018-04-25 21:05:53,167,53,78,244,371,782,784
2018-04-25 21:05:54,173,54,78,242,371,782,784
2018-04-25 21:05:55,176,55,78,241,371,782,784
2018-04-25 21:05:56,182,56,78,240,370,782,784
2018-04-25 21:05:57,188,57,78,239,370,782,784
2018-04-25 21:05:58,189,58,78,238,370,782,784
2018-04-25 21:05:59,195,59,78,237,370,782,784
2018-04-25 21:06:00,198,60,78,236,370,782,784
2018-04-25 21:06:01,199,61,78,235,370,782,784
2018-04-25 21:06:02,199,62,78,235,370,782,784
2018-04-25 21:06:03,205,63,78,234,370,782,784
2018-04-25 21:06:04,206,64,78,233,370,782,784
2018-04-25 21:06:05,210,65,78,233,370,782,784
2018-04-25 21:06:06,214,66,78,232,369,782,784
2018-04-25 21:06:07,216,67,78,231,369,782,784
2018-04-25 21:06:08,218,68,78,231,369,782,784
2018-04-25 21:06:09,224,69,78,231,370,782,784
2018-04-25 21:06:10,228,70,78,231,370,782,784
2018-04-25 21:06:11,230,71,78,230,371,782,784
2018-04-25 21:06:12,235,72,78,230,372,782,784
2018-04-25 21:06:13,239,73,78,230,372,782,784
2018-04-25 21:06:14,244,74,78,230,373,782,784
2018-04-25 21:06:15,250,75,78,230,374,782,784
2018-04-25 21:06:16,251,76,78,230,375,782,784
2018-04-25 21:06:17,257,77,78,230,376,782,784
2018-04-25 21:06:18,261,78,78,230,377,782,784
2018-04-25 21:06:19,267,79,78,230,377,782,784
2018-04-25 21:06:20,268,80,78,230,378,782,784
2018-04-25 21:06:21,273,81,78,230,379,782,784
2018-04-25 21:06:22,276,82,78,230,379,782,784
2018-04-25 21:06:23,276,83,78,230,380,782,784
2018-04-25 21:06:24,277,84,78,231,381,782,784
2018-04-25 21:06:25,280,85,78,231,381,782,784
2018-04-25 21:06:26,282,86,78,231,382,782,784
2018-04-25 21:06:27,288,87,78,231,383,782,784
2018-04-25 21:06:28,291,88,78,231,384,782,784
2018-04-25 21:06:29,294,89,78,232,384,782,784
2018-04-25 21:06:30,297,90,78,232,385,782,784
2018-04-25 21:06:31,299,91,78,232,386,782,784
2018-04-25 21:06:32,305,92,78,233,386,782,784
2018-04-25 21:06:33,309,93,78,233,387,782,784
2018-04-25 21:06:34,313,94,78,234,387,782,784
2018-04-25 21:06:35,317,95,78,234,388,782,784
2018-04-25 21:06:36,320,96,78,234,388,782,784
2018-04-25 21:06:37,323,97,78,235,389,782,784
2018-04-25 21:06:38,328,98,78,235,389,782,784
2018-04-25 21:06:39,329,99,78,236,390,782,784
2018-04-25 21:06:40,332,100,78,236,390,782,784
2018-04-25 21:06:41,335,101,78,237,391,782,784
2018-04-25 21:06:42,340,102,78,237,391,782,784
2018-04-25 21:06:43,346,103,78,238,392,782,784
2018-04-25 21:06:44,352,104,78,239,392,782,784
2018-04-25 21:06:45,357,105,78,239,393,782,784
2018-04-25 21:06:46,358,106,78,240,393,782,784
2018-04-25 21:06:47,362,107,78,240,394,782,784
2018-04-25 21:06:48,367,108,78,241,394,782,784
2018-04-25 21:06:49,373,109,78,242,395,782,784
2018-04-25 21:06:50,374,110,78,242,395,782,784
2018-04-25 21:06:51,380,111,78,243,395,782,784
2018-04-25 21:06:52,385,112,78,244,396,782,784
2018-04-25 21:06:53,388,113,78,244,396,782,784
2018-04-25 21:06:54,391,114,78,245,397,782,784
2018-04-25 21:06:55,396,115,78,245,397,782,784
2018-04-25 21:06:56,398,116,78,246,398,782,784
2018-04-25 21:06:57,401,117,78,247,398,782,784
2018-04-25 21:06:58,406,118,78,247,398,782,784
2018-04-25 21:06:59,407,119,78,248,399,782,784
2018-04-25 21:07:00,412,120,78,249,400,782,784
2018-04-25 21:07:01,413,121,78,250,400,782,784
2018-04-25 21:07:02,416,122,78,250,401,782,784
2018-04-25 21:07:03,420,123,78,251,401,782,784
2018-04-25 21:07:04,422,124,78,252,401,782,784
2018-04-25 21:07:05,426,125,78,253,402,782,784
2018-04-25 21:07:06,428,126,78,253,402,782,784
2018-04-25 21:07:07,432,127,78,254,402,782,784
2018-04-25 21:07:08,434,128,78,255,403,782,784
2018-04-25 21:07:09,437,129,78,256,403,782,784
2018-04-25 21:07:10,442,130,78,257,403,782,784
2018-04-25 21:07:11,448,131,78,257,403,782,784
2018-04-25 21:07:12,454,132,78,258,404,782,784
2018-04-25 21:07:13,455,133,78,259,404,782,784
2018-04-25 21:07:14,459,134,78,260,404,782,784
2018-04-25 21:07:15,464,135,78,260,405,782,784
2018-04-25 21:07:16,470,136,78,261,405,782,784
2018-04-25 21:07:17,474,137,78,262,406,782,784
2018-04-25 21:07:18,476,138,78,263,406,782,784
2018-04-25 21:07:19,482,139,78,263,406,782,784
2018-04-25 21:07:20,487,140,78,264,407,782,784
2018-04-25 21:07:21,491,141,79,265,407,782,784
2018-04-25 21:07:22,493,142,78,266,407,782,784
2018-04-25 21:07:23,497,143,78,267,408,782,784
2018-04-25 21:07:24,500,144,78,267,408,782,784
2018-04-25 21:07:25,503,145,79,268,408,782,784
2018-04-25 21:07:26,504,146,78,269,409,782,784
2018-04-25 21:07:27,509,147,78,270,409,782,784
2018-04-25 21:07:28,512,148,78,271,409,782,784
2018-04-25 21:07:29,515,149,79,272,410,782,784
2018-04-25 21:07:30,521,150,79,273,410,782,784
2018-04-25 21:07:31,521,151,78,273,410,782,784
2018-04-25 21:07:32,524,152,78,274,411,782,784
2018-04-25 21:07:33,526,153,78,275,411,782,784
2018-04-25 21:07:34,526,154,78,276,411,782,784
2018-04-25 21:07:35,531,155,78,277,412,782,784
2018-04-25 21:07:36,535,156,78,277,412,782,784
2018-04-25 21:07:37,539,157,79,278,412,782,784
2018-04-25 21:07:38,543,158,78,279,413,782,784
2018-04-25 21:07:39,546,159,78,280,413,782,784
2018-04-25 21:07:40,549,160,78,281,413,782,784
2018-04-25 21:07:41,553,161,79,282,414,782,784
2018-04-25 21:07:42,555,162,79,282,414,782,784
2018-04-25 21:07:43,559,163,79,283,414,782,784
2018-04-25 21:07:44,561,164,79,284,414,782,784
2018-04-25 21:07:45,565,165,78,285,415,782,784
2018-04-25 21:07:46,569,166,79,286,415,782,784
2018-04-25 21:07:47,570,167,79,287,415,782,784
2018-04-25 21:07:48,571,168,79,287,416,782,784
2018-04-25 21:07:49,574,169,79,288,416,782,784
2018-04-25 21:07:50,579,170,79,289,416,782,784
2018-04-25 21:07:51,583,171,79,290,416,782,784
2018-04-25 21:07:52,586,172,79,291,416,782,784
2018-04-25 21:07:53,589,173,79,291,417,782,784
2018-04-25 21:07:54,591,174,79,292,417,782,784
2018-04-25 21:07:55,595,175,79,293,418,782,784
2018-04-25 21:07:56,598,176,79,294,418,782,784
2018-04-25 21:07:57,601,177,79,295,418,782,784
2018-04-25 21:07:58,608,178,79,296,418,782,784
2018-04-25 21:07:59,614,179,79,296,418,782,784
2018-04-25 21:08:00,619,180,79,297,419,782,784
2018-04-25 21:08:01,625,181,79,298,419,782,784
2018-04-25 21:08:02,631,182,79,299,419,782,784
2018-04-25 21:08:03,635,183,79,300,420,782,784
2018-04-25 21:08:04,636,184,79,300,420,782,784
2018-04-25 21:08:05,639,185,79,301,420,782,784
2018-04-25 21:08:06,644,186,79,302,421,782,784
2018-04-25 21:08:07,647,187,79,303,421,782,784
2018-04-25 21:08:08,650,188,79,304,421,782,784
2018-04-25 21:08:09,652,189,79,305,421,782,784
2018-04-25 21:08:10,658,190,79,305,422,782,784
2018-04-25 21:08:11,661,191,79,306,422,782,784
2018-04-25 21:08:12,667,192,79,307,422,782,784
2018-04-25 21:08:13,669,193,79,308,423,782,784
2018-04-25 21:08:14,670,194,79,309,423,782,784
2018-04-25 21:08:15,674,195,79,310,423,782,784
2018-04-25 21:08:16,677,196,79,310,424,782,784
2018-04-25 21:08:17,680,197,79,311,424,782,784
2018-04-25 21:08:18,684,198,79,312,424,782,784
2018-04-25 21:08:19,686,199,79,313,425,782,784
2018-04-25 21:08:20,689,200,79,314,425,782,784
2018-04-25 21:08:21,692,201,79,314,425,782,784
2018-04-25 21:08:22,694,202,79,315,426,782,784
2018-04-25 21:08:23,700,203,79,316,426,782,784
2018-04-25 21:08:24,701,204,79,317,426,782,784
2018-04-25 21:08:25,702,205,79,318,426,782,784
2018-04-25 21:08:26,708,206,79,318,427,782,783
2018-04-25 21:08:27,710,207,79,319,427,782,784
2018-04-25 21:08:28,716,208,79,320,427,782,784
2018-04-25 21:08:29,718,209,79,321,428,782,784
2018-04-25 21:08:30,719,210,79,321,428,782,784
2018-04-25 21:08:31,723,211,79,322,428,782,784
2018-04-25 21:08:32,726,212,79,323,428,782,784
2018-04-25 21:08:33,731,213,79,324,429,782,784
2018-04-25 21:08:34,733,214,79,324,429,782,784
2018-04-25 21:08:35,735,215,79,325,429,782,784
2018-04-25 21:08:36,738,216,79,326,430,782,784
2018-04-25 21:08:37,741,217,79,327,430,782,784
2018-04-25 21:08:38,746,218,79,327,430,782,783
2018-04-25 21:08:39,751,219,79,328,430,782,784
2018-04-25 21:08:40,755,220,79,329,430,782,784
2018-04-25 21:08:41,759,221,79,330,431,782,784
2018-04-25 21:08:42,763,222,79,330,431,782,784
2018-04-25 21:08:43,768,223,79,331,432,782,784
2018-04-25 21:08:44,772,224,79,332,432,782,784
2018-04-25 21:08:45,777,225,79,332,432,782,784
2018-04-25 21:08:46,781,226,79,333,432,782,783
2018-04-25 21:08:47,783,227,79,334,433,782,784
2018-04-25 21:08:48,788,228,79,335,433,782,784
2018-04-25 21:08:49,794,229,79,335,433,782,784
2018-04-25 21:08:50,798,230,79,336,434,782,784
2018-04-25 21:08:51,799,231,79,337,434,782,784
2018-04-25 21:08:52,804,232,79,338,434,782,784
2018-04-25 21:08:53,809,233,79,338,434,782,784
2018-04-25 21:08:54,815,234,79,339,435,782,784
2018-04-25 21:08:55,818,235,79,340,435,782,784
2018-04-25 21:08:56,823,236,79,341,435,782,784
2018-04-25 21:08:57,829,237,79,341,436,782,784
2018-04-25 21:08:58,832,238,79,342,436,782,784
2018-04-25 21:08:59,837,239,79,343,436,782,784
2018-04-25 21:09:00,838,240,79,343,436,782,784
2018-04-25 21:09:01,844,241,79,344,436,782,783
2018-04-25 21:09:02,848,242,79,345,437,782,784
2018-04-25 21:09:03,851,243,79,346,437,782,784
2018-04-25 21:09:04,854,244,79,346,437,782,784
2018-04-25 21:09:05,859,245,79,347,437,782,783
2018-04-25 21:09:06,865,246,79,348,438,782,784
2018-04-25 21:09:07,867,247,79,348,438,782,784
2018-04-25 21:09:08,870,248,79,349,438,782,784
2018-04-25 21:09:09,871,249,79,350,439,782,784
2018-04-25 21:09:10,876,250,79,351,439,782,784
2018-04-25 21:09:11,880,251,79,351,439,782,783
2018-04-25 21:09:12,886,252,79,352,439,782,784
2018-04-25 21:09:13,887,253,79,353,439,782,784
2018-04-25 21:09:14,891,255,79,354,440,782,784
2018-04-25 21:09:15,897,256,79,354,440,782,784
2018-04-25 21:09:16,901,257,79,355,440,782,784
2018-04-25 21:09:17,907,258,79,356,440,782,784
2018-04-25 21:09:18,908,259,79,356,440,782,784
2018-04-25 21:09:19,913,260,79,357,440,782,784
2018-04-25 21:09:20,917,261,79,358,441,782,784
2018-04-25 21:09:21,923,262,79,358,441,782,784
2018-04-25 21:09:22,926,263,79,359,441,782,783
2018-04-25 21:09:23,931,264,79,360,442,782,783
2018-04-25 21:09:24,933,265,79,360,442,782,783
2018-04-25 21:09:25,939,266,79,361,442,782,783
2018-04-25 21:09:26,942,267,79,362,443,782,784
2018-04-25 21:09:27,948,268,79,362,443,782,784
2018-04-25 21:09:28,953,269,79,363,443,782,784
2018-04-25 21:09:29,957,270,79,364,443,782,784
2018-04-25 21:09:30,962,271,79,365,443,782,784
2018-04-25 21:09:31,965,272,79,365,444,782,784
2018-04-25 21:09:32,971,273,79,366,444,782,783
2018-04-25 21:09:33,975,274,79,367,444,782,784
2018-04-25 21:09:34,979,275,79,367,444,782,784
2018-04-25 21:09:35,981,276,79,368,444,782,783
2018-04-25 21:09:36,982,277,79,368,445,782,783
2018-04-25 21:09:37,983,278,79,369,445,782,784
2018-04-25 21:09:38,983,279,79,370,445,782,784
2018-04-25 21:09:39,990,280,79,371,445,782,784
2018-04-25 21:09:40,995,281,79,371,446,782,784
2018-04-25 21:09:41,997,282,79,372,446,782,784
2018-04-25 21:09:43,003,283,79,373,447,782,784
2018-04-25 21:09:44,005,284,79,373,447,782,784
2018-04-25 21:09:45,005,285,79,374,447,782,784
2018-04-25 21:09:46,013,286,79,374,447,782,784
2018-04-25 21:09:47,018,287,79,375,448,782,784
2018-04-25 21:09:48,018,288,79,376,448,782,784
2018-04-25 21:09:49,020,289,79,376,448,782,784
2018-04-25 21:09:50,021,290,79,377,448,782,784
2018-04-25 21:09:51,025,291,79,378,449,782,784
2018-04-25 21:09:52,027,292,79,378,449,782,784
2018-04-25 21:09:53,028,293,79,379,449,782,784
2018-04-25 21:09:54,029,294,79,380,449,782,784
2018-04-25 21:09:55,035,295,79,381,450,782,784
2018-04-25 21:09:56,036,296,79,381,450,782,784
2018-04-25 21:09:57,042,297,79,382,450,782,783
2018-04-25 21:09:58,044,298,79,383,450,782,784
2018-04-25 21:09:59,046,299,79,383,451,782,784
2018-04-25 21:10:00,050,300,79,384,451,782,784
2018-04-25 21:10:01,052,301,79,385,451,782,783
2018-04-25 21:10:02,058,302,79,385,451,782,784
2018-04-25 21:10:03,061,303,79,386,452,782,784
2018-04-25 21:10:04,067,304,79,387,452,782,784
2018-04-25 21:10:05,070,305,79,387,452,782,784
2018-04-25 21:10:06,074,306,79,388,452,782,783
2018-04-25 21:10:07,079,307,79,388,452,782,784
2018-04-25 21:10:08,085,308,79,389,453,782,784
2018-04-25 21:10:09,087,309,79,390,453,782,783
2018-04-25 21:10:10,092,310,79,390,453,782,784
2018-04-25 21:10:11,094,311,79,391,454,782,784
2018-04-25 21:10:12,097,312,79,392,454,782,784
2018-04-25 21:10:13,100,313,79,392,454,782,784
2018-04-25 21:10:14,103,314,79,393,454,782,784
2018-04-25 21:10:15,107,315,79,394,455,782,784
2018-04-25 21:10:16,109,316,79,394,455,782,784
2018-04-25 21:10:17,111,317,79,395,455,782,784
2018-04-25 21:10:18,114,318,79,395,455,782,784
2018-04-25 21:10:19,115,319,79,396,455,782,784
2018-04-25 21:10:20,116,320,79,397,456,782,784
2018-04-25 21:10:21,121,321,79,397,456,782,783
2018-04-25 21:10:22,126,322,79,398,456,782,784
2018-04-25 21:10:23,126,323,79,399,457,782,784
2018-04-25 21:10:24,132,324,79,399,457,782,784
2018-04-25 21:10:25,138,325,79,400,457,782,783
2018-04-25 21:10:26,142,326,79,400,458,782,783
2018-04-25 21:10:27,144,327,79,401,458,782,784
2018-04-25 21:10:28,145,328,79,402,458,782,784
2018-04-25 21:10:29,146,329,79,402,458,782,783
2018-04-25 21:10:30,150,330,79,403,458,782,784
2018-04-25 21:10:31,154,331,79,404,458,782,784
2018-04-25 21:10:32,159,332,79,404,458,782,784
2018-04-25 21:10:33,162,333,79,405,459,782,784
2018-04-25 21:10:34,165,334,79,405,459,782,784
2018-04-25 21:10:35,168,335,79,406,459,782,784
2018-04-25 21:10:36,172,336,79,407,459,782,784
2018-04-25 21:10:37,177,337,79,407,459,782,784
2018-04-25 21:10:38,179,338,79,408,460,782,784
2018-04-25 21:10:39,185,339,79,408,460,782,784
2018-04-25 21:10:40,188,340,79,409,460,782,784
2018-04-25 21:10:41,194,341,79,410,460,782,784
2018-04-25 21:10:42,198,342,79,410,460,782,784
2018-04-25 21:10:43,203,343,79,411,460,782,784
2018-04-25 21:10:44,206,344,79,411,460,782,784
2018-04-25 21:10:45,208,345,79,412,460,782,784
2018-04-25 21:10:46,209,346,79,412,460,782,784
2018-04-25 21:10:47,216,347,79,413,460,782,784
2018-04-25 21:10:48,217,348,79,414,461,782,784
2018-04-25 21:10:49,219,349,79,414,461,782,784
2018-04-25 21:10:50,225,350,79,415,461,782,784
2018-04-25 21:10:51,227,351,79,415,461,782,784
2018-04-25 21:10:52,229,352,79,416,461,782,784
2018-04-25 21:10:53,233,353,79,417,461,782,784
2018-04-25 21:10:54,239,354,79,417,461,782,784
2018-04-25 21:10:55,242,355,79,418,462,782,783
2018-04-25 21:10:56,242,356,79,418,462,782,784
2018-04-25 21:10:57,248,357,79,419,462,782,784
2018-04-25 21:10:58,253,358,79,419,462,782,784
2018-04-25 21:10:59,257,359,79,420,462,782,784
2018-04-25 21:11:00,258,360,79,421,462,782,784
2018-04-25 21:11:01,263,361,79,421,462,782,784
2018-04-25 21:11:02,265,362,79,422,462,782,784
2018-04-25 21:11:03,267,363,79,422,463,782,784
2018-04-25 21:11:04,270,364,79,423,463,782,784
2018-04-25 21:11:05,273,365,79,423,463,782,784
2018-04-25 21:11:06,274,366,79,424,463,782,784
2018-04-25 21:11:07,281,367,79,424,463,782,784
2018-04-25 21:11:08,283,368,79,425,463,782,783
2018-04-25 21:11:09,289,369,79,426,463,782,784
2018-04-25 21:11:10,291,370,79,426,463,782,783
2018-04-25 21:11:11,295,371,79,427,463,782,783
2018-04-25 21:11:12,298,372,79,427,464,782,784
2018-04-25 21:11:13,303,373,79,428,464,782,784
2018-04-25 21:11:14,307,374,79,428,464,782,783
2018-04-25 21:11:15,308,375,79,429,464,782,784
2018-04-25 21:11:16,313,376,79,429,464,782,784
2018-04-25 21:11:17,318,377,79,430,464,782,784
2018-04-25 21:11:18,323,378,79,430,464,782,784
2018-04-25 21:11:19,327,379,79,431,464,782,784
2018-04-25 21:11:20,330,380,79,431,464,782,784
2018-04-25 21:11:21,335,381,79,432,465,782,784
2018-04-25 21:11:22,339,382,79,432,465,782,784
2018-04-25 21:11:23,340,383,79,433,465,782,784
2018-04-25 21:11:24,345,384,79,433,465,782,784
2018-04-25 21:11:25,346,385,79,434,465,782,784
2018-04-25 21:11:26,352,386,79,434,465,782,783
2018-04-25 21:11:27,355,387,79,435,465,782,784
2018-04-25 21:11:28,359,388,79,435,465,782,784
2018-04-25 21:11:29,363,389,79,436,465,782,784
2018-04-25 21:11:30,369,390,79,436,466,782,784
2018-04-25 21:11:31,372,391,79,437,466,782,783
2018-04-25 21:11:32,375,392,79,437,466,782,784
2018-04-25 21:11:33,380,393,79,438,466,782,784
2018-04-25 21:11:34,382,394,79,438,465,782,784
2018-04-25 21:11:35,386,395,79,439,465,782,784
2018-04-25 21:11:36,390,396,79,439,466,782,783
2018-04-25 21:11:37,392,397,79,440,466,782,784
2018-04-25 21:11:38,395,398,79,440,466,782,784
2018-04-25 21:11:39,396,399,79,441,466,782,784
2018-04-25 21:11:40,400,400,79,441,466,782,784
2018-04-25 21:11:41,404,401,79,442,465,782,784
2018-04-25 21:11:42,405,402,79,442,465,782,784
2018-04-25 21:11:43,410,403,79,443,465,782,783
2018-04-25 21:11:44,412,404,79,443,466,782,784
2018-04-25 21:11:45,418,405,79,444,466,782,784
2018-04-25 21:11:46,420,406,79,444,466,782,784
2018-04-25 21:11:47,422,407,79,445,466,782,784
2018-04-25 21:11:48,426,408,79,445,465,782,783
2018-04-25 21:11:49,427,409,79,446,465,782,784
2018-04-25 21:11:50,428,410,79,446,465,782,783
2018-04-25 21:11:51,432,411,79,447,465,782,784
2018-04-25 21:11:52,436,412,79,447,466,782,784
2018-04-25 21:11:53,441,413,79,448,466,782,784
2018-04-25 21:11:54,442,414,79,448,466,782,784
2018-04-25 21:11:55,447,415,79,449,467,782,784
2018-04-25 21:11:56,450,416,79,449,467,782,784
2018-04-25 21:11:57,453,417,79,450,467,782,784
2018-04-25 21:11:58,457,418,79,450,467,782,784
2018-04-25 21:11:59,458,419,79,451,468,782,784
2018-04-25 21:12:00,462,420,79,451,468,782,784
2018-04-25 21:12:01,465,421,79,452,468,782,784
2018-04-25 21:12:02,469,422,79,452,469,782,784
2018-04-25 21:12:03,474,423,79,453,469,782,784
2018-04-25 21:12:04,478,424,79,453,469,782,784
2018-04-25 21:12:05,482,425,79,454,469,782,784
2018-04-25 21:12:06,488,426,79,454,470,782,784
2018-04-25 21:12:07,489,427,79,455,470,782,784
2018-04-25 21:12:08,490,428,79,455,470,782,784
2018-04-25 21:12:09,493,429,79,456,470,782,784
2018-04-25 21:12:10,494,430,79,456,471,782,784
2018-04-25 21:12:11,495,431,79,457,471,782,784
2018-04-25 21:12:12,499,432,79,457,471,782,784
2018-04-25 21:12:13,503,433,79,458,471,782,784
2018-04-25 21:12:14,504,434,79,458,471,782,784
2018-04-25 21:12:15,509,435,79,459,471,782,784
2018-04-25 21:12:16,511,436,79,459,471,782,784
2018-04-25 21:12:17,514,437,79,460,471,782,784
2018-04-25 21:12:18,518,438,79,460,471,782,784
2018-04-25 21:12:19,519,439,79,461,471,782,784
2018-04-25 21:12:20,523,440,79,461,471,782,784
2018-04-25 21:12:21,526,441,79,461,471,782,784
2018-04-25 21:12:22,529,442,79,462,471,782,784
2018-04-25 21:12:23,534,443,79,462,471,782,784
2018-04-25 21:12:24,535,444,79,463,471,782,784
2018-04-25 21:12:25,539,445,79,463,470,782,784
2018-04-25 21:12:26,541,446,79,464,471,782,784
2018-04-25 21:12:27,543,447,79,464,471,782,784
2018-04-25 21:12:28,549,448,79,465,471,782,784
2018-04-25 21:12:29,551,449,79,465,471,782,784
2018-04-25 21:12:30,553,450,79,466,471,782,783
2018-04-25 21:12:31,557,451,79,466,471,782,784
2018-04-25 21:12:32,561,452,79,467,470,782,783
2018-04-25 21:12:33,564,453,79,467,470,782,784
2018-04-25 21:12:34,567,454,79,468,471,782,784
2018-04-25 21:12:35,568,455,79,468,470,782,784
2018-04-25 21:12:36,572,456,79,469,470,782,783
2018-04-25 21:12:37,576,457,79,469,469,782,783
2018-04-25 21:12:38,580,458,79,469,470,782,783
2018-04-25 21:12:39,583,459,79,470,470,782,783
2018-04-25 21:12:40,585,460,79,470,471,782,784
2018-04-25 21:12:41,587,461,79,471,471,782,784
2018-04-25 21:12:42,590,462,79,471,470,782,784
2018-04-25 21:12:43,595,463,79,472,470,782,784
2018-04-25 21:12:44,600,464,79,472,470,782,784
2018-04-25 21:12:45,601,465,79,473,471,782,783
2018-04-25 21:12:46,603,466,79,473,471,782,783
2018-04-25 21:12:47,606,467,79,474,472,782,784
2018-04-25 21:12:48,611,468,79,474,472,782,784
2018-04-25 21:12:49,611,469,79,474,472,782,783
2018-04-25 21:12:50,616,470,79,475,473,782,783
2018-04-25 21:12:51,617,471,79,476,473,782,783
2018-04-25 21:12:52,620,472,79,476,473,782,783
2018-04-25 21:12:53,626,473,79,477,473,782,783
2018-04-25 21:12:54,627,474,79,477,474,782,784
2018-04-25 21:12:55,628,475,79,478,474,782,783
2018-04-25 21:12:56,632,476,79,478,475,782,784
2018-04-25 21:12:57,633,477,79,478,475,782,783
2018-04-25 21:12:58,634,478,79,479,475,782,783
2018-04-25 21:12:59,639,479,79,479,476,782,784
2018-04-25 21:13:00,641,480,79,480,476,782,783
2018-04-25 21:13:01,645,481,79,480,476,782,784
2018-04-25 21:13:02,649,482,79,481,476,782,783
2018-04-25 21:13:03,649,483,79,481,477,782,784
2018-04-25 21:13:04,654,484,79,482,477,782,784
2018-04-25 21:13:05,655,485,79,482,477,782,783
2018-04-25 21:13:06,660,486,79,483,477,782,783
2018-04-25 21:13:07,667,487,79,483,478,782,784
2018-04-25 21:13:08,672,488,79,484,478,782,784
2018-04-25 21:13:09,674,489,79,484,478,782,784
2018-04-25 21:13:10,677,490,79,484,478,782,783
2018-04-25 21:13:11,682,491,79,485,478,782,784
2018-04-25 21:13:12,685,492,79,485,479,782,784
2018-04-25 21:13:13,688,493,79,486,479,782,784
2018-04-25 21:13:14,689,494,79,486,479,782,784
2018-04-25 21:13:15,692,495,79,487,479,782,784
2018-04-25 21:13:16,695,496,79,487,479,782,783
2018-04-25 21:13:17,698,497,79,488,480,782,783
2018-04-25 21:13:18,703,498,79,488,480,782,783
2018-04-25 21:13:19,707,499,79,489,480,782,784
2018-04-25 21:13:20,713,500,79,489,480,782,783
2018-04-25 21:13:21,715,501,79,490,480,782,784
2018-04-25 21:13:22,720,502,79,490,481,782,783
2018-04-25 21:13:23,726,503,79,490,481,782,784
2018-04-25 21:13:24,731,504,79,491,481,782,784
2018-04-25 21:13:25,733,505,79,491,480,782,783
2018-04-25 21:13:26,737,506,79,491,480,782,783
2018-04-25 21:13:27,742,507,79,492,480,782,783
2018-04-25 21:13:28,747,508,79,492,481,782,783
2018-04-25 21:13:29,753,509,79,493,481,782,783
2018-04-25 21:13:30,755,510,79,493,482,782,783
2018-04-25 21:13:31,758,511,79,494,482,782,783
2018-04-25 21:13:32,765,512,79,494,483,782,784
2018-04-25 21:13:33,772,513,79,495,483,782,783
2018-04-25 21:13:34,774,514,79,495,483,782,783
2018-04-25 21:13:35,775,515,79,495,483,782,783
2018-04-25 21:13:36,781,516,79,496,484,782,784
2018-04-25 21:13:37,782,517,79,496,484,782,784
2018-04-25 21:13:38,787,518,79,497,484,782,783
2018-04-25 21:13:39,794,519,79,497,484,782,783
2018-04-25 21:13:40,797,520,79,498,484,782,783
2018-04-25 21:13:41,800,521,79,498,484,782,783
2018-04-25 21:13:42,804,522,79,498,483,782,783
2018-04-25 21:13:43,807,523,79,499,482,782,783
2018-04-25 21:13:44,811,524,79,499,481,782,783
2018-04-25 21:13:45,814,525,79,499,480,782,783
2018-04-25 21:13:46,815,526,79,500,478,782,783
2018-04-25 21:13:47,820,527,79,500,477,782,783
2018-04-25 21:13:48,822,528,79,500,475,782,784
2018-04-25 21:13:49,823,529,79,501,474,782,783
2018-04-25 21:13:50,830,530,79,501,473,782,784
2018-04-25 21:13:51,832,531,79,501,472,782,783
2018-04-25 21:13:52,836,532,79,502,471,782,784
2018-04-25 21:13:53,840,533,79,502,470,782,783
2018-04-25 21:13:54,846,534,79,502,469,782,783
2018-04-25 21:13:55,847,535,79,502,468,782,783
2018-04-25 21:13:56,852,536,79,502,467,782,783
2018-04-25 21:13:57,855,537,79,502,466,782,783
2018-04-25 21:13:58,858,538,79,502,466,782,783
2018-04-25 21:13:59,861,539,79,503,465,782,783
2018-04-25 21:14:00,862,540,79,503,464,782,783
2018-04-25 21:14:01,868,541,79,503,463,782,783
2018-04-25 21:14:02,870,542,79,503,462,782,784
2018-04-25 21:14:03,871,543,79,503,462,782,783
2018-04-25 21:14:04,876,544,79,504,461,782,783
2018-04-25 21:14:05,879,545,79,504,460,782,783
2018-04-25 21:14:06,883,546,79,504,460,782,783
2018-04-25 21:14:07,885,547,79,504,459,782,783
2018-04-25 21:14:08,889,548,79,504,458,782,783
2018-04-25 21:14:09,889,549,79,504,458,782,783
2018-04-25 21:14:10,890,550,79,504,457,782,783
2018-04-25 21:14:11,897,552,79,504,457,782,783
2018-04-25 21:14:12,897,553,79,505,456,782,783
2018-04-25 21:14:13,899,554,79,505,456,782,783
2018-04-25 21:14:14,899,555,79,505,455,782,784
2018-04-25 21:14:15,903,556,79,505,455,782,783
2018-04-25 21:14:16,907,557,79,505,455,782,784
2018-04-25 21:14:17,912,558,79,505,454,782,783
2018-04-25 21:14:18,918,559,79,505,454,782,783
2018-04-25 21:14:19,919,560,79,505,453,782,783
2018-04-25 21:14:20,926,561,79,505,453,782,783
2018-04-25 21:14:21,930,562,79,505,452,782,783
2018-04-25 21:14:22,933,563,79,505,452,782,783
2018-04-25 21:14:23,935,564,79,505,451,782,783
2018-04-25 21:14:24,936,565,79,505,451,782,783
2018-04-25 21:14:25,940,566,79,505,451,782,783
2018-04-25 21:14:26,945,567,79,506,450,782,783
2018-04-25 21:14:27,947,568,79,506,450,782,783
2018-04-25 21:14:28,950,569,79,506,450,782,783
2018-04-25 21:14:29,951,570,79,506,449,782,783
2018-04-25 21:14:30,954,571,79,506,449,782,783
2018-04-25 21:14:31,960,572,79,506,448,782,783
2018-04-25 21:14:32,960,573,79,506,448,782,783
2018-04-25 21:14:33,961,574,79,506,448,782,783
2018-04-25 21:14:34,962,575,79,506,448,782,783
2018-04-25 21:14:35,966,576,79,506,447,782,783
2018-04-25 21:14:36,972,577,79,506,447,782,784
2018-04-25 21:14:37,976,578,79,506,447,782,783
2018-04-25 21:14:38,978,579,79,506,446,782,783
2018-04-25 21:14:39,983,580,79,506,446,782,783
2018-04-25 21:14:40,987,581,79,506,445,782,783
2018-04-25 21:14:41,991,582,79,506,445,782,783
2018-04-25 21:14:42,992,583,79,506,445,782,783
2018-04-25 21:14:43,994,584,79,506,444,782,783
2018-04-25 21:14:44,997,585,79,506,444,782,784
2018-04-25 21:14:46,002,586,79,506,444,782,783
2018-04-25 21:14:47,006,587,79,506,444,782,783
2018-04-25 21:14:48,010,588,79,506,443,782,783
2018-04-25 21:14:49,011,589,79,506,443,782,783
2018-04-25 21:14:50,016,590,79,506,443,782,783
2018-04-25 21:14:51,023,591,79,506,442,782,783
2018-04-25 21:14:52,027,592,79,506,442,782,783
2018-04-25 21:14:53,027,593,79,506,442,782,783
2018-04-25 21:14:54,034,594,79,506,442,782,783
2018-04-25 21:14:55,038,595,79,506,441,782,783
2018-04-25 21:14:56,043,596,79,506,441,782,783
2018-04-25 21:14:57,046,597,79,506,440,782,783
2018-04-25 21:14:58,052,598,79,506,440,782,783
2018-04-25 21:14:59,057,599,79,506,439,782,783
2018-04-25 21:15:00,060,600,79,506,439,782,783
2018-04-25 21:15:01,061,601,79,506,438,782,783
2018-04-25 21:15:02,062,602,79,506,438,782,783
2018-04-25 21:15:03,063,603,79,506,438,782,783
2018-04-25 21:15:04,066,604,79,506,438,782,783
2018-04-25 21:15:05,071,605,79,506,437,782,783
2018-04-25 21:15:06,076,606,79,506,437,782,783
2018-04-25 21:15:07,076,607,79,506,437,782,783
2018-04-25 21:15:08,078,608,79,506,436,782,783
2018-04-25 21:15:09,078,609,79,506,436,782,783
2018-04-25 21:15:10,084,610,79,506,436,782,783
2018-04-25 21:15:11,085,611,79,506,435,782,783
2018-04-25 21:15:12,086,612,79,506,435,782,783
2018-04-25 21:15:13,092,613,79,506,435,782,783
2018-04-25 21:15:14,098,614,79,506,435,782,783
2018-04-25 21:15:15,102,615,79,506,435,782,783
2018-04-25 21:15:16,108,616,79,506,436,782,783
2018-04-25 21:15:17,109,617,79,506,436,782,783
2018-04-25 21:15:18,116,618,79,506,436,782,783
2018-04-25 21:15:19,119,619,79,506,436,782,783
2018-04-25 21:15:20,123,620,79,506,436,782,783
2018-04-25 21:15:21,125,621,79,506,436,782,783
2018-04-25 21:15:22,129,622,79,506,436,782,783
2018-04-25 21:15:23,133,623,79,506,436,782,783
2018-04-25 21:15:24,134,624,79,505,437,782,783
2018-04-25 21:15:25,134,625,79,506,437,782,783
2018-04-25 21:15:26,137,626,79,506,437,782,783
2018-04-25 21:15:27,141,627,79,506,437,782,783
2018-04-25 21:15:28,141,628,79,506,437,782,783
2018-04-25 21:15:29,142,629,79,506,437,782,783
2018-04-25 21:15:30,149,630,79,506,437,782,783
2018-04-25 21:15:31,154,631,79,506,437,782,783
2018-04-25 21:15:32,157,632,79,506,437,782,783
2018-04-25 21:15:33,158,633,79,506,437,782,783
2018-04-25 21:15:34,164,634,79,506,437,782,783
2018-04-25 21:15:35,165,635,79,506,437,782,783
2018-04-25 21:15:36,166,636,79,506,437,782,783
2018-04-25 21:15:37,169,637,79,506,437,782,783
2018-04-25 21:15:38,174,638,79,506,436,782,783
2018-04-25 21:15:39,180,639,79,506,436,782,783
2018-04-25 21:15:40,185,640,79,506,436,782,783
2018-04-25 21:15:41,189,641,79,506,436,782,783
2018-04-25 21:15:42,190,642,79,506,436,782,783
2018-04-25 21:15:43,191,643,79,504,436,782,783
2018-04-25 21:15:44,197,644,79,503,436,782,783
2018-04-25 21:15:45,197,645,79,501,435,782,783
2018-04-25 21:15:46,203,646,79,500,435,782,783
2018-04-25 21:15:47,206,647,79,498,434,782,783
2018-04-25 21:15:48,207,648,79,496,432,782,783
2018-04-25 21:15:49,212,649,79,493,431,782,783
2018-04-25 21:15:50,215,650,79,491,430,782,783
2018-04-25 21:15:51,216,651,79,489,428,782,783
