2018-05-03 22:27:27,450,coffee,datetime,ms,seconds,ambient_temp,thermocouple_0_temp,thermocouple_1_temp,thermocouple_2_temp,thermocouple_3_temp
2018-05-03 22:27:29,525,2,89,492,435,780,781
2018-05-03 22:27:30,527,3,89,485,428,780,781
2018-05-03 22:27:31,528,4,89,474,421,780,781
2018-05-03 22:27:32,532,5,89,462,415,780,781
2018-05-03 22:27:33,533,6,89,450,407,780,781
2018-05-03 22:27:34,535,7,89,439,400,780,781
2018-05-03 22:27:35,536,8,89,429,393,780,781
2018-05-03 22:27:36,540,9,89,418,386,780,781
2018-05-03 22:27:37,542,10,89,408,383,780,781
2018-05-03 22:27:38,543,11,89,399,381,780,781
2018-05-03 22:27:39,544,12,89,390,379,780,781
2018-05-03 22:27:40,546,13,89,381,377,780,781
2018-05-03 22:27:41,547,14,89,373,375,780,781
2018-05-03 22:27:42,548,15,89,365,373,780,781
2018-05-03 22:27:43,551,16,89,358,372,780,781
2018-05-03 22:27:44,553,17,89,350,370,780,781
2018-05-03 22:27:45,554,18,89,343,369,780,781
2018-05-03 22:27:46,555,19,89,336,368,780,781
2018-05-03 22:27:47,556,20,89,330,366,779,781
2018-05-03 22:27:48,558,21,89,323,365,780,781
2018-05-03 22:27:49,559,22,89,318,364,780,781
2018-05-03 22:27:50,559,23,89,312,363,780,781
2018-05-03 22:27:51,560,24,89,307,362,780,781
2018-05-03 22:27:52,562,25,89,302,361,780,781
2018-05-03 22:27:53,563,26,89,298,360,780,781
2018-05-03 22:27:54,564,27,89,293,359,780,781
2018-05-03 22:27:55,566,28,89,289,358,780,781
2018-05-03 22:27:56,567,29,89,284,357,780,781
2018-05-03 22:27:57,568,30,89,280,357,780,781
2018-05-03 22:27:58,570,31,89,276,356,780,781
2018-05-03 22:27:59,571,32,89,273,355,780,781
2018-05-03 22:28:00,575,33,89,269,355,780,781
2018-05-03 22:28:01,577,34,89,266,354,780,781
2018-05-03 22:28:02,578,35,89,263,354,780,781
2018-05-03 22:28:03,579,36,89,260,353,780,781
2018-05-03 22:28:04,581,37,89,257,353,779,781
2018-05-03 22:28:05,582,38,89,255,352,780,781
2018-05-03 22:28:06,584,39,89,252,352,779,781
2018-05-03 22:28:07,585,40,89,250,352,779,781
2018-05-03 22:28:08,586,41,89,248,351,779,781
2018-05-03 22:28:09,587,42,89,245,351,780,781
2018-05-03 22:28:10,588,43,89,243,351,780,781
2018-05-03 22:28:11,590,44,89,241,350,780,781
2018-05-03 22:28:12,591,45,89,239,350,779,781
2018-05-03 22:28:13,593,46,89,238,351,780,781
2018-05-03 22:28:14,594,47,89,236,351,780,781
2018-05-03 22:28:15,596,48,89,235,352,780,781
2018-05-03 22:28:16,597,49,89,233,352,779,781
2018-05-03 22:28:17,598,50,89,232,353,780,781
2018-05-03 22:28:18,601,51,89,231,353,780,781
2018-05-03 22:28:19,603,52,89,230,354,780,781
2018-05-03 22:28:20,604,53,89,229,354,780,781
2018-05-03 22:28:21,605,54,89,228,355,780,781
2018-05-03 22:28:22,607,55,89,227,355,780,781
2018-05-03 22:28:23,607,56,89,226,356,780,781
2018-05-03 22:28:24,609,57,89,225,357,780,781
2018-05-03 22:28:25,610,58,89,225,357,780,781
2018-05-03 22:28:26,613,59,89,224,357,780,781
2018-05-03 22:28:27,614,60,89,223,358,780,781
2018-05-03 22:28:28,615,61,89,223,359,779,781
2018-05-03 22:28:29,616,62,89,222,359,780,781
2018-05-03 22:28:30,617,63,89,222,359,780,781
2018-05-03 22:28:31,617,64,89,221,360,780,781
2018-05-03 22:28:32,621,65,89,221,360,779,781
2018-05-03 22:28:33,622,66,89,221,361,780,781
2018-05-03 22:28:34,625,67,89,221,361,780,781
2018-05-03 22:28:35,626,68,89,221,362,780,781
2018-05-03 22:28:36,627,69,89,221,362,780,781
2018-05-03 22:28:37,628,70,89,220,362,780,781
2018-05-03 22:28:38,630,71,89,220,363,779,781
2018-05-03 22:28:39,630,72,89,220,364,779,781
2018-05-03 22:28:40,632,73,89,220,364,779,781
2018-05-03 22:28:41,635,74,89,220,365,780,781
2018-05-03 22:28:42,636,75,89,221,366,780,781
2018-05-03 22:28:43,638,76,89,221,366,780,781
2018-05-03 22:28:44,640,77,89,221,367,779,781
2018-05-03 22:28:45,641,78,89,221,367,780,781
2018-05-03 22:28:46,643,79,89,221,368,780,781
2018-05-03 22:28:47,646,80,89,222,368,780,781
2018-05-03 22:28:48,648,81,89,222,369,780,781
2018-05-03 22:28:49,651,82,89,222,369,779,781
2018-05-03 22:28:50,652,83,89,223,370,779,781
2018-05-03 22:28:51,655,84,89,223,371,779,781
2018-05-03 22:28:52,656,85,89,224,371,780,781
2018-05-03 22:28:53,658,86,89,224,371,780,781
2018-05-03 22:28:54,659,87,89,224,372,780,781
2018-05-03 22:28:55,662,88,89,225,372,780,781
2018-05-03 22:28:56,663,89,89,225,373,780,781
2018-05-03 22:28:57,663,90,89,226,373,780,781
2018-05-03 22:28:58,664,91,89,226,373,779,781
2018-05-03 22:28:59,666,92,89,227,374,779,781
2018-05-03 22:29:00,667,93,89,227,374,779,781
2018-05-03 22:29:01,668,94,89,228,375,779,781
2018-05-03 22:29:02,670,95,89,229,376,780,781
2018-05-03 22:29:03,671,96,89,229,377,779,781
2018-05-03 22:29:04,672,97,89,230,377,779,781
2018-05-03 22:29:05,676,98,89,230,378,779,781
2018-05-03 22:29:06,678,99,89,231,378,779,781
2018-05-03 22:29:07,681,100,89,232,379,780,781
2018-05-03 22:29:08,686,101,89,233,379,780,781
2018-05-03 22:29:09,688,102,89,233,380,780,781
2018-05-03 22:29:10,689,103,89,234,380,779,781
2018-05-03 22:29:11,692,104,89,235,381,779,781
2018-05-03 22:29:12,694,105,89,235,381,780,781
2018-05-03 22:29:13,694,106,89,236,382,780,781
2018-05-03 22:29:14,695,107,89,237,382,780,781
2018-05-03 22:29:15,699,108,89,237,383,780,781
2018-05-03 22:29:16,700,109,89,238,383,779,781
2018-05-03 22:29:17,701,110,89,239,384,780,781
2018-05-03 22:29:18,703,111,89,240,384,779,781
2018-05-03 22:29:19,704,112,89,240,385,779,781
2018-05-03 22:29:20,705,113,89,241,385,780,781
2018-05-03 22:29:21,707,114,89,242,385,780,781
2018-05-03 22:29:22,711,115,89,243,386,780,781
2018-05-03 22:29:23,712,116,89,244,386,780,781
2018-05-03 22:29:24,714,117,89,245,387,780,781
2018-05-03 22:29:25,715,118,89,245,387,780,781
2018-05-03 22:29:26,716,119,89,246,388,780,781
2018-05-03 22:29:27,717,120,89,247,388,780,781
2018-05-03 22:29:28,719,121,89,248,388,780,781
2018-05-03 22:29:29,720,122,89,249,389,779,781
2018-05-03 22:29:30,722,123,89,250,389,779,781
2018-05-03 22:29:31,723,124,89,250,390,780,781
2018-05-03 22:29:32,724,125,89,251,390,779,781
2018-05-03 22:29:33,728,126,89,252,390,779,781
2018-05-03 22:29:34,730,127,89,253,391,780,781
2018-05-03 22:29:35,731,128,89,254,391,780,781
2018-05-03 22:29:36,733,129,89,255,391,780,781
2018-05-03 22:29:37,734,130,89,256,392,779,781
2018-05-03 22:29:38,735,131,89,257,392,780,781
2018-05-03 22:29:39,740,132,89,257,392,779,781
2018-05-03 22:29:40,741,133,89,258,393,780,781
2018-05-03 22:29:41,742,134,89,259,393,780,781
2018-05-03 22:29:42,745,135,89,260,393,779,781
2018-05-03 22:29:43,750,136,89,261,394,780,781
2018-05-03 22:29:44,751,137,89,262,394,779,781
2018-05-03 22:29:45,751,138,89,263,394,779,781
2018-05-03 22:29:46,752,139,89,264,395,779,781
2018-05-03 22:29:47,756,140,89,265,395,780,781
2018-05-03 22:29:48,760,141,89,265,395,779,781
2018-05-03 22:29:49,762,142,89,266,396,779,781
2018-05-03 22:29:50,762,143,89,267,396,780,781
2018-05-03 22:29:51,763,144,89,268,396,780,781
2018-05-03 22:29:52,764,145,89,269,397,780,781
2018-05-03 22:29:53,764,146,89,270,397,779,781
2018-05-03 22:29:54,765,147,89,271,397,779,781
2018-05-03 22:29:55,767,148,89,272,397,779,781
2018-05-03 22:29:56,768,149,89,273,398,780,781
2018-05-03 22:29:57,769,150,89,274,398,779,781
2018-05-03 22:29:58,770,151,89,275,398,779,781
2018-05-03 22:29:59,771,152,89,276,399,780,781
2018-05-03 22:30:00,774,153,89,276,399,779,781
2018-05-03 22:30:01,778,154,89,277,399,779,781
2018-05-03 22:30:02,779,155,89,278,399,780,781
2018-05-03 22:30:03,780,156,89,279,399,779,781
2018-05-03 22:30:04,782,157,89,280,400,779,781
2018-05-03 22:30:05,783,158,89,281,400,779,781
2018-05-03 22:30:06,784,159,89,282,400,779,781
2018-05-03 22:30:07,786,160,89,283,401,780,781
2018-05-03 22:30:08,790,161,89,284,401,780,781
2018-05-03 22:30:09,791,162,89,284,401,780,781
2018-05-03 22:30:10,792,163,89,285,401,779,781
2018-05-03 22:30:11,794,164,89,286,402,779,781
2018-05-03 22:30:12,795,165,89,287,402,780,781
2018-05-03 22:30:13,797,166,89,288,402,779,781
2018-05-03 22:30:14,798,167,89,289,403,779,781
2018-05-03 22:30:15,799,168,89,290,403,779,781
2018-05-03 22:30:16,801,169,89,290,404,779,781
2018-05-03 22:30:17,802,170,89,291,404,779,781
2018-05-03 22:30:18,804,171,89,292,404,779,781
2018-05-03 22:30:19,807,172,89,293,404,779,781
2018-05-03 22:30:20,807,173,89,294,405,779,781
2018-05-03 22:30:21,809,174,89,295,405,779,781
2018-05-03 22:30:22,811,175,89,296,405,779,781
2018-05-03 22:30:23,811,176,89,296,405,779,781
2018-05-03 22:30:24,812,177,89,297,406,779,781
2018-05-03 22:30:25,812,178,89,298,406,779,781
2018-05-03 22:30:26,817,179,89,299,406,779,781
2018-05-03 22:30:27,818,180,89,300,407,779,781
2018-05-03 22:30:28,820,181,89,301,407,779,781
2018-05-03 22:30:29,822,182,89,302,407,779,781
2018-05-03 22:30:30,826,183,89,302,407,779,781
2018-05-03 22:30:31,829,184,89,303,408,779,781
2018-05-03 22:30:32,831,185,89,304,408,779,781
2018-05-03 22:30:33,832,186,89,305,408,779,781
2018-05-03 22:30:34,832,187,89,306,408,780,781
2018-05-03 22:30:35,834,188,89,307,408,779,781
2018-05-03 22:30:36,836,189,89,307,409,780,781
2018-05-03 22:30:37,837,190,89,308,409,779,781
2018-05-03 22:30:38,837,191,89,309,409,779,781
2018-05-03 22:30:39,840,192,89,310,410,780,781
2018-05-03 22:30:40,844,193,89,311,410,779,781
2018-05-03 22:30:41,845,194,89,312,410,779,781
2018-05-03 22:30:42,847,195,89,312,410,779,781
2018-05-03 22:30:43,848,196,89,313,411,779,781
2018-05-03 22:30:44,850,197,89,314,411,779,781
2018-05-03 22:30:45,854,198,89,315,411,779,781
2018-05-03 22:30:46,855,199,89,316,411,779,781
2018-05-03 22:30:47,858,200,89,316,412,779,781
2018-05-03 22:30:48,859,201,89,317,412,779,781
2018-05-03 22:30:49,859,202,89,318,412,780,781
2018-05-03 22:30:50,861,203,89,319,412,779,781
2018-05-03 22:30:51,862,204,89,319,412,780,781
2018-05-03 22:30:52,863,205,89,320,412,779,781
2018-05-03 22:30:53,865,206,89,321,413,779,781
2018-05-03 22:30:54,866,207,89,322,413,779,781
2018-05-03 22:30:55,868,208,89,322,413,779,781
2018-05-03 22:30:56,869,209,89,323,413,780,781
2018-05-03 22:30:57,870,210,89,324,414,779,781
2018-05-03 22:30:58,871,211,89,325,414,779,781
2018-05-03 22:30:59,873,212,89,326,414,779,781
2018-05-03 22:31:00,874,213,89,327,414,779,781
2018-05-03 22:31:01,875,214,89,328,415,779,781
2018-05-03 22:31:02,877,215,89,328,415,779,781
2018-05-03 22:31:03,878,216,89,329,415,779,781
2018-05-03 22:31:04,881,217,89,330,415,779,781
2018-05-03 22:31:05,883,218,89,330,415,779,781
2018-05-03 22:31:06,888,219,89,331,416,779,781
2018-05-03 22:31:07,889,220,89,332,416,779,781
2018-05-03 22:31:08,890,221,89,333,416,779,781
2018-05-03 22:31:09,892,222,89,333,416,779,781
2018-05-03 22:31:10,893,223,89,334,416,779,781
2018-05-03 22:31:11,894,224,89,335,416,779,781
2018-05-03 22:31:12,896,225,89,336,417,779,781
2018-05-03 22:31:13,897,226,89,336,417,779,781
2018-05-03 22:31:14,898,227,89,337,417,779,781
2018-05-03 22:31:15,900,228,89,338,417,779,781
2018-05-03 22:31:16,900,229,89,339,418,779,781
2018-05-03 22:31:17,903,230,89,339,418,779,781
2018-05-03 22:31:18,905,231,89,340,418,779,781
2018-05-03 22:31:19,906,232,89,341,418,779,781
2018-05-03 22:31:20,906,233,89,341,419,779,781
2018-05-03 22:31:21,907,234,89,342,419,779,781
2018-05-03 22:31:22,909,235,89,343,419,779,781
2018-05-03 22:31:23,909,236,89,343,419,779,781
2018-05-03 22:31:24,911,237,89,344,420,779,781
2018-05-03 22:31:25,912,238,89,345,420,779,781
2018-05-03 22:31:26,917,239,89,345,420,779,781
2018-05-03 22:31:27,918,240,89,346,420,779,781
2018-05-03 22:31:28,918,241,89,347,421,779,781
2018-05-03 22:31:29,919,242,89,348,421,779,781
2018-05-03 22:31:30,920,243,89,348,421,779,781
2018-05-03 22:31:31,921,244,89,349,421,779,781
2018-05-03 22:31:32,922,245,89,350,422,779,781
2018-05-03 22:31:33,923,246,89,351,422,779,781
2018-05-03 22:31:34,925,247,89,351,422,779,781
2018-05-03 22:31:35,927,248,89,352,422,780,781
2018-05-03 22:31:36,931,249,89,353,422,779,781
2018-05-03 22:31:37,933,250,89,353,423,779,781
2018-05-03 22:31:38,934,251,89,354,423,780,781
2018-05-03 22:31:39,935,252,89,355,423,779,781
2018-05-03 22:31:40,935,253,89,355,423,779,781
2018-05-03 22:31:41,937,254,89,356,424,779,781
2018-05-03 22:31:42,939,255,89,357,424,779,781
2018-05-03 22:31:43,940,256,89,357,424,779,781
2018-05-03 22:31:44,942,257,89,358,424,780,781
2018-05-03 22:31:45,943,258,89,359,425,779,781
2018-05-03 22:31:46,944,259,89,359,425,779,781
2018-05-03 22:31:47,945,260,89,360,425,780,781
2018-05-03 22:31:48,947,261,89,361,425,779,781
2018-05-03 22:31:49,948,262,89,362,425,779,781
2018-05-03 22:31:50,952,263,89,362,426,779,781
2018-05-03 22:31:51,954,264,89,363,426,779,781
2018-05-03 22:31:52,956,265,89,364,426,779,781
2018-05-03 22:31:53,956,266,89,364,426,779,781
2018-05-03 22:31:54,958,267,89,365,427,779,781
2018-05-03 22:31:55,959,268,89,365,427,779,781
2018-05-03 22:31:56,960,269,89,366,427,779,781
2018-05-03 22:31:57,961,270,89,367,427,779,781
2018-05-03 22:31:58,961,271,89,367,428,779,781
2018-05-03 22:31:59,962,272,89,368,428,779,781
2018-05-03 22:32:00,966,273,89,369,429,779,781
2018-05-03 22:32:01,967,274,89,369,429,779,781
2018-05-03 22:32:02,968,275,89,370,429,779,781
2018-05-03 22:32:03,970,276,89,370,429,779,781
2018-05-03 22:32:04,971,277,89,371,429,779,781
2018-05-03 22:32:05,972,278,89,372,430,779,781
2018-05-03 22:32:06,974,279,89,372,430,779,781
2018-05-03 22:32:07,975,280,89,373,430,779,781
2018-05-03 22:32:08,977,281,89,374,430,779,781
2018-05-03 22:32:09,978,282,89,374,430,779,781
2018-05-03 22:32:10,978,283,89,375,431,779,781
2018-05-03 22:32:11,980,284,89,376,431,779,781
2018-05-03 22:32:12,983,285,89,376,431,779,781
2018-05-03 22:32:13,986,286,89,377,431,779,781
2018-05-03 22:32:14,989,287,89,377,431,779,781
2018-05-03 22:32:15,991,288,89,378,431,779,781
2018-05-03 22:32:16,993,289,89,379,432,779,781
2018-05-03 22:32:17,997,290,89,379,432,779,781
2018-05-03 22:32:18,999,291,89,380,432,779,781
2018-05-03 22:32:20,000,292,89,380,432,779,781
2018-05-03 22:32:21,001,293,89,381,432,779,781
2018-05-03 22:32:22,001,294,89,382,432,779,781
2018-05-03 22:32:23,002,295,89,382,433,779,781
2018-05-03 22:32:24,005,296,89,383,433,779,781
2018-05-03 22:32:25,006,297,89,384,433,779,781
2018-05-03 22:32:26,008,298,89,384,434,779,781
2018-05-03 22:32:27,009,299,89,385,434,779,781
2018-05-03 22:32:28,019,300,89,385,434,779,781
2018-05-03 22:32:29,029,301,89,386,434,779,781
2018-05-03 22:32:30,036,302,89,387,434,779,781
2018-05-03 22:32:31,046,303,89,387,434,779,781
2018-05-03 22:32:32,056,304,89,388,435,779,781
2018-05-03 22:32:33,067,305,89,388,435,779,781
2018-05-03 22:32:34,074,306,89,389,435,779,781
2018-05-03 22:32:35,084,307,89,389,435,779,781
2018-05-03 22:32:36,091,308,89,390,435,779,781
2018-05-03 22:32:37,098,309,89,391,436,779,781
2018-05-03 22:32:38,108,310,89,391,436,779,781
2018-05-03 22:32:39,115,311,89,392,436,779,781
2018-05-03 22:32:40,125,312,89,393,437,779,781
2018-05-03 22:32:41,133,313,89,393,437,779,781
2018-05-03 22:32:42,142,314,89,394,437,779,781
2018-05-03 22:32:43,147,315,89,394,437,779,781
2018-05-03 22:32:44,157,316,89,395,437,779,781
2018-05-03 22:32:45,165,317,89,396,437,779,781
2018-05-03 22:32:46,174,318,89,396,437,779,781
2018-05-03 22:32:47,184,319,89,397,438,780,781
2018-05-03 22:32:48,191,320,89,397,438,779,781
2018-05-03 22:32:49,198,321,89,398,438,779,781
2018-05-03 22:32:50,205,322,89,398,438,779,781
2018-05-03 22:32:51,215,323,89,399,438,779,781
2018-05-03 22:32:52,226,324,89,400,438,779,781
2018-05-03 22:32:53,236,325,89,400,438,779,781
2018-05-03 22:32:54,244,326,89,401,438,779,781
2018-05-03 22:32:55,251,327,89,401,438,779,781
2018-05-03 22:32:56,260,328,89,402,438,779,781
2018-05-03 22:32:57,270,329,89,402,439,779,781
2018-05-03 22:32:58,277,330,89,403,439,779,781
2018-05-03 22:32:59,287,331,89,404,439,779,781
2018-05-03 22:33:00,297,332,89,404,439,779,781
2018-05-03 22:33:01,304,333,89,405,439,779,781
2018-05-03 22:33:02,314,334,89,405,440,779,781
2018-05-03 22:33:03,324,335,89,406,440,779,781
2018-05-03 22:33:04,334,336,89,406,440,779,781
2018-05-03 22:33:05,344,337,89,407,440,779,781
2018-05-03 22:33:06,355,338,89,408,440,779,781
2018-05-03 22:33:07,365,339,89,408,440,779,781
2018-05-03 22:33:08,374,340,89,409,441,779,781
2018-05-03 22:33:09,385,341,89,409,441,779,781
2018-05-03 22:33:10,395,342,89,410,441,779,781
2018-05-03 22:33:11,405,343,89,410,441,779,781
2018-05-03 22:33:12,415,344,89,411,441,779,781
2018-05-03 22:33:13,425,345,89,411,441,779,781
2018-05-03 22:33:14,435,346,89,412,442,779,781
2018-05-03 22:33:15,445,347,89,412,442,779,781
2018-05-03 22:33:16,455,349,89,413,442,779,781
2018-05-03 22:33:17,465,350,89,413,442,779,781
2018-05-03 22:33:18,475,351,89,414,443,779,781
2018-05-03 22:33:19,482,352,89,415,443,779,781
2018-05-03 22:33:20,489,353,89,415,443,779,781
2018-05-03 22:33:21,499,354,89,416,443,779,781
2018-05-03 22:33:22,506,355,89,416,443,779,781
2018-05-03 22:33:23,514,356,89,417,443,779,781
2018-05-03 22:33:24,523,357,89,417,443,779,781
2018-05-03 22:33:25,534,358,89,418,444,779,781
2018-05-03 22:33:26,544,359,89,418,444,779,781
2018-05-03 22:33:27,554,360,89,419,444,779,781
2018-05-03 22:33:28,564,361,89,420,444,779,781
2018-05-03 22:33:29,574,362,89,420,445,779,781
2018-05-03 22:33:30,584,363,89,421,445,779,781
2018-05-03 22:33:31,594,364,89,421,445,779,781
2018-05-03 22:33:32,604,365,89,422,445,779,781
2018-05-03 22:33:33,614,366,89,422,445,779,781
2018-05-03 22:33:34,624,367,89,423,446,779,781
2018-05-03 22:33:35,634,368,89,423,446,779,781
2018-05-03 22:33:36,644,369,89,424,446,779,781
2018-05-03 22:33:37,654,370,89,424,446,779,781
2018-05-03 22:33:38,664,371,89,425,446,779,781
2018-05-03 22:33:39,673,372,89,425,446,779,781
2018-05-03 22:33:40,677,373,89,426,447,779,781
2018-05-03 22:33:41,686,374,89,426,447,779,781
2018-05-03 22:33:42,696,375,89,427,447,779,781
2018-05-03 22:33:43,706,376,89,428,447,779,781
2018-05-03 22:33:44,716,377,89,428,447,779,781
2018-05-03 22:33:45,726,378,89,428,447,779,781
2018-05-03 22:33:46,736,379,89,429,447,779,781
2018-05-03 22:33:47,742,380,89,429,448,779,781
2018-05-03 22:33:48,752,381,89,430,448,779,781
2018-05-03 22:33:49,762,382,89,430,448,779,781
2018-05-03 22:33:50,770,383,89,431,448,779,781
2018-05-03 22:33:51,777,384,89,431,449,779,781
2018-05-03 22:33:52,788,385,89,432,449,779,781
2018-05-03 22:33:53,797,386,89,433,449,779,781
2018-05-03 22:33:54,808,387,89,433,449,779,781
2018-05-03 22:33:55,818,388,89,433,449,779,781
2018-05-03 22:33:56,825,389,89,434,450,779,781
2018-05-03 22:33:57,835,390,89,434,450,779,781
2018-05-03 22:33:58,842,391,89,435,450,779,781
2018-05-03 22:33:59,852,392,89,435,450,779,781
2018-05-03 22:34:00,859,393,89,436,450,779,781
2018-05-03 22:34:01,866,394,89,436,451,779,781
2018-05-03 22:34:02,876,395,89,437,451,779,781
2018-05-03 22:34:03,886,396,89,437,451,779,781
2018-05-03 22:34:04,896,397,89,438,451,779,781
2018-05-03 22:34:05,901,398,89,438,451,779,781
2018-05-03 22:34:06,911,399,89,439,452,779,781
2018-05-03 22:34:07,921,400,89,439,452,779,781
2018-05-03 22:34:08,928,401,89,440,452,779,781
2018-05-03 22:34:09,938,402,89,440,452,779,781
2018-05-03 22:34:10,948,403,89,440,453,779,781
2018-05-03 22:34:11,955,404,89,441,453,779,781
2018-05-03 22:34:12,965,405,89,441,453,779,781
2018-05-03 22:34:13,972,406,89,442,453,779,781
2018-05-03 22:34:14,982,407,89,442,453,779,781
2018-05-03 22:34:15,992,408,89,443,453,779,781
2018-05-03 22:34:17,002,409,89,443,454,779,781
2018-05-03 22:34:18,012,410,89,444,454,779,781
2018-05-03 22:34:19,022,411,89,444,454,779,781
2018-05-03 22:34:20,033,412,89,445,454,779,781
2018-05-03 22:34:21,043,413,89,445,454,779,781
2018-05-03 22:34:22,053,414,89,446,455,779,781
2018-05-03 22:34:23,062,415,89,446,455,779,781
2018-05-03 22:34:24,073,416,89,447,455,779,781
2018-05-03 22:34:25,080,417,89,447,455,779,781
2018-05-03 22:34:26,090,418,89,448,455,779,781
2018-05-03 22:34:27,101,419,89,448,456,779,781
2018-05-03 22:34:28,106,420,89,449,456,779,781
2018-05-03 22:34:29,111,421,89,449,456,779,781
2018-05-03 22:34:30,122,422,89,450,456,779,781
2018-05-03 22:34:31,131,423,89,450,456,779,781
2018-05-03 22:34:32,139,424,89,450,456,779,781
2018-05-03 22:34:33,148,425,89,451,456,779,781
2018-05-03 22:34:34,158,426,89,451,457,779,781
2018-05-03 22:34:35,169,427,89,452,457,779,781
2018-05-03 22:34:36,179,428,89,452,457,779,781
2018-05-03 22:34:37,185,429,89,453,457,779,781
2018-05-03 22:34:38,193,430,89,453,457,779,781
2018-05-03 22:34:39,203,431,89,454,458,779,781
2018-05-03 22:34:40,213,432,89,454,458,779,781
2018-05-03 22:34:41,221,433,89,454,458,779,781
2018-05-03 22:34:42,222,434,89,455,458,779,781
2018-05-03 22:34:43,231,435,89,455,458,779,781
2018-05-03 22:34:44,242,436,89,456,459,779,781
2018-05-03 22:34:45,252,437,89,456,459,779,781
2018-05-03 22:34:46,262,438,89,457,459,779,781
2018-05-03 22:34:47,269,439,89,457,460,779,781
2018-05-03 22:34:48,276,440,89,458,460,779,781
2018-05-03 22:34:49,286,441,89,458,460,779,781
2018-05-03 22:34:50,296,442,89,459,461,779,781
2018-05-03 22:34:51,306,443,89,459,461,779,781
2018-05-03 22:34:52,316,444,89,459,461,779,781
2018-05-03 22:34:53,326,445,89,460,461,779,781
2018-05-03 22:34:54,336,446,89,460,461,779,781
2018-05-03 22:34:55,346,447,89,461,462,779,781
2018-05-03 22:34:56,357,448,89,461,462,779,781
2018-05-03 22:34:57,364,449,89,462,462,779,781
2018-05-03 22:34:58,373,450,89,462,462,779,781
2018-05-03 22:34:59,384,451,89,463,463,779,781
2018-05-03 22:35:00,394,452,89,463,463,779,781
2018-05-03 22:35:01,401,453,89,464,463,779,781
2018-05-03 22:35:02,408,454,89,464,463,779,781
2018-05-03 22:35:03,418,455,89,465,463,779,781
2018-05-03 22:35:04,425,456,89,465,464,779,781
2018-05-03 22:35:05,435,457,89,466,464,779,781
2018-05-03 22:35:06,445,458,89,466,464,779,781
2018-05-03 22:35:07,455,460,89,467,464,779,781
2018-05-03 22:35:08,465,461,89,467,464,779,781
2018-05-03 22:35:09,475,462,89,467,465,779,781
2018-05-03 22:35:10,485,463,89,468,465,779,781
2018-05-03 22:35:11,495,464,89,468,465,779,781
2018-05-03 22:35:12,505,465,89,469,465,779,781
2018-05-03 22:35:13,516,466,89,469,465,779,781
2018-05-03 22:35:14,523,467,89,470,466,779,781
2018-05-03 22:35:15,533,468,89,470,466,779,781
2018-05-03 22:35:16,543,469,89,471,466,779,781
2018-05-03 22:35:17,553,470,89,471,467,779,781
2018-05-03 22:35:18,563,471,89,471,467,779,781
2018-05-03 22:35:19,570,472,89,472,467,779,781
2018-05-03 22:35:20,580,473,89,472,467,779,781
2018-05-03 22:35:21,588,474,89,473,467,779,781
2018-05-03 22:35:22,597,475,89,473,468,779,781
2018-05-03 22:35:23,607,476,89,474,468,779,781
2018-05-03 22:35:24,609,477,89,474,468,779,781
2018-05-03 22:35:25,619,478,89,475,468,779,781
2018-05-03 22:35:26,628,479,89,475,468,779,781
2018-05-03 22:35:27,639,480,89,475,468,779,781
2018-05-03 22:35:28,647,481,89,476,469,779,781
2018-05-03 22:35:29,656,482,89,476,469,779,781
2018-05-03 22:35:30,663,483,89,477,469,779,781
2018-05-03 22:35:31,673,484,89,477,469,779,781
2018-05-03 22:35:32,683,485,89,478,469,779,781
2018-05-03 22:35:33,693,486,89,478,469,779,781
2018-05-03 22:35:34,700,487,89,479,469,779,781
2018-05-03 22:35:35,707,488,89,479,470,779,781
2018-05-03 22:35:36,718,489,89,479,470,779,781
2018-05-03 22:35:37,725,490,89,480,470,779,781
2018-05-03 22:35:38,732,491,89,480,470,779,781
2018-05-03 22:35:39,742,492,89,481,471,779,781
2018-05-03 22:35:40,752,493,89,481,471,779,781
2018-05-03 22:35:41,762,494,89,482,471,779,781
2018-05-03 22:35:42,772,495,89,482,471,779,781
2018-05-03 22:35:43,782,496,89,483,472,779,781
2018-05-03 22:35:44,792,497,89,483,472,779,781
2018-05-03 22:35:45,802,498,89,484,472,779,781
2018-05-03 22:35:46,809,499,89,484,473,779,781
2018-05-03 22:35:47,816,500,89,485,473,779,781
2018-05-03 22:35:48,823,501,89,485,473,779,781
2018-05-03 22:35:49,834,502,89,486,473,779,781
2018-05-03 22:35:50,844,503,89,486,474,779,781
2018-05-03 22:35:51,851,504,89,487,474,779,781
2018-05-03 22:35:52,861,505,89,487,474,779,781
2018-05-03 22:35:53,868,506,89,488,474,779,781
2018-05-03 22:35:54,878,507,89,488,474,779,781
2018-05-03 22:35:55,885,508,89,489,475,779,781
2018-05-03 22:35:56,894,509,89,489,475,779,781
2018-05-03 22:35:57,902,510,89,489,475,779,781
2018-05-03 22:35:58,912,511,89,490,475,779,781
2018-05-03 22:35:59,920,512,89,490,475,779,781
2018-05-03 22:36:00,929,513,89,491,476,779,781
2018-05-03 22:36:01,939,514,89,491,476,779,781
2018-05-03 22:36:02,950,515,89,492,476,779,781
2018-05-03 22:36:03,959,516,89,492,477,779,781
2018-05-03 22:36:04,967,517,89,493,477,779,781
2018-05-03 22:36:05,974,518,89,493,477,779,781
2018-05-03 22:36:06,978,519,89,494,477,779,781
2018-05-03 22:36:07,985,520,89,494,478,779,781
2018-05-03 22:36:08,995,521,89,495,478,779,781
2018-05-03 22:36:10,005,522,89,495,478,779,781
2018-05-03 22:36:11,015,523,89,495,478,779,781
2018-05-03 22:36:12,025,524,89,496,478,779,781
2018-05-03 22:36:13,033,525,89,497,477,779,781
2018-05-03 22:36:14,043,526,89,497,476,779,781
2018-05-03 22:36:15,052,527,89,497,475,779,781
2018-05-03 22:36:16,063,528,89,498,473,779,781
2018-05-03 22:36:17,073,529,89,498,472,779,781
2018-05-03 22:36:18,079,530,89,499,471,779,781
2018-05-03 22:36:19,087,531,89,499,470,779,781
2018-05-03 22:36:20,097,532,89,500,469,779,781
2018-05-03 22:36:21,104,533,89,500,468,779,781
2018-05-03 22:36:22,114,534,89,500,467,779,781
2018-05-03 22:36:23,124,535,89,501,466,779,781
2018-05-03 22:36:24,132,536,89,501,465,779,781
2018-05-03 22:36:25,142,537,89,502,464,779,781
2018-05-03 22:36:26,152,538,89,502,463,779,781
2018-05-03 22:36:27,162,539,89,503,462,779,781
2018-05-03 22:36:28,172,540,89,503,461,779,781
2018-05-03 22:36:29,182,541,89,503,460,779,781
2018-05-03 22:36:30,189,542,89,504,459,779,781
2018-05-03 22:36:31,199,543,89,504,458,779,781
2018-05-03 22:36:32,209,544,89,504,457,779,781
2018-05-03 22:36:33,216,545,89,505,456,779,781
2018-05-03 22:36:34,226,546,89,505,456,779,781
2018-05-03 22:36:35,236,547,89,505,455,779,781
2018-05-03 22:36:36,246,548,89,505,454,779,781
2018-05-03 22:36:37,253,549,89,506,454,779,781
2018-05-03 22:36:38,260,550,89,506,453,779,781
2018-05-03 22:36:39,268,551,89,506,453,779,781
2018-05-03 22:36:40,278,552,89,506,452,779,781
2018-05-03 22:36:41,289,553,89,507,452,779,781
2018-05-03 22:36:42,298,554,89,507,451,779,781
2018-05-03 22:36:43,308,555,89,507,451,779,781
2018-05-03 22:36:44,318,556,89,508,450,779,781
2018-05-03 22:36:45,328,557,89,508,449,779,781
2018-05-03 22:36:46,335,558,89,508,449,779,781
2018-05-03 22:36:47,345,559,89,508,449,779,781
2018-05-03 22:36:48,352,560,89,509,448,779,781
2018-05-03 22:36:49,362,561,89,509,448,779,781
2018-05-03 22:36:50,370,562,89,509,447,779,781
2018-05-03 22:36:51,379,563,89,509,447,779,781
2018-05-03 22:36:52,390,564,89,509,446,779,781
2018-05-03 22:36:53,398,565,89,509,446,779,781
2018-05-03 22:36:54,407,566,89,509,446,779,781
2018-05-03 22:36:55,414,567,89,509,445,779,781
2018-05-03 22:36:56,424,568,89,510,445,779,781
2018-05-03 22:36:57,431,569,89,510,445,779,781
2018-05-03 22:36:58,441,570,89,510,444,779,781
2018-05-03 22:36:59,448,571,89,510,444,779,781
2018-05-03 22:37:00,458,573,89,510,444,779,781
2018-05-03 22:37:01,465,574,89,510,443,779,781
2018-05-03 22:37:02,472,575,89,510,443,779,781
2018-05-03 22:37:03,483,576,89,510,443,779,781
2018-05-03 22:37:04,492,577,89,510,442,779,781
2018-05-03 22:37:05,502,578,89,510,442,779,781
2018-05-03 22:37:06,512,579,89,511,442,779,781
2018-05-03 22:37:07,520,580,89,511,441,779,781
2018-05-03 22:37:08,530,581,89,511,441,779,781
2018-05-03 22:37:09,534,582,89,511,440,779,781
2018-05-03 22:37:10,544,583,89,511,440,779,781
2018-05-03 22:37:11,551,584,89,511,440,779,781
2018-05-03 22:37:12,561,585,89,511,439,779,781
2018-05-03 22:37:13,568,586,89,511,439,779,781
2018-05-03 22:37:14,578,587,89,511,439,779,781
2018-05-03 22:37:15,588,588,89,511,438,779,781
2018-05-03 22:37:16,599,589,89,511,438,779,781
2018-05-03 22:37:17,608,590,89,511,438,779,781
2018-05-03 22:37:18,619,591,89,511,437,779,781
2018-05-03 22:37:19,629,592,89,511,437,779,781
2018-05-03 22:37:20,636,593,89,511,436,779,781
2018-05-03 22:37:21,643,594,89,511,436,779,781
2018-05-03 22:37:22,650,595,89,511,436,779,781
2018-05-03 22:37:23,660,596,89,512,436,779,781
2018-05-03 22:37:24,670,597,89,512,435,779,781
2018-05-03 22:37:25,680,598,89,512,435,779,781
2018-05-03 22:37:26,687,599,89,512,435,779,781
2018-05-03 22:37:27,697,600,89,512,434,779,781
2018-05-03 22:37:28,708,601,89,512,434,779,781
2018-05-03 22:37:29,718,602,89,512,434,779,781
2018-05-03 22:37:30,728,603,89,512,434,779,781
2018-05-03 22:37:31,737,604,89,512,434,779,781
2018-05-03 22:37:32,745,605,89,512,433,779,781
2018-05-03 22:37:33,755,606,89,512,433,779,781
2018-05-03 22:37:34,762,607,89,512,432,779,781
2018-05-03 22:37:35,772,608,89,512,432,779,781
2018-05-03 22:37:36,782,609,89,512,432,779,781
2018-05-03 22:37:37,792,610,89,512,431,779,781
2018-05-03 22:37:38,799,611,89,512,431,779,781
2018-05-03 22:37:39,809,612,89,512,431,779,781
2018-05-03 22:37:40,819,613,89,512,431,779,781
2018-05-03 22:37:41,829,614,89,512,431,779,781
2018-05-03 22:37:42,839,615,89,512,430,779,781
2018-05-03 22:37:43,847,616,89,512,430,779,781
2018-05-03 22:37:44,857,617,89,512,430,779,781
2018-05-03 22:37:45,864,618,89,512,429,779,781
2018-05-03 22:37:46,874,619,89,512,429,779,781
2018-05-03 22:37:47,884,620,89,512,429,779,781
2018-05-03 22:37:48,891,621,89,512,428,779,781
2018-05-03 22:37:49,898,622,89,512,428,779,781
2018-05-03 22:37:50,908,623,89,512,428,779,781
2018-05-03 22:37:51,918,624,89,512,427,779,781
2018-05-03 22:37:52,928,625,89,512,427,779,781
2018-05-03 22:37:53,938,626,89,512,427,779,781
2018-05-03 22:37:54,945,627,89,512,427,779,781
2018-05-03 22:37:55,956,628,89,512,426,779,781
2018-05-03 22:37:56,963,629,89,512,426,779,781
2018-05-03 22:37:57,973,630,89,512,426,779,781
2018-05-03 22:37:58,980,631,89,512,426,779,781
2018-05-03 22:37:59,990,632,89,512,426,779,781
2018-05-03 22:38:01,000,633,89,512,426,779,781
2018-05-03 22:38:02,010,634,89,512,426,779,781
