2017-05-07 20:29:30,797,coffee,datetime,ms,seconds,ambient_temp,thermocouple_0_temp,thermocouple_1_temp,thermocouple_2_temp,thermocouple_3_temp
2017-05-07 20:29:32,885,2,67,501,411,788,789
2017-05-07 20:29:33,888,3,67,494,406,788,789
2017-05-07 20:29:34,889,4,67,484,402,788,789
2017-05-07 20:29:35,891,5,67,473,397,788,789
2017-05-07 20:29:36,896,6,67,461,393,788,789
2017-05-07 20:29:37,899,7,67,449,388,788,789
2017-05-07 20:29:38,903,8,67,437,385,788,789
2017-05-07 20:29:39,908,9,67,426,384,788,789
2017-05-07 20:29:40,910,10,67,415,382,788,789
2017-05-07 20:29:41,912,11,67,404,381,788,789
2017-05-07 20:29:42,915,12,67,395,379,788,789
2017-05-07 20:29:43,918,13,67,385,378,788,789
2017-05-07 20:29:44,919,14,67,376,377,788,789
2017-05-07 20:29:45,923,15,67,368,376,788,789
2017-05-07 20:29:46,928,16,67,360,375,788,789
2017-05-07 20:29:47,931,17,67,352,374,788,789
2017-05-07 20:29:48,935,18,67,345,373,788,789
2017-05-07 20:29:49,940,19,67,338,372,788,789
2017-05-07 20:29:50,946,20,67,332,371,788,789
2017-05-07 20:29:51,948,21,67,325,371,788,789
2017-05-07 20:29:52,949,22,67,319,370,788,789
2017-05-07 20:29:53,956,23,67,313,369,788,789
2017-05-07 20:29:54,959,24,67,308,369,788,789
2017-05-07 20:29:55,964,25,67,302,368,788,789
2017-05-07 20:29:56,965,26,67,296,367,788,789
2017-05-07 20:29:57,970,27,67,292,367,788,789
2017-05-07 20:29:58,974,28,67,287,366,788,789
2017-05-07 20:29:59,976,29,67,282,365,788,789
2017-05-07 20:30:00,980,30,67,278,365,788,789
2017-05-07 20:30:01,981,31,67,274,365,788,789
2017-05-07 20:30:02,984,32,68,271,364,788,789
2017-05-07 20:30:03,988,33,67,267,364,788,789
2017-05-07 20:30:04,988,34,67,264,364,788,789
2017-05-07 20:30:05,994,35,68,260,365,788,789
2017-05-07 20:30:06,999,36,68,257,365,788,789
2017-05-07 20:30:08,002,37,68,254,366,788,789
2017-05-07 20:30:09,007,38,68,252,366,788,789
2017-05-07 20:30:10,009,39,68,249,366,788,789
2017-05-07 20:30:11,009,40,68,246,367,788,789
2017-05-07 20:30:12,011,41,68,244,367,788,789
2017-05-07 20:30:13,012,42,67,241,367,788,789
2017-05-07 20:30:14,013,43,68,239,368,788,789
2017-05-07 20:30:15,014,44,68,237,368,788,789
2017-05-07 20:30:16,019,45,68,234,368,788,789
2017-05-07 20:30:17,026,46,68,233,369,788,789
2017-05-07 20:30:18,030,47,68,231,369,788,789
2017-05-07 20:30:19,035,48,68,229,369,788,789
2017-05-07 20:30:20,039,49,68,228,370,788,789
2017-05-07 20:30:21,042,50,68,226,370,788,789
2017-05-07 20:30:22,047,51,68,225,370,788,789
2017-05-07 20:30:23,048,52,68,224,371,788,789
2017-05-07 20:30:24,049,53,68,223,371,788,789
2017-05-07 20:30:25,052,54,68,221,371,788,789
2017-05-07 20:30:26,053,55,68,220,371,788,789
2017-05-07 20:30:27,055,56,68,219,372,788,788
2017-05-07 20:30:28,056,57,68,218,372,788,789
2017-05-07 20:30:29,060,58,68,217,372,788,789
2017-05-07 20:30:30,064,59,68,217,373,788,789
2017-05-07 20:30:31,068,60,68,216,373,788,789
2017-05-07 20:30:32,074,61,68,215,373,788,788
2017-05-07 20:30:33,078,62,68,215,373,788,789
2017-05-07 20:30:34,080,63,68,214,374,788,789
2017-05-07 20:30:35,082,64,68,213,374,788,789
2017-05-07 20:30:36,086,65,68,213,374,788,789
2017-05-07 20:30:37,088,66,68,213,375,788,788
2017-05-07 20:30:38,091,67,68,213,375,788,789
2017-05-07 20:30:39,092,68,68,212,375,788,789
2017-05-07 20:30:40,096,69,68,212,376,788,789
2017-05-07 20:30:41,098,70,68,212,376,788,789
2017-05-07 20:30:42,100,71,68,212,377,788,789
2017-05-07 20:30:43,106,72,68,211,377,788,789
2017-05-07 20:30:44,108,73,68,212,377,788,789
2017-05-07 20:30:45,108,74,68,211,378,788,789
2017-05-07 20:30:46,114,75,68,212,378,788,789
2017-05-07 20:30:47,118,76,68,211,378,788,789
2017-05-07 20:30:48,123,77,68,212,379,788,789
2017-05-07 20:30:49,128,78,68,212,379,788,789
2017-05-07 20:30:50,130,79,68,212,380,788,788
2017-05-07 20:30:51,134,80,68,212,380,788,789
2017-05-07 20:30:52,137,81,68,212,380,788,789
2017-05-07 20:30:53,140,82,68,212,381,788,789
2017-05-07 20:30:54,143,83,68,213,381,788,788
2017-05-07 20:30:55,144,84,68,213,381,788,789
2017-05-07 20:30:56,146,85,68,213,382,788,788
2017-05-07 20:30:57,147,86,68,214,382,788,789
2017-05-07 20:30:58,153,87,68,214,382,788,789
2017-05-07 20:30:59,154,88,68,214,383,788,789
2017-05-07 20:31:00,155,89,68,215,383,788,789
2017-05-07 20:31:01,158,90,68,215,384,788,789
2017-05-07 20:31:02,162,91,68,216,384,788,789
2017-05-07 20:31:03,168,92,68,216,385,788,789
2017-05-07 20:31:04,172,93,68,216,385,788,789
2017-05-07 20:31:05,176,94,68,217,386,788,788
2017-05-07 20:31:06,181,95,68,217,386,788,789
2017-05-07 20:31:07,182,96,68,218,387,788,789
2017-05-07 20:31:08,183,97,68,219,387,788,789
2017-05-07 20:31:09,185,98,68,219,387,788,788
2017-05-07 20:31:10,187,99,68,220,388,788,788
2017-05-07 20:31:11,189,100,68,221,388,788,789
2017-05-07 20:31:12,195,101,68,221,389,788,788
2017-05-07 20:31:13,197,102,68,222,389,788,788
2017-05-07 20:31:14,200,103,68,222,390,788,788
2017-05-07 20:31:15,206,104,68,223,390,788,789
2017-05-07 20:31:16,207,105,68,223,390,788,789
2017-05-07 20:31:17,213,106,68,224,391,788,789
2017-05-07 20:31:18,217,107,68,225,391,788,789
2017-05-07 20:31:19,218,108,68,226,392,788,789
2017-05-07 20:31:20,223,109,68,226,392,788,788
2017-05-07 20:31:21,224,110,68,227,392,788,788
2017-05-07 20:31:22,228,111,68,227,393,788,788
2017-05-07 20:31:23,229,112,68,228,393,788,788
2017-05-07 20:31:24,232,113,68,229,393,788,788
2017-05-07 20:31:25,237,114,68,230,394,788,789
2017-05-07 20:31:26,241,115,68,230,394,788,788
2017-05-07 20:31:27,246,116,68,231,394,788,788
2017-05-07 20:31:28,247,117,68,231,395,788,788
2017-05-07 20:31:29,250,118,68,232,395,788,788
2017-05-07 20:31:30,255,119,68,233,395,788,788
2017-05-07 20:31:31,256,120,68,233,395,788,788
2017-05-07 20:31:32,260,121,68,234,396,788,788
2017-05-07 20:31:33,266,122,68,235,396,788,788
2017-05-07 20:31:34,267,123,68,236,397,788,788
2017-05-07 20:31:35,273,124,68,237,397,788,788
2017-05-07 20:31:36,277,125,68,237,397,788,788
2017-05-07 20:31:37,279,126,68,238,398,788,788
2017-05-07 20:31:38,279,127,68,239,398,788,788
2017-05-07 20:31:39,281,128,68,240,398,788,788
2017-05-07 20:31:40,285,129,68,240,399,788,788
2017-05-07 20:31:41,286,130,68,241,399,788,788
2017-05-07 20:31:42,287,131,68,242,399,788,788
2017-05-07 20:31:43,293,132,68,243,400,788,788
2017-05-07 20:31:44,296,133,68,243,400,788,788
2017-05-07 20:31:45,297,134,68,244,400,788,788
2017-05-07 20:31:46,303,135,68,245,400,788,788
2017-05-07 20:31:47,306,136,68,246,401,788,788
2017-05-07 20:31:48,307,137,68,246,401,788,788
2017-05-07 20:31:49,312,138,68,247,401,788,788
2017-05-07 20:31:50,313,139,68,248,401,788,788
2017-05-07 20:31:51,316,140,68,249,402,788,788
2017-05-07 20:31:52,317,141,68,249,402,788,788
2017-05-07 20:31:53,323,142,68,250,403,788,788
2017-05-07 20:31:54,326,143,68,251,403,788,788
2017-05-07 20:31:55,329,144,68,252,403,788,788
2017-05-07 20:31:56,334,145,68,252,403,788,788
2017-05-07 20:31:57,336,146,68,253,404,788,788
2017-05-07 20:31:58,341,147,68,254,404,788,788
2017-05-07 20:31:59,346,148,68,255,404,788,788
2017-05-07 20:32:00,352,149,68,256,405,788,788
2017-05-07 20:32:01,354,150,68,256,405,788,788
2017-05-07 20:32:02,358,151,68,257,405,788,788
2017-05-07 20:32:03,363,152,68,258,406,788,788
2017-05-07 20:32:04,365,153,68,259,406,788,788
2017-05-07 20:32:05,369,154,68,259,406,788,788
2017-05-07 20:32:06,370,155,68,260,406,788,788
2017-05-07 20:32:07,371,156,68,261,407,788,788
2017-05-07 20:32:08,372,157,68,262,407,788,788
2017-05-07 20:32:09,374,158,68,263,407,788,788
2017-05-07 20:32:10,378,159,68,263,407,788,788
2017-05-07 20:32:11,379,160,68,264,407,788,788
2017-05-07 20:32:12,385,161,68,265,407,788,788
2017-05-07 20:32:13,391,162,68,266,408,788,788
2017-05-07 20:32:14,397,163,68,266,408,788,788
2017-05-07 20:32:15,401,164,68,267,408,788,788
2017-05-07 20:32:16,406,165,68,268,408,788,788
2017-05-07 20:32:17,409,166,68,269,409,788,788
2017-05-07 20:32:18,411,167,68,270,409,788,788
2017-05-07 20:32:19,414,168,68,271,409,788,788
2017-05-07 20:32:20,417,169,68,271,410,788,788
2017-05-07 20:32:21,420,170,68,272,410,788,788
2017-05-07 20:32:22,425,171,68,273,410,788,788
2017-05-07 20:32:23,429,172,68,273,410,788,788
2017-05-07 20:32:24,432,173,68,274,411,788,788
2017-05-07 20:32:25,436,174,68,275,411,788,788
2017-05-07 20:32:26,442,175,68,276,411,788,788
2017-05-07 20:32:27,445,176,68,276,411,788,788
2017-05-07 20:32:28,448,177,68,277,412,788,788
2017-05-07 20:32:29,451,178,68,278,412,788,788
2017-05-07 20:32:30,455,179,68,279,412,788,788
2017-05-07 20:32:31,456,180,68,279,412,788,788
2017-05-07 20:32:32,458,181,68,280,413,788,788
2017-05-07 20:32:33,459,182,68,281,413,788,788
2017-05-07 20:32:34,465,183,68,282,413,788,788
2017-05-07 20:32:35,466,184,68,282,413,788,788
2017-05-07 20:32:36,467,185,68,283,414,788,788
2017-05-07 20:32:37,472,186,68,284,414,788,788
2017-05-07 20:32:38,477,187,68,285,414,788,788
2017-05-07 20:32:39,482,188,68,285,414,788,788
2017-05-07 20:32:40,483,189,68,286,414,788,788
2017-05-07 20:32:41,485,190,68,287,415,788,788
2017-05-07 20:32:42,486,191,68,287,415,788,788
2017-05-07 20:32:43,492,192,68,288,415,788,788
2017-05-07 20:32:44,498,193,68,289,416,788,788
2017-05-07 20:32:45,500,194,68,290,416,788,788
2017-05-07 20:32:46,505,195,68,291,416,788,788
2017-05-07 20:32:47,507,196,68,291,416,788,788
2017-05-07 20:32:48,509,197,68,292,417,788,788
2017-05-07 20:32:49,513,198,68,293,417,788,788
2017-05-07 20:32:50,515,199,68,293,417,788,788
2017-05-07 20:32:51,520,200,68,294,417,788,788
2017-05-07 20:32:52,525,201,68,295,417,788,788
2017-05-07 20:32:53,529,202,68,296,418,788,788
2017-05-07 20:32:54,532,203,68,296,418,788,788
2017-05-07 20:32:55,536,204,68,297,418,788,788
2017-05-07 20:32:56,542,205,68,298,418,788,788
2017-05-07 20:32:57,546,206,68,298,419,788,788
2017-05-07 20:32:58,549,207,68,299,419,788,788
2017-05-07 20:32:59,555,208,68,300,419,788,788
2017-05-07 20:33:00,557,209,68,301,419,788,788
2017-05-07 20:33:01,563,210,68,301,420,788,788
2017-05-07 20:33:02,564,211,68,302,420,788,788
2017-05-07 20:33:03,567,212,68,303,420,788,788
2017-05-07 20:33:04,573,213,68,303,421,788,788
2017-05-07 20:33:05,578,214,68,304,421,788,788
2017-05-07 20:33:06,579,215,68,305,421,788,788
2017-05-07 20:33:07,583,216,68,306,421,788,788
2017-05-07 20:33:08,588,217,68,306,422,788,788
2017-05-07 20:33:09,590,218,68,307,422,788,788
2017-05-07 20:33:10,592,219,68,308,422,788,788
2017-05-07 20:33:11,593,220,68,309,422,788,788
2017-05-07 20:33:12,597,221,68,309,422,788,788
2017-05-07 20:33:13,602,222,68,310,423,788,788
2017-05-07 20:33:14,604,223,68,311,423,788,788
2017-05-07 20:33:15,609,224,68,312,423,788,788
2017-05-07 20:33:16,611,225,69,312,424,788,788
2017-05-07 20:33:17,616,226,68,313,424,788,788
2017-05-07 20:33:18,619,227,69,313,424,788,788
2017-05-07 20:33:19,620,228,68,314,424,788,788
2017-05-07 20:33:20,624,229,69,315,425,788,788
2017-05-07 20:33:21,625,230,69,315,425,788,788
2017-05-07 20:33:22,630,231,68,316,425,788,788
2017-05-07 20:33:23,634,232,69,317,426,788,788
2017-05-07 20:33:24,637,233,68,317,426,788,788
2017-05-07 20:33:25,641,234,69,318,426,788,788
2017-05-07 20:33:26,643,235,68,319,426,788,788
2017-05-07 20:33:27,644,236,69,319,427,788,788
2017-05-07 20:33:28,649,237,69,320,427,788,788
2017-05-07 20:33:29,650,238,69,321,427,788,788
2017-05-07 20:33:30,655,239,69,321,428,788,788
2017-05-07 20:33:31,659,240,69,322,428,788,788
2017-05-07 20:33:32,663,241,69,323,428,788,788
2017-05-07 20:33:33,664,242,69,323,428,788,788
2017-05-07 20:33:34,668,243,69,324,428,788,788
2017-05-07 20:33:35,669,244,69,325,428,788,788
2017-05-07 20:33:36,674,245,69,325,427,788,788
2017-05-07 20:33:37,676,246,69,326,427,788,788
2017-05-07 20:33:38,681,247,69,327,427,788,788
2017-05-07 20:33:39,683,248,69,327,427,788,788
2017-05-07 20:33:40,684,249,69,328,427,788,788
2017-05-07 20:33:41,689,250,69,329,427,788,788
2017-05-07 20:33:42,692,251,69,329,427,788,788
2017-05-07 20:33:43,695,252,69,330,427,788,788
2017-05-07 20:33:44,698,253,69,330,427,788,788
2017-05-07 20:33:45,701,254,69,331,428,788,788
2017-05-07 20:33:46,706,255,69,332,428,788,788
2017-05-07 20:33:47,708,256,69,332,428,788,788
2017-05-07 20:33:48,709,257,69,333,428,788,788
2017-05-07 20:33:49,710,258,69,334,428,788,788
2017-05-07 20:33:50,711,259,69,334,428,788,788
2017-05-07 20:33:51,717,260,69,335,427,788,788
2017-05-07 20:33:52,722,261,69,335,427,788,788
2017-05-07 20:33:53,726,262,69,336,428,788,788
2017-05-07 20:33:54,727,263,69,337,428,788,788
2017-05-07 20:33:55,729,264,69,337,428,788,788
2017-05-07 20:33:56,734,265,69,338,428,788,788
2017-05-07 20:33:57,738,266,69,338,428,788,788
2017-05-07 20:33:58,743,267,69,339,428,788,788
2017-05-07 20:33:59,745,268,69,339,428,788,788
2017-05-07 20:34:00,746,269,69,340,428,788,788
2017-05-07 20:34:01,748,270,69,341,428,788,788
2017-05-07 20:34:02,754,271,69,341,428,788,788
2017-05-07 20:34:03,755,272,69,342,428,788,788
2017-05-07 20:34:04,760,273,69,342,429,788,788
2017-05-07 20:34:05,763,274,69,343,429,788,788
2017-05-07 20:34:06,766,275,69,344,429,788,788
2017-05-07 20:34:07,771,276,69,344,429,788,788
2017-05-07 20:34:08,775,277,69,345,429,788,788
2017-05-07 20:34:09,777,278,69,345,429,788,788
2017-05-07 20:34:10,782,279,69,346,429,788,788
2017-05-07 20:34:11,783,280,69,346,429,788,788
2017-05-07 20:34:12,785,281,69,347,429,788,788
2017-05-07 20:34:13,788,282,69,348,429,788,788
2017-05-07 20:34:14,790,283,69,348,430,788,788
2017-05-07 20:34:15,791,284,69,349,430,788,788
2017-05-07 20:34:16,795,285,69,349,430,788,788
2017-05-07 20:34:17,799,287,69,350,430,788,788
2017-05-07 20:34:18,803,288,69,351,430,788,788
2017-05-07 20:34:19,806,289,69,351,430,788,788
2017-05-07 20:34:20,811,290,69,352,430,788,788
2017-05-07 20:34:21,814,291,69,352,430,788,788
2017-05-07 20:34:22,818,292,69,353,430,788,788
2017-05-07 20:34:23,822,293,69,353,430,788,788
2017-05-07 20:34:24,825,294,69,354,430,788,788
2017-05-07 20:34:25,826,295,69,355,431,788,788
2017-05-07 20:34:26,827,296,69,355,431,788,788
2017-05-07 20:34:27,829,297,69,356,431,788,788
2017-05-07 20:34:28,830,298,69,356,431,788,788
2017-05-07 20:34:29,836,299,69,357,432,788,788
2017-05-07 20:34:30,839,300,69,357,432,788,788
2017-05-07 20:34:31,847,301,69,358,432,788,788
2017-05-07 20:34:32,848,302,69,358,433,788,788
2017-05-07 20:34:33,850,303,69,359,433,788,788
2017-05-07 20:34:34,852,304,69,359,433,788,788
2017-05-07 20:34:35,855,305,69,360,433,788,788
2017-05-07 20:34:36,862,306,69,360,433,788,788
2017-05-07 20:34:37,871,307,69,361,433,788,788
2017-05-07 20:34:38,881,308,69,361,433,788,788
2017-05-07 20:34:39,890,309,69,362,433,788,788
2017-05-07 20:34:40,900,310,69,363,433,788,788
2017-05-07 20:34:41,905,311,69,363,433,788,788
2017-05-07 20:34:42,909,312,69,364,434,788,788
2017-05-07 20:34:43,912,313,69,364,434,788,788
2017-05-07 20:34:44,921,314,69,364,434,788,788
2017-05-07 20:34:45,923,315,69,365,434,788,788
2017-05-07 20:34:46,925,316,69,365,434,788,788
2017-05-07 20:34:47,933,317,69,366,434,788,788
2017-05-07 20:34:48,942,318,69,367,435,788,788
2017-05-07 20:34:49,952,319,69,367,435,788,788
2017-05-07 20:34:50,957,320,69,368,435,788,788
2017-05-07 20:34:51,963,321,69,368,435,788,788
2017-05-07 20:34:52,974,322,69,369,435,788,788
2017-05-07 20:34:53,980,323,69,369,434,788,788
2017-05-07 20:34:54,983,324,69,370,434,788,788
2017-05-07 20:34:55,992,325,69,370,434,788,788
2017-05-07 20:34:57,001,326,69,371,433,788,788
2017-05-07 20:34:58,011,327,69,371,433,788,788
2017-05-07 20:34:59,017,328,69,372,432,788,788
2017-05-07 20:35:00,025,329,69,372,432,788,788
2017-05-07 20:35:01,027,330,69,373,431,788,788
2017-05-07 20:35:02,032,331,69,373,431,788,788
2017-05-07 20:35:03,038,332,69,373,431,788,788
2017-05-07 20:35:04,047,333,69,374,431,788,788
2017-05-07 20:35:05,053,334,69,374,431,788,788
2017-05-07 20:35:06,063,335,69,375,431,788,788
2017-05-07 20:35:07,064,336,69,375,431,788,788
2017-05-07 20:35:08,072,337,69,376,432,787,788
2017-05-07 20:35:09,082,338,69,376,432,788,788
2017-05-07 20:35:10,091,339,69,377,433,788,788
2017-05-07 20:35:11,092,340,69,377,433,788,788
2017-05-07 20:35:12,103,341,69,378,432,788,788
2017-05-07 20:35:13,104,342,69,378,432,788,788
2017-05-07 20:35:14,112,343,69,379,433,788,788
2017-05-07 20:35:15,122,344,69,379,433,788,788
2017-05-07 20:35:16,131,345,69,380,433,788,788
2017-05-07 20:35:17,133,346,69,380,434,788,788
2017-05-07 20:35:18,141,347,69,381,434,787,788
2017-05-07 20:35:19,143,348,69,381,435,788,788
2017-05-07 20:35:20,153,349,69,381,435,787,788
2017-05-07 20:35:21,162,350,69,382,435,788,788
2017-05-07 20:35:22,172,351,69,382,435,788,788
2017-05-07 20:35:23,181,352,69,383,436,787,788
2017-05-07 20:35:24,191,353,69,383,436,787,788
2017-05-07 20:35:25,200,354,69,384,436,788,788
2017-05-07 20:35:26,210,355,69,384,437,788,788
2017-05-07 20:35:27,219,356,69,385,437,788,788
2017-05-07 20:35:28,220,357,69,386,437,787,788
2017-05-07 20:35:29,225,358,69,386,438,788,788
2017-05-07 20:35:30,229,359,69,386,438,787,788
2017-05-07 20:35:31,240,360,69,387,438,787,788
2017-05-07 20:35:32,250,361,69,388,438,787,788
2017-05-07 20:35:33,259,362,69,388,438,787,788
2017-05-07 20:35:34,269,363,69,388,439,787,788
2017-05-07 20:35:35,278,364,69,389,439,788,788
2017-05-07 20:35:36,288,365,69,389,439,787,788
2017-05-07 20:35:37,290,366,69,390,439,787,788
2017-05-07 20:35:38,296,367,69,390,439,787,788
2017-05-07 20:35:39,300,368,69,391,440,787,788
2017-05-07 20:35:40,309,369,69,391,440,787,788
2017-05-07 20:35:41,318,370,69,392,440,787,788
2017-05-07 20:35:42,322,371,69,392,441,788,788
2017-05-07 20:35:43,324,372,69,393,441,787,788
2017-05-07 20:35:44,330,373,69,393,441,787,788
2017-05-07 20:35:45,334,374,69,393,441,787,788
2017-05-07 20:35:46,342,375,69,394,441,787,788
2017-05-07 20:35:47,343,376,69,394,442,787,788
2017-05-07 20:35:48,351,377,69,395,442,787,788
2017-05-07 20:35:49,361,378,69,395,443,787,788
2017-05-07 20:35:50,370,379,69,396,443,787,788
2017-05-07 20:35:51,380,380,69,396,444,787,788
2017-05-07 20:35:52,390,381,69,397,444,787,788
2017-05-07 20:35:53,391,382,69,397,445,787,788
2017-05-07 20:35:54,395,383,69,398,445,787,788
2017-05-07 20:35:55,401,384,69,398,446,787,788
2017-05-07 20:35:56,411,385,69,398,446,787,788
2017-05-07 20:35:57,420,386,69,399,446,787,788
2017-05-07 20:35:58,430,387,69,399,447,787,788
2017-05-07 20:35:59,439,388,69,400,447,787,788
2017-05-07 20:36:00,449,389,69,400,447,787,788
2017-05-07 20:36:01,450,390,69,401,448,787,788
2017-05-07 20:36:02,451,391,69,401,448,787,788
2017-05-07 20:36:03,460,392,69,402,448,787,788
2017-05-07 20:36:04,470,393,69,402,449,787,788
2017-05-07 20:36:05,479,394,69,403,449,787,788
2017-05-07 20:36:06,481,395,69,403,450,787,788
2017-05-07 20:36:07,485,396,69,404,450,787,788
2017-05-07 20:36:08,489,397,69,404,450,787,788
2017-05-07 20:36:09,491,398,69,404,451,787,788
2017-05-07 20:36:10,501,399,69,405,451,787,788
2017-05-07 20:36:11,503,400,69,405,452,787,788
2017-05-07 20:36:12,509,401,69,406,452,787,788
2017-05-07 20:36:13,511,402,69,406,452,787,788
2017-05-07 20:36:14,521,403,69,407,452,787,788
2017-05-07 20:36:15,524,404,69,407,453,787,788
2017-05-07 20:36:16,533,405,69,407,453,787,788
2017-05-07 20:36:17,543,406,69,408,453,787,788
2017-05-07 20:36:18,552,407,69,408,453,787,788
2017-05-07 20:36:19,562,408,69,409,454,787,788
2017-05-07 20:36:20,566,409,69,409,454,787,788
2017-05-07 20:36:21,575,410,69,410,454,787,788
2017-05-07 20:36:22,581,411,69,410,455,787,788
2017-05-07 20:36:23,583,412,69,411,455,787,788
2017-05-07 20:36:24,593,413,69,411,455,787,788
2017-05-07 20:36:25,593,414,69,412,455,787,788
2017-05-07 20:36:26,601,415,69,412,456,787,788
2017-05-07 20:36:27,604,416,69,413,456,787,788
2017-05-07 20:36:28,607,417,69,413,456,787,788
2017-05-07 20:36:29,614,418,69,413,457,787,788
2017-05-07 20:36:30,621,419,69,414,457,787,788
2017-05-07 20:36:31,625,420,69,414,457,787,788
2017-05-07 20:36:32,635,421,69,415,457,787,788
2017-05-07 20:36:33,637,422,69,415,457,787,788
2017-05-07 20:36:34,639,423,69,416,458,787,788
2017-05-07 20:36:35,647,424,69,416,458,787,788
2017-05-07 20:36:36,656,425,69,417,458,787,788
2017-05-07 20:36:37,661,426,69,417,459,787,788
2017-05-07 20:36:38,668,427,69,418,459,787,788
2017-05-07 20:36:39,675,428,69,418,459,787,788
2017-05-07 20:36:40,678,429,69,418,459,787,788
2017-05-07 20:36:41,687,430,69,419,459,787,788
2017-05-07 20:36:42,696,431,69,419,459,787,788
2017-05-07 20:36:43,706,432,69,420,459,787,788
2017-05-07 20:36:44,716,433,69,420,459,787,788
2017-05-07 20:36:45,725,434,69,421,458,787,788
2017-05-07 20:36:46,734,435,69,421,457,787,788
2017-05-07 20:36:47,744,436,69,421,457,787,788
2017-05-07 20:36:48,753,437,69,422,457,787,788
2017-05-07 20:36:49,763,438,69,422,457,787,788
2017-05-07 20:36:50,772,439,69,423,457,787,788
2017-05-07 20:36:51,782,440,69,423,457,787,788
2017-05-07 20:36:52,791,441,69,424,457,787,788
2017-05-07 20:36:53,801,443,69,424,457,787,788
2017-05-07 20:36:54,810,444,70,425,457,787,788
2017-05-07 20:36:55,820,445,69,425,457,787,788
2017-05-07 20:36:56,829,446,69,426,457,787,788
2017-05-07 20:36:57,839,447,69,426,457,787,788
2017-05-07 20:36:58,848,448,69,427,457,787,788
2017-05-07 20:36:59,858,449,69,427,458,787,788
2017-05-07 20:37:00,861,450,69,428,458,787,788
2017-05-07 20:37:01,864,451,69,428,458,787,788
2017-05-07 20:37:02,872,452,69,429,458,787,788
2017-05-07 20:37:03,879,453,69,429,459,787,788
2017-05-07 20:37:04,881,454,69,430,459,787,788
2017-05-07 20:37:05,892,455,69,430,459,787,788
2017-05-07 20:37:06,899,456,69,430,459,787,788
2017-05-07 20:37:07,907,457,69,431,459,787,788
2017-05-07 20:37:08,912,458,70,431,459,787,788
2017-05-07 20:37:09,920,459,70,432,460,787,788
2017-05-07 20:37:10,928,460,70,432,460,787,788
2017-05-07 20:37:11,938,461,70,433,460,787,788
2017-05-07 20:37:12,948,462,69,433,460,787,788
2017-05-07 20:37:13,949,463,70,433,460,787,788
2017-05-07 20:37:14,957,464,69,434,460,787,788
2017-05-07 20:37:15,959,465,70,434,460,787,788
2017-05-07 20:37:16,969,466,70,435,460,787,788
2017-05-07 20:37:17,979,467,70,435,461,787,788
2017-05-07 20:37:18,988,468,70,436,461,787,788
2017-05-07 20:37:19,991,469,70,436,461,787,788
2017-05-07 20:37:20,999,470,70,436,461,787,788
2017-05-07 20:37:22,000,471,70,437,461,787,788
2017-05-07 20:37:23,009,472,70,437,461,787,788
2017-05-07 20:37:24,019,473,70,438,461,787,788
2017-05-07 20:37:25,024,474,70,438,461,787,788
2017-05-07 20:37:26,026,475,70,438,461,787,788
2017-05-07 20:37:27,030,476,70,439,461,787,788
2017-05-07 20:37:28,040,477,70,439,461,787,788
2017-05-07 20:37:29,049,478,70,439,462,787,788
2017-05-07 20:37:30,050,479,70,440,462,787,788
2017-05-07 20:37:31,058,480,70,440,462,787,788
2017-05-07 20:37:32,061,481,70,441,462,787,788
2017-05-07 20:37:33,064,482,70,441,462,787,788
2017-05-07 20:37:34,065,483,70,442,462,787,788
2017-05-07 20:37:35,072,484,70,442,462,787,788
2017-05-07 20:37:36,074,485,70,443,462,787,788
2017-05-07 20:37:37,076,486,70,443,462,787,788
2017-05-07 20:37:38,084,487,70,443,463,787,788
2017-05-07 20:37:39,094,488,70,443,462,787,788
2017-05-07 20:37:40,099,489,70,444,463,787,788
2017-05-07 20:37:41,106,490,70,444,463,787,788
2017-05-07 20:37:42,108,491,70,445,463,787,788
2017-05-07 20:37:43,115,492,70,445,463,787,788
2017-05-07 20:37:44,124,493,70,446,463,787,788
2017-05-07 20:37:45,133,494,70,446,463,787,788
2017-05-07 20:37:46,137,495,70,447,463,787,788
2017-05-07 20:37:47,140,496,70,447,463,787,788
2017-05-07 20:37:48,146,497,70,447,463,787,788
2017-05-07 20:37:49,155,498,70,448,463,787,788
2017-05-07 20:37:50,159,499,70,448,464,787,788
2017-05-07 20:37:51,169,500,70,449,464,787,788
2017-05-07 20:37:52,178,501,70,449,464,787,788
2017-05-07 20:37:53,181,502,70,449,464,787,788
2017-05-07 20:37:54,188,503,70,450,464,787,788
2017-05-07 20:37:55,199,504,70,450,465,787,788
2017-05-07 20:37:56,200,505,70,451,465,787,788
2017-05-07 20:37:57,202,506,70,451,465,787,788
2017-05-07 20:37:58,207,507,70,451,465,787,788
2017-05-07 20:37:59,216,508,70,452,465,787,788
2017-05-07 20:38:00,218,509,70,452,465,787,788
2017-05-07 20:38:01,228,510,70,453,465,787,788
2017-05-07 20:38:02,231,511,70,453,465,787,788
2017-05-07 20:38:03,238,512,70,453,466,787,788
2017-05-07 20:38:04,247,513,70,454,466,787,788
2017-05-07 20:38:05,256,514,70,454,466,787,788
2017-05-07 20:38:06,266,515,70,455,466,787,788
2017-05-07 20:38:07,276,516,70,455,467,787,788
2017-05-07 20:38:08,285,517,70,455,467,787,788
2017-05-07 20:38:09,295,518,70,456,467,787,788
2017-05-07 20:38:10,304,519,70,456,467,787,788
2017-05-07 20:38:11,308,520,70,457,467,787,788
2017-05-07 20:38:12,318,521,70,457,467,787,788
2017-05-07 20:38:13,323,522,70,457,468,787,788
2017-05-07 20:38:14,325,523,70,458,468,787,788
2017-05-07 20:38:15,335,524,70,458,468,787,788
2017-05-07 20:38:16,344,525,70,459,468,787,788
2017-05-07 20:38:17,348,526,70,459,469,787,788
2017-05-07 20:38:18,351,527,70,459,469,787,788
2017-05-07 20:38:19,357,528,70,460,469,787,788
2017-05-07 20:38:20,359,529,70,460,469,787,788
2017-05-07 20:38:21,362,530,70,461,469,787,788
2017-05-07 20:38:22,371,531,70,461,469,787,788
2017-05-07 20:38:23,381,532,70,462,469,787,788
2017-05-07 20:38:24,387,533,70,462,469,787,788
2017-05-07 20:38:25,397,534,70,463,470,787,788
2017-05-07 20:38:26,406,535,70,463,470,787,788
2017-05-07 20:38:27,406,536,70,464,470,787,788
2017-05-07 20:38:28,417,537,70,464,470,787,788
2017-05-07 20:38:29,422,538,70,464,471,787,788
2017-05-07 20:38:30,427,539,70,465,471,787,788
2017-05-07 20:38:31,437,540,70,465,471,787,788
2017-05-07 20:38:32,446,541,70,465,471,787,788
2017-05-07 20:38:33,449,542,70,466,472,787,788
2017-05-07 20:38:34,458,543,70,466,472,787,788
2017-05-07 20:38:35,467,544,70,467,472,787,788
2017-05-07 20:38:36,471,545,70,467,472,787,788
2017-05-07 20:38:37,480,546,70,468,472,787,788
2017-05-07 20:38:38,483,547,70,468,472,787,788
2017-05-07 20:38:39,491,548,70,468,472,787,788
2017-05-07 20:38:40,491,549,70,469,472,787,788
2017-05-07 20:38:41,502,550,70,469,473,787,788
2017-05-07 20:38:42,507,551,70,469,473,787,788
2017-05-07 20:38:43,517,552,70,470,473,787,788
2017-05-07 20:38:44,526,553,70,470,474,787,788
2017-05-07 20:38:45,536,554,70,471,474,787,788
2017-05-07 20:38:46,538,555,70,471,474,787,788
2017-05-07 20:38:47,548,556,70,471,474,787,788
2017-05-07 20:38:48,557,557,70,472,474,787,788
2017-05-07 20:38:49,565,558,70,472,474,787,788
2017-05-07 20:38:50,576,559,70,473,475,787,788
2017-05-07 20:38:51,577,560,70,473,475,787,788
2017-05-07 20:38:52,578,561,70,473,475,787,788
2017-05-07 20:38:53,578,562,70,474,475,787,788
2017-05-07 20:38:54,588,563,70,474,475,787,788
2017-05-07 20:38:55,597,564,70,475,475,787,788
2017-05-07 20:38:56,603,565,70,475,475,787,788
2017-05-07 20:38:57,606,566,70,476,475,787,788
2017-05-07 20:38:58,609,567,70,476,475,787,788
2017-05-07 20:38:59,612,568,70,476,475,787,788
2017-05-07 20:39:00,618,569,70,477,476,787,788
2017-05-07 20:39:01,628,570,70,477,476,787,788
2017-05-07 20:39:02,637,571,70,478,475,787,788
2017-05-07 20:39:03,639,572,70,478,475,787,788
2017-05-07 20:39:04,649,573,70,478,475,787,788
2017-05-07 20:39:05,657,574,70,479,475,787,788
2017-05-07 20:39:06,658,575,70,479,475,787,788
2017-05-07 20:39:07,661,576,70,480,476,787,788
2017-05-07 20:39:08,670,577,70,480,476,787,788
2017-05-07 20:39:09,680,578,70,480,476,787,788
2017-05-07 20:39:10,689,579,70,481,477,787,788
2017-05-07 20:39:11,699,580,70,482,477,787,788
2017-05-07 20:39:12,708,581,70,482,477,787,788
2017-05-07 20:39:13,718,582,70,483,477,787,788
2017-05-07 20:39:14,727,583,70,483,477,787,788
2017-05-07 20:39:15,737,584,70,483,477,787,788
2017-05-07 20:39:16,746,585,70,484,478,787,788
2017-05-07 20:39:17,756,586,70,484,478,787,788
2017-05-07 20:39:18,765,587,70,484,479,787,788
2017-05-07 20:39:19,775,588,70,485,479,787,788
2017-05-07 20:39:20,777,589,70,485,479,787,788
2017-05-07 20:39:21,778,590,70,486,479,787,788
2017-05-07 20:39:22,786,591,70,486,480,787,788
2017-05-07 20:39:23,791,592,70,486,480,787,788
2017-05-07 20:39:24,797,594,70,487,480,787,788
2017-05-07 20:39:25,798,595,70,487,480,787,788
2017-05-07 20:39:26,805,596,70,488,481,787,788
2017-05-07 20:39:27,816,597,70,488,481,787,788
2017-05-07 20:39:28,818,598,70,489,481,787,788
2017-05-07 20:39:29,819,599,70,489,481,787,788
2017-05-07 20:39:30,821,600,70,489,482,787,788
2017-05-07 20:39:31,828,601,70,490,482,787,788
2017-05-07 20:39:32,838,602,70,490,482,787,788
2017-05-07 20:39:33,844,603,70,491,482,787,788
2017-05-07 20:39:34,847,604,70,491,483,787,788
2017-05-07 20:39:35,857,605,70,492,483,787,788
2017-05-07 20:39:36,860,606,70,492,483,787,788
2017-05-07 20:39:37,869,607,70,492,483,787,788
2017-05-07 20:39:38,871,608,70,493,484,787,788
2017-05-07 20:39:39,875,609,70,493,484,787,788
2017-05-07 20:39:40,881,610,70,494,484,787,788
2017-05-07 20:39:41,883,611,70,494,485,787,788
2017-05-07 20:39:42,889,612,70,494,485,787,788
2017-05-07 20:39:43,895,613,70,495,486,787,788
2017-05-07 20:39:44,896,614,70,495,486,787,788
2017-05-07 20:39:45,902,615,70,496,487,787,788
2017-05-07 20:39:46,903,616,70,496,487,787,788
2017-05-07 20:39:47,906,617,70,497,488,787,788
2017-05-07 20:39:48,912,618,70,497,488,787,788
2017-05-07 20:39:49,914,619,70,498,489,787,788
2017-05-07 20:39:50,918,620,70,498,489,787,788
2017-05-07 20:39:51,919,621,70,498,490,787,788
2017-05-07 20:39:52,924,622,70,499,491,787,788
2017-05-07 20:39:53,930,623,70,499,491,787,788
2017-05-07 20:39:54,935,624,70,500,491,787,788
2017-05-07 20:39:55,941,625,70,500,492,787,788
2017-05-07 20:39:56,947,626,70,500,492,787,788
2017-05-07 20:39:57,951,627,70,501,493,787,788
2017-05-07 20:39:58,954,628,70,501,493,787,788
2017-05-07 20:39:59,957,629,70,502,494,787,788
2017-05-07 20:40:00,962,630,70,502,494,787,788
2017-05-07 20:40:01,968,631,70,503,495,787,788
2017-05-07 20:40:02,969,632,70,503,495,787,788
2017-05-07 20:40:03,974,633,70,503,496,787,788
2017-05-07 20:40:04,979,634,70,504,496,787,788
2017-05-07 20:40:05,984,635,70,504,497,787,788
2017-05-07 20:40:06,986,636,70,505,497,787,788
2017-05-07 20:40:07,989,637,70,505,497,787,788
2017-05-07 20:40:08,990,638,70,505,498,787,788
2017-05-07 20:40:09,994,639,70,506,498,787,787
2017-05-07 20:40:10,995,640,70,506,499,787,788
2017-05-07 20:40:11,999,641,70,507,499,787,788
2017-05-07 20:40:13,001,642,70,507,499,787,788
2017-05-07 20:40:14,002,643,70,507,499,787,788
2017-05-07 20:40:15,008,644,70,508,499,787,788
2017-05-07 20:40:16,009,645,70,508,500,787,787
2017-05-07 20:40:17,011,646,70,508,500,787,788
2017-05-07 20:40:18,015,647,70,509,501,787,788
2017-05-07 20:40:19,019,648,70,509,501,787,788
2017-05-07 20:40:20,025,649,70,510,501,787,788
2017-05-07 20:40:21,029,650,70,510,501,787,788
2017-05-07 20:40:22,031,651,70,510,501,787,788
2017-05-07 20:40:23,037,652,70,511,501,787,788
2017-05-07 20:40:24,040,653,70,511,502,787,788
2017-05-07 20:40:25,041,654,70,511,502,787,788
2017-05-07 20:40:26,044,655,70,512,502,787,788
2017-05-07 20:40:27,047,656,70,512,502,787,788
2017-05-07 20:40:28,051,657,70,512,502,787,788
2017-05-07 20:40:29,055,658,70,513,502,787,788
2017-05-07 20:40:30,059,659,70,513,502,787,788
2017-05-07 20:40:31,062,660,70,513,502,787,788
2017-05-07 20:40:32,067,661,70,514,502,787,788
2017-05-07 20:40:33,067,662,70,514,502,787,788
2017-05-07 20:40:34,068,663,70,514,502,787,788
2017-05-07 20:40:35,071,664,70,514,502,787,788
2017-05-07 20:40:36,076,665,70,515,502,787,788
2017-05-07 20:40:37,077,666,70,515,501,787,788
2017-05-07 20:40:38,079,667,70,516,500,787,788
2017-05-07 20:40:39,083,668,70,516,499,787,788
2017-05-07 20:40:40,087,669,70,516,498,787,787
2017-05-07 20:40:41,090,670,70,517,497,787,788
2017-05-07 20:40:42,094,671,70,517,495,787,788
2017-05-07 20:40:43,095,672,70,517,494,787,787
2017-05-07 20:40:44,099,673,70,517,492,787,788
2017-05-07 20:40:45,102,674,70,518,491,787,787
2017-05-07 20:40:46,104,675,70,518,490,787,788
2017-05-07 20:40:47,104,676,70,518,488,787,788
2017-05-07 20:40:48,106,677,70,519,487,787,788
2017-05-07 20:40:49,108,678,70,519,486,787,787
2017-05-07 20:40:50,108,679,70,519,485,787,787
2017-05-07 20:40:51,112,680,70,519,483,787,788
2017-05-07 20:40:52,116,681,70,519,482,787,787
2017-05-07 20:40:53,120,682,70,520,481,787,788
2017-05-07 20:40:54,126,683,70,520,480,787,787
2017-05-07 20:40:55,132,684,70,520,479,787,788
2017-05-07 20:40:56,134,685,70,521,478,787,788
2017-05-07 20:40:57,139,686,70,521,477,787,788
2017-05-07 20:40:58,142,687,70,521,477,787,788
2017-05-07 20:40:59,143,688,70,521,476,787,788
2017-05-07 20:41:00,148,689,70,522,475,787,788
2017-05-07 20:41:01,148,690,70,522,474,787,787
2017-05-07 20:41:02,154,691,70,522,474,787,787
2017-05-07 20:41:03,157,692,70,522,473,787,787
2017-05-07 20:41:04,160,693,70,522,472,787,787
2017-05-07 20:41:05,163,694,70,522,471,787,787
2017-05-07 20:41:06,164,695,70,523,471,787,787
2017-05-07 20:41:07,166,696,70,523,470,787,787
2017-05-07 20:41:08,167,697,70,523,469,787,788
2017-05-07 20:41:09,171,698,70,523,469,787,787
2017-05-07 20:41:10,173,699,70,523,468,787,788
2017-05-07 20:41:11,176,700,70,523,467,787,788
2017-05-07 20:41:12,181,701,70,523,467,787,788
2017-05-07 20:41:13,187,702,70,523,466,787,787
2017-05-07 20:41:14,191,703,70,524,466,787,787
2017-05-07 20:41:15,194,704,70,524,466,787,788
2017-05-07 20:41:16,195,705,70,524,465,787,787
2017-05-07 20:41:17,196,706,70,524,465,787,788
2017-05-07 20:41:18,202,707,70,524,464,787,787
2017-05-07 20:41:19,207,708,70,524,464,787,788
2017-05-07 20:41:20,208,709,70,524,463,787,787
2017-05-07 20:41:21,213,710,70,525,463,787,788
2017-05-07 20:41:22,216,711,70,525,463,787,787
2017-05-07 20:41:23,220,712,70,525,462,787,787
2017-05-07 20:41:24,222,713,70,525,462,787,788
2017-05-07 20:41:25,223,714,70,525,461,787,787
2017-05-07 20:41:26,224,715,70,525,461,787,787
2017-05-07 20:41:27,229,716,70,525,461,787,787
2017-05-07 20:41:28,234,717,70,525,460,787,787
2017-05-07 20:41:29,236,718,70,525,460,787,788
2017-05-07 20:41:30,241,719,70,526,460,787,787
2017-05-07 20:41:31,242,720,70,526,460,787,787
2017-05-07 20:41:32,246,721,70,526,460,787,787
2017-05-07 20:41:33,248,722,70,526,460,787,787
2017-05-07 20:41:34,252,723,70,526,460,787,788
2017-05-07 20:41:35,254,724,70,526,460,787,787
2017-05-07 20:41:36,259,725,70,526,460,787,787
2017-05-07 20:41:37,263,726,70,526,461,787,787
2017-05-07 20:41:38,265,727,70,527,461,787,787
2017-05-07 20:41:39,267,728,70,527,462,787,787
2017-05-07 20:41:40,270,729,70,527,462,787,787
2017-05-07 20:41:41,273,730,70,527,463,787,787
2017-05-07 20:41:42,274,731,70,527,463,787,787
2017-05-07 20:41:43,275,732,70,527,464,787,787
2017-05-07 20:41:44,281,733,70,527,464,787,787
2017-05-07 20:41:45,282,734,70,528,464,787,788
2017-05-07 20:41:46,287,735,70,528,465,787,787
2017-05-07 20:41:47,291,736,70,528,465,787,788
2017-05-07 20:41:48,293,737,70,528,465,787,787
2017-05-07 20:41:49,299,738,70,528,465,787,787
2017-05-07 20:41:50,302,739,70,528,466,787,787
2017-05-07 20:41:51,303,740,70,528,466,787,787
2017-05-07 20:41:52,307,741,70,529,466,787,787
2017-05-07 20:41:53,313,742,70,529,466,787,787
2017-05-07 20:41:54,315,743,70,529,466,787,787
2017-05-07 20:41:55,317,744,70,529,466,787,787
2017-05-07 20:41:56,317,745,70,529,467,787,787
2017-05-07 20:41:57,319,746,70,529,467,787,787
2017-05-07 20:41:58,325,747,70,529,467,787,787
2017-05-07 20:41:59,326,748,70,530,467,787,787
2017-05-07 20:42:00,332,749,70,530,467,787,787
2017-05-07 20:42:01,333,750,70,530,467,787,787
2017-05-07 20:42:02,338,751,70,530,468,787,787
2017-05-07 20:42:03,342,752,70,530,468,787,787
2017-05-07 20:42:04,345,753,70,530,468,787,787
2017-05-07 20:42:05,350,754,70,531,468,787,787
2017-05-07 20:42:06,354,755,70,531,468,787,787
2017-05-07 20:42:07,359,756,70,531,468,787,787
2017-05-07 20:42:08,361,757,70,531,468,787,787
2017-05-07 20:42:09,366,758,70,531,468,787,787
2017-05-07 20:42:10,371,759,70,531,468,787,787
2017-05-07 20:42:11,373,760,70,531,468,787,787
2017-05-07 20:42:12,379,761,70,532,468,787,787
2017-05-07 20:42:13,383,762,70,532,468,787,787
2017-05-07 20:42:14,385,763,70,532,468,787,787
2017-05-07 20:42:15,386,764,70,532,468,787,787
2017-05-07 20:42:16,387,765,70,532,468,787,787
2017-05-07 20:42:17,389,766,70,532,468,787,787
2017-05-07 20:42:18,393,767,70,532,468,787,787
2017-05-07 20:42:19,399,768,71,533,468,787,788
2017-05-07 20:42:20,402,769,71,533,468,787,787
2017-05-07 20:42:21,408,770,70,533,468,787,787
2017-05-07 20:42:22,412,771,71,533,468,787,787
2017-05-07 20:42:23,415,772,70,533,468,787,787
2017-05-07 20:42:24,416,773,71,533,468,787,787
2017-05-07 20:42:25,422,774,70,533,468,787,787
2017-05-07 20:42:26,426,775,70,534,468,787,787
2017-05-07 20:42:27,430,776,70,534,468,787,787
2017-05-07 20:42:28,434,777,70,534,468,787,787
2017-05-07 20:42:29,436,778,71,534,468,787,787
2017-05-07 20:42:30,437,779,71,534,467,787,787
2017-05-07 20:42:31,443,780,71,535,467,787,787
2017-05-07 20:42:32,448,781,70,535,467,787,787
2017-05-07 20:42:33,452,782,71,535,467,787,787
2017-05-07 20:42:34,457,783,71,535,467,787,787
2017-05-07 20:42:35,459,784,70,535,467,787,787
2017-05-07 20:42:36,459,785,70,535,467,787,787
2017-05-07 20:42:37,464,786,70,536,467,787,787
2017-05-07 20:42:38,466,787,70,536,467,787,787
2017-05-07 20:42:39,471,788,70,536,467,787,787
2017-05-07 20:42:40,477,789,70,536,467,787,787
2017-05-07 20:42:41,478,790,71,536,467,787,787
2017-05-07 20:42:42,483,791,71,537,467,787,787
2017-05-07 20:42:43,488,792,71,537,467,787,787
2017-05-07 20:42:44,491,793,70,537,467,787,787
2017-05-07 20:42:45,494,794,70,537,467,787,787
2017-05-07 20:42:46,496,795,70,537,467,787,787
2017-05-07 20:42:47,497,796,71,537,467,787,787
2017-05-07 20:42:48,498,797,71,537,467,787,787
2017-05-07 20:42:49,501,798,71,537,467,787,787
2017-05-07 20:42:50,502,799,71,538,467,787,787
2017-05-07 20:42:51,504,800,71,538,467,787,787
2017-05-07 20:42:52,509,801,71,538,467,787,787
2017-05-07 20:42:53,514,802,71,538,467,787,787
2017-05-07 20:42:54,516,803,71,538,466,787,787
2017-05-07 20:42:55,518,804,70,538,466,787,787
2017-05-07 20:42:56,521,805,71,538,466,787,787
2017-05-07 20:42:57,524,806,71,539,466,787,787
2017-05-07 20:42:58,527,807,71,539,466,787,787
2017-05-07 20:42:59,529,808,71,539,466,787,787
2017-05-07 20:43:00,531,809,71,539,466,787,787
2017-05-07 20:43:01,532,810,70,539,466,787,787
2017-05-07 20:43:02,535,811,71,539,466,787,787
2017-05-07 20:43:03,541,812,71,539,466,787,787
2017-05-07 20:43:04,546,813,71,540,466,787,787
2017-05-07 20:43:05,550,814,71,540,466,787,787
2017-05-07 20:43:06,551,815,71,540,466,787,787
2017-05-07 20:43:07,552,816,71,540,466,787,787
2017-05-07 20:43:08,558,817,71,540,466,787,788
2017-05-07 20:43:09,561,818,71,540,466,787,787
2017-05-07 20:43:10,564,819,71,540,465,787,787
2017-05-07 20:43:11,565,820,70,541,465,787,787
2017-05-07 20:43:12,571,821,71,541,465,787,787
2017-05-07 20:43:13,575,822,71,541,465,787,787
2017-05-07 20:43:14,580,823,71,541,466,787,788
2017-05-07 20:43:15,587,824,71,541,465,787,787
2017-05-07 20:43:16,591,825,71,541,465,787,787
2017-05-07 20:43:17,596,826,71,541,466,787,787
2017-05-07 20:43:18,597,827,71,542,466,787,787
2017-05-07 20:43:19,599,828,71,542,466,787,787
2017-05-07 20:43:20,605,829,71,542,466,787,787
2017-05-07 20:43:21,611,830,71,542,466,787,787
2017-05-07 20:43:22,615,831,71,542,466,787,787
2017-05-07 20:43:23,620,832,71,542,466,787,787
2017-05-07 20:43:24,624,833,71,542,466,787,787
2017-05-07 20:43:25,627,834,71,542,466,787,787
2017-05-07 20:43:26,631,835,71,543,466,787,787
2017-05-07 20:43:27,633,836,71,543,466,787,787
2017-05-07 20:43:28,634,837,70,543,466,787,787
2017-05-07 20:43:29,635,838,71,543,466,787,787
2017-05-07 20:43:30,638,839,71,543,466,787,787
2017-05-07 20:43:31,643,840,71,544,466,787,787
2017-05-07 20:43:32,645,841,71,544,466,787,787
2017-05-07 20:43:33,650,842,71,544,466,787,787
2017-05-07 20:43:34,654,843,71,544,466,787,787
2017-05-07 20:43:35,657,844,71,544,466,787,787
2017-05-07 20:43:36,659,845,71,544,466,787,787
2017-05-07 20:43:37,663,846,71,544,466,787,787
2017-05-07 20:43:38,667,847,71,544,466,787,787
2017-05-07 20:43:39,671,848,71,545,466,787,787
2017-05-07 20:43:40,673,849,71,545,466,787,787
2017-05-07 20:43:41,676,850,71,545,466,787,787
2017-05-07 20:43:42,679,851,71,545,466,787,787
2017-05-07 20:43:43,682,852,71,545,466,787,787
2017-05-07 20:43:44,685,853,71,545,466,787,787
2017-05-07 20:43:45,689,854,71,545,466,787,787
2017-05-07 20:43:46,692,855,71,546,466,787,787
2017-05-07 20:43:47,696,856,71,546,466,787,787
2017-05-07 20:43:48,697,857,71,546,466,787,787
2017-05-07 20:43:49,699,858,71,546,466,787,787
2017-05-07 20:43:50,704,859,71,546,466,787,787
2017-05-07 20:43:51,708,860,71,546,466,787,787
2017-05-07 20:43:52,713,861,71,547,466,787,787
2017-05-07 20:43:53,719,862,71,547,466,787,787
2017-05-07 20:43:54,724,863,71,547,466,787,787
2017-05-07 20:43:55,730,864,71,547,466,787,787
2017-05-07 20:43:56,731,865,71,547,466,787,787
2017-05-07 20:43:57,732,866,70,547,466,787,787
2017-05-07 20:43:58,736,867,71,547,466,787,787
2017-05-07 20:43:59,742,868,71,548,466,787,787
2017-05-07 20:44:00,748,869,71,548,466,787,787
2017-05-07 20:44:01,750,870,71,548,466,787,787
2017-05-07 20:44:02,755,871,71,548,466,787,787
2017-05-07 20:44:03,760,872,71,548,466,787,787
2017-05-07 20:44:04,762,873,71,548,466,787,787
2017-05-07 20:44:05,766,874,71,548,466,787,787
2017-05-07 20:44:06,769,875,71,548,466,787,787
2017-05-07 20:44:07,773,876,71,549,466,787,787
2017-05-07 20:44:08,778,877,71,549,465,787,787
2017-05-07 20:44:09,782,878,71,549,465,787,787
2017-05-07 20:44:10,788,879,71,549,465,787,787
2017-05-07 20:44:11,790,880,71,549,465,787,787
2017-05-07 20:44:12,796,881,71,549,465,787,787
2017-05-07 20:44:13,801,883,71,549,465,787,787
2017-05-07 20:44:14,803,884,71,549,465,787,787
2017-05-07 20:44:15,809,885,71,550,465,787,787
2017-05-07 20:44:16,810,886,71,550,464,787,787
2017-05-07 20:44:17,814,887,71,550,464,787,787
2017-05-07 20:44:18,818,888,71,550,464,787,787
2017-05-07 20:44:19,824,889,71,550,464,787,787
2017-05-07 20:44:20,829,890,71,550,464,787,787
2017-05-07 20:44:21,834,891,71,550,464,787,787
2017-05-07 20:44:22,840,892,71,550,464,787,787
2017-05-07 20:44:23,844,893,71,550,463,787,787
2017-05-07 20:44:24,846,894,71,550,464,787,787
2017-05-07 20:44:25,848,895,71,551,463,787,787
2017-05-07 20:44:26,849,896,71,551,464,787,787
2017-05-07 20:44:27,850,897,71,551,463,787,787
2017-05-07 20:44:28,854,898,71,551,463,787,787
2017-05-07 20:44:29,857,899,71,551,463,787,787
2017-05-07 20:44:30,860,900,71,551,463,787,787
2017-05-07 20:44:31,862,901,71,551,463,787,787
2017-05-07 20:44:32,863,902,71,551,463,787,787
2017-05-07 20:44:33,864,903,71,551,463,787,787
2017-05-07 20:44:34,869,904,71,552,463,787,787
2017-05-07 20:44:35,869,905,71,551,463,787,787
2017-05-07 20:44:36,875,906,71,552,463,787,787
2017-05-07 20:44:37,881,907,71,552,463,787,787
2017-05-07 20:44:38,891,908,71,552,463,787,787
2017-05-07 20:44:39,892,909,71,552,463,787,787
2017-05-07 20:44:40,899,910,71,552,463,787,787
2017-05-07 20:44:41,909,911,71,552,463,787,787
2017-05-07 20:44:42,916,912,71,552,463,787,787
2017-05-07 20:44:43,926,913,71,552,463,787,787
2017-05-07 20:44:44,935,914,71,552,463,787,787
2017-05-07 20:44:45,945,915,71,553,463,787,787
2017-05-07 20:44:46,954,916,71,553,463,787,787
2017-05-07 20:44:47,964,917,71,553,463,787,787
2017-05-07 20:44:48,969,918,71,553,463,787,787
2017-05-07 20:44:49,976,919,71,553,463,787,787
2017-05-07 20:44:50,981,920,71,553,463,787,787
2017-05-07 20:44:51,985,921,71,553,463,787,787
2017-05-07 20:44:52,989,922,71,553,463,787,787
2017-05-07 20:44:53,990,923,71,553,463,787,787
2017-05-07 20:44:55,000,924,71,553,463,787,787
2017-05-07 20:44:56,008,925,71,553,463,787,787
2017-05-07 20:44:57,012,926,71,554,463,787,787
2017-05-07 20:44:58,015,927,71,554,463,787,787
2017-05-07 20:44:59,022,928,71,554,463,787,787
2017-05-07 20:45:00,028,929,71,554,463,787,787
2017-05-07 20:45:01,030,930,71,554,463,787,787
2017-05-07 20:45:02,031,931,71,554,463,787,787
2017-05-07 20:45:03,039,932,71,554,463,787,787
2017-05-07 20:45:04,049,933,71,554,462,787,787
2017-05-07 20:45:05,058,934,71,555,461,787,787
2017-05-07 20:45:06,068,935,71,555,460,787,787
2017-05-07 20:45:07,077,936,71,555,459,787,787
2017-05-07 20:45:08,080,937,71,555,458,787,787
2017-05-07 20:45:09,090,938,71,555,457,787,787
2017-05-07 20:45:10,099,939,71,555,456,787,787
2017-05-07 20:45:11,107,940,71,555,455,787,787
2017-05-07 20:45:12,112,941,71,555,454,787,787
2017-05-07 20:45:13,113,942,71,555,453,787,787
2017-05-07 20:45:14,124,943,71,555,452,787,787
2017-05-07 20:45:15,129,944,71,555,452,787,787
2017-05-07 20:45:16,130,945,71,555,451,787,787
2017-05-07 20:45:17,139,946,71,555,450,787,787
2017-05-07 20:45:18,141,947,71,555,450,787,787
2017-05-07 20:45:19,148,948,71,555,449,787,787
2017-05-07 20:45:20,150,949,71,555,449,787,787
2017-05-07 20:45:21,151,950,71,555,449,787,787
2017-05-07 20:45:22,161,951,71,555,448,787,787
2017-05-07 20:45:23,162,952,71,555,447,787,787
2017-05-07 20:45:24,171,953,71,555,447,787,787
2017-05-07 20:45:25,181,954,71,555,447,787,787
2017-05-07 20:45:26,190,955,71,555,447,787,787
2017-05-07 20:45:27,199,956,71,555,447,787,787
2017-05-07 20:45:28,202,957,71,555,446,787,787
2017-05-07 20:45:29,210,958,71,555,446,787,787
2017-05-07 20:45:30,212,959,71,555,446,787,787
2017-05-07 20:45:31,221,960,71,554,446,787,787
2017-05-07 20:45:32,230,961,71,554,446,787,787
2017-05-07 20:45:33,240,962,71,554,447,787,787
2017-05-07 20:45:34,242,963,71,554,447,787,787
2017-05-07 20:45:35,248,964,71,554,447,787,787
2017-05-07 20:45:36,251,965,71,554,447,787,787
2017-05-07 20:45:37,257,966,71,554,447,787,787
2017-05-07 20:45:38,259,967,71,554,447,787,787
2017-05-07 20:45:39,266,968,71,554,447,787,787
2017-05-07 20:45:40,273,969,71,554,447,787,787
2017-05-07 20:45:41,282,970,71,554,446,787,787
2017-05-07 20:45:42,292,971,71,554,446,787,787
2017-05-07 20:45:43,301,972,71,554,446,787,787
2017-05-07 20:45:44,308,973,71,554,446,787,787
2017-05-07 20:45:45,313,974,71,553,446,787,787
2017-05-07 20:45:46,324,975,71,553,445,787,787
2017-05-07 20:45:47,327,976,71,553,445,787,787
2017-05-07 20:45:48,332,977,71,553,445,787,787
2017-05-07 20:45:49,335,978,71,553,444,787,787
2017-05-07 20:45:50,338,979,71,553,444,787,787
2017-05-07 20:45:51,348,980,71,552,444,787,787
2017-05-07 20:45:52,353,981,71,551,444,787,787
2017-05-07 20:45:53,361,982,71,550,443,787,787
2017-05-07 20:45:54,365,983,71,547,442,787,787
2017-05-07 20:45:55,366,984,71,545,440,787,787
2017-05-07 20:45:56,374,985,71,542,438,787,787
2017-05-07 20:45:57,384,986,71,539,435,787,787
2017-05-07 20:45:58,388,987,71,536,433,787,787
