2017-05-07 21:51:14,871,coffee,datetime,ms,seconds,ambient_temp,thermocouple_0_temp,thermocouple_1_temp,thermocouple_2_temp,thermocouple_3_temp
2017-05-07 21:51:16,929,2,74,510,437,785,786
2017-05-07 21:51:17,930,3,74,503,432,785,786
2017-05-07 21:51:18,931,4,74,494,426,785,786
2017-05-07 21:51:19,937,5,74,482,420,785,786
2017-05-07 21:51:20,942,6,74,471,414,785,786
2017-05-07 21:51:21,943,7,74,460,409,785,786
2017-05-07 21:51:22,947,8,74,449,407,785,786
2017-05-07 21:51:23,950,9,74,439,404,785,786
2017-05-07 21:51:24,952,10,74,429,401,785,786
2017-05-07 21:51:25,958,11,74,420,399,785,786
2017-05-07 21:51:26,962,12,74,411,397,785,786
2017-05-07 21:51:27,968,13,74,403,395,785,786
2017-05-07 21:51:28,973,14,74,395,393,785,786
2017-05-07 21:51:29,975,15,74,387,391,785,786
2017-05-07 21:51:30,976,16,74,380,389,785,786
2017-05-07 21:51:31,981,17,74,372,388,785,786
2017-05-07 21:51:32,982,18,74,365,386,785,786
2017-05-07 21:51:33,983,19,74,359,385,785,786
2017-05-07 21:51:34,988,20,74,352,384,785,786
2017-05-07 21:51:35,994,21,74,346,382,785,786
2017-05-07 21:51:36,997,22,74,340,381,785,786
2017-05-07 21:51:38,000,23,74,334,380,785,786
2017-05-07 21:51:39,004,24,74,329,379,785,786
2017-05-07 21:51:40,007,25,74,324,378,785,786
2017-05-07 21:51:41,011,26,74,319,377,785,786
2017-05-07 21:51:42,017,27,74,315,376,785,786
2017-05-07 21:51:43,021,28,74,310,375,785,786
2017-05-07 21:51:44,025,29,74,306,374,785,786
2017-05-07 21:51:45,027,30,74,302,373,785,786
2017-05-07 21:51:46,028,31,74,298,372,785,786
2017-05-07 21:51:47,034,32,74,294,372,785,786
2017-05-07 21:51:48,039,33,74,290,371,785,786
2017-05-07 21:51:49,044,34,74,287,370,785,786
2017-05-07 21:51:50,046,35,74,283,370,785,786
2017-05-07 21:51:51,049,36,74,280,369,785,786
2017-05-07 21:51:52,053,37,74,277,369,785,786
2017-05-07 21:51:53,057,38,74,274,368,785,786
2017-05-07 21:51:54,062,39,74,271,368,785,786
2017-05-07 21:51:55,065,40,74,269,367,785,786
2017-05-07 21:51:56,070,41,74,267,367,785,786
2017-05-07 21:51:57,075,42,74,264,366,785,786
2017-05-07 21:51:58,078,43,74,262,366,785,786
2017-05-07 21:51:59,081,44,74,260,366,785,786
2017-05-07 21:52:00,087,45,74,258,366,785,786
2017-05-07 21:52:01,093,46,74,256,366,785,786
2017-05-07 21:52:02,099,47,74,254,365,785,786
2017-05-07 21:52:03,102,48,74,253,365,785,786
2017-05-07 21:52:04,106,49,74,251,365,785,786
2017-05-07 21:52:05,107,50,74,250,365,785,786
2017-05-07 21:52:06,109,51,74,248,365,785,786
2017-05-07 21:52:07,110,52,74,247,365,785,786
2017-05-07 21:52:08,112,53,74,246,365,785,786
2017-05-07 21:52:09,118,54,74,244,365,785,786
2017-05-07 21:52:10,122,55,74,243,365,785,786
2017-05-07 21:52:11,125,56,74,242,365,785,786
2017-05-07 21:52:12,131,57,74,241,365,785,786
2017-05-07 21:52:13,132,58,74,240,365,785,786
2017-05-07 21:52:14,134,59,74,239,365,785,786
2017-05-07 21:52:15,135,60,74,239,365,785,786
2017-05-07 21:52:16,137,61,74,238,365,785,786
2017-05-07 21:52:17,142,62,74,237,365,785,786
2017-05-07 21:52:18,144,63,73,237,366,785,786
2017-05-07 21:52:19,144,64,74,236,367,785,786
2017-05-07 21:52:20,146,65,74,236,368,785,786
2017-05-07 21:52:21,147,66,74,236,368,786,786
2017-05-07 21:52:22,148,67,74,235,369,785,786
2017-05-07 21:52:23,150,68,74,235,370,785,786
2017-05-07 21:52:24,151,69,74,234,370,785,786
2017-05-07 21:52:25,154,70,74,234,371,785,786
2017-05-07 21:52:26,156,71,74,234,371,785,786
2017-05-07 21:52:27,161,72,74,234,372,785,786
2017-05-07 21:52:28,162,73,74,234,372,785,786
2017-05-07 21:52:29,164,74,74,234,373,785,786
2017-05-07 21:52:30,166,75,74,234,374,785,786
2017-05-07 21:52:31,167,76,74,234,374,785,786
2017-05-07 21:52:32,172,77,74,234,375,786,786
2017-05-07 21:52:33,174,78,74,234,375,786,786
2017-05-07 21:52:34,178,79,74,234,376,786,786
2017-05-07 21:52:35,179,80,74,234,376,785,786
2017-05-07 21:52:36,181,81,74,234,377,785,786
2017-05-07 21:52:37,183,82,74,234,377,785,786
2017-05-07 21:52:38,185,83,74,235,378,785,786
2017-05-07 21:52:39,191,84,74,235,378,785,786
2017-05-07 21:52:40,197,85,74,235,379,786,786
2017-05-07 21:52:41,201,86,74,235,379,785,786
2017-05-07 21:52:42,204,87,74,236,380,786,786
2017-05-07 21:52:43,205,88,74,236,380,786,786
2017-05-07 21:52:44,206,89,74,236,381,786,786
2017-05-07 21:52:45,213,90,74,237,381,786,786
2017-05-07 21:52:46,218,91,74,237,381,786,786
2017-05-07 21:52:47,224,92,73,238,382,785,786
2017-05-07 21:52:48,227,93,74,238,382,786,786
2017-05-07 21:52:49,228,94,73,239,383,785,786
2017-05-07 21:52:50,229,95,73,239,383,785,786
2017-05-07 21:52:51,234,96,73,239,384,785,786
2017-05-07 21:52:52,234,97,73,240,384,785,786
2017-05-07 21:52:53,240,98,73,241,385,785,786
2017-05-07 21:52:54,241,99,73,241,385,785,786
2017-05-07 21:52:55,243,100,74,242,385,786,786
2017-05-07 21:52:56,249,101,73,242,386,785,786
2017-05-07 21:52:57,251,102,73,243,386,786,786
2017-05-07 21:52:58,255,103,74,244,387,786,786
2017-05-07 21:52:59,261,104,73,244,387,786,786
2017-05-07 21:53:00,264,105,73,245,387,786,786
2017-05-07 21:53:01,267,106,73,246,388,786,786
2017-05-07 21:53:02,272,107,73,246,388,786,786
2017-05-07 21:53:03,275,108,73,247,389,786,786
2017-05-07 21:53:04,279,109,73,247,389,786,786
2017-05-07 21:53:05,280,110,73,248,389,785,786
2017-05-07 21:53:06,282,111,73,249,390,786,786
2017-05-07 21:53:07,288,112,74,250,390,786,786
2017-05-07 21:53:08,294,113,73,250,391,786,786
2017-05-07 21:53:09,299,114,73,251,391,786,786
2017-05-07 21:53:10,302,115,73,252,391,786,786
2017-05-07 21:53:11,304,116,73,252,392,786,786
2017-05-07 21:53:12,307,117,73,253,392,785,786
2017-05-07 21:53:13,312,118,73,254,393,786,786
2017-05-07 21:53:14,315,119,73,255,393,786,786
2017-05-07 21:53:15,316,120,73,256,393,786,786
2017-05-07 21:53:16,320,121,73,256,394,786,786
2017-05-07 21:53:17,325,122,73,257,394,786,786
2017-05-07 21:53:18,327,123,73,258,394,786,786
2017-05-07 21:53:19,333,124,73,259,395,786,786
2017-05-07 21:53:20,338,125,73,260,395,786,786
2017-05-07 21:53:21,344,126,73,260,395,786,786
2017-05-07 21:53:22,348,127,73,262,395,786,786
2017-05-07 21:53:23,354,128,73,262,395,786,786
2017-05-07 21:53:24,359,129,73,263,396,786,786
2017-05-07 21:53:25,360,130,73,264,396,786,786
2017-05-07 21:53:26,366,131,73,265,396,786,786
2017-05-07 21:53:27,371,132,73,265,396,786,786
2017-05-07 21:53:28,374,133,73,266,397,786,786
2017-05-07 21:53:29,379,134,73,267,397,785,786
2017-05-07 21:53:30,380,135,73,268,398,786,786
2017-05-07 21:53:31,383,136,73,269,398,786,786
2017-05-07 21:53:32,385,137,73,269,398,786,786
2017-05-07 21:53:33,386,138,73,270,398,786,786
2017-05-07 21:53:34,388,139,73,271,399,786,786
2017-05-07 21:53:35,394,140,73,272,399,786,786
2017-05-07 21:53:36,397,141,73,273,399,785,786
2017-05-07 21:53:37,400,142,73,274,400,786,786
2017-05-07 21:53:38,406,143,73,275,400,786,786
2017-05-07 21:53:39,409,144,73,275,400,785,786
2017-05-07 21:53:40,415,145,73,276,401,786,786
2017-05-07 21:53:41,418,146,73,277,401,786,786
2017-05-07 21:53:42,423,147,73,278,401,786,786
2017-05-07 21:53:43,427,148,73,279,402,786,786
2017-05-07 21:53:44,430,149,73,280,402,786,786
2017-05-07 21:53:45,435,150,73,280,402,785,786
2017-05-07 21:53:46,440,151,73,281,403,786,786
2017-05-07 21:53:47,442,152,73,282,404,786,786
2017-05-07 21:53:48,444,153,73,283,404,786,786
2017-05-07 21:53:49,446,154,73,284,404,786,786
2017-05-07 21:53:50,451,155,73,285,405,786,786
2017-05-07 21:53:51,456,156,73,286,405,786,786
2017-05-07 21:53:52,458,157,73,286,405,786,786
2017-05-07 21:53:53,459,158,73,287,405,786,786
2017-05-07 21:53:54,461,159,73,288,406,785,786
2017-05-07 21:53:55,464,160,73,289,406,786,786
2017-05-07 21:53:56,467,161,73,290,406,786,786
2017-05-07 21:53:57,472,162,73,291,407,786,786
2017-05-07 21:53:58,474,163,73,292,407,786,786
2017-05-07 21:53:59,476,164,73,292,407,786,786
2017-05-07 21:54:00,479,165,73,293,407,786,786
2017-05-07 21:54:01,483,166,73,294,407,785,786
2017-05-07 21:54:02,485,167,73,295,408,786,786
2017-05-07 21:54:03,486,168,73,296,408,786,786
2017-05-07 21:54:04,490,169,73,297,408,785,786
2017-05-07 21:54:05,494,170,73,298,408,786,786
2017-05-07 21:54:06,497,171,73,298,409,786,786
2017-05-07 21:54:07,498,172,73,299,409,786,786
2017-05-07 21:54:08,499,173,73,300,409,786,786
2017-05-07 21:54:09,505,174,73,301,410,786,786
2017-05-07 21:54:10,509,175,73,302,410,786,786
2017-05-07 21:54:11,511,176,73,303,410,786,786
2017-05-07 21:54:12,514,177,73,303,411,786,786
2017-05-07 21:54:13,516,178,73,304,411,786,786
2017-05-07 21:54:14,519,179,73,305,411,786,786
2017-05-07 21:54:15,521,180,73,306,411,786,786
2017-05-07 21:54:16,525,181,73,307,412,786,786
2017-05-07 21:54:17,531,182,73,308,412,786,786
2017-05-07 21:54:18,535,183,73,309,412,786,786
2017-05-07 21:54:19,539,184,73,310,413,786,786
2017-05-07 21:54:20,540,185,73,310,413,786,786
2017-05-07 21:54:21,544,186,73,311,413,786,786
2017-05-07 21:54:22,549,187,73,312,413,786,786
2017-05-07 21:54:23,550,188,73,313,413,786,786
2017-05-07 21:54:24,551,189,73,314,414,786,786
2017-05-07 21:54:25,554,190,73,314,414,786,786
2017-05-07 21:54:26,559,191,73,315,414,786,786
2017-05-07 21:54:27,562,192,73,316,414,786,786
2017-05-07 21:54:28,565,193,73,317,415,786,786
2017-05-07 21:54:29,568,194,73,318,415,786,786
2017-05-07 21:54:30,574,195,73,318,415,786,786
2017-05-07 21:54:31,575,196,73,319,415,786,787
2017-05-07 21:54:32,577,197,73,320,416,786,786
2017-05-07 21:54:33,580,198,73,321,416,786,787
2017-05-07 21:54:34,584,199,73,322,416,786,786
2017-05-07 21:54:35,588,200,73,322,416,786,786
2017-05-07 21:54:36,590,201,73,323,417,786,787
2017-05-07 21:54:37,591,202,73,324,417,786,786
2017-05-07 21:54:38,596,203,73,325,417,786,786
2017-05-07 21:54:39,598,204,73,326,417,786,786
2017-05-07 21:54:40,602,205,73,327,418,786,787
2017-05-07 21:54:41,603,206,73,327,418,786,786
2017-05-07 21:54:42,604,207,73,328,418,786,786
2017-05-07 21:54:43,610,208,73,329,418,786,787
2017-05-07 21:54:44,615,209,73,330,419,786,786
2017-05-07 21:54:45,617,210,73,330,419,786,786
2017-05-07 21:54:46,620,211,73,331,419,786,786
2017-05-07 21:54:47,625,212,73,332,419,786,787
2017-05-07 21:54:48,627,213,73,333,420,786,786
2017-05-07 21:54:49,630,214,73,334,420,786,786
2017-05-07 21:54:50,632,215,73,335,420,786,787
2017-05-07 21:54:51,636,216,73,335,420,786,787
2017-05-07 21:54:52,639,217,73,336,421,786,787
2017-05-07 21:54:53,641,218,73,337,421,786,787
2017-05-07 21:54:54,644,219,73,338,421,786,787
2017-05-07 21:54:55,648,220,73,338,421,786,787
2017-05-07 21:54:56,653,221,73,339,422,786,786
2017-05-07 21:54:57,658,222,73,340,422,786,786
2017-05-07 21:54:58,659,223,73,341,422,786,786
2017-05-07 21:54:59,660,224,73,341,422,786,787
2017-05-07 21:55:00,664,225,73,342,423,786,787
2017-05-07 21:55:01,667,226,73,343,423,786,786
2017-05-07 21:55:02,671,227,73,344,423,786,787
2017-05-07 21:55:03,672,228,73,344,423,786,787
2017-05-07 21:55:04,678,229,73,345,424,786,787
2017-05-07 21:55:05,679,230,73,346,424,786,787
2017-05-07 21:55:06,680,231,73,347,424,786,787
2017-05-07 21:55:07,682,232,73,347,424,786,787
2017-05-07 21:55:08,682,233,73,348,425,786,787
2017-05-07 21:55:09,688,234,73,349,425,786,787
2017-05-07 21:55:10,690,235,73,350,425,786,787
2017-05-07 21:55:11,694,236,73,350,425,786,787
2017-05-07 21:55:12,698,237,73,351,426,786,787
2017-05-07 21:55:13,704,238,73,352,426,786,787
2017-05-07 21:55:14,706,239,73,353,426,786,787
2017-05-07 21:55:15,710,240,73,353,426,786,787
2017-05-07 21:55:16,712,241,73,354,427,786,787
2017-05-07 21:55:17,718,242,73,355,427,786,787
2017-05-07 21:55:18,721,243,73,356,427,786,787
2017-05-07 21:55:19,722,244,73,356,427,786,787
2017-05-07 21:55:20,726,245,73,357,428,786,787
2017-05-07 21:55:21,728,246,73,357,428,786,787
2017-05-07 21:55:22,731,247,73,358,428,786,786
2017-05-07 21:55:23,734,248,73,359,428,786,787
2017-05-07 21:55:24,738,249,73,360,429,786,787
2017-05-07 21:55:25,743,250,73,360,429,786,787
2017-05-07 21:55:26,749,251,73,361,429,786,787
2017-05-07 21:55:27,752,252,73,362,429,786,787
2017-05-07 21:55:28,758,253,73,363,429,786,787
2017-05-07 21:55:29,760,254,73,363,430,786,787
2017-05-07 21:55:30,765,255,73,364,430,786,787
2017-05-07 21:55:31,770,256,73,365,430,786,787
2017-05-07 21:55:32,772,257,73,365,431,786,787
2017-05-07 21:55:33,777,258,73,366,431,786,787
2017-05-07 21:55:34,778,259,73,367,431,786,787
2017-05-07 21:55:35,784,260,73,367,432,786,787
2017-05-07 21:55:36,786,261,73,368,432,786,787
2017-05-07 21:55:37,790,262,73,369,432,786,787
2017-05-07 21:55:38,792,263,73,370,432,786,787
2017-05-07 21:55:39,798,264,73,370,432,786,787
2017-05-07 21:55:40,802,265,73,371,432,786,787
2017-05-07 21:55:41,806,266,73,372,433,786,787
2017-05-07 21:55:42,809,267,73,373,433,786,787
2017-05-07 21:55:43,814,268,73,373,433,786,787
2017-05-07 21:55:44,817,269,73,374,433,786,787
2017-05-07 21:55:45,820,270,73,374,433,786,787
2017-05-07 21:55:46,825,271,73,375,433,786,787
2017-05-07 21:55:47,831,272,73,376,433,786,787
2017-05-07 21:55:48,835,273,73,376,434,786,787
2017-05-07 21:55:49,837,274,73,377,434,786,787
2017-05-07 21:55:50,841,275,73,378,434,786,787
2017-05-07 21:55:51,847,276,73,378,435,786,787
2017-05-07 21:55:52,849,277,73,379,435,786,787
2017-05-07 21:55:53,855,278,73,380,435,786,787
2017-05-07 21:55:54,855,279,73,381,435,786,787
2017-05-07 21:55:55,857,280,73,381,436,786,787
2017-05-07 21:55:56,863,281,73,382,436,786,787
2017-05-07 21:55:57,864,282,73,383,436,786,787
2017-05-07 21:55:58,869,283,73,383,436,786,787
2017-05-07 21:55:59,871,285,73,384,436,786,787
2017-05-07 21:56:00,876,286,73,385,437,786,787
2017-05-07 21:56:01,882,287,73,385,437,786,787
2017-05-07 21:56:02,887,288,73,386,437,786,787
2017-05-07 21:56:03,891,289,73,387,438,786,787
2017-05-07 21:56:04,895,290,73,387,438,786,787
2017-05-07 21:56:05,896,291,73,388,438,786,787
2017-05-07 21:56:06,897,292,73,389,438,786,787
2017-05-07 21:56:07,902,293,73,389,438,786,787
2017-05-07 21:56:08,903,294,73,390,439,786,787
2017-05-07 21:56:09,907,295,73,391,439,786,787
2017-05-07 21:56:10,912,296,73,391,439,786,787
2017-05-07 21:56:11,913,297,73,392,439,786,787
2017-05-07 21:56:12,917,298,73,393,439,786,787
2017-05-07 21:56:13,921,299,73,393,440,786,787
2017-05-07 21:56:14,923,300,73,394,440,786,787
2017-05-07 21:56:15,923,301,73,394,440,786,787
2017-05-07 21:56:16,925,302,73,395,441,786,787
2017-05-07 21:56:17,929,303,73,396,441,786,787
2017-05-07 21:56:18,933,304,73,396,441,786,787
2017-05-07 21:56:19,939,305,73,397,441,786,787
2017-05-07 21:56:20,943,306,73,398,442,786,787
2017-05-07 21:56:21,944,307,73,398,442,786,787
2017-05-07 21:56:22,947,308,73,399,442,786,787
2017-05-07 21:56:23,949,309,73,399,442,786,787
2017-05-07 21:56:24,951,310,73,400,443,786,787
2017-05-07 21:56:25,956,311,73,401,443,786,787
2017-05-07 21:56:26,962,312,73,401,443,786,787
2017-05-07 21:56:27,963,313,73,402,443,786,787
2017-05-07 21:56:28,967,314,73,403,443,786,787
2017-05-07 21:56:29,969,315,73,403,444,786,787
2017-05-07 21:56:30,974,316,73,404,444,786,787
2017-05-07 21:56:31,975,317,73,405,444,786,787
2017-05-07 21:56:32,976,318,73,405,444,786,787
2017-05-07 21:56:33,981,319,73,406,445,786,787
2017-05-07 21:56:34,982,320,73,406,445,786,787
2017-05-07 21:56:35,988,321,73,407,445,786,787
2017-05-07 21:56:36,992,322,73,408,446,786,787
2017-05-07 21:56:37,996,323,73,409,446,786,787
2017-05-07 21:56:38,997,324,73,409,446,786,787
2017-05-07 21:56:39,998,325,73,410,447,786,787
2017-05-07 21:56:41,001,326,73,410,447,786,787
2017-05-07 21:56:42,009,327,73,411,447,786,787
2017-05-07 21:56:43,010,328,73,411,447,786,787
2017-05-07 21:56:44,013,329,73,412,448,786,787
2017-05-07 21:56:45,019,330,73,413,448,786,787
2017-05-07 21:56:46,019,331,73,413,449,786,787
2017-05-07 21:56:47,025,332,73,414,449,786,787
2017-05-07 21:56:48,027,333,73,415,450,786,787
2017-05-07 21:56:49,030,334,73,415,450,786,787
2017-05-07 21:56:50,032,335,73,416,450,786,787
2017-05-07 21:56:51,033,336,73,416,451,786,787
2017-05-07 21:56:52,036,337,73,417,451,786,787
2017-05-07 21:56:53,041,338,73,418,452,786,787
2017-05-07 21:56:54,044,339,73,418,452,786,787
2017-05-07 21:56:55,046,340,73,419,453,786,787
2017-05-07 21:56:56,050,341,73,419,453,786,787
2017-05-07 21:56:57,053,342,73,420,453,786,787
2017-05-07 21:56:58,056,343,73,421,453,786,787
2017-05-07 21:56:59,059,344,73,421,453,786,787
2017-05-07 21:57:00,064,345,73,422,453,786,787
2017-05-07 21:57:01,068,346,73,422,453,786,787
2017-05-07 21:57:02,070,347,73,423,453,786,787
2017-05-07 21:57:03,075,348,73,424,453,786,787
2017-05-07 21:57:04,081,349,73,424,453,786,787
2017-05-07 21:57:05,082,350,73,425,454,786,787
2017-05-07 21:57:06,088,351,73,425,454,786,787
2017-05-07 21:57:07,091,352,73,426,454,786,787
2017-05-07 21:57:08,094,353,73,427,454,786,787
2017-05-07 21:57:09,096,354,73,427,454,786,787
2017-05-07 21:57:10,101,355,73,428,454,786,787
2017-05-07 21:57:11,102,356,73,428,454,786,787
2017-05-07 21:57:12,108,357,73,429,454,786,787
2017-05-07 21:57:13,114,358,73,429,453,786,787
2017-05-07 21:57:14,118,359,73,430,454,786,787
2017-05-07 21:57:15,123,360,73,431,454,786,787
2017-05-07 21:57:16,128,361,73,431,454,786,787
2017-05-07 21:57:17,131,362,73,432,455,786,787
2017-05-07 21:57:18,134,363,73,432,455,786,787
2017-05-07 21:57:19,136,364,73,433,455,786,787
2017-05-07 21:57:20,140,365,73,433,456,786,787
2017-05-07 21:57:21,141,366,73,434,456,786,787
2017-05-07 21:57:22,143,367,73,435,456,786,787
2017-05-07 21:57:23,145,368,73,435,457,786,787
2017-05-07 21:57:24,151,369,73,435,457,786,787
2017-05-07 21:57:25,156,370,73,436,457,786,787
2017-05-07 21:57:26,160,371,73,437,457,786,787
2017-05-07 21:57:27,162,372,73,437,457,786,787
2017-05-07 21:57:28,163,373,73,438,457,786,787
2017-05-07 21:57:29,168,374,73,438,458,786,787
2017-05-07 21:57:30,168,375,73,439,458,786,787
2017-05-07 21:57:31,174,376,73,439,458,786,787
2017-05-07 21:57:32,174,377,73,440,458,786,787
2017-05-07 21:57:33,176,378,73,441,458,786,787
2017-05-07 21:57:34,177,379,73,441,458,786,787
2017-05-07 21:57:35,178,380,73,442,458,786,787
2017-05-07 21:57:36,184,381,73,442,458,786,787
2017-05-07 21:57:37,186,382,73,443,458,786,787
2017-05-07 21:57:38,190,383,73,443,458,786,787
2017-05-07 21:57:39,195,384,73,444,458,786,787
2017-05-07 21:57:40,199,385,73,444,458,786,787
2017-05-07 21:57:41,202,386,73,445,459,786,787
2017-05-07 21:57:42,208,387,73,445,458,786,787
2017-05-07 21:57:43,213,388,73,446,459,786,787
2017-05-07 21:57:44,217,389,73,446,459,786,787
2017-05-07 21:57:45,221,390,73,447,459,786,787
2017-05-07 21:57:46,221,391,73,447,459,786,787
2017-05-07 21:57:47,225,392,73,448,459,786,787
2017-05-07 21:57:48,226,393,73,448,459,786,787
2017-05-07 21:57:49,228,394,73,449,459,786,787
2017-05-07 21:57:50,232,395,73,449,459,786,787
2017-05-07 21:57:51,234,396,73,450,460,786,787
2017-05-07 21:57:52,239,397,73,451,460,786,787
2017-05-07 21:57:53,244,398,73,451,460,786,787
2017-05-07 21:57:54,245,399,73,452,460,786,787
2017-05-07 21:57:55,250,400,73,452,460,786,787
2017-05-07 21:57:56,255,401,73,453,461,786,787
2017-05-07 21:57:57,261,402,73,453,460,786,787
2017-05-07 21:57:58,262,403,73,454,460,786,787
2017-05-07 21:57:59,267,404,73,454,460,786,787
2017-05-07 21:58:00,268,405,73,454,460,786,787
2017-05-07 21:58:01,274,406,73,455,460,786,787
2017-05-07 21:58:02,276,407,73,455,459,786,787
2017-05-07 21:58:03,282,408,73,456,459,786,787
2017-05-07 21:58:04,286,409,73,456,459,786,787
2017-05-07 21:58:05,289,410,73,457,459,786,787
2017-05-07 21:58:06,295,411,73,457,460,786,787
2017-05-07 21:58:07,297,412,73,458,460,786,787
2017-05-07 21:58:08,299,413,73,458,460,786,787
2017-05-07 21:58:09,303,414,73,459,460,786,787
2017-05-07 21:58:10,307,415,73,459,461,786,787
2017-05-07 21:58:11,313,416,73,460,461,786,787
2017-05-07 21:58:12,314,417,73,460,461,786,787
2017-05-07 21:58:13,318,418,73,461,461,786,787
2017-05-07 21:58:14,319,419,73,461,462,786,787
2017-05-07 21:58:15,323,420,73,462,462,786,787
2017-05-07 21:58:16,324,421,73,462,462,786,787
2017-05-07 21:58:17,325,422,73,463,462,786,787
2017-05-07 21:58:18,328,423,73,463,462,786,787
2017-05-07 21:58:19,329,424,73,464,463,786,787
2017-05-07 21:58:20,333,425,73,464,463,786,787
2017-05-07 21:58:21,334,426,73,465,463,786,787
2017-05-07 21:58:22,339,427,73,466,463,786,787
2017-05-07 21:58:23,344,428,73,466,463,786,787
2017-05-07 21:58:24,349,429,73,466,464,786,787
2017-05-07 21:58:25,353,430,73,467,464,786,787
2017-05-07 21:58:26,358,431,73,467,464,786,787
2017-05-07 21:58:27,358,432,73,468,464,786,787
2017-05-07 21:58:28,362,433,73,468,464,786,787
2017-05-07 21:58:29,366,434,73,469,464,786,787
2017-05-07 21:58:30,369,435,73,469,464,786,787
2017-05-07 21:58:31,374,436,73,470,465,786,787
2017-05-07 21:58:32,378,437,73,470,465,786,787
2017-05-07 21:58:33,380,438,73,471,465,786,787
2017-05-07 21:58:34,383,439,73,471,465,786,787
2017-05-07 21:58:35,386,440,73,472,465,786,787
2017-05-07 21:58:36,388,441,73,472,465,786,787
2017-05-07 21:58:37,394,442,73,472,466,786,787
2017-05-07 21:58:38,397,443,73,473,466,786,787
2017-05-07 21:58:39,401,444,73,473,466,786,787
2017-05-07 21:58:40,403,445,73,474,466,786,787
2017-05-07 21:58:41,403,446,73,474,466,786,787
2017-05-07 21:58:42,409,447,73,475,467,786,787
2017-05-07 21:58:43,413,448,73,475,467,786,787
2017-05-07 21:58:44,417,449,73,476,467,786,787
2017-05-07 21:58:45,418,450,73,476,467,786,787
2017-05-07 21:58:46,419,451,73,477,467,786,787
2017-05-07 21:58:47,425,452,73,477,467,786,787
2017-05-07 21:58:48,428,453,73,478,468,786,787
2017-05-07 21:58:49,429,454,73,478,468,786,787
2017-05-07 21:58:50,433,455,73,479,468,786,787
2017-05-07 21:58:51,437,456,73,479,468,786,787
2017-05-07 21:58:52,439,457,73,479,468,786,787
2017-05-07 21:58:53,443,458,73,480,468,786,787
2017-05-07 21:58:54,446,459,73,481,468,786,787
2017-05-07 21:58:55,450,460,73,481,468,786,787
2017-05-07 21:58:56,453,461,73,481,468,786,787
2017-05-07 21:58:57,455,462,72,482,468,786,787
2017-05-07 21:58:58,458,463,73,482,469,786,787
2017-05-07 21:58:59,459,464,73,483,469,786,787
2017-05-07 21:59:00,464,465,73,483,469,786,787
2017-05-07 21:59:01,468,466,73,484,469,786,787
2017-05-07 21:59:02,471,467,73,485,469,786,787
2017-05-07 21:59:03,476,468,73,485,469,786,787
2017-05-07 21:59:04,477,469,73,485,470,786,787
2017-05-07 21:59:05,478,470,73,486,470,786,787
2017-05-07 21:59:06,482,471,73,486,470,786,787
2017-05-07 21:59:07,486,472,73,487,469,786,787
2017-05-07 21:59:08,490,473,73,487,469,786,787
2017-05-07 21:59:09,494,474,73,488,469,786,787
2017-05-07 21:59:10,495,475,73,488,469,786,787
2017-05-07 21:59:11,498,476,73,489,469,786,787
2017-05-07 21:59:12,501,477,73,489,469,786,787
2017-05-07 21:59:13,504,478,73,490,469,786,787
2017-05-07 21:59:14,507,479,73,490,469,786,787
2017-05-07 21:59:15,513,480,73,491,470,786,787
2017-05-07 21:59:16,524,481,72,491,470,786,787
2017-05-07 21:59:17,533,482,73,491,470,786,787
2017-05-07 21:59:18,534,483,73,492,470,786,787
2017-05-07 21:59:19,544,484,73,492,471,786,787
2017-05-07 21:59:20,554,485,73,493,471,786,787
2017-05-07 21:59:21,563,486,72,493,471,786,787
2017-05-07 21:59:22,573,487,73,494,472,786,787
2017-05-07 21:59:23,576,488,73,494,472,786,787
2017-05-07 21:59:24,587,489,73,495,472,786,787
2017-05-07 21:59:25,594,490,73,495,473,786,787
2017-05-07 21:59:26,595,491,72,496,473,786,787
2017-05-07 21:59:27,603,492,72,496,473,786,787
2017-05-07 21:59:28,613,493,72,496,473,786,787
2017-05-07 21:59:29,622,494,73,497,473,786,787
2017-05-07 21:59:30,632,495,73,497,474,786,787
2017-05-07 21:59:31,641,496,73,498,474,786,787
2017-05-07 21:59:32,651,497,73,498,474,786,787
2017-05-07 21:59:33,654,498,72,498,474,786,787
2017-05-07 21:59:34,662,499,72,499,474,786,787
2017-05-07 21:59:35,665,500,73,499,475,786,787
2017-05-07 21:59:36,673,501,73,500,475,786,787
2017-05-07 21:59:37,682,502,72,500,475,786,787
2017-05-07 21:59:38,684,503,73,500,475,786,787
2017-05-07 21:59:39,693,504,73,501,475,786,787
2017-05-07 21:59:40,704,505,72,501,475,786,787
2017-05-07 21:59:41,712,506,73,502,475,786,787
2017-05-07 21:59:42,716,507,73,502,476,786,787
2017-05-07 21:59:43,721,508,73,502,475,786,787
2017-05-07 21:59:44,731,509,72,502,475,786,787
2017-05-07 21:59:45,741,510,73,503,475,786,787
2017-05-07 21:59:46,750,511,73,503,474,786,787
2017-05-07 21:59:47,760,512,72,504,474,786,787
2017-05-07 21:59:48,769,513,72,504,473,786,787
2017-05-07 21:59:49,778,514,73,504,473,786,787
2017-05-07 21:59:50,788,515,72,504,472,786,787
2017-05-07 21:59:51,797,516,72,505,471,786,787
2017-05-07 21:59:52,807,517,72,505,470,786,787
2017-05-07 21:59:53,816,518,73,505,470,786,787
2017-05-07 21:59:54,826,519,72,505,469,786,787
2017-05-07 21:59:55,835,520,73,506,468,786,787
2017-05-07 21:59:56,837,521,73,506,467,786,787
2017-05-07 21:59:57,838,522,72,506,466,786,787
2017-05-07 21:59:58,847,523,72,506,465,786,787
2017-05-07 21:59:59,857,524,73,506,465,786,787
2017-05-07 22:00:00,866,525,72,507,464,786,787
2017-05-07 22:00:01,875,527,72,507,464,786,787
2017-05-07 22:00:02,885,528,72,507,463,786,787
2017-05-07 22:00:03,895,529,72,507,462,786,787
2017-05-07 22:00:04,904,530,72,507,461,786,787
2017-05-07 22:00:05,914,531,73,508,461,786,787
2017-05-07 22:00:06,923,532,72,508,460,786,787
2017-05-07 22:00:07,933,533,72,508,460,786,787
2017-05-07 22:00:08,942,534,72,508,459,786,787
2017-05-07 22:00:09,952,535,72,508,458,786,787
2017-05-07 22:00:10,961,536,73,508,458,786,787
2017-05-07 22:00:11,971,537,72,508,457,786,787
2017-05-07 22:00:12,980,538,73,508,457,786,787
2017-05-07 22:00:13,990,539,72,508,456,786,787
2017-05-07 22:00:14,992,540,72,508,456,786,787
2017-05-07 22:00:15,993,541,72,509,455,786,787
2017-05-07 22:00:17,001,542,73,509,455,786,787
2017-05-07 22:00:18,010,543,73,509,454,786,787
2017-05-07 22:00:19,012,544,72,509,453,786,787
2017-05-07 22:00:20,017,545,72,509,453,786,787
2017-05-07 22:00:21,022,546,72,509,452,786,787
2017-05-07 22:00:22,032,547,72,509,451,786,787
2017-05-07 22:00:23,042,548,72,509,451,786,787
2017-05-07 22:00:24,051,549,72,509,450,786,787
2017-05-07 22:00:25,061,550,72,509,450,786,787
2017-05-07 22:00:26,070,551,72,509,449,786,787
2017-05-07 22:00:27,079,552,72,509,449,786,787
2017-05-07 22:00:28,089,553,72,509,448,786,787
2017-05-07 22:00:29,098,554,73,509,448,786,787
2017-05-07 22:00:30,102,555,72,509,447,786,787
2017-05-07 22:00:31,110,556,72,509,447,786,787
2017-05-07 22:00:32,111,557,72,509,446,786,787
2017-05-07 22:00:33,120,558,72,509,446,786,787
2017-05-07 22:00:34,129,559,72,509,445,786,787
2017-05-07 22:00:35,139,560,72,509,445,786,787
2017-05-07 22:00:36,148,561,72,509,445,786,787
2017-05-07 22:00:37,158,562,72,509,444,786,787
2017-05-07 22:00:38,162,563,72,509,444,786,787
2017-05-07 22:00:39,169,564,72,510,443,786,787
2017-05-07 22:00:40,180,565,72,509,443,786,787
2017-05-07 22:00:41,182,566,72,510,442,786,787
2017-05-07 22:00:42,191,567,72,509,441,786,787
2017-05-07 22:00:43,195,568,72,510,441,786,787
2017-05-07 22:00:44,201,569,72,509,440,786,787
2017-05-07 22:00:45,202,570,72,510,440,786,787
2017-05-07 22:00:46,209,571,72,509,439,786,787
2017-05-07 22:00:47,219,572,72,509,439,786,787
2017-05-07 22:00:48,228,573,72,509,438,786,787
2017-05-07 22:00:49,230,574,72,509,438,786,787
2017-05-07 22:00:50,233,575,72,509,437,786,787
2017-05-07 22:00:51,237,576,72,509,436,786,787
2017-05-07 22:00:52,240,577,72,509,436,786,787
2017-05-07 22:00:53,242,578,72,509,436,786,787
2017-05-07 22:00:54,250,579,72,509,436,786,787
2017-05-07 22:00:55,258,580,72,509,435,786,787
2017-05-07 22:00:56,264,581,72,509,435,786,787
2017-05-07 22:00:57,271,582,72,509,434,786,787
2017-05-07 22:00:58,273,583,72,509,434,786,787
2017-05-07 22:00:59,275,584,72,509,434,786,787
2017-05-07 22:01:00,280,585,72,509,434,786,787
2017-05-07 22:01:01,291,586,72,509,433,786,787
2017-05-07 22:01:02,294,587,72,509,432,786,787
2017-05-07 22:01:03,304,588,72,509,432,786,787
2017-05-07 22:01:04,314,589,72,509,432,786,787
2017-05-07 22:01:05,323,590,72,509,431,786,787
2017-05-07 22:01:06,324,591,72,509,431,786,787
2017-05-07 22:01:07,331,592,72,509,431,786,787
2017-05-07 22:01:08,334,593,72,509,430,786,787
2017-05-07 22:01:09,341,594,72,509,430,786,787
2017-05-07 22:01:10,351,595,72,509,430,786,787
2017-05-07 22:01:11,360,596,72,509,430,786,787
2017-05-07 22:01:12,371,597,72,509,430,786,787
2017-05-07 22:01:13,375,598,72,509,431,786,787
2017-05-07 22:01:14,376,599,72,509,431,786,787
2017-05-07 22:01:15,384,600,72,509,432,786,787
2017-05-07 22:01:16,393,601,72,509,432,786,787
2017-05-07 22:01:17,394,602,72,509,433,786,787
2017-05-07 22:01:18,399,603,72,509,433,786,787
2017-05-07 22:01:19,405,604,72,509,434,786,787
2017-05-07 22:01:20,413,605,72,509,434,786,787
2017-05-07 22:01:21,419,606,72,509,434,786,787
2017-05-07 22:01:22,430,607,72,509,435,786,787
2017-05-07 22:01:23,435,608,72,509,435,786,787
2017-05-07 22:01:24,436,609,72,509,435,786,787
2017-05-07 22:01:25,446,610,72,509,435,786,787
2017-05-07 22:01:26,455,611,72,509,436,786,787
2017-05-07 22:01:27,464,612,72,509,436,786,787
2017-05-07 22:01:28,470,613,72,509,436,786,787
2017-05-07 22:01:29,477,614,72,509,436,786,787
2017-05-07 22:01:30,486,615,72,509,436,786,787
2017-05-07 22:01:31,488,616,72,509,437,786,787
2017-05-07 22:01:32,495,617,72,509,436,786,787
2017-05-07 22:01:33,505,618,72,509,437,786,787
2017-05-07 22:01:34,514,619,72,509,437,786,787
2017-05-07 22:01:35,524,620,72,509,437,786,787
2017-05-07 22:01:36,533,621,72,509,437,786,787
2017-05-07 22:01:37,543,622,72,509,437,786,787
2017-05-07 22:01:38,552,623,72,509,437,786,787
2017-05-07 22:01:39,562,624,72,508,437,786,787
2017-05-07 22:01:40,572,625,72,506,436,786,787
2017-05-07 22:01:41,581,626,72,504,434,786,787
2017-05-07 22:01:42,590,627,72,502,433,786,787
2017-05-07 22:01:43,600,628,72,499,430,786,787
2017-05-07 22:01:44,609,629,72,497,427,786,787
2017-05-07 22:01:45,619,630,72,494,424,786,787
2017-05-07 22:01:46,628,631,72,491,422,786,787
2017-05-07 22:01:47,638,632,72,487,420,786,787
2017-05-07 22:01:48,647,633,72,485,418,786,787
2017-05-07 22:01:49,649,634,72,483,416,786,787
2017-05-07 22:01:50,659,635,72,480,414,786,787
2017-05-07 22:01:51,663,636,72,478,413,786,787
2017-05-07 22:01:52,669,637,72,476,411,786,787
2017-05-07 22:01:53,678,638,72,474,410,786,787
2017-05-07 22:01:54,679,639,72,472,409,786,787
2017-05-07 22:01:55,680,640,72,469,408,786,787
2017-05-07 22:01:56,687,641,72,467,406,786,787
2017-05-07 22:01:57,694,642,72,465,405,786,787
2017-05-07 22:01:58,701,643,72,463,404,786,787
2017-05-07 22:01:59,711,644,72,461,403,786,787
2017-05-07 22:02:00,716,645,72,459,403,786,787
2017-05-07 22:02:01,720,646,72,457,402,786,787
2017-05-07 22:02:02,730,647,72,456,401,786,787
2017-05-07 22:02:03,739,648,72,454,400,786,787
2017-05-07 22:02:04,749,649,72,452,399,786,787
2017-05-07 22:02:05,759,650,72,450,398,786,787
2017-05-07 22:02:06,768,651,72,448,398,786,787
2017-05-07 22:02:07,771,652,72,446,397,786,787
2017-05-07 22:02:08,779,653,72,445,396,786,787
2017-05-07 22:02:09,780,654,72,444,396,786,787
2017-05-07 22:02:10,789,655,72,442,395,786,787
2017-05-07 22:02:11,798,656,72,441,394,786,787
2017-05-07 22:02:12,808,657,72,440,394,786,787
2017-05-07 22:02:13,817,658,72,438,393,786,787
2017-05-07 22:02:14,827,659,72,437,393,786,787
2017-05-07 22:02:15,836,660,72,436,392,786,787
2017-05-07 22:02:16,846,661,72,434,391,786,787
2017-05-07 22:02:17,855,662,72,433,391,786,787
2017-05-07 22:02:18,865,663,72,432,390,786,787
2017-05-07 22:02:19,867,664,72,430,389,786,787
2017-05-07 22:02:20,876,666,72,428,389,786,787
2017-05-07 22:02:21,877,667,72,426,388,786,787
2017-05-07 22:02:22,886,668,72,424,388,786,787
2017-05-07 22:02:23,896,669,72,423,387,786,787
2017-05-07 22:02:24,905,670,72,421,387,786,787
2017-05-07 22:02:25,906,671,72,420,386,786,787
2017-05-07 22:02:26,907,672,72,419,386,786,787
2017-05-07 22:02:27,917,673,72,418,385,786,787
2017-05-07 22:02:28,919,674,72,417,385,786,787
2017-05-07 22:02:29,920,675,72,416,384,786,787
2017-05-07 22:02:30,925,676,72,415,384,786,787
2017-05-07 22:02:31,927,677,72,414,383,786,787
2017-05-07 22:02:32,931,678,72,411,383,786,787
2017-05-07 22:02:33,940,679,72,409,383,786,787
2017-05-07 22:02:34,942,680,72,408,383,786,787
2017-05-07 22:02:35,948,681,72,406,382,786,787
2017-05-07 22:02:36,957,682,72,405,382,786,787
2017-05-07 22:02:37,961,683,72,403,381,786,787
2017-05-07 22:02:38,971,684,72,402,381,786,787
2017-05-07 22:02:39,980,685,72,401,381,786,787
2017-05-07 22:02:40,991,686,72,400,380,786,787
2017-05-07 22:02:41,999,687,72,399,380,786,787
2017-05-07 22:02:43,009,688,72,399,380,786,787
2017-05-07 22:02:44,018,689,72,398,379,786,787
2017-05-07 22:02:45,022,690,72,397,379,786,787
2017-05-07 22:02:46,029,691,72,396,378,786,787
2017-05-07 22:02:47,030,692,72,395,378,786,787
2017-05-07 22:02:48,039,693,72,394,378,786,787
2017-05-07 22:02:49,049,694,72,394,378,786,787
