2018-05-24 21:11:18,408,coffee,datetime,ms,seconds,ambient_temp,thermocouple_0_temp,thermocouple_1_temp,thermocouple_2_temp,thermocouple_3_temp
2018-05-24 21:11:20,503,2,83,518,438,779,782
2018-05-24 21:11:21,505,3,83,511,433,779,782
2018-05-24 21:11:22,510,4,83,502,427,779,782
2018-05-24 21:11:23,514,5,83,491,422,779,782
2018-05-24 21:11:24,518,6,83,480,416,779,782
2018-05-24 21:11:25,524,7,83,468,411,779,782
2018-05-24 21:11:26,526,8,83,457,408,779,782
2018-05-24 21:11:27,529,9,83,446,406,779,782
2018-05-24 21:11:28,534,10,83,436,403,779,782
2018-05-24 21:11:29,540,11,83,426,401,779,782
2018-05-24 21:11:30,544,12,83,417,399,779,782
2018-05-24 21:11:31,546,13,83,408,397,779,782
2018-05-24 21:11:32,551,14,83,400,395,779,782
2018-05-24 21:11:33,554,15,83,392,394,779,782
2018-05-24 21:11:34,559,16,83,384,392,779,782
2018-05-24 21:11:35,563,17,83,376,390,779,782
2018-05-24 21:11:36,566,18,83,369,389,779,782
2018-05-24 21:11:37,570,19,83,362,388,779,782
2018-05-24 21:11:38,577,20,83,355,386,779,782
2018-05-24 21:11:39,580,21,83,349,385,779,782
2018-05-24 21:11:40,583,22,83,342,384,779,782
2018-05-24 21:11:41,587,23,83,336,382,779,782
2018-05-24 21:11:42,592,24,83,330,381,779,782
2018-05-24 21:11:43,595,25,83,325,380,779,782
2018-05-24 21:11:44,600,26,83,320,379,779,782
2018-05-24 21:11:45,605,27,83,315,378,779,782
2018-05-24 21:11:46,607,28,83,310,377,779,782
2018-05-24 21:11:47,611,29,83,306,376,779,782
2018-05-24 21:11:48,617,30,83,302,376,779,782
2018-05-24 21:11:49,620,31,83,298,375,779,782
2018-05-24 21:11:50,623,32,83,294,374,779,782
2018-05-24 21:11:51,628,33,83,290,374,779,782
2018-05-24 21:11:52,631,34,83,286,373,779,782
2018-05-24 21:11:53,636,35,83,282,373,779,782
2018-05-24 21:11:54,641,36,83,279,373,779,782
2018-05-24 21:11:55,645,37,83,276,373,779,782
2018-05-24 21:11:56,648,38,83,273,373,779,782
2018-05-24 21:11:57,652,39,83,270,372,779,782
2018-05-24 21:11:58,657,40,83,267,372,779,782
2018-05-24 21:11:59,660,41,83,265,373,779,782
2018-05-24 21:12:00,664,42,83,262,373,779,782
2018-05-24 21:12:01,668,43,83,260,373,779,782
2018-05-24 21:12:02,673,44,83,258,373,779,782
2018-05-24 21:12:03,677,45,83,256,373,779,782
2018-05-24 21:12:04,681,46,83,254,373,779,782
2018-05-24 21:12:05,684,47,83,252,373,779,782
2018-05-24 21:12:06,689,48,83,250,373,779,782
2018-05-24 21:12:07,694,49,83,249,373,779,782
2018-05-24 21:12:08,697,50,83,247,374,779,782
2018-05-24 21:12:09,701,51,83,245,374,779,782
2018-05-24 21:12:10,705,52,83,244,374,779,782
2018-05-24 21:12:11,709,53,83,242,374,779,782
2018-05-24 21:12:12,714,54,83,241,374,779,782
2018-05-24 21:12:13,717,55,83,240,374,779,782
2018-05-24 21:12:14,722,56,83,239,374,779,782
2018-05-24 21:12:15,726,57,83,238,374,779,782
2018-05-24 21:12:16,730,58,83,237,374,779,782
2018-05-24 21:12:17,735,59,83,236,374,779,782
2018-05-24 21:12:18,738,60,83,235,374,779,782
2018-05-24 21:12:19,742,61,83,234,375,779,782
2018-05-24 21:12:20,746,62,83,233,375,779,782
2018-05-24 21:12:21,750,63,83,233,376,779,782
2018-05-24 21:12:22,753,64,83,232,376,779,782
2018-05-24 21:12:23,757,65,83,232,376,779,782
2018-05-24 21:12:24,762,66,83,231,377,779,782
2018-05-24 21:12:25,766,67,83,231,377,779,782
2018-05-24 21:12:26,769,68,83,230,378,779,782
2018-05-24 21:12:27,775,69,83,230,378,779,782
2018-05-24 21:12:28,779,70,83,230,379,779,782
2018-05-24 21:12:29,782,71,83,230,379,779,782
2018-05-24 21:12:30,786,72,83,229,380,779,782
2018-05-24 21:12:31,790,73,83,229,380,779,782
2018-05-24 21:12:32,795,74,83,229,381,779,782
2018-05-24 21:12:33,798,75,83,229,381,779,782
2018-05-24 21:12:34,803,76,84,229,381,779,782
2018-05-24 21:12:35,806,77,83,229,382,779,782
2018-05-24 21:12:36,811,78,83,229,382,779,782
2018-05-24 21:12:37,816,79,83,229,383,779,782
2018-05-24 21:12:38,819,80,84,229,383,779,782
2018-05-24 21:12:39,822,81,83,229,384,779,782
2018-05-24 21:12:40,826,82,83,229,384,779,782
2018-05-24 21:12:41,828,83,83,229,385,779,782
2018-05-24 21:12:42,829,84,83,229,385,779,782
2018-05-24 21:12:43,833,85,83,229,386,779,782
2018-05-24 21:12:44,835,86,84,230,386,779,782
2018-05-24 21:12:45,841,87,84,230,387,779,782
2018-05-24 21:12:46,846,88,83,230,387,779,782
2018-05-24 21:12:47,850,89,84,230,387,779,782
2018-05-24 21:12:48,854,90,83,230,388,779,782
2018-05-24 21:12:49,860,91,83,231,388,779,782
2018-05-24 21:12:50,863,92,84,231,389,779,782
2018-05-24 21:12:51,866,93,84,232,389,779,782
2018-05-24 21:12:52,870,94,84,232,390,779,782
2018-05-24 21:12:53,874,95,84,232,391,779,782
2018-05-24 21:12:54,879,96,83,233,391,779,782
2018-05-24 21:12:55,883,97,84,233,392,779,782
2018-05-24 21:12:56,887,98,84,234,392,779,782
2018-05-24 21:12:57,891,99,84,234,393,779,782
2018-05-24 21:12:58,894,100,84,235,394,779,782
2018-05-24 21:12:59,899,101,84,235,394,779,782
2018-05-24 21:13:00,903,102,84,236,395,779,782
2018-05-24 21:13:01,906,103,84,236,395,779,782
2018-05-24 21:13:02,911,104,83,237,396,779,782
2018-05-24 21:13:03,917,105,84,237,397,779,782
2018-05-24 21:13:04,922,106,84,238,397,779,782
2018-05-24 21:13:05,923,107,84,238,398,779,782
2018-05-24 21:13:06,928,108,84,239,398,779,782
2018-05-24 21:13:07,931,109,84,240,398,779,782
2018-05-24 21:13:08,935,110,84,240,399,779,782
2018-05-24 21:13:09,940,111,84,241,399,779,782
2018-05-24 21:13:10,943,112,84,242,400,779,782
2018-05-24 21:13:11,947,113,84,242,400,779,782
2018-05-24 21:13:12,952,114,84,243,401,779,782
2018-05-24 21:13:13,956,115,84,243,402,779,782
2018-05-24 21:13:14,960,116,84,244,402,779,782
2018-05-24 21:13:15,965,117,84,245,402,779,782
2018-05-24 21:13:16,968,118,84,245,403,779,782
2018-05-24 21:13:17,972,119,84,246,403,779,782
2018-05-24 21:13:18,977,120,84,247,403,779,782
2018-05-24 21:13:19,981,121,84,247,404,779,782
2018-05-24 21:13:20,984,122,84,248,404,779,782
2018-05-24 21:13:21,989,123,84,249,405,779,782
2018-05-24 21:13:22,992,124,84,249,405,779,782
2018-05-24 21:13:23,998,125,84,250,405,779,782
2018-05-24 21:13:25,001,126,84,251,406,779,782
2018-05-24 21:13:26,005,127,84,251,406,779,782
2018-05-24 21:13:27,009,128,84,252,406,779,782
2018-05-24 21:13:28,013,129,84,253,407,779,782
2018-05-24 21:13:29,018,130,84,254,407,779,782
2018-05-24 21:13:30,022,131,84,254,408,779,782
2018-05-24 21:13:31,026,132,84,255,408,779,782
2018-05-24 21:13:32,030,133,84,256,409,779,782
2018-05-24 21:13:33,035,134,84,257,409,779,782
2018-05-24 21:13:34,039,135,84,257,409,779,782
2018-05-24 21:13:35,042,136,84,258,410,779,782
2018-05-24 21:13:36,046,137,84,259,410,779,782
2018-05-24 21:13:37,050,138,84,260,411,779,782
2018-05-24 21:13:38,054,139,84,261,411,779,782
2018-05-24 21:13:39,060,140,84,261,411,779,782
2018-05-24 21:13:40,063,141,84,262,412,779,782
2018-05-24 21:13:41,067,142,84,263,412,779,782
2018-05-24 21:13:42,070,143,84,264,412,779,782
2018-05-24 21:13:43,071,144,84,264,412,779,782
2018-05-24 21:13:44,076,145,84,265,413,779,782
2018-05-24 21:13:45,079,146,84,266,413,779,782
2018-05-24 21:13:46,081,147,84,267,413,779,782
2018-05-24 21:13:47,086,148,84,267,414,779,782
2018-05-24 21:13:48,090,149,84,268,414,779,782
2018-05-24 21:13:49,094,150,84,269,414,779,782
2018-05-24 21:13:50,097,151,84,270,415,779,782
2018-05-24 21:13:51,102,152,84,271,415,779,782
2018-05-24 21:13:52,106,153,84,271,415,779,782
2018-05-24 21:13:53,109,154,84,272,416,779,782
2018-05-24 21:13:54,113,155,84,273,416,779,782
2018-05-24 21:13:55,119,156,84,274,416,779,782
2018-05-24 21:13:56,122,157,84,275,417,779,782
2018-05-24 21:13:57,126,158,84,275,417,779,782
2018-05-24 21:13:58,131,159,84,276,417,779,782
2018-05-24 21:13:59,134,160,84,277,418,779,782
2018-05-24 21:14:00,139,161,84,278,418,779,782
2018-05-24 21:14:01,145,162,84,279,418,779,782
2018-05-24 21:14:02,147,163,84,279,419,779,782
2018-05-24 21:14:03,151,164,84,280,419,779,782
2018-05-24 21:14:04,154,165,84,281,419,779,782
2018-05-24 21:14:05,159,166,84,282,420,779,782
2018-05-24 21:14:06,163,167,84,282,420,779,782
2018-05-24 21:14:07,167,168,84,283,420,779,782
2018-05-24 21:14:08,171,169,84,284,421,779,782
2018-05-24 21:14:09,176,170,84,285,421,779,782
2018-05-24 21:14:10,181,171,84,286,421,779,782
2018-05-24 21:14:11,186,172,84,286,421,779,782
2018-05-24 21:14:12,186,173,84,287,422,779,782
2018-05-24 21:14:13,191,174,84,288,422,779,782
2018-05-24 21:14:14,195,175,84,288,422,779,782
2018-05-24 21:14:15,199,176,84,289,423,779,782
2018-05-24 21:14:16,204,177,84,290,423,779,782
2018-05-24 21:14:17,207,178,84,291,423,779,782
2018-05-24 21:14:18,211,179,84,292,423,779,782
2018-05-24 21:14:19,216,180,84,292,424,779,782
2018-05-24 21:14:20,221,181,84,293,424,779,782
2018-05-24 21:14:21,227,182,84,294,424,779,782
2018-05-24 21:14:22,229,183,84,295,425,779,782
2018-05-24 21:14:23,232,184,84,296,425,779,782
2018-05-24 21:14:24,236,185,84,296,425,779,782
2018-05-24 21:14:25,240,186,84,297,426,779,782
2018-05-24 21:14:26,245,187,84,298,426,779,782
2018-05-24 21:14:27,249,188,84,299,426,779,782
2018-05-24 21:14:28,253,189,84,300,426,779,782
2018-05-24 21:14:29,256,190,84,300,426,779,782
2018-05-24 21:14:30,261,191,84,301,427,779,781
2018-05-24 21:14:31,265,192,84,302,427,779,782
2018-05-24 21:14:32,268,193,84,303,427,779,782
2018-05-24 21:14:33,272,194,84,304,427,779,782
2018-05-24 21:14:34,277,195,84,304,428,779,782
2018-05-24 21:14:35,280,196,84,305,428,779,782
2018-05-24 21:14:36,285,197,84,306,428,779,782
2018-05-24 21:14:37,290,198,84,307,428,779,781
2018-05-24 21:14:38,293,199,84,308,429,779,782
2018-05-24 21:14:39,298,200,84,308,429,779,782
2018-05-24 21:14:40,302,201,84,309,429,779,782
2018-05-24 21:14:41,307,202,84,310,429,779,782
2018-05-24 21:14:42,309,203,84,311,430,779,782
2018-05-24 21:14:43,314,204,84,311,430,779,782
2018-05-24 21:14:44,318,205,84,312,430,779,782
2018-05-24 21:14:45,321,206,84,313,430,779,782
2018-05-24 21:14:46,326,207,84,314,430,779,782
2018-05-24 21:14:47,330,208,84,314,431,779,782
2018-05-24 21:14:48,334,209,84,315,431,779,782
2018-05-24 21:14:49,338,210,84,316,431,779,782
2018-05-24 21:14:50,342,211,84,317,432,779,782
2018-05-24 21:14:51,346,212,84,317,432,779,782
2018-05-24 21:14:52,351,213,84,318,432,779,782
2018-05-24 21:14:53,353,214,84,319,433,779,782
2018-05-24 21:14:54,358,215,84,319,433,779,781
2018-05-24 21:14:55,363,216,84,320,433,779,782
2018-05-24 21:14:56,367,217,84,321,433,779,782
2018-05-24 21:14:57,370,218,84,322,433,779,782
2018-05-24 21:14:58,375,219,84,322,434,779,782
2018-05-24 21:14:59,380,220,84,323,434,779,782
2018-05-24 21:15:00,382,221,84,324,434,779,782
2018-05-24 21:15:01,387,222,84,325,434,779,782
2018-05-24 21:15:02,390,223,84,325,435,779,782
2018-05-24 21:15:03,395,224,84,326,435,779,782
2018-05-24 21:15:04,398,225,84,327,435,779,782
2018-05-24 21:15:05,403,226,84,328,436,779,782
2018-05-24 21:15:06,409,228,84,328,436,779,782
2018-05-24 21:15:07,411,229,84,329,436,779,782
2018-05-24 21:15:08,414,230,84,330,436,779,782
2018-05-24 21:15:09,421,231,84,330,436,779,782
2018-05-24 21:15:10,423,232,84,331,437,779,782
2018-05-24 21:15:11,428,233,84,332,437,779,782
2018-05-24 21:15:12,432,234,84,332,437,779,781
2018-05-24 21:15:13,432,235,84,333,438,779,782
2018-05-24 21:15:14,434,236,84,334,438,779,782
2018-05-24 21:15:15,438,237,84,334,438,779,782
2018-05-24 21:15:16,442,238,84,335,439,779,782
2018-05-24 21:15:17,446,239,84,336,439,779,782
2018-05-24 21:15:18,450,240,84,336,439,779,782
2018-05-24 21:15:19,454,241,84,337,440,779,782
2018-05-24 21:15:20,457,242,84,338,440,779,782
2018-05-24 21:15:21,461,243,84,338,440,779,782
2018-05-24 21:15:22,466,244,84,339,440,779,782
2018-05-24 21:15:23,470,245,84,340,440,779,782
2018-05-24 21:15:24,475,246,84,340,440,779,782
2018-05-24 21:15:25,480,247,84,341,441,779,782
2018-05-24 21:15:26,483,248,84,342,441,779,782
2018-05-24 21:15:27,487,249,84,342,441,779,782
2018-05-24 21:15:28,490,250,84,343,441,779,782
2018-05-24 21:15:29,494,251,84,344,442,779,782
2018-05-24 21:15:30,499,252,84,345,442,779,782
2018-05-24 21:15:31,503,253,84,345,442,779,782
2018-05-24 21:15:32,507,254,84,346,442,779,782
2018-05-24 21:15:33,510,255,84,347,443,779,782
2018-05-24 21:15:34,514,256,84,347,443,779,782
2018-05-24 21:15:35,519,257,84,348,443,779,782
2018-05-24 21:15:36,523,258,84,348,443,779,782
2018-05-24 21:15:37,527,259,84,349,443,779,782
2018-05-24 21:15:38,532,260,84,350,444,779,782
2018-05-24 21:15:39,536,261,84,350,444,779,782
2018-05-24 21:15:40,541,262,84,351,444,779,782
2018-05-24 21:15:41,545,263,84,352,445,779,782
2018-05-24 21:15:42,548,264,84,352,445,779,782
2018-05-24 21:15:43,552,265,84,353,445,779,782
2018-05-24 21:15:44,556,266,84,354,445,779,782
2018-05-24 21:15:45,561,267,84,354,446,779,782
2018-05-24 21:15:46,562,268,84,355,446,779,782
2018-05-24 21:15:47,567,269,84,355,446,779,782
2018-05-24 21:15:48,571,270,84,356,446,779,781
2018-05-24 21:15:49,576,271,84,357,447,779,782
2018-05-24 21:15:50,580,272,84,357,447,779,782
2018-05-24 21:15:51,585,273,84,358,447,779,782
2018-05-24 21:15:52,588,274,84,359,447,779,782
2018-05-24 21:15:53,592,275,84,359,447,779,782
2018-05-24 21:15:54,596,276,84,360,447,779,782
2018-05-24 21:15:55,602,277,84,361,448,779,782
2018-05-24 21:15:56,605,278,84,361,448,779,782
2018-05-24 21:15:57,610,279,84,362,448,779,782
2018-05-24 21:15:58,613,280,84,363,447,779,782
2018-05-24 21:15:59,617,281,84,363,448,779,782
2018-05-24 21:16:00,622,282,84,364,448,779,782
2018-05-24 21:16:01,627,283,84,364,448,779,782
2018-05-24 21:16:02,629,284,84,365,448,779,782
2018-05-24 21:16:03,632,285,84,366,448,779,782
2018-05-24 21:16:04,637,286,84,366,448,779,782
2018-05-24 21:16:05,642,287,84,367,448,779,782
2018-05-24 21:16:06,645,288,84,368,448,779,782
2018-05-24 21:16:07,650,289,84,368,448,779,782
2018-05-24 21:16:08,654,290,84,369,449,779,782
2018-05-24 21:16:09,657,291,84,369,448,779,782
2018-05-24 21:16:10,662,292,84,370,449,779,782
2018-05-24 21:16:11,666,293,84,370,449,779,782
2018-05-24 21:16:12,670,294,84,371,449,779,782
2018-05-24 21:16:13,673,295,84,371,449,779,782
2018-05-24 21:16:14,677,296,84,372,450,779,782
2018-05-24 21:16:15,681,297,84,373,450,779,782
2018-05-24 21:16:16,686,298,84,373,450,779,782
2018-05-24 21:16:17,691,299,84,374,450,779,782
2018-05-24 21:16:18,700,300,84,374,450,779,782
2018-05-24 21:16:19,704,301,84,375,450,779,782
2018-05-24 21:16:20,708,302,84,375,451,779,782
2018-05-24 21:16:21,715,303,84,376,451,779,782
2018-05-24 21:16:22,722,304,84,376,451,779,782
2018-05-24 21:16:23,725,305,84,377,451,779,781
2018-05-24 21:16:24,733,306,84,378,452,779,782
2018-05-24 21:16:25,744,307,84,378,452,779,782
2018-05-24 21:16:26,753,308,84,379,452,779,782
2018-05-24 21:16:27,760,309,84,379,452,779,782
2018-05-24 21:16:28,764,310,84,380,452,779,782
2018-05-24 21:16:29,769,311,84,380,453,779,782
2018-05-24 21:16:30,773,312,84,381,453,779,781
2018-05-24 21:16:31,781,313,84,381,453,779,782
2018-05-24 21:16:32,783,314,84,382,453,779,781
2018-05-24 21:16:33,785,315,84,382,453,779,782
2018-05-24 21:16:34,788,316,84,383,454,779,781
2018-05-24 21:16:35,789,317,84,383,454,779,782
2018-05-24 21:16:36,797,318,84,384,454,779,781
2018-05-24 21:16:37,801,319,84,385,454,779,782
2018-05-24 21:16:38,805,320,84,385,455,779,782
2018-05-24 21:16:39,809,321,84,386,455,779,782
2018-05-24 21:16:40,814,322,84,386,455,779,782
2018-05-24 21:16:41,823,323,84,387,455,779,782
2018-05-24 21:16:42,826,324,84,388,456,779,782
2018-05-24 21:16:43,831,325,84,388,456,779,782
2018-05-24 21:16:44,835,326,84,389,456,779,782
2018-05-24 21:16:45,839,327,84,389,456,779,782
2018-05-24 21:16:46,849,328,84,390,456,779,782
2018-05-24 21:16:47,851,329,84,390,456,779,782
2018-05-24 21:16:48,852,330,84,391,457,779,782
2018-05-24 21:16:49,856,331,84,391,457,779,782
2018-05-24 21:16:50,859,332,84,392,457,779,782
2018-05-24 21:16:51,863,333,84,393,458,779,782
2018-05-24 21:16:52,865,334,84,393,458,779,782
2018-05-24 21:16:53,867,335,84,394,458,779,782
2018-05-24 21:16:54,870,336,84,394,458,779,782
2018-05-24 21:16:55,871,337,84,395,459,779,782
2018-05-24 21:16:56,878,338,84,395,459,779,782
2018-05-24 21:16:57,879,339,84,396,459,779,782
2018-05-24 21:16:58,881,340,84,397,460,779,782
2018-05-24 21:16:59,882,341,84,397,460,779,782
2018-05-24 21:17:00,883,342,84,398,461,779,782
2018-05-24 21:17:01,886,343,84,398,461,779,782
2018-05-24 21:17:02,893,344,84,399,461,779,782
2018-05-24 21:17:03,901,345,84,399,461,779,782
2018-05-24 21:17:04,908,346,84,400,461,779,782
2018-05-24 21:17:05,910,347,84,400,462,779,782
2018-05-24 21:17:06,912,348,84,401,462,779,782
2018-05-24 21:17:07,915,349,84,401,463,779,782
2018-05-24 21:17:08,916,350,84,402,464,779,782
2018-05-24 21:17:09,918,351,84,402,464,779,782
2018-05-24 21:17:10,921,352,84,403,464,779,782
2018-05-24 21:17:11,923,353,84,403,465,779,782
2018-05-24 21:17:12,926,354,84,404,465,779,782
2018-05-24 21:17:13,929,355,84,404,466,779,782
2018-05-24 21:17:14,930,356,84,405,466,779,782
2018-05-24 21:17:15,932,357,84,406,466,779,782
2018-05-24 21:17:16,936,358,84,406,467,779,782
2018-05-24 21:17:17,941,359,84,407,467,779,782
2018-05-24 21:17:18,942,360,84,407,467,779,782
2018-05-24 21:17:19,948,361,84,408,468,779,782
2018-05-24 21:17:20,951,362,84,408,468,779,782
2018-05-24 21:17:21,956,363,84,409,468,779,782
2018-05-24 21:17:22,958,364,84,409,469,779,782
2018-05-24 21:17:23,959,365,84,410,469,779,782
2018-05-24 21:17:24,970,366,84,410,469,779,782
2018-05-24 21:17:25,973,367,84,411,469,779,782
2018-05-24 21:17:26,977,368,84,411,470,779,782
2018-05-24 21:17:27,979,369,84,412,470,779,782
2018-05-24 21:17:28,985,370,84,413,470,779,782
2018-05-24 21:17:29,995,371,84,413,470,779,782
2018-05-24 21:17:30,997,372,84,413,471,779,782
2018-05-24 21:17:32,003,373,84,414,471,779,782
2018-05-24 21:17:33,008,374,84,414,471,779,782
2018-05-24 21:17:34,011,375,84,415,471,779,782
2018-05-24 21:17:35,011,376,84,416,471,779,782
2018-05-24 21:17:36,014,377,84,416,471,779,782
2018-05-24 21:17:37,016,378,84,417,472,779,782
2018-05-24 21:17:38,018,379,84,417,472,779,782
2018-05-24 21:17:39,020,380,84,418,472,779,782
2018-05-24 21:17:40,021,381,84,418,472,779,782
2018-05-24 21:17:41,023,382,84,418,472,779,782
2018-05-24 21:17:42,027,383,84,419,472,779,782
2018-05-24 21:17:43,030,384,84,419,472,779,782
2018-05-24 21:17:44,034,385,84,420,472,779,782
2018-05-24 21:17:45,038,386,84,420,472,779,782
2018-05-24 21:17:46,039,387,84,421,472,779,782
2018-05-24 21:17:47,040,388,84,421,472,779,782
2018-05-24 21:17:48,041,389,84,422,472,779,782
2018-05-24 21:17:49,050,390,84,422,472,779,782
2018-05-24 21:17:50,058,391,84,423,473,779,782
2018-05-24 21:17:51,064,392,84,423,473,779,782
2018-05-24 21:17:52,068,393,84,424,473,779,782
2018-05-24 21:17:53,069,394,84,424,473,779,782
2018-05-24 21:17:54,075,395,84,425,473,779,782
2018-05-24 21:17:55,076,396,84,425,473,779,782
2018-05-24 21:17:56,078,397,84,426,473,779,782
2018-05-24 21:17:57,079,398,84,426,473,779,782
2018-05-24 21:17:58,080,399,84,427,473,779,782
2018-05-24 21:17:59,084,400,84,427,474,779,782
2018-05-24 21:18:00,088,401,84,428,474,779,782
2018-05-24 21:18:01,092,402,84,428,474,779,782
2018-05-24 21:18:02,093,403,84,429,474,779,782
2018-05-24 21:18:03,096,404,84,429,474,779,782
2018-05-24 21:18:04,097,405,84,430,474,779,782
2018-05-24 21:18:05,102,406,84,430,474,779,782
2018-05-24 21:18:06,106,407,84,431,474,779,782
2018-05-24 21:18:07,111,408,84,431,475,779,782
2018-05-24 21:18:08,113,409,84,432,475,779,782
2018-05-24 21:18:09,119,410,84,432,475,779,782
2018-05-24 21:18:10,129,411,84,433,475,779,782
2018-05-24 21:18:11,130,412,84,433,475,779,782
2018-05-24 21:18:12,132,413,84,434,475,779,782
2018-05-24 21:18:13,133,414,84,434,475,779,782
2018-05-24 21:18:14,134,415,84,435,475,779,782
2018-05-24 21:18:15,138,416,84,435,475,779,782
2018-05-24 21:18:16,142,417,84,436,476,779,782
2018-05-24 21:18:17,143,418,84,436,476,779,782
2018-05-24 21:18:18,149,419,84,437,476,779,782
2018-05-24 21:18:19,153,420,84,437,476,779,782
2018-05-24 21:18:20,159,421,84,438,476,779,782
2018-05-24 21:18:21,163,422,84,438,476,779,782
2018-05-24 21:18:22,166,423,84,438,476,779,782
2018-05-24 21:18:23,174,424,84,439,476,779,782
2018-05-24 21:18:24,175,425,84,439,476,779,782
2018-05-24 21:18:25,177,426,84,440,476,779,782
2018-05-24 21:18:26,182,427,84,440,476,779,782
2018-05-24 21:18:27,192,428,84,440,477,779,782
2018-05-24 21:18:28,202,429,84,441,477,779,782
2018-05-24 21:18:29,204,430,84,441,477,779,782
2018-05-24 21:18:30,209,431,84,442,477,779,782
2018-05-24 21:18:31,210,432,84,442,478,779,782
2018-05-24 21:18:32,212,433,84,443,478,779,782
2018-05-24 21:18:33,215,434,84,443,478,779,782
2018-05-24 21:18:34,221,435,84,444,478,779,782
2018-05-24 21:18:35,225,436,84,444,478,779,782
2018-05-24 21:18:36,229,437,84,445,478,779,782
2018-05-24 21:18:37,233,438,84,445,478,779,782
2018-05-24 21:18:38,234,439,84,446,478,779,782
2018-05-24 21:18:39,245,440,84,446,478,779,782
2018-05-24 21:18:40,247,441,84,447,479,779,782
2018-05-24 21:18:41,248,442,84,447,479,779,782
2018-05-24 21:18:42,251,443,84,447,479,779,782
2018-05-24 21:18:43,257,444,84,448,479,779,782
2018-05-24 21:18:44,259,445,84,448,479,779,782
2018-05-24 21:18:45,264,446,84,449,479,779,782
2018-05-24 21:18:46,269,447,84,449,479,779,782
2018-05-24 21:18:47,274,448,84,450,480,779,782
2018-05-24 21:18:48,276,449,84,450,480,779,782
2018-05-24 21:18:49,282,450,84,451,480,779,782
2018-05-24 21:18:50,285,451,84,451,480,779,782
2018-05-24 21:18:51,288,452,84,451,480,779,782
2018-05-24 21:18:52,292,453,84,452,480,779,782
2018-05-24 21:18:53,294,454,84,452,480,779,782
2018-05-24 21:18:54,302,455,84,453,480,779,782
2018-05-24 21:18:55,303,456,84,453,481,779,782
2018-05-24 21:18:56,306,457,84,453,481,779,782
2018-05-24 21:18:57,309,458,84,454,481,779,782
2018-05-24 21:18:58,312,459,84,454,481,779,782
2018-05-24 21:18:59,316,460,84,455,481,779,782
2018-05-24 21:19:00,325,461,84,455,481,779,782
2018-05-24 21:19:01,331,462,84,456,481,779,782
2018-05-24 21:19:02,332,463,84,456,481,779,782
2018-05-24 21:19:03,333,464,84,456,481,779,782
2018-05-24 21:19:04,342,465,84,457,481,779,782
2018-05-24 21:19:05,347,466,84,457,482,779,782
2018-05-24 21:19:06,357,467,84,458,482,779,782
2018-05-24 21:19:07,360,468,84,458,482,779,782
2018-05-24 21:19:08,362,469,84,459,482,779,782
2018-05-24 21:19:09,364,470,84,459,482,779,782
2018-05-24 21:19:10,373,471,84,459,482,779,782
2018-05-24 21:19:11,376,472,84,460,483,779,782
2018-05-24 21:19:12,377,473,84,460,483,779,782
2018-05-24 21:19:13,380,474,84,461,483,779,782
2018-05-24 21:19:14,384,475,84,461,483,779,782
2018-05-24 21:19:15,387,476,84,461,483,779,782
2018-05-24 21:19:16,391,477,84,462,483,779,782
2018-05-24 21:19:17,392,478,84,462,483,779,782
2018-05-24 21:19:18,402,479,84,463,483,779,782
2018-05-24 21:19:19,410,481,84,463,483,779,782
2018-05-24 21:19:20,413,482,84,464,483,779,782
2018-05-24 21:19:21,418,483,84,464,483,779,782
2018-05-24 21:19:22,428,484,84,464,483,779,782
2018-05-24 21:19:23,431,485,84,465,483,779,782
2018-05-24 21:19:24,439,486,84,465,483,779,782
2018-05-24 21:19:25,440,487,84,466,484,779,782
2018-05-24 21:19:26,444,488,84,466,484,779,782
2018-05-24 21:19:27,448,489,84,466,484,779,782
2018-05-24 21:19:28,459,490,84,467,484,779,782
2018-05-24 21:19:29,468,491,84,467,484,779,782
2018-05-24 21:19:30,470,492,84,468,484,779,782
2018-05-24 21:19:31,479,493,84,468,484,779,782
2018-05-24 21:19:32,483,494,84,469,484,779,782
2018-05-24 21:19:33,489,495,84,469,484,779,782
2018-05-24 21:19:34,493,496,84,470,484,779,782
2018-05-24 21:19:35,498,497,84,470,485,779,782
2018-05-24 21:19:36,502,498,84,470,485,779,782
2018-05-24 21:19:37,506,499,84,471,485,779,782
2018-05-24 21:19:38,507,500,84,471,485,779,782
2018-05-24 21:19:39,507,501,84,472,485,779,782
2018-05-24 21:19:40,508,502,84,472,485,779,782
2018-05-24 21:19:41,512,503,84,472,486,779,782
2018-05-24 21:19:42,517,504,84,473,486,779,782
2018-05-24 21:19:43,519,505,84,473,486,779,782
2018-05-24 21:19:44,523,506,84,474,486,779,782
2018-05-24 21:19:45,524,507,84,474,487,779,782
2018-05-24 21:19:46,525,508,84,475,487,779,782
2018-05-24 21:19:47,530,509,84,475,487,779,782
2018-05-24 21:19:48,530,510,84,475,487,779,782
2018-05-24 21:19:49,534,511,84,476,487,779,782
2018-05-24 21:19:50,536,512,84,476,487,779,782
2018-05-24 21:19:51,546,513,84,477,487,779,782
2018-05-24 21:19:52,550,514,84,477,487,779,782
2018-05-24 21:19:53,551,515,84,478,487,779,782
2018-05-24 21:19:54,553,516,84,478,488,779,782
2018-05-24 21:19:55,555,517,84,478,488,779,782
2018-05-24 21:19:56,559,518,84,479,488,779,782
2018-05-24 21:19:57,559,519,84,479,488,779,782
2018-05-24 21:19:58,569,520,84,480,489,779,782
2018-05-24 21:19:59,573,521,84,480,489,779,782
2018-05-24 21:20:00,576,522,84,481,489,779,782
2018-05-24 21:20:01,578,523,84,481,489,779,782
2018-05-24 21:20:02,586,524,84,481,489,779,782
2018-05-24 21:20:03,590,525,84,482,489,779,782
2018-05-24 21:20:04,592,526,84,482,489,779,782
2018-05-24 21:20:05,598,527,84,483,489,779,782
2018-05-24 21:20:06,602,528,84,483,490,779,782
2018-05-24 21:20:07,606,529,84,484,490,779,782
2018-05-24 21:20:08,610,530,84,484,490,779,782
2018-05-24 21:20:09,614,531,84,484,490,779,782
2018-05-24 21:20:10,617,532,84,485,490,779,782
2018-05-24 21:20:11,621,533,84,485,490,779,782
2018-05-24 21:20:12,626,534,84,486,490,779,782
2018-05-24 21:20:13,630,535,84,486,491,779,782
2018-05-24 21:20:14,633,536,84,486,491,779,782
2018-05-24 21:20:15,638,537,84,487,491,779,782
2018-05-24 21:20:16,643,538,84,487,491,779,782
2018-05-24 21:20:17,644,539,84,488,491,779,782
2018-05-24 21:20:18,649,540,84,488,491,779,782
2018-05-24 21:20:19,654,541,84,489,492,779,782
2018-05-24 21:20:20,657,542,84,489,492,779,782
2018-05-24 21:20:21,662,543,84,490,492,779,782
2018-05-24 21:20:22,666,544,84,490,493,779,782
2018-05-24 21:20:23,670,545,84,491,493,779,782
2018-05-24 21:20:24,674,546,84,491,493,779,782
2018-05-24 21:20:25,677,547,84,491,493,779,782
2018-05-24 21:20:26,681,548,84,492,493,779,782
2018-05-24 21:20:27,686,549,84,492,494,779,782
2018-05-24 21:20:28,690,550,84,493,494,779,782
2018-05-24 21:20:29,694,551,84,493,494,779,782
2018-05-24 21:20:30,698,552,84,494,494,779,782
2018-05-24 21:20:31,702,553,84,494,494,779,782
2018-05-24 21:20:32,707,554,84,495,495,779,782
2018-05-24 21:20:33,711,555,84,495,495,779,782
2018-05-24 21:20:34,715,556,84,495,495,779,782
2018-05-24 21:20:35,719,557,84,496,495,779,782
2018-05-24 21:20:36,725,558,84,496,495,779,782
2018-05-24 21:20:37,728,559,84,497,495,779,782
2018-05-24 21:20:38,731,560,84,497,495,779,782
2018-05-24 21:20:39,735,561,84,497,496,779,782
2018-05-24 21:20:40,739,562,84,498,496,779,782
2018-05-24 21:20:41,742,563,84,498,496,779,782
2018-05-24 21:20:42,746,564,84,499,496,779,782
2018-05-24 21:20:43,752,565,84,499,497,779,782
2018-05-24 21:20:44,755,566,84,499,497,779,782
2018-05-24 21:20:45,759,567,84,500,497,779,782
2018-05-24 21:20:46,765,568,84,500,497,779,782
2018-05-24 21:20:47,769,569,84,501,498,779,782
2018-05-24 21:20:48,775,570,84,501,498,779,782
2018-05-24 21:20:49,776,571,84,502,498,779,782
2018-05-24 21:20:50,780,572,84,502,498,779,782
2018-05-24 21:20:51,783,573,84,502,498,779,782
2018-05-24 21:20:52,788,574,84,503,498,779,782
2018-05-24 21:20:53,792,575,84,503,499,779,782
2018-05-24 21:20:54,795,576,84,504,499,779,782
2018-05-24 21:20:55,800,577,84,504,499,779,782
2018-05-24 21:20:56,804,578,83,505,499,779,782
2018-05-24 21:20:57,808,579,84,505,499,779,782
2018-05-24 21:20:58,813,580,84,505,499,779,782
2018-05-24 21:20:59,816,581,84,506,499,779,782
2018-05-24 21:21:00,820,582,84,506,499,779,782
2018-05-24 21:21:01,824,583,84,507,500,779,782
2018-05-24 21:21:02,829,584,84,507,500,779,782
2018-05-24 21:21:03,832,585,84,507,500,779,782
2018-05-24 21:21:04,837,586,83,508,500,779,782
2018-05-24 21:21:05,840,587,83,508,500,779,782
2018-05-24 21:21:06,845,588,84,509,500,779,782
2018-05-24 21:21:07,850,589,84,509,501,779,782
2018-05-24 21:21:08,852,590,83,509,501,779,782
2018-05-24 21:21:09,857,591,84,510,501,779,782
2018-05-24 21:21:10,861,592,83,510,501,779,782
2018-05-24 21:21:11,866,593,83,511,501,779,782
2018-05-24 21:21:12,870,594,84,511,501,779,782
2018-05-24 21:21:13,873,595,83,511,501,779,782
2018-05-24 21:21:14,877,596,84,511,502,779,782
2018-05-24 21:21:15,882,597,83,512,501,779,782
2018-05-24 21:21:16,884,598,83,512,501,779,782
2018-05-24 21:21:17,890,599,83,512,501,779,782
2018-05-24 21:21:18,893,600,83,513,500,779,782
2018-05-24 21:21:19,899,601,83,513,498,779,782
2018-05-24 21:21:20,905,602,83,513,496,779,782
2018-05-24 21:21:21,908,603,83,513,495,779,782
2018-05-24 21:21:22,911,604,83,514,494,779,782
2018-05-24 21:21:23,915,605,83,514,492,779,782
2018-05-24 21:21:24,918,606,84,514,491,779,782
2018-05-24 21:21:25,922,607,83,514,489,779,782
2018-05-24 21:21:26,927,608,83,515,488,779,782
2018-05-24 21:21:27,931,609,83,515,486,779,782
2018-05-24 21:21:28,936,610,83,515,485,779,782
2018-05-24 21:21:29,939,611,83,515,484,779,782
2018-05-24 21:21:30,945,612,83,515,483,779,782
2018-05-24 21:21:31,949,613,83,516,482,779,782
2018-05-24 21:21:32,950,614,83,516,481,779,782
2018-05-24 21:21:33,955,615,83,516,480,779,782
2018-05-24 21:21:34,959,616,83,517,479,779,782
2018-05-24 21:21:35,963,617,83,517,478,779,782
2018-05-24 21:21:36,967,618,83,517,477,779,782
2018-05-24 21:21:37,971,619,83,517,476,779,782
2018-05-24 21:21:38,975,620,84,517,475,780,782
2018-05-24 21:21:39,979,621,83,517,474,779,782
2018-05-24 21:21:40,984,622,83,518,474,779,782
2018-05-24 21:21:41,988,623,83,518,473,779,782
2018-05-24 21:21:42,991,624,83,518,472,779,782
2018-05-24 21:21:43,996,625,83,518,472,779,782
2018-05-24 21:21:44,999,626,83,519,471,779,782
2018-05-24 21:21:46,003,627,83,519,470,779,782
2018-05-24 21:21:47,007,628,83,519,470,779,782
2018-05-24 21:21:48,012,629,83,519,469,779,782
2018-05-24 21:21:49,017,630,83,519,468,779,782
2018-05-24 21:21:50,022,631,83,520,468,779,782
2018-05-24 21:21:51,025,632,83,520,467,779,782
2018-05-24 21:21:52,028,633,83,520,467,779,782
2018-05-24 21:21:53,031,634,83,520,466,779,782
2018-05-24 21:21:54,035,635,83,520,466,779,782
2018-05-24 21:21:55,040,636,83,520,465,779,782
2018-05-24 21:21:56,043,637,83,520,465,779,782
2018-05-24 21:21:57,048,638,83,521,465,779,782
2018-05-24 21:21:58,053,639,83,521,464,779,782
2018-05-24 21:21:59,055,640,83,521,464,779,782
2018-05-24 21:22:00,061,641,83,521,464,780,782
2018-05-24 21:22:01,065,642,83,521,463,779,782
2018-05-24 21:22:02,068,643,83,521,463,779,782
2018-05-24 21:22:03,073,644,83,521,462,779,782
2018-05-24 21:22:04,077,645,83,521,462,779,782
2018-05-24 21:22:05,080,646,83,521,461,779,782
2018-05-24 21:22:06,085,647,83,521,461,779,782
2018-05-24 21:22:07,090,648,83,522,461,779,782
2018-05-24 21:22:08,092,649,83,522,461,779,782
2018-05-24 21:22:09,098,650,83,522,460,779,782
2018-05-24 21:22:10,102,651,83,522,460,779,782
2018-05-24 21:22:11,105,652,83,522,460,779,782
2018-05-24 21:22:12,108,653,83,522,460,780,782
2018-05-24 21:22:13,113,654,83,522,459,779,782
2018-05-24 21:22:14,119,655,83,523,459,779,782
2018-05-24 21:22:15,122,656,83,523,459,779,782
2018-05-24 21:22:16,126,657,83,523,458,779,782
2018-05-24 21:22:17,129,658,83,523,458,780,782
2018-05-24 21:22:18,134,659,83,523,458,779,782
2018-05-24 21:22:19,139,660,83,523,457,779,782
2018-05-24 21:22:20,142,661,83,523,457,779,782
2018-05-24 21:22:21,146,662,83,523,457,780,782
2018-05-24 21:22:22,152,663,83,523,457,779,782
2018-05-24 21:22:23,156,664,83,523,456,779,782
2018-05-24 21:22:24,158,665,83,523,456,779,782
2018-05-24 21:22:25,162,666,83,524,456,779,782
2018-05-24 21:22:26,166,667,83,524,455,779,782
2018-05-24 21:22:27,171,668,83,524,455,779,782
2018-05-24 21:22:28,174,669,83,524,455,780,782
2018-05-24 21:22:29,180,670,83,524,454,779,782
2018-05-24 21:22:30,183,671,83,524,454,780,782
2018-05-24 21:22:31,183,672,83,524,454,779,782
2018-05-24 21:22:32,188,673,83,524,454,780,782
2018-05-24 21:22:33,190,674,83,524,454,779,782
2018-05-24 21:22:34,195,675,83,524,453,779,782
2018-05-24 21:22:35,199,676,83,524,453,780,782
2018-05-24 21:22:36,200,677,83,524,453,780,782
2018-05-24 21:22:37,205,678,83,525,453,779,782
2018-05-24 21:22:38,206,679,83,525,452,779,782
2018-05-24 21:22:39,210,680,83,525,452,780,782
2018-05-24 21:22:40,212,681,83,525,452,779,782
2018-05-24 21:22:41,215,682,83,525,452,779,782
2018-05-24 21:22:42,220,683,83,525,452,779,782
2018-05-24 21:22:43,223,684,83,525,452,779,782
2018-05-24 21:22:44,228,685,83,525,451,779,782
2018-05-24 21:22:45,234,686,83,525,451,779,782
2018-05-24 21:22:46,235,687,83,525,451,780,782
2018-05-24 21:22:47,239,688,83,525,451,779,782
2018-05-24 21:22:48,243,689,83,525,451,779,782
2018-05-24 21:22:49,247,690,83,526,451,779,782
2018-05-24 21:22:50,253,691,83,526,450,779,782
2018-05-24 21:22:51,257,692,83,526,450,780,782
2018-05-24 21:22:52,260,693,83,526,450,779,782
2018-05-24 21:22:53,263,694,83,526,450,779,782
2018-05-24 21:22:54,267,695,83,526,450,780,782
2018-05-24 21:22:55,273,696,83,526,449,780,782
2018-05-24 21:22:56,276,697,83,526,449,780,782
2018-05-24 21:22:57,281,698,83,526,449,779,782
2018-05-24 21:22:58,284,699,83,526,449,780,782
2018-05-24 21:22:59,290,700,83,526,449,780,782
2018-05-24 21:23:00,292,701,83,526,449,779,782
2018-05-24 21:23:01,297,702,83,526,450,779,782
2018-05-24 21:23:02,301,703,83,526,451,780,782
2018-05-24 21:23:03,304,704,83,526,452,779,782
2018-05-24 21:23:04,309,705,83,527,453,779,782
2018-05-24 21:23:05,313,706,83,527,454,780,782
2018-05-24 21:23:06,316,707,83,527,455,779,782
2018-05-24 21:23:07,321,708,83,527,456,779,782
2018-05-24 21:23:08,325,709,83,527,457,780,782
2018-05-24 21:23:09,329,710,83,527,457,779,782
2018-05-24 21:23:10,334,711,83,527,458,780,782
2018-05-24 21:23:11,338,712,83,527,459,780,782
2018-05-24 21:23:12,341,713,83,527,460,779,782
2018-05-24 21:23:13,346,714,83,527,460,779,782
2018-05-24 21:23:14,349,715,83,528,461,780,782
2018-05-24 21:23:15,353,716,83,528,462,780,782
2018-05-24 21:23:16,358,717,83,528,462,780,782
2018-05-24 21:23:17,362,718,83,528,463,780,782
2018-05-24 21:23:18,366,719,83,528,463,780,782
2018-05-24 21:23:19,371,720,83,528,464,779,782
2018-05-24 21:23:20,378,721,83,528,464,780,782
2018-05-24 21:23:21,382,722,83,529,465,780,782
2018-05-24 21:23:22,386,723,83,529,465,780,782
2018-05-24 21:23:23,391,724,83,529,466,780,782
2018-05-24 21:23:24,395,725,83,529,466,780,782
2018-05-24 21:23:25,400,726,83,529,467,780,782
2018-05-24 21:23:26,404,727,83,529,467,780,782
2018-05-24 21:23:27,408,729,83,530,467,780,782
2018-05-24 21:23:28,410,730,83,530,468,780,782
2018-05-24 21:23:29,416,731,83,530,468,780,782
2018-05-24 21:23:30,421,732,83,530,468,780,782
2018-05-24 21:23:31,424,733,83,530,469,780,782
2018-05-24 21:23:32,428,734,83,530,469,780,782
2018-05-24 21:23:33,433,735,83,530,469,780,782
2018-05-24 21:23:34,437,736,83,531,470,780,782
2018-05-24 21:23:35,440,737,83,531,470,779,782
2018-05-24 21:23:36,444,738,83,531,470,780,782
2018-05-24 21:23:37,449,739,83,531,471,780,782
2018-05-24 21:23:38,453,740,83,531,471,779,782
2018-05-24 21:23:39,458,741,83,531,471,779,782
2018-05-24 21:23:40,463,742,83,531,471,780,782
2018-05-24 21:23:41,466,743,83,532,472,780,782
2018-05-24 21:23:42,470,744,83,532,472,780,782
2018-05-24 21:23:43,474,745,83,532,472,780,782
2018-05-24 21:23:44,477,746,83,532,472,780,782
2018-05-24 21:23:45,481,747,83,533,472,780,782
2018-05-24 21:23:46,485,748,83,533,473,779,782
2018-05-24 21:23:47,488,749,83,533,473,780,782
2018-05-24 21:23:48,493,750,83,533,473,780,782
2018-05-24 21:23:49,497,751,83,533,473,780,782
2018-05-24 21:23:50,502,752,83,534,474,780,782
2018-05-24 21:23:51,506,753,83,534,474,780,782
2018-05-24 21:23:52,510,754,83,534,474,780,782
2018-05-24 21:23:53,514,755,83,534,474,780,782
2018-05-24 21:23:54,517,756,83,534,474,780,782
2018-05-24 21:23:55,521,757,83,534,474,779,782
2018-05-24 21:23:56,524,758,83,535,474,779,782
2018-05-24 21:23:57,527,759,83,535,475,780,782
2018-05-24 21:23:58,528,760,83,535,475,780,782
2018-05-24 21:23:59,532,761,83,535,475,780,782
2018-05-24 21:24:00,536,762,83,535,475,780,782
2018-05-24 21:24:01,541,763,83,536,475,780,782
2018-05-24 21:24:02,545,764,83,536,475,779,782
2018-05-24 21:24:03,548,765,83,536,475,780,782
2018-05-24 21:24:04,553,766,83,536,475,780,782
2018-05-24 21:24:05,557,767,83,536,476,780,782
2018-05-24 21:24:06,561,768,83,537,476,780,782
2018-05-24 21:24:07,565,769,83,537,476,780,782
2018-05-24 21:24:08,569,770,83,537,476,780,782
2018-05-24 21:24:09,575,771,83,537,476,780,782
2018-05-24 21:24:10,577,772,83,538,476,780,782
2018-05-24 21:24:11,581,773,83,538,476,780,782
2018-05-24 21:24:12,586,774,83,538,476,780,782
2018-05-24 21:24:13,589,775,83,538,477,780,782
2018-05-24 21:24:14,594,776,83,538,477,780,782
2018-05-24 21:24:15,597,777,83,539,477,780,782
2018-05-24 21:24:16,601,778,83,539,477,780,782
2018-05-24 21:24:17,606,779,83,539,477,780,782
2018-05-24 21:24:18,612,780,83,539,477,780,782
2018-05-24 21:24:19,616,781,83,539,477,780,782
2018-05-24 21:24:20,619,782,83,540,477,780,782
2018-05-24 21:24:21,621,783,83,540,478,780,782
2018-05-24 21:24:22,626,784,83,540,478,780,782
2018-05-24 21:24:23,629,785,83,540,478,780,782
2018-05-24 21:24:24,634,786,83,541,478,780,782
2018-05-24 21:24:25,638,787,83,541,478,780,782
2018-05-24 21:24:26,643,788,83,541,478,780,782
2018-05-24 21:24:27,646,789,83,541,478,780,782
2018-05-24 21:24:28,650,790,83,541,478,780,782
2018-05-24 21:24:29,654,791,83,542,478,780,782
2018-05-24 21:24:30,659,792,83,542,478,780,782
2018-05-24 21:24:31,664,793,83,542,478,779,782
2018-05-24 21:24:32,667,794,83,542,478,780,782
2018-05-24 21:24:33,670,795,83,543,479,780,782
2018-05-24 21:24:34,675,796,83,543,479,780,782
2018-05-24 21:24:35,680,797,83,543,479,780,782
2018-05-24 21:24:36,683,798,83,544,479,780,782
2018-05-24 21:24:37,688,799,83,544,479,780,782
2018-05-24 21:24:38,691,800,83,544,479,780,782
2018-05-24 21:24:39,696,801,83,544,479,780,782
2018-05-24 21:24:40,700,802,83,544,479,780,782
2018-05-24 21:24:41,704,803,83,545,479,780,782
2018-05-24 21:24:42,710,804,83,545,480,780,782
2018-05-24 21:24:43,713,805,83,545,480,780,782
2018-05-24 21:24:44,716,806,83,545,480,780,782
2018-05-24 21:24:45,722,807,83,546,480,780,782
2018-05-24 21:24:46,727,808,83,546,480,780,782
2018-05-24 21:24:47,729,809,83,546,480,780,782
2018-05-24 21:24:48,733,810,83,546,480,780,782
2018-05-24 21:24:49,738,811,83,546,480,780,782
2018-05-24 21:24:50,740,812,83,547,480,780,782
2018-05-24 21:24:51,743,813,83,547,480,780,782
2018-05-24 21:24:52,748,814,83,547,480,780,782
2018-05-24 21:24:53,753,815,83,547,480,780,782
2018-05-24 21:24:54,756,816,83,547,480,780,782
2018-05-24 21:24:55,760,817,83,547,480,780,782
2018-05-24 21:24:56,764,818,83,548,480,780,782
2018-05-24 21:24:57,768,819,83,548,480,780,782
2018-05-24 21:24:58,773,820,83,548,480,780,782
2018-05-24 21:24:59,777,821,83,548,480,780,782
2018-05-24 21:25:00,781,822,83,549,480,780,782
2018-05-24 21:25:01,785,823,83,549,481,780,782
2018-05-24 21:25:02,789,824,83,549,481,779,782
2018-05-24 21:25:03,794,825,83,549,481,780,782
2018-05-24 21:25:04,797,826,83,550,481,780,782
2018-05-24 21:25:05,801,827,83,550,481,780,782
2018-05-24 21:25:06,806,828,83,550,481,780,782
2018-05-24 21:25:07,806,829,83,550,481,780,782
2018-05-24 21:25:08,808,830,83,551,481,780,782
2018-05-24 21:25:09,812,831,83,551,481,780,782
2018-05-24 21:25:10,818,832,83,551,481,780,782
2018-05-24 21:25:11,821,833,83,551,481,780,782
2018-05-24 21:25:12,827,834,83,552,481,780,782
2018-05-24 21:25:13,828,835,83,552,481,779,782
2018-05-24 21:25:14,832,836,83,552,481,780,782
2018-05-24 21:25:15,836,837,83,552,481,780,782
2018-05-24 21:25:16,840,838,83,552,481,780,782
2018-05-24 21:25:17,845,839,83,553,481,780,782
2018-05-24 21:25:18,848,840,83,553,481,780,782
2018-05-24 21:25:19,852,841,83,553,481,780,782
2018-05-24 21:25:20,857,842,83,553,481,780,782
2018-05-24 21:25:21,861,843,83,554,481,780,782
2018-05-24 21:25:22,865,844,83,554,481,780,782
2018-05-24 21:25:23,869,845,83,554,482,780,782
2018-05-24 21:25:24,873,846,83,554,482,780,782
2018-05-24 21:25:25,878,847,83,555,482,780,782
2018-05-24 21:25:26,881,848,83,555,482,780,782
2018-05-24 21:25:27,885,849,83,555,481,780,782
2018-05-24 21:25:28,889,850,83,555,481,780,782
2018-05-24 21:25:29,893,851,83,556,481,780,782
2018-05-24 21:25:30,898,852,83,556,482,780,782
2018-05-24 21:25:31,902,853,83,556,482,780,782
2018-05-24 21:25:32,905,854,83,556,482,780,782
2018-05-24 21:25:33,910,855,83,557,482,780,782
2018-05-24 21:25:34,915,856,83,557,482,780,782
2018-05-24 21:25:35,920,857,83,557,482,780,782
2018-05-24 21:25:36,922,858,83,557,482,780,782
2018-05-24 21:25:37,926,859,83,557,482,780,782
2018-05-24 21:25:38,932,860,83,558,482,780,782
2018-05-24 21:25:39,936,861,83,558,482,780,782
2018-05-24 21:25:40,938,862,83,558,482,780,782
2018-05-24 21:25:41,943,863,83,558,482,780,782
2018-05-24 21:25:42,946,864,83,558,482,780,782
2018-05-24 21:25:43,950,865,83,559,482,780,782
2018-05-24 21:25:44,955,866,83,559,482,780,782
2018-05-24 21:25:45,959,867,83,559,482,780,782
2018-05-24 21:25:46,962,868,83,559,482,780,782
2018-05-24 21:25:47,967,869,83,559,482,780,782
2018-05-24 21:25:48,971,870,83,560,482,780,782
2018-05-24 21:25:49,974,871,83,560,482,780,782
2018-05-24 21:25:50,978,872,83,560,482,780,782
2018-05-24 21:25:51,983,873,83,560,482,780,782
2018-05-24 21:25:52,987,874,83,560,482,780,782
2018-05-24 21:25:53,991,875,83,561,482,780,782
2018-05-24 21:25:54,995,876,83,561,482,780,782
2018-05-24 21:25:56,001,877,83,561,482,780,782
2018-05-24 21:25:57,004,878,83,562,483,780,782
2018-05-24 21:25:58,008,879,83,562,483,780,782
2018-05-24 21:25:59,011,880,83,562,483,780,782
2018-05-24 21:26:00,016,881,83,562,483,780,782
2018-05-24 21:26:01,020,882,83,562,483,780,782
2018-05-24 21:26:02,023,883,83,562,483,780,782
2018-05-24 21:26:03,028,884,83,563,483,780,782
2018-05-24 21:26:04,034,885,83,563,483,780,782
2018-05-24 21:26:05,035,886,83,563,483,780,782
2018-05-24 21:26:06,040,887,83,563,483,780,782
2018-05-24 21:26:07,043,888,83,564,483,780,782
2018-05-24 21:26:08,049,889,83,564,483,780,782
2018-05-24 21:26:09,051,890,83,564,483,780,782
2018-05-24 21:26:10,055,891,83,564,483,780,782
2018-05-24 21:26:11,061,892,83,564,483,780,782
2018-05-24 21:26:12,064,893,83,565,483,780,782
2018-05-24 21:26:13,068,894,83,565,483,780,782
2018-05-24 21:26:14,072,895,83,565,484,780,782
2018-05-24 21:26:15,077,896,83,565,484,780,782
2018-05-24 21:26:16,081,897,83,565,484,780,782
2018-05-24 21:26:17,084,898,83,566,483,780,782
2018-05-24 21:26:18,089,899,83,566,482,780,782
2018-05-24 21:26:19,094,900,83,566,481,780,782
2018-05-24 21:26:20,097,901,83,566,479,780,782
2018-05-24 21:26:21,100,902,83,566,478,780,782
2018-05-24 21:26:22,104,903,83,566,477,780,782
2018-05-24 21:26:23,109,904,83,566,475,780,782
2018-05-24 21:26:24,113,905,83,567,474,780,782
2018-05-24 21:26:25,116,906,83,566,473,780,782
2018-05-24 21:26:26,121,907,83,567,472,780,782
2018-05-24 21:26:27,126,908,83,567,471,780,782
2018-05-24 21:26:28,130,909,83,567,470,780,782
2018-05-24 21:26:29,134,910,83,567,469,780,782
2018-05-24 21:26:30,138,911,83,567,468,780,782
2018-05-24 21:26:31,142,912,83,567,467,780,782
2018-05-24 21:26:32,146,913,83,567,466,780,782
2018-05-24 21:26:33,150,914,83,567,466,780,782
2018-05-24 21:26:34,155,915,83,567,465,780,782
2018-05-24 21:26:35,159,916,83,567,464,780,782
2018-05-24 21:26:36,163,917,83,567,463,780,782
2018-05-24 21:26:37,165,918,83,568,462,780,782
2018-05-24 21:26:38,169,919,83,568,462,780,782
2018-05-24 21:26:39,174,920,83,568,461,779,782
2018-05-24 21:26:40,178,921,83,568,461,780,782
2018-05-24 21:26:41,182,922,83,568,460,780,782
2018-05-24 21:26:42,186,923,83,568,460,780,782
2018-05-24 21:26:43,190,924,83,568,459,780,782
2018-05-24 21:26:44,194,925,83,568,458,780,782
2018-05-24 21:26:45,198,926,83,568,458,780,782
2018-05-24 21:26:46,203,927,83,568,458,780,782
2018-05-24 21:26:47,207,928,83,568,457,780,782
2018-05-24 21:26:48,211,929,83,568,457,780,782
2018-05-24 21:26:49,211,930,83,568,456,780,782
2018-05-24 21:26:50,213,931,83,568,456,780,782
2018-05-24 21:26:51,217,932,83,568,455,780,782
2018-05-24 21:26:52,228,933,83,568,455,780,782
2018-05-24 21:26:53,231,934,83,568,455,780,782
2018-05-24 21:26:54,234,935,83,568,454,780,782
2018-05-24 21:26:55,239,936,83,568,454,779,782
2018-05-24 21:26:56,245,937,83,568,453,780,782
2018-05-24 21:26:57,251,938,83,568,453,780,782
2018-05-24 21:26:58,254,939,83,568,453,780,782
2018-05-24 21:26:59,255,940,83,568,453,780,782
2018-05-24 21:27:00,262,941,83,568,452,780,782
2018-05-24 21:27:01,264,942,83,568,452,780,782
2018-05-24 21:27:02,267,943,83,568,452,780,782
2018-05-24 21:27:03,271,944,83,568,451,780,782
2018-05-24 21:27:04,277,945,83,568,451,780,782
2018-05-24 21:27:05,279,946,83,567,451,780,782
2018-05-24 21:27:06,283,947,83,567,450,780,782
2018-05-24 21:27:07,289,948,83,567,450,780,782
2018-05-24 21:27:08,293,949,83,567,449,780,782
2018-05-24 21:27:09,296,950,83,567,449,780,782
2018-05-24 21:27:10,300,951,83,567,449,780,782
2018-05-24 21:27:11,304,952,83,567,448,779,782
2018-05-24 21:27:12,309,953,83,567,448,780,782
2018-05-24 21:27:13,313,954,83,567,448,780,782
2018-05-24 21:27:14,317,955,83,567,448,780,782
2018-05-24 21:27:15,322,956,83,567,448,780,782
2018-05-24 21:27:16,323,957,83,567,448,780,782
2018-05-24 21:27:17,328,958,83,567,447,780,782
2018-05-24 21:27:18,332,959,83,567,447,780,782
2018-05-24 21:27:19,337,960,83,566,447,780,782
2018-05-24 21:27:20,340,961,83,566,447,780,782
2018-05-24 21:27:21,344,962,83,566,446,780,782
2018-05-24 21:27:22,349,963,83,566,446,780,782
2018-05-24 21:27:23,352,964,83,566,446,780,782
2018-05-24 21:27:24,358,965,83,566,446,779,782
2018-05-24 21:27:25,362,966,83,566,446,780,782
2018-05-24 21:27:26,366,967,83,565,445,780,782
2018-05-24 21:27:27,370,968,83,565,445,780,782
2018-05-24 21:27:28,374,969,83,565,446,780,782
2018-05-24 21:27:29,377,970,83,564,446,780,782
2018-05-24 21:27:30,383,971,83,563,446,780,782
