2018-06-04 21:47:43,921,coffee,datetime,ms,seconds,ambient_temp,thermocouple_0_temp,thermocouple_1_temp,thermocouple_2_temp,thermocouple_3_temp
2018-06-04 21:47:45,967,2,74,526,449,782,784
2018-06-04 21:47:46,968,3,74,518,443,782,784
2018-06-04 21:47:47,972,4,74,508,436,782,784
2018-06-04 21:47:48,973,5,74,495,430,782,784
2018-06-04 21:47:49,974,6,74,483,422,782,784
2018-06-04 21:47:50,977,7,74,471,415,782,784
2018-06-04 21:47:51,978,8,74,460,411,782,784
2018-06-04 21:47:52,981,9,74,448,408,782,784
2018-06-04 21:47:53,985,10,74,438,405,782,784
2018-06-04 21:47:54,987,11,74,427,403,782,784
2018-06-04 21:47:55,991,12,74,418,400,782,784
2018-06-04 21:47:56,992,13,74,409,397,782,784
2018-06-04 21:47:57,995,14,74,401,395,782,784
2018-06-04 21:47:58,995,15,74,391,392,782,784
2018-06-04 21:47:59,996,16,74,383,390,782,784
2018-06-04 21:48:01,000,17,74,375,388,782,784
2018-06-04 21:48:02,001,18,74,367,386,782,784
2018-06-04 21:48:03,005,19,74,360,383,782,784
2018-06-04 21:48:04,008,20,74,352,382,782,784
2018-06-04 21:48:05,012,21,74,346,380,782,784
2018-06-04 21:48:06,013,22,74,340,378,782,784
2018-06-04 21:48:07,015,23,74,334,377,782,784
2018-06-04 21:48:08,016,24,74,329,376,782,784
2018-06-04 21:48:09,017,25,74,323,375,782,784
2018-06-04 21:48:10,018,26,74,318,373,782,784
2018-06-04 21:48:11,020,27,74,313,372,782,784
2018-06-04 21:48:12,021,28,74,308,372,782,784
2018-06-04 21:48:13,022,29,74,303,371,782,784
2018-06-04 21:48:14,025,30,74,299,370,782,784
2018-06-04 21:48:15,028,31,74,295,369,782,784
2018-06-04 21:48:16,029,32,74,291,368,782,784
2018-06-04 21:48:17,031,33,74,287,368,782,784
2018-06-04 21:48:18,032,34,74,283,367,782,784
2018-06-04 21:48:19,035,35,74,280,367,782,784
2018-06-04 21:48:20,037,36,74,277,366,782,784
2018-06-04 21:48:21,041,37,74,274,365,782,784
2018-06-04 21:48:22,043,38,74,271,365,782,784
2018-06-04 21:48:23,044,39,74,268,364,782,784
2018-06-04 21:48:24,046,40,74,265,364,782,784
2018-06-04 21:48:25,047,41,74,263,364,782,784
2018-06-04 21:48:26,051,42,74,261,363,782,784
2018-06-04 21:48:27,055,43,74,258,363,782,784
2018-06-04 21:48:28,060,44,74,256,363,782,784
2018-06-04 21:48:29,061,45,74,254,362,782,784
2018-06-04 21:48:30,063,46,74,252,362,782,784
2018-06-04 21:48:31,066,47,74,250,362,782,784
2018-06-04 21:48:32,068,48,74,249,362,782,784
2018-06-04 21:48:33,071,49,74,247,362,782,784
2018-06-04 21:48:34,073,50,74,246,361,782,784
2018-06-04 21:48:35,075,51,74,244,361,782,784
2018-06-04 21:48:36,076,52,74,243,361,782,784
2018-06-04 21:48:37,078,53,74,242,361,782,784
2018-06-04 21:48:38,079,54,74,241,361,782,784
2018-06-04 21:48:39,082,55,74,240,361,782,784
2018-06-04 21:48:40,085,56,74,239,361,782,784
2018-06-04 21:48:41,086,57,74,238,360,782,784
2018-06-04 21:48:42,087,58,74,237,361,782,784
2018-06-04 21:48:43,088,59,74,236,360,782,784
2018-06-04 21:48:44,090,60,74,235,360,782,784
2018-06-04 21:48:45,091,61,74,235,360,782,784
2018-06-04 21:48:46,095,62,74,234,360,782,784
2018-06-04 21:48:47,097,63,74,233,360,782,784
2018-06-04 21:48:48,098,64,74,233,359,782,784
2018-06-04 21:48:49,101,65,74,233,360,782,784
2018-06-04 21:48:50,102,66,74,232,361,782,784
2018-06-04 21:48:51,102,67,74,232,362,782,784
2018-06-04 21:48:52,103,68,74,231,364,782,784
2018-06-04 21:48:53,104,69,74,231,366,782,784
2018-06-04 21:48:54,108,70,74,231,367,782,784
2018-06-04 21:48:55,111,71,75,231,368,782,784
2018-06-04 21:48:56,112,72,75,231,370,782,784
2018-06-04 21:48:57,113,73,74,231,371,782,784
2018-06-04 21:48:58,114,74,74,230,372,782,784
2018-06-04 21:48:59,117,75,74,230,373,782,784
2018-06-04 21:49:00,118,76,75,230,374,782,784
2018-06-04 21:49:01,121,77,75,230,376,782,784
2018-06-04 21:49:02,124,78,75,231,377,782,784
2018-06-04 21:49:03,126,79,75,231,378,782,784
2018-06-04 21:49:04,128,80,75,231,379,782,784
2018-06-04 21:49:05,130,81,75,231,380,782,784
2018-06-04 21:49:06,133,82,75,232,381,782,784
2018-06-04 21:49:07,135,83,75,232,382,782,784
2018-06-04 21:49:08,136,84,75,232,383,782,784
2018-06-04 21:49:09,139,85,75,232,384,782,784
2018-06-04 21:49:10,140,86,75,233,384,782,784
2018-06-04 21:49:11,143,87,75,233,385,782,784
2018-06-04 21:49:12,144,88,75,233,386,782,784
2018-06-04 21:49:13,146,89,75,234,387,782,784
2018-06-04 21:49:14,148,90,75,234,388,782,784
2018-06-04 21:49:15,149,91,75,235,388,782,784
2018-06-04 21:49:16,150,92,75,235,389,782,784
2018-06-04 21:49:17,151,93,75,236,390,782,784
2018-06-04 21:49:18,152,94,75,236,390,782,784
2018-06-04 21:49:19,153,95,75,237,391,782,784
2018-06-04 21:49:20,155,96,75,237,391,782,784
2018-06-04 21:49:21,156,97,75,238,392,782,784
2018-06-04 21:49:22,159,98,75,238,393,782,784
2018-06-04 21:49:23,160,99,75,239,393,782,784
2018-06-04 21:49:24,160,100,75,239,394,782,784
2018-06-04 21:49:25,162,101,75,240,394,782,784
2018-06-04 21:49:26,163,102,75,241,395,782,784
2018-06-04 21:49:27,164,103,75,241,395,782,784
2018-06-04 21:49:28,166,104,75,242,396,782,784
2018-06-04 21:49:29,167,105,75,243,396,782,784
2018-06-04 21:49:30,168,106,75,243,397,782,784
2018-06-04 21:49:31,170,107,75,244,397,782,784
2018-06-04 21:49:32,172,108,75,245,398,782,784
2018-06-04 21:49:33,174,109,75,245,398,782,784
2018-06-04 21:49:34,176,110,75,246,399,782,784
2018-06-04 21:49:35,178,111,75,247,399,782,784
2018-06-04 21:49:36,179,112,75,247,400,782,784
2018-06-04 21:49:37,183,113,75,248,400,782,784
2018-06-04 21:49:38,185,114,75,249,400,782,784
2018-06-04 21:49:39,186,115,75,250,401,782,784
2018-06-04 21:49:40,187,116,75,250,401,782,784
2018-06-04 21:49:41,189,117,75,251,401,782,784
2018-06-04 21:49:42,190,118,75,252,402,782,784
2018-06-04 21:49:43,191,119,75,253,402,782,784
2018-06-04 21:49:44,192,120,75,254,402,782,784
2018-06-04 21:49:45,194,121,75,254,403,782,784
2018-06-04 21:49:46,195,122,75,255,403,782,784
2018-06-04 21:49:47,197,123,75,256,404,782,784
2018-06-04 21:49:48,198,124,75,257,404,782,784
2018-06-04 21:49:49,200,125,75,258,405,782,784
2018-06-04 21:49:50,201,126,75,258,405,782,784
2018-06-04 21:49:51,202,127,75,259,405,782,784
2018-06-04 21:49:52,203,128,75,260,405,782,784
2018-06-04 21:49:53,207,129,75,261,406,782,784
2018-06-04 21:49:54,209,130,75,262,406,782,784
2018-06-04 21:49:55,210,131,75,262,406,782,784
2018-06-04 21:49:56,211,132,75,263,406,782,784
2018-06-04 21:49:57,213,133,75,264,406,782,784
2018-06-04 21:49:58,214,134,75,265,406,782,784
2018-06-04 21:49:59,215,135,75,266,407,782,784
2018-06-04 21:50:00,218,136,75,267,407,782,784
2018-06-04 21:50:01,219,137,75,267,407,782,784
2018-06-04 21:50:02,222,138,75,268,408,782,784
2018-06-04 21:50:03,224,139,75,269,408,782,784
2018-06-04 21:50:04,225,140,75,270,408,782,784
2018-06-04 21:50:05,226,141,75,271,409,782,784
2018-06-04 21:50:06,227,142,75,272,409,782,784
2018-06-04 21:50:07,228,143,75,272,409,782,784
2018-06-04 21:50:08,231,144,75,273,410,782,784
2018-06-04 21:50:09,235,145,75,274,410,782,784
2018-06-04 21:50:10,238,146,75,275,410,782,784
2018-06-04 21:50:11,240,147,75,276,411,782,784
2018-06-04 21:50:12,241,148,75,277,411,782,784
2018-06-04 21:50:13,243,149,75,277,411,782,784
2018-06-04 21:50:14,246,150,75,278,411,782,784
2018-06-04 21:50:15,248,151,75,279,411,782,784
2018-06-04 21:50:16,252,152,75,280,412,782,784
2018-06-04 21:50:17,254,153,75,281,412,782,784
2018-06-04 21:50:18,255,154,75,281,412,782,784
2018-06-04 21:50:19,258,155,75,282,412,782,784
2018-06-04 21:50:20,261,156,75,283,412,782,784
2018-06-04 21:50:21,262,157,75,284,413,782,784
2018-06-04 21:50:22,263,158,75,285,413,782,784
2018-06-04 21:50:23,265,159,75,285,413,782,784
2018-06-04 21:50:24,266,160,75,286,413,782,784
2018-06-04 21:50:25,267,161,75,287,414,782,784
2018-06-04 21:50:26,269,162,75,288,414,782,784
2018-06-04 21:50:27,270,163,75,289,415,782,784
2018-06-04 21:50:28,273,164,75,290,415,782,784
2018-06-04 21:50:29,275,165,75,291,415,782,784
2018-06-04 21:50:30,277,166,75,291,415,782,784
2018-06-04 21:50:31,281,167,75,292,416,782,784
2018-06-04 21:50:32,282,168,75,293,416,782,784
2018-06-04 21:50:33,284,169,75,294,416,782,784
2018-06-04 21:50:34,286,170,75,295,416,782,784
2018-06-04 21:50:35,287,171,75,296,417,782,784
2018-06-04 21:50:36,288,172,75,296,417,782,784
2018-06-04 21:50:37,291,173,75,297,417,782,784
2018-06-04 21:50:38,294,174,75,298,417,782,784
2018-06-04 21:50:39,297,175,75,299,417,782,784
2018-06-04 21:50:40,299,176,75,300,418,782,784
2018-06-04 21:50:41,302,177,75,300,418,782,784
2018-06-04 21:50:42,305,178,75,301,418,782,784
2018-06-04 21:50:43,306,179,75,302,419,782,784
2018-06-04 21:50:44,307,180,75,303,419,782,784
2018-06-04 21:50:45,309,181,75,304,419,782,784
2018-06-04 21:50:46,309,182,75,304,419,782,784
2018-06-04 21:50:47,310,183,75,305,420,782,784
2018-06-04 21:50:48,313,184,75,306,420,782,784
2018-06-04 21:50:49,314,185,75,307,420,782,784
2018-06-04 21:50:50,318,186,75,307,421,782,784
2018-06-04 21:50:51,319,187,75,308,421,782,784
2018-06-04 21:50:52,322,188,75,309,421,782,784
2018-06-04 21:50:53,324,189,75,310,421,782,784
2018-06-04 21:50:54,324,190,75,310,422,782,784
2018-06-04 21:50:55,325,191,75,311,422,782,784
2018-06-04 21:50:56,326,192,75,312,423,782,784
2018-06-04 21:50:57,328,193,75,313,423,782,784
2018-06-04 21:50:58,329,194,75,314,423,782,784
2018-06-04 21:50:59,330,195,75,314,423,782,784
2018-06-04 21:51:00,333,196,75,315,423,782,784
2018-06-04 21:51:01,336,197,75,316,423,782,784
2018-06-04 21:51:02,337,198,75,317,424,782,784
2018-06-04 21:51:03,338,199,75,317,424,782,784
2018-06-04 21:51:04,339,200,75,318,424,782,784
2018-06-04 21:51:05,341,201,75,319,425,782,784
2018-06-04 21:51:06,342,202,75,320,425,782,784
2018-06-04 21:51:07,344,203,75,320,425,782,784
2018-06-04 21:51:08,345,204,75,321,425,782,784
2018-06-04 21:51:09,346,205,75,322,425,782,784
2018-06-04 21:51:10,347,206,75,323,425,782,784
2018-06-04 21:51:11,349,207,75,323,426,782,784
2018-06-04 21:51:12,350,208,75,324,426,782,784
2018-06-04 21:51:13,351,209,75,325,426,782,784
2018-06-04 21:51:14,354,210,75,326,426,782,784
2018-06-04 21:51:15,357,211,75,326,426,782,784
2018-06-04 21:51:16,360,212,75,327,427,782,784
2018-06-04 21:51:17,361,213,75,328,427,782,784
2018-06-04 21:51:18,361,214,75,328,427,782,784
2018-06-04 21:51:19,367,215,75,329,427,782,784
2018-06-04 21:51:20,369,216,75,330,427,782,784
2018-06-04 21:51:21,371,217,75,331,428,782,784
2018-06-04 21:51:22,375,218,75,331,428,782,784
2018-06-04 21:51:23,378,219,75,332,428,782,784
2018-06-04 21:51:24,380,220,75,333,428,782,784
2018-06-04 21:51:25,381,221,75,333,428,782,784
2018-06-04 21:51:26,383,222,75,334,428,782,784
2018-06-04 21:51:27,388,223,75,335,429,782,784
2018-06-04 21:51:28,391,224,75,335,429,782,784
2018-06-04 21:51:29,395,225,75,336,429,782,784
2018-06-04 21:51:30,397,226,75,337,429,782,784
2018-06-04 21:51:31,399,227,75,337,429,782,784
2018-06-04 21:51:32,401,228,75,338,429,782,784
2018-06-04 21:51:33,404,229,75,339,429,782,784
2018-06-04 21:51:34,405,230,75,339,430,782,784
2018-06-04 21:51:35,407,231,75,340,430,782,784
2018-06-04 21:51:36,408,232,75,341,430,782,784
2018-06-04 21:51:37,409,233,75,341,430,782,784
2018-06-04 21:51:38,411,234,75,342,430,782,784
2018-06-04 21:51:39,412,235,75,343,431,782,784
2018-06-04 21:51:40,415,236,75,343,431,782,784
2018-06-04 21:51:41,415,237,75,344,431,782,784
2018-06-04 21:51:42,420,238,75,345,432,782,784
2018-06-04 21:51:43,422,239,75,345,432,782,784
2018-06-04 21:51:44,423,240,75,346,432,782,784
2018-06-04 21:51:45,424,241,75,346,432,782,784
2018-06-04 21:51:46,425,242,75,347,432,782,784
2018-06-04 21:51:47,429,243,75,348,432,782,784
2018-06-04 21:51:48,433,244,75,348,433,782,784
2018-06-04 21:51:49,435,245,75,349,433,782,784
2018-06-04 21:51:50,437,246,75,350,433,782,784
2018-06-04 21:51:51,440,247,75,350,433,782,784
2018-06-04 21:51:52,441,248,75,351,433,782,784
2018-06-04 21:51:53,442,249,75,351,434,782,784
2018-06-04 21:51:54,447,250,75,352,434,782,784
2018-06-04 21:51:55,448,251,75,353,434,782,784
2018-06-04 21:51:56,449,252,75,353,434,782,784
2018-06-04 21:51:57,450,253,75,354,435,782,784
2018-06-04 21:51:58,452,254,75,354,435,782,784
2018-06-04 21:51:59,453,255,75,355,435,782,784
2018-06-04 21:52:00,455,256,75,355,435,782,784
2018-06-04 21:52:01,455,257,75,356,435,782,784
2018-06-04 21:52:02,457,258,75,357,435,782,784
2018-06-04 21:52:03,459,259,75,357,436,782,784
2018-06-04 21:52:04,460,260,75,358,436,782,784
2018-06-04 21:52:05,460,261,75,359,436,782,784
2018-06-04 21:52:06,463,262,75,359,437,782,784
2018-06-04 21:52:07,464,263,75,360,437,782,784
2018-06-04 21:52:08,465,264,75,360,437,782,784
2018-06-04 21:52:09,466,265,75,361,437,782,784
2018-06-04 21:52:10,468,266,75,361,437,782,784
2018-06-04 21:52:11,469,267,75,362,438,782,784
2018-06-04 21:52:12,470,268,75,363,438,782,784
2018-06-04 21:52:13,472,269,75,363,438,782,784
2018-06-04 21:52:14,474,270,75,364,438,782,784
2018-06-04 21:52:15,475,271,75,364,439,782,784
2018-06-04 21:52:16,476,272,75,365,439,782,784
2018-06-04 21:52:17,479,273,75,365,439,782,784
2018-06-04 21:52:18,481,274,75,366,439,782,784
2018-06-04 21:52:19,483,275,75,367,439,782,784
2018-06-04 21:52:20,484,276,75,367,439,782,784
2018-06-04 21:52:21,485,277,75,368,439,782,784
2018-06-04 21:52:22,487,278,75,368,440,782,784
2018-06-04 21:52:23,488,279,75,369,440,782,784
2018-06-04 21:52:24,490,280,75,369,440,782,784
2018-06-04 21:52:25,491,281,75,370,440,782,784
2018-06-04 21:52:26,492,282,75,370,440,782,784
2018-06-04 21:52:27,493,283,75,371,440,782,784
2018-06-04 21:52:28,498,284,75,372,440,782,784
2018-06-04 21:52:29,500,285,75,372,440,782,784
2018-06-04 21:52:30,501,286,75,373,440,782,784
2018-06-04 21:52:31,503,287,75,373,441,782,784
2018-06-04 21:52:32,506,288,75,374,441,782,784
2018-06-04 21:52:33,507,289,75,374,441,782,784
2018-06-04 21:52:34,508,290,75,375,441,782,784
2018-06-04 21:52:35,510,291,75,375,441,782,784
2018-06-04 21:52:36,511,292,75,376,442,782,784
2018-06-04 21:52:37,512,293,75,376,442,782,784
2018-06-04 21:52:38,513,294,75,377,442,782,784
2018-06-04 21:52:39,515,295,75,377,443,782,784
2018-06-04 21:52:40,519,296,75,378,443,782,784
2018-06-04 21:52:41,520,297,75,378,443,782,784
2018-06-04 21:52:42,522,298,75,379,443,782,784
2018-06-04 21:52:43,523,299,75,380,443,782,784
2018-06-04 21:52:44,533,300,75,380,443,782,784
2018-06-04 21:52:45,543,301,75,381,443,782,784
2018-06-04 21:52:46,551,302,75,381,443,782,784
2018-06-04 21:52:47,560,303,75,382,443,782,784
2018-06-04 21:52:48,570,304,75,382,443,782,784
2018-06-04 21:52:49,581,305,75,383,444,782,784
2018-06-04 21:52:50,586,306,75,383,444,782,784
2018-06-04 21:52:51,595,307,75,384,444,782,784
2018-06-04 21:52:52,602,308,75,384,444,782,784
2018-06-04 21:52:53,609,309,75,385,444,782,784
2018-06-04 21:52:54,612,310,75,385,444,782,784
2018-06-04 21:52:55,620,311,75,386,444,782,784
2018-06-04 21:52:56,622,312,75,386,444,782,784
2018-06-04 21:52:57,627,313,75,387,445,782,784
2018-06-04 21:52:58,631,314,75,387,445,782,784
2018-06-04 21:52:59,640,315,75,388,445,782,784
2018-06-04 21:53:00,641,316,75,388,445,782,784
2018-06-04 21:53:01,649,317,75,389,446,782,784
2018-06-04 21:53:02,656,318,75,389,446,782,784
2018-06-04 21:53:03,660,319,75,390,446,782,784
2018-06-04 21:53:04,667,320,75,390,446,782,784
2018-06-04 21:53:05,670,321,75,391,447,782,784
2018-06-04 21:53:06,671,322,75,392,447,782,784
2018-06-04 21:53:07,677,323,75,392,447,782,784
2018-06-04 21:53:08,679,324,76,393,448,782,784
2018-06-04 21:53:09,688,325,76,393,448,782,784
2018-06-04 21:53:10,689,326,76,394,448,782,784
2018-06-04 21:53:11,697,327,75,394,448,782,784
2018-06-04 21:53:12,707,328,76,394,448,782,784
2018-06-04 21:53:13,708,329,76,395,449,782,784
2018-06-04 21:53:14,715,330,76,395,449,782,784
2018-06-04 21:53:15,726,331,76,396,449,782,784
2018-06-04 21:53:16,736,332,75,396,449,782,784
2018-06-04 21:53:17,745,333,75,397,449,782,784
2018-06-04 21:53:18,755,334,76,397,450,782,784
2018-06-04 21:53:19,765,335,76,398,450,782,784
2018-06-04 21:53:20,773,336,76,398,450,781,784
2018-06-04 21:53:21,783,337,76,399,450,782,784
2018-06-04 21:53:22,790,338,76,399,450,781,784
2018-06-04 21:53:23,794,339,76,400,451,781,784
2018-06-04 21:53:24,801,340,75,400,450,781,784
2018-06-04 21:53:25,803,341,76,401,451,781,784
2018-06-04 21:53:26,813,342,76,401,451,782,784
2018-06-04 21:53:27,823,343,76,402,451,781,784
2018-06-04 21:53:28,829,344,76,402,450,782,784
2018-06-04 21:53:29,839,345,76,403,449,782,784
2018-06-04 21:53:30,850,346,76,403,449,782,784
2018-06-04 21:53:31,857,347,76,404,449,782,784
2018-06-04 21:53:32,867,348,76,404,449,782,784
2018-06-04 21:53:33,877,349,76,405,449,782,784
2018-06-04 21:53:34,887,350,76,405,450,781,784
2018-06-04 21:53:35,891,351,76,406,450,782,784
2018-06-04 21:53:36,901,352,76,406,450,781,784
2018-06-04 21:53:37,911,353,76,407,450,782,784
2018-06-04 21:53:38,912,354,76,407,450,781,784
2018-06-04 21:53:39,921,356,76,408,450,781,784
2018-06-04 21:53:40,931,357,76,408,451,782,784
2018-06-04 21:53:41,940,358,76,409,451,782,784
2018-06-04 21:53:42,947,359,76,409,451,781,784
2018-06-04 21:53:43,954,360,76,409,452,781,784
2018-06-04 21:53:44,961,361,76,410,452,781,784
2018-06-04 21:53:45,971,362,76,410,452,781,784
2018-06-04 21:53:46,981,363,76,411,453,781,784
2018-06-04 21:53:47,983,364,76,411,453,782,784
2018-06-04 21:53:48,993,365,76,412,453,782,784
2018-06-04 21:53:50,000,366,76,412,453,782,784
2018-06-04 21:53:51,007,367,76,413,453,781,784
2018-06-04 21:53:52,017,368,76,413,453,781,784
2018-06-04 21:53:53,024,369,76,413,454,782,784
2018-06-04 21:53:54,033,370,76,414,454,781,784
2018-06-04 21:53:55,041,371,76,414,454,781,784
2018-06-04 21:53:56,051,372,76,415,454,781,784
2018-06-04 21:53:57,061,373,76,415,455,781,784
2018-06-04 21:53:58,069,374,76,416,455,781,784
2018-06-04 21:53:59,078,375,76,416,455,781,784
2018-06-04 21:54:00,086,376,76,417,455,781,784
2018-06-04 21:54:01,096,377,76,417,455,782,784
2018-06-04 21:54:02,106,378,76,418,455,781,784
2018-06-04 21:54:03,110,379,76,418,456,782,784
2018-06-04 21:54:04,117,380,76,419,456,781,784
2018-06-04 21:54:05,124,381,76,419,456,782,784
2018-06-04 21:54:06,134,382,76,419,456,781,784
2018-06-04 21:54:07,142,383,76,420,456,781,784
2018-06-04 21:54:08,151,384,76,420,456,781,784
2018-06-04 21:54:09,161,385,76,421,457,781,784
2018-06-04 21:54:10,168,386,76,421,457,781,784
2018-06-04 21:54:11,179,387,76,422,457,782,784
2018-06-04 21:54:12,185,388,76,422,457,781,784
2018-06-04 21:54:13,196,389,76,423,457,781,784
2018-06-04 21:54:14,206,390,76,423,458,781,784
2018-06-04 21:54:15,213,391,76,423,458,781,784
2018-06-04 21:54:16,223,392,76,424,458,781,784
2018-06-04 21:54:17,233,393,76,424,458,781,784
2018-06-04 21:54:18,234,394,76,425,459,781,784
2018-06-04 21:54:19,236,395,76,425,459,781,784
2018-06-04 21:54:20,246,396,76,426,459,781,784
2018-06-04 21:54:21,256,397,76,426,459,781,784
2018-06-04 21:54:22,263,398,76,427,460,781,784
2018-06-04 21:54:23,273,399,76,427,460,781,784
2018-06-04 21:54:24,283,400,76,427,460,781,784
2018-06-04 21:54:25,290,401,76,428,460,781,784
2018-06-04 21:54:26,300,402,76,428,460,781,784
2018-06-04 21:54:27,310,403,76,429,460,781,784
2018-06-04 21:54:28,320,404,76,429,460,781,784
2018-06-04 21:54:29,330,405,76,430,461,781,784
2018-06-04 21:54:30,340,406,76,430,461,781,784
2018-06-04 21:54:31,350,407,76,430,461,781,784
2018-06-04 21:54:32,360,408,76,431,461,781,784
2018-06-04 21:54:33,370,409,76,431,461,781,784
2018-06-04 21:54:34,380,410,76,432,461,781,784
2018-06-04 21:54:35,390,411,76,432,461,781,784
2018-06-04 21:54:36,396,412,76,432,461,781,784
2018-06-04 21:54:37,405,413,76,433,461,781,784
2018-06-04 21:54:38,415,414,76,433,462,781,784
2018-06-04 21:54:39,418,415,76,433,462,781,784
2018-06-04 21:54:40,427,416,76,434,462,781,784
2018-06-04 21:54:41,436,417,76,434,462,781,784
2018-06-04 21:54:42,443,418,76,435,462,781,784
2018-06-04 21:54:43,450,419,76,435,462,781,784
2018-06-04 21:54:44,460,420,76,436,462,781,784
2018-06-04 21:54:45,470,421,76,436,462,781,784
2018-06-04 21:54:46,478,422,76,436,463,781,784
2018-06-04 21:54:47,488,423,76,437,462,781,784
2018-06-04 21:54:48,498,424,76,437,462,781,784
2018-06-04 21:54:49,508,425,76,438,462,781,784
2018-06-04 21:54:50,514,426,76,438,463,781,784
2018-06-04 21:54:51,518,427,76,438,463,781,784
2018-06-04 21:54:52,526,428,76,439,463,781,784
2018-06-04 21:54:53,536,429,76,439,463,781,784
2018-06-04 21:54:54,546,430,76,440,463,781,784
2018-06-04 21:54:55,553,431,76,440,463,781,784
2018-06-04 21:54:56,558,432,76,441,463,781,784
2018-06-04 21:54:57,565,433,76,441,464,781,784
2018-06-04 21:54:58,572,434,76,441,464,781,784
2018-06-04 21:54:59,582,435,76,442,464,781,784
2018-06-04 21:55:00,589,436,76,442,464,781,784
2018-06-04 21:55:01,598,437,76,443,464,781,784
2018-06-04 21:55:02,607,438,76,443,464,781,784
2018-06-04 21:55:03,610,439,76,443,464,781,784
2018-06-04 21:55:04,621,440,76,444,464,781,784
2018-06-04 21:55:05,630,441,76,444,464,781,784
2018-06-04 21:55:06,640,442,76,445,465,781,784
2018-06-04 21:55:07,651,443,76,445,465,781,784
2018-06-04 21:55:08,658,444,76,445,465,781,784
2018-06-04 21:55:09,665,445,76,446,465,781,784
2018-06-04 21:55:10,675,446,76,446,465,781,784
2018-06-04 21:55:11,676,447,76,447,465,781,784
2018-06-04 21:55:12,686,448,76,447,466,781,784
2018-06-04 21:55:13,693,449,76,447,466,781,784
2018-06-04 21:55:14,700,450,76,448,466,781,784
2018-06-04 21:55:15,711,451,76,448,466,781,784
2018-06-04 21:55:16,721,452,76,449,466,781,784
2018-06-04 21:55:17,730,453,76,449,466,781,784
2018-06-04 21:55:18,741,454,76,449,466,781,784
2018-06-04 21:55:19,748,455,76,450,466,781,784
2018-06-04 21:55:20,755,456,76,450,466,781,784
2018-06-04 21:55:21,759,457,76,450,466,781,783
2018-06-04 21:55:22,769,458,76,451,466,781,783
2018-06-04 21:55:23,779,459,76,451,467,781,784
2018-06-04 21:55:24,789,460,76,452,467,781,784
2018-06-04 21:55:25,799,461,76,452,467,781,784
2018-06-04 21:55:26,808,462,76,453,468,781,784
2018-06-04 21:55:27,816,463,76,453,468,781,784
2018-06-04 21:55:28,823,464,76,453,468,781,784
2018-06-04 21:55:29,831,465,76,454,468,781,784
2018-06-04 21:55:30,841,466,76,454,468,781,784
2018-06-04 21:55:31,848,467,76,454,469,781,784
2018-06-04 21:55:32,858,468,76,455,469,781,784
2018-06-04 21:55:33,868,469,76,455,469,781,784
2018-06-04 21:55:34,875,470,76,456,470,781,784
2018-06-04 21:55:35,885,471,76,456,470,781,784
2018-06-04 21:55:36,892,472,76,456,470,781,783
2018-06-04 21:55:37,902,473,76,457,470,781,784
2018-06-04 21:55:38,910,474,76,457,470,781,784
2018-06-04 21:55:39,919,476,76,457,470,781,783
2018-06-04 21:55:40,920,477,76,458,470,781,784
2018-06-04 21:55:41,931,478,76,458,470,781,783
2018-06-04 21:55:42,941,479,76,459,471,781,784
2018-06-04 21:55:43,951,480,76,459,470,781,783
2018-06-04 21:55:44,956,481,76,459,470,781,783
2018-06-04 21:55:45,965,482,76,460,469,781,783
2018-06-04 21:55:46,972,483,76,460,470,781,783
2018-06-04 21:55:47,979,484,76,460,470,781,783
2018-06-04 21:55:48,989,485,76,461,470,781,783
2018-06-04 21:55:49,994,486,76,461,470,781,783
2018-06-04 21:55:51,001,487,76,462,471,781,783
2018-06-04 21:55:52,011,488,76,462,471,781,784
2018-06-04 21:55:53,018,489,76,462,471,781,783
2018-06-04 21:55:54,028,490,76,463,470,781,783
2018-06-04 21:55:55,038,491,76,463,470,781,783
2018-06-04 21:55:56,047,492,76,464,470,781,783
2018-06-04 21:55:57,058,493,76,464,470,781,783
2018-06-04 21:55:58,068,494,76,464,470,781,783
2018-06-04 21:55:59,078,495,76,465,470,781,783
2018-06-04 21:56:00,088,496,76,465,470,781,783
2018-06-04 21:56:01,098,497,76,465,470,781,783
2018-06-04 21:56:02,106,498,76,466,469,781,783
2018-06-04 21:56:03,113,499,76,466,469,781,783
2018-06-04 21:56:04,123,500,76,467,470,781,783
2018-06-04 21:56:05,132,501,76,467,470,781,783
2018-06-04 21:56:06,142,502,76,467,470,781,783
2018-06-04 21:56:07,150,503,76,468,470,781,783
2018-06-04 21:56:08,160,504,76,468,470,781,783
2018-06-04 21:56:09,167,505,76,468,469,781,783
2018-06-04 21:56:10,177,506,76,469,469,781,784
2018-06-04 21:56:11,187,507,76,469,469,781,783
2018-06-04 21:56:12,197,508,76,469,470,781,783
2018-06-04 21:56:13,207,509,76,470,470,781,783
2018-06-04 21:56:14,217,510,76,470,471,781,783
2018-06-04 21:56:15,221,511,76,471,471,781,783
2018-06-04 21:56:16,228,512,76,471,472,781,783
2018-06-04 21:56:17,238,513,76,471,472,781,783
2018-06-04 21:56:18,243,514,76,472,472,781,783
2018-06-04 21:56:19,250,515,76,472,473,781,783
2018-06-04 21:56:20,260,516,76,472,473,781,783
2018-06-04 21:56:21,268,517,76,473,473,781,783
2018-06-04 21:56:22,277,518,76,473,474,781,783
2018-06-04 21:56:23,285,519,76,473,474,781,783
2018-06-04 21:56:24,294,520,76,474,474,781,783
2018-06-04 21:56:25,304,521,76,474,474,781,783
2018-06-04 21:56:26,314,522,76,475,474,781,783
2018-06-04 21:56:27,322,523,76,475,475,781,783
2018-06-04 21:56:28,331,524,76,475,475,781,783
2018-06-04 21:56:29,333,525,76,476,475,781,783
2018-06-04 21:56:30,340,526,76,476,475,781,783
2018-06-04 21:56:31,347,527,76,476,476,781,783
2018-06-04 21:56:32,357,528,76,477,476,781,783
2018-06-04 21:56:33,364,529,76,477,476,781,783
2018-06-04 21:56:34,374,530,76,478,476,781,783
2018-06-04 21:56:35,381,531,76,478,477,781,783
2018-06-04 21:56:36,383,532,76,478,477,781,783
2018-06-04 21:56:37,390,533,76,479,477,781,783
2018-06-04 21:56:38,400,534,76,479,477,781,783
2018-06-04 21:56:39,407,535,76,480,477,781,783
2018-06-04 21:56:40,414,536,76,480,477,781,783
2018-06-04 21:56:41,424,537,76,480,478,781,783
2018-06-04 21:56:42,431,538,76,481,478,781,783
2018-06-04 21:56:43,441,539,76,481,478,781,783
2018-06-04 21:56:44,443,540,76,481,478,781,783
2018-06-04 21:56:45,453,541,76,482,478,781,783
2018-06-04 21:56:46,463,542,76,482,478,781,783
2018-06-04 21:56:47,470,543,76,482,478,781,783
2018-06-04 21:56:48,474,544,76,483,478,781,783
2018-06-04 21:56:49,484,545,76,483,479,781,783
2018-06-04 21:56:50,493,546,76,483,479,781,783
2018-06-04 21:56:51,499,547,76,484,479,781,783
2018-06-04 21:56:52,504,548,76,484,479,781,783
2018-06-04 21:56:53,512,549,76,484,480,781,783
2018-06-04 21:56:54,513,550,76,485,480,781,783
2018-06-04 21:56:55,521,551,76,485,480,781,783
2018-06-04 21:56:56,524,552,76,486,481,781,783
2018-06-04 21:56:57,529,553,76,486,481,781,783
2018-06-04 21:56:58,534,554,76,486,481,781,783
2018-06-04 21:56:59,535,555,76,487,481,781,783
2018-06-04 21:57:00,545,556,76,487,481,781,783
2018-06-04 21:57:01,555,557,76,487,481,781,783
2018-06-04 21:57:02,565,558,76,488,482,781,783
2018-06-04 21:57:03,575,559,76,488,482,781,783
2018-06-04 21:57:04,585,560,76,489,482,781,783
2018-06-04 21:57:05,595,561,76,489,481,781,783
2018-06-04 21:57:06,604,562,76,489,481,781,783
2018-06-04 21:57:07,607,563,76,490,481,781,783
2018-06-04 21:57:08,617,564,76,490,481,781,783
2018-06-04 21:57:09,627,565,76,491,481,781,783
2018-06-04 21:57:10,637,566,76,491,482,781,783
2018-06-04 21:57:11,641,567,76,491,482,781,783
2018-06-04 21:57:12,648,568,76,492,482,781,783
2018-06-04 21:57:13,654,569,76,492,481,781,783
2018-06-04 21:57:14,662,570,76,492,481,781,783
2018-06-04 21:57:15,672,571,76,493,480,781,783
2018-06-04 21:57:16,682,572,76,493,480,781,783
2018-06-04 21:57:17,683,573,76,493,481,781,783
2018-06-04 21:57:18,691,574,76,494,481,781,783
2018-06-04 21:57:19,698,575,76,494,482,781,783
2018-06-04 21:57:20,708,576,77,494,482,781,783
2018-06-04 21:57:21,718,577,76,495,482,781,783
2018-06-04 21:57:22,727,578,76,495,482,781,783
2018-06-04 21:57:23,732,579,76,495,482,781,783
2018-06-04 21:57:24,742,580,76,496,482,781,783
2018-06-04 21:57:25,752,581,77,496,482,781,783
2018-06-04 21:57:26,763,582,77,496,482,781,783
2018-06-04 21:57:27,773,583,77,497,482,781,783
2018-06-04 21:57:28,782,584,76,497,483,781,783
2018-06-04 21:57:29,787,585,77,497,483,781,783
2018-06-04 21:57:30,797,586,77,498,484,781,783
2018-06-04 21:57:31,803,587,77,498,484,781,783
2018-06-04 21:57:32,811,588,77,499,484,781,783
2018-06-04 21:57:33,818,589,77,499,485,781,783
2018-06-04 21:57:34,825,590,77,499,485,781,783
2018-06-04 21:57:35,835,591,77,499,485,781,783
2018-06-04 21:57:36,843,592,77,500,486,781,783
2018-06-04 21:57:37,850,593,77,500,486,781,783
2018-06-04 21:57:38,854,594,77,500,487,781,783
2018-06-04 21:57:39,864,595,77,501,487,781,783
2018-06-04 21:57:40,874,596,77,501,487,781,783
2018-06-04 21:57:41,884,597,77,501,488,781,783
2018-06-04 21:57:42,894,598,77,501,488,781,783
2018-06-04 21:57:43,896,599,77,502,488,781,783
2018-06-04 21:57:44,906,600,77,502,488,781,783
2018-06-04 21:57:45,915,601,77,502,488,781,783
2018-06-04 21:57:46,926,603,77,503,489,781,783
2018-06-04 21:57:47,935,604,77,503,489,781,783
2018-06-04 21:57:48,937,605,77,503,489,781,783
2018-06-04 21:57:49,947,606,77,504,489,781,783
2018-06-04 21:57:50,951,607,77,504,489,781,783
2018-06-04 21:57:51,953,608,77,504,489,781,783
2018-06-04 21:57:52,953,609,77,505,490,781,783
2018-06-04 21:57:53,958,610,77,505,490,781,783
2018-06-04 21:57:54,963,611,77,505,490,781,783
2018-06-04 21:57:55,963,612,77,505,490,781,783
2018-06-04 21:57:56,965,613,77,506,490,781,783
2018-06-04 21:57:57,975,614,77,506,491,781,783
2018-06-04 21:57:58,985,615,77,506,491,781,783
2018-06-04 21:57:59,992,616,77,507,491,781,783
2018-06-04 21:58:01,002,617,77,507,491,781,783
2018-06-04 21:58:02,012,618,77,507,491,781,783
2018-06-04 21:58:03,019,619,77,508,491,781,783
2018-06-04 21:58:04,030,620,77,508,491,781,783
2018-06-04 21:58:05,039,621,77,508,491,781,783
2018-06-04 21:58:06,047,622,77,508,491,781,783
2018-06-04 21:58:07,053,623,77,509,491,781,783
2018-06-04 21:58:08,064,624,77,509,491,781,783
2018-06-04 21:58:09,073,625,77,509,491,781,783
2018-06-04 21:58:10,082,626,77,510,491,781,783
2018-06-04 21:58:11,092,627,77,510,491,781,783
2018-06-04 21:58:12,098,628,77,510,492,781,783
2018-06-04 21:58:13,099,629,77,510,492,781,783
2018-06-04 21:58:14,107,630,77,511,492,781,783
2018-06-04 21:58:15,116,631,77,511,492,781,783
2018-06-04 21:58:16,126,632,77,511,492,781,783
2018-06-04 21:58:17,134,633,77,511,492,781,783
2018-06-04 21:58:18,144,634,77,512,493,781,783
2018-06-04 21:58:19,154,635,77,512,492,781,783
2018-06-04 21:58:20,162,636,77,512,493,781,783
2018-06-04 21:58:21,171,637,77,512,492,781,783
2018-06-04 21:58:22,172,638,77,512,492,781,783
2018-06-04 21:58:23,179,639,77,513,492,781,783
2018-06-04 21:58:24,187,640,77,513,492,781,783
2018-06-04 21:58:25,197,641,77,513,492,781,783
2018-06-04 21:58:26,205,642,77,513,492,781,783
2018-06-04 21:58:27,214,643,77,514,491,781,783
2018-06-04 21:58:28,224,644,77,514,491,781,783
2018-06-04 21:58:29,231,645,77,514,490,781,783
2018-06-04 21:58:30,232,646,77,514,490,781,783
2018-06-04 21:58:31,242,647,77,514,489,781,783
2018-06-04 21:58:32,252,648,77,515,489,781,783
2018-06-04 21:58:33,262,649,77,515,488,781,783
2018-06-04 21:58:34,272,650,77,515,487,781,783
2018-06-04 21:58:35,282,651,77,515,486,781,783
2018-06-04 21:58:36,292,652,77,515,485,781,783
2018-06-04 21:58:37,302,653,77,516,484,781,783
2018-06-04 21:58:38,312,654,77,516,483,781,783
2018-06-04 21:58:39,314,655,77,516,482,781,783
2018-06-04 21:58:40,321,656,77,516,481,781,783
2018-06-04 21:58:41,331,657,77,516,480,781,783
2018-06-04 21:58:42,341,658,77,516,478,781,783
2018-06-04 21:58:43,351,659,77,517,477,781,783
2018-06-04 21:58:44,358,660,77,517,476,781,783
2018-06-04 21:58:45,368,661,77,517,475,781,783
2018-06-04 21:58:46,375,662,77,517,474,781,783
2018-06-04 21:58:47,385,663,77,517,473,781,783
2018-06-04 21:58:48,393,664,77,518,472,781,783
2018-06-04 21:58:49,403,665,77,518,471,781,783
2018-06-04 21:58:50,413,666,77,518,471,781,783
2018-06-04 21:58:51,420,667,77,518,470,781,783
2018-06-04 21:58:52,427,668,77,518,469,781,783
2018-06-04 21:58:53,437,669,77,518,468,781,783
2018-06-04 21:58:54,441,670,77,519,468,781,783
2018-06-04 21:58:55,446,671,77,519,467,781,783
2018-06-04 21:58:56,455,672,77,519,466,781,783
2018-06-04 21:58:57,465,673,77,519,466,781,783
2018-06-04 21:58:58,476,674,77,519,466,781,783
2018-06-04 21:58:59,482,675,77,519,465,781,783
2018-06-04 21:59:00,483,676,77,520,465,781,783
2018-06-04 21:59:01,484,677,77,520,464,781,783
2018-06-04 21:59:02,487,678,77,520,464,781,783
2018-06-04 21:59:03,488,679,77,520,463,781,783
2018-06-04 21:59:04,489,680,77,520,463,781,783
2018-06-04 21:59:05,492,681,77,520,462,781,783
2018-06-04 21:59:06,494,682,77,520,462,781,783
2018-06-04 21:59:07,496,683,77,520,461,781,783
2018-06-04 21:59:08,498,684,77,520,461,781,783
2018-06-04 21:59:09,499,685,77,521,460,781,783
2018-06-04 21:59:10,500,686,77,521,460,781,783
2018-06-04 21:59:11,504,687,77,521,460,781,783
2018-06-04 21:59:12,505,688,77,521,459,781,783
2018-06-04 21:59:13,508,689,77,521,459,781,783
2018-06-04 21:59:14,510,690,77,521,459,781,783
2018-06-04 21:59:15,511,691,77,521,459,781,783
2018-06-04 21:59:16,514,692,77,521,458,781,783
2018-06-04 21:59:17,515,693,77,522,458,781,783
2018-06-04 21:59:18,517,694,77,522,458,781,783
2018-06-04 21:59:19,520,695,77,522,458,781,783
2018-06-04 21:59:20,522,696,77,522,458,781,783
2018-06-04 21:59:21,525,697,77,522,458,781,783
2018-06-04 21:59:22,526,698,77,522,457,781,783
2018-06-04 21:59:23,529,699,77,522,456,781,783
2018-06-04 21:59:24,532,700,77,522,455,781,783
2018-06-04 21:59:25,532,701,77,522,454,781,783
2018-06-04 21:59:26,536,702,77,522,454,781,783
2018-06-04 21:59:27,537,703,77,522,454,781,783
2018-06-04 21:59:28,540,704,77,522,454,781,783
2018-06-04 21:59:29,541,705,77,522,454,781,783
2018-06-04 21:59:30,544,706,77,523,455,781,783
2018-06-04 21:59:31,545,707,77,523,456,781,783
2018-06-04 21:59:32,547,708,77,523,456,781,783
2018-06-04 21:59:33,548,709,77,523,457,781,783
2018-06-04 21:59:34,549,710,77,523,457,781,783
2018-06-04 21:59:35,551,711,77,523,458,781,783
2018-06-04 21:59:36,552,712,77,523,459,781,783
2018-06-04 21:59:37,553,713,77,523,459,781,783
2018-06-04 21:59:38,554,714,77,523,459,781,783
2018-06-04 21:59:39,556,715,77,523,459,781,783
2018-06-04 21:59:40,557,716,77,523,460,781,783
2018-06-04 21:59:41,559,717,77,523,460,781,783
2018-06-04 21:59:42,562,718,77,524,460,781,783
2018-06-04 21:59:43,562,719,77,524,460,781,783
2018-06-04 21:59:44,566,720,77,524,460,781,783
2018-06-04 21:59:45,567,721,77,524,460,781,783
2018-06-04 21:59:46,568,722,77,524,461,781,783
2018-06-04 21:59:47,569,723,77,524,461,781,783
2018-06-04 21:59:48,571,724,77,524,462,781,783
2018-06-04 21:59:50,666,726,77,524,462,781,783
2018-06-04 21:59:51,667,727,77,524,462,781,783
2018-06-04 21:59:52,671,728,77,524,462,781,783
2018-06-04 21:59:53,673,729,77,524,462,781,783
2018-06-04 21:59:54,677,730,77,524,462,781,783
2018-06-04 21:59:55,678,731,77,524,462,781,783
2018-06-04 21:59:56,680,732,77,524,462,781,783
2018-06-04 21:59:57,685,733,77,524,462,781,783
2018-06-04 21:59:58,687,734,77,525,462,781,783
2018-06-04 21:59:59,689,735,77,525,462,781,783
2018-06-04 22:00:00,694,736,77,525,462,781,783
2018-06-04 22:00:01,696,737,77,525,462,781,783
2018-06-04 22:00:02,698,738,77,525,462,781,783
2018-06-04 22:00:03,700,739,77,525,462,781,783
2018-06-04 22:00:04,701,740,77,525,462,781,783
2018-06-04 22:00:05,702,741,77,525,461,781,783
2018-06-04 22:00:06,704,742,77,525,462,781,783
2018-06-04 22:00:07,705,743,77,525,462,781,783
2018-06-04 22:00:08,706,744,77,525,462,781,783
2018-06-04 22:00:09,708,745,77,525,462,781,783
2018-06-04 22:00:10,710,746,77,526,462,781,783
2018-06-04 22:00:11,711,747,77,526,462,781,783
2018-06-04 22:00:12,714,748,77,526,462,781,783
2018-06-04 22:00:13,717,749,77,526,462,781,783
2018-06-04 22:00:14,720,750,77,526,462,781,783
2018-06-04 22:00:15,722,751,77,526,462,781,783
2018-06-04 22:00:16,723,752,77,526,462,781,783
2018-06-04 22:00:17,725,753,77,526,461,781,783
2018-06-04 22:00:18,726,754,77,526,462,781,783
2018-06-04 22:00:19,729,755,77,526,462,781,783
2018-06-04 22:00:20,732,756,77,526,462,781,783
2018-06-04 22:00:21,733,757,77,527,462,781,783
2018-06-04 22:00:22,734,758,77,527,461,781,783
2018-06-04 22:00:23,737,759,77,527,461,781,783
2018-06-04 22:00:24,740,760,77,527,460,781,783
2018-06-04 22:00:25,741,761,77,527,460,781,783
2018-06-04 22:00:26,743,762,77,527,460,781,783
2018-06-04 22:00:27,744,763,77,527,460,781,783
2018-06-04 22:00:28,746,764,77,527,460,781,783
2018-06-04 22:00:29,747,765,77,527,460,781,783
2018-06-04 22:00:30,748,766,77,527,460,781,783
2018-06-04 22:00:31,749,767,77,527,460,781,783
2018-06-04 22:00:32,751,768,77,527,460,781,783
2018-06-04 22:00:33,752,769,77,528,460,781,783
2018-06-04 22:00:34,755,770,77,528,459,781,783
2018-06-04 22:00:35,758,771,77,528,459,781,783
2018-06-04 22:00:36,760,772,77,528,459,781,783
2018-06-04 22:00:37,762,773,77,528,459,781,783
2018-06-04 22:00:38,763,774,77,528,459,781,783
2018-06-04 22:00:39,764,775,77,528,459,781,783
2018-06-04 22:00:40,767,776,77,528,459,781,783
2018-06-04 22:00:41,770,777,77,528,459,781,783
2018-06-04 22:00:42,772,778,77,528,459,781,783
2018-06-04 22:00:43,773,779,77,528,459,781,783
2018-06-04 22:00:44,774,780,77,528,458,781,783
2018-06-04 22:00:45,775,781,77,528,457,781,783
2018-06-04 22:00:46,775,782,77,527,457,781,783
2018-06-04 22:00:47,779,783,77,526,456,781,783
2018-06-04 22:00:48,781,784,77,524,455,781,783
2018-06-04 22:00:49,782,785,77,522,454,781,783
2018-06-04 22:00:50,783,786,77,519,452,781,783
2018-06-04 22:00:51,785,787,77,517,449,781,783
2018-06-04 22:00:52,789,788,77,515,446,781,783
2018-06-04 22:00:53,790,789,77,512,444,781,783
2018-06-04 22:00:54,792,790,77,510,441,781,783
2018-06-04 22:00:55,793,791,77,510,441,781,783
2018-06-04 22:00:56,794,792,77,510,441,781,783
2018-06-04 22:00:57,796,793,77,511,442,781,783
2018-06-04 22:00:58,796,794,77,512,442,781,783
2018-06-04 22:00:59,799,795,78,512,443,781,783
2018-06-04 22:01:00,800,796,77,512,443,781,783
2018-06-04 22:01:01,801,797,78,513,443,781,783
2018-06-04 22:01:02,802,798,77,514,444,781,783
2018-06-04 22:01:03,803,799,78,515,444,781,783
2018-06-04 22:01:04,805,800,78,515,445,781,783
2018-06-04 22:01:05,809,801,78,516,446,781,783
2018-06-04 22:01:06,811,802,78,517,446,781,783
2018-06-04 22:01:07,812,803,78,517,446,781,783
2018-06-04 22:01:08,813,804,77,517,446,781,783
2018-06-04 22:01:09,815,805,77,517,447,781,783
2018-06-04 22:01:10,817,806,78,516,447,781,783
2018-06-04 22:01:11,819,807,77,516,447,781,783
