2016-06-05 20:16:16,782,coffee,datetime,ms,seconds,ambient_temp,thermocouple_0_temp,thermocouple_1_temp,thermocouple_2_temp,thermocouple_3_temp
2016-06-05 20:16:18,885,2,91,439,410,778,780
2016-06-05 20:16:19,887,3,91,433,405,778,780
2016-06-05 20:16:20,891,4,91,424,400,778,780
2016-06-05 20:16:21,892,5,91,415,395,778,780
2016-06-05 20:16:22,892,6,91,405,389,778,780
2016-06-05 20:16:23,897,7,91,396,385,778,780
2016-06-05 20:16:24,902,8,91,388,382,778,780
2016-06-05 20:16:25,906,9,91,379,380,778,780
2016-06-05 20:16:26,912,10,91,371,378,778,780
2016-06-05 20:16:27,915,11,91,363,377,778,780
2016-06-05 20:16:28,921,12,91,356,375,778,780
2016-06-05 20:16:29,926,13,91,348,374,778,780
2016-06-05 20:16:30,930,14,91,342,373,778,780
2016-06-05 20:16:31,932,15,91,335,371,778,780
2016-06-05 20:16:32,934,16,91,329,370,778,780
2016-06-05 20:16:33,934,17,91,323,369,778,780
2016-06-05 20:16:34,939,18,91,317,368,778,780
2016-06-05 20:16:35,942,19,91,312,367,778,780
2016-06-05 20:16:36,948,20,91,307,366,778,780
2016-06-05 20:16:37,949,21,91,302,366,778,780
2016-06-05 20:16:38,954,22,91,297,365,778,780
2016-06-05 20:16:39,961,23,91,292,364,778,780
2016-06-05 20:16:40,964,24,91,288,363,778,780
2016-06-05 20:16:41,967,25,91,284,362,778,780
2016-06-05 20:16:42,973,26,91,281,361,778,780
2016-06-05 20:16:43,974,27,91,277,361,778,780
2016-06-05 20:16:44,974,28,91,273,360,778,780
2016-06-05 20:16:45,980,29,91,269,360,777,780
2016-06-05 20:16:46,981,30,91,266,359,777,780
2016-06-05 20:16:47,983,31,91,263,359,777,780
2016-06-05 20:16:48,986,32,91,260,358,778,780
2016-06-05 20:16:49,992,33,91,257,357,778,780
2016-06-05 20:16:50,995,34,91,254,357,777,780
2016-06-05 20:16:52,000,35,91,252,357,778,780
2016-06-05 20:16:53,003,36,91,250,356,778,780
2016-06-05 20:16:54,007,37,91,247,356,778,780
2016-06-05 20:16:55,012,38,91,245,356,778,780
2016-06-05 20:16:56,014,39,91,243,356,778,780
2016-06-05 20:16:57,016,40,91,241,355,778,780
2016-06-05 20:16:58,022,41,91,239,355,777,780
2016-06-05 20:16:59,023,42,91,238,355,778,780
2016-06-05 20:17:00,028,43,91,236,355,777,780
2016-06-05 20:17:01,030,44,91,234,355,778,780
2016-06-05 20:17:02,035,45,91,233,355,778,780
2016-06-05 20:17:03,038,46,91,231,354,778,780
2016-06-05 20:17:04,044,47,91,230,354,778,780
2016-06-05 20:17:05,048,48,91,229,354,778,780
2016-06-05 20:17:06,052,49,91,227,354,777,780
2016-06-05 20:17:07,053,50,91,226,354,778,780
2016-06-05 20:17:08,059,51,91,225,353,778,780
2016-06-05 20:17:09,065,52,91,224,353,778,780
2016-06-05 20:17:10,070,53,91,224,353,778,780
2016-06-05 20:17:11,073,54,91,223,353,778,780
2016-06-05 20:17:12,078,55,91,222,353,778,780
2016-06-05 20:17:13,082,56,91,222,353,778,780
2016-06-05 20:17:14,087,57,91,221,353,778,780
2016-06-05 20:17:15,089,58,91,220,353,778,780
2016-06-05 20:17:16,096,59,91,220,353,778,780
2016-06-05 20:17:17,100,60,91,219,353,778,780
2016-06-05 20:17:18,104,61,91,219,353,778,780
2016-06-05 20:17:19,105,62,91,219,353,778,780
2016-06-05 20:17:20,110,63,91,218,353,778,780
2016-06-05 20:17:21,115,64,91,218,353,777,780
2016-06-05 20:17:22,121,65,91,218,353,778,780
2016-06-05 20:17:23,127,66,91,217,353,778,780
2016-06-05 20:17:24,130,67,91,217,353,778,780
2016-06-05 20:17:25,131,68,91,217,353,778,780
2016-06-05 20:17:26,133,69,91,217,353,777,780
2016-06-05 20:17:27,136,70,91,217,353,778,780
2016-06-05 20:17:28,141,71,91,217,353,777,780
2016-06-05 20:17:29,145,72,91,217,353,777,780
2016-06-05 20:17:30,147,73,91,217,353,778,780
2016-06-05 20:17:31,153,74,91,217,353,778,780
2016-06-05 20:17:32,157,75,91,218,353,778,780
2016-06-05 20:17:33,162,76,91,218,353,778,780
2016-06-05 20:17:34,166,77,91,218,353,778,780
2016-06-05 20:17:35,170,78,91,218,353,778,780
2016-06-05 20:17:36,176,79,91,218,353,778,780
2016-06-05 20:17:37,181,80,91,218,353,778,780
2016-06-05 20:17:38,184,81,91,219,354,778,780
2016-06-05 20:17:39,187,82,91,219,354,778,780
2016-06-05 20:17:40,192,83,91,219,354,777,780
2016-06-05 20:17:41,197,84,91,219,354,777,780
2016-06-05 20:17:42,200,85,91,220,354,778,780
2016-06-05 20:17:43,206,86,91,220,354,777,780
2016-06-05 20:17:44,210,87,91,220,354,777,779
2016-06-05 20:17:45,213,88,91,221,354,778,780
2016-06-05 20:17:46,216,89,91,221,354,778,780
2016-06-05 20:17:47,221,90,91,222,354,777,780
2016-06-05 20:17:48,227,91,91,222,355,778,780
2016-06-05 20:17:49,233,92,91,223,355,778,780
2016-06-05 20:17:50,234,93,91,223,356,778,780
2016-06-05 20:17:51,238,94,91,224,357,778,780
2016-06-05 20:17:52,244,95,91,224,358,778,780
2016-06-05 20:17:53,247,96,91,225,358,778,780
2016-06-05 20:17:54,249,97,91,225,359,778,780
2016-06-05 20:17:55,255,98,91,226,360,778,780
2016-06-05 20:17:56,258,99,91,226,360,778,780
2016-06-05 20:17:57,263,100,91,227,361,778,780
2016-06-05 20:17:58,268,101,91,227,362,778,780
2016-06-05 20:17:59,272,102,91,228,362,777,780
2016-06-05 20:18:00,275,103,91,229,363,778,780
2016-06-05 20:18:01,281,104,91,229,363,778,780
2016-06-05 20:18:02,287,105,91,230,364,778,780
2016-06-05 20:18:03,289,106,91,230,364,778,780
2016-06-05 20:18:04,294,107,91,231,365,778,780
2016-06-05 20:18:05,298,108,91,231,366,777,780
2016-06-05 20:18:06,302,109,91,232,366,778,780
2016-06-05 20:18:07,306,110,91,233,367,778,780
2016-06-05 20:18:08,312,111,91,234,367,778,780
2016-06-05 20:18:09,315,112,91,234,368,778,780
2016-06-05 20:18:10,319,113,91,235,368,778,780
2016-06-05 20:18:11,323,114,91,235,369,778,780
2016-06-05 20:18:12,329,115,91,236,369,778,780
2016-06-05 20:18:13,332,116,91,237,370,778,780
2016-06-05 20:18:14,335,117,91,238,370,778,780
2016-06-05 20:18:15,340,118,91,238,371,778,780
2016-06-05 20:18:16,342,119,91,239,371,778,780
2016-06-05 20:18:17,345,120,91,239,372,777,780
2016-06-05 20:18:18,347,121,91,240,372,778,780
2016-06-05 20:18:19,353,122,91,241,373,778,780
2016-06-05 20:18:20,355,123,91,242,373,777,780
2016-06-05 20:18:21,357,124,91,242,374,778,780
2016-06-05 20:18:22,360,125,91,243,374,778,780
2016-06-05 20:18:23,362,126,91,244,375,777,780
2016-06-05 20:18:24,364,127,91,245,375,778,780
2016-06-05 20:18:25,366,128,91,245,376,777,780
2016-06-05 20:18:26,368,129,91,246,376,778,780
2016-06-05 20:18:27,370,130,91,247,376,777,780
2016-06-05 20:18:28,371,131,91,247,377,778,780
2016-06-05 20:18:29,376,132,91,248,377,778,780
2016-06-05 20:18:30,381,133,91,249,377,777,780
2016-06-05 20:18:31,384,134,91,250,378,778,780
2016-06-05 20:18:32,385,135,91,250,378,778,780
2016-06-05 20:18:33,391,136,91,251,378,777,780
2016-06-05 20:18:34,396,137,91,252,379,777,780
2016-06-05 20:18:35,401,138,91,252,379,777,780
2016-06-05 20:18:36,404,139,91,253,380,778,780
2016-06-05 20:18:37,409,140,91,254,380,778,780
2016-06-05 20:18:38,413,141,91,255,380,778,780
2016-06-05 20:18:39,418,142,91,256,381,778,780
2016-06-05 20:18:40,423,143,91,256,381,777,780
2016-06-05 20:18:41,427,144,91,257,382,778,780
2016-06-05 20:18:42,428,145,91,258,382,778,780
2016-06-05 20:18:43,429,146,91,259,382,778,780
2016-06-05 20:18:44,433,147,91,259,383,778,780
2016-06-05 20:18:45,436,148,91,260,383,778,780
2016-06-05 20:18:46,438,149,91,261,384,778,780
2016-06-05 20:18:47,441,150,91,261,384,777,780
2016-06-05 20:18:48,442,151,91,262,384,778,780
2016-06-05 20:18:49,444,152,91,263,384,777,780
2016-06-05 20:18:50,447,153,91,264,385,778,780
2016-06-05 20:18:51,448,154,91,265,385,777,780
2016-06-05 20:18:52,453,155,91,265,385,778,780
2016-06-05 20:18:53,454,156,91,266,386,778,780
2016-06-05 20:18:54,459,157,91,267,386,777,780
2016-06-05 20:18:55,463,158,91,267,386,777,780
2016-06-05 20:18:56,466,159,91,268,386,778,780
2016-06-05 20:18:57,471,160,91,269,387,778,780
2016-06-05 20:18:58,473,161,91,270,387,777,779
2016-06-05 20:18:59,480,162,91,271,388,778,780
2016-06-05 20:19:00,486,163,91,271,388,777,780
2016-06-05 20:19:01,488,164,91,272,388,777,780
2016-06-05 20:19:02,495,165,91,273,388,778,779
2016-06-05 20:19:03,501,166,91,274,388,778,780
2016-06-05 20:19:04,506,167,91,274,389,778,780
2016-06-05 20:19:05,508,168,91,275,389,778,780
2016-06-05 20:19:06,511,169,91,276,390,778,780
2016-06-05 20:19:07,514,170,91,277,390,778,780
2016-06-05 20:19:08,517,171,91,278,390,777,780
2016-06-05 20:19:09,522,172,91,278,390,778,780
2016-06-05 20:19:10,527,173,91,279,391,778,780
2016-06-05 20:19:11,531,174,91,280,391,778,780
2016-06-05 20:19:12,537,175,91,281,391,777,780
2016-06-05 20:19:13,539,176,91,281,392,778,780
2016-06-05 20:19:14,540,177,91,282,392,778,780
2016-06-05 20:19:15,546,178,91,283,392,777,780
2016-06-05 20:19:16,546,179,91,283,392,777,780
2016-06-05 20:19:17,552,180,91,284,393,777,780
2016-06-05 20:19:18,554,181,91,285,393,778,780
2016-06-05 20:19:19,557,182,91,286,393,778,780
2016-06-05 20:19:20,562,183,91,286,394,777,780
2016-06-05 20:19:21,563,184,91,287,394,778,780
2016-06-05 20:19:22,564,185,91,288,394,777,780
2016-06-05 20:19:23,570,186,91,289,394,778,780
2016-06-05 20:19:24,573,187,91,289,395,778,780
2016-06-05 20:19:25,578,188,91,290,395,777,780
2016-06-05 20:19:26,583,189,91,291,395,778,780
2016-06-05 20:19:27,587,190,91,292,396,777,780
2016-06-05 20:19:28,594,191,91,292,396,777,780
2016-06-05 20:19:29,597,192,91,293,396,777,780
2016-06-05 20:19:30,599,193,91,294,396,778,780
2016-06-05 20:19:31,604,194,91,295,397,777,780
2016-06-05 20:19:32,608,195,91,295,397,777,780
2016-06-05 20:19:33,612,196,91,296,397,777,780
2016-06-05 20:19:34,614,197,91,297,397,778,780
2016-06-05 20:19:35,616,198,91,298,397,778,780
2016-06-05 20:19:36,619,199,91,298,398,777,779
2016-06-05 20:19:37,623,200,91,299,398,778,780
2016-06-05 20:19:38,629,201,91,300,398,777,780
2016-06-05 20:19:39,629,202,91,301,399,777,780
2016-06-05 20:19:40,633,203,91,301,399,778,780
2016-06-05 20:19:41,635,204,91,302,399,778,780
2016-06-05 20:19:42,636,205,91,303,399,778,780
2016-06-05 20:19:43,642,206,91,303,399,777,780
2016-06-05 20:19:44,644,207,91,304,400,777,780
2016-06-05 20:19:45,645,208,91,305,400,777,779
2016-06-05 20:19:46,650,209,91,305,400,778,780
2016-06-05 20:19:47,654,210,91,306,400,778,780
2016-06-05 20:19:48,659,211,91,307,400,778,780
2016-06-05 20:19:49,662,212,91,308,401,778,780
2016-06-05 20:19:50,667,213,91,308,401,778,780
2016-06-05 20:19:51,671,214,91,309,401,778,780
2016-06-05 20:19:52,676,215,91,310,401,778,780
2016-06-05 20:19:53,680,216,91,310,402,778,779
2016-06-05 20:19:54,684,217,91,311,402,778,779
2016-06-05 20:19:55,688,218,91,312,402,778,780
2016-06-05 20:19:56,694,219,91,313,402,777,779
2016-06-05 20:19:57,697,220,91,313,402,778,780
2016-06-05 20:19:58,701,221,91,314,403,777,779
2016-06-05 20:19:59,707,222,91,315,403,778,780
2016-06-05 20:20:00,710,223,91,315,403,778,779
2016-06-05 20:20:01,712,224,91,316,403,777,780
2016-06-05 20:20:02,713,225,91,317,404,778,779
2016-06-05 20:20:03,717,226,91,317,404,777,779
2016-06-05 20:20:04,720,227,91,318,404,777,779
2016-06-05 20:20:05,725,228,91,319,404,778,780
2016-06-05 20:20:06,726,229,91,319,405,778,780
2016-06-05 20:20:07,727,230,91,320,405,777,780
2016-06-05 20:20:08,732,231,91,321,405,778,780
2016-06-05 20:20:09,736,232,91,321,406,777,780
2016-06-05 20:20:10,740,233,91,322,406,777,779
2016-06-05 20:20:11,745,234,91,323,406,778,779
2016-06-05 20:20:12,749,235,91,323,406,777,779
2016-06-05 20:20:13,755,236,91,324,406,778,779
2016-06-05 20:20:14,757,237,91,325,406,777,779
2016-06-05 20:20:15,760,238,91,326,407,778,780
2016-06-05 20:20:16,766,239,91,326,407,778,780
2016-06-05 20:20:17,770,240,91,327,407,777,779
2016-06-05 20:20:18,774,241,91,328,408,777,779
2016-06-05 20:20:19,778,242,91,328,408,777,779
2016-06-05 20:20:20,778,243,91,329,408,777,779
2016-06-05 20:20:21,782,245,91,330,408,778,779
2016-06-05 20:20:22,784,246,91,330,409,778,780
2016-06-05 20:20:23,788,247,91,331,409,778,779
2016-06-05 20:20:24,790,248,91,332,409,777,780
2016-06-05 20:20:25,794,249,91,332,409,778,780
2016-06-05 20:20:26,797,250,91,333,409,778,780
2016-06-05 20:20:27,803,251,91,334,410,778,780
2016-06-05 20:20:28,808,252,91,334,410,778,780
2016-06-05 20:20:29,811,253,91,335,410,777,780
2016-06-05 20:20:30,813,254,91,336,410,777,779
2016-06-05 20:20:31,820,255,91,336,411,778,780
2016-06-05 20:20:32,822,256,91,337,411,778,780
2016-06-05 20:20:33,825,257,91,338,411,777,780
2016-06-05 20:20:34,830,258,91,338,411,777,780
2016-06-05 20:20:35,832,259,91,339,411,778,780
2016-06-05 20:20:36,834,260,91,339,412,777,779
2016-06-05 20:20:37,838,261,91,340,412,777,779
2016-06-05 20:20:38,840,262,91,341,412,777,780
2016-06-05 20:20:39,842,263,91,341,412,777,780
2016-06-05 20:20:40,844,264,91,342,413,777,779
2016-06-05 20:20:41,845,265,91,343,413,778,780
2016-06-05 20:20:42,851,266,91,343,413,777,780
2016-06-05 20:20:43,852,267,91,344,413,777,780
2016-06-05 20:20:44,858,268,91,344,413,778,780
2016-06-05 20:20:45,863,269,91,345,413,778,780
2016-06-05 20:20:46,866,270,91,345,414,777,780
2016-06-05 20:20:47,869,271,91,346,414,777,780
2016-06-05 20:20:48,874,272,91,347,414,778,780
2016-06-05 20:20:49,877,273,91,347,414,777,780
2016-06-05 20:20:50,881,274,91,348,414,777,779
2016-06-05 20:20:51,885,275,91,349,415,777,779
2016-06-05 20:20:52,887,276,91,349,415,778,780
2016-06-05 20:20:53,891,277,91,350,415,778,780
2016-06-05 20:20:54,896,278,91,350,415,778,780
2016-06-05 20:20:55,896,279,91,351,416,778,780
2016-06-05 20:20:56,901,280,91,352,416,777,780
2016-06-05 20:20:57,903,281,91,352,416,778,780
2016-06-05 20:20:58,905,282,91,353,417,777,780
2016-06-05 20:20:59,908,283,91,353,417,777,780
2016-06-05 20:21:00,912,284,91,354,417,777,780
2016-06-05 20:21:01,916,285,91,355,418,778,780
2016-06-05 20:21:02,917,286,91,355,418,777,780
2016-06-05 20:21:03,922,287,91,356,418,777,779
2016-06-05 20:21:04,923,288,91,356,418,777,779
2016-06-05 20:21:05,928,289,91,357,418,777,780
2016-06-05 20:21:06,932,290,91,358,418,777,779
2016-06-05 20:21:07,934,291,91,358,419,777,779
2016-06-05 20:21:08,937,292,91,359,419,777,780
2016-06-05 20:21:09,938,293,91,359,419,778,780
2016-06-05 20:21:10,941,294,91,360,419,777,780
2016-06-05 20:21:11,942,295,91,361,420,778,780
2016-06-05 20:21:12,945,296,91,361,420,777,780
2016-06-05 20:21:13,951,297,91,362,420,777,780
2016-06-05 20:21:14,954,298,91,362,420,777,780
2016-06-05 20:21:15,955,299,91,363,420,778,780
2016-06-05 20:21:16,961,300,91,363,420,777,780
2016-06-05 20:21:17,962,301,91,364,421,778,780
2016-06-05 20:21:18,967,302,91,365,421,777,780
2016-06-05 20:21:19,969,303,91,365,421,778,780
2016-06-05 20:21:20,973,304,91,366,421,778,780
2016-06-05 20:21:21,978,305,91,366,422,778,780
2016-06-05 20:21:22,979,306,91,367,422,778,780
2016-06-05 20:21:23,983,307,91,367,422,778,780
2016-06-05 20:21:24,985,308,91,368,423,777,780
2016-06-05 20:21:25,990,309,91,369,423,778,780
2016-06-05 20:21:26,994,310,91,369,423,778,780
2016-06-05 20:21:27,995,311,91,370,423,777,780
2016-06-05 20:21:29,000,312,91,370,423,778,780
2016-06-05 20:21:30,001,313,91,371,424,777,780
2016-06-05 20:21:31,004,314,91,371,424,778,780
2016-06-05 20:21:32,009,315,91,372,424,778,780
2016-06-05 20:21:33,009,316,91,372,424,777,780
2016-06-05 20:21:34,014,317,91,373,424,778,780
2016-06-05 20:21:35,015,318,91,374,424,777,780
2016-06-05 20:21:36,018,319,91,374,424,778,780
2016-06-05 20:21:37,019,320,91,375,424,777,779
2016-06-05 20:21:38,023,321,91,375,425,777,779
2016-06-05 20:21:39,025,322,91,376,425,777,780
2016-06-05 20:21:40,029,323,91,377,425,778,780
2016-06-05 20:21:41,035,324,91,377,425,778,780
2016-06-05 20:21:42,039,325,91,378,425,777,780
2016-06-05 20:21:43,044,326,91,378,425,777,780
2016-06-05 20:21:44,048,327,91,379,426,777,780
2016-06-05 20:21:45,054,328,91,379,426,778,780
2016-06-05 20:21:46,060,329,91,380,426,777,780
2016-06-05 20:21:47,060,330,91,380,426,778,780
2016-06-05 20:21:48,065,331,91,381,427,777,780
2016-06-05 20:21:49,066,332,91,381,427,778,780
2016-06-05 20:21:50,067,333,91,382,427,777,780
2016-06-05 20:21:51,072,334,91,382,428,777,780
2016-06-05 20:21:52,074,335,91,383,428,778,780
2016-06-05 20:21:53,075,336,91,383,428,777,780
2016-06-05 20:21:54,079,337,91,384,428,778,780
2016-06-05 20:21:55,083,338,91,385,428,777,780
2016-06-05 20:21:56,087,339,91,385,429,777,780
2016-06-05 20:21:57,092,340,91,386,429,777,780
2016-06-05 20:21:58,095,341,91,386,429,777,780
2016-06-05 20:21:59,101,342,91,387,430,777,780
2016-06-05 20:22:00,104,343,91,388,430,777,780
2016-06-05 20:22:01,108,344,91,388,430,777,780
2016-06-05 20:22:02,113,345,91,389,430,778,780
2016-06-05 20:22:03,115,346,91,389,430,778,780
2016-06-05 20:22:04,122,347,91,390,431,778,780
2016-06-05 20:22:05,127,348,91,390,431,777,780
2016-06-05 20:22:06,131,349,91,391,431,778,780
2016-06-05 20:22:07,138,350,91,391,431,778,780
2016-06-05 20:22:08,142,351,91,392,431,778,780
2016-06-05 20:22:09,143,352,91,392,431,778,780
2016-06-05 20:22:10,147,353,91,393,432,777,780
2016-06-05 20:22:11,150,354,91,393,432,777,780
2016-06-05 20:22:12,156,355,91,394,432,778,780
2016-06-05 20:22:13,158,356,91,394,432,778,780
2016-06-05 20:22:14,164,357,91,395,432,778,780
2016-06-05 20:22:15,166,358,91,395,432,778,780
2016-06-05 20:22:16,172,359,91,396,433,778,780
2016-06-05 20:22:17,177,360,91,397,433,778,780
2016-06-05 20:22:18,180,361,91,397,433,778,780
2016-06-05 20:22:19,181,362,91,398,433,777,780
2016-06-05 20:22:20,184,363,91,398,433,778,780
2016-06-05 20:22:21,187,364,91,399,433,777,780
2016-06-05 20:22:22,189,365,91,399,433,778,780
2016-06-05 20:22:23,194,366,91,400,433,778,780
2016-06-05 20:22:24,200,367,91,400,433,778,780
2016-06-05 20:22:25,205,368,91,401,434,778,780
2016-06-05 20:22:26,207,369,91,401,433,778,780
2016-06-05 20:22:27,213,370,91,402,434,778,780
2016-06-05 20:22:28,214,371,91,402,434,778,780
2016-06-05 20:22:29,216,372,91,403,434,778,780
2016-06-05 20:22:30,222,373,91,403,434,778,780
2016-06-05 20:22:31,227,374,91,404,434,777,780
2016-06-05 20:22:32,228,375,91,404,434,778,780
2016-06-05 20:22:33,229,376,91,405,434,778,780
2016-06-05 20:22:34,230,377,91,405,434,778,780
2016-06-05 20:22:35,235,378,91,406,435,777,780
2016-06-05 20:22:36,238,379,91,406,435,778,780
2016-06-05 20:22:37,244,380,91,407,435,778,780
2016-06-05 20:22:38,247,381,91,407,435,777,780
2016-06-05 20:22:39,252,382,91,408,435,778,780
2016-06-05 20:22:40,258,383,91,409,436,778,780
2016-06-05 20:22:41,260,384,91,409,436,778,780
2016-06-05 20:22:42,266,385,91,410,436,778,780
2016-06-05 20:22:43,271,386,91,410,436,778,780
2016-06-05 20:22:44,275,387,91,411,436,778,780
2016-06-05 20:22:45,277,388,91,411,436,778,780
2016-06-05 20:22:46,279,389,91,412,437,777,780
2016-06-05 20:22:47,284,390,91,412,437,778,780
2016-06-05 20:22:48,290,391,91,413,437,778,780
2016-06-05 20:22:49,295,392,91,413,437,778,780
2016-06-05 20:22:50,298,393,91,414,437,778,780
2016-06-05 20:22:51,303,394,91,414,437,778,780
2016-06-05 20:22:52,306,395,91,415,438,778,780
2016-06-05 20:22:53,312,396,91,415,438,778,780
2016-06-05 20:22:54,315,397,91,416,438,778,780
2016-06-05 20:22:55,320,398,91,416,438,777,780
2016-06-05 20:22:56,323,399,91,417,438,778,780
2016-06-05 20:22:57,329,400,91,417,438,778,780
2016-06-05 20:22:58,331,401,91,418,438,778,780
2016-06-05 20:22:59,337,402,91,418,439,778,780
2016-06-05 20:23:00,338,403,91,419,439,778,780
2016-06-05 20:23:01,339,404,91,419,439,778,780
2016-06-05 20:23:02,343,405,91,420,439,778,780
2016-06-05 20:23:03,348,406,91,420,440,778,780
2016-06-05 20:23:04,354,407,91,421,440,778,780
2016-06-05 20:23:05,357,408,91,421,440,778,780
2016-06-05 20:23:06,361,409,91,422,440,778,780
2016-06-05 20:23:07,362,410,91,422,441,778,780
2016-06-05 20:23:08,363,411,91,423,441,778,780
2016-06-05 20:23:09,368,412,91,423,441,778,780
2016-06-05 20:23:10,371,413,91,424,441,778,780
2016-06-05 20:23:11,376,414,91,424,442,778,780
2016-06-05 20:23:12,382,415,91,425,442,778,780
2016-06-05 20:23:13,385,416,91,425,442,778,780
2016-06-05 20:23:14,388,417,91,426,442,778,780
2016-06-05 20:23:15,393,418,91,426,442,778,780
2016-06-05 20:23:16,395,419,91,427,442,778,780
2016-06-05 20:23:17,396,420,91,427,443,778,780
2016-06-05 20:23:18,400,421,91,428,443,778,780
2016-06-05 20:23:19,404,422,91,428,443,778,780
2016-06-05 20:23:20,409,423,91,429,443,778,780
2016-06-05 20:23:21,410,424,91,429,443,778,780
2016-06-05 20:23:22,415,425,91,430,444,778,780
2016-06-05 20:23:23,416,426,91,430,444,778,780
2016-06-05 20:23:24,421,427,91,430,444,778,780
2016-06-05 20:23:25,425,428,91,431,444,778,780
2016-06-05 20:23:26,426,429,91,431,444,778,780
2016-06-05 20:23:27,428,430,91,432,444,778,780
2016-06-05 20:23:28,431,431,91,432,445,778,780
2016-06-05 20:23:29,434,432,91,433,445,778,780
2016-06-05 20:23:30,439,433,91,433,445,778,780
2016-06-05 20:23:31,441,434,91,434,445,778,780
2016-06-05 20:23:32,442,435,91,434,446,778,780
2016-06-05 20:23:33,446,436,91,435,446,778,780
2016-06-05 20:23:34,451,437,91,435,446,778,780
2016-06-05 20:23:35,455,438,91,436,446,778,780
2016-06-05 20:23:36,456,439,91,436,446,778,780
2016-06-05 20:23:37,458,440,91,436,446,778,780
2016-06-05 20:23:38,462,441,91,437,446,778,780
2016-06-05 20:23:39,465,442,91,437,447,778,780
2016-06-05 20:23:40,471,443,91,438,447,778,780
2016-06-05 20:23:41,474,444,91,438,447,778,780
2016-06-05 20:23:42,474,445,91,439,447,778,780
2016-06-05 20:23:43,477,446,91,439,447,778,780
2016-06-05 20:23:44,480,447,91,440,447,778,780
2016-06-05 20:23:45,481,448,91,440,447,778,780
2016-06-05 20:23:46,484,449,91,441,448,778,780
2016-06-05 20:23:47,488,450,91,441,448,778,780
2016-06-05 20:23:48,492,451,91,442,448,778,780
2016-06-05 20:23:49,496,452,91,442,448,778,780
2016-06-05 20:23:50,500,453,91,443,448,778,780
2016-06-05 20:23:51,503,454,91,443,448,778,780
2016-06-05 20:23:52,506,455,91,444,448,778,780
2016-06-05 20:23:53,508,456,91,444,448,778,780
2016-06-05 20:23:54,511,457,91,445,449,778,780
2016-06-05 20:23:55,517,458,91,445,449,778,780
2016-06-05 20:23:56,522,459,91,445,449,778,780
2016-06-05 20:23:57,526,460,91,446,449,778,780
2016-06-05 20:23:58,529,461,91,446,449,778,780
2016-06-05 20:23:59,534,462,91,447,450,778,780
2016-06-05 20:24:00,535,463,91,447,450,778,780
2016-06-05 20:24:01,537,464,91,448,450,778,780
2016-06-05 20:24:02,541,465,91,448,450,778,780
2016-06-05 20:24:03,544,466,91,449,451,778,780
2016-06-05 20:24:04,549,467,91,449,451,778,780
2016-06-05 20:24:05,551,468,91,450,451,778,780
2016-06-05 20:24:06,552,469,91,450,451,778,780
2016-06-05 20:24:07,556,470,91,451,452,778,780
2016-06-05 20:24:08,559,471,91,451,452,778,780
2016-06-05 20:24:09,565,472,91,452,452,778,780
2016-06-05 20:24:10,568,473,91,452,453,778,780
2016-06-05 20:24:11,573,474,91,452,453,778,780
2016-06-05 20:24:12,576,475,91,453,453,778,780
2016-06-05 20:24:13,582,476,91,454,453,778,780
2016-06-05 20:24:14,583,477,91,454,453,778,780
2016-06-05 20:24:15,586,478,91,454,454,778,780
2016-06-05 20:24:16,592,479,91,455,454,778,780
2016-06-05 20:24:17,596,480,91,455,454,778,780
2016-06-05 20:24:18,596,481,91,456,454,778,780
2016-06-05 20:24:19,600,482,91,456,455,778,780
2016-06-05 20:24:20,606,483,91,456,455,778,780
2016-06-05 20:24:21,607,484,91,457,455,778,780
2016-06-05 20:24:22,609,485,91,457,455,778,780
2016-06-05 20:24:23,612,486,91,458,455,778,780
2016-06-05 20:24:24,616,487,91,458,455,778,780
2016-06-05 20:24:25,621,488,91,459,455,778,780
2016-06-05 20:24:26,622,489,91,459,455,778,780
2016-06-05 20:24:27,624,490,91,460,455,778,780
2016-06-05 20:24:28,627,491,91,460,456,778,780
2016-06-05 20:24:29,628,492,91,461,456,778,780
2016-06-05 20:24:30,632,493,91,461,456,778,780
2016-06-05 20:24:31,634,494,91,462,456,778,780
2016-06-05 20:24:32,638,495,91,462,456,778,780
2016-06-05 20:24:33,643,496,91,463,456,778,780
2016-06-05 20:24:34,644,497,91,463,456,778,780
2016-06-05 20:24:35,649,498,91,464,456,778,780
2016-06-05 20:24:36,650,499,91,464,456,778,780
2016-06-05 20:24:37,653,500,91,464,456,778,780
2016-06-05 20:24:38,658,501,91,465,456,778,780
2016-06-05 20:24:39,664,502,91,465,457,778,780
2016-06-05 20:24:40,666,503,91,466,457,778,780
2016-06-05 20:24:41,668,504,91,466,457,778,780
2016-06-05 20:24:42,674,505,91,467,458,778,780
2016-06-05 20:24:43,678,506,91,467,458,778,780
2016-06-05 20:24:44,681,507,91,468,458,778,780
2016-06-05 20:24:45,682,508,91,468,458,778,780
2016-06-05 20:24:46,688,509,91,469,459,778,780
2016-06-05 20:24:47,690,510,91,469,459,778,780
2016-06-05 20:24:48,694,511,91,470,459,778,780
2016-06-05 20:24:49,699,512,91,470,460,778,780
2016-06-05 20:24:50,705,513,91,471,460,778,780
2016-06-05 20:24:51,707,514,91,471,460,778,780
2016-06-05 20:24:52,708,515,91,471,460,778,780
2016-06-05 20:24:53,709,516,91,472,460,778,780
2016-06-05 20:24:54,714,517,91,472,461,778,780
2016-06-05 20:24:55,720,518,91,473,461,778,780
2016-06-05 20:24:56,723,519,91,473,461,778,780
2016-06-05 20:24:57,729,520,91,474,461,778,780
2016-06-05 20:24:58,732,521,91,474,461,778,780
2016-06-05 20:24:59,732,522,91,474,462,778,780
2016-06-05 20:25:00,736,523,91,475,462,778,780
2016-06-05 20:25:01,740,524,91,475,462,778,780
2016-06-05 20:25:02,744,525,91,476,462,778,780
2016-06-05 20:25:03,750,526,91,476,462,778,780
2016-06-05 20:25:04,756,527,91,477,462,778,780
2016-06-05 20:25:05,756,528,91,477,462,778,780
2016-06-05 20:25:06,762,529,91,478,463,778,780
2016-06-05 20:25:07,764,530,91,478,463,778,780
2016-06-05 20:25:08,768,531,91,479,463,778,780
2016-06-05 20:25:09,773,532,91,479,463,778,780
2016-06-05 20:25:10,778,533,91,480,464,778,780
2016-06-05 20:25:11,781,534,91,480,464,778,780
2016-06-05 20:25:12,784,536,91,481,464,778,780
2016-06-05 20:25:13,789,537,91,481,464,778,780
2016-06-05 20:25:14,796,538,91,482,465,778,780
2016-06-05 20:25:15,798,539,91,482,465,778,780
2016-06-05 20:25:16,799,540,91,483,465,778,780
2016-06-05 20:25:17,804,541,91,483,465,778,780
2016-06-05 20:25:18,806,542,91,484,466,778,780
2016-06-05 20:25:19,807,543,91,484,466,778,780
2016-06-05 20:25:20,813,544,91,484,466,778,780
2016-06-05 20:25:21,819,545,91,485,466,778,780
2016-06-05 20:25:22,822,546,91,485,467,778,780
2016-06-05 20:25:23,828,547,91,486,467,778,780
2016-06-05 20:25:24,831,548,91,486,467,778,780
2016-06-05 20:25:25,836,549,91,486,467,778,780
2016-06-05 20:25:26,839,550,91,487,468,778,780
2016-06-05 20:25:27,840,551,91,488,468,778,780
2016-06-05 20:25:28,843,552,91,488,468,778,780
2016-06-05 20:25:29,846,553,91,488,468,778,780
2016-06-05 20:25:30,847,554,91,489,468,778,780
2016-06-05 20:25:31,850,555,91,489,468,778,780
2016-06-05 20:25:32,853,556,91,490,469,778,780
2016-06-05 20:25:33,854,557,91,490,469,778,780
2016-06-05 20:25:34,855,558,91,491,469,778,780
2016-06-05 20:25:35,860,559,91,491,470,778,780
2016-06-05 20:25:36,860,560,91,492,470,778,780
2016-06-05 20:25:37,866,561,91,492,470,778,780
2016-06-05 20:25:38,873,562,91,493,470,778,780
2016-06-05 20:25:39,877,563,91,493,471,778,780
2016-06-05 20:25:40,882,564,91,494,471,778,780
2016-06-05 20:25:41,885,565,91,494,471,778,780
2016-06-05 20:25:42,890,566,91,495,471,778,780
2016-06-05 20:25:43,893,567,91,495,471,778,780
2016-06-05 20:25:44,895,568,91,495,472,778,780
2016-06-05 20:25:45,901,569,91,496,472,778,780
2016-06-05 20:25:46,904,570,91,496,472,778,780
2016-06-05 20:25:47,906,571,91,497,472,778,780
2016-06-05 20:25:48,908,572,91,497,472,778,780
2016-06-05 20:25:49,910,573,91,498,472,778,780
2016-06-05 20:25:50,914,574,91,498,472,778,780
2016-06-05 20:25:51,919,575,91,498,472,778,780
2016-06-05 20:25:52,920,576,91,499,473,778,780
2016-06-05 20:25:53,924,577,91,499,473,778,780
2016-06-05 20:25:54,930,578,91,500,473,778,780
2016-06-05 20:25:55,935,579,91,500,473,778,780
2016-06-05 20:25:56,935,580,91,501,473,778,780
2016-06-05 20:25:57,941,581,91,501,473,778,780
2016-06-05 20:25:58,942,582,91,502,474,778,780
2016-06-05 20:25:59,944,583,91,502,474,778,780
2016-06-05 20:26:00,948,584,91,502,474,778,780
2016-06-05 20:26:01,950,585,91,503,474,778,780
2016-06-05 20:26:02,952,586,91,503,475,778,780
2016-06-05 20:26:03,955,587,91,504,475,778,780
2016-06-05 20:26:04,957,588,91,504,475,778,780
2016-06-05 20:26:05,963,589,91,504,475,778,780
2016-06-05 20:26:06,967,590,91,505,476,778,780
2016-06-05 20:26:07,972,591,91,505,476,778,780
2016-06-05 20:26:08,972,592,91,506,476,778,780
2016-06-05 20:26:09,976,593,91,506,476,778,780
2016-06-05 20:26:10,979,594,91,506,476,778,780
2016-06-05 20:26:11,982,595,91,507,477,778,780
2016-06-05 20:26:12,988,596,91,507,477,778,780
2016-06-05 20:26:13,989,597,91,508,477,778,780
2016-06-05 20:26:14,991,598,91,508,477,778,780
2016-06-05 20:26:15,994,599,91,508,477,778,780
2016-06-05 20:26:16,997,600,91,509,478,778,780
2016-06-05 20:26:18,003,601,91,509,478,778,780
2016-06-05 20:26:19,008,602,91,509,478,778,780
2016-06-05 20:26:20,011,603,91,510,478,778,780
2016-06-05 20:26:21,012,604,91,510,479,778,780
2016-06-05 20:26:22,017,605,91,511,479,778,780
2016-06-05 20:26:23,018,606,91,511,480,778,780
2016-06-05 20:26:24,019,607,91,512,480,778,780
2016-06-05 20:26:25,023,608,91,512,480,778,780
2016-06-05 20:26:26,025,609,91,512,481,778,780
2016-06-05 20:26:27,027,610,91,513,481,778,780
2016-06-05 20:26:28,033,611,91,513,482,778,780
2016-06-05 20:26:29,035,612,91,513,482,778,780
2016-06-05 20:26:30,035,613,91,514,482,778,780
2016-06-05 20:26:31,040,614,91,514,483,778,780
2016-06-05 20:26:32,041,615,91,514,483,778,780
2016-06-05 20:26:33,044,616,91,515,483,778,780
2016-06-05 20:26:34,047,617,91,515,483,778,780
2016-06-05 20:26:35,048,618,91,516,483,778,780
2016-06-05 20:26:36,054,619,91,516,483,778,780
2016-06-05 20:26:37,059,620,91,516,483,778,780
2016-06-05 20:26:38,062,621,91,517,482,778,780
2016-06-05 20:26:39,067,622,91,517,483,778,780
2016-06-05 20:26:40,068,623,91,517,482,778,780
2016-06-05 20:26:41,071,624,91,518,482,778,780
2016-06-05 20:26:42,074,625,91,518,482,778,780
2016-06-05 20:26:43,080,626,91,519,482,778,780
2016-06-05 20:26:44,086,627,91,519,482,778,780
2016-06-05 20:26:45,088,628,91,520,483,778,780
2016-06-05 20:26:46,093,629,91,520,483,778,780
2016-06-05 20:26:47,097,630,91,520,483,778,780
2016-06-05 20:26:48,103,631,91,521,483,778,780
2016-06-05 20:26:49,105,632,91,521,483,778,780
2016-06-05 20:26:50,106,633,91,521,483,778,780
2016-06-05 20:26:51,111,634,91,522,484,778,780
2016-06-05 20:26:52,115,635,91,522,484,778,780
2016-06-05 20:26:53,117,636,91,523,484,778,780
2016-06-05 20:26:54,121,637,91,523,484,778,780
2016-06-05 20:26:55,127,638,91,523,484,778,780
2016-06-05 20:26:56,129,639,91,524,484,778,780
2016-06-05 20:26:57,133,640,91,524,484,778,780
2016-06-05 20:26:58,138,641,91,524,484,778,780
2016-06-05 20:26:59,143,642,91,525,484,778,780
2016-06-05 20:27:00,146,643,91,525,484,778,780
2016-06-05 20:27:01,149,644,91,525,484,778,780
2016-06-05 20:27:02,154,645,91,526,484,778,780
2016-06-05 20:27:03,155,646,91,526,484,778,780
2016-06-05 20:27:04,160,647,91,526,484,778,780
2016-06-05 20:27:05,161,648,91,527,484,778,780
2016-06-05 20:27:06,163,649,91,527,484,778,780
2016-06-05 20:27:07,164,650,91,528,484,778,780
2016-06-05 20:27:08,169,651,91,528,484,778,780
2016-06-05 20:27:09,171,652,91,529,484,778,780
2016-06-05 20:27:10,177,653,91,529,484,778,780
2016-06-05 20:27:11,179,654,91,529,484,778,780
2016-06-05 20:27:12,182,655,91,530,484,778,780
2016-06-05 20:27:13,188,656,91,530,484,778,780
2016-06-05 20:27:14,189,657,91,530,484,778,780
2016-06-05 20:27:15,193,658,91,531,484,778,780
2016-06-05 20:27:16,194,659,91,531,484,778,780
2016-06-05 20:27:17,196,660,91,532,484,778,780
2016-06-05 20:27:18,201,661,91,532,484,778,780
2016-06-05 20:27:19,205,662,91,532,484,778,780
2016-06-05 20:27:20,208,663,91,533,484,778,780
2016-06-05 20:27:21,212,664,91,533,483,778,780
2016-06-05 20:27:22,216,665,91,533,483,778,780
2016-06-05 20:27:23,217,666,91,534,483,778,780
2016-06-05 20:27:24,220,667,91,534,483,778,780
2016-06-05 20:27:25,224,668,91,535,483,778,780
2016-06-05 20:27:26,225,669,91,535,483,778,780
2016-06-05 20:27:27,229,670,91,535,483,778,780
2016-06-05 20:27:28,230,671,91,536,483,778,780
2016-06-05 20:27:29,233,672,91,536,483,778,780
2016-06-05 20:27:30,238,673,91,537,482,778,780
2016-06-05 20:27:31,241,674,91,537,482,778,780
2016-06-05 20:27:32,247,675,91,537,482,778,780
2016-06-05 20:27:33,253,676,91,538,482,778,780
2016-06-05 20:27:34,258,677,91,538,482,778,780
2016-06-05 20:27:35,261,678,91,539,482,778,780
2016-06-05 20:27:36,264,679,91,539,482,778,780
2016-06-05 20:27:37,270,680,91,539,482,778,780
2016-06-05 20:27:38,272,681,91,540,482,778,780
2016-06-05 20:27:39,276,682,91,540,482,778,780
2016-06-05 20:27:40,281,683,91,541,482,778,780
2016-06-05 20:27:41,285,684,91,541,482,778,780
2016-06-05 20:27:42,289,685,91,542,482,778,780
2016-06-05 20:27:43,292,686,91,542,482,778,780
2016-06-05 20:27:44,298,687,91,542,481,778,780
2016-06-05 20:27:45,302,688,91,543,481,778,780
2016-06-05 20:27:46,307,689,91,543,480,778,780
2016-06-05 20:27:47,310,690,91,544,480,778,780
2016-06-05 20:27:48,314,691,91,544,480,778,780
2016-06-05 20:27:49,316,692,91,545,479,778,780
2016-06-05 20:27:50,317,693,91,545,479,778,780
2016-06-05 20:27:51,322,694,91,545,479,778,780
2016-06-05 20:27:52,322,695,91,546,479,778,780
2016-06-05 20:27:53,326,696,91,546,478,778,780
2016-06-05 20:27:54,329,697,91,547,478,778,780
2016-06-05 20:27:55,335,698,91,547,478,778,780
2016-06-05 20:27:56,337,699,91,547,478,778,780
2016-06-05 20:27:57,340,700,91,548,477,778,780
2016-06-05 20:27:58,340,701,91,548,477,778,780
2016-06-05 20:27:59,344,702,91,549,476,778,780
2016-06-05 20:28:00,348,703,91,549,476,778,780
2016-06-05 20:28:01,353,704,91,549,476,778,780
2016-06-05 20:28:02,360,705,91,550,475,778,780
2016-06-05 20:28:03,365,706,91,550,475,778,780
2016-06-05 20:28:04,371,707,91,550,475,778,780
2016-06-05 20:28:05,374,708,91,551,475,778,780
2016-06-05 20:28:06,380,709,91,551,474,778,780
2016-06-05 20:28:07,387,710,91,552,474,778,780
2016-06-05 20:28:08,391,711,91,552,474,778,780
2016-06-05 20:28:09,397,712,91,552,474,778,780
2016-06-05 20:28:10,400,713,91,553,474,778,780
2016-06-05 20:28:11,406,714,91,553,474,778,780
2016-06-05 20:28:12,412,715,91,553,473,778,780
2016-06-05 20:28:13,415,716,91,554,473,778,780
2016-06-05 20:28:14,420,717,91,554,473,778,780
2016-06-05 20:28:15,423,718,91,554,473,778,780
2016-06-05 20:28:16,429,719,91,555,472,778,780
2016-06-05 20:28:17,433,720,91,555,472,778,780
2016-06-05 20:28:18,435,721,91,555,472,778,780
2016-06-05 20:28:19,438,722,91,556,472,778,780
2016-06-05 20:28:20,439,723,91,556,472,778,780
2016-06-05 20:28:21,445,724,91,556,472,778,780
2016-06-05 20:28:22,447,725,91,557,472,778,780
2016-06-05 20:28:23,449,726,91,557,471,778,780
2016-06-05 20:28:24,449,727,91,557,471,778,780
2016-06-05 20:28:25,454,728,91,557,471,778,780
2016-06-05 20:28:26,459,729,91,556,470,778,780
2016-06-05 20:28:27,463,730,91,556,469,778,780
2016-06-05 20:28:28,467,731,91,555,468,778,780
2016-06-05 20:28:29,471,732,91,554,467,778,780
2016-06-05 20:28:30,474,733,91,553,466,778,780
2016-06-05 20:28:31,476,734,91,550,464,778,780
2016-06-05 20:28:32,478,735,91,550,463,778,780
2016-06-05 20:28:33,481,736,91,550,462,778,780
2016-06-05 20:28:34,485,737,91,549,461,778,780
2016-06-05 20:28:35,486,738,91,547,461,778,780
2016-06-05 20:28:36,491,739,91,546,460,778,780
2016-06-05 20:28:37,494,740,91,546,459,778,780
2016-06-05 20:28:38,497,741,91,544,458,778,780
2016-06-05 20:28:39,502,742,91,543,458,778,780
2016-06-05 20:28:40,506,743,91,542,457,778,780
2016-06-05 20:28:41,511,744,91,541,456,778,780
2016-06-05 20:28:42,516,745,91,540,455,778,780
2016-06-05 20:28:43,519,746,91,540,455,778,780
2016-06-05 20:28:44,525,747,91,539,454,778,780
2016-06-05 20:28:45,528,748,91,538,454,778,780
2016-06-05 20:28:46,534,749,91,535,453,778,780
2016-06-05 20:28:47,538,750,91,531,452,778,780
2016-06-05 20:28:48,539,751,91,527,450,778,780
2016-06-05 20:28:49,545,752,91,523,449,778,780
2016-06-05 20:28:50,551,753,91,519,448,778,780
2016-06-05 20:28:51,553,754,91,515,447,778,780
2016-06-05 20:28:52,557,755,91,511,446,778,780
2016-06-05 20:28:53,562,756,91,507,445,778,780
2016-06-05 20:28:54,563,757,91,503,443,778,780
2016-06-05 20:28:55,567,758,91,500,442,778,780
2016-06-05 20:28:56,568,759,91,496,442,778,780
2016-06-05 20:28:57,572,760,91,492,440,778,780
2016-06-05 20:28:58,577,761,91,488,440,778,780
2016-06-05 20:28:59,578,762,91,485,439,778,780
2016-06-05 20:29:00,582,763,91,482,438,778,780
2016-06-05 20:29:01,586,764,91,478,437,778,780
2016-06-05 20:29:02,587,765,91,475,436,778,780
2016-06-05 20:29:03,593,766,91,472,436,778,780
2016-06-05 20:29:04,597,767,91,469,435,778,780
2016-06-05 20:29:05,601,768,91,466,434,778,780
2016-06-05 20:29:06,604,769,91,463,433,778,780
2016-06-05 20:29:07,610,770,91,461,433,778,780
2016-06-05 20:29:08,615,771,91,458,432,778,780
2016-06-05 20:29:09,619,772,91,456,432,778,780
2016-06-05 20:29:10,623,773,91,455,431,778,780
2016-06-05 20:29:11,626,774,91,453,430,778,780
2016-06-05 20:29:12,633,775,91,451,430,778,780
2016-06-05 20:29:13,634,776,91,449,429,778,780
2016-06-05 20:29:14,635,777,91,446,428,778,780
2016-06-05 20:29:15,636,778,91,443,428,778,780
2016-06-05 20:29:16,636,779,91,441,428,778,780
2016-06-05 20:29:17,640,780,91,439,427,778,780
2016-06-05 20:29:18,646,781,91,437,427,778,780
2016-06-05 20:29:19,651,782,91,435,426,778,780
2016-06-05 20:29:20,656,783,91,434,426,778,780
2016-06-05 20:29:21,657,784,91,433,426,778,780
2016-06-05 20:29:22,664,785,91,432,425,778,780
2016-06-05 20:29:23,666,786,91,429,425,778,780
2016-06-05 20:29:24,671,787,91,428,425,778,780
2016-06-05 20:29:25,674,788,91,425,425,778,780
2016-06-05 20:29:26,677,789,91,423,424,778,780
2016-06-05 20:29:27,683,790,91,420,424,778,780
2016-06-05 20:29:28,688,791,91,419,424,778,780
2016-06-05 20:29:29,691,792,91,417,424,778,780
2016-06-05 20:29:30,695,793,91,416,423,778,780
2016-06-05 20:29:31,700,794,91,414,423,778,780
2016-06-05 20:29:32,705,795,91,413,423,778,780
2016-06-05 20:29:33,708,796,91,411,423,778,780
2016-06-05 20:29:34,712,797,91,410,423,778,780
2016-06-05 20:29:35,717,798,91,409,423,778,780
2016-06-05 20:29:36,723,799,91,408,422,778,780
2016-06-05 20:29:37,725,800,91,407,422,778,780
2016-06-05 20:29:38,732,801,91,405,422,778,780
2016-06-05 20:29:39,734,802,91,405,422,778,780
2016-06-05 20:29:40,736,803,91,403,421,778,780
2016-06-05 20:29:41,738,804,91,403,421,778,780
2016-06-05 20:29:42,740,805,91,402,421,778,780
2016-06-05 20:29:43,745,806,91,400,420,778,780
2016-06-05 20:29:44,748,807,91,399,420,778,780
2016-06-05 20:29:45,753,808,91,397,420,778,780
2016-06-05 20:29:46,758,809,91,397,420,778,780
2016-06-05 20:29:47,759,810,91,396,420,778,780
2016-06-05 20:29:48,762,811,91,396,419,778,780
2016-06-05 20:29:49,764,812,91,395,419,778,780
2016-06-05 20:29:50,765,813,91,394,419,778,780
2016-06-05 20:29:51,769,814,91,394,419,778,780
2016-06-05 20:29:52,774,815,91,394,418,778,780
2016-06-05 20:29:53,776,816,91,393,418,778,780
2016-06-05 20:29:54,781,817,91,393,418,778,780
2016-06-05 20:29:55,784,819,91,392,418,778,780
2016-06-05 20:29:56,788,820,91,391,418,778,780
2016-06-05 20:29:57,790,821,91,390,418,778,780
2016-06-05 20:29:58,793,822,91,388,417,778,780
2016-06-05 20:29:59,795,823,91,387,417,778,780
2016-06-05 20:30:00,800,824,91,386,417,778,780
2016-06-05 20:30:01,804,825,91,385,417,778,780
2016-06-05 20:30:02,805,826,91,384,417,778,780
2016-06-05 20:30:03,808,827,91,383,417,778,780
2016-06-05 20:30:04,811,828,91,382,417,778,780
2016-06-05 20:30:05,815,829,91,380,417,778,780
2016-06-05 20:30:06,820,830,91,379,416,778,780
2016-06-05 20:30:07,824,831,91,378,417,778,780
2016-06-05 20:30:08,828,832,91,378,416,778,780
2016-06-05 20:30:09,833,833,91,377,416,778,780
2016-06-05 20:30:10,836,834,91,376,416,778,780
2016-06-05 20:30:11,840,835,91,375,416,778,780
2016-06-05 20:30:12,845,836,91,374,416,778,780
2016-06-05 20:30:13,849,837,91,374,416,778,780
2016-06-05 20:30:14,853,838,91,373,415,778,780
2016-06-05 20:30:15,859,839,91,373,415,778,780
2016-06-05 20:30:16,861,840,91,372,415,778,780
2016-06-05 20:30:17,864,841,91,371,414,778,780
2016-06-05 20:30:18,870,842,91,371,414,778,780
2016-06-05 20:30:19,874,843,91,370,414,778,780
2016-06-05 20:30:20,878,844,91,369,414,778,780
2016-06-05 20:30:21,884,845,91,368,414,778,780
2016-06-05 20:30:22,887,846,91,368,414,778,780
2016-06-05 20:30:23,891,847,91,368,414,778,780
