2016-06-14 04:12:21,280,coffee,datetime,ms,seconds,ambient_temp,thermocouple_0_temp,thermocouple_1_temp,thermocouple_2_temp,thermocouple_3_temp
2016-06-14 04:12:23,351,2,82,495,411,783,784
2016-06-14 04:12:24,354,3,82,495,407,783,784
2016-06-14 04:12:25,358,4,82,495,401,783,784
2016-06-14 04:12:26,360,5,82,490,395,783,784
2016-06-14 04:12:27,361,6,82,482,388,784,784
2016-06-14 04:12:28,365,7,82,469,381,783,784
2016-06-14 04:12:29,370,8,82,458,375,783,784
2016-06-14 04:12:30,374,9,82,446,370,783,784
2016-06-14 04:12:31,377,10,82,435,365,783,784
2016-06-14 04:12:32,382,11,82,425,362,783,784
2016-06-14 04:12:33,388,12,82,416,360,783,784
2016-06-14 04:12:34,391,13,82,406,359,783,784
2016-06-14 04:12:35,392,14,82,397,357,783,784
2016-06-14 04:12:36,397,15,82,388,355,783,784
2016-06-14 04:12:37,397,16,82,379,354,783,784
2016-06-14 04:12:38,399,17,82,371,353,783,784
2016-06-14 04:12:39,402,18,82,364,351,783,784
2016-06-14 04:12:40,404,19,82,357,350,783,784
2016-06-14 04:12:41,409,20,82,349,349,783,784
2016-06-14 04:12:42,414,21,82,343,348,783,784
2016-06-14 04:12:43,415,22,82,336,347,783,784
2016-06-14 04:12:44,415,23,82,329,346,783,784
2016-06-14 04:12:45,420,24,82,324,345,783,784
2016-06-14 04:12:46,422,25,82,318,344,783,784
2016-06-14 04:12:47,426,26,82,312,344,783,784
2016-06-14 04:12:48,427,27,82,307,343,783,784
2016-06-14 04:12:49,431,28,82,302,342,783,784
2016-06-14 04:12:50,434,29,82,297,342,783,784
2016-06-14 04:12:51,438,30,82,293,341,783,784
2016-06-14 04:12:52,442,31,82,288,340,783,784
2016-06-14 04:12:53,443,32,82,284,340,783,784
2016-06-14 04:12:54,447,33,82,280,339,783,784
2016-06-14 04:12:55,451,34,82,277,339,783,784
2016-06-14 04:12:56,453,35,82,273,338,783,784
2016-06-14 04:12:57,455,36,82,269,338,783,784
2016-06-14 04:12:58,458,37,82,266,337,783,784
2016-06-14 04:12:59,459,38,82,262,337,783,784
2016-06-14 04:13:00,465,39,82,259,336,783,784
2016-06-14 04:13:01,468,40,82,256,336,783,784
2016-06-14 04:13:02,471,41,82,254,336,783,784
2016-06-14 04:13:03,473,42,82,251,335,783,784
2016-06-14 04:13:04,474,43,82,248,335,783,784
2016-06-14 04:13:05,476,44,82,246,335,783,784
2016-06-14 04:13:06,480,45,82,244,335,783,784
2016-06-14 04:13:07,485,46,82,242,335,783,784
2016-06-14 04:13:08,488,47,82,239,334,783,784
2016-06-14 04:13:09,489,48,82,237,334,783,784
2016-06-14 04:13:10,491,49,82,235,334,783,784
2016-06-14 04:13:11,495,50,82,233,333,783,784
2016-06-14 04:13:12,499,51,82,231,333,783,784
2016-06-14 04:13:13,503,52,82,230,333,783,784
2016-06-14 04:13:14,507,53,82,228,333,783,784
2016-06-14 04:13:15,512,54,82,227,333,783,784
2016-06-14 04:13:16,514,55,82,225,333,783,784
2016-06-14 04:13:17,516,56,82,224,333,783,784
2016-06-14 04:13:18,519,57,82,223,332,783,784
2016-06-14 04:13:19,520,58,82,222,332,783,784
2016-06-14 04:13:20,525,59,82,221,332,783,784
2016-06-14 04:13:21,529,60,82,220,332,783,784
2016-06-14 04:13:22,530,61,82,219,332,783,784
2016-06-14 04:13:23,534,62,82,218,332,783,784
2016-06-14 04:13:24,535,63,82,217,332,783,784
2016-06-14 04:13:25,538,64,82,216,332,783,784
2016-06-14 04:13:26,541,65,82,216,332,783,784
2016-06-14 04:13:27,542,66,82,215,332,783,784
2016-06-14 04:13:28,545,67,82,214,332,783,784
2016-06-14 04:13:29,548,68,82,214,331,783,784
2016-06-14 04:13:30,554,69,82,213,331,783,784
2016-06-14 04:13:31,557,70,82,213,332,783,784
2016-06-14 04:13:32,562,71,82,212,333,783,784
2016-06-14 04:13:33,565,72,82,212,334,783,784
2016-06-14 04:13:34,567,73,82,212,335,783,784
2016-06-14 04:13:35,567,74,82,212,336,783,784
2016-06-14 04:13:36,572,75,82,212,337,783,784
2016-06-14 04:13:37,575,76,82,211,337,783,784
2016-06-14 04:13:38,580,77,82,211,338,783,784
2016-06-14 04:13:39,584,78,82,211,339,783,784
2016-06-14 04:13:40,589,79,82,211,340,783,784
2016-06-14 04:13:41,589,80,82,211,341,783,784
2016-06-14 04:13:42,591,81,82,211,341,783,784
2016-06-14 04:13:43,596,82,82,211,342,783,784
2016-06-14 04:13:44,599,83,82,211,343,783,784
2016-06-14 04:13:45,604,84,82,211,344,783,784
2016-06-14 04:13:46,605,85,82,211,344,783,784
2016-06-14 04:13:47,608,86,82,212,345,783,784
2016-06-14 04:13:48,613,87,82,212,346,783,784
2016-06-14 04:13:49,617,88,82,212,346,783,784
2016-06-14 04:13:50,621,89,82,212,347,783,784
2016-06-14 04:13:51,627,90,82,212,347,783,784
2016-06-14 04:13:52,628,91,82,213,348,783,784
2016-06-14 04:13:53,629,92,82,213,349,783,784
2016-06-14 04:13:54,630,93,82,213,349,783,784
2016-06-14 04:13:55,635,94,82,214,350,783,784
2016-06-14 04:13:56,640,95,82,214,350,783,784
2016-06-14 04:13:57,643,96,82,214,351,783,784
2016-06-14 04:13:58,646,97,82,214,351,783,784
2016-06-14 04:13:59,651,98,82,215,352,783,784
2016-06-14 04:14:00,657,99,82,215,353,783,784
2016-06-14 04:14:01,660,100,82,216,353,783,784
2016-06-14 04:14:02,662,101,82,216,354,783,784
2016-06-14 04:14:03,664,102,82,217,354,783,784
2016-06-14 04:14:04,667,103,82,217,355,783,784
2016-06-14 04:14:05,672,104,82,218,355,783,784
2016-06-14 04:14:06,676,105,82,218,356,783,784
2016-06-14 04:14:07,677,106,82,219,356,783,784
2016-06-14 04:14:08,683,107,82,219,357,783,784
2016-06-14 04:14:09,691,108,82,220,357,783,784
2016-06-14 04:14:10,694,109,82,220,358,783,784
2016-06-14 04:14:11,697,110,82,221,358,783,784
2016-06-14 04:14:12,701,111,82,221,358,783,784
2016-06-14 04:14:13,703,112,82,222,359,783,784
2016-06-14 04:14:14,707,113,82,222,359,783,784
2016-06-14 04:14:15,710,114,82,223,360,783,784
2016-06-14 04:14:16,713,115,82,223,360,783,784
2016-06-14 04:14:17,716,116,82,224,360,783,784
2016-06-14 04:14:18,719,117,82,225,361,783,784
2016-06-14 04:14:19,724,118,82,225,361,783,784
2016-06-14 04:14:20,730,119,82,226,362,783,784
2016-06-14 04:14:21,733,120,82,227,362,783,784
2016-06-14 04:14:22,738,121,82,227,362,783,784
2016-06-14 04:14:23,742,122,82,228,363,783,784
2016-06-14 04:14:24,744,123,82,229,363,783,784
2016-06-14 04:14:25,746,124,82,229,364,783,784
2016-06-14 04:14:26,748,125,82,230,364,783,784
2016-06-14 04:14:27,751,126,82,231,364,783,784
2016-06-14 04:14:28,757,127,82,231,365,783,784
2016-06-14 04:14:29,762,128,82,232,365,783,784
2016-06-14 04:14:30,765,129,82,233,366,783,783
2016-06-14 04:14:31,767,130,82,234,366,783,784
2016-06-14 04:14:32,772,131,82,234,366,783,784
2016-06-14 04:14:33,777,132,82,235,367,783,784
2016-06-14 04:14:34,782,133,82,236,367,783,784
2016-06-14 04:14:35,787,134,82,236,368,783,784
2016-06-14 04:14:36,792,135,82,237,368,783,784
2016-06-14 04:14:37,795,136,82,238,368,783,784
2016-06-14 04:14:38,799,137,82,238,369,783,784
2016-06-14 04:14:39,803,138,83,239,369,783,784
2016-06-14 04:14:40,808,139,82,240,369,783,784
2016-06-14 04:14:41,812,140,82,241,370,783,784
2016-06-14 04:14:42,816,141,82,242,370,783,784
2016-06-14 04:14:43,822,142,82,242,371,783,784
2016-06-14 04:14:44,824,143,82,243,371,783,784
2016-06-14 04:14:45,830,144,82,244,371,783,784
2016-06-14 04:14:46,833,145,82,244,372,783,784
2016-06-14 04:14:47,835,146,83,246,372,783,784
2016-06-14 04:14:48,839,147,82,246,372,783,784
2016-06-14 04:14:49,842,148,82,247,372,783,784
2016-06-14 04:14:50,843,149,82,247,373,783,784
2016-06-14 04:14:51,848,150,82,248,373,783,784
2016-06-14 04:14:52,853,151,82,249,373,783,784
2016-06-14 04:14:53,859,152,82,250,374,783,784
2016-06-14 04:14:54,864,153,82,250,374,783,784
2016-06-14 04:14:55,867,154,83,251,374,783,784
2016-06-14 04:14:56,872,155,82,252,374,783,784
2016-06-14 04:14:57,877,156,82,253,375,783,784
2016-06-14 04:14:58,880,157,82,254,375,783,784
2016-06-14 04:14:59,882,158,83,254,376,783,784
2016-06-14 04:15:00,883,159,83,255,376,783,784
2016-06-14 04:15:01,885,160,82,256,376,783,784
2016-06-14 04:15:02,889,161,82,256,376,783,784
2016-06-14 04:15:03,893,162,83,257,377,783,784
2016-06-14 04:15:04,897,163,82,258,377,783,784
2016-06-14 04:15:05,900,164,82,259,377,783,784
2016-06-14 04:15:06,906,165,83,260,378,783,784
2016-06-14 04:15:07,910,166,82,260,378,783,784
2016-06-14 04:15:08,914,167,83,261,378,783,784
2016-06-14 04:15:09,919,168,83,262,378,783,784
2016-06-14 04:15:10,923,169,83,263,379,783,784
2016-06-14 04:15:11,928,170,82,263,379,783,784
2016-06-14 04:15:12,931,171,83,264,379,783,783
2016-06-14 04:15:13,936,172,82,265,379,783,783
2016-06-14 04:15:14,940,173,83,266,380,783,784
2016-06-14 04:15:15,940,174,83,267,380,783,784
2016-06-14 04:15:16,942,175,83,267,380,783,784
2016-06-14 04:15:17,947,176,83,268,381,783,784
2016-06-14 04:15:18,948,177,83,269,381,783,784
2016-06-14 04:15:19,950,178,83,269,381,783,784
2016-06-14 04:15:20,954,179,83,270,382,783,784
2016-06-14 04:15:21,958,180,83,271,382,783,784
2016-06-14 04:15:22,962,181,83,272,382,783,784
2016-06-14 04:15:23,968,182,82,273,382,783,783
2016-06-14 04:15:24,971,183,83,273,383,783,784
2016-06-14 04:15:25,975,184,83,274,383,783,784
2016-06-14 04:15:26,979,185,83,275,384,783,784
2016-06-14 04:15:27,981,186,83,276,384,783,783
2016-06-14 04:15:28,984,187,83,276,384,783,784
2016-06-14 04:15:29,987,188,83,277,384,783,784
2016-06-14 04:15:30,991,189,83,278,385,783,784
2016-06-14 04:15:31,994,190,83,279,385,783,784
2016-06-14 04:15:32,996,191,83,279,386,783,784
2016-06-14 04:15:34,000,192,83,280,386,783,784
2016-06-14 04:15:35,001,193,83,281,386,783,783
2016-06-14 04:15:36,006,194,83,282,386,783,783
2016-06-14 04:15:37,013,195,83,283,387,783,784
2016-06-14 04:15:38,019,196,83,283,387,783,783
2016-06-14 04:15:39,025,197,83,284,387,783,784
2016-06-14 04:15:40,028,198,83,285,387,783,784
2016-06-14 04:15:41,032,199,83,285,387,783,784
2016-06-14 04:15:42,037,200,83,286,387,783,783
2016-06-14 04:15:43,042,201,83,287,388,783,784
2016-06-14 04:15:44,045,202,83,288,388,783,784
2016-06-14 04:15:45,049,203,83,288,388,783,783
2016-06-14 04:15:46,053,204,83,289,388,783,783
2016-06-14 04:15:47,056,205,83,290,389,783,784
2016-06-14 04:15:48,059,206,83,290,389,783,783
2016-06-14 04:15:49,061,207,83,291,389,783,783
2016-06-14 04:15:50,061,208,83,292,390,783,784
2016-06-14 04:15:51,065,209,83,292,390,783,784
2016-06-14 04:15:52,068,210,83,293,390,783,784
2016-06-14 04:15:53,069,211,83,294,390,783,783
2016-06-14 04:15:54,070,212,83,294,391,783,784
2016-06-14 04:15:55,074,213,83,295,391,783,783
2016-06-14 04:15:56,075,214,83,296,391,783,783
2016-06-14 04:15:57,075,215,83,296,391,783,783
2016-06-14 04:15:58,076,216,83,297,392,783,783
2016-06-14 04:15:59,079,217,83,298,392,783,784
2016-06-14 04:16:00,084,218,83,299,392,783,784
2016-06-14 04:16:01,088,219,83,299,393,783,784
2016-06-14 04:16:02,089,220,83,300,393,783,783
2016-06-14 04:16:03,090,221,83,301,393,783,783
2016-06-14 04:16:04,095,222,83,302,394,783,784
2016-06-14 04:16:05,095,223,83,302,394,783,783
2016-06-14 04:16:06,100,224,83,303,394,783,784
2016-06-14 04:16:07,102,225,83,304,394,783,783
2016-06-14 04:16:08,103,226,83,304,395,783,783
2016-06-14 04:16:09,108,227,83,305,395,783,784
2016-06-14 04:16:10,109,228,83,306,395,783,783
2016-06-14 04:16:11,113,229,83,306,395,783,783
2016-06-14 04:16:12,117,230,83,307,395,783,783
2016-06-14 04:16:13,119,231,83,308,395,783,783
2016-06-14 04:16:14,124,232,83,309,396,783,783
2016-06-14 04:16:15,128,233,83,309,396,783,783
2016-06-14 04:16:16,132,234,83,310,396,783,783
2016-06-14 04:16:17,136,235,83,311,396,783,783
2016-06-14 04:16:18,136,236,83,311,397,783,783
2016-06-14 04:16:19,141,237,83,312,397,783,783
2016-06-14 04:16:20,142,238,83,313,397,783,783
2016-06-14 04:16:21,144,239,83,313,397,783,783
2016-06-14 04:16:22,148,240,83,314,397,783,783
2016-06-14 04:16:23,150,241,83,314,397,783,783
2016-06-14 04:16:24,155,242,83,315,398,783,783
2016-06-14 04:16:25,158,243,83,316,398,783,783
2016-06-14 04:16:26,159,244,83,317,398,783,783
2016-06-14 04:16:27,163,245,83,317,399,783,783
2016-06-14 04:16:28,166,246,83,318,399,783,784
2016-06-14 04:16:29,172,247,83,319,399,783,783
2016-06-14 04:16:30,177,248,83,319,399,783,783
2016-06-14 04:16:31,180,249,83,320,400,783,784
2016-06-14 04:16:32,184,250,83,321,400,783,784
2016-06-14 04:16:33,189,251,83,321,400,783,783
2016-06-14 04:16:34,193,252,83,322,400,783,783
2016-06-14 04:16:35,197,253,83,323,401,783,783
2016-06-14 04:16:36,201,254,83,324,401,783,783
2016-06-14 04:16:37,206,255,83,324,401,783,783
2016-06-14 04:16:38,211,256,83,325,401,783,783
2016-06-14 04:16:39,214,257,83,325,401,783,783
2016-06-14 04:16:40,218,258,83,326,402,783,783
2016-06-14 04:16:41,222,259,83,327,402,783,783
2016-06-14 04:16:42,224,260,83,327,402,783,783
2016-06-14 04:16:43,228,261,83,328,402,783,783
2016-06-14 04:16:44,229,262,83,329,403,783,783
2016-06-14 04:16:45,234,263,83,329,403,783,783
2016-06-14 04:16:46,238,264,83,330,403,783,783
2016-06-14 04:16:47,240,265,83,331,404,783,783
2016-06-14 04:16:48,240,266,83,331,404,783,783
2016-06-14 04:16:49,245,267,83,332,404,783,783
2016-06-14 04:16:50,249,268,83,333,404,783,783
2016-06-14 04:16:51,253,269,83,333,405,783,783
2016-06-14 04:16:52,257,270,83,334,405,783,783
2016-06-14 04:16:53,261,271,83,334,405,783,783
2016-06-14 04:16:54,266,272,83,335,405,783,783
2016-06-14 04:16:55,270,273,83,336,406,783,783
2016-06-14 04:16:56,273,274,83,336,406,783,783
2016-06-14 04:16:57,278,275,83,337,406,783,783
2016-06-14 04:16:58,283,277,83,338,406,783,783
2016-06-14 04:16:59,287,278,83,338,407,783,783
2016-06-14 04:17:00,292,279,83,339,407,783,784
2016-06-14 04:17:01,297,280,83,339,407,783,783
2016-06-14 04:17:02,302,281,83,340,407,783,783
2016-06-14 04:17:03,306,282,83,341,407,783,783
2016-06-14 04:17:04,309,283,83,341,408,783,783
2016-06-14 04:17:05,313,284,83,342,408,783,783
2016-06-14 04:17:06,314,285,83,343,408,783,783
2016-06-14 04:17:07,318,286,83,343,408,783,783
2016-06-14 04:17:08,319,287,83,344,408,783,783
2016-06-14 04:17:09,324,288,83,344,409,783,783
2016-06-14 04:17:10,327,289,83,345,409,783,784
2016-06-14 04:17:11,328,290,83,345,409,783,783
2016-06-14 04:17:12,333,291,83,346,409,783,783
2016-06-14 04:17:13,335,292,83,347,410,783,783
2016-06-14 04:17:14,339,293,83,347,410,783,783
2016-06-14 04:17:15,343,294,83,348,410,783,783
2016-06-14 04:17:16,345,295,83,348,410,783,783
2016-06-14 04:17:17,348,296,83,349,410,783,784
2016-06-14 04:17:18,350,297,83,350,411,783,783
2016-06-14 04:17:19,352,298,83,350,411,783,783
2016-06-14 04:17:20,356,299,83,351,411,783,783
2016-06-14 04:17:21,360,300,83,351,411,783,783
2016-06-14 04:17:22,363,301,83,352,412,783,783
2016-06-14 04:17:23,367,302,83,353,412,783,783
2016-06-14 04:17:24,369,303,83,353,412,783,783
2016-06-14 04:17:25,374,304,83,354,412,783,783
2016-06-14 04:17:26,376,305,83,354,413,783,783
2016-06-14 04:17:27,377,306,83,355,413,783,783
2016-06-14 04:17:28,381,307,83,355,413,783,783
2016-06-14 04:17:29,385,308,83,356,413,783,783
2016-06-14 04:17:30,389,309,83,357,413,783,783
2016-06-14 04:17:31,390,310,83,357,414,783,783
2016-06-14 04:17:32,393,311,83,358,414,783,783
2016-06-14 04:17:33,396,312,83,358,414,783,783
2016-06-14 04:17:34,398,313,83,359,414,783,783
2016-06-14 04:17:35,398,314,83,359,415,783,783
2016-06-14 04:17:36,403,315,83,360,415,783,783
2016-06-14 04:17:37,407,316,83,361,415,783,783
2016-06-14 04:17:38,411,317,83,361,415,783,783
2016-06-14 04:17:39,412,318,83,362,416,783,783
2016-06-14 04:17:40,417,319,83,362,416,783,783
2016-06-14 04:17:41,419,320,83,363,416,783,783
2016-06-14 04:17:42,425,321,83,363,416,783,783
2016-06-14 04:17:43,427,322,83,364,417,783,783
2016-06-14 04:17:44,431,323,83,365,417,783,783
2016-06-14 04:17:45,435,324,83,365,417,783,783
2016-06-14 04:17:46,437,325,83,366,417,783,783
2016-06-14 04:17:47,438,326,83,366,418,783,783
2016-06-14 04:17:48,442,327,83,367,418,783,783
2016-06-14 04:17:49,446,328,83,367,418,783,783
2016-06-14 04:17:50,450,329,83,368,418,783,783
2016-06-14 04:17:51,452,330,83,369,418,783,783
2016-06-14 04:17:52,456,331,83,369,418,783,783
2016-06-14 04:17:53,457,332,83,370,419,783,783
2016-06-14 04:17:54,461,333,83,370,419,783,783
2016-06-14 04:17:55,466,334,83,371,419,783,783
2016-06-14 04:17:56,466,335,83,371,419,783,783
2016-06-14 04:17:57,470,336,83,372,419,783,783
2016-06-14 04:17:58,474,337,83,372,419,783,783
2016-06-14 04:17:59,477,338,83,373,419,783,783
2016-06-14 04:18:00,481,339,83,374,419,783,783
2016-06-14 04:18:01,482,340,83,374,419,783,783
2016-06-14 04:18:02,486,341,83,375,419,783,783
2016-06-14 04:18:03,488,342,83,375,419,783,783
2016-06-14 04:18:04,489,343,83,376,419,783,783
2016-06-14 04:18:05,492,344,83,377,420,783,783
2016-06-14 04:18:06,495,345,83,377,420,783,783
2016-06-14 04:18:07,500,346,83,378,420,783,783
2016-06-14 04:18:08,503,347,83,378,421,783,783
2016-06-14 04:18:09,506,348,83,379,421,783,783
2016-06-14 04:18:10,510,349,83,379,421,783,783
2016-06-14 04:18:11,513,350,83,380,422,783,783
2016-06-14 04:18:12,518,351,83,380,422,783,783
2016-06-14 04:18:13,520,352,83,381,422,783,783
2016-06-14 04:18:14,523,353,83,381,423,783,783
2016-06-14 04:18:15,527,354,83,382,423,783,783
2016-06-14 04:18:16,532,355,83,382,423,783,783
2016-06-14 04:18:17,536,356,83,383,424,783,783
2016-06-14 04:18:18,542,357,83,383,424,783,783
2016-06-14 04:18:19,544,358,83,384,424,783,783
2016-06-14 04:18:20,545,359,83,385,425,783,783
2016-06-14 04:18:21,550,360,83,385,425,783,783
2016-06-14 04:18:22,552,361,83,386,425,783,783
2016-06-14 04:18:23,555,362,83,386,425,783,783
2016-06-14 04:18:24,559,363,83,387,425,783,783
2016-06-14 04:18:25,565,364,83,387,426,783,783
2016-06-14 04:18:26,568,365,83,388,426,783,783
2016-06-14 04:18:27,572,366,83,388,426,783,783
2016-06-14 04:18:28,576,367,83,389,426,783,783
2016-06-14 04:18:29,577,368,83,389,427,783,783
2016-06-14 04:18:30,583,369,83,390,427,783,783
2016-06-14 04:18:31,583,370,83,391,427,783,783
2016-06-14 04:18:32,588,371,83,391,427,783,783
2016-06-14 04:18:33,592,372,83,392,427,783,783
2016-06-14 04:18:34,595,373,83,392,428,783,783
2016-06-14 04:18:35,600,374,83,393,428,783,783
2016-06-14 04:18:36,604,375,83,393,428,783,783
2016-06-14 04:18:37,609,376,83,394,428,783,784
2016-06-14 04:18:38,611,377,83,394,428,783,783
2016-06-14 04:18:39,615,378,83,395,429,783,783
2016-06-14 04:18:40,616,379,83,395,429,783,783
2016-06-14 04:18:41,618,380,83,396,429,783,783
2016-06-14 04:18:42,619,381,83,396,429,783,783
2016-06-14 04:18:43,622,382,83,397,430,783,783
2016-06-14 04:18:44,628,383,83,397,430,783,783
2016-06-14 04:18:45,631,384,83,398,430,783,783
2016-06-14 04:18:46,632,385,83,398,430,783,783
2016-06-14 04:18:47,632,386,83,399,430,783,783
2016-06-14 04:18:48,638,387,83,400,431,783,783
2016-06-14 04:18:49,638,388,83,400,431,783,783
2016-06-14 04:18:50,640,389,83,401,431,783,783
2016-06-14 04:18:51,645,390,83,401,431,783,783
2016-06-14 04:18:52,650,391,83,402,431,783,783
2016-06-14 04:18:53,653,392,83,402,431,783,783
2016-06-14 04:18:54,654,393,83,403,431,783,783
2016-06-14 04:18:55,660,394,83,403,432,783,783
2016-06-14 04:18:56,660,395,83,404,432,783,783
2016-06-14 04:18:57,664,396,83,404,432,783,783
2016-06-14 04:18:58,669,397,83,405,432,783,783
2016-06-14 04:18:59,674,398,83,405,432,783,783
2016-06-14 04:19:00,677,399,83,406,432,783,783
2016-06-14 04:19:01,678,400,83,406,433,783,783
2016-06-14 04:19:02,679,401,83,407,433,783,783
2016-06-14 04:19:03,684,402,83,407,433,783,783
2016-06-14 04:19:04,685,403,83,408,433,783,783
2016-06-14 04:19:05,690,404,83,408,433,783,783
2016-06-14 04:19:06,691,405,83,409,434,783,783
2016-06-14 04:19:07,693,406,83,409,434,783,783
2016-06-14 04:19:08,697,407,83,410,434,783,783
2016-06-14 04:19:09,697,408,83,410,434,783,783
2016-06-14 04:19:10,703,409,83,411,434,783,783
2016-06-14 04:19:11,706,410,83,411,434,783,783
2016-06-14 04:19:12,707,411,83,412,434,783,783
2016-06-14 04:19:13,708,412,83,412,434,783,783
2016-06-14 04:19:14,713,413,83,413,435,783,783
2016-06-14 04:19:15,714,414,83,413,435,783,783
2016-06-14 04:19:16,720,415,83,414,435,783,783
2016-06-14 04:19:17,725,416,83,414,435,783,783
2016-06-14 04:19:18,730,417,83,415,435,783,783
2016-06-14 04:19:19,732,418,83,415,435,783,783
2016-06-14 04:19:20,738,419,83,416,436,783,783
2016-06-14 04:19:21,742,420,83,416,436,783,783
2016-06-14 04:19:22,747,421,83,417,436,783,783
2016-06-14 04:19:23,749,422,83,417,436,783,783
2016-06-14 04:19:24,754,423,83,418,436,783,783
2016-06-14 04:19:25,756,424,83,418,436,783,783
2016-06-14 04:19:26,758,425,83,419,436,783,783
2016-06-14 04:19:27,762,426,83,419,436,783,783
2016-06-14 04:19:28,766,427,83,420,437,783,783
2016-06-14 04:19:29,771,428,83,420,437,783,783
2016-06-14 04:19:30,772,429,83,421,437,783,783
2016-06-14 04:19:31,775,430,83,421,438,783,783
2016-06-14 04:19:32,778,431,83,422,438,783,783
2016-06-14 04:19:33,781,432,83,422,438,783,783
2016-06-14 04:19:34,786,433,83,423,438,783,783
2016-06-14 04:19:35,787,434,83,423,437,783,783
2016-06-14 04:19:36,792,435,83,424,437,783,783
2016-06-14 04:19:37,793,436,83,424,437,783,783
2016-06-14 04:19:38,795,437,83,425,437,783,783
2016-06-14 04:19:39,799,438,83,425,437,783,783
2016-06-14 04:19:40,804,439,83,426,437,783,783
2016-06-14 04:19:41,810,440,83,426,437,783,783
2016-06-14 04:19:42,813,441,83,427,437,783,783
2016-06-14 04:19:43,818,442,83,427,437,783,783
2016-06-14 04:19:44,819,443,83,427,438,783,783
2016-06-14 04:19:45,825,444,83,428,438,783,783
2016-06-14 04:19:46,829,445,83,428,438,783,783
2016-06-14 04:19:47,832,446,83,429,438,783,783
2016-06-14 04:19:48,834,447,83,429,438,783,783
2016-06-14 04:19:49,838,448,83,430,438,783,783
2016-06-14 04:19:50,842,449,83,430,439,783,783
2016-06-14 04:19:51,848,450,83,431,439,783,783
2016-06-14 04:19:52,851,451,83,431,439,783,783
2016-06-14 04:19:53,853,452,83,432,440,783,783
2016-06-14 04:19:54,856,453,83,432,440,783,783
2016-06-14 04:19:55,859,454,83,433,440,783,783
2016-06-14 04:19:56,863,455,83,433,440,783,783
2016-06-14 04:19:57,866,456,83,434,441,783,783
2016-06-14 04:19:58,867,457,83,434,441,783,783
2016-06-14 04:19:59,870,458,83,434,441,783,783
2016-06-14 04:20:00,873,459,83,435,441,783,783
2016-06-14 04:20:01,875,460,83,435,442,783,783
2016-06-14 04:20:02,880,461,83,436,442,783,783
2016-06-14 04:20:03,886,462,83,436,442,783,783
2016-06-14 04:20:04,890,463,83,437,442,783,783
2016-06-14 04:20:05,895,464,83,437,442,783,783
2016-06-14 04:20:06,898,465,83,438,442,783,783
2016-06-14 04:20:07,901,466,83,438,443,783,783
2016-06-14 04:20:08,903,467,83,439,443,783,783
2016-06-14 04:20:09,905,468,83,439,443,783,783
2016-06-14 04:20:10,911,469,83,439,443,783,783
2016-06-14 04:20:11,913,470,83,440,444,783,783
2016-06-14 04:20:12,917,471,83,440,444,783,783
2016-06-14 04:20:13,922,472,83,441,444,783,783
2016-06-14 04:20:14,927,473,83,441,445,783,783
2016-06-14 04:20:15,931,474,83,442,445,783,783
2016-06-14 04:20:16,936,475,83,442,445,783,783
2016-06-14 04:20:17,939,476,83,443,445,783,783
2016-06-14 04:20:18,944,477,83,443,445,783,783
2016-06-14 04:20:19,947,478,83,444,446,783,783
2016-06-14 04:20:20,953,479,83,444,446,783,783
2016-06-14 04:20:21,956,480,83,445,446,783,783
2016-06-14 04:20:22,960,481,83,445,446,783,783
2016-06-14 04:20:23,964,482,83,445,446,783,783
2016-06-14 04:20:24,966,483,83,446,447,783,783
2016-06-14 04:20:25,968,484,83,446,447,783,783
2016-06-14 04:20:26,971,485,83,447,447,783,783
2016-06-14 04:20:27,977,486,83,447,447,783,783
2016-06-14 04:20:28,980,487,83,448,447,783,783
2016-06-14 04:20:29,983,488,83,448,448,783,783
2016-06-14 04:20:30,988,489,83,449,448,783,783
2016-06-14 04:20:31,992,490,83,449,448,783,783
2016-06-14 04:20:32,996,491,83,449,448,783,783
2016-06-14 04:20:34,002,492,83,450,449,783,783
2016-06-14 04:20:35,005,493,83,450,449,783,783
2016-06-14 04:20:36,006,494,83,451,449,783,783
2016-06-14 04:20:37,008,495,83,451,449,783,783
2016-06-14 04:20:38,012,496,83,452,449,783,783
2016-06-14 04:20:39,017,497,83,452,449,783,783
2016-06-14 04:20:40,020,498,83,452,450,783,783
2016-06-14 04:20:41,026,499,83,453,450,783,783
2016-06-14 04:20:42,029,500,83,453,450,783,783
2016-06-14 04:20:43,035,501,83,454,449,783,783
2016-06-14 04:20:44,040,502,83,454,450,783,783
2016-06-14 04:20:45,045,503,83,455,450,783,783
2016-06-14 04:20:46,046,504,83,455,450,783,783
2016-06-14 04:20:47,049,505,83,456,450,783,783
2016-06-14 04:20:48,054,506,83,456,451,783,783
2016-06-14 04:20:49,055,507,83,456,451,783,783
2016-06-14 04:20:50,056,508,83,457,451,783,783
2016-06-14 04:20:51,061,509,83,457,451,783,783
2016-06-14 04:20:52,062,510,83,458,452,783,783
2016-06-14 04:20:53,065,511,83,458,452,783,783
2016-06-14 04:20:54,068,512,83,459,452,783,783
2016-06-14 04:20:55,074,513,83,459,452,783,783
2016-06-14 04:20:56,076,514,83,460,453,783,783
2016-06-14 04:20:57,080,515,83,460,453,783,783
2016-06-14 04:20:58,085,516,83,461,453,783,783
2016-06-14 04:20:59,087,517,83,461,453,783,783
2016-06-14 04:21:00,089,518,83,461,453,783,783
2016-06-14 04:21:01,092,519,83,462,453,783,783
2016-06-14 04:21:02,095,520,83,462,454,783,783
2016-06-14 04:21:03,100,521,83,463,454,783,783
2016-06-14 04:21:04,103,522,83,463,454,783,783
2016-06-14 04:21:05,106,523,83,464,454,783,783
2016-06-14 04:21:06,108,524,83,464,454,783,783
2016-06-14 04:21:07,112,525,83,465,455,783,783
2016-06-14 04:21:08,116,526,83,465,455,783,783
2016-06-14 04:21:09,121,527,83,465,455,783,783
2016-06-14 04:21:10,127,528,83,466,455,783,783
2016-06-14 04:21:11,128,529,83,466,456,783,783
2016-06-14 04:21:12,133,530,83,467,456,783,783
2016-06-14 04:21:13,135,531,83,467,456,783,783
2016-06-14 04:21:14,137,532,83,468,456,783,783
2016-06-14 04:21:15,143,533,83,468,456,783,783
2016-06-14 04:21:16,147,534,83,468,456,783,783
2016-06-14 04:21:17,153,535,83,469,457,783,783
2016-06-14 04:21:18,158,536,83,469,457,783,783
2016-06-14 04:21:19,159,537,83,470,457,783,783
2016-06-14 04:21:20,160,538,83,470,457,783,783
2016-06-14 04:21:21,165,539,83,471,457,783,783
2016-06-14 04:21:22,168,540,83,471,457,783,783
2016-06-14 04:21:23,173,541,83,472,458,783,783
2016-06-14 04:21:24,177,542,83,472,458,783,783
2016-06-14 04:21:25,182,543,83,473,458,783,783
2016-06-14 04:21:26,187,544,83,473,458,783,783
2016-06-14 04:21:27,190,545,83,474,458,783,783
2016-06-14 04:21:28,196,546,83,474,459,783,783
2016-06-14 04:21:29,199,547,83,475,459,783,783
2016-06-14 04:21:30,203,548,83,475,459,783,783
2016-06-14 04:21:31,208,549,83,476,459,783,783
2016-06-14 04:21:32,214,550,83,476,459,783,783
2016-06-14 04:21:33,217,551,83,477,460,783,783
2016-06-14 04:21:34,222,552,83,477,460,783,783
2016-06-14 04:21:35,226,553,83,478,460,783,783
2016-06-14 04:21:36,231,554,83,478,460,783,783
2016-06-14 04:21:37,232,555,83,479,460,783,783
2016-06-14 04:21:38,235,556,83,479,461,783,783
2016-06-14 04:21:39,237,557,83,479,461,783,783
2016-06-14 04:21:40,239,558,83,480,461,783,783
2016-06-14 04:21:41,245,559,83,480,461,783,783
2016-06-14 04:21:42,248,560,83,481,461,783,783
2016-06-14 04:21:43,254,561,83,481,461,783,783
2016-06-14 04:21:44,256,562,83,482,461,783,783
2016-06-14 04:21:45,262,563,83,482,461,783,783
2016-06-14 04:21:46,265,564,83,483,461,783,783
2016-06-14 04:21:47,269,565,83,483,462,783,783
2016-06-14 04:21:48,275,566,83,483,462,783,783
2016-06-14 04:21:49,278,567,83,484,462,783,783
2016-06-14 04:21:50,282,569,83,484,462,783,783
2016-06-14 04:21:51,286,570,83,485,462,783,783
2016-06-14 04:21:52,291,571,83,485,463,783,783
2016-06-14 04:21:53,293,572,83,485,463,783,783
2016-06-14 04:21:54,299,573,83,486,463,783,783
2016-06-14 04:21:55,304,574,83,486,463,783,783
2016-06-14 04:21:56,307,575,83,487,464,783,783
2016-06-14 04:21:57,309,576,83,487,464,783,783
2016-06-14 04:21:58,315,577,83,487,464,783,783
2016-06-14 04:21:59,320,578,83,488,464,783,783
2016-06-14 04:22:00,324,579,83,488,464,783,783
2016-06-14 04:22:01,325,580,83,489,465,783,783
2016-06-14 04:22:02,330,581,83,489,465,783,783
2016-06-14 04:22:03,331,582,83,490,465,783,783
2016-06-14 04:22:04,333,583,83,491,465,783,783
2016-06-14 04:22:05,339,584,83,491,465,783,783
2016-06-14 04:22:06,344,585,83,491,466,783,783
2016-06-14 04:22:07,348,586,83,492,466,783,783
2016-06-14 04:22:08,349,587,83,492,466,783,783
2016-06-14 04:22:09,352,588,83,493,466,783,783
2016-06-14 04:22:10,355,589,83,493,467,783,783
2016-06-14 04:22:11,360,590,83,493,467,783,783
2016-06-14 04:22:12,363,591,83,494,467,783,783
2016-06-14 04:22:13,365,592,83,494,468,783,783
2016-06-14 04:22:14,371,593,83,495,468,783,783
2016-06-14 04:22:15,373,594,83,495,468,783,783
2016-06-14 04:22:16,377,595,83,496,468,783,783
2016-06-14 04:22:17,380,596,83,496,469,783,783
2016-06-14 04:22:18,382,597,83,496,469,783,783
2016-06-14 04:22:19,387,598,83,497,469,783,783
2016-06-14 04:22:20,390,599,83,497,469,783,783
2016-06-14 04:22:21,393,600,83,497,469,783,783
2016-06-14 04:22:22,396,601,83,498,470,783,783
2016-06-14 04:22:23,397,602,83,498,470,783,783
2016-06-14 04:22:24,402,603,83,499,470,783,783
2016-06-14 04:22:25,405,604,83,499,470,783,783
2016-06-14 04:22:26,407,605,83,500,471,783,783
2016-06-14 04:22:27,410,606,83,500,471,783,783
2016-06-14 04:22:28,411,607,83,500,471,783,783
2016-06-14 04:22:29,412,608,83,501,471,783,783
2016-06-14 04:22:30,416,609,83,501,471,783,783
2016-06-14 04:22:31,418,610,83,502,471,783,783
2016-06-14 04:22:32,422,611,83,502,472,783,783
2016-06-14 04:22:33,424,612,83,502,472,783,783
2016-06-14 04:22:34,429,613,83,503,472,783,783
2016-06-14 04:22:35,431,614,83,503,473,783,783
2016-06-14 04:22:36,435,615,83,503,473,783,783
2016-06-14 04:22:37,440,616,83,504,473,783,783
2016-06-14 04:22:38,441,617,83,504,473,783,783
2016-06-14 04:22:39,446,618,83,504,474,783,783
2016-06-14 04:22:40,449,619,83,505,474,783,783
2016-06-14 04:22:41,452,620,83,505,474,783,783
2016-06-14 04:22:42,457,621,83,505,474,783,783
2016-06-14 04:22:43,460,622,83,506,475,783,783
2016-06-14 04:22:44,464,623,83,506,475,783,783
2016-06-14 04:22:45,466,624,83,507,475,783,783
2016-06-14 04:22:46,470,625,83,507,475,783,783
2016-06-14 04:22:47,475,626,83,507,476,783,783
2016-06-14 04:22:48,481,627,83,508,476,783,783
2016-06-14 04:22:49,483,628,83,508,476,783,783
2016-06-14 04:22:50,489,629,83,508,477,783,783
2016-06-14 04:22:51,491,630,83,509,477,783,783
2016-06-14 04:22:52,495,631,83,509,477,783,783
2016-06-14 04:22:53,496,632,83,509,477,783,783
2016-06-14 04:22:54,502,633,83,509,477,783,783
2016-06-14 04:22:55,505,634,83,510,478,783,783
2016-06-14 04:22:56,507,635,83,510,478,783,783
2016-06-14 04:22:57,510,636,83,511,478,783,783
2016-06-14 04:22:58,513,637,83,511,478,783,783
2016-06-14 04:22:59,515,638,83,511,479,783,783
2016-06-14 04:23:00,520,639,83,512,479,783,783
2016-06-14 04:23:01,523,640,83,512,479,783,783
2016-06-14 04:23:02,528,641,83,512,479,783,783
2016-06-14 04:23:03,533,642,83,512,479,783,783
2016-06-14 04:23:04,537,643,83,513,479,783,783
2016-06-14 04:23:05,542,644,83,513,479,783,783
2016-06-14 04:23:06,547,645,83,514,480,783,783
2016-06-14 04:23:07,550,646,83,514,480,783,783
2016-06-14 04:23:08,554,647,83,514,480,783,783
2016-06-14 04:23:09,556,648,83,514,480,783,783
2016-06-14 04:23:10,559,649,83,515,480,783,783
2016-06-14 04:23:11,561,650,83,515,481,783,783
2016-06-14 04:23:12,563,651,83,515,481,783,783
2016-06-14 04:23:13,569,652,83,516,481,783,783
2016-06-14 04:23:14,571,653,83,516,481,783,783
2016-06-14 04:23:15,574,654,83,516,482,783,783
2016-06-14 04:23:16,579,655,83,517,482,783,783
2016-06-14 04:23:17,581,656,83,517,482,783,783
2016-06-14 04:23:18,584,657,83,517,483,783,783
2016-06-14 04:23:19,587,658,83,517,483,783,783
2016-06-14 04:23:20,590,659,83,518,483,783,783
2016-06-14 04:23:21,594,660,83,518,483,783,783
2016-06-14 04:23:22,596,661,83,519,484,783,783
2016-06-14 04:23:23,600,662,83,519,484,783,783
2016-06-14 04:23:24,604,663,83,519,484,783,783
2016-06-14 04:23:25,608,664,83,520,484,783,783
2016-06-14 04:23:26,612,665,83,520,485,783,783
2016-06-14 04:23:27,616,666,83,520,485,783,783
2016-06-14 04:23:28,622,667,83,521,485,783,783
2016-06-14 04:23:29,625,668,83,521,485,783,783
2016-06-14 04:23:30,631,669,83,521,486,783,783
2016-06-14 04:23:31,634,670,83,522,486,783,783
2016-06-14 04:23:32,638,671,83,522,486,783,783
2016-06-14 04:23:33,642,672,83,523,486,783,783
2016-06-14 04:23:34,648,673,83,523,486,783,783
2016-06-14 04:23:35,650,674,83,523,487,783,783
2016-06-14 04:23:36,655,675,83,524,487,783,783
2016-06-14 04:23:37,659,676,83,524,487,783,783
2016-06-14 04:23:38,662,677,83,524,487,783,783
2016-06-14 04:23:39,667,678,83,525,488,783,783
2016-06-14 04:23:40,669,679,83,525,488,783,783
2016-06-14 04:23:41,672,680,83,525,488,783,783
2016-06-14 04:23:42,674,681,83,526,488,783,783
2016-06-14 04:23:43,677,682,83,526,489,783,783
2016-06-14 04:23:44,683,683,83,527,489,783,783
2016-06-14 04:23:45,687,684,83,527,489,783,783
2016-06-14 04:23:46,691,685,83,527,489,783,783
2016-06-14 04:23:47,693,686,83,528,490,783,783
2016-06-14 04:23:48,697,687,83,528,490,783,783
2016-06-14 04:23:49,698,688,83,529,490,783,783
2016-06-14 04:23:50,703,689,83,529,490,783,783
2016-06-14 04:23:51,707,690,83,530,490,783,783
2016-06-14 04:23:52,710,691,83,530,490,783,783
2016-06-14 04:23:53,715,692,83,530,490,783,783
2016-06-14 04:23:54,721,693,83,531,491,783,783
2016-06-14 04:23:55,725,694,83,531,491,783,783
2016-06-14 04:23:56,730,695,83,532,491,783,783
2016-06-14 04:23:57,735,696,83,532,491,783,783
2016-06-14 04:23:58,739,697,83,533,491,783,783
2016-06-14 04:23:59,742,698,83,533,492,783,783
2016-06-14 04:24:00,745,699,83,534,492,783,783
2016-06-14 04:24:01,749,700,83,534,492,783,783
2016-06-14 04:24:02,752,701,83,535,492,783,783
2016-06-14 04:24:03,757,702,83,535,492,783,783
2016-06-14 04:24:04,758,703,83,535,492,783,783
2016-06-14 04:24:05,761,704,83,536,493,783,783
2016-06-14 04:24:06,764,705,83,536,493,783,783
2016-06-14 04:24:07,767,706,83,537,493,783,783
2016-06-14 04:24:08,773,707,83,537,493,783,783
2016-06-14 04:24:09,778,708,83,538,493,783,783
2016-06-14 04:24:10,781,709,83,538,492,783,783
2016-06-14 04:24:11,782,710,83,538,492,783,783
2016-06-14 04:24:12,786,711,83,539,492,783,783
2016-06-14 04:24:13,788,712,83,539,492,783,783
2016-06-14 04:24:14,793,713,83,540,492,783,783
2016-06-14 04:24:15,796,714,83,540,492,783,783
2016-06-14 04:24:16,801,715,83,541,492,783,783
2016-06-14 04:24:17,805,716,83,541,492,783,783
2016-06-14 04:24:18,811,717,83,541,491,783,783
2016-06-14 04:24:19,813,718,83,542,491,783,783
2016-06-14 04:24:20,819,719,83,543,491,783,783
2016-06-14 04:24:21,822,720,83,543,491,783,783
2016-06-14 04:24:22,823,721,83,544,491,783,783
2016-06-14 04:24:23,828,722,83,544,491,783,783
2016-06-14 04:24:24,834,723,83,544,490,783,783
2016-06-14 04:24:25,839,724,83,545,490,783,783
2016-06-14 04:24:26,840,725,83,545,490,783,783
2016-06-14 04:24:27,842,726,83,546,490,783,783
2016-06-14 04:24:28,846,727,83,546,489,783,783
2016-06-14 04:24:29,851,728,83,547,489,783,783
2016-06-14 04:24:30,854,729,83,547,489,783,783
2016-06-14 04:24:31,855,730,83,548,489,783,783
2016-06-14 04:24:32,860,731,83,548,489,783,783
2016-06-14 04:24:33,864,732,83,549,488,783,783
2016-06-14 04:24:34,868,733,83,549,488,783,783
2016-06-14 04:24:35,869,734,83,550,488,783,783
2016-06-14 04:24:36,872,735,83,551,488,783,783
2016-06-14 04:24:37,873,736,83,551,488,783,783
2016-06-14 04:24:38,876,737,83,551,487,783,783
2016-06-14 04:24:39,881,738,83,552,487,783,783
2016-06-14 04:24:40,886,739,83,552,487,783,783
2016-06-14 04:24:41,888,740,83,553,486,783,783
2016-06-14 04:24:42,893,741,83,553,485,783,783
2016-06-14 04:24:43,894,742,83,554,485,783,783
2016-06-14 04:24:44,898,743,83,554,485,783,783
2016-06-14 04:24:45,900,744,83,554,484,783,783
2016-06-14 04:24:46,903,745,83,555,484,783,783
2016-06-14 04:24:47,909,746,83,555,483,783,783
2016-06-14 04:24:48,909,747,83,556,483,783,783
2016-06-14 04:24:49,914,748,83,556,482,783,783
2016-06-14 04:24:50,920,749,83,557,481,783,783
2016-06-14 04:24:51,926,750,83,557,481,783,783
2016-06-14 04:24:52,929,751,83,557,481,783,783
2016-06-14 04:24:53,934,752,83,558,481,783,783
2016-06-14 04:24:54,938,753,83,558,480,783,783
2016-06-14 04:24:55,942,754,83,559,480,783,783
2016-06-14 04:24:56,945,755,83,559,480,783,783
2016-06-14 04:24:57,948,756,83,560,479,783,783
2016-06-14 04:24:58,954,757,83,560,479,783,783
2016-06-14 04:24:59,955,758,83,561,478,783,783
2016-06-14 04:25:00,958,759,83,561,478,783,783
2016-06-14 04:25:01,959,760,83,561,477,783,783
2016-06-14 04:25:02,965,761,83,562,477,783,783
2016-06-14 04:25:03,970,762,83,562,477,783,783
2016-06-14 04:25:04,975,763,83,563,477,783,783
2016-06-14 04:25:05,978,764,83,563,476,783,783
2016-06-14 04:25:06,983,765,83,564,476,783,783
2016-06-14 04:25:07,984,766,83,564,475,783,783
2016-06-14 04:25:08,985,767,83,564,475,783,783
2016-06-14 04:25:09,990,768,83,564,475,783,783
2016-06-14 04:25:10,992,769,83,565,475,783,783
2016-06-14 04:25:11,996,770,83,565,474,783,783
2016-06-14 04:25:12,997,771,83,566,474,783,783
2016-06-14 04:25:13,998,772,83,566,474,783,783
2016-06-14 04:25:15,001,773,83,567,474,783,783
2016-06-14 04:25:16,004,774,83,567,474,783,783
2016-06-14 04:25:17,007,775,83,567,474,783,783
2016-06-14 04:25:18,012,776,83,566,473,783,783
2016-06-14 04:25:19,015,777,83,565,473,783,783
2016-06-14 04:25:20,018,778,83,563,472,783,783
2016-06-14 04:25:21,019,779,84,561,471,783,783
2016-06-14 04:25:22,023,780,83,559,470,783,783
2016-06-14 04:25:23,028,781,83,558,469,783,783
2016-06-14 04:25:24,033,782,83,556,468,783,783
2016-06-14 04:25:25,036,783,83,555,467,783,783
2016-06-14 04:25:26,039,784,83,553,466,783,783
2016-06-14 04:25:27,045,785,83,552,465,783,783
2016-06-14 04:25:28,049,786,83,550,464,783,783
2016-06-14 04:25:29,053,787,83,549,464,783,783
2016-06-14 04:25:30,056,788,83,548,463,783,783
2016-06-14 04:25:31,061,789,83,547,462,783,783
2016-06-14 04:25:32,062,790,83,548,462,783,783
2016-06-14 04:25:33,065,791,83,549,461,783,783
2016-06-14 04:25:34,068,792,83,550,461,783,783
2016-06-14 04:25:35,069,793,83,551,460,783,783
2016-06-14 04:25:36,070,794,83,551,460,783,783
2016-06-14 04:25:37,075,795,83,552,460,783,783
2016-06-14 04:25:38,076,796,83,553,459,783,783
2016-06-14 04:25:39,078,797,84,553,459,783,783
2016-06-14 04:25:40,082,798,83,554,459,783,783
2016-06-14 04:25:41,085,799,83,554,459,783,783
2016-06-14 04:25:42,091,800,83,555,459,783,783
2016-06-14 04:25:43,091,801,83,555,459,783,783
2016-06-14 04:25:44,094,802,84,555,459,783,783
2016-06-14 04:25:45,098,803,84,555,459,783,783
2016-06-14 04:25:46,100,804,83,554,459,783,783
2016-06-14 04:25:47,106,805,83,554,459,783,783
2016-06-14 04:25:48,111,806,83,554,458,783,783
2016-06-14 04:25:49,114,807,84,554,458,783,783
2016-06-14 04:25:50,117,808,83,554,458,783,783
2016-06-14 04:25:51,123,809,84,554,458,783,783
2016-06-14 04:25:52,127,810,84,554,458,783,783
2016-06-14 04:25:53,131,811,83,554,457,783,783
2016-06-14 04:25:54,137,812,83,554,457,783,783
2016-06-14 04:25:55,140,813,84,554,457,783,783
2016-06-14 04:25:56,145,814,84,554,457,783,783
2016-06-14 04:25:57,148,815,83,554,457,783,783
2016-06-14 04:25:58,149,816,83,553,456,783,783
2016-06-14 04:25:59,153,817,84,553,456,783,783
2016-06-14 04:26:00,155,818,84,553,456,783,783
2016-06-14 04:26:01,158,819,83,553,456,783,783
2016-06-14 04:26:02,162,820,84,553,455,783,783
2016-06-14 04:26:03,168,821,83,553,455,783,783
2016-06-14 04:26:04,172,822,83,552,455,783,783
2016-06-14 04:26:05,175,823,84,552,455,783,783
2016-06-14 04:26:06,181,824,84,552,455,783,783
2016-06-14 04:26:07,181,825,84,552,454,783,783
2016-06-14 04:26:08,184,826,84,552,454,783,783
2016-06-14 04:26:09,189,827,83,551,454,783,783
2016-06-14 04:26:10,191,828,84,551,454,783,783
2016-06-14 04:26:11,196,829,84,551,454,783,783
2016-06-14 04:26:12,197,830,84,551,454,783,783
2016-06-14 04:26:13,202,831,84,551,453,783,783
2016-06-14 04:26:14,203,832,84,550,453,783,783
2016-06-14 04:26:15,205,833,84,550,453,783,783
2016-06-14 04:26:16,207,834,84,550,453,783,783
2016-06-14 04:26:17,210,835,84,550,453,783,783
2016-06-14 04:26:18,215,836,83,550,452,783,783
2016-06-14 04:26:19,218,837,84,549,452,783,783
2016-06-14 04:26:20,221,838,84,549,452,783,783
2016-06-14 04:26:21,226,839,84,549,452,783,783
2016-06-14 04:26:22,232,840,84,549,452,783,783
2016-06-14 04:26:23,235,841,84,548,451,783,783
2016-06-14 04:26:24,240,842,84,548,451,783,783
2016-06-14 04:26:25,243,843,84,548,451,783,783
2016-06-14 04:26:26,245,844,84,548,451,783,783
2016-06-14 04:26:27,246,845,84,547,450,783,783
2016-06-14 04:26:28,250,846,84,547,450,783,783
2016-06-14 04:26:29,252,847,84,547,450,783,783
2016-06-14 04:26:30,253,848,84,547,450,783,783
2016-06-14 04:26:31,257,849,84,546,450,783,783
2016-06-14 04:26:32,258,850,84,546,450,783,783
2016-06-14 04:26:33,261,851,84,546,450,783,783
2016-06-14 04:26:34,264,852,84,546,449,783,783
2016-06-14 04:26:35,267,853,84,545,449,783,783
2016-06-14 04:26:36,273,854,84,545,449,783,783
2016-06-14 04:26:37,276,855,84,545,449,783,783
2016-06-14 04:26:38,281,857,84,544,448,783,783
2016-06-14 04:26:39,283,858,84,544,448,783,783
2016-06-14 04:26:40,287,859,84,544,448,783,783
2016-06-14 04:26:41,288,860,84,544,448,783,783
2016-06-14 04:26:42,289,861,84,543,448,783,783
2016-06-14 04:26:43,292,862,84,543,447,783,783
2016-06-14 04:26:44,297,863,84,543,447,783,783
2016-06-14 04:26:45,300,864,84,543,447,783,783
2016-06-14 04:26:46,303,865,84,542,447,783,783
2016-06-14 04:26:47,304,866,84,542,447,783,783
2016-06-14 04:26:48,307,867,84,542,446,783,783
2016-06-14 04:26:49,310,868,84,542,446,783,783
2016-06-14 04:26:50,311,869,84,542,446,783,783
2016-06-14 04:26:51,315,870,84,541,446,783,783
2016-06-14 04:26:52,319,871,84,541,446,783,783
2016-06-14 04:26:53,323,872,84,541,445,783,783
2016-06-14 04:26:54,326,873,84,540,445,783,783
2016-06-14 04:26:55,329,874,84,540,445,783,783
