2017-06-18 20:56:42,525,coffee,datetime,ms,seconds,ambient_temp,thermocouple_0_temp,thermocouple_1_temp,thermocouple_2_temp,thermocouple_3_temp
2017-06-18 20:56:44,583,2,93,498,420,776,779
2017-06-18 20:56:45,586,3,93,491,415,776,779
2017-06-18 20:56:46,589,4,93,482,409,776,779
2017-06-18 20:56:47,592,5,93,471,404,776,779
2017-06-18 20:56:48,595,6,93,458,399,776,779
2017-06-18 20:56:49,598,7,93,447,395,776,779
2017-06-18 20:56:50,601,8,93,436,392,776,779
2017-06-18 20:56:51,604,9,93,425,389,776,779
2017-06-18 20:56:52,606,10,93,416,387,776,779
2017-06-18 20:56:53,610,11,93,406,385,776,779
2017-06-18 20:56:54,613,12,93,397,382,776,779
2017-06-18 20:56:55,616,13,93,388,381,776,779
2017-06-18 20:56:56,618,14,93,380,379,776,779
2017-06-18 20:56:57,622,15,93,372,377,776,779
2017-06-18 20:56:58,626,16,93,364,375,776,779
2017-06-18 20:56:59,626,17,93,357,374,776,779
2017-06-18 20:57:00,631,18,93,350,372,776,779
2017-06-18 20:57:01,635,19,93,342,370,776,779
2017-06-18 20:57:02,637,20,93,335,369,776,779
2017-06-18 20:57:03,641,21,93,329,368,776,779
2017-06-18 20:57:04,644,22,93,324,367,776,779
2017-06-18 20:57:05,647,23,93,318,365,776,779
2017-06-18 20:57:06,650,24,93,312,364,776,779
2017-06-18 20:57:07,650,25,93,307,363,776,779
2017-06-18 20:57:08,652,26,93,302,362,776,779
2017-06-18 20:57:09,652,27,93,298,361,776,779
2017-06-18 20:57:10,654,28,93,293,360,776,779
2017-06-18 20:57:11,657,29,93,289,359,776,779
2017-06-18 20:57:12,658,30,93,284,358,776,779
2017-06-18 20:57:13,660,31,93,281,357,776,779
2017-06-18 20:57:14,665,32,93,277,357,776,779
2017-06-18 20:57:15,669,33,93,273,357,776,779
2017-06-18 20:57:16,672,34,93,270,357,776,779
2017-06-18 20:57:17,676,35,93,266,356,776,779
2017-06-18 20:57:18,682,36,93,263,356,776,779
2017-06-18 20:57:19,687,37,93,260,356,776,779
2017-06-18 20:57:20,693,38,93,257,355,776,779
2017-06-18 20:57:21,699,39,93,255,355,776,779
2017-06-18 20:57:22,705,40,93,252,355,776,779
2017-06-18 20:57:23,710,41,93,250,355,776,779
2017-06-18 20:57:24,713,42,93,247,355,776,779
2017-06-18 20:57:25,715,43,93,245,355,776,779
2017-06-18 20:57:26,717,44,93,243,354,776,779
2017-06-18 20:57:27,721,45,93,241,354,776,779
2017-06-18 20:57:28,726,46,93,239,354,776,779
2017-06-18 20:57:29,726,47,93,238,354,776,779
2017-06-18 20:57:30,727,48,93,236,354,776,779
2017-06-18 20:57:31,728,49,93,234,354,776,779
2017-06-18 20:57:32,729,50,93,233,354,776,779
2017-06-18 20:57:33,733,51,93,231,354,776,779
2017-06-18 20:57:34,736,52,93,230,354,776,778
2017-06-18 20:57:35,739,53,93,228,354,776,779
2017-06-18 20:57:36,742,54,93,227,354,776,779
2017-06-18 20:57:37,745,55,93,226,354,776,779
2017-06-18 20:57:38,748,56,93,225,354,776,779
2017-06-18 20:57:39,751,57,93,224,354,776,779
2017-06-18 20:57:40,754,58,93,224,354,776,779
2017-06-18 20:57:41,757,59,93,223,353,776,779
2017-06-18 20:57:42,760,60,93,222,354,776,778
2017-06-18 20:57:43,764,61,93,221,354,776,779
2017-06-18 20:57:44,767,62,93,220,355,776,778
2017-06-18 20:57:45,772,63,93,220,356,776,779
2017-06-18 20:57:46,774,64,93,219,357,776,779
2017-06-18 20:57:47,775,65,93,219,357,776,779
2017-06-18 20:57:48,776,66,93,218,358,776,779
2017-06-18 20:57:49,782,67,93,218,359,776,779
2017-06-18 20:57:50,784,68,93,217,359,776,779
2017-06-18 20:57:51,785,69,93,217,360,776,779
2017-06-18 20:57:52,786,70,93,217,361,776,779
2017-06-18 20:57:53,792,71,93,217,362,776,779
2017-06-18 20:57:54,792,72,93,217,362,776,778
2017-06-18 20:57:55,796,73,93,216,363,776,778
2017-06-18 20:57:56,802,74,93,216,363,776,778
2017-06-18 20:57:57,806,75,93,216,364,776,778
2017-06-18 20:57:58,807,76,93,216,365,776,779
2017-06-18 20:57:59,812,77,93,216,365,776,779
2017-06-18 20:58:00,814,78,93,216,366,776,779
2017-06-18 20:58:01,819,79,93,216,366,776,778
2017-06-18 20:58:02,824,80,93,217,367,776,779
2017-06-18 20:58:03,826,81,93,216,368,776,778
2017-06-18 20:58:04,828,82,93,217,368,776,779
2017-06-18 20:58:05,831,83,93,217,369,776,779
2017-06-18 20:58:06,834,84,93,217,369,776,778
2017-06-18 20:58:07,837,85,93,217,370,776,779
2017-06-18 20:58:08,838,86,93,218,371,776,779
2017-06-18 20:58:09,842,87,93,218,371,776,779
2017-06-18 20:58:10,846,88,93,218,372,776,779
2017-06-18 20:58:11,847,89,93,219,372,776,778
2017-06-18 20:58:12,852,90,93,219,373,776,779
2017-06-18 20:58:13,857,91,93,219,373,776,779
2017-06-18 20:58:14,858,92,93,220,374,776,779
2017-06-18 20:58:15,862,93,93,220,374,776,778
2017-06-18 20:58:16,865,94,93,220,375,776,778
2017-06-18 20:58:17,868,95,93,221,375,776,778
2017-06-18 20:58:18,874,96,93,221,376,776,778
2017-06-18 20:58:19,879,97,93,222,376,776,778
2017-06-18 20:58:20,884,98,93,222,377,776,778
2017-06-18 20:58:21,890,99,93,223,377,776,778
2017-06-18 20:58:22,894,100,93,223,378,776,778
2017-06-18 20:58:23,900,101,93,224,379,776,779
2017-06-18 20:58:24,903,102,93,225,379,776,779
2017-06-18 20:58:25,909,103,93,225,380,776,779
2017-06-18 20:58:26,912,104,93,226,380,776,778
2017-06-18 20:58:27,915,105,93,226,381,776,778
2017-06-18 20:58:28,918,106,93,227,381,776,779
2017-06-18 20:58:29,923,107,93,228,381,776,778
2017-06-18 20:58:30,927,108,93,228,382,776,778
2017-06-18 20:58:31,928,109,93,229,382,776,778
2017-06-18 20:58:32,931,110,93,229,383,776,779
2017-06-18 20:58:33,933,111,93,230,383,776,778
2017-06-18 20:58:34,937,112,93,231,384,776,778
2017-06-18 20:58:35,940,113,93,231,384,776,778
2017-06-18 20:58:36,943,114,93,232,384,776,778
2017-06-18 20:58:37,946,115,93,233,385,776,778
2017-06-18 20:58:38,949,116,93,233,385,776,778
2017-06-18 20:58:39,952,117,93,234,386,776,778
2017-06-18 20:58:40,953,118,93,235,386,776,778
2017-06-18 20:58:41,957,119,93,235,386,776,778
2017-06-18 20:58:42,961,120,93,236,386,776,778
2017-06-18 20:58:43,967,121,93,237,387,776,778
2017-06-18 20:58:44,969,122,93,237,387,776,778
2017-06-18 20:58:45,973,123,93,238,388,776,778
2017-06-18 20:58:46,979,124,93,239,388,776,779
2017-06-18 20:58:47,983,125,93,239,388,776,778
2017-06-18 20:58:48,989,126,93,240,389,776,778
2017-06-18 20:58:49,995,127,93,241,389,776,779
2017-06-18 20:58:50,999,128,93,242,389,776,779
2017-06-18 20:58:52,003,129,93,242,390,776,778
2017-06-18 20:58:53,008,130,93,243,390,776,778
2017-06-18 20:58:54,011,131,93,244,390,776,778
2017-06-18 20:58:55,015,132,93,245,391,776,779
2017-06-18 20:58:56,020,133,93,245,391,776,778
2017-06-18 20:58:57,025,134,93,246,392,776,778
2017-06-18 20:58:58,031,135,93,247,392,776,778
2017-06-18 20:58:59,035,136,93,248,393,776,778
2017-06-18 20:59:00,039,137,93,248,393,776,778
2017-06-18 20:59:01,041,138,93,249,393,776,778
2017-06-18 20:59:02,045,139,93,250,394,776,779
2017-06-18 20:59:03,046,140,93,251,394,776,778
2017-06-18 20:59:04,049,141,93,251,394,776,779
2017-06-18 20:59:05,053,142,93,252,395,776,778
2017-06-18 20:59:06,055,143,93,253,395,776,779
2017-06-18 20:59:07,061,144,93,254,395,776,778
2017-06-18 20:59:08,067,145,93,255,396,776,778
2017-06-18 20:59:09,072,146,93,256,396,776,779
2017-06-18 20:59:10,073,147,93,256,396,776,779
2017-06-18 20:59:11,078,148,93,257,396,776,778
2017-06-18 20:59:12,082,149,93,258,397,776,778
2017-06-18 20:59:13,086,150,93,259,397,776,778
2017-06-18 20:59:14,089,151,93,260,398,776,779
2017-06-18 20:59:15,091,152,93,260,398,776,778
2017-06-18 20:59:16,093,153,93,261,398,776,779
2017-06-18 20:59:17,094,154,93,262,399,776,778
2017-06-18 20:59:18,096,155,93,263,399,776,778
2017-06-18 20:59:19,100,156,93,264,399,776,778
2017-06-18 20:59:20,102,157,93,264,400,776,778
2017-06-18 20:59:21,103,158,93,265,400,776,779
2017-06-18 20:59:22,107,159,93,266,400,776,778
2017-06-18 20:59:23,110,160,93,267,401,776,779
2017-06-18 20:59:24,115,161,93,267,401,776,778
2017-06-18 20:59:25,121,162,93,268,401,776,779
2017-06-18 20:59:26,124,163,93,269,401,776,778
2017-06-18 20:59:27,125,164,93,270,401,776,779
2017-06-18 20:59:28,126,165,93,270,402,776,778
2017-06-18 20:59:29,131,166,93,271,402,776,778
2017-06-18 20:59:30,137,167,93,272,402,776,778
2017-06-18 20:59:31,140,168,93,273,403,776,779
2017-06-18 20:59:32,142,169,93,273,403,776,779
2017-06-18 20:59:33,148,170,93,274,403,776,778
2017-06-18 20:59:34,150,171,93,275,403,776,778
2017-06-18 20:59:35,151,172,93,276,404,776,779
2017-06-18 20:59:36,155,173,93,276,404,776,779
2017-06-18 20:59:37,158,174,93,277,404,776,778
2017-06-18 20:59:38,163,175,93,278,405,776,778
2017-06-18 20:59:39,165,176,93,279,405,776,778
2017-06-18 20:59:40,168,177,93,280,405,776,779
2017-06-18 20:59:41,173,178,93,280,405,776,778
2017-06-18 20:59:42,175,179,93,281,406,776,779
2017-06-18 20:59:43,178,180,93,282,406,776,778
2017-06-18 20:59:44,184,181,93,283,406,776,778
2017-06-18 20:59:45,187,182,93,284,406,776,778
2017-06-18 20:59:46,190,183,93,284,407,776,779
2017-06-18 20:59:47,195,184,93,285,407,776,779
2017-06-18 20:59:48,197,185,93,286,407,776,778
2017-06-18 20:59:49,202,186,93,287,407,776,778
2017-06-18 20:59:50,206,187,93,288,408,776,779
2017-06-18 20:59:51,208,188,93,289,408,776,779
2017-06-18 20:59:52,211,189,93,289,408,776,778
2017-06-18 20:59:53,212,190,93,290,409,776,778
2017-06-18 20:59:54,213,191,93,291,409,776,778
2017-06-18 20:59:55,218,192,93,292,409,776,779
2017-06-18 20:59:56,220,193,93,292,409,776,778
2017-06-18 20:59:57,226,194,93,293,410,776,778
2017-06-18 20:59:58,231,195,93,294,410,776,778
2017-06-18 20:59:59,235,196,93,295,410,776,778
2017-06-18 21:00:00,236,197,93,295,411,776,779
2017-06-18 21:00:01,237,198,93,296,411,776,779
2017-06-18 21:00:02,242,199,93,297,411,776,779
2017-06-18 21:00:03,243,200,93,298,412,776,778
2017-06-18 21:00:04,244,201,93,299,412,776,779
2017-06-18 21:00:05,249,202,93,299,412,776,779
2017-06-18 21:00:06,250,203,93,300,413,776,779
2017-06-18 21:00:07,252,204,93,301,413,776,779
2017-06-18 21:00:08,255,205,93,302,413,776,778
2017-06-18 21:00:09,257,206,93,302,413,776,779
2017-06-18 21:00:10,258,207,93,303,414,776,779
2017-06-18 21:00:11,262,208,93,304,414,776,779
2017-06-18 21:00:12,263,209,93,305,414,776,779
2017-06-18 21:00:13,267,210,93,305,414,776,779
2017-06-18 21:00:14,270,211,93,306,415,776,779
2017-06-18 21:00:15,277,212,93,307,415,776,779
2017-06-18 21:00:16,277,213,93,308,415,776,779
2017-06-18 21:00:17,282,214,93,308,416,776,779
2017-06-18 21:00:18,286,215,93,309,416,776,779
2017-06-18 21:00:19,292,216,93,310,416,776,779
2017-06-18 21:00:20,296,217,93,310,416,776,778
2017-06-18 21:00:21,302,218,93,311,417,776,778
2017-06-18 21:00:22,303,219,93,312,417,776,778
2017-06-18 21:00:23,304,220,93,313,417,776,778
2017-06-18 21:00:24,310,221,93,313,417,776,778
2017-06-18 21:00:25,314,222,93,314,418,776,779
2017-06-18 21:00:26,320,223,93,315,418,776,779
2017-06-18 21:00:27,325,224,93,316,418,776,778
2017-06-18 21:00:28,331,225,93,316,418,776,779
2017-06-18 21:00:29,332,226,93,317,419,776,778
2017-06-18 21:00:30,337,227,93,318,419,776,778
2017-06-18 21:00:31,341,228,93,319,419,776,779
2017-06-18 21:00:32,345,229,93,319,420,776,779
2017-06-18 21:00:33,348,230,93,320,420,776,778
2017-06-18 21:00:34,354,231,93,321,420,776,779
2017-06-18 21:00:35,360,232,93,321,420,776,779
2017-06-18 21:00:36,362,233,93,322,421,776,778
2017-06-18 21:00:37,368,234,93,323,421,776,779
2017-06-18 21:00:38,371,235,93,323,421,776,778
2017-06-18 21:00:39,374,236,93,324,421,776,778
2017-06-18 21:00:40,379,237,93,325,422,776,779
2017-06-18 21:00:41,385,238,93,326,422,776,778
2017-06-18 21:00:42,388,239,93,326,422,776,778
2017-06-18 21:00:43,389,240,93,327,422,776,779
2017-06-18 21:00:44,393,241,93,328,423,776,779
2017-06-18 21:00:45,395,242,93,329,423,776,779
2017-06-18 21:00:46,396,243,93,329,423,776,778
2017-06-18 21:00:47,399,244,93,330,424,776,778
2017-06-18 21:00:48,402,245,93,331,424,776,778
2017-06-18 21:00:49,403,246,93,331,424,776,778
2017-06-18 21:00:50,404,247,93,332,425,776,779
2017-06-18 21:00:51,409,248,93,333,425,776,779
2017-06-18 21:00:52,410,249,93,334,425,776,779
2017-06-18 21:00:53,412,250,93,334,425,776,779
2017-06-18 21:00:54,413,251,93,335,426,776,779
2017-06-18 21:00:55,417,252,93,336,426,776,779
2017-06-18 21:00:56,421,253,93,336,426,776,778
2017-06-18 21:00:57,422,254,93,337,427,776,779
2017-06-18 21:00:58,423,255,93,338,427,776,778
2017-06-18 21:00:59,428,256,93,338,427,776,779
2017-06-18 21:01:00,429,257,93,339,427,776,779
2017-06-18 21:01:01,431,258,93,340,428,776,779
2017-06-18 21:01:02,435,259,93,340,428,776,779
2017-06-18 21:01:03,436,260,93,341,429,776,779
2017-06-18 21:01:04,438,261,93,341,429,776,779
2017-06-18 21:01:05,441,262,93,342,429,776,779
2017-06-18 21:01:06,443,263,93,343,429,776,779
2017-06-18 21:01:07,445,264,93,343,430,776,779
2017-06-18 21:01:08,451,265,93,344,430,776,778
2017-06-18 21:01:09,456,266,93,345,430,776,778
2017-06-18 21:01:10,460,267,93,345,430,776,778
2017-06-18 21:01:11,464,268,93,346,431,776,778
2017-06-18 21:01:12,469,269,93,346,431,776,778
2017-06-18 21:01:13,472,270,93,347,432,776,779
2017-06-18 21:01:14,476,271,93,348,432,776,778
2017-06-18 21:01:15,478,272,93,348,432,776,779
2017-06-18 21:01:16,480,273,93,349,432,776,778
2017-06-18 21:01:17,483,274,93,350,433,776,779
2017-06-18 21:01:18,488,275,93,350,433,776,779
2017-06-18 21:01:19,493,276,93,351,433,776,779
2017-06-18 21:01:20,497,277,93,352,433,776,778
2017-06-18 21:01:21,501,278,93,352,434,776,779
2017-06-18 21:01:22,505,279,93,353,434,776,778
2017-06-18 21:01:23,509,280,93,353,434,776,778
2017-06-18 21:01:24,511,281,93,354,434,776,779
2017-06-18 21:01:25,515,282,93,355,434,776,778
2017-06-18 21:01:26,519,283,93,355,435,776,779
2017-06-18 21:01:27,520,284,93,356,435,776,778
2017-06-18 21:01:28,525,286,93,357,435,776,779
2017-06-18 21:01:29,530,287,93,357,436,776,778
2017-06-18 21:01:30,533,288,93,358,436,776,778
2017-06-18 21:01:31,533,289,93,358,436,776,778
2017-06-18 21:01:32,536,290,93,359,436,776,779
2017-06-18 21:01:33,540,291,93,359,437,776,779
2017-06-18 21:01:34,546,292,93,360,437,776,779
2017-06-18 21:01:35,548,293,93,361,437,776,778
2017-06-18 21:01:36,554,294,93,361,437,776,778
2017-06-18 21:01:37,557,295,93,362,438,776,779
2017-06-18 21:01:38,563,296,93,362,438,776,778
2017-06-18 21:01:39,568,297,93,363,438,776,779
2017-06-18 21:01:40,569,298,93,364,438,776,779
2017-06-18 21:01:41,574,299,93,364,438,776,779
2017-06-18 21:01:42,577,300,93,365,438,776,779
2017-06-18 21:01:43,583,301,93,366,438,776,779
2017-06-18 21:01:44,585,302,93,366,439,776,778
2017-06-18 21:01:45,586,303,93,367,439,776,779
2017-06-18 21:01:46,590,304,93,367,439,776,778
2017-06-18 21:01:47,592,305,93,368,439,776,778
2017-06-18 21:01:48,596,306,93,369,439,776,779
2017-06-18 21:01:49,596,307,93,369,439,776,779
2017-06-18 21:01:50,599,308,93,370,440,776,779
2017-06-18 21:01:51,602,309,93,370,439,776,779
2017-06-18 21:01:52,603,310,93,371,440,776,779
2017-06-18 21:01:53,606,311,93,371,440,776,779
2017-06-18 21:01:54,610,312,93,372,440,776,779
2017-06-18 21:01:55,616,313,93,372,440,776,778
2017-06-18 21:01:56,620,314,93,373,440,776,779
2017-06-18 21:01:57,623,315,93,374,440,776,779
2017-06-18 21:01:58,629,316,93,374,441,776,779
2017-06-18 21:01:59,634,317,93,374,441,776,778
2017-06-18 21:02:00,637,318,93,375,441,776,779
2017-06-18 21:02:01,639,319,93,376,441,776,779
2017-06-18 21:02:02,645,320,93,376,441,776,779
2017-06-18 21:02:03,650,321,93,377,442,776,779
2017-06-18 21:02:04,654,322,93,378,442,776,779
2017-06-18 21:02:05,656,323,93,378,442,776,779
2017-06-18 21:02:06,662,324,93,378,442,776,779
2017-06-18 21:02:07,665,325,93,379,442,776,779
2017-06-18 21:02:08,671,326,93,380,442,776,779
2017-06-18 21:02:09,676,327,93,380,443,776,779
2017-06-18 21:02:10,680,328,93,381,443,776,778
2017-06-18 21:02:11,682,329,93,381,443,776,779
2017-06-18 21:02:12,685,330,93,382,443,776,779
2017-06-18 21:02:13,687,331,93,383,443,776,779
2017-06-18 21:02:14,690,332,93,383,443,776,779
2017-06-18 21:02:15,695,333,93,384,443,776,779
2017-06-18 21:02:16,696,334,93,384,443,776,778
2017-06-18 21:02:17,702,335,93,384,443,776,778
2017-06-18 21:02:18,704,336,93,385,443,776,778
2017-06-18 21:02:19,706,337,93,386,444,776,778
2017-06-18 21:02:20,711,338,93,386,444,776,778
2017-06-18 21:02:21,713,339,93,387,444,776,778
2017-06-18 21:02:22,718,340,93,387,444,776,779
2017-06-18 21:02:23,720,341,93,388,444,776,778
2017-06-18 21:02:24,721,342,93,388,444,776,779
2017-06-18 21:02:25,726,343,93,389,445,776,778
2017-06-18 21:02:26,728,344,93,389,445,776,778
2017-06-18 21:02:27,734,345,93,390,445,776,778
2017-06-18 21:02:28,735,346,93,390,445,776,778
2017-06-18 21:02:29,738,347,93,391,445,776,778
2017-06-18 21:02:30,741,348,93,391,445,776,778
2017-06-18 21:02:31,744,349,93,392,446,776,779
2017-06-18 21:02:32,745,350,93,392,446,776,778
2017-06-18 21:02:33,748,351,93,393,446,776,778
2017-06-18 21:02:34,749,352,93,393,446,776,778
2017-06-18 21:02:35,753,353,93,394,446,776,778
2017-06-18 21:02:36,755,354,93,394,446,776,778
2017-06-18 21:02:37,756,355,93,395,447,776,779
2017-06-18 21:02:38,759,356,93,395,447,776,778
2017-06-18 21:02:39,762,357,93,396,447,776,779
2017-06-18 21:02:40,767,358,93,396,447,776,779
2017-06-18 21:02:41,770,359,93,397,447,776,778
2017-06-18 21:02:42,775,360,93,397,447,776,779
2017-06-18 21:02:43,780,361,93,398,447,776,778
2017-06-18 21:02:44,784,362,93,398,448,776,779
2017-06-18 21:02:45,787,363,93,399,448,776,778
2017-06-18 21:02:46,790,364,93,399,448,776,778
2017-06-18 21:02:47,796,365,93,400,448,776,778
2017-06-18 21:02:48,797,366,93,400,448,776,778
2017-06-18 21:02:49,799,367,93,401,448,776,779
2017-06-18 21:02:50,803,368,93,401,448,776,779
2017-06-18 21:02:51,805,369,93,402,448,776,778
2017-06-18 21:02:52,811,370,93,402,448,776,779
2017-06-18 21:02:53,816,371,93,403,448,776,779
2017-06-18 21:02:54,819,372,93,403,449,776,778
2017-06-18 21:02:55,826,373,93,404,449,776,778
2017-06-18 21:02:56,831,374,93,404,449,776,779
2017-06-18 21:02:57,837,375,93,405,449,776,778
2017-06-18 21:02:58,840,376,93,405,449,776,778
2017-06-18 21:02:59,841,377,93,406,450,776,778
2017-06-18 21:03:00,845,378,93,406,450,776,778
2017-06-18 21:03:01,851,379,93,407,450,776,778
2017-06-18 21:03:02,853,380,93,407,450,776,778
2017-06-18 21:03:03,859,381,93,408,451,776,779
2017-06-18 21:03:04,862,382,93,408,451,776,779
2017-06-18 21:03:05,863,383,93,409,451,776,778
2017-06-18 21:03:06,867,384,93,409,451,776,778
2017-06-18 21:03:07,869,385,93,410,451,776,779
2017-06-18 21:03:08,874,386,93,410,451,776,779
2017-06-18 21:03:09,877,387,93,411,451,776,778
2017-06-18 21:03:10,880,388,93,411,452,776,779
2017-06-18 21:03:11,886,389,93,412,452,776,778
2017-06-18 21:03:12,892,390,93,412,451,776,778
2017-06-18 21:03:13,893,391,93,413,450,776,778
2017-06-18 21:03:14,896,392,93,413,451,776,778
2017-06-18 21:03:15,902,393,93,414,451,776,779
2017-06-18 21:03:16,907,394,93,414,451,776,779
2017-06-18 21:03:17,911,395,93,415,451,776,779
2017-06-18 21:03:18,916,396,93,415,451,776,779
2017-06-18 21:03:19,920,397,93,416,451,776,779
2017-06-18 21:03:20,925,398,93,416,451,776,779
2017-06-18 21:03:21,928,399,93,416,451,776,778
2017-06-18 21:03:22,930,400,93,417,452,776,778
2017-06-18 21:03:23,936,401,93,418,452,776,778
2017-06-18 21:03:24,937,402,93,418,452,776,778
2017-06-18 21:03:25,943,403,93,418,452,776,779
2017-06-18 21:03:26,944,404,93,419,452,776,779
2017-06-18 21:03:27,949,405,93,419,453,776,779
2017-06-18 21:03:28,952,406,93,420,453,776,779
2017-06-18 21:03:29,953,407,93,420,453,776,778
2017-06-18 21:03:30,955,408,93,421,453,776,778
2017-06-18 21:03:31,959,409,93,421,454,776,779
2017-06-18 21:03:32,960,410,93,422,454,776,779
2017-06-18 21:03:33,966,411,93,422,454,776,779
2017-06-18 21:03:34,970,412,93,423,454,776,778
2017-06-18 21:03:35,970,413,93,423,454,776,778
2017-06-18 21:03:36,974,414,93,424,454,776,779
2017-06-18 21:03:37,978,415,93,424,455,776,779
2017-06-18 21:03:38,983,416,93,425,455,776,778
2017-06-18 21:03:39,988,417,93,425,455,776,778
2017-06-18 21:03:40,991,418,93,426,455,776,779
2017-06-18 21:03:41,997,419,93,426,455,776,778
2017-06-18 21:03:43,000,420,93,427,455,776,779
2017-06-18 21:03:44,002,421,93,427,455,776,779
2017-06-18 21:03:45,006,422,93,428,456,776,779
2017-06-18 21:03:46,011,423,93,428,456,776,778
2017-06-18 21:03:47,016,424,93,428,456,776,778
2017-06-18 21:03:48,022,425,93,429,456,776,778
2017-06-18 21:03:49,025,426,93,429,457,776,778
2017-06-18 21:03:50,026,427,93,430,457,776,778
2017-06-18 21:03:51,028,428,93,430,457,776,778
2017-06-18 21:03:52,032,429,93,431,457,776,778
2017-06-18 21:03:53,034,430,93,431,458,776,778
2017-06-18 21:03:54,036,431,93,432,458,776,778
2017-06-18 21:03:55,040,432,93,432,458,776,778
2017-06-18 21:03:56,046,433,93,433,459,776,778
2017-06-18 21:03:57,048,434,93,433,459,776,778
2017-06-18 21:03:58,050,435,93,434,459,776,778
2017-06-18 21:03:59,055,436,93,434,459,776,778
2017-06-18 21:04:00,062,437,93,434,460,776,778
2017-06-18 21:04:01,065,438,93,435,460,776,778
2017-06-18 21:04:02,070,439,93,435,460,776,778
2017-06-18 21:04:03,073,440,94,436,460,776,778
2017-06-18 21:04:04,076,441,94,436,460,776,778
2017-06-18 21:04:05,081,442,93,436,460,776,778
2017-06-18 21:04:06,082,443,93,437,461,776,778
2017-06-18 21:04:07,086,444,93,438,461,776,778
2017-06-18 21:04:08,088,445,93,438,461,776,778
2017-06-18 21:04:09,091,446,93,439,461,776,778
2017-06-18 21:04:10,097,447,93,439,461,776,778
2017-06-18 21:04:11,098,448,93,440,461,776,778
2017-06-18 21:04:12,102,449,93,440,461,776,778
2017-06-18 21:04:13,105,450,93,441,461,776,778
2017-06-18 21:04:14,111,451,93,441,461,776,778
2017-06-18 21:04:15,116,452,93,441,460,776,778
2017-06-18 21:04:16,122,453,93,442,460,776,778
2017-06-18 21:04:17,127,454,93,442,460,776,778
2017-06-18 21:04:18,131,455,93,443,460,776,778
2017-06-18 21:04:19,134,456,93,443,460,776,778
2017-06-18 21:04:20,139,457,93,444,461,776,778
2017-06-18 21:04:21,144,458,93,444,461,776,778
2017-06-18 21:04:22,147,459,94,445,461,776,778
2017-06-18 21:04:23,151,460,93,445,462,776,778
2017-06-18 21:04:24,156,461,93,445,462,776,778
2017-06-18 21:04:25,157,462,93,446,462,776,778
2017-06-18 21:04:26,160,463,93,446,462,776,778
2017-06-18 21:04:27,165,464,93,447,463,776,778
2017-06-18 21:04:28,169,465,93,447,463,776,778
2017-06-18 21:04:29,171,466,94,448,463,776,778
2017-06-18 21:04:30,172,467,93,448,463,776,778
2017-06-18 21:04:31,176,468,93,448,464,776,778
2017-06-18 21:04:32,182,469,93,449,464,776,778
2017-06-18 21:04:33,188,470,93,449,464,776,778
2017-06-18 21:04:34,192,471,94,450,464,776,778
2017-06-18 21:04:35,197,472,93,450,464,776,778
2017-06-18 21:04:36,203,473,94,451,464,776,778
2017-06-18 21:04:37,205,474,94,451,465,776,778
2017-06-18 21:04:38,206,475,94,452,465,776,778
2017-06-18 21:04:39,212,476,93,452,465,776,778
2017-06-18 21:04:40,214,477,93,452,466,776,778
2017-06-18 21:04:41,215,478,94,453,466,776,778
2017-06-18 21:04:42,221,479,93,453,466,776,778
2017-06-18 21:04:43,224,480,94,454,466,776,778
2017-06-18 21:04:44,229,481,93,454,466,776,778
2017-06-18 21:04:45,233,482,94,455,467,776,778
2017-06-18 21:04:46,238,483,93,455,467,776,778
2017-06-18 21:04:47,239,484,93,456,467,776,778
2017-06-18 21:04:48,243,485,93,456,467,776,778
2017-06-18 21:04:49,245,486,93,456,467,776,778
2017-06-18 21:04:50,246,487,93,457,468,776,778
2017-06-18 21:04:51,251,488,93,457,468,776,778
2017-06-18 21:04:52,252,489,93,458,468,776,778
2017-06-18 21:04:53,253,490,93,458,468,776,778
2017-06-18 21:04:54,257,491,93,458,469,776,778
2017-06-18 21:04:55,259,492,94,459,469,776,779
2017-06-18 21:04:56,263,493,93,459,469,776,778
2017-06-18 21:04:57,265,494,94,460,469,776,778
2017-06-18 21:04:58,271,495,94,460,469,776,778
2017-06-18 21:04:59,275,496,94,461,470,776,778
2017-06-18 21:05:00,281,497,94,461,470,776,778
2017-06-18 21:05:01,284,498,93,461,470,776,778
2017-06-18 21:05:02,287,499,94,462,470,776,778
2017-06-18 21:05:03,290,500,94,462,470,776,778
2017-06-18 21:05:04,292,501,94,463,470,776,778
2017-06-18 21:05:05,297,502,93,463,471,776,778
2017-06-18 21:05:06,300,503,94,464,471,776,778
2017-06-18 21:05:07,305,504,94,464,471,776,778
2017-06-18 21:05:08,311,505,94,464,472,776,778
2017-06-18 21:05:09,313,506,94,465,472,776,778
2017-06-18 21:05:10,319,507,93,465,472,776,778
2017-06-18 21:05:11,321,508,94,466,472,776,778
2017-06-18 21:05:12,323,509,94,466,472,776,778
2017-06-18 21:05:13,329,510,94,467,472,776,778
2017-06-18 21:05:14,333,511,94,467,473,776,778
2017-06-18 21:05:15,336,512,93,468,473,776,778
2017-06-18 21:05:16,340,513,94,468,473,776,778
2017-06-18 21:05:17,341,514,93,468,473,776,778
2017-06-18 21:05:18,342,515,94,469,473,776,778
2017-06-18 21:05:19,345,516,94,469,473,776,778
2017-06-18 21:05:20,348,517,93,470,473,776,778
2017-06-18 21:05:21,354,518,94,470,474,776,778
2017-06-18 21:05:22,361,519,94,470,474,776,778
2017-06-18 21:05:23,363,520,94,471,474,776,778
2017-06-18 21:05:24,369,521,94,471,474,776,778
2017-06-18 21:05:25,371,522,94,471,474,776,778
2017-06-18 21:05:26,375,523,94,472,475,776,778
2017-06-18 21:05:27,381,524,94,472,475,776,778
2017-06-18 21:05:28,387,525,94,473,475,776,778
2017-06-18 21:05:29,393,526,93,473,475,776,778
2017-06-18 21:05:30,398,527,94,473,475,776,778
2017-06-18 21:05:31,404,528,94,474,475,776,778
2017-06-18 21:05:32,410,529,94,474,475,776,778
2017-06-18 21:05:33,413,530,94,475,475,776,778
2017-06-18 21:05:34,419,531,94,475,476,776,778
2017-06-18 21:05:35,421,532,94,476,476,776,778
2017-06-18 21:05:36,425,533,94,476,476,776,778
2017-06-18 21:05:37,428,534,93,476,476,776,778
2017-06-18 21:05:38,431,535,94,477,476,776,778
2017-06-18 21:05:39,435,536,94,477,477,776,778
2017-06-18 21:05:40,438,537,94,478,477,776,778
2017-06-18 21:05:41,441,538,94,478,477,776,778
2017-06-18 21:05:42,444,539,94,479,477,776,778
2017-06-18 21:05:43,447,540,94,479,477,776,778
2017-06-18 21:05:44,450,541,94,479,478,776,778
2017-06-18 21:05:45,453,542,94,480,478,776,778
2017-06-18 21:05:46,455,543,94,480,478,776,778
2017-06-18 21:05:47,455,544,94,481,479,776,778
2017-06-18 21:05:48,456,545,94,481,479,776,778
2017-06-18 21:05:49,457,546,94,482,479,776,778
2017-06-18 21:05:50,459,547,94,482,479,776,778
2017-06-18 21:05:51,461,548,94,483,479,776,778
2017-06-18 21:05:52,461,549,94,483,480,776,778
2017-06-18 21:05:53,463,550,94,484,480,776,778
2017-06-18 21:05:54,465,551,94,484,480,776,778
2017-06-18 21:05:55,466,552,94,485,480,776,778
2017-06-18 21:05:56,469,553,94,485,480,776,778
2017-06-18 21:05:57,473,554,94,485,481,776,778
2017-06-18 21:05:58,476,555,94,486,481,776,778
2017-06-18 21:05:59,481,556,94,486,481,776,778
2017-06-18 21:06:00,482,557,94,487,482,776,778
2017-06-18 21:06:01,485,558,94,487,482,776,778
2017-06-18 21:06:02,488,559,94,488,482,776,778
2017-06-18 21:06:03,491,560,94,488,482,776,778
2017-06-18 21:06:04,495,561,94,489,483,776,778
2017-06-18 21:06:05,498,562,94,489,483,776,778
2017-06-18 21:06:06,499,563,94,490,483,776,778
2017-06-18 21:06:07,504,564,94,490,483,776,778
2017-06-18 21:06:08,505,565,94,491,484,776,778
2017-06-18 21:06:09,509,566,94,491,484,776,778
2017-06-18 21:06:10,511,567,94,492,484,776,778
2017-06-18 21:06:11,513,568,94,492,484,776,778
2017-06-18 21:06:12,519,569,94,493,485,776,778
2017-06-18 21:06:13,522,570,94,493,485,776,778
2017-06-18 21:06:14,523,571,94,493,485,776,778
2017-06-18 21:06:15,524,572,94,494,485,776,778
2017-06-18 21:06:16,529,574,94,494,486,776,778
2017-06-18 21:06:17,531,575,94,494,486,776,778
2017-06-18 21:06:18,535,576,94,495,486,776,778
2017-06-18 21:06:19,537,577,94,495,486,776,778
2017-06-18 21:06:20,541,578,94,496,486,776,778
2017-06-18 21:06:21,547,579,94,497,486,776,778
2017-06-18 21:06:22,550,580,94,497,486,776,778
2017-06-18 21:06:23,553,581,94,497,487,776,778
2017-06-18 21:06:24,556,582,94,498,487,776,778
2017-06-18 21:06:25,560,583,94,498,487,776,778
2017-06-18 21:06:26,562,584,94,499,487,776,778
2017-06-18 21:06:27,563,585,94,499,488,776,778
2017-06-18 21:06:28,568,586,94,500,488,776,778
2017-06-18 21:06:29,574,587,94,500,488,776,778
2017-06-18 21:06:30,575,588,94,501,488,776,778
2017-06-18 21:06:31,577,589,94,501,488,776,778
2017-06-18 21:06:32,581,590,94,501,489,776,778
2017-06-18 21:06:33,584,591,94,502,489,776,778
2017-06-18 21:06:34,586,592,94,502,489,776,778
2017-06-18 21:06:35,587,593,94,503,489,776,778
2017-06-18 21:06:36,589,594,94,503,489,776,778
2017-06-18 21:06:37,595,595,94,503,489,776,778
2017-06-18 21:06:38,599,596,94,504,489,776,778
2017-06-18 21:06:39,602,597,94,504,489,776,778
2017-06-18 21:06:40,607,598,94,504,489,776,778
2017-06-18 21:06:41,610,599,94,505,488,776,778
2017-06-18 21:06:42,610,600,94,505,488,776,778
2017-06-18 21:06:43,611,601,94,506,487,776,778
2017-06-18 21:06:44,612,602,94,506,486,776,778
2017-06-18 21:06:45,613,603,94,506,485,776,778
2017-06-18 21:06:46,616,604,94,507,484,776,778
2017-06-18 21:06:47,621,605,94,507,483,776,778
2017-06-18 21:06:48,627,606,94,507,482,776,778
2017-06-18 21:06:49,632,607,94,508,481,776,778
2017-06-18 21:06:50,635,608,94,508,481,776,778
2017-06-18 21:06:51,637,609,94,508,480,776,778
2017-06-18 21:06:52,641,610,94,509,481,776,778
2017-06-18 21:06:53,645,611,94,509,481,776,778
2017-06-18 21:06:54,648,612,94,510,481,776,778
2017-06-18 21:06:55,651,613,94,510,480,776,778
2017-06-18 21:06:56,654,614,94,510,480,776,778
2017-06-18 21:06:57,655,615,94,511,480,776,778
2017-06-18 21:06:58,661,616,94,511,479,776,778
2017-06-18 21:06:59,663,617,94,511,479,776,778
2017-06-18 21:07:00,666,618,94,512,478,776,778
2017-06-18 21:07:01,669,619,94,512,478,776,778
2017-06-18 21:07:02,672,620,94,512,478,776,778
2017-06-18 21:07:03,674,621,94,512,478,776,778
2017-06-18 21:07:04,679,622,94,513,477,776,778
2017-06-18 21:07:05,682,623,94,513,477,776,778
2017-06-18 21:07:06,682,624,94,513,477,776,778
2017-06-18 21:07:07,688,625,94,513,476,776,778
2017-06-18 21:07:08,690,626,94,514,476,776,778
2017-06-18 21:07:09,692,627,94,514,475,776,778
2017-06-18 21:07:10,695,628,94,514,475,776,778
2017-06-18 21:07:11,700,629,94,514,475,776,778
2017-06-18 21:07:12,703,630,94,515,474,776,778
2017-06-18 21:07:13,706,631,94,515,474,776,778
2017-06-18 21:07:14,710,632,94,515,474,776,778
2017-06-18 21:07:15,712,633,94,516,473,776,778
2017-06-18 21:07:16,713,634,94,516,473,776,778
2017-06-18 21:07:17,718,635,94,516,473,776,778
2017-06-18 21:07:18,719,636,94,516,472,776,778
2017-06-18 21:07:19,724,637,94,516,472,776,778
2017-06-18 21:07:20,728,638,94,517,472,776,778
2017-06-18 21:07:21,733,639,94,517,472,776,778
2017-06-18 21:07:22,734,640,94,517,472,776,778
2017-06-18 21:07:23,737,641,94,517,472,776,778
2017-06-18 21:07:24,740,642,94,518,471,776,778
2017-06-18 21:07:25,743,643,94,518,471,776,778
2017-06-18 21:07:26,747,644,94,518,471,776,778
2017-06-18 21:07:27,749,645,94,518,471,776,778
2017-06-18 21:07:28,751,646,94,519,470,776,778
2017-06-18 21:07:29,754,647,94,519,470,776,778
2017-06-18 21:07:30,758,648,94,519,470,776,778
2017-06-18 21:07:31,760,649,94,519,470,776,779
2017-06-18 21:07:32,761,650,94,519,469,776,778
2017-06-18 21:07:33,767,651,94,520,469,776,778
2017-06-18 21:07:34,771,652,94,520,469,776,778
2017-06-18 21:07:35,774,653,94,520,469,776,778
2017-06-18 21:07:36,777,654,94,520,469,776,778
2017-06-18 21:07:37,780,655,94,520,469,776,778
2017-06-18 21:07:38,783,656,94,520,469,776,778
2017-06-18 21:07:39,786,657,94,521,469,776,778
2017-06-18 21:07:40,789,658,94,521,469,776,778
2017-06-18 21:07:41,792,659,94,521,469,776,778
2017-06-18 21:07:42,795,660,94,521,469,776,778
2017-06-18 21:07:43,798,661,94,522,469,776,778
2017-06-18 21:07:44,801,662,94,522,469,776,778
2017-06-18 21:07:45,804,663,94,522,469,776,778
2017-06-18 21:07:46,810,664,94,522,469,776,778
2017-06-18 21:07:47,811,665,94,522,469,776,778
2017-06-18 21:07:48,813,666,94,522,469,776,778
2017-06-18 21:07:49,817,667,94,523,470,776,778
2017-06-18 21:07:50,820,668,94,523,470,776,778
2017-06-18 21:07:51,823,669,94,523,470,776,778
2017-06-18 21:07:52,825,670,94,523,471,776,778
2017-06-18 21:07:53,829,671,94,523,471,776,778
2017-06-18 21:07:54,832,672,94,523,472,776,778
2017-06-18 21:07:55,833,673,94,524,472,776,778
2017-06-18 21:07:56,838,674,94,524,472,776,778
2017-06-18 21:07:57,841,675,94,524,473,776,778
2017-06-18 21:07:58,843,676,94,524,473,776,778
2017-06-18 21:07:59,846,677,94,525,473,776,778
2017-06-18 21:08:00,850,678,94,525,473,776,778
2017-06-18 21:08:01,854,679,94,525,473,776,778
2017-06-18 21:08:02,859,680,94,525,473,776,778
2017-06-18 21:08:03,860,681,94,526,473,776,778
2017-06-18 21:08:04,862,682,94,526,473,776,778
2017-06-18 21:08:05,866,683,94,526,474,776,778
2017-06-18 21:08:06,869,684,94,526,474,776,778
2017-06-18 21:08:07,872,685,94,526,474,776,778
2017-06-18 21:08:08,874,686,94,526,474,776,778
2017-06-18 21:08:09,878,687,94,527,474,776,778
2017-06-18 21:08:10,881,688,94,527,474,776,778
2017-06-18 21:08:11,884,689,94,527,474,776,778
2017-06-18 21:08:12,887,690,94,527,475,776,778
2017-06-18 21:08:13,890,691,94,527,474,776,778
2017-06-18 21:08:14,896,692,94,528,475,776,778
2017-06-18 21:08:15,897,693,94,528,475,776,778
2017-06-18 21:08:16,898,694,94,528,475,776,778
2017-06-18 21:08:17,900,695,94,528,475,776,778
2017-06-18 21:08:18,901,696,94,529,475,776,778
2017-06-18 21:08:19,902,697,94,529,475,776,778
2017-06-18 21:08:20,903,698,94,529,476,776,778
2017-06-18 21:08:21,908,699,94,529,476,776,778
2017-06-18 21:08:22,913,700,94,529,476,776,778
2017-06-18 21:08:23,917,701,94,529,476,776,778
2017-06-18 21:08:24,922,702,94,530,476,776,778
2017-06-18 21:08:25,927,703,94,530,477,776,778
2017-06-18 21:08:26,928,704,94,530,477,776,778
2017-06-18 21:08:27,932,705,94,530,477,776,778
2017-06-18 21:08:28,937,706,94,531,477,776,778
2017-06-18 21:08:29,940,707,94,531,476,776,778
2017-06-18 21:08:30,941,708,94,531,477,776,778
2017-06-18 21:08:31,945,709,94,531,477,776,778
2017-06-18 21:08:32,950,710,94,532,477,776,778
2017-06-18 21:08:33,952,711,94,532,476,776,778
2017-06-18 21:08:34,954,712,94,532,476,776,778
2017-06-18 21:08:35,958,713,94,532,476,776,778
2017-06-18 21:08:36,959,714,94,533,476,776,778
2017-06-18 21:08:37,961,715,94,533,476,776,778
2017-06-18 21:08:38,962,716,94,533,476,776,778
2017-06-18 21:08:39,968,717,94,533,476,776,778
2017-06-18 21:08:40,973,718,94,533,476,776,778
2017-06-18 21:08:41,976,719,94,534,476,776,778
2017-06-18 21:08:42,979,720,94,534,477,776,778
2017-06-18 21:08:43,982,721,94,534,477,776,778
2017-06-18 21:08:44,984,722,94,534,477,776,778
2017-06-18 21:08:45,986,723,94,535,477,776,778
2017-06-18 21:08:46,991,724,94,535,477,776,778
2017-06-18 21:08:47,994,725,94,535,476,776,778
2017-06-18 21:08:48,998,726,94,535,476,776,778
2017-06-18 21:08:50,001,727,94,535,477,776,778
2017-06-18 21:08:51,003,728,94,536,477,776,778
2017-06-18 21:08:52,007,729,94,536,477,776,779
2017-06-18 21:08:53,007,730,94,536,477,776,778
2017-06-18 21:08:54,013,731,94,537,476,776,778
2017-06-18 21:08:55,016,732,94,537,476,776,779
2017-06-18 21:08:56,019,733,94,537,475,776,779
2017-06-18 21:08:57,022,734,94,537,474,776,778
2017-06-18 21:08:58,023,735,94,537,474,776,778
2017-06-18 21:08:59,027,736,94,538,473,776,778
2017-06-18 21:09:00,031,737,94,538,473,776,778
2017-06-18 21:09:01,034,738,94,538,472,776,779
2017-06-18 21:09:02,038,739,94,538,472,776,778
2017-06-18 21:09:03,039,740,94,538,472,776,778
2017-06-18 21:09:04,044,741,94,539,472,776,778
2017-06-18 21:09:05,047,742,94,539,472,776,778
2017-06-18 21:09:06,050,743,94,539,472,776,778
2017-06-18 21:09:07,053,744,94,539,472,776,778
2017-06-18 21:09:08,057,745,94,539,472,776,778
2017-06-18 21:09:09,058,746,94,540,472,776,779
2017-06-18 21:09:10,062,747,94,540,472,776,778
2017-06-18 21:09:11,063,748,94,540,472,776,778
2017-06-18 21:09:12,068,749,94,540,472,776,778
2017-06-18 21:09:13,071,750,94,540,472,776,778
2017-06-18 21:09:14,074,751,94,541,472,776,779
2017-06-18 21:09:15,077,752,94,541,472,776,778
2017-06-18 21:09:16,081,753,94,541,472,776,778
2017-06-18 21:09:17,083,754,94,541,472,776,778
2017-06-18 21:09:18,087,755,94,541,472,776,778
2017-06-18 21:09:19,088,756,94,541,472,776,778
2017-06-18 21:09:20,093,757,94,541,472,776,779
2017-06-18 21:09:21,093,758,94,542,472,776,778
2017-06-18 21:09:22,098,759,94,542,472,776,778
2017-06-18 21:09:23,100,760,94,542,472,776,778
2017-06-18 21:09:24,100,761,94,542,471,776,778
2017-06-18 21:09:25,103,762,94,542,471,776,779
2017-06-18 21:09:26,107,763,94,542,471,776,779
2017-06-18 21:09:27,113,764,94,543,471,776,779
2017-06-18 21:09:28,118,765,94,543,471,776,779
2017-06-18 21:09:29,120,766,94,543,471,776,779
2017-06-18 21:09:30,124,767,94,543,471,776,779
2017-06-18 21:09:31,125,768,94,543,471,776,779
2017-06-18 21:09:32,130,769,94,543,471,776,778
2017-06-18 21:09:33,133,770,94,544,471,776,779
2017-06-18 21:09:34,134,771,94,544,472,776,778
2017-06-18 21:09:35,139,772,94,544,472,776,778
2017-06-18 21:09:36,142,773,94,544,472,776,778
2017-06-18 21:09:37,145,774,94,544,472,776,779
2017-06-18 21:09:38,148,775,94,544,472,776,779
2017-06-18 21:09:39,151,776,94,544,472,776,778
2017-06-18 21:09:40,154,777,94,545,472,776,778
2017-06-18 21:09:41,156,778,94,545,471,776,779
2017-06-18 21:09:42,160,779,94,545,471,776,779
2017-06-18 21:09:43,163,780,94,545,471,776,778
2017-06-18 21:09:44,167,781,94,545,471,776,778
2017-06-18 21:09:45,169,782,94,545,471,776,778
2017-06-18 21:09:46,171,783,94,545,470,776,778
2017-06-18 21:09:47,174,784,94,546,470,776,779
2017-06-18 21:09:48,179,785,94,546,469,776,778
2017-06-18 21:09:49,182,786,94,546,470,776,779
2017-06-18 21:09:50,184,787,94,546,470,776,779
2017-06-18 21:09:51,188,788,94,546,469,776,778
2017-06-18 21:09:52,191,789,94,546,469,776,779
2017-06-18 21:09:53,194,790,94,546,468,776,779
2017-06-18 21:09:54,197,791,94,546,468,776,778
2017-06-18 21:09:55,202,792,94,546,468,776,778
2017-06-18 21:09:56,206,793,94,547,468,776,778
2017-06-18 21:09:57,207,794,94,547,467,776,778
2017-06-18 21:09:58,208,795,94,546,467,776,778
2017-06-18 21:09:59,213,796,94,545,466,776,779
