2016-06-25 09:33:55,506,coffee,datetime,ms,seconds,ambient_temp,thermocouple_0_temp,thermocouple_1_temp,thermocouple_2_temp,thermocouple_3_temp
2016-06-25 09:33:57,628,2,82,509,412,781,783
2016-06-25 09:33:58,630,3,82,501,406,781,783
2016-06-25 09:33:59,631,4,82,490,400,781,783
2016-06-25 09:34:00,636,5,82,478,395,781,783
2016-06-25 09:34:01,637,6,82,466,390,781,783
2016-06-25 09:34:02,641,7,82,454,386,782,783
2016-06-25 09:34:03,646,8,82,444,383,782,783
2016-06-25 09:34:04,650,9,82,433,379,782,783
2016-06-25 09:34:05,651,10,82,423,377,781,783
2016-06-25 09:34:06,653,11,82,413,374,782,783
2016-06-25 09:34:07,657,12,82,404,371,782,783
2016-06-25 09:34:08,661,13,82,396,369,782,783
2016-06-25 09:34:09,666,14,82,387,366,781,783
2016-06-25 09:34:10,671,15,82,379,364,782,783
2016-06-25 09:34:11,675,16,82,372,362,781,783
2016-06-25 09:34:12,678,17,82,364,360,782,783
2016-06-25 09:34:13,682,18,82,358,358,781,783
2016-06-25 09:34:14,687,19,82,350,356,781,783
2016-06-25 09:34:15,691,20,82,344,355,782,783
2016-06-25 09:34:16,695,21,82,337,353,781,783
2016-06-25 09:34:17,699,22,82,332,352,781,783
2016-06-25 09:34:18,704,23,82,326,350,782,783
2016-06-25 09:34:19,708,24,82,321,349,782,783
2016-06-25 09:34:20,712,25,82,315,348,781,783
2016-06-25 09:34:21,716,26,82,310,347,781,783
2016-06-25 09:34:22,718,27,82,305,346,781,783
2016-06-25 09:34:23,719,28,82,301,344,782,783
2016-06-25 09:34:24,723,29,82,296,343,781,783
2016-06-25 09:34:25,724,30,82,292,342,781,783
2016-06-25 09:34:26,726,31,82,288,341,781,783
2016-06-25 09:34:27,732,32,82,284,341,782,783
2016-06-25 09:34:28,735,33,83,280,340,781,783
2016-06-25 09:34:29,739,34,82,277,339,781,783
2016-06-25 09:34:30,743,35,82,274,339,781,783
2016-06-25 09:34:31,747,36,82,270,338,781,783
2016-06-25 09:34:32,751,37,82,267,337,781,783
2016-06-25 09:34:33,756,38,82,264,337,781,783
2016-06-25 09:34:34,760,39,83,262,337,782,783
2016-06-25 09:34:35,765,40,82,259,336,781,783
2016-06-25 09:34:36,768,41,82,257,336,781,783
2016-06-25 09:34:37,773,42,82,254,335,781,783
2016-06-25 09:34:38,777,43,83,252,335,782,783
2016-06-25 09:34:39,781,44,83,250,335,781,783
2016-06-25 09:34:40,785,45,82,248,334,781,783
2016-06-25 09:34:41,789,46,83,246,334,781,783
2016-06-25 09:34:42,794,47,82,244,333,781,783
2016-06-25 09:34:43,798,48,82,242,333,781,783
2016-06-25 09:34:44,802,49,83,241,333,781,783
2016-06-25 09:34:45,806,50,83,239,332,781,783
2016-06-25 09:34:46,811,51,83,238,332,781,783
2016-06-25 09:34:47,815,52,83,237,332,782,783
2016-06-25 09:34:48,819,53,83,235,332,781,783
2016-06-25 09:34:49,823,54,83,234,331,781,783
2016-06-25 09:34:50,825,55,82,233,331,781,783
2016-06-25 09:34:51,830,56,83,232,331,781,783
2016-06-25 09:34:52,833,57,83,231,331,781,783
2016-06-25 09:34:53,834,58,83,230,330,781,783
2016-06-25 09:34:54,839,59,82,229,330,781,783
2016-06-25 09:34:55,843,60,83,228,330,781,783
2016-06-25 09:34:56,849,61,83,227,330,781,783
2016-06-25 09:34:57,851,62,83,227,330,781,783
2016-06-25 09:34:58,856,63,83,226,330,781,783
2016-06-25 09:34:59,860,64,83,225,330,781,783
2016-06-25 09:35:00,864,65,83,225,329,781,783
2016-06-25 09:35:01,868,66,83,225,329,781,783
2016-06-25 09:35:02,872,67,83,224,329,781,783
2016-06-25 09:35:03,876,68,83,224,329,781,783
2016-06-25 09:35:04,881,69,83,223,329,781,783
2016-06-25 09:35:05,885,70,83,223,329,781,783
2016-06-25 09:35:06,889,71,83,223,329,781,783
2016-06-25 09:35:07,894,72,83,223,329,781,783
2016-06-25 09:35:08,898,73,83,223,329,781,783
2016-06-25 09:35:09,902,74,83,223,329,781,783
2016-06-25 09:35:10,906,75,83,222,329,781,783
2016-06-25 09:35:11,911,76,83,222,329,781,783
2016-06-25 09:35:12,915,77,83,222,329,781,783
2016-06-25 09:35:13,919,78,83,222,329,781,783
2016-06-25 09:35:14,924,79,83,222,329,781,783
2016-06-25 09:35:15,927,80,83,222,329,781,783
2016-06-25 09:35:16,932,81,83,222,329,782,783
2016-06-25 09:35:17,936,82,83,223,329,781,783
2016-06-25 09:35:18,941,83,83,223,329,781,783
2016-06-25 09:35:19,945,84,83,223,330,781,783
2016-06-25 09:35:20,949,85,83,223,330,781,783
2016-06-25 09:35:21,953,86,83,223,330,781,783
2016-06-25 09:35:22,957,87,83,223,330,781,783
2016-06-25 09:35:23,963,88,83,224,330,781,783
2016-06-25 09:35:24,967,89,83,224,330,781,783
2016-06-25 09:35:25,970,90,83,224,331,781,783
2016-06-25 09:35:26,974,91,83,225,331,781,783
2016-06-25 09:35:27,978,92,83,225,332,782,783
2016-06-25 09:35:28,983,93,83,225,333,781,783
2016-06-25 09:35:29,987,94,83,226,334,781,783
2016-06-25 09:35:30,991,95,83,226,335,781,783
2016-06-25 09:35:31,995,96,83,226,336,781,783
2016-06-25 09:35:33,000,97,83,227,337,781,783
2016-06-25 09:35:34,004,98,83,227,337,781,783
2016-06-25 09:35:35,008,99,83,228,338,781,783
2016-06-25 09:35:36,012,100,83,228,338,781,783
2016-06-25 09:35:37,016,101,83,229,339,781,783
2016-06-25 09:35:38,020,102,83,229,340,781,783
2016-06-25 09:35:39,025,103,83,230,341,781,783
2016-06-25 09:35:40,029,104,83,230,341,781,783
2016-06-25 09:35:41,035,105,83,231,342,781,783
2016-06-25 09:35:42,038,106,83,231,342,781,783
2016-06-25 09:35:43,042,107,83,232,343,781,783
2016-06-25 09:35:44,046,108,83,232,344,781,783
2016-06-25 09:35:45,050,109,83,233,344,781,783
2016-06-25 09:35:46,052,110,83,234,345,781,783
2016-06-25 09:35:47,055,111,83,234,345,781,783
2016-06-25 09:35:48,060,112,83,235,345,781,783
2016-06-25 09:35:49,065,113,83,236,346,781,783
2016-06-25 09:35:50,068,114,83,236,347,781,783
2016-06-25 09:35:51,074,115,83,237,347,781,783
2016-06-25 09:35:52,077,116,83,238,348,781,783
2016-06-25 09:35:53,078,117,83,238,348,781,783
2016-06-25 09:35:54,082,118,83,239,349,781,783
2016-06-25 09:35:55,087,119,83,240,349,781,783
2016-06-25 09:35:56,087,120,83,240,349,781,783
2016-06-25 09:35:57,092,121,83,241,350,781,783
2016-06-25 09:35:58,097,122,83,242,350,781,783
2016-06-25 09:35:59,101,123,83,242,351,781,783
2016-06-25 09:36:00,105,124,83,243,352,781,783
2016-06-25 09:36:01,109,125,83,244,352,781,783
2016-06-25 09:36:02,110,126,83,244,352,781,783
2016-06-25 09:36:03,115,127,83,245,353,781,783
2016-06-25 09:36:04,120,128,83,245,353,781,783
2016-06-25 09:36:05,125,129,83,246,354,781,783
2016-06-25 09:36:06,128,130,83,247,354,781,783
2016-06-25 09:36:07,132,131,83,248,354,781,783
2016-06-25 09:36:08,136,132,83,249,355,781,783
2016-06-25 09:36:09,140,133,83,249,355,781,783
2016-06-25 09:36:10,145,134,83,250,355,781,783
2016-06-25 09:36:11,149,135,83,251,356,781,783
2016-06-25 09:36:12,153,136,83,251,356,781,783
2016-06-25 09:36:13,156,137,83,252,357,781,783
2016-06-25 09:36:14,161,138,83,253,357,781,783
2016-06-25 09:36:15,166,139,83,254,357,781,783
2016-06-25 09:36:16,170,140,83,254,357,781,783
2016-06-25 09:36:17,174,141,83,255,358,781,783
2016-06-25 09:36:18,178,142,83,256,359,781,783
2016-06-25 09:36:19,183,143,83,256,359,781,783
2016-06-25 09:36:20,187,144,83,257,359,781,783
2016-06-25 09:36:21,191,145,83,258,360,781,783
2016-06-25 09:36:22,195,146,83,259,360,781,783
2016-06-25 09:36:23,200,147,83,259,360,781,783
2016-06-25 09:36:24,203,148,83,260,361,781,783
2016-06-25 09:36:25,208,149,83,261,361,781,783
2016-06-25 09:36:26,212,150,83,262,362,781,783
2016-06-25 09:36:27,217,151,83,262,362,781,783
2016-06-25 09:36:28,221,152,83,263,362,781,783
2016-06-25 09:36:29,225,153,83,264,362,781,783
2016-06-25 09:36:30,229,154,83,265,362,781,783
2016-06-25 09:36:31,234,155,83,265,363,781,783
2016-06-25 09:36:32,238,156,83,266,363,781,783
2016-06-25 09:36:33,242,157,83,267,363,781,783
2016-06-25 09:36:34,246,158,83,267,364,781,783
2016-06-25 09:36:35,251,159,83,268,364,781,783
2016-06-25 09:36:36,254,160,83,269,364,781,783
2016-06-25 09:36:37,259,161,83,270,365,781,783
2016-06-25 09:36:38,263,162,83,270,365,781,783
2016-06-25 09:36:39,267,163,83,271,365,781,783
2016-06-25 09:36:40,272,164,83,272,365,781,783
2016-06-25 09:36:41,276,165,83,273,366,781,783
2016-06-25 09:36:42,280,166,83,273,366,781,783
2016-06-25 09:36:43,284,167,83,274,367,781,783
2016-06-25 09:36:44,289,168,83,275,367,781,783
2016-06-25 09:36:45,289,169,83,276,367,781,783
2016-06-25 09:36:46,294,170,83,276,368,781,783
2016-06-25 09:36:47,296,171,83,277,368,781,783
2016-06-25 09:36:48,297,172,83,278,368,781,783
2016-06-25 09:36:49,301,173,83,279,369,781,783
2016-06-25 09:36:50,302,174,83,279,370,781,783
2016-06-25 09:36:51,306,175,83,280,370,781,783
2016-06-25 09:36:52,312,176,83,281,370,781,783
2016-06-25 09:36:53,317,177,83,282,371,781,783
2016-06-25 09:36:54,319,178,83,282,371,781,783
2016-06-25 09:36:55,323,179,83,283,371,781,783
2016-06-25 09:36:56,327,180,83,284,371,781,783
2016-06-25 09:36:57,332,181,83,285,371,781,783
2016-06-25 09:36:58,336,182,83,285,371,781,783
2016-06-25 09:36:59,341,183,83,286,372,781,783
2016-06-25 09:37:00,345,184,83,287,372,781,783
2016-06-25 09:37:01,350,185,83,288,372,781,783
2016-06-25 09:37:02,353,186,83,288,372,781,783
2016-06-25 09:37:03,353,187,83,289,373,781,783
2016-06-25 09:37:04,359,188,83,290,373,781,783
2016-06-25 09:37:05,360,189,83,290,373,781,783
2016-06-25 09:37:06,364,190,83,291,374,781,783
2016-06-25 09:37:07,369,191,83,292,374,781,783
2016-06-25 09:37:08,373,192,83,293,374,781,783
2016-06-25 09:37:09,377,193,83,293,374,781,783
2016-06-25 09:37:10,381,194,83,294,375,781,783
2016-06-25 09:37:11,385,195,83,295,375,781,783
2016-06-25 09:37:12,390,196,83,296,375,781,783
2016-06-25 09:37:13,394,197,83,296,376,781,783
2016-06-25 09:37:14,398,198,83,297,376,781,783
2016-06-25 09:37:15,402,199,83,298,376,781,783
2016-06-25 09:37:16,407,200,83,298,376,781,783
2016-06-25 09:37:17,411,201,83,299,376,781,783
2016-06-25 09:37:18,415,202,83,300,376,781,783
2016-06-25 09:37:19,419,203,83,300,377,781,783
2016-06-25 09:37:20,424,204,83,301,377,781,783
2016-06-25 09:37:21,428,205,83,302,377,781,783
2016-06-25 09:37:22,432,206,83,303,378,781,783
2016-06-25 09:37:23,433,207,83,303,378,781,783
2016-06-25 09:37:24,434,208,83,304,378,781,783
2016-06-25 09:37:25,439,209,83,305,379,781,783
2016-06-25 09:37:26,443,210,83,305,379,781,783
2016-06-25 09:37:27,447,211,83,306,379,781,783
2016-06-25 09:37:28,452,212,83,307,379,781,783
2016-06-25 09:37:29,456,213,83,308,380,781,783
2016-06-25 09:37:30,460,214,83,309,380,781,783
2016-06-25 09:37:31,464,215,83,309,380,781,783
2016-06-25 09:37:32,469,216,83,310,380,781,783
2016-06-25 09:37:33,472,217,83,311,381,781,783
2016-06-25 09:37:34,476,218,83,311,380,781,783
2016-06-25 09:37:35,480,219,83,312,381,781,783
2016-06-25 09:37:36,483,220,83,312,381,781,783
2016-06-25 09:37:37,487,221,83,313,381,781,783
2016-06-25 09:37:38,491,222,83,314,382,781,783
2016-06-25 09:37:39,492,223,83,315,382,781,783
2016-06-25 09:37:40,496,224,83,315,382,781,783
2016-06-25 09:37:41,501,225,83,316,382,781,783
2016-06-25 09:37:42,505,226,83,317,382,781,783
2016-06-25 09:37:43,509,228,83,317,382,781,783
2016-06-25 09:37:44,514,229,83,318,383,781,783
2016-06-25 09:37:45,518,230,83,319,383,781,783
2016-06-25 09:37:46,522,231,83,319,384,781,783
2016-06-25 09:37:47,526,232,83,320,384,781,783
2016-06-25 09:37:48,531,233,83,321,384,781,783
2016-06-25 09:37:49,535,234,83,321,384,781,783
2016-06-25 09:37:50,537,235,83,322,384,781,783
2016-06-25 09:37:51,540,236,83,323,385,781,783
2016-06-25 09:37:52,541,237,83,324,385,781,783
2016-06-25 09:37:53,546,238,83,324,386,781,783
2016-06-25 09:37:54,550,239,83,325,386,781,783
2016-06-25 09:37:55,554,240,83,325,386,781,783
2016-06-25 09:37:56,558,241,83,326,386,781,783
2016-06-25 09:37:57,563,242,83,327,387,781,783
2016-06-25 09:37:58,567,243,83,328,387,781,783
2016-06-25 09:37:59,571,244,83,328,387,781,783
2016-06-25 09:38:00,575,245,83,329,388,781,783
2016-06-25 09:38:01,580,246,83,329,388,781,783
2016-06-25 09:38:02,584,247,83,330,388,781,783
2016-06-25 09:38:03,588,248,83,331,389,781,783
2016-06-25 09:38:04,592,249,83,331,389,781,783
2016-06-25 09:38:05,596,250,83,332,389,781,783
2016-06-25 09:38:06,601,251,83,333,390,781,783
2016-06-25 09:38:07,605,252,83,333,390,781,783
2016-06-25 09:38:08,609,253,83,334,390,781,783
2016-06-25 09:38:09,613,254,83,335,390,781,783
2016-06-25 09:38:10,617,255,83,335,391,781,783
2016-06-25 09:38:11,622,256,83,336,391,781,783
2016-06-25 09:38:12,626,257,83,337,391,781,783
2016-06-25 09:38:13,630,258,83,337,391,781,783
2016-06-25 09:38:14,634,259,83,338,392,781,783
2016-06-25 09:38:15,639,260,83,339,392,781,783
2016-06-25 09:38:16,643,261,83,339,392,781,783
2016-06-25 09:38:17,647,262,83,340,392,781,783
2016-06-25 09:38:18,652,263,83,340,392,781,783
2016-06-25 09:38:19,657,264,83,341,392,781,783
2016-06-25 09:38:20,662,265,83,342,392,781,783
2016-06-25 09:38:21,666,266,83,342,393,781,783
2016-06-25 09:38:22,668,267,83,343,393,781,783
2016-06-25 09:38:23,673,268,83,343,393,781,783
2016-06-25 09:38:24,677,269,83,344,393,781,783
2016-06-25 09:38:25,678,270,83,345,393,781,783
2016-06-25 09:38:26,681,271,83,345,393,781,783
2016-06-25 09:38:27,686,272,83,346,394,781,783
2016-06-25 09:38:28,691,273,83,347,394,781,783
2016-06-25 09:38:29,694,274,83,347,394,781,783
2016-06-25 09:38:30,700,275,83,348,394,781,783
2016-06-25 09:38:31,701,276,83,348,395,781,783
2016-06-25 09:38:32,705,277,83,349,395,781,783
2016-06-25 09:38:33,709,278,83,350,395,781,783
2016-06-25 09:38:34,711,279,83,350,395,781,783
2016-06-25 09:38:35,715,280,83,351,396,781,783
2016-06-25 09:38:36,716,281,83,351,396,781,783
2016-06-25 09:38:37,720,282,83,352,396,781,783
2016-06-25 09:38:38,721,283,83,352,396,781,783
2016-06-25 09:38:39,723,284,83,353,396,781,783
2016-06-25 09:38:40,727,285,83,354,396,781,783
2016-06-25 09:38:41,731,286,83,354,396,781,783
2016-06-25 09:38:42,736,287,83,355,396,781,783
2016-06-25 09:38:43,740,288,83,356,396,781,783
2016-06-25 09:38:44,745,289,83,356,396,781,783
2016-06-25 09:38:45,749,290,83,357,397,781,783
2016-06-25 09:38:46,752,291,83,357,397,781,783
2016-06-25 09:38:47,757,292,83,358,398,781,783
2016-06-25 09:38:48,761,293,83,358,398,781,783
2016-06-25 09:38:49,765,294,83,359,399,781,783
2016-06-25 09:38:50,768,295,83,359,399,781,783
2016-06-25 09:38:51,771,296,83,360,399,781,783
2016-06-25 09:38:52,772,297,83,361,400,781,783
2016-06-25 09:38:53,776,298,83,361,400,781,783
2016-06-25 09:38:54,781,299,83,362,400,781,783
2016-06-25 09:38:55,785,300,83,363,401,781,783
2016-06-25 09:38:56,789,301,83,363,401,781,783
2016-06-25 09:38:57,793,302,83,364,402,781,783
2016-06-25 09:38:58,797,303,83,364,402,781,783
2016-06-25 09:38:59,802,304,83,365,402,781,783
2016-06-25 09:39:00,806,305,83,365,402,781,783
2016-06-25 09:39:01,810,306,83,366,402,781,783
2016-06-25 09:39:02,812,307,83,366,402,781,783
2016-06-25 09:39:03,813,308,83,367,402,781,783
2016-06-25 09:39:04,817,309,83,368,402,781,783
2016-06-25 09:39:05,821,310,83,368,403,781,783
2016-06-25 09:39:06,826,311,83,369,403,781,783
2016-06-25 09:39:07,830,312,83,369,403,781,783
2016-06-25 09:39:08,835,313,83,370,404,781,783
2016-06-25 09:39:09,839,314,83,370,404,781,783
2016-06-25 09:39:10,843,315,83,371,404,781,783
2016-06-25 09:39:11,847,316,83,371,405,781,783
2016-06-25 09:39:12,847,317,83,372,405,781,783
2016-06-25 09:39:13,853,318,83,372,405,781,783
2016-06-25 09:39:14,854,319,83,373,405,781,783
2016-06-25 09:39:15,858,320,83,373,406,781,783
2016-06-25 09:39:16,862,321,83,374,406,781,783
2016-06-25 09:39:17,867,322,83,374,407,781,783
2016-06-25 09:39:18,870,323,83,375,407,781,783
2016-06-25 09:39:19,872,324,83,376,407,781,783
2016-06-25 09:39:20,876,325,83,376,408,781,783
2016-06-25 09:39:21,878,326,83,377,408,781,783
2016-06-25 09:39:22,882,327,83,377,408,781,783
2016-06-25 09:39:23,886,328,83,378,409,781,783
2016-06-25 09:39:24,891,329,83,378,409,781,783
2016-06-25 09:39:25,895,330,83,379,409,781,783
2016-06-25 09:39:26,899,331,83,379,409,781,783
2016-06-25 09:39:27,903,332,83,380,409,781,783
2016-06-25 09:39:28,907,333,83,381,410,781,783
2016-06-25 09:39:29,912,334,83,381,409,781,783
2016-06-25 09:39:30,916,335,83,382,410,781,783
2016-06-25 09:39:31,920,336,83,382,410,781,783
2016-06-25 09:39:32,924,337,83,383,410,781,783
2016-06-25 09:39:33,926,338,83,383,411,781,783
2016-06-25 09:39:34,929,339,83,384,411,781,783
2016-06-25 09:39:35,934,340,83,384,411,781,783
2016-06-25 09:39:36,940,341,83,385,411,781,783
2016-06-25 09:39:37,943,342,83,385,412,781,783
2016-06-25 09:39:38,944,343,83,386,412,781,783
2016-06-25 09:39:39,948,344,83,386,412,781,783
2016-06-25 09:39:40,953,345,83,387,412,781,783
2016-06-25 09:39:41,956,346,83,387,413,781,783
2016-06-25 09:39:42,961,347,83,388,413,781,783
2016-06-25 09:39:43,965,348,83,388,413,781,783
2016-06-25 09:39:44,969,349,83,389,413,781,783
2016-06-25 09:39:45,973,350,83,389,413,781,783
2016-06-25 09:39:46,976,351,83,390,414,781,783
2016-06-25 09:39:47,976,352,83,390,414,781,783
2016-06-25 09:39:48,982,353,83,391,414,781,783
2016-06-25 09:39:49,985,354,83,391,414,781,783
2016-06-25 09:39:50,989,355,83,392,414,781,783
2016-06-25 09:39:51,993,356,83,393,414,781,783
2016-06-25 09:39:52,998,357,83,393,414,781,783
2016-06-25 09:39:54,002,358,83,394,415,781,783
2016-06-25 09:39:55,006,359,83,394,415,781,783
2016-06-25 09:39:56,010,360,83,395,415,781,783
2016-06-25 09:39:57,012,361,83,395,415,781,783
2016-06-25 09:39:58,015,362,83,396,415,781,783
2016-06-25 09:39:59,017,363,83,396,415,781,783
2016-06-25 09:40:00,017,364,83,397,416,781,783
2016-06-25 09:40:01,020,365,83,397,416,781,783
2016-06-25 09:40:02,024,366,83,398,416,781,783
2016-06-25 09:40:03,028,367,83,398,416,781,783
2016-06-25 09:40:04,032,368,83,399,416,781,783
2016-06-25 09:40:05,037,369,83,399,417,781,783
2016-06-25 09:40:06,041,370,83,400,417,781,783
2016-06-25 09:40:07,045,371,83,400,417,781,783
2016-06-25 09:40:08,049,372,83,401,418,781,783
2016-06-25 09:40:09,055,373,83,401,418,781,782
2016-06-25 09:40:10,060,374,83,402,418,781,783
2016-06-25 09:40:11,064,375,83,402,418,781,783
2016-06-25 09:40:12,068,376,83,403,419,781,783
2016-06-25 09:40:13,073,377,83,403,419,781,783
2016-06-25 09:40:14,074,378,83,404,419,781,782
2016-06-25 09:40:15,079,379,83,404,419,781,783
2016-06-25 09:40:16,083,380,83,405,420,781,783
2016-06-25 09:40:17,084,381,83,405,420,781,783
2016-06-25 09:40:18,089,382,83,406,421,781,783
2016-06-25 09:40:19,090,383,83,406,421,781,783
2016-06-25 09:40:20,094,384,83,407,421,781,783
2016-06-25 09:40:21,099,385,83,407,422,781,782
2016-06-25 09:40:22,103,386,83,408,422,781,783
2016-06-25 09:40:23,107,387,83,408,422,781,783
2016-06-25 09:40:24,107,388,83,409,422,781,783
2016-06-25 09:40:25,112,389,83,409,422,781,782
2016-06-25 09:40:26,114,390,83,410,423,781,783
2016-06-25 09:40:27,118,391,83,411,423,781,783
2016-06-25 09:40:28,122,392,83,411,423,781,783
2016-06-25 09:40:29,128,393,83,412,423,781,783
2016-06-25 09:40:30,132,394,83,412,423,781,782
2016-06-25 09:40:31,136,395,83,413,423,781,783
2016-06-25 09:40:32,139,396,83,413,423,781,782
2016-06-25 09:40:33,143,397,83,413,423,781,782
2016-06-25 09:40:34,148,398,83,414,424,781,783
2016-06-25 09:40:35,152,399,83,414,424,781,782
2016-06-25 09:40:36,156,400,83,415,424,781,783
2016-06-25 09:40:37,162,401,83,415,424,781,783
2016-06-25 09:40:38,165,402,83,416,424,781,783
2016-06-25 09:40:39,169,403,83,416,424,781,783
2016-06-25 09:40:40,173,404,83,417,425,781,782
2016-06-25 09:40:41,175,405,83,417,425,781,783
2016-06-25 09:40:42,180,406,83,418,426,781,783
2016-06-25 09:40:43,183,407,83,418,426,781,783
2016-06-25 09:40:44,187,408,83,419,426,781,782
2016-06-25 09:40:45,188,409,83,419,426,781,782
2016-06-25 09:40:46,190,410,83,420,426,781,782
2016-06-25 09:40:47,194,411,83,420,426,781,783
2016-06-25 09:40:48,198,412,83,421,427,781,783
2016-06-25 09:40:49,203,413,83,421,427,781,782
2016-06-25 09:40:50,204,414,83,422,427,781,782
2016-06-25 09:40:51,208,415,83,422,427,781,782
2016-06-25 09:40:52,212,416,83,423,427,781,783
2016-06-25 09:40:53,217,417,83,423,427,781,782
2016-06-25 09:40:54,221,418,83,424,427,781,783
2016-06-25 09:40:55,225,419,83,424,428,781,782
2016-06-25 09:40:56,229,420,83,425,428,781,782
2016-06-25 09:40:57,234,421,83,425,428,781,783
2016-06-25 09:40:58,238,422,83,426,429,781,782
2016-06-25 09:40:59,242,423,84,426,429,781,783
2016-06-25 09:41:00,246,424,84,427,429,781,783
2016-06-25 09:41:01,250,425,84,427,429,781,783
2016-06-25 09:41:02,255,426,83,427,429,781,782
2016-06-25 09:41:03,259,427,84,428,429,781,782
2016-06-25 09:41:04,263,428,84,428,430,781,783
2016-06-25 09:41:05,267,429,84,429,430,781,782
2016-06-25 09:41:06,272,430,83,429,430,781,782
2016-06-25 09:41:07,276,431,83,430,430,781,782
2016-06-25 09:41:08,280,432,83,430,430,781,782
2016-06-25 09:41:09,285,433,83,431,430,781,782
2016-06-25 09:41:10,288,434,84,431,430,781,782
2016-06-25 09:41:11,289,435,84,431,430,781,782
2016-06-25 09:41:12,294,436,83,432,431,781,782
2016-06-25 09:41:13,295,437,84,432,431,781,782
2016-06-25 09:41:14,300,438,84,433,432,781,783
2016-06-25 09:41:15,304,439,84,433,432,781,782
2016-06-25 09:41:16,308,440,83,434,432,781,782
2016-06-25 09:41:17,312,441,84,434,432,781,783
2016-06-25 09:41:18,317,442,84,435,432,781,782
2016-06-25 09:41:19,321,443,84,435,432,781,782
2016-06-25 09:41:20,326,444,84,436,432,781,783
2016-06-25 09:41:21,329,445,83,436,432,781,782
2016-06-25 09:41:22,330,446,84,436,433,781,782
2016-06-25 09:41:23,335,447,84,437,433,781,782
2016-06-25 09:41:24,336,448,84,437,433,781,782
2016-06-25 09:41:25,340,449,84,438,433,781,783
2016-06-25 09:41:26,345,450,84,439,433,781,782
2016-06-25 09:41:27,349,451,84,439,434,781,782
2016-06-25 09:41:28,353,452,84,439,434,781,782
2016-06-25 09:41:29,358,453,84,440,434,781,782
2016-06-25 09:41:30,361,454,84,440,434,781,782
2016-06-25 09:41:31,366,455,84,441,434,781,782
2016-06-25 09:41:32,371,456,84,441,434,781,782
2016-06-25 09:41:33,375,457,84,442,434,781,782
2016-06-25 09:41:34,379,458,84,442,434,781,782
2016-06-25 09:41:35,383,459,84,443,434,781,782
2016-06-25 09:41:36,387,460,84,443,434,781,782
2016-06-25 09:41:37,388,461,84,444,434,781,782
2016-06-25 09:41:38,393,462,84,444,434,781,783
2016-06-25 09:41:39,394,463,84,445,434,781,783
2016-06-25 09:41:40,399,464,84,445,434,781,782
2016-06-25 09:41:41,402,465,84,446,434,781,783
2016-06-25 09:41:42,407,466,84,446,434,781,783
2016-06-25 09:41:43,411,467,84,446,434,781,783
2016-06-25 09:41:44,415,468,84,447,435,781,783
2016-06-25 09:41:45,420,469,84,447,435,781,782
2016-06-25 09:41:46,424,470,84,448,435,781,782
2016-06-25 09:41:47,428,471,84,448,436,781,783
2016-06-25 09:41:48,431,472,84,449,436,781,782
2016-06-25 09:41:49,434,473,84,449,436,781,783
2016-06-25 09:41:50,436,474,84,450,436,781,782
2016-06-25 09:41:51,441,475,84,450,437,781,782
2016-06-25 09:41:52,443,476,84,451,437,781,782
2016-06-25 09:41:53,448,477,84,451,437,781,782
2016-06-25 09:41:54,452,478,84,452,437,781,782
2016-06-25 09:41:55,456,479,84,452,437,781,783
2016-06-25 09:41:56,460,480,84,452,437,781,783
2016-06-25 09:41:57,465,481,84,453,437,781,783
2016-06-25 09:41:58,469,482,84,453,437,781,783
2016-06-25 09:41:59,473,483,84,454,437,781,782
2016-06-25 09:42:00,477,484,84,453,437,781,782
2016-06-25 09:42:01,482,485,84,454,437,781,783
2016-06-25 09:42:02,486,486,84,454,437,781,783
2016-06-25 09:42:03,490,487,84,455,437,781,782
2016-06-25 09:42:04,494,488,84,455,438,781,783
2016-06-25 09:42:05,498,489,84,455,438,781,782
2016-06-25 09:42:06,503,490,84,456,438,781,782
2016-06-25 09:42:07,507,492,84,456,438,781,783
2016-06-25 09:42:08,511,493,84,457,439,781,782
2016-06-25 09:42:09,516,494,84,457,439,781,782
2016-06-25 09:42:10,520,495,84,457,439,781,782
2016-06-25 09:42:11,525,496,84,458,439,781,782
2016-06-25 09:42:12,528,497,84,458,440,781,782
2016-06-25 09:42:13,532,498,84,459,440,781,783
2016-06-25 09:42:14,537,499,84,460,440,781,782
2016-06-25 09:42:15,541,500,84,460,440,781,782
2016-06-25 09:42:16,545,501,84,460,441,781,782
2016-06-25 09:42:17,549,502,84,461,441,781,782
2016-06-25 09:42:18,553,503,84,461,441,781,782
2016-06-25 09:42:19,558,504,84,462,441,781,782
2016-06-25 09:42:20,562,505,84,462,441,781,782
2016-06-25 09:42:21,566,506,84,463,441,781,782
2016-06-25 09:42:22,570,507,84,463,440,781,783
2016-06-25 09:42:23,575,508,84,464,441,781,782
2016-06-25 09:42:24,576,509,84,464,441,781,782
2016-06-25 09:42:25,577,510,84,464,441,781,783
2016-06-25 09:42:26,581,511,84,465,441,781,782
2016-06-25 09:42:27,585,512,84,465,442,781,783
2016-06-25 09:42:28,590,513,84,466,442,781,782
2016-06-25 09:42:29,594,514,84,466,442,781,782
2016-06-25 09:42:30,599,515,84,467,442,781,782
2016-06-25 09:42:31,603,516,84,467,442,781,782
2016-06-25 09:42:32,607,517,84,467,442,781,782
2016-06-25 09:42:33,611,518,84,468,443,781,783
2016-06-25 09:42:34,612,519,84,468,443,781,782
2016-06-25 09:42:35,617,520,84,469,443,781,782
2016-06-25 09:42:36,618,521,84,469,443,781,782
2016-06-25 09:42:37,622,522,84,470,443,781,782
2016-06-25 09:42:38,626,523,84,470,443,781,782
2016-06-25 09:42:39,631,524,84,471,443,781,782
2016-06-25 09:42:40,635,525,84,471,444,781,783
2016-06-25 09:42:41,639,526,84,471,444,781,782
2016-06-25 09:42:42,643,527,84,472,444,781,782
2016-06-25 09:42:43,648,528,84,472,444,781,782
2016-06-25 09:42:44,652,529,84,473,444,781,782
2016-06-25 09:42:45,657,530,84,473,444,781,782
2016-06-25 09:42:46,657,531,84,474,444,781,782
2016-06-25 09:42:47,660,532,84,474,444,781,782
2016-06-25 09:42:48,663,533,84,475,445,781,782
2016-06-25 09:42:49,668,534,84,475,445,781,782
2016-06-25 09:42:50,671,535,84,476,445,781,782
2016-06-25 09:42:51,676,536,84,476,445,781,782
2016-06-25 09:42:52,680,537,84,477,445,781,782
2016-06-25 09:42:53,685,538,84,477,445,781,782
2016-06-25 09:42:54,689,539,84,478,445,781,782
2016-06-25 09:42:55,692,540,84,478,445,781,782
2016-06-25 09:42:56,697,541,84,479,446,781,782
2016-06-25 09:42:57,702,542,84,479,446,781,782
2016-06-25 09:42:58,706,543,84,480,446,781,782
2016-06-25 09:42:59,710,544,84,480,446,781,782
2016-06-25 09:43:00,714,545,84,481,447,781,782
2016-06-25 09:43:01,719,546,84,481,447,781,782
2016-06-25 09:43:02,723,547,84,481,448,781,782
2016-06-25 09:43:03,727,548,84,482,447,781,782
2016-06-25 09:43:04,733,549,84,482,448,781,782
2016-06-25 09:43:05,736,550,84,483,448,781,782
2016-06-25 09:43:06,740,551,84,483,448,781,782
2016-06-25 09:43:07,745,552,84,484,448,781,782
2016-06-25 09:43:08,749,553,84,484,449,781,782
2016-06-25 09:43:09,753,554,84,485,449,781,782
2016-06-25 09:43:10,758,555,84,485,449,781,782
2016-06-25 09:43:11,761,556,84,486,449,781,782
2016-06-25 09:43:12,766,557,84,486,449,781,782
2016-06-25 09:43:13,770,558,84,487,449,781,782
2016-06-25 09:43:14,774,559,84,487,450,781,782
2016-06-25 09:43:15,779,560,84,487,450,781,782
2016-06-25 09:43:16,783,561,84,488,450,781,782
2016-06-25 09:43:17,787,562,84,489,451,781,782
2016-06-25 09:43:18,790,563,84,489,451,781,782
2016-06-25 09:43:19,793,564,84,490,451,781,782
2016-06-25 09:43:20,796,565,84,490,451,781,782
2016-06-25 09:43:21,801,566,84,490,452,781,782
2016-06-25 09:43:22,802,567,84,491,452,781,782
2016-06-25 09:43:23,807,568,84,491,453,781,782
2016-06-25 09:43:24,808,569,84,492,453,781,782
2016-06-25 09:43:25,809,570,84,492,453,781,782
2016-06-25 09:43:26,814,571,84,493,453,781,782
2016-06-25 09:43:27,818,572,84,493,454,781,782
2016-06-25 09:43:28,822,573,84,493,454,781,782
2016-06-25 09:43:29,827,574,84,494,454,781,782
2016-06-25 09:43:30,831,575,84,494,454,781,782
2016-06-25 09:43:31,836,576,84,495,455,781,782
2016-06-25 09:43:32,841,577,84,495,455,781,782
2016-06-25 09:43:33,844,578,84,496,455,781,782
2016-06-25 09:43:34,848,579,84,496,455,781,782
2016-06-25 09:43:35,852,580,84,497,455,781,782
2016-06-25 09:43:36,856,581,84,497,455,781,782
2016-06-25 09:43:37,861,582,84,498,456,781,782
2016-06-25 09:43:38,865,583,84,498,456,781,782
2016-06-25 09:43:39,869,584,84,499,456,781,782
2016-06-25 09:43:40,873,585,84,499,457,781,782
2016-06-25 09:43:41,878,586,84,500,457,781,782
2016-06-25 09:43:42,882,587,84,500,458,781,782
2016-06-25 09:43:43,885,588,84,500,458,781,782
2016-06-25 09:43:44,890,589,84,501,458,781,782
2016-06-25 09:43:45,895,590,84,501,458,781,782
2016-06-25 09:43:46,899,591,84,502,458,781,782
2016-06-25 09:43:47,903,592,84,502,458,781,782
2016-06-25 09:43:48,908,593,84,502,458,781,782
2016-06-25 09:43:49,912,594,84,503,458,781,782
2016-06-25 09:43:50,916,595,84,503,458,781,782
2016-06-25 09:43:51,921,596,84,504,458,781,782
2016-06-25 09:43:52,925,597,84,504,459,781,782
2016-06-25 09:43:53,929,598,84,505,459,781,782
2016-06-25 09:43:54,933,599,84,505,459,781,782
2016-06-25 09:43:55,938,600,84,505,460,781,782
2016-06-25 09:43:56,942,601,84,506,460,781,782
2016-06-25 09:43:57,943,602,84,506,460,781,782
2016-06-25 09:43:58,945,603,84,507,461,781,782
2016-06-25 09:43:59,949,604,84,507,461,781,782
2016-06-25 09:44:00,953,605,84,507,461,781,782
2016-06-25 09:44:01,958,606,84,508,461,781,782
2016-06-25 09:44:02,961,607,84,508,461,781,782
2016-06-25 09:44:03,966,608,84,509,461,781,782
2016-06-25 09:44:04,967,609,84,509,462,781,782
2016-06-25 09:44:05,970,610,84,509,462,781,782
2016-06-25 09:44:06,974,611,84,510,462,781,782
2016-06-25 09:44:07,977,612,84,510,462,781,782
2016-06-25 09:44:08,982,613,84,511,463,781,782
2016-06-25 09:44:09,985,614,84,511,463,781,782
2016-06-25 09:44:10,990,615,84,512,464,781,782
2016-06-25 09:44:11,994,616,84,512,464,781,782
2016-06-25 09:44:13,000,617,84,512,464,781,782
2016-06-25 09:44:14,003,618,84,513,464,781,782
2016-06-25 09:44:15,007,619,84,513,464,781,782
2016-06-25 09:44:16,011,620,84,513,464,781,782
2016-06-25 09:44:17,011,621,84,514,465,781,782
2016-06-25 09:44:18,016,622,84,514,465,781,782
2016-06-25 09:44:19,018,623,84,515,465,781,782
2016-06-25 09:44:20,022,624,84,515,465,781,782
2016-06-25 09:44:21,027,625,84,515,466,781,782
2016-06-25 09:44:22,031,626,84,515,466,781,782
2016-06-25 09:44:23,035,627,84,516,466,781,782
2016-06-25 09:44:24,040,628,84,516,467,781,782
2016-06-25 09:44:25,044,629,84,516,467,781,782
2016-06-25 09:44:26,048,630,84,516,467,781,782
2016-06-25 09:44:27,052,631,84,517,467,781,782
2016-06-25 09:44:28,056,632,84,517,467,781,782
2016-06-25 09:44:29,061,633,84,518,467,781,782
2016-06-25 09:44:30,066,634,84,518,467,781,782
2016-06-25 09:44:31,069,635,84,518,468,781,782
2016-06-25 09:44:32,073,636,84,518,468,781,782
2016-06-25 09:44:33,075,637,84,519,468,781,782
2016-06-25 09:44:34,076,638,84,519,468,781,782
2016-06-25 09:44:35,080,639,84,519,469,781,782
2016-06-25 09:44:36,085,640,84,520,468,781,782
2016-06-25 09:44:37,090,641,84,520,469,781,782
2016-06-25 09:44:38,093,642,84,521,469,781,782
2016-06-25 09:44:39,097,643,84,521,469,781,782
2016-06-25 09:44:40,101,644,84,521,469,781,782
2016-06-25 09:44:41,106,645,84,522,469,781,782
2016-06-25 09:44:42,110,646,84,522,469,781,782
2016-06-25 09:44:43,114,647,84,522,470,781,782
2016-06-25 09:44:44,119,648,84,523,470,781,782
2016-06-25 09:44:45,123,649,84,523,470,781,782
2016-06-25 09:44:46,128,650,84,523,470,781,782
2016-06-25 09:44:47,133,651,84,524,470,781,782
2016-06-25 09:44:48,138,652,84,524,470,781,782
2016-06-25 09:44:49,143,653,84,524,470,781,782
2016-06-25 09:44:50,145,654,84,525,471,781,782
2016-06-25 09:44:51,148,655,84,525,470,781,782
2016-06-25 09:44:52,153,656,84,525,471,781,782
2016-06-25 09:44:53,157,657,84,526,471,781,782
2016-06-25 09:44:54,158,658,84,526,471,781,782
2016-06-25 09:44:55,160,659,84,526,470,781,782
2016-06-25 09:44:56,160,660,84,527,470,781,782
2016-06-25 09:44:57,166,661,84,527,470,781,782
2016-06-25 09:44:58,167,662,84,527,471,781,782
2016-06-25 09:44:59,171,663,84,528,470,781,782
2016-06-25 09:45:00,175,664,84,528,471,781,782
2016-06-25 09:45:01,179,665,84,528,471,781,782
2016-06-25 09:45:02,184,666,84,529,471,781,782
2016-06-25 09:45:03,188,667,84,529,472,781,782
2016-06-25 09:45:04,192,668,84,530,472,781,782
2016-06-25 09:45:05,197,669,84,530,471,781,782
2016-06-25 09:45:06,201,670,84,530,471,781,782
2016-06-25 09:45:07,205,671,84,531,471,781,782
2016-06-25 09:45:08,207,672,84,531,471,781,782
2016-06-25 09:45:09,212,673,84,531,471,781,782
2016-06-25 09:45:10,215,674,84,532,471,781,782
2016-06-25 09:45:11,216,675,84,532,471,781,782
2016-06-25 09:45:12,221,676,84,532,471,781,782
2016-06-25 09:45:13,225,677,84,533,471,781,782
2016-06-25 09:45:14,229,678,84,533,470,781,782
2016-06-25 09:45:15,233,679,84,534,470,781,782
2016-06-25 09:45:16,238,680,84,534,469,781,782
2016-06-25 09:45:17,242,681,84,534,469,781,782
2016-06-25 09:45:18,246,682,84,535,469,781,782
2016-06-25 09:45:19,250,683,84,535,469,781,782
2016-06-25 09:45:20,255,684,84,536,469,781,782
2016-06-25 09:45:21,259,685,84,536,469,781,782
2016-06-25 09:45:22,263,686,84,536,468,781,782
2016-06-25 09:45:23,268,687,84,537,468,781,782
2016-06-25 09:45:24,272,688,84,537,468,781,782
2016-06-25 09:45:25,276,689,84,538,468,781,782
2016-06-25 09:45:26,280,690,84,538,468,781,782
2016-06-25 09:45:27,284,691,84,538,468,781,782
2016-06-25 09:45:28,289,692,84,539,468,781,782
2016-06-25 09:45:29,290,693,84,539,468,781,782
2016-06-25 09:45:30,292,694,84,539,468,781,782
2016-06-25 09:45:31,296,695,84,540,468,781,782
2016-06-25 09:45:32,300,696,84,540,468,781,782
2016-06-25 09:45:33,305,697,84,540,468,781,782
2016-06-25 09:45:34,309,698,84,541,469,781,782
2016-06-25 09:45:35,313,699,84,541,469,781,782
2016-06-25 09:45:36,317,700,84,542,468,781,782
2016-06-25 09:45:37,321,701,84,542,468,781,782
2016-06-25 09:45:38,326,702,84,543,468,781,782
2016-06-25 09:45:39,330,703,84,543,468,781,782
2016-06-25 09:45:40,331,704,84,544,467,781,782
2016-06-25 09:45:41,333,705,84,544,467,781,782
2016-06-25 09:45:42,339,706,84,544,467,781,782
2016-06-25 09:45:43,342,707,84,545,467,781,782
2016-06-25 09:45:44,342,708,84,545,466,781,782
2016-06-25 09:45:45,347,709,84,545,466,781,782
2016-06-25 09:45:46,352,710,84,546,466,781,782
2016-06-25 09:45:47,357,711,84,546,466,781,782
2016-06-25 09:45:48,362,712,84,546,465,781,782
2016-06-25 09:45:49,367,713,84,547,465,781,782
2016-06-25 09:45:50,371,714,84,547,465,781,782
2016-06-25 09:45:51,375,715,84,548,464,781,782
2016-06-25 09:45:52,380,716,84,548,464,781,782
2016-06-25 09:45:53,384,717,84,549,463,781,782
2016-06-25 09:45:54,388,718,84,549,464,781,782
2016-06-25 09:45:55,395,719,84,549,463,781,782
2016-06-25 09:45:56,400,720,84,550,464,781,782
2016-06-25 09:45:57,406,721,84,550,463,781,782
2016-06-25 09:45:58,408,722,84,551,464,781,782
2016-06-25 09:45:59,409,723,84,551,464,781,782
2016-06-25 09:46:00,414,724,84,552,463,781,782
2016-06-25 09:46:01,418,725,84,552,463,781,782
2016-06-25 09:46:02,422,726,84,552,463,781,782
2016-06-25 09:46:03,426,727,84,553,463,781,782
2016-06-25 09:46:04,431,728,84,553,463,781,782
2016-06-25 09:46:05,435,729,84,553,463,781,782
2016-06-25 09:46:06,439,730,84,554,463,781,782
2016-06-25 09:46:07,443,731,84,554,463,781,782
2016-06-25 09:46:08,446,732,84,555,463,781,782
2016-06-25 09:46:09,451,733,84,555,463,781,782
2016-06-25 09:46:10,454,734,84,555,463,781,782
2016-06-25 09:46:11,457,735,84,555,463,781,782
2016-06-25 09:46:12,459,736,84,556,463,781,782
2016-06-25 09:46:13,463,737,84,556,463,781,782
2016-06-25 09:46:14,464,738,84,557,464,781,782
2016-06-25 09:46:15,466,739,84,557,464,781,782
2016-06-25 09:46:16,470,740,84,557,464,781,782
2016-06-25 09:46:17,475,741,84,558,464,781,782
2016-06-25 09:46:18,480,742,84,558,465,781,782
2016-06-25 09:46:19,483,743,84,558,465,781,782
2016-06-25 09:46:20,488,744,84,559,465,781,782
2016-06-25 09:46:21,492,745,84,559,466,781,782
2016-06-25 09:46:22,496,746,84,560,466,781,782
2016-06-25 09:46:23,500,747,84,560,466,781,782
2016-06-25 09:46:24,504,748,84,560,466,781,782
2016-06-25 09:46:25,509,750,84,560,466,781,782
2016-06-25 09:46:26,513,751,84,561,466,781,782
2016-06-25 09:46:27,517,752,84,561,466,781,782
2016-06-25 09:46:28,522,753,84,562,466,781,782
2016-06-25 09:46:29,526,754,84,562,466,781,782
2016-06-25 09:46:30,532,755,84,562,466,781,782
2016-06-25 09:46:31,535,756,84,562,466,781,782
2016-06-25 09:46:32,539,757,84,563,467,781,782
2016-06-25 09:46:33,543,758,84,563,466,781,782
2016-06-25 09:46:34,547,759,84,563,466,781,782
2016-06-25 09:46:35,551,760,84,564,466,781,782
2016-06-25 09:46:36,556,761,84,564,466,781,782
2016-06-25 09:46:37,560,762,84,564,466,781,782
2016-06-25 09:46:38,564,763,84,565,466,781,782
2016-06-25 09:46:39,568,764,84,565,466,781,782
2016-06-25 09:46:40,573,765,84,565,466,781,782
2016-06-25 09:46:41,577,766,84,566,466,781,782
2016-06-25 09:46:42,581,767,84,566,466,781,782
2016-06-25 09:46:43,586,768,84,566,466,781,782
2016-06-25 09:46:44,591,769,84,567,466,781,782
2016-06-25 09:46:45,595,770,84,567,466,781,782
2016-06-25 09:46:46,600,771,84,567,466,781,782
2016-06-25 09:46:47,602,772,84,567,466,781,782
2016-06-25 09:46:48,607,773,84,568,466,781,782
2016-06-25 09:46:49,611,774,84,568,466,781,782
2016-06-25 09:46:50,615,775,84,568,466,781,782
2016-06-25 09:46:51,619,776,84,569,466,781,782
2016-06-25 09:46:52,624,777,84,569,466,781,782
2016-06-25 09:46:53,628,778,84,569,466,781,782
2016-06-25 09:46:54,632,779,84,570,466,781,782
2016-06-25 09:46:55,637,780,84,570,466,781,782
2016-06-25 09:46:56,642,781,84,570,466,781,782
2016-06-25 09:46:57,645,782,84,571,465,781,782
2016-06-25 09:46:58,651,783,84,571,465,781,782
2016-06-25 09:46:59,656,784,84,571,465,781,782
2016-06-25 09:47:00,661,785,84,571,465,781,782
2016-06-25 09:47:01,662,786,84,572,465,781,782
2016-06-25 09:47:02,666,787,84,572,465,781,782
2016-06-25 09:47:03,670,788,84,572,465,781,782
2016-06-25 09:47:04,675,789,84,572,465,781,782
2016-06-25 09:47:05,679,790,84,573,465,781,782
2016-06-25 09:47:06,684,791,84,573,465,781,782
2016-06-25 09:47:07,688,792,84,573,465,781,782
2016-06-25 09:47:08,692,793,84,574,465,781,782
2016-06-25 09:47:09,696,794,84,574,465,781,782
2016-06-25 09:47:10,701,795,84,574,465,781,782
2016-06-25 09:47:11,705,796,84,574,465,781,782
2016-06-25 09:47:12,709,797,84,575,465,781,782
2016-06-25 09:47:13,710,798,84,575,464,781,782
2016-06-25 09:47:14,714,799,85,575,464,781,782
2016-06-25 09:47:15,718,800,84,575,464,781,782
2016-06-25 09:47:16,720,801,84,575,464,781,782
2016-06-25 09:47:17,725,802,84,575,464,781,782
2016-06-25 09:47:18,729,803,85,576,464,781,782
2016-06-25 09:47:19,733,804,84,576,463,781,782
2016-06-25 09:47:20,737,805,84,576,463,781,782
2016-06-25 09:47:21,742,806,84,576,463,781,782
2016-06-25 09:47:22,746,807,85,577,462,781,782
2016-06-25 09:47:23,752,808,85,577,462,781,782
2016-06-25 09:47:24,757,809,84,577,461,781,782
2016-06-25 09:47:25,761,810,85,577,461,781,782
2016-06-25 09:47:26,763,811,84,577,461,781,782
2016-06-25 09:47:27,768,812,85,577,460,781,782
2016-06-25 09:47:28,768,813,84,578,460,781,782
2016-06-25 09:47:29,770,814,84,578,459,781,782
2016-06-25 09:47:30,774,815,84,578,459,781,782
2016-06-25 09:47:31,779,816,85,578,458,781,782
2016-06-25 09:47:32,783,817,85,578,458,781,782
2016-06-25 09:47:33,784,818,85,579,458,781,782
2016-06-25 09:47:34,788,819,85,579,458,781,782
2016-06-25 09:47:35,793,820,85,579,458,781,782
2016-06-25 09:47:36,794,821,84,579,458,781,782
2016-06-25 09:47:37,798,822,85,579,457,781,782
2016-06-25 09:47:38,802,823,85,579,457,781,782
2016-06-25 09:47:39,807,824,85,579,457,781,782
2016-06-25 09:47:40,811,825,84,579,457,781,782
2016-06-25 09:47:41,813,826,85,579,457,781,782
2016-06-25 09:47:42,817,827,85,579,457,781,782
2016-06-25 09:47:43,818,828,85,579,457,781,782
2016-06-25 09:47:44,822,829,85,578,457,781,782
2016-06-25 09:47:45,826,830,85,576,456,781,782
2016-06-25 09:47:46,831,831,85,574,456,781,782
2016-06-25 09:47:47,832,832,85,572,455,781,782
2016-06-25 09:47:48,834,833,85,570,454,781,782
2016-06-25 09:47:49,838,834,85,568,453,781,782
2016-06-25 09:47:50,839,835,85,566,452,781,782
2016-06-25 09:47:51,842,836,85,564,451,781,782
2016-06-25 09:47:52,847,837,85,563,450,781,782
2016-06-25 09:47:53,849,838,85,563,449,781,782
2016-06-25 09:47:54,855,839,85,563,449,781,782
2016-06-25 09:47:55,859,840,85,563,448,781,782
2016-06-25 09:47:56,863,841,85,564,448,781,782
2016-06-25 09:47:57,868,842,85,564,448,781,782
2016-06-25 09:47:58,873,843,85,562,448,781,782
2016-06-25 09:47:59,878,844,85,558,446,781,782
2016-06-25 09:48:00,882,845,85,554,444,781,782
2016-06-25 09:48:01,887,846,85,550,442,781,782
2016-06-25 09:48:02,890,847,85,546,440,780,782
2016-06-25 09:48:03,892,848,85,543,438,780,782
2016-06-25 09:48:04,896,849,85,540,437,781,782
2016-06-25 09:48:05,900,850,85,536,435,781,782
2016-06-25 09:48:06,905,851,85,531,433,781,782
2016-06-25 09:48:07,909,852,85,526,432,781,782
2016-06-25 09:48:08,914,853,85,522,430,781,782
2016-06-25 09:48:09,917,854,85,519,429,781,782
2016-06-25 09:48:10,922,855,85,516,427,781,782
2016-06-25 09:48:11,926,856,85,513,426,781,782
2016-06-25 09:48:12,930,857,85,511,425,781,782
2016-06-25 09:48:13,934,858,85,509,424,781,782
2016-06-25 09:48:14,938,859,85,506,422,780,782
2016-06-25 09:48:15,940,860,85,504,421,781,782
2016-06-25 09:48:16,941,861,85,501,420,781,782
2016-06-25 09:48:17,945,862,85,498,420,781,782
2016-06-25 09:48:18,950,863,85,494,419,780,782
2016-06-25 09:48:19,954,864,85,490,418,780,782
2016-06-25 09:48:20,958,865,85,487,418,780,782
2016-06-25 09:48:21,963,866,85,483,417,781,782
2016-06-25 09:48:22,967,867,85,480,416,781,782
2016-06-25 09:48:23,971,868,85,476,416,781,782
2016-06-25 09:48:24,975,869,85,473,415,780,782
2016-06-25 09:48:25,980,870,85,471,414,781,782
2016-06-25 09:48:26,984,871,85,470,414,781,782
2016-06-25 09:48:27,988,872,85,468,413,781,782
2016-06-25 09:48:28,992,873,85,466,413,781,782
2016-06-25 09:48:29,997,874,85,464,412,781,782
2016-06-25 09:48:30,998,875,85,462,411,780,782
2016-06-25 09:48:31,999,876,85,460,411,780,782
