2017-06-26 19:15:47,928,coffee,datetime,ms,seconds,ambient_temp,thermocouple_0_temp,thermocouple_1_temp,thermocouple_2_temp,thermocouple_3_temp
2017-06-26 19:15:50,008,2,93,547,420,778,780
2017-06-26 19:15:51,009,3,92,540,415,778,780
2017-06-26 19:15:52,011,4,93,530,409,778,780
2017-06-26 19:15:53,014,5,93,518,404,778,780
2017-06-26 19:15:54,015,6,93,505,399,778,780
2017-06-26 19:15:55,016,7,93,492,392,778,780
2017-06-26 19:15:56,021,8,93,480,386,778,780
2017-06-26 19:15:57,024,9,93,468,380,778,780
2017-06-26 19:15:58,029,10,93,457,377,778,780
2017-06-26 19:15:59,035,11,93,446,375,778,780
2017-06-26 19:16:00,039,12,93,436,374,778,780
2017-06-26 19:16:01,042,13,93,426,373,778,780
2017-06-26 19:16:02,045,14,93,416,372,778,780
2017-06-26 19:16:03,046,15,93,408,371,778,780
2017-06-26 19:16:04,051,16,93,399,371,778,780
2017-06-26 19:16:05,052,17,93,391,370,778,779
2017-06-26 19:16:06,055,18,93,383,369,778,780
2017-06-26 19:16:07,060,19,92,376,368,778,779
2017-06-26 19:16:08,060,20,93,368,368,778,780
2017-06-26 19:16:09,066,21,93,361,367,778,780
2017-06-26 19:16:10,072,22,93,354,366,778,780
2017-06-26 19:16:11,072,23,93,347,366,778,780
2017-06-26 19:16:12,078,24,93,341,365,778,780
2017-06-26 19:16:13,083,25,93,335,364,778,780
2017-06-26 19:16:14,088,26,92,329,364,778,780
2017-06-26 19:16:15,092,27,93,324,363,778,780
2017-06-26 19:16:16,094,28,93,319,363,778,780
2017-06-26 19:16:17,097,29,93,314,362,778,780
2017-06-26 19:16:18,099,30,93,309,362,778,780
2017-06-26 19:16:19,100,31,93,305,361,778,780
2017-06-26 19:16:20,105,32,93,301,361,778,780
2017-06-26 19:16:21,110,33,93,297,360,778,780
2017-06-26 19:16:22,111,34,93,293,360,778,780
2017-06-26 19:16:23,116,35,93,289,360,778,780
2017-06-26 19:16:24,119,36,93,285,361,778,780
2017-06-26 19:16:25,122,37,93,282,361,778,780
2017-06-26 19:16:26,125,38,93,278,361,778,779
2017-06-26 19:16:27,128,39,93,275,362,778,780
2017-06-26 19:16:28,130,40,93,273,362,778,780
2017-06-26 19:16:29,131,41,93,270,363,778,779
2017-06-26 19:16:30,132,42,93,267,363,778,780
2017-06-26 19:16:31,133,43,93,265,364,778,780
2017-06-26 19:16:32,133,44,93,262,364,778,780
2017-06-26 19:16:33,134,45,93,260,365,778,780
2017-06-26 19:16:34,135,46,93,258,365,778,780
2017-06-26 19:16:35,136,47,93,256,366,778,780
2017-06-26 19:16:36,137,48,93,254,366,778,780
2017-06-26 19:16:37,138,49,93,252,367,778,780
2017-06-26 19:16:38,142,50,93,250,367,778,780
2017-06-26 19:16:39,143,51,93,248,368,778,780
2017-06-26 19:16:40,145,52,93,247,368,778,779
2017-06-26 19:16:41,148,53,93,245,369,778,780
2017-06-26 19:16:42,151,54,93,244,369,778,779
2017-06-26 19:16:43,156,55,93,242,370,778,780
2017-06-26 19:16:44,159,56,93,241,370,778,779
2017-06-26 19:16:45,164,57,92,240,370,778,780
2017-06-26 19:16:46,170,58,92,239,371,778,779
2017-06-26 19:16:47,172,59,93,238,371,778,780
2017-06-26 19:16:48,172,60,93,237,371,778,780
2017-06-26 19:16:49,176,61,93,236,372,778,780
2017-06-26 19:16:50,177,62,93,235,372,778,780
2017-06-26 19:16:51,182,63,93,234,372,778,779
2017-06-26 19:16:52,188,64,93,233,372,778,779
2017-06-26 19:16:53,191,65,93,233,373,778,780
2017-06-26 19:16:54,193,66,93,232,373,778,780
2017-06-26 19:16:55,196,67,93,232,373,778,779
2017-06-26 19:16:56,199,68,93,231,374,778,780
2017-06-26 19:16:57,203,69,93,231,374,778,780
2017-06-26 19:16:58,204,70,93,230,374,778,780
2017-06-26 19:16:59,209,71,93,230,374,778,780
2017-06-26 19:17:00,212,72,93,229,375,778,780
2017-06-26 19:17:01,216,73,93,229,375,778,780
2017-06-26 19:17:02,218,74,92,229,375,778,780
2017-06-26 19:17:03,221,75,93,229,375,778,780
2017-06-26 19:17:04,223,76,92,228,375,778,779
2017-06-26 19:17:05,227,77,93,229,376,778,780
2017-06-26 19:17:06,231,78,93,228,376,778,780
2017-06-26 19:17:07,234,79,93,228,376,778,780
2017-06-26 19:17:08,237,80,93,228,376,778,780
2017-06-26 19:17:09,240,81,93,228,376,778,780
2017-06-26 19:17:10,244,82,93,228,376,778,780
2017-06-26 19:17:11,247,83,93,228,377,778,780
2017-06-26 19:17:12,250,84,93,228,377,778,780
2017-06-26 19:17:13,253,85,93,229,377,778,780
2017-06-26 19:17:14,256,86,93,229,377,778,780
2017-06-26 19:17:15,259,87,93,229,377,778,780
2017-06-26 19:17:16,262,88,93,229,378,778,779
2017-06-26 19:17:17,265,89,93,229,378,778,780
2017-06-26 19:17:18,267,90,93,230,378,778,780
2017-06-26 19:17:19,271,91,93,230,378,778,779
2017-06-26 19:17:20,274,92,93,230,378,778,780
2017-06-26 19:17:21,275,93,93,231,378,778,780
2017-06-26 19:17:22,280,94,93,231,378,778,780
2017-06-26 19:17:23,281,95,93,231,379,778,780
2017-06-26 19:17:24,285,96,93,232,379,778,780
2017-06-26 19:17:25,290,97,93,232,379,778,780
2017-06-26 19:17:26,293,98,93,232,379,778,780
2017-06-26 19:17:27,296,99,93,233,379,778,780
2017-06-26 19:17:28,299,100,93,233,379,778,780
2017-06-26 19:17:29,302,101,93,234,380,778,780
2017-06-26 19:17:30,305,102,92,234,379,778,780
2017-06-26 19:17:31,308,103,93,234,380,778,780
2017-06-26 19:17:32,310,104,93,235,380,778,780
2017-06-26 19:17:33,314,105,93,235,380,778,780
2017-06-26 19:17:34,317,106,93,236,380,778,780
2017-06-26 19:17:35,321,107,93,236,380,778,780
2017-06-26 19:17:36,321,108,93,237,380,778,780
2017-06-26 19:17:37,325,109,93,237,380,778,780
2017-06-26 19:17:38,325,110,93,238,380,778,780
2017-06-26 19:17:39,327,111,93,239,381,778,780
2017-06-26 19:17:40,330,112,93,239,381,778,780
2017-06-26 19:17:41,331,113,93,240,382,778,780
2017-06-26 19:17:42,337,114,93,240,382,778,780
2017-06-26 19:17:43,338,115,93,241,383,778,780
2017-06-26 19:17:44,344,116,93,241,384,778,780
2017-06-26 19:17:45,349,117,93,242,384,778,780
2017-06-26 19:17:46,354,118,93,243,385,778,780
2017-06-26 19:17:47,355,119,93,244,385,778,780
2017-06-26 19:17:48,360,120,93,244,386,778,780
2017-06-26 19:17:49,361,121,93,245,386,778,780
2017-06-26 19:17:50,362,122,93,245,387,778,780
2017-06-26 19:17:51,364,123,93,246,388,778,780
2017-06-26 19:17:52,367,124,93,246,388,778,780
2017-06-26 19:17:53,369,125,93,247,389,778,780
2017-06-26 19:17:54,371,126,93,248,389,778,780
2017-06-26 19:17:55,372,127,92,248,389,778,779
2017-06-26 19:17:56,377,128,93,249,390,778,780
2017-06-26 19:17:57,383,129,93,250,390,778,780
2017-06-26 19:17:58,388,130,93,250,391,778,780
2017-06-26 19:17:59,391,131,93,251,391,778,780
2017-06-26 19:18:00,396,132,93,252,392,778,780
2017-06-26 19:18:01,400,133,92,252,392,778,780
2017-06-26 19:18:02,403,134,93,253,393,778,780
2017-06-26 19:18:03,406,135,93,254,393,778,780
2017-06-26 19:18:04,410,136,93,254,394,778,780
2017-06-26 19:18:05,413,137,93,255,394,778,780
2017-06-26 19:18:06,416,138,93,256,395,778,780
2017-06-26 19:18:07,420,139,93,257,395,778,780
2017-06-26 19:18:08,421,140,93,257,395,778,780
2017-06-26 19:18:09,422,141,92,258,396,778,780
2017-06-26 19:18:10,422,142,93,259,396,778,780
2017-06-26 19:18:11,428,143,93,260,397,778,780
2017-06-26 19:18:12,433,144,93,260,397,778,780
2017-06-26 19:18:13,434,145,92,261,397,778,780
2017-06-26 19:18:14,437,146,93,262,398,778,780
2017-06-26 19:18:15,442,147,93,262,398,778,780
2017-06-26 19:18:16,445,148,93,263,399,778,780
2017-06-26 19:18:17,449,149,93,264,399,778,780
2017-06-26 19:18:18,452,150,93,264,399,778,780
2017-06-26 19:18:19,458,151,93,265,400,778,780
2017-06-26 19:18:20,459,152,93,266,400,778,780
2017-06-26 19:18:21,462,153,93,267,400,778,780
2017-06-26 19:18:22,465,154,93,267,401,778,780
2017-06-26 19:18:23,470,155,93,268,401,778,780
2017-06-26 19:18:24,470,156,93,268,401,778,780
2017-06-26 19:18:25,474,157,93,269,402,778,780
2017-06-26 19:18:26,477,158,93,270,402,778,780
2017-06-26 19:18:27,479,159,93,271,403,778,780
2017-06-26 19:18:28,483,160,93,271,403,778,780
2017-06-26 19:18:29,484,161,92,272,404,778,780
2017-06-26 19:18:30,488,162,93,273,404,778,780
2017-06-26 19:18:31,492,163,92,273,404,778,780
2017-06-26 19:18:32,496,164,93,274,405,778,780
2017-06-26 19:18:33,498,165,93,275,405,778,780
2017-06-26 19:18:34,501,166,92,276,405,778,780
2017-06-26 19:18:35,505,167,93,276,406,778,780
2017-06-26 19:18:36,505,168,93,277,406,778,780
2017-06-26 19:18:37,511,169,93,278,406,778,780
2017-06-26 19:18:38,514,170,93,279,407,778,780
2017-06-26 19:18:39,514,171,93,279,407,778,780
2017-06-26 19:18:40,515,172,93,280,407,778,780
2017-06-26 19:18:41,521,173,92,281,407,778,780
2017-06-26 19:18:42,521,174,93,282,408,778,780
2017-06-26 19:18:43,527,175,93,283,408,778,780
2017-06-26 19:18:44,528,176,93,283,408,778,780
2017-06-26 19:18:45,529,177,93,284,408,778,780
2017-06-26 19:18:46,535,178,93,285,409,778,780
2017-06-26 19:18:47,539,179,92,285,409,778,780
2017-06-26 19:18:48,545,180,93,286,409,778,780
2017-06-26 19:18:49,549,181,93,287,409,778,780
2017-06-26 19:18:50,553,182,92,288,410,778,780
2017-06-26 19:18:51,554,183,93,288,410,778,780
2017-06-26 19:18:52,557,184,93,289,410,778,780
2017-06-26 19:18:53,560,185,93,290,411,778,780
2017-06-26 19:18:54,561,186,93,291,411,778,780
2017-06-26 19:18:55,565,187,93,291,411,778,780
2017-06-26 19:18:56,569,188,93,292,411,778,780
2017-06-26 19:18:57,570,189,93,293,412,778,780
2017-06-26 19:18:58,570,190,93,294,412,778,780
2017-06-26 19:18:59,572,191,93,294,412,778,780
2017-06-26 19:19:00,577,192,92,295,413,778,780
2017-06-26 19:19:01,581,193,93,296,413,778,780
2017-06-26 19:19:02,585,194,93,297,413,778,780
2017-06-26 19:19:03,588,195,93,297,413,778,780
2017-06-26 19:19:04,593,196,92,298,413,778,780
2017-06-26 19:19:05,596,197,93,299,414,778,780
2017-06-26 19:19:06,600,198,93,299,414,778,780
2017-06-26 19:19:07,603,199,93,300,414,778,780
2017-06-26 19:19:08,606,200,93,301,415,778,780
2017-06-26 19:19:09,607,201,92,301,415,778,780
2017-06-26 19:19:10,611,202,93,302,415,778,780
2017-06-26 19:19:11,615,203,93,303,416,778,780
2017-06-26 19:19:12,619,204,93,303,416,778,780
2017-06-26 19:19:13,621,205,93,304,416,778,780
2017-06-26 19:19:14,625,206,93,305,417,778,780
2017-06-26 19:19:15,628,207,93,306,417,778,780
2017-06-26 19:19:16,631,208,93,306,417,778,780
2017-06-26 19:19:17,634,209,93,307,417,778,780
2017-06-26 19:19:18,635,210,93,308,418,778,780
2017-06-26 19:19:19,636,211,93,308,418,778,780
2017-06-26 19:19:20,641,212,93,309,418,778,780
2017-06-26 19:19:21,646,213,93,310,418,778,780
2017-06-26 19:19:22,649,214,93,311,419,778,780
2017-06-26 19:19:23,654,215,93,311,419,778,780
2017-06-26 19:19:24,655,216,92,312,420,778,780
2017-06-26 19:19:25,657,217,92,313,420,778,780
2017-06-26 19:19:26,661,218,93,314,420,778,780
2017-06-26 19:19:27,665,219,93,314,420,778,780
2017-06-26 19:19:28,668,220,93,315,420,778,780
2017-06-26 19:19:29,670,221,93,316,420,778,780
2017-06-26 19:19:30,670,222,93,317,421,778,780
2017-06-26 19:19:31,672,223,92,317,421,778,780
2017-06-26 19:19:32,678,224,93,318,421,778,780
2017-06-26 19:19:33,683,225,93,318,422,778,780
2017-06-26 19:19:34,686,226,93,319,422,778,780
2017-06-26 19:19:35,689,227,93,320,422,778,780
2017-06-26 19:19:36,690,228,93,321,422,778,780
2017-06-26 19:19:37,691,229,92,321,422,778,780
2017-06-26 19:19:38,694,230,93,322,423,778,780
2017-06-26 19:19:39,699,231,93,323,423,778,780
2017-06-26 19:19:40,700,232,93,323,423,778,780
2017-06-26 19:19:41,706,233,93,324,424,778,780
2017-06-26 19:19:42,711,234,93,325,424,778,780
2017-06-26 19:19:43,714,235,93,326,424,778,780
2017-06-26 19:19:44,718,236,93,326,424,778,780
2017-06-26 19:19:45,720,237,93,327,425,778,780
2017-06-26 19:19:46,723,238,93,328,425,778,780
2017-06-26 19:19:47,726,239,92,328,425,778,780
2017-06-26 19:19:48,729,240,93,329,425,778,780
2017-06-26 19:19:49,732,241,92,330,426,778,780
2017-06-26 19:19:50,735,242,93,330,426,778,780
2017-06-26 19:19:51,736,243,93,331,426,778,780
2017-06-26 19:19:52,740,244,93,332,426,778,780
2017-06-26 19:19:53,744,245,92,333,426,778,780
2017-06-26 19:19:54,748,246,92,333,427,778,780
2017-06-26 19:19:55,748,247,93,334,427,778,780
2017-06-26 19:19:56,753,248,92,334,427,778,780
2017-06-26 19:19:57,757,249,92,335,427,778,780
2017-06-26 19:19:58,760,250,92,336,428,778,780
2017-06-26 19:19:59,763,251,93,337,428,778,780
2017-06-26 19:20:00,768,252,93,337,428,778,780
2017-06-26 19:20:01,769,253,92,338,429,778,780
2017-06-26 19:20:02,770,254,93,338,429,778,780
2017-06-26 19:20:03,775,255,93,339,429,778,780
2017-06-26 19:20:04,776,256,92,340,429,778,780
2017-06-26 19:20:05,781,257,93,341,430,778,780
2017-06-26 19:20:06,784,258,93,341,430,778,780
2017-06-26 19:20:07,787,259,92,342,430,778,780
2017-06-26 19:20:08,791,260,92,342,430,778,780
2017-06-26 19:20:09,791,261,92,343,431,778,780
2017-06-26 19:20:10,797,262,92,344,431,778,780
2017-06-26 19:20:11,800,263,93,344,431,778,780
2017-06-26 19:20:12,803,264,93,345,431,778,780
2017-06-26 19:20:13,806,265,93,346,432,778,780
2017-06-26 19:20:14,809,266,93,346,432,778,780
2017-06-26 19:20:15,812,267,92,347,432,778,780
2017-06-26 19:20:16,817,268,93,348,432,778,780
2017-06-26 19:20:17,819,269,93,349,432,778,780
2017-06-26 19:20:18,824,270,93,349,433,778,780
2017-06-26 19:20:19,825,271,93,350,433,778,780
2017-06-26 19:20:20,827,272,93,350,433,778,780
2017-06-26 19:20:21,831,273,92,351,433,778,780
2017-06-26 19:20:22,832,274,93,352,433,778,780
2017-06-26 19:20:23,837,275,93,352,433,778,780
2017-06-26 19:20:24,840,276,92,353,433,778,780
2017-06-26 19:20:25,841,277,93,353,433,778,780
2017-06-26 19:20:26,844,278,92,354,434,778,780
2017-06-26 19:20:27,849,279,92,355,434,778,780
2017-06-26 19:20:28,852,280,93,355,434,778,780
2017-06-26 19:20:29,855,281,93,356,434,778,780
2017-06-26 19:20:30,858,282,92,357,435,778,780
2017-06-26 19:20:31,861,283,92,357,435,778,780
2017-06-26 19:20:32,864,284,93,358,435,778,780
2017-06-26 19:20:33,868,285,92,358,435,778,780
2017-06-26 19:20:34,869,286,92,359,435,778,780
2017-06-26 19:20:35,871,287,92,360,436,778,780
2017-06-26 19:20:36,877,288,92,360,436,778,780
2017-06-26 19:20:37,882,289,92,361,436,778,780
2017-06-26 19:20:38,882,290,93,362,437,778,780
2017-06-26 19:20:39,886,291,92,362,437,778,780
2017-06-26 19:20:40,887,292,93,363,437,778,780
2017-06-26 19:20:41,889,293,92,363,437,778,780
2017-06-26 19:20:42,891,294,92,364,437,778,780
2017-06-26 19:20:43,894,295,92,365,438,778,780
2017-06-26 19:20:44,896,296,92,366,438,778,780
2017-06-26 19:20:45,897,297,92,366,438,778,780
2017-06-26 19:20:46,903,298,92,367,439,778,780
2017-06-26 19:20:47,903,299,92,367,439,778,780
2017-06-26 19:20:48,904,300,92,368,439,778,780
2017-06-26 19:20:49,908,301,92,368,440,778,780
2017-06-26 19:20:50,913,302,92,369,440,778,780
2017-06-26 19:20:51,918,303,92,369,440,778,780
2017-06-26 19:20:52,919,304,92,370,440,778,780
2017-06-26 19:20:53,924,305,92,371,440,778,780
2017-06-26 19:20:54,926,306,92,371,441,778,780
2017-06-26 19:20:55,927,307,92,372,442,778,780
2017-06-26 19:20:56,928,308,93,373,443,778,780
2017-06-26 19:20:57,933,310,92,373,443,778,780
2017-06-26 19:20:58,935,311,93,374,444,778,780
2017-06-26 19:20:59,936,312,92,375,445,778,780
2017-06-26 19:21:00,942,313,92,375,445,778,780
2017-06-26 19:21:01,943,314,92,376,446,778,780
2017-06-26 19:21:02,948,315,93,377,447,778,780
2017-06-26 19:21:03,950,316,92,377,447,778,780
2017-06-26 19:21:04,951,317,92,378,448,778,780
2017-06-26 19:21:05,956,318,92,378,449,778,780
2017-06-26 19:21:06,957,319,92,379,450,778,780
2017-06-26 19:21:07,958,320,92,379,450,778,780
2017-06-26 19:21:08,959,321,93,380,451,778,780
2017-06-26 19:21:09,961,322,92,381,451,778,780
2017-06-26 19:21:10,964,323,92,381,452,778,780
2017-06-26 19:21:11,968,324,92,382,452,778,780
2017-06-26 19:21:12,970,325,92,383,453,778,780
2017-06-26 19:21:13,972,326,92,383,453,778,780
2017-06-26 19:21:14,977,327,92,384,454,778,780
2017-06-26 19:21:15,980,328,92,384,454,778,780
2017-06-26 19:21:16,982,329,92,385,455,778,780
2017-06-26 19:21:17,986,330,92,386,455,778,780
2017-06-26 19:21:18,989,331,92,386,456,778,780
2017-06-26 19:21:19,992,332,92,387,456,778,780
2017-06-26 19:21:20,995,333,92,388,457,778,780
2017-06-26 19:21:21,998,334,92,388,457,778,780
2017-06-26 19:21:23,001,335,92,389,458,778,780
2017-06-26 19:21:24,002,336,92,389,458,778,780
2017-06-26 19:21:25,002,337,92,390,459,778,780
2017-06-26 19:21:26,006,338,92,391,459,778,780
2017-06-26 19:21:27,012,339,92,391,459,778,780
2017-06-26 19:21:28,016,340,92,392,460,778,780
2017-06-26 19:21:29,017,341,92,393,460,778,780
2017-06-26 19:21:30,018,342,92,393,461,778,780
2017-06-26 19:21:31,019,343,92,394,461,778,780
2017-06-26 19:21:32,022,344,92,395,461,778,780
2017-06-26 19:21:33,028,345,92,395,462,778,780
2017-06-26 19:21:34,031,346,92,396,462,778,780
2017-06-26 19:21:35,032,347,92,396,462,778,780
2017-06-26 19:21:36,037,348,92,397,463,778,780
2017-06-26 19:21:37,042,349,92,398,463,778,780
2017-06-26 19:21:38,046,350,92,398,463,778,780
2017-06-26 19:21:39,050,351,92,399,463,778,780
2017-06-26 19:21:40,054,352,92,400,464,778,780
2017-06-26 19:21:41,057,353,92,400,464,778,780
2017-06-26 19:21:42,060,354,93,401,465,778,780
2017-06-26 19:21:43,061,355,92,401,465,778,780
2017-06-26 19:21:44,066,356,92,402,465,778,780
2017-06-26 19:21:45,067,357,92,403,466,778,780
2017-06-26 19:21:46,070,358,92,403,466,778,780
2017-06-26 19:21:47,072,359,92,404,466,778,780
2017-06-26 19:21:48,078,360,92,405,467,778,780
2017-06-26 19:21:49,083,361,92,405,467,778,780
2017-06-26 19:21:50,086,362,92,406,467,778,780
2017-06-26 19:21:51,091,363,92,407,468,778,780
2017-06-26 19:21:52,097,364,92,407,468,778,780
2017-06-26 19:21:53,101,365,92,408,468,778,780
2017-06-26 19:21:54,102,366,92,408,468,778,780
2017-06-26 19:21:55,105,367,92,409,469,778,780
2017-06-26 19:21:56,110,368,92,410,469,778,780
2017-06-26 19:21:57,112,369,92,410,469,778,780
2017-06-26 19:21:58,116,370,92,411,470,778,780
2017-06-26 19:21:59,121,371,92,412,470,778,780
2017-06-26 19:22:00,124,372,92,412,470,778,780
2017-06-26 19:22:01,130,373,92,413,470,778,780
2017-06-26 19:22:02,132,374,92,413,470,778,780
2017-06-26 19:22:03,135,375,92,414,471,778,780
2017-06-26 19:22:04,141,376,92,414,471,778,780
2017-06-26 19:22:05,142,377,92,415,471,778,780
2017-06-26 19:22:06,144,378,92,415,471,778,780
2017-06-26 19:22:07,150,379,92,416,472,778,780
2017-06-26 19:22:08,155,380,92,417,472,778,780
2017-06-26 19:22:09,159,381,92,417,472,778,780
2017-06-26 19:22:10,162,382,92,418,472,778,780
2017-06-26 19:22:11,166,383,92,418,473,778,780
2017-06-26 19:22:12,168,384,92,419,473,778,780
2017-06-26 19:22:13,170,385,92,420,473,778,780
2017-06-26 19:22:14,175,386,92,420,473,778,780
2017-06-26 19:22:15,178,387,92,421,473,778,780
2017-06-26 19:22:16,181,388,92,421,473,778,780
2017-06-26 19:22:17,184,389,92,422,474,778,780
2017-06-26 19:22:18,187,390,92,422,474,778,780
2017-06-26 19:22:19,189,391,92,423,474,778,780
2017-06-26 19:22:20,193,392,92,424,474,778,780
2017-06-26 19:22:21,196,393,92,424,474,778,780
2017-06-26 19:22:22,197,394,92,425,475,778,780
2017-06-26 19:22:23,202,395,92,425,475,778,780
2017-06-26 19:22:24,205,396,92,426,475,778,780
2017-06-26 19:22:25,209,397,92,427,475,778,780
2017-06-26 19:22:26,212,398,92,427,475,778,780
2017-06-26 19:22:27,215,399,92,427,475,778,780
2017-06-26 19:22:28,216,400,92,428,475,778,780
2017-06-26 19:22:29,220,401,92,429,475,778,780
2017-06-26 19:22:30,224,402,92,429,475,778,780
2017-06-26 19:22:31,226,403,92,430,475,778,780
2017-06-26 19:22:32,230,404,92,431,475,778,780
2017-06-26 19:22:33,233,405,92,431,475,778,780
2017-06-26 19:22:34,237,406,92,432,475,778,780
2017-06-26 19:22:35,239,407,92,432,474,778,780
2017-06-26 19:22:36,242,408,92,433,474,778,780
2017-06-26 19:22:37,246,409,92,433,475,778,780
2017-06-26 19:22:38,249,410,92,434,475,778,780
2017-06-26 19:22:39,250,411,92,435,475,778,780
2017-06-26 19:22:40,251,412,92,435,475,778,780
2017-06-26 19:22:41,257,413,92,436,476,778,780
2017-06-26 19:22:42,261,414,92,437,476,778,780
2017-06-26 19:22:43,264,415,92,437,476,778,780
2017-06-26 19:22:44,266,416,92,438,476,778,780
2017-06-26 19:22:45,270,417,92,438,476,778,780
2017-06-26 19:22:46,273,418,92,439,476,778,780
2017-06-26 19:22:47,276,419,92,439,476,778,780
2017-06-26 19:22:48,281,420,92,440,477,778,780
2017-06-26 19:22:49,282,421,92,441,477,778,780
2017-06-26 19:22:50,285,422,92,441,477,778,780
2017-06-26 19:22:51,288,423,92,442,477,778,780
2017-06-26 19:22:52,289,424,92,442,478,778,780
2017-06-26 19:22:53,290,425,92,443,478,778,780
2017-06-26 19:22:54,293,426,92,444,478,778,780
2017-06-26 19:22:55,294,427,92,444,478,778,780
2017-06-26 19:22:56,300,428,92,445,478,778,780
2017-06-26 19:22:57,303,429,92,445,478,778,780
2017-06-26 19:22:58,308,430,92,446,478,778,780
2017-06-26 19:22:59,309,431,92,446,478,778,780
2017-06-26 19:23:00,314,432,92,447,479,778,780
2017-06-26 19:23:01,316,433,92,447,479,778,780
2017-06-26 19:23:02,321,434,92,448,479,778,780
2017-06-26 19:23:03,325,435,92,448,479,778,780
2017-06-26 19:23:04,328,436,92,449,479,778,780
2017-06-26 19:23:05,332,437,92,450,479,778,780
2017-06-26 19:23:06,335,438,92,450,480,778,780
2017-06-26 19:23:07,338,439,92,451,480,778,780
2017-06-26 19:23:08,340,440,92,451,480,778,780
2017-06-26 19:23:09,343,441,92,452,480,778,780
2017-06-26 19:23:10,347,442,92,452,480,778,780
2017-06-26 19:23:11,348,443,92,453,480,778,780
2017-06-26 19:23:12,352,444,92,453,481,778,780
2017-06-26 19:23:13,356,445,92,454,481,778,780
2017-06-26 19:23:14,359,446,92,454,481,778,780
2017-06-26 19:23:15,364,447,92,455,481,778,780
2017-06-26 19:23:16,365,448,92,455,481,778,780
2017-06-26 19:23:17,368,449,92,456,482,778,780
2017-06-26 19:23:18,371,450,92,456,482,778,780
2017-06-26 19:23:19,375,451,92,457,482,778,780
2017-06-26 19:23:20,378,452,92,457,482,778,780
2017-06-26 19:23:21,381,453,92,458,482,778,780
2017-06-26 19:23:22,384,454,92,458,483,778,780
2017-06-26 19:23:23,387,455,92,459,483,778,780
2017-06-26 19:23:24,392,456,92,459,483,778,780
2017-06-26 19:23:25,393,457,92,460,483,778,780
2017-06-26 19:23:26,396,458,92,460,484,778,780
2017-06-26 19:23:27,399,459,92,461,484,778,780
2017-06-26 19:23:28,402,460,92,461,484,778,780
2017-06-26 19:23:29,406,461,92,462,484,778,780
2017-06-26 19:23:30,407,462,92,463,485,778,780
2017-06-26 19:23:31,409,463,92,463,485,778,780
2017-06-26 19:23:32,413,464,92,464,485,778,780
2017-06-26 19:23:33,414,465,92,464,486,778,780
2017-06-26 19:23:34,415,466,92,465,486,778,780
2017-06-26 19:23:35,416,467,92,465,486,778,780
2017-06-26 19:23:36,422,468,92,466,486,778,780
2017-06-26 19:23:37,427,469,92,466,487,778,780
2017-06-26 19:23:38,431,470,92,467,487,778,780
2017-06-26 19:23:39,434,471,92,468,487,778,780
2017-06-26 19:23:40,435,472,92,468,487,778,780
2017-06-26 19:23:41,441,473,92,469,487,778,780
2017-06-26 19:23:42,445,474,92,469,487,778,780
2017-06-26 19:23:43,448,475,92,470,487,778,780
2017-06-26 19:23:44,451,476,92,470,488,778,780
2017-06-26 19:23:45,455,477,92,471,488,778,780
2017-06-26 19:23:46,458,478,92,471,488,778,780
2017-06-26 19:23:47,461,479,92,472,489,778,780
2017-06-26 19:23:48,466,480,92,472,489,778,780
2017-06-26 19:23:49,467,481,92,473,489,778,780
2017-06-26 19:23:50,470,482,92,473,489,778,780
2017-06-26 19:23:51,473,483,92,474,490,778,780
2017-06-26 19:23:52,476,484,92,474,490,778,780
2017-06-26 19:23:53,479,485,92,475,490,778,780
2017-06-26 19:23:54,482,486,92,475,490,778,780
2017-06-26 19:23:55,485,487,92,476,491,778,780
2017-06-26 19:23:56,486,488,92,476,491,778,780
2017-06-26 19:23:57,491,489,92,477,491,778,780
2017-06-26 19:23:58,492,490,92,477,491,778,780
2017-06-26 19:23:59,493,491,92,478,491,778,780
2017-06-26 19:24:00,494,492,92,478,491,778,780
2017-06-26 19:24:01,495,493,92,479,492,778,780
2017-06-26 19:24:02,496,494,92,480,492,778,780
2017-06-26 19:24:03,505,495,92,480,492,778,780
2017-06-26 19:24:04,512,496,92,481,492,778,780
2017-06-26 19:24:05,515,497,92,481,493,778,780
2017-06-26 19:24:06,519,498,92,482,493,778,780
2017-06-26 19:24:07,522,499,92,482,493,778,780
2017-06-26 19:24:08,525,500,92,483,493,778,780
2017-06-26 19:24:09,526,501,92,483,493,778,780
2017-06-26 19:24:10,530,502,92,484,494,778,780
2017-06-26 19:24:11,534,503,92,484,494,778,780
2017-06-26 19:24:12,537,504,92,485,494,778,780
2017-06-26 19:24:13,540,505,92,485,494,778,780
2017-06-26 19:24:14,543,506,92,486,494,778,780
2017-06-26 19:24:15,547,507,92,487,495,778,780
2017-06-26 19:24:16,550,508,92,487,495,778,780
2017-06-26 19:24:17,553,509,92,488,495,778,780
2017-06-26 19:24:18,556,510,92,488,495,778,780
2017-06-26 19:24:19,565,511,92,489,495,778,780
2017-06-26 19:24:20,576,512,92,489,496,778,780
2017-06-26 19:24:21,582,513,92,490,496,778,780
2017-06-26 19:24:22,585,514,92,490,496,778,780
2017-06-26 19:24:23,588,515,92,491,496,778,780
2017-06-26 19:24:24,589,516,92,491,497,778,780
2017-06-26 19:24:25,594,517,92,492,497,778,780
2017-06-26 19:24:26,597,518,92,492,497,778,780
2017-06-26 19:24:27,600,519,92,493,498,778,780
2017-06-26 19:24:28,603,520,92,493,498,778,780
2017-06-26 19:24:29,606,521,92,494,498,778,780
2017-06-26 19:24:30,614,522,92,494,499,778,780
2017-06-26 19:24:31,615,523,92,495,499,778,780
2017-06-26 19:24:32,616,524,92,495,499,778,780
2017-06-26 19:24:33,619,525,92,496,499,778,780
2017-06-26 19:24:34,621,526,92,496,500,778,780
2017-06-26 19:24:35,625,527,92,496,500,778,780
2017-06-26 19:24:36,627,528,92,497,500,778,780
2017-06-26 19:24:37,631,529,92,498,500,778,780
2017-06-26 19:24:38,634,530,92,498,501,778,780
2017-06-26 19:24:39,635,531,92,499,501,778,780
2017-06-26 19:24:40,640,532,92,499,501,778,780
2017-06-26 19:24:41,643,533,92,499,502,778,780
2017-06-26 19:24:42,646,534,92,500,502,778,780
2017-06-26 19:24:43,653,535,92,500,503,778,780
2017-06-26 19:24:44,655,536,92,501,503,778,780
2017-06-26 19:24:45,663,537,92,501,503,778,780
2017-06-26 19:24:46,673,538,92,501,503,778,780
2017-06-26 19:24:47,679,539,92,502,504,778,780
2017-06-26 19:24:48,682,540,92,502,504,778,780
2017-06-26 19:24:49,685,541,92,503,504,778,780
2017-06-26 19:24:50,688,542,92,503,504,778,780
2017-06-26 19:24:51,696,543,92,503,504,778,780
2017-06-26 19:24:52,706,544,92,504,505,778,780
2017-06-26 19:24:53,716,545,92,504,505,778,780
2017-06-26 19:24:54,717,546,92,505,505,778,780
2017-06-26 19:24:55,720,547,92,505,505,778,780
2017-06-26 19:24:56,722,548,92,505,505,778,780
2017-06-26 19:24:57,726,549,92,506,505,778,780
2017-06-26 19:24:58,729,550,92,506,506,778,780
2017-06-26 19:24:59,730,551,92,507,506,778,780
2017-06-26 19:25:00,735,552,92,507,506,778,780
2017-06-26 19:25:01,738,553,92,507,506,778,780
2017-06-26 19:25:02,739,554,92,507,506,778,780
2017-06-26 19:25:03,745,555,92,508,507,778,780
2017-06-26 19:25:04,747,556,92,508,507,778,780
2017-06-26 19:25:05,750,557,92,509,507,778,780
2017-06-26 19:25:06,753,558,92,509,507,778,780
2017-06-26 19:25:07,762,559,92,509,508,778,780
2017-06-26 19:25:08,763,560,92,510,508,778,780
2017-06-26 19:25:09,764,561,92,510,508,778,780
2017-06-26 19:25:10,766,562,92,510,508,778,780
2017-06-26 19:25:11,767,563,92,511,509,778,780
2017-06-26 19:25:12,772,564,92,511,509,778,780
2017-06-26 19:25:13,775,565,92,511,509,778,780
2017-06-26 19:25:14,778,566,92,512,509,778,780
2017-06-26 19:25:15,781,567,92,512,510,778,780
2017-06-26 19:25:16,784,568,92,512,509,778,780
2017-06-26 19:25:17,787,569,92,513,508,778,780
2017-06-26 19:25:18,790,570,92,513,507,778,780
2017-06-26 19:25:19,795,571,92,513,506,778,780
2017-06-26 19:25:20,803,572,92,514,506,778,780
2017-06-26 19:25:21,813,573,92,514,505,778,780
2017-06-26 19:25:22,814,574,92,514,504,778,780
2017-06-26 19:25:23,815,575,92,515,503,778,780
2017-06-26 19:25:24,818,576,92,515,502,778,780
2017-06-26 19:25:25,821,577,92,515,501,778,780
2017-06-26 19:25:26,832,578,92,515,500,778,780
2017-06-26 19:25:27,835,579,92,516,500,778,780
2017-06-26 19:25:28,838,580,92,516,499,778,780
2017-06-26 19:25:29,839,581,92,517,498,778,780
2017-06-26 19:25:30,844,582,92,517,498,778,780
2017-06-26 19:25:31,847,583,92,517,497,778,780
2017-06-26 19:25:32,849,584,92,517,496,778,780
2017-06-26 19:25:33,853,585,92,518,496,778,780
2017-06-26 19:25:34,854,586,92,518,495,778,780
2017-06-26 19:25:35,856,587,92,518,495,778,780
2017-06-26 19:25:36,861,588,92,519,494,778,780
2017-06-26 19:25:37,863,589,92,519,493,778,780
2017-06-26 19:25:38,865,590,92,519,493,778,780
2017-06-26 19:25:39,870,591,92,520,492,778,780
2017-06-26 19:25:40,879,592,92,520,491,778,780
2017-06-26 19:25:41,886,593,92,520,491,778,780
2017-06-26 19:25:42,887,594,92,520,490,778,780
2017-06-26 19:25:43,896,595,92,521,490,778,780
2017-06-26 19:25:44,903,596,92,521,489,778,780
2017-06-26 19:25:45,911,597,92,521,489,778,780
2017-06-26 19:25:46,918,598,92,521,488,778,780
2017-06-26 19:25:47,921,599,92,522,488,778,780
2017-06-26 19:25:48,930,601,92,522,488,778,780
2017-06-26 19:25:49,937,602,92,522,488,778,780
2017-06-26 19:25:50,944,603,92,522,487,778,780
2017-06-26 19:25:51,950,604,92,523,487,778,780
2017-06-26 19:25:52,955,605,92,523,486,778,780
2017-06-26 19:25:53,961,606,92,523,486,778,780
2017-06-26 19:25:54,968,607,92,523,486,778,780
2017-06-26 19:25:55,974,608,92,524,485,778,780
2017-06-26 19:25:56,977,609,92,524,485,778,780
2017-06-26 19:25:57,986,610,92,524,485,778,780
2017-06-26 19:25:58,993,611,92,525,485,778,780
2017-06-26 19:26:00,003,612,92,525,484,778,780
2017-06-26 19:26:01,012,613,92,525,484,778,780
2017-06-26 19:26:02,013,614,92,525,484,778,780
2017-06-26 19:26:03,024,615,92,526,484,778,780
2017-06-26 19:26:04,029,616,92,526,484,778,780
2017-06-26 19:26:05,032,617,92,526,484,778,780
2017-06-26 19:26:06,035,618,92,526,484,778,780
2017-06-26 19:26:07,038,619,92,527,483,778,780
2017-06-26 19:26:08,041,620,92,527,483,778,780
2017-06-26 19:26:09,044,621,92,527,483,778,780
2017-06-26 19:26:10,048,622,92,527,483,778,780
2017-06-26 19:26:11,050,623,92,527,483,778,780
2017-06-26 19:26:12,054,624,92,528,483,778,780
2017-06-26 19:26:13,057,625,92,528,483,778,780
2017-06-26 19:26:14,060,626,92,528,482,778,780
2017-06-26 19:26:15,061,627,92,528,482,778,780
2017-06-26 19:26:16,062,628,92,528,482,778,780
2017-06-26 19:26:17,069,629,92,529,482,778,780
2017-06-26 19:26:18,072,630,92,529,482,778,780
2017-06-26 19:26:19,075,631,92,529,482,778,780
2017-06-26 19:26:20,081,632,92,530,482,778,780
2017-06-26 19:26:21,090,633,92,530,482,778,780
2017-06-26 19:26:22,097,634,92,530,483,778,780
2017-06-26 19:26:23,100,635,92,530,483,778,780
2017-06-26 19:26:24,107,636,92,530,483,778,780
2017-06-26 19:26:25,113,637,92,531,483,778,780
2017-06-26 19:26:26,114,638,92,531,483,778,780
2017-06-26 19:26:27,116,639,92,531,484,778,780
2017-06-26 19:26:28,118,640,92,532,484,778,780
2017-06-26 19:26:29,126,641,92,532,484,778,780
2017-06-26 19:26:30,129,642,92,532,484,778,780
2017-06-26 19:26:31,129,643,92,532,484,778,780
2017-06-26 19:26:32,132,644,92,532,485,778,780
2017-06-26 19:26:33,135,645,92,533,485,778,780
2017-06-26 19:26:34,138,646,92,533,485,778,780
2017-06-26 19:26:35,141,647,92,533,485,778,780
2017-06-26 19:26:36,144,648,92,533,485,778,780
2017-06-26 19:26:37,147,649,92,534,485,778,780
2017-06-26 19:26:38,148,650,92,534,485,778,780
2017-06-26 19:26:39,152,651,92,534,485,778,780
2017-06-26 19:26:40,161,652,92,534,485,778,780
2017-06-26 19:26:41,164,653,92,535,485,778,780
2017-06-26 19:26:42,167,654,92,535,485,778,780
2017-06-26 19:26:43,176,655,92,535,486,778,780
2017-06-26 19:26:44,177,656,92,535,486,778,780
2017-06-26 19:26:45,181,657,92,536,486,778,780
2017-06-26 19:26:46,183,658,92,536,486,778,780
2017-06-26 19:26:47,184,659,92,536,486,778,780
2017-06-26 19:26:48,185,660,92,536,486,778,780
2017-06-26 19:26:49,194,661,92,537,486,778,780
2017-06-26 19:26:50,202,662,92,537,486,778,780
2017-06-26 19:26:51,211,663,92,537,486,778,780
2017-06-26 19:26:52,222,664,92,538,486,778,780
2017-06-26 19:26:53,230,665,92,538,486,778,780
2017-06-26 19:26:54,232,666,92,538,486,778,780
2017-06-26 19:26:55,236,667,92,538,486,778,780
2017-06-26 19:26:56,239,668,92,539,486,778,780
2017-06-26 19:26:57,242,669,92,539,486,778,780
2017-06-26 19:26:58,245,670,92,539,486,778,780
2017-06-26 19:26:59,246,671,92,540,487,778,780
2017-06-26 19:27:00,249,672,92,540,486,778,780
2017-06-26 19:27:01,250,673,92,540,487,778,780
2017-06-26 19:27:02,253,674,92,541,487,778,780
2017-06-26 19:27:03,257,675,92,541,487,778,780
2017-06-26 19:27:04,259,676,92,541,487,778,780
2017-06-26 19:27:05,264,677,92,541,487,778,780
2017-06-26 19:27:06,264,678,92,541,487,778,780
2017-06-26 19:27:07,269,679,92,542,487,778,780
2017-06-26 19:27:08,270,680,92,542,487,778,780
2017-06-26 19:27:09,276,681,92,543,487,778,780
2017-06-26 19:27:10,281,682,92,543,487,778,780
2017-06-26 19:27:11,285,683,92,543,487,778,780
2017-06-26 19:27:12,288,684,92,543,487,778,780
2017-06-26 19:27:13,291,685,92,544,487,778,780
2017-06-26 19:27:14,294,686,92,544,487,778,780
2017-06-26 19:27:15,297,687,92,545,487,778,780
2017-06-26 19:27:16,299,688,92,545,487,778,780
2017-06-26 19:27:17,300,689,92,545,486,778,780
2017-06-26 19:27:18,301,690,92,545,485,778,780
2017-06-26 19:27:19,302,691,92,546,485,778,780
2017-06-26 19:27:20,307,692,92,546,484,778,780
2017-06-26 19:27:21,309,693,92,545,484,778,780
