2017-06-26 18:08:39,764,coffee,datetime,ms,seconds,ambient_temp,thermocouple_0_temp,thermocouple_1_temp,thermocouple_2_temp,thermocouple_3_temp
2017-06-26 18:08:41,824,2,91,552,464,778,780
2017-06-26 18:08:42,825,3,91,544,458,778,780
2017-06-26 18:08:43,828,4,91,533,452,778,780
2017-06-26 18:08:44,831,5,91,520,446,778,780
2017-06-26 18:08:45,833,6,91,507,439,778,780
2017-06-26 18:08:46,838,7,91,495,434,778,780
2017-06-26 18:08:47,841,8,91,482,431,778,780
2017-06-26 18:08:48,844,9,91,470,428,778,780
2017-06-26 18:08:49,846,10,91,460,425,778,780
2017-06-26 18:08:50,848,11,91,449,422,778,780
2017-06-26 18:08:51,849,12,91,439,420,778,780
2017-06-26 18:08:52,851,13,91,429,417,778,780
2017-06-26 18:08:53,857,14,91,420,415,778,780
2017-06-26 18:08:54,859,15,91,411,412,778,780
2017-06-26 18:08:55,860,16,91,403,410,778,780
2017-06-26 18:08:56,861,17,91,394,408,778,780
2017-06-26 18:08:57,862,18,91,387,406,778,780
2017-06-26 18:08:58,863,19,91,378,404,778,780
2017-06-26 18:08:59,863,20,91,372,402,778,780
2017-06-26 18:09:00,865,21,91,365,400,778,780
2017-06-26 18:09:01,868,22,91,358,399,778,780
2017-06-26 18:09:02,868,23,91,351,397,778,780
2017-06-26 18:09:03,874,24,91,345,396,778,780
2017-06-26 18:09:04,880,25,91,339,394,778,780
2017-06-26 18:09:05,881,26,91,334,393,778,780
2017-06-26 18:09:06,883,27,91,329,392,778,780
2017-06-26 18:09:07,888,28,91,323,390,778,780
2017-06-26 18:09:08,892,29,91,318,389,778,780
2017-06-26 18:09:09,895,30,91,314,388,778,780
2017-06-26 18:09:10,898,31,91,309,387,778,780
2017-06-26 18:09:11,900,32,91,305,386,778,780
2017-06-26 18:09:12,904,33,91,301,385,778,780
2017-06-26 18:09:13,908,34,91,297,384,778,780
2017-06-26 18:09:14,911,35,91,293,383,778,780
2017-06-26 18:09:15,914,36,91,290,382,778,780
2017-06-26 18:09:16,917,37,91,286,381,778,780
2017-06-26 18:09:17,920,38,91,283,381,778,780
2017-06-26 18:09:18,922,39,91,280,380,778,780
2017-06-26 18:09:19,925,40,91,277,380,778,780
2017-06-26 18:09:20,926,41,91,275,379,778,780
2017-06-26 18:09:21,928,42,91,272,378,778,780
2017-06-26 18:09:22,928,43,91,269,378,778,780
2017-06-26 18:09:23,933,44,91,267,377,778,780
2017-06-26 18:09:24,936,45,91,265,377,778,780
2017-06-26 18:09:25,942,46,91,263,376,778,780
2017-06-26 18:09:26,947,47,91,261,376,778,780
2017-06-26 18:09:27,948,48,91,259,375,778,780
2017-06-26 18:09:28,954,49,91,257,375,778,780
2017-06-26 18:09:29,957,50,91,255,375,778,780
2017-06-26 18:09:30,960,51,91,253,375,778,780
2017-06-26 18:09:31,962,52,91,252,374,778,780
2017-06-26 18:09:32,966,53,91,250,375,778,780
2017-06-26 18:09:33,971,54,91,249,375,778,780
2017-06-26 18:09:34,972,55,91,248,375,778,780
2017-06-26 18:09:35,976,56,91,247,375,778,780
2017-06-26 18:09:36,978,57,91,246,375,778,780
2017-06-26 18:09:37,982,58,91,245,376,778,780
2017-06-26 18:09:38,984,59,91,244,377,778,780
2017-06-26 18:09:39,987,60,91,243,378,778,780
2017-06-26 18:09:40,991,61,91,242,379,778,780
2017-06-26 18:09:41,991,62,91,241,380,778,780
2017-06-26 18:09:42,995,63,91,240,381,778,780
2017-06-26 18:09:43,998,64,91,239,382,778,780
2017-06-26 18:09:44,999,65,91,239,382,778,780
2017-06-26 18:09:46,002,66,91,238,383,778,780
2017-06-26 18:09:47,003,67,91,238,384,778,780
2017-06-26 18:09:48,008,68,91,237,385,778,780
2017-06-26 18:09:49,013,69,91,237,386,778,780
2017-06-26 18:09:50,015,70,91,237,386,778,780
2017-06-26 18:09:51,015,71,91,237,387,778,780
2017-06-26 18:09:52,021,72,91,236,387,778,780
2017-06-26 18:09:53,024,73,91,236,388,778,780
2017-06-26 18:09:54,029,74,91,236,389,778,780
2017-06-26 18:09:55,031,75,91,236,389,778,780
2017-06-26 18:09:56,037,76,91,236,390,778,780
2017-06-26 18:09:57,040,77,91,236,390,778,780
2017-06-26 18:09:58,043,78,91,236,391,778,780
2017-06-26 18:09:59,047,79,91,236,392,778,780
2017-06-26 18:10:00,049,80,91,236,392,778,780
2017-06-26 18:10:01,050,81,91,236,393,778,780
2017-06-26 18:10:02,052,82,91,236,393,778,780
2017-06-26 18:10:03,053,83,91,236,394,778,780
2017-06-26 18:10:04,055,84,91,237,394,778,780
2017-06-26 18:10:05,058,85,91,237,395,778,780
2017-06-26 18:10:06,064,86,91,237,395,778,780
2017-06-26 18:10:07,068,87,91,237,396,778,780
2017-06-26 18:10:08,071,88,91,238,396,778,780
2017-06-26 18:10:09,072,89,91,238,397,778,780
2017-06-26 18:10:10,078,90,91,239,397,778,780
2017-06-26 18:10:11,078,91,91,239,398,778,780
2017-06-26 18:10:12,081,92,91,239,398,778,780
2017-06-26 18:10:13,084,93,91,240,399,778,780
2017-06-26 18:10:14,087,94,91,240,399,778,780
2017-06-26 18:10:15,089,95,91,241,400,778,780
2017-06-26 18:10:16,094,96,91,241,400,778,780
2017-06-26 18:10:17,098,97,91,242,401,778,780
2017-06-26 18:10:18,099,98,91,242,401,778,780
2017-06-26 18:10:19,102,99,91,243,401,778,780
2017-06-26 18:10:20,103,100,91,243,402,778,780
2017-06-26 18:10:21,109,101,91,244,402,778,780
2017-06-26 18:10:22,112,102,91,244,403,778,780
2017-06-26 18:10:23,115,103,91,245,403,778,780
2017-06-26 18:10:24,118,104,91,245,403,778,780
2017-06-26 18:10:25,121,105,91,246,403,778,780
2017-06-26 18:10:26,127,106,91,246,404,778,780
2017-06-26 18:10:27,132,107,91,247,404,778,780
2017-06-26 18:10:28,135,108,91,248,405,778,780
2017-06-26 18:10:29,139,109,91,248,405,778,780
2017-06-26 18:10:30,141,110,91,249,405,778,780
2017-06-26 18:10:31,143,111,91,249,406,778,780
2017-06-26 18:10:32,147,112,91,250,406,778,780
2017-06-26 18:10:33,150,113,91,250,407,778,780
2017-06-26 18:10:34,154,114,91,251,407,778,780
2017-06-26 18:10:35,157,115,91,252,407,778,780
2017-06-26 18:10:36,160,116,91,253,407,778,780
2017-06-26 18:10:37,163,117,91,253,408,778,780
2017-06-26 18:10:38,166,118,91,254,408,778,780
2017-06-26 18:10:39,167,119,91,255,408,778,780
2017-06-26 18:10:40,168,120,91,255,408,778,780
2017-06-26 18:10:41,173,121,91,256,409,778,780
2017-06-26 18:10:42,177,122,91,257,409,778,780
2017-06-26 18:10:43,180,123,91,258,410,778,780
2017-06-26 18:10:44,184,124,91,258,410,778,780
2017-06-26 18:10:45,185,125,91,259,410,778,780
2017-06-26 18:10:46,187,126,91,260,411,778,780
2017-06-26 18:10:47,190,127,91,261,411,778,780
2017-06-26 18:10:48,193,128,91,261,411,778,780
2017-06-26 18:10:49,196,129,91,262,411,778,780
2017-06-26 18:10:50,197,130,91,263,412,778,780
2017-06-26 18:10:51,201,131,91,264,412,778,780
2017-06-26 18:10:52,206,132,91,264,412,778,780
2017-06-26 18:10:53,211,133,91,265,413,778,780
2017-06-26 18:10:54,215,134,91,266,413,778,780
2017-06-26 18:10:55,216,135,91,267,413,778,780
2017-06-26 18:10:56,221,136,91,267,413,778,780
2017-06-26 18:10:57,222,137,91,268,414,778,780
2017-06-26 18:10:58,225,138,91,269,414,778,780
2017-06-26 18:10:59,231,139,91,270,414,778,780
2017-06-26 18:11:00,233,140,91,271,414,778,780
2017-06-26 18:11:01,234,141,91,271,414,778,780
2017-06-26 18:11:02,234,142,91,272,415,778,780
2017-06-26 18:11:03,235,143,91,273,415,778,780
2017-06-26 18:11:04,236,144,91,274,415,778,780
2017-06-26 18:11:05,237,145,91,275,416,778,780
2017-06-26 18:11:06,241,146,91,275,416,778,780
2017-06-26 18:11:07,243,147,91,276,416,778,780
2017-06-26 18:11:08,245,148,91,277,417,778,780
2017-06-26 18:11:09,247,149,91,278,417,778,780
2017-06-26 18:11:10,248,150,91,279,417,778,780
2017-06-26 18:11:11,249,151,91,279,418,778,780
2017-06-26 18:11:12,251,152,91,280,418,778,780
2017-06-26 18:11:13,253,153,91,281,418,778,780
2017-06-26 18:11:14,255,154,91,282,418,778,780
2017-06-26 18:11:15,257,155,91,283,419,778,780
2017-06-26 18:11:16,257,156,91,283,419,778,780
2017-06-26 18:11:17,258,157,91,284,419,778,780
2017-06-26 18:11:18,260,158,91,285,420,778,780
2017-06-26 18:11:19,260,159,91,286,420,778,780
2017-06-26 18:11:20,261,160,91,287,420,778,780
2017-06-26 18:11:21,265,161,91,288,420,778,780
2017-06-26 18:11:22,268,162,91,288,421,778,780
2017-06-26 18:11:23,270,163,91,289,421,778,780
2017-06-26 18:11:24,274,164,91,290,421,778,780
2017-06-26 18:11:25,277,165,91,291,422,778,780
2017-06-26 18:11:26,278,166,91,291,422,778,780
2017-06-26 18:11:27,282,167,91,292,422,778,780
2017-06-26 18:11:28,286,168,91,293,422,778,780
2017-06-26 18:11:29,289,169,91,294,423,778,780
2017-06-26 18:11:30,294,170,91,295,423,778,780
2017-06-26 18:11:31,298,171,91,295,423,778,780
2017-06-26 18:11:32,300,172,91,296,423,778,780
2017-06-26 18:11:33,302,173,91,297,423,778,780
2017-06-26 18:11:34,305,174,91,298,424,778,780
2017-06-26 18:11:35,308,175,91,299,424,778,780
2017-06-26 18:11:36,311,176,91,300,424,778,780
2017-06-26 18:11:37,314,177,91,300,424,778,780
2017-06-26 18:11:38,317,178,91,301,424,778,780
2017-06-26 18:11:39,320,179,91,302,424,778,780
2017-06-26 18:11:40,321,180,91,303,425,778,780
2017-06-26 18:11:41,323,181,91,303,425,778,780
2017-06-26 18:11:42,329,182,91,304,425,778,780
2017-06-26 18:11:43,333,183,91,305,425,778,780
2017-06-26 18:11:44,334,184,91,306,425,778,780
2017-06-26 18:11:45,335,185,91,306,425,778,780
2017-06-26 18:11:46,335,186,91,307,425,778,780
2017-06-26 18:11:47,336,187,91,308,426,778,780
2017-06-26 18:11:48,337,188,91,309,426,778,780
2017-06-26 18:11:49,338,189,91,309,426,778,780
2017-06-26 18:11:50,339,190,91,310,426,778,780
2017-06-26 18:11:51,340,191,91,311,426,778,780
2017-06-26 18:11:52,341,192,91,312,427,778,780
2017-06-26 18:11:53,342,193,91,313,427,778,780
2017-06-26 18:11:54,343,194,91,313,427,778,780
2017-06-26 18:11:55,347,195,91,314,427,778,780
2017-06-26 18:11:56,352,196,91,315,428,778,780
2017-06-26 18:11:57,358,197,91,316,428,778,780
2017-06-26 18:11:58,362,198,91,317,428,778,780
2017-06-26 18:11:59,365,199,91,317,429,778,780
2017-06-26 18:12:00,368,200,91,318,429,778,780
2017-06-26 18:12:01,371,201,91,319,429,778,780
2017-06-26 18:12:02,373,202,91,319,429,778,780
2017-06-26 18:12:03,376,203,91,320,430,778,780
2017-06-26 18:12:04,377,204,91,321,430,778,780
2017-06-26 18:12:05,380,205,91,322,430,778,780
2017-06-26 18:12:06,384,206,91,323,431,778,780
2017-06-26 18:12:07,390,207,91,324,431,778,780
2017-06-26 18:12:08,393,208,91,324,431,778,780
2017-06-26 18:12:09,393,209,91,325,431,778,780
2017-06-26 18:12:10,396,210,91,325,432,778,780
2017-06-26 18:12:11,397,211,91,326,432,778,780
2017-06-26 18:12:12,402,212,91,327,432,778,780
2017-06-26 18:12:13,407,213,91,328,432,778,780
2017-06-26 18:12:14,411,214,91,329,433,778,780
2017-06-26 18:12:15,414,215,91,330,433,778,780
2017-06-26 18:12:16,417,216,91,330,433,778,780
2017-06-26 18:12:17,420,217,91,331,433,778,780
2017-06-26 18:12:18,424,218,91,332,434,778,780
2017-06-26 18:12:19,425,219,91,332,434,778,780
2017-06-26 18:12:20,427,220,91,333,434,778,780
2017-06-26 18:12:21,428,221,91,334,434,778,780
2017-06-26 18:12:22,434,222,91,335,435,778,780
2017-06-26 18:12:23,437,223,91,336,435,778,780
2017-06-26 18:12:24,442,224,91,336,436,778,780
2017-06-26 18:12:25,445,225,91,337,436,778,780
2017-06-26 18:12:26,447,226,91,338,436,778,780
2017-06-26 18:12:27,449,227,91,338,436,778,780
2017-06-26 18:12:28,453,228,91,339,437,778,780
2017-06-26 18:12:29,455,229,91,340,437,778,780
2017-06-26 18:12:30,457,230,91,340,437,778,780
2017-06-26 18:12:31,461,231,91,341,437,778,780
2017-06-26 18:12:32,465,232,91,342,438,778,780
2017-06-26 18:12:33,465,233,91,343,438,778,780
2017-06-26 18:12:34,468,234,91,343,438,778,780
2017-06-26 18:12:35,474,235,91,344,438,778,780
2017-06-26 18:12:36,479,236,91,345,439,778,780
2017-06-26 18:12:37,482,237,91,345,439,778,780
2017-06-26 18:12:38,485,238,91,346,439,778,780
2017-06-26 18:12:39,489,239,91,347,439,778,780
2017-06-26 18:12:40,491,240,91,347,440,778,780
2017-06-26 18:12:41,492,241,91,348,440,778,780
2017-06-26 18:12:42,496,242,91,349,440,778,780
2017-06-26 18:12:43,497,243,91,349,440,778,780
2017-06-26 18:12:44,502,244,91,350,440,778,780
2017-06-26 18:12:45,504,245,91,350,440,778,780
2017-06-26 18:12:46,510,246,91,351,441,778,780
2017-06-26 18:12:47,513,247,91,352,441,778,780
2017-06-26 18:12:48,516,248,91,353,441,778,780
2017-06-26 18:12:49,519,249,91,353,441,778,780
2017-06-26 18:12:50,519,250,91,354,442,778,780
2017-06-26 18:12:51,521,251,91,354,442,778,780
2017-06-26 18:12:52,524,252,91,355,442,778,780
2017-06-26 18:12:53,528,253,91,356,443,778,780
2017-06-26 18:12:54,529,254,91,357,443,778,780
2017-06-26 18:12:55,531,255,91,357,443,778,780
2017-06-26 18:12:56,531,256,91,358,443,778,780
2017-06-26 18:12:57,533,257,91,359,443,778,780
2017-06-26 18:12:58,535,258,91,359,444,778,780
2017-06-26 18:12:59,539,259,91,360,444,778,780
2017-06-26 18:13:00,543,260,91,361,444,778,780
2017-06-26 18:13:01,544,261,91,361,444,778,780
2017-06-26 18:13:02,550,262,91,362,445,778,780
2017-06-26 18:13:03,555,263,91,362,445,778,780
2017-06-26 18:13:04,556,264,91,363,445,778,780
2017-06-26 18:13:05,558,265,91,364,446,778,780
2017-06-26 18:13:06,562,266,91,365,446,778,780
2017-06-26 18:13:07,566,267,91,365,446,778,780
2017-06-26 18:13:08,568,268,91,366,446,778,780
2017-06-26 18:13:09,570,269,91,366,446,778,780
2017-06-26 18:13:10,572,270,91,367,447,778,780
2017-06-26 18:13:11,574,271,91,368,447,778,780
2017-06-26 18:13:12,574,272,91,368,447,778,780
2017-06-26 18:13:13,576,273,91,369,447,778,780
2017-06-26 18:13:14,579,274,91,370,448,778,780
2017-06-26 18:13:15,580,275,91,370,448,778,780
2017-06-26 18:13:16,580,276,91,371,448,778,780
2017-06-26 18:13:17,584,277,91,371,448,778,780
2017-06-26 18:13:18,586,278,91,372,449,778,780
2017-06-26 18:13:19,587,279,91,373,449,778,780
2017-06-26 18:13:20,615,280,91,373,449,778,780
2017-06-26 18:13:21,616,281,91,374,449,778,780
2017-06-26 18:13:22,617,282,91,374,449,778,780
2017-06-26 18:13:23,618,283,91,375,449,778,780
2017-06-26 18:13:24,624,284,91,376,449,778,780
2017-06-26 18:13:25,629,285,91,376,450,778,780
2017-06-26 18:13:26,631,286,91,377,450,778,780
2017-06-26 18:13:27,631,287,91,378,450,778,780
2017-06-26 18:13:28,636,288,91,378,450,778,780
2017-06-26 18:13:29,637,289,91,379,451,778,780
2017-06-26 18:13:30,639,290,91,379,451,778,780
2017-06-26 18:13:31,640,291,91,380,451,778,780
2017-06-26 18:13:32,644,292,91,381,451,778,780
2017-06-26 18:13:33,645,293,91,381,452,778,780
2017-06-26 18:13:34,650,294,91,382,452,778,780
2017-06-26 18:13:35,652,295,91,382,452,778,780
2017-06-26 18:13:36,652,296,91,383,453,778,780
2017-06-26 18:13:37,658,297,91,384,453,778,780
2017-06-26 18:13:38,660,298,91,384,453,778,780
2017-06-26 18:13:39,664,299,91,385,453,778,780
2017-06-26 18:13:40,666,300,91,386,453,778,780
2017-06-26 18:13:41,667,301,91,386,454,778,780
2017-06-26 18:13:42,667,302,91,387,454,778,780
2017-06-26 18:13:43,669,303,91,387,454,778,780
2017-06-26 18:13:44,671,304,91,388,454,778,780
2017-06-26 18:13:45,674,305,91,389,455,778,780
2017-06-26 18:13:46,675,306,91,389,455,778,780
2017-06-26 18:13:47,676,307,91,390,455,778,780
2017-06-26 18:13:48,676,308,91,390,455,778,780
2017-06-26 18:13:49,677,309,91,391,455,778,780
2017-06-26 18:13:50,682,310,91,391,456,778,780
2017-06-26 18:13:51,683,311,91,392,456,778,780
2017-06-26 18:13:52,684,312,91,393,456,778,780
2017-06-26 18:13:53,685,313,91,393,456,778,780
2017-06-26 18:13:54,685,314,91,394,456,778,780
2017-06-26 18:13:55,686,315,91,395,457,778,780
2017-06-26 18:13:56,691,316,91,395,457,778,780
2017-06-26 18:13:57,691,317,91,396,457,778,780
2017-06-26 18:13:58,697,318,91,396,457,778,780
2017-06-26 18:13:59,698,319,91,397,457,778,780
2017-06-26 18:14:00,699,320,91,397,458,778,780
2017-06-26 18:14:01,701,321,91,398,458,778,780
2017-06-26 18:14:02,703,322,91,399,458,778,780
2017-06-26 18:14:03,707,323,91,399,458,778,780
2017-06-26 18:14:04,708,324,91,400,459,778,780
2017-06-26 18:14:05,711,325,91,401,459,778,780
2017-06-26 18:14:06,712,326,91,401,459,778,780
2017-06-26 18:14:07,714,327,91,402,459,778,780
2017-06-26 18:14:08,715,328,91,402,459,778,780
2017-06-26 18:14:09,715,329,91,403,459,778,780
2017-06-26 18:14:10,718,330,91,403,460,778,780
2017-06-26 18:14:11,721,331,91,404,460,778,780
2017-06-26 18:14:12,724,332,91,404,460,778,780
2017-06-26 18:14:13,727,333,91,405,460,778,780
2017-06-26 18:14:14,728,334,91,406,461,778,780
2017-06-26 18:14:15,728,335,91,406,461,778,780
2017-06-26 18:14:16,731,336,91,407,461,778,780
2017-06-26 18:14:17,733,337,91,407,461,778,780
2017-06-26 18:14:18,737,338,91,408,461,778,780
2017-06-26 18:14:19,738,339,91,408,461,778,780
2017-06-26 18:14:20,739,340,91,409,462,778,780
2017-06-26 18:14:21,743,341,91,409,462,778,780
2017-06-26 18:14:22,744,342,91,410,463,778,780
2017-06-26 18:14:23,747,343,91,411,463,778,780
2017-06-26 18:14:24,752,344,91,411,464,778,780
2017-06-26 18:14:25,753,345,91,412,464,778,780
2017-06-26 18:14:26,755,346,91,412,464,778,780
2017-06-26 18:14:27,756,347,91,413,465,778,780
2017-06-26 18:14:28,758,348,91,414,465,778,780
2017-06-26 18:14:29,762,349,91,414,466,778,780
2017-06-26 18:14:30,763,350,91,415,466,778,780
2017-06-26 18:14:31,768,352,91,415,466,778,780
2017-06-26 18:14:32,769,353,91,416,467,778,780
2017-06-26 18:14:33,770,354,91,416,467,778,780
2017-06-26 18:14:34,774,355,91,417,468,778,780
2017-06-26 18:14:35,776,356,91,417,468,778,780
2017-06-26 18:14:36,781,357,91,418,468,778,780
2017-06-26 18:14:37,784,358,91,419,468,778,780
2017-06-26 18:14:38,787,359,91,419,469,778,780
2017-06-26 18:14:39,787,360,91,420,469,778,780
2017-06-26 18:14:40,793,361,91,421,470,778,780
2017-06-26 18:14:41,797,362,91,421,470,778,780
2017-06-26 18:14:42,800,363,91,422,470,778,780
2017-06-26 18:14:43,803,364,91,422,470,778,780
2017-06-26 18:14:44,806,365,91,423,471,778,780
2017-06-26 18:14:45,808,366,91,423,471,778,780
2017-06-26 18:14:46,812,367,91,424,471,778,780
2017-06-26 18:14:47,815,368,91,424,472,778,780
2017-06-26 18:14:48,818,369,91,425,472,778,780
2017-06-26 18:14:49,821,370,91,425,472,778,780
2017-06-26 18:14:50,824,371,91,426,473,778,780
2017-06-26 18:14:51,825,372,91,426,473,778,780
2017-06-26 18:14:52,830,373,91,427,473,778,780
2017-06-26 18:14:53,831,374,91,428,473,778,780
2017-06-26 18:14:54,836,375,91,428,474,778,780
2017-06-26 18:14:55,840,376,91,429,474,778,780
2017-06-26 18:14:56,845,377,91,429,474,778,780
2017-06-26 18:14:57,846,378,91,430,475,778,780
2017-06-26 18:14:58,846,379,91,430,475,778,780
2017-06-26 18:14:59,848,380,91,431,475,778,780
2017-06-26 18:15:00,849,381,91,432,476,778,780
2017-06-26 18:15:01,850,382,91,432,476,778,780
2017-06-26 18:15:02,850,383,91,432,476,778,780
2017-06-26 18:15:03,851,384,91,433,476,778,780
2017-06-26 18:15:04,855,385,91,434,477,778,780
2017-06-26 18:15:05,858,386,91,434,477,778,780
2017-06-26 18:15:06,859,387,91,435,477,778,780
2017-06-26 18:15:07,865,388,91,436,477,778,780
2017-06-26 18:15:08,866,389,91,436,477,778,780
2017-06-26 18:15:09,867,390,91,437,478,778,780
2017-06-26 18:15:10,869,391,91,437,478,778,780
2017-06-26 18:15:11,870,392,91,438,478,778,780
2017-06-26 18:15:12,875,393,91,438,478,778,780
2017-06-26 18:15:13,879,394,91,439,479,778,780
2017-06-26 18:15:14,881,395,91,439,479,778,780
2017-06-26 18:15:15,884,396,91,440,479,778,780
2017-06-26 18:15:16,887,397,91,440,479,778,780
2017-06-26 18:15:17,892,398,91,441,479,778,780
2017-06-26 18:15:18,892,399,91,442,479,778,780
2017-06-26 18:15:19,897,400,91,442,480,778,780
2017-06-26 18:15:20,898,401,91,443,480,778,780
2017-06-26 18:15:21,903,402,91,443,480,778,780
2017-06-26 18:15:22,906,403,91,444,481,778,780
2017-06-26 18:15:23,909,404,91,445,481,778,780
2017-06-26 18:15:24,911,405,91,445,481,778,780
2017-06-26 18:15:25,915,406,91,446,481,778,780
2017-06-26 18:15:26,916,407,91,446,482,778,780
2017-06-26 18:15:27,921,408,91,447,482,778,780
2017-06-26 18:15:28,921,409,91,447,482,778,780
2017-06-26 18:15:29,923,410,91,448,482,778,780
2017-06-26 18:15:30,928,411,91,448,482,778,780
2017-06-26 18:15:31,933,412,91,449,483,778,780
2017-06-26 18:15:32,935,413,91,449,483,778,780
2017-06-26 18:15:33,940,414,91,450,483,778,780
2017-06-26 18:15:34,943,415,91,451,483,778,780
2017-06-26 18:15:35,946,416,91,451,483,778,780
2017-06-26 18:15:36,950,417,91,452,483,778,780
2017-06-26 18:15:37,952,418,91,452,483,778,780
2017-06-26 18:15:38,955,419,91,453,484,778,780
2017-06-26 18:15:39,958,420,91,453,484,778,780
2017-06-26 18:15:40,961,421,91,454,484,778,780
2017-06-26 18:15:41,964,422,91,454,484,778,780
2017-06-26 18:15:42,965,423,91,455,484,778,780
2017-06-26 18:15:43,968,424,91,455,485,778,780
2017-06-26 18:15:44,974,425,91,456,485,778,780
2017-06-26 18:15:45,977,426,91,456,485,778,780
2017-06-26 18:15:46,977,427,91,457,485,778,780
2017-06-26 18:15:47,979,428,91,458,485,778,780
2017-06-26 18:15:48,982,429,91,458,485,778,780
2017-06-26 18:15:49,985,430,92,459,486,778,780
2017-06-26 18:15:50,991,431,91,459,486,778,780
2017-06-26 18:15:51,994,432,91,460,486,778,780
2017-06-26 18:15:52,995,433,91,460,486,778,780
2017-06-26 18:15:54,001,434,91,461,486,778,780
2017-06-26 18:15:55,003,435,91,461,486,778,780
2017-06-26 18:15:56,007,436,91,462,486,778,780
2017-06-26 18:15:57,010,437,91,462,487,778,780
2017-06-26 18:15:58,013,438,91,463,487,778,780
2017-06-26 18:15:59,017,439,91,463,487,778,780
2017-06-26 18:16:00,020,440,91,464,487,778,780
2017-06-26 18:16:01,023,441,91,464,487,778,780
2017-06-26 18:16:02,025,442,92,465,488,778,780
2017-06-26 18:16:03,029,443,92,465,488,778,780
2017-06-26 18:16:04,032,444,92,466,488,778,780
2017-06-26 18:16:05,035,445,92,466,488,778,780
2017-06-26 18:16:06,038,446,91,467,489,778,780
2017-06-26 18:16:07,040,447,91,468,489,778,780
2017-06-26 18:16:08,041,448,91,468,489,778,780
2017-06-26 18:16:09,042,449,91,469,489,778,780
2017-06-26 18:16:10,048,450,91,469,490,778,780
2017-06-26 18:16:11,051,451,91,470,490,778,780
2017-06-26 18:16:12,057,452,92,470,490,778,780
2017-06-26 18:16:13,057,453,91,471,490,778,780
2017-06-26 18:16:14,063,454,92,471,491,778,780
2017-06-26 18:16:15,066,455,92,472,491,778,780
2017-06-26 18:16:16,069,456,91,473,491,778,780
2017-06-26 18:16:17,072,457,91,473,491,778,780
2017-06-26 18:16:18,075,458,91,474,491,778,780
2017-06-26 18:16:19,078,459,91,474,492,778,780
2017-06-26 18:16:20,081,460,92,475,492,778,780
2017-06-26 18:16:21,084,461,91,475,492,778,780
2017-06-26 18:16:22,087,462,91,476,492,778,780
2017-06-26 18:16:23,090,463,91,476,493,778,780
2017-06-26 18:16:24,091,464,91,477,493,778,780
2017-06-26 18:16:25,096,465,91,478,493,778,780
2017-06-26 18:16:26,098,466,92,478,493,778,780
2017-06-26 18:16:27,101,467,91,478,493,778,780
2017-06-26 18:16:28,106,468,92,479,494,778,780
2017-06-26 18:16:29,109,469,91,480,494,778,780
2017-06-26 18:16:30,110,470,91,480,494,778,780
2017-06-26 18:16:31,111,471,92,481,495,778,780
2017-06-26 18:16:32,114,472,92,481,495,778,780
2017-06-26 18:16:33,119,473,92,482,495,778,780
2017-06-26 18:16:34,124,474,92,482,495,778,780
2017-06-26 18:16:35,127,475,92,483,496,778,780
2017-06-26 18:16:36,129,476,92,484,496,778,780
2017-06-26 18:16:37,134,477,92,484,496,778,780
2017-06-26 18:16:38,135,478,92,485,496,778,780
2017-06-26 18:16:39,137,479,91,485,497,778,780
2017-06-26 18:16:40,140,480,92,486,497,778,780
2017-06-26 18:16:41,141,481,92,487,497,778,780
2017-06-26 18:16:42,144,482,92,487,497,778,780
2017-06-26 18:16:43,147,483,92,488,497,778,780
2017-06-26 18:16:44,151,484,92,488,498,778,780
2017-06-26 18:16:45,152,485,92,489,498,778,780
2017-06-26 18:16:46,158,486,92,489,498,778,780
2017-06-26 18:16:47,161,487,92,490,499,778,780
2017-06-26 18:16:48,167,488,92,490,499,778,780
2017-06-26 18:16:49,170,489,92,491,499,778,780
2017-06-26 18:16:50,173,490,92,491,499,778,780
2017-06-26 18:16:51,177,491,92,492,499,778,780
2017-06-26 18:16:52,177,492,92,493,500,778,780
2017-06-26 18:16:53,179,493,92,493,500,778,780
2017-06-26 18:16:54,185,494,92,494,501,778,780
2017-06-26 18:16:55,189,495,92,494,501,778,780
2017-06-26 18:16:56,190,496,92,495,501,778,780
2017-06-26 18:16:57,194,497,92,495,501,778,780
2017-06-26 18:16:58,198,498,92,496,502,778,780
2017-06-26 18:16:59,200,499,92,496,502,778,780
2017-06-26 18:17:00,204,500,92,497,502,778,780
2017-06-26 18:17:01,207,501,92,497,503,778,780
2017-06-26 18:17:02,208,502,92,498,503,778,780
2017-06-26 18:17:03,212,503,92,498,503,778,780
2017-06-26 18:17:04,217,504,92,499,504,778,780
2017-06-26 18:17:05,220,505,92,499,504,778,780
2017-06-26 18:17:06,223,506,91,500,504,778,780
2017-06-26 18:17:07,226,507,92,500,504,778,780
2017-06-26 18:17:08,229,508,92,501,505,778,780
2017-06-26 18:17:09,232,509,92,501,505,778,780
2017-06-26 18:17:10,235,510,92,502,505,778,780
2017-06-26 18:17:11,240,511,92,502,505,778,780
2017-06-26 18:17:12,241,512,92,503,506,778,780
2017-06-26 18:17:13,243,513,92,503,506,778,780
2017-06-26 18:17:14,245,514,92,504,506,778,780
2017-06-26 18:17:15,250,515,92,504,507,778,780
2017-06-26 18:17:16,253,516,92,505,507,778,780
2017-06-26 18:17:17,257,517,92,505,507,778,780
2017-06-26 18:17:18,260,518,92,506,508,778,780
2017-06-26 18:17:19,263,519,92,506,508,778,780
2017-06-26 18:17:20,266,520,92,506,508,778,780
2017-06-26 18:17:21,269,521,92,507,509,778,780
2017-06-26 18:17:22,272,522,92,507,509,778,780
2017-06-26 18:17:23,274,523,92,508,509,778,780
2017-06-26 18:17:24,278,524,92,508,509,778,780
2017-06-26 18:17:25,280,525,92,509,509,778,780
2017-06-26 18:17:26,284,526,92,509,508,778,780
2017-06-26 18:17:27,290,527,92,510,508,778,780
2017-06-26 18:17:28,290,528,92,510,507,778,780
2017-06-26 18:17:29,293,529,92,511,507,778,780
2017-06-26 18:17:30,297,530,92,511,507,778,780
2017-06-26 18:17:31,297,531,92,511,506,778,780
2017-06-26 18:17:32,302,532,92,512,506,778,780
2017-06-26 18:17:33,307,533,92,512,506,778,780
2017-06-26 18:17:34,309,534,92,512,505,778,780
2017-06-26 18:17:35,312,535,92,513,505,778,780
2017-06-26 18:17:36,315,536,92,513,505,778,780
2017-06-26 18:17:37,318,537,92,514,504,778,780
2017-06-26 18:17:38,321,538,92,514,504,778,780
2017-06-26 18:17:39,324,539,92,515,504,778,780
2017-06-26 18:17:40,327,540,92,515,503,778,780
2017-06-26 18:17:41,332,541,92,515,503,778,780
2017-06-26 18:17:42,333,542,92,515,503,778,780
2017-06-26 18:17:43,336,543,92,516,502,778,780
2017-06-26 18:17:44,339,544,92,516,502,778,780
2017-06-26 18:17:45,341,545,92,516,502,778,780
2017-06-26 18:17:46,341,546,92,517,501,778,780
2017-06-26 18:17:47,342,547,92,517,501,778,780
2017-06-26 18:17:48,345,548,92,517,501,778,780
2017-06-26 18:17:49,350,549,92,518,501,778,780
2017-06-26 18:17:50,356,550,92,518,501,778,780
2017-06-26 18:17:51,360,551,92,518,501,778,780
2017-06-26 18:17:52,364,552,92,519,500,778,780
2017-06-26 18:17:53,367,553,92,519,500,778,780
2017-06-26 18:17:54,370,554,92,519,500,778,780
2017-06-26 18:17:55,373,555,92,520,500,778,780
2017-06-26 18:17:56,377,556,92,520,499,778,780
2017-06-26 18:17:57,380,557,92,520,499,778,780
2017-06-26 18:17:58,381,558,92,520,499,778,780
2017-06-26 18:17:59,382,559,92,521,499,778,780
2017-06-26 18:18:00,383,560,92,521,499,778,780
2017-06-26 18:18:01,384,561,92,521,498,778,780
2017-06-26 18:18:02,386,562,92,522,498,778,780
2017-06-26 18:18:03,389,563,92,522,498,778,780
2017-06-26 18:18:04,394,564,92,522,498,778,780
2017-06-26 18:18:05,395,565,92,523,498,778,780
2017-06-26 18:18:06,399,566,92,523,498,778,780
2017-06-26 18:18:07,401,567,92,523,497,778,780
2017-06-26 18:18:08,402,568,92,523,497,778,780
2017-06-26 18:18:09,403,569,92,524,497,778,780
2017-06-26 18:18:10,404,570,92,524,497,778,780
2017-06-26 18:18:11,406,571,92,524,497,778,780
2017-06-26 18:18:12,409,572,92,525,497,778,780
2017-06-26 18:18:13,412,573,92,525,497,778,780
2017-06-26 18:18:14,414,574,92,525,497,778,780
2017-06-26 18:18:15,418,575,92,525,497,778,780
2017-06-26 18:18:16,421,576,92,526,497,778,780
2017-06-26 18:18:17,424,577,92,526,497,778,780
2017-06-26 18:18:18,427,578,92,526,497,778,780
2017-06-26 18:18:19,431,579,92,527,497,778,780
2017-06-26 18:18:20,434,580,92,527,496,778,780
2017-06-26 18:18:21,435,581,92,527,496,778,780
2017-06-26 18:18:22,438,582,92,528,496,778,780
2017-06-26 18:18:23,439,583,92,528,496,778,780
2017-06-26 18:18:24,444,584,92,528,496,778,780
2017-06-26 18:18:25,449,585,92,529,497,778,780
2017-06-26 18:18:26,452,586,92,529,497,778,780
2017-06-26 18:18:27,455,587,92,529,497,778,780
2017-06-26 18:18:28,458,588,92,529,496,778,780
2017-06-26 18:18:29,461,589,92,530,496,778,780
2017-06-26 18:18:30,463,590,92,530,496,778,780
2017-06-26 18:18:31,463,591,92,530,496,778,780
2017-06-26 18:18:32,468,592,92,531,496,778,780
2017-06-26 18:18:33,471,593,92,531,496,778,780
2017-06-26 18:18:34,471,594,92,531,496,778,780
2017-06-26 18:18:35,476,595,92,532,497,778,780
2017-06-26 18:18:36,479,596,92,532,497,778,780
2017-06-26 18:18:37,484,597,92,532,497,778,780
2017-06-26 18:18:38,489,598,92,533,496,778,780
2017-06-26 18:18:39,493,599,92,533,497,778,780
2017-06-26 18:18:40,494,600,92,533,496,778,780
2017-06-26 18:18:41,498,601,92,534,496,778,780
2017-06-26 18:18:42,501,602,92,534,496,778,780
2017-06-26 18:18:43,504,603,92,534,496,778,780
2017-06-26 18:18:44,506,604,92,534,496,778,780
2017-06-26 18:18:45,510,605,92,535,496,778,780
2017-06-26 18:18:46,514,606,92,535,496,778,780
2017-06-26 18:18:47,517,607,92,535,496,778,780
2017-06-26 18:18:48,520,608,92,536,496,778,780
2017-06-26 18:18:49,522,609,92,536,496,778,780
2017-06-26 18:18:50,523,610,92,536,496,778,780
2017-06-26 18:18:51,526,611,92,537,496,778,780
2017-06-26 18:18:52,531,612,92,537,496,778,780
2017-06-26 18:18:53,535,613,92,537,496,778,780
2017-06-26 18:18:54,538,614,92,538,495,778,780
2017-06-26 18:18:55,539,615,92,538,496,778,780
2017-06-26 18:18:56,542,616,92,538,496,778,780
2017-06-26 18:18:57,547,617,92,539,496,778,780
2017-06-26 18:18:58,548,618,92,539,496,778,780
2017-06-26 18:18:59,550,619,92,539,496,778,780
2017-06-26 18:19:00,556,620,92,540,495,778,780
2017-06-26 18:19:01,560,621,92,540,495,778,780
2017-06-26 18:19:02,563,622,92,540,495,778,780
2017-06-26 18:19:03,564,623,92,541,495,778,780
2017-06-26 18:19:04,565,624,92,541,495,778,780
2017-06-26 18:19:05,566,625,92,541,495,778,780
2017-06-26 18:19:06,568,626,92,542,495,778,780
2017-06-26 18:19:07,570,627,92,542,495,778,780
2017-06-26 18:19:08,572,628,92,542,495,778,780
2017-06-26 18:19:09,573,629,92,543,495,778,780
2017-06-26 18:19:10,574,630,92,543,495,778,780
2017-06-26 18:19:11,579,631,92,543,495,778,780
2017-06-26 18:19:12,585,632,92,544,495,778,780
2017-06-26 18:19:13,588,633,92,544,495,778,780
2017-06-26 18:19:14,589,634,92,544,494,778,780
2017-06-26 18:19:15,590,635,92,545,494,778,780
2017-06-26 18:19:16,596,636,92,545,494,778,780
2017-06-26 18:19:17,598,637,92,545,494,778,780
2017-06-26 18:19:18,601,638,92,545,494,778,780
2017-06-26 18:19:19,602,639,92,546,495,778,780
2017-06-26 18:19:20,602,640,92,546,494,778,780
2017-06-26 18:19:21,605,641,92,546,494,778,780
2017-06-26 18:19:22,608,642,92,546,494,778,780
2017-06-26 18:19:23,611,643,92,547,494,778,780
2017-06-26 18:19:24,614,644,92,547,494,778,780
2017-06-26 18:19:25,615,645,92,548,494,778,780
2017-06-26 18:19:26,616,646,92,548,494,778,780
2017-06-26 18:19:27,620,647,92,548,494,778,780
2017-06-26 18:19:28,626,648,92,548,494,778,780
2017-06-26 18:19:29,635,649,92,549,494,778,780
2017-06-26 18:19:30,637,650,92,549,494,778,780
2017-06-26 18:19:31,639,651,92,550,494,778,780
2017-06-26 18:19:32,640,652,92,550,494,778,780
2017-06-26 18:19:33,642,653,92,550,494,778,780
2017-06-26 18:19:34,644,654,92,551,494,778,780
2017-06-26 18:19:35,653,655,92,551,494,778,780
2017-06-26 18:19:36,660,656,92,551,494,778,780
2017-06-26 18:19:37,662,657,92,552,494,778,780
2017-06-26 18:19:38,664,658,92,552,494,778,780
2017-06-26 18:19:39,669,659,92,552,494,778,780
2017-06-26 18:19:40,669,660,92,553,494,778,780
2017-06-26 18:19:41,676,661,92,553,494,778,780
2017-06-26 18:19:42,676,662,92,553,494,778,780
2017-06-26 18:19:43,677,663,92,554,494,778,780
2017-06-26 18:19:44,678,664,92,554,494,778,780
2017-06-26 18:19:45,679,665,92,555,494,778,780
2017-06-26 18:19:46,688,666,92,555,494,778,780
2017-06-26 18:19:47,690,667,92,555,494,778,780
2017-06-26 18:19:48,700,668,92,556,494,778,780
2017-06-26 18:19:49,704,669,92,556,494,778,780
2017-06-26 18:19:50,710,670,92,556,494,778,780
2017-06-26 18:19:51,713,671,92,556,494,778,780
2017-06-26 18:19:52,717,672,92,557,494,778,780
2017-06-26 18:19:53,724,673,92,557,494,778,780
2017-06-26 18:19:54,731,674,92,558,494,778,780
2017-06-26 18:19:55,738,675,92,558,494,778,780
2017-06-26 18:19:56,745,676,92,559,494,778,780
2017-06-26 18:19:57,749,677,92,559,494,778,780
2017-06-26 18:19:58,752,678,92,559,494,778,780
2017-06-26 18:19:59,755,679,92,560,494,778,780
2017-06-26 18:20:00,757,680,92,560,495,778,780
2017-06-26 18:20:01,761,681,92,560,495,778,780
2017-06-26 18:20:02,764,683,92,561,495,778,780
2017-06-26 18:20:03,767,684,92,561,495,778,780
2017-06-26 18:20:04,770,685,92,561,495,778,780
2017-06-26 18:20:05,773,686,92,562,495,778,780
2017-06-26 18:20:06,776,687,92,562,495,778,780
2017-06-26 18:20:07,779,688,92,562,495,778,780
2017-06-26 18:20:08,788,689,92,563,495,778,780
2017-06-26 18:20:09,789,690,92,563,495,778,780
2017-06-26 18:20:10,798,691,92,563,495,778,780
2017-06-26 18:20:11,805,692,92,564,495,778,780
2017-06-26 18:20:12,815,693,92,564,495,778,780
2017-06-26 18:20:13,821,694,92,564,494,778,780
2017-06-26 18:20:14,824,695,92,565,494,778,780
2017-06-26 18:20:15,826,696,92,565,494,778,780
2017-06-26 18:20:16,829,697,92,565,494,778,780
2017-06-26 18:20:17,838,698,92,566,494,778,780
2017-06-26 18:20:18,839,699,92,566,494,778,780
2017-06-26 18:20:19,844,700,92,566,494,778,780
2017-06-26 18:20:20,853,701,92,567,494,778,780
2017-06-26 18:20:21,856,702,92,567,494,778,780
2017-06-26 18:20:22,859,703,92,567,494,778,780
2017-06-26 18:20:23,862,704,92,567,494,778,780
2017-06-26 18:20:24,865,705,92,568,494,778,780
2017-06-26 18:20:25,867,706,92,568,494,778,780
2017-06-26 18:20:26,871,707,92,569,494,778,780
2017-06-26 18:20:27,875,708,92,569,494,778,780
2017-06-26 18:20:28,877,709,92,569,494,778,780
2017-06-26 18:20:29,888,710,92,569,494,778,780
2017-06-26 18:20:30,898,711,92,569,494,778,780
2017-06-26 18:20:31,903,712,92,570,494,778,780
2017-06-26 18:20:32,907,713,92,570,494,778,780
2017-06-26 18:20:33,909,714,92,570,494,778,780
2017-06-26 18:20:34,919,715,92,570,494,778,780
2017-06-26 18:20:35,927,716,92,569,493,778,780
2017-06-26 18:20:36,930,717,92,568,493,778,780
2017-06-26 18:20:37,938,718,92,566,493,778,780
