2016-06-29 07:16:55,697,coffee,datetime,ms,seconds,ambient_temp,thermocouple_0_temp,thermocouple_1_temp,thermocouple_2_temp,thermocouple_3_temp
2016-06-29 07:16:57,769,2,78,501,416,783,784
2016-06-29 07:16:58,770,3,78,494,411,784,784
2016-06-29 07:16:59,772,4,78,484,406,783,784
2016-06-29 07:17:00,773,5,78,473,400,783,784
2016-06-29 07:17:01,773,6,78,460,394,783,784
2016-06-29 07:17:02,774,7,78,449,390,784,784
2016-06-29 07:17:03,774,8,78,438,387,783,784
2016-06-29 07:17:04,775,9,78,428,385,784,784
2016-06-29 07:17:05,775,10,78,417,383,784,784
2016-06-29 07:17:06,776,11,78,407,381,784,784
2016-06-29 07:17:07,777,12,78,398,379,783,784
2016-06-29 07:17:08,778,13,78,390,377,783,784
2016-06-29 07:17:09,779,14,78,381,375,784,784
2016-06-29 07:17:10,779,15,78,373,374,783,784
2016-06-29 07:17:11,780,16,78,366,373,784,784
2016-06-29 07:17:12,781,17,78,358,371,784,784
2016-06-29 07:17:13,782,18,78,351,370,784,784
2016-06-29 07:17:14,783,19,78,343,368,784,784
2016-06-29 07:17:15,784,20,78,337,367,784,784
2016-06-29 07:17:16,786,21,78,330,366,783,784
2016-06-29 07:17:17,787,22,78,324,365,784,784
2016-06-29 07:17:18,789,23,78,318,364,784,784
2016-06-29 07:17:19,790,24,78,312,363,784,784
2016-06-29 07:17:20,792,25,78,307,362,783,784
2016-06-29 07:17:21,793,26,78,302,361,783,784
2016-06-29 07:17:22,794,27,78,298,360,784,784
2016-06-29 07:17:23,795,28,78,293,359,783,784
2016-06-29 07:17:24,796,29,78,289,359,783,784
2016-06-29 07:17:25,797,30,78,284,358,784,784
2016-06-29 07:17:26,799,31,78,280,357,783,784
2016-06-29 07:17:27,800,32,78,276,356,783,784
2016-06-29 07:17:28,801,33,78,273,356,784,784
2016-06-29 07:17:29,801,34,78,270,355,783,784
2016-06-29 07:17:30,802,35,78,267,355,783,784
2016-06-29 07:17:31,802,36,78,263,354,783,784
2016-06-29 07:17:32,805,37,78,260,354,783,784
2016-06-29 07:17:33,806,38,78,257,353,783,784
2016-06-29 07:17:34,808,39,78,254,353,783,784
2016-06-29 07:17:35,808,40,78,252,352,783,784
2016-06-29 07:17:36,809,41,78,250,352,784,784
2016-06-29 07:17:37,809,42,78,247,352,783,784
2016-06-29 07:17:38,810,43,78,245,352,783,784
2016-06-29 07:17:39,811,44,78,242,351,783,784
2016-06-29 07:17:40,812,45,78,240,351,784,784
2016-06-29 07:17:41,813,46,78,238,351,783,784
2016-06-29 07:17:42,814,47,78,237,350,783,784
2016-06-29 07:17:43,814,48,78,235,350,783,784
2016-06-29 07:17:44,815,49,78,233,350,783,784
2016-06-29 07:17:45,816,50,78,231,349,783,784
2016-06-29 07:17:46,817,51,78,230,349,783,784
2016-06-29 07:17:47,819,52,78,228,349,783,784
2016-06-29 07:17:48,821,53,78,227,349,783,784
2016-06-29 07:17:49,822,54,78,226,348,784,784
2016-06-29 07:17:50,824,55,78,225,348,783,784
2016-06-29 07:17:51,825,56,78,224,348,783,784
2016-06-29 07:17:52,825,57,78,223,348,783,784
2016-06-29 07:17:53,825,58,78,222,348,784,784
2016-06-29 07:17:54,827,59,78,221,348,783,784
2016-06-29 07:17:55,827,60,78,220,347,783,784
2016-06-29 07:17:56,828,61,78,220,347,783,784
2016-06-29 07:17:57,829,62,78,219,347,783,784
2016-06-29 07:17:58,830,63,78,218,347,784,784
2016-06-29 07:17:59,830,64,78,218,347,783,784
2016-06-29 07:18:00,831,65,78,217,347,783,784
2016-06-29 07:18:01,833,66,78,217,347,783,784
2016-06-29 07:18:02,833,67,78,216,347,783,784
2016-06-29 07:18:03,834,68,78,216,347,783,784
2016-06-29 07:18:04,834,69,78,215,347,783,784
2016-06-29 07:18:05,835,70,78,215,347,783,784
2016-06-29 07:18:06,836,71,78,214,347,783,784
2016-06-29 07:18:07,836,72,78,214,347,783,784
2016-06-29 07:18:08,837,73,78,214,347,783,784
2016-06-29 07:18:09,837,74,78,214,347,783,784
2016-06-29 07:18:10,837,75,78,214,347,783,784
2016-06-29 07:18:11,838,76,78,214,347,783,784
2016-06-29 07:18:12,838,77,78,213,346,783,784
2016-06-29 07:18:13,838,78,78,214,347,783,784
2016-06-29 07:18:14,839,79,78,214,346,783,784
2016-06-29 07:18:15,843,80,78,214,347,783,784
2016-06-29 07:18:16,844,81,78,214,348,783,784
2016-06-29 07:18:17,845,82,78,214,349,783,784
2016-06-29 07:18:18,845,83,78,214,350,783,784
2016-06-29 07:18:19,846,84,78,214,351,783,784
2016-06-29 07:18:20,847,85,78,214,351,783,784
2016-06-29 07:18:21,848,86,78,215,352,783,784
2016-06-29 07:18:22,849,87,78,215,353,783,784
2016-06-29 07:18:23,851,88,78,215,354,783,784
2016-06-29 07:18:24,851,89,78,216,355,783,784
2016-06-29 07:18:25,853,90,78,216,355,783,784
2016-06-29 07:18:26,854,91,78,216,356,783,784
2016-06-29 07:18:27,855,92,78,216,357,783,784
2016-06-29 07:18:28,855,93,78,217,357,783,784
2016-06-29 07:18:29,856,94,78,217,358,783,784
2016-06-29 07:18:30,858,95,78,217,359,783,784
2016-06-29 07:18:31,859,96,78,218,360,784,784
2016-06-29 07:18:32,860,97,78,218,360,783,784
2016-06-29 07:18:33,864,98,78,219,361,783,784
2016-06-29 07:18:34,866,99,78,219,361,783,784
2016-06-29 07:18:35,866,100,78,220,362,783,784
2016-06-29 07:18:36,867,101,78,220,363,784,784
2016-06-29 07:18:37,868,102,78,221,363,783,784
2016-06-29 07:18:38,869,103,78,221,364,783,784
2016-06-29 07:18:39,870,104,78,222,365,783,784
2016-06-29 07:18:40,871,105,78,222,365,783,784
2016-06-29 07:18:41,873,106,78,223,366,783,784
2016-06-29 07:18:42,874,107,78,223,366,783,784
2016-06-29 07:18:43,875,108,78,224,367,783,784
2016-06-29 07:18:44,876,109,78,224,367,783,784
2016-06-29 07:18:45,876,110,78,225,368,783,784
2016-06-29 07:18:46,877,111,78,226,368,783,784
2016-06-29 07:18:47,879,112,78,226,369,783,784
2016-06-29 07:18:48,879,113,78,227,369,783,784
2016-06-29 07:18:49,880,114,78,228,369,783,784
2016-06-29 07:18:50,882,115,78,228,370,783,784
2016-06-29 07:18:51,883,116,78,229,370,783,784
2016-06-29 07:18:52,884,117,78,230,371,783,784
2016-06-29 07:18:53,884,118,78,230,371,783,784
2016-06-29 07:18:54,885,119,78,231,371,783,784
2016-06-29 07:18:55,886,120,78,232,372,783,784
2016-06-29 07:18:56,886,121,78,232,372,783,784
2016-06-29 07:18:57,887,122,78,233,372,783,784
2016-06-29 07:18:58,887,123,78,234,373,783,784
2016-06-29 07:18:59,889,124,78,234,373,783,784
2016-06-29 07:19:00,889,125,78,235,373,783,784
2016-06-29 07:19:01,890,126,78,236,374,783,784
2016-06-29 07:19:02,892,127,78,236,374,783,784
2016-06-29 07:19:03,892,128,78,237,375,783,784
2016-06-29 07:19:04,894,129,78,238,375,783,784
2016-06-29 07:19:05,894,130,78,238,376,783,784
2016-06-29 07:19:06,895,131,78,239,376,783,784
2016-06-29 07:19:07,895,132,78,240,377,783,784
2016-06-29 07:19:08,896,133,78,240,377,783,784
2016-06-29 07:19:09,898,134,78,241,377,783,784
2016-06-29 07:19:10,899,135,78,242,377,783,784
2016-06-29 07:19:11,899,136,78,243,378,783,784
2016-06-29 07:19:12,900,137,78,243,378,783,784
2016-06-29 07:19:13,902,138,79,244,379,783,784
2016-06-29 07:19:14,903,139,78,245,379,783,784
2016-06-29 07:19:15,904,140,78,246,379,783,784
2016-06-29 07:19:16,904,141,78,247,380,783,784
2016-06-29 07:19:17,905,142,78,247,380,783,784
2016-06-29 07:19:18,906,143,78,248,380,783,784
2016-06-29 07:19:19,907,144,78,249,381,783,784
2016-06-29 07:19:20,908,145,79,250,381,783,784
2016-06-29 07:19:21,910,146,78,250,382,783,784
2016-06-29 07:19:22,910,147,78,251,382,783,784
2016-06-29 07:19:23,912,148,78,252,382,783,784
2016-06-29 07:19:24,913,149,78,252,383,783,784
2016-06-29 07:19:25,914,150,78,253,383,783,784
2016-06-29 07:19:26,916,151,78,254,384,783,784
2016-06-29 07:19:27,916,152,78,255,384,783,784
2016-06-29 07:19:28,917,153,79,256,384,783,784
2016-06-29 07:19:29,918,154,78,256,384,783,784
2016-06-29 07:19:30,919,155,78,257,384,783,784
2016-06-29 07:19:31,920,156,79,258,385,783,784
2016-06-29 07:19:32,920,157,78,258,385,783,784
2016-06-29 07:19:33,921,158,79,259,385,783,784
2016-06-29 07:19:34,922,159,79,260,386,783,784
2016-06-29 07:19:35,923,160,79,261,386,783,784
2016-06-29 07:19:36,924,161,78,261,386,783,784
2016-06-29 07:19:37,926,162,79,262,387,783,784
2016-06-29 07:19:38,927,163,79,263,387,783,784
2016-06-29 07:19:39,928,164,79,264,387,783,784
2016-06-29 07:19:40,929,165,79,265,388,783,784
2016-06-29 07:19:41,930,166,79,265,388,783,784
2016-06-29 07:19:42,931,167,79,266,388,783,784
2016-06-29 07:19:43,932,168,79,267,388,783,784
2016-06-29 07:19:44,932,169,79,268,389,783,784
2016-06-29 07:19:45,934,170,79,268,389,783,784
2016-06-29 07:19:46,935,171,79,269,389,783,784
2016-06-29 07:19:47,936,172,79,270,389,783,784
2016-06-29 07:19:48,937,173,79,271,390,783,784
2016-06-29 07:19:49,938,174,79,271,390,783,784
2016-06-29 07:19:50,938,175,79,272,390,783,784
2016-06-29 07:19:51,939,176,78,273,390,783,784
2016-06-29 07:19:52,940,177,79,273,390,783,784
2016-06-29 07:19:53,940,178,79,274,391,783,784
2016-06-29 07:19:54,943,179,79,275,391,783,784
2016-06-29 07:19:55,944,180,79,276,391,783,784
2016-06-29 07:19:56,945,181,79,276,392,783,784
2016-06-29 07:19:57,947,182,79,277,392,783,784
2016-06-29 07:19:58,947,183,79,278,392,783,784
2016-06-29 07:19:59,948,184,78,278,392,783,784
2016-06-29 07:20:00,949,185,79,279,393,783,784
2016-06-29 07:20:01,950,186,79,280,393,783,784
2016-06-29 07:20:02,950,187,79,281,393,783,784
2016-06-29 07:20:03,951,188,79,282,393,783,784
2016-06-29 07:20:04,951,189,79,282,394,783,784
2016-06-29 07:20:05,952,190,79,283,394,783,784
2016-06-29 07:20:06,953,191,79,284,394,783,784
2016-06-29 07:20:07,955,192,79,285,394,783,784
2016-06-29 07:20:08,956,193,79,285,395,783,784
2016-06-29 07:20:09,956,194,79,286,395,783,784
2016-06-29 07:20:10,957,195,79,287,395,783,784
2016-06-29 07:20:11,957,196,79,287,395,783,784
2016-06-29 07:20:12,958,197,79,288,396,783,784
2016-06-29 07:20:13,960,198,79,289,396,783,784
2016-06-29 07:20:14,961,199,79,289,396,783,784
2016-06-29 07:20:15,962,200,79,290,396,783,784
2016-06-29 07:20:16,964,201,79,291,397,783,784
2016-06-29 07:20:17,965,202,79,292,397,783,784
2016-06-29 07:20:18,967,203,79,292,397,783,784
2016-06-29 07:20:19,968,204,79,293,397,783,784
2016-06-29 07:20:20,969,205,79,294,398,783,784
2016-06-29 07:20:21,970,206,79,294,398,783,784
2016-06-29 07:20:22,970,207,79,295,398,783,784
2016-06-29 07:20:23,971,208,79,296,398,783,784
2016-06-29 07:20:24,972,209,79,297,399,783,784
2016-06-29 07:20:25,974,210,79,297,399,783,784
2016-06-29 07:20:26,975,211,79,298,399,783,784
2016-06-29 07:20:27,975,212,79,299,399,783,784
2016-06-29 07:20:28,976,213,79,299,400,783,784
2016-06-29 07:20:29,976,214,79,300,400,783,784
2016-06-29 07:20:30,977,215,79,301,400,783,784
2016-06-29 07:20:31,978,216,79,302,401,783,784
2016-06-29 07:20:32,978,217,79,302,401,783,784
2016-06-29 07:20:33,978,218,79,303,401,783,784
2016-06-29 07:20:34,980,219,79,304,401,783,784
2016-06-29 07:20:35,982,220,79,304,402,783,784
2016-06-29 07:20:36,985,221,79,305,402,783,784
2016-06-29 07:20:37,986,222,79,306,402,783,784
2016-06-29 07:20:38,991,223,79,306,402,783,784
2016-06-29 07:20:39,992,224,79,307,402,783,784
2016-06-29 07:20:40,993,225,79,308,402,783,784
2016-06-29 07:20:41,994,226,79,308,403,783,784
2016-06-29 07:20:42,995,227,79,309,403,783,784
2016-06-29 07:20:43,996,228,79,310,403,783,784
2016-06-29 07:20:44,997,229,79,310,403,783,784
2016-06-29 07:20:45,997,230,79,311,404,783,784
2016-06-29 07:20:46,998,231,79,312,404,783,784
2016-06-29 07:20:47,999,232,79,313,404,783,784
2016-06-29 07:20:48,999,233,79,313,404,783,784
2016-06-29 07:20:50,000,234,79,314,405,783,784
2016-06-29 07:20:51,001,235,79,314,405,783,784
2016-06-29 07:20:52,001,236,79,315,405,783,784
2016-06-29 07:20:53,002,237,79,316,405,783,784
2016-06-29 07:20:54,002,238,79,316,405,783,784
2016-06-29 07:20:55,003,239,79,317,406,783,784
2016-06-29 07:20:56,005,240,79,318,406,783,784
2016-06-29 07:20:57,006,241,79,318,406,783,784
2016-06-29 07:20:58,007,242,79,319,406,783,784
2016-06-29 07:20:59,007,243,79,320,406,783,784
2016-06-29 07:21:00,008,244,79,320,407,783,784
2016-06-29 07:21:01,010,245,79,321,407,783,784
2016-06-29 07:21:02,010,246,79,321,407,783,784
2016-06-29 07:21:03,012,247,79,322,407,783,784
2016-06-29 07:21:04,014,248,79,323,408,783,784
2016-06-29 07:21:05,015,249,79,324,408,783,784
2016-06-29 07:21:06,015,250,79,324,408,783,784
2016-06-29 07:21:07,018,251,79,325,408,783,784
2016-06-29 07:21:08,020,252,79,325,408,783,784
2016-06-29 07:21:09,021,253,79,326,409,783,784
2016-06-29 07:21:10,022,254,79,326,409,783,784
2016-06-29 07:21:11,023,255,79,327,409,783,784
2016-06-29 07:21:12,024,256,79,328,409,783,784
2016-06-29 07:21:13,025,257,79,328,409,783,784
2016-06-29 07:21:14,027,258,79,329,410,783,784
2016-06-29 07:21:15,028,259,79,330,410,783,784
2016-06-29 07:21:16,029,260,79,330,410,783,784
2016-06-29 07:21:17,030,261,79,331,410,783,784
2016-06-29 07:21:18,030,262,79,332,411,783,784
2016-06-29 07:21:19,031,263,79,332,411,783,784
2016-06-29 07:21:20,033,264,79,333,411,783,784
2016-06-29 07:21:21,034,265,79,333,411,783,784
2016-06-29 07:21:22,034,266,79,334,411,783,784
2016-06-29 07:21:23,035,267,79,335,412,783,784
2016-06-29 07:21:24,035,268,79,335,412,783,784
2016-06-29 07:21:25,037,269,79,336,412,783,784
2016-06-29 07:21:26,037,270,79,337,412,783,784
2016-06-29 07:21:27,038,271,79,337,412,783,784
2016-06-29 07:21:28,038,272,79,338,413,783,784
2016-06-29 07:21:29,039,273,79,338,413,783,784
2016-06-29 07:21:30,040,274,79,339,413,783,784
2016-06-29 07:21:31,042,275,79,340,413,783,784
2016-06-29 07:21:32,043,276,79,340,414,783,784
2016-06-29 07:21:33,043,277,79,341,414,783,784
2016-06-29 07:21:34,043,278,79,341,414,783,784
2016-06-29 07:21:35,044,279,79,342,414,783,784
2016-06-29 07:21:36,045,280,79,343,414,783,784
2016-06-29 07:21:37,050,281,79,343,414,783,784
2016-06-29 07:21:38,051,282,79,344,415,783,784
2016-06-29 07:21:39,052,283,79,344,415,783,784
2016-06-29 07:21:40,053,284,79,345,415,783,784
2016-06-29 07:21:41,055,285,79,346,415,783,784
2016-06-29 07:21:42,056,286,79,346,415,783,784
2016-06-29 07:21:43,057,287,79,347,416,783,784
2016-06-29 07:21:44,057,288,79,347,416,783,784
2016-06-29 07:21:45,058,289,79,348,416,783,784
2016-06-29 07:21:46,059,290,79,348,416,783,784
2016-06-29 07:21:47,060,291,79,349,416,783,784
2016-06-29 07:21:48,060,292,79,350,417,783,784
2016-06-29 07:21:49,063,293,79,350,417,783,784
2016-06-29 07:21:50,064,294,79,351,417,783,784
2016-06-29 07:21:51,066,295,79,351,417,783,784
2016-06-29 07:21:52,067,296,79,352,418,783,784
2016-06-29 07:21:53,068,297,79,353,418,783,784
2016-06-29 07:21:54,069,298,79,353,418,783,784
2016-06-29 07:21:55,071,299,79,354,418,783,784
2016-06-29 07:21:56,073,300,79,354,419,783,784
2016-06-29 07:21:57,073,301,79,355,419,783,784
2016-06-29 07:21:58,074,302,79,355,419,783,784
2016-06-29 07:21:59,076,303,79,356,419,783,784
2016-06-29 07:22:00,081,304,79,356,420,783,784
2016-06-29 07:22:01,082,305,79,357,420,783,784
2016-06-29 07:22:02,084,306,79,358,420,783,784
2016-06-29 07:22:03,085,307,79,358,420,783,784
2016-06-29 07:22:04,086,308,79,359,420,783,784
2016-06-29 07:22:05,087,309,79,359,421,783,784
2016-06-29 07:22:06,088,310,79,360,421,783,784
2016-06-29 07:22:07,089,311,79,361,421,783,784
2016-06-29 07:22:08,090,312,79,361,421,783,784
2016-06-29 07:22:09,090,313,79,361,422,783,784
2016-06-29 07:22:10,091,314,79,362,422,783,784
2016-06-29 07:22:11,093,315,79,363,422,783,784
2016-06-29 07:22:12,095,316,79,363,422,783,784
2016-06-29 07:22:13,096,317,79,363,423,783,784
2016-06-29 07:22:14,097,318,79,364,423,783,784
2016-06-29 07:22:15,099,319,79,365,423,783,784
2016-06-29 07:22:16,100,320,79,366,423,783,784
2016-06-29 07:22:17,101,321,79,366,424,783,784
2016-06-29 07:22:18,102,322,79,367,424,783,784
2016-06-29 07:22:19,102,323,79,367,424,783,784
2016-06-29 07:22:20,105,324,79,368,424,783,784
2016-06-29 07:22:21,110,325,79,368,425,783,784
2016-06-29 07:22:22,111,326,79,369,425,783,784
2016-06-29 07:22:23,111,327,79,369,425,783,784
2016-06-29 07:22:24,112,328,79,370,425,783,784
2016-06-29 07:22:25,115,329,79,370,425,783,784
2016-06-29 07:22:26,116,330,79,371,425,783,784
2016-06-29 07:22:27,116,331,79,371,426,783,784
2016-06-29 07:22:28,117,332,79,372,426,783,784
2016-06-29 07:22:29,120,333,79,372,426,783,784
2016-06-29 07:22:30,122,334,79,373,427,783,784
2016-06-29 07:22:31,123,335,79,374,426,783,784
2016-06-29 07:22:32,125,336,79,374,427,783,784
2016-06-29 07:22:33,126,337,79,375,427,783,784
2016-06-29 07:22:34,128,338,79,375,427,783,784
2016-06-29 07:22:35,128,339,79,376,427,783,784
2016-06-29 07:22:36,129,340,79,376,428,783,784
2016-06-29 07:22:37,131,341,79,377,428,783,784
2016-06-29 07:22:38,132,342,79,377,428,783,784
2016-06-29 07:22:39,134,343,79,378,428,783,784
2016-06-29 07:22:40,138,344,79,378,428,783,784
2016-06-29 07:22:41,140,345,79,379,428,783,784
2016-06-29 07:22:42,141,346,79,379,429,783,784
2016-06-29 07:22:43,141,347,79,380,429,783,784
2016-06-29 07:22:44,142,348,79,380,429,783,784
2016-06-29 07:22:45,143,349,79,381,429,783,784
2016-06-29 07:22:46,143,350,79,381,429,783,784
2016-06-29 07:22:47,145,351,79,382,429,783,784
2016-06-29 07:22:48,146,352,79,382,430,783,784
2016-06-29 07:22:49,146,353,79,383,430,783,784
2016-06-29 07:22:50,147,354,79,383,430,783,784
2016-06-29 07:22:51,148,355,79,384,430,783,784
2016-06-29 07:22:52,149,356,79,385,431,783,784
2016-06-29 07:22:53,149,357,79,385,431,783,784
2016-06-29 07:22:54,150,358,79,386,431,783,784
2016-06-29 07:22:55,150,359,79,386,431,783,784
2016-06-29 07:22:56,151,360,79,387,432,783,784
2016-06-29 07:22:57,151,361,79,387,432,783,784
2016-06-29 07:22:58,152,362,79,388,432,783,784
2016-06-29 07:22:59,152,363,79,388,432,783,784
2016-06-29 07:23:00,154,364,79,389,432,783,784
2016-06-29 07:23:01,156,365,79,389,432,783,784
2016-06-29 07:23:02,157,366,79,390,433,783,784
2016-06-29 07:23:03,158,367,79,390,433,783,784
2016-06-29 07:23:04,159,368,79,391,433,783,784
2016-06-29 07:23:05,160,369,79,391,433,783,784
2016-06-29 07:23:06,162,370,79,392,433,783,784
2016-06-29 07:23:07,162,371,79,392,434,783,784
2016-06-29 07:23:08,164,372,79,393,434,783,784
2016-06-29 07:23:09,165,373,79,393,434,783,784
2016-06-29 07:23:10,168,374,79,394,435,783,784
2016-06-29 07:23:11,168,375,79,394,435,783,784
2016-06-29 07:23:12,169,376,79,395,435,783,784
2016-06-29 07:23:13,170,377,79,395,435,783,784
2016-06-29 07:23:14,171,378,79,396,436,783,784
2016-06-29 07:23:15,172,379,79,396,436,783,784
2016-06-29 07:23:16,172,380,79,397,436,783,784
2016-06-29 07:23:17,173,381,79,397,436,783,784
2016-06-29 07:23:18,173,382,79,398,436,783,784
2016-06-29 07:23:19,174,383,79,398,436,783,784
2016-06-29 07:23:20,175,384,79,399,437,783,784
2016-06-29 07:23:21,176,385,79,399,437,783,784
2016-06-29 07:23:22,178,386,79,400,437,783,784
2016-06-29 07:23:23,180,387,79,400,437,783,784
2016-06-29 07:23:24,181,388,79,401,437,783,784
2016-06-29 07:23:25,182,389,79,401,438,783,784
2016-06-29 07:23:26,183,390,79,402,438,783,784
2016-06-29 07:23:27,185,391,79,402,438,783,784
2016-06-29 07:23:28,186,392,79,403,438,783,784
2016-06-29 07:23:29,187,393,79,403,438,783,784
2016-06-29 07:23:30,188,394,79,404,439,783,784
2016-06-29 07:23:31,189,395,79,404,439,783,784
2016-06-29 07:23:32,189,396,79,405,439,783,784
2016-06-29 07:23:33,192,397,79,405,439,783,784
2016-06-29 07:23:34,193,398,79,406,440,783,784
2016-06-29 07:23:35,193,399,79,406,440,783,784
2016-06-29 07:23:36,194,400,79,407,440,783,784
2016-06-29 07:23:37,194,401,79,407,440,783,784
2016-06-29 07:23:38,197,402,79,408,440,783,784
2016-06-29 07:23:39,198,403,79,408,441,783,784
2016-06-29 07:23:40,200,404,79,409,441,783,784
2016-06-29 07:23:41,201,405,79,409,441,783,784
2016-06-29 07:23:42,205,406,79,410,441,783,784
2016-06-29 07:23:43,206,407,79,410,441,783,784
2016-06-29 07:23:44,206,408,79,411,442,783,784
2016-06-29 07:23:45,207,409,79,411,442,783,784
2016-06-29 07:23:46,208,410,79,412,442,783,784
2016-06-29 07:23:47,209,411,79,412,442,783,784
2016-06-29 07:23:48,211,412,79,413,443,783,784
2016-06-29 07:23:49,212,413,79,413,443,783,784
2016-06-29 07:23:50,213,414,79,414,443,783,784
2016-06-29 07:23:51,215,415,79,414,443,783,784
2016-06-29 07:23:52,216,416,79,415,443,783,784
2016-06-29 07:23:53,218,417,79,415,443,783,784
2016-06-29 07:23:54,219,418,79,416,444,783,784
2016-06-29 07:23:55,220,419,79,416,444,783,784
2016-06-29 07:23:56,221,420,79,417,444,783,784
2016-06-29 07:23:57,221,421,79,417,444,783,784
2016-06-29 07:23:58,224,422,79,417,444,783,784
2016-06-29 07:23:59,226,423,79,418,445,783,784
2016-06-29 07:24:00,227,424,79,418,445,783,784
2016-06-29 07:24:01,228,425,79,419,445,783,784
2016-06-29 07:24:02,229,426,79,419,445,783,784
2016-06-29 07:24:03,231,427,79,420,446,783,784
2016-06-29 07:24:04,232,428,79,420,446,783,784
2016-06-29 07:24:05,237,429,79,421,446,783,784
2016-06-29 07:24:06,238,430,79,421,446,783,784
2016-06-29 07:24:07,239,431,79,422,447,783,784
2016-06-29 07:24:08,242,432,79,422,447,783,784
2016-06-29 07:24:09,245,433,79,423,447,783,784
2016-06-29 07:24:10,246,434,79,423,447,783,784
2016-06-29 07:24:11,247,435,79,424,447,783,784
2016-06-29 07:24:12,248,436,79,424,447,783,784
2016-06-29 07:24:13,250,437,79,425,448,783,784
2016-06-29 07:24:14,255,438,79,425,448,783,784
2016-06-29 07:24:15,256,439,79,426,448,783,784
2016-06-29 07:24:16,257,440,79,426,448,783,784
2016-06-29 07:24:17,258,441,79,427,448,783,784
2016-06-29 07:24:18,258,442,79,427,448,783,784
2016-06-29 07:24:19,261,443,79,428,448,783,784
2016-06-29 07:24:20,265,444,79,428,449,783,784
2016-06-29 07:24:21,267,445,79,429,449,783,784
2016-06-29 07:24:22,267,446,79,429,449,783,784
2016-06-29 07:24:23,270,447,79,430,449,783,784
2016-06-29 07:24:24,271,448,79,430,450,783,784
2016-06-29 07:24:25,271,449,79,431,450,783,784
2016-06-29 07:24:26,274,450,79,431,450,783,784
2016-06-29 07:24:27,278,451,79,431,450,783,784
2016-06-29 07:24:28,280,452,79,432,450,783,784
2016-06-29 07:24:29,281,453,79,432,451,783,784
2016-06-29 07:24:30,282,454,79,433,451,783,784
2016-06-29 07:24:31,283,455,79,433,451,783,784
2016-06-29 07:24:32,285,456,79,434,451,783,784
2016-06-29 07:24:33,285,457,79,434,451,783,784
2016-06-29 07:24:34,286,458,79,435,451,783,784
2016-06-29 07:24:35,288,459,79,435,452,783,784
2016-06-29 07:24:36,288,460,79,436,452,783,784
2016-06-29 07:24:37,289,461,79,436,452,783,784
2016-06-29 07:24:38,289,462,79,437,452,783,784
2016-06-29 07:24:39,291,463,79,437,452,783,784
2016-06-29 07:24:40,292,464,79,437,453,783,784
2016-06-29 07:24:41,293,465,79,438,453,783,784
2016-06-29 07:24:42,293,466,80,438,453,783,784
2016-06-29 07:24:43,294,467,79,439,453,783,784
2016-06-29 07:24:44,295,468,79,439,453,783,784
2016-06-29 07:24:45,297,469,80,440,454,783,784
2016-06-29 07:24:46,297,470,80,440,454,783,784
2016-06-29 07:24:47,299,471,80,441,454,783,784
2016-06-29 07:24:48,301,472,80,441,454,783,784
2016-06-29 07:24:49,304,473,80,442,455,783,784
2016-06-29 07:24:50,305,474,80,442,455,783,784
2016-06-29 07:24:51,306,475,80,442,455,783,784
2016-06-29 07:24:52,306,476,80,443,456,783,784
2016-06-29 07:24:53,308,477,79,443,456,783,784
2016-06-29 07:24:54,312,478,80,444,456,783,784
2016-06-29 07:24:55,312,479,79,444,456,783,784
2016-06-29 07:24:56,313,480,80,445,457,783,784
2016-06-29 07:24:57,313,481,80,445,457,783,784
2016-06-29 07:24:58,315,482,80,446,457,783,784
2016-06-29 07:24:59,316,483,79,446,457,783,784
2016-06-29 07:25:00,317,484,80,446,457,783,784
2016-06-29 07:25:01,318,485,80,447,457,783,784
2016-06-29 07:25:02,320,486,80,447,457,783,784
2016-06-29 07:25:03,321,487,80,448,457,783,784
2016-06-29 07:25:04,322,488,80,448,458,783,784
2016-06-29 07:25:05,324,489,80,449,458,783,784
2016-06-29 07:25:06,328,490,80,449,458,783,784
2016-06-29 07:25:07,329,491,80,450,458,783,784
2016-06-29 07:25:08,331,492,80,450,458,783,784
2016-06-29 07:25:09,332,493,80,450,458,783,784
2016-06-29 07:25:10,334,494,80,451,459,783,784
2016-06-29 07:25:11,335,495,80,451,459,783,784
2016-06-29 07:25:12,336,496,80,452,459,783,784
2016-06-29 07:25:13,337,497,80,452,459,783,784
2016-06-29 07:25:14,339,498,80,453,459,783,784
2016-06-29 07:25:15,339,499,80,453,460,783,784
2016-06-29 07:25:16,340,500,80,454,460,783,784
2016-06-29 07:25:17,340,501,80,454,460,783,784
2016-06-29 07:25:18,342,502,80,455,460,783,784
2016-06-29 07:25:19,343,503,80,455,460,783,784
2016-06-29 07:25:20,343,504,80,456,460,783,784
2016-06-29 07:25:21,344,505,80,456,460,783,784
2016-06-29 07:25:22,347,506,80,456,461,783,784
2016-06-29 07:25:23,348,507,80,457,461,783,784
2016-06-29 07:25:24,350,508,80,457,461,783,784
2016-06-29 07:25:25,351,509,80,458,461,783,784
2016-06-29 07:25:26,352,510,80,458,461,783,784
2016-06-29 07:25:27,354,511,80,459,461,783,784
2016-06-29 07:25:28,355,512,80,459,462,783,784
2016-06-29 07:25:29,357,513,80,460,462,783,784
2016-06-29 07:25:30,357,514,80,460,462,783,784
2016-06-29 07:25:31,359,515,80,460,462,783,784
2016-06-29 07:25:32,361,516,80,461,463,783,784
2016-06-29 07:25:33,362,517,80,461,463,783,784
2016-06-29 07:25:34,364,518,80,462,463,783,784
2016-06-29 07:25:35,365,519,80,462,463,783,784
2016-06-29 07:25:36,366,520,80,463,463,783,784
2016-06-29 07:25:37,366,521,80,463,463,783,784
2016-06-29 07:25:38,367,522,80,464,464,783,784
2016-06-29 07:25:39,367,523,80,464,464,783,784
2016-06-29 07:25:40,369,524,80,464,464,783,784
2016-06-29 07:25:41,369,525,80,465,464,783,784
2016-06-29 07:25:42,370,526,80,465,464,783,784
2016-06-29 07:25:43,371,527,80,466,465,783,784
2016-06-29 07:25:44,371,528,80,466,465,783,784
2016-06-29 07:25:45,372,529,80,466,465,783,784
2016-06-29 07:25:46,374,530,80,467,465,783,784
2016-06-29 07:25:47,376,531,80,467,465,783,784
2016-06-29 07:25:48,377,532,80,468,465,783,784
2016-06-29 07:25:49,378,533,80,468,465,783,784
2016-06-29 07:25:50,378,534,80,469,465,783,784
2016-06-29 07:25:51,380,535,80,469,465,783,784
2016-06-29 07:25:52,381,536,80,470,465,783,784
2016-06-29 07:25:53,383,537,80,470,465,783,784
2016-06-29 07:25:54,384,538,80,471,465,783,784
2016-06-29 07:25:55,386,539,80,471,465,783,784
2016-06-29 07:25:56,387,540,80,471,465,783,784
2016-06-29 07:25:57,389,541,80,472,466,783,784
2016-06-29 07:25:58,390,542,80,472,466,783,784
2016-06-29 07:25:59,392,543,80,473,466,783,784
2016-06-29 07:26:00,393,544,80,473,466,783,784
2016-06-29 07:26:01,397,545,80,474,467,783,784
2016-06-29 07:26:02,397,546,80,474,467,783,784
2016-06-29 07:26:03,398,547,80,475,467,783,784
2016-06-29 07:26:04,399,548,80,475,468,783,784
2016-06-29 07:26:05,400,549,80,476,468,783,784
2016-06-29 07:26:06,404,550,80,476,468,783,784
2016-06-29 07:26:07,405,551,80,477,469,783,784
2016-06-29 07:26:08,405,552,80,477,469,783,784
2016-06-29 07:26:09,406,553,80,477,469,783,784
2016-06-29 07:26:10,407,554,80,478,469,783,784
2016-06-29 07:26:11,408,555,80,478,469,783,784
2016-06-29 07:26:12,408,556,80,479,470,783,784
2016-06-29 07:26:13,411,557,80,479,470,783,784
2016-06-29 07:26:14,412,558,80,480,470,783,784
2016-06-29 07:26:15,413,559,80,480,471,783,784
2016-06-29 07:26:16,415,560,80,481,471,783,784
2016-06-29 07:26:17,419,561,80,481,471,783,784
2016-06-29 07:26:18,419,562,80,481,471,783,784
2016-06-29 07:26:19,420,563,80,482,472,783,784
2016-06-29 07:26:20,420,564,80,482,472,783,784
2016-06-29 07:26:21,421,565,80,483,472,783,784
2016-06-29 07:26:22,423,566,80,483,473,783,784
2016-06-29 07:26:23,424,567,80,484,473,783,784
2016-06-29 07:26:24,426,568,80,484,473,783,784
2016-06-29 07:26:25,427,569,80,485,473,783,784
2016-06-29 07:26:26,427,570,80,485,473,783,784
2016-06-29 07:26:27,428,571,80,486,474,783,784
2016-06-29 07:26:28,429,572,80,486,474,783,784
2016-06-29 07:26:29,430,573,80,487,474,783,784
2016-06-29 07:26:30,431,574,80,487,474,783,784
2016-06-29 07:26:31,432,575,80,487,475,783,784
2016-06-29 07:26:32,432,576,80,488,475,783,784
2016-06-29 07:26:33,435,577,80,488,475,783,784
2016-06-29 07:26:34,437,578,80,489,475,783,784
2016-06-29 07:26:35,437,579,80,489,476,783,784
2016-06-29 07:26:36,442,580,80,490,476,783,784
2016-06-29 07:26:37,443,581,80,490,476,783,784
2016-06-29 07:26:38,444,582,80,491,476,783,784
2016-06-29 07:26:39,444,583,80,491,476,783,784
2016-06-29 07:26:40,444,584,80,492,476,783,784
2016-06-29 07:26:41,446,585,80,492,476,783,784
2016-06-29 07:26:42,447,586,80,493,477,783,784
2016-06-29 07:26:43,447,587,80,493,477,783,784
2016-06-29 07:26:44,448,588,80,494,477,783,784
2016-06-29 07:26:45,450,589,80,494,477,783,784
2016-06-29 07:26:46,450,590,80,494,477,783,784
2016-06-29 07:26:47,451,591,80,495,478,783,784
2016-06-29 07:26:48,452,592,80,495,478,783,784
2016-06-29 07:26:49,454,593,80,496,478,783,784
2016-06-29 07:26:50,456,594,80,496,478,783,784
2016-06-29 07:26:51,457,595,80,497,478,783,784
2016-06-29 07:26:52,457,596,80,497,479,783,784
2016-06-29 07:26:53,459,597,80,498,479,783,784
2016-06-29 07:26:54,459,598,80,498,479,783,784
2016-06-29 07:26:55,460,599,80,498,480,783,784
2016-06-29 07:26:56,462,600,80,499,480,783,784
2016-06-29 07:26:57,464,601,80,499,480,783,784
2016-06-29 07:26:58,465,602,80,500,480,783,784
2016-06-29 07:26:59,468,603,80,500,481,783,784
2016-06-29 07:27:00,471,604,80,500,481,783,784
2016-06-29 07:27:01,472,605,80,501,481,783,784
2016-06-29 07:27:02,475,606,80,501,481,783,784
2016-06-29 07:27:03,475,607,80,502,482,783,784
2016-06-29 07:27:04,476,608,80,502,482,783,784
2016-06-29 07:27:05,477,609,80,502,482,783,784
2016-06-29 07:27:06,477,610,80,503,482,783,784
2016-06-29 07:27:07,478,611,80,503,483,783,784
2016-06-29 07:27:08,478,612,80,503,483,783,784
2016-06-29 07:27:09,478,613,80,504,483,783,784
2016-06-29 07:27:10,479,614,80,504,483,783,784
2016-06-29 07:27:11,481,615,80,504,484,783,784
2016-06-29 07:27:12,481,616,80,504,484,783,784
2016-06-29 07:27:13,481,617,80,505,484,783,784
2016-06-29 07:27:14,482,618,80,505,485,783,784
2016-06-29 07:27:15,483,619,80,505,485,783,784
2016-06-29 07:27:16,483,620,80,506,485,783,784
2016-06-29 07:27:17,483,621,80,506,486,783,784
2016-06-29 07:27:18,485,622,80,506,486,783,784
2016-06-29 07:27:19,486,623,80,507,486,783,784
2016-06-29 07:27:20,486,624,80,507,486,783,784
2016-06-29 07:27:21,487,625,80,507,486,783,784
2016-06-29 07:27:22,488,626,80,507,487,783,784
2016-06-29 07:27:23,489,627,80,508,487,783,784
2016-06-29 07:27:24,490,628,80,508,487,783,784
2016-06-29 07:27:25,491,629,80,508,488,783,784
2016-06-29 07:27:26,492,630,80,508,488,783,784
2016-06-29 07:27:27,494,631,80,509,488,783,784
2016-06-29 07:27:28,496,632,80,509,488,783,784
2016-06-29 07:27:29,496,633,80,509,488,783,784
2016-06-29 07:27:30,497,634,80,509,489,783,784
2016-06-29 07:27:31,497,635,80,509,489,783,784
2016-06-29 07:27:32,498,636,80,510,489,783,784
2016-06-29 07:27:33,499,637,80,510,489,783,784
2016-06-29 07:27:34,500,638,80,510,490,783,784
2016-06-29 07:27:35,501,639,80,511,490,783,784
2016-06-29 07:27:36,501,640,80,511,490,783,784
2016-06-29 07:27:37,502,641,80,511,490,783,784
2016-06-29 07:27:38,503,642,80,512,491,783,784
2016-06-29 07:27:39,504,643,80,512,491,783,784
2016-06-29 07:27:40,505,644,80,512,491,783,784
2016-06-29 07:27:41,507,645,80,512,491,783,784
2016-06-29 07:27:42,508,646,80,513,491,783,784
2016-06-29 07:27:43,509,647,80,513,491,783,784
2016-06-29 07:27:44,510,648,80,513,491,783,784
2016-06-29 07:27:45,510,649,80,513,491,783,784
2016-06-29 07:27:46,511,650,80,514,492,783,784
2016-06-29 07:27:47,512,651,80,514,492,783,784
2016-06-29 07:27:48,513,652,80,514,492,783,784
2016-06-29 07:27:49,515,653,80,515,492,783,784
2016-06-29 07:27:50,516,654,80,515,492,783,784
2016-06-29 07:27:51,516,655,80,515,492,783,784
2016-06-29 07:27:52,517,656,80,515,492,783,784
2016-06-29 07:27:53,518,657,80,515,492,783,784
2016-06-29 07:27:54,519,658,80,516,492,783,784
2016-06-29 07:27:55,520,659,80,516,493,783,784
2016-06-29 07:27:56,520,660,80,516,493,783,784
2016-06-29 07:27:57,523,661,80,516,493,783,784
2016-06-29 07:27:58,524,662,80,517,493,783,784
2016-06-29 07:27:59,526,663,80,517,493,783,784
2016-06-29 07:28:00,526,664,80,517,493,783,784
2016-06-29 07:28:01,528,665,80,518,493,783,784
2016-06-29 07:28:02,529,666,80,518,493,783,784
2016-06-29 07:28:03,532,667,80,518,493,783,784
2016-06-29 07:28:04,532,668,80,518,493,783,784
2016-06-29 07:28:05,534,669,80,519,493,783,784
2016-06-29 07:28:06,536,670,80,519,493,783,784
2016-06-29 07:28:07,537,671,80,519,493,783,784
2016-06-29 07:28:08,538,672,80,519,493,783,784
2016-06-29 07:28:09,538,673,80,520,494,783,784
2016-06-29 07:28:10,539,674,80,520,494,783,784
2016-06-29 07:28:11,539,675,80,520,494,783,784
2016-06-29 07:28:12,540,676,80,520,494,783,784
2016-06-29 07:28:13,542,677,80,521,494,783,784
2016-06-29 07:28:14,543,678,80,521,494,783,784
2016-06-29 07:28:15,544,679,80,521,494,783,784
2016-06-29 07:28:16,546,680,80,522,493,783,784
2016-06-29 07:28:17,548,681,80,522,493,783,784
2016-06-29 07:28:18,549,682,80,522,492,783,784
2016-06-29 07:28:19,550,683,80,523,492,783,784
2016-06-29 07:28:20,552,684,80,523,492,783,784
2016-06-29 07:28:21,556,685,80,523,492,783,784
2016-06-29 07:28:22,556,686,80,524,491,783,784
2016-06-29 07:28:23,559,687,80,524,491,783,784
2016-06-29 07:28:24,560,688,80,524,490,783,784
2016-06-29 07:28:25,561,689,80,525,490,783,784
2016-06-29 07:28:26,561,690,80,525,489,783,784
2016-06-29 07:28:27,562,691,80,525,489,783,784
2016-06-29 07:28:28,563,692,80,525,489,783,784
2016-06-29 07:28:29,564,693,80,526,489,783,784
2016-06-29 07:28:30,565,694,80,526,488,783,784
2016-06-29 07:28:31,566,695,80,526,488,783,784
2016-06-29 07:28:32,567,696,80,527,487,783,784
2016-06-29 07:28:33,569,697,80,527,487,783,784
2016-06-29 07:28:34,569,698,80,527,486,783,784
2016-06-29 07:28:35,570,699,80,528,486,783,784
2016-06-29 07:28:36,571,700,80,528,486,783,784
2016-06-29 07:28:37,572,701,80,528,486,783,784
2016-06-29 07:28:38,573,702,80,529,486,783,784
2016-06-29 07:28:39,574,703,80,529,485,783,784
2016-06-29 07:28:40,575,704,80,529,485,783,784
2016-06-29 07:28:41,576,705,80,530,484,783,784
2016-06-29 07:28:42,576,706,80,530,484,783,784
2016-06-29 07:28:43,577,707,80,530,483,783,784
2016-06-29 07:28:44,578,708,80,530,482,783,784
2016-06-29 07:28:45,580,709,80,531,482,783,784
2016-06-29 07:28:46,581,710,80,531,481,783,784
2016-06-29 07:28:47,582,711,80,531,481,783,784
2016-06-29 07:28:48,584,712,80,532,480,783,784
2016-06-29 07:28:49,584,713,80,532,479,783,784
2016-06-29 07:28:50,585,714,80,532,479,783,784
2016-06-29 07:28:51,586,715,80,532,478,783,784
2016-06-29 07:28:52,587,716,80,533,478,783,784
2016-06-29 07:28:53,587,717,80,533,477,783,784
2016-06-29 07:28:54,588,718,80,534,477,783,784
2016-06-29 07:28:55,588,719,80,534,477,783,784
2016-06-29 07:28:56,589,720,80,534,477,783,784
2016-06-29 07:28:57,590,721,80,534,476,783,784
2016-06-29 07:28:58,591,722,80,535,476,783,784
2016-06-29 07:28:59,592,723,80,535,475,783,784
2016-06-29 07:29:00,593,724,80,535,475,783,784
2016-06-29 07:29:01,593,725,80,536,475,783,784
2016-06-29 07:29:02,594,726,80,536,474,783,784
2016-06-29 07:29:03,595,727,80,536,474,783,784
2016-06-29 07:29:04,598,728,80,537,474,783,784
2016-06-29 07:29:05,598,729,80,537,473,783,784
2016-06-29 07:29:06,599,730,80,537,473,783,784
2016-06-29 07:29:07,600,731,80,537,473,783,784
2016-06-29 07:29:08,602,732,80,538,472,783,784
2016-06-29 07:29:09,604,733,80,538,472,783,784
2016-06-29 07:29:10,605,734,80,538,472,783,784
2016-06-29 07:29:11,606,735,80,539,471,783,784
2016-06-29 07:29:12,606,736,80,539,471,783,784
2016-06-29 07:29:13,607,737,80,539,471,783,784
2016-06-29 07:29:14,608,738,80,539,471,782,784
2016-06-29 07:29:15,609,739,80,540,470,783,784
2016-06-29 07:29:16,609,740,80,540,470,783,784
2016-06-29 07:29:17,612,741,80,540,469,783,784
2016-06-29 07:29:18,613,742,80,540,469,783,784
2016-06-29 07:29:19,613,743,80,541,469,783,784
2016-06-29 07:29:20,614,744,80,541,468,783,784
2016-06-29 07:29:21,614,745,80,542,468,783,784
2016-06-29 07:29:22,615,746,80,542,467,783,784
2016-06-29 07:29:23,617,747,80,542,467,783,784
2016-06-29 07:29:24,617,748,80,542,467,783,784
2016-06-29 07:29:25,618,749,80,543,467,783,784
2016-06-29 07:29:26,618,750,80,543,467,782,784
2016-06-29 07:29:27,623,751,80,543,466,782,784
2016-06-29 07:29:28,624,752,80,544,466,782,784
2016-06-29 07:29:29,625,753,80,544,466,782,784
2016-06-29 07:29:30,626,754,80,544,466,783,784
2016-06-29 07:29:31,628,755,80,544,465,782,783
2016-06-29 07:29:32,628,756,80,544,465,783,784
2016-06-29 07:29:33,630,757,80,545,465,783,784
2016-06-29 07:29:34,631,758,80,545,465,783,784
2016-06-29 07:29:35,632,759,80,545,465,782,784
2016-06-29 07:29:36,633,760,80,545,465,783,784
2016-06-29 07:29:37,633,761,80,546,464,783,784
2016-06-29 07:29:38,635,762,80,546,464,783,784
2016-06-29 07:29:39,636,763,80,546,464,783,784
2016-06-29 07:29:40,636,764,80,546,464,783,784
2016-06-29 07:29:41,637,765,80,547,463,783,784
2016-06-29 07:29:42,637,766,80,547,463,782,784
2016-06-29 07:29:43,638,767,80,547,463,782,784
2016-06-29 07:29:44,638,768,80,547,463,783,784
2016-06-29 07:29:45,639,769,81,548,462,783,784
2016-06-29 07:29:46,640,770,81,548,462,783,784
2016-06-29 07:29:47,641,771,80,548,462,782,784
2016-06-29 07:29:48,642,772,81,548,462,783,784
2016-06-29 07:29:49,644,773,80,549,462,783,784
2016-06-29 07:29:50,645,774,81,549,462,783,784
2016-06-29 07:29:51,646,775,80,549,462,783,784
2016-06-29 07:29:52,648,776,81,549,462,783,784
2016-06-29 07:29:53,649,777,81,549,461,783,784
2016-06-29 07:29:54,651,778,81,550,462,783,784
2016-06-29 07:29:55,651,779,81,550,462,782,784
2016-06-29 07:29:56,651,780,80,550,461,783,783
2016-06-29 07:29:57,652,781,81,550,461,783,784
2016-06-29 07:29:58,653,782,81,550,461,782,783
2016-06-29 07:29:59,654,783,81,551,461,783,784
2016-06-29 07:30:00,655,784,80,551,461,782,783
2016-06-29 07:30:01,657,785,81,551,461,782,784
2016-06-29 07:30:02,658,786,80,551,461,782,783
2016-06-29 07:30:03,659,787,81,551,461,782,784
2016-06-29 07:30:04,660,788,81,551,461,782,784
2016-06-29 07:30:05,661,789,81,552,461,782,784
2016-06-29 07:30:06,661,790,81,551,461,782,784
2016-06-29 07:30:07,662,791,81,551,461,782,784
2016-06-29 07:30:08,663,792,81,551,461,783,784
2016-06-29 07:30:09,664,793,81,550,460,783,784
2016-06-29 07:30:10,665,794,81,549,460,782,783
2016-06-29 07:30:11,666,795,81,548,459,782,784
2016-06-29 07:30:12,667,796,81,547,458,782,783
2016-06-29 07:30:13,668,797,81,545,458,782,783
2016-06-29 07:30:14,669,798,81,544,457,782,784
2016-06-29 07:30:15,670,799,81,543,456,782,783
2016-06-29 07:30:16,670,800,81,543,456,782,784
2016-06-29 07:30:17,671,801,81,543,455,782,784
2016-06-29 07:30:18,672,802,81,543,454,782,783
2016-06-29 07:30:19,673,803,81,544,454,782,783
2016-06-29 07:30:20,674,804,81,544,454,783,784
2016-06-29 07:30:21,675,805,81,544,453,782,784
2016-06-29 07:30:22,676,806,81,544,453,782,784
2016-06-29 07:30:23,677,807,81,544,452,782,784
2016-06-29 07:30:24,677,808,81,545,452,782,784
2016-06-29 07:30:25,678,809,81,545,451,782,784
2016-06-29 07:30:26,680,810,81,545,451,782,783
2016-06-29 07:30:27,681,811,81,545,451,782,783
