2018-07-01 21:23:24,862,coffee,datetime,ms,seconds,ambient_temp,thermocouple_0_temp,thermocouple_1_temp,thermocouple_2_temp,thermocouple_3_temp
2018-07-01 21:23:26,916,2,93,489,429,776,779
2018-07-01 21:23:27,919,3,93,482,424,776,779
2018-07-01 21:23:28,921,4,93,473,418,776,779
2018-07-01 21:23:29,922,5,93,462,412,776,779
2018-07-01 21:23:30,923,6,93,450,406,776,779
2018-07-01 21:23:31,924,7,93,439,400,776,779
2018-07-01 21:23:32,926,8,93,430,393,776,779
2018-07-01 21:23:33,927,9,93,420,388,776,779
2018-07-01 21:23:34,931,10,93,411,385,776,779
2018-07-01 21:23:35,934,11,93,402,383,776,779
2018-07-01 21:23:36,937,12,93,393,382,776,779
2018-07-01 21:23:37,939,13,94,385,380,776,779
2018-07-01 21:23:38,939,14,94,377,379,776,779
2018-07-01 21:23:39,940,15,93,370,378,776,779
2018-07-01 21:23:40,941,16,93,362,376,776,779
2018-07-01 21:23:41,942,17,93,356,375,776,779
2018-07-01 21:23:42,945,18,93,349,374,776,779
2018-07-01 21:23:43,948,19,93,342,373,776,779
2018-07-01 21:23:44,950,20,93,336,372,776,779
2018-07-01 21:23:45,952,21,93,330,372,776,779
2018-07-01 21:23:46,954,22,94,324,371,776,779
2018-07-01 21:23:47,958,23,93,319,370,776,779
2018-07-01 21:23:48,960,24,93,315,370,776,779
2018-07-01 21:23:49,963,25,93,310,369,776,779
2018-07-01 21:23:50,965,26,94,305,368,776,779
2018-07-01 21:23:51,969,27,93,301,368,776,779
2018-07-01 21:23:52,970,28,94,297,367,776,779
2018-07-01 21:23:53,971,29,93,292,367,776,779
2018-07-01 21:23:54,972,30,93,289,366,776,779
2018-07-01 21:23:55,974,31,93,286,366,776,779
2018-07-01 21:23:56,975,32,93,282,365,776,779
2018-07-01 21:23:57,978,33,93,279,365,776,779
2018-07-01 21:23:58,980,34,93,276,365,776,779
2018-07-01 21:23:59,981,35,93,273,364,776,779
2018-07-01 21:24:00,982,36,94,270,364,776,779
2018-07-01 21:24:01,984,37,93,267,364,776,779
2018-07-01 21:24:02,988,38,93,265,365,776,779
2018-07-01 21:24:03,991,39,93,262,366,776,779
2018-07-01 21:24:04,996,40,93,260,366,776,779
2018-07-01 21:24:05,999,41,93,258,366,776,779
2018-07-01 21:24:07,002,42,93,256,367,776,779
2018-07-01 21:24:08,005,43,93,254,367,776,779
2018-07-01 21:24:09,007,44,93,252,368,776,779
2018-07-01 21:24:10,010,45,93,250,368,776,779
2018-07-01 21:24:11,012,46,93,249,368,776,779
2018-07-01 21:24:12,013,47,93,247,369,776,779
2018-07-01 21:24:13,016,48,93,246,369,776,779
2018-07-01 21:24:14,018,49,93,245,369,776,779
2018-07-01 21:24:15,020,50,93,243,370,776,779
2018-07-01 21:24:16,023,51,93,242,370,776,779
2018-07-01 21:24:17,027,52,93,241,371,776,779
2018-07-01 21:24:18,029,53,93,240,371,776,779
2018-07-01 21:24:19,030,54,93,239,371,776,779
2018-07-01 21:24:20,033,55,93,238,372,776,779
2018-07-01 21:24:21,035,56,93,237,372,776,779
2018-07-01 21:24:22,036,57,93,236,372,776,779
2018-07-01 21:24:23,041,58,93,236,373,776,779
2018-07-01 21:24:24,042,59,93,235,373,776,779
2018-07-01 21:24:25,044,60,93,234,373,776,779
2018-07-01 21:24:26,046,61,93,234,374,776,779
2018-07-01 21:24:27,049,62,93,233,374,776,779
2018-07-01 21:24:28,052,63,94,233,374,776,779
2018-07-01 21:24:29,054,64,93,233,375,776,779
2018-07-01 21:24:30,057,65,93,233,375,776,779
2018-07-01 21:24:31,061,66,93,232,375,776,779
2018-07-01 21:24:32,062,67,93,232,376,776,779
2018-07-01 21:24:33,064,68,93,232,376,776,779
2018-07-01 21:24:34,068,69,93,232,376,776,779
2018-07-01 21:24:35,071,70,93,232,377,776,779
2018-07-01 21:24:36,073,71,93,231,377,776,779
2018-07-01 21:24:37,078,72,93,232,377,776,779
2018-07-01 21:24:38,079,73,93,231,378,776,779
2018-07-01 21:24:39,081,74,93,232,378,776,779
2018-07-01 21:24:40,085,75,93,232,378,776,779
2018-07-01 21:24:41,090,76,93,232,379,776,779
2018-07-01 21:24:42,092,77,93,232,379,776,779
2018-07-01 21:24:43,093,78,93,232,379,776,779
2018-07-01 21:24:44,096,79,93,232,380,776,779
2018-07-01 21:24:45,098,80,93,232,380,776,779
2018-07-01 21:24:46,100,81,93,232,380,776,779
2018-07-01 21:24:47,101,82,93,233,380,776,779
2018-07-01 21:24:48,102,83,93,233,381,776,779
2018-07-01 21:24:49,105,84,93,233,381,776,779
2018-07-01 21:24:50,106,85,93,234,381,776,779
2018-07-01 21:24:51,107,86,93,234,381,776,779
2018-07-01 21:24:52,110,87,94,235,381,776,779
2018-07-01 21:24:53,112,88,93,235,382,776,779
2018-07-01 21:24:54,114,89,93,235,382,776,779
2018-07-01 21:24:55,116,90,93,236,382,776,779
2018-07-01 21:24:56,117,91,93,236,382,776,779
2018-07-01 21:24:57,119,92,93,237,383,776,779
2018-07-01 21:24:58,122,93,93,237,384,776,779
2018-07-01 21:24:59,123,94,93,238,385,776,779
2018-07-01 21:25:00,125,95,93,238,385,776,779
2018-07-01 21:25:01,127,96,93,239,386,776,779
2018-07-01 21:25:02,128,97,93,239,387,776,779
2018-07-01 21:25:03,131,98,93,240,388,776,779
2018-07-01 21:25:04,133,99,93,240,388,776,779
2018-07-01 21:25:05,136,100,93,241,389,776,779
2018-07-01 21:25:06,139,101,93,241,390,776,779
2018-07-01 21:25:07,142,102,93,242,391,776,779
2018-07-01 21:25:08,144,103,93,242,391,776,779
2018-07-01 21:25:09,147,104,93,243,392,776,779
2018-07-01 21:25:10,148,105,93,244,393,776,779
2018-07-01 21:25:11,150,106,93,244,393,776,779
2018-07-01 21:25:12,152,107,93,245,394,776,779
2018-07-01 21:25:13,157,108,93,246,395,776,779
2018-07-01 21:25:14,159,109,93,246,395,776,779
2018-07-01 21:25:15,160,110,93,247,396,776,779
2018-07-01 21:25:16,161,111,93,247,396,776,779
2018-07-01 21:25:17,162,112,93,248,397,776,779
2018-07-01 21:25:18,164,113,93,249,397,776,779
2018-07-01 21:25:19,165,114,93,250,398,776,779
2018-07-01 21:25:20,169,115,93,250,398,776,779
2018-07-01 21:25:21,174,116,93,251,399,776,779
2018-07-01 21:25:22,177,117,93,252,400,776,778
2018-07-01 21:25:23,181,118,93,252,400,776,779
2018-07-01 21:25:24,186,119,93,253,401,776,779
2018-07-01 21:25:25,188,120,93,254,401,776,779
2018-07-01 21:25:26,192,121,93,255,402,776,779
2018-07-01 21:25:27,195,122,93,255,402,776,779
2018-07-01 21:25:28,195,123,93,256,403,776,779
2018-07-01 21:25:29,199,124,93,257,403,776,779
2018-07-01 21:25:30,201,125,93,257,404,776,779
2018-07-01 21:25:31,205,126,93,258,404,776,779
2018-07-01 21:25:32,206,127,93,259,404,776,779
2018-07-01 21:25:33,208,128,93,259,405,776,779
2018-07-01 21:25:34,209,129,93,260,405,776,779
2018-07-01 21:25:35,212,130,93,261,405,776,779
2018-07-01 21:25:36,214,131,93,262,405,776,779
2018-07-01 21:25:37,215,132,93,263,406,776,779
2018-07-01 21:25:38,218,133,93,263,406,776,779
2018-07-01 21:25:39,221,134,93,264,406,776,779
2018-07-01 21:25:40,222,135,93,265,407,776,779
2018-07-01 21:25:41,223,136,93,266,407,776,779
2018-07-01 21:25:42,227,137,93,266,408,776,779
2018-07-01 21:25:43,228,138,93,267,408,776,779
2018-07-01 21:25:44,229,139,93,268,408,776,779
2018-07-01 21:25:45,232,140,93,269,409,776,779
2018-07-01 21:25:46,234,141,93,269,409,776,779
2018-07-01 21:25:47,236,142,93,270,409,776,779
2018-07-01 21:25:48,239,143,93,271,410,776,779
2018-07-01 21:25:49,243,144,93,272,410,776,779
2018-07-01 21:25:50,244,145,93,272,411,776,779
2018-07-01 21:25:51,248,146,93,273,411,776,779
2018-07-01 21:25:52,250,147,93,274,411,776,779
2018-07-01 21:25:53,252,148,93,275,412,776,779
2018-07-01 21:25:54,256,149,93,276,412,776,779
2018-07-01 21:25:55,258,150,93,276,412,776,779
2018-07-01 21:25:56,261,151,93,277,412,776,779
2018-07-01 21:25:57,262,152,93,278,413,776,779
2018-07-01 21:25:58,263,153,93,279,413,776,779
2018-07-01 21:25:59,264,154,93,279,414,776,779
2018-07-01 21:26:00,267,155,93,280,414,776,779
2018-07-01 21:26:01,268,156,93,281,414,776,779
2018-07-01 21:26:02,270,157,93,282,414,776,779
2018-07-01 21:26:03,271,158,93,283,415,776,779
2018-07-01 21:26:04,273,159,93,283,415,776,779
2018-07-01 21:26:05,274,160,93,284,415,776,779
2018-07-01 21:26:06,275,161,93,285,416,776,779
2018-07-01 21:26:07,278,162,93,286,416,776,779
2018-07-01 21:26:08,280,163,93,287,416,776,779
2018-07-01 21:26:09,282,164,93,287,416,776,779
2018-07-01 21:26:10,285,165,93,288,417,776,779
2018-07-01 21:26:11,289,166,93,289,417,776,779
2018-07-01 21:26:12,292,167,93,290,417,776,779
2018-07-01 21:26:13,294,168,93,290,418,776,779
2018-07-01 21:26:14,296,169,93,291,418,776,779
2018-07-01 21:26:15,298,170,93,292,418,776,779
2018-07-01 21:26:16,302,171,93,293,418,776,779
2018-07-01 21:26:17,303,172,93,293,419,776,779
2018-07-01 21:26:18,305,173,93,294,419,776,779
2018-07-01 21:26:19,306,174,93,295,419,776,779
2018-07-01 21:26:20,308,175,93,296,419,776,779
2018-07-01 21:26:21,308,176,93,297,419,776,779
2018-07-01 21:26:22,310,177,93,297,420,776,779
2018-07-01 21:26:23,311,178,93,298,420,776,779
2018-07-01 21:26:24,315,179,93,299,420,776,779
2018-07-01 21:26:25,318,180,93,299,420,776,779
2018-07-01 21:26:26,320,181,93,300,421,776,779
2018-07-01 21:26:27,321,182,93,301,421,776,779
2018-07-01 21:26:28,322,183,93,302,421,776,779
2018-07-01 21:26:29,324,184,93,303,421,776,779
2018-07-01 21:26:30,325,185,93,304,421,776,779
2018-07-01 21:26:31,327,186,93,304,422,776,779
2018-07-01 21:26:32,328,187,93,305,422,776,779
2018-07-01 21:26:33,330,188,93,306,422,776,779
2018-07-01 21:26:34,331,189,93,306,422,776,779
2018-07-01 21:26:35,332,190,93,307,422,776,779
2018-07-01 21:26:36,333,191,93,308,423,776,779
2018-07-01 21:26:37,334,192,93,309,423,776,779
2018-07-01 21:26:38,337,193,93,309,423,776,779
2018-07-01 21:26:39,338,194,93,310,423,776,779
2018-07-01 21:26:40,338,195,93,311,423,776,779
2018-07-01 21:26:41,340,196,93,311,424,776,779
2018-07-01 21:26:42,342,197,93,312,424,776,779
2018-07-01 21:26:43,343,198,93,313,424,776,779
2018-07-01 21:26:44,344,199,93,314,424,776,779
2018-07-01 21:26:45,345,200,93,314,424,776,779
2018-07-01 21:26:46,346,201,93,315,424,776,779
2018-07-01 21:26:47,348,202,93,316,425,776,779
2018-07-01 21:26:48,349,203,93,317,425,776,779
2018-07-01 21:26:49,351,204,93,317,425,776,779
2018-07-01 21:26:50,354,205,93,318,426,776,779
2018-07-01 21:26:51,355,206,93,319,426,776,779
2018-07-01 21:26:52,357,207,93,319,426,776,779
2018-07-01 21:26:53,358,208,93,320,427,776,779
2018-07-01 21:26:54,359,209,93,321,427,776,779
2018-07-01 21:26:55,363,210,93,321,427,776,779
2018-07-01 21:26:56,363,211,93,322,427,776,779
2018-07-01 21:26:57,366,212,93,323,427,776,779
2018-07-01 21:26:58,369,213,93,323,427,776,779
2018-07-01 21:26:59,370,214,93,324,428,776,779
2018-07-01 21:27:00,372,215,93,325,428,776,779
2018-07-01 21:27:01,373,216,93,325,428,776,779
2018-07-01 21:27:02,374,217,93,326,428,776,779
2018-07-01 21:27:03,375,218,93,327,429,776,779
2018-07-01 21:27:04,376,219,93,328,429,776,779
2018-07-01 21:27:05,377,220,93,328,429,776,779
2018-07-01 21:27:06,379,221,93,329,430,776,779
2018-07-01 21:27:07,381,222,93,330,430,776,779
2018-07-01 21:27:08,383,223,93,330,430,776,779
2018-07-01 21:27:09,384,224,93,331,430,776,779
2018-07-01 21:27:10,385,225,93,332,430,776,779
2018-07-01 21:27:11,385,226,93,332,430,776,779
2018-07-01 21:27:12,388,227,93,333,430,776,779
2018-07-01 21:27:13,389,228,93,334,431,776,779
2018-07-01 21:27:14,392,229,93,334,431,776,779
2018-07-01 21:27:15,395,230,93,335,431,776,779
2018-07-01 21:27:16,397,231,93,335,431,776,779
2018-07-01 21:27:17,398,232,93,336,431,776,779
2018-07-01 21:27:18,401,233,93,337,431,776,779
2018-07-01 21:27:19,403,234,93,337,432,776,779
2018-07-01 21:27:20,404,235,93,338,432,776,779
2018-07-01 21:27:21,407,236,93,339,432,776,779
2018-07-01 21:27:22,409,237,93,339,432,776,779
2018-07-01 21:27:23,411,238,93,340,432,776,779
2018-07-01 21:27:24,412,239,93,341,433,776,779
2018-07-01 21:27:25,413,240,93,341,433,776,779
2018-07-01 21:27:26,416,241,93,342,433,776,779
2018-07-01 21:27:27,418,242,93,342,433,776,779
2018-07-01 21:27:28,419,243,93,343,434,776,779
2018-07-01 21:27:29,422,244,93,344,434,776,779
2018-07-01 21:27:30,424,245,93,344,434,776,779
2018-07-01 21:27:31,426,246,93,345,434,776,779
2018-07-01 21:27:32,429,247,93,345,434,776,779
2018-07-01 21:27:33,433,248,93,346,435,776,779
2018-07-01 21:27:34,434,249,93,347,435,776,779
2018-07-01 21:27:35,435,250,93,347,435,776,779
2018-07-01 21:27:36,437,251,93,348,435,776,779
2018-07-01 21:27:37,438,252,93,348,435,776,779
2018-07-01 21:27:38,440,253,93,349,435,776,779
2018-07-01 21:27:39,442,254,93,350,436,776,779
2018-07-01 21:27:40,443,255,93,350,436,776,779
2018-07-01 21:27:41,444,256,93,351,436,776,779
2018-07-01 21:27:42,447,257,93,351,436,776,779
2018-07-01 21:27:43,448,258,93,352,436,776,779
2018-07-01 21:27:44,448,259,93,353,437,776,779
2018-07-01 21:27:45,449,260,93,353,437,776,779
2018-07-01 21:27:46,453,261,93,354,437,776,779
2018-07-01 21:27:47,454,262,93,355,437,776,779
2018-07-01 21:27:48,456,263,93,355,437,776,779
2018-07-01 21:27:49,459,264,93,356,437,776,779
2018-07-01 21:27:50,460,265,93,356,438,776,779
2018-07-01 21:27:51,460,266,93,357,438,776,779
2018-07-01 21:27:52,461,267,93,358,438,776,779
2018-07-01 21:27:53,462,268,93,358,438,776,779
2018-07-01 21:27:54,464,269,93,359,439,776,779
2018-07-01 21:27:55,468,270,93,359,439,776,779
2018-07-01 21:27:56,470,271,93,360,439,776,779
2018-07-01 21:27:57,473,272,93,360,439,776,779
2018-07-01 21:27:58,476,273,93,361,439,776,779
2018-07-01 21:27:59,477,274,93,361,439,776,779
2018-07-01 21:28:00,478,275,93,362,439,776,779
2018-07-01 21:28:01,479,276,93,362,440,776,779
2018-07-01 21:28:02,481,277,93,363,440,776,779
2018-07-01 21:28:03,482,278,93,364,440,776,779
2018-07-01 21:28:04,486,279,93,364,440,776,779
2018-07-01 21:28:05,488,280,93,365,440,776,779
2018-07-01 21:28:06,490,281,93,365,440,776,779
2018-07-01 21:28:07,491,282,93,366,441,776,779
2018-07-01 21:28:08,494,283,93,366,441,776,779
2018-07-01 21:28:09,495,284,93,367,441,776,779
2018-07-01 21:28:10,497,285,93,367,441,776,779
2018-07-01 21:28:11,499,286,93,368,442,776,779
2018-07-01 21:28:12,501,287,93,369,442,776,779
2018-07-01 21:28:13,502,288,93,369,442,776,779
2018-07-01 21:28:14,505,289,93,370,442,776,779
2018-07-01 21:28:15,507,290,93,370,443,776,779
2018-07-01 21:28:16,509,291,93,371,443,776,779
2018-07-01 21:28:17,510,292,93,372,443,776,779
2018-07-01 21:28:18,511,293,93,372,443,776,779
2018-07-01 21:28:19,513,294,93,373,443,776,779
2018-07-01 21:28:20,514,295,93,373,444,776,779
2018-07-01 21:28:21,515,296,93,374,444,776,779
2018-07-01 21:28:22,517,297,93,374,444,776,779
2018-07-01 21:28:23,519,298,93,375,444,776,779
2018-07-01 21:28:24,520,299,93,375,445,776,779
2018-07-01 21:28:25,523,300,93,376,445,776,779
2018-07-01 21:28:26,526,301,93,376,445,776,779
2018-07-01 21:28:27,527,302,93,377,445,776,779
2018-07-01 21:28:28,528,303,93,378,445,776,779
2018-07-01 21:28:29,530,304,93,378,446,776,779
2018-07-01 21:28:30,531,305,93,379,446,776,779
2018-07-01 21:28:31,534,306,93,379,446,776,779
2018-07-01 21:28:32,535,307,93,380,446,776,779
2018-07-01 21:28:33,538,308,93,380,446,776,779
2018-07-01 21:28:34,539,309,93,381,447,776,779
2018-07-01 21:28:35,541,310,93,381,447,776,779
2018-07-01 21:28:36,542,311,93,382,447,776,779
2018-07-01 21:28:37,549,312,93,382,447,776,779
2018-07-01 21:28:38,552,313,93,383,447,776,779
2018-07-01 21:28:39,554,314,93,383,447,776,779
2018-07-01 21:28:40,555,315,93,384,447,776,779
2018-07-01 21:28:41,556,316,93,384,447,776,779
2018-07-01 21:28:42,559,317,93,385,447,776,779
2018-07-01 21:28:43,560,318,93,385,448,776,779
2018-07-01 21:28:44,563,319,93,386,448,776,779
2018-07-01 21:28:45,563,320,93,386,448,776,779
2018-07-01 21:28:46,565,321,93,387,448,776,779
2018-07-01 21:28:47,566,322,93,388,448,776,779
2018-07-01 21:28:48,567,323,93,388,448,776,779
2018-07-01 21:28:49,568,324,93,389,449,776,779
2018-07-01 21:28:50,570,325,93,389,449,776,779
2018-07-01 21:28:51,570,326,93,390,449,776,779
2018-07-01 21:28:52,572,327,93,390,449,776,779
2018-07-01 21:28:53,574,328,93,391,449,776,779
2018-07-01 21:28:54,576,329,93,391,449,776,779
2018-07-01 21:28:55,578,330,93,392,449,776,779
2018-07-01 21:28:56,580,331,93,392,449,776,779
2018-07-01 21:28:57,580,332,93,392,450,776,779
2018-07-01 21:28:58,582,333,93,393,450,776,779
2018-07-01 21:28:59,585,334,93,394,450,776,779
2018-07-01 21:29:00,586,335,93,394,450,776,779
2018-07-01 21:29:01,587,336,93,395,450,776,779
2018-07-01 21:29:02,590,337,93,395,451,776,779
2018-07-01 21:29:03,590,338,93,396,451,776,779
2018-07-01 21:29:04,593,339,93,396,451,776,779
2018-07-01 21:29:05,595,340,93,397,451,776,779
2018-07-01 21:29:06,597,341,93,397,452,776,779
2018-07-01 21:29:07,598,342,93,398,452,776,779
2018-07-01 21:29:08,599,343,93,398,452,776,779
2018-07-01 21:29:09,601,344,93,399,452,776,779
2018-07-01 21:29:10,601,345,93,399,452,776,779
2018-07-01 21:29:11,602,346,93,400,453,776,779
2018-07-01 21:29:12,604,347,93,400,453,776,779
2018-07-01 21:29:13,607,348,93,401,453,776,779
2018-07-01 21:29:14,608,349,93,401,453,776,779
2018-07-01 21:29:15,610,350,93,402,453,776,779
2018-07-01 21:29:16,611,351,93,402,453,776,779
2018-07-01 21:29:17,613,352,93,403,454,776,779
2018-07-01 21:29:18,615,353,93,403,454,776,779
2018-07-01 21:29:19,617,354,93,404,454,776,779
2018-07-01 21:29:20,620,355,93,404,454,776,779
2018-07-01 21:29:21,622,356,93,405,454,776,779
2018-07-01 21:29:22,624,357,93,405,455,776,779
2018-07-01 21:29:23,625,358,93,406,455,776,779
2018-07-01 21:29:24,626,359,93,406,455,776,779
2018-07-01 21:29:25,627,360,93,406,455,776,779
2018-07-01 21:29:26,629,361,93,407,455,776,779
2018-07-01 21:29:27,629,362,93,407,455,776,779
2018-07-01 21:29:28,631,363,93,408,456,776,779
2018-07-01 21:29:29,635,364,93,408,456,776,779
2018-07-01 21:29:30,637,365,93,409,456,776,779
2018-07-01 21:29:31,639,366,93,409,456,776,779
2018-07-01 21:29:32,642,367,93,410,457,776,779
2018-07-01 21:29:33,643,368,93,410,457,776,779
2018-07-01 21:29:34,645,369,93,411,457,776,779
2018-07-01 21:29:35,648,370,93,411,457,776,779
2018-07-01 21:29:36,652,371,93,412,457,776,779
2018-07-01 21:29:37,652,372,93,412,457,776,779
2018-07-01 21:29:38,655,373,93,413,458,776,779
2018-07-01 21:29:39,657,374,93,413,458,776,779
2018-07-01 21:29:40,658,375,93,414,458,776,779
2018-07-01 21:29:41,660,376,93,414,458,776,779
2018-07-01 21:29:42,662,377,93,415,458,776,779
2018-07-01 21:29:43,664,378,93,415,458,776,779
2018-07-01 21:29:44,666,379,93,416,459,776,779
2018-07-01 21:29:45,669,380,93,416,459,776,779
2018-07-01 21:29:46,673,381,93,417,459,776,779
2018-07-01 21:29:47,675,382,93,417,460,776,779
2018-07-01 21:29:48,679,383,93,418,460,776,779
2018-07-01 21:29:49,679,384,93,418,460,776,779
2018-07-01 21:29:50,680,385,93,419,460,776,779
2018-07-01 21:29:51,684,386,93,419,460,776,779
2018-07-01 21:29:52,685,387,93,419,460,776,779
2018-07-01 21:29:53,686,388,93,420,461,776,779
2018-07-01 21:29:54,688,389,93,420,461,776,779
2018-07-01 21:29:55,690,390,93,421,461,776,779
2018-07-01 21:29:56,693,391,93,421,461,776,779
2018-07-01 21:29:57,695,392,93,422,461,776,779
2018-07-01 21:29:58,697,393,93,422,461,776,779
2018-07-01 21:29:59,699,394,93,423,462,776,779
2018-07-01 21:30:00,700,395,93,423,462,776,779
2018-07-01 21:30:01,701,396,93,424,462,776,779
2018-07-01 21:30:02,702,397,93,424,462,776,779
2018-07-01 21:30:03,705,398,93,425,462,776,779
2018-07-01 21:30:04,707,399,93,425,462,776,779
2018-07-01 21:30:05,708,400,93,426,462,776,779
2018-07-01 21:30:06,708,401,93,426,462,776,779
2018-07-01 21:30:07,710,402,93,426,462,776,779
2018-07-01 21:30:08,713,403,93,427,463,776,779
2018-07-01 21:30:09,717,404,93,427,463,776,779
2018-07-01 21:30:10,720,405,93,428,463,776,779
2018-07-01 21:30:11,721,406,93,428,463,776,779
2018-07-01 21:30:12,723,407,93,429,463,776,779
2018-07-01 21:30:13,724,408,93,429,464,776,779
2018-07-01 21:30:14,726,409,93,430,464,776,779
2018-07-01 21:30:15,729,410,93,430,464,776,779
2018-07-01 21:30:16,731,411,93,430,464,776,779
2018-07-01 21:30:17,734,412,93,431,464,776,779
2018-07-01 21:30:18,736,413,93,431,464,776,779
2018-07-01 21:30:19,736,414,93,432,464,776,779
2018-07-01 21:30:20,738,415,93,432,465,776,779
2018-07-01 21:30:21,739,416,93,433,465,776,779
2018-07-01 21:30:22,743,417,93,433,465,776,779
2018-07-01 21:30:23,744,418,93,434,465,776,779
2018-07-01 21:30:24,745,419,93,434,465,776,779
2018-07-01 21:30:25,748,420,93,435,465,776,779
2018-07-01 21:30:26,749,421,93,435,465,776,779
2018-07-01 21:30:27,749,422,93,436,465,776,779
2018-07-01 21:30:28,751,423,93,436,466,776,779
2018-07-01 21:30:29,752,424,93,436,466,776,779
2018-07-01 21:30:30,755,425,93,437,466,776,779
2018-07-01 21:30:31,756,426,93,437,466,776,779
2018-07-01 21:30:32,758,427,93,438,467,776,779
2018-07-01 21:30:33,759,428,93,438,467,776,779
2018-07-01 21:30:34,760,429,93,439,467,776,779
2018-07-01 21:30:35,762,430,93,439,467,776,779
2018-07-01 21:30:36,765,431,93,439,467,776,779
2018-07-01 21:30:37,767,432,93,440,467,776,779
2018-07-01 21:30:38,770,433,93,440,468,776,779
2018-07-01 21:30:39,771,434,93,441,468,776,779
2018-07-01 21:30:40,773,435,93,441,468,776,779
2018-07-01 21:30:41,775,436,93,441,468,776,779
2018-07-01 21:30:42,777,437,93,442,468,776,779
2018-07-01 21:30:43,779,438,93,442,469,776,779
2018-07-01 21:30:44,780,439,93,443,469,776,779
2018-07-01 21:30:45,783,440,93,443,469,776,779
2018-07-01 21:30:46,783,441,93,444,469,776,779
2018-07-01 21:30:47,785,442,93,444,470,776,779
2018-07-01 21:30:48,788,443,93,445,470,776,779
2018-07-01 21:30:49,790,444,93,445,470,776,779
2018-07-01 21:30:50,792,445,93,445,470,776,779
2018-07-01 21:30:51,797,446,93,446,470,776,779
2018-07-01 21:30:52,799,447,93,446,470,776,779
2018-07-01 21:30:53,799,448,93,447,470,776,779
2018-07-01 21:30:54,800,449,93,447,470,776,779
2018-07-01 21:30:55,808,450,93,448,471,776,779
2018-07-01 21:30:56,817,451,93,448,471,776,779
2018-07-01 21:30:57,828,452,93,449,471,776,779
2018-07-01 21:30:58,838,453,93,449,471,776,779
2018-07-01 21:30:59,847,454,93,449,471,776,779
2018-07-01 21:31:00,857,455,93,450,471,776,779
2018-07-01 21:31:01,867,457,93,450,471,776,779
2018-07-01 21:31:02,878,458,93,451,471,776,779
2018-07-01 21:31:03,887,459,93,451,471,776,779
2018-07-01 21:31:04,896,460,93,451,471,776,779
2018-07-01 21:31:05,907,461,93,452,472,776,779
2018-07-01 21:31:06,915,462,93,452,472,776,779
2018-07-01 21:31:07,924,463,93,453,472,776,779
2018-07-01 21:31:08,932,464,93,453,472,776,779
2018-07-01 21:31:09,943,465,93,454,472,776,779
2018-07-01 21:31:10,953,466,93,454,472,776,779
2018-07-01 21:31:11,963,467,93,454,472,776,779
2018-07-01 21:31:12,973,468,93,455,472,776,779
2018-07-01 21:31:13,983,469,93,455,472,776,779
2018-07-01 21:31:14,993,470,93,455,472,776,779
2018-07-01 21:31:16,003,471,93,456,472,776,779
2018-07-01 21:31:17,013,472,93,456,472,776,779
2018-07-01 21:31:18,023,473,93,457,472,776,779
2018-07-01 21:31:19,033,474,93,457,472,776,779
2018-07-01 21:31:20,043,475,93,458,473,776,779
2018-07-01 21:31:21,053,476,93,458,473,776,779
2018-07-01 21:31:22,063,477,93,458,473,776,779
2018-07-01 21:31:23,073,478,93,459,474,776,779
2018-07-01 21:31:24,084,479,93,459,474,776,779
2018-07-01 21:31:25,094,480,93,460,474,776,779
2018-07-01 21:31:26,104,481,93,460,474,776,779
2018-07-01 21:31:27,113,482,93,460,474,776,779
2018-07-01 21:31:28,124,483,93,461,474,776,779
2018-07-01 21:31:29,134,484,93,461,475,776,779
2018-07-01 21:31:30,144,485,93,462,475,776,779
2018-07-01 21:31:31,154,486,93,462,475,776,779
2018-07-01 21:31:32,163,487,93,462,475,776,779
2018-07-01 21:31:33,174,488,93,463,476,776,779
2018-07-01 21:31:34,184,489,93,463,476,776,779
2018-07-01 21:31:35,194,490,93,464,476,776,779
2018-07-01 21:31:36,204,491,93,464,476,776,779
2018-07-01 21:31:37,214,492,93,464,476,776,779
2018-07-01 21:31:38,216,493,93,465,476,776,779
2018-07-01 21:31:39,217,494,93,465,476,776,779
2018-07-01 21:31:40,218,495,93,466,477,776,779
2018-07-01 21:31:41,219,496,93,466,477,776,779
2018-07-01 21:31:42,221,497,93,467,477,776,779
2018-07-01 21:31:43,223,498,93,467,477,776,779
2018-07-01 21:31:44,224,499,93,467,477,776,779
2018-07-01 21:31:45,226,500,93,468,477,776,779
2018-07-01 21:31:46,226,501,93,468,478,776,779
2018-07-01 21:31:47,230,502,93,469,478,776,779
2018-07-01 21:31:48,232,503,93,469,478,776,779
2018-07-01 21:31:49,232,504,93,470,478,776,779
2018-07-01 21:31:50,233,505,93,470,478,776,779
2018-07-01 21:31:51,234,506,93,470,478,776,779
2018-07-01 21:31:52,237,507,93,471,479,776,779
2018-07-01 21:31:53,240,508,93,471,479,776,779
2018-07-01 21:31:54,241,509,93,472,479,776,779
2018-07-01 21:31:55,245,510,93,472,479,776,779
2018-07-01 21:31:56,250,511,93,473,479,776,779
2018-07-01 21:31:57,252,512,93,473,480,776,779
2018-07-01 21:31:58,254,513,93,473,480,776,779
2018-07-01 21:31:59,256,514,93,474,480,776,779
2018-07-01 21:32:00,256,515,93,474,480,776,779
2018-07-01 21:32:01,258,516,93,475,480,776,779
2018-07-01 21:32:02,260,517,93,475,481,776,779
2018-07-01 21:32:03,260,518,93,475,481,776,779
2018-07-01 21:32:04,264,519,93,476,481,776,779
2018-07-01 21:32:05,266,520,93,476,481,776,779
2018-07-01 21:32:06,268,521,93,477,481,776,779
2018-07-01 21:32:07,269,522,93,477,481,776,779
2018-07-01 21:32:08,270,523,93,477,481,776,779
2018-07-01 21:32:09,271,524,93,478,482,776,779
2018-07-01 21:32:10,271,525,93,478,482,776,779
2018-07-01 21:32:11,272,526,93,479,482,776,779
2018-07-01 21:32:12,274,527,93,479,482,776,779
2018-07-01 21:32:13,275,528,93,480,482,776,779
2018-07-01 21:32:14,277,529,93,480,482,776,779
2018-07-01 21:32:15,278,530,93,480,483,776,779
2018-07-01 21:32:16,279,531,93,481,483,776,779
2018-07-01 21:32:17,282,532,93,481,483,776,779
2018-07-01 21:32:18,283,533,93,482,483,776,779
2018-07-01 21:32:19,285,534,93,482,483,776,779
2018-07-01 21:32:20,286,535,93,482,483,776,779
2018-07-01 21:32:21,287,536,93,483,484,776,779
2018-07-01 21:32:22,289,537,93,483,484,776,779
2018-07-01 21:32:23,289,538,93,484,484,776,779
2018-07-01 21:32:24,291,539,93,484,484,776,779
2018-07-01 21:32:25,293,540,93,484,484,776,779
2018-07-01 21:32:26,294,541,93,485,484,776,779
2018-07-01 21:32:27,295,542,93,485,485,776,779
2018-07-01 21:32:28,297,543,93,486,485,776,779
2018-07-01 21:32:29,297,544,93,486,485,776,779
2018-07-01 21:32:30,301,545,93,487,485,776,779
2018-07-01 21:32:31,302,546,93,487,485,776,779
2018-07-01 21:32:32,304,547,93,487,486,776,779
2018-07-01 21:32:33,305,548,93,488,486,776,779
2018-07-01 21:32:34,306,549,93,488,486,776,779
2018-07-01 21:32:35,309,550,93,489,486,776,779
2018-07-01 21:32:36,310,551,93,489,486,776,779
2018-07-01 21:32:37,312,552,93,490,486,776,779
2018-07-01 21:32:38,313,553,93,490,487,776,779
2018-07-01 21:32:39,314,554,93,490,487,776,779
2018-07-01 21:32:40,315,555,93,491,487,776,779
2018-07-01 21:32:41,316,556,93,491,487,776,779
2018-07-01 21:32:42,317,557,93,491,487,776,779
2018-07-01 21:32:43,317,558,93,492,488,776,779
2018-07-01 21:32:44,319,559,93,493,488,776,779
2018-07-01 21:32:45,320,560,93,493,488,776,779
2018-07-01 21:32:46,321,561,93,493,488,776,779
2018-07-01 21:32:47,323,562,93,493,489,776,779
2018-07-01 21:32:48,325,563,93,494,489,776,779
2018-07-01 21:32:49,326,564,93,494,489,776,779
2018-07-01 21:32:50,327,565,93,495,489,776,779
2018-07-01 21:32:51,328,566,93,495,489,776,779
2018-07-01 21:32:52,329,567,93,495,489,776,779
2018-07-01 21:32:53,332,568,93,496,490,776,779
2018-07-01 21:32:54,334,569,93,496,490,776,779
2018-07-01 21:32:55,336,570,93,497,490,776,779
2018-07-01 21:32:56,340,571,93,497,490,776,779
2018-07-01 21:32:57,341,572,93,497,491,776,779
2018-07-01 21:32:58,343,573,93,498,491,776,779
2018-07-01 21:32:59,343,574,93,498,491,776,779
2018-07-01 21:33:00,346,575,93,498,491,776,779
2018-07-01 21:33:01,349,576,93,499,492,776,779
2018-07-01 21:33:02,350,577,93,499,492,776,779
2018-07-01 21:33:03,351,578,93,499,492,776,779
2018-07-01 21:33:04,353,579,93,500,492,776,779
2018-07-01 21:33:05,358,580,93,500,492,776,779
2018-07-01 21:33:06,361,581,93,500,492,776,779
2018-07-01 21:33:07,366,582,93,501,493,776,779
2018-07-01 21:33:08,368,583,93,501,493,776,779
2018-07-01 21:33:09,370,584,93,501,492,776,779
2018-07-01 21:33:10,371,585,93,502,492,776,779
2018-07-01 21:33:11,374,586,93,502,492,776,779
2018-07-01 21:33:12,376,587,93,502,491,776,779
2018-07-01 21:33:13,377,588,93,503,491,776,779
2018-07-01 21:33:14,381,589,93,503,490,776,779
2018-07-01 21:33:15,383,590,93,503,489,776,779
2018-07-01 21:33:16,385,591,93,504,488,776,779
2018-07-01 21:33:17,388,592,93,504,486,776,779
2018-07-01 21:33:18,391,593,93,504,485,776,779
2018-07-01 21:33:19,395,594,93,504,483,776,779
2018-07-01 21:33:20,397,595,93,505,482,776,779
2018-07-01 21:33:21,398,596,93,505,480,776,779
2018-07-01 21:33:22,400,597,93,505,479,776,779
2018-07-01 21:33:23,400,598,93,505,478,776,779
2018-07-01 21:33:24,402,599,93,506,477,776,779
2018-07-01 21:33:25,403,600,93,506,475,776,779
2018-07-01 21:33:26,405,601,93,506,474,776,779
2018-07-01 21:33:27,406,602,93,506,473,776,779
2018-07-01 21:33:28,410,603,93,506,472,776,779
2018-07-01 21:33:29,413,604,93,507,471,776,779
2018-07-01 21:33:30,417,605,93,507,470,776,779
2018-07-01 21:33:31,421,606,93,507,469,776,779
2018-07-01 21:33:32,424,607,93,507,468,776,779
2018-07-01 21:33:33,425,608,93,507,467,776,779
2018-07-01 21:33:34,427,609,93,508,467,776,779
2018-07-01 21:33:35,431,610,93,508,466,776,779
2018-07-01 21:33:36,433,611,93,508,465,776,779
2018-07-01 21:33:37,434,612,93,508,464,776,779
2018-07-01 21:33:38,436,613,93,508,463,776,779
2018-07-01 21:33:39,439,614,93,508,463,776,779
2018-07-01 21:33:40,443,615,93,508,462,776,779
2018-07-01 21:33:41,444,616,93,508,461,776,779
2018-07-01 21:33:42,446,617,93,509,461,776,779
2018-07-01 21:33:43,448,618,93,509,460,776,779
2018-07-01 21:33:44,452,619,93,509,460,776,779
2018-07-01 21:33:45,452,620,93,509,459,776,779
2018-07-01 21:33:46,454,621,93,509,459,776,779
2018-07-01 21:33:47,456,622,93,509,458,776,779
2018-07-01 21:33:48,457,623,93,509,458,776,779
2018-07-01 21:33:49,460,624,93,509,457,776,779
2018-07-01 21:33:50,462,625,93,509,457,776,779
2018-07-01 21:33:51,464,626,93,509,456,776,779
2018-07-01 21:33:52,465,627,93,509,456,776,779
2018-07-01 21:33:53,468,628,93,509,455,776,779
2018-07-01 21:33:54,470,629,93,510,455,776,779
2018-07-01 21:33:55,472,630,93,510,454,776,779
2018-07-01 21:33:56,474,631,93,510,454,776,779
2018-07-01 21:33:57,475,632,93,510,453,776,779
2018-07-01 21:33:58,478,633,93,510,453,776,779
2018-07-01 21:33:59,480,634,93,510,452,776,779
2018-07-01 21:34:00,485,635,93,510,452,776,779
2018-07-01 21:34:01,487,636,93,510,452,776,779
2018-07-01 21:34:02,490,637,93,510,452,776,779
2018-07-01 21:34:03,493,638,93,510,452,776,779
2018-07-01 21:34:04,495,639,93,510,452,776,779
2018-07-01 21:34:05,496,640,93,510,452,776,779
2018-07-01 21:34:06,499,641,93,511,453,776,779
2018-07-01 21:34:07,502,642,93,511,453,776,779
2018-07-01 21:34:08,503,643,93,511,454,776,779
2018-07-01 21:34:09,506,644,93,511,454,776,779
2018-07-01 21:34:10,508,645,93,511,455,776,779
2018-07-01 21:34:11,509,646,93,511,455,776,779
2018-07-01 21:34:12,512,647,93,511,455,776,779
2018-07-01 21:34:13,514,648,93,511,455,776,779
2018-07-01 21:34:14,515,649,93,511,456,776,779
2018-07-01 21:34:15,517,650,93,511,456,776,779
2018-07-01 21:34:16,520,651,93,511,456,776,779
2018-07-01 21:34:17,523,652,93,511,456,776,779
2018-07-01 21:34:18,527,653,93,511,457,776,779
2018-07-01 21:34:19,529,654,93,511,457,776,779
2018-07-01 21:34:20,531,655,93,511,457,776,779
2018-07-01 21:34:21,535,656,93,511,457,776,779
2018-07-01 21:34:22,536,657,93,511,457,776,779
2018-07-01 21:34:23,540,658,93,512,457,776,779
2018-07-01 21:34:24,543,659,93,512,458,776,779
2018-07-01 21:34:25,546,660,93,512,458,776,779
2018-07-01 21:34:26,550,661,93,512,457,776,779
2018-07-01 21:34:27,554,662,93,512,457,776,779
2018-07-01 21:34:28,556,663,93,512,457,776,779
2018-07-01 21:34:29,557,664,93,512,457,776,779
2018-07-01 21:34:30,560,665,93,512,457,776,779
2018-07-01 21:34:31,561,666,93,512,458,776,779
2018-07-01 21:34:32,566,667,93,512,458,776,779
2018-07-01 21:34:33,567,668,93,512,458,776,779
2018-07-01 21:34:34,569,669,93,512,458,776,779
2018-07-01 21:34:35,571,670,93,512,458,776,779
2018-07-01 21:34:36,571,671,93,512,458,776,779
2018-07-01 21:34:37,574,672,93,512,458,776,779
2018-07-01 21:34:38,576,673,93,512,457,776,779
2018-07-01 21:34:39,580,674,93,512,458,776,779
2018-07-01 21:34:40,580,675,93,513,458,776,779
2018-07-01 21:34:41,584,676,93,513,458,776,779
2018-07-01 21:34:42,586,677,93,513,458,776,779
2018-07-01 21:34:43,586,678,93,513,458,776,779
2018-07-01 21:34:44,588,679,93,513,459,776,779
2018-07-01 21:34:45,589,680,93,513,459,776,779
2018-07-01 21:34:46,591,681,93,513,459,776,779
2018-07-01 21:34:47,593,682,93,513,459,776,779
2018-07-01 21:34:48,596,683,93,513,459,776,779
2018-07-01 21:34:49,597,684,93,513,459,776,779
2018-07-01 21:34:50,599,685,93,513,459,776,779
2018-07-01 21:34:51,601,686,93,514,459,776,779
2018-07-01 21:34:52,605,687,93,514,459,776,779
2018-07-01 21:34:53,608,688,93,514,459,776,779
2018-07-01 21:34:54,609,689,93,514,459,776,779
2018-07-01 21:34:55,612,690,93,514,459,776,779
2018-07-01 21:34:56,617,691,93,514,459,776,779
2018-07-01 21:34:57,621,692,93,514,459,776,779
2018-07-01 21:34:58,624,693,93,515,459,776,779
2018-07-01 21:34:59,628,694,93,515,459,776,779
2018-07-01 21:35:00,632,695,93,515,459,776,779
2018-07-01 21:35:01,636,696,93,515,459,776,779
2018-07-01 21:35:02,638,697,93,515,459,777,779
2018-07-01 21:35:03,640,698,93,515,459,777,779
2018-07-01 21:35:04,643,699,93,515,459,776,779
2018-07-01 21:35:05,644,700,93,515,458,776,779
2018-07-01 21:35:06,647,701,93,515,458,776,779
2018-07-01 21:35:07,649,702,93,516,458,776,779
2018-07-01 21:35:08,650,703,93,516,458,776,779
2018-07-01 21:35:09,653,704,93,516,458,776,779
2018-07-01 21:35:10,655,705,93,516,458,776,779
2018-07-01 21:35:11,657,706,93,516,458,776,779
2018-07-01 21:35:12,659,707,93,516,458,776,779
2018-07-01 21:35:13,660,708,93,516,458,776,779
2018-07-01 21:35:14,662,709,93,516,458,776,779
2018-07-01 21:35:15,664,710,93,516,458,776,779
2018-07-01 21:35:16,667,711,93,517,458,776,779
2018-07-01 21:35:17,667,712,93,517,458,776,779
2018-07-01 21:35:18,670,713,93,517,458,776,779
2018-07-01 21:35:19,673,714,93,517,459,776,779
2018-07-01 21:35:20,674,715,93,517,459,776,779
2018-07-01 21:35:21,676,716,93,517,459,776,779
2018-07-01 21:35:22,679,717,93,517,459,776,779
2018-07-01 21:35:23,680,718,93,518,459,776,779
2018-07-01 21:35:24,682,719,93,518,458,776,779
2018-07-01 21:35:25,682,720,93,518,458,776,779
2018-07-01 21:35:26,684,721,93,518,458,776,779
2018-07-01 21:35:27,686,722,93,518,458,776,779
2018-07-01 21:35:28,688,723,93,518,458,776,779
2018-07-01 21:35:29,690,724,93,518,458,776,779
2018-07-01 21:35:30,692,725,93,518,459,776,779
2018-07-01 21:35:31,694,726,93,519,459,776,779
2018-07-01 21:35:32,697,727,93,519,459,776,779
2018-07-01 21:35:33,700,728,93,519,459,776,779
2018-07-01 21:35:34,701,729,93,519,459,776,779
2018-07-01 21:35:35,705,730,93,519,459,776,779
2018-07-01 21:35:36,707,731,93,519,459,776,779
2018-07-01 21:35:37,708,732,93,519,459,776,779
2018-07-01 21:35:38,711,733,93,519,459,776,779
2018-07-01 21:35:39,714,734,93,520,459,776,779
2018-07-01 21:35:40,715,735,93,520,458,776,779
2018-07-01 21:35:41,718,736,93,520,458,776,779
2018-07-01 21:35:42,722,737,93,520,458,776,779
2018-07-01 21:35:43,724,738,93,520,458,776,779
2018-07-01 21:35:44,725,739,93,520,458,776,779
2018-07-01 21:35:45,726,740,93,521,458,776,779
2018-07-01 21:35:46,728,741,93,521,458,776,779
2018-07-01 21:35:47,731,742,93,521,458,776,779
2018-07-01 21:35:48,733,743,93,521,458,776,779
2018-07-01 21:35:49,734,744,93,521,458,776,779
2018-07-01 21:35:50,737,745,93,521,458,776,779
2018-07-01 21:35:51,741,746,93,521,458,776,779
2018-07-01 21:35:52,745,747,93,522,459,776,779
2018-07-01 21:35:53,747,748,93,522,459,776,779
2018-07-01 21:35:54,749,749,93,522,458,776,779
2018-07-01 21:35:55,752,750,93,522,458,776,779
2018-07-01 21:35:56,754,751,93,522,458,776,779
2018-07-01 21:35:57,754,752,93,522,458,776,779
2018-07-01 21:35:58,756,753,93,522,458,776,779
2018-07-01 21:35:59,757,754,93,523,458,776,779
2018-07-01 21:36:00,761,755,93,523,459,776,779
2018-07-01 21:36:01,764,756,93,523,459,776,779
2018-07-01 21:36:02,766,757,93,523,459,776,779
2018-07-01 21:36:03,767,758,93,523,459,776,779
2018-07-01 21:36:04,770,759,93,523,458,776,779
2018-07-01 21:36:05,773,760,93,524,458,776,779
2018-07-01 21:36:06,777,761,93,524,458,776,779
2018-07-01 21:36:07,778,762,93,524,457,776,779
2018-07-01 21:36:08,779,763,93,524,457,776,779
2018-07-01 21:36:09,781,764,93,524,457,776,779
2018-07-01 21:36:10,782,765,93,524,457,776,779
2018-07-01 21:36:11,786,766,93,524,457,776,779
2018-07-01 21:36:12,786,767,93,524,457,776,779
2018-07-01 21:36:13,788,768,93,524,457,776,779
2018-07-01 21:36:14,789,769,93,525,457,776,779
2018-07-01 21:36:15,793,770,93,525,457,776,779
2018-07-01 21:36:16,795,771,93,525,457,776,779
2018-07-01 21:36:17,796,772,93,525,457,776,779
2018-07-01 21:36:18,799,773,93,525,457,776,779
2018-07-01 21:36:19,801,774,93,525,457,776,779
2018-07-01 21:36:20,803,775,93,526,458,777,779
2018-07-01 21:36:21,807,776,93,526,457,776,779
2018-07-01 21:36:22,810,777,93,526,457,776,779
