2016-07-13 20:26:58,446,coffee,datetime,ms,seconds,ambient_temp,thermocouple_0_temp,thermocouple_1_temp,thermocouple_2_temp,thermocouple_3_temp
2016-07-13 20:27:00,471,2,94,499,416,777,779
2016-07-13 20:27:01,474,3,94,492,410,777,779
2016-07-13 20:27:02,479,4,94,482,404,777,779
2016-07-13 20:27:03,484,5,94,471,399,777,779
2016-07-13 20:27:04,488,6,94,459,393,777,779
2016-07-13 20:27:05,490,7,94,447,389,777,779
2016-07-13 20:27:06,495,8,94,437,386,777,779
2016-07-13 20:27:07,496,9,94,427,384,777,779
2016-07-13 20:27:08,497,10,94,417,382,777,779
2016-07-13 20:27:09,502,11,94,407,380,777,779
2016-07-13 20:27:10,507,12,94,398,378,777,779
2016-07-13 20:27:11,511,13,94,390,375,777,779
2016-07-13 20:27:12,513,14,94,382,374,778,779
2016-07-13 20:27:13,515,15,94,374,372,777,779
2016-07-13 20:27:14,519,16,94,367,370,778,779
2016-07-13 20:27:15,520,17,94,359,369,777,779
2016-07-13 20:27:16,525,18,94,352,367,777,779
2016-07-13 20:27:17,528,19,94,345,366,777,779
2016-07-13 20:27:18,533,20,94,339,364,777,779
2016-07-13 20:27:19,535,21,94,333,363,778,779
2016-07-13 20:27:20,540,22,94,328,362,777,779
2016-07-13 20:27:21,542,23,94,322,360,777,779
2016-07-13 20:27:22,543,24,94,317,359,777,779
2016-07-13 20:27:23,547,25,94,311,358,777,779
2016-07-13 20:27:24,549,26,94,306,357,777,779
2016-07-13 20:27:25,552,27,94,301,356,777,779
2016-07-13 20:27:26,557,28,94,297,356,777,779
2016-07-13 20:27:27,561,29,94,292,355,777,779
2016-07-13 20:27:28,566,30,94,288,354,777,779
2016-07-13 20:27:29,570,31,93,284,353,777,779
2016-07-13 20:27:30,575,32,93,280,353,777,779
2016-07-13 20:27:31,580,33,94,277,352,777,779
2016-07-13 20:27:32,583,34,94,273,352,777,779
2016-07-13 20:27:33,585,35,94,270,351,777,779
2016-07-13 20:27:34,590,36,94,267,351,777,779
2016-07-13 20:27:35,591,37,94,264,350,777,779
2016-07-13 20:27:36,594,38,94,261,350,777,779
2016-07-13 20:27:37,599,39,94,259,349,777,779
2016-07-13 20:27:38,605,40,94,256,349,777,779
2016-07-13 20:27:39,607,41,94,253,349,777,779
2016-07-13 20:27:40,608,42,94,251,348,778,779
2016-07-13 20:27:41,614,43,94,249,348,777,779
2016-07-13 20:27:42,617,44,94,247,348,777,779
2016-07-13 20:27:43,619,45,94,245,347,777,779
2016-07-13 20:27:44,623,46,94,243,347,777,779
2016-07-13 20:27:45,626,47,94,241,347,778,779
2016-07-13 20:27:46,631,48,94,239,347,777,779
2016-07-13 20:27:47,632,49,94,238,347,777,779
2016-07-13 20:27:48,637,50,94,236,347,777,779
2016-07-13 20:27:49,642,51,94,235,347,777,779
2016-07-13 20:27:50,647,52,94,233,346,777,779
2016-07-13 20:27:51,650,53,94,232,346,778,779
2016-07-13 20:27:52,656,54,94,231,346,777,779
2016-07-13 20:27:53,657,55,93,230,346,777,779
2016-07-13 20:27:54,661,56,94,229,346,777,779
2016-07-13 20:27:55,663,57,94,228,346,777,779
2016-07-13 20:27:56,669,58,94,227,346,777,779
2016-07-13 20:27:57,672,59,93,226,345,777,779
2016-07-13 20:27:58,673,60,94,225,346,777,779
2016-07-13 20:27:59,676,61,94,224,345,778,779
2016-07-13 20:28:00,679,62,94,223,345,777,779
2016-07-13 20:28:01,679,63,94,223,345,778,779
2016-07-13 20:28:02,682,64,94,222,345,777,779
2016-07-13 20:28:03,686,65,94,222,345,777,779
2016-07-13 20:28:04,687,66,94,221,345,777,779
2016-07-13 20:28:05,690,67,94,221,345,777,779
2016-07-13 20:28:06,692,68,94,221,345,777,779
2016-07-13 20:28:07,698,69,94,220,345,777,779
2016-07-13 20:28:08,703,70,94,220,345,777,779
2016-07-13 20:28:09,709,71,94,220,345,777,779
2016-07-13 20:28:10,710,72,94,220,345,777,779
2016-07-13 20:28:11,711,73,94,220,345,777,779
2016-07-13 20:28:12,711,74,94,219,345,777,779
2016-07-13 20:28:13,716,75,94,219,346,777,779
2016-07-13 20:28:14,717,76,94,219,347,777,779
2016-07-13 20:28:15,717,77,94,219,348,777,779
2016-07-13 20:28:16,722,78,94,219,348,777,779
2016-07-13 20:28:17,725,79,94,219,349,777,779
2016-07-13 20:28:18,731,80,94,219,350,777,779
2016-07-13 20:28:19,736,81,94,220,350,778,779
2016-07-13 20:28:20,741,82,94,220,351,777,779
2016-07-13 20:28:21,743,83,94,220,352,777,779
2016-07-13 20:28:22,748,84,94,220,352,777,779
2016-07-13 20:28:23,750,85,94,220,353,777,779
2016-07-13 20:28:24,752,86,94,220,354,777,779
2016-07-13 20:28:25,755,87,94,221,354,777,779
2016-07-13 20:28:26,759,88,94,221,355,777,779
2016-07-13 20:28:27,764,89,94,221,355,778,779
2016-07-13 20:28:28,769,90,94,222,356,777,779
2016-07-13 20:28:29,774,91,94,222,356,778,779
2016-07-13 20:28:30,774,92,94,222,357,777,779
2016-07-13 20:28:31,775,93,94,223,357,778,779
2016-07-13 20:28:32,779,94,94,223,358,778,779
2016-07-13 20:28:33,783,95,94,224,359,778,779
2016-07-13 20:28:34,789,96,94,224,359,778,779
2016-07-13 20:28:35,790,97,94,224,360,777,779
2016-07-13 20:28:36,796,98,94,225,360,778,779
2016-07-13 20:28:37,796,99,94,225,361,777,779
2016-07-13 20:28:38,799,100,94,226,361,778,779
2016-07-13 20:28:39,804,101,94,226,362,777,779
2016-07-13 20:28:40,812,102,94,227,362,778,779
2016-07-13 20:28:41,817,103,93,227,363,777,779
2016-07-13 20:28:42,822,104,94,228,363,777,779
2016-07-13 20:28:43,828,105,94,228,363,778,779
2016-07-13 20:28:44,831,106,94,229,364,778,779
2016-07-13 20:28:45,832,107,94,229,364,778,779
2016-07-13 20:28:46,839,108,94,230,365,778,779
2016-07-13 20:28:47,840,109,93,230,365,777,779
2016-07-13 20:28:48,841,110,94,231,366,778,779
2016-07-13 20:28:49,847,111,94,231,366,777,779
2016-07-13 20:28:50,848,112,94,232,366,778,779
2016-07-13 20:28:51,853,113,94,233,367,778,779
2016-07-13 20:28:52,859,114,94,233,367,778,779
2016-07-13 20:28:53,865,115,94,234,368,778,779
2016-07-13 20:28:54,868,116,94,234,368,777,779
2016-07-13 20:28:55,872,117,94,235,369,777,779
2016-07-13 20:28:56,872,118,94,236,369,778,779
2016-07-13 20:28:57,877,119,94,236,369,778,779
2016-07-13 20:28:58,878,120,94,237,370,778,779
2016-07-13 20:28:59,879,121,94,238,370,777,779
2016-07-13 20:29:00,881,122,93,238,371,777,779
2016-07-13 20:29:01,886,123,94,239,371,778,779
2016-07-13 20:29:02,887,124,94,240,371,778,779
2016-07-13 20:29:03,889,125,94,240,371,778,779
2016-07-13 20:29:04,892,126,94,241,372,778,779
2016-07-13 20:29:05,895,127,94,242,372,777,779
2016-07-13 20:29:06,901,128,93,242,372,777,779
2016-07-13 20:29:07,906,129,93,243,373,777,779
2016-07-13 20:29:08,909,130,94,244,373,777,779
2016-07-13 20:29:09,910,131,94,245,373,777,779
2016-07-13 20:29:10,915,132,94,245,374,778,779
2016-07-13 20:29:11,917,133,94,246,374,778,779
2016-07-13 20:29:12,918,134,94,247,374,778,779
2016-07-13 20:29:13,923,135,94,248,375,777,779
2016-07-13 20:29:14,925,136,94,248,375,778,779
2016-07-13 20:29:15,928,137,94,249,375,777,779
2016-07-13 20:29:16,931,138,94,250,376,777,779
2016-07-13 20:29:17,932,139,94,250,376,778,779
2016-07-13 20:29:18,933,140,94,251,377,778,779
2016-07-13 20:29:19,937,141,94,252,377,777,779
2016-07-13 20:29:20,938,142,94,253,377,778,779
2016-07-13 20:29:21,942,143,94,253,377,778,779
2016-07-13 20:29:22,946,144,94,254,378,778,779
2016-07-13 20:29:23,947,145,94,255,378,778,779
2016-07-13 20:29:24,947,146,94,255,378,777,779
2016-07-13 20:29:25,952,147,94,256,379,777,779
2016-07-13 20:29:26,952,148,94,257,379,777,779
2016-07-13 20:29:27,956,149,94,258,379,777,779
2016-07-13 20:29:28,959,150,94,258,380,778,779
2016-07-13 20:29:29,959,151,94,259,380,778,779
2016-07-13 20:29:30,960,152,94,260,380,778,779
2016-07-13 20:29:31,965,153,93,260,380,777,779
2016-07-13 20:29:32,968,154,94,261,381,778,779
2016-07-13 20:29:33,972,155,94,262,381,777,779
2016-07-13 20:29:34,973,156,94,263,381,777,779
2016-07-13 20:29:35,975,157,94,263,382,778,779
2016-07-13 20:29:36,980,158,94,264,382,778,779
2016-07-13 20:29:37,983,159,94,265,382,778,779
2016-07-13 20:29:38,989,160,94,266,382,778,779
2016-07-13 20:29:39,989,161,93,266,382,777,779
2016-07-13 20:29:40,991,162,94,267,383,778,779
2016-07-13 20:29:41,996,163,94,268,383,778,779
2016-07-13 20:29:42,997,164,93,269,383,777,779
2016-07-13 20:29:43,999,165,94,269,384,777,779
2016-07-13 20:29:45,004,166,94,270,384,778,779
2016-07-13 20:29:46,010,167,94,271,384,777,779
2016-07-13 20:29:47,013,168,94,272,385,778,779
2016-07-13 20:29:48,014,169,94,272,385,777,779
2016-07-13 20:29:49,016,170,94,273,385,777,779
2016-07-13 20:29:50,019,171,93,274,385,777,779
2016-07-13 20:29:51,024,172,94,274,386,778,779
2016-07-13 20:29:52,030,173,94,275,386,777,779
2016-07-13 20:29:53,032,174,94,276,386,778,779
2016-07-13 20:29:54,037,175,93,276,387,777,779
2016-07-13 20:29:55,038,176,94,277,387,778,779
2016-07-13 20:29:56,038,177,94,278,387,777,779
2016-07-13 20:29:57,044,178,94,279,387,777,779
2016-07-13 20:29:58,047,179,93,279,388,777,779
2016-07-13 20:29:59,052,180,93,280,388,777,779
2016-07-13 20:30:00,052,181,93,281,388,777,779
2016-07-13 20:30:01,054,182,94,282,389,777,779
2016-07-13 20:30:02,059,183,94,282,389,778,779
2016-07-13 20:30:03,064,184,94,283,389,778,779
2016-07-13 20:30:04,069,185,93,284,389,777,779
2016-07-13 20:30:05,069,186,94,284,390,778,779
2016-07-13 20:30:06,075,187,94,285,390,778,779
2016-07-13 20:30:07,076,188,94,286,390,778,779
2016-07-13 20:30:08,082,189,93,286,391,777,779
2016-07-13 20:30:09,084,190,94,287,391,778,779
2016-07-13 20:30:10,088,191,94,288,391,778,779
2016-07-13 20:30:11,092,192,94,289,392,778,779
2016-07-13 20:30:12,095,193,94,289,392,778,779
2016-07-13 20:30:13,100,194,94,290,392,777,779
2016-07-13 20:30:14,104,195,94,291,392,778,779
2016-07-13 20:30:15,109,196,94,292,393,778,779
2016-07-13 20:30:16,110,197,93,292,393,777,779
2016-07-13 20:30:17,112,198,94,293,393,778,779
2016-07-13 20:30:18,115,199,94,294,394,777,779
2016-07-13 20:30:19,121,200,93,294,394,777,779
2016-07-13 20:30:20,124,201,94,295,394,778,779
2016-07-13 20:30:21,127,202,93,296,394,777,779
2016-07-13 20:30:22,132,203,94,297,395,777,779
2016-07-13 20:30:23,135,204,94,297,395,777,779
2016-07-13 20:30:24,140,205,94,298,395,778,779
2016-07-13 20:30:25,146,206,94,299,395,777,779
2016-07-13 20:30:26,150,207,94,300,396,778,779
2016-07-13 20:30:27,151,208,94,300,396,778,779
2016-07-13 20:30:28,153,209,94,301,396,778,779
2016-07-13 20:30:29,156,210,94,302,396,778,779
2016-07-13 20:30:30,162,211,94,302,396,778,779
2016-07-13 20:30:31,166,212,94,303,397,777,779
2016-07-13 20:30:32,168,213,94,304,397,778,779
2016-07-13 20:30:33,173,214,94,304,397,778,779
2016-07-13 20:30:34,175,215,94,305,398,778,779
2016-07-13 20:30:35,178,216,94,306,398,778,779
2016-07-13 20:30:36,180,217,93,306,398,777,779
2016-07-13 20:30:37,182,218,93,307,398,777,779
2016-07-13 20:30:38,187,219,94,308,398,778,779
2016-07-13 20:30:39,188,220,94,308,398,778,779
2016-07-13 20:30:40,190,221,94,309,399,778,779
2016-07-13 20:30:41,195,222,94,310,399,777,779
2016-07-13 20:30:42,202,223,94,311,399,778,779
2016-07-13 20:30:43,207,224,94,311,399,778,779
2016-07-13 20:30:44,212,225,94,312,399,778,779
2016-07-13 20:30:45,213,226,94,313,400,778,779
2016-07-13 20:30:46,219,227,94,313,400,778,779
2016-07-13 20:30:47,221,228,93,314,400,778,779
2016-07-13 20:30:48,222,229,93,315,400,778,779
2016-07-13 20:30:49,226,230,94,315,401,778,779
2016-07-13 20:30:50,229,231,94,316,401,778,779
2016-07-13 20:30:51,230,232,94,317,401,778,779
2016-07-13 20:30:52,236,233,94,317,401,778,779
2016-07-13 20:30:53,237,234,93,318,402,778,779
2016-07-13 20:30:54,238,235,94,319,402,778,779
2016-07-13 20:30:55,244,236,94,319,402,778,779
2016-07-13 20:30:56,245,237,94,320,402,778,779
2016-07-13 20:30:57,245,238,94,320,403,778,779
2016-07-13 20:30:58,251,239,93,321,403,778,779
2016-07-13 20:30:59,251,240,94,322,403,778,779
2016-07-13 20:31:00,252,241,94,322,403,778,779
2016-07-13 20:31:01,257,242,94,323,404,778,779
2016-07-13 20:31:02,258,243,94,324,404,778,779
2016-07-13 20:31:03,259,244,94,324,404,778,779
2016-07-13 20:31:04,264,245,94,325,404,778,779
2016-07-13 20:31:05,268,246,94,326,405,778,779
2016-07-13 20:31:06,273,247,93,326,405,778,779
2016-07-13 20:31:07,276,248,94,327,405,778,779
2016-07-13 20:31:08,281,249,94,328,405,778,779
2016-07-13 20:31:09,287,250,94,328,406,778,779
2016-07-13 20:31:10,290,251,94,329,406,778,779
2016-07-13 20:31:11,294,252,93,329,406,777,779
2016-07-13 20:31:12,298,253,94,330,406,778,779
2016-07-13 20:31:13,299,254,94,331,407,778,779
2016-07-13 20:31:14,303,255,94,331,407,778,779
2016-07-13 20:31:15,305,256,93,332,407,778,779
2016-07-13 20:31:16,309,257,93,333,408,778,779
2016-07-13 20:31:17,314,258,94,333,408,778,779
2016-07-13 20:31:18,319,259,94,334,408,778,779
2016-07-13 20:31:19,325,260,94,334,408,778,779
2016-07-13 20:31:20,330,261,94,335,409,778,779
2016-07-13 20:31:21,331,262,93,336,409,778,779
2016-07-13 20:31:22,333,263,93,336,409,778,779
2016-07-13 20:31:23,338,264,94,337,409,778,779
2016-07-13 20:31:24,345,265,94,338,409,778,779
2016-07-13 20:31:25,348,266,94,338,410,778,779
2016-07-13 20:31:26,353,267,93,339,410,778,779
2016-07-13 20:31:27,356,268,93,339,410,777,779
2016-07-13 20:31:28,362,269,94,340,410,778,779
2016-07-13 20:31:29,366,270,93,340,411,778,779
2016-07-13 20:31:30,371,271,93,341,411,777,779
2016-07-13 20:31:31,373,272,94,342,411,778,779
2016-07-13 20:31:32,373,273,94,342,411,778,779
2016-07-13 20:31:33,379,274,94,343,412,778,779
2016-07-13 20:31:34,380,275,93,343,412,778,779
2016-07-13 20:31:35,386,276,94,344,412,778,779
2016-07-13 20:31:36,388,277,93,345,412,777,779
2016-07-13 20:31:37,393,278,94,345,413,778,779
2016-07-13 20:31:38,397,279,94,346,413,778,779
2016-07-13 20:31:39,400,280,94,346,413,778,779
2016-07-13 20:31:40,405,281,94,347,413,778,779
2016-07-13 20:31:41,406,282,93,348,413,778,779
2016-07-13 20:31:42,407,283,94,348,414,778,779
2016-07-13 20:31:43,412,284,93,349,414,778,779
2016-07-13 20:31:44,416,285,94,350,414,778,779
2016-07-13 20:31:45,421,286,94,350,414,778,779
2016-07-13 20:31:46,427,287,93,351,415,778,779
2016-07-13 20:31:47,431,288,94,351,415,778,779
2016-07-13 20:31:48,433,289,93,352,415,778,779
2016-07-13 20:31:49,437,290,94,352,415,778,779
2016-07-13 20:31:50,438,291,94,353,415,778,779
2016-07-13 20:31:51,440,292,94,354,415,778,779
2016-07-13 20:31:52,444,293,93,354,415,778,779
2016-07-13 20:31:53,451,295,94,355,415,778,779
2016-07-13 20:31:54,453,296,93,355,416,778,779
2016-07-13 20:31:55,459,297,94,356,416,778,779
2016-07-13 20:31:56,464,298,93,356,416,778,779
2016-07-13 20:31:57,466,299,94,357,417,778,779
2016-07-13 20:31:58,470,300,93,358,417,778,779
2016-07-13 20:31:59,477,301,94,358,418,778,779
2016-07-13 20:32:00,479,302,93,359,418,778,779
2016-07-13 20:32:01,484,303,94,359,418,778,779
2016-07-13 20:32:02,487,304,93,360,418,778,779
2016-07-13 20:32:03,490,305,94,360,419,778,779
2016-07-13 20:32:04,496,306,94,361,419,778,779
2016-07-13 20:32:05,502,307,93,361,419,777,779
2016-07-13 20:32:06,505,308,93,362,419,778,779
2016-07-13 20:32:07,511,309,93,363,420,778,779
2016-07-13 20:32:08,515,310,93,363,420,778,779
2016-07-13 20:32:09,519,311,94,364,420,778,779
2016-07-13 20:32:10,522,312,93,364,420,778,779
2016-07-13 20:32:11,527,313,93,365,420,778,779
2016-07-13 20:32:12,530,314,93,365,420,778,779
2016-07-13 20:32:13,532,315,94,366,421,778,779
2016-07-13 20:32:14,539,316,93,367,421,778,779
2016-07-13 20:32:15,539,317,93,367,421,778,779
2016-07-13 20:32:16,540,318,93,368,421,778,779
2016-07-13 20:32:17,545,319,94,368,421,778,779
2016-07-13 20:32:18,551,320,93,369,421,778,779
2016-07-13 20:32:19,554,321,93,369,422,778,779
2016-07-13 20:32:20,558,322,93,370,422,778,779
2016-07-13 20:32:21,562,323,93,370,422,778,779
2016-07-13 20:32:22,565,324,93,371,422,778,779
2016-07-13 20:32:23,569,325,93,371,422,778,779
2016-07-13 20:32:24,570,326,93,372,423,778,779
2016-07-13 20:32:25,574,327,93,373,423,778,779
2016-07-13 20:32:26,578,328,93,373,423,778,779
2016-07-13 20:32:27,581,329,93,374,424,778,779
2016-07-13 20:32:28,586,330,93,374,424,778,779
2016-07-13 20:32:29,587,331,93,375,424,778,779
2016-07-13 20:32:30,589,332,93,375,424,778,779
2016-07-13 20:32:31,593,333,93,376,424,778,779
2016-07-13 20:32:32,597,334,93,376,424,778,779
2016-07-13 20:32:33,601,335,93,377,425,778,779
2016-07-13 20:32:34,602,336,93,378,425,778,779
2016-07-13 20:32:35,602,337,93,378,425,778,779
2016-07-13 20:32:36,607,338,93,379,425,778,779
2016-07-13 20:32:37,608,339,93,379,425,777,779
2016-07-13 20:32:38,613,340,93,380,426,778,779
2016-07-13 20:32:39,616,341,93,380,426,778,779
2016-07-13 20:32:40,618,342,94,381,426,778,779
2016-07-13 20:32:41,624,343,93,381,426,778,779
2016-07-13 20:32:42,627,344,93,382,427,778,779
2016-07-13 20:32:43,632,345,94,382,427,778,779
2016-07-13 20:32:44,638,346,93,383,427,778,779
2016-07-13 20:32:45,641,347,93,383,428,778,779
2016-07-13 20:32:46,642,348,93,384,428,778,779
2016-07-13 20:32:47,646,349,93,384,428,778,779
2016-07-13 20:32:48,649,350,93,385,428,778,779
2016-07-13 20:32:49,649,351,93,386,428,778,779
2016-07-13 20:32:50,655,352,93,386,429,778,779
2016-07-13 20:32:51,657,353,93,386,429,777,779
2016-07-13 20:32:52,660,354,93,387,429,778,779
2016-07-13 20:32:53,663,355,93,388,429,778,779
2016-07-13 20:32:54,665,356,93,388,429,778,779
2016-07-13 20:32:55,670,357,93,389,429,778,779
2016-07-13 20:32:56,676,358,93,389,429,778,779
2016-07-13 20:32:57,680,359,93,390,430,778,779
2016-07-13 20:32:58,685,360,93,390,430,778,779
2016-07-13 20:32:59,689,361,93,391,430,778,779
2016-07-13 20:33:00,693,362,93,391,430,778,779
2016-07-13 20:33:01,698,363,93,392,430,778,779
2016-07-13 20:33:02,703,364,93,392,431,778,779
2016-07-13 20:33:03,707,365,93,393,431,778,779
2016-07-13 20:33:04,710,366,93,393,431,778,779
2016-07-13 20:33:05,714,367,93,394,431,778,779
2016-07-13 20:33:06,716,368,93,394,431,778,779
2016-07-13 20:33:07,721,369,93,395,431,778,779
2016-07-13 20:33:08,725,370,93,395,432,778,779
2016-07-13 20:33:09,730,371,93,396,432,778,779
2016-07-13 20:33:10,735,372,93,397,432,778,779
2016-07-13 20:33:11,739,373,93,397,432,778,779
2016-07-13 20:33:12,744,374,93,398,432,778,779
2016-07-13 20:33:13,748,375,93,398,433,778,779
2016-07-13 20:33:14,748,376,93,398,433,778,779
2016-07-13 20:33:15,751,377,93,399,433,778,779
2016-07-13 20:33:16,755,378,94,400,434,778,779
2016-07-13 20:33:17,757,379,93,400,434,778,779
2016-07-13 20:33:18,762,380,93,401,434,778,779
2016-07-13 20:33:19,764,381,93,401,434,777,779
2016-07-13 20:33:20,766,382,93,402,434,778,779
2016-07-13 20:33:21,770,383,93,402,435,778,779
2016-07-13 20:33:22,774,384,93,403,435,778,779
2016-07-13 20:33:23,779,385,93,403,435,778,779
2016-07-13 20:33:24,784,386,93,404,436,778,779
2016-07-13 20:33:25,787,387,93,404,436,778,779
2016-07-13 20:33:26,793,388,93,405,436,778,779
2016-07-13 20:33:27,796,389,93,405,436,778,779
2016-07-13 20:33:28,800,390,93,406,436,778,779
2016-07-13 20:33:29,804,391,93,406,437,778,779
2016-07-13 20:33:30,808,392,93,407,437,778,779
2016-07-13 20:33:31,813,393,93,407,437,778,779
2016-07-13 20:33:32,815,394,93,408,438,778,779
2016-07-13 20:33:33,820,395,93,408,438,778,779
2016-07-13 20:33:34,824,396,93,408,438,778,779
2016-07-13 20:33:35,830,397,93,409,438,778,779
2016-07-13 20:33:36,832,398,93,410,439,778,779
2016-07-13 20:33:37,837,399,93,410,439,778,779
2016-07-13 20:33:38,838,400,93,411,439,778,779
2016-07-13 20:33:39,839,401,93,411,439,778,779
2016-07-13 20:33:40,844,402,93,411,440,778,779
2016-07-13 20:33:41,850,403,93,412,440,778,779
2016-07-13 20:33:42,854,404,93,413,440,778,779
2016-07-13 20:33:43,859,405,93,413,440,778,779
2016-07-13 20:33:44,862,406,93,414,441,778,779
2016-07-13 20:33:45,864,407,93,414,441,778,779
2016-07-13 20:33:46,865,408,93,414,441,778,779
2016-07-13 20:33:47,869,409,93,415,441,778,779
2016-07-13 20:33:48,873,410,93,415,441,778,779
2016-07-13 20:33:49,877,411,93,416,441,778,779
2016-07-13 20:33:50,883,412,93,416,442,778,779
2016-07-13 20:33:51,886,413,93,417,442,778,779
2016-07-13 20:33:52,891,414,93,417,442,778,779
2016-07-13 20:33:53,895,415,93,418,442,778,779
2016-07-13 20:33:54,896,416,93,418,443,778,779
2016-07-13 20:33:55,902,417,93,419,443,778,779
2016-07-13 20:33:56,908,418,93,419,443,778,779
2016-07-13 20:33:57,912,419,93,420,443,778,779
2016-07-13 20:33:58,916,420,93,420,443,778,779
2016-07-13 20:33:59,920,421,93,421,443,778,779
2016-07-13 20:34:00,923,422,93,421,442,778,779
2016-07-13 20:34:01,928,423,93,422,443,778,779
2016-07-13 20:34:02,930,424,93,422,443,778,779
2016-07-13 20:34:03,931,425,93,423,443,778,779
2016-07-13 20:34:04,935,426,93,423,444,778,779
2016-07-13 20:34:05,935,427,93,424,444,778,779
2016-07-13 20:34:06,936,428,93,424,444,778,779
2016-07-13 20:34:07,941,429,93,425,445,778,779
2016-07-13 20:34:08,941,430,93,425,445,778,779
2016-07-13 20:34:09,942,431,93,426,445,778,779
2016-07-13 20:34:10,942,432,93,426,446,778,779
2016-07-13 20:34:11,947,433,93,426,446,778,779
2016-07-13 20:34:12,948,434,93,427,446,778,779
2016-07-13 20:34:13,953,435,93,428,446,778,779
2016-07-13 20:34:14,954,436,93,428,446,778,779
2016-07-13 20:34:15,955,437,93,428,446,778,779
2016-07-13 20:34:16,959,438,93,429,447,778,779
2016-07-13 20:34:17,963,439,93,429,447,778,779
2016-07-13 20:34:18,963,440,93,430,447,778,779
2016-07-13 20:34:19,969,441,93,430,447,778,779
2016-07-13 20:34:20,975,442,93,431,448,778,779
2016-07-13 20:34:21,979,443,93,431,448,778,779
2016-07-13 20:34:22,983,444,93,432,448,778,779
2016-07-13 20:34:23,987,445,93,432,448,778,779
2016-07-13 20:34:24,991,446,93,433,448,778,779
2016-07-13 20:34:25,997,447,93,433,449,778,779
2016-07-13 20:34:26,998,448,93,434,449,778,779
2016-07-13 20:34:28,003,449,93,434,449,778,779
2016-07-13 20:34:29,003,450,93,435,449,778,779
2016-07-13 20:34:30,006,451,93,435,449,778,779
2016-07-13 20:34:31,012,452,93,435,449,778,779
2016-07-13 20:34:32,013,453,93,436,449,778,779
2016-07-13 20:34:33,018,454,93,437,450,778,779
2016-07-13 20:34:34,024,455,93,437,450,778,779
2016-07-13 20:34:35,028,456,93,437,450,778,779
2016-07-13 20:34:36,030,457,93,438,450,778,779
2016-07-13 20:34:37,035,458,93,439,451,778,779
2016-07-13 20:34:38,042,459,93,439,451,778,779
2016-07-13 20:34:39,046,460,93,439,451,778,779
2016-07-13 20:34:40,050,461,93,440,451,778,779
2016-07-13 20:34:41,053,462,93,440,451,778,779
2016-07-13 20:34:42,059,463,93,441,451,778,779
2016-07-13 20:34:43,063,464,93,441,452,778,779
2016-07-13 20:34:44,066,465,93,442,452,778,779
2016-07-13 20:34:45,070,466,93,442,452,778,779
2016-07-13 20:34:46,074,467,93,443,452,778,779
2016-07-13 20:34:47,080,468,93,443,452,778,779
2016-07-13 20:34:48,081,469,93,444,452,778,779
2016-07-13 20:34:49,086,470,93,444,452,778,779
2016-07-13 20:34:50,093,471,93,444,452,778,779
2016-07-13 20:34:51,096,472,93,445,452,778,779
2016-07-13 20:34:52,097,473,93,445,452,778,779
2016-07-13 20:34:53,103,474,93,446,452,778,779
2016-07-13 20:34:54,104,475,93,446,452,778,779
2016-07-13 20:34:55,105,476,93,447,452,778,779
2016-07-13 20:34:56,110,477,93,447,452,778,779
2016-07-13 20:34:57,114,478,93,447,452,778,779
2016-07-13 20:34:58,119,479,93,448,452,778,779
2016-07-13 20:34:59,125,480,93,449,453,778,779
2016-07-13 20:35:00,129,481,93,449,453,778,779
2016-07-13 20:35:01,132,482,93,449,453,778,779
2016-07-13 20:35:02,138,483,93,450,453,778,779
2016-07-13 20:35:03,140,484,93,450,454,778,779
2016-07-13 20:35:04,146,485,93,450,454,778,779
2016-07-13 20:35:05,148,486,93,451,454,778,779
2016-07-13 20:35:06,153,487,93,451,455,778,779
2016-07-13 20:35:07,154,488,93,452,455,778,779
2016-07-13 20:35:08,159,489,93,452,455,778,779
2016-07-13 20:35:09,161,490,93,453,456,778,779
2016-07-13 20:35:10,163,491,93,453,456,778,779
2016-07-13 20:35:11,169,492,93,454,456,778,779
2016-07-13 20:35:12,173,493,93,454,456,778,779
2016-07-13 20:35:13,178,494,93,455,457,778,779
2016-07-13 20:35:14,183,495,93,455,457,778,779
2016-07-13 20:35:15,188,496,93,456,457,778,779
2016-07-13 20:35:16,188,497,93,456,457,778,779
2016-07-13 20:35:17,194,498,93,457,458,778,779
2016-07-13 20:35:18,197,499,93,457,458,778,779
2016-07-13 20:35:19,202,500,93,458,458,778,779
2016-07-13 20:35:20,204,501,93,458,458,778,779
2016-07-13 20:35:21,205,502,93,458,459,778,779
2016-07-13 20:35:22,211,503,93,459,459,778,779
2016-07-13 20:35:23,215,504,93,459,459,778,779
2016-07-13 20:35:24,219,505,93,460,459,778,779
2016-07-13 20:35:25,224,506,93,460,460,778,779
2016-07-13 20:35:26,227,507,93,461,460,778,779
2016-07-13 20:35:27,232,508,93,461,460,778,779
2016-07-13 20:35:28,236,509,93,462,461,778,779
2016-07-13 20:35:29,238,510,93,462,461,778,779
2016-07-13 20:35:30,244,511,93,462,461,778,779
2016-07-13 20:35:31,246,512,93,463,461,778,779
2016-07-13 20:35:32,251,513,93,463,462,778,779
2016-07-13 20:35:33,258,514,93,464,462,778,779
2016-07-13 20:35:34,261,515,93,464,462,778,779
2016-07-13 20:35:35,263,516,93,465,462,778,779
2016-07-13 20:35:36,269,517,93,465,462,778,779
2016-07-13 20:35:37,269,518,93,466,463,778,779
2016-07-13 20:35:38,273,519,93,466,463,778,779
2016-07-13 20:35:39,278,520,93,467,463,778,779
2016-07-13 20:35:40,282,521,93,467,463,778,779
2016-07-13 20:35:41,287,522,93,467,463,778,779
2016-07-13 20:35:42,293,523,93,468,463,778,779
2016-07-13 20:35:43,295,524,93,469,463,778,779
2016-07-13 20:35:44,298,525,93,469,464,778,779
2016-07-13 20:35:45,302,526,93,470,464,778,779
2016-07-13 20:35:46,303,527,93,470,464,778,779
2016-07-13 20:35:47,307,528,93,471,465,778,779
2016-07-13 20:35:48,309,529,93,471,465,778,779
2016-07-13 20:35:49,315,530,93,472,465,778,779
2016-07-13 20:35:50,317,531,93,472,465,778,779
2016-07-13 20:35:51,321,532,93,473,465,778,779
2016-07-13 20:35:52,326,533,93,473,465,778,779
2016-07-13 20:35:53,329,534,93,473,466,778,779
2016-07-13 20:35:54,335,535,93,474,466,778,779
2016-07-13 20:35:55,340,536,93,474,466,778,779
2016-07-13 20:35:56,343,537,93,475,466,778,779
2016-07-13 20:35:57,344,538,93,475,466,778,779
2016-07-13 20:35:58,350,539,93,476,467,778,779
2016-07-13 20:35:59,352,540,93,476,467,778,779
2016-07-13 20:36:00,356,541,93,477,467,778,779
2016-07-13 20:36:01,360,542,93,477,467,778,779
2016-07-13 20:36:02,361,543,93,478,468,778,779
2016-07-13 20:36:03,367,544,93,478,468,778,779
2016-07-13 20:36:04,372,545,93,479,468,778,779
2016-07-13 20:36:05,376,546,93,479,468,778,779
2016-07-13 20:36:06,382,547,93,480,469,778,779
2016-07-13 20:36:07,385,548,93,480,469,778,779
2016-07-13 20:36:08,391,549,93,481,469,778,779
2016-07-13 20:36:09,394,550,93,481,469,778,779
2016-07-13 20:36:10,395,551,93,482,470,778,779
2016-07-13 20:36:11,401,552,93,482,470,778,779
2016-07-13 20:36:12,403,553,93,483,470,778,779
2016-07-13 20:36:13,408,554,93,483,470,778,779
2016-07-13 20:36:14,410,555,93,484,471,778,779
2016-07-13 20:36:15,412,556,93,484,471,778,779
2016-07-13 20:36:16,416,557,93,485,471,778,779
2016-07-13 20:36:17,419,558,93,485,471,778,779
2016-07-13 20:36:18,424,559,93,486,472,778,779
2016-07-13 20:36:19,426,560,93,486,472,778,779
2016-07-13 20:36:20,432,561,93,487,472,778,779
2016-07-13 20:36:21,433,562,93,487,472,778,779
2016-07-13 20:36:22,434,563,93,488,473,778,779
2016-07-13 20:36:23,439,564,93,488,473,778,779
2016-07-13 20:36:24,445,565,93,489,473,778,779
2016-07-13 20:36:25,449,567,93,489,473,778,779
2016-07-13 20:36:26,455,568,93,490,473,778,779
2016-07-13 20:36:27,460,569,93,490,474,778,779
2016-07-13 20:36:28,461,570,93,490,474,778,779
2016-07-13 20:36:29,465,571,93,491,474,778,779
2016-07-13 20:36:30,467,572,93,491,475,778,779
2016-07-13 20:36:31,473,573,93,492,475,778,779
2016-07-13 20:36:32,475,574,93,492,475,778,779
2016-07-13 20:36:33,478,575,93,493,475,778,779
2016-07-13 20:36:34,482,576,93,493,475,778,779
2016-07-13 20:36:35,484,577,93,494,476,778,779
2016-07-13 20:36:36,490,578,93,494,476,778,779
2016-07-13 20:36:37,492,579,93,494,476,778,779
2016-07-13 20:36:38,497,580,93,495,477,778,779
2016-07-13 20:36:39,498,581,93,495,477,778,779
2016-07-13 20:36:40,500,582,93,496,477,778,779
2016-07-13 20:36:41,504,583,93,496,478,778,779
2016-07-13 20:36:42,507,584,93,496,478,778,779
2016-07-13 20:36:43,512,585,93,497,478,778,779
2016-07-13 20:36:44,519,586,93,497,478,778,779
2016-07-13 20:36:45,522,587,93,497,479,778,779
2016-07-13 20:36:46,525,588,93,498,479,778,779
2016-07-13 20:36:47,531,589,93,498,479,778,779
2016-07-13 20:36:48,536,590,93,499,480,778,779
2016-07-13 20:36:49,539,591,93,499,480,778,779
2016-07-13 20:36:50,542,592,93,499,481,778,779
2016-07-13 20:36:51,547,593,93,499,481,778,779
2016-07-13 20:36:52,548,594,93,500,481,778,779
2016-07-13 20:36:53,549,595,93,500,481,778,779
2016-07-13 20:36:54,555,596,93,500,482,778,779
2016-07-13 20:36:55,560,597,93,501,482,778,779
2016-07-13 20:36:56,563,598,93,501,482,778,779
2016-07-13 20:36:57,565,599,93,501,483,778,779
2016-07-13 20:36:58,570,600,93,501,483,778,779
2016-07-13 20:36:59,575,601,93,502,483,778,779
2016-07-13 20:37:00,581,602,93,502,484,778,779
2016-07-13 20:37:01,582,603,93,502,484,778,779
2016-07-13 20:37:02,587,604,93,502,484,778,779
2016-07-13 20:37:03,594,605,93,503,485,778,779
2016-07-13 20:37:04,597,606,93,503,485,778,779
2016-07-13 20:37:05,602,607,93,503,485,778,779
2016-07-13 20:37:06,605,608,93,504,485,778,779
2016-07-13 20:37:07,607,609,93,504,485,778,779
2016-07-13 20:37:08,613,610,93,504,486,778,779
2016-07-13 20:37:09,615,611,93,504,486,778,779
2016-07-13 20:37:10,618,612,93,505,486,778,779
2016-07-13 20:37:11,623,613,93,505,486,778,779
2016-07-13 20:37:12,629,614,93,505,486,778,779
2016-07-13 20:37:13,630,615,93,505,486,778,779
2016-07-13 20:37:14,632,616,93,505,487,778,779
2016-07-13 20:37:15,637,617,93,506,487,778,779
2016-07-13 20:37:16,644,618,93,506,487,778,779
2016-07-13 20:37:17,646,619,93,506,487,778,779
2016-07-13 20:37:18,650,620,93,506,487,778,779
2016-07-13 20:37:19,654,621,93,507,488,778,779
2016-07-13 20:37:20,658,622,93,507,488,778,779
2016-07-13 20:37:21,663,623,93,507,488,778,779
2016-07-13 20:37:22,663,624,93,507,488,778,779
2016-07-13 20:37:23,665,625,93,508,488,778,779
2016-07-13 20:37:24,670,626,93,508,488,778,779
2016-07-13 20:37:25,671,627,93,508,488,778,779
2016-07-13 20:37:26,676,628,93,508,488,778,779
2016-07-13 20:37:27,678,629,93,508,488,778,779
2016-07-13 20:37:28,680,630,93,509,488,778,779
2016-07-13 20:37:29,686,631,93,509,488,778,779
2016-07-13 20:37:30,686,632,93,509,489,778,779
2016-07-13 20:37:31,688,633,93,509,489,778,779
2016-07-13 20:37:32,692,634,93,510,489,778,779
2016-07-13 20:37:33,697,635,93,510,489,778,779
2016-07-13 20:37:34,701,636,93,510,489,778,779
2016-07-13 20:37:35,705,637,93,510,489,778,779
2016-07-13 20:37:36,710,638,93,511,489,778,779
2016-07-13 20:37:37,714,639,93,511,489,778,779
2016-07-13 20:37:38,718,640,93,511,489,778,779
2016-07-13 20:37:39,720,641,93,511,489,778,779
2016-07-13 20:37:40,725,642,93,511,489,778,779
2016-07-13 20:37:41,727,643,93,512,489,778,779
2016-07-13 20:37:42,727,644,93,512,489,778,779
2016-07-13 20:37:43,733,645,93,512,488,778,779
2016-07-13 20:37:44,733,646,93,513,488,778,779
2016-07-13 20:37:45,734,647,93,513,488,778,779
2016-07-13 20:37:46,740,648,93,513,488,778,779
2016-07-13 20:37:47,745,649,93,513,487,778,779
2016-07-13 20:37:48,749,650,93,514,487,778,779
2016-07-13 20:37:49,751,651,93,514,487,778,779
2016-07-13 20:37:50,756,652,93,514,487,778,779
2016-07-13 20:37:51,759,653,93,514,487,778,779
2016-07-13 20:37:52,765,654,93,515,487,778,779
2016-07-13 20:37:53,772,655,93,515,486,778,779
2016-07-13 20:37:54,775,656,93,515,486,778,779
2016-07-13 20:37:55,780,657,93,516,486,778,779
2016-07-13 20:37:56,783,658,93,516,486,778,779
2016-07-13 20:37:57,788,659,93,516,486,778,779
2016-07-13 20:37:58,792,660,93,516,486,778,779
2016-07-13 20:37:59,793,661,93,517,486,778,779
2016-07-13 20:38:00,798,662,93,517,486,778,779
2016-07-13 20:38:01,799,663,93,517,486,778,779
2016-07-13 20:38:02,805,664,93,518,485,778,779
2016-07-13 20:38:03,807,665,93,518,485,778,779
2016-07-13 20:38:04,812,666,93,518,484,778,779
2016-07-13 20:38:05,819,667,93,519,483,778,779
2016-07-13 20:38:06,824,668,93,519,483,778,779
2016-07-13 20:38:07,830,669,93,519,482,778,779
2016-07-13 20:38:08,834,670,93,519,481,778,779
2016-07-13 20:38:09,838,671,93,520,481,778,779
2016-07-13 20:38:10,842,672,93,520,480,778,779
2016-07-13 20:38:11,843,673,93,520,479,778,779
2016-07-13 20:38:12,846,674,93,521,479,778,779
2016-07-13 20:38:13,849,675,93,521,478,778,779
2016-07-13 20:38:14,850,676,93,521,478,778,779
2016-07-13 20:38:15,851,677,93,522,478,778,779
2016-07-13 20:38:16,856,678,93,522,477,778,779
2016-07-13 20:38:17,859,679,93,522,477,778,779
2016-07-13 20:38:18,863,680,93,523,476,778,779
2016-07-13 20:38:19,865,681,93,523,475,778,779
2016-07-13 20:38:20,871,682,93,523,475,778,779
2016-07-13 20:38:21,877,683,93,523,474,778,779
2016-07-13 20:38:22,881,684,93,524,473,778,779
2016-07-13 20:38:23,882,685,93,524,473,778,779
2016-07-13 20:38:24,886,686,93,524,472,778,779
2016-07-13 20:38:25,890,687,93,524,472,778,779
2016-07-13 20:38:26,892,688,93,524,471,778,779
2016-07-13 20:38:27,897,689,93,524,470,778,779
2016-07-13 20:38:28,902,690,93,523,470,778,779
2016-07-13 20:38:29,905,691,93,523,469,778,779
2016-07-13 20:38:30,906,692,93,523,468,778,779
2016-07-13 20:38:31,908,693,93,523,467,778,779
2016-07-13 20:38:32,912,694,93,523,466,778,779
2016-07-13 20:38:33,912,695,93,522,465,778,779
2016-07-13 20:38:34,916,696,93,521,465,778,779
2016-07-13 20:38:35,919,697,93,521,464,778,779
2016-07-13 20:38:36,923,698,93,521,464,778,779
2016-07-13 20:38:37,927,699,93,521,463,778,779
2016-07-13 20:38:38,930,700,93,521,463,778,779
2016-07-13 20:38:39,935,701,93,523,462,778,779
2016-07-13 20:38:40,935,702,93,524,462,778,779
2016-07-13 20:38:41,936,703,93,525,461,778,779
2016-07-13 20:38:42,936,704,93,526,460,778,779
2016-07-13 20:38:43,941,705,93,527,460,778,779
2016-07-13 20:38:44,944,706,93,529,459,778,779
2016-07-13 20:38:45,949,707,93,530,459,778,779
2016-07-13 20:38:46,949,708,93,531,458,778,779
2016-07-13 20:38:47,949,709,93,532,458,778,779
2016-07-13 20:38:48,955,710,93,532,457,778,779
2016-07-13 20:38:49,958,711,93,533,456,778,779
2016-07-13 20:38:50,960,712,93,534,456,778,779
2016-07-13 20:38:51,964,713,93,535,455,778,779
2016-07-13 20:38:52,970,714,93,536,456,778,779
2016-07-13 20:38:53,973,715,93,537,456,778,779
2016-07-13 20:38:54,975,716,93,537,456,778,779
2016-07-13 20:38:55,979,717,93,537,455,778,779
2016-07-13 20:38:56,980,718,93,538,455,778,779
2016-07-13 20:38:57,980,719,93,538,455,778,779
2016-07-13 20:38:58,983,720,93,538,455,778,779
2016-07-13 20:38:59,988,721,93,538,455,778,779
2016-07-13 20:39:00,993,722,93,539,455,778,779
2016-07-13 20:39:01,995,723,93,539,454,778,779
2016-07-13 20:39:02,996,724,93,539,454,778,779
2016-07-13 20:39:03,996,725,93,539,454,778,779
2016-07-13 20:39:05,002,726,93,540,454,778,779
2016-07-13 20:39:06,002,727,93,540,453,778,779
2016-07-13 20:39:07,007,728,93,540,453,778,779
2016-07-13 20:39:08,009,729,93,540,453,778,779
2016-07-13 20:39:09,011,730,93,540,453,778,779
2016-07-13 20:39:10,017,731,93,540,452,778,779
2016-07-13 20:39:11,022,732,93,540,452,778,779
2016-07-13 20:39:12,026,733,93,540,452,778,779
2016-07-13 20:39:13,028,734,93,540,452,778,779
2016-07-13 20:39:14,033,735,93,540,452,778,779
2016-07-13 20:39:15,039,736,93,540,451,778,779
2016-07-13 20:39:16,044,737,93,541,451,778,779
2016-07-13 20:39:17,045,738,93,541,451,778,779
2016-07-13 20:39:18,051,739,93,541,450,778,779
2016-07-13 20:39:19,051,740,93,541,450,778,779
2016-07-13 20:39:20,054,741,93,541,450,778,779
2016-07-13 20:39:21,058,742,93,541,450,778,779
2016-07-13 20:39:22,062,743,93,541,450,778,779
2016-07-13 20:39:23,067,744,93,541,449,778,779
2016-07-13 20:39:24,073,745,93,541,449,778,779
2016-07-13 20:39:25,078,746,93,541,449,778,779
2016-07-13 20:39:26,081,747,93,541,449,778,779
2016-07-13 20:39:27,084,748,93,541,448,778,779
2016-07-13 20:39:28,089,749,93,541,448,778,779
2016-07-13 20:39:29,093,750,93,540,448,778,779
2016-07-13 20:39:30,097,751,93,540,448,778,779
2016-07-13 20:39:31,101,752,93,540,448,778,779
2016-07-13 20:39:32,107,753,93,540,447,778,779
2016-07-13 20:39:33,111,754,93,540,447,778,779
2016-07-13 20:39:34,116,755,93,540,447,778,779
2016-07-13 20:39:35,120,756,93,540,447,778,779
2016-07-13 20:39:36,125,757,93,540,446,778,779
2016-07-13 20:39:37,128,758,93,539,446,778,779
2016-07-13 20:39:38,133,759,93,539,446,778,779
2016-07-13 20:39:39,138,760,93,539,446,778,779
2016-07-13 20:39:40,142,761,93,539,445,778,779
2016-07-13 20:39:41,146,762,93,539,445,778,779
2016-07-13 20:39:42,152,763,93,539,445,778,779
2016-07-13 20:39:43,157,764,93,539,445,778,779
2016-07-13 20:39:44,162,765,93,539,445,778,779
2016-07-13 20:39:45,165,766,93,538,444,778,779
2016-07-13 20:39:46,170,767,93,538,444,778,779
2016-07-13 20:39:47,175,768,93,538,444,778,779
2016-07-13 20:39:48,178,769,93,538,444,778,779
2016-07-13 20:39:49,182,770,93,538,444,778,779
2016-07-13 20:39:50,187,771,93,537,443,778,779
2016-07-13 20:39:51,192,772,93,537,443,778,779
2016-07-13 20:39:52,195,773,93,537,443,778,779
2016-07-13 20:39:53,201,774,93,537,443,778,779
2016-07-13 20:39:54,205,775,93,536,442,778,779
2016-07-13 20:39:55,210,776,93,536,442,778,779
2016-07-13 20:39:56,214,777,93,536,442,778,779
2016-07-13 20:39:57,219,778,93,536,442,778,779
2016-07-13 20:39:58,222,779,93,535,441,778,779
2016-07-13 20:39:59,226,780,93,535,441,778,779
2016-07-13 20:40:00,230,781,93,535,441,778,779
2016-07-13 20:40:01,234,782,93,535,441,778,779
2016-07-13 20:40:02,240,783,93,535,440,778,779
2016-07-13 20:40:03,244,784,93,534,440,778,779
2016-07-13 20:40:04,249,785,93,534,440,778,779
2016-07-13 20:40:05,254,786,93,534,440,778,779
2016-07-13 20:40:06,259,787,93,533,440,778,779
2016-07-13 20:40:07,264,788,93,533,440,778,779
2016-07-13 20:40:08,264,789,93,533,439,778,779
2016-07-13 20:40:09,266,790,93,533,439,778,779
2016-07-13 20:40:10,271,791,93,532,439,778,779
2016-07-13 20:40:11,277,792,93,532,439,778,779
2016-07-13 20:40:12,281,793,93,532,439,778,779
2016-07-13 20:40:13,284,794,93,532,438,778,779
2016-07-13 20:40:14,289,795,93,532,438,778,779
2016-07-13 20:40:15,291,796,93,531,438,778,779
2016-07-13 20:40:16,297,797,93,531,438,778,779
2016-07-13 20:40:17,298,798,93,531,438,778,779
2016-07-13 20:40:18,303,799,93,531,438,778,779
2016-07-13 20:40:19,305,800,93,530,438,778,779
2016-07-13 20:40:20,309,801,93,530,437,778,779
2016-07-13 20:40:21,313,802,93,530,437,778,779
2016-07-13 20:40:22,319,803,93,530,437,778,779
2016-07-13 20:40:23,322,804,93,529,437,778,779
2016-07-13 20:40:24,327,805,93,529,437,778,779
2016-07-13 20:40:25,329,806,93,529,436,778,779
2016-07-13 20:40:26,333,807,93,529,436,778,779
2016-07-13 20:40:27,339,808,93,529,436,778,779
2016-07-13 20:40:28,340,809,93,528,436,778,779
2016-07-13 20:40:29,345,810,93,528,436,778,779
2016-07-13 20:40:30,351,811,93,528,436,778,779
2016-07-13 20:40:31,356,812,93,528,435,778,779
2016-07-13 20:40:32,360,813,93,527,435,778,779
2016-07-13 20:40:33,364,814,94,527,435,778,779
2016-07-13 20:40:34,365,815,93,527,435,778,779
2016-07-13 20:40:35,367,816,93,527,435,778,779
2016-07-13 20:40:36,371,817,94,527,434,778,779
2016-07-13 20:40:37,377,818,94,526,434,778,779
2016-07-13 20:40:38,379,819,93,526,434,778,779
2016-07-13 20:40:39,380,820,94,526,434,778,779
2016-07-13 20:40:40,386,821,94,525,434,778,779
2016-07-13 20:40:41,392,822,93,525,434,778,779
2016-07-13 20:40:42,396,823,93,525,434,777,779
2016-07-13 20:40:43,398,824,94,525,434,778,779
2016-07-13 20:40:44,404,825,93,524,433,778,779
2016-07-13 20:40:45,408,826,94,524,433,778,779
2016-07-13 20:40:46,413,827,94,524,433,778,779
2016-07-13 20:40:47,417,828,94,524,433,778,779
2016-07-13 20:40:48,422,829,93,524,433,778,779
2016-07-13 20:40:49,426,830,94,523,433,778,779
2016-07-13 20:40:50,430,831,94,523,432,778,779
2016-07-13 20:40:51,431,832,94,523,432,778,779
2016-07-13 20:40:52,432,833,94,522,432,778,779
2016-07-13 20:40:53,437,834,94,522,432,778,779
2016-07-13 20:40:54,443,835,94,522,432,778,779
2016-07-13 20:40:55,446,837,94,522,432,778,779
2016-07-13 20:40:56,451,838,94,522,431,777,779
