2016-07-19 21:58:21,870,coffee,datetime,ms,seconds,ambient_temp,thermocouple_0_temp,thermocouple_1_temp,thermocouple_2_temp,thermocouple_3_temp
2016-07-19 21:58:23,919,2,89,506,455,780,781
2016-07-19 21:58:24,921,3,89,499,449,780,781
2016-07-19 21:58:25,923,4,89,489,443,780,781
2016-07-19 21:58:26,928,5,89,478,437,780,781
2016-07-19 21:58:27,929,6,89,466,430,780,781
2016-07-19 21:58:28,934,7,89,455,424,780,781
2016-07-19 21:58:29,936,8,89,444,419,779,781
2016-07-19 21:58:30,940,9,89,434,414,780,781
2016-07-19 21:58:31,945,10,89,424,411,779,781
2016-07-19 21:58:32,949,11,89,414,409,780,781
2016-07-19 21:58:33,953,12,89,406,407,780,781
2016-07-19 21:58:34,955,13,89,397,405,780,781
2016-07-19 21:58:35,959,14,89,389,403,780,781
2016-07-19 21:58:36,964,15,89,381,401,780,781
2016-07-19 21:58:37,970,16,89,373,400,780,781
2016-07-19 21:58:38,974,17,89,366,398,780,781
2016-07-19 21:58:39,979,18,89,359,397,780,781
2016-07-19 21:58:40,985,19,89,352,395,780,781
2016-07-19 21:58:41,987,20,89,346,394,780,781
2016-07-19 21:58:42,992,21,89,339,392,780,781
2016-07-19 21:58:43,998,22,89,334,391,780,781
2016-07-19 21:58:45,002,23,89,329,390,780,781
2016-07-19 21:58:46,005,24,89,323,389,780,781
2016-07-19 21:58:47,011,25,89,318,388,780,781
2016-07-19 21:58:48,011,26,89,313,387,780,781
2016-07-19 21:58:49,015,27,89,308,385,780,781
2016-07-19 21:58:50,020,28,89,303,384,780,781
2016-07-19 21:58:51,024,29,89,299,384,780,781
2016-07-19 21:58:52,029,30,89,295,383,780,781
2016-07-19 21:58:53,034,31,89,291,382,780,781
2016-07-19 21:58:54,037,32,89,287,381,779,781
2016-07-19 21:58:55,043,33,89,284,381,780,781
2016-07-19 21:58:56,046,34,89,280,380,780,781
2016-07-19 21:58:57,052,35,89,277,380,780,781
2016-07-19 21:58:58,054,36,89,274,379,779,781
2016-07-19 21:58:59,058,37,89,271,379,779,781
2016-07-19 21:59:00,063,38,89,268,379,780,781
2016-07-19 21:59:01,069,39,89,265,379,780,781
2016-07-19 21:59:02,071,40,89,263,379,780,781
2016-07-19 21:59:03,077,41,89,260,378,780,781
2016-07-19 21:59:04,080,42,89,258,378,780,781
2016-07-19 21:59:05,081,43,89,256,378,780,781
2016-07-19 21:59:06,086,44,89,254,378,780,781
2016-07-19 21:59:07,088,45,89,252,378,780,781
2016-07-19 21:59:08,093,46,89,250,378,780,781
2016-07-19 21:59:09,096,47,89,248,378,780,781
2016-07-19 21:59:10,101,48,89,247,378,780,781
2016-07-19 21:59:11,104,49,89,245,378,780,781
2016-07-19 21:59:12,110,50,89,244,378,780,781
2016-07-19 21:59:13,112,51,89,242,378,780,781
2016-07-19 21:59:14,113,52,89,241,378,780,781
2016-07-19 21:59:15,119,53,89,240,378,780,781
2016-07-19 21:59:16,120,54,89,239,378,780,781
2016-07-19 21:59:17,125,55,89,238,378,780,781
2016-07-19 21:59:18,129,56,89,237,378,780,781
2016-07-19 21:59:19,132,57,89,236,378,780,781
2016-07-19 21:59:20,136,58,89,235,377,780,781
2016-07-19 21:59:21,143,59,89,234,378,780,781
2016-07-19 21:59:22,145,60,89,234,377,780,781
2016-07-19 21:59:23,149,61,89,233,377,780,781
2016-07-19 21:59:24,153,62,89,233,377,780,781
2016-07-19 21:59:25,158,63,89,232,377,780,781
2016-07-19 21:59:26,162,64,89,232,377,780,781
2016-07-19 21:59:27,166,65,89,231,377,780,781
2016-07-19 21:59:28,171,66,89,231,377,780,781
2016-07-19 21:59:29,176,67,89,230,377,780,781
2016-07-19 21:59:30,179,68,89,230,378,780,781
2016-07-19 21:59:31,183,69,89,230,378,780,781
2016-07-19 21:59:32,190,70,89,230,378,780,781
2016-07-19 21:59:33,195,71,89,229,378,780,781
2016-07-19 21:59:34,196,72,89,229,378,780,781
2016-07-19 21:59:35,196,73,89,229,378,780,781
2016-07-19 21:59:36,202,74,89,229,378,780,781
2016-07-19 21:59:37,209,75,89,229,378,780,781
2016-07-19 21:59:38,213,76,89,229,379,780,781
2016-07-19 21:59:39,217,77,89,229,379,780,781
2016-07-19 21:59:40,222,78,89,230,380,780,781
2016-07-19 21:59:41,225,79,89,230,380,780,781
2016-07-19 21:59:42,230,80,89,230,381,780,781
2016-07-19 21:59:43,236,81,89,230,381,780,781
2016-07-19 21:59:44,238,82,89,230,381,780,781
2016-07-19 21:59:45,242,83,89,230,382,780,781
2016-07-19 21:59:46,247,84,89,231,382,780,781
2016-07-19 21:59:47,252,85,89,231,382,780,781
2016-07-19 21:59:48,256,86,89,231,383,780,781
2016-07-19 21:59:49,258,87,89,232,383,780,781
2016-07-19 21:59:50,261,88,89,232,383,780,781
2016-07-19 21:59:51,262,89,89,232,383,780,781
2016-07-19 21:59:52,264,90,89,233,384,780,781
2016-07-19 21:59:53,268,91,89,233,384,780,781
2016-07-19 21:59:54,269,92,89,234,385,780,781
2016-07-19 21:59:55,272,93,89,234,385,780,781
2016-07-19 21:59:56,275,94,89,234,385,780,781
2016-07-19 21:59:57,277,95,89,235,386,780,781
2016-07-19 21:59:58,282,96,89,235,386,780,781
2016-07-19 21:59:59,285,97,89,236,387,780,781
2016-07-19 22:00:00,289,98,89,236,387,780,781
2016-07-19 22:00:01,293,99,89,237,387,780,781
2016-07-19 22:00:02,299,100,89,237,388,780,781
2016-07-19 22:00:03,302,101,89,238,388,780,781
2016-07-19 22:00:04,305,102,89,238,388,780,781
2016-07-19 22:00:05,310,103,89,239,389,780,781
2016-07-19 22:00:06,315,104,89,240,389,780,781
2016-07-19 22:00:07,319,105,89,241,389,780,781
2016-07-19 22:00:08,324,106,89,241,390,780,781
2016-07-19 22:00:09,327,107,89,242,390,780,781
2016-07-19 22:00:10,332,108,89,242,390,780,781
2016-07-19 22:00:11,336,109,89,243,391,780,781
2016-07-19 22:00:12,337,110,89,244,391,780,781
2016-07-19 22:00:13,342,111,89,244,392,780,781
2016-07-19 22:00:14,343,112,89,245,392,780,781
2016-07-19 22:00:15,347,113,89,245,392,780,781
2016-07-19 22:00:16,351,114,89,246,392,780,781
2016-07-19 22:00:17,353,115,89,247,393,780,781
2016-07-19 22:00:18,357,116,89,247,393,780,781
2016-07-19 22:00:19,358,117,89,248,393,780,781
2016-07-19 22:00:20,362,118,89,248,393,780,781
2016-07-19 22:00:21,367,119,89,249,394,780,781
2016-07-19 22:00:22,368,120,89,250,394,780,781
2016-07-19 22:00:23,373,121,89,250,394,780,781
2016-07-19 22:00:24,376,122,89,251,395,780,781
2016-07-19 22:00:25,381,123,89,252,395,780,781
2016-07-19 22:00:26,386,124,89,253,395,780,781
2016-07-19 22:00:27,389,125,89,253,396,780,781
2016-07-19 22:00:28,393,126,89,254,396,780,781
2016-07-19 22:00:29,398,127,89,255,396,780,781
2016-07-19 22:00:30,399,128,89,255,396,780,781
2016-07-19 22:00:31,404,129,89,256,397,780,781
2016-07-19 22:00:32,408,130,89,257,397,780,781
2016-07-19 22:00:33,409,131,89,258,397,780,781
2016-07-19 22:00:34,414,132,89,258,397,780,781
2016-07-19 22:00:35,419,133,89,259,397,780,781
2016-07-19 22:00:36,425,134,89,260,398,780,781
2016-07-19 22:00:37,430,135,89,260,398,780,781
2016-07-19 22:00:38,436,136,89,261,399,780,781
2016-07-19 22:00:39,440,137,89,262,399,780,781
2016-07-19 22:00:40,442,138,89,262,400,780,781
2016-07-19 22:00:41,443,139,89,263,400,780,781
2016-07-19 22:00:42,447,140,89,264,401,780,781
2016-07-19 22:00:43,449,141,89,265,401,780,781
2016-07-19 22:00:44,453,142,89,265,402,780,781
2016-07-19 22:00:45,458,143,89,266,402,780,781
2016-07-19 22:00:46,462,144,89,267,403,780,781
2016-07-19 22:00:47,465,145,89,268,403,780,781
2016-07-19 22:00:48,469,146,89,268,404,780,781
2016-07-19 22:00:49,474,147,89,269,405,780,781
2016-07-19 22:00:50,476,148,89,270,405,780,781
2016-07-19 22:00:51,480,149,89,270,405,780,781
2016-07-19 22:00:52,481,150,89,271,406,780,781
2016-07-19 22:00:53,485,151,89,272,406,780,781
2016-07-19 22:00:54,489,152,89,273,407,780,781
2016-07-19 22:00:55,495,153,89,273,407,780,781
2016-07-19 22:00:56,498,154,89,274,408,780,781
2016-07-19 22:00:57,504,155,89,275,408,779,781
2016-07-19 22:00:58,509,156,89,276,409,780,781
2016-07-19 22:00:59,514,157,89,277,409,780,781
2016-07-19 22:01:00,518,158,89,277,409,780,781
2016-07-19 22:01:01,523,159,89,278,410,780,781
2016-07-19 22:01:02,524,160,89,279,410,780,781
2016-07-19 22:01:03,528,161,89,279,411,780,781
2016-07-19 22:01:04,533,162,89,280,411,780,781
2016-07-19 22:01:05,538,163,89,281,412,780,781
2016-07-19 22:01:06,541,164,89,282,412,780,781
2016-07-19 22:01:07,544,165,89,282,412,779,781
2016-07-19 22:01:08,548,166,89,283,413,780,781
2016-07-19 22:01:09,550,167,89,284,413,780,781
2016-07-19 22:01:10,555,168,89,285,413,780,781
2016-07-19 22:01:11,556,169,89,285,414,780,781
2016-07-19 22:01:12,560,170,89,286,414,780,781
2016-07-19 22:01:13,564,171,89,287,414,780,781
2016-07-19 22:01:14,570,172,89,288,415,780,781
2016-07-19 22:01:15,575,173,89,288,415,780,781
2016-07-19 22:01:16,580,174,89,289,415,780,781
2016-07-19 22:01:17,582,175,89,290,416,780,781
2016-07-19 22:01:18,585,176,89,291,416,780,781
2016-07-19 22:01:19,590,177,89,291,416,780,781
2016-07-19 22:01:20,596,178,89,292,417,780,781
2016-07-19 22:01:21,599,179,89,293,417,780,781
2016-07-19 22:01:22,603,180,89,293,418,780,781
2016-07-19 22:01:23,608,181,89,294,418,780,781
2016-07-19 22:01:24,611,182,89,295,418,780,781
2016-07-19 22:01:25,615,183,89,296,418,780,781
2016-07-19 22:01:26,618,184,89,296,419,780,781
2016-07-19 22:01:27,624,185,89,297,419,780,781
2016-07-19 22:01:28,630,186,89,298,420,780,781
2016-07-19 22:01:29,632,187,89,298,420,780,781
2016-07-19 22:01:30,636,188,89,299,420,780,781
2016-07-19 22:01:31,642,189,89,300,420,780,781
2016-07-19 22:01:32,646,190,89,301,421,780,781
2016-07-19 22:01:33,649,191,89,301,421,780,781
2016-07-19 22:01:34,654,192,89,302,421,780,781
2016-07-19 22:01:35,658,193,89,303,421,780,781
2016-07-19 22:01:36,663,194,89,303,421,780,781
2016-07-19 22:01:37,666,195,89,304,422,780,781
2016-07-19 22:01:38,669,196,89,305,422,780,781
2016-07-19 22:01:39,675,197,89,306,423,780,781
2016-07-19 22:01:40,681,198,89,306,423,780,781
2016-07-19 22:01:41,684,199,89,307,423,780,781
2016-07-19 22:01:42,691,200,89,308,424,780,781
2016-07-19 22:01:43,692,201,89,309,424,780,781
2016-07-19 22:01:44,698,202,89,309,424,780,781
2016-07-19 22:01:45,700,203,89,310,424,780,781
2016-07-19 22:01:46,701,204,89,311,425,780,781
2016-07-19 22:01:47,707,205,89,312,425,780,781
2016-07-19 22:01:48,708,206,89,312,425,780,781
2016-07-19 22:01:49,709,207,89,313,426,780,781
2016-07-19 22:01:50,713,208,89,314,426,780,781
2016-07-19 22:01:51,717,209,89,314,426,780,781
2016-07-19 22:01:52,722,210,89,315,426,780,781
2016-07-19 22:01:53,723,211,89,316,427,780,781
2016-07-19 22:01:54,728,212,89,316,427,780,781
2016-07-19 22:01:55,731,213,89,317,427,780,781
2016-07-19 22:01:56,732,214,89,318,427,780,781
2016-07-19 22:01:57,737,215,89,318,428,780,781
2016-07-19 22:01:58,740,216,89,319,428,780,781
2016-07-19 22:01:59,745,217,89,320,428,780,781
2016-07-19 22:02:00,747,218,89,321,428,780,781
2016-07-19 22:02:01,752,219,89,321,429,780,781
2016-07-19 22:02:02,757,220,89,322,429,780,781
2016-07-19 22:02:03,761,221,89,323,429,780,781
2016-07-19 22:02:04,764,222,89,323,430,780,781
2016-07-19 22:02:05,769,223,89,324,430,780,781
2016-07-19 22:02:06,775,224,89,325,430,780,781
2016-07-19 22:02:07,780,225,89,325,430,780,781
2016-07-19 22:02:08,780,226,89,326,431,780,781
2016-07-19 22:02:09,783,227,89,327,431,780,781
2016-07-19 22:02:10,789,228,89,327,431,780,781
2016-07-19 22:02:11,795,229,89,328,432,780,781
2016-07-19 22:02:12,799,230,89,329,432,780,781
2016-07-19 22:02:13,805,231,89,329,432,780,781
2016-07-19 22:02:14,809,232,89,330,432,780,781
2016-07-19 22:02:15,814,233,89,330,433,780,781
2016-07-19 22:02:16,818,234,89,331,433,780,781
2016-07-19 22:02:17,822,235,89,332,433,780,781
2016-07-19 22:02:18,823,236,89,332,433,780,781
2016-07-19 22:02:19,829,237,89,333,434,780,781
2016-07-19 22:02:20,832,238,89,334,434,780,781
2016-07-19 22:02:21,835,239,89,334,434,780,781
2016-07-19 22:02:22,841,240,89,335,434,780,781
2016-07-19 22:02:23,841,241,89,335,435,780,781
2016-07-19 22:02:24,846,242,89,336,435,780,781
2016-07-19 22:02:25,847,243,89,337,435,780,781
2016-07-19 22:02:26,849,244,89,337,436,780,781
2016-07-19 22:02:27,853,245,89,338,436,780,781
2016-07-19 22:02:28,856,246,89,339,436,780,781
2016-07-19 22:02:29,862,247,89,339,436,780,781
2016-07-19 22:02:30,863,248,89,340,436,780,781
2016-07-19 22:02:31,866,249,89,341,437,780,781
2016-07-19 22:02:32,871,251,89,341,437,780,781
2016-07-19 22:02:33,875,252,89,342,437,780,781
2016-07-19 22:02:34,880,253,88,343,437,779,781
2016-07-19 22:02:35,884,254,89,344,438,780,781
2016-07-19 22:02:36,888,255,89,344,438,780,781
2016-07-19 22:02:37,893,256,89,345,438,779,781
2016-07-19 22:02:38,896,257,89,345,438,780,781
2016-07-19 22:02:39,901,258,89,346,438,780,781
2016-07-19 22:02:40,905,259,89,347,438,780,781
2016-07-19 22:02:41,909,260,89,347,438,780,781
2016-07-19 22:02:42,914,261,89,348,439,780,781
2016-07-19 22:02:43,916,262,89,349,439,780,781
2016-07-19 22:02:44,922,263,89,349,439,780,781
2016-07-19 22:02:45,928,264,89,350,439,780,781
2016-07-19 22:02:46,930,265,89,350,439,780,781
2016-07-19 22:02:47,932,266,89,351,440,780,781
2016-07-19 22:02:48,937,267,89,351,440,780,781
2016-07-19 22:02:49,940,268,89,352,440,780,781
2016-07-19 22:02:50,945,269,89,353,440,780,781
2016-07-19 22:02:51,947,270,89,353,441,780,781
2016-07-19 22:02:52,948,271,89,354,441,780,781
2016-07-19 22:02:53,954,272,89,355,441,780,781
2016-07-19 22:02:54,956,273,89,355,441,780,781
2016-07-19 22:02:55,960,274,89,356,442,780,781
2016-07-19 22:02:56,961,275,89,356,442,780,781
2016-07-19 22:02:57,962,276,89,357,442,780,781
2016-07-19 22:02:58,967,277,89,357,442,780,781
2016-07-19 22:02:59,968,278,89,358,442,780,781
2016-07-19 22:03:00,973,279,89,358,443,780,781
2016-07-19 22:03:01,977,280,89,359,443,780,781
2016-07-19 22:03:02,978,281,89,359,443,780,781
2016-07-19 22:03:03,982,282,89,360,443,780,781
2016-07-19 22:03:04,984,283,89,361,444,780,781
2016-07-19 22:03:05,986,284,89,361,444,780,781
2016-07-19 22:03:06,991,285,89,362,444,780,781
2016-07-19 22:03:07,995,286,89,363,444,780,781
2016-07-19 22:03:09,000,287,89,363,444,780,781
2016-07-19 22:03:10,003,288,89,364,445,780,781
2016-07-19 22:03:11,007,289,89,364,445,780,781
2016-07-19 22:03:12,009,290,89,365,445,780,781
2016-07-19 22:03:13,012,291,89,365,445,780,781
2016-07-19 22:03:14,016,292,89,366,445,780,781
2016-07-19 22:03:15,020,293,89,367,446,780,781
2016-07-19 22:03:16,025,294,89,367,446,780,781
2016-07-19 22:03:17,028,295,89,368,446,780,781
2016-07-19 22:03:18,033,296,89,368,447,780,781
2016-07-19 22:03:19,038,297,89,369,447,780,781
2016-07-19 22:03:20,041,298,89,370,447,780,781
2016-07-19 22:03:21,047,299,89,370,447,780,781
2016-07-19 22:03:22,052,300,89,371,448,780,781
2016-07-19 22:03:23,057,301,89,371,448,780,781
2016-07-19 22:03:24,059,302,89,372,448,780,781
2016-07-19 22:03:25,064,303,89,373,448,780,781
2016-07-19 22:03:26,067,304,89,373,449,780,781
2016-07-19 22:03:27,069,305,89,374,449,780,781
2016-07-19 22:03:28,074,306,89,374,450,780,781
2016-07-19 22:03:29,075,307,89,375,450,780,781
2016-07-19 22:03:30,077,308,89,375,450,780,781
2016-07-19 22:03:31,083,309,89,376,450,780,781
2016-07-19 22:03:32,084,310,89,377,451,780,781
2016-07-19 22:03:33,089,311,89,377,450,780,781
2016-07-19 22:03:34,090,312,89,378,451,780,781
2016-07-19 22:03:35,093,313,89,378,451,780,781
2016-07-19 22:03:36,098,314,89,379,451,780,781
2016-07-19 22:03:37,101,315,89,379,451,780,781
2016-07-19 22:03:38,107,316,89,380,451,780,781
2016-07-19 22:03:39,109,317,89,380,452,780,781
2016-07-19 22:03:40,113,318,89,381,452,780,781
2016-07-19 22:03:41,116,319,88,381,452,780,781
2016-07-19 22:03:42,121,320,89,382,452,780,781
2016-07-19 22:03:43,125,321,89,383,452,780,781
2016-07-19 22:03:44,130,322,89,383,453,780,781
2016-07-19 22:03:45,131,323,89,384,453,780,781
2016-07-19 22:03:46,135,324,89,384,453,780,781
2016-07-19 22:03:47,139,325,89,385,453,780,781
2016-07-19 22:03:48,143,326,89,385,453,780,781
2016-07-19 22:03:49,148,327,89,386,453,780,781
2016-07-19 22:03:50,149,328,89,386,453,780,781
2016-07-19 22:03:51,154,329,89,387,454,780,781
2016-07-19 22:03:52,155,330,88,387,454,780,781
2016-07-19 22:03:53,161,331,89,388,454,780,781
2016-07-19 22:03:54,163,332,89,388,454,780,781
2016-07-19 22:03:55,169,333,89,389,455,780,781
2016-07-19 22:03:56,172,334,89,389,455,780,781
2016-07-19 22:03:57,174,335,89,390,455,780,781
2016-07-19 22:03:58,177,336,89,391,455,780,781
2016-07-19 22:03:59,178,337,89,391,455,780,781
2016-07-19 22:04:00,185,338,89,392,456,780,781
2016-07-19 22:04:01,187,339,89,392,456,780,781
2016-07-19 22:04:02,188,340,89,393,456,780,781
2016-07-19 22:04:03,193,341,89,393,456,780,781
2016-07-19 22:04:04,194,342,89,394,456,780,781
2016-07-19 22:04:05,196,343,89,394,456,780,781
2016-07-19 22:04:06,200,344,88,395,456,780,781
2016-07-19 22:04:07,206,345,89,395,457,780,781
2016-07-19 22:04:08,211,346,89,396,457,780,781
2016-07-19 22:04:09,217,347,88,397,457,780,781
2016-07-19 22:04:10,219,348,89,397,457,780,781
2016-07-19 22:04:11,222,349,89,398,457,780,781
2016-07-19 22:04:12,225,350,89,398,457,780,781
2016-07-19 22:04:13,231,351,89,399,458,780,781
2016-07-19 22:04:14,237,352,89,399,458,780,781
2016-07-19 22:04:15,239,353,89,400,458,780,781
2016-07-19 22:04:16,245,354,89,400,458,780,781
2016-07-19 22:04:17,251,355,89,401,458,780,781
2016-07-19 22:04:18,255,356,88,401,458,780,781
2016-07-19 22:04:19,256,357,89,402,459,780,781
2016-07-19 22:04:20,262,358,89,402,459,780,781
2016-07-19 22:04:21,268,359,88,403,459,780,781
2016-07-19 22:04:22,272,360,89,403,459,780,781
2016-07-19 22:04:23,277,361,89,404,459,780,781
2016-07-19 22:04:24,279,362,89,404,460,780,781
2016-07-19 22:04:25,280,363,89,405,460,780,781
2016-07-19 22:04:26,285,364,88,405,460,780,781
2016-07-19 22:04:27,287,365,89,406,460,780,781
2016-07-19 22:04:28,290,366,89,406,460,780,781
2016-07-19 22:04:29,294,367,89,407,461,780,781
2016-07-19 22:04:30,299,368,89,407,461,780,781
2016-07-19 22:04:31,303,369,89,408,461,780,781
2016-07-19 22:04:32,306,370,89,408,461,780,781
2016-07-19 22:04:33,311,371,88,409,461,780,781
2016-07-19 22:04:34,315,372,89,409,462,780,781
2016-07-19 22:04:35,320,373,89,410,462,780,781
2016-07-19 22:04:36,321,374,89,410,462,780,781
2016-07-19 22:04:37,326,375,88,411,462,780,781
2016-07-19 22:04:38,327,376,89,411,462,780,781
2016-07-19 22:04:39,332,377,89,412,462,780,781
2016-07-19 22:04:40,335,378,89,412,462,780,781
2016-07-19 22:04:41,338,379,89,413,462,780,781
2016-07-19 22:04:42,341,380,89,414,462,780,781
2016-07-19 22:04:43,342,381,88,414,463,780,781
2016-07-19 22:04:44,346,382,89,415,463,780,781
2016-07-19 22:04:45,351,383,89,415,463,780,781
2016-07-19 22:04:46,357,384,88,416,463,780,781
2016-07-19 22:04:47,359,385,89,416,463,780,781
2016-07-19 22:04:48,360,386,89,417,464,780,781
2016-07-19 22:04:49,365,387,88,417,464,780,781
2016-07-19 22:04:50,370,388,89,418,464,780,781
2016-07-19 22:04:51,374,389,89,418,464,780,781
2016-07-19 22:04:52,374,390,88,419,464,780,781
2016-07-19 22:04:53,376,391,89,419,465,780,781
2016-07-19 22:04:54,381,392,89,420,465,780,781
2016-07-19 22:04:55,382,393,89,420,465,780,781
2016-07-19 22:04:56,386,394,89,421,465,780,781
2016-07-19 22:04:57,390,395,89,421,466,780,781
2016-07-19 22:04:58,396,396,89,422,466,780,781
2016-07-19 22:04:59,398,397,89,422,466,780,781
2016-07-19 22:05:00,399,398,89,423,466,780,781
2016-07-19 22:05:01,405,399,88,423,466,780,781
2016-07-19 22:05:02,409,400,89,424,466,780,781
2016-07-19 22:05:03,413,401,89,424,467,780,781
2016-07-19 22:05:04,415,402,89,424,467,780,781
2016-07-19 22:05:05,416,403,89,425,467,780,781
2016-07-19 22:05:06,420,404,89,425,467,780,781
2016-07-19 22:05:07,424,405,88,426,467,780,781
2016-07-19 22:05:08,428,406,89,426,468,780,781
2016-07-19 22:05:09,429,407,89,427,468,780,781
2016-07-19 22:05:10,436,408,88,427,468,780,781
2016-07-19 22:05:11,438,409,88,428,468,780,781
2016-07-19 22:05:12,439,410,89,428,468,780,781
2016-07-19 22:05:13,444,411,89,429,468,780,781
2016-07-19 22:05:14,445,412,89,429,469,780,781
2016-07-19 22:05:15,451,413,89,430,469,780,781
2016-07-19 22:05:16,453,414,89,430,469,780,781
2016-07-19 22:05:17,457,415,89,431,469,780,781
2016-07-19 22:05:18,462,416,88,431,470,780,781
2016-07-19 22:05:19,463,417,89,432,470,780,781
2016-07-19 22:05:20,468,418,89,432,470,780,781
2016-07-19 22:05:21,471,419,89,433,470,780,781
2016-07-19 22:05:22,474,420,89,433,470,780,781
2016-07-19 22:05:23,477,421,88,434,470,780,781
2016-07-19 22:05:24,479,422,89,434,470,780,781
2016-07-19 22:05:25,483,423,88,435,470,780,781
2016-07-19 22:05:26,484,424,89,435,470,780,781
2016-07-19 22:05:27,488,425,89,436,470,780,781
2016-07-19 22:05:28,493,426,89,436,470,780,781
2016-07-19 22:05:29,493,427,88,437,470,780,781
2016-07-19 22:05:30,499,428,89,437,470,780,781
2016-07-19 22:05:31,505,429,88,438,470,780,781
2016-07-19 22:05:32,510,430,89,438,470,780,781
2016-07-19 22:05:33,515,431,89,438,470,780,781
2016-07-19 22:05:34,518,432,89,439,470,780,781
2016-07-19 22:05:35,520,433,88,439,471,780,781
2016-07-19 22:05:36,524,434,89,440,471,780,781
2016-07-19 22:05:37,527,435,89,440,471,780,781
2016-07-19 22:05:38,531,436,88,441,472,780,781
2016-07-19 22:05:39,537,437,89,441,472,780,781
2016-07-19 22:05:40,541,438,89,442,472,780,781
2016-07-19 22:05:41,542,439,89,442,472,780,781
2016-07-19 22:05:42,547,440,89,443,473,780,781
2016-07-19 22:05:43,553,441,88,443,473,780,781
2016-07-19 22:05:44,558,442,88,444,473,780,781
2016-07-19 22:05:45,563,443,89,444,474,780,781
2016-07-19 22:05:46,567,444,89,444,474,780,781
2016-07-19 22:05:47,571,445,89,445,474,780,781
2016-07-19 22:05:48,575,446,89,445,474,780,781
2016-07-19 22:05:49,576,447,88,446,475,780,781
2016-07-19 22:05:50,577,448,88,446,475,780,781
2016-07-19 22:05:51,582,449,88,447,475,780,781
2016-07-19 22:05:52,583,450,89,447,475,780,781
2016-07-19 22:05:53,585,451,89,448,476,780,781
2016-07-19 22:05:54,589,452,89,448,476,780,781
2016-07-19 22:05:55,594,453,89,449,476,780,781
2016-07-19 22:05:56,598,454,88,449,476,780,781
2016-07-19 22:05:57,604,455,88,450,476,780,781
2016-07-19 22:05:58,608,456,89,450,477,780,781
2016-07-19 22:05:59,612,457,89,451,477,780,781
2016-07-19 22:06:00,618,458,88,451,477,780,781
2016-07-19 22:06:01,623,459,88,451,477,780,781
2016-07-19 22:06:02,626,460,88,452,477,780,781
2016-07-19 22:06:03,631,461,89,452,477,780,781
2016-07-19 22:06:04,634,462,88,453,477,780,781
2016-07-19 22:06:05,638,463,88,453,478,780,781
2016-07-19 22:06:06,642,464,88,454,478,780,781
2016-07-19 22:06:07,645,465,89,454,478,780,781
2016-07-19 22:06:08,649,466,88,454,478,780,781
2016-07-19 22:06:09,652,467,89,455,478,780,781
2016-07-19 22:06:10,657,468,88,455,478,780,781
2016-07-19 22:06:11,658,469,89,456,478,780,781
2016-07-19 22:06:12,660,470,89,456,478,780,781
2016-07-19 22:06:13,664,471,88,457,478,780,781
2016-07-19 22:06:14,670,472,88,457,478,780,781
2016-07-19 22:06:15,675,473,89,458,479,780,781
2016-07-19 22:06:16,680,474,88,458,479,780,781
2016-07-19 22:06:17,684,475,89,459,479,780,781
2016-07-19 22:06:18,690,476,89,459,479,780,781
2016-07-19 22:06:19,692,477,89,460,480,780,781
2016-07-19 22:06:20,699,478,89,460,480,780,781
2016-07-19 22:06:21,704,479,88,460,480,780,781
2016-07-19 22:06:22,708,480,89,461,480,780,781
2016-07-19 22:06:23,709,481,88,461,480,780,781
2016-07-19 22:06:24,714,482,88,462,480,780,781
2016-07-19 22:06:25,717,483,88,462,480,780,781
2016-07-19 22:06:26,722,484,89,463,480,780,781
2016-07-19 22:06:27,726,485,88,463,480,780,781
2016-07-19 22:06:28,726,486,89,464,480,780,781
2016-07-19 22:06:29,732,487,89,464,480,780,781
2016-07-19 22:06:30,736,488,88,465,480,780,781
2016-07-19 22:06:31,740,489,88,465,480,780,781
2016-07-19 22:06:32,741,490,89,466,480,780,781
2016-07-19 22:06:33,745,491,89,466,480,780,781
2016-07-19 22:06:34,750,492,88,466,480,780,781
2016-07-19 22:06:35,752,493,88,467,480,780,781
2016-07-19 22:06:36,756,494,88,468,480,780,781
2016-07-19 22:06:37,757,495,88,468,480,780,781
2016-07-19 22:06:38,758,496,88,468,480,780,781
2016-07-19 22:06:39,763,497,89,469,480,780,781
2016-07-19 22:06:40,764,498,89,469,480,780,781
2016-07-19 22:06:41,766,499,89,470,480,780,781
2016-07-19 22:06:42,771,500,89,470,480,780,781
2016-07-19 22:06:43,773,501,88,471,480,780,781
2016-07-19 22:06:44,778,502,89,471,481,780,781
2016-07-19 22:06:45,779,503,89,471,481,780,781
2016-07-19 22:06:46,781,504,88,472,481,780,781
2016-07-19 22:06:47,785,505,89,472,482,780,781
2016-07-19 22:06:48,788,506,89,473,482,780,781
2016-07-19 22:06:49,794,507,88,473,482,780,781
2016-07-19 22:06:50,795,508,89,474,483,780,781
2016-07-19 22:06:51,797,509,89,474,483,780,781
2016-07-19 22:06:52,801,510,89,475,483,780,781
2016-07-19 22:06:53,806,511,88,475,484,780,781
2016-07-19 22:06:54,809,512,88,475,484,780,781
2016-07-19 22:06:55,814,513,88,476,484,780,781
2016-07-19 22:06:56,818,514,89,476,485,780,781
2016-07-19 22:06:57,819,515,89,477,485,780,781
2016-07-19 22:06:58,822,516,89,477,485,780,781
2016-07-19 22:06:59,827,517,89,478,485,780,781
2016-07-19 22:07:00,833,518,89,478,485,780,781
2016-07-19 22:07:01,836,519,89,479,486,780,781
2016-07-19 22:07:02,841,520,89,479,486,780,781
2016-07-19 22:07:03,844,521,88,479,486,780,781
2016-07-19 22:07:04,850,522,88,480,486,780,781
2016-07-19 22:07:05,855,523,88,480,486,780,781
2016-07-19 22:07:06,860,524,88,481,487,780,781
2016-07-19 22:07:07,861,525,89,481,487,780,781
2016-07-19 22:07:08,866,526,89,482,487,780,781
2016-07-19 22:07:09,872,528,89,482,487,780,781
2016-07-19 22:07:10,877,529,88,482,488,780,781
2016-07-19 22:07:11,882,530,88,483,488,780,781
2016-07-19 22:07:12,886,531,89,483,488,780,781
2016-07-19 22:07:13,889,532,89,484,489,780,781
2016-07-19 22:07:14,894,533,89,484,489,780,781
2016-07-19 22:07:15,899,534,88,485,489,780,781
2016-07-19 22:07:16,903,535,89,485,490,780,781
2016-07-19 22:07:17,906,536,89,486,490,780,781
2016-07-19 22:07:18,911,537,89,486,490,780,781
2016-07-19 22:07:19,912,538,89,487,491,780,781
2016-07-19 22:07:20,914,539,89,487,491,780,781
2016-07-19 22:07:21,918,540,89,488,491,780,781
2016-07-19 22:07:22,919,541,88,488,491,780,781
2016-07-19 22:07:23,925,542,88,489,491,780,781
2016-07-19 22:07:24,928,543,89,489,492,780,781
2016-07-19 22:07:25,930,544,89,489,492,780,781
2016-07-19 22:07:26,934,545,89,490,492,780,781
2016-07-19 22:07:27,938,546,89,490,492,780,781
2016-07-19 22:07:28,942,547,89,491,492,780,781
2016-07-19 22:07:29,943,548,89,491,492,780,781
2016-07-19 22:07:30,949,549,89,492,493,780,781
2016-07-19 22:07:31,952,550,89,492,493,780,781
2016-07-19 22:07:32,953,551,89,492,493,780,781
2016-07-19 22:07:33,958,552,88,493,493,780,781
2016-07-19 22:07:34,958,553,89,493,493,780,781
2016-07-19 22:07:35,960,554,88,494,493,780,781
2016-07-19 22:07:36,965,555,88,494,494,780,781
2016-07-19 22:07:37,970,556,89,495,494,780,781
2016-07-19 22:07:38,976,557,89,495,494,780,781
2016-07-19 22:07:39,978,558,88,495,495,780,781
2016-07-19 22:07:40,982,559,89,496,495,780,781
2016-07-19 22:07:41,982,560,88,496,495,780,781
2016-07-19 22:07:42,984,561,88,497,496,780,781
2016-07-19 22:07:43,988,562,88,497,496,780,781
2016-07-19 22:07:44,990,563,88,497,496,780,781
2016-07-19 22:07:45,992,564,89,498,497,780,781
2016-07-19 22:07:46,998,565,89,498,497,780,781
2016-07-19 22:07:48,003,566,89,499,497,780,781
2016-07-19 22:07:49,006,567,89,499,497,780,781
2016-07-19 22:07:50,009,568,89,500,498,780,781
2016-07-19 22:07:51,013,569,88,500,498,780,781
2016-07-19 22:07:52,013,570,89,500,498,780,781
2016-07-19 22:07:53,016,571,89,501,498,780,781
2016-07-19 22:07:54,019,572,89,501,499,780,781
2016-07-19 22:07:55,020,573,89,501,499,780,781
2016-07-19 22:07:56,023,574,89,502,499,780,781
2016-07-19 22:07:57,029,575,89,502,499,780,781
2016-07-19 22:07:58,031,576,88,503,500,780,781
2016-07-19 22:07:59,035,577,88,503,500,780,781
2016-07-19 22:08:00,036,578,89,503,500,780,781
2016-07-19 22:08:01,037,579,88,504,500,780,781
2016-07-19 22:08:02,042,580,88,504,501,780,781
2016-07-19 22:08:03,042,581,89,505,501,780,781
2016-07-19 22:08:04,047,582,89,505,501,780,781
2016-07-19 22:08:05,051,583,89,505,501,780,781
2016-07-19 22:08:06,056,584,88,506,501,780,781
2016-07-19 22:08:07,060,585,89,506,502,780,781
2016-07-19 22:08:08,063,586,88,507,502,780,781
2016-07-19 22:08:09,068,587,88,507,502,780,781
2016-07-19 22:08:10,069,588,89,507,503,780,781
2016-07-19 22:08:11,075,589,88,508,503,780,781
2016-07-19 22:08:12,077,590,89,508,504,780,781
2016-07-19 22:08:13,080,591,89,508,504,780,781
2016-07-19 22:08:14,084,592,88,509,504,780,781
2016-07-19 22:08:15,088,593,89,509,504,780,781
2016-07-19 22:08:16,092,594,89,509,504,780,781
2016-07-19 22:08:17,093,595,88,510,504,780,781
2016-07-19 22:08:18,097,596,89,510,504,780,781
2016-07-19 22:08:19,103,597,89,510,504,780,781
2016-07-19 22:08:20,106,598,88,511,504,780,781
2016-07-19 22:08:21,107,599,89,511,504,780,781
2016-07-19 22:08:22,113,600,88,512,503,780,781
2016-07-19 22:08:23,118,601,88,512,503,780,781
2016-07-19 22:08:24,124,602,89,512,503,780,781
2016-07-19 22:08:25,125,603,88,513,503,780,781
2016-07-19 22:08:26,131,604,88,513,503,780,781
2016-07-19 22:08:27,136,605,88,513,503,780,781
2016-07-19 22:08:28,141,606,89,514,502,780,781
2016-07-19 22:08:29,142,607,89,514,502,780,781
2016-07-19 22:08:30,147,608,89,514,502,780,781
2016-07-19 22:08:31,151,609,89,514,502,780,781
2016-07-19 22:08:32,155,610,89,515,502,780,781
2016-07-19 22:08:33,159,611,89,515,502,780,781
2016-07-19 22:08:34,161,612,89,515,502,780,781
2016-07-19 22:08:35,165,613,88,516,502,780,781
2016-07-19 22:08:36,168,614,89,516,502,780,781
2016-07-19 22:08:37,173,615,88,516,502,780,781
2016-07-19 22:08:38,173,616,88,516,501,780,781
2016-07-19 22:08:39,175,617,89,517,501,780,781
2016-07-19 22:08:40,180,618,89,517,501,780,781
2016-07-19 22:08:41,181,619,89,517,501,780,781
2016-07-19 22:08:42,186,620,88,518,501,780,781
2016-07-19 22:08:43,191,621,89,518,501,780,781
2016-07-19 22:08:44,192,622,89,518,500,780,781
2016-07-19 22:08:45,198,623,88,519,500,780,781
2016-07-19 22:08:46,202,624,89,519,500,780,781
2016-07-19 22:08:47,206,625,89,520,500,780,781
2016-07-19 22:08:48,212,626,89,520,499,780,781
2016-07-19 22:08:49,216,627,89,520,499,780,781
2016-07-19 22:08:50,221,628,88,520,499,780,781
2016-07-19 22:08:51,224,629,88,521,498,780,781
2016-07-19 22:08:52,226,630,88,521,498,780,781
2016-07-19 22:08:53,229,631,88,521,498,780,781
2016-07-19 22:08:54,235,632,89,522,498,780,781
2016-07-19 22:08:55,240,633,89,522,497,780,781
2016-07-19 22:08:56,246,634,89,522,497,780,781
2016-07-19 22:08:57,251,635,88,522,497,780,781
2016-07-19 22:08:58,256,636,88,523,496,780,781
2016-07-19 22:08:59,257,637,89,523,496,780,781
2016-07-19 22:09:00,264,638,89,523,496,780,781
2016-07-19 22:09:01,268,639,89,524,495,780,781
2016-07-19 22:09:02,273,640,89,524,495,780,781
2016-07-19 22:09:03,274,641,88,524,494,780,781
2016-07-19 22:09:04,280,642,88,524,494,779,781
2016-07-19 22:09:05,283,643,88,524,493,779,781
2016-07-19 22:09:06,287,644,88,525,493,780,781
2016-07-19 22:09:07,292,645,89,525,492,780,781
2016-07-19 22:09:08,295,646,88,525,492,780,781
2016-07-19 22:09:09,300,647,89,526,492,780,781
2016-07-19 22:09:10,304,648,88,526,491,779,781
2016-07-19 22:09:11,308,649,88,526,491,780,781
2016-07-19 22:09:12,313,650,89,526,491,780,781
2016-07-19 22:09:13,317,651,89,527,490,780,781
2016-07-19 22:09:14,323,652,89,527,490,780,781
2016-07-19 22:09:15,325,653,88,527,490,780,781
2016-07-19 22:09:16,328,654,89,528,489,780,781
2016-07-19 22:09:17,331,655,88,528,489,780,781
2016-07-19 22:09:18,335,656,89,528,489,780,781
2016-07-19 22:09:19,340,657,88,529,488,780,781
2016-07-19 22:09:20,341,658,89,529,488,780,781
2016-07-19 22:09:21,344,659,89,529,488,780,781
2016-07-19 22:09:22,350,660,88,530,488,780,781
2016-07-19 22:09:23,350,661,89,530,487,780,781
2016-07-19 22:09:24,355,662,89,530,487,780,781
2016-07-19 22:09:25,356,663,88,530,487,780,781
2016-07-19 22:09:26,358,664,89,531,487,780,781
2016-07-19 22:09:27,362,665,88,531,487,780,781
2016-07-19 22:09:28,368,666,88,531,487,780,781
2016-07-19 22:09:29,373,667,89,531,486,780,781
2016-07-19 22:09:30,379,668,88,532,486,780,781
2016-07-19 22:09:31,381,669,89,532,486,780,781
2016-07-19 22:09:32,386,670,88,532,485,779,781
2016-07-19 22:09:33,390,671,89,533,485,780,781
2016-07-19 22:09:34,396,672,89,533,485,780,781
2016-07-19 22:09:35,401,673,89,533,485,780,781
2016-07-19 22:09:36,406,674,89,533,485,780,781
2016-07-19 22:09:37,412,675,88,534,485,780,781
2016-07-19 22:09:38,418,676,88,534,485,780,781
2016-07-19 22:09:39,424,677,88,534,484,780,781
2016-07-19 22:09:40,428,678,89,534,484,780,781
2016-07-19 22:09:41,433,679,89,535,483,780,781
2016-07-19 22:09:42,435,680,89,535,483,780,781
2016-07-19 22:09:43,435,681,88,535,482,780,781
2016-07-19 22:09:44,440,682,88,536,482,780,781
2016-07-19 22:09:45,446,683,89,536,482,780,781
2016-07-19 22:09:46,451,684,89,536,481,780,781
2016-07-19 22:09:47,453,685,88,536,481,780,781
2016-07-19 22:09:48,457,686,89,537,480,780,781
2016-07-19 22:09:49,458,687,89,537,480,780,781
2016-07-19 22:09:50,463,688,89,537,480,780,781
2016-07-19 22:09:51,467,689,89,537,480,780,781
2016-07-19 22:09:52,472,690,88,537,479,780,781
2016-07-19 22:09:53,475,691,88,537,479,780,781
2016-07-19 22:09:54,479,692,89,537,478,780,781
2016-07-19 22:09:55,484,693,88,535,477,780,781
2016-07-19 22:09:56,489,694,89,534,476,780,781
2016-07-19 22:09:57,492,695,88,533,475,780,781
2016-07-19 22:09:58,499,696,88,532,474,780,781
2016-07-19 22:09:59,501,697,88,531,473,780,781
2016-07-19 22:10:00,503,698,89,530,472,780,781
2016-07-19 22:10:01,507,699,88,530,472,780,781
2016-07-19 22:10:02,512,700,88,530,471,780,781
2016-07-19 22:10:03,515,701,89,529,470,780,781
2016-07-19 22:10:04,518,702,88,527,469,780,781
2016-07-19 22:10:05,524,703,89,523,468,780,781
2016-07-19 22:10:06,525,704,89,520,466,780,781
2016-07-19 22:10:07,527,705,89,517,464,780,781
2016-07-19 22:10:08,531,706,88,514,462,780,781
2016-07-19 22:10:09,534,707,88,511,460,780,781
2016-07-19 22:10:10,539,708,88,508,457,780,781
2016-07-19 22:10:11,540,709,89,506,456,780,781
2016-07-19 22:10:12,541,710,89,504,454,780,781
2016-07-19 22:10:13,546,711,89,500,452,780,781
2016-07-19 22:10:14,549,712,88,497,451,780,781
2016-07-19 22:10:15,555,713,89,495,449,780,781
2016-07-19 22:10:16,559,714,89,492,448,780,781
2016-07-19 22:10:17,563,715,89,489,446,780,781
2016-07-19 22:10:18,566,716,89,486,445,780,781
2016-07-19 22:10:19,571,717,89,484,443,780,781
2016-07-19 22:10:20,572,718,88,481,442,780,781
2016-07-19 22:10:21,574,719,89,479,441,780,781
2016-07-19 22:10:22,579,720,89,477,440,780,781
2016-07-19 22:10:23,580,721,89,475,439,780,781
2016-07-19 22:10:24,582,722,89,472,438,780,781
2016-07-19 22:10:25,588,723,88,470,437,780,781
2016-07-19 22:10:26,590,724,89,467,436,780,781
2016-07-19 22:10:27,594,725,89,464,435,780,781
2016-07-19 22:10:28,595,726,88,462,434,780,781
2016-07-19 22:10:29,600,727,89,460,434,780,781
2016-07-19 22:10:30,605,728,88,458,433,780,781
2016-07-19 22:10:31,607,729,88,457,432,780,781
2016-07-19 22:10:32,612,730,88,455,431,780,781
2016-07-19 22:10:33,614,731,89,454,431,780,781
2016-07-19 22:10:34,618,732,89,452,431,780,781
2016-07-19 22:10:35,618,733,89,451,430,780,781
2016-07-19 22:10:36,620,734,89,449,429,780,781
2016-07-19 22:10:37,625,735,88,447,428,780,781
2016-07-19 22:10:38,626,736,88,445,427,779,781
2016-07-19 22:10:39,629,737,89,443,427,780,781
2016-07-19 22:10:40,634,738,88,440,426,780,781
2016-07-19 22:10:41,636,739,89,438,426,780,781
2016-07-19 22:10:42,640,740,88,436,425,780,781
2016-07-19 22:10:43,643,741,88,434,425,780,781
2016-07-19 22:10:44,649,742,89,431,424,780,781
2016-07-19 22:10:45,649,743,88,429,424,780,781
2016-07-19 22:10:46,652,744,88,428,423,779,781
2016-07-19 22:10:47,656,745,89,427,423,780,781
2016-07-19 22:10:48,657,746,89,426,423,780,781
2016-07-19 22:10:49,659,747,88,425,422,780,781
2016-07-19 22:10:50,665,748,89,424,422,780,781
2016-07-19 22:10:51,669,749,89,421,422,780,781
2016-07-19 22:10:52,673,750,88,419,422,780,781
2016-07-19 22:10:53,676,751,89,417,422,780,781
2016-07-19 22:10:54,680,752,88,415,422,780,781
2016-07-19 22:10:55,684,753,89,414,422,780,781
2016-07-19 22:10:56,688,754,88,413,421,780,781
2016-07-19 22:10:57,689,755,88,411,420,780,781
2016-07-19 22:10:58,694,756,89,409,420,780,781
2016-07-19 22:10:59,697,757,89,408,420,780,781
2016-07-19 22:11:00,700,758,88,407,420,780,781
2016-07-19 22:11:01,706,759,89,406,419,780,781
2016-07-19 22:11:02,711,760,89,405,419,780,781
2016-07-19 22:11:03,714,761,89,403,418,780,781
2016-07-19 22:11:04,718,762,88,402,418,780,781
2016-07-19 22:11:05,723,763,88,401,418,780,781
2016-07-19 22:11:06,724,764,89,401,418,780,781
2016-07-19 22:11:07,729,765,89,400,417,780,781
2016-07-19 22:11:08,732,766,88,400,417,780,781
2016-07-19 22:11:09,737,767,89,400,417,780,781
2016-07-19 22:11:10,742,768,89,399,416,780,781
2016-07-19 22:11:11,746,769,88,399,416,780,781
2016-07-19 22:11:12,748,770,89,398,416,780,781
2016-07-19 22:11:13,751,771,89,398,416,780,781
2016-07-19 22:11:14,755,772,89,397,416,780,781
2016-07-19 22:11:15,757,773,88,397,415,780,781
2016-07-19 22:11:16,761,774,88,396,415,780,781
2016-07-19 22:11:17,766,775,88,395,414,780,781
2016-07-19 22:11:18,772,776,89,393,414,780,781
2016-07-19 22:11:19,776,777,89,391,414,780,781
2016-07-19 22:11:20,781,778,89,390,414,780,781
2016-07-19 22:11:21,787,779,89,390,414,780,781
2016-07-19 22:11:22,790,780,88,390,414,780,781
2016-07-19 22:11:23,793,781,89,389,413,780,781
2016-07-19 22:11:24,798,782,89,388,413,780,781
2016-07-19 22:11:25,800,783,88,388,413,780,781
2016-07-19 22:11:26,804,784,89,387,413,780,781
2016-07-19 22:11:27,805,785,89,386,413,780,781
2016-07-19 22:11:28,811,786,89,385,413,780,781
2016-07-19 22:11:29,813,787,89,385,413,780,781
2016-07-19 22:11:30,817,788,88,384,412,780,781
2016-07-19 22:11:31,822,789,89,383,412,780,781
2016-07-19 22:11:32,824,790,89,383,412,780,781
2016-07-19 22:11:33,830,791,89,383,412,780,781
2016-07-19 22:11:34,832,792,89,383,411,780,781
2016-07-19 22:11:35,836,793,88,382,411,780,781
2016-07-19 22:11:36,837,794,89,381,411,780,781
2016-07-19 22:11:37,842,795,89,380,411,780,781
2016-07-19 22:11:38,846,796,89,380,410,780,781
2016-07-19 22:11:39,848,797,89,380,410,780,781
2016-07-19 22:11:40,852,798,89,380,410,780,781
2016-07-19 22:11:41,854,799,88,378,409,780,781
2016-07-19 22:11:42,857,800,88,377,409,780,781
2016-07-19 22:11:43,861,801,89,375,409,780,781
2016-07-19 22:11:44,866,802,89,375,409,780,781
2016-07-19 22:11:45,869,803,89,375,409,780,781
2016-07-19 22:11:46,872,805,88,375,408,780,781
2016-07-19 22:11:47,876,806,88,374,408,780,781
2016-07-19 22:11:48,877,807,89,373,408,780,781
2016-07-19 22:11:49,878,808,88,373,408,780,781
2016-07-19 22:11:50,883,809,89,377,409,780,781
2016-07-19 22:11:51,884,810,89,381,411,780,781
2016-07-19 22:11:52,888,811,88,385,412,780,781
