2016-07-19 22:29:36,978,coffee,datetime,ms,seconds,ambient_temp,thermocouple_0_temp,thermocouple_1_temp,thermocouple_2_temp,thermocouple_3_temp
2016-07-19 22:29:39,049,2,88,502,429,780,781
2016-07-19 22:29:40,054,3,88,494,424,780,781
2016-07-19 22:29:41,055,4,88,483,419,780,781
2016-07-19 22:29:42,060,5,88,472,413,780,781
2016-07-19 22:29:43,064,6,88,460,407,780,781
2016-07-19 22:29:44,069,7,88,448,403,780,781
2016-07-19 22:29:45,073,8,88,438,400,780,781
2016-07-19 22:29:46,077,9,88,428,397,780,781
2016-07-19 22:29:47,082,10,88,419,395,780,781
2016-07-19 22:29:48,087,11,88,409,393,780,781
2016-07-19 22:29:49,092,12,88,400,392,780,781
2016-07-19 22:29:50,096,13,88,392,390,780,781
2016-07-19 22:29:51,102,14,88,384,389,780,781
2016-07-19 22:29:52,105,15,88,375,388,780,781
2016-07-19 22:29:53,108,16,88,367,386,780,781
2016-07-19 22:29:54,113,17,88,360,385,779,781
2016-07-19 22:29:55,115,18,88,353,384,780,781
2016-07-19 22:29:56,119,19,88,346,383,780,781
2016-07-19 22:29:57,120,20,88,340,382,780,781
2016-07-19 22:29:58,125,21,88,333,381,780,781
2016-07-19 22:29:59,130,22,88,327,380,780,781
2016-07-19 22:30:00,136,23,88,321,379,780,781
2016-07-19 22:30:01,137,24,88,316,378,780,781
2016-07-19 22:30:02,140,25,88,311,377,780,781
2016-07-19 22:30:03,146,26,88,306,376,780,781
2016-07-19 22:30:04,148,27,88,301,376,779,781
2016-07-19 22:30:05,152,28,88,297,375,780,781
2016-07-19 22:30:06,153,29,88,293,375,780,781
2016-07-19 22:30:07,155,30,88,289,374,780,781
2016-07-19 22:30:08,159,31,88,285,374,780,781
2016-07-19 22:30:09,162,32,88,281,373,780,781
2016-07-19 22:30:10,167,33,88,278,372,780,781
2016-07-19 22:30:11,168,34,88,274,372,780,781
2016-07-19 22:30:12,169,35,88,271,371,780,781
2016-07-19 22:30:13,174,36,88,268,371,780,781
2016-07-19 22:30:14,175,37,88,265,371,780,781
2016-07-19 22:30:15,179,38,88,262,370,780,781
2016-07-19 22:30:16,184,39,88,260,370,780,781
2016-07-19 22:30:17,185,40,88,257,370,780,781
2016-07-19 22:30:18,190,41,88,255,369,780,781
2016-07-19 22:30:19,192,42,88,252,369,780,781
2016-07-19 22:30:20,196,43,88,250,369,780,781
2016-07-19 22:30:21,199,44,88,248,369,780,781
2016-07-19 22:30:22,204,45,88,246,369,780,781
2016-07-19 22:30:23,208,46,88,244,368,780,781
2016-07-19 22:30:24,208,47,88,243,368,780,781
2016-07-19 22:30:25,214,48,88,241,368,780,781
2016-07-19 22:30:26,215,49,88,240,368,780,781
2016-07-19 22:30:27,217,50,88,238,368,780,781
2016-07-19 22:30:28,220,51,88,237,368,780,781
2016-07-19 22:30:29,222,52,88,235,368,780,781
2016-07-19 22:30:30,227,53,88,234,368,780,781
2016-07-19 22:30:31,230,54,88,233,367,780,781
2016-07-19 22:30:32,234,55,88,232,367,780,781
2016-07-19 22:30:33,239,56,88,231,367,780,781
2016-07-19 22:30:34,244,57,88,230,367,780,781
2016-07-19 22:30:35,248,58,88,229,367,780,781
2016-07-19 22:30:36,254,59,88,228,367,780,781
2016-07-19 22:30:37,255,60,88,228,368,780,781
2016-07-19 22:30:38,256,61,88,227,368,780,781
2016-07-19 22:30:39,261,62,88,226,368,780,781
2016-07-19 22:30:40,262,63,88,226,368,780,781
2016-07-19 22:30:41,265,64,88,225,368,780,781
2016-07-19 22:30:42,271,65,88,225,369,780,781
2016-07-19 22:30:43,272,66,88,225,369,780,781
2016-07-19 22:30:44,277,67,88,224,369,780,781
2016-07-19 22:30:45,281,68,88,224,369,780,781
2016-07-19 22:30:46,285,69,88,224,370,780,781
2016-07-19 22:30:47,288,70,88,224,370,780,781
2016-07-19 22:30:48,294,71,88,224,370,780,781
2016-07-19 22:30:49,295,72,88,223,370,780,781
2016-07-19 22:30:50,301,73,88,224,371,780,781
2016-07-19 22:30:51,303,74,88,223,371,780,781
2016-07-19 22:30:52,307,75,88,223,371,780,781
2016-07-19 22:30:53,312,76,88,223,371,780,781
2016-07-19 22:30:54,316,77,88,223,372,780,781
2016-07-19 22:30:55,320,78,88,223,372,780,781
2016-07-19 22:30:56,326,79,88,223,372,780,781
2016-07-19 22:30:57,329,80,88,224,372,780,781
2016-07-19 22:30:58,333,81,88,224,373,780,781
2016-07-19 22:30:59,337,82,88,224,373,780,781
2016-07-19 22:31:00,338,83,88,224,373,780,781
2016-07-19 22:31:01,344,84,88,224,373,780,781
2016-07-19 22:31:02,347,85,88,225,374,780,781
2016-07-19 22:31:03,352,86,88,225,374,780,781
2016-07-19 22:31:04,353,87,88,225,374,780,781
2016-07-19 22:31:05,356,88,88,226,375,780,781
2016-07-19 22:31:06,362,89,88,226,375,780,781
2016-07-19 22:31:07,368,90,88,226,375,780,781
2016-07-19 22:31:08,370,91,88,227,375,780,781
2016-07-19 22:31:09,375,92,88,227,375,780,781
2016-07-19 22:31:10,381,93,88,228,376,780,781
2016-07-19 22:31:11,385,94,88,228,376,780,781
2016-07-19 22:31:12,391,95,88,229,376,780,781
2016-07-19 22:31:13,397,96,88,229,376,780,781
2016-07-19 22:31:14,401,97,88,230,376,780,781
2016-07-19 22:31:15,405,98,88,230,377,780,781
2016-07-19 22:31:16,410,99,88,231,377,780,781
2016-07-19 22:31:17,415,100,88,231,377,780,781
2016-07-19 22:31:18,416,101,88,232,377,780,781
2016-07-19 22:31:19,422,102,88,232,377,780,781
2016-07-19 22:31:20,428,103,88,233,377,780,781
2016-07-19 22:31:21,430,104,88,234,378,780,781
2016-07-19 22:31:22,436,105,88,234,378,780,781
2016-07-19 22:31:23,439,106,88,235,379,780,781
2016-07-19 22:31:24,440,107,88,235,379,780,781
2016-07-19 22:31:25,445,108,88,236,380,780,781
2016-07-19 22:31:26,446,109,88,237,381,780,781
2016-07-19 22:31:27,451,110,88,237,382,780,781
2016-07-19 22:31:28,454,111,88,238,382,780,781
2016-07-19 22:31:29,458,112,88,239,383,780,781
2016-07-19 22:31:30,463,113,88,239,383,780,781
2016-07-19 22:31:31,469,114,88,240,384,780,781
2016-07-19 22:31:32,471,115,88,241,384,780,781
2016-07-19 22:31:33,478,116,88,241,385,780,781
2016-07-19 22:31:34,480,117,88,242,385,780,781
2016-07-19 22:31:35,481,118,88,243,386,780,781
2016-07-19 22:31:36,486,119,88,243,386,780,781
2016-07-19 22:31:37,491,120,88,244,387,780,781
2016-07-19 22:31:38,494,121,88,245,387,780,781
2016-07-19 22:31:39,499,122,88,246,388,780,781
2016-07-19 22:31:40,502,123,88,246,388,780,781
2016-07-19 22:31:41,504,124,88,247,389,780,781
2016-07-19 22:31:42,508,125,88,248,389,780,781
2016-07-19 22:31:43,512,126,88,248,390,780,781
2016-07-19 22:31:44,518,127,88,249,390,780,781
2016-07-19 22:31:45,521,128,88,250,391,780,781
2016-07-19 22:31:46,526,129,88,251,391,780,781
2016-07-19 22:31:47,529,130,88,251,391,780,781
2016-07-19 22:31:48,535,131,88,252,392,780,781
2016-07-19 22:31:49,538,132,88,253,392,780,781
2016-07-19 22:31:50,540,133,88,254,393,780,781
2016-07-19 22:31:51,544,134,88,254,393,780,781
2016-07-19 22:31:52,546,135,88,255,393,780,781
2016-07-19 22:31:53,548,136,88,256,394,780,781
2016-07-19 22:31:54,553,137,88,257,394,780,781
2016-07-19 22:31:55,557,138,88,258,395,780,781
2016-07-19 22:31:56,562,139,88,258,395,780,781
2016-07-19 22:31:57,566,140,88,259,395,780,781
2016-07-19 22:31:58,570,141,88,260,396,780,781
2016-07-19 22:31:59,575,142,88,261,396,780,781
2016-07-19 22:32:00,579,143,88,262,396,780,781
2016-07-19 22:32:01,582,144,88,262,397,780,781
2016-07-19 22:32:02,587,145,88,263,397,780,781
2016-07-19 22:32:03,590,146,88,264,398,780,781
2016-07-19 22:32:04,595,147,88,264,398,780,781
2016-07-19 22:32:05,597,148,88,265,398,780,781
2016-07-19 22:32:06,602,149,88,266,399,780,781
2016-07-19 22:32:07,603,150,88,267,399,780,781
2016-07-19 22:32:08,604,151,88,268,399,780,781
2016-07-19 22:32:09,609,152,88,269,400,780,781
2016-07-19 22:32:10,613,153,88,269,400,780,781
2016-07-19 22:32:11,617,154,88,270,401,780,781
2016-07-19 22:32:12,619,155,88,271,401,780,781
2016-07-19 22:32:13,621,156,88,272,401,780,781
2016-07-19 22:32:14,626,157,88,272,402,780,781
2016-07-19 22:32:15,629,158,88,273,402,780,781
2016-07-19 22:32:16,633,159,88,274,402,780,781
2016-07-19 22:32:17,639,160,88,275,403,780,781
2016-07-19 22:32:18,643,161,88,276,403,780,781
2016-07-19 22:32:19,647,162,88,277,403,780,781
2016-07-19 22:32:20,652,163,88,277,404,780,781
2016-07-19 22:32:21,656,164,88,278,404,780,781
2016-07-19 22:32:22,660,165,88,279,404,780,781
2016-07-19 22:32:23,661,166,88,280,404,780,781
2016-07-19 22:32:24,666,167,88,280,405,780,781
2016-07-19 22:32:25,667,168,88,281,405,780,781
2016-07-19 22:32:26,672,169,88,282,405,780,781
2016-07-19 22:32:27,675,170,88,283,406,780,781
2016-07-19 22:32:28,679,171,88,283,406,780,781
2016-07-19 22:32:29,684,172,88,284,406,780,781
2016-07-19 22:32:30,690,173,88,285,407,780,781
2016-07-19 22:32:31,693,174,88,286,407,780,781
2016-07-19 22:32:32,699,175,88,287,407,780,781
2016-07-19 22:32:33,701,176,88,287,408,780,781
2016-07-19 22:32:34,702,177,88,288,408,780,781
2016-07-19 22:32:35,707,178,88,289,408,780,781
2016-07-19 22:32:36,711,179,88,290,408,780,781
2016-07-19 22:32:37,715,180,88,290,409,780,781
2016-07-19 22:32:38,717,181,88,291,409,780,781
2016-07-19 22:32:39,718,182,88,292,409,780,781
2016-07-19 22:32:40,722,183,88,293,410,780,781
2016-07-19 22:32:41,728,184,88,294,410,780,781
2016-07-19 22:32:42,734,185,88,294,410,780,781
2016-07-19 22:32:43,739,186,88,295,410,780,781
2016-07-19 22:32:44,746,187,88,296,411,780,781
2016-07-19 22:32:45,750,188,88,297,411,780,781
2016-07-19 22:32:46,754,189,88,297,411,780,781
2016-07-19 22:32:47,758,190,88,298,412,780,781
2016-07-19 22:32:48,759,191,88,299,412,780,781
2016-07-19 22:32:49,764,192,88,300,412,780,781
2016-07-19 22:32:50,767,193,88,301,412,780,781
2016-07-19 22:32:51,771,194,88,301,413,780,781
2016-07-19 22:32:52,776,195,88,302,413,780,781
2016-07-19 22:32:53,780,196,88,303,413,780,781
2016-07-19 22:32:54,784,197,88,304,413,780,781
2016-07-19 22:32:55,789,198,88,304,413,780,781
2016-07-19 22:32:56,793,199,88,305,414,780,781
2016-07-19 22:32:57,799,200,88,306,414,780,781
2016-07-19 22:32:58,801,201,88,307,414,780,781
2016-07-19 22:32:59,806,202,88,307,414,780,781
2016-07-19 22:33:00,812,203,88,308,415,780,781
2016-07-19 22:33:01,817,204,88,309,415,780,781
2016-07-19 22:33:02,819,205,88,310,415,780,781
2016-07-19 22:33:03,819,206,88,310,416,780,781
2016-07-19 22:33:04,824,207,88,311,416,780,781
2016-07-19 22:33:05,829,208,88,312,416,780,781
2016-07-19 22:33:06,833,209,88,312,416,780,781
2016-07-19 22:33:07,834,210,88,313,417,780,781
2016-07-19 22:33:08,840,211,88,314,417,780,781
2016-07-19 22:33:09,845,212,88,314,417,780,781
2016-07-19 22:33:10,850,213,88,315,418,780,781
2016-07-19 22:33:11,855,214,88,316,418,780,781
2016-07-19 22:33:12,858,215,88,317,418,780,781
2016-07-19 22:33:13,859,216,88,317,418,780,781
2016-07-19 22:33:14,864,217,88,318,419,780,781
2016-07-19 22:33:15,868,218,88,319,419,780,781
2016-07-19 22:33:16,874,219,88,320,419,780,781
2016-07-19 22:33:17,877,220,88,320,419,780,781
2016-07-19 22:33:18,878,221,88,321,419,780,781
2016-07-19 22:33:19,882,222,88,322,419,780,781
2016-07-19 22:33:20,883,223,88,323,420,780,781
2016-07-19 22:33:21,888,224,88,323,420,780,781
2016-07-19 22:33:22,892,225,88,324,420,780,781
2016-07-19 22:33:23,897,226,88,325,420,780,781
2016-07-19 22:33:24,900,227,88,325,421,780,781
2016-07-19 22:33:25,902,228,88,326,421,780,781
2016-07-19 22:33:26,906,229,88,327,421,780,781
2016-07-19 22:33:27,907,230,88,327,421,780,781
2016-07-19 22:33:28,913,231,88,328,422,780,781
2016-07-19 22:33:29,916,232,88,329,422,780,781
2016-07-19 22:33:30,919,233,88,329,422,780,781
2016-07-19 22:33:31,924,234,88,330,422,780,781
2016-07-19 22:33:32,930,235,88,331,422,780,781
2016-07-19 22:33:33,933,236,88,332,423,780,781
2016-07-19 22:33:34,933,237,88,332,423,780,781
2016-07-19 22:33:35,939,238,88,333,423,780,781
2016-07-19 22:33:36,944,239,88,334,423,780,781
2016-07-19 22:33:37,947,240,88,334,424,780,781
2016-07-19 22:33:38,948,241,88,335,424,780,781
2016-07-19 22:33:39,950,242,88,336,424,780,781
2016-07-19 22:33:40,954,243,88,336,424,780,781
2016-07-19 22:33:41,955,244,88,337,425,780,781
2016-07-19 22:33:42,959,245,88,337,425,780,781
2016-07-19 22:33:43,963,246,88,338,425,780,781
2016-07-19 22:33:44,966,247,88,339,425,780,781
2016-07-19 22:33:45,972,248,88,339,425,780,781
2016-07-19 22:33:46,978,249,88,340,425,780,781
2016-07-19 22:33:47,980,251,88,341,425,780,781
2016-07-19 22:33:48,986,252,88,341,426,780,781
2016-07-19 22:33:49,989,253,88,342,426,780,781
2016-07-19 22:33:50,991,254,88,343,426,780,781
2016-07-19 22:33:51,995,255,88,343,426,780,781
2016-07-19 22:33:52,996,256,88,344,426,780,781
2016-07-19 22:33:53,999,257,88,345,426,780,781
2016-07-19 22:33:55,004,258,88,345,427,780,781
2016-07-19 22:33:56,006,259,88,346,427,780,781
2016-07-19 22:33:57,011,260,88,346,427,780,781
2016-07-19 22:33:58,012,261,88,347,427,780,781
2016-07-19 22:33:59,018,262,88,348,428,780,781
2016-07-19 22:34:00,021,263,88,348,428,780,781
2016-07-19 22:34:01,027,264,88,349,428,780,781
2016-07-19 22:34:02,031,265,88,349,429,780,781
2016-07-19 22:34:03,036,266,88,350,429,780,781
2016-07-19 22:34:04,036,267,88,351,429,780,781
2016-07-19 22:34:05,039,268,88,351,430,780,781
2016-07-19 22:34:06,043,269,88,352,430,780,781
2016-07-19 22:34:07,047,270,88,353,430,780,781
2016-07-19 22:34:08,051,271,88,353,430,780,781
2016-07-19 22:34:09,055,272,88,354,430,780,781
2016-07-19 22:34:10,060,273,88,354,430,780,781
2016-07-19 22:34:11,064,274,88,355,431,780,781
2016-07-19 22:34:12,068,275,88,356,431,780,781
2016-07-19 22:34:13,069,276,88,356,431,780,781
2016-07-19 22:34:14,074,277,88,357,431,780,781
2016-07-19 22:34:15,078,278,88,358,432,780,781
2016-07-19 22:34:16,084,279,88,358,432,780,781
2016-07-19 22:34:17,089,280,88,359,432,780,781
2016-07-19 22:34:18,094,281,88,360,432,780,781
2016-07-19 22:34:19,099,282,88,360,433,780,781
2016-07-19 22:34:20,104,283,88,361,433,780,781
2016-07-19 22:34:21,110,284,88,362,433,780,781
2016-07-19 22:34:22,113,285,88,362,434,780,781
2016-07-19 22:34:23,113,286,88,363,434,780,781
2016-07-19 22:34:24,119,287,88,363,434,780,781
2016-07-19 22:34:25,126,288,88,364,434,780,781
2016-07-19 22:34:26,130,289,88,364,435,780,781
2016-07-19 22:34:27,136,290,88,365,435,780,781
2016-07-19 22:34:28,138,291,88,366,435,780,781
2016-07-19 22:34:29,144,292,88,366,435,780,781
2016-07-19 22:34:30,147,293,88,367,435,780,781
2016-07-19 22:34:31,150,294,88,367,436,780,781
2016-07-19 22:34:32,155,295,88,368,436,780,781
2016-07-19 22:34:33,158,296,88,369,436,780,781
2016-07-19 22:34:34,161,297,88,369,436,780,781
2016-07-19 22:34:35,165,298,88,370,437,780,781
2016-07-19 22:34:36,170,299,88,370,437,780,781
2016-07-19 22:34:37,173,300,88,371,437,780,781
2016-07-19 22:34:38,178,301,88,372,437,780,781
2016-07-19 22:34:39,179,302,88,372,437,780,781
2016-07-19 22:34:40,180,303,88,373,437,780,781
2016-07-19 22:34:41,186,304,88,373,437,780,781
2016-07-19 22:34:42,186,305,88,374,437,780,781
2016-07-19 22:34:43,188,306,88,374,437,780,781
2016-07-19 22:34:44,192,307,88,375,437,780,781
2016-07-19 22:34:45,193,308,88,375,437,780,781
2016-07-19 22:34:46,196,309,88,376,438,780,781
2016-07-19 22:34:47,202,310,88,377,438,780,781
2016-07-19 22:34:48,206,311,88,377,438,780,781
2016-07-19 22:34:49,210,312,88,378,439,780,781
2016-07-19 22:34:50,211,313,88,378,439,780,781
2016-07-19 22:34:51,216,314,88,379,439,780,781
2016-07-19 22:34:52,217,315,88,379,439,780,781
2016-07-19 22:34:53,218,316,88,380,439,780,781
2016-07-19 22:34:54,223,317,88,381,439,780,781
2016-07-19 22:34:55,224,318,88,381,439,780,781
2016-07-19 22:34:56,226,319,88,382,440,780,781
2016-07-19 22:34:57,230,320,88,382,440,780,781
2016-07-19 22:34:58,231,321,88,383,440,780,781
2016-07-19 22:34:59,236,322,88,383,440,780,781
2016-07-19 22:35:00,240,323,88,384,440,780,781
2016-07-19 22:35:01,243,324,88,385,441,780,781
2016-07-19 22:35:02,248,325,88,385,441,780,781
2016-07-19 22:35:03,251,326,88,386,442,780,781
2016-07-19 22:35:04,257,327,88,386,442,780,781
2016-07-19 22:35:05,262,328,88,387,442,780,781
2016-07-19 22:35:06,265,329,88,387,442,780,781
2016-07-19 22:35:07,266,330,88,388,442,780,781
2016-07-19 22:35:08,271,331,88,388,443,780,781
2016-07-19 22:35:09,276,332,88,389,443,780,781
2016-07-19 22:35:10,282,333,88,390,443,780,781
2016-07-19 22:35:11,286,334,88,390,444,780,781
2016-07-19 22:35:12,290,335,88,391,444,780,781
2016-07-19 22:35:13,293,336,88,391,444,780,781
2016-07-19 22:35:14,299,337,88,392,444,780,781
2016-07-19 22:35:15,305,338,88,392,445,780,781
2016-07-19 22:35:16,308,339,88,393,445,780,781
2016-07-19 22:35:17,309,340,88,393,445,780,781
2016-07-19 22:35:18,313,341,88,394,445,780,781
2016-07-19 22:35:19,316,342,88,394,445,780,781
2016-07-19 22:35:20,322,343,88,395,445,780,781
2016-07-19 22:35:21,323,344,88,396,446,780,781
2016-07-19 22:35:22,325,345,88,396,446,780,781
2016-07-19 22:35:23,331,346,88,397,446,780,781
2016-07-19 22:35:24,332,347,88,397,446,780,781
2016-07-19 22:35:25,337,348,88,398,446,780,781
2016-07-19 22:35:26,343,349,88,398,446,780,781
2016-07-19 22:35:27,348,350,88,399,446,780,781
2016-07-19 22:35:28,350,351,88,400,447,780,781
2016-07-19 22:35:29,354,352,88,400,447,780,781
2016-07-19 22:35:30,355,353,88,401,447,780,781
2016-07-19 22:35:31,360,354,88,401,447,780,781
2016-07-19 22:35:32,363,355,88,402,447,780,781
2016-07-19 22:35:33,369,356,88,402,447,780,781
2016-07-19 22:35:34,372,357,88,403,447,780,781
2016-07-19 22:35:35,376,358,88,403,447,780,781
2016-07-19 22:35:36,380,359,88,404,447,780,781
2016-07-19 22:35:37,386,360,88,404,447,780,781
2016-07-19 22:35:38,389,361,88,405,447,780,781
2016-07-19 22:35:39,392,362,88,406,447,780,781
2016-07-19 22:35:40,398,363,88,406,448,780,781
2016-07-19 22:35:41,403,364,88,407,448,780,781
2016-07-19 22:35:42,409,365,88,407,448,780,781
2016-07-19 22:35:43,415,366,88,408,448,780,781
2016-07-19 22:35:44,416,367,88,408,448,780,781
2016-07-19 22:35:45,422,368,88,409,448,780,781
2016-07-19 22:35:46,423,369,88,409,449,780,781
2016-07-19 22:35:47,424,370,88,410,449,780,781
2016-07-19 22:35:48,429,371,88,410,449,780,781
2016-07-19 22:35:49,430,372,88,411,449,780,781
2016-07-19 22:35:50,437,373,88,411,449,780,781
2016-07-19 22:35:51,442,374,88,412,449,780,781
2016-07-19 22:35:52,446,375,88,412,449,780,781
2016-07-19 22:35:53,447,376,88,413,449,780,781
2016-07-19 22:35:54,453,377,88,413,449,780,781
2016-07-19 22:35:55,456,378,88,414,450,780,781
2016-07-19 22:35:56,460,379,88,414,450,780,781
2016-07-19 22:35:57,464,380,88,415,450,780,781
2016-07-19 22:35:58,470,381,88,415,450,780,781
2016-07-19 22:35:59,474,382,88,416,450,780,781
2016-07-19 22:36:00,479,383,88,416,450,780,781
2016-07-19 22:36:01,484,384,88,417,451,780,781
2016-07-19 22:36:02,488,385,88,417,451,780,781
2016-07-19 22:36:03,493,386,88,418,451,780,781
2016-07-19 22:36:04,497,387,88,418,451,780,781
2016-07-19 22:36:05,501,388,88,419,451,780,781
2016-07-19 22:36:06,505,389,88,419,451,780,781
2016-07-19 22:36:07,510,390,88,420,451,780,781
2016-07-19 22:36:08,514,391,88,420,452,780,781
2016-07-19 22:36:09,514,392,88,421,452,780,781
2016-07-19 22:36:10,517,393,88,421,452,780,781
2016-07-19 22:36:11,523,394,88,422,452,780,781
2016-07-19 22:36:12,529,395,88,423,452,780,781
2016-07-19 22:36:13,531,396,88,423,452,780,781
2016-07-19 22:36:14,535,397,88,423,453,780,781
2016-07-19 22:36:15,541,398,88,424,453,780,781
2016-07-19 22:36:16,542,399,88,424,453,780,781
2016-07-19 22:36:17,546,400,88,425,453,780,781
2016-07-19 22:36:18,547,401,88,425,453,780,781
2016-07-19 22:36:19,552,402,88,426,454,780,781
2016-07-19 22:36:20,556,403,88,426,454,780,781
2016-07-19 22:36:21,558,404,88,427,454,780,781
2016-07-19 22:36:22,561,405,88,427,454,780,781
2016-07-19 22:36:23,563,406,88,428,454,780,781
2016-07-19 22:36:24,564,407,88,428,454,780,781
2016-07-19 22:36:25,568,408,88,429,455,780,781
2016-07-19 22:36:26,573,409,88,429,455,780,781
2016-07-19 22:36:27,577,410,88,430,455,780,781
2016-07-19 22:36:28,579,411,88,430,455,780,781
2016-07-19 22:36:29,585,412,88,431,455,780,781
2016-07-19 22:36:30,586,413,88,431,456,780,781
2016-07-19 22:36:31,588,414,88,432,456,780,781
2016-07-19 22:36:32,592,415,88,432,456,780,781
2016-07-19 22:36:33,597,416,88,433,456,780,781
2016-07-19 22:36:34,601,417,88,433,456,780,781
2016-07-19 22:36:35,602,418,88,434,456,780,781
2016-07-19 22:36:36,607,419,88,434,456,780,781
2016-07-19 22:36:37,610,420,88,435,457,780,781
2016-07-19 22:36:38,617,421,88,435,457,780,781
2016-07-19 22:36:39,619,422,88,435,457,780,781
2016-07-19 22:36:40,623,423,88,436,457,780,781
2016-07-19 22:36:41,627,424,88,436,457,780,781
2016-07-19 22:36:42,633,425,88,437,458,780,781
2016-07-19 22:36:43,636,426,88,437,458,780,781
2016-07-19 22:36:44,641,427,88,438,458,780,781
2016-07-19 22:36:45,644,428,88,438,457,780,781
2016-07-19 22:36:46,650,429,88,438,457,780,781
2016-07-19 22:36:47,653,430,88,439,457,780,781
2016-07-19 22:36:48,658,431,88,440,457,780,781
2016-07-19 22:36:49,662,432,88,440,458,780,781
2016-07-19 22:36:50,664,433,88,440,458,780,781
2016-07-19 22:36:51,667,434,88,441,458,780,781
2016-07-19 22:36:52,668,435,88,441,458,780,781
2016-07-19 22:36:53,673,436,88,442,458,780,781
2016-07-19 22:36:54,677,437,88,442,458,780,781
2016-07-19 22:36:55,682,438,88,442,458,780,781
2016-07-19 22:36:56,688,439,88,443,459,780,781
2016-07-19 22:36:57,693,440,88,443,459,780,781
2016-07-19 22:36:58,694,441,88,444,459,780,781
2016-07-19 22:36:59,695,442,88,444,460,780,781
2016-07-19 22:37:00,699,443,88,445,460,780,781
2016-07-19 22:37:01,700,444,88,445,460,780,781
2016-07-19 22:37:02,703,445,88,446,461,780,781
2016-07-19 22:37:03,708,446,88,446,461,780,781
2016-07-19 22:37:04,709,447,88,447,461,780,781
2016-07-19 22:37:05,709,448,88,447,461,780,781
2016-07-19 22:37:06,713,449,88,448,461,780,781
2016-07-19 22:37:07,714,450,88,448,461,780,781
2016-07-19 22:37:08,717,451,88,448,462,780,781
2016-07-19 22:37:09,721,452,88,449,462,780,781
2016-07-19 22:37:10,726,453,88,449,462,780,781
2016-07-19 22:37:11,731,454,88,450,462,780,781
2016-07-19 22:37:12,737,455,88,450,462,780,781
2016-07-19 22:37:13,740,456,88,451,463,780,781
2016-07-19 22:37:14,746,457,88,451,463,780,781
2016-07-19 22:37:15,748,458,88,451,463,780,781
2016-07-19 22:37:16,751,459,88,452,463,780,781
2016-07-19 22:37:17,757,460,88,452,463,780,781
2016-07-19 22:37:18,763,461,88,453,464,780,781
2016-07-19 22:37:19,766,462,88,453,464,780,781
2016-07-19 22:37:20,770,463,88,454,464,780,781
2016-07-19 22:37:21,775,464,88,454,464,780,781
2016-07-19 22:37:22,778,465,88,454,464,780,781
2016-07-19 22:37:23,782,466,88,455,464,780,781
2016-07-19 22:37:24,784,467,88,455,465,780,781
2016-07-19 22:37:25,788,468,88,456,465,780,781
2016-07-19 22:37:26,789,469,88,456,465,780,781
2016-07-19 22:37:27,794,470,88,457,465,780,781
2016-07-19 22:37:28,798,471,88,457,466,780,781
2016-07-19 22:37:29,799,472,88,457,466,780,781
2016-07-19 22:37:30,803,473,88,458,466,780,781
2016-07-19 22:37:31,805,474,88,458,466,780,781
2016-07-19 22:37:32,807,475,88,459,467,780,781
2016-07-19 22:37:33,813,476,88,459,467,780,781
2016-07-19 22:37:34,815,477,88,460,467,780,781
2016-07-19 22:37:35,819,478,88,460,467,780,781
2016-07-19 22:37:36,821,479,88,461,467,780,781
2016-07-19 22:37:37,825,480,88,461,467,780,781
2016-07-19 22:37:38,828,481,88,461,468,780,781
2016-07-19 22:37:39,832,482,88,462,468,780,781
2016-07-19 22:37:40,837,483,88,462,468,780,781
2016-07-19 22:37:41,840,484,88,463,468,780,781
2016-07-19 22:37:42,845,485,88,463,468,780,781
2016-07-19 22:37:43,848,486,88,464,468,780,781
2016-07-19 22:37:44,854,487,88,464,468,780,781
2016-07-19 22:37:45,860,488,88,465,468,780,781
2016-07-19 22:37:46,862,489,88,465,468,780,781
2016-07-19 22:37:47,869,490,88,465,468,780,781
2016-07-19 22:37:48,872,491,88,466,469,780,781
2016-07-19 22:37:49,876,492,88,466,469,780,781
2016-07-19 22:37:50,879,493,88,467,469,780,781
2016-07-19 22:37:51,882,494,88,467,469,780,781
2016-07-19 22:37:52,888,495,88,468,469,780,781
2016-07-19 22:37:53,891,496,88,468,470,780,781
2016-07-19 22:37:54,897,497,88,468,470,780,781
2016-07-19 22:37:55,903,498,88,469,470,780,781
2016-07-19 22:37:56,905,499,88,469,470,780,781
2016-07-19 22:37:57,908,500,88,470,470,780,781
2016-07-19 22:37:58,913,501,88,470,471,780,781
2016-07-19 22:37:59,914,502,88,470,471,780,781
2016-07-19 22:38:00,919,503,88,471,471,780,781
2016-07-19 22:38:01,920,504,88,471,471,780,781
2016-07-19 22:38:02,922,505,88,472,471,780,781
2016-07-19 22:38:03,926,506,88,472,471,780,781
2016-07-19 22:38:04,927,507,88,473,472,780,781
2016-07-19 22:38:05,928,508,88,473,472,780,781
2016-07-19 22:38:06,933,509,88,474,472,780,781
2016-07-19 22:38:07,939,510,88,474,472,780,781
2016-07-19 22:38:08,944,511,88,475,473,780,781
2016-07-19 22:38:09,950,512,88,475,473,780,781
2016-07-19 22:38:10,952,513,88,476,473,780,781
2016-07-19 22:38:11,958,514,88,476,473,780,781
2016-07-19 22:38:12,964,515,88,477,473,780,781
2016-07-19 22:38:13,969,516,88,477,474,780,781
2016-07-19 22:38:14,973,517,88,478,474,780,781
2016-07-19 22:38:15,977,518,88,478,474,780,781
2016-07-19 22:38:16,978,519,88,479,474,780,781
2016-07-19 22:38:17,982,521,88,479,475,780,781
2016-07-19 22:38:18,986,522,88,479,475,780,781
2016-07-19 22:38:19,987,523,88,480,475,780,781
2016-07-19 22:38:20,993,524,88,480,475,780,781
2016-07-19 22:38:21,993,525,88,481,476,780,781
2016-07-19 22:38:22,995,526,88,481,476,780,781
2016-07-19 22:38:23,999,527,88,482,476,780,781
2016-07-19 22:38:25,005,528,88,482,476,780,781
2016-07-19 22:38:26,011,529,88,483,477,780,781
2016-07-19 22:38:27,017,530,88,483,477,780,781
2016-07-19 22:38:28,019,531,88,484,477,780,781
2016-07-19 22:38:29,024,532,88,484,477,780,781
2016-07-19 22:38:30,028,533,88,485,477,780,781
2016-07-19 22:38:31,028,534,88,485,477,780,781
2016-07-19 22:38:32,034,535,88,485,478,780,781
2016-07-19 22:38:33,035,536,88,486,478,780,781
2016-07-19 22:38:34,039,537,88,486,478,780,781
2016-07-19 22:38:35,043,538,88,487,478,780,781
2016-07-19 22:38:36,047,539,88,487,479,780,781
2016-07-19 22:38:37,051,540,88,488,479,780,781
2016-07-19 22:38:38,055,541,88,488,480,780,781
2016-07-19 22:38:39,060,542,88,488,480,780,781
2016-07-19 22:38:40,065,543,88,489,480,780,781
2016-07-19 22:38:41,068,544,88,489,480,780,781
2016-07-19 22:38:42,072,545,88,490,481,780,781
2016-07-19 22:38:43,076,546,88,490,481,780,781
2016-07-19 22:38:44,078,547,88,490,481,780,781
2016-07-19 22:38:45,083,548,88,491,482,780,781
2016-07-19 22:38:46,085,549,88,491,482,780,781
2016-07-19 22:38:47,087,550,88,492,482,780,781
2016-07-19 22:38:48,092,551,88,492,482,780,781
2016-07-19 22:38:49,093,552,88,492,483,780,781
2016-07-19 22:38:50,098,553,88,493,483,780,781
2016-07-19 22:38:51,099,554,88,493,483,780,781
2016-07-19 22:38:52,105,555,88,494,483,780,781
2016-07-19 22:38:53,110,556,88,494,483,780,781
2016-07-19 22:38:54,116,557,88,494,484,780,781
2016-07-19 22:38:55,120,558,88,495,484,780,781
2016-07-19 22:38:56,124,559,88,495,484,780,781
2016-07-19 22:38:57,125,560,88,496,484,780,781
2016-07-19 22:38:58,131,561,88,496,485,780,781
2016-07-19 22:38:59,133,562,88,496,485,780,781
2016-07-19 22:39:00,138,563,88,497,485,780,781
2016-07-19 22:39:01,141,564,88,497,485,780,781
2016-07-19 22:39:02,147,565,88,497,486,780,781
2016-07-19 22:39:03,149,566,88,498,486,780,781
2016-07-19 22:39:04,154,567,88,498,486,780,781
2016-07-19 22:39:05,158,568,88,498,486,780,781
2016-07-19 22:39:06,162,569,88,499,486,780,781
2016-07-19 22:39:07,167,570,88,499,486,780,781
2016-07-19 22:39:08,171,571,88,500,487,780,781
2016-07-19 22:39:09,175,572,88,500,487,780,781
2016-07-19 22:39:10,182,573,88,500,487,780,781
2016-07-19 22:39:11,183,574,88,500,487,780,781
2016-07-19 22:39:12,185,575,88,500,488,780,781
2016-07-19 22:39:13,190,576,88,501,488,780,781
2016-07-19 22:39:14,191,577,88,501,488,780,781
2016-07-19 22:39:15,197,578,88,501,488,780,781
2016-07-19 22:39:16,199,579,88,501,488,780,781
2016-07-19 22:39:17,204,580,88,501,488,780,781
2016-07-19 22:39:18,208,581,88,502,488,780,781
2016-07-19 22:39:19,208,582,88,502,488,780,781
2016-07-19 22:39:20,213,583,88,502,488,780,781
2016-07-19 22:39:21,219,584,88,502,488,780,781
2016-07-19 22:39:22,225,585,88,503,488,780,781
2016-07-19 22:39:23,230,586,88,503,488,780,781
2016-07-19 22:39:24,233,587,88,503,487,780,781
2016-07-19 22:39:25,238,588,88,503,487,780,781
2016-07-19 22:39:26,242,589,88,504,487,780,781
2016-07-19 22:39:27,243,590,88,504,487,780,781
2016-07-19 22:39:28,247,591,88,504,487,780,781
2016-07-19 22:39:29,250,592,88,504,487,780,781
2016-07-19 22:39:30,252,593,88,504,486,780,781
2016-07-19 22:39:31,257,594,88,505,486,780,781
2016-07-19 22:39:32,257,595,88,505,486,780,781
2016-07-19 22:39:33,263,596,88,505,486,780,781
2016-07-19 22:39:34,265,597,88,505,486,780,781
2016-07-19 22:39:35,270,598,88,505,486,780,781
2016-07-19 22:39:36,273,599,88,505,485,780,781
2016-07-19 22:39:37,274,600,88,506,485,780,781
2016-07-19 22:39:38,278,601,88,506,485,780,781
2016-07-19 22:39:39,280,602,88,506,485,780,781
2016-07-19 22:39:40,281,603,88,506,485,780,781
2016-07-19 22:39:41,285,604,88,506,485,780,781
2016-07-19 22:39:42,289,605,88,507,485,780,781
2016-07-19 22:39:43,294,606,88,507,485,780,781
2016-07-19 22:39:44,295,607,88,507,484,780,781
2016-07-19 22:39:45,299,608,88,507,484,780,781
2016-07-19 22:39:46,304,609,88,507,484,780,781
2016-07-19 22:39:47,305,610,88,507,483,780,781
2016-07-19 22:39:48,310,611,88,507,483,780,781
2016-07-19 22:39:49,311,612,88,508,482,780,781
2016-07-19 22:39:50,314,613,88,508,482,780,781
2016-07-19 22:39:51,319,614,88,508,481,780,781
2016-07-19 22:39:52,320,615,88,508,481,780,781
2016-07-19 22:39:53,325,616,88,508,480,780,781
2016-07-19 22:39:54,326,617,88,509,480,780,781
2016-07-19 22:39:55,329,618,88,509,480,780,781
2016-07-19 22:39:56,334,619,88,509,479,780,781
2016-07-19 22:39:57,336,620,88,509,478,780,781
2016-07-19 22:39:58,340,621,88,509,478,780,781
2016-07-19 22:39:59,341,622,88,509,478,780,781
2016-07-19 22:40:00,342,623,88,510,477,780,781
2016-07-19 22:40:01,347,624,88,510,477,780,781
2016-07-19 22:40:02,348,625,88,510,476,780,781
2016-07-19 22:40:03,354,626,88,510,476,780,781
2016-07-19 22:40:04,357,627,88,510,475,780,781
2016-07-19 22:40:05,360,628,88,510,475,780,781
2016-07-19 22:40:06,365,629,88,511,475,780,781
2016-07-19 22:40:07,370,630,88,511,474,780,781
2016-07-19 22:40:08,373,631,88,511,474,780,781
2016-07-19 22:40:09,379,632,88,511,474,780,781
2016-07-19 22:40:10,382,633,88,511,474,780,781
2016-07-19 22:40:11,383,634,88,511,474,780,781
2016-07-19 22:40:12,388,635,88,512,474,780,781
2016-07-19 22:40:13,388,636,88,511,473,780,781
2016-07-19 22:40:14,395,637,88,512,473,780,781
2016-07-19 22:40:15,397,638,88,512,472,780,781
2016-07-19 22:40:16,403,639,88,512,472,780,781
2016-07-19 22:40:17,406,640,88,512,472,780,781
2016-07-19 22:40:18,407,641,88,512,472,780,781
2016-07-19 22:40:19,412,642,88,512,472,780,781
2016-07-19 22:40:20,413,643,88,513,471,780,781
2016-07-19 22:40:21,418,644,88,513,471,780,781
2016-07-19 22:40:22,422,645,88,513,470,780,781
2016-07-19 22:40:23,423,646,88,513,470,780,781
2016-07-19 22:40:24,427,647,88,513,469,780,781
2016-07-19 22:40:25,428,648,88,513,469,780,781
2016-07-19 22:40:26,432,649,88,514,469,780,781
2016-07-19 22:40:27,436,650,88,514,469,780,781
2016-07-19 22:40:28,437,651,88,514,469,780,781
2016-07-19 22:40:29,443,652,88,514,468,780,781
2016-07-19 22:40:30,445,653,88,514,468,780,781
2016-07-19 22:40:31,446,654,88,514,467,780,781
2016-07-19 22:40:32,452,655,88,514,467,780,781
2016-07-19 22:40:33,458,656,88,514,466,780,781
2016-07-19 22:40:34,461,657,88,513,465,780,781
2016-07-19 22:40:35,463,658,88,513,464,780,781
2016-07-19 22:40:36,469,659,88,512,463,780,781
2016-07-19 22:40:37,470,660,88,511,463,780,781
2016-07-19 22:40:38,475,661,88,510,462,780,781
2016-07-19 22:40:39,480,662,88,510,461,780,781
2016-07-19 22:40:40,483,663,88,511,461,780,781
2016-07-19 22:40:41,484,664,88,511,460,780,781
2016-07-19 22:40:42,490,665,88,510,459,780,781
2016-07-19 22:40:43,493,666,88,510,459,780,781
2016-07-19 22:40:44,497,667,88,511,458,780,781
2016-07-19 22:40:45,503,668,88,507,458,780,781
2016-07-19 22:40:46,503,669,88,504,457,780,781
2016-07-19 22:40:47,507,670,88,501,455,780,781
2016-07-19 22:40:48,508,671,88,497,454,780,781
2016-07-19 22:40:49,510,672,88,494,453,780,781
2016-07-19 22:40:50,514,673,88,492,451,780,781
2016-07-19 22:40:51,518,674,88,489,450,780,781
2016-07-19 22:40:52,523,675,88,485,449,780,781
2016-07-19 22:40:53,524,676,88,482,448,780,781
2016-07-19 22:40:54,527,677,88,479,447,780,781
