2016-08-01 21:36:36,195,coffee,datetime,ms,seconds,ambient_temp,thermocouple_0_temp,thermocouple_1_temp,thermocouple_2_temp,thermocouple_3_temp
2016-08-01 21:36:38,261,2,95,439,417,777,779
2016-08-01 21:36:39,266,3,95,434,413,777,779
2016-08-01 21:36:40,270,4,95,426,409,777,779
2016-08-01 21:36:41,274,5,95,417,404,777,779
2016-08-01 21:36:42,278,6,95,408,399,777,779
2016-08-01 21:36:43,283,7,95,399,395,777,779
2016-08-01 21:36:44,286,8,95,390,392,777,779
2016-08-01 21:36:45,291,9,95,382,390,777,779
2016-08-01 21:36:46,295,10,95,374,388,777,779
2016-08-01 21:36:47,300,11,95,367,387,777,779
2016-08-01 21:36:48,303,12,95,360,385,777,779
2016-08-01 21:36:49,308,13,95,353,384,777,779
2016-08-01 21:36:50,312,14,95,347,383,777,779
2016-08-01 21:36:51,317,15,95,341,382,777,779
2016-08-01 21:36:52,320,16,95,334,381,777,779
2016-08-01 21:36:53,325,17,95,329,380,777,779
2016-08-01 21:36:54,329,18,95,324,379,777,779
2016-08-01 21:36:55,334,19,95,319,378,777,779
2016-08-01 21:36:56,337,20,95,314,377,777,779
2016-08-01 21:36:57,342,21,95,309,376,777,779
2016-08-01 21:36:58,346,22,95,304,375,777,779
2016-08-01 21:36:59,351,23,95,300,374,777,779
2016-08-01 21:37:00,354,24,95,296,374,777,779
2016-08-01 21:37:01,359,25,95,292,373,777,779
2016-08-01 21:37:02,363,26,95,288,372,777,779
2016-08-01 21:37:03,368,27,95,285,372,777,779
2016-08-01 21:37:04,371,28,95,281,371,777,779
2016-08-01 21:37:05,376,29,95,278,370,777,779
2016-08-01 21:37:06,380,30,95,275,370,777,779
2016-08-01 21:37:07,385,31,95,272,369,777,779
2016-08-01 21:37:08,390,32,95,269,369,777,779
2016-08-01 21:37:09,393,33,95,266,368,777,779
2016-08-01 21:37:10,397,34,95,264,368,777,779
2016-08-01 21:37:11,401,35,95,262,367,777,779
2016-08-01 21:37:12,405,36,95,259,367,777,779
2016-08-01 21:37:13,410,37,95,257,367,777,779
2016-08-01 21:37:14,414,38,95,255,366,777,779
2016-08-01 21:37:15,419,39,95,253,366,777,779
2016-08-01 21:37:16,422,40,95,251,365,777,779
2016-08-01 21:37:17,427,41,95,249,365,777,779
2016-08-01 21:37:18,430,42,95,248,365,777,779
2016-08-01 21:37:19,435,43,95,246,364,777,779
2016-08-01 21:37:20,439,44,95,244,364,777,779
2016-08-01 21:37:21,444,45,95,243,363,777,779
2016-08-01 21:37:22,447,46,95,242,363,777,779
2016-08-01 21:37:23,452,47,95,241,363,777,779
2016-08-01 21:37:24,456,48,95,239,363,777,779
2016-08-01 21:37:25,461,49,95,238,363,777,779
2016-08-01 21:37:26,464,50,95,237,362,777,779
2016-08-01 21:37:27,469,51,95,236,362,777,779
2016-08-01 21:37:28,473,52,95,235,362,777,779
2016-08-01 21:37:29,478,53,95,234,362,777,779
2016-08-01 21:37:30,481,54,95,234,362,777,779
2016-08-01 21:37:31,486,55,95,233,362,777,779
2016-08-01 21:37:32,490,56,95,232,362,777,779
2016-08-01 21:37:33,495,57,95,232,363,777,779
2016-08-01 21:37:34,500,58,95,231,363,777,779
2016-08-01 21:37:35,503,59,95,230,363,777,779
2016-08-01 21:37:36,507,60,95,230,363,777,779
2016-08-01 21:37:37,512,61,95,229,364,777,779
2016-08-01 21:37:38,515,62,95,229,364,777,779
2016-08-01 21:37:39,520,63,95,229,365,777,779
2016-08-01 21:37:40,524,64,95,228,365,777,779
2016-08-01 21:37:41,529,65,95,228,366,777,779
2016-08-01 21:37:42,532,66,95,228,366,777,779
2016-08-01 21:37:43,537,67,95,228,367,777,779
2016-08-01 21:37:44,542,68,95,228,368,777,779
2016-08-01 21:37:45,547,69,95,228,368,777,779
2016-08-01 21:37:46,549,70,95,228,369,777,779
2016-08-01 21:37:47,554,71,95,228,369,777,779
2016-08-01 21:37:48,558,72,95,228,370,777,779
2016-08-01 21:37:49,563,73,95,228,370,777,779
2016-08-01 21:37:50,566,74,95,228,371,777,779
2016-08-01 21:37:51,571,75,95,228,371,777,779
2016-08-01 21:37:52,575,76,95,228,371,777,779
2016-08-01 21:37:53,579,77,95,228,372,777,779
2016-08-01 21:37:54,583,78,95,228,372,777,779
2016-08-01 21:37:55,588,79,95,228,373,777,779
2016-08-01 21:37:56,591,80,95,229,373,777,779
2016-08-01 21:37:57,596,81,95,229,374,777,779
2016-08-01 21:37:58,601,82,95,229,374,777,779
2016-08-01 21:37:59,605,83,95,230,374,777,779
2016-08-01 21:38:00,608,84,95,230,375,777,779
2016-08-01 21:38:01,613,85,95,230,375,777,779
2016-08-01 21:38:02,617,86,95,231,376,777,779
2016-08-01 21:38:03,622,87,95,231,376,777,779
2016-08-01 21:38:04,625,88,95,231,377,777,779
2016-08-01 21:38:05,630,89,95,232,377,777,779
2016-08-01 21:38:06,634,90,95,232,377,777,779
2016-08-01 21:38:07,639,91,95,233,378,777,779
2016-08-01 21:38:08,643,92,95,233,378,777,779
2016-08-01 21:38:09,647,93,95,234,379,777,779
2016-08-01 21:38:10,651,94,95,234,379,777,779
2016-08-01 21:38:11,656,95,95,235,380,777,779
2016-08-01 21:38:12,659,96,95,235,380,777,779
2016-08-01 21:38:13,664,97,95,236,380,777,779
2016-08-01 21:38:14,668,98,95,236,381,777,779
2016-08-01 21:38:15,672,99,95,237,381,777,779
2016-08-01 21:38:16,676,100,95,237,381,777,779
2016-08-01 21:38:17,681,101,95,238,382,777,779
2016-08-01 21:38:18,684,102,95,238,382,777,779
2016-08-01 21:38:19,689,103,95,239,382,777,779
2016-08-01 21:38:20,693,104,95,239,383,777,779
2016-08-01 21:38:21,698,105,95,240,383,777,779
2016-08-01 21:38:22,701,106,95,241,383,777,779
2016-08-01 21:38:23,706,107,95,241,384,777,779
2016-08-01 21:38:24,710,108,95,242,384,777,779
2016-08-01 21:38:25,715,109,95,243,385,777,779
2016-08-01 21:38:26,718,110,95,243,385,777,779
2016-08-01 21:38:27,723,111,95,244,385,777,779
2016-08-01 21:38:28,727,112,95,244,386,777,779
2016-08-01 21:38:29,731,113,95,245,386,777,779
2016-08-01 21:38:30,735,114,95,246,387,777,779
2016-08-01 21:38:31,740,115,95,246,387,777,779
2016-08-01 21:38:32,744,116,95,247,387,777,779
2016-08-01 21:38:33,749,117,95,248,388,777,779
2016-08-01 21:38:34,752,118,95,248,388,777,779
2016-08-01 21:38:35,757,119,95,249,388,777,779
2016-08-01 21:38:36,761,120,95,250,388,777,779
2016-08-01 21:38:37,766,121,95,251,389,777,779
2016-08-01 21:38:38,770,122,95,251,389,777,779
2016-08-01 21:38:39,774,123,95,252,390,777,779
2016-08-01 21:38:40,779,124,95,252,390,777,779
2016-08-01 21:38:41,783,125,95,253,390,777,779
2016-08-01 21:38:42,787,126,95,254,390,777,779
2016-08-01 21:38:43,791,127,95,254,391,777,779
2016-08-01 21:38:44,796,128,95,255,391,777,779
2016-08-01 21:38:45,800,129,95,256,392,777,779
2016-08-01 21:38:46,804,130,95,257,392,777,779
2016-08-01 21:38:47,808,131,95,257,393,777,779
2016-08-01 21:38:48,813,132,95,258,393,777,779
2016-08-01 21:38:49,817,133,95,259,393,777,779
2016-08-01 21:38:50,821,134,95,260,394,777,779
2016-08-01 21:38:51,825,135,95,260,394,777,779
2016-08-01 21:38:52,830,136,95,261,395,777,779
2016-08-01 21:38:53,835,137,95,262,395,777,779
2016-08-01 21:38:54,838,138,95,262,396,777,779
2016-08-01 21:38:55,842,139,95,263,396,777,779
2016-08-01 21:38:56,847,140,95,264,397,777,779
2016-08-01 21:38:57,851,141,95,264,397,777,779
2016-08-01 21:38:58,856,142,95,265,398,777,779
2016-08-01 21:38:59,861,143,95,266,398,777,779
2016-08-01 21:39:00,867,144,95,267,398,777,779
2016-08-01 21:39:01,868,145,95,267,399,777,779
2016-08-01 21:39:02,872,146,95,268,399,777,779
2016-08-01 21:39:03,876,147,95,269,400,777,779
2016-08-01 21:39:04,880,148,95,269,400,777,779
2016-08-01 21:39:05,884,149,95,270,401,777,779
2016-08-01 21:39:06,889,150,95,271,401,777,779
2016-08-01 21:39:07,893,151,95,271,401,777,779
2016-08-01 21:39:08,898,152,95,272,401,777,779
2016-08-01 21:39:09,903,153,95,273,402,777,779
2016-08-01 21:39:10,906,154,95,273,402,777,779
2016-08-01 21:39:11,910,155,95,274,403,777,779
2016-08-01 21:39:12,914,156,95,275,403,777,779
2016-08-01 21:39:13,918,157,95,276,403,777,779
2016-08-01 21:39:14,923,158,95,276,404,777,779
2016-08-01 21:39:15,927,159,95,277,404,777,779
2016-08-01 21:39:16,932,160,95,278,405,777,779
2016-08-01 21:39:17,935,161,95,279,405,777,779
2016-08-01 21:39:18,940,162,95,279,405,777,779
2016-08-01 21:39:19,944,163,95,280,405,777,779
2016-08-01 21:39:20,949,164,95,281,406,777,779
2016-08-01 21:39:21,952,165,95,282,406,777,779
2016-08-01 21:39:22,957,166,95,282,406,777,779
2016-08-01 21:39:23,960,167,95,283,407,777,779
2016-08-01 21:39:24,965,168,95,284,407,777,779
2016-08-01 21:39:25,969,169,95,284,407,777,779
2016-08-01 21:39:26,974,170,95,285,408,777,779
2016-08-01 21:39:27,979,171,95,286,408,777,779
2016-08-01 21:39:28,982,172,95,286,408,777,779
2016-08-01 21:39:29,986,173,95,287,409,777,779
2016-08-01 21:39:30,991,174,95,288,409,777,779
2016-08-01 21:39:31,994,175,95,289,409,777,779
2016-08-01 21:39:32,999,176,95,289,409,777,779
2016-08-01 21:39:34,003,177,95,290,410,777,779
2016-08-01 21:39:35,008,178,95,291,410,777,779
2016-08-01 21:39:36,012,179,95,291,411,777,779
2016-08-01 21:39:37,016,180,95,292,411,777,779
2016-08-01 21:39:38,020,181,95,293,411,777,779
2016-08-01 21:39:39,024,182,95,294,411,777,779
2016-08-01 21:39:40,029,183,95,294,412,777,779
2016-08-01 21:39:41,033,184,95,295,412,777,779
2016-08-01 21:39:42,037,185,95,296,412,777,779
2016-08-01 21:39:43,042,186,95,296,413,777,779
2016-08-01 21:39:44,045,187,95,297,413,777,779
2016-08-01 21:39:45,050,188,95,298,413,777,779
2016-08-01 21:39:46,054,189,95,299,413,777,779
2016-08-01 21:39:47,059,190,95,299,414,777,779
2016-08-01 21:39:48,062,191,95,300,414,777,779
2016-08-01 21:39:49,067,192,95,300,414,777,779
2016-08-01 21:39:50,071,193,95,301,414,777,779
2016-08-01 21:39:51,076,194,95,302,415,777,779
2016-08-01 21:39:52,079,195,95,303,415,777,779
2016-08-01 21:39:53,084,196,95,303,415,777,779
2016-08-01 21:39:54,088,197,95,304,416,777,779
2016-08-01 21:39:55,093,198,95,305,416,777,779
2016-08-01 21:39:56,096,199,95,305,416,777,779
2016-08-01 21:39:57,101,200,95,306,416,777,779
2016-08-01 21:39:58,105,201,95,307,417,777,779
2016-08-01 21:39:59,110,202,95,307,417,777,779
2016-08-01 21:40:00,114,203,95,308,417,777,779
2016-08-01 21:40:01,118,204,95,309,417,777,779
2016-08-01 21:40:02,122,205,95,309,418,777,779
2016-08-01 21:40:03,126,206,95,310,418,777,779
2016-08-01 21:40:04,131,207,95,311,418,777,779
2016-08-01 21:40:05,135,208,95,311,418,777,779
2016-08-01 21:40:06,139,209,95,312,419,777,779
2016-08-01 21:40:07,143,210,95,313,419,777,779
2016-08-01 21:40:08,147,211,95,313,419,777,779
2016-08-01 21:40:09,152,212,95,314,420,777,779
2016-08-01 21:40:10,155,213,95,315,420,777,779
2016-08-01 21:40:11,160,214,95,315,420,777,779
2016-08-01 21:40:12,165,215,95,316,421,777,779
2016-08-01 21:40:13,170,216,95,317,421,777,779
2016-08-01 21:40:14,172,217,95,317,421,777,779
2016-08-01 21:40:15,177,218,95,318,421,777,779
2016-08-01 21:40:16,181,219,95,319,422,777,779
2016-08-01 21:40:17,186,220,95,319,422,777,779
2016-08-01 21:40:18,189,221,95,320,422,777,779
2016-08-01 21:40:19,194,222,95,321,423,777,779
2016-08-01 21:40:20,198,224,95,321,423,777,779
2016-08-01 21:40:21,203,225,95,322,423,777,779
2016-08-01 21:40:22,206,226,95,323,424,777,779
2016-08-01 21:40:23,211,227,95,323,424,777,779
2016-08-01 21:40:24,215,228,95,324,424,777,779
2016-08-01 21:40:25,220,229,95,324,424,777,779
2016-08-01 21:40:26,223,230,95,325,425,777,779
2016-08-01 21:40:27,228,231,95,326,425,777,779
2016-08-01 21:40:28,232,232,95,326,425,777,779
2016-08-01 21:40:29,237,233,95,327,425,777,779
2016-08-01 21:40:30,240,234,95,328,425,777,779
2016-08-01 21:40:31,245,235,95,328,426,777,779
2016-08-01 21:40:32,249,236,95,329,426,777,779
2016-08-01 21:40:33,254,237,95,329,426,777,779
2016-08-01 21:40:34,257,238,95,330,427,777,779
2016-08-01 21:40:35,262,239,95,331,427,777,779
2016-08-01 21:40:36,267,240,95,331,427,777,779
2016-08-01 21:40:37,271,241,95,332,427,777,779
2016-08-01 21:40:38,274,242,95,333,428,777,779
2016-08-01 21:40:39,279,243,95,333,428,777,779
2016-08-01 21:40:40,284,244,95,334,428,777,779
2016-08-01 21:40:41,287,245,95,334,428,777,779
2016-08-01 21:40:42,291,246,95,335,429,777,779
2016-08-01 21:40:43,296,247,95,336,429,777,779
2016-08-01 21:40:44,299,248,95,336,429,777,779
2016-08-01 21:40:45,304,249,95,337,429,777,779
2016-08-01 21:40:46,308,250,95,337,429,777,779
2016-08-01 21:40:47,313,251,95,338,430,777,779
2016-08-01 21:40:48,317,252,95,338,430,777,779
2016-08-01 21:40:49,321,253,95,339,430,777,779
2016-08-01 21:40:50,325,254,95,340,430,777,779
2016-08-01 21:40:51,330,255,95,340,430,777,779
2016-08-01 21:40:52,333,256,95,341,430,777,779
2016-08-01 21:40:53,338,257,95,342,431,777,779
2016-08-01 21:40:54,342,258,95,342,431,777,779
2016-08-01 21:40:55,347,259,95,343,431,777,779
2016-08-01 21:40:56,350,260,95,343,431,777,779
2016-08-01 21:40:57,355,261,95,344,431,777,779
2016-08-01 21:40:58,359,262,95,344,431,777,779
2016-08-01 21:40:59,364,263,95,345,432,777,779
2016-08-01 21:41:00,367,264,95,346,432,777,779
2016-08-01 21:41:01,372,265,95,346,432,777,779
2016-08-01 21:41:02,376,266,95,347,432,777,779
2016-08-01 21:41:03,380,267,95,347,432,777,779
2016-08-01 21:41:04,384,268,95,348,433,777,779
2016-08-01 21:41:05,389,269,95,348,433,777,779
2016-08-01 21:41:06,393,270,95,349,433,777,779
2016-08-01 21:41:07,398,271,95,350,433,777,779
2016-08-01 21:41:08,401,272,95,350,433,777,779
2016-08-01 21:41:09,406,273,95,351,433,777,779
2016-08-01 21:41:10,409,274,95,351,433,777,779
2016-08-01 21:41:11,414,275,95,352,433,777,779
2016-08-01 21:41:12,418,276,95,352,434,777,779
2016-08-01 21:41:13,423,277,95,353,434,777,779
2016-08-01 21:41:14,428,278,95,354,434,777,779
2016-08-01 21:41:15,433,279,95,354,434,777,779
2016-08-01 21:41:16,436,280,95,355,435,777,779
2016-08-01 21:41:17,441,281,95,355,435,777,779
2016-08-01 21:41:18,443,282,95,356,435,777,779
2016-08-01 21:41:19,448,283,95,356,435,777,779
2016-08-01 21:41:20,452,284,95,357,435,777,779
2016-08-01 21:41:21,457,285,95,357,436,777,779
2016-08-01 21:41:22,460,286,95,358,436,777,779
2016-08-01 21:41:23,465,287,95,358,436,777,779
2016-08-01 21:41:24,469,288,95,359,436,777,779
2016-08-01 21:41:25,474,289,95,359,437,777,779
2016-08-01 21:41:26,478,290,95,360,437,777,779
2016-08-01 21:41:27,482,291,95,361,437,777,779
2016-08-01 21:41:28,486,292,95,361,437,777,779
2016-08-01 21:41:29,490,293,95,362,438,777,779
2016-08-01 21:41:30,496,294,95,362,438,777,779
2016-08-01 21:41:31,499,295,95,363,438,777,779
2016-08-01 21:41:32,503,296,95,363,438,777,779
2016-08-01 21:41:33,507,297,95,364,438,777,779
2016-08-01 21:41:34,511,298,95,364,439,777,779
2016-08-01 21:41:35,516,299,95,365,439,777,779
2016-08-01 21:41:36,521,300,95,366,439,777,779
2016-08-01 21:41:37,525,301,95,366,439,777,779
2016-08-01 21:41:38,529,302,95,367,440,777,779
2016-08-01 21:41:39,533,303,95,367,440,777,779
2016-08-01 21:41:40,537,304,95,368,440,777,779
2016-08-01 21:41:41,541,305,95,368,440,777,779
2016-08-01 21:41:42,546,306,95,369,440,777,779
2016-08-01 21:41:43,550,307,95,369,440,777,779
2016-08-01 21:41:44,554,308,95,370,440,777,779
2016-08-01 21:41:45,558,309,95,371,440,777,779
2016-08-01 21:41:46,562,310,95,371,441,777,779
2016-08-01 21:41:47,567,311,95,372,441,777,779
2016-08-01 21:41:48,570,312,95,372,441,777,779
2016-08-01 21:41:49,576,313,95,373,441,777,779
2016-08-01 21:41:50,579,314,95,373,441,777,779
2016-08-01 21:41:51,584,315,95,374,441,777,779
2016-08-01 21:41:52,587,316,95,374,441,777,779
2016-08-01 21:41:53,592,317,95,375,442,777,779
2016-08-01 21:41:54,598,318,95,375,442,777,779
2016-08-01 21:41:55,601,319,95,376,442,777,779
2016-08-01 21:41:56,604,320,95,376,442,777,779
2016-08-01 21:41:57,610,321,95,377,442,777,779
2016-08-01 21:41:58,613,322,95,377,442,777,779
2016-08-01 21:41:59,618,323,95,378,442,777,779
2016-08-01 21:42:00,622,324,95,378,442,777,779
2016-08-01 21:42:01,626,325,95,379,442,777,779
2016-08-01 21:42:02,630,326,95,379,443,777,779
2016-08-01 21:42:03,635,327,95,380,443,777,779
2016-08-01 21:42:04,638,328,95,381,443,777,779
2016-08-01 21:42:05,643,329,95,381,443,777,779
2016-08-01 21:42:06,647,330,95,381,444,777,779
2016-08-01 21:42:07,652,331,95,382,444,777,779
2016-08-01 21:42:08,655,332,95,382,444,777,779
2016-08-01 21:42:09,660,333,95,383,444,777,779
2016-08-01 21:42:10,664,334,95,383,444,777,779
2016-08-01 21:42:11,668,335,95,384,444,777,779
2016-08-01 21:42:12,672,336,95,385,445,777,779
2016-08-01 21:42:13,677,337,95,385,445,777,779
2016-08-01 21:42:14,681,338,95,386,445,777,779
2016-08-01 21:42:15,685,339,95,386,446,777,779
2016-08-01 21:42:16,689,340,95,387,446,777,779
2016-08-01 21:42:17,694,341,95,387,446,777,779
2016-08-01 21:42:18,698,342,95,387,446,777,779
2016-08-01 21:42:19,702,343,95,388,447,777,779
2016-08-01 21:42:20,706,344,95,388,447,777,779
2016-08-01 21:42:21,711,345,95,389,447,777,779
2016-08-01 21:42:22,715,346,95,389,447,777,779
2016-08-01 21:42:23,719,347,95,390,447,777,779
2016-08-01 21:42:24,724,348,95,391,447,777,779
2016-08-01 21:42:25,728,349,95,391,448,777,779
2016-08-01 21:42:26,732,350,95,392,448,777,779
2016-08-01 21:42:27,736,351,95,392,448,777,779
2016-08-01 21:42:28,740,352,95,392,448,777,779
2016-08-01 21:42:29,745,353,95,393,448,777,779
2016-08-01 21:42:30,749,354,95,393,448,777,779
2016-08-01 21:42:31,753,355,95,394,449,777,779
2016-08-01 21:42:32,757,356,95,394,449,777,779
2016-08-01 21:42:33,762,357,95,395,449,777,779
2016-08-01 21:42:34,765,358,95,395,449,777,779
2016-08-01 21:42:35,770,359,95,396,449,777,779
2016-08-01 21:42:36,774,360,95,396,449,777,779
2016-08-01 21:42:37,779,361,95,397,449,777,779
2016-08-01 21:42:38,783,362,95,397,449,777,779
2016-08-01 21:42:39,787,363,95,398,449,777,779
2016-08-01 21:42:40,791,364,95,398,449,777,779
2016-08-01 21:42:41,796,365,95,399,450,777,779
2016-08-01 21:42:42,800,366,95,399,450,777,779
2016-08-01 21:42:43,804,367,95,400,450,777,779
2016-08-01 21:42:44,808,368,95,400,450,777,779
2016-08-01 21:42:45,813,369,95,401,450,777,779
2016-08-01 21:42:46,816,370,95,401,450,777,779
2016-08-01 21:42:47,821,371,95,402,451,777,779
2016-08-01 21:42:48,825,372,95,402,451,777,779
2016-08-01 21:42:49,830,373,95,403,451,777,779
2016-08-01 21:42:50,834,374,95,403,451,777,779
2016-08-01 21:42:51,838,375,95,404,451,777,779
2016-08-01 21:42:52,842,376,95,404,451,777,779
2016-08-01 21:42:53,847,377,95,405,451,777,779
2016-08-01 21:42:54,850,378,95,405,452,777,779
2016-08-01 21:42:55,855,379,95,406,452,777,779
2016-08-01 21:42:56,860,380,95,406,452,777,779
2016-08-01 21:42:57,863,381,95,407,452,777,779
2016-08-01 21:42:58,867,382,95,407,452,777,779
2016-08-01 21:42:59,872,383,95,408,452,777,779
2016-08-01 21:43:00,876,384,95,408,453,777,779
2016-08-01 21:43:01,880,385,95,408,453,777,779
2016-08-01 21:43:02,884,386,95,409,453,777,779
2016-08-01 21:43:03,889,387,95,409,453,777,779
2016-08-01 21:43:04,893,388,95,410,453,777,779
2016-08-01 21:43:05,897,389,95,410,453,777,779
2016-08-01 21:43:06,901,390,95,411,453,777,779
2016-08-01 21:43:07,906,391,95,411,454,777,779
2016-08-01 21:43:08,910,392,95,411,454,777,779
2016-08-01 21:43:09,914,393,95,412,454,777,779
2016-08-01 21:43:10,918,394,95,412,454,777,779
2016-08-01 21:43:11,923,395,95,413,454,777,779
2016-08-01 21:43:12,927,396,95,413,454,777,779
2016-08-01 21:43:13,931,397,95,414,455,777,779
2016-08-01 21:43:14,935,398,95,414,455,777,779
2016-08-01 21:43:15,940,399,95,415,455,777,779
2016-08-01 21:43:16,944,400,95,415,455,777,779
2016-08-01 21:43:17,948,401,95,416,455,777,779
2016-08-01 21:43:18,952,402,95,416,455,777,779
2016-08-01 21:43:19,957,403,95,416,455,777,779
2016-08-01 21:43:20,961,404,95,417,455,777,779
2016-08-01 21:43:21,965,405,95,417,456,777,779
2016-08-01 21:43:22,969,406,95,418,456,777,779
2016-08-01 21:43:23,974,407,95,418,456,777,779
2016-08-01 21:43:24,977,408,95,419,456,777,779
2016-08-01 21:43:25,982,409,95,419,456,777,779
2016-08-01 21:43:26,986,410,95,420,457,777,779
2016-08-01 21:43:27,991,411,95,420,457,777,779
2016-08-01 21:43:28,994,412,95,420,457,777,779
2016-08-01 21:43:29,999,413,95,421,457,777,779
2016-08-01 21:43:31,003,414,95,421,457,777,779
2016-08-01 21:43:32,007,415,95,422,457,777,779
2016-08-01 21:43:33,011,416,95,422,457,777,779
2016-08-01 21:43:34,016,417,95,423,457,777,779
2016-08-01 21:43:35,020,418,95,423,458,777,779
2016-08-01 21:43:36,024,419,95,424,458,777,779
2016-08-01 21:43:37,028,420,95,424,458,777,779
2016-08-01 21:43:38,033,421,95,424,458,777,779
2016-08-01 21:43:39,037,422,95,425,458,777,779
2016-08-01 21:43:40,042,423,95,425,458,777,779
2016-08-01 21:43:41,045,424,95,426,458,777,779
2016-08-01 21:43:42,050,425,95,426,459,777,779
2016-08-01 21:43:43,054,426,95,427,459,777,779
2016-08-01 21:43:44,058,427,95,427,459,777,779
2016-08-01 21:43:45,062,428,95,427,459,777,779
2016-08-01 21:43:46,067,429,95,428,460,777,779
2016-08-01 21:43:47,071,430,95,428,460,777,779
2016-08-01 21:43:48,075,431,95,429,460,777,779
2016-08-01 21:43:49,079,432,95,429,460,777,779
2016-08-01 21:43:50,084,433,95,429,461,777,779
2016-08-01 21:43:51,088,434,95,430,461,777,779
2016-08-01 21:43:52,092,435,95,430,461,777,779
2016-08-01 21:43:53,096,436,95,431,461,777,779
2016-08-01 21:43:54,101,437,95,431,461,777,779
2016-08-01 21:43:55,104,438,95,432,462,777,779
2016-08-01 21:43:56,109,439,95,432,462,777,779
2016-08-01 21:43:57,113,440,95,433,461,777,779
2016-08-01 21:43:58,118,441,95,433,461,777,779
2016-08-01 21:43:59,121,442,95,433,461,777,779
2016-08-01 21:44:00,126,443,95,434,461,777,779
2016-08-01 21:44:01,130,444,95,434,462,777,779
2016-08-01 21:44:02,135,445,95,434,462,777,779
2016-08-01 21:44:03,138,446,95,435,462,777,779
2016-08-01 21:44:04,143,447,95,435,462,777,779
2016-08-01 21:44:05,147,448,95,436,462,777,779
2016-08-01 21:44:06,152,449,95,436,462,777,779
2016-08-01 21:44:07,155,450,95,437,462,777,779
2016-08-01 21:44:08,160,451,95,437,463,777,779
2016-08-01 21:44:09,163,452,95,437,463,777,779
2016-08-01 21:44:10,169,453,95,437,463,777,779
2016-08-01 21:44:11,172,454,95,438,463,777,779
2016-08-01 21:44:12,177,455,95,438,463,777,779
2016-08-01 21:44:13,181,456,95,439,464,777,779
2016-08-01 21:44:14,185,457,95,439,464,777,779
2016-08-01 21:44:15,189,458,95,439,464,777,779
2016-08-01 21:44:16,194,459,95,440,464,777,779
2016-08-01 21:44:17,200,461,95,440,464,777,779
2016-08-01 21:44:18,203,462,95,441,464,777,779
2016-08-01 21:44:19,206,463,95,441,465,777,779
2016-08-01 21:44:20,211,464,95,442,465,777,779
2016-08-01 21:44:21,215,465,95,442,465,777,779
2016-08-01 21:44:22,220,466,95,442,465,777,779
2016-08-01 21:44:23,224,467,95,443,465,777,779
2016-08-01 21:44:24,228,468,95,443,465,777,779
2016-08-01 21:44:25,231,469,95,444,466,777,779
2016-08-01 21:44:26,236,470,95,444,466,777,779
2016-08-01 21:44:27,240,471,95,444,466,777,779
2016-08-01 21:44:28,245,472,95,445,466,777,779
2016-08-01 21:44:29,249,473,95,445,467,777,779
2016-08-01 21:44:30,253,474,95,445,467,777,779
2016-08-01 21:44:31,257,475,95,446,467,777,779
2016-08-01 21:44:32,262,476,95,446,467,777,779
2016-08-01 21:44:33,265,477,95,447,467,777,779
2016-08-01 21:44:34,270,478,95,447,467,777,779
2016-08-01 21:44:35,274,479,95,448,467,777,779
2016-08-01 21:44:36,279,480,95,448,468,777,779
2016-08-01 21:44:37,282,481,95,448,468,777,779
2016-08-01 21:44:38,287,482,95,449,468,777,779
2016-08-01 21:44:39,291,483,95,449,468,777,779
2016-08-01 21:44:40,296,484,95,449,468,777,779
2016-08-01 21:44:41,299,485,95,450,469,777,779
2016-08-01 21:44:42,304,486,95,450,469,777,779
2016-08-01 21:44:43,308,487,95,451,469,777,779
2016-08-01 21:44:44,312,488,95,451,469,777,779
2016-08-01 21:44:45,316,489,95,452,469,777,779
2016-08-01 21:44:46,320,490,95,452,470,777,779
2016-08-01 21:44:47,325,491,95,452,470,777,779
2016-08-01 21:44:48,328,492,95,453,470,777,779
2016-08-01 21:44:49,333,493,95,453,470,777,779
2016-08-01 21:44:50,339,494,95,454,470,777,779
2016-08-01 21:44:51,342,495,95,454,470,777,779
2016-08-01 21:44:52,346,496,95,454,470,777,779
2016-08-01 21:44:53,350,497,95,455,471,777,779
2016-08-01 21:44:54,353,498,95,455,471,777,779
2016-08-01 21:44:55,357,499,95,456,471,777,779
2016-08-01 21:44:56,362,500,95,456,471,777,779
2016-08-01 21:44:57,367,501,95,456,471,777,779
2016-08-01 21:44:58,371,502,95,457,471,777,779
2016-08-01 21:44:59,376,503,95,457,471,777,779
2016-08-01 21:45:00,380,504,95,458,470,777,779
2016-08-01 21:45:01,384,505,95,458,470,777,779
2016-08-01 21:45:02,387,506,95,458,470,777,779
2016-08-01 21:45:03,392,507,95,459,470,777,779
2016-08-01 21:45:04,396,508,95,459,470,777,779
2016-08-01 21:45:05,401,509,95,460,471,777,779
2016-08-01 21:45:06,405,510,95,460,471,777,779
2016-08-01 21:45:07,410,511,95,461,471,777,779
2016-08-01 21:45:08,413,512,95,461,472,777,779
2016-08-01 21:45:09,418,513,95,461,472,777,779
2016-08-01 21:45:10,421,514,95,462,472,777,779
2016-08-01 21:45:11,427,515,95,462,471,777,779
2016-08-01 21:45:12,430,516,95,462,471,777,779
2016-08-01 21:45:13,435,517,95,463,472,777,779
2016-08-01 21:45:14,439,518,95,463,472,777,779
2016-08-01 21:45:15,443,519,95,464,472,777,779
2016-08-01 21:45:16,447,520,95,464,473,777,779
2016-08-01 21:45:17,452,521,95,465,473,777,779
2016-08-01 21:45:18,455,522,95,465,474,777,779
2016-08-01 21:45:19,460,523,95,465,474,777,779
2016-08-01 21:45:20,465,524,95,466,474,777,779
2016-08-01 21:45:21,469,525,95,466,474,777,779
2016-08-01 21:45:22,473,526,95,467,475,777,779
2016-08-01 21:45:23,477,527,95,467,475,777,779
2016-08-01 21:45:24,481,528,95,467,475,777,779
2016-08-01 21:45:25,485,529,95,468,475,777,779
2016-08-01 21:45:26,490,530,95,468,475,777,779
2016-08-01 21:45:27,494,531,95,469,476,777,779
2016-08-01 21:45:28,499,532,95,469,476,777,779
2016-08-01 21:45:29,502,533,95,469,476,777,779
2016-08-01 21:45:30,506,534,95,470,476,777,779
2016-08-01 21:45:31,511,535,95,470,477,777,779
2016-08-01 21:45:32,514,536,95,471,477,777,779
2016-08-01 21:45:33,519,537,95,471,477,777,779
2016-08-01 21:45:34,523,538,95,472,477,777,779
2016-08-01 21:45:35,528,539,95,472,478,777,779
2016-08-01 21:45:36,531,540,95,472,478,777,779
2016-08-01 21:45:37,536,541,95,473,478,777,779
2016-08-01 21:45:38,540,542,95,473,478,777,779
2016-08-01 21:45:39,545,543,95,474,479,777,779
2016-08-01 21:45:40,549,544,95,474,479,777,779
2016-08-01 21:45:41,553,545,95,475,479,777,779
2016-08-01 21:45:42,557,546,95,475,479,777,779
2016-08-01 21:45:43,562,547,95,476,480,777,779
2016-08-01 21:45:44,566,548,95,476,480,777,779
2016-08-01 21:45:45,570,549,95,476,480,777,779
2016-08-01 21:45:46,575,550,95,477,480,777,779
2016-08-01 21:45:47,579,551,94,477,480,777,779
2016-08-01 21:45:48,584,552,94,477,481,777,779
2016-08-01 21:45:49,588,553,95,478,481,777,779
2016-08-01 21:45:50,591,554,95,478,481,777,779
2016-08-01 21:45:51,596,555,95,479,482,777,779
2016-08-01 21:45:52,599,556,95,479,482,777,779
2016-08-01 21:45:53,602,557,95,480,482,777,779
2016-08-01 21:45:54,607,558,94,480,482,777,779
2016-08-01 21:45:55,610,559,95,481,483,777,779
2016-08-01 21:45:56,614,560,95,481,483,777,779
2016-08-01 21:45:57,619,561,94,482,483,777,779
2016-08-01 21:45:58,622,562,95,482,484,777,779
2016-08-01 21:45:59,625,563,94,482,484,777,779
2016-08-01 21:46:00,628,564,94,483,484,777,779
2016-08-01 21:46:01,631,565,94,483,484,777,779
2016-08-01 21:46:02,637,566,94,484,484,777,779
2016-08-01 21:46:03,640,567,95,484,485,777,779
2016-08-01 21:46:04,645,568,95,485,485,777,779
2016-08-01 21:46:05,649,569,95,485,485,777,779
2016-08-01 21:46:06,654,570,95,485,485,777,779
2016-08-01 21:46:07,657,571,94,486,486,777,779
2016-08-01 21:46:08,662,572,94,486,486,777,779
2016-08-01 21:46:09,665,573,95,487,486,777,779
2016-08-01 21:46:10,670,574,94,487,486,777,779
2016-08-01 21:46:11,675,575,95,488,487,777,779
2016-08-01 21:46:12,679,576,94,488,487,777,779
2016-08-01 21:46:13,683,577,94,489,487,777,779
2016-08-01 21:46:14,688,578,95,489,487,777,779
2016-08-01 21:46:15,691,579,95,489,488,777,779
2016-08-01 21:46:16,696,580,95,490,488,777,779
2016-08-01 21:46:17,699,581,95,490,488,777,779
2016-08-01 21:46:18,704,582,94,490,488,777,779
2016-08-01 21:46:19,709,583,94,491,489,777,779
2016-08-01 21:46:20,714,584,94,491,489,777,779
2016-08-01 21:46:21,718,585,95,491,489,777,779
2016-08-01 21:46:22,722,586,95,492,490,777,779
2016-08-01 21:46:23,726,587,95,492,490,777,779
2016-08-01 21:46:24,730,588,95,493,490,777,779
2016-08-01 21:46:25,733,589,95,493,490,777,779
2016-08-01 21:46:26,738,590,94,493,491,777,779
2016-08-01 21:46:27,742,591,95,494,491,777,779
2016-08-01 21:46:28,747,592,95,494,491,777,779
2016-08-01 21:46:29,750,593,95,494,491,777,779
2016-08-01 21:46:30,755,594,95,495,492,777,779
2016-08-01 21:46:31,759,595,94,495,492,777,779
2016-08-01 21:46:32,764,596,95,495,492,777,779
2016-08-01 21:46:33,768,597,94,495,492,777,779
2016-08-01 21:46:34,772,598,94,496,492,777,779
2016-08-01 21:46:35,776,599,95,496,492,777,779
2016-08-01 21:46:36,781,600,94,496,492,777,779
2016-08-01 21:46:37,784,601,94,496,491,777,779
2016-08-01 21:46:38,790,602,94,496,491,777,779
2016-08-01 21:46:39,793,603,95,497,490,777,779
2016-08-01 21:46:40,798,604,94,497,489,777,779
2016-08-01 21:46:41,801,605,94,497,488,777,779
2016-08-01 21:46:42,806,606,95,497,488,777,779
2016-08-01 21:46:43,809,607,95,498,487,777,779
2016-08-01 21:46:44,814,608,94,498,486,777,779
2016-08-01 21:46:45,818,609,94,498,486,777,779
2016-08-01 21:46:46,823,610,95,498,485,777,779
2016-08-01 21:46:47,826,611,95,498,484,777,779
2016-08-01 21:46:48,831,612,95,499,484,777,779
2016-08-01 21:46:49,836,613,95,499,483,777,779
2016-08-01 21:46:50,841,614,95,499,482,777,779
2016-08-01 21:46:51,845,615,94,499,482,777,779
2016-08-01 21:46:52,851,616,95,500,481,777,779
2016-08-01 21:46:53,854,617,95,500,481,777,779
2016-08-01 21:46:54,858,618,94,500,480,777,779
2016-08-01 21:46:55,862,619,95,500,480,777,779
2016-08-01 21:46:56,868,620,95,500,479,777,779
2016-08-01 21:46:57,871,621,94,500,479,777,779
2016-08-01 21:46:58,876,622,94,500,478,777,779
2016-08-01 21:46:59,879,623,95,501,478,777,779
2016-08-01 21:47:00,882,624,94,501,477,777,779
2016-08-01 21:47:01,886,625,95,501,477,777,779
2016-08-01 21:47:02,891,626,94,501,476,777,779
2016-08-01 21:47:03,895,627,94,501,476,777,779
2016-08-01 21:47:04,899,628,94,501,475,777,779
2016-08-01 21:47:05,904,629,95,501,475,777,779
2016-08-01 21:47:06,908,630,95,501,474,777,779
2016-08-01 21:47:07,912,631,95,502,474,777,779
2016-08-01 21:47:08,916,632,95,502,473,777,779
2016-08-01 21:47:09,921,633,94,502,473,777,779
2016-08-01 21:47:10,925,634,94,502,472,777,779
2016-08-01 21:47:11,929,635,95,502,472,777,779
2016-08-01 21:47:12,933,636,95,502,472,777,779
2016-08-01 21:47:13,937,637,94,502,471,777,779
2016-08-01 21:47:14,941,638,95,502,470,777,779
2016-08-01 21:47:15,945,639,95,502,470,777,779
2016-08-01 21:47:16,950,640,94,502,469,777,779
2016-08-01 21:47:17,954,641,95,502,468,777,779
2016-08-01 21:47:18,959,642,94,502,468,777,779
2016-08-01 21:47:19,964,643,95,503,467,777,779
2016-08-01 21:47:20,968,644,95,503,466,777,779
2016-08-01 21:47:21,971,645,95,503,465,777,779
2016-08-01 21:47:22,976,646,94,503,465,777,779
2016-08-01 21:47:23,979,647,95,503,464,777,779
2016-08-01 21:47:24,984,648,95,503,464,777,779
2016-08-01 21:47:25,987,649,95,503,463,777,779
2016-08-01 21:47:26,989,650,95,503,462,777,779
2016-08-01 21:47:27,991,651,95,503,461,777,779
2016-08-01 21:47:28,996,652,94,503,461,777,779
2016-08-01 21:47:30,000,653,95,503,460,777,779
2016-08-01 21:47:31,003,654,94,503,459,777,779
2016-08-01 21:47:32,008,655,95,503,459,777,779
2016-08-01 21:47:33,011,656,95,503,458,777,779
2016-08-01 21:47:34,016,657,94,503,457,777,779
2016-08-01 21:47:35,020,658,95,503,457,777,779
2016-08-01 21:47:36,025,659,95,503,456,777,779
2016-08-01 21:47:37,028,660,94,504,456,777,779
2016-08-01 21:47:38,033,661,94,503,455,777,779
2016-08-01 21:47:39,037,662,94,504,454,777,779
2016-08-01 21:47:40,042,663,95,504,454,777,779
2016-08-01 21:47:41,045,664,95,504,453,777,779
2016-08-01 21:47:42,050,665,95,504,453,777,779
2016-08-01 21:47:43,054,666,94,504,452,777,779
2016-08-01 21:47:44,059,667,95,504,452,777,779
2016-08-01 21:47:45,062,668,94,504,452,777,779
2016-08-01 21:47:46,067,669,95,503,451,777,779
2016-08-01 21:47:47,072,670,95,502,451,777,779
2016-08-01 21:47:48,076,671,95,501,450,777,779
2016-08-01 21:47:49,079,672,94,499,449,777,779
2016-08-01 21:47:50,084,673,95,498,448,777,779
2016-08-01 21:47:51,088,674,95,496,448,777,779
2016-08-01 21:47:52,089,675,95,495,447,777,779
2016-08-01 21:47:53,091,676,95,491,446,777,779
2016-08-01 21:47:54,095,677,95,487,444,777,779
2016-08-01 21:47:55,100,678,95,482,442,777,779
2016-08-01 21:47:56,103,679,95,478,439,777,779
2016-08-01 21:47:57,108,680,95,475,436,777,779
2016-08-01 21:47:58,111,681,95,473,433,777,779
2016-08-01 21:47:59,117,682,94,471,431,777,779
2016-08-01 21:48:00,120,683,95,469,429,777,779
2016-08-01 21:48:01,123,684,95,467,427,777,779
2016-08-01 21:48:02,127,685,95,464,425,777,779
2016-08-01 21:48:03,131,686,95,462,424,777,779
2016-08-01 21:48:04,133,687,95,460,422,777,779
2016-08-01 21:48:05,137,688,95,458,420,777,779
2016-08-01 21:48:06,140,689,95,456,419,777,779
2016-08-01 21:48:07,144,690,94,452,417,777,779
2016-08-01 21:48:08,149,691,95,450,416,777,779
2016-08-01 21:48:09,152,692,94,447,415,777,779
2016-08-01 21:48:10,157,693,95,444,413,777,779
2016-08-01 21:48:11,162,694,95,442,412,777,779
2016-08-01 21:48:12,166,695,94,440,411,777,779
2016-08-01 21:48:13,171,696,95,439,409,777,779
2016-08-01 21:48:14,174,697,95,438,408,777,779
2016-08-01 21:48:15,178,698,94,436,406,777,779
2016-08-01 21:48:16,183,699,95,433,406,777,779
2016-08-01 21:48:17,188,700,95,430,404,777,779
2016-08-01 21:48:18,191,701,94,426,403,777,779
2016-08-01 21:48:19,195,703,95,423,403,777,779
2016-08-01 21:48:20,197,704,95,420,402,777,779
2016-08-01 21:48:21,202,705,95,417,401,777,779
2016-08-01 21:48:22,207,706,95,414,401,777,779
2016-08-01 21:48:23,212,707,95,411,400,777,779
2016-08-01 21:48:24,216,708,95,409,399,777,779
2016-08-01 21:48:25,220,709,95,408,398,777,779
2016-08-01 21:48:26,225,710,94,406,398,777,779
2016-08-01 21:48:27,228,711,95,404,397,777,779
2016-08-01 21:48:28,234,712,95,403,396,777,779
2016-08-01 21:48:29,237,713,95,402,395,777,779
2016-08-01 21:48:30,242,714,95,400,395,777,779
2016-08-01 21:48:31,246,715,95,399,394,777,779
2016-08-01 21:48:32,251,716,95,396,394,777,779
2016-08-01 21:48:33,254,717,95,395,394,777,779
2016-08-01 21:48:34,259,718,95,392,393,777,779
2016-08-01 21:48:35,264,719,95,390,393,777,779
2016-08-01 21:48:36,268,720,94,389,393,777,779
2016-08-01 21:48:37,271,721,95,389,392,777,779
2016-08-01 21:48:38,276,722,95,389,391,777,779
2016-08-01 21:48:39,279,723,95,388,391,777,779
2016-08-01 21:48:40,284,724,95,388,390,777,779
2016-08-01 21:48:41,288,725,95,387,389,777,779
2016-08-01 21:48:42,293,726,95,386,389,777,779
2016-08-01 21:48:43,297,727,95,386,388,777,779
2016-08-01 21:48:44,301,728,95,385,388,777,779
2016-08-01 21:48:45,305,729,95,385,387,777,779
2016-08-01 21:48:46,310,730,95,384,386,777,779
2016-08-01 21:48:47,313,731,94,383,386,777,779
2016-08-01 21:48:48,318,732,94,381,386,777,779
2016-08-01 21:48:49,322,733,95,380,385,777,779
2016-08-01 21:48:50,326,734,94,379,385,777,779
2016-08-01 21:48:51,330,735,95,377,385,777,779
2016-08-01 21:48:52,335,736,95,376,385,777,779
2016-08-01 21:48:53,339,737,95,376,384,777,779
2016-08-01 21:48:54,344,738,95,374,384,777,779
2016-08-01 21:48:55,347,739,95,373,384,777,779
2016-08-01 21:48:56,352,740,95,373,383,777,779
2016-08-01 21:48:57,356,741,95,371,383,777,779
2016-08-01 21:48:58,361,742,95,370,383,777,779
2016-08-01 21:48:59,364,743,95,370,383,777,779
2016-08-01 21:49:00,369,744,95,370,382,777,779
2016-08-01 21:49:01,373,745,94,369,381,777,779
2016-08-01 21:49:02,377,746,95,368,381,777,779
2016-08-01 21:49:03,382,747,95,367,381,777,779
2016-08-01 21:49:04,386,748,95,367,381,777,779
2016-08-01 21:49:05,389,749,95,365,380,777,779
2016-08-01 21:49:06,394,750,95,363,380,777,779
2016-08-01 21:49:07,399,751,94,363,380,777,779
2016-08-01 21:49:08,403,752,95,362,380,777,779
2016-08-01 21:49:09,406,753,95,361,380,777,779
2016-08-01 21:49:10,411,754,95,359,380,777,779
2016-08-01 21:49:11,415,755,95,357,380,777,779
2016-08-01 21:49:12,420,756,95,356,380,777,779
2016-08-01 21:49:13,423,757,95,355,379,777,779
2016-08-01 21:49:14,428,758,95,355,379,777,779
2016-08-01 21:49:15,434,759,95,355,379,777,779
2016-08-01 21:49:16,437,760,95,353,378,777,779
2016-08-01 21:49:17,442,761,94,353,378,777,779
2016-08-01 21:49:18,445,762,94,352,378,777,779
2016-08-01 21:49:19,449,763,95,352,377,777,779
2016-08-01 21:49:20,454,764,95,353,377,777,779
2016-08-01 21:49:21,459,765,95,353,377,777,779
2016-08-01 21:49:22,464,766,95,353,377,777,779
2016-08-01 21:49:23,466,767,95,353,376,777,779
2016-08-01 21:49:24,471,768,95,352,376,777,779
2016-08-01 21:49:25,474,769,95,350,376,777,779
2016-08-01 21:49:26,479,770,95,349,376,777,779
2016-08-01 21:49:27,483,771,95,350,375,777,779
2016-08-01 21:49:28,488,772,95,350,375,777,779
2016-08-01 21:49:29,491,773,95,350,374,777,779
2016-08-01 21:49:30,496,774,95,351,374,777,779
2016-08-01 21:49:31,500,775,95,351,374,777,779
2016-08-01 21:49:32,505,776,95,351,373,777,779
2016-08-01 21:49:33,508,777,95,352,373,777,779
2016-08-01 21:49:34,513,778,95,352,373,777,779
2016-08-01 21:49:35,518,779,95,353,372,777,779
2016-08-01 21:49:36,520,780,95,352,372,777,779
2016-08-01 21:49:37,525,781,95,351,372,777,779
2016-08-01 21:49:38,530,782,95,352,372,777,779
2016-08-01 21:49:39,534,783,95,352,371,777,779
2016-08-01 21:49:40,538,784,95,352,371,777,779
