2018-08-02 21:16:48,218,coffee,datetime,ms,seconds,ambient_temp,thermocouple_0_temp,thermocouple_1_temp,thermocouple_2_temp,thermocouple_3_temp
2018-08-02 21:16:50,243,2,88,462,410,777,779
2018-08-02 21:16:51,246,3,88,456,406,777,779
2018-08-02 21:16:52,249,4,88,447,401,777,779
2018-08-02 21:16:53,255,5,88,437,396,777,779
2018-08-02 21:16:54,261,6,88,427,391,777,779
2018-08-02 21:16:55,264,7,88,417,386,777,779
2018-08-02 21:16:56,268,8,88,407,382,777,779
2018-08-02 21:16:57,270,9,88,398,379,777,779
2018-08-02 21:16:58,274,10,88,389,378,777,779
2018-08-02 21:16:59,277,11,88,381,376,777,779
2018-08-02 21:17:00,282,12,88,373,375,777,779
2018-08-02 21:17:01,285,13,88,366,374,777,779
2018-08-02 21:17:02,287,14,88,359,374,777,779
2018-08-02 21:17:03,289,15,88,353,373,777,779
2018-08-02 21:17:04,295,16,88,346,372,777,779
2018-08-02 21:17:05,298,17,88,340,371,777,779
2018-08-02 21:17:06,301,18,88,334,371,777,779
2018-08-02 21:17:07,304,19,88,328,370,777,779
2018-08-02 21:17:08,307,20,88,323,370,777,779
2018-08-02 21:17:09,311,21,88,318,369,777,779
2018-08-02 21:17:10,315,22,88,313,369,777,779
2018-08-02 21:17:11,316,23,88,308,368,777,779
2018-08-02 21:17:12,319,24,88,304,368,777,779
2018-08-02 21:17:13,322,25,88,299,367,777,779
2018-08-02 21:17:14,328,26,88,295,367,777,779
2018-08-02 21:17:15,332,27,88,291,367,777,779
2018-08-02 21:17:16,337,28,88,287,366,777,779
2018-08-02 21:17:17,342,29,88,283,366,777,779
2018-08-02 21:17:18,345,30,88,280,366,777,779
2018-08-02 21:17:19,347,31,88,277,366,777,779
2018-08-02 21:17:20,352,32,88,274,365,777,779
2018-08-02 21:17:21,358,33,88,271,365,777,779
2018-08-02 21:17:22,360,34,88,268,365,777,779
2018-08-02 21:17:23,362,35,88,266,365,777,779
2018-08-02 21:17:24,365,36,88,263,365,777,779
2018-08-02 21:17:25,367,37,88,260,364,777,779
2018-08-02 21:17:26,371,38,88,258,364,777,779
2018-08-02 21:17:27,374,39,88,256,364,777,779
2018-08-02 21:17:28,377,40,88,254,364,777,779
2018-08-02 21:17:29,383,41,88,252,364,777,779
2018-08-02 21:17:30,388,42,88,250,364,777,779
2018-08-02 21:17:31,392,43,88,248,363,777,779
2018-08-02 21:17:32,397,44,88,247,363,777,779
2018-08-02 21:17:33,403,45,88,245,363,777,779
2018-08-02 21:17:34,407,46,88,243,363,777,779
2018-08-02 21:17:35,411,47,88,242,363,777,779
2018-08-02 21:17:36,413,48,88,240,363,777,779
2018-08-02 21:17:37,419,49,88,239,363,777,779
2018-08-02 21:17:38,421,50,88,238,363,777,779
2018-08-02 21:17:39,426,51,88,237,364,777,779
2018-08-02 21:17:40,427,52,88,236,364,777,779
2018-08-02 21:17:41,432,53,88,235,364,777,779
2018-08-02 21:17:42,435,54,88,234,364,777,779
2018-08-02 21:17:43,439,55,88,233,364,777,779
2018-08-02 21:17:44,441,56,88,232,364,777,779
2018-08-02 21:17:45,445,57,88,232,364,777,779
2018-08-02 21:17:46,451,58,88,231,364,777,779
2018-08-02 21:17:47,457,59,88,230,364,777,779
2018-08-02 21:17:48,461,60,88,230,364,777,779
2018-08-02 21:17:49,465,61,88,229,364,777,779
2018-08-02 21:17:50,467,62,88,229,364,777,779
2018-08-02 21:17:51,471,63,88,228,364,777,779
2018-08-02 21:17:52,474,64,88,228,364,777,779
2018-08-02 21:17:53,477,65,88,227,364,777,779
2018-08-02 21:17:54,481,66,88,227,364,777,779
2018-08-02 21:17:55,484,67,88,227,365,777,779
2018-08-02 21:17:56,486,68,88,227,366,777,779
2018-08-02 21:17:57,487,69,88,227,367,777,779
2018-08-02 21:17:58,488,70,88,226,368,777,779
2018-08-02 21:17:59,489,71,88,226,368,777,779
2018-08-02 21:18:00,493,72,88,226,369,777,779
2018-08-02 21:18:01,497,73,88,226,370,777,779
2018-08-02 21:18:02,501,74,88,226,371,777,779
2018-08-02 21:18:03,503,75,88,226,372,777,779
2018-08-02 21:18:04,507,76,88,227,373,777,779
2018-08-02 21:18:05,511,77,88,227,373,777,779
2018-08-02 21:18:06,517,78,88,227,374,777,779
2018-08-02 21:18:07,521,79,88,227,375,777,779
2018-08-02 21:18:08,527,80,88,227,375,777,779
2018-08-02 21:18:09,529,81,88,228,376,777,779
2018-08-02 21:18:10,533,82,88,228,377,777,779
2018-08-02 21:18:11,537,83,88,228,378,777,779
2018-08-02 21:18:12,540,84,88,228,378,777,779
2018-08-02 21:18:13,544,85,88,229,379,777,779
2018-08-02 21:18:14,550,86,88,229,379,777,779
2018-08-02 21:18:15,551,87,88,229,380,777,779
2018-08-02 21:18:16,556,88,88,230,380,777,779
2018-08-02 21:18:17,558,89,88,230,381,777,779
2018-08-02 21:18:18,562,90,88,231,382,777,779
2018-08-02 21:18:19,564,91,88,231,382,777,779
2018-08-02 21:18:20,567,92,88,232,383,777,779
2018-08-02 21:18:21,571,93,88,232,383,777,779
2018-08-02 21:18:22,575,94,88,232,384,777,779
2018-08-02 21:18:23,578,95,88,233,384,777,779
2018-08-02 21:18:24,583,96,88,233,385,777,779
2018-08-02 21:18:25,589,97,88,234,385,777,779
2018-08-02 21:18:26,591,98,88,235,386,777,779
2018-08-02 21:18:27,595,99,88,235,387,777,779
2018-08-02 21:18:28,599,100,88,236,387,777,779
2018-08-02 21:18:29,603,101,88,236,388,777,779
2018-08-02 21:18:30,606,102,88,237,388,777,779
2018-08-02 21:18:31,611,103,88,237,389,777,779
2018-08-02 21:18:32,613,104,88,238,389,777,779
2018-08-02 21:18:33,615,105,88,239,390,777,779
2018-08-02 21:18:34,620,106,88,239,390,777,779
2018-08-02 21:18:35,625,107,88,240,391,777,779
2018-08-02 21:18:36,626,108,88,241,392,777,779
2018-08-02 21:18:37,630,109,88,241,392,777,779
2018-08-02 21:18:38,633,110,88,242,393,777,779
2018-08-02 21:18:39,639,111,88,243,393,777,779
2018-08-02 21:18:40,643,112,88,243,394,777,779
2018-08-02 21:18:41,647,113,88,244,394,777,779
2018-08-02 21:18:42,653,114,88,245,395,777,779
2018-08-02 21:18:43,655,115,88,245,395,777,779
2018-08-02 21:18:44,661,116,88,246,395,777,779
2018-08-02 21:18:45,665,117,88,247,396,777,779
2018-08-02 21:18:46,668,118,88,247,396,777,779
2018-08-02 21:18:47,669,119,88,248,397,777,779
2018-08-02 21:18:48,673,120,88,249,397,777,779
2018-08-02 21:18:49,676,121,88,250,397,777,779
2018-08-02 21:18:50,680,122,88,251,398,777,779
2018-08-02 21:18:51,685,123,88,251,398,777,779
2018-08-02 21:18:52,689,124,88,252,398,777,779
2018-08-02 21:18:53,695,125,88,253,399,777,779
2018-08-02 21:18:54,699,126,88,254,399,777,779
2018-08-02 21:18:55,702,127,88,254,400,777,779
2018-08-02 21:18:56,705,128,88,255,400,777,779
2018-08-02 21:18:57,707,129,88,256,400,777,779
2018-08-02 21:18:58,711,130,88,257,401,777,779
2018-08-02 21:18:59,714,131,88,257,401,777,779
2018-08-02 21:19:00,715,132,88,258,401,777,779
2018-08-02 21:19:01,719,133,88,259,402,777,779
2018-08-02 21:19:02,724,134,88,260,402,777,779
2018-08-02 21:19:03,725,135,88,261,402,777,779
2018-08-02 21:19:04,725,136,88,261,403,777,779
2018-08-02 21:19:05,729,137,88,262,403,777,779
2018-08-02 21:19:06,731,138,88,263,403,776,779
2018-08-02 21:19:07,736,139,88,264,404,777,779
2018-08-02 21:19:08,740,140,88,264,404,777,779
2018-08-02 21:19:09,744,141,88,265,404,777,779
2018-08-02 21:19:10,748,142,88,266,405,777,779
2018-08-02 21:19:11,752,143,88,267,405,777,779
2018-08-02 21:19:12,754,144,88,268,405,777,779
2018-08-02 21:19:13,757,145,88,268,406,777,779
2018-08-02 21:19:14,759,146,88,269,406,777,779
2018-08-02 21:19:15,764,147,88,270,406,777,779
2018-08-02 21:19:16,767,148,88,271,407,777,779
2018-08-02 21:19:17,770,149,88,272,407,777,779
2018-08-02 21:19:18,773,150,88,273,407,777,779
2018-08-02 21:19:19,776,151,88,273,408,777,779
2018-08-02 21:19:20,777,152,88,274,408,777,779
2018-08-02 21:19:21,782,153,88,275,408,777,779
2018-08-02 21:19:22,785,154,88,276,409,777,779
2018-08-02 21:19:23,787,155,88,277,409,777,779
2018-08-02 21:19:24,791,156,88,278,410,777,779
2018-08-02 21:19:25,793,157,88,279,410,777,779
2018-08-02 21:19:26,797,158,88,279,411,777,779
2018-08-02 21:19:27,800,159,88,280,411,777,779
2018-08-02 21:19:28,804,160,88,281,411,777,779
2018-08-02 21:19:29,806,161,88,282,412,777,779
2018-08-02 21:19:30,809,162,88,283,412,777,779
2018-08-02 21:19:31,813,163,88,283,412,777,779
2018-08-02 21:19:32,815,164,88,284,412,777,779
2018-08-02 21:19:33,819,165,88,285,413,777,779
2018-08-02 21:19:34,824,166,88,286,413,777,779
2018-08-02 21:19:35,825,167,88,287,413,777,779
2018-08-02 21:19:36,828,168,88,288,413,777,779
2018-08-02 21:19:37,831,169,88,288,414,777,779
2018-08-02 21:19:38,834,170,88,289,414,777,779
2018-08-02 21:19:39,837,171,88,290,414,777,779
2018-08-02 21:19:40,840,172,88,291,414,777,779
2018-08-02 21:19:41,844,173,88,292,415,777,779
2018-08-02 21:19:42,845,174,88,292,415,777,779
2018-08-02 21:19:43,850,175,88,293,415,777,779
2018-08-02 21:19:44,854,176,88,294,415,777,779
2018-08-02 21:19:45,856,177,88,295,416,777,779
2018-08-02 21:19:46,859,178,88,296,416,777,779
2018-08-02 21:19:47,862,179,88,296,416,777,779
2018-08-02 21:19:48,865,180,88,297,417,777,779
2018-08-02 21:19:49,868,181,88,298,417,777,779
2018-08-02 21:19:50,870,182,88,299,417,777,779
2018-08-02 21:19:51,873,183,88,299,418,777,779
2018-08-02 21:19:52,874,184,88,300,418,777,779
2018-08-02 21:19:53,878,185,88,301,418,777,779
2018-08-02 21:19:54,883,186,88,302,419,777,779
2018-08-02 21:19:55,885,187,88,303,419,777,779
2018-08-02 21:19:56,889,188,88,304,419,777,779
2018-08-02 21:19:57,892,189,88,304,419,777,779
2018-08-02 21:19:58,895,190,88,305,419,777,779
2018-08-02 21:19:59,899,191,88,306,420,777,779
2018-08-02 21:20:00,902,192,88,307,420,777,779
2018-08-02 21:20:01,906,193,88,308,420,777,779
2018-08-02 21:20:02,910,194,88,308,421,777,779
2018-08-02 21:20:03,914,195,88,309,421,777,779
2018-08-02 21:20:04,920,196,88,310,421,777,779
2018-08-02 21:20:05,924,197,88,311,422,777,779
2018-08-02 21:20:06,926,198,88,312,422,777,779
2018-08-02 21:20:07,930,199,88,312,422,777,779
2018-08-02 21:20:08,934,200,88,313,422,777,779
2018-08-02 21:20:09,938,201,88,314,422,777,779
2018-08-02 21:20:10,941,202,88,315,423,777,779
2018-08-02 21:20:11,947,203,88,315,423,777,779
2018-08-02 21:20:12,948,204,88,316,423,777,779
2018-08-02 21:20:13,954,205,88,317,424,777,779
2018-08-02 21:20:14,959,206,88,318,424,776,779
2018-08-02 21:20:15,963,207,88,318,424,777,779
2018-08-02 21:20:16,967,208,88,319,425,777,779
2018-08-02 21:20:17,970,209,88,320,425,777,779
2018-08-02 21:20:18,973,210,88,321,425,777,779
2018-08-02 21:20:19,977,211,88,322,425,777,779
2018-08-02 21:20:20,979,212,88,322,426,777,779
2018-08-02 21:20:21,983,213,88,323,426,777,779
2018-08-02 21:20:22,985,214,88,324,426,777,779
2018-08-02 21:20:23,989,215,88,325,427,777,779
2018-08-02 21:20:24,992,216,88,326,427,777,779
2018-08-02 21:20:25,993,217,88,326,427,777,779
2018-08-02 21:20:26,997,218,88,327,427,776,779
2018-08-02 21:20:28,000,219,88,328,428,776,779
2018-08-02 21:20:29,005,220,88,329,428,777,779
2018-08-02 21:20:30,008,221,88,329,428,776,779
2018-08-02 21:20:31,010,222,88,330,429,777,779
2018-08-02 21:20:32,013,223,88,331,429,777,779
2018-08-02 21:20:33,017,224,88,331,429,777,779
2018-08-02 21:20:34,021,225,88,332,429,777,779
2018-08-02 21:20:35,022,226,88,333,430,777,779
2018-08-02 21:20:36,026,227,88,334,430,777,779
2018-08-02 21:20:37,029,228,88,334,430,777,779
2018-08-02 21:20:38,033,229,88,335,431,777,779
2018-08-02 21:20:39,038,230,88,336,431,777,779
2018-08-02 21:20:40,041,231,88,336,431,776,779
2018-08-02 21:20:41,047,232,88,337,432,777,779
2018-08-02 21:20:42,049,233,88,338,432,777,779
2018-08-02 21:20:43,055,234,88,338,432,777,779
2018-08-02 21:20:44,061,235,88,339,432,776,779
2018-08-02 21:20:45,065,236,88,340,433,777,779
2018-08-02 21:20:46,069,237,88,341,433,777,779
2018-08-02 21:20:47,072,238,88,341,433,777,779
2018-08-02 21:20:48,075,239,88,342,433,777,779
2018-08-02 21:20:49,079,240,88,343,433,776,779
2018-08-02 21:20:50,083,241,88,343,433,777,779
2018-08-02 21:20:51,088,242,88,344,434,777,779
2018-08-02 21:20:52,093,243,88,345,434,777,779
2018-08-02 21:20:53,097,244,88,346,434,776,779
2018-08-02 21:20:54,100,245,88,346,434,777,779
2018-08-02 21:20:55,104,246,88,347,435,777,779
2018-08-02 21:20:56,108,247,88,348,435,777,779
2018-08-02 21:20:57,114,248,88,348,435,777,779
2018-08-02 21:20:58,120,249,88,349,435,777,779
2018-08-02 21:20:59,122,250,88,350,436,777,779
2018-08-02 21:21:00,124,251,88,350,436,777,779
2018-08-02 21:21:01,128,252,88,351,436,777,779
2018-08-02 21:21:02,132,253,88,352,436,777,779
2018-08-02 21:21:03,136,254,88,352,437,777,779
2018-08-02 21:21:04,139,255,88,353,437,777,779
2018-08-02 21:21:05,143,256,88,354,437,777,779
2018-08-02 21:21:06,144,257,88,354,437,777,779
2018-08-02 21:21:07,150,258,88,355,438,777,779
2018-08-02 21:21:08,156,259,88,356,438,777,779
2018-08-02 21:21:09,160,260,88,356,438,777,779
2018-08-02 21:21:10,164,261,88,357,438,777,779
2018-08-02 21:21:11,166,262,88,358,439,777,779
2018-08-02 21:21:12,170,263,88,358,439,777,779
2018-08-02 21:21:13,173,264,88,359,439,777,779
2018-08-02 21:21:14,176,265,88,360,440,777,779
2018-08-02 21:21:15,176,266,88,360,440,777,779
2018-08-02 21:21:16,182,267,88,361,440,777,779
2018-08-02 21:21:17,183,268,88,362,440,776,779
2018-08-02 21:21:18,184,269,88,362,441,777,779
2018-08-02 21:21:19,190,270,88,363,441,777,779
2018-08-02 21:21:20,196,271,88,364,441,777,779
2018-08-02 21:21:21,201,272,88,364,441,777,779
2018-08-02 21:21:22,205,273,88,365,442,777,779
2018-08-02 21:21:23,208,274,88,366,442,777,779
2018-08-02 21:21:24,212,275,88,366,442,777,779
2018-08-02 21:21:25,214,276,88,367,442,777,779
2018-08-02 21:21:26,216,277,88,368,443,777,779
2018-08-02 21:21:27,221,279,88,368,443,777,779
2018-08-02 21:21:28,222,280,88,369,443,777,779
2018-08-02 21:21:29,223,281,88,370,443,777,779
2018-08-02 21:21:30,224,282,88,370,444,777,779
2018-08-02 21:21:31,228,283,88,371,444,777,779
2018-08-02 21:21:32,231,284,88,371,444,777,779
2018-08-02 21:21:33,235,285,88,372,445,777,779
2018-08-02 21:21:34,239,286,88,373,445,777,779
2018-08-02 21:21:35,242,287,88,373,445,777,779
2018-08-02 21:21:36,243,288,88,374,445,777,779
2018-08-02 21:21:37,246,289,88,374,445,777,779
2018-08-02 21:21:38,247,290,88,375,445,777,779
2018-08-02 21:21:39,252,291,88,376,446,777,779
2018-08-02 21:21:40,255,292,88,377,446,777,779
2018-08-02 21:21:41,260,293,88,377,446,777,779
2018-08-02 21:21:42,264,294,88,378,447,777,779
2018-08-02 21:21:43,268,295,88,378,447,777,779
2018-08-02 21:21:44,270,296,88,379,447,777,779
2018-08-02 21:21:45,274,297,88,380,447,777,779
2018-08-02 21:21:46,277,298,88,380,448,777,779
2018-08-02 21:21:47,282,299,88,381,448,777,779
2018-08-02 21:21:48,288,300,88,382,448,777,779
2018-08-02 21:21:49,296,301,88,382,449,777,779
2018-08-02 21:21:50,301,302,88,383,449,777,779
2018-08-02 21:21:51,304,303,88,383,449,777,779
2018-08-02 21:21:52,306,304,88,384,450,777,779
2018-08-02 21:21:53,311,305,88,385,450,777,779
2018-08-02 21:21:54,321,306,88,385,450,777,779
2018-08-02 21:21:55,333,307,88,386,450,776,779
2018-08-02 21:21:56,338,308,88,387,451,777,779
2018-08-02 21:21:57,347,309,88,387,452,777,779
2018-08-02 21:21:58,354,310,88,388,453,777,779
2018-08-02 21:21:59,362,311,88,388,453,777,779
2018-08-02 21:22:00,367,312,88,389,454,777,779
2018-08-02 21:22:01,373,313,88,389,454,777,779
2018-08-02 21:22:02,379,314,88,390,455,777,779
2018-08-02 21:22:03,390,315,88,391,455,777,779
2018-08-02 21:22:04,398,316,88,392,456,777,779
2018-08-02 21:22:05,400,317,88,392,456,777,779
2018-08-02 21:22:06,409,318,88,393,457,777,779
2018-08-02 21:22:07,420,319,88,393,457,777,779
2018-08-02 21:22:08,422,320,88,394,458,777,779
2018-08-02 21:22:09,428,321,88,395,458,777,779
2018-08-02 21:22:10,431,322,88,395,458,777,779
2018-08-02 21:22:11,441,323,88,396,459,777,779
2018-08-02 21:22:12,443,324,88,397,459,777,779
2018-08-02 21:22:13,454,325,88,397,460,777,779
2018-08-02 21:22:14,460,326,88,398,460,777,779
2018-08-02 21:22:15,462,327,88,399,460,777,779
2018-08-02 21:22:16,467,328,88,399,461,777,779
2018-08-02 21:22:17,469,329,88,400,461,777,779
2018-08-02 21:22:18,472,330,88,400,461,777,779
2018-08-02 21:22:19,481,331,88,401,462,777,779
2018-08-02 21:22:20,486,332,88,402,462,777,779
2018-08-02 21:22:21,490,333,88,402,462,777,779
2018-08-02 21:22:22,493,334,88,403,463,777,779
2018-08-02 21:22:23,499,335,88,403,463,777,779
2018-08-02 21:22:24,504,336,88,404,463,777,779
2018-08-02 21:22:25,508,337,88,405,463,777,779
2018-08-02 21:22:26,512,338,88,405,464,777,779
2018-08-02 21:22:27,521,339,88,406,464,777,779
2018-08-02 21:22:28,523,340,88,406,464,777,779
2018-08-02 21:22:29,526,341,88,407,464,777,779
2018-08-02 21:22:30,530,342,88,408,465,777,779
2018-08-02 21:22:31,534,343,88,408,465,777,779
2018-08-02 21:22:32,541,344,88,409,465,777,779
2018-08-02 21:22:33,548,345,88,409,466,777,779
2018-08-02 21:22:34,552,346,88,410,466,777,779
2018-08-02 21:22:35,556,347,88,410,466,777,779
2018-08-02 21:22:36,558,348,88,411,466,777,779
2018-08-02 21:22:37,567,349,88,412,466,777,779
2018-08-02 21:22:38,573,350,88,412,467,777,779
2018-08-02 21:22:39,576,351,88,413,467,777,779
2018-08-02 21:22:40,582,352,88,414,467,777,779
2018-08-02 21:22:41,584,353,88,414,467,777,779
2018-08-02 21:22:42,589,354,88,415,468,777,779
2018-08-02 21:22:43,590,355,88,415,468,777,779
2018-08-02 21:22:44,598,356,88,416,468,777,779
2018-08-02 21:22:45,604,357,88,416,468,777,779
2018-08-02 21:22:46,607,358,88,417,468,777,779
2018-08-02 21:22:47,612,359,88,417,468,777,779
2018-08-02 21:22:48,620,360,88,418,469,776,779
2018-08-02 21:22:49,631,361,88,419,469,777,779
2018-08-02 21:22:50,635,362,88,419,469,777,779
2018-08-02 21:22:51,641,363,88,420,469,777,779
2018-08-02 21:22:52,644,364,88,420,470,777,779
2018-08-02 21:22:53,645,365,88,421,470,777,779
2018-08-02 21:22:54,650,366,88,421,470,777,779
2018-08-02 21:22:55,653,367,88,422,470,777,779
2018-08-02 21:22:56,663,368,88,422,470,777,779
2018-08-02 21:22:57,667,369,88,423,471,777,779
2018-08-02 21:22:58,673,370,88,424,471,777,779
2018-08-02 21:22:59,679,371,88,424,471,777,779
2018-08-02 21:23:00,681,372,88,425,471,777,779
2018-08-02 21:23:01,685,373,88,425,471,777,779
2018-08-02 21:23:02,687,374,88,426,472,777,779
2018-08-02 21:23:03,698,375,88,426,472,777,779
2018-08-02 21:23:04,704,376,88,427,472,777,779
2018-08-02 21:23:05,709,377,88,427,472,777,779
2018-08-02 21:23:06,720,378,88,428,472,777,779
2018-08-02 21:23:07,723,379,88,428,472,777,779
2018-08-02 21:23:08,726,380,88,429,473,777,779
2018-08-02 21:23:09,732,381,88,430,473,777,779
2018-08-02 21:23:10,738,382,88,430,473,777,779
2018-08-02 21:23:11,744,383,88,431,473,777,779
2018-08-02 21:23:12,745,384,88,431,473,777,779
2018-08-02 21:23:13,756,385,88,432,474,777,779
2018-08-02 21:23:14,760,386,88,432,474,777,779
2018-08-02 21:23:15,764,387,88,433,474,777,779
2018-08-02 21:23:16,770,388,88,433,474,777,779
2018-08-02 21:23:17,778,389,88,434,475,777,779
2018-08-02 21:23:18,784,390,88,435,475,777,779
2018-08-02 21:23:19,793,391,88,435,475,777,779
2018-08-02 21:23:20,796,392,88,436,475,777,779
2018-08-02 21:23:21,799,393,88,436,475,777,779
2018-08-02 21:23:22,805,394,88,437,475,777,779
2018-08-02 21:23:23,811,395,88,437,474,777,779
2018-08-02 21:23:24,820,396,88,438,474,777,779
2018-08-02 21:23:25,821,397,88,438,475,777,779
2018-08-02 21:23:26,830,398,88,439,474,777,779
2018-08-02 21:23:27,840,399,88,439,475,777,779
2018-08-02 21:23:28,846,400,88,440,475,777,779
2018-08-02 21:23:29,850,401,88,440,475,777,779
2018-08-02 21:23:30,852,402,88,441,475,777,779
2018-08-02 21:23:31,854,403,88,441,475,777,779
2018-08-02 21:23:32,861,404,88,442,474,777,779
2018-08-02 21:23:33,865,405,88,442,473,777,779
2018-08-02 21:23:34,868,406,88,443,473,777,779
2018-08-02 21:23:35,873,407,88,443,473,777,779
2018-08-02 21:23:36,877,408,88,444,473,777,779
2018-08-02 21:23:37,882,409,88,444,474,777,779
2018-08-02 21:23:38,885,410,88,445,474,777,779
2018-08-02 21:23:39,888,411,88,445,474,777,779
2018-08-02 21:23:40,891,412,88,446,474,777,779
2018-08-02 21:23:41,900,413,88,446,475,777,779
2018-08-02 21:23:42,904,414,88,447,475,777,779
2018-08-02 21:23:43,908,415,88,447,475,777,779
2018-08-02 21:23:44,919,416,88,448,475,777,779
2018-08-02 21:23:45,923,417,88,448,475,777,779
2018-08-02 21:23:46,926,418,88,449,475,777,779
2018-08-02 21:23:47,928,419,88,449,476,777,779
2018-08-02 21:23:48,933,420,88,450,476,777,779
2018-08-02 21:23:49,938,421,88,450,476,777,779
2018-08-02 21:23:50,944,422,88,451,476,777,779
2018-08-02 21:23:51,950,423,88,451,476,777,779
2018-08-02 21:23:52,959,424,88,451,477,777,779
2018-08-02 21:23:53,964,425,88,452,477,777,779
2018-08-02 21:23:54,968,426,88,452,477,777,779
2018-08-02 21:23:55,976,427,88,453,477,777,779
2018-08-02 21:23:56,983,428,88,454,478,777,779
2018-08-02 21:23:57,985,429,88,454,478,777,779
2018-08-02 21:23:58,996,430,88,454,478,777,779
2018-08-02 21:24:00,000,431,88,455,478,777,779
2018-08-02 21:24:01,006,432,88,455,479,777,779
2018-08-02 21:24:02,012,433,88,456,479,777,779
2018-08-02 21:24:03,018,434,88,456,479,777,779
2018-08-02 21:24:04,029,435,88,457,480,777,779
2018-08-02 21:24:05,034,436,88,457,480,777,779
2018-08-02 21:24:06,039,437,88,458,480,777,779
2018-08-02 21:24:07,044,438,88,458,480,777,779
2018-08-02 21:24:08,055,439,88,459,480,777,779
2018-08-02 21:24:09,059,440,88,459,481,777,779
2018-08-02 21:24:10,064,441,88,459,481,777,779
2018-08-02 21:24:11,068,442,88,460,481,777,779
2018-08-02 21:24:12,070,443,88,460,482,777,779
2018-08-02 21:24:13,075,444,88,461,482,777,779
2018-08-02 21:24:14,078,445,88,461,482,777,779
2018-08-02 21:24:15,079,446,88,462,482,777,779
2018-08-02 21:24:16,082,447,88,462,482,777,779
2018-08-02 21:24:17,092,448,88,463,483,777,779
2018-08-02 21:24:18,096,449,88,463,483,777,779
2018-08-02 21:24:19,101,450,88,464,483,777,779
2018-08-02 21:24:20,107,451,88,464,483,777,779
2018-08-02 21:24:21,113,452,88,465,483,777,779
2018-08-02 21:24:22,117,453,88,465,483,777,779
2018-08-02 21:24:23,118,454,88,465,483,777,779
2018-08-02 21:24:24,123,455,88,466,484,777,779
2018-08-02 21:24:25,126,456,88,466,484,777,779
2018-08-02 21:24:26,133,457,88,467,484,777,779
2018-08-02 21:24:27,138,458,88,467,484,777,779
2018-08-02 21:24:28,144,459,88,468,484,777,779
2018-08-02 21:24:29,151,460,88,468,484,777,779
2018-08-02 21:24:30,158,461,88,469,484,777,779
2018-08-02 21:24:31,159,462,88,469,485,777,779
2018-08-02 21:24:32,167,463,88,470,484,777,779
2018-08-02 21:24:33,173,464,88,470,485,777,779
2018-08-02 21:24:34,176,465,88,470,485,777,779
2018-08-02 21:24:35,178,466,88,471,485,777,779
2018-08-02 21:24:36,189,467,88,471,485,777,779
2018-08-02 21:24:37,196,468,88,472,485,777,779
2018-08-02 21:24:38,198,469,88,472,485,777,779
2018-08-02 21:24:39,201,470,88,473,486,777,779
2018-08-02 21:24:40,205,471,88,473,486,777,779
2018-08-02 21:24:41,212,472,88,473,486,777,779
2018-08-02 21:24:42,216,473,88,474,486,777,779
2018-08-02 21:24:43,221,475,88,474,486,777,779
2018-08-02 21:24:44,230,476,88,475,486,777,779
2018-08-02 21:24:45,236,477,88,475,487,777,779
2018-08-02 21:24:46,241,478,88,476,487,777,779
2018-08-02 21:24:47,247,479,88,476,487,777,779
2018-08-02 21:24:48,249,480,88,477,487,777,779
2018-08-02 21:24:49,250,481,88,477,488,777,779
2018-08-02 21:24:50,253,482,88,478,488,777,779
2018-08-02 21:24:51,256,483,88,478,488,777,779
2018-08-02 21:24:52,259,484,88,479,488,777,779
2018-08-02 21:24:53,263,485,88,479,488,777,779
2018-08-02 21:24:54,272,486,88,480,488,777,779
2018-08-02 21:24:55,278,487,88,480,488,777,779
2018-08-02 21:24:56,289,488,88,480,488,777,779
2018-08-02 21:24:57,291,489,88,481,487,777,779
2018-08-02 21:24:58,294,490,88,481,487,777,779
2018-08-02 21:24:59,303,491,88,482,487,777,779
2018-08-02 21:25:00,308,492,88,482,487,777,779
2018-08-02 21:25:01,317,493,88,483,488,777,779
2018-08-02 21:25:02,319,494,88,483,488,777,779
2018-08-02 21:25:03,327,495,88,484,488,777,779
2018-08-02 21:25:04,333,496,88,484,489,777,779
2018-08-02 21:25:05,339,497,88,485,489,777,779
2018-08-02 21:25:06,343,498,88,485,489,777,779
2018-08-02 21:25:07,345,499,88,486,490,777,779
2018-08-02 21:25:08,348,500,88,486,490,777,779
2018-08-02 21:25:09,357,501,88,486,491,777,779
2018-08-02 21:25:10,365,502,88,487,491,777,779
2018-08-02 21:25:11,368,503,88,487,491,777,779
2018-08-02 21:25:12,374,504,88,488,491,777,779
2018-08-02 21:25:13,379,505,88,488,492,777,779
2018-08-02 21:25:14,389,506,88,489,492,777,779
2018-08-02 21:25:15,397,507,88,489,492,777,779
2018-08-02 21:25:16,399,508,88,490,492,777,779
2018-08-02 21:25:17,403,509,88,490,492,777,779
2018-08-02 21:25:18,413,510,88,490,493,777,779
2018-08-02 21:25:19,417,511,88,491,493,777,779
2018-08-02 21:25:20,418,512,88,491,493,777,779
2018-08-02 21:25:21,428,513,88,492,493,777,779
2018-08-02 21:25:22,435,514,88,492,494,777,779
2018-08-02 21:25:23,441,515,88,493,494,777,779
2018-08-02 21:25:24,450,516,88,493,494,777,779
2018-08-02 21:25:25,453,517,88,494,495,777,779
2018-08-02 21:25:26,464,518,88,494,495,777,779
2018-08-02 21:25:27,470,519,88,495,495,777,779
2018-08-02 21:25:28,476,520,88,495,496,777,779
2018-08-02 21:25:29,484,521,88,496,496,777,779
2018-08-02 21:25:30,493,522,88,496,496,777,779
2018-08-02 21:25:31,496,523,88,496,497,777,779
2018-08-02 21:25:32,501,524,88,497,497,777,779
2018-08-02 21:25:33,506,525,88,497,497,777,779
2018-08-02 21:25:34,517,526,88,498,498,777,779
2018-08-02 21:25:35,519,527,88,498,498,777,779
2018-08-02 21:25:36,528,528,88,499,498,777,779
2018-08-02 21:25:37,532,529,88,499,499,777,779
2018-08-02 21:25:38,537,530,88,500,499,777,779
2018-08-02 21:25:39,542,531,88,500,499,777,779
2018-08-02 21:25:40,553,532,88,500,499,777,779
2018-08-02 21:25:41,556,533,88,501,498,777,779
2018-08-02 21:25:42,557,534,88,501,498,777,779
2018-08-02 21:25:43,566,535,88,502,497,777,779
2018-08-02 21:25:44,572,536,88,502,496,777,779
2018-08-02 21:25:45,578,537,88,502,495,777,779
2018-08-02 21:25:46,589,538,88,503,494,777,779
2018-08-02 21:25:47,596,539,88,503,493,777,779
2018-08-02 21:25:48,602,540,88,503,492,777,779
2018-08-02 21:25:49,607,541,88,504,491,777,779
2018-08-02 21:25:50,609,542,88,504,490,777,779
2018-08-02 21:25:51,616,543,88,504,489,777,779
2018-08-02 21:25:52,618,544,88,505,487,777,779
2018-08-02 21:25:53,623,545,88,505,486,777,779
2018-08-02 21:25:54,624,546,88,505,485,777,779
2018-08-02 21:25:55,625,547,88,505,484,777,779
2018-08-02 21:25:56,626,548,88,506,483,777,779
2018-08-02 21:25:57,627,549,88,506,482,777,779
2018-08-02 21:25:58,634,550,88,506,481,777,779
2018-08-02 21:25:59,636,551,88,506,480,777,779
2018-08-02 21:26:00,645,552,88,506,479,777,779
2018-08-02 21:26:01,650,553,88,507,479,777,779
2018-08-02 21:26:02,658,554,88,507,478,777,779
2018-08-02 21:26:03,661,555,88,507,477,777,779
2018-08-02 21:26:04,667,556,88,507,476,777,779
2018-08-02 21:26:05,671,557,88,507,476,777,779
2018-08-02 21:26:06,673,558,88,508,475,777,779
2018-08-02 21:26:07,678,559,88,508,473,777,779
2018-08-02 21:26:08,684,560,88,508,472,777,779
2018-08-02 21:26:09,690,561,88,508,470,777,779
2018-08-02 21:26:10,700,562,88,508,469,777,779
2018-08-02 21:26:11,706,563,88,508,468,777,779
2018-08-02 21:26:12,715,564,88,509,467,777,779
2018-08-02 21:26:13,725,565,88,508,465,777,779
2018-08-02 21:26:14,732,566,88,509,464,777,779
2018-08-02 21:26:15,735,567,88,509,463,777,779
2018-08-02 21:26:16,740,568,88,509,462,777,779
2018-08-02 21:26:17,746,569,88,509,460,777,779
2018-08-02 21:26:18,755,570,88,509,459,777,779
2018-08-02 21:26:19,760,571,88,509,458,777,779
2018-08-02 21:26:20,766,572,88,509,457,777,779
2018-08-02 21:26:21,772,573,88,509,456,777,779
2018-08-02 21:26:22,778,574,88,509,455,777,779
2018-08-02 21:26:23,780,575,88,509,454,777,779
2018-08-02 21:26:24,786,576,88,509,453,777,779
2018-08-02 21:26:25,791,577,88,509,452,777,779
2018-08-02 21:26:26,796,578,88,509,451,777,779
2018-08-02 21:26:27,800,579,88,509,450,777,779
2018-08-02 21:26:28,803,580,88,510,449,777,779
2018-08-02 21:26:29,807,581,88,510,448,777,779
2018-08-02 21:26:30,813,582,88,510,447,777,779
2018-08-02 21:26:31,814,583,88,510,447,777,779
2018-08-02 21:26:32,821,584,88,510,446,777,779
2018-08-02 21:26:33,824,585,88,510,445,777,779
2018-08-02 21:26:34,833,586,88,510,444,777,779
2018-08-02 21:26:35,839,587,88,510,443,777,779
2018-08-02 21:26:36,848,588,88,510,443,777,779
2018-08-02 21:26:37,849,589,88,510,442,777,779
2018-08-02 21:26:38,852,590,88,510,441,777,779
2018-08-02 21:26:39,855,591,88,510,440,777,779
2018-08-02 21:26:40,865,592,88,510,439,777,779
2018-08-02 21:26:41,875,593,88,510,439,777,779
2018-08-02 21:26:42,885,594,88,510,438,777,779
2018-08-02 21:26:43,891,595,88,510,438,777,779
2018-08-02 21:26:44,897,596,88,510,437,777,779
2018-08-02 21:26:45,898,597,88,510,436,777,779
2018-08-02 21:26:46,904,598,88,510,436,777,779
2018-08-02 21:26:47,913,599,88,510,435,777,779
2018-08-02 21:26:48,916,600,88,509,435,777,779
2018-08-02 21:26:49,919,601,88,509,434,777,779
2018-08-02 21:26:50,922,602,88,509,434,777,779
2018-08-02 21:26:51,926,603,88,509,433,777,779
2018-08-02 21:26:52,929,604,88,509,433,777,779
2018-08-02 21:26:53,932,605,88,509,432,777,779
2018-08-02 21:26:54,935,606,88,509,431,777,779
2018-08-02 21:26:55,938,607,88,509,431,777,779
2018-08-02 21:26:56,941,608,88,509,430,777,779
2018-08-02 21:26:57,942,609,88,509,430,777,779
2018-08-02 21:26:58,944,610,88,509,429,777,779
2018-08-02 21:26:59,948,611,88,509,429,777,779
2018-08-02 21:27:00,954,612,88,509,428,777,779
2018-08-02 21:27:01,955,613,88,508,428,777,779
2018-08-02 21:27:02,957,614,88,508,427,777,779
2018-08-02 21:27:03,963,615,88,508,427,777,779
2018-08-02 21:27:04,965,616,88,508,426,777,779
2018-08-02 21:27:05,966,617,88,508,426,777,779
2018-08-02 21:27:06,970,618,88,508,425,777,779
2018-08-02 21:27:07,972,619,88,508,425,777,779
2018-08-02 21:27:08,974,620,88,508,424,777,779
2018-08-02 21:27:09,978,621,88,508,424,777,779
2018-08-02 21:27:10,984,622,88,508,423,777,779
2018-08-02 21:27:11,987,623,88,507,423,777,779
2018-08-02 21:27:12,991,624,88,507,422,777,779
2018-08-02 21:27:13,994,625,88,507,421,777,779
2018-08-02 21:27:14,995,626,88,507,421,777,779
2018-08-02 21:27:15,999,627,88,507,420,777,779
2018-08-02 21:27:17,002,628,88,507,420,777,779
2018-08-02 21:27:18,005,629,88,507,420,777,779
2018-08-02 21:27:19,008,630,88,507,419,777,779
2018-08-02 21:27:20,012,631,88,506,419,777,779
2018-08-02 21:27:21,013,632,88,506,418,777,779
2018-08-02 21:27:22,015,633,88,506,418,777,779
2018-08-02 21:27:23,021,634,88,506,417,777,779
2018-08-02 21:27:24,021,635,88,506,417,777,779
2018-08-02 21:27:25,023,636,88,506,417,777,779
2018-08-02 21:27:26,027,637,88,506,417,777,779
2018-08-02 21:27:27,029,638,88,505,417,777,779
2018-08-02 21:27:28,034,639,88,504,417,777,779
