2017-08-09 21:35:01,883,coffee,datetime,ms,seconds,ambient_temp,thermocouple_0_temp,thermocouple_1_temp,thermocouple_2_temp,thermocouple_3_temp
2017-08-09 21:35:03,961,2,84,505,432,781,782
2017-08-09 21:35:04,964,3,84,498,426,781,782
2017-08-09 21:35:05,964,4,84,489,420,781,782
2017-08-09 21:35:06,969,5,84,478,414,781,782
2017-08-09 21:35:07,972,6,84,467,407,781,782
2017-08-09 21:35:08,978,7,84,456,402,781,782
2017-08-09 21:35:09,979,8,84,446,399,781,782
2017-08-09 21:35:10,985,9,84,435,396,781,782
2017-08-09 21:35:11,988,10,84,426,394,781,782
2017-08-09 21:35:12,990,11,84,417,392,781,782
2017-08-09 21:35:13,996,12,84,408,389,781,782
2017-08-09 21:35:14,997,13,84,400,387,781,782
2017-08-09 21:35:15,998,14,84,392,385,781,782
2017-08-09 21:35:16,999,15,84,384,383,781,782
2017-08-09 21:35:18,005,16,84,377,382,781,782
2017-08-09 21:35:19,006,17,84,369,380,781,782
2017-08-09 21:35:20,008,18,84,363,378,781,782
2017-08-09 21:35:21,011,19,84,356,377,781,782
2017-08-09 21:35:22,013,20,84,350,376,781,782
2017-08-09 21:35:23,014,21,84,344,374,781,782
2017-08-09 21:35:24,017,22,84,338,373,781,782
2017-08-09 21:35:25,018,23,84,333,372,781,782
2017-08-09 21:35:26,020,24,84,327,371,781,782
2017-08-09 21:35:27,025,25,84,322,370,781,782
2017-08-09 21:35:28,027,26,84,318,369,781,782
2017-08-09 21:35:29,027,27,84,313,368,781,782
2017-08-09 21:35:30,032,28,84,308,367,781,782
2017-08-09 21:35:31,035,29,84,304,366,781,782
2017-08-09 21:35:32,038,30,84,300,365,781,782
2017-08-09 21:35:33,043,31,84,296,364,781,782
2017-08-09 21:35:34,046,32,84,292,364,781,782
2017-08-09 21:35:35,047,33,84,289,363,781,782
2017-08-09 21:35:36,051,34,84,285,363,781,782
2017-08-09 21:35:37,053,35,84,282,362,781,782
2017-08-09 21:35:38,057,36,84,278,362,781,782
2017-08-09 21:35:39,059,37,84,276,361,781,782
2017-08-09 21:35:40,060,38,84,273,361,781,782
2017-08-09 21:35:41,062,39,84,270,360,781,782
2017-08-09 21:35:42,066,40,84,268,360,781,782
2017-08-09 21:35:43,069,41,84,265,360,781,782
2017-08-09 21:35:44,072,42,84,263,359,781,782
2017-08-09 21:35:45,073,43,84,261,359,781,782
2017-08-09 21:35:46,077,44,84,259,359,781,782
2017-08-09 21:35:47,078,45,84,257,358,781,782
2017-08-09 21:35:48,084,46,84,255,358,781,782
2017-08-09 21:35:49,087,47,84,253,358,781,782
2017-08-09 21:35:50,092,48,84,251,358,781,782
2017-08-09 21:35:51,095,49,84,250,357,781,782
2017-08-09 21:35:52,097,50,84,248,357,781,782
2017-08-09 21:35:53,103,51,84,246,357,781,782
2017-08-09 21:35:54,105,52,84,245,357,780,782
2017-08-09 21:35:55,109,53,84,244,356,781,782
2017-08-09 21:35:56,111,54,84,242,356,780,782
2017-08-09 21:35:57,112,55,84,241,356,781,782
2017-08-09 21:35:58,118,56,84,240,356,780,782
2017-08-09 21:35:59,124,57,84,239,356,781,782
2017-08-09 21:36:00,127,58,84,238,356,781,782
2017-08-09 21:36:01,133,59,84,237,356,780,782
2017-08-09 21:36:02,136,60,84,237,356,781,782
2017-08-09 21:36:03,142,61,84,236,356,780,782
2017-08-09 21:36:04,145,62,84,235,356,780,782
2017-08-09 21:36:05,145,63,84,234,356,781,782
2017-08-09 21:36:06,146,64,84,234,356,781,782
2017-08-09 21:36:07,151,65,84,233,356,780,782
2017-08-09 21:36:08,152,66,84,233,358,781,782
2017-08-09 21:36:09,158,67,84,232,359,781,782
2017-08-09 21:36:10,164,68,84,232,360,780,782
2017-08-09 21:36:11,168,69,84,232,361,781,782
2017-08-09 21:36:12,169,70,84,231,362,780,782
2017-08-09 21:36:13,171,71,84,231,363,781,782
2017-08-09 21:36:14,175,72,84,231,364,780,782
2017-08-09 21:36:15,176,73,84,231,365,781,782
2017-08-09 21:36:16,183,74,84,231,366,780,782
2017-08-09 21:36:17,185,75,84,231,367,781,782
2017-08-09 21:36:18,186,76,84,231,367,780,782
2017-08-09 21:36:19,191,77,84,231,368,781,782
2017-08-09 21:36:20,195,78,84,231,368,780,782
2017-08-09 21:36:21,199,79,84,231,369,781,782
2017-08-09 21:36:22,205,80,84,231,370,781,782
2017-08-09 21:36:23,208,81,84,231,370,781,782
2017-08-09 21:36:24,212,82,84,231,371,781,782
2017-08-09 21:36:25,216,83,84,232,372,781,782
2017-08-09 21:36:26,222,84,84,232,372,780,782
2017-08-09 21:36:27,225,85,84,232,373,781,782
2017-08-09 21:36:28,227,86,84,232,374,781,782
2017-08-09 21:36:29,229,87,84,233,375,781,782
2017-08-09 21:36:30,231,88,84,233,375,781,782
2017-08-09 21:36:31,234,89,84,233,376,781,782
2017-08-09 21:36:32,239,90,84,234,376,781,782
2017-08-09 21:36:33,244,91,84,234,377,781,782
2017-08-09 21:36:34,249,92,84,234,378,780,782
2017-08-09 21:36:35,249,93,84,235,378,781,782
2017-08-09 21:36:36,251,94,84,235,379,780,782
2017-08-09 21:36:37,255,95,84,236,380,781,782
2017-08-09 21:36:38,257,96,84,236,380,781,782
2017-08-09 21:36:39,260,97,84,237,381,780,782
2017-08-09 21:36:40,262,98,84,237,381,780,782
2017-08-09 21:36:41,264,99,84,238,382,780,782
2017-08-09 21:36:42,268,100,84,239,382,780,782
2017-08-09 21:36:43,274,101,84,239,383,781,782
2017-08-09 21:36:44,279,102,84,240,383,780,782
2017-08-09 21:36:45,285,103,84,240,384,780,782
2017-08-09 21:36:46,288,104,84,241,384,780,782
2017-08-09 21:36:47,292,105,84,241,385,780,782
2017-08-09 21:36:48,296,106,84,242,385,780,782
2017-08-09 21:36:49,302,107,84,243,386,780,782
2017-08-09 21:36:50,305,108,84,243,386,780,782
2017-08-09 21:36:51,307,109,84,244,387,781,782
2017-08-09 21:36:52,309,110,84,245,387,781,782
2017-08-09 21:36:53,312,111,84,245,388,781,782
2017-08-09 21:36:54,314,112,84,246,388,781,782
2017-08-09 21:36:55,320,113,84,246,389,780,782
2017-08-09 21:36:56,325,114,84,247,389,781,782
2017-08-09 21:36:57,329,115,84,248,390,780,782
2017-08-09 21:36:58,329,116,84,249,390,780,782
2017-08-09 21:36:59,333,117,84,249,391,780,782
2017-08-09 21:37:00,336,118,84,250,391,780,782
2017-08-09 21:37:01,336,119,84,251,392,781,782
2017-08-09 21:37:02,340,120,84,252,392,780,782
2017-08-09 21:37:03,344,121,84,252,393,780,782
2017-08-09 21:37:04,349,122,84,253,393,780,782
2017-08-09 21:37:05,353,123,84,254,393,781,782
2017-08-09 21:37:06,354,124,84,255,394,781,782
2017-08-09 21:37:07,359,125,84,256,394,780,782
2017-08-09 21:37:08,365,126,84,256,395,780,782
2017-08-09 21:37:09,368,127,84,257,395,780,782
2017-08-09 21:37:10,372,128,84,258,396,780,782
2017-08-09 21:37:11,376,129,84,259,396,780,782
2017-08-09 21:37:12,382,130,84,259,396,780,782
2017-08-09 21:37:13,385,131,84,260,397,780,782
2017-08-09 21:37:14,391,132,84,261,397,780,782
2017-08-09 21:37:15,395,133,84,262,398,780,782
2017-08-09 21:37:16,397,134,84,263,398,780,782
2017-08-09 21:37:17,402,135,84,263,398,780,782
2017-08-09 21:37:18,403,136,84,264,398,780,782
2017-08-09 21:37:19,405,137,84,265,399,780,782
2017-08-09 21:37:20,408,138,84,266,399,780,782
2017-08-09 21:37:21,409,139,84,267,400,780,782
2017-08-09 21:37:22,413,140,84,268,400,780,782
2017-08-09 21:37:23,415,141,84,269,400,781,782
2017-08-09 21:37:24,416,142,84,269,401,780,782
2017-08-09 21:37:25,418,143,84,270,401,781,782
2017-08-09 21:37:26,422,144,84,271,401,780,782
2017-08-09 21:37:27,424,145,84,272,402,781,782
2017-08-09 21:37:28,427,146,84,273,402,780,782
2017-08-09 21:37:29,429,147,84,274,403,781,782
2017-08-09 21:37:30,430,148,84,275,403,780,782
2017-08-09 21:37:31,435,149,84,276,403,780,782
2017-08-09 21:37:32,436,150,84,276,404,780,782
2017-08-09 21:37:33,437,151,84,277,404,781,782
2017-08-09 21:37:34,442,152,84,278,404,781,782
2017-08-09 21:37:35,444,153,84,279,405,781,782
2017-08-09 21:37:36,446,154,84,280,405,780,782
2017-08-09 21:37:37,452,155,84,281,406,780,782
2017-08-09 21:37:38,456,156,84,281,406,780,782
2017-08-09 21:37:39,460,157,84,283,407,780,782
2017-08-09 21:37:40,464,158,84,283,407,780,782
2017-08-09 21:37:41,469,159,84,284,407,781,782
2017-08-09 21:37:42,470,160,84,285,408,780,782
2017-08-09 21:37:43,474,161,84,286,408,780,782
2017-08-09 21:37:44,475,162,84,287,408,780,782
2017-08-09 21:37:45,478,163,84,288,409,781,782
2017-08-09 21:37:46,481,164,84,289,409,781,782
2017-08-09 21:37:47,482,165,84,290,409,781,782
2017-08-09 21:37:48,487,166,84,290,410,781,782
2017-08-09 21:37:49,491,167,84,291,410,780,782
2017-08-09 21:37:50,493,168,84,292,410,781,782
2017-08-09 21:37:51,497,169,84,293,411,780,782
2017-08-09 21:37:52,501,170,84,294,411,780,782
2017-08-09 21:37:53,504,171,84,295,411,781,782
2017-08-09 21:37:54,507,172,84,296,411,780,782
2017-08-09 21:37:55,510,173,84,297,411,780,782
2017-08-09 21:37:56,515,174,84,297,412,780,782
2017-08-09 21:37:57,516,175,84,298,412,780,782
2017-08-09 21:37:58,517,176,84,299,412,781,782
2017-08-09 21:37:59,522,177,84,300,412,780,782
2017-08-09 21:38:00,525,178,84,301,413,780,782
2017-08-09 21:38:01,530,179,84,302,413,781,782
2017-08-09 21:38:02,532,180,84,303,414,780,782
2017-08-09 21:38:03,535,181,84,304,414,781,782
2017-08-09 21:38:04,537,182,84,305,414,780,782
2017-08-09 21:38:05,541,183,84,305,415,781,782
2017-08-09 21:38:06,545,184,84,306,415,781,782
2017-08-09 21:38:07,550,185,84,307,415,781,782
2017-08-09 21:38:08,554,186,84,308,415,781,782
2017-08-09 21:38:09,560,187,84,309,415,781,782
2017-08-09 21:38:10,562,188,84,310,416,781,782
2017-08-09 21:38:11,568,189,84,311,416,780,782
2017-08-09 21:38:12,570,190,84,312,416,780,782
2017-08-09 21:38:13,576,191,84,313,417,780,782
2017-08-09 21:38:14,580,192,84,314,417,780,782
2017-08-09 21:38:15,584,193,84,314,417,780,782
2017-08-09 21:38:16,588,194,84,315,418,780,782
2017-08-09 21:38:17,592,195,84,316,418,781,782
2017-08-09 21:38:18,596,196,84,317,419,780,782
2017-08-09 21:38:19,598,197,84,318,419,780,782
2017-08-09 21:38:20,603,198,84,319,419,781,782
2017-08-09 21:38:21,607,199,84,320,420,780,782
2017-08-09 21:38:22,613,200,84,321,420,780,782
2017-08-09 21:38:23,618,201,84,322,420,780,782
2017-08-09 21:38:24,621,202,84,322,421,781,782
2017-08-09 21:38:25,625,203,84,323,421,780,782
2017-08-09 21:38:26,630,204,84,324,421,780,782
2017-08-09 21:38:27,635,205,84,325,421,780,782
2017-08-09 21:38:28,640,206,84,326,422,780,782
2017-08-09 21:38:29,642,207,84,327,422,781,782
2017-08-09 21:38:30,647,208,84,327,422,780,782
2017-08-09 21:38:31,648,209,84,328,423,780,782
2017-08-09 21:38:32,650,210,84,329,423,781,782
2017-08-09 21:38:33,654,211,84,330,423,780,782
2017-08-09 21:38:34,655,212,84,331,424,781,782
2017-08-09 21:38:35,657,213,84,332,424,780,782
2017-08-09 21:38:36,661,214,84,332,424,780,782
2017-08-09 21:38:37,667,215,84,333,424,781,782
2017-08-09 21:38:38,670,216,84,334,425,780,782
2017-08-09 21:38:39,673,217,84,335,425,780,782
2017-08-09 21:38:40,677,218,84,336,425,781,782
2017-08-09 21:38:41,680,219,84,337,426,780,782
2017-08-09 21:38:42,681,220,84,337,426,780,782
2017-08-09 21:38:43,685,221,84,338,426,781,782
2017-08-09 21:38:44,691,222,84,339,427,780,782
2017-08-09 21:38:45,693,223,84,340,427,781,782
2017-08-09 21:38:46,697,224,84,341,427,780,782
2017-08-09 21:38:47,702,225,84,342,427,780,782
2017-08-09 21:38:48,702,226,84,342,428,781,782
2017-08-09 21:38:49,709,227,84,343,428,780,782
2017-08-09 21:38:50,712,228,84,344,428,781,782
2017-08-09 21:38:51,715,229,84,345,428,780,782
2017-08-09 21:38:52,717,230,84,345,429,780,782
2017-08-09 21:38:53,720,231,84,346,429,780,782
2017-08-09 21:38:54,726,232,84,347,429,781,782
2017-08-09 21:38:55,727,233,84,348,430,780,782
2017-08-09 21:38:56,728,234,84,349,430,780,782
2017-08-09 21:38:57,733,235,84,349,430,781,782
2017-08-09 21:38:58,737,236,84,350,431,781,782
2017-08-09 21:38:59,742,237,84,351,431,780,782
2017-08-09 21:39:00,742,238,84,352,431,781,782
2017-08-09 21:39:01,745,239,84,353,432,781,782
2017-08-09 21:39:02,748,240,84,353,432,780,782
2017-08-09 21:39:03,748,241,84,354,432,781,782
2017-08-09 21:39:04,752,242,84,355,432,780,782
2017-08-09 21:39:05,754,243,84,356,433,781,782
2017-08-09 21:39:06,756,244,84,356,433,780,782
2017-08-09 21:39:07,762,245,84,357,433,780,782
2017-08-09 21:39:08,767,246,84,358,434,781,782
2017-08-09 21:39:09,772,247,84,359,434,780,782
2017-08-09 21:39:10,773,248,84,360,434,781,782
2017-08-09 21:39:11,774,249,84,360,434,781,782
2017-08-09 21:39:12,778,250,84,361,435,780,782
2017-08-09 21:39:13,783,251,84,362,435,780,782
2017-08-09 21:39:14,787,252,84,363,435,781,782
2017-08-09 21:39:15,790,253,84,364,435,781,782
2017-08-09 21:39:16,795,254,84,364,436,781,782
2017-08-09 21:39:17,802,255,84,365,436,781,782
2017-08-09 21:39:18,804,256,84,366,436,780,782
2017-08-09 21:39:19,810,257,84,367,437,780,782
2017-08-09 21:39:20,815,258,84,368,437,780,782
2017-08-09 21:39:21,819,259,84,368,437,780,782
2017-08-09 21:39:22,821,260,84,369,438,780,782
2017-08-09 21:39:23,822,261,84,370,438,781,782
2017-08-09 21:39:24,823,262,84,371,438,781,782
2017-08-09 21:39:25,827,263,84,371,438,781,782
2017-08-09 21:39:26,829,264,84,372,439,781,782
2017-08-09 21:39:27,830,265,84,373,439,780,782
2017-08-09 21:39:28,834,266,84,373,439,780,782
2017-08-09 21:39:29,837,267,84,374,439,780,782
2017-08-09 21:39:30,840,268,84,375,439,781,782
2017-08-09 21:39:31,842,269,84,376,440,780,782
2017-08-09 21:39:32,843,270,84,376,440,781,782
2017-08-09 21:39:33,847,271,84,377,440,780,782
2017-08-09 21:39:34,849,272,84,378,440,780,782
2017-08-09 21:39:35,849,273,84,379,441,780,782
2017-08-09 21:39:36,853,274,84,379,441,780,782
2017-08-09 21:39:37,856,275,84,380,442,781,782
2017-08-09 21:39:38,857,276,84,381,442,781,782
2017-08-09 21:39:39,861,277,84,382,442,781,782
2017-08-09 21:39:40,862,278,84,382,442,781,782
2017-08-09 21:39:41,864,279,84,383,443,781,782
2017-08-09 21:39:42,868,280,84,384,443,781,782
2017-08-09 21:39:43,869,281,84,384,443,780,782
2017-08-09 21:39:44,871,282,84,385,444,781,782
2017-08-09 21:39:45,875,283,84,386,444,781,782
2017-08-09 21:39:46,876,284,84,387,444,781,782
2017-08-09 21:39:47,881,285,84,387,444,780,782
2017-08-09 21:39:48,885,287,84,388,444,780,782
2017-08-09 21:39:49,890,288,84,389,444,780,782
2017-08-09 21:39:50,893,289,84,390,444,781,782
2017-08-09 21:39:51,895,290,84,390,444,781,782
2017-08-09 21:39:52,896,291,84,391,445,781,782
2017-08-09 21:39:53,900,292,84,392,445,780,782
2017-08-09 21:39:54,903,293,84,393,445,780,782
2017-08-09 21:39:55,909,294,84,393,445,780,782
2017-08-09 21:39:56,914,295,84,394,446,781,782
2017-08-09 21:39:57,917,296,84,395,446,781,782
2017-08-09 21:39:58,921,297,84,396,447,781,782
2017-08-09 21:39:59,926,298,84,396,447,781,782
2017-08-09 21:40:00,930,299,84,397,448,780,782
2017-08-09 21:40:01,934,300,84,398,448,780,782
2017-08-09 21:40:02,939,301,84,398,448,780,782
2017-08-09 21:40:03,942,302,84,399,448,780,782
2017-08-09 21:40:04,945,303,84,400,449,781,782
2017-08-09 21:40:05,945,304,84,401,449,781,782
2017-08-09 21:40:06,949,305,84,401,450,781,782
2017-08-09 21:40:07,951,306,84,402,450,780,782
2017-08-09 21:40:08,955,307,84,403,450,781,782
2017-08-09 21:40:09,956,308,84,403,450,780,782
2017-08-09 21:40:10,959,309,84,404,451,781,782
2017-08-09 21:40:11,963,310,84,405,451,780,782
2017-08-09 21:40:12,970,311,84,406,451,781,782
2017-08-09 21:40:13,974,312,84,406,452,781,782
2017-08-09 21:40:14,980,313,84,407,452,781,782
2017-08-09 21:40:15,981,314,84,408,452,781,782
2017-08-09 21:40:16,982,315,84,408,452,781,782
2017-08-09 21:40:17,988,316,84,409,452,781,782
2017-08-09 21:40:18,989,317,84,410,452,781,782
2017-08-09 21:40:19,990,318,84,411,453,781,782
2017-08-09 21:40:20,995,319,84,411,453,781,782
2017-08-09 21:40:21,998,320,84,412,453,781,782
2017-08-09 21:40:22,999,321,84,413,453,781,782
2017-08-09 21:40:24,002,322,84,413,453,781,782
2017-08-09 21:40:25,006,323,84,414,453,781,782
2017-08-09 21:40:26,006,324,84,415,454,781,782
2017-08-09 21:40:27,011,325,84,416,454,781,782
2017-08-09 21:40:28,013,326,84,416,454,781,782
2017-08-09 21:40:29,014,327,84,417,454,780,782
2017-08-09 21:40:30,018,328,84,418,454,781,782
2017-08-09 21:40:31,020,329,84,418,454,781,782
2017-08-09 21:40:32,021,330,84,419,454,781,782
2017-08-09 21:40:33,024,331,84,420,454,781,782
2017-08-09 21:40:34,027,332,84,420,455,781,782
2017-08-09 21:40:35,028,333,84,421,455,780,782
2017-08-09 21:40:36,031,334,84,422,455,781,782
2017-08-09 21:40:37,036,335,84,422,455,781,782
2017-08-09 21:40:38,042,336,84,423,455,781,782
2017-08-09 21:40:39,043,337,84,423,455,781,782
2017-08-09 21:40:40,049,338,84,424,456,781,782
2017-08-09 21:40:41,050,339,84,425,456,781,782
2017-08-09 21:40:42,052,340,84,426,456,781,782
2017-08-09 21:40:43,056,341,84,426,456,781,782
2017-08-09 21:40:44,057,342,84,427,456,781,782
2017-08-09 21:40:45,059,343,84,427,456,781,782
2017-08-09 21:40:46,062,344,84,428,456,781,782
2017-08-09 21:40:47,064,345,84,428,456,780,782
2017-08-09 21:40:48,070,346,84,429,457,781,782
2017-08-09 21:40:49,074,347,84,430,456,781,782
2017-08-09 21:40:50,079,348,84,430,456,781,782
2017-08-09 21:40:51,084,349,84,431,456,781,782
2017-08-09 21:40:52,088,350,84,431,456,781,782
2017-08-09 21:40:53,089,351,84,432,456,780,782
2017-08-09 21:40:54,092,352,84,433,456,780,782
2017-08-09 21:40:55,094,353,84,433,456,781,782
2017-08-09 21:40:56,099,354,84,434,457,781,782
2017-08-09 21:40:57,103,355,84,434,457,781,782
2017-08-09 21:40:58,108,356,84,435,457,780,782
2017-08-09 21:40:59,112,357,84,435,457,781,782
2017-08-09 21:41:00,114,358,84,436,458,781,782
2017-08-09 21:41:01,120,359,84,437,458,780,782
2017-08-09 21:41:02,123,360,84,438,458,781,782
2017-08-09 21:41:03,129,361,84,438,458,781,782
2017-08-09 21:41:04,129,362,84,439,458,781,782
2017-08-09 21:41:05,133,363,84,439,458,781,782
2017-08-09 21:41:06,137,364,84,440,458,781,782
2017-08-09 21:41:07,139,365,84,440,459,780,782
2017-08-09 21:41:08,144,366,84,441,459,781,782
2017-08-09 21:41:09,148,367,84,442,459,781,782
2017-08-09 21:41:10,153,368,84,442,459,781,782
2017-08-09 21:41:11,157,369,84,443,459,781,782
2017-08-09 21:41:12,161,370,84,443,459,781,782
2017-08-09 21:41:13,164,371,84,444,460,780,782
2017-08-09 21:41:14,169,372,84,444,460,780,782
2017-08-09 21:41:15,170,373,84,445,460,780,782
2017-08-09 21:41:16,174,374,84,446,460,781,782
2017-08-09 21:41:17,176,375,84,446,460,781,782
2017-08-09 21:41:18,180,376,84,447,461,780,782
2017-08-09 21:41:19,185,377,84,447,461,781,782
2017-08-09 21:41:20,187,378,84,448,461,781,782
2017-08-09 21:41:21,188,379,84,448,461,780,782
2017-08-09 21:41:22,192,380,84,449,461,781,782
2017-08-09 21:41:23,195,381,84,449,461,781,782
2017-08-09 21:41:24,200,382,84,450,461,781,782
2017-08-09 21:41:25,201,383,84,451,461,780,782
2017-08-09 21:41:26,203,384,84,451,461,781,782
2017-08-09 21:41:27,207,385,84,452,460,781,782
2017-08-09 21:41:28,210,386,84,452,460,781,782
2017-08-09 21:41:29,216,387,84,453,460,780,782
2017-08-09 21:41:30,217,388,84,454,460,781,782
2017-08-09 21:41:31,220,389,84,454,460,781,782
2017-08-09 21:41:32,222,390,84,455,459,781,782
2017-08-09 21:41:33,228,391,84,455,459,781,782
2017-08-09 21:41:34,233,392,84,455,459,781,782
2017-08-09 21:41:35,236,393,84,456,460,781,782
2017-08-09 21:41:36,239,394,84,457,460,781,782
2017-08-09 21:41:37,245,395,84,457,460,780,782
2017-08-09 21:41:38,248,396,84,458,461,781,782
2017-08-09 21:41:39,252,397,84,458,461,780,782
2017-08-09 21:41:40,256,398,84,459,461,781,782
2017-08-09 21:41:41,258,399,84,459,461,780,782
2017-08-09 21:41:42,260,400,84,460,462,781,782
2017-08-09 21:41:43,263,401,84,461,462,781,782
2017-08-09 21:41:44,269,402,84,461,462,780,782
2017-08-09 21:41:45,272,403,84,462,462,780,782
2017-08-09 21:41:46,276,404,84,462,462,781,782
2017-08-09 21:41:47,280,405,84,463,462,781,782
2017-08-09 21:41:48,286,406,84,463,462,780,782
2017-08-09 21:41:49,288,407,84,464,462,781,782
2017-08-09 21:41:50,294,408,84,464,463,780,782
2017-08-09 21:41:51,297,409,84,465,463,781,782
2017-08-09 21:41:52,301,410,84,466,463,781,782
2017-08-09 21:41:53,305,411,84,466,464,781,782
2017-08-09 21:41:54,306,412,84,467,464,780,782
2017-08-09 21:41:55,309,413,84,467,464,781,782
2017-08-09 21:41:56,313,414,84,468,465,781,782
2017-08-09 21:41:57,316,415,84,468,465,781,782
2017-08-09 21:41:58,321,416,84,468,465,781,782
2017-08-09 21:41:59,321,417,84,469,466,781,782
2017-08-09 21:42:00,323,418,84,470,466,781,782
2017-08-09 21:42:01,328,419,84,470,466,781,782
2017-08-09 21:42:02,330,420,84,471,467,781,782
2017-08-09 21:42:03,334,421,84,471,467,780,782
2017-08-09 21:42:04,335,422,84,472,467,781,782
2017-08-09 21:42:05,338,423,84,472,467,780,782
2017-08-09 21:42:06,343,424,84,473,467,780,782
2017-08-09 21:42:07,346,425,84,473,468,780,782
2017-08-09 21:42:08,350,426,84,474,468,780,782
2017-08-09 21:42:09,353,427,84,474,468,781,782
2017-08-09 21:42:10,356,428,84,475,469,781,782
2017-08-09 21:42:11,359,429,84,476,469,781,782
2017-08-09 21:42:12,364,430,84,476,469,781,782
2017-08-09 21:42:13,368,431,84,477,469,781,782
2017-08-09 21:42:14,369,432,84,477,470,780,782
2017-08-09 21:42:15,370,433,84,478,470,780,782
2017-08-09 21:42:16,374,434,84,478,470,781,782
2017-08-09 21:42:17,376,435,84,479,471,780,782
2017-08-09 21:42:18,378,436,84,479,471,780,782
2017-08-09 21:42:19,381,437,84,480,471,781,782
2017-08-09 21:42:20,386,438,84,480,471,781,782
2017-08-09 21:42:21,389,439,84,481,472,780,782
2017-08-09 21:42:22,392,440,84,482,472,781,782
2017-08-09 21:42:23,398,441,84,482,472,781,782
2017-08-09 21:42:24,403,442,84,483,472,781,782
2017-08-09 21:42:25,407,443,84,483,473,781,782
2017-08-09 21:42:26,413,444,84,484,473,781,782
2017-08-09 21:42:27,415,445,84,484,473,781,782
2017-08-09 21:42:28,420,446,84,485,473,780,782
2017-08-09 21:42:29,423,447,84,485,473,781,782
2017-08-09 21:42:30,426,448,84,486,473,781,782
2017-08-09 21:42:31,432,449,84,486,474,781,782
2017-08-09 21:42:32,437,450,84,487,474,781,782
2017-08-09 21:42:33,443,451,84,487,474,781,782
2017-08-09 21:42:34,446,452,84,487,474,781,782
2017-08-09 21:42:35,449,453,84,488,474,781,782
2017-08-09 21:42:36,452,454,84,489,474,781,782
2017-08-09 21:42:37,456,455,84,489,473,781,782
2017-08-09 21:42:38,459,456,84,490,473,781,782
2017-08-09 21:42:39,462,457,84,490,473,781,782
2017-08-09 21:42:40,465,458,84,491,473,781,782
2017-08-09 21:42:41,470,459,84,491,473,781,782
2017-08-09 21:42:42,475,460,84,491,472,781,782
2017-08-09 21:42:43,481,461,84,492,472,781,782
2017-08-09 21:42:44,483,462,84,492,472,781,782
2017-08-09 21:42:45,486,463,84,492,472,781,782
2017-08-09 21:42:46,489,464,84,493,472,781,782
2017-08-09 21:42:47,495,465,84,493,472,781,782
2017-08-09 21:42:48,498,466,84,494,472,780,782
2017-08-09 21:42:49,504,467,84,494,472,781,782
2017-08-09 21:42:50,510,468,84,495,472,781,782
2017-08-09 21:42:51,514,469,84,495,471,781,782
2017-08-09 21:42:52,518,470,84,495,472,781,782
2017-08-09 21:42:53,522,471,84,495,471,781,782
2017-08-09 21:42:54,522,472,84,496,472,780,782
2017-08-09 21:42:55,527,473,84,496,472,781,782
2017-08-09 21:42:56,530,474,84,497,472,780,782
2017-08-09 21:42:57,533,475,84,497,472,781,782
2017-08-09 21:42:58,536,476,84,497,472,781,782
2017-08-09 21:42:59,537,477,84,497,472,781,782
2017-08-09 21:43:00,543,478,84,498,472,781,782
2017-08-09 21:43:01,546,479,84,498,472,781,782
2017-08-09 21:43:02,548,480,84,498,472,781,782
2017-08-09 21:43:03,552,481,84,499,472,780,782
2017-08-09 21:43:04,555,482,84,499,472,781,782
2017-08-09 21:43:05,558,483,84,499,472,781,782
2017-08-09 21:43:06,561,484,84,499,472,781,782
2017-08-09 21:43:07,564,485,84,499,472,781,782
2017-08-09 21:43:08,567,486,84,500,472,780,782
2017-08-09 21:43:09,570,487,84,500,472,781,782
2017-08-09 21:43:10,574,488,84,500,472,780,782
2017-08-09 21:43:11,576,489,84,500,472,781,782
2017-08-09 21:43:12,580,490,84,500,472,781,782
2017-08-09 21:43:13,581,491,84,501,472,781,782
2017-08-09 21:43:14,584,492,84,501,472,781,782
2017-08-09 21:43:15,586,493,84,501,472,781,782
2017-08-09 21:43:16,590,494,84,501,472,781,782
2017-08-09 21:43:17,592,495,84,502,472,780,782
2017-08-09 21:43:18,593,496,84,502,472,781,782
2017-08-09 21:43:19,594,497,84,502,471,781,782
2017-08-09 21:43:20,596,498,84,502,470,781,782
2017-08-09 21:43:21,600,499,84,502,469,781,782
2017-08-09 21:43:22,606,500,84,502,468,780,782
2017-08-09 21:43:23,610,501,84,502,467,781,782
2017-08-09 21:43:24,614,502,84,502,466,780,782
2017-08-09 21:43:25,617,503,84,503,465,780,782
2017-08-09 21:43:26,623,504,84,503,464,781,782
2017-08-09 21:43:27,625,505,84,503,463,781,782
2017-08-09 21:43:28,628,506,84,503,462,781,782
2017-08-09 21:43:29,633,507,84,503,461,780,782
2017-08-09 21:43:30,634,508,84,503,461,781,782
2017-08-09 21:43:31,636,509,84,503,459,781,782
2017-08-09 21:43:32,641,510,84,503,458,781,782
2017-08-09 21:43:33,642,511,84,503,457,781,782
2017-08-09 21:43:34,647,512,84,504,456,781,782
2017-08-09 21:43:35,650,513,84,504,455,781,782
2017-08-09 21:43:36,653,514,84,504,454,781,782
2017-08-09 21:43:37,656,515,84,504,454,780,782
2017-08-09 21:43:38,659,516,84,504,453,780,782
2017-08-09 21:43:39,662,517,84,504,452,781,782
2017-08-09 21:43:40,665,518,84,504,451,781,782
2017-08-09 21:43:41,669,519,84,504,451,780,782
2017-08-09 21:43:42,674,520,84,504,450,780,782
2017-08-09 21:43:43,680,521,84,504,450,780,782
2017-08-09 21:43:44,683,522,84,504,449,780,782
2017-08-09 21:43:45,684,523,84,504,449,780,782
2017-08-09 21:43:46,684,524,84,504,449,780,782
2017-08-09 21:43:47,685,525,84,504,449,781,782
2017-08-09 21:43:48,686,526,84,505,448,780,782
2017-08-09 21:43:49,692,527,84,505,448,780,782
2017-08-09 21:43:50,694,528,84,505,448,781,782
2017-08-09 21:43:51,697,529,84,505,448,781,782
2017-08-09 21:43:52,702,530,84,505,448,780,782
2017-08-09 21:43:53,705,531,84,505,447,780,782
2017-08-09 21:43:54,708,532,84,505,447,781,782
2017-08-09 21:43:55,712,533,84,505,447,780,782
2017-08-09 21:43:56,714,534,84,505,447,780,782
2017-08-09 21:43:57,718,535,84,505,446,781,782
2017-08-09 21:43:58,718,536,84,505,446,780,782
2017-08-09 21:43:59,720,537,84,505,446,780,782
2017-08-09 21:44:00,726,538,84,505,446,781,782
2017-08-09 21:44:01,730,539,84,505,445,780,782
2017-08-09 21:44:02,733,540,84,505,445,780,782
2017-08-09 21:44:03,734,541,84,505,445,781,782
2017-08-09 21:44:04,736,542,84,505,445,780,782
2017-08-09 21:44:05,742,543,84,505,445,781,782
2017-08-09 21:44:06,745,544,84,506,445,780,782
2017-08-09 21:44:07,748,545,84,506,446,781,782
2017-08-09 21:44:08,752,546,84,506,447,781,782
2017-08-09 21:44:09,754,547,84,506,447,780,782
2017-08-09 21:44:10,757,548,84,506,448,781,782
2017-08-09 21:44:11,760,549,84,506,449,781,782
2017-08-09 21:44:12,763,550,84,506,449,781,782
2017-08-09 21:44:13,767,551,84,506,450,781,782
2017-08-09 21:44:14,768,552,84,506,450,781,782
2017-08-09 21:44:15,773,553,84,506,451,780,782
2017-08-09 21:44:16,776,554,84,506,451,781,782
2017-08-09 21:44:17,779,555,84,506,452,780,782
2017-08-09 21:44:18,782,556,84,506,452,780,782
2017-08-09 21:44:19,783,557,84,507,453,780,782
2017-08-09 21:44:20,788,558,84,507,453,781,782
2017-08-09 21:44:21,791,559,84,507,454,781,782
2017-08-09 21:44:22,794,560,84,507,454,781,782
2017-08-09 21:44:23,795,561,84,507,454,780,782
2017-08-09 21:44:24,800,562,84,507,455,781,782
2017-08-09 21:44:25,803,563,84,508,455,781,782
2017-08-09 21:44:26,806,564,84,508,455,781,782
2017-08-09 21:44:27,810,565,84,508,456,781,782
2017-08-09 21:44:28,813,566,84,508,456,781,782
2017-08-09 21:44:29,815,567,84,508,456,781,782
2017-08-09 21:44:30,819,568,84,508,457,781,782
2017-08-09 21:44:31,821,569,84,508,457,781,782
2017-08-09 21:44:32,824,570,84,509,457,781,782
2017-08-09 21:44:33,828,571,84,509,458,781,782
2017-08-09 21:44:34,831,572,84,509,458,781,782
2017-08-09 21:44:35,833,573,84,509,458,781,782
2017-08-09 21:44:36,835,574,84,509,458,781,782
2017-08-09 21:44:37,839,575,84,509,458,781,782
2017-08-09 21:44:38,840,576,84,510,459,781,782
2017-08-09 21:44:39,846,577,84,510,459,781,782
2017-08-09 21:44:40,847,578,84,510,459,781,782
2017-08-09 21:44:41,849,579,84,510,459,781,782
2017-08-09 21:44:42,854,580,84,511,460,781,782
2017-08-09 21:44:43,855,581,84,511,460,781,782
2017-08-09 21:44:44,861,582,84,511,460,781,782
2017-08-09 21:44:45,865,583,84,511,461,781,782
2017-08-09 21:44:46,868,584,84,511,461,781,782
2017-08-09 21:44:47,871,585,84,511,461,781,782
2017-08-09 21:44:48,874,586,84,512,462,781,782
2017-08-09 21:44:49,877,587,84,512,462,781,782
2017-08-09 21:44:50,883,589,84,512,462,781,782
2017-08-09 21:44:51,884,590,84,512,462,781,782
2017-08-09 21:44:52,884,591,84,512,462,781,782
2017-08-09 21:44:53,889,592,84,513,462,781,782
2017-08-09 21:44:54,894,593,84,513,462,781,782
2017-08-09 21:44:55,896,594,84,513,462,781,782
2017-08-09 21:44:56,899,595,84,513,462,781,782
2017-08-09 21:44:57,901,596,84,514,463,781,782
2017-08-09 21:44:58,905,597,84,514,463,781,782
2017-08-09 21:44:59,905,598,84,514,463,781,782
2017-08-09 21:45:00,910,599,84,514,462,781,782
