2017-08-09 21:08:42,570,coffee,datetime,ms,seconds,ambient_temp,thermocouple_0_temp,thermocouple_1_temp,thermocouple_2_temp,thermocouple_3_temp
2017-08-09 21:08:44,638,2,83,496,416,781,782
2017-08-09 21:08:45,644,3,83,490,412,781,782
2017-08-09 21:08:46,647,4,83,482,407,781,782
2017-08-09 21:08:47,648,5,83,471,403,781,782
2017-08-09 21:08:48,653,6,83,460,398,781,782
2017-08-09 21:08:49,657,7,83,448,393,781,782
2017-08-09 21:08:50,659,8,83,438,388,781,782
2017-08-09 21:08:51,662,9,83,428,383,781,782
2017-08-09 21:08:52,663,10,83,418,380,781,782
2017-08-09 21:08:53,668,11,83,410,378,781,782
2017-08-09 21:08:54,672,12,83,401,377,781,782
2017-08-09 21:08:55,673,13,83,393,377,781,782
2017-08-09 21:08:56,679,14,83,385,376,781,782
2017-08-09 21:08:57,680,15,83,376,375,781,782
2017-08-09 21:08:58,682,16,83,369,375,781,782
2017-08-09 21:08:59,685,17,83,362,374,781,782
2017-08-09 21:09:00,687,18,83,354,373,781,782
2017-08-09 21:09:01,692,19,83,348,373,781,782
2017-08-09 21:09:02,694,20,83,342,372,781,782
2017-08-09 21:09:03,695,21,83,336,372,781,782
2017-08-09 21:09:04,701,22,83,330,371,781,782
2017-08-09 21:09:05,702,23,83,325,371,781,782
2017-08-09 21:09:06,706,24,83,320,370,781,782
2017-08-09 21:09:07,710,25,83,314,370,781,782
2017-08-09 21:09:08,714,26,83,309,369,781,782
2017-08-09 21:09:09,718,27,83,304,369,781,782
2017-08-09 21:09:10,719,28,83,300,369,781,782
2017-08-09 21:09:11,720,29,83,296,369,781,782
2017-08-09 21:09:12,725,30,83,292,368,781,782
2017-08-09 21:09:13,729,31,83,288,368,781,782
2017-08-09 21:09:14,734,32,83,284,368,781,782
2017-08-09 21:09:15,736,33,83,281,368,781,782
2017-08-09 21:09:16,742,34,83,277,368,781,782
2017-08-09 21:09:17,748,35,83,274,367,781,782
2017-08-09 21:09:18,751,36,83,271,367,781,782
2017-08-09 21:09:19,757,37,83,268,367,781,782
2017-08-09 21:09:20,759,38,83,265,367,781,782
2017-08-09 21:09:21,765,39,83,263,367,781,782
2017-08-09 21:09:22,767,40,83,261,367,781,782
2017-08-09 21:09:23,768,41,83,258,366,781,782
2017-08-09 21:09:24,768,42,83,256,366,781,782
2017-08-09 21:09:25,774,43,83,254,366,781,782
2017-08-09 21:09:26,777,44,83,252,366,781,782
2017-08-09 21:09:27,782,45,83,250,366,781,782
2017-08-09 21:09:28,787,46,83,248,366,781,782
2017-08-09 21:09:29,792,47,83,246,366,781,782
2017-08-09 21:09:30,792,48,83,245,366,781,782
2017-08-09 21:09:31,795,49,83,243,366,781,782
2017-08-09 21:09:32,798,50,83,242,366,781,782
2017-08-09 21:09:33,799,51,83,240,366,781,782
2017-08-09 21:09:34,802,52,83,239,366,781,782
2017-08-09 21:09:35,805,53,83,238,367,781,782
2017-08-09 21:09:36,806,54,83,237,367,781,782
2017-08-09 21:09:37,809,55,83,235,367,781,782
2017-08-09 21:09:38,812,56,83,234,367,781,782
2017-08-09 21:09:39,814,57,83,233,368,781,782
2017-08-09 21:09:40,815,58,83,233,368,781,782
2017-08-09 21:09:41,819,59,83,232,368,781,782
2017-08-09 21:09:42,821,60,83,231,368,781,782
2017-08-09 21:09:43,821,61,83,230,369,781,782
2017-08-09 21:09:44,822,62,83,230,369,781,782
2017-08-09 21:09:45,826,63,83,229,370,781,782
2017-08-09 21:09:46,829,64,83,229,371,781,782
2017-08-09 21:09:47,833,65,83,228,372,781,782
2017-08-09 21:09:48,836,66,83,228,373,781,782
2017-08-09 21:09:49,841,67,83,228,374,781,782
2017-08-09 21:09:50,844,68,83,228,375,781,782
2017-08-09 21:09:51,850,69,83,227,375,781,782
2017-08-09 21:09:52,851,70,83,227,376,781,782
2017-08-09 21:09:53,852,71,83,227,377,781,782
2017-08-09 21:09:54,856,72,83,227,378,781,782
2017-08-09 21:09:55,858,73,83,227,379,781,782
2017-08-09 21:09:56,859,74,84,226,379,781,782
2017-08-09 21:09:57,864,75,84,226,380,781,782
2017-08-09 21:09:58,867,76,83,226,381,781,782
2017-08-09 21:09:59,872,77,83,226,381,781,782
2017-08-09 21:10:00,875,78,83,226,382,781,782
2017-08-09 21:10:01,880,79,84,227,383,781,782
2017-08-09 21:10:02,884,80,83,227,384,781,782
2017-08-09 21:10:03,888,81,83,227,384,781,782
2017-08-09 21:10:04,892,82,83,227,385,781,782
2017-08-09 21:10:05,897,83,84,228,386,781,782
2017-08-09 21:10:06,903,84,84,228,386,781,782
2017-08-09 21:10:07,906,85,83,228,387,781,782
2017-08-09 21:10:08,907,86,84,228,388,781,782
2017-08-09 21:10:09,912,87,84,229,388,781,782
2017-08-09 21:10:10,913,88,83,229,389,781,782
2017-08-09 21:10:11,914,89,83,230,390,781,782
2017-08-09 21:10:12,918,90,84,230,390,781,782
2017-08-09 21:10:13,920,91,83,230,391,781,782
2017-08-09 21:10:14,921,92,83,231,391,781,782
2017-08-09 21:10:15,923,93,83,231,392,781,782
2017-08-09 21:10:16,927,94,84,232,393,781,782
2017-08-09 21:10:17,928,95,83,232,393,781,782
2017-08-09 21:10:18,931,96,83,232,393,781,782
2017-08-09 21:10:19,935,97,83,233,394,781,782
2017-08-09 21:10:20,936,98,84,234,394,781,782
2017-08-09 21:10:21,942,99,84,234,395,781,782
2017-08-09 21:10:22,946,100,84,235,396,781,782
2017-08-09 21:10:23,950,101,84,235,396,781,782
2017-08-09 21:10:24,956,102,83,236,396,781,782
2017-08-09 21:10:25,961,103,84,237,397,781,782
2017-08-09 21:10:26,967,104,83,237,398,780,782
2017-08-09 21:10:27,968,105,84,238,398,781,782
2017-08-09 21:10:28,973,106,84,239,399,781,782
2017-08-09 21:10:29,976,107,84,239,399,781,782
2017-08-09 21:10:30,979,108,84,240,400,781,782
2017-08-09 21:10:31,985,109,83,241,400,780,782
2017-08-09 21:10:32,988,110,84,242,400,781,782
2017-08-09 21:10:33,991,111,83,242,401,780,782
2017-08-09 21:10:34,994,112,84,243,401,781,782
2017-08-09 21:10:35,996,113,84,244,401,781,782
2017-08-09 21:10:37,000,114,84,244,402,781,782
2017-08-09 21:10:38,001,115,84,245,402,781,782
2017-08-09 21:10:39,002,116,84,246,403,781,782
2017-08-09 21:10:40,004,117,84,247,403,781,782
2017-08-09 21:10:41,008,118,83,247,403,780,782
2017-08-09 21:10:42,013,119,84,248,404,781,782
2017-08-09 21:10:43,019,120,84,249,405,781,782
2017-08-09 21:10:44,023,121,84,250,405,781,782
2017-08-09 21:10:45,025,122,84,251,405,781,782
2017-08-09 21:10:46,027,123,84,251,406,781,782
2017-08-09 21:10:47,030,124,84,252,406,780,782
2017-08-09 21:10:48,034,125,84,253,406,781,782
2017-08-09 21:10:49,039,126,84,254,407,781,782
2017-08-09 21:10:50,040,127,84,255,407,781,782
2017-08-09 21:10:51,043,128,84,255,408,780,782
2017-08-09 21:10:52,046,129,84,256,408,781,782
2017-08-09 21:10:53,049,130,84,257,408,781,782
2017-08-09 21:10:54,054,131,84,258,409,781,782
2017-08-09 21:10:55,056,132,84,259,409,781,782
2017-08-09 21:10:56,058,133,84,259,409,781,782
2017-08-09 21:10:57,061,134,84,260,410,781,782
2017-08-09 21:10:58,065,135,84,261,410,781,782
2017-08-09 21:10:59,070,136,84,262,410,781,782
2017-08-09 21:11:00,074,137,84,263,411,781,782
2017-08-09 21:11:01,078,138,84,263,411,781,782
2017-08-09 21:11:02,084,139,84,264,411,781,782
2017-08-09 21:11:03,087,140,84,265,412,780,782
2017-08-09 21:11:04,089,141,84,266,412,780,782
2017-08-09 21:11:05,092,142,84,267,412,780,782
2017-08-09 21:11:06,095,143,84,268,413,781,782
2017-08-09 21:11:07,096,144,84,269,413,781,782
2017-08-09 21:11:08,102,145,84,269,413,780,782
2017-08-09 21:11:09,107,146,84,270,414,781,782
2017-08-09 21:11:10,111,147,84,271,414,781,782
2017-08-09 21:11:11,117,148,84,272,414,781,782
2017-08-09 21:11:12,119,149,84,273,415,781,782
2017-08-09 21:11:13,124,150,84,273,415,781,782
2017-08-09 21:11:14,127,151,84,274,415,781,782
2017-08-09 21:11:15,130,152,84,275,416,781,782
2017-08-09 21:11:16,134,153,84,276,416,781,782
2017-08-09 21:11:17,135,154,84,277,416,781,782
2017-08-09 21:11:18,136,155,84,278,417,781,782
2017-08-09 21:11:19,138,156,84,279,417,781,782
2017-08-09 21:11:20,141,157,84,279,417,781,782
2017-08-09 21:11:21,143,158,84,280,418,780,782
2017-08-09 21:11:22,147,159,84,281,418,781,782
2017-08-09 21:11:23,148,160,84,282,418,780,782
2017-08-09 21:11:24,151,161,84,283,419,780,782
2017-08-09 21:11:25,155,162,84,284,419,780,782
2017-08-09 21:11:26,161,163,84,285,419,781,782
2017-08-09 21:11:27,165,164,84,285,420,781,782
2017-08-09 21:11:28,166,165,84,286,420,780,782
2017-08-09 21:11:29,167,166,84,287,420,780,782
2017-08-09 21:11:30,172,167,84,288,420,781,782
2017-08-09 21:11:31,173,168,84,289,420,780,782
2017-08-09 21:11:32,175,169,84,290,421,781,782
2017-08-09 21:11:33,179,170,84,291,421,780,782
2017-08-09 21:11:34,183,171,84,291,421,780,782
2017-08-09 21:11:35,187,172,84,292,422,781,782
2017-08-09 21:11:36,193,173,84,293,422,781,782
2017-08-09 21:11:37,196,174,84,294,422,780,782
2017-08-09 21:11:38,202,175,84,295,423,780,782
2017-08-09 21:11:39,204,176,84,296,423,781,782
2017-08-09 21:11:40,210,177,84,297,423,780,782
2017-08-09 21:11:41,213,178,84,298,423,781,782
2017-08-09 21:11:42,216,179,84,298,424,780,782
2017-08-09 21:11:43,221,180,84,299,424,781,782
2017-08-09 21:11:44,222,181,84,300,424,780,782
2017-08-09 21:11:45,225,182,84,301,424,781,782
2017-08-09 21:11:46,228,183,84,301,424,781,782
2017-08-09 21:11:47,230,184,84,302,425,781,782
2017-08-09 21:11:48,234,185,84,303,425,780,782
2017-08-09 21:11:49,235,186,84,304,425,781,782
2017-08-09 21:11:50,238,187,84,305,425,781,782
2017-08-09 21:11:51,241,188,84,306,426,781,782
2017-08-09 21:11:52,246,189,84,306,426,781,782
2017-08-09 21:11:53,248,190,84,307,426,780,782
2017-08-09 21:11:54,253,191,84,308,427,780,782
2017-08-09 21:11:55,253,192,84,309,427,780,782
2017-08-09 21:11:56,259,193,84,310,427,780,782
2017-08-09 21:11:57,260,194,84,310,427,781,782
2017-08-09 21:11:58,266,195,84,311,428,780,782
2017-08-09 21:11:59,271,196,84,312,428,780,782
2017-08-09 21:12:00,276,197,84,313,428,780,782
2017-08-09 21:12:01,282,198,84,314,429,780,782
2017-08-09 21:12:02,284,199,84,315,429,780,782
2017-08-09 21:12:03,290,200,84,315,430,780,782
2017-08-09 21:12:04,293,201,84,316,430,780,782
2017-08-09 21:12:05,299,202,84,317,430,780,782
2017-08-09 21:12:06,303,203,84,318,431,780,782
2017-08-09 21:12:07,304,204,84,319,431,780,782
2017-08-09 21:12:08,310,205,84,320,431,781,782
2017-08-09 21:12:09,314,206,84,321,431,780,782
2017-08-09 21:12:10,319,207,84,321,432,781,782
2017-08-09 21:12:11,320,208,84,322,432,780,782
2017-08-09 21:12:12,322,209,84,323,433,781,782
2017-08-09 21:12:13,325,210,84,324,433,781,782
2017-08-09 21:12:14,326,211,84,325,433,781,782
2017-08-09 21:12:15,332,212,84,325,433,781,782
2017-08-09 21:12:16,334,213,84,326,434,780,782
2017-08-09 21:12:17,334,214,84,327,434,780,782
2017-08-09 21:12:18,336,215,84,328,434,780,782
2017-08-09 21:12:19,339,216,84,328,434,780,782
2017-08-09 21:12:20,340,217,84,329,435,780,782
2017-08-09 21:12:21,343,218,84,330,435,780,782
2017-08-09 21:12:22,346,219,84,331,436,780,782
2017-08-09 21:12:23,347,220,84,332,436,780,782
2017-08-09 21:12:24,359,221,84,333,436,781,782
2017-08-09 21:12:25,365,222,84,334,437,780,782
2017-08-09 21:12:26,370,223,84,334,437,780,782
2017-08-09 21:12:27,373,224,84,335,437,781,782
2017-08-09 21:12:28,374,225,84,336,438,780,782
2017-08-09 21:12:29,376,226,84,336,438,780,782
2017-08-09 21:12:30,382,227,84,337,438,780,782
2017-08-09 21:12:31,383,228,84,338,439,780,782
2017-08-09 21:12:32,388,229,84,339,439,781,782
2017-08-09 21:12:33,393,230,84,340,439,780,782
2017-08-09 21:12:34,397,231,84,340,440,781,782
2017-08-09 21:12:35,403,232,84,341,440,781,782
2017-08-09 21:12:36,405,233,84,342,440,781,782
2017-08-09 21:12:37,407,234,84,343,441,780,782
2017-08-09 21:12:38,408,235,84,343,441,780,782
2017-08-09 21:12:39,412,236,84,344,441,780,782
2017-08-09 21:12:40,414,237,84,345,442,781,782
2017-08-09 21:12:41,418,238,84,345,442,780,782
2017-08-09 21:12:42,419,239,84,346,442,780,782
2017-08-09 21:12:43,421,240,84,347,443,780,782
2017-08-09 21:12:44,423,241,84,348,443,780,782
2017-08-09 21:12:45,427,242,84,348,444,781,782
2017-08-09 21:12:46,431,243,84,349,444,781,782
2017-08-09 21:12:47,434,244,84,350,445,780,782
2017-08-09 21:12:48,439,245,84,350,445,780,782
2017-08-09 21:12:49,442,246,84,351,445,780,782
2017-08-09 21:12:50,445,247,84,352,446,781,782
2017-08-09 21:12:51,449,248,84,353,446,780,782
2017-08-09 21:12:52,449,249,84,353,446,781,782
2017-08-09 21:12:53,450,250,84,354,447,780,782
2017-08-09 21:12:54,453,251,84,354,447,780,782
2017-08-09 21:12:55,457,252,84,355,448,781,782
2017-08-09 21:12:56,460,253,84,356,448,781,782
2017-08-09 21:12:57,465,254,84,357,448,780,782
2017-08-09 21:12:58,466,255,84,358,448,781,782
2017-08-09 21:12:59,471,256,84,358,449,780,782
2017-08-09 21:13:00,472,257,84,359,449,781,782
2017-08-09 21:13:01,473,258,84,360,450,781,782
2017-08-09 21:13:02,478,259,84,360,450,781,782
2017-08-09 21:13:03,482,260,84,361,450,781,782
2017-08-09 21:13:04,485,261,84,362,451,781,782
2017-08-09 21:13:05,487,262,84,363,451,780,782
2017-08-09 21:13:06,490,263,84,363,451,781,782
2017-08-09 21:13:07,494,264,84,364,452,780,782
2017-08-09 21:13:08,497,265,84,365,452,781,782
2017-08-09 21:13:09,500,266,84,365,453,781,782
2017-08-09 21:13:10,504,267,84,366,453,781,782
2017-08-09 21:13:11,508,268,84,367,454,781,782
2017-08-09 21:13:12,512,269,84,368,454,781,782
2017-08-09 21:13:13,518,270,84,368,454,780,782
2017-08-09 21:13:14,523,271,84,369,454,780,782
2017-08-09 21:13:15,524,272,84,369,455,781,782
2017-08-09 21:13:16,528,273,84,370,455,780,782
2017-08-09 21:13:17,534,274,84,371,455,780,782
2017-08-09 21:13:18,537,275,84,372,456,781,782
2017-08-09 21:13:19,542,276,84,372,456,781,782
2017-08-09 21:13:20,545,277,84,373,456,781,782
2017-08-09 21:13:21,551,278,84,374,456,781,782
2017-08-09 21:13:22,554,279,84,374,457,781,782
2017-08-09 21:13:23,556,280,84,375,457,781,782
2017-08-09 21:13:24,562,281,84,375,457,780,782
2017-08-09 21:13:25,566,282,84,376,457,781,782
2017-08-09 21:13:26,571,284,84,377,457,781,782
2017-08-09 21:13:27,572,285,84,377,458,780,782
2017-08-09 21:13:28,574,286,84,378,458,781,782
2017-08-09 21:13:29,578,287,84,379,458,781,782
2017-08-09 21:13:30,581,288,84,380,458,781,782
2017-08-09 21:13:31,586,289,84,380,459,780,782
2017-08-09 21:13:32,589,290,84,381,459,781,782
2017-08-09 21:13:33,595,291,84,381,459,780,782
2017-08-09 21:13:34,601,292,84,382,459,781,782
2017-08-09 21:13:35,603,293,84,383,459,781,782
2017-08-09 21:13:36,608,294,84,383,459,781,782
2017-08-09 21:13:37,611,295,84,384,459,781,782
2017-08-09 21:13:38,617,296,84,385,460,780,782
2017-08-09 21:13:39,620,297,84,385,460,780,782
2017-08-09 21:13:40,623,298,84,386,460,780,782
2017-08-09 21:13:41,628,299,84,387,460,780,782
2017-08-09 21:13:42,631,300,84,387,460,781,782
2017-08-09 21:13:43,637,301,84,388,460,780,782
2017-08-09 21:13:44,638,302,84,388,461,781,782
2017-08-09 21:13:45,640,303,84,389,461,781,782
2017-08-09 21:13:46,643,304,84,390,461,780,782
2017-08-09 21:13:47,647,305,84,391,461,781,782
2017-08-09 21:13:48,652,306,84,391,462,780,782
2017-08-09 21:13:49,656,307,84,392,462,780,782
2017-08-09 21:13:50,660,308,84,392,462,780,782
2017-08-09 21:13:51,662,309,84,393,462,781,782
2017-08-09 21:13:52,663,310,84,394,462,781,782
2017-08-09 21:13:53,668,311,84,394,463,780,782
2017-08-09 21:13:54,672,312,84,395,463,780,782
2017-08-09 21:13:55,676,313,84,396,463,781,782
2017-08-09 21:13:56,680,314,84,396,463,781,782
2017-08-09 21:13:57,685,315,84,397,463,780,782
2017-08-09 21:13:58,685,316,84,397,463,781,782
2017-08-09 21:13:59,687,317,84,398,464,781,782
2017-08-09 21:14:00,691,318,84,399,464,781,782
2017-08-09 21:14:01,693,319,84,399,464,780,782
2017-08-09 21:14:02,696,320,84,400,464,780,782
2017-08-09 21:14:03,698,321,84,401,465,780,782
2017-08-09 21:14:04,703,322,84,401,465,781,782
2017-08-09 21:14:05,707,323,84,402,465,781,782
2017-08-09 21:14:06,708,324,84,403,465,780,782
2017-08-09 21:14:07,711,325,84,403,465,780,782
2017-08-09 21:14:08,714,326,84,404,465,781,782
2017-08-09 21:14:09,715,327,84,404,466,780,782
2017-08-09 21:14:10,716,328,84,405,466,781,782
2017-08-09 21:14:11,721,329,84,406,466,781,782
2017-08-09 21:14:12,725,330,84,406,466,781,782
2017-08-09 21:14:13,730,331,84,407,466,780,782
2017-08-09 21:14:14,736,332,84,407,466,780,782
2017-08-09 21:14:15,738,333,84,408,467,780,782
2017-08-09 21:14:16,739,334,84,408,467,781,782
2017-08-09 21:14:17,742,335,84,409,467,781,782
2017-08-09 21:14:18,744,336,84,410,467,781,782
2017-08-09 21:14:19,746,337,84,410,467,781,782
2017-08-09 21:14:20,749,338,84,411,467,781,782
2017-08-09 21:14:21,752,339,84,411,467,780,782
2017-08-09 21:14:22,753,340,84,412,467,781,782
2017-08-09 21:14:23,757,341,84,413,467,780,782
2017-08-09 21:14:24,759,342,84,413,467,781,782
2017-08-09 21:14:25,760,343,84,414,467,780,782
2017-08-09 21:14:26,765,344,84,414,467,781,782
2017-08-09 21:14:27,769,345,84,415,468,780,782
2017-08-09 21:14:28,775,346,84,416,468,781,782
2017-08-09 21:14:29,779,347,84,416,468,781,782
2017-08-09 21:14:30,784,348,84,417,468,781,782
2017-08-09 21:14:31,785,349,84,417,468,780,782
2017-08-09 21:14:32,789,350,84,418,468,781,782
2017-08-09 21:14:33,791,351,84,419,468,780,782
2017-08-09 21:14:34,794,352,84,419,468,780,782
2017-08-09 21:14:35,799,353,84,420,468,780,782
2017-08-09 21:14:36,800,354,84,420,468,781,782
2017-08-09 21:14:37,803,355,84,421,469,781,782
2017-08-09 21:14:38,805,356,84,421,469,780,782
2017-08-09 21:14:39,806,357,84,422,469,780,782
2017-08-09 21:14:40,812,358,84,423,469,781,782
2017-08-09 21:14:41,813,359,84,423,469,780,782
2017-08-09 21:14:42,814,360,84,424,469,781,782
2017-08-09 21:14:43,820,361,84,424,470,781,782
2017-08-09 21:14:44,825,362,84,425,470,780,782
2017-08-09 21:14:45,830,363,84,425,470,780,782
2017-08-09 21:14:46,831,364,84,426,470,780,782
2017-08-09 21:14:47,833,365,84,426,470,780,782
2017-08-09 21:14:48,836,366,84,427,470,781,782
2017-08-09 21:14:49,837,367,84,427,470,781,782
2017-08-09 21:14:50,837,368,84,428,470,781,782
2017-08-09 21:14:51,841,369,84,429,470,780,782
2017-08-09 21:14:52,843,370,84,429,470,780,782
2017-08-09 21:14:53,847,371,84,430,470,780,782
2017-08-09 21:14:54,851,372,84,430,470,781,782
2017-08-09 21:14:55,852,373,84,431,470,781,782
2017-08-09 21:14:56,855,374,84,431,470,780,782
2017-08-09 21:14:57,857,375,84,432,470,780,782
2017-08-09 21:14:58,858,376,84,432,471,780,782
2017-08-09 21:14:59,861,377,84,433,471,780,782
2017-08-09 21:15:00,864,378,84,433,471,781,782
2017-08-09 21:15:01,867,379,84,434,471,780,782
2017-08-09 21:15:02,873,380,84,434,471,781,782
2017-08-09 21:15:03,878,381,84,435,472,781,782
2017-08-09 21:15:04,881,382,84,435,472,780,782
2017-08-09 21:15:05,886,383,84,436,472,781,782
2017-08-09 21:15:06,890,384,84,436,472,780,782
2017-08-09 21:15:07,895,385,84,437,472,781,782
2017-08-09 21:15:08,898,386,84,437,472,781,782
2017-08-09 21:15:09,901,387,84,438,471,781,782
2017-08-09 21:15:10,907,388,84,438,470,781,782
2017-08-09 21:15:11,910,389,84,439,470,781,782
2017-08-09 21:15:12,915,390,84,440,470,780,782
2017-08-09 21:15:13,917,391,84,440,471,780,782
2017-08-09 21:15:14,923,392,84,441,471,781,782
2017-08-09 21:15:15,927,393,84,441,471,781,782
2017-08-09 21:15:16,932,394,84,442,472,781,782
2017-08-09 21:15:17,935,395,84,442,472,781,782
2017-08-09 21:15:18,939,396,84,443,472,781,782
2017-08-09 21:15:19,945,397,84,443,472,780,782
2017-08-09 21:15:20,949,398,84,444,472,781,782
2017-08-09 21:15:21,955,399,84,444,473,781,782
2017-08-09 21:15:22,958,400,84,445,473,780,782
2017-08-09 21:15:23,961,401,84,445,473,780,782
2017-08-09 21:15:24,966,402,84,446,473,780,782
2017-08-09 21:15:25,968,403,84,446,474,780,782
2017-08-09 21:15:26,968,404,84,447,474,781,782
2017-08-09 21:15:27,973,405,84,447,474,781,782
2017-08-09 21:15:28,976,406,84,448,474,781,782
2017-08-09 21:15:29,981,407,84,448,474,780,782
2017-08-09 21:15:30,982,408,84,449,475,780,782
2017-08-09 21:15:31,983,409,84,449,475,781,782
2017-08-09 21:15:32,989,410,84,450,475,781,782
2017-08-09 21:15:33,992,411,84,450,475,781,782
2017-08-09 21:15:34,997,412,84,451,475,781,782
2017-08-09 21:15:35,998,413,84,451,475,781,782
2017-08-09 21:15:37,001,414,84,452,476,781,782
2017-08-09 21:15:38,004,415,84,452,476,781,782
2017-08-09 21:15:39,005,416,84,453,476,781,782
2017-08-09 21:15:40,008,417,84,453,476,780,782
2017-08-09 21:15:41,011,418,84,453,477,780,782
2017-08-09 21:15:42,012,419,84,454,477,780,782
2017-08-09 21:15:43,015,420,84,454,477,781,782
2017-08-09 21:15:44,018,421,84,455,477,780,782
2017-08-09 21:15:45,018,422,84,455,477,781,782
2017-08-09 21:15:46,020,423,84,456,477,780,782
2017-08-09 21:15:47,024,424,84,456,478,781,782
2017-08-09 21:15:48,026,425,84,457,477,781,782
2017-08-09 21:15:49,027,426,84,457,476,781,782
2017-08-09 21:15:50,031,427,84,458,476,781,782
2017-08-09 21:15:51,032,428,84,458,477,780,782
2017-08-09 21:15:52,037,429,84,459,477,781,782
2017-08-09 21:15:53,038,430,84,459,477,781,782
2017-08-09 21:15:54,040,431,84,460,477,781,782
2017-08-09 21:15:55,043,432,84,460,478,781,782
2017-08-09 21:15:56,047,433,84,461,477,781,782
2017-08-09 21:15:57,052,434,84,461,477,781,782
2017-08-09 21:15:58,054,435,84,462,477,781,782
2017-08-09 21:15:59,058,436,84,462,477,781,782
2017-08-09 21:16:00,062,437,84,463,477,781,782
2017-08-09 21:16:01,068,438,84,463,477,781,782
2017-08-09 21:16:02,071,439,84,464,478,781,782
2017-08-09 21:16:03,076,440,84,465,478,781,782
2017-08-09 21:16:04,082,441,84,465,478,781,782
2017-08-09 21:16:05,084,442,84,465,478,781,782
2017-08-09 21:16:06,088,443,84,466,478,781,782
2017-08-09 21:16:07,093,444,84,466,479,781,782
2017-08-09 21:16:08,096,445,84,467,479,781,782
2017-08-09 21:16:09,098,446,84,467,479,781,782
2017-08-09 21:16:10,101,447,84,468,480,781,782
2017-08-09 21:16:11,106,448,84,468,480,781,782
2017-08-09 21:16:12,108,449,84,469,480,781,782
2017-08-09 21:16:13,112,450,84,469,481,781,782
2017-08-09 21:16:14,113,451,84,470,481,781,782
2017-08-09 21:16:15,117,452,84,470,481,781,782
2017-08-09 21:16:16,118,453,84,471,481,781,782
2017-08-09 21:16:17,120,454,84,471,482,781,782
2017-08-09 21:16:18,123,455,84,472,482,781,782
2017-08-09 21:16:19,126,456,84,472,482,781,782
2017-08-09 21:16:20,127,457,84,473,482,781,782
2017-08-09 21:16:21,131,458,84,473,482,781,782
2017-08-09 21:16:22,132,459,84,474,482,780,782
2017-08-09 21:16:23,134,460,84,474,482,780,782
2017-08-09 21:16:24,138,461,84,475,483,781,782
2017-08-09 21:16:25,139,462,84,475,483,781,782
2017-08-09 21:16:26,141,463,84,476,483,780,782
2017-08-09 21:16:27,144,464,84,476,483,781,782
2017-08-09 21:16:28,146,465,84,477,483,781,782
2017-08-09 21:16:29,148,466,84,477,484,781,782
2017-08-09 21:16:30,152,467,84,478,484,781,782
2017-08-09 21:16:31,153,468,84,478,484,781,782
2017-08-09 21:16:32,155,469,84,479,484,781,782
2017-08-09 21:16:33,156,470,84,479,484,781,782
2017-08-09 21:16:34,160,471,84,480,484,781,782
2017-08-09 21:16:35,162,472,84,480,484,781,782
2017-08-09 21:16:36,165,473,84,481,485,781,782
2017-08-09 21:16:37,167,474,84,481,485,781,782
2017-08-09 21:16:38,169,475,84,481,485,781,782
2017-08-09 21:16:39,174,476,84,482,485,781,782
2017-08-09 21:16:40,176,477,84,482,485,781,782
2017-08-09 21:16:41,176,478,84,483,485,781,782
2017-08-09 21:16:42,178,479,84,483,485,781,782
2017-08-09 21:16:43,184,480,84,484,485,781,782
2017-08-09 21:16:44,187,481,84,484,485,781,782
2017-08-09 21:16:45,193,482,84,485,485,781,782
2017-08-09 21:16:46,196,483,84,485,485,781,782
2017-08-09 21:16:47,199,484,84,486,485,781,782
2017-08-09 21:16:48,204,485,84,486,484,781,782
2017-08-09 21:16:49,205,486,84,487,484,780,782
2017-08-09 21:16:50,208,487,84,487,484,781,782
2017-08-09 21:16:51,211,488,84,488,484,781,782
2017-08-09 21:16:52,216,489,84,488,485,781,782
2017-08-09 21:16:53,217,490,84,489,485,781,782
2017-08-09 21:16:54,220,491,84,489,485,780,782
2017-08-09 21:16:55,224,492,84,490,486,781,782
2017-08-09 21:16:56,226,493,84,490,486,781,782
2017-08-09 21:16:57,227,494,84,491,486,780,782
2017-08-09 21:16:58,229,495,84,491,487,780,782
2017-08-09 21:16:59,234,496,84,492,487,781,782
2017-08-09 21:17:00,239,497,84,492,487,781,782
2017-08-09 21:17:01,242,498,84,492,488,781,782
2017-08-09 21:17:02,245,499,84,493,488,781,782
2017-08-09 21:17:03,248,500,84,493,489,781,782
2017-08-09 21:17:04,250,501,84,494,489,781,782
2017-08-09 21:17:05,252,502,84,494,489,781,782
2017-08-09 21:17:06,257,503,84,495,489,781,782
2017-08-09 21:17:07,258,504,84,495,489,781,782
2017-08-09 21:17:08,260,505,84,496,490,781,782
2017-08-09 21:17:09,266,506,84,496,490,780,782
2017-08-09 21:17:10,266,507,84,497,490,781,782
2017-08-09 21:17:11,272,508,84,497,491,780,782
2017-08-09 21:17:12,275,509,84,498,491,781,782
2017-08-09 21:17:13,276,510,84,498,491,781,782
2017-08-09 21:17:14,282,511,84,499,491,781,782
2017-08-09 21:17:15,285,512,84,499,491,781,782
2017-08-09 21:17:16,288,513,84,500,492,781,782
2017-08-09 21:17:17,291,514,84,500,492,780,782
2017-08-09 21:17:18,294,515,84,500,492,781,782
2017-08-09 21:17:19,300,516,84,501,493,781,782
2017-08-09 21:17:20,305,517,84,501,493,781,782
2017-08-09 21:17:21,307,518,84,502,493,781,782
2017-08-09 21:17:22,313,519,84,502,493,781,782
2017-08-09 21:17:23,314,520,84,502,493,781,782
2017-08-09 21:17:24,316,521,84,503,493,781,782
2017-08-09 21:17:25,322,522,84,503,493,781,782
2017-08-09 21:17:26,325,523,84,504,493,781,782
2017-08-09 21:17:27,326,524,84,504,493,781,782
2017-08-09 21:17:28,328,525,84,504,493,781,782
2017-08-09 21:17:29,329,526,84,505,493,781,782
2017-08-09 21:17:30,330,527,84,505,493,781,782
2017-08-09 21:17:31,334,528,84,506,494,781,782
2017-08-09 21:17:32,337,529,84,506,494,781,782
2017-08-09 21:17:33,338,530,84,507,494,781,782
2017-08-09 21:17:34,343,531,84,507,494,781,782
2017-08-09 21:17:35,346,532,84,507,494,781,782
2017-08-09 21:17:36,349,533,84,508,495,781,782
2017-08-09 21:17:37,352,534,84,508,495,781,782
2017-08-09 21:17:38,355,535,84,508,495,781,782
2017-08-09 21:17:39,360,536,84,509,495,781,782
2017-08-09 21:17:40,362,537,84,509,496,781,782
2017-08-09 21:17:41,365,538,84,509,496,781,782
2017-08-09 21:17:42,368,539,84,510,496,781,782
2017-08-09 21:17:43,371,540,84,510,495,781,782
2017-08-09 21:17:44,376,541,84,510,494,781,782
2017-08-09 21:17:45,376,542,84,510,492,781,782
2017-08-09 21:17:46,380,543,84,511,491,781,782
2017-08-09 21:17:47,383,544,84,511,489,781,782
2017-08-09 21:17:48,386,545,84,511,488,781,782
2017-08-09 21:17:49,389,546,84,512,486,781,782
2017-08-09 21:17:50,392,547,84,512,485,781,782
2017-08-09 21:17:51,395,548,84,512,484,781,782
2017-08-09 21:17:52,398,549,84,513,483,781,782
2017-08-09 21:17:53,401,550,84,513,482,781,782
2017-08-09 21:17:54,402,551,84,513,480,781,782
2017-08-09 21:17:55,404,552,84,513,479,781,782
2017-08-09 21:17:56,409,553,84,514,478,781,782
2017-08-09 21:17:57,413,554,84,514,477,781,782
2017-08-09 21:17:58,417,555,84,514,477,781,782
2017-08-09 21:17:59,420,556,84,514,476,781,782
2017-08-09 21:18:00,423,557,84,514,475,781,782
2017-08-09 21:18:01,424,558,84,514,474,781,782
2017-08-09 21:18:02,429,559,84,515,473,781,782
2017-08-09 21:18:03,429,560,84,515,473,781,782
2017-08-09 21:18:04,431,561,84,515,472,781,782
2017-08-09 21:18:05,433,562,84,515,471,781,782
2017-08-09 21:18:06,436,563,84,516,470,781,782
2017-08-09 21:18:07,439,564,84,516,469,781,782
2017-08-09 21:18:08,441,565,84,516,469,781,782
2017-08-09 21:18:09,447,566,84,516,468,781,782
2017-08-09 21:18:10,453,567,84,516,467,781,782
2017-08-09 21:18:11,457,568,84,516,467,780,782
2017-08-09 21:18:12,459,569,84,516,466,781,782
2017-08-09 21:18:13,464,570,84,516,465,781,782
2017-08-09 21:18:14,466,571,84,517,465,781,782
2017-08-09 21:18:15,469,572,84,517,464,781,782
2017-08-09 21:18:16,473,573,84,517,464,781,782
2017-08-09 21:18:17,473,574,84,517,463,781,782
2017-08-09 21:18:18,475,575,84,517,463,781,782
2017-08-09 21:18:19,480,576,84,517,462,781,782
2017-08-09 21:18:20,484,577,84,517,462,781,782
2017-08-09 21:18:21,487,578,84,518,461,781,782
2017-08-09 21:18:22,488,579,84,518,461,781,782
2017-08-09 21:18:23,491,580,84,518,461,781,782
2017-08-09 21:18:24,492,581,84,518,460,781,782
2017-08-09 21:18:25,496,582,84,518,460,781,782
2017-08-09 21:18:26,502,583,84,518,460,781,782
2017-08-09 21:18:27,506,584,84,518,459,781,782
2017-08-09 21:18:28,509,585,84,518,459,781,782
2017-08-09 21:18:29,512,586,84,518,458,781,782
2017-08-09 21:18:30,515,587,84,518,458,781,782
2017-08-09 21:18:31,518,588,84,518,457,781,782
2017-08-09 21:18:32,522,589,84,518,457,781,782
2017-08-09 21:18:33,524,590,84,518,458,781,782
2017-08-09 21:18:34,527,591,84,519,459,781,782
2017-08-09 21:18:35,530,592,84,519,459,781,782
2017-08-09 21:18:36,533,593,84,519,461,781,782
2017-08-09 21:18:37,536,594,84,519,461,781,782
2017-08-09 21:18:38,539,595,84,519,458,781,782
2017-08-09 21:18:39,544,596,84,519,454,781,782
2017-08-09 21:18:40,545,597,84,519,449,781,782
2017-08-09 21:18:41,547,598,84,519,445,781,782
2017-08-09 21:18:42,547,599,84,519,442,781,782
2017-08-09 21:18:43,549,600,84,519,443,781,782
2017-08-09 21:18:44,549,601,84,520,446,781,782
2017-08-09 21:18:45,550,602,84,520,448,781,782
2017-08-09 21:18:46,550,603,84,520,450,781,782
2017-08-09 21:18:47,551,604,84,520,452,781,782
2017-08-09 21:18:48,553,605,84,520,453,781,782
2017-08-09 21:18:49,556,606,84,520,455,781,782
2017-08-09 21:18:50,562,607,84,521,457,781,782
2017-08-09 21:18:51,563,608,84,521,458,781,782
2017-08-09 21:18:52,564,609,84,521,459,781,782
2017-08-09 21:18:53,565,610,84,521,461,781,782
2017-08-09 21:18:54,565,611,84,521,462,781,782
2017-08-09 21:18:55,566,612,84,521,463,781,782
2017-08-09 21:18:56,570,614,84,522,464,781,782
2017-08-09 21:18:57,572,615,84,522,465,781,782
2017-08-09 21:18:58,573,616,84,522,465,781,782
2017-08-09 21:18:59,576,617,84,522,466,781,782
2017-08-09 21:19:00,577,618,84,522,467,781,782
2017-08-09 21:19:01,582,619,84,523,468,781,782
2017-08-09 21:19:02,582,620,84,523,468,781,782
2017-08-09 21:19:03,583,621,84,523,469,781,782
2017-08-09 21:19:04,585,622,84,523,469,781,782
2017-08-09 21:19:05,590,623,84,523,470,781,782
2017-08-09 21:19:06,595,624,84,523,471,781,782
2017-08-09 21:19:07,601,625,84,524,471,781,782
2017-08-09 21:19:08,603,626,84,524,472,781,782
2017-08-09 21:19:09,607,627,84,524,472,781,782
2017-08-09 21:19:10,612,628,84,524,473,781,782
2017-08-09 21:19:11,615,629,84,525,473,781,782
2017-08-09 21:19:12,620,630,84,525,474,781,782
2017-08-09 21:19:13,621,631,84,525,474,781,782
2017-08-09 21:19:14,628,632,84,526,475,781,782
2017-08-09 21:19:15,632,633,84,526,475,781,782
2017-08-09 21:19:16,637,634,84,526,475,781,782
2017-08-09 21:19:17,641,635,84,526,476,781,782
2017-08-09 21:19:18,646,636,84,527,476,781,782
2017-08-09 21:19:19,649,637,84,527,476,781,782
2017-08-09 21:19:20,654,638,84,527,477,781,782
2017-08-09 21:19:21,655,639,84,528,477,781,782
2017-08-09 21:19:22,657,640,84,528,477,781,782
2017-08-09 21:19:23,661,641,84,528,477,781,782
2017-08-09 21:19:24,662,642,84,528,478,781,782
2017-08-09 21:19:25,663,643,84,529,478,781,782
2017-08-09 21:19:26,668,644,84,529,478,781,782
2017-08-09 21:19:27,671,645,84,529,478,781,782
2017-08-09 21:19:28,677,646,84,529,478,781,782
2017-08-09 21:19:29,679,647,84,529,479,781,782
2017-08-09 21:19:30,682,648,83,530,479,781,782
2017-08-09 21:19:31,684,649,84,530,479,781,782
2017-08-09 21:19:32,688,650,84,531,479,781,782
2017-08-09 21:19:33,692,651,84,531,479,781,782
2017-08-09 21:19:34,694,652,84,531,480,781,782
2017-08-09 21:19:35,695,653,84,531,480,781,782
2017-08-09 21:19:36,699,654,84,532,480,781,782
2017-08-09 21:19:37,703,655,84,532,480,781,782
2017-08-09 21:19:38,707,656,84,533,480,781,782
2017-08-09 21:19:39,709,657,84,533,480,781,782
2017-08-09 21:19:40,713,658,84,533,480,781,782
2017-08-09 21:19:41,715,659,84,533,480,781,782
2017-08-09 21:19:42,716,660,84,534,481,781,782
2017-08-09 21:19:43,720,661,84,534,481,781,782
2017-08-09 21:19:44,722,662,84,534,481,781,782
2017-08-09 21:19:45,724,663,84,534,481,781,782
2017-08-09 21:19:46,729,664,84,535,481,781,782
2017-08-09 21:19:47,734,665,84,535,481,781,782
2017-08-09 21:19:48,738,666,84,535,481,781,782
2017-08-09 21:19:49,740,667,84,536,482,781,782
2017-08-09 21:19:50,741,668,84,536,482,781,782
2017-08-09 21:19:51,745,669,84,536,482,781,782
2017-08-09 21:19:52,750,670,84,537,482,781,782
2017-08-09 21:19:53,753,671,84,537,482,781,782
2017-08-09 21:19:54,756,672,84,537,482,781,782
2017-08-09 21:19:55,759,673,84,537,482,781,782
2017-08-09 21:19:56,760,674,84,538,482,781,782
2017-08-09 21:19:57,765,675,84,538,482,781,782
2017-08-09 21:19:58,771,676,84,538,482,781,782
2017-08-09 21:19:59,773,677,84,538,482,781,782
2017-08-09 21:20:00,779,678,84,539,482,781,782
2017-08-09 21:20:01,783,679,84,539,482,781,782
2017-08-09 21:20:02,786,680,84,539,482,781,782
2017-08-09 21:20:03,791,681,84,540,482,781,782
2017-08-09 21:20:04,794,682,84,540,483,781,782
2017-08-09 21:20:05,797,683,84,540,483,781,782
2017-08-09 21:20:06,802,684,84,541,483,781,782
2017-08-09 21:20:07,804,685,84,541,482,781,782
2017-08-09 21:20:08,807,686,84,542,482,781,782
2017-08-09 21:20:09,811,687,84,542,482,781,782
2017-08-09 21:20:10,814,688,84,542,482,781,782
2017-08-09 21:20:11,820,689,84,543,482,781,782
2017-08-09 21:20:12,821,690,84,543,482,781,782
2017-08-09 21:20:13,822,691,84,543,483,781,782
2017-08-09 21:20:14,824,692,84,544,483,781,782
2017-08-09 21:20:15,825,693,84,544,483,781,782
2017-08-09 21:20:16,828,694,83,544,483,780,782
2017-08-09 21:20:17,832,695,84,545,483,781,782
2017-08-09 21:20:18,837,696,84,545,483,781,782
2017-08-09 21:20:19,840,697,84,545,483,781,782
2017-08-09 21:20:20,846,698,84,545,483,781,782
2017-08-09 21:20:21,849,699,84,546,483,781,782
2017-08-09 21:20:22,851,700,84,546,484,781,782
2017-08-09 21:20:23,857,701,84,547,484,781,782
2017-08-09 21:20:24,863,702,84,547,484,781,782
2017-08-09 21:20:25,866,703,83,547,484,780,782
2017-08-09 21:20:26,870,704,84,548,484,781,782
2017-08-09 21:20:27,874,705,84,548,484,781,782
2017-08-09 21:20:28,877,706,84,548,484,781,782
2017-08-09 21:20:29,882,707,84,549,484,781,782
2017-08-09 21:20:30,885,708,84,549,485,781,782
2017-08-09 21:20:31,885,709,84,549,485,781,782
2017-08-09 21:20:32,890,710,84,550,485,781,782
2017-08-09 21:20:33,895,711,84,550,485,781,782
2017-08-09 21:20:34,898,712,84,550,484,781,782
2017-08-09 21:20:35,904,713,84,551,485,781,782
2017-08-09 21:20:36,906,714,84,551,485,781,782
2017-08-09 21:20:37,909,715,84,551,485,781,782
2017-08-09 21:20:38,914,716,84,551,485,781,782
2017-08-09 21:20:39,918,717,84,552,485,781,782
2017-08-09 21:20:40,923,718,84,552,485,781,782
2017-08-09 21:20:41,929,719,83,553,485,781,782
2017-08-09 21:20:42,932,720,84,553,485,781,782
2017-08-09 21:20:43,933,721,84,553,485,781,782
2017-08-09 21:20:44,934,722,84,553,485,781,782
2017-08-09 21:20:45,939,723,83,554,485,781,782
2017-08-09 21:20:46,941,724,84,554,485,781,782
2017-08-09 21:20:47,942,725,83,554,485,781,782
2017-08-09 21:20:48,946,726,84,555,485,781,782
2017-08-09 21:20:49,946,727,84,555,485,781,782
2017-08-09 21:20:50,948,728,84,555,485,781,782
2017-08-09 21:20:51,952,729,83,555,485,780,782
2017-08-09 21:20:52,953,730,83,556,485,781,782
2017-08-09 21:20:53,959,731,84,556,486,781,782
2017-08-09 21:20:54,965,732,83,556,486,781,782
2017-08-09 21:20:55,969,733,84,557,486,781,782
2017-08-09 21:20:56,972,734,84,557,485,781,782
2017-08-09 21:20:57,973,735,84,557,484,781,782
2017-08-09 21:20:58,976,736,84,557,483,781,782
2017-08-09 21:20:59,977,737,84,558,482,781,782
2017-08-09 21:21:00,982,738,84,558,482,781,782
2017-08-09 21:21:01,983,739,84,558,481,781,782
2017-08-09 21:21:02,990,740,84,559,480,781,782
2017-08-09 21:21:03,992,741,83,559,479,781,782
2017-08-09 21:21:04,998,742,83,559,478,781,782
2017-08-09 21:21:06,003,743,84,560,478,781,782
2017-08-09 21:21:07,009,744,84,560,477,781,782
2017-08-09 21:21:08,009,745,84,560,476,781,782
2017-08-09 21:21:09,012,746,84,560,475,781,782
2017-08-09 21:21:10,017,747,83,561,473,781,782
2017-08-09 21:21:11,018,748,84,561,472,781,782
2017-08-09 21:21:12,022,749,84,561,472,781,782
2017-08-09 21:21:13,027,750,84,561,471,781,782
2017-08-09 21:21:14,030,751,84,561,470,781,782
2017-08-09 21:21:15,033,752,83,562,469,781,782
2017-08-09 21:21:16,034,753,84,562,468,781,782
2017-08-09 21:21:17,038,754,83,562,467,780,782
2017-08-09 21:21:18,039,755,84,562,466,781,782
2017-08-09 21:21:19,041,756,84,562,465,781,782
2017-08-09 21:21:20,044,757,84,563,465,781,782
2017-08-09 21:21:21,046,758,84,563,464,781,782
2017-08-09 21:21:22,048,759,84,563,463,781,782
2017-08-09 21:21:23,052,760,84,563,463,781,782
2017-08-09 21:21:24,053,761,84,563,462,781,782
2017-08-09 21:21:25,055,762,84,563,461,781,782
2017-08-09 21:21:26,058,763,84,563,460,781,782
2017-08-09 21:21:27,060,764,84,564,460,781,782
2017-08-09 21:21:28,062,765,84,564,459,781,782
2017-08-09 21:21:29,066,766,84,564,459,781,782
2017-08-09 21:21:30,067,767,84,564,458,781,782
2017-08-09 21:21:31,069,768,83,564,458,781,782
2017-08-09 21:21:32,070,769,84,564,457,781,782
2017-08-09 21:21:33,074,770,84,564,457,781,782
2017-08-09 21:21:34,076,771,83,564,457,781,782
2017-08-09 21:21:35,079,772,84,564,456,781,782
2017-08-09 21:21:36,081,773,84,565,456,781,782
2017-08-09 21:21:37,082,774,84,565,455,781,782
2017-08-09 21:21:38,087,775,84,565,455,781,782
2017-08-09 21:21:39,088,776,84,565,455,781,782
2017-08-09 21:21:40,090,777,84,565,455,781,782
2017-08-09 21:21:41,094,778,84,565,455,781,782
2017-08-09 21:21:42,095,779,84,565,455,781,782
2017-08-09 21:21:43,096,780,84,565,455,781,782
2017-08-09 21:21:44,101,781,84,565,455,781,782
2017-08-09 21:21:45,102,782,83,565,455,781,782
2017-08-09 21:21:46,105,783,84,565,456,781,782
2017-08-09 21:21:47,107,784,84,565,456,781,782
2017-08-09 21:21:48,111,785,84,565,456,781,782
2017-08-09 21:21:49,117,786,83,565,456,780,782
2017-08-09 21:21:50,119,787,84,565,456,781,782
2017-08-09 21:21:51,122,788,84,565,457,781,782
2017-08-09 21:21:52,126,789,84,565,456,781,782
2017-08-09 21:21:53,132,790,84,565,457,781,782
2017-08-09 21:21:54,134,791,84,565,457,781,782
2017-08-09 21:21:55,140,792,84,565,457,781,782
2017-08-09 21:21:56,142,793,84,565,457,781,782
2017-08-09 21:21:57,145,794,83,565,457,781,782
2017-08-09 21:21:58,151,795,84,565,457,781,782
2017-08-09 21:21:59,153,796,84,565,456,781,782
2017-08-09 21:22:00,155,797,84,565,456,781,782
2017-08-09 21:22:01,160,798,84,565,456,781,782
2017-08-09 21:22:02,160,799,84,565,455,781,782
2017-08-09 21:22:03,165,800,84,565,455,781,782
2017-08-09 21:22:04,166,801,84,565,454,781,782
2017-08-09 21:22:05,168,802,84,565,454,781,782
2017-08-09 21:22:06,173,803,83,564,454,781,782
