2016-08-12 05:14:07,361,coffee,datetime,ms,seconds,ambient_temp,thermocouple_0_temp,thermocouple_1_temp,thermocouple_2_temp,thermocouple_3_temp
2016-08-12 05:14:09,442,2,87,461,419,779,781
2016-08-12 05:14:10,445,3,87,454,414,779,781
2016-08-12 05:14:11,450,4,87,445,410,779,781
2016-08-12 05:14:12,451,5,87,435,405,779,781
2016-08-12 05:14:13,455,6,88,425,400,779,781
2016-08-12 05:14:14,460,7,87,415,395,779,781
2016-08-12 05:14:15,464,8,88,407,390,779,781
2016-08-12 05:14:16,468,9,87,398,386,779,781
2016-08-12 05:14:17,472,10,88,390,384,779,781
2016-08-12 05:14:18,476,11,88,382,383,779,781
2016-08-12 05:14:19,481,12,87,375,382,779,781
2016-08-12 05:14:20,485,13,88,368,380,779,781
2016-08-12 05:14:21,489,14,88,361,379,779,781
2016-08-12 05:14:22,493,15,88,355,378,779,781
2016-08-12 05:14:23,497,16,88,348,377,779,781
2016-08-12 05:14:24,502,17,87,342,376,779,781
2016-08-12 05:14:25,506,18,88,336,375,779,781
2016-08-12 05:14:26,510,19,87,331,374,779,781
2016-08-12 05:14:27,515,20,88,325,373,779,781
2016-08-12 05:14:28,519,21,88,320,372,779,781
2016-08-12 05:14:29,523,22,88,315,372,779,781
2016-08-12 05:14:30,527,23,88,311,371,779,781
2016-08-12 05:14:31,532,24,88,306,370,779,781
2016-08-12 05:14:32,536,25,87,302,370,779,781
2016-08-12 05:14:33,540,26,88,298,369,779,781
2016-08-12 05:14:34,544,27,87,294,368,779,781
2016-08-12 05:14:35,548,28,88,291,368,779,781
2016-08-12 05:14:36,553,29,88,287,367,779,781
2016-08-12 05:14:37,557,30,88,283,367,779,781
2016-08-12 05:14:38,561,31,88,280,366,779,781
2016-08-12 05:14:39,562,32,88,277,366,779,781
2016-08-12 05:14:40,564,33,88,274,365,779,781
2016-08-12 05:14:41,568,34,88,272,365,779,781
2016-08-12 05:14:42,572,35,88,269,364,779,781
2016-08-12 05:14:43,577,36,88,266,364,779,781
2016-08-12 05:14:44,581,37,88,264,363,779,781
2016-08-12 05:14:45,585,38,88,262,363,779,781
2016-08-12 05:14:46,590,39,88,260,363,779,781
2016-08-12 05:14:47,593,40,88,257,362,779,781
2016-08-12 05:14:48,598,41,88,256,362,779,781
2016-08-12 05:14:49,602,42,88,254,362,779,781
2016-08-12 05:14:50,606,43,88,252,361,779,781
2016-08-12 05:14:51,611,44,88,250,361,779,781
2016-08-12 05:14:52,616,45,88,249,361,779,781
2016-08-12 05:14:53,619,46,88,247,360,779,781
2016-08-12 05:14:54,623,47,88,246,360,779,781
2016-08-12 05:14:55,624,48,88,244,360,779,781
2016-08-12 05:14:56,626,49,88,243,360,779,781
2016-08-12 05:14:57,630,50,88,242,360,779,781
2016-08-12 05:14:58,634,51,88,241,361,779,781
2016-08-12 05:14:59,638,52,88,240,361,779,781
2016-08-12 05:15:00,643,53,88,239,361,779,781
2016-08-12 05:15:01,647,54,88,238,361,779,781
2016-08-12 05:15:02,651,55,88,237,361,779,781
2016-08-12 05:15:03,656,56,88,237,362,779,781
2016-08-12 05:15:04,660,57,88,236,362,779,781
2016-08-12 05:15:05,664,58,88,235,362,779,781
2016-08-12 05:15:06,668,59,88,235,362,779,781
2016-08-12 05:15:07,673,60,88,234,363,779,781
2016-08-12 05:15:08,677,61,88,234,363,779,781
2016-08-12 05:15:09,681,62,88,233,363,779,781
2016-08-12 05:15:10,685,63,88,233,364,779,781
2016-08-12 05:15:11,690,64,88,233,364,779,781
2016-08-12 05:15:12,693,65,88,232,364,779,781
2016-08-12 05:15:13,698,66,88,232,364,779,781
2016-08-12 05:15:14,702,67,88,232,364,779,781
2016-08-12 05:15:15,706,68,88,232,364,779,781
2016-08-12 05:15:16,711,69,88,232,365,779,781
2016-08-12 05:15:17,716,70,88,232,365,779,781
2016-08-12 05:15:18,721,71,88,232,365,779,781
2016-08-12 05:15:19,725,72,88,232,365,779,781
2016-08-12 05:15:20,727,73,88,232,365,779,781
2016-08-12 05:15:21,732,74,88,232,365,779,781
2016-08-12 05:15:22,736,75,88,232,366,779,781
2016-08-12 05:15:23,741,76,88,232,366,779,781
2016-08-12 05:15:24,744,77,88,232,367,779,781
2016-08-12 05:15:25,750,78,88,233,368,779,781
2016-08-12 05:15:26,755,79,88,233,368,779,781
2016-08-12 05:15:27,760,80,88,233,369,779,781
2016-08-12 05:15:28,762,81,88,233,369,779,781
2016-08-12 05:15:29,766,82,88,233,370,779,781
2016-08-12 05:15:30,770,83,88,234,370,779,781
2016-08-12 05:15:31,774,84,88,234,371,779,781
2016-08-12 05:15:32,779,85,88,234,371,779,781
2016-08-12 05:15:33,785,86,88,235,372,779,781
2016-08-12 05:15:34,790,87,88,235,372,779,781
2016-08-12 05:15:35,793,88,88,236,373,779,781
2016-08-12 05:15:36,795,89,88,236,374,779,781
2016-08-12 05:15:37,800,90,88,236,374,779,781
2016-08-12 05:15:38,804,91,88,237,374,779,781
2016-08-12 05:15:39,809,92,88,237,375,779,781
2016-08-12 05:15:40,814,93,88,238,376,779,781
2016-08-12 05:15:41,817,94,88,238,376,779,781
2016-08-12 05:15:42,821,95,88,239,377,779,781
2016-08-12 05:15:43,825,96,88,239,377,779,781
2016-08-12 05:15:44,829,97,88,240,378,779,781
2016-08-12 05:15:45,833,98,88,240,379,779,781
2016-08-12 05:15:46,838,99,88,241,379,779,781
2016-08-12 05:15:47,842,100,88,241,380,779,781
2016-08-12 05:15:48,846,101,88,242,380,779,781
2016-08-12 05:15:49,850,102,88,243,380,779,781
2016-08-12 05:15:50,855,103,88,243,381,779,781
2016-08-12 05:15:51,859,104,88,244,382,779,781
2016-08-12 05:15:52,864,105,88,244,382,779,781
2016-08-12 05:15:53,867,106,88,245,383,779,781
2016-08-12 05:15:54,872,107,88,246,383,779,781
2016-08-12 05:15:55,877,108,88,246,384,779,781
2016-08-12 05:15:56,880,109,88,247,384,779,781
2016-08-12 05:15:57,885,110,88,248,385,779,781
2016-08-12 05:15:58,888,111,88,248,385,779,781
2016-08-12 05:15:59,893,112,88,249,386,779,781
2016-08-12 05:16:00,897,113,88,250,387,779,781
2016-08-12 05:16:01,902,114,88,250,387,779,781
2016-08-12 05:16:02,906,115,88,251,388,779,781
2016-08-12 05:16:03,910,116,88,252,388,779,781
2016-08-12 05:16:04,914,117,88,252,389,779,781
2016-08-12 05:16:05,918,118,88,253,389,779,781
2016-08-12 05:16:06,923,119,88,254,390,779,781
2016-08-12 05:16:07,927,120,88,254,390,779,781
2016-08-12 05:16:08,932,121,88,255,391,779,781
2016-08-12 05:16:09,937,122,88,256,392,779,781
2016-08-12 05:16:10,940,123,88,257,392,779,781
2016-08-12 05:16:11,944,124,88,257,393,779,781
2016-08-12 05:16:12,948,125,88,258,393,779,781
2016-08-12 05:16:13,953,126,88,259,394,779,781
2016-08-12 05:16:14,957,127,88,260,395,779,781
2016-08-12 05:16:15,961,128,88,260,395,779,781
2016-08-12 05:16:16,966,129,88,261,395,779,781
2016-08-12 05:16:17,970,130,88,262,396,779,781
2016-08-12 05:16:18,974,131,88,263,397,779,781
2016-08-12 05:16:19,977,132,88,263,397,779,781
2016-08-12 05:16:20,982,133,88,264,397,779,781
2016-08-12 05:16:21,986,134,88,265,398,779,781
2016-08-12 05:16:22,991,135,88,266,398,779,781
2016-08-12 05:16:23,996,136,88,266,398,779,781
2016-08-12 05:16:24,999,137,88,267,399,779,781
2016-08-12 05:16:26,003,138,88,268,399,779,781
2016-08-12 05:16:27,008,139,88,269,400,779,781
2016-08-12 05:16:28,013,140,88,269,400,779,781
2016-08-12 05:16:29,017,141,88,270,401,779,781
2016-08-12 05:16:30,020,142,88,271,401,779,781
2016-08-12 05:16:31,025,143,88,272,401,779,781
2016-08-12 05:16:32,029,144,88,273,402,779,781
2016-08-12 05:16:33,033,145,88,273,402,779,781
2016-08-12 05:16:34,037,146,88,274,402,779,781
2016-08-12 05:16:35,042,147,88,275,403,779,781
2016-08-12 05:16:36,046,148,88,276,403,779,781
2016-08-12 05:16:37,050,149,88,277,403,779,781
2016-08-12 05:16:38,051,150,88,277,404,779,781
2016-08-12 05:16:39,053,151,88,278,404,779,781
2016-08-12 05:16:40,057,152,88,279,404,779,781
2016-08-12 05:16:41,062,153,88,280,405,779,781
2016-08-12 05:16:42,067,154,88,280,405,779,781
2016-08-12 05:16:43,072,155,88,281,405,779,781
2016-08-12 05:16:44,074,156,88,282,406,779,781
2016-08-12 05:16:45,078,157,88,283,406,779,781
2016-08-12 05:16:46,082,158,88,283,406,779,781
2016-08-12 05:16:47,087,159,88,284,406,779,781
2016-08-12 05:16:48,090,160,88,285,407,779,781
2016-08-12 05:16:49,095,161,88,286,407,779,781
2016-08-12 05:16:50,099,162,88,287,407,779,781
2016-08-12 05:16:51,105,163,88,287,408,779,781
2016-08-12 05:16:52,108,164,88,288,408,779,781
2016-08-12 05:16:53,112,165,88,289,408,779,781
2016-08-12 05:16:54,116,166,88,289,409,779,781
2016-08-12 05:16:55,120,167,88,290,409,779,781
2016-08-12 05:16:56,125,168,88,291,409,779,781
2016-08-12 05:16:57,129,169,88,292,410,779,781
2016-08-12 05:16:58,133,170,88,293,410,779,781
2016-08-12 05:16:59,137,171,88,293,410,779,781
2016-08-12 05:17:00,141,172,88,294,411,779,781
2016-08-12 05:17:01,146,173,88,295,411,779,781
2016-08-12 05:17:02,150,174,88,296,411,779,781
2016-08-12 05:17:03,154,175,88,296,411,779,781
2016-08-12 05:17:04,159,176,88,297,412,779,781
2016-08-12 05:17:05,163,177,88,298,412,779,781
2016-08-12 05:17:06,167,178,88,299,412,779,781
2016-08-12 05:17:07,172,179,88,299,413,779,781
2016-08-12 05:17:08,176,180,88,300,413,779,781
2016-08-12 05:17:09,179,181,88,301,413,779,781
2016-08-12 05:17:10,184,182,88,302,413,779,781
2016-08-12 05:17:11,188,183,88,302,414,779,781
2016-08-12 05:17:12,192,184,88,303,414,779,781
2016-08-12 05:17:13,197,185,88,304,414,779,781
2016-08-12 05:17:14,201,186,88,305,415,779,781
2016-08-12 05:17:15,205,187,88,305,415,779,781
2016-08-12 05:17:16,209,188,88,306,416,779,781
2016-08-12 05:17:17,214,189,88,307,416,779,781
2016-08-12 05:17:18,218,190,88,308,416,779,781
2016-08-12 05:17:19,222,191,88,308,416,779,781
2016-08-12 05:17:20,227,192,88,309,417,779,781
2016-08-12 05:17:21,231,193,88,310,417,779,781
2016-08-12 05:17:22,234,194,88,311,417,779,781
2016-08-12 05:17:23,239,195,88,311,417,779,781
2016-08-12 05:17:24,244,196,88,312,418,779,781
2016-08-12 05:17:25,248,197,88,313,418,779,781
2016-08-12 05:17:26,252,198,88,313,418,779,781
2016-08-12 05:17:27,252,199,88,314,418,779,781
2016-08-12 05:17:28,256,200,88,315,419,779,781
2016-08-12 05:17:29,258,201,88,315,419,779,781
2016-08-12 05:17:30,259,202,88,316,419,779,781
2016-08-12 05:17:31,262,203,88,317,420,779,781
2016-08-12 05:17:32,265,204,88,318,420,779,781
2016-08-12 05:17:33,270,205,88,319,420,779,781
2016-08-12 05:17:34,274,206,88,319,420,779,781
2016-08-12 05:17:35,279,207,88,320,421,779,781
2016-08-12 05:17:36,283,208,88,321,421,779,781
2016-08-12 05:17:37,286,209,88,321,421,779,781
2016-08-12 05:17:38,291,210,88,322,421,779,781
2016-08-12 05:17:39,295,211,88,323,422,779,781
2016-08-12 05:17:40,299,212,88,323,422,779,781
2016-08-12 05:17:41,304,213,88,324,422,779,781
2016-08-12 05:17:42,309,214,88,325,422,779,781
2016-08-12 05:17:43,312,215,88,326,423,779,781
2016-08-12 05:17:44,316,216,88,326,423,779,781
2016-08-12 05:17:45,321,217,88,327,423,779,781
2016-08-12 05:17:46,325,218,88,328,424,779,781
2016-08-12 05:17:47,330,219,88,328,424,779,781
2016-08-12 05:17:48,334,220,88,329,424,779,781
2016-08-12 05:17:49,337,221,88,330,424,779,781
2016-08-12 05:17:50,342,222,88,330,424,779,781
2016-08-12 05:17:51,346,223,88,331,425,779,781
2016-08-12 05:17:52,351,224,88,332,425,779,781
2016-08-12 05:17:53,351,225,88,332,425,779,781
2016-08-12 05:17:54,353,226,88,333,426,779,781
2016-08-12 05:17:55,358,227,88,334,426,779,781
2016-08-12 05:17:56,359,228,88,334,426,779,781
2016-08-12 05:17:57,361,230,88,335,426,779,781
2016-08-12 05:17:58,364,231,88,336,427,779,781
2016-08-12 05:17:59,370,232,88,336,427,779,781
2016-08-12 05:18:00,375,233,88,337,427,779,781
2016-08-12 05:18:01,377,234,88,337,427,779,781
2016-08-12 05:18:02,381,235,88,338,428,779,781
2016-08-12 05:18:03,385,236,88,339,428,779,781
2016-08-12 05:18:04,389,237,88,339,428,779,781
2016-08-12 05:18:05,394,238,88,340,428,779,781
2016-08-12 05:18:06,398,239,88,341,428,779,781
2016-08-12 05:18:07,402,240,88,342,428,779,781
2016-08-12 05:18:08,407,241,88,342,428,779,781
2016-08-12 05:18:09,411,242,88,343,428,779,781
2016-08-12 05:18:10,415,243,88,343,428,779,781
2016-08-12 05:18:11,419,244,88,344,429,779,781
2016-08-12 05:18:12,424,245,88,345,429,779,781
2016-08-12 05:18:13,428,246,88,345,429,779,781
2016-08-12 05:18:14,432,247,88,346,429,779,781
2016-08-12 05:18:15,436,248,88,346,429,779,781
2016-08-12 05:18:16,441,249,88,347,429,779,781
2016-08-12 05:18:17,444,250,88,348,429,779,781
2016-08-12 05:18:18,449,251,88,348,430,779,781
2016-08-12 05:18:19,453,252,88,349,430,779,781
2016-08-12 05:18:20,457,253,88,349,430,779,781
2016-08-12 05:18:21,461,254,88,350,430,779,781
2016-08-12 05:18:22,466,255,88,351,430,779,781
2016-08-12 05:18:23,470,256,88,351,430,779,781
2016-08-12 05:18:24,474,257,88,352,430,779,781
2016-08-12 05:18:25,479,258,88,353,431,779,781
2016-08-12 05:18:26,483,259,88,353,431,779,781
2016-08-12 05:18:27,488,260,88,354,431,779,781
2016-08-12 05:18:28,491,261,88,354,431,779,781
2016-08-12 05:18:29,497,262,88,355,431,779,781
2016-08-12 05:18:30,500,263,88,356,431,779,781
2016-08-12 05:18:31,504,264,88,356,432,779,781
2016-08-12 05:18:32,508,265,88,357,432,779,781
2016-08-12 05:18:33,512,266,88,357,432,779,781
2016-08-12 05:18:34,517,267,88,358,432,779,781
2016-08-12 05:18:35,521,268,88,359,432,779,781
2016-08-12 05:18:36,525,269,88,359,432,779,781
2016-08-12 05:18:37,529,270,88,360,433,779,781
2016-08-12 05:18:38,534,271,88,360,433,779,781
2016-08-12 05:18:39,538,272,88,361,433,779,781
2016-08-12 05:18:40,543,273,88,361,433,779,781
2016-08-12 05:18:41,547,274,88,362,433,779,781
2016-08-12 05:18:42,550,275,88,363,434,779,781
2016-08-12 05:18:43,555,276,88,363,434,779,781
2016-08-12 05:18:44,559,277,88,364,434,779,781
2016-08-12 05:18:45,563,278,88,364,434,779,781
2016-08-12 05:18:46,567,279,88,365,434,779,781
2016-08-12 05:18:47,571,280,88,365,434,779,781
2016-08-12 05:18:48,576,281,88,366,435,779,781
2016-08-12 05:18:49,580,282,88,367,435,779,781
2016-08-12 05:18:50,585,283,88,367,435,779,781
2016-08-12 05:18:51,589,284,88,368,435,779,781
2016-08-12 05:18:52,593,285,88,368,435,779,781
2016-08-12 05:18:53,597,286,88,369,435,779,781
2016-08-12 05:18:54,603,287,88,370,436,779,781
2016-08-12 05:18:55,606,288,88,370,436,779,781
2016-08-12 05:18:56,610,289,88,371,436,779,781
2016-08-12 05:18:57,611,290,88,371,436,779,781
2016-08-12 05:18:58,612,291,88,372,436,779,781
2016-08-12 05:18:59,617,292,88,372,436,779,781
2016-08-12 05:19:00,621,293,88,373,437,779,781
2016-08-12 05:19:01,625,294,88,373,437,779,781
2016-08-12 05:19:02,630,295,88,374,437,779,781
2016-08-12 05:19:03,634,296,88,374,437,779,781
2016-08-12 05:19:04,638,297,88,375,437,779,781
2016-08-12 05:19:05,642,298,88,375,438,779,781
2016-08-12 05:19:06,647,299,88,376,438,779,781
2016-08-12 05:19:07,651,300,88,377,438,779,781
2016-08-12 05:19:08,656,301,88,377,438,779,781
2016-08-12 05:19:09,659,302,88,378,439,779,781
2016-08-12 05:19:10,664,303,88,378,439,779,781
2016-08-12 05:19:11,669,304,88,379,439,779,781
2016-08-12 05:19:12,672,305,88,379,440,779,781
2016-08-12 05:19:13,676,306,88,380,440,779,781
2016-08-12 05:19:14,681,307,88,380,440,779,781
2016-08-12 05:19:15,685,308,88,381,440,779,781
2016-08-12 05:19:16,689,309,88,381,440,779,781
2016-08-12 05:19:17,693,310,88,382,441,779,781
2016-08-12 05:19:18,697,311,88,382,441,779,781
2016-08-12 05:19:19,702,312,88,383,441,779,781
2016-08-12 05:19:20,706,313,88,383,441,779,781
2016-08-12 05:19:21,710,314,88,384,442,779,781
2016-08-12 05:19:22,715,315,88,384,442,779,781
2016-08-12 05:19:23,719,316,88,385,442,779,781
2016-08-12 05:19:24,723,317,88,385,442,779,781
2016-08-12 05:19:25,727,318,88,386,443,779,781
2016-08-12 05:19:26,731,319,88,387,443,779,781
2016-08-12 05:19:27,736,320,88,387,443,779,781
2016-08-12 05:19:28,741,321,88,388,443,779,781
2016-08-12 05:19:29,746,322,88,388,443,779,781
2016-08-12 05:19:30,751,323,88,389,444,779,781
2016-08-12 05:19:31,756,324,88,389,444,779,781
2016-08-12 05:19:32,756,325,88,390,444,779,781
2016-08-12 05:19:33,761,326,88,390,444,779,781
2016-08-12 05:19:34,765,327,88,391,444,779,781
2016-08-12 05:19:35,769,328,88,391,444,779,781
2016-08-12 05:19:36,774,329,88,392,445,779,781
2016-08-12 05:19:37,778,330,88,392,445,779,781
2016-08-12 05:19:38,782,331,88,393,445,779,781
2016-08-12 05:19:39,786,332,88,394,445,779,781
2016-08-12 05:19:40,790,333,88,394,445,779,781
2016-08-12 05:19:41,795,334,88,395,445,779,781
2016-08-12 05:19:42,799,335,88,395,445,779,781
2016-08-12 05:19:43,804,336,88,396,446,779,781
2016-08-12 05:19:44,808,337,88,396,446,779,781
2016-08-12 05:19:45,812,338,88,397,446,779,781
2016-08-12 05:19:46,816,339,88,397,446,779,781
2016-08-12 05:19:47,820,340,88,397,446,779,781
2016-08-12 05:19:48,825,341,88,398,447,779,781
2016-08-12 05:19:49,828,342,88,398,447,779,781
2016-08-12 05:19:50,833,343,88,399,447,779,781
2016-08-12 05:19:51,837,344,88,400,447,779,781
2016-08-12 05:19:52,841,345,88,400,447,779,781
2016-08-12 05:19:53,846,346,88,401,448,779,781
2016-08-12 05:19:54,850,347,88,401,448,779,781
2016-08-12 05:19:55,855,348,88,402,448,779,781
2016-08-12 05:19:56,859,349,88,402,448,779,781
2016-08-12 05:19:57,862,350,88,403,448,779,781
2016-08-12 05:19:58,867,351,88,403,448,779,781
2016-08-12 05:19:59,872,352,88,404,449,779,781
2016-08-12 05:20:00,876,353,88,404,449,779,781
2016-08-12 05:20:01,879,354,88,405,449,779,781
2016-08-12 05:20:02,884,355,88,405,449,779,781
2016-08-12 05:20:03,888,356,88,406,450,779,781
2016-08-12 05:20:04,892,357,88,406,450,779,781
2016-08-12 05:20:05,897,358,88,407,450,779,781
2016-08-12 05:20:06,901,359,88,407,450,779,781
2016-08-12 05:20:07,905,360,88,408,450,779,781
2016-08-12 05:20:08,911,361,88,408,450,779,781
2016-08-12 05:20:09,914,362,88,409,450,779,781
2016-08-12 05:20:10,917,363,88,409,450,779,781
2016-08-12 05:20:11,922,364,88,410,450,779,781
2016-08-12 05:20:12,927,365,88,410,450,779,781
2016-08-12 05:20:13,931,366,88,411,450,779,781
2016-08-12 05:20:14,935,367,88,411,450,779,781
2016-08-12 05:20:15,939,368,88,412,450,779,781
2016-08-12 05:20:16,943,369,88,412,450,779,781
2016-08-12 05:20:17,948,370,88,413,451,779,781
2016-08-12 05:20:18,951,371,88,413,451,779,781
2016-08-12 05:20:19,956,372,88,414,451,779,781
2016-08-12 05:20:20,960,373,88,414,451,779,781
2016-08-12 05:20:21,965,374,88,415,451,779,781
2016-08-12 05:20:22,969,375,88,415,451,779,781
2016-08-12 05:20:23,973,376,88,416,451,779,781
2016-08-12 05:20:24,977,377,88,416,451,779,781
2016-08-12 05:20:25,981,378,88,417,451,779,781
2016-08-12 05:20:26,986,379,88,417,452,779,781
2016-08-12 05:20:27,990,380,88,417,452,779,781
2016-08-12 05:20:28,991,381,88,418,452,779,781
2016-08-12 05:20:29,992,382,88,418,453,779,781
2016-08-12 05:20:30,997,383,88,419,453,779,781
2016-08-12 05:20:32,002,384,88,419,453,779,781
2016-08-12 05:20:33,006,385,88,420,453,779,781
2016-08-12 05:20:34,009,386,88,420,453,779,781
2016-08-12 05:20:35,014,387,88,421,454,779,781
2016-08-12 05:20:36,018,388,88,421,454,779,781
2016-08-12 05:20:37,023,389,88,422,454,779,781
2016-08-12 05:20:38,027,390,88,422,455,779,781
2016-08-12 05:20:39,031,391,88,423,455,779,781
2016-08-12 05:20:40,035,392,88,423,455,779,781
2016-08-12 05:20:41,040,393,88,424,455,779,781
2016-08-12 05:20:42,044,394,88,424,455,779,781
2016-08-12 05:20:43,047,395,88,425,456,779,781
2016-08-12 05:20:44,052,396,88,425,456,779,781
2016-08-12 05:20:45,057,397,88,426,456,779,781
2016-08-12 05:20:46,061,398,88,426,456,779,781
2016-08-12 05:20:47,066,399,88,427,456,779,781
2016-08-12 05:20:48,070,400,88,427,457,779,781
2016-08-12 05:20:49,073,401,88,427,457,779,781
2016-08-12 05:20:50,077,402,88,428,457,779,781
2016-08-12 05:20:51,081,403,88,428,457,779,781
2016-08-12 05:20:52,086,404,88,429,457,779,781
2016-08-12 05:20:53,091,405,88,429,457,779,781
2016-08-12 05:20:54,094,406,88,430,458,779,781
2016-08-12 05:20:55,099,407,88,430,458,779,781
2016-08-12 05:20:56,103,408,88,431,458,779,781
2016-08-12 05:20:57,108,409,88,431,458,779,781
2016-08-12 05:20:58,111,410,88,431,459,779,781
2016-08-12 05:20:59,116,411,88,432,459,779,781
2016-08-12 05:21:00,119,412,88,432,459,779,781
2016-08-12 05:21:01,124,413,88,433,460,779,781
2016-08-12 05:21:02,128,414,88,433,460,779,781
2016-08-12 05:21:03,132,415,88,434,460,779,781
2016-08-12 05:21:04,137,416,88,434,460,779,781
2016-08-12 05:21:05,141,417,88,435,460,779,781
2016-08-12 05:21:06,145,418,88,435,460,779,781
2016-08-12 05:21:07,149,419,88,435,460,779,781
2016-08-12 05:21:08,153,420,88,436,461,779,781
2016-08-12 05:21:09,158,421,88,436,461,779,781
2016-08-12 05:21:10,162,422,88,437,461,779,781
2016-08-12 05:21:11,167,423,88,437,461,779,781
2016-08-12 05:21:12,171,424,88,438,461,779,781
2016-08-12 05:21:13,175,425,88,438,461,779,781
2016-08-12 05:21:14,179,426,88,439,461,779,781
2016-08-12 05:21:15,183,427,88,439,461,779,781
2016-08-12 05:21:16,188,428,88,440,461,779,781
2016-08-12 05:21:17,192,429,88,440,461,779,781
2016-08-12 05:21:18,196,430,88,441,462,779,781
2016-08-12 05:21:19,200,431,88,441,462,779,781
2016-08-12 05:21:20,204,432,88,441,462,779,781
2016-08-12 05:21:21,208,433,88,442,462,779,781
2016-08-12 05:21:22,213,434,88,442,462,779,781
2016-08-12 05:21:23,218,435,88,443,462,779,781
2016-08-12 05:21:24,221,436,88,443,462,779,781
2016-08-12 05:21:25,226,437,88,444,462,779,781
2016-08-12 05:21:26,230,438,88,444,462,779,781
2016-08-12 05:21:27,235,439,88,444,462,779,781
2016-08-12 05:21:28,239,440,88,445,463,779,781
2016-08-12 05:21:29,243,441,88,445,463,779,781
2016-08-12 05:21:30,247,442,88,446,463,779,781
2016-08-12 05:21:31,252,443,88,446,463,779,781
2016-08-12 05:21:32,255,444,88,447,464,779,781
2016-08-12 05:21:33,260,445,88,447,464,779,781
2016-08-12 05:21:34,265,446,88,448,464,779,781
2016-08-12 05:21:35,269,447,88,448,464,779,781
2016-08-12 05:21:36,273,448,88,449,464,779,781
2016-08-12 05:21:37,277,449,88,449,465,779,781
2016-08-12 05:21:38,281,450,88,449,465,779,781
2016-08-12 05:21:39,286,451,88,450,465,779,781
2016-08-12 05:21:40,289,452,88,450,465,779,781
2016-08-12 05:21:41,294,453,88,451,465,779,781
2016-08-12 05:21:42,298,454,88,451,466,779,781
2016-08-12 05:21:43,303,455,88,452,466,779,781
2016-08-12 05:21:44,307,456,88,452,466,779,781
2016-08-12 05:21:45,311,457,88,452,466,779,781
2016-08-12 05:21:46,314,458,88,453,467,779,781
2016-08-12 05:21:47,319,459,88,453,467,779,781
2016-08-12 05:21:48,323,460,88,454,467,779,781
2016-08-12 05:21:49,327,461,88,454,467,779,781
2016-08-12 05:21:50,331,462,88,455,468,779,781
2016-08-12 05:21:51,336,463,88,455,468,779,781
2016-08-12 05:21:52,342,464,88,456,468,779,781
2016-08-12 05:21:53,344,465,88,456,469,779,781
2016-08-12 05:21:54,348,466,88,457,469,779,781
2016-08-12 05:21:55,353,467,88,457,469,779,781
2016-08-12 05:21:56,357,468,88,457,469,779,781
2016-08-12 05:21:57,362,470,88,458,469,779,781
2016-08-12 05:21:58,367,471,88,458,469,779,781
2016-08-12 05:21:59,371,472,88,459,469,779,781
2016-08-12 05:22:00,376,473,88,459,469,779,781
2016-08-12 05:22:01,378,474,88,460,469,779,781
2016-08-12 05:22:02,382,475,88,460,469,779,781
2016-08-12 05:22:03,387,476,88,461,469,779,781
2016-08-12 05:22:04,391,477,88,461,469,779,781
2016-08-12 05:22:05,396,478,88,462,470,779,781
2016-08-12 05:22:06,399,479,88,462,470,779,781
2016-08-12 05:22:07,404,480,88,463,470,779,781
2016-08-12 05:22:08,408,481,88,463,469,779,781
2016-08-12 05:22:09,412,482,88,463,470,779,781
2016-08-12 05:22:10,416,483,88,464,470,779,781
2016-08-12 05:22:11,421,484,88,464,470,779,781
2016-08-12 05:22:12,422,485,88,465,470,779,781
2016-08-12 05:22:13,423,486,88,465,471,779,781
2016-08-12 05:22:14,427,487,88,466,471,779,781
2016-08-12 05:22:15,431,488,88,466,471,779,781
2016-08-12 05:22:16,436,489,88,466,472,779,781
2016-08-12 05:22:17,440,490,88,467,472,779,781
2016-08-12 05:22:18,445,491,88,467,472,779,781
2016-08-12 05:22:19,445,492,88,468,472,779,781
2016-08-12 05:22:20,447,493,88,468,473,779,781
2016-08-12 05:22:21,451,494,88,469,473,779,781
2016-08-12 05:22:22,455,495,88,469,473,779,781
2016-08-12 05:22:23,460,496,88,470,473,779,781
2016-08-12 05:22:24,464,497,88,470,474,779,781
2016-08-12 05:22:25,468,498,88,470,474,779,781
2016-08-12 05:22:26,472,499,88,471,474,779,781
2016-08-12 05:22:27,477,500,88,471,475,779,781
2016-08-12 05:22:28,481,501,88,472,475,779,781
2016-08-12 05:22:29,485,502,88,472,475,779,781
2016-08-12 05:22:30,490,503,88,473,475,779,781
2016-08-12 05:22:31,494,504,88,473,475,779,781
2016-08-12 05:22:32,500,505,88,474,476,779,781
2016-08-12 05:22:33,504,506,88,474,476,779,781
2016-08-12 05:22:34,509,507,88,475,476,779,781
2016-08-12 05:22:35,514,508,88,475,476,779,781
2016-08-12 05:22:36,516,509,88,476,476,779,781
2016-08-12 05:22:37,519,510,88,476,477,779,781
2016-08-12 05:22:38,523,511,88,476,477,779,781
2016-08-12 05:22:39,528,512,88,477,477,779,781
2016-08-12 05:22:40,532,513,88,477,477,779,781
2016-08-12 05:22:41,536,514,88,478,477,779,781
2016-08-12 05:22:42,540,515,88,478,478,779,781
2016-08-12 05:22:43,544,516,88,479,478,779,781
2016-08-12 05:22:44,549,517,88,479,478,779,781
2016-08-12 05:22:45,553,518,88,480,478,779,781
2016-08-12 05:22:46,557,519,88,480,479,779,781
2016-08-12 05:22:47,562,520,88,481,479,779,781
2016-08-12 05:22:48,566,521,88,481,479,779,781
2016-08-12 05:22:49,570,522,88,482,479,779,781
2016-08-12 05:22:50,574,523,88,482,479,779,781
2016-08-12 05:22:51,580,524,88,483,479,779,781
2016-08-12 05:22:52,583,525,88,483,480,779,781
2016-08-12 05:22:53,587,526,88,484,480,779,781
2016-08-12 05:22:54,591,527,88,484,480,779,781
2016-08-12 05:22:55,596,528,88,485,480,779,781
2016-08-12 05:22:56,600,529,88,485,481,779,781
2016-08-12 05:22:57,604,530,88,485,481,779,781
2016-08-12 05:22:58,608,531,88,486,481,779,781
2016-08-12 05:22:59,612,532,88,486,481,779,781
2016-08-12 05:23:00,616,533,88,487,481,779,781
2016-08-12 05:23:01,621,534,88,487,481,779,781
2016-08-12 05:23:02,625,535,88,488,481,779,781
2016-08-12 05:23:03,630,536,88,488,480,779,781
2016-08-12 05:23:04,634,537,88,488,480,779,781
2016-08-12 05:23:05,639,538,88,489,481,779,781
2016-08-12 05:23:06,643,539,88,489,481,779,781
2016-08-12 05:23:07,646,540,88,490,481,779,781
2016-08-12 05:23:08,647,541,88,490,481,779,781
2016-08-12 05:23:09,649,542,88,491,481,779,781
2016-08-12 05:23:10,654,543,88,491,481,779,781
2016-08-12 05:23:11,659,544,88,492,481,779,781
2016-08-12 05:23:12,662,545,88,492,481,779,781
2016-08-12 05:23:13,666,546,88,493,481,779,781
2016-08-12 05:23:14,670,547,88,493,481,779,781
2016-08-12 05:23:15,674,548,88,494,482,779,781
2016-08-12 05:23:16,679,549,88,494,482,779,781
2016-08-12 05:23:17,683,550,88,494,482,779,781
2016-08-12 05:23:18,687,551,88,495,483,779,781
2016-08-12 05:23:19,692,552,88,495,483,779,781
2016-08-12 05:23:20,697,553,88,496,483,779,781
2016-08-12 05:23:21,700,554,88,496,484,779,781
2016-08-12 05:23:22,704,555,88,497,484,779,781
2016-08-12 05:23:23,709,556,88,497,485,779,781
2016-08-12 05:23:24,713,557,88,498,485,779,781
2016-08-12 05:23:25,715,558,88,498,485,779,781
2016-08-12 05:23:26,720,559,88,498,485,779,781
2016-08-12 05:23:27,725,560,88,499,486,779,781
2016-08-12 05:23:28,730,561,88,499,486,779,781
2016-08-12 05:23:29,734,562,88,500,486,779,781
2016-08-12 05:23:30,738,563,88,500,486,779,781
2016-08-12 05:23:31,742,564,88,501,487,779,781
2016-08-12 05:23:32,746,565,88,501,487,779,781
2016-08-12 05:23:33,751,566,88,501,487,779,781
2016-08-12 05:23:34,755,567,88,502,488,779,781
2016-08-12 05:23:35,759,568,88,502,488,779,781
2016-08-12 05:23:36,764,569,88,503,488,779,781
2016-08-12 05:23:37,768,570,88,503,488,779,781
2016-08-12 05:23:38,772,571,88,503,489,779,781
2016-08-12 05:23:39,776,572,88,504,489,779,781
2016-08-12 05:23:40,781,573,88,504,489,779,781
2016-08-12 05:23:41,785,574,88,505,489,779,781
2016-08-12 05:23:42,789,575,88,505,490,779,781
2016-08-12 05:23:43,793,576,88,505,490,779,781
2016-08-12 05:23:44,798,577,88,506,490,779,781
2016-08-12 05:23:45,802,578,88,506,491,779,781
2016-08-12 05:23:46,806,579,88,507,491,779,781
2016-08-12 05:23:47,810,580,88,507,491,779,781
2016-08-12 05:23:48,814,581,88,507,491,779,781
2016-08-12 05:23:49,818,582,88,508,492,779,781
2016-08-12 05:23:50,823,583,88,508,492,779,781
2016-08-12 05:23:51,827,584,88,508,492,779,781
2016-08-12 05:23:52,831,585,88,508,492,779,781
2016-08-12 05:23:53,836,586,88,509,493,779,781
2016-08-12 05:23:54,840,587,88,509,493,779,781
2016-08-12 05:23:55,845,588,88,509,493,779,781
2016-08-12 05:23:56,848,589,88,510,494,779,781
2016-08-12 05:23:57,852,590,88,510,494,779,781
2016-08-12 05:23:58,857,591,88,510,494,779,781
2016-08-12 05:23:59,861,592,88,511,494,779,781
2016-08-12 05:24:00,865,593,88,511,495,779,781
2016-08-12 05:24:01,870,594,88,511,495,779,781
2016-08-12 05:24:02,875,595,88,512,495,779,781
2016-08-12 05:24:03,878,596,88,512,495,779,781
2016-08-12 05:24:04,882,597,88,512,495,779,781
2016-08-12 05:24:05,887,598,88,513,495,779,781
2016-08-12 05:24:06,891,599,88,513,495,779,781
2016-08-12 05:24:07,895,600,88,513,496,779,781
2016-08-12 05:24:08,899,601,88,514,496,779,781
2016-08-12 05:24:09,903,602,88,514,496,779,781
2016-08-12 05:24:10,907,603,88,514,496,779,781
2016-08-12 05:24:11,912,604,88,515,496,779,781
2016-08-12 05:24:12,916,605,88,515,496,779,781
2016-08-12 05:24:13,920,606,88,515,497,779,781
2016-08-12 05:24:14,925,607,88,515,497,779,781
2016-08-12 05:24:15,929,608,88,516,496,779,781
2016-08-12 05:24:16,933,609,88,516,497,779,781
2016-08-12 05:24:17,937,610,88,516,497,779,781
2016-08-12 05:24:18,943,611,88,517,497,779,781
2016-08-12 05:24:19,946,612,88,517,497,779,781
2016-08-12 05:24:20,950,613,88,517,497,779,781
2016-08-12 05:24:21,956,614,88,518,497,779,781
2016-08-12 05:24:22,960,615,88,518,497,779,781
2016-08-12 05:24:23,963,616,88,518,497,779,781
2016-08-12 05:24:24,967,617,88,519,497,779,781
2016-08-12 05:24:25,971,618,88,519,497,779,781
2016-08-12 05:24:26,975,619,88,519,497,779,781
2016-08-12 05:24:27,980,620,88,520,496,779,781
2016-08-12 05:24:28,984,621,88,520,497,779,781
2016-08-12 05:24:29,988,622,88,520,496,779,781
2016-08-12 05:24:30,993,623,88,520,496,779,781
2016-08-12 05:24:31,997,624,88,521,496,779,781
2016-08-12 05:24:33,001,625,88,521,496,779,781
2016-08-12 05:24:34,005,626,88,521,496,779,781
2016-08-12 05:24:35,009,627,88,522,496,779,781
2016-08-12 05:24:36,014,628,88,522,496,779,781
2016-08-12 05:24:37,018,629,88,522,496,779,781
2016-08-12 05:24:38,022,630,88,523,496,779,781
2016-08-12 05:24:39,026,631,88,523,495,779,781
2016-08-12 05:24:40,030,632,88,523,495,779,781
2016-08-12 05:24:41,035,633,88,524,495,779,781
2016-08-12 05:24:42,039,634,88,524,494,779,781
2016-08-12 05:24:43,043,635,88,524,494,779,781
2016-08-12 05:24:44,048,636,88,525,494,779,781
2016-08-12 05:24:45,052,637,88,525,493,779,781
2016-08-12 05:24:46,056,638,88,526,493,779,781
2016-08-12 05:24:47,061,639,88,526,493,779,781
2016-08-12 05:24:48,066,640,88,526,493,779,781
2016-08-12 05:24:49,069,641,88,526,492,779,781
2016-08-12 05:24:50,074,642,88,527,492,779,781
2016-08-12 05:24:51,078,643,88,527,492,779,781
2016-08-12 05:24:52,084,644,88,527,492,779,781
2016-08-12 05:24:53,086,645,88,528,492,779,781
2016-08-12 05:24:54,090,646,88,528,491,779,781
2016-08-12 05:24:55,094,647,88,528,491,779,781
2016-08-12 05:24:56,098,648,88,529,491,779,781
2016-08-12 05:24:57,102,649,88,529,491,779,781
2016-08-12 05:24:58,107,650,88,529,491,779,781
2016-08-12 05:24:59,111,651,88,530,491,779,781
2016-08-12 05:25:00,116,652,88,530,490,779,781
2016-08-12 05:25:01,119,653,88,530,490,779,781
2016-08-12 05:25:02,124,654,88,530,490,779,781
2016-08-12 05:25:03,128,655,88,530,490,779,781
2016-08-12 05:25:04,133,656,88,531,490,779,781
2016-08-12 05:25:05,137,657,88,531,490,779,781
2016-08-12 05:25:06,141,658,88,531,490,779,781
2016-08-12 05:25:07,145,659,88,532,490,779,781
2016-08-12 05:25:08,149,660,88,532,490,779,781
2016-08-12 05:25:09,153,661,88,533,490,779,781
2016-08-12 05:25:10,158,662,88,533,489,779,781
2016-08-12 05:25:11,162,663,88,533,489,779,781
2016-08-12 05:25:12,166,664,88,533,489,779,781
2016-08-12 05:25:13,170,665,88,534,489,779,781
2016-08-12 05:25:14,175,666,88,534,489,779,781
2016-08-12 05:25:15,179,667,88,534,489,779,781
2016-08-12 05:25:16,183,668,88,535,489,779,781
2016-08-12 05:25:17,188,669,88,535,488,779,781
2016-08-12 05:25:18,191,670,88,535,488,779,781
2016-08-12 05:25:19,196,671,88,536,488,779,781
2016-08-12 05:25:20,200,672,88,536,488,779,781
2016-08-12 05:25:21,204,673,88,536,488,779,781
2016-08-12 05:25:22,209,674,88,536,488,779,781
2016-08-12 05:25:23,213,675,88,537,488,779,781
2016-08-12 05:25:24,217,676,88,537,488,779,781
2016-08-12 05:25:25,221,677,88,537,488,779,781
2016-08-12 05:25:26,225,678,88,538,488,779,781
2016-08-12 05:25:27,230,679,88,538,487,779,781
2016-08-12 05:25:28,234,680,88,538,487,779,781
2016-08-12 05:25:29,239,681,88,539,487,779,781
2016-08-12 05:25:30,243,682,88,539,487,779,781
2016-08-12 05:25:31,246,683,88,539,486,779,781
2016-08-12 05:25:32,251,684,88,540,486,779,781
2016-08-12 05:25:33,255,685,88,540,486,779,781
2016-08-12 05:25:34,259,686,88,540,486,779,781
2016-08-12 05:25:35,263,687,88,541,486,779,781
2016-08-12 05:25:36,268,688,88,541,485,779,781
2016-08-12 05:25:37,272,689,88,541,485,779,781
2016-08-12 05:25:38,276,690,88,542,484,779,781
2016-08-12 05:25:39,281,691,88,542,484,779,781
2016-08-12 05:25:40,285,692,88,542,484,779,781
2016-08-12 05:25:41,289,693,88,542,484,779,781
2016-08-12 05:25:42,294,694,88,542,484,779,781
2016-08-12 05:25:43,298,695,88,543,484,779,781
2016-08-12 05:25:44,302,696,88,543,483,779,781
2016-08-12 05:25:45,306,697,88,544,483,779,781
2016-08-12 05:25:46,311,698,88,544,483,779,781
2016-08-12 05:25:47,315,699,88,544,483,779,781
2016-08-12 05:25:48,319,700,88,544,483,779,781
2016-08-12 05:25:49,323,701,88,545,483,779,781
2016-08-12 05:25:50,327,702,88,545,483,779,781
2016-08-12 05:25:51,332,703,88,545,483,779,781
2016-08-12 05:25:52,336,704,88,546,483,779,781
2016-08-12 05:25:53,340,705,88,546,483,779,781
2016-08-12 05:25:54,344,706,88,546,483,779,781
2016-08-12 05:25:55,348,707,88,546,483,779,781
2016-08-12 05:25:56,353,708,88,547,483,779,781
2016-08-12 05:25:57,357,709,88,547,483,779,781
2016-08-12 05:25:58,361,711,88,547,483,779,781
2016-08-12 05:25:59,366,712,88,547,483,779,781
2016-08-12 05:26:00,370,713,88,548,482,779,781
2016-08-12 05:26:01,374,714,88,548,482,779,781
2016-08-12 05:26:02,378,715,88,548,482,779,781
2016-08-12 05:26:03,383,716,88,549,482,779,781
2016-08-12 05:26:04,386,717,88,549,482,779,781
2016-08-12 05:26:05,391,718,88,549,482,779,781
2016-08-12 05:26:06,395,719,88,550,482,779,781
2016-08-12 05:26:07,399,720,88,550,482,779,781
2016-08-12 05:26:08,404,721,88,550,482,779,781
2016-08-12 05:26:09,408,722,88,550,482,779,781
2016-08-12 05:26:10,412,723,88,551,482,779,781
2016-08-12 05:26:11,416,724,88,551,482,779,781
2016-08-12 05:26:12,421,725,88,551,482,779,781
2016-08-12 05:26:13,425,726,88,551,482,779,781
2016-08-12 05:26:14,429,727,88,552,482,779,781
2016-08-12 05:26:15,433,728,88,552,482,779,781
2016-08-12 05:26:16,438,729,88,552,482,779,781
2016-08-12 05:26:17,442,730,88,553,482,779,781
2016-08-12 05:26:18,446,731,88,553,482,779,781
2016-08-12 05:26:19,450,732,88,553,481,779,781
2016-08-12 05:26:20,454,733,88,553,481,779,781
2016-08-12 05:26:21,458,734,88,554,481,779,781
2016-08-12 05:26:22,463,735,88,554,481,779,781
2016-08-12 05:26:23,467,736,88,554,481,779,781
2016-08-12 05:26:24,468,737,88,554,481,779,781
2016-08-12 05:26:25,470,738,88,555,481,779,781
2016-08-12 05:26:26,474,739,88,555,481,779,781
2016-08-12 05:26:27,478,740,88,555,481,779,781
2016-08-12 05:26:28,483,741,88,555,481,779,781
2016-08-12 05:26:29,487,742,88,556,481,779,781
2016-08-12 05:26:30,491,743,88,556,481,779,781
2016-08-12 05:26:31,496,744,88,556,481,779,781
2016-08-12 05:26:32,500,745,88,556,481,779,781
2016-08-12 05:26:33,504,746,88,557,480,779,781
2016-08-12 05:26:34,508,747,88,557,480,779,781
2016-08-12 05:26:35,513,748,88,557,480,779,781
2016-08-12 05:26:36,517,749,88,557,480,779,781
2016-08-12 05:26:37,521,750,88,558,480,779,781
2016-08-12 05:26:38,525,751,88,558,480,779,781
2016-08-12 05:26:39,529,752,88,558,480,779,781
2016-08-12 05:26:40,533,753,88,558,480,779,781
2016-08-12 05:26:41,537,754,88,559,479,779,781
2016-08-12 05:26:42,542,755,88,559,479,779,781
2016-08-12 05:26:43,546,756,88,559,479,779,781
2016-08-12 05:26:44,550,757,88,559,479,779,781
2016-08-12 05:26:45,555,758,88,560,478,779,781
2016-08-12 05:26:46,559,759,88,560,478,779,781
2016-08-12 05:26:47,563,760,88,560,478,779,781
2016-08-12 05:26:48,567,761,88,560,478,779,781
2016-08-12 05:26:49,571,762,88,560,477,779,781
2016-08-12 05:26:50,576,763,88,561,477,779,781
2016-08-12 05:26:51,580,764,88,561,477,779,781
2016-08-12 05:26:52,584,765,88,561,477,779,781
2016-08-12 05:26:53,589,766,88,561,477,779,781
2016-08-12 05:26:54,592,767,88,562,476,779,781
2016-08-12 05:26:55,597,768,88,562,476,779,781
2016-08-12 05:26:56,601,769,88,562,475,779,781
2016-08-12 05:26:57,605,770,88,562,475,779,781
2016-08-12 05:26:58,610,771,88,562,475,779,781
2016-08-12 05:26:59,614,772,88,562,474,779,781
2016-08-12 05:27:00,618,773,88,563,474,779,781
2016-08-12 05:27:01,623,774,88,563,474,779,781
2016-08-12 05:27:02,627,775,88,563,473,779,781
2016-08-12 05:27:03,631,776,88,563,473,779,781
2016-08-12 05:27:04,636,777,88,564,473,779,781
2016-08-12 05:27:05,639,778,88,564,472,779,781
2016-08-12 05:27:06,643,779,88,564,472,779,781
2016-08-12 05:27:07,648,780,88,564,472,779,781
2016-08-12 05:27:08,652,781,88,564,472,779,781
2016-08-12 05:27:09,656,782,88,564,472,779,781
2016-08-12 05:27:10,660,783,88,564,472,779,781
2016-08-12 05:27:11,665,784,88,565,471,779,781
2016-08-12 05:27:12,669,785,88,565,471,779,781
2016-08-12 05:27:13,673,786,88,565,471,779,781
2016-08-12 05:27:14,678,787,88,565,470,779,781
2016-08-12 05:27:15,681,788,88,565,470,779,781
2016-08-12 05:27:16,686,789,88,565,470,779,781
2016-08-12 05:27:17,690,790,88,565,470,779,781
2016-08-12 05:27:18,694,791,88,566,470,779,781
2016-08-12 05:27:19,699,792,88,566,470,779,781
2016-08-12 05:27:20,703,793,88,566,470,779,781
2016-08-12 05:27:21,708,794,88,566,469,779,781
2016-08-12 05:27:22,711,795,88,566,469,779,781
2016-08-12 05:27:23,716,796,88,566,469,779,781
2016-08-12 05:27:24,720,797,88,566,469,779,781
2016-08-12 05:27:25,724,798,88,566,469,779,781
2016-08-12 05:27:26,729,799,88,567,469,779,781
2016-08-12 05:27:27,734,800,88,567,469,779,781
2016-08-12 05:27:28,737,801,88,567,469,779,781
2016-08-12 05:27:29,741,802,88,567,469,779,781
2016-08-12 05:27:30,745,803,88,567,468,779,781
2016-08-12 05:27:31,750,804,88,567,468,779,781
2016-08-12 05:27:32,754,805,88,567,468,779,781
2016-08-12 05:27:33,758,806,88,567,468,779,781
2016-08-12 05:27:34,766,807,88,567,468,779,781
2016-08-12 05:27:35,768,808,88,567,468,779,781
2016-08-12 05:27:36,770,809,88,566,468,779,781
2016-08-12 05:27:37,775,810,88,564,468,779,781
2016-08-12 05:27:38,780,811,88,562,467,779,781
2016-08-12 05:27:39,783,812,88,560,467,779,781
2016-08-12 05:27:40,789,813,88,558,466,779,781
2016-08-12 05:27:41,792,814,88,556,465,779,781
2016-08-12 05:27:42,797,815,88,554,464,779,781
2016-08-12 05:27:43,800,816,88,553,463,779,781
2016-08-12 05:27:44,805,817,88,552,463,779,781
2016-08-12 05:27:45,809,818,88,551,462,779,781
2016-08-12 05:27:46,814,819,88,549,462,779,781
2016-08-12 05:27:47,819,820,88,548,461,779,781
2016-08-12 05:27:48,822,821,88,545,460,779,781
2016-08-12 05:27:49,826,822,88,540,458,779,781
2016-08-12 05:27:50,830,823,88,536,456,779,781
2016-08-12 05:27:51,834,824,88,532,455,779,781
2016-08-12 05:27:52,839,825,88,529,453,779,781
2016-08-12 05:27:53,839,826,88,527,451,779,781
2016-08-12 05:27:54,841,827,88,524,448,779,781
2016-08-12 05:27:55,845,828,88,520,447,779,781
2016-08-12 05:27:56,850,829,88,516,445,779,781
2016-08-12 05:27:57,854,830,88,513,443,779,781
2016-08-12 05:27:58,858,831,88,510,441,779,781
2016-08-12 05:27:59,862,832,88,506,440,779,781
2016-08-12 05:28:00,866,833,88,504,438,779,781
2016-08-12 05:28:01,871,834,88,501,437,779,781
2016-08-12 05:28:02,875,835,88,499,436,779,781
2016-08-12 05:28:03,879,836,88,496,434,779,781
2016-08-12 05:28:04,884,837,88,493,433,779,781
2016-08-12 05:28:05,888,838,88,490,432,779,781
2016-08-12 05:28:06,892,839,88,487,431,779,781
2016-08-12 05:28:07,896,840,88,484,430,779,781
2016-08-12 05:28:08,900,841,88,482,429,779,781
2016-08-12 05:28:09,905,842,88,479,428,779,781
2016-08-12 05:28:10,909,843,88,477,427,779,781
2016-08-12 05:28:11,913,844,88,475,426,779,781
2016-08-12 05:28:12,918,845,88,473,425,779,781
2016-08-12 05:28:13,923,846,88,472,424,779,781
2016-08-12 05:28:14,926,847,88,469,423,779,781
2016-08-12 05:28:15,930,848,88,467,423,779,781
2016-08-12 05:28:16,934,849,88,465,422,779,781
2016-08-12 05:28:17,939,850,88,463,422,779,781
2016-08-12 05:28:18,943,851,88,460,421,779,781
2016-08-12 05:28:19,947,852,88,457,420,779,781
2016-08-12 05:28:20,951,853,88,456,419,779,781
2016-08-12 05:28:21,956,854,88,454,418,779,781
2016-08-12 05:28:22,961,855,88,453,418,779,781
2016-08-12 05:28:23,965,856,88,451,418,779,781
2016-08-12 05:28:24,970,857,88,448,417,779,781
2016-08-12 05:28:25,973,858,88,446,416,779,781
2016-08-12 05:28:26,977,859,88,445,415,779,781
2016-08-12 05:28:27,982,860,88,444,415,779,781
2016-08-12 05:28:28,984,861,88,442,414,779,781
2016-08-12 05:28:29,986,862,88,439,414,779,781
2016-08-12 05:28:30,990,863,88,436,414,779,781
2016-08-12 05:28:31,995,864,88,435,413,779,781
2016-08-12 05:28:33,001,865,88,434,413,779,781
2016-08-12 05:28:34,002,866,88,433,413,779,781
2016-08-12 05:28:35,005,867,88,432,413,779,781
2016-08-12 05:28:36,009,868,88,431,412,779,781
2016-08-12 05:28:37,013,869,88,429,412,779,781
2016-08-12 05:28:38,018,870,88,428,411,779,781
2016-08-12 05:28:39,022,871,88,426,411,779,781
2016-08-12 05:28:40,026,872,88,425,411,779,781
2016-08-12 05:28:41,032,873,88,424,410,779,781
2016-08-12 05:28:42,037,874,88,426,411,779,781
2016-08-12 05:28:43,039,875,88,429,412,779,781
2016-08-12 05:28:44,043,876,88,432,414,779,781
2016-08-12 05:28:45,047,877,88,435,415,779,781
2016-08-12 05:28:46,048,878,88,437,417,779,781
2016-08-12 05:28:47,050,879,88,440,418,779,781
