2018-08-12 21:38:25,504,coffee,datetime,ms,seconds,ambient_temp,thermocouple_0_temp,thermocouple_1_temp,thermocouple_2_temp,thermocouple_3_temp
2018-08-12 21:38:27,559,2,88,516,444,777,779
2018-08-12 21:38:28,560,3,88,510,439,777,779
2018-08-12 21:38:29,566,4,88,502,433,777,780
2018-08-12 21:38:30,571,5,88,492,428,777,780
2018-08-12 21:38:31,574,6,88,480,422,777,780
2018-08-12 21:38:32,578,7,88,470,416,777,779
2018-08-12 21:38:33,581,8,88,459,410,777,779
2018-08-12 21:38:34,584,9,88,449,405,777,779
2018-08-12 21:38:35,587,10,88,440,401,777,779
2018-08-12 21:38:36,589,11,88,430,399,777,779
2018-08-12 21:38:37,589,12,88,421,398,777,780
2018-08-12 21:38:38,592,13,88,412,396,777,779
2018-08-12 21:38:39,595,14,88,404,394,777,779
2018-08-12 21:38:40,597,15,88,396,393,777,779
2018-08-12 21:38:41,598,16,88,389,392,777,779
2018-08-12 21:38:42,601,17,88,382,390,777,779
2018-08-12 21:38:43,607,18,88,375,389,777,779
2018-08-12 21:38:44,609,19,88,368,388,777,779
2018-08-12 21:38:45,610,20,88,361,386,777,779
2018-08-12 21:38:46,616,21,88,355,385,777,779
2018-08-12 21:38:47,622,22,88,349,384,777,779
2018-08-12 21:38:48,626,23,88,343,383,777,779
2018-08-12 21:38:49,630,24,88,338,382,777,779
2018-08-12 21:38:50,633,25,88,333,381,777,780
2018-08-12 21:38:51,638,26,88,328,381,777,779
2018-08-12 21:38:52,639,27,88,324,380,777,779
2018-08-12 21:38:53,641,28,88,319,379,777,779
2018-08-12 21:38:54,646,29,88,314,379,777,780
2018-08-12 21:38:55,648,30,88,310,378,777,779
2018-08-12 21:38:56,649,31,88,306,377,777,780
2018-08-12 21:38:57,652,32,88,302,377,777,779
2018-08-12 21:38:58,653,33,88,299,376,777,780
2018-08-12 21:38:59,654,34,88,295,376,777,780
2018-08-12 21:39:00,655,35,88,292,375,777,779
2018-08-12 21:39:01,656,36,88,289,375,777,780
2018-08-12 21:39:02,657,37,88,285,374,777,780
2018-08-12 21:39:03,657,38,88,282,374,777,779
2018-08-12 21:39:04,659,39,88,279,373,777,779
2018-08-12 21:39:05,660,40,88,276,373,777,779
2018-08-12 21:39:06,661,41,88,273,372,777,779
2018-08-12 21:39:07,666,42,88,271,372,777,779
2018-08-12 21:39:08,672,43,88,269,372,777,779
2018-08-12 21:39:09,674,44,88,266,371,777,780
2018-08-12 21:39:10,678,45,88,264,371,777,779
2018-08-12 21:39:11,681,46,88,263,371,777,780
2018-08-12 21:39:12,682,47,88,261,371,777,780
2018-08-12 21:39:13,687,48,88,259,370,777,780
2018-08-12 21:39:14,688,49,88,257,370,777,780
2018-08-12 21:39:15,689,50,88,255,370,777,779
2018-08-12 21:39:16,692,51,88,253,370,777,779
2018-08-12 21:39:17,698,52,88,252,370,777,779
2018-08-12 21:39:18,702,53,88,251,370,777,779
2018-08-12 21:39:19,704,54,88,249,369,777,779
2018-08-12 21:39:20,708,55,88,248,369,777,780
2018-08-12 21:39:21,712,56,88,247,369,777,779
2018-08-12 21:39:22,718,57,88,246,369,777,779
2018-08-12 21:39:23,721,58,88,245,369,777,779
2018-08-12 21:39:24,725,59,88,244,369,777,780
2018-08-12 21:39:25,731,60,88,243,369,777,779
2018-08-12 21:39:26,737,61,88,243,369,777,779
2018-08-12 21:39:27,740,62,88,242,369,777,780
2018-08-12 21:39:28,743,63,88,241,369,777,779
2018-08-12 21:39:29,746,64,88,240,369,777,780
2018-08-12 21:39:30,752,65,88,240,369,777,780
2018-08-12 21:39:31,757,66,88,239,368,777,780
2018-08-12 21:39:32,762,67,88,239,368,777,779
2018-08-12 21:39:33,765,68,88,238,368,777,780
2018-08-12 21:39:34,766,69,88,238,368,777,780
2018-08-12 21:39:35,770,70,88,237,368,777,779
2018-08-12 21:39:36,774,71,88,237,368,777,779
2018-08-12 21:39:37,775,72,88,237,368,777,779
2018-08-12 21:39:38,776,73,88,236,368,777,779
2018-08-12 21:39:39,778,74,88,236,368,777,779
2018-08-12 21:39:40,783,75,88,236,368,777,779
2018-08-12 21:39:41,789,76,88,236,368,777,779
2018-08-12 21:39:42,793,77,88,236,368,777,780
2018-08-12 21:39:43,796,78,88,236,368,777,779
2018-08-12 21:39:44,800,79,88,236,368,777,779
2018-08-12 21:39:45,800,80,88,235,368,777,779
2018-08-12 21:39:46,805,81,88,236,368,777,780
2018-08-12 21:39:47,808,82,88,235,368,777,779
2018-08-12 21:39:48,810,83,88,235,368,777,779
2018-08-12 21:39:49,815,84,88,235,369,777,779
2018-08-12 21:39:50,817,85,88,236,370,777,779
2018-08-12 21:39:51,820,86,88,236,371,777,780
2018-08-12 21:39:52,823,87,88,236,372,777,779
2018-08-12 21:39:53,826,88,88,236,373,777,779
2018-08-12 21:39:54,830,89,88,236,374,777,779
2018-08-12 21:39:55,832,90,88,237,375,777,779
2018-08-12 21:39:56,836,91,88,237,376,777,779
2018-08-12 21:39:57,837,92,88,237,377,777,780
2018-08-12 21:39:58,842,93,88,238,378,777,779
2018-08-12 21:39:59,844,94,88,238,378,777,779
2018-08-12 21:40:00,848,95,88,238,379,777,780
2018-08-12 21:40:01,851,96,88,239,380,777,779
2018-08-12 21:40:02,852,97,88,239,381,777,780
2018-08-12 21:40:03,857,98,88,240,381,777,780
2018-08-12 21:40:04,860,99,88,240,382,777,779
2018-08-12 21:40:05,863,100,88,240,383,777,780
2018-08-12 21:40:06,866,101,88,241,384,777,779
2018-08-12 21:40:07,869,102,88,241,385,777,780
2018-08-12 21:40:08,872,103,88,242,385,777,779
2018-08-12 21:40:09,876,104,88,242,386,777,779
2018-08-12 21:40:10,882,105,88,243,387,777,779
2018-08-12 21:40:11,888,106,88,243,387,777,780
2018-08-12 21:40:12,893,107,88,244,388,777,780
2018-08-12 21:40:13,895,108,88,244,389,777,779
2018-08-12 21:40:14,897,109,88,245,389,777,779
2018-08-12 21:40:15,900,110,88,246,390,777,779
2018-08-12 21:40:16,904,111,88,246,391,777,779
2018-08-12 21:40:17,906,112,88,247,391,777,780
2018-08-12 21:40:18,907,113,88,247,392,777,779
2018-08-12 21:40:19,911,114,88,248,393,777,780
2018-08-12 21:40:20,916,115,88,248,393,777,779
2018-08-12 21:40:21,923,116,88,249,394,777,780
2018-08-12 21:40:22,927,117,88,250,395,777,779
2018-08-12 21:40:23,932,118,88,250,395,777,779
2018-08-12 21:40:24,933,119,88,251,396,777,780
2018-08-12 21:40:25,934,120,88,252,396,777,780
2018-08-12 21:40:26,940,121,88,252,396,777,779
2018-08-12 21:40:27,944,122,88,253,397,777,779
2018-08-12 21:40:28,950,123,88,253,398,777,780
2018-08-12 21:40:29,954,124,88,254,398,777,779
2018-08-12 21:40:30,956,125,88,255,399,777,779
2018-08-12 21:40:31,960,126,88,255,399,777,779
2018-08-12 21:40:32,963,127,88,256,400,777,780
2018-08-12 21:40:33,966,128,88,257,400,777,779
2018-08-12 21:40:34,969,129,88,257,401,777,779
2018-08-12 21:40:35,971,130,88,258,401,777,779
2018-08-12 21:40:36,973,131,88,259,401,777,779
2018-08-12 21:40:37,978,132,88,260,402,777,779
2018-08-12 21:40:38,981,133,88,260,402,777,780
2018-08-12 21:40:39,982,134,88,261,403,777,779
2018-08-12 21:40:40,987,135,88,262,403,777,779
2018-08-12 21:40:41,990,136,88,262,403,777,779
2018-08-12 21:40:42,996,137,88,263,404,777,779
2018-08-12 21:40:43,997,138,88,264,405,777,779
2018-08-12 21:40:44,999,139,88,265,405,777,779
2018-08-12 21:40:46,002,140,88,265,405,777,779
2018-08-12 21:40:47,006,141,88,266,406,777,779
2018-08-12 21:40:48,007,142,88,267,406,777,779
2018-08-12 21:40:49,012,143,88,268,407,777,779
2018-08-12 21:40:50,015,144,89,268,407,777,780
2018-08-12 21:40:51,018,145,88,269,408,777,779
2018-08-12 21:40:52,021,146,88,270,408,777,779
2018-08-12 21:40:53,024,147,88,271,409,777,779
2018-08-12 21:40:54,028,148,88,271,409,777,779
2018-08-12 21:40:55,031,149,88,272,409,777,779
2018-08-12 21:40:56,033,150,88,273,410,777,779
2018-08-12 21:40:57,035,151,88,274,410,777,779
2018-08-12 21:40:58,036,152,88,274,410,777,779
2018-08-12 21:40:59,041,153,88,275,411,777,779
2018-08-12 21:41:00,045,154,88,276,411,777,779
2018-08-12 21:41:01,047,155,89,277,411,777,779
2018-08-12 21:41:02,050,156,88,277,411,777,779
2018-08-12 21:41:03,055,157,88,278,412,777,779
2018-08-12 21:41:04,058,158,88,279,412,777,779
2018-08-12 21:41:05,059,159,88,280,412,777,779
2018-08-12 21:41:06,064,160,89,281,413,777,780
2018-08-12 21:41:07,067,161,89,281,413,777,779
2018-08-12 21:41:08,070,162,88,282,413,777,779
2018-08-12 21:41:09,073,163,88,283,413,777,779
2018-08-12 21:41:10,075,164,88,284,414,777,779
2018-08-12 21:41:11,076,165,89,284,414,777,780
2018-08-12 21:41:12,080,166,88,285,414,777,779
2018-08-12 21:41:13,083,167,88,286,415,777,779
2018-08-12 21:41:14,085,168,88,287,415,777,779
2018-08-12 21:41:15,086,169,88,288,415,777,779
2018-08-12 21:41:16,092,170,88,288,416,777,779
2018-08-12 21:41:17,094,171,88,289,416,777,779
2018-08-12 21:41:18,100,172,89,290,417,777,780
2018-08-12 21:41:19,101,173,89,291,417,777,779
2018-08-12 21:41:20,107,174,88,292,417,777,779
2018-08-12 21:41:21,110,175,89,292,418,777,779
2018-08-12 21:41:22,113,176,88,293,418,777,779
2018-08-12 21:41:23,114,177,89,294,418,777,780
2018-08-12 21:41:24,115,178,88,295,419,777,779
2018-08-12 21:41:25,122,179,88,296,419,777,779
2018-08-12 21:41:26,125,180,89,296,419,777,779
2018-08-12 21:41:27,128,181,89,297,420,777,779
2018-08-12 21:41:28,131,182,88,298,420,777,779
2018-08-12 21:41:29,134,183,89,299,420,777,779
2018-08-12 21:41:30,137,184,89,299,421,777,779
2018-08-12 21:41:31,140,185,89,300,421,777,779
2018-08-12 21:41:32,144,186,89,301,421,777,779
2018-08-12 21:41:33,147,187,88,302,421,777,779
2018-08-12 21:41:34,150,188,89,303,422,777,779
2018-08-12 21:41:35,153,189,89,303,422,777,779
2018-08-12 21:41:36,155,190,88,304,422,777,779
2018-08-12 21:41:37,155,191,88,305,422,777,779
2018-08-12 21:41:38,157,192,89,306,423,777,779
2018-08-12 21:41:39,161,193,89,306,423,777,779
2018-08-12 21:41:40,163,194,89,307,423,777,779
2018-08-12 21:41:41,164,195,89,308,424,777,779
2018-08-12 21:41:42,167,196,89,309,424,777,779
2018-08-12 21:41:43,173,197,88,309,424,777,779
2018-08-12 21:41:44,178,198,88,310,424,777,779
2018-08-12 21:41:45,184,199,89,311,425,777,779
2018-08-12 21:41:46,186,200,89,312,425,777,779
2018-08-12 21:41:47,190,201,89,312,425,777,779
2018-08-12 21:41:48,193,202,88,313,426,777,779
2018-08-12 21:41:49,196,203,89,314,426,777,779
2018-08-12 21:41:50,198,204,89,315,426,777,779
2018-08-12 21:41:51,201,205,89,316,427,777,779
2018-08-12 21:41:52,201,206,88,316,427,777,779
2018-08-12 21:41:53,206,207,89,317,427,777,780
2018-08-12 21:41:54,211,208,89,318,427,777,779
2018-08-12 21:41:55,213,209,89,319,428,777,779
2018-08-12 21:41:56,217,210,89,319,428,777,779
2018-08-12 21:41:57,220,211,89,320,428,777,779
2018-08-12 21:41:58,221,212,88,321,428,777,779
2018-08-12 21:41:59,225,213,88,322,428,777,779
2018-08-12 21:42:00,228,214,89,322,429,777,779
2018-08-12 21:42:01,233,215,89,323,429,777,779
2018-08-12 21:42:02,236,216,89,324,429,777,779
2018-08-12 21:42:03,237,217,89,325,429,777,779
2018-08-12 21:42:04,242,218,88,326,430,777,779
2018-08-12 21:42:05,244,219,89,326,430,777,779
2018-08-12 21:42:06,248,220,89,327,430,777,779
2018-08-12 21:42:07,251,221,89,328,431,777,779
2018-08-12 21:42:08,254,222,89,329,431,777,779
2018-08-12 21:42:09,257,223,89,329,431,777,779
2018-08-12 21:42:10,260,224,89,330,431,777,779
2018-08-12 21:42:11,263,225,89,331,432,777,779
2018-08-12 21:42:12,265,226,89,331,432,777,779
2018-08-12 21:42:13,268,227,89,332,432,777,779
2018-08-12 21:42:14,272,228,89,333,432,777,779
2018-08-12 21:42:15,275,229,89,333,433,777,779
2018-08-12 21:42:16,279,230,89,334,433,777,779
2018-08-12 21:42:17,282,231,89,335,433,777,779
2018-08-12 21:42:18,283,232,89,336,433,777,779
2018-08-12 21:42:19,288,233,89,337,434,777,779
2018-08-12 21:42:20,291,234,88,337,434,777,779
2018-08-12 21:42:21,294,235,89,338,434,777,779
2018-08-12 21:42:22,299,236,89,339,435,777,780
2018-08-12 21:42:23,301,237,89,340,435,777,779
2018-08-12 21:42:24,303,238,89,340,435,777,779
2018-08-12 21:42:25,306,239,89,341,435,777,779
2018-08-12 21:42:26,307,240,89,342,435,777,779
2018-08-12 21:42:27,313,241,89,342,436,777,779
2018-08-12 21:42:28,316,242,89,343,436,777,779
2018-08-12 21:42:29,317,243,89,344,436,777,779
2018-08-12 21:42:30,320,244,89,345,436,777,779
2018-08-12 21:42:31,320,245,89,345,437,777,779
2018-08-12 21:42:32,321,246,89,346,437,777,780
2018-08-12 21:42:33,326,247,89,347,437,777,779
2018-08-12 21:42:34,328,248,89,347,437,777,779
2018-08-12 21:42:35,332,249,89,348,437,777,779
2018-08-12 21:42:36,333,250,89,349,437,777,779
2018-08-12 21:42:37,339,251,89,349,438,777,779
2018-08-12 21:42:38,340,252,89,350,438,777,780
2018-08-12 21:42:39,346,253,89,351,438,777,779
2018-08-12 21:42:40,352,254,89,351,438,777,779
2018-08-12 21:42:41,353,255,89,352,438,777,779
2018-08-12 21:42:42,358,256,89,353,438,777,780
2018-08-12 21:42:43,361,257,89,353,438,777,779
2018-08-12 21:42:44,362,258,88,354,438,777,779
2018-08-12 21:42:45,362,259,89,355,438,777,779
2018-08-12 21:42:46,363,260,89,355,438,777,779
2018-08-12 21:42:47,365,261,89,356,439,777,780
2018-08-12 21:42:48,371,262,89,357,439,777,779
2018-08-12 21:42:49,372,263,89,357,439,777,779
2018-08-12 21:42:50,374,264,89,358,439,777,779
2018-08-12 21:42:51,375,265,89,359,439,777,779
2018-08-12 21:42:52,377,266,89,359,439,777,779
2018-08-12 21:42:53,378,267,89,360,439,777,779
2018-08-12 21:42:54,379,268,89,361,440,777,780
2018-08-12 21:42:55,382,269,89,361,440,777,779
2018-08-12 21:42:56,385,270,89,362,440,777,779
2018-08-12 21:42:57,390,271,88,362,440,777,779
2018-08-12 21:42:58,393,272,89,363,440,777,779
2018-08-12 21:42:59,397,273,89,364,441,777,779
2018-08-12 21:43:00,402,274,89,364,441,777,779
2018-08-12 21:43:01,406,275,89,365,441,777,779
2018-08-12 21:43:02,410,276,89,366,441,777,779
2018-08-12 21:43:03,414,277,89,366,442,777,780
2018-08-12 21:43:04,418,278,89,367,442,777,780
2018-08-12 21:43:05,423,279,89,368,442,777,779
2018-08-12 21:43:06,428,280,89,368,442,777,779
2018-08-12 21:43:07,431,281,89,369,442,777,780
2018-08-12 21:43:08,432,282,89,370,442,777,779
2018-08-12 21:43:09,435,283,89,370,443,777,779
2018-08-12 21:43:10,438,284,89,371,443,777,779
2018-08-12 21:43:11,443,285,89,372,443,777,779
2018-08-12 21:43:12,447,286,89,372,443,777,779
2018-08-12 21:43:13,451,287,89,373,443,777,780
2018-08-12 21:43:14,455,288,89,374,443,777,779
2018-08-12 21:43:15,460,289,89,374,444,777,779
2018-08-12 21:43:16,464,290,89,375,444,777,779
2018-08-12 21:43:17,468,291,89,375,444,777,780
2018-08-12 21:43:18,472,292,89,376,444,777,779
2018-08-12 21:43:19,476,293,89,377,445,777,779
2018-08-12 21:43:20,481,294,89,377,445,777,779
2018-08-12 21:43:21,485,295,89,378,445,777,779
2018-08-12 21:43:22,487,296,89,379,445,777,779
2018-08-12 21:43:23,488,297,89,379,445,777,779
2018-08-12 21:43:24,489,298,89,380,446,777,779
2018-08-12 21:43:25,492,299,89,381,446,777,779
2018-08-12 21:43:26,497,300,89,381,446,777,779
2018-08-12 21:43:27,500,301,89,382,446,777,779
2018-08-12 21:43:28,505,303,89,383,447,777,780
2018-08-12 21:43:29,510,304,89,383,447,777,779
2018-08-12 21:43:30,513,305,89,384,447,777,779
2018-08-12 21:43:31,518,306,89,384,447,777,779
2018-08-12 21:43:32,524,307,89,385,447,777,779
2018-08-12 21:43:33,530,308,89,386,448,777,779
2018-08-12 21:43:34,531,309,89,386,448,777,779
2018-08-12 21:43:35,533,310,89,387,448,777,779
2018-08-12 21:43:36,539,311,89,387,448,777,779
2018-08-12 21:43:37,540,312,89,388,448,777,779
2018-08-12 21:43:38,540,313,89,389,448,777,779
2018-08-12 21:43:39,546,314,89,389,449,777,779
2018-08-12 21:43:40,549,315,89,390,449,777,779
2018-08-12 21:43:41,551,316,89,390,449,777,779
2018-08-12 21:43:42,555,317,89,391,449,777,779
2018-08-12 21:43:43,556,318,89,392,450,777,779
2018-08-12 21:43:44,562,319,89,392,450,777,779
2018-08-12 21:43:45,564,320,89,393,450,777,779
2018-08-12 21:43:46,565,321,89,393,450,777,779
2018-08-12 21:43:47,567,322,89,394,450,777,779
2018-08-12 21:43:48,573,323,89,395,451,777,779
2018-08-12 21:43:49,577,324,89,395,451,777,779
2018-08-12 21:43:50,582,325,89,396,451,777,779
2018-08-12 21:43:51,587,326,89,397,451,777,779
2018-08-12 21:43:52,590,327,89,397,452,777,779
2018-08-12 21:43:53,593,328,89,398,452,777,779
2018-08-12 21:43:54,598,329,89,399,452,777,779
2018-08-12 21:43:55,604,330,89,399,452,777,779
2018-08-12 21:43:56,609,331,89,400,453,777,779
2018-08-12 21:43:57,613,332,89,400,453,777,779
2018-08-12 21:43:58,618,333,89,401,453,777,779
2018-08-12 21:43:59,618,334,89,401,453,777,779
2018-08-12 21:44:00,624,335,89,402,454,777,780
2018-08-12 21:44:01,630,336,89,403,454,777,779
2018-08-12 21:44:02,633,337,89,403,454,777,779
2018-08-12 21:44:03,639,338,89,404,454,777,779
2018-08-12 21:44:04,643,339,89,405,455,777,779
2018-08-12 21:44:05,648,340,89,405,455,777,780
2018-08-12 21:44:06,653,341,89,406,455,777,780
2018-08-12 21:44:07,658,342,89,406,455,777,779
2018-08-12 21:44:08,663,343,89,407,455,777,779
2018-08-12 21:44:09,668,344,89,407,456,777,779
2018-08-12 21:44:10,673,345,89,408,456,777,779
2018-08-12 21:44:11,678,346,89,409,456,777,779
2018-08-12 21:44:12,683,347,89,409,456,777,780
2018-08-12 21:44:13,688,348,89,410,456,777,779
2018-08-12 21:44:14,691,349,89,410,457,777,779
2018-08-12 21:44:15,694,350,89,411,457,777,779
2018-08-12 21:44:16,697,351,89,412,457,777,779
2018-08-12 21:44:17,703,352,89,412,458,777,779
2018-08-12 21:44:18,705,353,89,413,458,777,779
2018-08-12 21:44:19,708,354,89,413,458,777,779
2018-08-12 21:44:20,713,355,89,414,458,777,779
2018-08-12 21:44:21,718,356,89,414,459,777,779
2018-08-12 21:44:22,722,357,89,415,459,777,779
2018-08-12 21:44:23,727,358,89,416,459,777,779
2018-08-12 21:44:24,731,359,89,416,459,777,779
2018-08-12 21:44:25,737,360,89,417,459,777,779
2018-08-12 21:44:26,742,361,89,418,459,777,779
2018-08-12 21:44:27,747,362,89,418,460,777,779
2018-08-12 21:44:28,750,363,89,419,460,777,779
2018-08-12 21:44:29,755,364,89,419,460,777,779
2018-08-12 21:44:30,759,365,89,420,461,777,779
2018-08-12 21:44:31,763,366,89,420,461,777,779
2018-08-12 21:44:32,768,367,89,421,461,777,779
2018-08-12 21:44:33,769,368,89,422,461,777,779
2018-08-12 21:44:34,775,369,89,422,461,777,779
2018-08-12 21:44:35,780,370,89,423,462,777,779
2018-08-12 21:44:36,784,371,89,423,462,777,779
2018-08-12 21:44:37,789,372,89,424,462,777,779
2018-08-12 21:44:38,794,373,89,424,462,777,779
2018-08-12 21:44:39,799,374,89,425,463,777,779
2018-08-12 21:44:40,804,375,89,425,463,777,780
2018-08-12 21:44:41,809,376,89,426,463,777,780
2018-08-12 21:44:42,815,377,89,427,463,777,779
2018-08-12 21:44:43,820,378,89,427,464,777,780
2018-08-12 21:44:44,824,379,89,428,464,777,780
2018-08-12 21:44:45,829,380,89,428,464,777,779
2018-08-12 21:44:46,834,381,89,429,464,777,779
2018-08-12 21:44:47,839,382,89,429,464,777,779
2018-08-12 21:44:48,844,383,89,430,465,777,779
2018-08-12 21:44:49,848,384,89,430,465,777,779
2018-08-12 21:44:50,851,385,89,431,465,777,779
2018-08-12 21:44:51,854,386,89,432,465,777,779
2018-08-12 21:44:52,859,387,89,432,466,777,779
2018-08-12 21:44:53,864,388,89,433,466,777,779
2018-08-12 21:44:54,870,389,89,433,466,777,780
2018-08-12 21:44:55,871,390,89,434,466,777,780
2018-08-12 21:44:56,877,391,89,435,467,777,780
2018-08-12 21:44:57,880,392,89,435,467,777,779
2018-08-12 21:44:58,881,393,89,436,467,777,779
2018-08-12 21:44:59,884,394,89,436,467,777,779
2018-08-12 21:45:00,890,395,89,437,468,777,780
2018-08-12 21:45:01,895,396,89,437,468,777,779
2018-08-12 21:45:02,901,397,89,438,468,777,779
2018-08-12 21:45:03,904,398,89,439,468,777,780
2018-08-12 21:45:04,909,399,89,439,468,777,780
2018-08-12 21:45:05,911,400,89,439,469,777,779
2018-08-12 21:45:06,911,401,89,440,469,777,779
2018-08-12 21:45:07,917,402,89,440,469,777,779
2018-08-12 21:45:08,919,403,89,441,469,777,779
2018-08-12 21:45:09,920,404,89,442,470,777,780
2018-08-12 21:45:10,926,405,89,442,470,777,779
2018-08-12 21:45:11,927,406,89,443,471,777,779
2018-08-12 21:45:12,929,407,89,443,472,777,779
2018-08-12 21:45:13,934,408,89,444,472,777,779
2018-08-12 21:45:14,940,409,89,445,473,777,779
2018-08-12 21:45:15,945,410,89,445,474,777,779
2018-08-12 21:45:16,948,411,89,446,474,777,779
2018-08-12 21:45:17,949,412,89,446,475,777,780
2018-08-12 21:45:18,954,413,89,447,475,777,779
2018-08-12 21:45:19,955,414,89,447,476,777,780
2018-08-12 21:45:20,956,415,89,448,477,777,780
2018-08-12 21:45:21,961,416,89,449,478,777,779
2018-08-12 21:45:22,966,417,89,449,478,777,780
2018-08-12 21:45:23,968,418,89,450,478,777,779
2018-08-12 21:45:24,974,419,89,450,479,777,779
2018-08-12 21:45:25,978,420,89,451,479,777,779
2018-08-12 21:45:26,984,421,89,451,480,777,779
2018-08-12 21:45:27,988,422,89,452,480,777,779
2018-08-12 21:45:28,990,423,89,453,480,777,779
2018-08-12 21:45:29,994,424,89,453,480,777,779
2018-08-12 21:45:30,999,425,89,454,481,777,779
2018-08-12 21:45:32,000,426,89,454,481,777,779
2018-08-12 21:45:33,004,427,89,455,481,777,779
2018-08-12 21:45:34,008,428,89,455,482,777,779
2018-08-12 21:45:35,009,429,89,456,482,777,779
2018-08-12 21:45:36,015,430,89,456,482,777,779
2018-08-12 21:45:37,022,431,89,457,482,777,779
2018-08-12 21:45:38,023,432,89,457,483,777,779
2018-08-12 21:45:39,025,433,89,458,483,777,779
2018-08-12 21:45:40,029,434,89,459,483,777,779
2018-08-12 21:45:41,032,435,89,459,483,777,779
2018-08-12 21:45:42,036,436,89,460,483,777,779
2018-08-12 21:45:43,039,437,89,460,484,777,779
2018-08-12 21:45:44,043,438,89,461,484,777,779
2018-08-12 21:45:45,048,439,89,461,484,777,779
2018-08-12 21:45:46,051,440,89,462,484,777,779
2018-08-12 21:45:47,055,441,89,463,484,777,780
2018-08-12 21:45:48,056,442,89,463,485,777,779
2018-08-12 21:45:49,059,443,89,464,485,777,779
2018-08-12 21:45:50,065,444,89,464,485,777,779
2018-08-12 21:45:51,068,445,89,465,485,777,779
2018-08-12 21:45:52,071,446,89,465,485,777,779
2018-08-12 21:45:53,073,447,89,466,485,777,779
2018-08-12 21:45:54,077,448,89,466,485,777,779
2018-08-12 21:45:55,079,449,89,467,486,777,779
2018-08-12 21:45:56,084,450,89,467,486,777,779
2018-08-12 21:45:57,085,451,89,468,486,777,779
2018-08-12 21:45:58,089,452,89,468,486,777,779
2018-08-12 21:45:59,094,453,89,469,486,777,779
2018-08-12 21:46:00,095,454,89,469,486,777,779
2018-08-12 21:46:01,099,455,89,470,486,777,779
2018-08-12 21:46:02,105,456,89,470,487,777,779
2018-08-12 21:46:03,112,457,89,471,487,777,779
2018-08-12 21:46:04,114,458,89,471,487,777,779
2018-08-12 21:46:05,116,459,89,472,487,777,779
2018-08-12 21:46:06,119,460,89,472,487,777,779
2018-08-12 21:46:07,126,461,89,473,487,777,779
2018-08-12 21:46:08,129,462,89,473,487,777,779
2018-08-12 21:46:09,133,463,89,474,487,777,779
2018-08-12 21:46:10,137,464,89,474,488,777,779
2018-08-12 21:46:11,141,465,89,475,488,777,779
2018-08-12 21:46:12,142,466,89,475,488,777,779
2018-08-12 21:46:13,147,467,89,476,488,777,779
2018-08-12 21:46:14,148,468,89,476,488,777,779
2018-08-12 21:46:15,149,469,89,477,488,777,779
2018-08-12 21:46:16,155,470,89,477,488,777,779
2018-08-12 21:46:17,162,471,89,478,488,777,779
2018-08-12 21:46:18,165,472,89,478,488,777,779
2018-08-12 21:46:19,167,473,89,479,489,777,779
2018-08-12 21:46:20,169,474,89,479,489,777,779
2018-08-12 21:46:21,175,475,89,480,489,777,779
2018-08-12 21:46:22,180,476,89,480,489,777,779
2018-08-12 21:46:23,185,477,89,481,489,777,779
2018-08-12 21:46:24,188,478,89,481,490,777,779
2018-08-12 21:46:25,190,479,89,482,490,777,779
2018-08-12 21:46:26,194,480,89,482,490,777,779
2018-08-12 21:46:27,199,481,89,483,490,777,779
2018-08-12 21:46:28,205,482,89,483,490,777,779
2018-08-12 21:46:29,210,483,89,484,490,777,779
2018-08-12 21:46:30,216,484,89,484,490,777,779
2018-08-12 21:46:31,221,485,89,485,490,777,779
2018-08-12 21:46:32,223,486,89,485,490,777,779
2018-08-12 21:46:33,228,487,89,486,490,777,779
2018-08-12 21:46:34,229,488,89,486,490,777,779
2018-08-12 21:46:35,232,489,89,487,491,777,779
2018-08-12 21:46:36,235,490,89,487,491,777,779
2018-08-12 21:46:37,239,491,89,487,491,777,779
2018-08-12 21:46:38,240,492,89,488,491,777,779
2018-08-12 21:46:39,241,493,89,488,491,777,779
2018-08-12 21:46:40,247,494,89,489,491,777,779
2018-08-12 21:46:41,249,495,89,489,492,777,779
2018-08-12 21:46:42,253,496,89,490,492,777,779
2018-08-12 21:46:43,256,497,89,490,492,777,779
2018-08-12 21:46:44,258,498,89,490,493,777,779
2018-08-12 21:46:45,261,499,89,491,493,777,779
2018-08-12 21:46:46,264,500,89,491,493,777,779
2018-08-12 21:46:47,268,501,89,492,494,777,779
2018-08-12 21:46:48,270,502,89,492,494,777,779
2018-08-12 21:46:49,272,503,89,492,494,777,779
2018-08-12 21:46:50,275,504,89,492,494,777,779
2018-08-12 21:46:51,280,505,89,493,495,777,779
2018-08-12 21:46:52,283,506,89,493,495,777,779
2018-08-12 21:46:53,285,507,89,493,495,777,779
2018-08-12 21:46:54,289,508,89,494,496,777,779
2018-08-12 21:46:55,292,509,89,494,496,777,779
2018-08-12 21:46:56,295,510,89,494,496,777,779
2018-08-12 21:46:57,298,511,89,495,497,777,779
2018-08-12 21:46:58,300,512,89,495,497,777,779
2018-08-12 21:46:59,304,513,89,495,497,777,779
2018-08-12 21:47:00,306,514,89,496,497,777,779
2018-08-12 21:47:01,312,515,89,496,498,777,779
2018-08-12 21:47:02,312,516,89,496,498,777,779
2018-08-12 21:47:03,313,517,89,496,498,777,779
2018-08-12 21:47:04,314,518,89,497,498,777,779
2018-08-12 21:47:05,319,519,89,497,498,777,779
2018-08-12 21:47:06,325,520,89,497,498,777,779
2018-08-12 21:47:07,329,521,89,498,497,777,779
2018-08-12 21:47:08,332,522,89,498,496,777,780
2018-08-12 21:47:09,333,523,89,498,495,777,779
2018-08-12 21:47:10,338,524,89,498,493,777,779
2018-08-12 21:47:11,344,525,89,499,492,777,779
2018-08-12 21:47:12,345,526,89,499,491,777,779
2018-08-12 21:47:13,347,527,89,499,490,777,779
2018-08-12 21:47:14,350,528,89,499,489,777,779
2018-08-12 21:47:15,353,529,89,499,488,777,779
2018-08-12 21:47:16,356,530,89,500,487,777,779
2018-08-12 21:47:17,357,531,89,500,486,777,779
2018-08-12 21:47:18,358,532,89,500,485,777,779
2018-08-12 21:47:19,364,533,89,500,485,777,779
2018-08-12 21:47:20,368,534,89,500,484,777,779
2018-08-12 21:47:21,371,535,89,501,483,777,779
2018-08-12 21:47:22,374,536,89,501,482,777,779
2018-08-12 21:47:23,378,537,89,501,482,777,779
2018-08-12 21:47:24,379,538,89,501,481,777,779
2018-08-12 21:47:25,379,539,89,501,480,777,780
2018-08-12 21:47:26,383,540,89,501,479,777,779
2018-08-12 21:47:27,388,541,89,501,478,777,779
2018-08-12 21:47:28,389,542,89,502,478,777,779
2018-08-12 21:47:29,394,543,89,502,477,777,779
2018-08-12 21:47:30,398,544,89,502,476,777,779
2018-08-12 21:47:31,402,545,89,502,476,777,779
2018-08-12 21:47:32,404,546,89,502,475,777,779
2018-08-12 21:47:33,410,547,89,502,474,777,779
2018-08-12 21:47:34,411,548,89,502,474,777,779
2018-08-12 21:47:35,414,549,89,502,473,777,779
2018-08-12 21:47:36,417,550,89,503,473,777,779
2018-08-12 21:47:37,418,551,89,503,472,777,779
2018-08-12 21:47:38,419,552,89,503,472,777,779
2018-08-12 21:47:39,426,553,89,503,472,777,779
2018-08-12 21:47:40,428,554,89,503,471,777,779
2018-08-12 21:47:41,432,555,89,503,471,777,779
2018-08-12 21:47:42,438,556,89,503,470,777,779
2018-08-12 21:47:43,440,557,89,504,470,777,779
2018-08-12 21:47:44,445,558,89,504,469,777,779
2018-08-12 21:47:45,445,559,89,504,469,777,779
2018-08-12 21:47:46,446,560,89,504,469,777,779
2018-08-12 21:47:47,448,561,89,504,468,777,779
2018-08-12 21:47:48,449,562,89,504,468,777,780
2018-08-12 21:47:49,453,563,89,504,467,777,779
2018-08-12 21:47:50,456,564,89,504,467,777,779
2018-08-12 21:47:51,462,565,89,504,467,777,779
2018-08-12 21:47:52,465,566,89,504,467,777,779
2018-08-12 21:47:53,469,567,89,504,466,777,779
2018-08-12 21:47:54,472,568,89,504,466,777,779
2018-08-12 21:47:55,476,569,89,504,466,777,779
2018-08-12 21:47:56,478,570,89,505,466,777,780
2018-08-12 21:47:57,480,571,89,505,465,777,779
2018-08-12 21:47:58,485,572,89,505,465,777,779
2018-08-12 21:47:59,488,573,89,505,465,777,779
2018-08-12 21:48:00,491,574,89,505,464,777,779
2018-08-12 21:48:01,493,575,89,505,464,777,779
2018-08-12 21:48:02,497,576,89,505,463,777,779
2018-08-12 21:48:03,500,577,89,505,463,777,779
2018-08-12 21:48:04,501,578,89,505,463,777,779
2018-08-12 21:48:05,502,579,89,505,463,777,779
2018-08-12 21:48:06,504,581,89,505,463,777,779
2018-08-12 21:48:07,505,582,89,506,462,777,779
2018-08-12 21:48:08,511,583,89,506,462,777,779
2018-08-12 21:48:09,517,584,89,506,462,777,779
2018-08-12 21:48:10,521,585,89,506,462,777,779
2018-08-12 21:48:11,525,586,89,506,461,777,779
2018-08-12 21:48:12,528,587,89,506,461,777,779
2018-08-12 21:48:13,530,588,89,506,461,777,779
2018-08-12 21:48:14,534,589,89,506,461,777,779
2018-08-12 21:48:15,535,590,89,506,461,777,779
2018-08-12 21:48:16,537,591,89,507,461,777,779
2018-08-12 21:48:17,543,592,89,507,461,777,779
2018-08-12 21:48:18,544,593,89,507,460,777,779
2018-08-12 21:48:19,549,594,89,507,460,777,779
2018-08-12 21:48:20,550,595,89,507,459,777,780
2018-08-12 21:48:21,550,596,89,507,459,777,779
2018-08-12 21:48:22,552,597,89,507,459,777,779
2018-08-12 21:48:23,558,598,89,507,459,777,779
2018-08-12 21:48:24,561,599,89,507,458,777,779
2018-08-12 21:48:25,567,600,89,507,458,777,779
2018-08-12 21:48:26,571,601,89,507,458,777,779
2018-08-12 21:48:27,576,602,89,507,457,777,779
2018-08-12 21:48:28,583,603,89,507,457,777,779
2018-08-12 21:48:29,588,604,89,507,457,777,779
2018-08-12 21:48:30,594,605,89,507,457,777,779
2018-08-12 21:48:31,600,606,89,507,456,777,779
2018-08-12 21:48:32,604,607,89,508,456,777,779
2018-08-12 21:48:33,609,608,89,508,456,777,779
2018-08-12 21:48:34,612,609,89,508,456,777,779
2018-08-12 21:48:35,615,610,89,508,455,777,779
2018-08-12 21:48:36,616,611,89,508,455,777,779
2018-08-12 21:48:37,617,612,89,508,455,777,779
2018-08-12 21:48:38,621,613,89,508,455,777,779
2018-08-12 21:48:39,628,614,89,508,454,777,779
2018-08-12 21:48:40,633,615,89,508,454,777,779
2018-08-12 21:48:41,637,616,89,509,454,777,779
2018-08-12 21:48:42,643,617,89,509,454,777,779
2018-08-12 21:48:43,647,618,89,509,454,777,779
2018-08-12 21:48:44,653,619,89,509,454,777,779
2018-08-12 21:48:45,654,620,89,509,454,777,779
2018-08-12 21:48:46,658,621,89,509,453,777,779
2018-08-12 21:48:47,664,622,89,509,453,777,779
2018-08-12 21:48:48,670,623,89,509,453,777,779
2018-08-12 21:48:49,674,624,89,509,453,777,779
2018-08-12 21:48:50,676,625,89,509,452,777,779
2018-08-12 21:48:51,680,626,89,509,452,777,779
2018-08-12 21:48:52,683,627,89,509,451,777,779
2018-08-12 21:48:53,684,628,89,509,451,777,779
2018-08-12 21:48:54,690,629,89,509,450,777,779
2018-08-12 21:48:55,695,630,89,509,450,777,779
2018-08-12 21:48:56,701,631,89,509,450,777,779
2018-08-12 21:48:57,703,632,89,510,449,777,779
2018-08-12 21:48:58,707,633,89,510,449,777,779
2018-08-12 21:48:59,711,634,89,509,449,777,779
2018-08-12 21:49:00,716,635,89,509,449,777,779
2018-08-12 21:49:01,721,636,89,508,449,777,779
2018-08-12 21:49:02,726,637,89,506,448,777,779
2018-08-12 21:49:03,731,638,89,503,446,777,779
2018-08-12 21:49:04,736,639,89,499,445,777,779
2018-08-12 21:49:05,737,640,89,495,443,777,779
2018-08-12 21:49:06,743,641,89,491,441,777,779
2018-08-12 21:49:07,745,642,89,487,439,777,779
2018-08-12 21:49:08,748,643,89,483,437,777,779
2018-08-12 21:49:09,752,644,89,479,435,777,779
2018-08-12 21:49:10,758,645,89,476,433,777,779
2018-08-12 21:49:11,762,646,89,472,431,777,779
