2016-08-18 20:26:31,951,coffee,datetime,ms,seconds,ambient_temp,thermocouple_0_temp,thermocouple_1_temp,thermocouple_2_temp,thermocouple_3_temp
2016-08-18 20:26:34,019,2,88,495,398,779,780
2016-08-18 20:26:35,022,3,88,485,392,778,780
2016-08-18 20:26:36,024,4,88,474,386,778,780
2016-08-18 20:26:37,028,5,88,461,380,778,780
2016-08-18 20:26:38,029,6,88,450,375,778,780
2016-08-18 20:26:39,033,7,88,439,371,778,780
2016-08-18 20:26:40,038,8,88,429,368,779,780
2016-08-18 20:26:41,040,9,88,419,366,779,780
2016-08-18 20:26:42,046,10,88,410,364,778,780
2016-08-18 20:26:43,051,11,88,400,362,779,780
2016-08-18 20:26:44,054,12,88,391,360,778,780
2016-08-18 20:26:45,057,13,88,383,358,778,780
2016-08-18 20:26:46,062,14,88,374,356,778,780
2016-08-18 20:26:47,066,15,88,366,354,778,780
2016-08-18 20:26:48,071,16,88,359,353,778,780
2016-08-18 20:26:49,076,17,88,351,352,779,780
2016-08-18 20:26:50,082,18,88,345,350,778,780
2016-08-18 20:26:51,085,19,88,338,349,778,780
2016-08-18 20:26:52,090,20,88,332,347,778,780
2016-08-18 20:26:53,093,21,88,326,346,778,780
2016-08-18 20:26:54,097,22,88,320,345,778,780
2016-08-18 20:26:55,102,23,88,315,344,778,780
2016-08-18 20:26:56,107,24,88,310,343,778,780
2016-08-18 20:26:57,110,25,88,305,342,778,780
2016-08-18 20:26:58,113,26,88,300,341,778,780
2016-08-18 20:26:59,117,27,88,295,340,778,780
2016-08-18 20:27:00,122,28,88,290,339,778,780
2016-08-18 20:27:01,127,29,88,286,338,778,780
2016-08-18 20:27:02,130,30,88,282,337,778,780
2016-08-18 20:27:03,135,31,88,279,337,779,780
2016-08-18 20:27:04,139,32,88,275,336,778,780
2016-08-18 20:27:05,144,33,88,271,336,778,780
2016-08-18 20:27:06,148,34,88,268,335,778,780
2016-08-18 20:27:07,152,35,88,265,335,778,780
2016-08-18 20:27:08,157,36,88,262,335,778,780
2016-08-18 20:27:09,160,37,88,259,335,778,780
2016-08-18 20:27:10,166,38,89,256,335,778,780
2016-08-18 20:27:11,168,39,88,253,335,778,780
2016-08-18 20:27:12,173,40,88,251,335,778,780
2016-08-18 20:27:13,178,41,88,248,335,778,780
2016-08-18 20:27:14,182,42,88,246,335,778,780
2016-08-18 20:27:15,185,43,88,244,335,778,780
2016-08-18 20:27:16,190,44,88,242,335,778,780
2016-08-18 20:27:17,193,45,88,240,335,778,780
2016-08-18 20:27:18,198,46,88,238,335,778,780
2016-08-18 20:27:19,202,47,88,237,335,778,780
2016-08-18 20:27:20,207,48,88,235,335,778,780
2016-08-18 20:27:21,209,49,88,233,335,778,780
2016-08-18 20:27:22,211,50,88,232,335,778,780
2016-08-18 20:27:23,213,51,89,231,335,778,780
2016-08-18 20:27:24,219,52,88,229,335,778,780
2016-08-18 20:27:25,222,53,89,228,336,778,780
2016-08-18 20:27:26,226,54,89,227,336,778,780
2016-08-18 20:27:27,231,55,88,226,336,778,780
2016-08-18 20:27:28,233,56,89,225,336,778,780
2016-08-18 20:27:29,235,57,88,224,337,778,780
2016-08-18 20:27:30,237,58,89,223,337,778,780
2016-08-18 20:27:31,242,59,89,222,337,778,780
2016-08-18 20:27:32,246,60,89,221,337,778,780
2016-08-18 20:27:33,248,61,89,221,338,778,780
2016-08-18 20:27:34,250,62,88,220,338,778,780
2016-08-18 20:27:35,253,63,89,220,338,778,780
2016-08-18 20:27:36,254,64,89,219,338,778,780
2016-08-18 20:27:37,260,65,89,219,338,778,780
2016-08-18 20:27:38,264,66,89,218,338,778,780
2016-08-18 20:27:39,267,67,89,218,339,778,780
2016-08-18 20:27:40,268,68,89,217,339,778,780
2016-08-18 20:27:41,274,69,89,217,339,778,780
2016-08-18 20:27:42,277,70,89,217,339,778,780
2016-08-18 20:27:43,279,71,89,217,340,778,780
2016-08-18 20:27:44,282,72,89,217,340,778,780
2016-08-18 20:27:45,287,73,89,217,340,778,780
2016-08-18 20:27:46,289,74,89,216,340,778,780
2016-08-18 20:27:47,292,75,89,217,341,778,780
2016-08-18 20:27:48,293,76,89,216,341,778,780
2016-08-18 20:27:49,297,77,89,216,341,778,780
2016-08-18 20:27:50,299,78,89,216,341,778,780
2016-08-18 20:27:51,301,79,89,216,342,778,780
2016-08-18 20:27:52,301,80,89,217,342,778,780
2016-08-18 20:27:53,306,81,89,217,342,778,780
2016-08-18 20:27:54,308,82,89,217,342,778,780
2016-08-18 20:27:55,310,83,89,217,343,778,780
2016-08-18 20:27:56,313,84,89,218,343,778,780
2016-08-18 20:27:57,314,85,89,218,343,778,780
2016-08-18 20:27:58,317,86,89,218,343,778,780
2016-08-18 20:27:59,320,87,89,218,343,778,780
2016-08-18 20:28:00,322,88,89,219,344,778,780
2016-08-18 20:28:01,325,89,89,219,344,778,780
2016-08-18 20:28:02,327,90,89,219,344,778,780
2016-08-18 20:28:03,330,91,89,219,344,778,780
2016-08-18 20:28:04,335,92,89,220,345,778,780
2016-08-18 20:28:05,339,93,89,220,345,778,780
2016-08-18 20:28:06,344,94,89,221,346,778,780
2016-08-18 20:28:07,344,95,89,221,346,778,780
2016-08-18 20:28:08,348,96,89,222,347,778,780
2016-08-18 20:28:09,353,97,89,222,348,778,780
2016-08-18 20:28:10,354,98,89,223,349,778,780
2016-08-18 20:28:11,359,99,89,223,349,778,780
2016-08-18 20:28:12,361,100,89,224,350,778,780
2016-08-18 20:28:13,362,101,89,224,350,778,780
2016-08-18 20:28:14,366,102,89,225,351,778,780
2016-08-18 20:28:15,370,103,89,225,351,778,780
2016-08-18 20:28:16,375,104,89,226,352,778,780
2016-08-18 20:28:17,376,105,89,226,352,778,780
2016-08-18 20:28:18,379,106,89,227,353,778,780
2016-08-18 20:28:19,382,107,89,227,353,778,780
2016-08-18 20:28:20,382,108,89,228,353,778,780
2016-08-18 20:28:21,385,109,89,228,354,778,780
2016-08-18 20:28:22,388,110,89,229,354,778,780
2016-08-18 20:28:23,394,111,89,229,355,778,780
2016-08-18 20:28:24,397,112,89,230,355,778,780
2016-08-18 20:28:25,398,113,89,231,356,778,780
2016-08-18 20:28:26,399,114,89,231,356,778,780
2016-08-18 20:28:27,403,115,89,232,356,778,780
2016-08-18 20:28:28,407,116,89,233,357,778,780
2016-08-18 20:28:29,412,117,89,233,357,778,780
2016-08-18 20:28:30,413,118,89,234,357,778,780
2016-08-18 20:28:31,413,119,89,235,358,778,780
2016-08-18 20:28:32,419,120,89,235,358,778,780
2016-08-18 20:28:33,423,121,89,236,359,778,780
2016-08-18 20:28:34,428,122,89,236,359,778,780
2016-08-18 20:28:35,428,123,89,237,359,778,780
2016-08-18 20:28:36,433,124,89,238,359,778,780
2016-08-18 20:28:37,434,125,89,239,360,778,780
2016-08-18 20:28:38,436,126,89,239,360,778,780
2016-08-18 20:28:39,437,127,89,240,361,778,780
2016-08-18 20:28:40,441,128,89,241,361,778,780
2016-08-18 20:28:41,444,129,89,241,361,778,780
2016-08-18 20:28:42,450,130,89,242,361,778,780
2016-08-18 20:28:43,455,131,89,243,362,778,780
2016-08-18 20:28:44,458,132,89,243,362,778,780
2016-08-18 20:28:45,462,133,89,244,362,778,780
2016-08-18 20:28:46,467,134,89,245,362,778,780
2016-08-18 20:28:47,470,135,89,246,363,778,780
2016-08-18 20:28:48,475,136,89,246,363,778,780
2016-08-18 20:28:49,479,137,89,247,363,778,780
2016-08-18 20:28:50,483,138,89,248,364,778,780
2016-08-18 20:28:51,488,139,89,248,364,778,780
2016-08-18 20:28:52,492,140,89,249,365,778,780
2016-08-18 20:28:53,494,141,89,250,365,778,780
2016-08-18 20:28:54,496,142,89,250,365,778,780
2016-08-18 20:28:55,502,143,89,251,366,778,780
2016-08-18 20:28:56,507,144,89,252,366,778,780
2016-08-18 20:28:57,511,145,89,252,366,778,780
2016-08-18 20:28:58,512,146,89,253,367,778,780
2016-08-18 20:28:59,516,147,89,254,367,778,780
2016-08-18 20:29:00,521,148,89,255,367,778,780
2016-08-18 20:29:01,524,149,89,255,368,778,780
2016-08-18 20:29:02,530,150,89,256,368,778,780
2016-08-18 20:29:03,533,151,89,257,368,778,780
2016-08-18 20:29:04,537,152,89,258,369,778,780
2016-08-18 20:29:05,541,153,89,258,369,778,780
2016-08-18 20:29:06,542,154,89,259,369,778,780
2016-08-18 20:29:07,545,155,89,260,369,778,780
2016-08-18 20:29:08,548,156,89,260,370,778,780
2016-08-18 20:29:09,550,157,89,261,370,778,780
2016-08-18 20:29:10,555,158,89,262,371,778,780
2016-08-18 20:29:11,556,159,89,262,371,778,780
2016-08-18 20:29:12,561,160,89,263,371,778,780
2016-08-18 20:29:13,564,161,89,264,371,778,780
2016-08-18 20:29:14,565,162,89,265,372,778,780
2016-08-18 20:29:15,570,163,89,265,372,778,780
2016-08-18 20:29:16,574,164,89,266,372,778,780
2016-08-18 20:29:17,574,165,89,267,373,778,780
2016-08-18 20:29:18,579,166,89,267,373,778,780
2016-08-18 20:29:19,582,167,89,268,373,778,780
2016-08-18 20:29:20,587,168,89,269,373,778,780
2016-08-18 20:29:21,589,169,89,270,374,778,780
2016-08-18 20:29:22,592,170,89,270,374,778,780
2016-08-18 20:29:23,594,171,89,271,374,778,780
2016-08-18 20:29:24,596,172,89,272,374,778,780
2016-08-18 20:29:25,601,173,89,273,375,778,780
2016-08-18 20:29:26,606,174,89,273,375,778,780
2016-08-18 20:29:27,611,175,89,274,375,778,780
2016-08-18 20:29:28,615,176,89,274,375,778,780
2016-08-18 20:29:29,620,177,89,275,376,778,780
2016-08-18 20:29:30,622,178,89,276,376,778,780
2016-08-18 20:29:31,623,179,89,277,376,778,780
2016-08-18 20:29:32,627,180,89,277,376,778,780
2016-08-18 20:29:33,630,181,89,278,377,778,780
2016-08-18 20:29:34,635,182,89,279,377,778,780
2016-08-18 20:29:35,638,183,89,279,377,778,780
2016-08-18 20:29:36,645,184,89,280,377,778,780
2016-08-18 20:29:37,650,185,89,281,378,778,780
2016-08-18 20:29:38,652,186,89,281,378,778,780
2016-08-18 20:29:39,655,187,89,282,378,778,780
2016-08-18 20:29:40,661,188,89,283,378,778,780
2016-08-18 20:29:41,664,189,89,284,379,778,780
2016-08-18 20:29:42,669,190,89,284,379,778,780
2016-08-18 20:29:43,672,191,89,285,379,778,780
2016-08-18 20:29:44,677,192,89,286,379,778,780
2016-08-18 20:29:45,679,193,89,286,380,778,780
2016-08-18 20:29:46,682,194,89,287,380,778,780
2016-08-18 20:29:47,684,195,89,288,380,778,780
2016-08-18 20:29:48,687,196,89,288,380,778,780
2016-08-18 20:29:49,693,197,89,289,381,778,780
2016-08-18 20:29:50,694,198,89,289,381,778,780
2016-08-18 20:29:51,697,199,89,290,381,778,780
2016-08-18 20:29:52,700,200,89,291,381,778,780
2016-08-18 20:29:53,705,201,89,291,382,778,780
2016-08-18 20:29:54,708,202,89,292,382,778,780
2016-08-18 20:29:55,710,203,89,293,382,778,780
2016-08-18 20:29:56,711,204,89,293,382,778,780
2016-08-18 20:29:57,715,205,89,294,383,778,780
2016-08-18 20:29:58,720,206,89,295,383,778,780
2016-08-18 20:29:59,724,207,89,295,383,778,780
2016-08-18 20:30:00,725,208,89,296,383,778,780
2016-08-18 20:30:01,730,209,89,297,384,778,780
2016-08-18 20:30:02,733,210,89,297,384,778,780
2016-08-18 20:30:03,735,211,89,298,384,778,780
2016-08-18 20:30:04,739,212,89,298,384,778,780
2016-08-18 20:30:05,739,213,89,299,384,778,780
2016-08-18 20:30:06,740,214,89,300,385,778,780
2016-08-18 20:30:07,740,215,89,300,385,778,780
2016-08-18 20:30:08,744,216,89,301,385,778,780
2016-08-18 20:30:09,750,217,89,301,386,778,780
2016-08-18 20:30:10,753,218,89,302,386,778,780
2016-08-18 20:30:11,758,219,89,303,386,778,780
2016-08-18 20:30:12,762,220,89,303,386,778,780
2016-08-18 20:30:13,767,221,89,304,386,778,780
2016-08-18 20:30:14,771,222,89,305,387,778,780
2016-08-18 20:30:15,771,223,89,305,387,778,780
2016-08-18 20:30:16,772,224,89,306,387,778,780
2016-08-18 20:30:17,777,225,89,307,388,778,780
2016-08-18 20:30:18,780,226,89,308,388,778,780
2016-08-18 20:30:19,785,227,89,308,388,778,780
2016-08-18 20:30:20,786,228,89,309,389,778,780
2016-08-18 20:30:21,787,229,89,309,389,778,780
2016-08-18 20:30:22,792,230,89,310,389,778,780
2016-08-18 20:30:23,796,231,89,310,389,778,780
2016-08-18 20:30:24,800,232,89,311,390,778,780
2016-08-18 20:30:25,804,233,89,312,390,778,780
2016-08-18 20:30:26,809,234,89,312,390,778,780
2016-08-18 20:30:27,811,235,89,313,390,778,780
2016-08-18 20:30:28,812,236,89,313,390,778,780
2016-08-18 20:30:29,816,237,89,314,391,778,780
2016-08-18 20:30:30,817,238,89,315,391,778,780
2016-08-18 20:30:31,820,239,89,315,391,778,780
2016-08-18 20:30:32,823,240,89,316,392,778,780
2016-08-18 20:30:33,825,241,89,316,392,778,780
2016-08-18 20:30:34,829,242,89,317,392,778,780
2016-08-18 20:30:35,830,243,89,317,392,778,780
2016-08-18 20:30:36,835,244,89,318,392,778,780
2016-08-18 20:30:37,838,245,89,319,392,778,780
2016-08-18 20:30:38,841,246,89,319,393,778,780
2016-08-18 20:30:39,847,247,89,320,393,778,780
2016-08-18 20:30:40,848,248,89,321,393,778,780
2016-08-18 20:30:41,850,249,89,321,393,778,780
2016-08-18 20:30:42,854,250,89,322,394,778,780
2016-08-18 20:30:43,857,251,89,322,394,778,780
2016-08-18 20:30:44,862,252,89,323,394,778,780
2016-08-18 20:30:45,863,253,89,323,394,778,780
2016-08-18 20:30:46,866,254,89,324,395,778,780
2016-08-18 20:30:47,870,255,89,324,395,778,780
2016-08-18 20:30:48,871,256,89,325,396,778,780
2016-08-18 20:30:49,875,257,89,326,396,778,780
2016-08-18 20:30:50,876,258,89,326,396,778,780
2016-08-18 20:30:51,877,259,89,327,396,778,780
2016-08-18 20:30:52,882,260,89,328,396,778,780
2016-08-18 20:30:53,883,261,89,328,396,778,780
2016-08-18 20:30:54,885,262,89,329,397,778,780
2016-08-18 20:30:55,886,263,89,329,397,778,780
2016-08-18 20:30:56,890,264,89,330,397,778,780
2016-08-18 20:30:57,892,265,89,330,397,778,780
2016-08-18 20:30:58,895,266,89,331,398,778,780
2016-08-18 20:30:59,896,267,89,331,398,778,780
2016-08-18 20:31:00,898,268,89,332,398,778,780
2016-08-18 20:31:01,901,269,89,332,398,778,780
2016-08-18 20:31:02,904,270,89,333,399,778,780
2016-08-18 20:31:03,909,271,89,334,399,778,780
2016-08-18 20:31:04,912,272,89,334,399,778,780
2016-08-18 20:31:05,914,273,89,335,399,778,780
2016-08-18 20:31:06,915,274,89,335,399,778,780
2016-08-18 20:31:07,919,275,89,336,400,778,780
2016-08-18 20:31:08,925,276,89,336,400,778,780
2016-08-18 20:31:09,927,277,89,337,400,778,780
2016-08-18 20:31:10,928,278,89,337,401,778,780
2016-08-18 20:31:11,933,279,89,338,401,778,780
2016-08-18 20:31:12,937,280,89,338,401,778,780
2016-08-18 20:31:13,940,281,89,339,401,778,780
2016-08-18 20:31:14,943,282,89,339,401,778,780
2016-08-18 20:31:15,944,283,89,340,401,778,780
2016-08-18 20:31:16,950,284,89,340,402,778,780
2016-08-18 20:31:17,953,286,89,340,402,778,780
2016-08-18 20:31:18,955,287,89,341,402,778,780
2016-08-18 20:31:19,958,288,89,341,402,778,780
2016-08-18 20:31:20,960,289,89,342,403,778,780
2016-08-18 20:31:21,966,290,89,342,403,778,780
2016-08-18 20:31:22,969,291,89,343,403,778,780
2016-08-18 20:31:23,970,292,89,344,403,778,780
2016-08-18 20:31:24,974,293,89,344,404,778,780
2016-08-18 20:31:25,974,294,89,345,404,778,780
2016-08-18 20:31:26,980,295,89,345,404,778,780
2016-08-18 20:31:27,983,296,89,346,404,778,780
2016-08-18 20:31:28,986,297,89,346,404,778,780
2016-08-18 20:31:29,988,298,89,347,404,778,780
2016-08-18 20:31:30,991,299,89,347,405,778,780
2016-08-18 20:31:31,995,300,89,347,405,778,780
2016-08-18 20:31:32,999,301,89,348,405,778,780
2016-08-18 20:31:34,002,302,89,348,405,778,780
2016-08-18 20:31:35,004,303,89,349,406,778,780
2016-08-18 20:31:36,005,304,89,350,406,778,780
2016-08-18 20:31:37,010,305,89,350,406,778,780
2016-08-18 20:31:38,014,306,89,350,406,778,780
2016-08-18 20:31:39,016,307,89,351,406,778,780
2016-08-18 20:31:40,020,308,89,351,407,778,780
2016-08-18 20:31:41,021,309,89,352,407,778,780
2016-08-18 20:31:42,027,310,89,352,407,778,780
2016-08-18 20:31:43,029,311,89,353,407,778,780
2016-08-18 20:31:44,032,312,89,353,407,778,780
2016-08-18 20:31:45,035,313,89,353,407,778,780
2016-08-18 20:31:46,036,314,89,354,407,778,780
2016-08-18 20:31:47,041,315,89,354,408,778,780
2016-08-18 20:31:48,045,316,89,355,408,778,780
2016-08-18 20:31:49,047,317,89,355,408,778,780
2016-08-18 20:31:50,050,318,89,356,408,778,780
2016-08-18 20:31:51,052,319,89,356,408,778,780
2016-08-18 20:31:52,058,320,89,357,409,778,780
2016-08-18 20:31:53,061,321,89,357,409,778,780
2016-08-18 20:31:54,063,322,89,358,409,778,780
2016-08-18 20:31:55,066,323,89,358,409,778,780
2016-08-18 20:31:56,069,324,89,359,410,778,780
2016-08-18 20:31:57,074,325,89,359,410,778,780
2016-08-18 20:31:58,075,326,89,360,410,778,780
2016-08-18 20:31:59,078,327,89,360,411,778,780
2016-08-18 20:32:00,081,328,89,361,411,778,780
2016-08-18 20:32:01,082,329,89,361,411,778,780
2016-08-18 20:32:02,083,330,89,362,411,778,780
2016-08-18 20:32:03,088,331,89,362,412,778,780
2016-08-18 20:32:04,093,332,89,362,412,778,780
2016-08-18 20:32:05,097,333,89,363,412,778,780
2016-08-18 20:32:06,102,334,89,363,412,778,780
2016-08-18 20:32:07,105,335,89,364,412,778,780
2016-08-18 20:32:08,110,336,89,364,413,778,780
2016-08-18 20:32:09,115,337,89,365,413,778,780
2016-08-18 20:32:10,121,338,89,365,413,778,780
2016-08-18 20:32:11,122,339,89,366,413,778,780
2016-08-18 20:32:12,127,340,89,366,413,778,780
2016-08-18 20:32:13,130,341,89,367,414,778,780
2016-08-18 20:32:14,135,342,89,367,414,778,780
2016-08-18 20:32:15,139,343,89,367,414,778,780
2016-08-18 20:32:16,144,344,89,368,414,778,780
2016-08-18 20:32:17,150,345,89,368,415,778,780
2016-08-18 20:32:18,155,346,89,369,415,778,780
2016-08-18 20:32:19,160,347,89,369,415,778,780
2016-08-18 20:32:20,165,348,89,369,415,778,780
2016-08-18 20:32:21,167,349,89,370,415,778,780
2016-08-18 20:32:22,168,350,89,370,415,778,780
2016-08-18 20:32:23,173,351,89,371,416,778,780
2016-08-18 20:32:24,178,352,89,371,415,778,780
2016-08-18 20:32:25,181,353,89,372,416,778,780
2016-08-18 20:32:26,186,354,89,372,416,778,780
2016-08-18 20:32:27,190,355,89,373,416,778,780
2016-08-18 20:32:28,191,356,89,373,417,778,780
2016-08-18 20:32:29,192,357,89,374,417,778,780
2016-08-18 20:32:30,197,358,89,374,417,778,780
2016-08-18 20:32:31,201,359,89,374,417,778,780
2016-08-18 20:32:32,205,360,89,375,417,778,780
2016-08-18 20:32:33,206,361,89,375,418,778,780
2016-08-18 20:32:34,210,362,89,376,418,778,780
2016-08-18 20:32:35,212,363,89,376,418,778,780
2016-08-18 20:32:36,216,364,89,377,418,778,780
2016-08-18 20:32:37,221,365,89,377,418,778,780
2016-08-18 20:32:38,221,366,89,377,418,778,780
2016-08-18 20:32:39,222,367,89,378,418,778,780
2016-08-18 20:32:40,227,368,89,378,418,778,780
2016-08-18 20:32:41,230,369,89,379,418,778,780
2016-08-18 20:32:42,236,370,89,379,418,778,780
2016-08-18 20:32:43,238,371,89,380,419,778,780
2016-08-18 20:32:44,242,372,89,380,419,778,780
2016-08-18 20:32:45,243,373,89,381,419,778,780
2016-08-18 20:32:46,246,374,89,381,419,778,780
2016-08-18 20:32:47,251,375,89,381,420,778,780
2016-08-18 20:32:48,255,376,89,382,420,778,780
2016-08-18 20:32:49,260,377,89,382,420,778,780
2016-08-18 20:32:50,265,378,90,383,421,778,780
2016-08-18 20:32:51,268,379,89,383,421,778,780
2016-08-18 20:32:52,274,380,89,384,421,778,780
2016-08-18 20:32:53,277,381,89,384,421,778,780
2016-08-18 20:32:54,280,382,89,385,421,778,780
2016-08-18 20:32:55,285,383,89,385,422,778,780
2016-08-18 20:32:56,287,384,89,385,422,778,780
2016-08-18 20:32:57,291,385,89,386,422,778,780
2016-08-18 20:32:58,292,386,89,386,422,778,780
2016-08-18 20:32:59,295,387,89,387,423,778,780
2016-08-18 20:33:00,301,388,89,387,423,778,780
2016-08-18 20:33:01,301,389,89,387,423,778,780
2016-08-18 20:33:02,305,390,89,388,423,778,780
2016-08-18 20:33:03,307,391,89,388,424,778,780
2016-08-18 20:33:04,310,392,89,389,424,778,780
2016-08-18 20:33:05,313,393,89,389,424,778,780
2016-08-18 20:33:06,314,394,89,389,424,778,780
2016-08-18 20:33:07,320,395,89,390,424,778,780
2016-08-18 20:33:08,323,396,89,390,425,778,780
2016-08-18 20:33:09,326,397,89,391,425,778,780
2016-08-18 20:33:10,331,398,89,391,425,778,780
2016-08-18 20:33:11,335,399,89,391,425,778,780
2016-08-18 20:33:12,340,400,89,392,426,778,780
2016-08-18 20:33:13,340,401,89,392,426,778,780
2016-08-18 20:33:14,342,402,89,393,426,778,780
2016-08-18 20:33:15,347,403,89,393,426,778,780
2016-08-18 20:33:16,353,404,90,394,426,778,780
2016-08-18 20:33:17,358,405,89,394,427,778,780
2016-08-18 20:33:18,362,406,90,394,427,778,780
2016-08-18 20:33:19,366,407,89,395,427,778,780
2016-08-18 20:33:20,366,408,89,395,427,778,780
2016-08-18 20:33:21,372,409,89,396,427,778,780
2016-08-18 20:33:22,375,410,90,396,428,778,780
2016-08-18 20:33:23,378,411,89,396,428,778,780
2016-08-18 20:33:24,380,412,89,397,428,778,780
2016-08-18 20:33:25,386,413,89,397,428,778,780
2016-08-18 20:33:26,388,414,90,398,429,778,780
2016-08-18 20:33:27,389,415,89,398,429,778,780
2016-08-18 20:33:28,389,416,90,399,429,778,780
2016-08-18 20:33:29,394,417,89,399,429,778,780
2016-08-18 20:33:30,398,418,89,399,430,778,780
2016-08-18 20:33:31,402,419,90,400,430,778,780
2016-08-18 20:33:32,403,420,90,400,430,778,780
2016-08-18 20:33:33,403,421,90,400,430,778,780
2016-08-18 20:33:34,404,422,90,401,431,778,780
2016-08-18 20:33:35,408,423,90,401,431,778,780
2016-08-18 20:33:36,409,424,90,402,431,778,780
2016-08-18 20:33:37,413,425,89,402,431,778,780
2016-08-18 20:33:38,415,426,89,402,432,778,780
2016-08-18 20:33:39,418,427,89,403,432,778,780
2016-08-18 20:33:40,420,428,90,403,432,778,780
2016-08-18 20:33:41,422,429,90,404,433,778,780
2016-08-18 20:33:42,428,430,89,404,433,778,780
2016-08-18 20:33:43,434,431,90,405,433,778,780
2016-08-18 20:33:44,435,432,90,405,433,778,780
2016-08-18 20:33:45,439,433,90,405,433,778,780
2016-08-18 20:33:46,444,434,90,406,434,778,780
2016-08-18 20:33:47,447,435,90,406,434,778,780
2016-08-18 20:33:48,448,436,90,407,434,778,780
2016-08-18 20:33:49,449,437,90,407,434,778,780
2016-08-18 20:33:50,454,438,89,407,434,778,780
2016-08-18 20:33:51,457,439,89,408,434,778,780
2016-08-18 20:33:52,464,440,90,408,435,778,780
2016-08-18 20:33:53,465,441,90,409,435,778,780
2016-08-18 20:33:54,467,442,90,409,435,778,780
2016-08-18 20:33:55,470,443,90,410,435,778,780
2016-08-18 20:33:56,475,444,90,410,435,778,780
2016-08-18 20:33:57,478,445,90,410,436,778,780
2016-08-18 20:33:58,484,446,90,411,436,778,780
2016-08-18 20:33:59,487,447,90,411,436,778,780
2016-08-18 20:34:00,489,448,90,412,436,778,780
2016-08-18 20:34:01,492,449,90,412,437,778,780
2016-08-18 20:34:02,493,450,90,412,437,778,780
2016-08-18 20:34:03,496,451,90,413,437,778,780
2016-08-18 20:34:04,501,452,90,413,437,778,780
2016-08-18 20:34:05,504,453,90,414,437,778,780
2016-08-18 20:34:06,509,454,90,414,437,778,780
2016-08-18 20:34:07,509,455,90,415,437,778,780
2016-08-18 20:34:08,512,456,90,415,437,778,780
2016-08-18 20:34:09,515,457,90,415,437,778,780
2016-08-18 20:34:10,516,458,90,416,438,778,780
2016-08-18 20:34:11,517,459,90,416,438,778,780
2016-08-18 20:34:12,521,460,90,416,438,778,780
2016-08-18 20:34:13,526,461,90,417,438,778,780
2016-08-18 20:34:14,527,462,90,417,439,778,780
2016-08-18 20:34:15,531,463,90,418,439,778,780
2016-08-18 20:34:16,532,464,90,418,439,778,780
2016-08-18 20:34:17,535,465,90,419,439,778,780
2016-08-18 20:34:18,538,466,90,419,439,778,780
2016-08-18 20:34:19,540,467,90,419,440,778,780
2016-08-18 20:34:20,543,468,90,420,440,778,780
2016-08-18 20:34:21,545,469,90,420,440,778,780
2016-08-18 20:34:22,548,470,90,420,440,778,780
2016-08-18 20:34:23,553,471,90,421,440,778,780
2016-08-18 20:34:24,556,472,90,421,440,778,780
2016-08-18 20:34:25,557,473,90,422,441,778,780
2016-08-18 20:34:26,560,474,90,422,441,778,780
2016-08-18 20:34:27,564,475,90,422,441,778,780
2016-08-18 20:34:28,569,476,90,423,442,778,780
2016-08-18 20:34:29,571,477,90,423,442,778,780
2016-08-18 20:34:30,574,478,90,424,442,778,780
2016-08-18 20:34:31,577,479,90,424,442,778,780
2016-08-18 20:34:32,582,480,90,424,442,778,780
2016-08-18 20:34:33,585,481,90,425,442,778,780
2016-08-18 20:34:34,589,482,90,425,443,778,780
2016-08-18 20:34:35,594,483,90,425,443,778,780
2016-08-18 20:34:36,598,484,90,426,443,778,780
2016-08-18 20:34:37,601,485,90,426,443,778,780
2016-08-18 20:34:38,605,486,90,426,443,778,780
2016-08-18 20:34:39,610,487,90,427,444,778,780
2016-08-18 20:34:40,610,488,90,427,444,778,780
2016-08-18 20:34:41,614,489,90,428,444,778,780
2016-08-18 20:34:42,619,490,90,428,444,778,780
2016-08-18 20:34:43,620,491,90,428,445,778,780
2016-08-18 20:34:44,625,492,90,429,445,778,780
2016-08-18 20:34:45,627,493,90,429,445,778,780
2016-08-18 20:34:46,632,494,90,429,445,778,780
2016-08-18 20:34:47,635,495,90,430,445,778,780
2016-08-18 20:34:48,639,496,90,430,445,778,780
2016-08-18 20:34:49,644,497,90,431,446,778,780
2016-08-18 20:34:50,649,498,90,431,446,778,780
2016-08-18 20:34:51,654,499,90,432,446,778,780
2016-08-18 20:34:52,659,500,90,432,446,778,780
2016-08-18 20:34:53,663,501,90,432,446,778,780
2016-08-18 20:34:54,668,502,90,433,447,778,780
2016-08-18 20:34:55,670,503,90,433,447,778,780
2016-08-18 20:34:56,672,504,90,433,447,778,780
2016-08-18 20:34:57,677,505,90,434,447,778,780
2016-08-18 20:34:58,681,506,90,434,447,778,780
2016-08-18 20:34:59,684,507,90,435,448,778,780
2016-08-18 20:35:00,686,508,90,435,448,778,780
2016-08-18 20:35:01,691,509,90,436,448,778,780
2016-08-18 20:35:02,693,510,90,436,448,778,780
2016-08-18 20:35:03,697,511,90,436,448,778,780
2016-08-18 20:35:04,701,512,90,437,449,778,780
2016-08-18 20:35:05,701,513,90,437,449,778,780
2016-08-18 20:35:06,706,514,90,437,449,778,780
2016-08-18 20:35:07,709,515,90,438,449,778,780
2016-08-18 20:35:08,713,516,90,438,449,778,780
2016-08-18 20:35:09,715,517,90,439,449,778,780
2016-08-18 20:35:10,718,518,90,439,450,778,780
2016-08-18 20:35:11,722,519,90,440,450,778,780
2016-08-18 20:35:12,727,520,90,440,450,778,780
2016-08-18 20:35:13,731,521,90,440,450,778,780
2016-08-18 20:35:14,735,522,90,441,450,778,780
2016-08-18 20:35:15,739,523,90,441,450,778,780
2016-08-18 20:35:16,743,524,90,442,451,778,780
2016-08-18 20:35:17,748,525,90,442,451,778,780
2016-08-18 20:35:18,751,526,90,442,451,778,780
2016-08-18 20:35:19,757,527,90,443,451,778,780
2016-08-18 20:35:20,759,528,90,443,451,778,780
2016-08-18 20:35:21,764,529,90,443,452,778,780
2016-08-18 20:35:22,768,530,90,443,452,778,780
2016-08-18 20:35:23,773,531,90,444,452,778,780
2016-08-18 20:35:24,777,532,90,444,452,778,780
2016-08-18 20:35:25,781,533,90,445,452,778,780
2016-08-18 20:35:26,786,534,90,445,453,778,780
2016-08-18 20:35:27,790,535,90,446,453,778,780
2016-08-18 20:35:28,793,536,90,446,453,778,780
2016-08-18 20:35:29,798,537,90,446,453,778,780
2016-08-18 20:35:30,799,538,90,447,453,778,780
2016-08-18 20:35:31,799,539,90,447,453,778,780
2016-08-18 20:35:32,801,540,90,448,453,778,780
2016-08-18 20:35:33,803,541,90,448,453,778,780
2016-08-18 20:35:34,808,542,90,448,453,778,780
2016-08-18 20:35:35,812,543,90,449,453,778,780
2016-08-18 20:35:36,813,544,90,449,453,778,780
2016-08-18 20:35:37,816,545,90,450,453,778,780
2016-08-18 20:35:38,819,546,90,450,453,778,780
2016-08-18 20:35:39,820,547,90,450,453,778,780
2016-08-18 20:35:40,821,548,90,451,453,778,780
2016-08-18 20:35:41,826,549,90,451,453,778,780
2016-08-18 20:35:42,830,550,90,452,454,778,780
2016-08-18 20:35:43,834,551,90,452,454,778,780
2016-08-18 20:35:44,838,552,90,452,454,778,780
2016-08-18 20:35:45,843,553,90,453,454,778,780
2016-08-18 20:35:46,845,554,90,453,455,778,780
2016-08-18 20:35:47,851,555,90,453,455,778,780
2016-08-18 20:35:48,854,556,90,454,455,778,780
2016-08-18 20:35:49,859,557,90,454,456,778,780
2016-08-18 20:35:50,863,558,90,454,456,778,780
2016-08-18 20:35:51,868,559,90,455,456,778,780
2016-08-18 20:35:52,874,560,90,455,456,778,780
2016-08-18 20:35:53,876,561,90,455,456,778,780
2016-08-18 20:35:54,882,562,90,456,457,778,780
2016-08-18 20:35:55,885,563,90,456,457,778,780
2016-08-18 20:35:56,886,564,90,457,457,778,780
2016-08-18 20:35:57,892,565,90,457,457,778,780
2016-08-18 20:35:58,895,566,90,457,458,778,780
2016-08-18 20:35:59,897,567,90,458,458,778,780
2016-08-18 20:36:00,901,568,90,458,458,778,780
2016-08-18 20:36:01,901,569,90,458,458,778,780
2016-08-18 20:36:02,907,570,90,459,458,778,780
2016-08-18 20:36:03,910,571,90,459,459,778,780
2016-08-18 20:36:04,913,572,90,460,459,778,780
2016-08-18 20:36:05,917,573,90,460,459,778,780
2016-08-18 20:36:06,920,574,90,460,459,778,780
2016-08-18 20:36:07,924,575,90,461,459,778,780
2016-08-18 20:36:08,929,576,90,461,459,778,780
2016-08-18 20:36:09,933,577,90,462,460,778,780
2016-08-18 20:36:10,937,578,90,462,460,778,780
2016-08-18 20:36:11,942,579,90,462,460,778,780
2016-08-18 20:36:12,947,580,90,463,460,778,780
2016-08-18 20:36:13,950,581,90,463,460,778,780
2016-08-18 20:36:14,953,583,90,463,461,778,780
2016-08-18 20:36:15,958,584,90,464,461,778,780
2016-08-18 20:36:16,962,585,90,464,461,778,780
2016-08-18 20:36:17,967,586,90,465,461,778,780
2016-08-18 20:36:18,969,587,90,465,461,778,780
2016-08-18 20:36:19,974,588,90,466,462,778,780
2016-08-18 20:36:20,978,589,90,466,462,778,780
2016-08-18 20:36:21,980,590,90,466,462,778,780
2016-08-18 20:36:22,982,591,90,467,462,778,780
2016-08-18 20:36:23,983,592,90,467,462,778,780
2016-08-18 20:36:24,985,593,90,468,463,778,780
2016-08-18 20:36:25,990,594,90,468,463,778,780
2016-08-18 20:36:26,995,595,90,469,463,778,780
2016-08-18 20:36:27,998,596,90,469,464,778,780
2016-08-18 20:36:28,999,597,90,470,464,778,780
2016-08-18 20:36:30,002,598,90,470,464,778,780
2016-08-18 20:36:31,004,599,90,470,463,778,780
2016-08-18 20:36:32,009,600,90,471,463,778,780
2016-08-18 20:36:33,013,601,90,471,463,778,780
2016-08-18 20:36:34,017,602,90,471,463,778,780
2016-08-18 20:36:35,021,603,90,472,464,778,780
2016-08-18 20:36:36,023,604,90,472,464,778,780
2016-08-18 20:36:37,028,605,90,472,464,778,780
2016-08-18 20:36:38,031,606,90,473,464,778,780
2016-08-18 20:36:39,033,607,90,473,465,778,780
2016-08-18 20:36:40,037,608,90,474,465,778,780
2016-08-18 20:36:41,039,609,90,474,465,778,780
2016-08-18 20:36:42,042,610,90,474,466,778,780
2016-08-18 20:36:43,044,611,90,475,466,778,780
2016-08-18 20:36:44,049,612,90,475,466,778,780
2016-08-18 20:36:45,052,613,90,476,466,778,780
2016-08-18 20:36:46,053,614,90,476,466,778,780
2016-08-18 20:36:47,059,615,90,476,466,778,780
2016-08-18 20:36:48,062,616,90,477,467,778,780
2016-08-18 20:36:49,067,617,90,477,467,778,780
2016-08-18 20:36:50,067,618,90,478,467,778,780
2016-08-18 20:36:51,073,619,90,478,467,778,780
2016-08-18 20:36:52,076,620,90,478,467,778,780
2016-08-18 20:36:53,082,621,90,479,466,778,780
2016-08-18 20:36:54,084,622,90,479,466,778,780
2016-08-18 20:36:55,090,623,90,480,466,778,780
2016-08-18 20:36:56,094,624,90,480,465,778,780
2016-08-18 20:36:57,095,625,90,480,465,778,780
2016-08-18 20:36:58,100,626,90,481,465,778,780
2016-08-18 20:36:59,104,627,90,481,465,778,780
2016-08-18 20:37:00,105,628,90,482,465,778,780
2016-08-18 20:37:01,108,629,90,482,465,778,780
2016-08-18 20:37:02,113,630,90,482,464,778,780
2016-08-18 20:37:03,117,631,90,483,464,778,780
2016-08-18 20:37:04,120,632,90,483,464,778,780
2016-08-18 20:37:05,125,633,90,484,464,778,780
2016-08-18 20:37:06,127,634,90,484,464,778,780
2016-08-18 20:37:07,128,635,90,484,464,778,780
2016-08-18 20:37:08,132,636,90,485,463,778,780
2016-08-18 20:37:09,135,637,90,485,463,778,780
2016-08-18 20:37:10,138,638,90,485,463,778,780
2016-08-18 20:37:11,139,639,90,486,463,778,780
2016-08-18 20:37:12,143,640,90,486,463,778,780
2016-08-18 20:37:13,147,641,90,487,463,778,780
2016-08-18 20:37:14,151,642,90,487,463,778,780
2016-08-18 20:37:15,158,643,90,487,463,778,780
2016-08-18 20:37:16,160,644,90,488,463,778,780
2016-08-18 20:37:17,164,645,90,488,463,778,780
2016-08-18 20:37:18,169,646,90,489,463,778,780
2016-08-18 20:37:19,173,647,90,489,463,778,780
2016-08-18 20:37:20,178,648,90,489,463,778,780
2016-08-18 20:37:21,181,649,90,490,463,778,780
2016-08-18 20:37:22,184,650,90,490,463,778,780
2016-08-18 20:37:23,185,651,90,490,463,778,780
2016-08-18 20:37:24,188,652,90,491,463,778,780
2016-08-18 20:37:25,194,653,90,491,463,778,780
2016-08-18 20:37:26,197,654,90,491,463,778,780
2016-08-18 20:37:27,202,655,90,492,463,778,780
2016-08-18 20:37:28,205,656,90,492,463,778,780
2016-08-18 20:37:29,211,657,90,492,463,778,780
2016-08-18 20:37:30,214,658,90,493,463,778,780
2016-08-18 20:37:31,218,659,90,493,464,778,780
2016-08-18 20:37:32,222,660,90,493,464,778,780
2016-08-18 20:37:33,227,661,90,494,464,778,780
2016-08-18 20:37:34,231,662,90,494,464,778,780
2016-08-18 20:37:35,232,663,90,495,465,778,780
2016-08-18 20:37:36,233,664,90,495,465,778,780
2016-08-18 20:37:37,238,665,90,495,465,778,780
2016-08-18 20:37:38,240,666,90,495,465,778,780
2016-08-18 20:37:39,243,667,90,496,465,778,780
2016-08-18 20:37:40,244,668,90,496,465,778,780
2016-08-18 20:37:41,246,669,90,496,465,778,780
2016-08-18 20:37:42,251,670,90,497,466,778,780
2016-08-18 20:37:43,256,671,90,497,466,778,780
2016-08-18 20:37:44,259,672,90,497,466,778,780
2016-08-18 20:37:45,260,673,90,498,466,778,780
2016-08-18 20:37:46,265,674,90,498,466,778,780
2016-08-18 20:37:47,268,675,90,498,467,778,780
2016-08-18 20:37:48,271,676,90,499,467,778,780
2016-08-18 20:37:49,272,677,90,499,467,778,780
2016-08-18 20:37:50,275,678,90,500,467,778,780
2016-08-18 20:37:51,281,679,90,500,467,778,780
2016-08-18 20:37:52,284,680,90,500,468,778,780
2016-08-18 20:37:53,286,681,90,500,468,778,780
2016-08-18 20:37:54,289,682,90,501,468,778,780
2016-08-18 20:37:55,294,683,90,501,467,778,780
2016-08-18 20:37:56,295,684,90,501,467,778,780
2016-08-18 20:37:57,299,685,90,501,467,778,780
2016-08-18 20:37:58,300,686,90,502,467,778,780
2016-08-18 20:37:59,304,687,90,502,467,778,780
2016-08-18 20:38:00,307,688,90,502,467,778,780
2016-08-18 20:38:01,311,689,90,503,467,778,780
2016-08-18 20:38:02,314,690,90,503,467,778,780
2016-08-18 20:38:03,319,691,90,503,467,778,780
2016-08-18 20:38:04,323,692,90,503,467,778,780
2016-08-18 20:38:05,326,693,90,504,467,778,780
2016-08-18 20:38:06,331,694,90,504,467,778,780
2016-08-18 20:38:07,337,695,90,504,467,778,780
2016-08-18 20:38:08,340,696,90,505,467,778,780
2016-08-18 20:38:09,345,697,90,505,467,778,780
2016-08-18 20:38:10,350,698,90,505,467,778,780
2016-08-18 20:38:11,354,699,90,506,468,778,780
2016-08-18 20:38:12,359,700,90,506,469,778,780
2016-08-18 20:38:13,364,701,90,506,470,778,780
2016-08-18 20:38:14,369,702,90,506,471,778,780
2016-08-18 20:38:15,370,703,90,507,472,778,780
2016-08-18 20:38:16,374,704,90,507,473,778,780
2016-08-18 20:38:17,377,705,90,507,474,778,780
2016-08-18 20:38:18,383,706,90,508,475,778,780
2016-08-18 20:38:19,383,707,90,508,476,778,780
2016-08-18 20:38:20,383,708,90,508,476,778,780
2016-08-18 20:38:21,386,709,90,508,477,778,780
2016-08-18 20:38:22,387,710,90,508,478,778,780
2016-08-18 20:38:23,391,711,90,509,479,778,780
2016-08-18 20:38:24,396,712,90,509,479,778,780
2016-08-18 20:38:25,396,713,90,509,480,778,780
2016-08-18 20:38:26,397,714,90,509,481,778,780
2016-08-18 20:38:27,397,715,90,510,481,778,780
2016-08-18 20:38:28,401,716,90,510,482,778,780
2016-08-18 20:38:29,401,717,90,510,482,778,780
2016-08-18 20:38:30,407,718,90,510,483,778,780
2016-08-18 20:38:31,409,719,90,511,484,778,780
2016-08-18 20:38:32,414,720,90,511,484,778,780
2016-08-18 20:38:33,417,721,90,511,485,778,780
2016-08-18 20:38:34,419,722,90,512,485,778,780
2016-08-18 20:38:35,424,723,90,512,486,778,780
2016-08-18 20:38:36,425,724,90,512,486,778,780
2016-08-18 20:38:37,428,725,90,513,487,778,780
2016-08-18 20:38:38,432,726,90,513,487,778,780
2016-08-18 20:38:39,437,727,90,513,488,778,780
2016-08-18 20:38:40,440,728,90,513,488,778,780
2016-08-18 20:38:41,445,729,90,514,489,778,780
2016-08-18 20:38:42,449,730,90,514,489,778,780
2016-08-18 20:38:43,450,731,90,514,490,778,780
2016-08-18 20:38:44,450,732,90,515,490,778,780
2016-08-18 20:38:45,456,733,90,515,491,778,780
2016-08-18 20:38:46,460,734,90,515,491,778,780
2016-08-18 20:38:47,465,735,90,516,492,778,780
2016-08-18 20:38:48,470,736,90,516,492,778,780
2016-08-18 20:38:49,473,737,90,516,492,778,780
2016-08-18 20:38:50,478,738,90,516,493,778,780
2016-08-18 20:38:51,482,739,90,517,493,778,780
2016-08-18 20:38:52,484,740,90,517,493,778,780
2016-08-18 20:38:53,486,741,90,518,494,778,780
2016-08-18 20:38:54,491,742,90,518,494,778,780
2016-08-18 20:38:55,492,743,90,518,494,778,780
2016-08-18 20:38:56,497,744,90,518,495,778,780
2016-08-18 20:38:57,499,745,90,519,495,778,780
2016-08-18 20:38:58,502,746,90,519,495,778,780
2016-08-18 20:38:59,503,747,90,519,495,778,780
2016-08-18 20:39:00,504,748,90,519,495,778,780
2016-08-18 20:39:01,510,749,90,520,495,778,780
2016-08-18 20:39:02,511,750,90,520,495,778,780
2016-08-18 20:39:03,512,751,90,520,495,778,780
2016-08-18 20:39:04,518,752,90,521,495,778,780
2016-08-18 20:39:05,518,753,90,521,495,778,780
2016-08-18 20:39:06,520,754,90,521,495,778,780
2016-08-18 20:39:07,521,755,90,522,495,778,780
2016-08-18 20:39:08,525,756,90,522,495,778,780
2016-08-18 20:39:09,528,757,90,522,495,778,780
2016-08-18 20:39:10,533,758,90,523,495,778,780
2016-08-18 20:39:11,538,759,90,523,495,778,780
2016-08-18 20:39:12,541,760,90,523,495,778,780
2016-08-18 20:39:13,547,761,90,524,495,778,780
2016-08-18 20:39:14,550,762,90,524,495,778,780
2016-08-18 20:39:15,553,763,90,524,495,778,780
2016-08-18 20:39:16,558,764,90,524,495,778,780
2016-08-18 20:39:17,560,765,90,525,495,778,780
2016-08-18 20:39:18,564,766,90,525,495,778,780
2016-08-18 20:39:19,565,767,90,525,495,778,780
2016-08-18 20:39:20,567,768,90,526,495,778,780
2016-08-18 20:39:21,571,769,90,526,495,778,780
2016-08-18 20:39:22,572,770,90,526,496,778,780
2016-08-18 20:39:23,573,771,90,527,496,778,780
2016-08-18 20:39:24,579,772,90,527,496,778,780
2016-08-18 20:39:25,579,773,90,527,495,778,780
2016-08-18 20:39:26,583,774,90,528,495,778,780
2016-08-18 20:39:27,587,775,90,528,495,778,780
2016-08-18 20:39:28,590,776,90,529,495,778,780
2016-08-18 20:39:29,591,777,90,529,495,778,780
2016-08-18 20:39:30,594,778,90,529,495,778,780
2016-08-18 20:39:31,600,779,90,530,495,778,780
2016-08-18 20:39:32,603,780,90,530,496,778,780
2016-08-18 20:39:33,607,781,90,530,496,778,780
2016-08-18 20:39:34,612,782,90,530,496,778,780
2016-08-18 20:39:35,615,783,90,531,496,778,780
2016-08-18 20:39:36,620,784,90,531,496,778,780
2016-08-18 20:39:37,626,785,90,531,495,778,780
2016-08-18 20:39:38,631,786,90,532,495,778,780
2016-08-18 20:39:39,637,787,90,532,495,778,780
2016-08-18 20:39:40,642,788,90,532,495,778,780
2016-08-18 20:39:41,647,789,90,533,494,778,780
2016-08-18 20:39:42,647,790,90,533,494,778,780
2016-08-18 20:39:43,648,791,90,533,494,778,780
2016-08-18 20:39:44,654,792,90,534,494,778,780
2016-08-18 20:39:45,655,793,90,534,493,778,780
2016-08-18 20:39:46,656,794,90,534,493,778,780
2016-08-18 20:39:47,661,795,90,535,493,778,780
2016-08-18 20:39:48,662,796,90,535,493,778,780
2016-08-18 20:39:49,667,797,90,535,492,778,780
2016-08-18 20:39:50,670,798,90,536,492,778,780
2016-08-18 20:39:51,671,799,90,536,492,778,780
2016-08-18 20:39:52,676,800,90,536,492,778,780
2016-08-18 20:39:53,681,801,90,537,492,778,780
2016-08-18 20:39:54,685,802,90,537,492,778,780
2016-08-18 20:39:55,689,803,90,538,491,778,780
2016-08-18 20:39:56,693,804,90,538,491,778,780
2016-08-18 20:39:57,698,805,90,538,491,778,780
2016-08-18 20:39:58,701,806,90,538,491,778,780
2016-08-18 20:39:59,702,807,90,539,491,778,780
2016-08-18 20:40:00,703,808,90,539,491,778,780
2016-08-18 20:40:01,708,809,90,539,491,778,780
2016-08-18 20:40:02,710,810,90,540,491,778,780
2016-08-18 20:40:03,711,811,90,540,491,778,780
2016-08-18 20:40:04,715,812,90,540,491,778,780
2016-08-18 20:40:05,717,813,90,541,491,778,780
2016-08-18 20:40:06,721,814,90,541,491,778,780
2016-08-18 20:40:07,722,815,90,541,491,778,780
2016-08-18 20:40:08,723,816,90,542,490,778,780
2016-08-18 20:40:09,724,817,90,542,491,778,780
2016-08-18 20:40:10,729,818,90,542,491,778,780
2016-08-18 20:40:11,734,819,90,543,491,778,780
2016-08-18 20:40:12,738,820,90,543,491,778,780
2016-08-18 20:40:13,743,821,90,543,491,778,780
2016-08-18 20:40:14,747,822,90,544,491,778,780
2016-08-18 20:40:15,752,823,90,544,491,778,780
2016-08-18 20:40:16,755,824,90,544,490,778,780
2016-08-18 20:40:17,761,825,90,545,490,778,780
2016-08-18 20:40:18,763,826,90,545,490,778,780
2016-08-18 20:40:19,764,827,90,545,490,778,780
2016-08-18 20:40:20,770,828,90,546,490,778,780
2016-08-18 20:40:21,770,829,90,546,490,778,780
2016-08-18 20:40:22,774,830,90,546,490,778,780
2016-08-18 20:40:23,778,831,90,547,490,778,780
2016-08-18 20:40:24,783,832,90,547,490,778,780
2016-08-18 20:40:25,787,833,90,547,490,778,780
2016-08-18 20:40:26,790,834,90,548,490,778,780
2016-08-18 20:40:27,795,835,90,548,490,778,780
2016-08-18 20:40:28,800,836,90,548,490,778,780
2016-08-18 20:40:29,804,837,90,549,490,778,780
2016-08-18 20:40:30,806,838,90,549,490,778,780
2016-08-18 20:40:31,807,839,90,549,490,778,780
2016-08-18 20:40:32,811,840,90,550,490,778,780
2016-08-18 20:40:33,814,841,90,550,490,778,780
2016-08-18 20:40:34,819,842,90,550,490,778,780
2016-08-18 20:40:35,822,843,90,551,490,778,780
2016-08-18 20:40:36,826,844,90,551,490,778,780
2016-08-18 20:40:37,832,845,90,551,490,778,780
2016-08-18 20:40:38,836,846,90,551,490,778,780
2016-08-18 20:40:39,837,847,90,552,490,778,780
2016-08-18 20:40:40,842,848,90,552,490,778,780
2016-08-18 20:40:41,847,849,90,552,490,778,780
2016-08-18 20:40:42,850,850,90,553,490,778,780
2016-08-18 20:40:43,854,851,90,553,490,778,780
2016-08-18 20:40:44,855,852,90,553,490,778,780
2016-08-18 20:40:45,862,853,90,553,490,778,780
2016-08-18 20:40:46,866,854,90,554,490,778,780
2016-08-18 20:40:47,868,855,90,554,490,778,780
2016-08-18 20:40:48,872,856,90,554,490,778,780
2016-08-18 20:40:49,877,857,90,555,490,778,780
2016-08-18 20:40:50,881,858,90,555,490,778,780
2016-08-18 20:40:51,885,859,90,556,490,778,780
2016-08-18 20:40:52,888,860,90,556,490,778,780
2016-08-18 20:40:53,889,861,90,556,490,778,780
2016-08-18 20:40:54,892,862,90,557,490,778,780
2016-08-18 20:40:55,893,863,90,557,490,778,780
2016-08-18 20:40:56,898,864,90,557,490,778,780
2016-08-18 20:40:57,899,865,90,558,490,778,780
2016-08-18 20:40:58,901,866,90,558,490,778,780
2016-08-18 20:40:59,905,867,90,558,490,778,780
2016-08-18 20:41:00,906,868,90,559,491,778,780
2016-08-18 20:41:01,908,869,90,559,491,778,780
2016-08-18 20:41:02,913,870,90,559,491,778,780
2016-08-18 20:41:03,919,871,90,559,490,778,780
2016-08-18 20:41:04,923,872,90,560,491,778,780
2016-08-18 20:41:05,924,873,90,560,490,778,780
2016-08-18 20:41:06,929,874,90,560,491,778,780
2016-08-18 20:41:07,930,875,90,561,491,778,780
2016-08-18 20:41:08,934,876,90,561,491,778,780
2016-08-18 20:41:09,939,877,90,561,491,778,780
2016-08-18 20:41:10,940,878,90,561,491,778,780
2016-08-18 20:41:11,945,879,90,562,491,778,780
2016-08-18 20:41:12,946,880,90,562,491,778,780
2016-08-18 20:41:13,950,881,90,562,491,778,780
2016-08-18 20:41:14,954,883,90,563,491,778,780
2016-08-18 20:41:15,955,884,90,563,491,778,780
2016-08-18 20:41:16,955,885,90,563,491,778,780
2016-08-18 20:41:17,961,886,90,564,492,778,780
2016-08-18 20:41:18,964,887,90,564,492,778,780
2016-08-18 20:41:19,969,888,90,564,492,778,780
2016-08-18 20:41:20,973,889,90,564,491,778,780
2016-08-18 20:41:21,978,890,90,565,491,778,780
2016-08-18 20:41:22,984,891,90,565,491,778,780
2016-08-18 20:41:23,986,892,90,565,491,778,780
2016-08-18 20:41:24,987,893,90,566,490,778,780
2016-08-18 20:41:25,992,894,90,566,490,778,780
2016-08-18 20:41:26,993,895,90,566,490,778,780
2016-08-18 20:41:27,999,896,90,566,489,778,780
2016-08-18 20:41:29,001,897,90,567,489,778,780
2016-08-18 20:41:30,006,898,90,567,489,778,780
2016-08-18 20:41:31,010,899,90,567,489,778,780
2016-08-18 20:41:32,013,900,90,567,488,778,780
2016-08-18 20:41:33,019,901,90,568,488,778,780
2016-08-18 20:41:34,020,902,90,568,488,778,780
2016-08-18 20:41:35,021,903,90,568,488,778,780
2016-08-18 20:41:36,025,904,90,568,487,778,780
2016-08-18 20:41:37,031,905,90,569,487,778,780
2016-08-18 20:41:38,034,906,90,569,487,778,780
2016-08-18 20:41:39,039,907,90,569,487,778,780
2016-08-18 20:41:40,042,908,90,569,486,778,780
2016-08-18 20:41:41,045,909,90,570,486,778,780
2016-08-18 20:41:42,051,910,90,570,486,778,780
2016-08-18 20:41:43,054,911,90,570,486,778,780
2016-08-18 20:41:44,059,912,90,570,486,778,780
2016-08-18 20:41:45,062,913,90,570,485,778,780
2016-08-18 20:41:46,066,914,90,570,485,778,780
2016-08-18 20:41:47,068,915,90,571,485,778,780
2016-08-18 20:41:48,073,916,90,571,484,778,780
2016-08-18 20:41:49,075,917,90,571,484,778,780
2016-08-18 20:41:50,077,918,90,571,484,778,780
2016-08-18 20:41:51,080,919,90,571,483,778,780
2016-08-18 20:41:52,081,920,90,571,483,778,780
2016-08-18 20:41:53,086,921,90,572,483,778,780
2016-08-18 20:41:54,090,922,90,572,483,778,780
2016-08-18 20:41:55,091,923,90,572,483,778,780
2016-08-18 20:41:56,095,924,90,572,483,778,780
2016-08-18 20:41:57,097,925,90,572,483,778,780
2016-08-18 20:41:58,098,926,90,573,482,778,780
2016-08-18 20:41:59,099,927,90,573,482,778,780
2016-08-18 20:42:00,104,928,90,573,482,778,780
2016-08-18 20:42:01,107,929,90,573,481,778,780
2016-08-18 20:42:02,112,930,90,573,481,778,780
2016-08-18 20:42:03,114,931,90,573,481,778,780
2016-08-18 20:42:04,115,932,90,574,480,778,780
2016-08-18 20:42:05,119,933,90,574,480,778,780
2016-08-18 20:42:06,125,934,90,574,480,778,780
2016-08-18 20:42:07,128,935,90,574,480,778,780
2016-08-18 20:42:08,129,936,90,574,479,778,780
2016-08-18 20:42:09,131,937,90,574,479,778,780
2016-08-18 20:42:10,135,938,90,574,479,778,780
2016-08-18 20:42:11,140,939,90,575,478,778,780
2016-08-18 20:42:12,143,940,90,575,478,778,780
2016-08-18 20:42:13,144,941,90,575,478,778,780
2016-08-18 20:42:14,145,942,90,575,478,778,780
2016-08-18 20:42:15,150,943,90,575,478,778,780
2016-08-18 20:42:16,153,944,90,575,478,778,780
2016-08-18 20:42:17,159,945,90,574,477,778,780
2016-08-18 20:42:18,160,946,90,573,477,778,780
2016-08-18 20:42:19,161,947,90,572,477,778,780
2016-08-18 20:42:20,165,948,90,570,476,778,780
2016-08-18 20:42:21,167,949,90,568,475,778,780
2016-08-18 20:42:22,168,950,91,566,474,778,780
2016-08-18 20:42:23,172,951,90,564,473,778,780
2016-08-18 20:42:24,178,952,90,562,471,778,780
2016-08-18 20:42:25,183,953,90,560,470,778,780
2016-08-18 20:42:26,186,954,90,560,470,778,780
2016-08-18 20:42:27,189,955,90,559,469,778,780
2016-08-18 20:42:28,193,956,91,557,468,778,780
2016-08-18 20:42:29,198,957,90,556,467,778,780
2016-08-18 20:42:30,200,958,90,554,467,778,780
2016-08-18 20:42:31,202,959,90,551,465,778,780
2016-08-18 20:42:32,205,960,90,548,464,778,780
2016-08-18 20:42:33,206,961,90,545,463,778,780
2016-08-18 20:42:34,211,962,90,542,462,778,780
2016-08-18 20:42:35,212,963,90,539,461,778,780
2016-08-18 20:42:36,217,964,90,536,460,778,780
2016-08-18 20:42:37,220,965,90,534,459,778,780
2016-08-18 20:42:38,222,966,90,531,458,778,780
2016-08-18 20:42:39,227,967,91,528,457,778,780
2016-08-18 20:42:40,228,968,91,526,456,778,780
2016-08-18 20:42:41,233,969,91,523,455,778,780
2016-08-18 20:42:42,235,970,90,519,454,778,780
2016-08-18 20:42:43,238,971,91,516,453,778,780
2016-08-18 20:42:44,244,972,90,513,452,778,780
2016-08-18 20:42:45,246,973,91,509,451,778,780
2016-08-18 20:42:46,249,974,90,506,450,778,780
2016-08-18 20:42:47,251,975,90,504,450,778,780
2016-08-18 20:42:48,255,976,91,501,449,778,780
2016-08-18 20:42:49,259,977,91,498,449,778,780
2016-08-18 20:42:50,261,978,91,496,448,778,780
2016-08-18 20:42:51,263,979,91,493,448,778,780
2016-08-18 20:42:52,266,980,91,490,448,778,780
2016-08-18 20:42:53,270,981,91,487,447,778,780
2016-08-18 20:42:54,275,982,90,484,446,778,780
2016-08-18 20:42:55,276,983,90,482,445,778,780
2016-08-18 20:42:56,277,984,91,481,445,778,780
2016-08-18 20:42:57,281,985,91,479,444,778,780
2016-08-18 20:42:58,285,986,91,478,443,778,780
2016-08-18 20:42:59,290,987,91,476,443,778,780
2016-08-18 20:43:00,294,988,91,475,442,778,780
2016-08-18 20:43:01,298,989,91,473,442,778,780
2016-08-18 20:43:02,301,990,91,471,442,778,780
2016-08-18 20:43:03,304,991,90,470,441,778,780
2016-08-18 20:43:04,305,992,91,469,441,778,780
