2017-08-19 20:59:23,008,coffee,datetime,ms,seconds,ambient_temp,thermocouple_0_temp,thermocouple_1_temp,thermocouple_2_temp,thermocouple_3_temp
2017-08-19 20:59:25,060,2,85,491,412,777,780
2017-08-19 20:59:26,065,3,85,485,407,778,780
2017-08-19 20:59:27,069,4,85,475,402,777,780
2017-08-19 20:59:28,072,5,85,464,397,777,780
2017-08-19 20:59:29,075,6,85,454,392,777,780
2017-08-19 20:59:30,078,7,85,442,387,778,780
2017-08-19 20:59:31,081,8,85,431,383,778,780
2017-08-19 20:59:32,085,9,85,421,381,778,780
2017-08-19 20:59:33,087,10,85,411,379,777,780
2017-08-19 20:59:34,090,11,85,402,377,778,780
2017-08-19 20:59:35,093,12,85,393,376,778,780
2017-08-19 20:59:36,093,13,85,384,374,778,780
2017-08-19 20:59:37,094,14,85,376,373,778,780
2017-08-19 20:59:38,100,15,85,369,371,778,780
2017-08-19 20:59:39,106,16,85,361,370,778,780
2017-08-19 20:59:40,108,17,85,354,369,778,780
2017-08-19 20:59:41,110,18,85,347,367,778,780
2017-08-19 20:59:42,111,19,85,341,366,778,780
2017-08-19 20:59:43,113,20,85,335,365,778,780
2017-08-19 20:59:44,117,21,85,329,364,778,780
2017-08-19 20:59:45,123,22,85,323,363,778,780
2017-08-19 20:59:46,129,23,85,317,362,778,780
2017-08-19 20:59:47,131,24,85,312,361,778,780
2017-08-19 20:59:48,131,25,85,307,360,778,780
2017-08-19 20:59:49,136,26,85,302,360,778,780
2017-08-19 20:59:50,138,27,85,298,359,778,780
2017-08-19 20:59:51,142,28,85,293,358,778,780
2017-08-19 20:59:52,146,29,85,289,357,778,780
2017-08-19 20:59:53,147,30,85,286,357,778,780
2017-08-19 20:59:54,148,31,85,282,356,778,780
2017-08-19 20:59:55,149,32,85,278,355,778,780
2017-08-19 20:59:56,150,33,85,275,355,778,780
2017-08-19 20:59:57,150,34,85,272,354,778,780
2017-08-19 20:59:58,153,35,85,268,354,778,780
2017-08-19 20:59:59,159,36,85,265,353,778,780
2017-08-19 21:00:00,163,37,85,262,353,778,780
2017-08-19 21:00:01,165,38,85,260,352,778,780
2017-08-19 21:00:02,169,39,85,257,352,778,780
2017-08-19 21:00:03,171,40,85,255,351,778,780
2017-08-19 21:00:04,173,41,85,252,351,778,780
2017-08-19 21:00:05,174,42,85,250,350,778,780
2017-08-19 21:00:06,176,43,85,248,350,778,780
2017-08-19 21:00:07,177,44,85,246,350,778,780
2017-08-19 21:00:08,182,45,85,244,349,778,780
2017-08-19 21:00:09,186,46,85,243,349,778,780
2017-08-19 21:00:10,192,47,85,241,349,778,780
2017-08-19 21:00:11,194,48,85,239,349,778,780
2017-08-19 21:00:12,199,49,85,238,348,778,780
2017-08-19 21:00:13,203,50,85,236,348,778,780
2017-08-19 21:00:14,208,51,85,235,348,778,780
2017-08-19 21:00:15,214,52,85,234,348,778,780
2017-08-19 21:00:16,215,53,85,232,348,778,780
2017-08-19 21:00:17,216,54,85,231,348,778,780
2017-08-19 21:00:18,222,55,85,230,347,778,780
2017-08-19 21:00:19,228,56,85,229,347,778,780
2017-08-19 21:00:20,231,57,85,228,347,778,780
2017-08-19 21:00:21,235,58,85,227,347,778,780
2017-08-19 21:00:22,238,59,85,227,347,778,780
2017-08-19 21:00:23,244,60,85,226,347,778,780
2017-08-19 21:00:24,249,61,85,225,347,778,780
2017-08-19 21:00:25,255,62,85,225,347,778,780
2017-08-19 21:00:26,260,63,85,224,347,778,780
2017-08-19 21:00:27,264,64,85,223,347,778,780
2017-08-19 21:00:28,270,65,85,223,347,778,780
2017-08-19 21:00:29,274,66,85,222,347,778,780
2017-08-19 21:00:30,275,67,85,222,347,778,780
2017-08-19 21:00:31,277,68,85,222,347,778,780
2017-08-19 21:00:32,278,69,85,222,347,778,780
2017-08-19 21:00:33,279,70,85,221,348,778,780
2017-08-19 21:00:34,280,71,85,221,348,778,780
2017-08-19 21:00:35,282,72,85,221,349,778,780
2017-08-19 21:00:36,285,73,86,221,350,778,780
2017-08-19 21:00:37,286,74,85,221,350,778,780
2017-08-19 21:00:38,287,75,85,221,351,778,780
2017-08-19 21:00:39,290,76,85,221,351,778,780
2017-08-19 21:00:40,293,77,85,221,352,778,780
2017-08-19 21:00:41,296,78,85,221,353,778,780
2017-08-19 21:00:42,301,79,86,221,354,778,780
2017-08-19 21:00:43,302,80,86,221,354,778,780
2017-08-19 21:00:44,305,81,86,221,355,778,780
2017-08-19 21:00:45,309,82,86,221,355,778,780
2017-08-19 21:00:46,310,83,86,221,356,778,780
2017-08-19 21:00:47,313,84,86,222,356,778,780
2017-08-19 21:00:48,314,85,86,222,357,778,780
2017-08-19 21:00:49,318,86,86,222,357,778,780
2017-08-19 21:00:50,321,87,86,222,358,778,780
2017-08-19 21:00:51,321,88,86,223,359,778,780
2017-08-19 21:00:52,326,89,86,223,359,778,780
2017-08-19 21:00:53,332,90,86,223,360,778,780
2017-08-19 21:00:54,337,91,86,224,361,778,780
2017-08-19 21:00:55,339,92,86,224,361,778,780
2017-08-19 21:00:56,342,93,86,225,362,778,780
2017-08-19 21:00:57,345,94,86,225,362,778,780
2017-08-19 21:00:58,348,95,86,226,363,778,780
2017-08-19 21:00:59,351,96,86,226,364,778,780
2017-08-19 21:01:00,355,97,86,227,364,778,780
2017-08-19 21:01:01,358,98,86,227,365,778,780
2017-08-19 21:01:02,361,99,86,228,365,778,780
2017-08-19 21:01:03,364,100,86,228,366,778,780
2017-08-19 21:01:04,364,101,86,229,366,778,780
2017-08-19 21:01:05,364,102,86,229,367,778,780
2017-08-19 21:01:06,367,103,86,230,368,778,780
2017-08-19 21:01:07,373,104,86,230,368,778,780
2017-08-19 21:01:08,379,105,86,231,369,778,780
2017-08-19 21:01:09,382,106,86,232,369,778,780
2017-08-19 21:01:10,385,107,86,232,370,778,780
2017-08-19 21:01:11,388,108,86,233,370,778,780
2017-08-19 21:01:12,394,109,86,233,371,778,780
2017-08-19 21:01:13,400,110,86,234,372,778,780
2017-08-19 21:01:14,405,111,86,235,372,778,780
2017-08-19 21:01:15,406,112,86,235,373,778,780
2017-08-19 21:01:16,412,113,86,236,373,778,780
2017-08-19 21:01:17,414,114,86,237,374,778,780
2017-08-19 21:01:18,419,115,86,237,374,778,780
2017-08-19 21:01:19,425,116,86,238,374,778,780
2017-08-19 21:01:20,431,117,86,239,375,778,780
2017-08-19 21:01:21,436,118,86,239,375,778,780
2017-08-19 21:01:22,438,119,86,240,376,778,780
2017-08-19 21:01:23,442,120,86,241,376,778,780
2017-08-19 21:01:24,444,121,86,242,377,778,780
2017-08-19 21:01:25,445,122,86,242,377,778,780
2017-08-19 21:01:26,451,123,86,243,378,778,780
2017-08-19 21:01:27,454,124,86,244,378,778,780
2017-08-19 21:01:28,457,125,86,245,379,778,780
2017-08-19 21:01:29,460,126,86,245,379,778,780
2017-08-19 21:01:30,464,127,86,246,380,778,780
2017-08-19 21:01:31,466,128,86,247,380,778,780
2017-08-19 21:01:32,469,129,86,247,380,778,780
2017-08-19 21:01:33,473,130,86,248,381,778,780
2017-08-19 21:01:34,476,131,86,249,381,778,780
2017-08-19 21:01:35,479,132,86,249,382,778,780
2017-08-19 21:01:36,482,133,86,250,382,778,780
2017-08-19 21:01:37,485,134,86,251,383,778,780
2017-08-19 21:01:38,488,135,86,252,383,778,780
2017-08-19 21:01:39,491,136,86,253,383,778,780
2017-08-19 21:01:40,494,137,86,253,383,778,780
2017-08-19 21:01:41,497,138,86,254,384,778,780
2017-08-19 21:01:42,500,139,86,255,385,778,780
2017-08-19 21:01:43,503,140,86,256,385,778,780
2017-08-19 21:01:44,507,141,86,256,386,778,780
2017-08-19 21:01:45,509,142,86,257,386,778,780
2017-08-19 21:01:46,513,143,86,258,386,778,780
2017-08-19 21:01:47,516,144,86,259,387,778,780
2017-08-19 21:01:48,517,145,86,260,387,778,780
2017-08-19 21:01:49,518,146,86,260,388,778,780
2017-08-19 21:01:50,523,147,86,261,388,778,780
2017-08-19 21:01:51,525,148,86,262,389,778,780
2017-08-19 21:01:52,531,149,86,263,389,778,780
2017-08-19 21:01:53,534,150,86,264,389,778,780
2017-08-19 21:01:54,535,151,86,264,390,778,780
2017-08-19 21:01:55,540,152,86,265,390,778,780
2017-08-19 21:01:56,543,153,86,266,390,778,780
2017-08-19 21:01:57,549,154,86,267,391,778,780
2017-08-19 21:01:58,555,155,86,268,391,778,780
2017-08-19 21:01:59,556,156,86,269,392,778,780
2017-08-19 21:02:00,562,157,86,269,392,778,780
2017-08-19 21:02:01,566,158,86,270,392,778,780
2017-08-19 21:02:02,570,159,86,271,392,778,780
2017-08-19 21:02:03,576,160,86,272,393,778,780
2017-08-19 21:02:04,577,161,86,273,393,778,780
2017-08-19 21:02:05,583,162,86,274,394,778,780
2017-08-19 21:02:06,589,163,86,274,394,778,780
2017-08-19 21:02:07,591,164,86,275,394,778,780
2017-08-19 21:02:08,591,165,86,276,395,778,780
2017-08-19 21:02:09,595,166,86,277,395,778,780
2017-08-19 21:02:10,601,167,86,278,395,778,780
2017-08-19 21:02:11,606,168,86,279,396,778,780
2017-08-19 21:02:12,609,169,86,279,396,778,780
2017-08-19 21:02:13,612,170,86,280,396,778,780
2017-08-19 21:02:14,617,171,86,281,397,778,780
2017-08-19 21:02:15,618,172,86,282,397,778,780
2017-08-19 21:02:16,620,173,86,283,397,778,780
2017-08-19 21:02:17,624,174,86,283,397,778,780
2017-08-19 21:02:18,627,175,86,284,398,778,780
2017-08-19 21:02:19,631,176,86,285,398,778,780
2017-08-19 21:02:20,634,177,86,286,398,778,780
2017-08-19 21:02:21,636,178,86,286,399,778,780
2017-08-19 21:02:22,640,179,86,287,399,778,780
2017-08-19 21:02:23,643,180,86,288,399,778,780
2017-08-19 21:02:24,643,181,86,289,399,778,780
2017-08-19 21:02:25,649,182,86,290,400,778,780
2017-08-19 21:02:26,650,183,86,291,400,778,780
2017-08-19 21:02:27,651,184,86,291,401,778,780
2017-08-19 21:02:28,652,185,86,292,401,778,780
2017-08-19 21:02:29,653,186,86,293,401,778,780
2017-08-19 21:02:30,654,187,86,294,402,778,780
2017-08-19 21:02:31,655,188,86,295,402,778,780
2017-08-19 21:02:32,658,189,86,296,403,778,780
2017-08-19 21:02:33,664,190,86,296,403,778,780
2017-08-19 21:02:34,669,191,86,297,403,778,780
2017-08-19 21:02:35,675,192,86,298,403,778,780
2017-08-19 21:02:36,682,193,86,299,404,778,780
2017-08-19 21:02:37,686,194,86,299,404,778,780
2017-08-19 21:02:38,689,195,86,300,404,778,780
2017-08-19 21:02:39,692,196,86,301,405,778,780
2017-08-19 21:02:40,695,197,86,302,405,778,780
2017-08-19 21:02:41,698,198,86,303,405,778,780
2017-08-19 21:02:42,701,199,86,303,406,778,780
2017-08-19 21:02:43,704,200,86,304,406,778,780
2017-08-19 21:02:44,708,201,86,305,407,778,780
2017-08-19 21:02:45,710,202,86,306,407,778,780
2017-08-19 21:02:46,712,203,86,307,407,778,780
2017-08-19 21:02:47,715,204,86,307,408,778,780
2017-08-19 21:02:48,715,205,86,308,408,778,780
2017-08-19 21:02:49,721,206,86,309,408,778,780
2017-08-19 21:02:50,723,207,86,310,409,778,780
2017-08-19 21:02:51,729,208,86,311,409,778,780
2017-08-19 21:02:52,731,209,86,312,409,778,780
2017-08-19 21:02:53,736,210,86,312,410,778,780
2017-08-19 21:02:54,738,211,86,313,410,778,780
2017-08-19 21:02:55,741,212,86,314,410,778,780
2017-08-19 21:02:56,744,213,86,315,411,778,780
2017-08-19 21:02:57,747,214,86,315,411,778,780
2017-08-19 21:02:58,750,215,86,316,411,778,780
2017-08-19 21:02:59,753,216,86,317,412,778,780
2017-08-19 21:03:00,756,217,86,318,412,778,780
2017-08-19 21:03:01,759,218,86,319,413,778,780
2017-08-19 21:03:02,762,219,86,319,413,778,780
2017-08-19 21:03:03,766,220,86,320,413,778,780
2017-08-19 21:03:04,769,221,86,321,414,778,780
2017-08-19 21:03:05,772,222,86,322,414,778,780
2017-08-19 21:03:06,775,223,86,322,414,778,780
2017-08-19 21:03:07,776,224,86,323,414,778,780
2017-08-19 21:03:08,777,225,86,324,415,778,780
2017-08-19 21:03:09,781,226,86,325,415,778,780
2017-08-19 21:03:10,786,227,86,326,415,778,780
2017-08-19 21:03:11,790,228,86,326,416,778,780
2017-08-19 21:03:12,793,229,86,327,416,778,780
2017-08-19 21:03:13,795,230,86,328,416,778,780
2017-08-19 21:03:14,796,231,86,329,416,778,780
2017-08-19 21:03:15,801,232,86,329,417,778,780
2017-08-19 21:03:16,801,233,86,330,417,778,780
2017-08-19 21:03:17,808,234,86,331,418,778,780
2017-08-19 21:03:18,811,235,86,332,418,778,780
2017-08-19 21:03:19,812,236,86,332,418,778,780
2017-08-19 21:03:20,818,237,86,333,418,778,780
2017-08-19 21:03:21,821,238,86,334,419,778,780
2017-08-19 21:03:22,827,239,86,335,419,778,780
2017-08-19 21:03:23,827,240,86,335,420,778,780
2017-08-19 21:03:24,830,241,86,336,420,778,780
2017-08-19 21:03:25,833,242,86,337,420,778,780
2017-08-19 21:03:26,836,243,86,337,420,778,780
2017-08-19 21:03:27,839,244,86,338,421,778,780
2017-08-19 21:03:28,842,245,86,339,421,778,780
2017-08-19 21:03:29,845,246,86,339,421,778,780
2017-08-19 21:03:30,848,247,86,340,421,778,780
2017-08-19 21:03:31,851,248,86,341,422,778,780
2017-08-19 21:03:32,854,249,86,342,422,778,780
2017-08-19 21:03:33,855,250,86,342,422,778,780
2017-08-19 21:03:34,856,251,86,343,423,778,780
2017-08-19 21:03:35,857,252,86,344,423,778,780
2017-08-19 21:03:36,863,253,86,345,424,778,780
2017-08-19 21:03:37,869,254,86,345,425,778,780
2017-08-19 21:03:38,870,255,86,346,425,778,780
2017-08-19 21:03:39,871,256,86,347,425,778,780
2017-08-19 21:03:40,877,257,86,348,426,778,780
2017-08-19 21:03:41,882,258,86,348,426,778,780
2017-08-19 21:03:42,885,259,86,349,427,778,780
2017-08-19 21:03:43,888,260,86,350,427,778,780
2017-08-19 21:03:44,891,261,86,350,428,778,780
2017-08-19 21:03:45,894,262,86,351,428,778,780
2017-08-19 21:03:46,898,263,86,352,428,778,780
2017-08-19 21:03:47,901,264,86,352,429,778,780
2017-08-19 21:03:48,904,265,86,353,429,778,780
2017-08-19 21:03:49,905,266,86,354,429,778,780
2017-08-19 21:03:50,912,267,86,354,430,778,780
2017-08-19 21:03:51,913,268,86,355,430,778,780
2017-08-19 21:03:52,916,269,86,356,430,778,780
2017-08-19 21:03:53,916,270,86,356,431,778,780
2017-08-19 21:03:54,922,271,86,357,431,778,780
2017-08-19 21:03:55,925,272,86,358,431,778,780
2017-08-19 21:03:56,928,273,86,358,431,778,780
2017-08-19 21:03:57,932,274,86,359,431,778,780
2017-08-19 21:03:58,934,275,86,360,431,778,780
2017-08-19 21:03:59,937,276,86,360,432,778,780
2017-08-19 21:04:00,940,277,86,361,432,778,780
2017-08-19 21:04:01,943,278,86,362,432,778,780
2017-08-19 21:04:02,946,279,86,362,432,778,780
2017-08-19 21:04:03,948,280,86,363,432,778,780
2017-08-19 21:04:04,951,281,87,364,433,778,780
2017-08-19 21:04:05,953,282,86,365,433,778,780
2017-08-19 21:04:06,959,283,86,365,433,778,780
2017-08-19 21:04:07,962,284,86,366,433,778,780
2017-08-19 21:04:08,964,285,86,366,434,778,780
2017-08-19 21:04:09,969,286,86,367,434,778,780
2017-08-19 21:04:10,971,287,86,367,434,778,780
2017-08-19 21:04:11,974,288,86,368,434,778,780
2017-08-19 21:04:12,977,289,86,369,435,778,780
2017-08-19 21:04:13,980,290,86,369,435,778,780
2017-08-19 21:04:14,983,291,86,370,435,778,780
2017-08-19 21:04:15,986,292,87,371,435,778,780
2017-08-19 21:04:16,989,293,87,371,435,778,780
2017-08-19 21:04:17,993,294,87,372,436,778,780
2017-08-19 21:04:18,996,295,87,373,436,778,780
2017-08-19 21:04:19,999,296,87,373,436,778,780
2017-08-19 21:04:21,002,297,86,374,436,778,780
2017-08-19 21:04:22,005,298,86,374,436,778,780
2017-08-19 21:04:23,008,300,87,375,437,778,780
2017-08-19 21:04:24,011,301,86,376,437,778,780
2017-08-19 21:04:25,014,302,87,377,437,778,780
2017-08-19 21:04:26,017,303,87,377,437,778,780
2017-08-19 21:04:27,020,304,87,378,437,778,780
2017-08-19 21:04:28,021,305,87,378,437,778,780
2017-08-19 21:04:29,025,306,87,379,437,778,780
2017-08-19 21:04:30,029,307,87,380,437,778,780
2017-08-19 21:04:31,032,308,87,380,437,778,780
2017-08-19 21:04:32,035,309,87,381,436,778,780
2017-08-19 21:04:33,039,310,87,382,436,778,780
2017-08-19 21:04:34,042,311,87,382,436,778,780
2017-08-19 21:04:35,048,312,86,383,436,778,780
2017-08-19 21:04:36,048,313,87,383,437,778,780
2017-08-19 21:04:37,049,314,87,384,437,778,780
2017-08-19 21:04:38,051,315,87,384,438,778,780
2017-08-19 21:04:39,057,316,87,385,438,778,780
2017-08-19 21:04:40,060,317,87,386,438,778,780
2017-08-19 21:04:41,063,318,87,386,439,778,780
2017-08-19 21:04:42,066,319,87,387,439,778,780
2017-08-19 21:04:43,069,320,87,388,439,778,780
2017-08-19 21:04:44,072,321,87,388,439,778,780
2017-08-19 21:04:45,078,322,87,389,440,778,780
2017-08-19 21:04:46,079,323,87,389,440,778,780
2017-08-19 21:04:47,082,324,87,390,440,778,780
2017-08-19 21:04:48,085,325,87,391,441,778,780
2017-08-19 21:04:49,088,326,87,391,441,778,780
2017-08-19 21:04:50,091,327,87,392,441,778,780
2017-08-19 21:04:51,094,328,87,393,442,778,780
2017-08-19 21:04:52,096,329,87,393,442,778,780
2017-08-19 21:04:53,100,330,87,394,442,778,780
2017-08-19 21:04:54,103,331,87,394,443,778,780
2017-08-19 21:04:55,104,332,87,395,443,778,780
2017-08-19 21:04:56,109,333,87,396,443,778,780
2017-08-19 21:04:57,112,334,87,396,444,778,780
2017-08-19 21:04:58,115,335,87,397,444,778,780
2017-08-19 21:04:59,118,336,87,397,444,778,780
2017-08-19 21:05:00,121,337,87,398,444,778,780
2017-08-19 21:05:01,125,338,87,399,445,778,780
2017-08-19 21:05:02,128,339,87,399,445,778,780
2017-08-19 21:05:03,131,340,87,400,445,778,780
2017-08-19 21:05:04,134,341,87,401,445,778,780
2017-08-19 21:05:05,136,342,87,401,446,778,780
2017-08-19 21:05:06,139,343,87,401,446,778,780
2017-08-19 21:05:07,143,344,87,402,446,778,780
2017-08-19 21:05:08,146,345,87,403,446,778,780
2017-08-19 21:05:09,149,346,87,403,447,778,780
2017-08-19 21:05:10,149,347,87,404,447,778,780
2017-08-19 21:05:11,154,348,87,404,447,778,780
2017-08-19 21:05:12,161,349,87,405,448,778,780
2017-08-19 21:05:13,172,350,87,405,448,778,780
2017-08-19 21:05:14,181,351,87,406,448,778,780
2017-08-19 21:05:15,183,352,87,407,448,778,780
2017-08-19 21:05:16,192,353,87,407,449,778,780
2017-08-19 21:05:17,196,354,87,408,449,778,780
2017-08-19 21:05:18,201,355,87,408,449,778,780
2017-08-19 21:05:19,211,356,87,409,449,778,780
2017-08-19 21:05:20,216,357,87,409,449,778,780
2017-08-19 21:05:21,219,358,87,410,450,778,780
2017-08-19 21:05:22,222,359,87,410,450,778,780
2017-08-19 21:05:23,232,360,87,411,450,778,780
2017-08-19 21:05:24,234,361,87,412,450,778,780
2017-08-19 21:05:25,243,362,87,412,450,778,780
2017-08-19 21:05:26,246,363,87,413,450,778,780
2017-08-19 21:05:27,254,364,87,413,451,778,780
2017-08-19 21:05:28,257,365,87,414,451,778,780
2017-08-19 21:05:29,261,366,87,415,451,778,780
2017-08-19 21:05:30,264,367,87,415,451,778,780
2017-08-19 21:05:31,265,368,87,416,451,778,780
2017-08-19 21:05:32,267,369,87,416,452,778,780
2017-08-19 21:05:33,273,370,87,417,452,778,780
2017-08-19 21:05:34,280,371,87,417,452,778,780
2017-08-19 21:05:35,291,372,87,418,452,778,780
2017-08-19 21:05:36,299,373,87,419,453,778,780
2017-08-19 21:05:37,301,374,87,419,453,778,780
2017-08-19 21:05:38,312,375,87,420,453,778,780
2017-08-19 21:05:39,318,376,87,420,453,778,780
2017-08-19 21:05:40,319,377,87,421,453,778,780
2017-08-19 21:05:41,323,378,87,421,453,778,780
2017-08-19 21:05:42,334,379,87,422,454,778,780
2017-08-19 21:05:43,337,380,87,423,454,778,780
2017-08-19 21:05:44,340,381,87,423,453,778,780
2017-08-19 21:05:45,343,382,87,424,453,778,780
2017-08-19 21:05:46,346,383,87,424,453,778,780
2017-08-19 21:05:47,349,384,87,425,454,778,780
2017-08-19 21:05:48,351,385,87,425,454,778,780
2017-08-19 21:05:49,353,386,87,426,454,778,780
2017-08-19 21:05:50,361,387,87,426,455,778,780
2017-08-19 21:05:51,370,388,87,427,455,778,780
2017-08-19 21:05:52,379,389,87,427,455,778,780
2017-08-19 21:05:53,384,390,87,428,456,778,780
2017-08-19 21:05:54,391,391,87,428,456,778,780
2017-08-19 21:05:55,400,392,87,429,456,778,780
2017-08-19 21:05:56,407,393,87,429,456,778,780
2017-08-19 21:05:57,413,394,87,430,456,778,780
2017-08-19 21:05:58,422,395,87,430,455,778,780
2017-08-19 21:05:59,432,396,87,431,455,778,780
2017-08-19 21:06:00,433,397,87,431,455,778,780
2017-08-19 21:06:01,439,398,87,432,456,778,780
2017-08-19 21:06:02,445,399,87,432,456,778,780
2017-08-19 21:06:03,447,400,87,433,456,778,780
2017-08-19 21:06:04,452,401,87,434,456,778,780
2017-08-19 21:06:05,454,402,87,434,456,778,780
2017-08-19 21:06:06,458,403,87,435,457,778,780
2017-08-19 21:06:07,461,404,87,435,457,778,780
2017-08-19 21:06:08,470,405,87,436,457,778,780
2017-08-19 21:06:09,471,406,87,436,458,778,780
2017-08-19 21:06:10,482,407,87,437,458,778,780
2017-08-19 21:06:11,482,408,87,437,458,778,780
2017-08-19 21:06:12,493,409,87,438,458,778,780
2017-08-19 21:06:13,500,410,87,438,459,778,780
2017-08-19 21:06:14,511,411,87,439,459,778,780
2017-08-19 21:06:15,515,412,87,439,459,778,780
2017-08-19 21:06:16,525,413,87,440,459,778,780
2017-08-19 21:06:17,533,414,87,441,460,778,780
2017-08-19 21:06:18,541,415,87,441,460,778,780
2017-08-19 21:06:19,547,416,87,442,460,778,780
2017-08-19 21:06:20,552,417,87,442,461,778,780
2017-08-19 21:06:21,559,418,87,443,461,778,780
2017-08-19 21:06:22,561,419,87,443,461,778,780
2017-08-19 21:06:23,570,420,87,444,461,778,780
2017-08-19 21:06:24,580,421,87,444,461,778,780
2017-08-19 21:06:25,582,422,87,445,462,778,780
2017-08-19 21:06:26,586,423,87,445,462,778,780
2017-08-19 21:06:27,589,424,87,446,462,778,780
2017-08-19 21:06:28,592,425,87,447,462,778,780
2017-08-19 21:06:29,595,426,87,447,462,778,780
2017-08-19 21:06:30,598,427,87,447,462,778,780
2017-08-19 21:06:31,601,428,87,448,463,778,780
2017-08-19 21:06:32,604,429,87,448,463,778,780
2017-08-19 21:06:33,611,430,87,449,463,778,780
2017-08-19 21:06:34,612,431,87,449,463,778,780
2017-08-19 21:06:35,613,432,87,450,463,778,780
2017-08-19 21:06:36,617,433,87,450,463,778,780
2017-08-19 21:06:37,621,434,87,451,464,778,780
2017-08-19 21:06:38,622,435,87,451,464,778,780
2017-08-19 21:06:39,626,436,87,452,464,778,780
2017-08-19 21:06:40,631,437,87,452,464,778,780
2017-08-19 21:06:41,632,438,87,453,464,778,780
2017-08-19 21:06:42,633,439,87,453,464,778,780
2017-08-19 21:06:43,643,440,87,454,464,778,780
2017-08-19 21:06:44,648,441,87,454,464,778,780
2017-08-19 21:06:45,651,442,87,455,465,778,780
2017-08-19 21:06:46,662,443,87,455,465,778,780
2017-08-19 21:06:47,667,444,87,456,465,778,780
2017-08-19 21:06:48,669,445,87,456,465,778,780
2017-08-19 21:06:49,673,446,87,456,465,778,780
2017-08-19 21:06:50,680,447,87,457,465,778,780
2017-08-19 21:06:51,688,448,87,458,466,778,780
2017-08-19 21:06:52,698,449,87,458,466,778,780
2017-08-19 21:06:53,709,450,87,458,466,778,780
2017-08-19 21:06:54,711,451,87,459,466,778,780
2017-08-19 21:06:55,722,452,87,459,466,778,780
2017-08-19 21:06:56,728,453,87,460,466,778,780
2017-08-19 21:06:57,732,454,87,460,467,778,780
2017-08-19 21:06:58,734,455,87,461,467,778,780
2017-08-19 21:06:59,737,456,87,462,467,778,780
2017-08-19 21:07:00,741,457,87,462,467,778,780
2017-08-19 21:07:01,742,458,87,463,467,778,780
2017-08-19 21:07:02,747,459,87,463,468,778,780
2017-08-19 21:07:03,748,460,87,464,468,778,780
2017-08-19 21:07:04,750,461,87,464,468,778,780
2017-08-19 21:07:05,760,462,87,465,468,778,780
2017-08-19 21:07:06,763,463,87,465,468,778,780
2017-08-19 21:07:07,765,464,87,466,469,778,780
2017-08-19 21:07:08,770,465,87,466,469,778,780
2017-08-19 21:07:09,781,466,87,467,469,778,780
2017-08-19 21:07:10,788,467,87,467,470,778,780
2017-08-19 21:07:11,790,468,87,468,470,778,780
2017-08-19 21:07:12,794,469,87,468,470,778,780
2017-08-19 21:07:13,797,470,87,469,470,778,780
2017-08-19 21:07:14,799,471,87,469,471,778,780
2017-08-19 21:07:15,803,472,87,469,471,778,780
2017-08-19 21:07:16,806,473,87,470,471,778,780
2017-08-19 21:07:17,810,474,87,470,471,778,780
2017-08-19 21:07:18,815,475,87,471,472,778,780
2017-08-19 21:07:19,816,476,87,471,472,778,780
2017-08-19 21:07:20,819,477,87,472,472,778,780
2017-08-19 21:07:21,826,478,87,472,472,778,780
2017-08-19 21:07:22,828,479,87,473,473,778,780
2017-08-19 21:07:23,837,480,87,473,473,778,780
2017-08-19 21:07:24,841,481,87,474,473,778,780
2017-08-19 21:07:25,846,482,87,474,473,778,780
2017-08-19 21:07:26,854,483,87,475,473,778,780
2017-08-19 21:07:27,856,484,87,475,474,778,780
2017-08-19 21:07:28,860,485,87,476,474,778,780
2017-08-19 21:07:29,863,486,87,476,474,778,780
2017-08-19 21:07:30,866,487,87,477,474,778,780
2017-08-19 21:07:31,869,488,87,477,475,778,780
2017-08-19 21:07:32,869,489,87,478,475,778,780
2017-08-19 21:07:33,875,490,87,478,475,778,780
2017-08-19 21:07:34,877,491,87,479,475,778,780
2017-08-19 21:07:35,881,492,87,479,476,778,780
2017-08-19 21:07:36,891,493,87,480,476,778,780
2017-08-19 21:07:37,895,494,87,481,476,778,780
2017-08-19 21:07:38,905,495,87,481,477,778,780
2017-08-19 21:07:39,911,496,87,482,477,778,780
2017-08-19 21:07:40,914,497,87,482,477,778,780
2017-08-19 21:07:41,919,498,87,483,478,778,780
2017-08-19 21:07:42,926,499,87,483,478,778,780
2017-08-19 21:07:43,932,500,87,484,478,778,780
2017-08-19 21:07:44,936,501,87,484,478,778,780
2017-08-19 21:07:45,946,502,87,485,479,778,780
2017-08-19 21:07:46,953,503,87,485,479,778,780
2017-08-19 21:07:47,955,504,87,486,479,778,780
2017-08-19 21:07:48,957,505,87,486,479,778,780
2017-08-19 21:07:49,958,506,87,487,479,778,780
2017-08-19 21:07:50,960,507,87,487,479,778,780
2017-08-19 21:07:51,963,508,87,488,480,778,780
2017-08-19 21:07:52,965,509,87,488,479,778,780
2017-08-19 21:07:53,973,510,87,489,479,778,780
2017-08-19 21:07:54,976,511,87,489,479,778,780
2017-08-19 21:07:55,984,512,87,490,480,778,780
2017-08-19 21:07:56,995,513,87,490,480,778,780
2017-08-19 21:07:57,996,514,87,491,481,778,780
2017-08-19 21:07:59,002,515,87,491,481,778,780
2017-08-19 21:08:00,004,516,87,492,481,778,780
2017-08-19 21:08:01,008,518,87,492,481,778,780
2017-08-19 21:08:02,011,519,87,493,482,778,780
2017-08-19 21:08:03,017,520,87,493,482,778,780
2017-08-19 21:08:04,018,521,87,494,482,778,780
2017-08-19 21:08:05,020,522,87,494,482,778,780
2017-08-19 21:08:06,024,523,87,495,482,778,780
2017-08-19 21:08:07,026,524,87,495,483,778,780
2017-08-19 21:08:08,030,525,87,496,483,778,780
2017-08-19 21:08:09,033,526,87,497,483,778,780
2017-08-19 21:08:10,037,527,87,497,484,778,780
2017-08-19 21:08:11,038,528,87,498,484,778,780
2017-08-19 21:08:12,042,529,87,498,484,778,780
2017-08-19 21:08:13,051,530,87,498,484,778,780
2017-08-19 21:08:14,056,531,87,499,484,778,780
2017-08-19 21:08:15,064,532,87,499,485,778,780
2017-08-19 21:08:16,069,533,87,500,485,778,780
2017-08-19 21:08:17,074,534,87,500,485,778,780
2017-08-19 21:08:18,077,535,87,501,485,778,780
2017-08-19 21:08:19,087,536,87,501,485,778,780
2017-08-19 21:08:20,094,537,87,502,486,778,780
2017-08-19 21:08:21,103,538,87,502,485,778,780
2017-08-19 21:08:22,106,539,87,503,486,778,780
2017-08-19 21:08:23,109,540,87,503,486,778,780
2017-08-19 21:08:24,112,541,87,503,486,778,780
2017-08-19 21:08:25,115,542,87,504,486,778,780
2017-08-19 21:08:26,118,543,87,504,486,778,780
2017-08-19 21:08:27,122,544,87,505,485,778,780
2017-08-19 21:08:28,125,545,87,505,485,778,780
2017-08-19 21:08:29,128,546,87,505,485,778,780
2017-08-19 21:08:30,131,547,87,506,485,778,780
2017-08-19 21:08:31,134,548,87,506,485,778,780
2017-08-19 21:08:32,137,549,87,507,486,778,780
2017-08-19 21:08:33,140,550,87,507,486,778,780
2017-08-19 21:08:34,143,551,87,508,486,778,780
2017-08-19 21:08:35,146,552,87,508,486,778,780
2017-08-19 21:08:36,149,553,87,508,486,778,780
2017-08-19 21:08:37,152,554,87,509,486,778,780
2017-08-19 21:08:38,155,555,87,509,487,778,780
2017-08-19 21:08:39,162,556,87,510,487,778,780
2017-08-19 21:08:40,169,557,87,510,487,778,780
2017-08-19 21:08:41,179,558,87,510,487,778,780
2017-08-19 21:08:42,184,559,87,511,488,778,780
2017-08-19 21:08:43,185,560,87,511,488,778,780
2017-08-19 21:08:44,190,561,87,511,488,778,780
2017-08-19 21:08:45,193,562,87,512,488,778,780
2017-08-19 21:08:46,196,563,87,512,488,778,780
2017-08-19 21:08:47,201,564,87,512,489,778,780
2017-08-19 21:08:48,203,565,87,513,489,778,780
2017-08-19 21:08:49,206,566,87,513,489,778,780
2017-08-19 21:08:50,213,567,87,513,490,778,780
2017-08-19 21:08:51,220,568,87,514,490,778,780
2017-08-19 21:08:52,222,569,87,514,490,778,780
2017-08-19 21:08:53,224,570,87,515,490,778,780
2017-08-19 21:08:54,235,571,87,515,490,778,780
2017-08-19 21:08:55,235,572,87,515,490,778,780
2017-08-19 21:08:56,244,573,87,515,491,778,780
2017-08-19 21:08:57,247,574,87,516,491,778,780
2017-08-19 21:08:58,252,575,87,516,491,778,780
2017-08-19 21:08:59,255,576,87,516,491,778,780
2017-08-19 21:09:00,256,577,87,517,492,778,780
2017-08-19 21:09:01,259,578,87,517,490,778,780
2017-08-19 21:09:02,269,579,87,517,489,778,780
2017-08-19 21:09:03,272,580,87,518,487,778,780
2017-08-19 21:09:04,282,581,87,518,485,778,780
2017-08-19 21:09:05,288,582,87,518,484,778,780
2017-08-19 21:09:06,291,583,87,518,482,778,780
2017-08-19 21:09:07,294,584,87,519,481,778,780
2017-08-19 21:09:08,298,585,87,519,480,778,780
2017-08-19 21:09:09,298,586,87,519,479,778,780
2017-08-19 21:09:10,304,587,87,519,477,778,780
2017-08-19 21:09:11,307,588,87,520,476,778,780
2017-08-19 21:09:12,310,589,87,520,475,778,780
2017-08-19 21:09:13,313,590,87,520,473,778,780
2017-08-19 21:09:14,315,591,87,520,472,778,780
2017-08-19 21:09:15,317,592,87,521,471,778,780
2017-08-19 21:09:16,325,593,87,521,470,778,780
2017-08-19 21:09:17,327,594,87,521,469,778,780
2017-08-19 21:09:18,332,595,87,521,468,778,780
2017-08-19 21:09:19,341,596,87,521,467,778,780
2017-08-19 21:09:20,342,597,87,521,466,778,780
2017-08-19 21:09:21,353,598,87,522,465,778,780
2017-08-19 21:09:22,356,599,87,522,464,778,780
2017-08-19 21:09:23,360,600,87,522,463,778,780
2017-08-19 21:09:24,363,601,87,522,463,778,780
2017-08-19 21:09:25,366,602,87,522,462,778,780
2017-08-19 21:09:26,368,603,87,523,461,778,780
2017-08-19 21:09:27,373,604,87,523,460,778,780
2017-08-19 21:09:28,381,605,87,523,460,778,780
2017-08-19 21:09:29,387,606,87,523,459,778,780
2017-08-19 21:09:30,388,607,87,523,458,778,780
2017-08-19 21:09:31,399,608,87,523,458,778,780
2017-08-19 21:09:32,405,609,87,524,457,778,780
2017-08-19 21:09:33,408,610,87,524,456,778,780
2017-08-19 21:09:34,410,611,87,524,456,778,780
2017-08-19 21:09:35,414,612,87,524,456,778,780
2017-08-19 21:09:36,417,613,87,524,455,778,780
2017-08-19 21:09:37,420,614,87,524,455,778,780
2017-08-19 21:09:38,423,615,87,525,455,778,780
2017-08-19 21:09:39,426,616,87,525,456,778,780
2017-08-19 21:09:40,429,617,87,525,456,778,780
2017-08-19 21:09:41,433,618,87,525,457,778,780
2017-08-19 21:09:42,435,619,87,525,457,778,780
2017-08-19 21:09:43,438,620,87,525,457,778,780
2017-08-19 21:09:44,441,621,87,525,457,778,780
2017-08-19 21:09:45,445,622,87,525,458,778,780
2017-08-19 21:09:46,447,623,87,526,458,778,780
2017-08-19 21:09:47,454,624,87,526,458,778,780
2017-08-19 21:09:48,465,625,87,526,459,778,780
2017-08-19 21:09:49,470,626,87,526,459,778,780
2017-08-19 21:09:50,477,627,87,526,460,778,780
2017-08-19 21:09:51,480,628,87,526,461,778,780
2017-08-19 21:09:52,481,629,87,527,462,778,780
2017-08-19 21:09:53,486,630,87,527,462,778,780
2017-08-19 21:09:54,489,631,87,527,463,778,780
2017-08-19 21:09:55,492,632,87,527,463,778,780
2017-08-19 21:09:56,500,633,87,527,464,778,780
2017-08-19 21:09:57,500,634,87,527,464,778,780
2017-08-19 21:09:58,501,635,87,527,465,778,780
2017-08-19 21:09:59,504,636,87,528,465,778,780
2017-08-19 21:10:00,505,637,87,528,466,778,780
2017-08-19 21:10:01,507,638,87,528,466,778,780
2017-08-19 21:10:02,514,639,87,528,467,778,780
2017-08-19 21:10:03,521,640,87,529,467,778,780
2017-08-19 21:10:04,523,641,87,529,468,778,780
2017-08-19 21:10:05,529,642,87,529,468,778,780
2017-08-19 21:10:06,537,643,87,529,468,778,780
2017-08-19 21:10:07,545,644,87,529,469,778,780
2017-08-19 21:10:08,546,645,87,529,469,778,780
2017-08-19 21:10:09,552,646,87,530,469,778,780
2017-08-19 21:10:10,553,647,87,530,469,778,780
2017-08-19 21:10:11,558,648,87,530,470,778,780
2017-08-19 21:10:12,561,649,87,530,470,778,780
2017-08-19 21:10:13,564,650,87,530,470,778,780
2017-08-19 21:10:14,567,651,87,531,470,778,780
2017-08-19 21:10:15,571,652,87,531,471,778,780
2017-08-19 21:10:16,573,653,87,531,471,778,780
2017-08-19 21:10:17,576,654,87,531,471,778,780
2017-08-19 21:10:18,585,655,87,532,471,778,780
2017-08-19 21:10:19,589,656,87,532,472,778,780
2017-08-19 21:10:20,592,657,87,532,472,778,780
2017-08-19 21:10:21,592,658,87,532,472,778,780
2017-08-19 21:10:22,594,659,87,533,472,778,780
2017-08-19 21:10:23,605,660,87,533,472,778,780
2017-08-19 21:10:24,608,661,87,533,472,778,780
2017-08-19 21:10:25,609,662,87,533,472,778,780
2017-08-19 21:10:26,611,663,87,533,473,778,780
2017-08-19 21:10:27,613,664,88,534,473,778,780
2017-08-19 21:10:28,620,665,87,534,473,778,780
2017-08-19 21:10:29,624,666,87,534,473,778,780
2017-08-19 21:10:30,633,667,88,534,473,778,780
2017-08-19 21:10:31,636,668,87,534,473,778,780
2017-08-19 21:10:32,639,669,88,535,473,778,780
2017-08-19 21:10:33,642,670,87,535,473,778,780
2017-08-19 21:10:34,648,671,88,535,474,778,780
2017-08-19 21:10:35,651,672,88,535,474,778,780
2017-08-19 21:10:36,654,673,87,535,474,778,780
2017-08-19 21:10:37,656,674,88,536,474,778,780
2017-08-19 21:10:38,657,675,87,536,474,778,780
2017-08-19 21:10:39,661,676,88,536,474,778,780
2017-08-19 21:10:40,664,677,87,536,474,778,780
2017-08-19 21:10:41,669,678,87,537,474,778,780
2017-08-19 21:10:42,670,679,88,537,474,778,780
2017-08-19 21:10:43,673,680,88,537,474,778,780
2017-08-19 21:10:44,676,681,88,537,474,778,780
2017-08-19 21:10:45,676,682,88,537,474,778,780
2017-08-19 21:10:46,680,683,88,537,474,778,780
2017-08-19 21:10:47,685,684,88,538,474,778,780
2017-08-19 21:10:48,688,685,88,538,475,778,780
2017-08-19 21:10:49,691,686,88,538,475,778,780
2017-08-19 21:10:50,693,687,88,538,475,778,780
2017-08-19 21:10:51,697,688,88,539,475,778,780
2017-08-19 21:10:52,700,689,88,539,475,778,780
2017-08-19 21:10:53,703,690,88,539,475,778,780
2017-08-19 21:10:54,707,691,88,539,475,778,780
2017-08-19 21:10:55,710,692,88,540,476,778,780
2017-08-19 21:10:56,711,693,88,540,476,778,780
2017-08-19 21:10:57,714,694,88,540,476,778,780
2017-08-19 21:10:58,716,695,88,540,476,778,780
2017-08-19 21:10:59,717,696,88,541,476,778,780
2017-08-19 21:11:00,720,697,88,541,476,778,780
2017-08-19 21:11:01,730,698,88,541,477,778,780
2017-08-19 21:11:02,732,699,88,542,477,778,780
2017-08-19 21:11:03,734,700,88,542,477,778,780
2017-08-19 21:11:04,737,701,88,542,477,778,780
2017-08-19 21:11:05,740,702,88,542,477,778,780
2017-08-19 21:11:06,746,703,88,542,477,778,780
2017-08-19 21:11:07,755,704,88,543,477,778,780
2017-08-19 21:11:08,760,705,88,543,477,778,780
2017-08-19 21:11:09,769,706,88,543,477,778,780
2017-08-19 21:11:10,772,707,88,544,477,778,780
2017-08-19 21:11:11,774,708,88,544,477,778,780
2017-08-19 21:11:12,777,709,88,544,478,778,780
2017-08-19 21:11:13,782,710,88,544,478,778,780
2017-08-19 21:11:14,782,711,88,545,478,778,780
2017-08-19 21:11:15,788,712,88,545,478,778,780
2017-08-19 21:11:16,789,713,88,545,478,778,780
2017-08-19 21:11:17,797,714,88,546,478,778,780
2017-08-19 21:11:18,806,715,88,546,478,778,780
2017-08-19 21:11:19,816,716,88,546,478,778,780
2017-08-19 21:11:20,822,717,88,546,478,778,780
2017-08-19 21:11:21,823,718,88,547,478,778,780
2017-08-19 21:11:22,831,719,88,547,478,778,780
2017-08-19 21:11:23,833,720,88,547,479,778,780
2017-08-19 21:11:24,838,721,88,547,479,778,780
2017-08-19 21:11:25,847,722,88,548,479,778,780
2017-08-19 21:11:26,852,723,88,548,479,778,780
2017-08-19 21:11:27,858,724,88,548,479,778,780
2017-08-19 21:11:28,868,725,88,548,479,778,780
2017-08-19 21:11:29,871,726,88,549,479,778,780
2017-08-19 21:11:30,881,727,88,549,479,778,780
2017-08-19 21:11:31,889,728,88,549,479,778,780
2017-08-19 21:11:32,895,729,88,550,478,778,780
2017-08-19 21:11:33,897,730,88,550,478,778,780
2017-08-19 21:11:34,899,731,88,550,477,778,780
2017-08-19 21:11:35,901,732,88,550,477,778,780
2017-08-19 21:11:36,911,733,88,551,476,778,780
2017-08-19 21:11:37,912,734,88,551,476,778,780
2017-08-19 21:11:38,923,735,88,551,475,778,780
2017-08-19 21:11:39,928,736,88,551,475,778,780
2017-08-19 21:11:40,931,737,88,551,475,778,780
2017-08-19 21:11:41,934,738,88,552,474,778,780
2017-08-19 21:11:42,937,739,88,552,474,778,780
2017-08-19 21:11:43,941,740,88,552,474,778,780
2017-08-19 21:11:44,944,741,88,552,474,778,780
2017-08-19 21:11:45,944,742,88,553,473,778,780
2017-08-19 21:11:46,946,743,88,553,473,778,780
2017-08-19 21:11:47,953,744,88,553,473,778,780
2017-08-19 21:11:48,964,745,88,553,473,778,780
2017-08-19 21:11:49,975,746,88,554,473,778,780
2017-08-19 21:11:50,979,747,88,554,472,778,780
2017-08-19 21:11:51,982,748,88,554,472,778,780
2017-08-19 21:11:52,983,749,88,554,472,778,780
2017-08-19 21:11:53,985,750,88,554,472,778,780
2017-08-19 21:11:54,986,751,88,555,471,778,780
2017-08-19 21:11:55,994,752,88,555,471,778,780
2017-08-19 21:11:56,997,753,88,555,471,778,780
2017-08-19 21:11:58,000,754,88,555,471,778,780
2017-08-19 21:11:59,003,755,88,555,471,778,780
2017-08-19 21:12:00,004,756,88,555,470,778,780
2017-08-19 21:12:01,009,758,88,555,470,778,780
2017-08-19 21:12:02,013,759,88,556,470,778,780
2017-08-19 21:12:03,016,760,88,556,470,778,780
2017-08-19 21:12:04,022,761,88,556,469,778,780
2017-08-19 21:12:05,033,762,88,556,469,778,780
2017-08-19 21:12:06,042,763,88,557,469,778,780
2017-08-19 21:12:07,050,764,88,557,469,778,780
2017-08-19 21:12:08,052,765,88,557,469,778,780
2017-08-19 21:12:09,056,766,88,557,469,778,780
2017-08-19 21:12:10,064,767,88,557,469,778,780
2017-08-19 21:12:11,068,768,88,557,468,778,780
2017-08-19 21:12:12,074,769,88,557,468,778,780
2017-08-19 21:12:13,080,770,88,558,468,778,780
2017-08-19 21:12:14,088,771,88,558,468,778,780
2017-08-19 21:12:15,093,772,88,558,467,778,780
2017-08-19 21:12:16,094,773,88,558,467,778,780
2017-08-19 21:12:17,095,774,88,558,467,778,780
2017-08-19 21:12:18,098,775,88,559,467,778,780
2017-08-19 21:12:19,103,776,88,559,467,778,780
2017-08-19 21:12:20,108,777,88,559,467,778,780
2017-08-19 21:12:21,119,778,88,559,467,778,780
2017-08-19 21:12:22,128,779,88,559,467,778,780
2017-08-19 21:12:23,131,780,88,559,467,778,780
2017-08-19 21:12:24,141,781,88,560,467,778,780
2017-08-19 21:12:25,147,782,88,560,467,778,780
2017-08-19 21:12:26,157,783,88,560,466,778,780
2017-08-19 21:12:27,165,784,88,560,465,778,780
2017-08-19 21:12:28,171,785,88,560,464,778,780
2017-08-19 21:12:29,174,786,88,560,463,778,780
2017-08-19 21:12:30,181,787,88,561,462,778,780
2017-08-19 21:12:31,185,788,88,561,461,778,780
2017-08-19 21:12:32,188,789,88,561,460,778,780
2017-08-19 21:12:33,190,790,88,561,460,778,780
2017-08-19 21:12:34,197,791,88,561,458,778,780
2017-08-19 21:12:35,206,792,88,561,458,778,780
2017-08-19 21:12:36,215,793,88,561,457,778,780
2017-08-19 21:12:37,220,794,88,561,456,778,780
2017-08-19 21:12:38,223,795,88,562,455,778,780
2017-08-19 21:12:39,227,796,88,562,454,778,780
2017-08-19 21:12:40,234,797,88,562,453,778,780
2017-08-19 21:12:41,245,798,88,562,453,778,780
2017-08-19 21:12:42,252,799,88,562,452,778,780
2017-08-19 21:12:43,254,800,88,562,451,778,780
2017-08-19 21:12:44,258,801,88,562,451,778,780
2017-08-19 21:12:45,261,802,88,562,450,778,780
2017-08-19 21:12:46,269,803,88,562,450,778,780
2017-08-19 21:12:47,272,804,88,561,450,778,780
2017-08-19 21:12:48,277,805,88,559,450,778,780
2017-08-19 21:12:49,280,806,88,557,450,778,780
2017-08-19 21:12:50,283,807,88,555,448,778,780
2017-08-19 21:12:51,294,808,88,551,447,778,780
2017-08-19 21:12:52,300,809,88,548,444,778,780
2017-08-19 21:12:53,310,810,88,545,442,778,780
2017-08-19 21:12:54,312,811,88,542,440,778,780
2017-08-19 21:12:55,315,812,88,540,438,778,780
2017-08-19 21:12:56,326,813,88,537,436,778,780
2017-08-19 21:12:57,332,814,88,534,434,778,780
2017-08-19 21:12:58,335,815,88,534,434,778,780
2017-08-19 21:12:59,338,816,88,532,432,778,780
2017-08-19 21:13:00,341,817,88,530,431,778,780
2017-08-19 21:13:01,342,818,88,529,430,778,780
2017-08-19 21:13:02,345,819,88,528,428,778,780
2017-08-19 21:13:03,349,820,88,526,427,778,780
2017-08-19 21:13:04,353,821,88,524,425,778,780
2017-08-19 21:13:05,356,822,88,523,424,778,780
2017-08-19 21:13:06,367,823,88,521,423,777,780
2017-08-19 21:13:07,377,824,88,520,422,778,780
2017-08-19 21:13:08,388,825,88,519,421,778,780
2017-08-19 21:13:09,396,826,88,517,419,778,780
2017-08-19 21:13:10,405,827,88,516,418,778,780
2017-08-19 21:13:11,413,828,88,514,417,778,780
2017-08-19 21:13:12,414,829,88,512,416,778,780
2017-08-19 21:13:13,419,830,88,511,415,778,780
2017-08-19 21:13:14,429,831,88,510,415,778,780
2017-08-19 21:13:15,437,832,88,508,414,778,780
2017-08-19 21:13:16,440,833,88,507,413,778,780
2017-08-19 21:13:17,444,834,88,506,412,778,780
2017-08-19 21:13:18,447,835,88,504,411,778,780
2017-08-19 21:13:19,451,836,88,503,410,778,780
2017-08-19 21:13:20,453,837,88,502,410,778,780
2017-08-19 21:13:21,456,838,88,500,409,778,780
2017-08-19 21:13:22,465,839,88,499,408,778,780
2017-08-19 21:13:23,466,840,88,498,408,778,780
