2016-09-19 19:19:39,339,coffee,datetime,ms,seconds,ambient_temp,thermocouple_0_temp,thermocouple_1_temp,thermocouple_2_temp,thermocouple_3_temp
2016-09-19 19:19:41,420,2,85,519,438,780,782
2016-09-19 19:19:42,424,3,85,511,433,780,782
2016-09-19 19:19:43,428,4,85,499,427,780,782
2016-09-19 19:19:44,433,5,85,486,421,780,782
2016-09-19 19:19:45,436,6,85,474,415,780,782
2016-09-19 19:19:46,441,7,85,463,411,780,782
2016-09-19 19:19:47,447,8,85,451,408,780,782
2016-09-19 19:19:48,450,9,85,441,405,780,782
2016-09-19 19:19:49,456,10,85,431,403,780,782
2016-09-19 19:19:50,462,11,85,420,401,780,782
2016-09-19 19:19:51,464,12,85,411,399,780,782
2016-09-19 19:19:52,467,13,85,402,397,780,782
2016-09-19 19:19:53,470,14,85,394,395,780,782
2016-09-19 19:19:54,475,15,85,386,393,780,782
2016-09-19 19:19:55,479,16,85,378,392,780,782
2016-09-19 19:19:56,484,17,85,371,390,780,782
2016-09-19 19:19:57,488,18,85,363,388,780,782
2016-09-19 19:19:58,492,19,85,356,387,780,782
2016-09-19 19:19:59,496,20,85,349,386,780,782
2016-09-19 19:20:00,500,21,85,343,384,780,782
2016-09-19 19:20:01,504,22,85,337,383,780,782
2016-09-19 19:20:02,509,23,85,332,382,780,782
2016-09-19 19:20:03,513,24,85,326,381,780,782
2016-09-19 19:20:04,518,25,85,321,380,780,782
2016-09-19 19:20:05,523,26,85,315,379,780,782
2016-09-19 19:20:06,527,27,85,310,378,780,782
2016-09-19 19:20:07,530,28,85,306,377,780,782
2016-09-19 19:20:08,535,29,85,301,376,780,782
2016-09-19 19:20:09,540,30,85,297,376,780,782
2016-09-19 19:20:10,545,31,85,293,375,780,782
2016-09-19 19:20:11,547,32,85,289,375,780,782
2016-09-19 19:20:12,551,33,85,286,375,780,782
2016-09-19 19:20:13,555,34,85,282,375,780,782
2016-09-19 19:20:14,560,35,85,278,375,780,782
2016-09-19 19:20:15,564,36,85,275,374,780,782
2016-09-19 19:20:16,568,37,85,272,374,780,782
2016-09-19 19:20:17,572,38,85,269,374,780,782
2016-09-19 19:20:18,577,39,85,266,374,780,782
2016-09-19 19:20:19,581,40,85,263,374,780,782
2016-09-19 19:20:20,585,41,85,261,374,780,782
2016-09-19 19:20:21,589,42,85,259,374,780,782
2016-09-19 19:20:22,594,43,85,256,374,780,782
2016-09-19 19:20:23,598,44,85,254,374,780,782
2016-09-19 19:20:24,602,45,85,252,374,780,782
2016-09-19 19:20:25,606,46,85,250,374,780,782
2016-09-19 19:20:26,611,47,85,249,374,780,782
2016-09-19 19:20:27,615,48,85,247,374,780,782
2016-09-19 19:20:28,619,49,85,245,374,780,782
2016-09-19 19:20:29,623,50,85,244,374,780,782
2016-09-19 19:20:30,627,51,85,242,374,780,782
2016-09-19 19:20:31,631,52,85,241,374,780,782
2016-09-19 19:20:32,636,53,85,240,374,780,782
2016-09-19 19:20:33,640,54,85,239,374,780,782
2016-09-19 19:20:34,644,55,85,237,374,780,782
2016-09-19 19:20:35,649,56,85,236,374,780,782
2016-09-19 19:20:36,654,57,85,235,374,780,782
2016-09-19 19:20:37,657,58,85,234,374,780,782
2016-09-19 19:20:38,661,59,85,233,374,780,782
2016-09-19 19:20:39,665,60,85,232,374,780,782
2016-09-19 19:20:40,670,61,85,232,374,780,782
2016-09-19 19:20:41,676,62,85,231,375,780,782
2016-09-19 19:20:42,679,63,85,230,375,780,782
2016-09-19 19:20:43,684,64,85,230,375,780,782
2016-09-19 19:20:44,687,65,85,229,376,780,782
2016-09-19 19:20:45,691,66,85,229,376,780,782
2016-09-19 19:20:46,696,67,85,228,376,780,782
2016-09-19 19:20:47,699,68,85,228,377,780,782
2016-09-19 19:20:48,704,69,85,228,377,780,782
2016-09-19 19:20:49,708,70,85,227,378,780,782
2016-09-19 19:20:50,713,71,85,227,378,780,782
2016-09-19 19:20:51,716,72,85,227,378,780,782
2016-09-19 19:20:52,721,73,85,227,379,780,782
2016-09-19 19:20:53,725,74,85,227,379,780,782
2016-09-19 19:20:54,729,75,85,227,379,780,782
2016-09-19 19:20:55,733,76,85,227,379,780,782
2016-09-19 19:20:56,738,77,85,227,380,780,782
2016-09-19 19:20:57,743,78,85,226,380,780,782
2016-09-19 19:20:58,747,79,85,226,380,780,782
2016-09-19 19:20:59,751,80,85,226,380,780,782
2016-09-19 19:21:00,755,81,85,227,381,780,782
2016-09-19 19:21:01,759,82,85,227,381,780,782
2016-09-19 19:21:02,764,83,85,227,381,780,782
2016-09-19 19:21:03,768,84,85,227,382,780,782
2016-09-19 19:21:04,772,85,85,228,382,780,782
2016-09-19 19:21:05,776,86,85,228,382,780,782
2016-09-19 19:21:06,781,87,85,228,382,780,782
2016-09-19 19:21:07,786,88,85,228,382,780,782
2016-09-19 19:21:08,789,89,85,229,383,780,782
2016-09-19 19:21:09,793,90,85,229,383,780,782
2016-09-19 19:21:10,797,91,85,229,383,780,782
2016-09-19 19:21:11,801,92,85,230,384,780,782
2016-09-19 19:21:12,807,93,85,230,384,780,782
2016-09-19 19:21:13,810,94,85,231,385,780,782
2016-09-19 19:21:14,814,95,85,231,385,780,782
2016-09-19 19:21:15,818,96,85,231,385,780,782
2016-09-19 19:21:16,823,97,85,232,386,780,782
2016-09-19 19:21:17,826,98,85,232,386,780,782
2016-09-19 19:21:18,831,99,85,233,386,780,782
2016-09-19 19:21:19,835,100,85,233,387,780,782
2016-09-19 19:21:20,840,101,85,234,387,780,782
2016-09-19 19:21:21,844,102,85,234,388,780,782
2016-09-19 19:21:22,848,103,85,235,388,780,782
2016-09-19 19:21:23,852,104,85,235,388,780,782
2016-09-19 19:21:24,857,105,85,236,389,780,782
2016-09-19 19:21:25,862,106,85,237,389,780,782
2016-09-19 19:21:26,866,107,85,237,390,780,782
2016-09-19 19:21:27,869,108,85,238,390,780,782
2016-09-19 19:21:28,874,109,85,238,391,780,782
2016-09-19 19:21:29,878,110,85,239,391,780,782
2016-09-19 19:21:30,882,111,85,240,391,780,782
2016-09-19 19:21:31,886,112,85,240,392,780,782
2016-09-19 19:21:32,892,113,85,241,392,780,782
2016-09-19 19:21:33,897,114,85,242,392,780,782
2016-09-19 19:21:34,899,115,85,242,393,780,782
2016-09-19 19:21:35,903,116,85,243,393,780,782
2016-09-19 19:21:36,907,117,85,244,393,780,782
2016-09-19 19:21:37,913,118,85,244,393,780,782
2016-09-19 19:21:38,916,119,85,245,394,780,782
2016-09-19 19:21:39,920,120,85,245,394,780,782
2016-09-19 19:21:40,925,121,85,246,394,780,782
2016-09-19 19:21:41,928,122,85,247,395,780,782
2016-09-19 19:21:42,933,123,85,247,395,780,782
2016-09-19 19:21:43,937,124,85,248,396,780,782
2016-09-19 19:21:44,942,125,85,249,396,780,782
2016-09-19 19:21:45,945,126,85,249,397,780,782
2016-09-19 19:21:46,950,127,85,250,397,780,782
2016-09-19 19:21:47,954,128,85,251,397,780,782
2016-09-19 19:21:48,958,129,85,252,398,780,782
2016-09-19 19:21:49,962,130,85,252,398,780,782
2016-09-19 19:21:50,967,131,85,253,399,780,782
2016-09-19 19:21:51,971,132,85,254,399,780,782
2016-09-19 19:21:52,975,133,85,254,400,780,782
2016-09-19 19:21:53,979,134,85,255,400,780,782
2016-09-19 19:21:54,984,135,85,256,401,780,782
2016-09-19 19:21:55,988,136,85,256,401,780,782
2016-09-19 19:21:56,993,137,85,257,401,780,782
2016-09-19 19:21:57,998,138,85,258,402,780,782
2016-09-19 19:21:59,001,139,85,259,402,780,782
2016-09-19 19:22:00,008,140,85,259,403,780,782
2016-09-19 19:22:01,012,141,85,260,403,780,782
2016-09-19 19:22:02,014,142,85,261,403,780,782
2016-09-19 19:22:03,018,143,85,262,404,780,782
2016-09-19 19:22:04,021,144,85,262,404,780,782
2016-09-19 19:22:05,026,145,85,263,405,780,782
2016-09-19 19:22:06,030,146,85,264,405,780,782
2016-09-19 19:22:07,035,147,85,264,405,780,782
2016-09-19 19:22:08,040,148,85,265,406,780,782
2016-09-19 19:22:09,043,149,85,266,406,780,782
2016-09-19 19:22:10,049,150,85,266,406,780,782
2016-09-19 19:22:11,054,151,85,267,407,780,782
2016-09-19 19:22:12,055,152,85,268,407,780,782
2016-09-19 19:22:13,060,153,85,269,407,780,782
2016-09-19 19:22:14,064,154,85,270,408,780,782
2016-09-19 19:22:15,070,155,85,270,408,780,782
2016-09-19 19:22:16,073,156,85,271,408,780,782
2016-09-19 19:22:17,078,157,85,272,408,780,782
2016-09-19 19:22:18,081,158,85,272,409,780,782
2016-09-19 19:22:19,086,159,85,273,409,780,782
2016-09-19 19:22:20,089,160,85,274,409,780,782
2016-09-19 19:22:21,094,161,85,275,410,780,782
2016-09-19 19:22:22,098,162,85,276,410,780,782
2016-09-19 19:22:23,103,163,85,276,410,780,782
2016-09-19 19:22:24,106,164,85,277,410,780,782
2016-09-19 19:22:25,111,165,85,278,410,780,782
2016-09-19 19:22:26,115,166,85,278,410,780,782
2016-09-19 19:22:27,120,167,85,279,411,780,782
2016-09-19 19:22:28,123,168,85,280,411,780,782
2016-09-19 19:22:29,128,169,85,280,411,780,782
2016-09-19 19:22:30,132,170,85,281,412,780,782
2016-09-19 19:22:31,137,171,85,282,412,780,782
2016-09-19 19:22:32,140,172,85,283,412,780,782
2016-09-19 19:22:33,145,173,85,283,412,780,782
2016-09-19 19:22:34,149,174,85,284,413,780,782
2016-09-19 19:22:35,154,175,85,285,413,780,782
2016-09-19 19:22:36,157,176,85,286,413,780,782
2016-09-19 19:22:37,162,177,85,286,413,780,782
2016-09-19 19:22:38,166,178,85,287,414,780,782
2016-09-19 19:22:39,171,179,85,288,414,780,782
2016-09-19 19:22:40,174,180,85,288,414,780,782
2016-09-19 19:22:41,179,181,85,289,414,780,782
2016-09-19 19:22:42,184,182,85,290,415,780,782
2016-09-19 19:22:43,187,183,85,291,415,780,782
2016-09-19 19:22:44,191,184,85,291,415,780,782
2016-09-19 19:22:45,196,185,85,292,416,780,782
2016-09-19 19:22:46,200,186,85,293,416,780,782
2016-09-19 19:22:47,205,187,85,293,416,780,782
2016-09-19 19:22:48,208,188,85,294,416,780,782
2016-09-19 19:22:49,213,189,85,295,417,780,782
2016-09-19 19:22:50,217,190,85,295,417,780,782
2016-09-19 19:22:51,221,191,85,296,417,780,782
2016-09-19 19:22:52,225,192,85,297,417,780,782
2016-09-19 19:22:53,230,193,85,298,417,780,782
2016-09-19 19:22:54,234,194,85,298,418,780,782
2016-09-19 19:22:55,238,195,85,299,418,780,782
2016-09-19 19:22:56,242,196,85,300,418,780,782
2016-09-19 19:22:57,247,197,85,300,418,780,782
2016-09-19 19:22:58,251,198,85,301,418,780,782
2016-09-19 19:22:59,255,199,85,302,419,780,782
2016-09-19 19:23:00,259,200,85,303,419,780,782
2016-09-19 19:23:01,264,201,85,303,419,780,782
2016-09-19 19:23:02,271,202,85,304,419,780,782
2016-09-19 19:23:03,272,203,85,304,419,780,782
2016-09-19 19:23:04,276,204,85,305,420,780,782
2016-09-19 19:23:05,281,205,85,306,420,780,782
2016-09-19 19:23:06,284,206,85,307,420,780,782
2016-09-19 19:23:07,289,207,85,307,420,780,782
2016-09-19 19:23:08,293,208,85,308,421,780,782
2016-09-19 19:23:09,298,209,85,309,421,780,782
2016-09-19 19:23:10,301,210,85,309,421,780,782
2016-09-19 19:23:11,306,211,85,310,421,780,782
2016-09-19 19:23:12,310,212,85,311,421,780,782
2016-09-19 19:23:13,315,213,85,311,421,780,782
2016-09-19 19:23:14,318,214,85,312,422,780,782
2016-09-19 19:23:15,323,215,85,313,422,780,782
2016-09-19 19:23:16,327,216,85,313,422,780,782
2016-09-19 19:23:17,332,217,85,314,422,780,782
2016-09-19 19:23:18,336,218,85,315,423,780,782
2016-09-19 19:23:19,340,220,85,315,423,780,782
2016-09-19 19:23:20,345,221,85,316,423,780,782
2016-09-19 19:23:21,348,222,85,316,423,780,782
2016-09-19 19:23:22,352,223,85,317,424,780,782
2016-09-19 19:23:23,357,224,85,318,424,780,782
2016-09-19 19:23:24,361,225,85,319,424,780,782
2016-09-19 19:23:25,366,226,85,319,424,780,782
2016-09-19 19:23:26,369,227,85,320,424,780,782
2016-09-19 19:23:27,374,228,85,320,425,780,782
2016-09-19 19:23:28,378,229,85,321,425,780,782
2016-09-19 19:23:29,383,230,85,322,425,780,782
2016-09-19 19:23:30,386,231,85,322,425,780,782
2016-09-19 19:23:31,391,232,85,323,425,780,782
2016-09-19 19:23:32,395,233,85,324,425,780,782
2016-09-19 19:23:33,400,234,85,324,425,780,782
2016-09-19 19:23:34,403,235,85,325,426,780,782
2016-09-19 19:23:35,408,236,85,325,426,780,782
2016-09-19 19:23:36,412,237,85,326,426,780,782
2016-09-19 19:23:37,417,238,85,327,426,780,782
2016-09-19 19:23:38,420,239,85,327,427,780,782
2016-09-19 19:23:39,425,240,85,328,427,780,782
2016-09-19 19:23:40,429,241,85,328,427,780,782
2016-09-19 19:23:41,433,242,85,329,427,780,782
2016-09-19 19:23:42,437,243,85,330,427,780,782
2016-09-19 19:23:43,442,244,85,330,428,780,782
2016-09-19 19:23:44,447,245,85,331,428,780,782
2016-09-19 19:23:45,451,246,85,331,428,780,782
2016-09-19 19:23:46,454,247,85,332,428,780,782
2016-09-19 19:23:47,459,248,85,333,429,780,782
2016-09-19 19:23:48,462,249,85,333,429,780,782
2016-09-19 19:23:49,467,250,85,334,429,780,782
2016-09-19 19:23:50,471,251,85,334,429,780,782
2016-09-19 19:23:51,476,252,85,335,430,780,782
2016-09-19 19:23:52,480,253,85,336,430,780,782
2016-09-19 19:23:53,484,254,85,336,430,780,782
2016-09-19 19:23:54,488,255,85,337,430,780,782
2016-09-19 19:23:55,492,256,85,337,431,780,782
2016-09-19 19:23:56,497,257,85,338,431,780,782
2016-09-19 19:23:57,501,258,85,339,431,780,782
2016-09-19 19:23:58,505,259,85,339,431,780,782
2016-09-19 19:23:59,510,260,85,340,432,780,782
2016-09-19 19:24:00,515,261,85,340,432,780,782
2016-09-19 19:24:01,518,262,85,341,432,780,782
2016-09-19 19:24:02,522,263,85,341,432,780,782
2016-09-19 19:24:03,527,264,85,342,432,780,782
2016-09-19 19:24:04,530,265,85,343,433,780,782
2016-09-19 19:24:05,535,266,85,343,432,780,782
2016-09-19 19:24:06,539,267,85,344,432,780,782
2016-09-19 19:24:07,543,268,85,344,432,780,782
2016-09-19 19:24:08,547,269,85,345,432,780,782
2016-09-19 19:24:09,552,270,85,345,433,780,782
2016-09-19 19:24:10,556,271,85,346,433,780,782
2016-09-19 19:24:11,561,272,85,347,433,780,782
2016-09-19 19:24:12,564,273,85,347,434,780,782
2016-09-19 19:24:13,569,274,85,348,434,780,782
2016-09-19 19:24:14,573,275,85,348,434,780,782
2016-09-19 19:24:15,577,276,85,349,435,780,782
2016-09-19 19:24:16,581,277,85,349,435,780,782
2016-09-19 19:24:17,586,278,85,350,435,780,782
2016-09-19 19:24:18,591,279,85,350,435,780,782
2016-09-19 19:24:19,594,280,85,351,435,780,782
2016-09-19 19:24:20,598,281,85,351,435,780,782
2016-09-19 19:24:21,603,282,85,352,435,780,782
2016-09-19 19:24:22,608,283,85,353,435,780,782
2016-09-19 19:24:23,611,284,85,353,435,780,782
2016-09-19 19:24:24,615,285,85,354,436,780,782
2016-09-19 19:24:25,620,286,85,354,436,780,782
2016-09-19 19:24:26,624,287,85,355,436,780,782
2016-09-19 19:24:27,628,288,85,355,436,780,782
2016-09-19 19:24:28,633,289,85,356,436,780,782
2016-09-19 19:24:29,637,290,85,356,436,780,782
2016-09-19 19:24:30,640,291,85,357,436,780,782
2016-09-19 19:24:31,645,292,85,357,436,780,782
2016-09-19 19:24:32,649,293,85,358,437,780,782
2016-09-19 19:24:33,654,294,85,358,437,780,782
2016-09-19 19:24:34,658,295,85,359,437,780,782
2016-09-19 19:24:35,662,296,85,359,437,780,782
2016-09-19 19:24:36,666,297,85,360,438,780,782
2016-09-19 19:24:37,671,298,85,360,438,780,782
2016-09-19 19:24:38,675,299,85,361,438,780,782
2016-09-19 19:24:39,679,300,85,361,438,780,782
2016-09-19 19:24:40,683,301,85,362,439,780,782
2016-09-19 19:24:41,688,302,85,362,439,780,782
2016-09-19 19:24:42,692,303,85,363,439,780,782
2016-09-19 19:24:43,696,304,85,363,439,780,782
2016-09-19 19:24:44,700,305,85,364,439,780,782
2016-09-19 19:24:45,705,306,85,364,440,780,782
2016-09-19 19:24:46,709,307,85,365,440,780,782
2016-09-19 19:24:47,713,308,85,365,440,780,782
2016-09-19 19:24:48,717,309,85,366,440,780,782
2016-09-19 19:24:49,722,310,85,367,440,780,782
2016-09-19 19:24:50,726,311,85,367,441,780,782
2016-09-19 19:24:51,730,312,85,367,441,780,782
2016-09-19 19:24:52,734,313,85,368,441,780,782
2016-09-19 19:24:53,739,314,85,369,442,780,782
2016-09-19 19:24:54,742,315,85,369,442,780,782
2016-09-19 19:24:55,747,316,85,370,442,780,782
2016-09-19 19:24:56,751,317,85,370,442,780,782
2016-09-19 19:24:57,756,318,85,371,443,780,782
2016-09-19 19:24:58,759,319,85,371,443,780,782
2016-09-19 19:24:59,764,320,85,372,443,780,782
2016-09-19 19:25:00,768,321,85,372,443,780,782
2016-09-19 19:25:01,773,322,85,372,444,780,782
2016-09-19 19:25:02,776,323,85,373,444,780,782
2016-09-19 19:25:03,781,324,85,374,444,780,782
2016-09-19 19:25:04,785,325,85,374,444,780,782
2016-09-19 19:25:05,789,326,85,374,444,780,782
2016-09-19 19:25:06,793,327,85,375,445,780,782
2016-09-19 19:25:07,798,328,85,375,445,780,782
2016-09-19 19:25:08,802,329,85,376,445,780,782
2016-09-19 19:25:09,807,330,85,377,445,780,782
2016-09-19 19:25:10,810,331,85,377,446,780,782
2016-09-19 19:25:11,815,332,85,378,446,780,782
2016-09-19 19:25:12,819,333,85,378,446,780,782
2016-09-19 19:25:13,823,334,85,379,446,780,782
2016-09-19 19:25:14,827,335,85,379,446,780,782
2016-09-19 19:25:15,832,336,85,380,447,780,782
2016-09-19 19:25:16,837,337,85,380,447,780,782
2016-09-19 19:25:17,841,338,85,381,447,780,782
2016-09-19 19:25:18,844,339,85,381,447,780,782
2016-09-19 19:25:19,849,340,85,381,447,780,782
2016-09-19 19:25:20,853,341,85,382,448,780,782
2016-09-19 19:25:21,857,342,85,382,448,780,782
2016-09-19 19:25:22,861,343,85,383,448,780,782
2016-09-19 19:25:23,866,344,85,383,448,780,782
2016-09-19 19:25:24,871,345,85,384,448,780,782
2016-09-19 19:25:25,874,346,85,384,449,780,782
2016-09-19 19:25:26,880,347,85,385,449,780,782
2016-09-19 19:25:27,883,348,85,385,449,780,782
2016-09-19 19:25:28,888,349,85,386,449,780,782
2016-09-19 19:25:29,891,350,85,386,449,780,782
2016-09-19 19:25:30,895,351,85,387,450,780,782
2016-09-19 19:25:31,900,352,85,387,450,780,782
2016-09-19 19:25:32,904,353,85,388,450,780,782
2016-09-19 19:25:33,908,354,85,388,450,780,782
2016-09-19 19:25:34,912,355,85,389,450,780,782
2016-09-19 19:25:35,917,356,85,389,450,780,782
2016-09-19 19:25:36,921,357,85,390,451,780,782
2016-09-19 19:25:37,925,358,85,390,451,780,782
2016-09-19 19:25:38,930,359,85,391,451,780,782
2016-09-19 19:25:39,935,360,85,391,451,780,782
2016-09-19 19:25:40,937,361,85,392,451,780,782
2016-09-19 19:25:41,942,362,85,392,451,780,782
2016-09-19 19:25:42,946,363,85,393,451,780,782
2016-09-19 19:25:43,951,364,85,393,451,780,782
2016-09-19 19:25:44,954,365,85,393,452,780,782
2016-09-19 19:25:45,959,366,85,394,452,780,782
2016-09-19 19:25:46,963,367,85,394,452,780,782
2016-09-19 19:25:47,968,368,85,395,452,780,782
2016-09-19 19:25:48,973,369,85,395,452,780,782
2016-09-19 19:25:49,976,370,85,396,452,780,782
2016-09-19 19:25:50,980,371,85,396,452,780,782
2016-09-19 19:25:51,985,372,85,397,453,780,782
2016-09-19 19:25:52,988,373,85,397,453,780,782
2016-09-19 19:25:53,993,374,85,397,453,780,782
2016-09-19 19:25:54,997,375,85,398,453,780,782
2016-09-19 19:25:56,002,376,85,398,453,780,782
2016-09-19 19:25:57,005,377,85,399,453,780,782
2016-09-19 19:25:58,010,378,85,399,453,780,782
2016-09-19 19:25:59,014,379,85,400,454,780,782
2016-09-19 19:26:00,018,380,85,400,454,780,782
2016-09-19 19:26:01,022,381,85,401,454,780,782
2016-09-19 19:26:02,027,382,85,401,454,780,782
2016-09-19 19:26:03,031,383,85,401,454,780,782
2016-09-19 19:26:04,036,384,85,402,454,780,782
2016-09-19 19:26:05,039,385,85,402,454,780,782
2016-09-19 19:26:06,044,386,85,403,454,780,782
2016-09-19 19:26:07,048,387,85,403,454,780,782
2016-09-19 19:26:08,053,388,85,404,454,780,782
2016-09-19 19:26:09,056,389,85,404,455,780,782
2016-09-19 19:26:10,061,390,85,405,455,780,782
2016-09-19 19:26:11,065,391,85,405,455,780,782
2016-09-19 19:26:12,069,392,85,405,455,780,782
2016-09-19 19:26:13,073,393,85,406,455,780,782
2016-09-19 19:26:14,078,394,85,406,455,780,782
2016-09-19 19:26:15,081,395,85,407,455,780,782
2016-09-19 19:26:16,086,396,85,407,455,780,782
2016-09-19 19:26:17,090,397,85,407,455,780,782
2016-09-19 19:26:18,095,398,85,408,455,780,782
2016-09-19 19:26:19,101,399,85,408,454,780,782
2016-09-19 19:26:20,103,400,85,409,454,780,782
2016-09-19 19:26:21,107,401,85,409,454,780,782
2016-09-19 19:26:22,112,402,85,410,455,780,782
2016-09-19 19:26:23,117,403,85,410,455,780,782
2016-09-19 19:26:24,120,404,85,411,455,780,782
2016-09-19 19:26:25,124,405,85,411,455,780,782
2016-09-19 19:26:26,129,406,85,411,456,780,782
2016-09-19 19:26:27,132,407,85,412,456,780,782
2016-09-19 19:26:28,137,408,85,412,456,780,782
2016-09-19 19:26:29,141,409,85,413,457,780,782
2016-09-19 19:26:30,146,410,85,413,457,780,782
2016-09-19 19:26:31,149,411,85,414,457,780,782
2016-09-19 19:26:32,154,412,85,414,457,780,782
2016-09-19 19:26:33,158,413,85,415,457,780,782
2016-09-19 19:26:34,163,414,85,415,457,780,782
2016-09-19 19:26:35,167,415,85,416,458,780,782
2016-09-19 19:26:36,171,416,85,416,458,780,782
2016-09-19 19:26:37,175,417,85,416,458,780,782
2016-09-19 19:26:38,180,418,85,417,458,780,782
2016-09-19 19:26:39,186,419,85,417,459,780,782
2016-09-19 19:26:40,188,420,85,418,459,780,782
2016-09-19 19:26:41,192,421,85,418,459,780,782
2016-09-19 19:26:42,197,422,85,418,459,780,782
2016-09-19 19:26:43,201,423,85,419,459,780,782
2016-09-19 19:26:44,205,424,85,419,460,780,782
2016-09-19 19:26:45,209,425,85,420,460,780,782
2016-09-19 19:26:46,214,426,85,420,460,780,782
2016-09-19 19:26:47,217,427,85,420,460,780,782
2016-09-19 19:26:48,222,428,85,421,460,780,782
2016-09-19 19:26:49,226,429,85,421,460,780,782
2016-09-19 19:26:50,231,430,85,422,461,780,782
2016-09-19 19:26:51,234,431,85,422,461,780,782
2016-09-19 19:26:52,239,432,85,422,461,780,782
2016-09-19 19:26:53,243,433,85,423,461,780,782
2016-09-19 19:26:54,248,434,85,423,461,780,782
2016-09-19 19:26:55,251,435,85,424,461,780,782
2016-09-19 19:26:56,256,436,85,424,462,780,782
2016-09-19 19:26:57,260,437,85,424,462,780,782
2016-09-19 19:26:58,264,438,85,425,462,780,782
2016-09-19 19:26:59,268,439,85,425,462,780,782
2016-09-19 19:27:00,273,440,85,426,462,780,782
2016-09-19 19:27:01,278,441,85,426,462,780,782
2016-09-19 19:27:02,283,442,85,426,462,780,782
2016-09-19 19:27:03,288,443,85,427,463,780,782
2016-09-19 19:27:04,291,444,85,427,463,780,782
2016-09-19 19:27:05,293,445,85,428,463,780,782
2016-09-19 19:27:06,298,446,85,428,463,780,782
2016-09-19 19:27:07,304,447,85,428,463,780,782
2016-09-19 19:27:08,307,448,85,429,463,780,782
2016-09-19 19:27:09,311,449,85,429,463,780,782
2016-09-19 19:27:10,315,450,85,429,464,780,782
2016-09-19 19:27:11,319,451,85,430,464,780,782
2016-09-19 19:27:12,324,452,85,430,464,780,782
2016-09-19 19:27:13,328,453,85,431,464,780,782
2016-09-19 19:27:14,332,454,85,431,464,780,782
2016-09-19 19:27:15,336,455,85,431,464,780,782
2016-09-19 19:27:16,341,457,85,432,464,780,782
2016-09-19 19:27:17,344,458,85,432,465,780,782
2016-09-19 19:27:18,349,459,85,432,465,780,782
2016-09-19 19:27:19,353,460,85,433,465,780,782
2016-09-19 19:27:20,358,461,85,433,465,780,782
2016-09-19 19:27:21,361,462,85,434,465,780,782
2016-09-19 19:27:22,366,463,85,434,465,780,782
2016-09-19 19:27:23,370,464,85,434,466,780,782
2016-09-19 19:27:24,375,465,85,435,466,780,782
2016-09-19 19:27:25,379,466,85,435,466,780,782
2016-09-19 19:27:26,383,467,85,435,466,780,782
2016-09-19 19:27:27,387,468,85,436,466,780,782
2016-09-19 19:27:28,391,469,85,436,466,780,782
2016-09-19 19:27:29,395,470,85,437,467,780,782
2016-09-19 19:27:30,400,471,85,437,467,780,782
2016-09-19 19:27:31,404,472,85,437,467,780,782
2016-09-19 19:27:32,409,473,85,438,467,780,782
2016-09-19 19:27:33,412,474,85,438,467,780,782
2016-09-19 19:27:34,417,475,85,439,468,780,782
2016-09-19 19:27:35,421,476,85,439,468,780,782
2016-09-19 19:27:36,426,477,85,439,468,780,782
2016-09-19 19:27:37,429,478,85,440,467,780,782
2016-09-19 19:27:38,434,479,85,440,467,780,782
2016-09-19 19:27:39,438,480,85,440,468,780,782
2016-09-19 19:27:40,442,481,85,441,468,780,782
2016-09-19 19:27:41,446,482,85,441,468,780,782
2016-09-19 19:27:42,451,483,85,442,468,780,782
2016-09-19 19:27:43,456,484,85,442,469,780,782
2016-09-19 19:27:44,461,485,85,442,469,780,782
2016-09-19 19:27:45,463,486,85,443,469,780,782
2016-09-19 19:27:46,468,487,85,443,469,780,782
2016-09-19 19:27:47,472,488,85,444,469,780,782
2016-09-19 19:27:48,477,489,85,444,469,780,782
2016-09-19 19:27:49,480,490,85,445,470,780,782
2016-09-19 19:27:50,485,491,85,445,470,780,782
2016-09-19 19:27:51,488,492,85,445,470,780,782
2016-09-19 19:27:52,493,493,85,446,470,780,782
2016-09-19 19:27:53,498,494,85,446,470,780,782
2016-09-19 19:27:54,502,495,85,446,470,780,782
2016-09-19 19:27:55,506,496,85,447,470,780,782
2016-09-19 19:27:56,510,497,85,447,470,780,782
2016-09-19 19:27:57,514,498,85,447,471,780,782
2016-09-19 19:27:58,519,499,85,448,471,780,782
2016-09-19 19:27:59,523,500,85,448,471,780,782
2016-09-19 19:28:00,528,501,85,448,471,780,782
2016-09-19 19:28:01,532,502,85,449,471,780,782
2016-09-19 19:28:02,536,503,85,449,472,780,782
2016-09-19 19:28:03,540,504,85,449,472,780,782
2016-09-19 19:28:04,544,505,85,450,472,780,782
2016-09-19 19:28:05,548,506,85,450,472,780,782
2016-09-19 19:28:06,553,507,85,451,472,780,782
2016-09-19 19:28:07,557,508,85,451,472,780,782
2016-09-19 19:28:08,561,509,85,451,473,780,782
2016-09-19 19:28:09,565,510,85,452,473,780,782
2016-09-19 19:28:10,570,511,85,452,473,780,782
2016-09-19 19:28:11,573,512,85,452,473,780,782
2016-09-19 19:28:12,578,513,85,453,473,780,782
2016-09-19 19:28:13,584,514,85,453,473,780,782
2016-09-19 19:28:14,587,515,85,453,473,780,782
2016-09-19 19:28:15,590,516,85,454,474,780,782
2016-09-19 19:28:16,595,517,85,454,474,780,782
2016-09-19 19:28:17,599,518,85,454,474,780,782
2016-09-19 19:28:18,603,519,85,455,474,780,782
2016-09-19 19:28:19,607,520,85,455,474,780,782
2016-09-19 19:28:20,612,521,85,455,474,780,782
2016-09-19 19:28:21,616,522,85,456,474,780,782
2016-09-19 19:28:22,620,523,85,456,475,780,782
2016-09-19 19:28:23,624,524,85,457,475,780,782
2016-09-19 19:28:24,629,525,85,457,475,780,782
2016-09-19 19:28:25,632,526,85,457,475,780,782
2016-09-19 19:28:26,637,527,85,458,475,780,782
2016-09-19 19:28:27,641,528,85,458,476,780,782
2016-09-19 19:28:28,646,529,85,459,476,780,782
2016-09-19 19:28:29,650,530,85,459,476,780,782
2016-09-19 19:28:30,655,531,85,459,476,780,782
2016-09-19 19:28:31,658,532,85,460,476,780,782
2016-09-19 19:28:32,663,533,85,460,477,780,782
2016-09-19 19:28:33,666,534,85,461,477,780,782
2016-09-19 19:28:34,671,535,85,461,477,780,782
2016-09-19 19:28:35,675,536,85,461,477,780,782
2016-09-19 19:28:36,680,537,85,462,477,780,782
2016-09-19 19:28:37,684,538,85,462,477,780,782
2016-09-19 19:28:38,689,539,85,462,477,780,782
2016-09-19 19:28:39,694,540,85,463,477,780,782
2016-09-19 19:28:40,697,541,85,463,477,780,782
2016-09-19 19:28:41,701,542,85,464,478,780,782
2016-09-19 19:28:42,705,543,85,464,478,780,782
2016-09-19 19:28:43,709,544,85,464,478,780,782
2016-09-19 19:28:44,714,545,85,465,478,780,782
2016-09-19 19:28:45,718,546,85,465,478,780,782
2016-09-19 19:28:46,722,547,85,465,478,780,782
2016-09-19 19:28:47,728,548,85,466,479,780,782
2016-09-19 19:28:48,731,549,85,466,479,780,782
2016-09-19 19:28:49,734,550,85,467,479,780,782
2016-09-19 19:28:50,739,551,85,467,479,780,782
2016-09-19 19:28:51,743,552,85,467,479,780,782
2016-09-19 19:28:52,748,553,85,468,479,780,782
2016-09-19 19:28:53,752,554,85,468,480,780,782
2016-09-19 19:28:54,756,555,85,469,480,780,782
2016-09-19 19:28:55,760,556,85,469,479,780,782
2016-09-19 19:28:56,765,557,85,469,479,780,782
2016-09-19 19:28:57,769,558,85,470,479,780,782
2016-09-19 19:28:58,773,559,85,470,479,780,782
2016-09-19 19:28:59,779,560,85,470,480,780,782
2016-09-19 19:29:00,782,561,85,471,480,780,782
2016-09-19 19:29:01,785,562,85,471,480,780,782
2016-09-19 19:29:02,790,563,85,472,480,780,782
2016-09-19 19:29:03,795,564,85,472,481,780,782
2016-09-19 19:29:04,803,565,85,472,481,780,782
2016-09-19 19:29:05,808,566,85,473,481,780,782
2016-09-19 19:29:06,812,567,85,473,481,780,782
2016-09-19 19:29:07,817,568,85,473,481,780,782
2016-09-19 19:29:08,821,569,85,474,481,780,782
2016-09-19 19:29:09,826,570,85,474,482,780,782
2016-09-19 19:29:10,829,571,85,475,482,780,782
2016-09-19 19:29:11,834,572,85,475,482,780,782
2016-09-19 19:29:12,839,573,85,475,482,780,782
2016-09-19 19:29:13,844,574,85,476,482,780,782
2016-09-19 19:29:14,847,575,85,476,482,780,782
2016-09-19 19:29:15,851,576,85,477,483,780,782
2016-09-19 19:29:16,854,577,85,477,483,780,782
2016-09-19 19:29:17,860,578,85,477,483,780,782
2016-09-19 19:29:18,863,579,85,478,483,780,782
2016-09-19 19:29:19,868,580,85,478,483,780,782
2016-09-19 19:29:20,872,581,85,479,483,780,782
2016-09-19 19:29:21,877,582,85,479,484,780,782
2016-09-19 19:29:22,880,583,85,479,484,780,782
2016-09-19 19:29:23,885,584,85,480,484,780,782
2016-09-19 19:29:24,889,585,85,480,484,780,782
2016-09-19 19:29:25,893,586,85,480,484,780,782
2016-09-19 19:29:26,897,587,85,481,485,780,782
2016-09-19 19:29:27,902,588,85,481,485,780,782
2016-09-19 19:29:28,906,589,85,482,485,780,782
2016-09-19 19:29:29,911,590,85,482,485,780,782
2016-09-19 19:29:30,915,591,85,482,485,780,782
2016-09-19 19:29:31,919,592,85,483,485,780,782
2016-09-19 19:29:32,925,593,85,483,486,780,782
2016-09-19 19:29:33,930,594,85,483,486,780,782
2016-09-19 19:29:34,935,595,85,484,486,780,782
2016-09-19 19:29:35,937,596,85,484,486,780,782
2016-09-19 19:29:36,941,597,85,485,486,780,782
2016-09-19 19:29:37,944,598,85,485,486,780,782
2016-09-19 19:29:38,948,599,85,485,487,780,782
2016-09-19 19:29:39,953,600,85,486,487,780,782
2016-09-19 19:29:40,958,601,85,486,487,780,782
2016-09-19 19:29:41,961,602,85,487,488,780,782
2016-09-19 19:29:42,966,603,85,487,488,780,782
2016-09-19 19:29:43,970,604,85,487,488,780,782
2016-09-19 19:29:44,974,605,85,488,488,780,782
2016-09-19 19:29:45,978,606,85,488,488,780,782
2016-09-19 19:29:46,982,607,85,489,488,780,782
2016-09-19 19:29:47,987,608,85,489,488,780,782
2016-09-19 19:29:48,992,609,85,489,488,780,782
2016-09-19 19:29:49,995,610,85,490,489,780,782
2016-09-19 19:29:50,999,611,85,490,489,780,782
2016-09-19 19:29:52,004,612,85,491,489,780,782
2016-09-19 19:29:53,008,613,85,491,489,780,782
2016-09-19 19:29:54,012,614,85,491,490,780,782
2016-09-19 19:29:55,016,615,85,492,490,780,782
2016-09-19 19:29:56,021,616,85,492,490,780,782
2016-09-19 19:29:57,025,617,85,492,490,780,782
2016-09-19 19:29:58,029,618,85,493,490,780,782
2016-09-19 19:29:59,033,619,85,493,491,780,782
2016-09-19 19:30:00,038,620,85,494,491,780,782
2016-09-19 19:30:01,041,621,85,494,491,780,782
2016-09-19 19:30:02,046,622,85,494,491,780,782
2016-09-19 19:30:03,050,623,85,495,491,780,782
2016-09-19 19:30:04,055,624,85,495,492,780,782
2016-09-19 19:30:05,058,625,85,495,492,780,782
2016-09-19 19:30:06,063,626,85,495,492,780,782
2016-09-19 19:30:07,067,627,85,496,493,780,782
2016-09-19 19:30:08,071,628,85,496,493,780,782
2016-09-19 19:30:09,075,629,85,496,493,780,782
2016-09-19 19:30:10,080,630,85,497,493,780,782
2016-09-19 19:30:11,084,631,85,497,493,780,782
2016-09-19 19:30:12,089,632,85,497,493,780,782
2016-09-19 19:30:13,092,633,85,498,494,780,782
2016-09-19 19:30:14,097,634,85,498,494,780,782
2016-09-19 19:30:15,102,635,85,498,494,780,782
2016-09-19 19:30:16,105,636,85,498,494,780,782
2016-09-19 19:30:17,109,637,85,499,494,780,782
2016-09-19 19:30:18,114,638,85,499,494,780,782
2016-09-19 19:30:19,118,639,85,499,494,780,782
2016-09-19 19:30:20,123,640,85,499,495,780,782
2016-09-19 19:30:21,126,641,85,500,495,780,782
2016-09-19 19:30:22,131,642,85,500,495,780,782
2016-09-19 19:30:23,134,643,85,500,495,780,782
2016-09-19 19:30:24,139,644,85,500,495,780,782
2016-09-19 19:30:25,143,645,85,500,495,780,782
2016-09-19 19:30:26,148,646,85,501,495,780,782
2016-09-19 19:30:27,152,647,85,501,495,780,782
2016-09-19 19:30:28,156,648,85,501,495,780,782
2016-09-19 19:30:29,160,649,85,501,495,780,782
2016-09-19 19:30:30,165,650,85,502,495,780,782
2016-09-19 19:30:31,169,651,85,502,495,780,782
2016-09-19 19:30:32,173,652,85,502,495,780,782
2016-09-19 19:30:33,177,653,85,502,496,780,782
2016-09-19 19:30:34,182,654,85,502,496,780,782
2016-09-19 19:30:35,185,655,85,502,496,780,782
2016-09-19 19:30:36,190,656,85,503,496,780,782
2016-09-19 19:30:37,195,657,85,503,496,780,782
2016-09-19 19:30:38,199,658,85,503,496,780,782
2016-09-19 19:30:39,203,659,85,503,496,780,782
2016-09-19 19:30:40,207,660,85,503,496,780,782
2016-09-19 19:30:41,211,661,85,503,496,780,782
2016-09-19 19:30:42,216,662,85,504,496,780,782
2016-09-19 19:30:43,219,663,85,504,496,780,782
2016-09-19 19:30:44,224,664,85,504,496,780,782
2016-09-19 19:30:45,228,665,85,504,496,780,782
2016-09-19 19:30:46,233,666,85,504,496,780,782
2016-09-19 19:30:47,238,667,85,504,496,780,782
2016-09-19 19:30:48,241,668,85,504,496,780,782
2016-09-19 19:30:49,245,669,85,505,496,780,782
2016-09-19 19:30:50,250,670,85,505,496,780,782
2016-09-19 19:30:51,255,671,85,505,497,780,782
2016-09-19 19:30:52,258,672,85,505,497,780,782
2016-09-19 19:30:53,262,673,85,505,497,780,782
2016-09-19 19:30:54,267,674,85,505,497,780,782
2016-09-19 19:30:55,270,675,85,506,497,780,782
2016-09-19 19:30:56,275,676,85,506,497,780,782
2016-09-19 19:30:57,279,677,85,506,497,780,782
2016-09-19 19:30:58,284,678,85,506,497,780,782
2016-09-19 19:30:59,287,679,85,506,498,780,782
2016-09-19 19:31:00,292,680,85,506,498,780,782
2016-09-19 19:31:01,296,681,85,507,498,780,782
2016-09-19 19:31:02,301,682,85,507,497,780,782
2016-09-19 19:31:03,304,683,85,507,497,780,782
2016-09-19 19:31:04,309,684,85,507,496,780,782
2016-09-19 19:31:05,313,685,85,507,496,780,782
2016-09-19 19:31:06,317,686,85,507,495,780,782
2016-09-19 19:31:07,323,687,85,508,495,780,782
2016-09-19 19:31:08,327,688,85,508,494,780,782
2016-09-19 19:31:09,329,689,85,508,494,780,782
2016-09-19 19:31:10,334,690,85,508,493,780,782
2016-09-19 19:31:11,338,691,85,508,493,780,782
2016-09-19 19:31:12,343,693,85,508,493,780,782
2016-09-19 19:31:13,347,694,85,509,492,780,782
2016-09-19 19:31:14,351,695,85,509,491,780,782
2016-09-19 19:31:15,355,696,85,509,491,780,782
2016-09-19 19:31:16,360,697,85,509,491,780,782
2016-09-19 19:31:17,364,698,85,509,490,780,782
2016-09-19 19:31:18,369,699,85,509,489,780,782
2016-09-19 19:31:19,372,700,85,510,489,780,782
2016-09-19 19:31:20,377,701,85,510,489,780,782
2016-09-19 19:31:21,381,702,85,510,488,780,782
2016-09-19 19:31:22,385,703,85,510,488,780,782
2016-09-19 19:31:23,389,704,85,510,488,780,782
2016-09-19 19:31:24,394,705,85,510,487,780,782
2016-09-19 19:31:25,397,706,85,510,486,780,782
2016-09-19 19:31:26,402,707,85,511,486,780,782
2016-09-19 19:31:27,406,708,85,511,485,780,782
2016-09-19 19:31:28,411,709,85,511,485,780,782
2016-09-19 19:31:29,414,710,85,511,484,780,782
2016-09-19 19:31:30,419,711,85,511,484,780,782
2016-09-19 19:31:31,424,712,85,511,484,780,782
2016-09-19 19:31:32,428,713,85,512,483,780,782
2016-09-19 19:31:33,433,714,85,512,483,780,782
2016-09-19 19:31:34,436,715,85,512,482,780,782
2016-09-19 19:31:35,440,716,85,512,482,780,782
2016-09-19 19:31:36,445,717,85,513,482,780,782
2016-09-19 19:31:37,448,718,85,513,481,780,782
2016-09-19 19:31:38,453,719,85,513,481,780,782
2016-09-19 19:31:39,457,720,85,513,480,780,782
2016-09-19 19:31:40,462,721,85,513,480,780,782
2016-09-19 19:31:41,465,722,85,513,480,780,782
2016-09-19 19:31:42,470,723,85,514,479,780,782
2016-09-19 19:31:43,474,724,85,514,479,780,782
2016-09-19 19:31:44,478,725,85,514,479,780,782
2016-09-19 19:31:45,482,726,85,514,479,780,782
2016-09-19 19:31:46,487,727,85,514,478,780,782
2016-09-19 19:31:47,491,728,85,514,478,780,782
2016-09-19 19:31:48,495,729,85,514,478,780,782
2016-09-19 19:31:49,499,730,85,514,478,780,782
2016-09-19 19:31:50,504,731,85,515,477,780,782
2016-09-19 19:31:51,508,732,85,515,477,780,782
2016-09-19 19:31:52,513,733,85,515,477,780,782
2016-09-19 19:31:53,516,734,85,515,477,780,782
2016-09-19 19:31:54,521,735,85,515,477,780,782
2016-09-19 19:31:55,525,736,85,515,477,780,782
2016-09-19 19:31:56,529,737,85,516,476,780,782
2016-09-19 19:31:57,533,738,85,516,475,780,782
2016-09-19 19:31:58,538,739,85,516,475,780,782
2016-09-19 19:31:59,542,740,85,516,475,780,782
2016-09-19 19:32:00,546,741,85,516,475,780,782
2016-09-19 19:32:01,550,742,85,516,475,780,782
2016-09-19 19:32:02,555,743,85,516,474,780,782
2016-09-19 19:32:03,558,744,85,517,474,780,782
2016-09-19 19:32:04,563,745,85,517,474,780,782
2016-09-19 19:32:05,567,746,85,517,474,780,782
2016-09-19 19:32:06,572,747,85,517,473,780,782
2016-09-19 19:32:07,575,748,85,517,473,780,782
2016-09-19 19:32:08,580,749,85,517,473,780,782
2016-09-19 19:32:09,584,750,85,518,472,780,782
2016-09-19 19:32:10,589,751,85,518,472,780,782
2016-09-19 19:32:11,592,752,85,518,472,780,782
2016-09-19 19:32:12,597,753,85,518,472,780,782
2016-09-19 19:32:13,601,754,85,518,471,780,782
2016-09-19 19:32:14,605,755,85,518,471,780,782
2016-09-19 19:32:15,609,756,85,518,471,780,782
2016-09-19 19:32:16,614,757,85,518,470,780,782
2016-09-19 19:32:17,618,758,85,519,470,780,782
2016-09-19 19:32:18,622,759,85,519,470,780,782
2016-09-19 19:32:19,626,760,85,519,470,780,782
2016-09-19 19:32:20,631,761,85,519,469,780,782
2016-09-19 19:32:21,635,762,85,519,469,780,782
2016-09-19 19:32:22,639,763,85,519,469,780,782
2016-09-19 19:32:23,643,764,85,519,469,780,782
2016-09-19 19:32:24,649,765,85,519,469,780,782
2016-09-19 19:32:25,654,766,85,519,469,780,782
2016-09-19 19:32:26,657,767,85,518,468,780,782
2016-09-19 19:32:27,660,768,85,517,468,780,782
2016-09-19 19:32:28,665,769,85,516,467,780,782
2016-09-19 19:32:29,671,770,85,514,466,780,782
