2016-09-19 19:34:22,611,coffee,datetime,ms,seconds,ambient_temp,thermocouple_0_temp,thermocouple_1_temp,thermocouple_2_temp,thermocouple_3_temp
2016-09-19 19:34:24,698,2,85,415,413,780,782
2016-09-19 19:34:25,703,3,85,411,409,780,782
2016-09-19 19:34:26,708,4,85,403,405,780,782
2016-09-19 19:34:27,711,5,85,394,400,780,782
2016-09-19 19:34:28,715,6,85,385,396,780,782
2016-09-19 19:34:29,719,7,85,376,394,780,782
2016-09-19 19:34:30,723,8,85,368,392,780,782
2016-09-19 19:34:31,728,9,85,361,391,780,782
2016-09-19 19:34:32,732,10,85,353,389,780,782
2016-09-19 19:34:33,737,11,85,346,388,780,782
2016-09-19 19:34:34,740,12,85,339,386,780,782
2016-09-19 19:34:35,745,13,85,333,385,780,782
2016-09-19 19:34:36,749,14,85,327,384,780,782
2016-09-19 19:34:37,753,15,85,321,383,780,782
2016-09-19 19:34:38,757,16,85,315,382,780,782
2016-09-19 19:34:39,762,17,85,310,381,780,782
2016-09-19 19:34:40,766,18,85,305,380,780,782
2016-09-19 19:34:41,770,19,85,301,379,780,782
2016-09-19 19:34:42,774,20,85,296,379,780,782
2016-09-19 19:34:43,779,21,85,291,378,780,782
2016-09-19 19:34:44,785,22,85,287,377,780,782
2016-09-19 19:34:45,788,23,85,283,376,780,782
2016-09-19 19:34:46,791,24,85,279,376,780,782
2016-09-19 19:34:47,796,25,85,275,375,780,782
2016-09-19 19:34:48,799,26,85,272,375,780,782
2016-09-19 19:34:49,804,27,85,268,374,780,782
2016-09-19 19:34:50,808,28,85,265,373,780,782
2016-09-19 19:34:51,813,29,85,262,373,780,782
2016-09-19 19:34:52,817,30,85,259,372,780,782
2016-09-19 19:34:53,821,31,85,256,372,780,782
2016-09-19 19:34:54,825,32,85,254,371,780,782
2016-09-19 19:34:55,830,33,85,251,371,780,782
2016-09-19 19:34:56,833,34,85,249,370,780,782
2016-09-19 19:34:57,838,35,85,247,370,780,782
2016-09-19 19:34:58,842,36,85,245,370,780,782
2016-09-19 19:34:59,847,37,85,243,369,780,782
2016-09-19 19:35:00,850,38,85,241,369,780,782
2016-09-19 19:35:01,855,39,85,239,369,780,782
2016-09-19 19:35:02,859,40,85,237,369,780,782
2016-09-19 19:35:03,864,41,85,235,369,780,782
2016-09-19 19:35:04,870,42,85,234,369,780,782
2016-09-19 19:35:05,875,43,85,233,370,780,782
2016-09-19 19:35:06,876,44,85,231,370,780,782
2016-09-19 19:35:07,881,45,85,230,370,780,782
2016-09-19 19:35:08,885,46,85,229,370,780,782
2016-09-19 19:35:09,889,47,85,227,370,780,782
2016-09-19 19:35:10,893,48,85,226,370,780,782
2016-09-19 19:35:11,898,49,85,225,371,780,782
2016-09-19 19:35:12,901,50,85,225,371,780,782
2016-09-19 19:35:13,906,51,85,224,371,780,782
2016-09-19 19:35:14,910,52,85,223,371,780,782
2016-09-19 19:35:15,915,53,85,222,372,780,782
2016-09-19 19:35:16,918,54,85,221,372,780,782
2016-09-19 19:35:17,923,55,85,221,372,780,782
2016-09-19 19:35:18,927,56,85,220,372,780,782
2016-09-19 19:35:19,932,57,85,220,373,780,782
2016-09-19 19:35:20,935,58,85,219,373,780,782
2016-09-19 19:35:21,940,59,85,219,373,780,782
2016-09-19 19:35:22,944,60,85,218,373,780,782
2016-09-19 19:35:23,948,61,85,218,373,780,782
2016-09-19 19:35:24,952,62,85,218,374,780,782
2016-09-19 19:35:25,957,63,85,218,374,780,782
2016-09-19 19:35:26,961,64,85,217,374,780,782
2016-09-19 19:35:27,966,65,85,217,374,780,782
2016-09-19 19:35:28,969,66,85,217,374,780,782
2016-09-19 19:35:29,974,67,85,217,375,780,782
2016-09-19 19:35:30,978,68,85,217,375,780,782
2016-09-19 19:35:31,982,69,85,217,375,780,782
2016-09-19 19:35:32,987,70,85,217,375,780,782
2016-09-19 19:35:33,991,71,85,217,376,780,782
2016-09-19 19:35:34,995,72,85,217,376,780,782
2016-09-19 19:35:35,999,73,85,218,377,780,782
2016-09-19 19:35:37,003,74,85,218,377,780,782
2016-09-19 19:35:38,008,75,85,218,377,780,782
2016-09-19 19:35:39,012,76,85,218,378,780,782
2016-09-19 19:35:40,017,77,85,218,378,780,782
2016-09-19 19:35:41,022,78,85,219,379,780,782
2016-09-19 19:35:42,025,79,85,219,379,780,782
2016-09-19 19:35:43,029,80,85,219,379,780,782
2016-09-19 19:35:44,033,81,85,220,380,780,782
2016-09-19 19:35:45,037,82,85,220,380,780,782
2016-09-19 19:35:46,042,83,85,220,380,780,782
2016-09-19 19:35:47,045,84,85,221,381,780,782
2016-09-19 19:35:48,050,85,85,221,381,780,782
2016-09-19 19:35:49,054,86,85,221,382,780,782
2016-09-19 19:35:50,059,87,85,222,382,780,782
2016-09-19 19:35:51,063,88,85,222,382,780,782
2016-09-19 19:35:52,067,89,85,223,382,780,782
2016-09-19 19:35:53,071,90,85,223,383,780,782
2016-09-19 19:35:54,076,91,85,224,383,780,782
2016-09-19 19:35:55,079,92,85,224,383,780,782
2016-09-19 19:35:56,084,93,85,225,384,780,782
2016-09-19 19:35:57,088,94,85,225,384,780,782
2016-09-19 19:35:58,093,95,85,226,384,780,782
2016-09-19 19:35:59,096,96,85,226,385,780,782
2016-09-19 19:36:00,101,97,85,227,385,780,782
2016-09-19 19:36:01,105,98,85,228,385,780,782
2016-09-19 19:36:02,110,99,85,228,385,780,782
2016-09-19 19:36:03,113,100,85,229,386,780,782
2016-09-19 19:36:04,118,101,85,230,386,780,782
2016-09-19 19:36:05,122,102,85,230,386,780,782
2016-09-19 19:36:06,127,103,85,231,386,780,782
2016-09-19 19:36:07,130,104,85,232,387,780,782
2016-09-19 19:36:08,135,105,85,232,387,780,781
2016-09-19 19:36:09,141,106,85,233,387,780,782
2016-09-19 19:36:10,144,107,85,233,387,780,782
2016-09-19 19:36:11,147,108,85,234,388,780,782
2016-09-19 19:36:12,152,109,85,235,388,780,782
2016-09-19 19:36:13,156,110,85,235,389,780,782
2016-09-19 19:36:14,160,111,85,236,389,780,782
2016-09-19 19:36:15,166,112,85,237,390,780,782
2016-09-19 19:36:16,169,113,85,237,390,780,782
2016-09-19 19:36:17,173,114,85,238,390,780,782
2016-09-19 19:36:18,177,115,85,239,390,780,782
2016-09-19 19:36:19,181,116,85,240,391,780,782
2016-09-19 19:36:20,186,117,85,240,391,780,782
2016-09-19 19:36:21,192,118,85,241,392,780,782
2016-09-19 19:36:22,195,119,85,242,392,780,782
2016-09-19 19:36:23,199,120,85,243,392,780,782
2016-09-19 19:36:24,203,121,85,243,393,780,782
2016-09-19 19:36:25,207,122,85,244,393,780,782
2016-09-19 19:36:26,211,123,85,245,393,780,782
2016-09-19 19:36:27,215,124,85,245,394,780,782
2016-09-19 19:36:28,220,125,85,246,394,780,782
2016-09-19 19:36:29,224,126,85,247,395,780,782
2016-09-19 19:36:30,229,127,85,248,395,780,782
2016-09-19 19:36:31,232,128,85,248,395,780,782
2016-09-19 19:36:32,237,129,85,249,396,780,782
2016-09-19 19:36:33,241,130,85,250,396,780,782
2016-09-19 19:36:34,245,131,85,251,396,780,782
2016-09-19 19:36:35,249,132,85,251,396,780,782
2016-09-19 19:36:36,254,133,85,252,397,780,782
2016-09-19 19:36:37,258,134,85,253,397,780,782
2016-09-19 19:36:38,262,135,85,253,397,780,782
2016-09-19 19:36:39,266,136,85,254,398,780,782
2016-09-19 19:36:40,271,137,85,255,398,780,782
2016-09-19 19:36:41,274,138,85,256,399,780,782
2016-09-19 19:36:42,279,139,85,256,399,780,782
2016-09-19 19:36:43,283,140,85,257,400,780,782
2016-09-19 19:36:44,288,141,85,258,400,780,782
2016-09-19 19:36:45,291,142,85,258,400,780,782
2016-09-19 19:36:46,296,143,85,259,401,780,782
2016-09-19 19:36:47,300,144,85,260,401,780,782
2016-09-19 19:36:48,305,145,85,261,402,780,782
2016-09-19 19:36:49,308,146,85,262,402,780,782
2016-09-19 19:36:50,313,147,85,262,402,780,782
2016-09-19 19:36:51,317,148,85,263,403,780,782
2016-09-19 19:36:52,322,149,85,264,403,780,782
2016-09-19 19:36:53,325,150,85,265,403,780,782
2016-09-19 19:36:54,330,151,85,265,404,780,782
2016-09-19 19:36:55,334,152,85,266,404,780,782
2016-09-19 19:36:56,339,153,85,267,404,780,782
2016-09-19 19:36:57,342,154,85,268,405,780,782
2016-09-19 19:36:58,347,155,85,268,405,780,782
2016-09-19 19:36:59,351,156,85,269,406,780,782
2016-09-19 19:37:00,356,157,85,270,406,780,782
2016-09-19 19:37:01,359,158,85,271,406,780,782
2016-09-19 19:37:02,364,159,85,271,407,780,782
2016-09-19 19:37:03,368,160,85,272,407,780,782
2016-09-19 19:37:04,373,161,85,273,407,780,782
2016-09-19 19:37:05,376,162,85,274,408,780,782
2016-09-19 19:37:06,381,163,85,274,408,780,782
2016-09-19 19:37:07,385,164,85,275,408,780,782
2016-09-19 19:37:08,390,165,85,276,408,780,782
2016-09-19 19:37:09,393,166,85,276,409,780,782
2016-09-19 19:37:10,398,167,85,277,409,780,782
2016-09-19 19:37:11,402,168,85,278,410,780,782
2016-09-19 19:37:12,407,169,85,278,410,780,782
2016-09-19 19:37:13,410,170,85,279,410,780,782
2016-09-19 19:37:14,415,171,85,280,410,780,782
2016-09-19 19:37:15,420,172,85,281,411,780,782
2016-09-19 19:37:16,423,173,85,281,411,780,782
2016-09-19 19:37:17,427,174,85,282,411,780,782
2016-09-19 19:37:18,432,175,85,283,411,780,782
2016-09-19 19:37:19,436,176,85,283,412,780,782
2016-09-19 19:37:20,440,177,85,284,412,780,782
2016-09-19 19:37:21,444,178,85,285,412,780,782
2016-09-19 19:37:22,449,179,85,286,413,780,782
2016-09-19 19:37:23,452,180,85,286,413,780,782
2016-09-19 19:37:24,457,181,85,287,413,780,782
2016-09-19 19:37:25,461,182,85,288,413,780,782
2016-09-19 19:37:26,466,183,85,288,413,780,782
2016-09-19 19:37:27,469,184,85,289,413,780,781
2016-09-19 19:37:28,474,185,85,290,414,780,782
2016-09-19 19:37:29,478,186,85,291,414,780,782
2016-09-19 19:37:30,483,187,85,291,414,780,782
2016-09-19 19:37:31,486,188,85,292,414,780,782
2016-09-19 19:37:32,491,189,85,293,415,780,782
2016-09-19 19:37:33,495,190,85,293,415,780,782
2016-09-19 19:37:34,500,191,85,294,415,780,782
2016-09-19 19:37:35,503,192,85,295,415,780,782
2016-09-19 19:37:36,508,193,85,295,415,780,781
2016-09-19 19:37:37,512,194,85,296,416,780,781
2016-09-19 19:37:38,517,195,85,297,416,780,782
2016-09-19 19:37:39,520,196,85,297,416,780,782
2016-09-19 19:37:40,525,197,85,298,417,780,782
2016-09-19 19:37:41,531,198,85,299,417,780,782
2016-09-19 19:37:42,534,199,85,299,417,780,782
2016-09-19 19:37:43,537,200,85,300,417,780,782
2016-09-19 19:37:44,542,201,85,301,418,780,782
2016-09-19 19:37:45,546,202,85,301,418,780,782
2016-09-19 19:37:46,551,203,85,302,418,780,782
2016-09-19 19:37:47,557,204,85,303,419,780,782
2016-09-19 19:37:48,560,205,85,303,419,780,782
2016-09-19 19:37:49,563,206,85,304,419,780,782
2016-09-19 19:37:50,568,207,85,305,419,780,782
2016-09-19 19:37:51,571,208,85,305,419,780,782
2016-09-19 19:37:52,576,209,85,306,420,780,782
2016-09-19 19:37:53,580,210,85,307,420,780,782
2016-09-19 19:37:54,584,211,85,307,420,780,782
2016-09-19 19:37:55,588,212,85,308,420,780,782
2016-09-19 19:37:56,593,213,85,309,421,780,782
2016-09-19 19:37:57,597,214,85,310,421,780,782
2016-09-19 19:37:58,601,215,85,310,421,780,782
2016-09-19 19:37:59,605,216,85,311,421,780,782
2016-09-19 19:38:00,610,217,85,311,421,780,782
2016-09-19 19:38:01,614,219,85,312,422,780,782
2016-09-19 19:38:02,618,220,85,313,422,780,782
2016-09-19 19:38:03,622,221,85,313,422,780,782
2016-09-19 19:38:04,627,222,85,314,423,780,782
2016-09-19 19:38:05,631,223,85,315,423,780,782
2016-09-19 19:38:06,635,224,85,315,423,780,782
2016-09-19 19:38:07,639,225,85,316,423,780,782
2016-09-19 19:38:08,644,226,85,317,423,780,782
2016-09-19 19:38:09,648,227,85,317,424,780,782
2016-09-19 19:38:10,652,228,85,318,424,780,782
2016-09-19 19:38:11,656,229,85,318,424,780,782
2016-09-19 19:38:12,661,230,85,319,425,780,782
2016-09-19 19:38:13,664,231,85,320,425,780,782
2016-09-19 19:38:14,669,232,85,320,425,780,782
2016-09-19 19:38:15,673,233,85,321,425,780,782
2016-09-19 19:38:16,678,234,85,322,425,780,782
2016-09-19 19:38:17,683,235,85,322,425,780,781
2016-09-19 19:38:18,687,236,85,323,426,780,782
2016-09-19 19:38:19,690,237,85,323,426,780,782
2016-09-19 19:38:20,695,238,85,324,426,780,782
2016-09-19 19:38:21,699,239,85,324,426,780,782
2016-09-19 19:38:22,703,240,85,325,426,780,782
2016-09-19 19:38:23,707,241,85,326,427,780,782
2016-09-19 19:38:24,711,242,85,326,427,780,782
2016-09-19 19:38:25,715,243,85,327,427,780,782
2016-09-19 19:38:26,720,244,85,328,427,780,782
2016-09-19 19:38:27,724,245,85,328,427,780,782
2016-09-19 19:38:28,729,246,85,329,427,780,782
2016-09-19 19:38:29,732,247,85,329,428,780,782
2016-09-19 19:38:30,737,248,85,330,428,780,782
2016-09-19 19:38:31,741,249,85,331,428,780,782
2016-09-19 19:38:32,746,250,85,331,428,780,782
2016-09-19 19:38:33,749,251,85,332,429,780,782
2016-09-19 19:38:34,754,252,85,332,429,780,782
2016-09-19 19:38:35,758,253,85,333,429,780,782
2016-09-19 19:38:36,762,254,85,333,429,780,782
2016-09-19 19:38:37,767,255,85,334,429,780,782
2016-09-19 19:38:38,771,256,85,335,429,780,782
2016-09-19 19:38:39,777,257,85,335,430,780,782
2016-09-19 19:38:40,780,258,85,336,430,780,782
2016-09-19 19:38:41,783,259,85,336,430,780,782
2016-09-19 19:38:42,788,260,85,337,430,780,782
2016-09-19 19:38:43,792,261,85,337,430,780,782
2016-09-19 19:38:44,797,262,85,338,431,780,782
2016-09-19 19:38:45,800,263,85,339,431,780,782
2016-09-19 19:38:46,805,264,85,339,431,780,782
2016-09-19 19:38:47,809,265,85,340,431,780,782
2016-09-19 19:38:48,813,266,85,340,431,780,782
2016-09-19 19:38:49,817,267,85,341,431,780,782
2016-09-19 19:38:50,822,268,85,341,432,780,782
2016-09-19 19:38:51,825,269,85,342,432,780,782
2016-09-19 19:38:52,831,270,85,343,432,780,782
2016-09-19 19:38:53,834,271,85,343,432,780,782
2016-09-19 19:38:54,839,272,85,344,432,780,782
2016-09-19 19:38:55,842,273,85,344,433,780,782
2016-09-19 19:38:56,848,274,85,345,433,780,782
2016-09-19 19:38:57,851,275,85,345,433,780,782
2016-09-19 19:38:58,856,276,85,346,433,780,782
2016-09-19 19:38:59,860,277,85,346,433,780,782
2016-09-19 19:39:00,864,278,85,347,433,780,782
2016-09-19 19:39:01,870,279,85,348,433,780,782
2016-09-19 19:39:02,875,280,85,348,434,780,782
2016-09-19 19:39:03,877,281,85,349,434,780,782
2016-09-19 19:39:04,881,282,85,349,434,780,782
2016-09-19 19:39:05,885,283,85,350,434,780,782
2016-09-19 19:39:06,890,284,85,350,435,780,782
2016-09-19 19:39:07,894,285,85,351,435,780,782
2016-09-19 19:39:08,898,286,85,351,435,780,781
2016-09-19 19:39:09,902,287,85,352,435,780,782
2016-09-19 19:39:10,907,288,85,352,436,780,782
2016-09-19 19:39:11,911,289,85,353,436,780,782
2016-09-19 19:39:12,915,290,85,353,436,780,782
2016-09-19 19:39:13,919,291,85,354,436,780,782
2016-09-19 19:39:14,924,292,85,354,436,780,782
2016-09-19 19:39:15,927,293,85,355,436,780,781
2016-09-19 19:39:16,932,294,85,355,437,780,782
2016-09-19 19:39:17,936,295,85,356,437,780,782
2016-09-19 19:39:18,941,296,85,356,437,780,782
2016-09-19 19:39:19,944,297,85,357,437,780,782
2016-09-19 19:39:20,949,298,85,357,437,780,782
2016-09-19 19:39:21,953,299,85,358,438,780,782
2016-09-19 19:39:22,958,300,85,359,438,780,782
2016-09-19 19:39:23,961,301,85,359,438,780,782
2016-09-19 19:39:24,966,302,85,360,438,780,782
2016-09-19 19:39:25,970,303,85,360,438,780,782
2016-09-19 19:39:26,974,304,85,361,439,780,782
2016-09-19 19:39:27,978,305,85,361,439,780,782
2016-09-19 19:39:28,983,306,85,361,439,780,782
2016-09-19 19:39:29,987,307,85,362,439,780,782
2016-09-19 19:39:30,991,308,85,362,439,780,782
2016-09-19 19:39:31,995,309,85,363,440,780,782
2016-09-19 19:39:33,000,310,85,363,440,780,782
2016-09-19 19:39:34,004,311,85,364,440,780,782
2016-09-19 19:39:35,009,312,85,364,440,780,782
2016-09-19 19:39:36,012,313,85,365,440,780,782
2016-09-19 19:39:37,017,314,85,365,440,780,782
2016-09-19 19:39:38,021,315,85,366,441,780,782
2016-09-19 19:39:39,026,316,85,366,441,780,782
2016-09-19 19:39:40,029,317,85,367,441,780,782
2016-09-19 19:39:41,034,318,85,367,441,780,782
2016-09-19 19:39:42,038,319,85,368,441,780,782
2016-09-19 19:39:43,042,320,85,368,441,780,782
2016-09-19 19:39:44,046,321,85,369,441,780,782
2016-09-19 19:39:45,051,322,85,369,441,780,782
2016-09-19 19:39:46,055,323,85,370,442,780,782
2016-09-19 19:39:47,060,324,85,370,442,780,782
2016-09-19 19:39:48,063,325,85,371,442,780,782
2016-09-19 19:39:49,068,326,85,371,442,780,782
2016-09-19 19:39:50,072,327,85,372,443,780,782
2016-09-19 19:39:51,076,328,85,372,443,780,782
2016-09-19 19:39:52,080,329,85,373,443,780,782
2016-09-19 19:39:53,085,330,85,373,443,780,782
2016-09-19 19:39:54,088,331,85,374,444,780,782
2016-09-19 19:39:55,093,332,85,374,444,780,782
2016-09-19 19:39:56,097,333,85,375,444,780,782
2016-09-19 19:39:57,102,334,85,375,444,780,782
2016-09-19 19:39:58,105,335,85,376,444,780,782
2016-09-19 19:39:59,110,336,85,376,445,780,782
2016-09-19 19:40:00,114,337,85,377,445,780,782
2016-09-19 19:40:01,119,338,85,377,445,780,782
2016-09-19 19:40:02,122,339,85,378,445,780,782
2016-09-19 19:40:03,127,340,85,378,445,780,782
2016-09-19 19:40:04,131,341,85,379,445,780,782
2016-09-19 19:40:05,136,342,85,379,445,780,782
2016-09-19 19:40:06,139,343,85,380,445,780,782
2016-09-19 19:40:07,144,344,85,380,446,780,782
2016-09-19 19:40:08,148,345,85,381,446,780,782
2016-09-19 19:40:09,153,346,85,381,446,780,782
2016-09-19 19:40:10,158,347,85,382,446,780,782
2016-09-19 19:40:11,161,348,85,382,447,780,782
2016-09-19 19:40:12,165,349,85,382,447,780,782
2016-09-19 19:40:13,170,350,85,383,447,780,782
2016-09-19 19:40:14,173,351,85,384,447,780,782
2016-09-19 19:40:15,178,352,85,384,447,780,782
2016-09-19 19:40:16,181,353,85,385,448,780,782
2016-09-19 19:40:17,187,354,85,385,448,780,781
2016-09-19 19:40:18,190,355,85,385,448,780,782
2016-09-19 19:40:19,195,356,85,386,448,780,782
2016-09-19 19:40:20,200,357,85,386,448,780,782
2016-09-19 19:40:21,203,358,85,387,449,780,782
2016-09-19 19:40:22,207,359,85,387,449,780,782
2016-09-19 19:40:23,212,360,85,388,449,780,782
2016-09-19 19:40:24,216,361,85,388,449,780,782
2016-09-19 19:40:25,221,362,85,389,449,780,782
2016-09-19 19:40:26,224,363,85,389,450,780,782
2016-09-19 19:40:27,229,364,85,390,450,780,782
2016-09-19 19:40:28,232,365,85,390,450,780,782
2016-09-19 19:40:29,238,366,85,390,450,780,782
2016-09-19 19:40:30,241,367,85,391,450,780,782
2016-09-19 19:40:31,246,368,85,391,450,780,782
2016-09-19 19:40:32,250,369,85,392,450,780,782
2016-09-19 19:40:33,254,370,85,392,451,780,782
2016-09-19 19:40:34,260,371,85,393,451,780,782
2016-09-19 19:40:35,263,372,85,393,451,780,782
2016-09-19 19:40:36,267,373,85,394,451,780,782
2016-09-19 19:40:37,271,374,85,394,451,780,782
2016-09-19 19:40:38,275,375,85,395,451,780,782
2016-09-19 19:40:39,280,376,85,395,451,780,782
2016-09-19 19:40:40,284,377,85,395,452,780,782
2016-09-19 19:40:41,288,378,85,396,452,780,782
2016-09-19 19:40:42,292,379,85,396,452,780,782
2016-09-19 19:40:43,297,380,85,397,453,780,782
2016-09-19 19:40:44,300,381,85,397,453,780,782
2016-09-19 19:40:45,305,382,85,398,453,780,782
2016-09-19 19:40:46,309,383,85,398,453,780,782
2016-09-19 19:40:47,313,384,85,399,453,780,782
2016-09-19 19:40:48,317,385,85,399,453,780,782
2016-09-19 19:40:49,322,386,85,400,454,780,782
2016-09-19 19:40:50,328,387,85,400,453,780,782
2016-09-19 19:40:51,332,388,85,401,454,780,782
2016-09-19 19:40:52,334,389,85,401,454,780,782
2016-09-19 19:40:53,339,390,85,401,454,780,782
2016-09-19 19:40:54,345,391,85,402,454,780,782
2016-09-19 19:40:55,349,392,85,402,454,780,782
2016-09-19 19:40:56,354,393,85,403,455,780,782
2016-09-19 19:40:57,359,394,85,403,455,780,782
2016-09-19 19:40:58,361,395,85,404,455,780,782
2016-09-19 19:40:59,365,396,85,404,455,780,782
2016-09-19 19:41:00,368,397,85,405,456,780,782
2016-09-19 19:41:01,373,398,85,405,456,780,782
2016-09-19 19:41:02,377,399,85,405,456,780,782
2016-09-19 19:41:03,382,400,85,406,456,780,782
2016-09-19 19:41:04,385,401,85,406,456,780,782
2016-09-19 19:41:05,390,402,85,407,457,780,782
2016-09-19 19:41:06,394,403,85,407,457,780,782
2016-09-19 19:41:07,399,404,85,407,457,780,782
2016-09-19 19:41:08,402,405,85,408,457,780,782
2016-09-19 19:41:09,407,406,85,408,457,780,782
2016-09-19 19:41:10,411,407,85,409,458,780,782
2016-09-19 19:41:11,416,408,85,409,458,780,782
2016-09-19 19:41:12,419,409,85,410,458,780,782
2016-09-19 19:41:13,424,410,85,410,458,780,782
2016-09-19 19:41:14,427,411,85,411,458,780,782
2016-09-19 19:41:15,433,412,85,411,458,780,782
2016-09-19 19:41:16,437,413,85,411,458,780,782
2016-09-19 19:41:17,441,414,85,412,459,780,782
2016-09-19 19:41:18,445,415,85,412,459,780,782
2016-09-19 19:41:19,449,416,85,413,459,780,782
2016-09-19 19:41:20,453,417,85,413,459,780,782
2016-09-19 19:41:21,459,418,85,413,459,780,782
2016-09-19 19:41:22,462,419,85,414,460,780,782
2016-09-19 19:41:23,466,420,85,414,460,780,782
2016-09-19 19:41:24,471,421,85,415,460,780,782
2016-09-19 19:41:25,476,422,85,415,460,780,782
2016-09-19 19:41:26,479,423,85,416,460,780,782
2016-09-19 19:41:27,483,424,85,416,461,780,782
2016-09-19 19:41:28,487,425,85,417,461,780,782
2016-09-19 19:41:29,492,426,85,417,461,780,782
2016-09-19 19:41:30,496,427,85,417,461,780,782
2016-09-19 19:41:31,500,428,85,418,461,780,782
2016-09-19 19:41:32,504,429,85,418,462,780,782
2016-09-19 19:41:33,509,430,85,419,462,780,782
2016-09-19 19:41:34,514,431,85,419,462,780,782
2016-09-19 19:41:35,517,432,85,419,462,780,782
2016-09-19 19:41:36,521,433,85,420,462,780,782
2016-09-19 19:41:37,526,434,85,420,462,780,782
2016-09-19 19:41:38,530,435,85,421,462,780,782
2016-09-19 19:41:39,534,436,85,421,463,780,782
2016-09-19 19:41:40,538,437,85,422,463,780,782
2016-09-19 19:41:41,543,438,85,422,463,780,782
2016-09-19 19:41:42,547,439,85,423,464,780,782
2016-09-19 19:41:43,551,440,85,423,464,780,782
2016-09-19 19:41:44,555,441,85,423,464,780,782
2016-09-19 19:41:45,560,442,85,424,464,780,782
2016-09-19 19:41:46,564,443,85,424,464,780,782
2016-09-19 19:41:47,568,444,85,425,464,780,782
2016-09-19 19:41:48,572,445,85,425,464,780,782
2016-09-19 19:41:49,577,446,85,425,465,780,782
2016-09-19 19:41:50,580,447,85,426,465,780,782
2016-09-19 19:41:51,585,448,85,426,465,780,782
2016-09-19 19:41:52,589,449,85,427,466,780,782
2016-09-19 19:41:53,594,450,85,427,466,780,782
2016-09-19 19:41:54,597,451,85,428,466,780,782
2016-09-19 19:41:55,602,452,85,428,466,780,782
2016-09-19 19:41:56,605,453,85,428,466,780,782
2016-09-19 19:41:57,610,454,85,429,467,780,782
2016-09-19 19:41:58,614,456,85,429,467,780,782
2016-09-19 19:41:59,619,457,85,429,467,780,782
2016-09-19 19:42:00,623,458,85,430,467,780,782
2016-09-19 19:42:01,628,459,85,430,468,780,782
2016-09-19 19:42:02,631,460,85,431,468,780,782
2016-09-19 19:42:03,636,461,85,431,468,780,782
2016-09-19 19:42:04,640,462,85,432,468,780,782
2016-09-19 19:42:05,644,463,85,432,469,780,782
2016-09-19 19:42:06,648,464,85,432,469,780,782
2016-09-19 19:42:07,653,465,85,433,469,780,782
2016-09-19 19:42:08,657,466,85,433,469,780,782
2016-09-19 19:42:09,661,467,85,433,469,780,781
2016-09-19 19:42:10,665,468,85,434,469,780,782
2016-09-19 19:42:11,670,469,85,434,469,780,781
2016-09-19 19:42:12,673,470,85,435,469,780,782
2016-09-19 19:42:13,678,471,85,435,470,780,782
2016-09-19 19:42:14,682,472,85,435,470,780,782
2016-09-19 19:42:15,687,473,85,436,470,780,782
2016-09-19 19:42:16,691,474,86,436,470,780,782
2016-09-19 19:42:17,695,475,85,437,470,780,782
2016-09-19 19:42:18,699,476,85,437,470,780,781
2016-09-19 19:42:19,704,477,85,437,471,780,782
2016-09-19 19:42:20,708,478,85,438,471,780,782
2016-09-19 19:42:21,712,479,85,438,471,780,782
2016-09-19 19:42:22,716,480,86,439,471,780,782
2016-09-19 19:42:23,721,481,85,439,471,780,782
2016-09-19 19:42:24,726,482,85,439,472,780,782
2016-09-19 19:42:25,729,483,85,440,472,780,782
2016-09-19 19:42:26,733,484,85,440,472,780,781
2016-09-19 19:42:27,738,485,85,441,472,780,782
2016-09-19 19:42:28,742,486,85,441,472,780,782
2016-09-19 19:42:29,746,487,85,441,472,780,782
2016-09-19 19:42:30,750,488,85,442,472,780,782
2016-09-19 19:42:31,755,489,86,442,472,780,782
2016-09-19 19:42:32,758,490,85,443,473,780,782
2016-09-19 19:42:33,763,491,85,443,473,780,782
2016-09-19 19:42:34,767,492,85,443,473,780,781
2016-09-19 19:42:35,772,493,85,444,473,780,782
2016-09-19 19:42:36,776,494,85,444,473,780,782
2016-09-19 19:42:37,780,495,85,444,473,780,782
2016-09-19 19:42:38,784,496,85,445,474,780,782
2016-09-19 19:42:39,789,497,85,445,474,780,782
2016-09-19 19:42:40,792,498,85,446,474,780,782
2016-09-19 19:42:41,797,499,85,446,474,780,782
2016-09-19 19:42:42,801,500,85,446,474,780,782
2016-09-19 19:42:43,806,501,85,447,474,780,782
2016-09-19 19:42:44,809,502,85,447,474,780,782
2016-09-19 19:42:45,814,503,85,448,474,780,782
2016-09-19 19:42:46,818,504,85,448,475,780,782
2016-09-19 19:42:47,823,505,85,448,475,780,782
2016-09-19 19:42:48,826,506,85,449,475,780,782
2016-09-19 19:42:49,831,507,85,449,475,780,782
2016-09-19 19:42:50,834,508,85,450,475,780,782
2016-09-19 19:42:51,840,509,85,450,475,780,782
2016-09-19 19:42:52,843,510,86,450,476,780,782
2016-09-19 19:42:53,848,511,85,451,475,780,782
2016-09-19 19:42:54,852,512,85,451,476,780,782
2016-09-19 19:42:55,857,513,85,451,476,780,782
2016-09-19 19:42:56,860,514,86,452,476,780,782
2016-09-19 19:42:57,865,515,85,452,476,780,781
2016-09-19 19:42:58,869,516,85,453,476,780,782
2016-09-19 19:42:59,873,517,85,453,476,780,781
2016-09-19 19:43:00,877,518,85,453,476,780,782
2016-09-19 19:43:01,882,519,85,454,476,780,782
2016-09-19 19:43:02,885,520,85,454,477,780,782
2016-09-19 19:43:03,890,521,85,455,477,780,782
2016-09-19 19:43:04,894,522,85,455,477,780,782
2016-09-19 19:43:05,899,523,86,455,477,780,782
2016-09-19 19:43:06,902,524,85,456,477,780,782
2016-09-19 19:43:07,908,525,85,456,477,780,782
2016-09-19 19:43:08,913,526,85,457,477,780,781
2016-09-19 19:43:09,917,527,85,457,477,780,781
2016-09-19 19:43:10,919,528,86,457,477,780,782
2016-09-19 19:43:11,924,529,85,458,477,780,782
2016-09-19 19:43:12,928,530,85,458,478,780,782
2016-09-19 19:43:13,933,531,85,458,478,780,782
2016-09-19 19:43:14,937,532,85,459,478,780,782
2016-09-19 19:43:15,941,533,85,459,478,780,782
2016-09-19 19:43:16,945,534,85,460,478,780,782
2016-09-19 19:43:17,950,535,85,460,478,780,781
2016-09-19 19:43:18,953,536,85,460,479,780,782
2016-09-19 19:43:19,958,537,85,461,479,780,782
2016-09-19 19:43:20,962,538,85,461,479,780,782
2016-09-19 19:43:21,967,539,85,461,479,780,782
2016-09-19 19:43:22,970,540,85,462,480,780,782
2016-09-19 19:43:23,975,541,86,462,480,780,782
2016-09-19 19:43:24,980,542,85,463,480,780,781
2016-09-19 19:43:25,985,543,86,463,480,780,782
2016-09-19 19:43:26,990,544,85,463,480,780,782
2016-09-19 19:43:27,993,545,86,464,481,780,782
2016-09-19 19:43:29,000,546,85,464,481,780,781
2016-09-19 19:43:30,005,547,85,465,481,780,781
2016-09-19 19:43:31,011,548,86,465,481,780,782
2016-09-19 19:43:32,015,549,85,465,481,780,782
2016-09-19 19:43:33,019,550,86,466,482,780,782
2016-09-19 19:43:34,023,551,85,466,482,780,782
2016-09-19 19:43:35,028,552,85,467,482,780,781
2016-09-19 19:43:36,031,553,85,467,482,780,781
2016-09-19 19:43:37,036,554,85,467,482,780,781
2016-09-19 19:43:38,040,555,85,468,482,780,781
2016-09-19 19:43:39,045,556,85,468,482,780,781
2016-09-19 19:43:40,048,557,86,468,482,780,782
2016-09-19 19:43:41,053,558,86,469,483,780,782
2016-09-19 19:43:42,057,559,86,469,483,780,782
2016-09-19 19:43:43,062,560,86,470,483,780,782
2016-09-19 19:43:44,065,561,85,470,483,780,781
2016-09-19 19:43:45,070,562,85,471,483,780,781
2016-09-19 19:43:46,075,563,86,471,483,780,782
2016-09-19 19:43:47,078,564,86,472,484,780,782
2016-09-19 19:43:48,085,565,86,472,484,780,782
2016-09-19 19:43:49,089,566,86,472,484,780,782
2016-09-19 19:43:50,093,567,86,472,484,780,782
2016-09-19 19:43:51,095,568,86,473,484,780,782
2016-09-19 19:43:52,099,569,86,473,484,780,782
2016-09-19 19:43:53,104,570,85,474,484,780,782
2016-09-19 19:43:54,108,571,86,474,485,780,782
2016-09-19 19:43:55,113,572,85,475,485,780,781
2016-09-19 19:43:56,116,573,86,475,485,780,782
2016-09-19 19:43:57,121,574,85,475,485,780,781
2016-09-19 19:43:58,125,575,86,476,485,780,782
2016-09-19 19:43:59,129,576,86,476,486,780,782
2016-09-19 19:44:00,133,577,86,477,486,780,782
2016-09-19 19:44:01,138,578,86,477,486,780,782
2016-09-19 19:44:02,142,579,85,478,486,780,781
2016-09-19 19:44:03,146,580,86,478,487,780,782
2016-09-19 19:44:04,150,581,86,479,487,780,782
2016-09-19 19:44:05,155,582,85,479,487,780,781
2016-09-19 19:44:06,158,583,85,479,487,780,781
2016-09-19 19:44:07,164,584,85,480,488,780,781
2016-09-19 19:44:08,167,585,85,480,488,780,781
2016-09-19 19:44:09,172,586,86,481,488,780,782
2016-09-19 19:44:10,175,587,86,481,488,780,782
2016-09-19 19:44:11,180,588,86,481,488,780,782
2016-09-19 19:44:12,184,589,85,482,489,780,782
2016-09-19 19:44:13,189,590,85,482,489,780,781
2016-09-19 19:44:14,192,591,86,483,489,780,782
2016-09-19 19:44:15,197,592,86,483,489,780,782
2016-09-19 19:44:16,201,593,86,483,490,780,782
2016-09-19 19:44:17,208,594,86,484,490,780,782
2016-09-19 19:44:18,209,595,85,484,490,780,781
2016-09-19 19:44:19,214,596,85,485,490,780,781
2016-09-19 19:44:20,218,597,86,485,490,780,782
2016-09-19 19:44:21,223,598,85,485,490,780,781
2016-09-19 19:44:22,226,599,86,486,491,780,782
2016-09-19 19:44:23,231,600,86,486,491,780,782
2016-09-19 19:44:24,235,601,86,487,491,780,782
2016-09-19 19:44:25,240,602,86,487,491,780,782
2016-09-19 19:44:26,244,603,86,487,491,780,782
2016-09-19 19:44:27,248,604,86,488,491,780,782
2016-09-19 19:44:28,254,605,86,488,491,780,782
2016-09-19 19:44:29,256,606,86,489,492,780,782
2016-09-19 19:44:30,260,607,86,489,492,780,782
2016-09-19 19:44:31,265,608,86,490,492,780,782
2016-09-19 19:44:32,269,609,86,490,492,780,782
2016-09-19 19:44:33,274,610,86,490,493,780,782
2016-09-19 19:44:34,277,611,85,491,493,780,781
2016-09-19 19:44:35,282,612,86,491,493,780,781
2016-09-19 19:44:36,286,613,86,491,494,780,782
2016-09-19 19:44:37,291,614,85,492,494,780,781
2016-09-19 19:44:38,294,615,86,492,494,780,782
2016-09-19 19:44:39,299,616,85,492,494,780,782
2016-09-19 19:44:40,304,617,86,493,495,780,781
2016-09-19 19:44:41,307,618,86,493,495,780,782
2016-09-19 19:44:42,311,619,86,494,495,780,782
2016-09-19 19:44:43,316,620,85,494,495,780,781
2016-09-19 19:44:44,320,621,86,495,496,780,782
2016-09-19 19:44:45,325,622,86,495,496,780,782
2016-09-19 19:44:46,328,623,86,495,496,780,782
2016-09-19 19:44:47,333,624,86,496,496,780,782
2016-09-19 19:44:48,336,625,86,496,497,780,782
2016-09-19 19:44:49,341,626,86,496,497,780,782
2016-09-19 19:44:50,347,627,85,497,497,780,781
2016-09-19 19:44:51,350,628,85,497,497,780,781
2016-09-19 19:44:52,354,629,86,497,498,780,782
2016-09-19 19:44:53,358,630,85,497,498,780,781
2016-09-19 19:44:54,363,631,85,498,498,780,781
2016-09-19 19:44:55,367,632,86,498,499,780,781
2016-09-19 19:44:56,370,633,85,498,499,780,782
2016-09-19 19:44:57,375,634,86,499,499,780,781
2016-09-19 19:44:58,379,635,86,499,499,780,781
2016-09-19 19:44:59,384,636,86,499,500,780,782
2016-09-19 19:45:00,388,637,86,500,500,780,781
2016-09-19 19:45:01,392,638,86,500,500,780,781
2016-09-19 19:45:02,396,639,86,500,501,780,782
2016-09-19 19:45:03,401,640,86,500,501,780,782
2016-09-19 19:45:04,404,641,86,501,501,780,781
2016-09-19 19:45:05,409,642,86,501,501,780,781
2016-09-19 19:45:06,415,643,86,501,501,780,782
2016-09-19 19:45:07,418,644,86,502,501,780,782
2016-09-19 19:45:08,421,645,86,502,501,780,782
2016-09-19 19:45:09,426,646,86,502,501,780,782
2016-09-19 19:45:10,431,647,86,502,501,780,781
2016-09-19 19:45:11,435,648,86,502,501,780,782
2016-09-19 19:45:12,438,649,86,502,501,780,782
2016-09-19 19:45:13,443,650,86,503,501,780,782
2016-09-19 19:45:14,447,651,86,503,500,780,782
2016-09-19 19:45:15,452,652,86,503,500,780,781
2016-09-19 19:45:16,456,653,86,503,500,780,781
2016-09-19 19:45:17,460,654,86,504,500,780,782
2016-09-19 19:45:18,464,655,86,504,500,780,782
2016-09-19 19:45:19,468,656,86,504,500,780,781
2016-09-19 19:45:20,473,657,86,504,500,780,781
2016-09-19 19:45:21,477,658,86,504,500,780,782
2016-09-19 19:45:22,481,659,86,504,500,780,781
2016-09-19 19:45:23,486,660,86,505,500,780,781
2016-09-19 19:45:24,489,661,86,505,500,780,782
2016-09-19 19:45:25,494,662,86,505,499,780,781
2016-09-19 19:45:26,498,663,86,505,499,780,782
2016-09-19 19:45:27,502,664,86,505,500,780,782
2016-09-19 19:45:28,506,665,86,506,499,780,782
2016-09-19 19:45:29,511,666,86,506,499,780,782
2016-09-19 19:45:30,515,667,86,506,499,780,782
2016-09-19 19:45:31,519,668,86,506,499,780,782
2016-09-19 19:45:32,523,669,86,506,499,780,782
2016-09-19 19:45:33,528,670,86,506,499,780,781
2016-09-19 19:45:34,531,671,86,506,499,780,782
2016-09-19 19:45:35,536,672,86,507,499,780,781
2016-09-19 19:45:36,540,673,86,507,498,780,782
2016-09-19 19:45:37,545,674,86,507,498,780,782
2016-09-19 19:45:38,549,675,86,507,498,780,781
2016-09-19 19:45:39,553,676,86,507,497,780,782
2016-09-19 19:45:40,557,677,86,508,497,780,782
2016-09-19 19:45:41,562,678,86,508,497,780,782
2016-09-19 19:45:42,566,679,86,508,497,780,782
2016-09-19 19:45:43,570,680,86,508,496,780,782
2016-09-19 19:45:44,574,681,86,508,496,780,781
2016-09-19 19:45:45,579,682,86,508,496,780,781
2016-09-19 19:45:46,582,683,86,508,496,780,781
2016-09-19 19:45:47,587,684,86,509,495,780,782
2016-09-19 19:45:48,591,685,86,509,495,780,781
2016-09-19 19:45:49,595,686,86,509,495,780,781
2016-09-19 19:45:50,599,687,86,509,494,780,781
2016-09-19 19:45:51,604,688,86,509,494,780,781
2016-09-19 19:45:52,608,689,86,509,494,780,781
2016-09-19 19:45:53,612,691,86,510,493,780,781
2016-09-19 19:45:54,616,692,86,510,492,780,782
2016-09-19 19:45:55,621,693,86,510,492,780,782
2016-09-19 19:45:56,625,694,86,510,491,780,781
2016-09-19 19:45:57,630,695,86,510,491,780,782
2016-09-19 19:45:58,633,696,86,510,491,780,781
2016-09-19 19:45:59,638,697,86,511,490,780,781
2016-09-19 19:46:00,642,698,86,511,490,780,781
2016-09-19 19:46:01,646,699,86,511,489,780,782
2016-09-19 19:46:02,652,700,86,511,489,780,782
2016-09-19 19:46:03,657,701,86,511,488,780,781
2016-09-19 19:46:04,659,702,86,511,488,780,781
2016-09-19 19:46:05,664,703,86,512,488,780,781
2016-09-19 19:46:06,668,704,86,512,487,780,781
2016-09-19 19:46:07,672,705,86,512,487,780,781
2016-09-19 19:46:08,676,706,86,512,487,780,781
2016-09-19 19:46:09,681,707,86,512,486,780,781
2016-09-19 19:46:10,684,708,86,512,486,780,781
2016-09-19 19:46:11,690,709,86,512,485,780,781
2016-09-19 19:46:12,694,710,86,513,484,780,782
2016-09-19 19:46:13,698,711,86,513,484,780,781
2016-09-19 19:46:14,703,712,86,513,484,780,781
2016-09-19 19:46:15,707,713,86,513,483,780,781
2016-09-19 19:46:16,710,714,86,513,483,780,781
2016-09-19 19:46:17,714,715,86,513,483,780,781
2016-09-19 19:46:18,718,716,86,514,483,780,782
2016-09-19 19:46:19,723,717,86,514,483,780,781
2016-09-19 19:46:20,727,718,86,514,482,780,781
2016-09-19 19:46:21,732,719,86,514,482,780,782
2016-09-19 19:46:22,735,720,86,514,481,780,782
2016-09-19 19:46:23,740,721,86,514,481,780,781
2016-09-19 19:46:24,744,722,86,514,480,780,781
2016-09-19 19:46:25,749,723,86,515,480,780,781
2016-09-19 19:46:26,752,724,86,515,480,780,782
2016-09-19 19:46:27,757,725,86,515,480,780,781
2016-09-19 19:46:28,761,726,86,515,479,780,782
2016-09-19 19:46:29,765,727,86,515,479,780,782
2016-09-19 19:46:30,769,728,86,515,479,780,781
2016-09-19 19:46:31,774,729,86,516,479,780,781
2016-09-19 19:46:32,778,730,86,516,478,780,782
2016-09-19 19:46:33,782,731,86,516,478,780,781
2016-09-19 19:46:34,786,732,86,516,478,780,781
2016-09-19 19:46:35,791,733,86,516,478,780,781
2016-09-19 19:46:36,795,734,86,516,477,780,781
2016-09-19 19:46:37,799,735,86,517,477,780,781
2016-09-19 19:46:38,803,736,86,517,477,780,781
2016-09-19 19:46:39,808,737,86,517,476,780,781
2016-09-19 19:46:40,811,738,86,517,476,780,782
2016-09-19 19:46:41,816,739,86,517,476,780,781
2016-09-19 19:46:42,820,740,86,516,475,780,781
2016-09-19 19:46:43,825,741,86,515,475,780,782
2016-09-19 19:46:44,830,742,86,514,474,780,782
2016-09-19 19:46:45,836,743,86,513,473,780,781
2016-09-19 19:46:46,841,744,86,512,472,780,781
2016-09-19 19:46:47,842,745,86,511,472,780,782
2016-09-19 19:46:48,845,746,86,510,471,780,781
2016-09-19 19:46:49,850,747,86,509,470,780,781
2016-09-19 19:46:50,855,748,86,507,469,780,781
2016-09-19 19:46:51,859,749,86,506,469,780,781
2016-09-19 19:46:52,862,750,86,506,468,780,781
2016-09-19 19:46:53,867,751,86,505,467,780,781
2016-09-19 19:46:54,871,752,86,504,466,780,781
2016-09-19 19:46:55,876,753,86,503,465,780,781
2016-09-19 19:46:56,879,754,86,502,464,780,781
2016-09-19 19:46:57,884,755,86,501,463,780,781
2016-09-19 19:46:58,888,756,86,500,462,780,781
2016-09-19 19:46:59,893,757,86,499,462,780,781
2016-09-19 19:47:00,896,758,86,498,461,780,781
2016-09-19 19:47:01,902,759,86,497,460,780,782
2016-09-19 19:47:02,906,760,86,497,459,780,781
2016-09-19 19:47:03,910,761,86,496,459,780,781
2016-09-19 19:47:04,913,762,86,494,458,780,781
2016-09-19 19:47:05,918,763,86,494,457,780,781
2016-09-19 19:47:06,923,764,86,492,457,780,781
2016-09-19 19:47:07,926,765,86,491,456,780,781
2016-09-19 19:47:08,930,766,86,490,456,780,781
2016-09-19 19:47:09,935,767,86,490,455,780,781
2016-09-19 19:47:10,939,768,86,489,454,780,781
2016-09-19 19:47:11,944,769,86,488,454,780,781
2016-09-19 19:47:12,947,770,86,487,453,780,781
2016-09-19 19:47:13,952,771,86,486,453,780,781
2016-09-19 19:47:14,956,772,86,485,452,780,781
2016-09-19 19:47:15,960,773,86,484,452,780,782
2016-09-19 19:47:16,964,774,86,483,451,780,781
2016-09-19 19:47:17,969,775,86,482,451,780,781
2016-09-19 19:47:18,973,776,86,481,450,780,781
2016-09-19 19:47:19,977,777,86,480,450,780,781
2016-09-19 19:47:20,981,778,86,479,449,780,781
2016-09-19 19:47:21,986,779,86,479,449,780,781
2016-09-19 19:47:22,989,780,86,478,449,780,781
2016-09-19 19:47:23,994,781,86,477,448,780,781
2016-09-19 19:47:24,998,782,86,476,448,780,781
2016-09-19 19:47:26,003,783,86,476,447,780,781
2016-09-19 19:47:27,006,784,86,475,447,780,781
2016-09-19 19:47:28,011,785,86,475,447,780,781
2016-09-19 19:47:29,015,786,86,474,446,780,781
2016-09-19 19:47:30,020,787,86,473,446,780,782
2016-09-19 19:47:31,023,788,86,472,445,780,781
2016-09-19 19:47:32,028,789,86,472,445,780,781
2016-09-19 19:47:33,032,790,86,471,445,780,781
2016-09-19 19:47:34,037,791,86,470,444,780,781
2016-09-19 19:47:35,040,792,86,470,444,780,781
2016-09-19 19:47:36,045,793,86,469,444,780,781
2016-09-19 19:47:37,049,794,86,469,443,780,781
2016-09-19 19:47:38,054,795,86,468,443,780,781
2016-09-19 19:47:39,058,796,86,468,443,780,781
2016-09-19 19:47:40,062,797,86,467,443,780,782
2016-09-19 19:47:41,066,798,86,467,442,780,781
2016-09-19 19:47:42,071,799,86,466,442,780,781
2016-09-19 19:47:43,076,800,86,466,442,780,781
2016-09-19 19:47:44,079,801,86,465,441,780,781
2016-09-19 19:47:45,083,802,86,464,441,780,781
2016-09-19 19:47:46,088,803,86,464,441,780,781
2016-09-19 19:47:47,091,804,86,463,441,780,781
2016-09-19 19:47:48,096,805,86,463,440,780,782
2016-09-19 19:47:49,102,806,86,462,440,780,781
2016-09-19 19:47:50,107,807,86,462,440,780,781
2016-09-19 19:47:51,108,808,86,461,440,780,781
2016-09-19 19:47:52,113,809,86,461,439,780,781
2016-09-19 19:47:53,117,810,86,460,439,780,781
2016-09-19 19:47:54,122,811,86,460,439,780,781
2016-09-19 19:47:55,125,812,86,459,439,780,781
2016-09-19 19:47:56,130,813,86,459,439,780,781
2016-09-19 19:47:57,134,814,86,458,438,780,781
2016-09-19 19:47:58,138,815,86,458,438,780,781
2016-09-19 19:47:59,142,816,86,457,438,780,781
2016-09-19 19:48:00,147,817,86,457,438,780,781
2016-09-19 19:48:01,151,818,86,456,437,780,782
2016-09-19 19:48:02,155,819,86,456,437,780,782
2016-09-19 19:48:03,159,820,86,456,437,780,781
2016-09-19 19:48:04,164,821,86,455,437,780,782
2016-09-19 19:48:05,170,822,86,455,436,780,781
2016-09-19 19:48:06,174,823,86,454,436,780,781
2016-09-19 19:48:07,178,824,86,454,436,780,781
2016-09-19 19:48:08,181,825,86,453,435,780,781
2016-09-19 19:48:09,185,826,86,451,434,780,781
2016-09-19 19:48:10,189,827,86,449,432,780,781
2016-09-19 19:48:11,193,828,86,447,431,780,781
2016-09-19 19:48:12,198,829,86,445,429,780,781
2016-09-19 19:48:13,201,830,86,443,427,780,781
2016-09-19 19:48:14,206,831,86,442,426,780,781
2016-09-19 19:48:15,210,832,86,441,424,780,781
2016-09-19 19:48:16,215,833,86,439,423,780,781
2016-09-19 19:48:17,219,834,86,438,422,780,781
2016-09-19 19:48:18,223,835,86,436,420,780,781
2016-09-19 19:48:19,227,836,86,435,419,780,782
2016-09-19 19:48:20,232,837,86,434,418,780,781
2016-09-19 19:48:21,235,838,86,433,416,780,781
2016-09-19 19:48:22,240,839,86,432,415,780,781
2016-09-19 19:48:23,244,840,86,430,414,780,782
2016-09-19 19:48:24,249,841,86,428,413,780,781
2016-09-19 19:48:25,252,842,86,427,412,780,781
2016-09-19 19:48:26,257,843,86,425,411,780,781
