2017-10-16 19:19:23,891,coffee,datetime,ms,seconds,ambient_temp,thermocouple_0_temp,thermocouple_1_temp,thermocouple_2_temp,thermocouple_3_temp
2017-10-16 19:19:25,929,2,71,537,462,785,787
2017-10-16 19:19:26,935,3,71,530,455,786,787
2017-10-16 19:19:27,940,4,71,520,449,785,787
2017-10-16 19:19:28,946,5,71,507,441,785,787
2017-10-16 19:19:29,948,6,71,495,434,786,787
2017-10-16 19:19:30,952,7,71,482,425,786,787
2017-10-16 19:19:31,953,8,71,470,417,785,787
2017-10-16 19:19:32,959,9,71,459,413,785,787
2017-10-16 19:19:33,964,10,71,447,411,785,787
2017-10-16 19:19:34,967,11,71,437,408,785,787
2017-10-16 19:19:35,970,12,71,427,406,785,787
2017-10-16 19:19:36,974,13,71,418,404,785,787
2017-10-16 19:19:37,977,14,71,410,402,785,787
2017-10-16 19:19:38,980,15,71,402,401,785,787
2017-10-16 19:19:39,983,16,71,393,400,785,787
2017-10-16 19:19:40,984,17,71,386,400,785,787
2017-10-16 19:19:41,989,18,71,378,399,785,787
2017-10-16 19:19:42,992,19,71,371,398,785,787
2017-10-16 19:19:43,995,20,71,364,397,785,787
2017-10-16 19:19:44,998,21,71,358,397,785,787
2017-10-16 19:19:46,001,22,71,351,396,785,787
2017-10-16 19:19:47,004,23,71,345,396,785,787
2017-10-16 19:19:48,010,24,71,340,395,785,787
2017-10-16 19:19:49,016,25,71,334,395,785,787
2017-10-16 19:19:50,021,26,71,329,394,785,787
2017-10-16 19:19:51,027,27,71,323,394,785,787
2017-10-16 19:19:52,031,28,71,318,393,785,787
2017-10-16 19:19:53,032,29,71,313,393,785,787
2017-10-16 19:19:54,038,30,71,309,392,785,787
2017-10-16 19:19:55,044,31,71,305,392,785,787
2017-10-16 19:19:56,046,32,71,300,392,785,787
2017-10-16 19:19:57,049,33,71,297,391,785,787
2017-10-16 19:19:58,052,34,71,293,391,785,787
2017-10-16 19:19:59,058,35,71,290,391,785,787
2017-10-16 19:20:00,061,36,71,286,390,786,787
2017-10-16 19:20:01,063,37,71,283,390,785,787
2017-10-16 19:20:02,067,38,71,279,390,785,787
2017-10-16 19:20:03,069,39,71,277,389,785,787
2017-10-16 19:20:04,071,40,71,274,389,785,787
2017-10-16 19:20:05,076,41,71,271,389,786,787
2017-10-16 19:20:06,080,42,71,268,389,785,787
2017-10-16 19:20:07,082,43,71,266,388,785,787
2017-10-16 19:20:08,087,44,71,264,388,785,787
2017-10-16 19:20:09,089,45,71,262,388,785,787
2017-10-16 19:20:10,090,46,71,260,388,785,787
2017-10-16 19:20:11,091,47,71,258,388,785,787
2017-10-16 19:20:12,093,48,71,256,387,785,787
2017-10-16 19:20:13,095,49,71,254,387,785,787
2017-10-16 19:20:14,101,50,71,253,387,785,787
2017-10-16 19:20:15,103,51,71,251,387,785,787
2017-10-16 19:20:16,107,52,71,249,387,785,787
2017-10-16 19:20:17,112,53,71,248,387,785,787
2017-10-16 19:20:18,116,54,71,247,386,785,787
2017-10-16 19:20:19,120,55,71,246,386,785,787
2017-10-16 19:20:20,124,56,71,245,386,785,787
2017-10-16 19:20:21,125,57,71,244,387,785,787
2017-10-16 19:20:22,130,58,71,243,386,785,787
2017-10-16 19:20:23,133,59,71,242,387,785,787
2017-10-16 19:20:24,138,60,71,241,387,785,787
2017-10-16 19:20:25,139,61,71,240,386,785,787
2017-10-16 19:20:26,141,62,71,239,387,785,787
2017-10-16 19:20:27,142,63,71,238,388,785,787
2017-10-16 19:20:28,147,64,71,238,388,785,787
2017-10-16 19:20:29,150,65,71,237,389,785,787
2017-10-16 19:20:30,151,66,71,237,390,785,787
2017-10-16 19:20:31,152,67,71,236,391,785,787
2017-10-16 19:20:32,157,68,71,236,392,785,787
2017-10-16 19:20:33,159,69,71,236,393,785,787
2017-10-16 19:20:34,164,70,71,235,393,785,787
2017-10-16 19:20:35,169,71,71,235,394,785,787
2017-10-16 19:20:36,172,72,71,235,395,785,787
2017-10-16 19:20:37,175,73,71,235,395,785,787
2017-10-16 19:20:38,178,74,71,235,396,785,787
2017-10-16 19:20:39,181,75,71,234,397,785,787
2017-10-16 19:20:40,184,76,71,234,397,785,787
2017-10-16 19:20:41,187,77,71,235,398,785,787
2017-10-16 19:20:42,190,78,71,235,399,785,787
2017-10-16 19:20:43,193,79,71,235,399,785,787
2017-10-16 19:20:44,196,80,71,235,400,785,787
2017-10-16 19:20:45,199,81,71,235,400,785,787
2017-10-16 19:20:46,202,82,71,235,401,785,787
2017-10-16 19:20:47,204,83,71,235,401,785,787
2017-10-16 19:20:48,208,84,71,235,402,785,787
2017-10-16 19:20:49,212,85,71,236,402,785,787
2017-10-16 19:20:50,213,86,71,236,403,785,787
2017-10-16 19:20:51,217,87,71,236,404,785,787
2017-10-16 19:20:52,221,88,71,236,404,785,787
2017-10-16 19:20:53,225,89,71,237,405,785,787
2017-10-16 19:20:54,226,90,71,237,405,785,787
2017-10-16 19:20:55,230,91,71,238,406,785,787
2017-10-16 19:20:56,233,92,71,238,406,785,787
2017-10-16 19:20:57,236,93,71,238,407,785,787
2017-10-16 19:20:58,240,94,71,239,408,785,787
2017-10-16 19:20:59,240,95,71,240,408,785,787
2017-10-16 19:21:00,243,96,71,240,409,785,787
2017-10-16 19:21:01,248,97,71,241,409,785,787
2017-10-16 19:21:02,251,98,71,241,410,785,787
2017-10-16 19:21:03,254,99,71,242,410,785,787
2017-10-16 19:21:04,256,100,71,242,411,785,787
2017-10-16 19:21:05,261,101,71,243,411,785,787
2017-10-16 19:21:06,264,102,71,243,411,785,787
2017-10-16 19:21:07,265,103,71,244,412,785,787
2017-10-16 19:21:08,270,104,71,245,412,785,787
2017-10-16 19:21:09,273,105,71,245,413,785,787
2017-10-16 19:21:10,274,106,71,246,413,785,787
2017-10-16 19:21:11,279,107,71,246,414,785,787
2017-10-16 19:21:12,279,108,71,247,414,785,787
2017-10-16 19:21:13,280,109,71,248,414,785,787
2017-10-16 19:21:14,283,110,71,248,415,785,787
2017-10-16 19:21:15,286,111,71,249,415,785,787
2017-10-16 19:21:16,288,112,71,250,415,785,787
2017-10-16 19:21:17,293,113,71,250,416,785,787
2017-10-16 19:21:18,295,114,71,251,416,785,787
2017-10-16 19:21:19,297,115,71,252,417,785,787
2017-10-16 19:21:20,303,116,71,253,417,785,787
2017-10-16 19:21:21,304,117,71,253,418,785,787
2017-10-16 19:21:22,310,118,71,254,418,785,787
2017-10-16 19:21:23,314,119,71,255,418,785,787
2017-10-16 19:21:24,315,120,71,256,419,785,787
2017-10-16 19:21:25,318,121,71,257,419,785,787
2017-10-16 19:21:26,324,122,71,257,419,785,787
2017-10-16 19:21:27,328,123,71,258,420,785,787
2017-10-16 19:21:28,331,124,71,259,420,785,787
2017-10-16 19:21:29,334,125,71,260,420,785,787
2017-10-16 19:21:30,337,126,71,261,421,785,787
2017-10-16 19:21:31,339,127,71,262,421,785,787
2017-10-16 19:21:32,343,128,71,262,422,785,787
2017-10-16 19:21:33,347,129,71,263,422,785,787
2017-10-16 19:21:34,350,130,71,264,423,785,787
2017-10-16 19:21:35,353,131,71,265,423,785,787
2017-10-16 19:21:36,356,132,71,266,423,785,787
2017-10-16 19:21:37,357,133,71,267,424,785,787
2017-10-16 19:21:38,362,134,71,268,424,785,787
2017-10-16 19:21:39,365,135,71,268,424,785,787
2017-10-16 19:21:40,368,136,71,269,424,785,787
2017-10-16 19:21:41,371,137,71,270,425,785,787
2017-10-16 19:21:42,373,138,71,271,425,785,787
2017-10-16 19:21:43,377,139,71,271,425,785,787
2017-10-16 19:21:44,381,140,71,272,426,785,787
2017-10-16 19:21:45,382,141,71,273,426,785,787
2017-10-16 19:21:46,384,142,71,274,427,785,787
2017-10-16 19:21:47,390,143,71,275,427,785,787
2017-10-16 19:21:48,390,144,71,276,427,785,787
2017-10-16 19:21:49,396,145,71,277,427,785,787
2017-10-16 19:21:50,399,146,71,277,428,785,787
2017-10-16 19:21:51,402,147,71,278,428,785,787
2017-10-16 19:21:52,405,148,71,279,429,785,787
2017-10-16 19:21:53,406,149,71,280,429,785,787
2017-10-16 19:21:54,411,150,71,281,429,785,787
2017-10-16 19:21:55,414,151,71,281,429,785,787
2017-10-16 19:21:56,417,152,71,282,429,785,787
2017-10-16 19:21:57,418,153,71,283,430,785,787
2017-10-16 19:21:58,423,154,71,284,430,785,787
2017-10-16 19:21:59,426,155,71,285,430,785,787
2017-10-16 19:22:00,429,156,71,286,431,785,787
2017-10-16 19:22:01,433,157,71,287,431,785,787
2017-10-16 19:22:02,436,158,71,287,431,785,787
2017-10-16 19:22:03,437,159,71,288,432,785,787
2017-10-16 19:22:04,439,160,71,289,432,785,787
2017-10-16 19:22:05,445,161,71,290,432,785,787
2017-10-16 19:22:06,448,162,71,291,432,785,787
2017-10-16 19:22:07,451,163,71,291,433,785,787
2017-10-16 19:22:08,452,164,71,292,433,785,787
2017-10-16 19:22:09,456,165,71,293,433,785,787
2017-10-16 19:22:10,460,166,71,294,434,785,787
2017-10-16 19:22:11,463,167,71,295,434,785,787
2017-10-16 19:22:12,467,168,71,296,434,785,787
2017-10-16 19:22:13,469,169,71,297,435,785,787
2017-10-16 19:22:14,472,170,71,297,435,785,787
2017-10-16 19:22:15,473,171,71,298,435,785,787
2017-10-16 19:22:16,478,172,71,299,435,785,787
2017-10-16 19:22:17,482,173,71,300,436,785,787
2017-10-16 19:22:18,485,174,71,301,436,785,787
2017-10-16 19:22:19,489,175,71,302,436,785,787
2017-10-16 19:22:20,494,176,71,303,436,785,787
2017-10-16 19:22:21,499,177,71,303,436,785,787
2017-10-16 19:22:22,503,178,71,304,437,785,787
2017-10-16 19:22:23,509,179,71,305,437,785,787
2017-10-16 19:22:24,512,180,71,306,437,785,787
2017-10-16 19:22:25,518,181,71,307,438,785,787
2017-10-16 19:22:26,523,182,71,308,438,785,787
2017-10-16 19:22:27,529,183,71,308,438,785,787
2017-10-16 19:22:28,533,184,71,309,439,785,787
2017-10-16 19:22:29,536,185,71,310,439,785,787
2017-10-16 19:22:30,539,186,71,311,439,785,787
2017-10-16 19:22:31,542,187,71,312,439,785,787
2017-10-16 19:22:32,545,188,71,313,440,785,787
2017-10-16 19:22:33,550,189,71,313,440,785,787
2017-10-16 19:22:34,557,190,71,314,441,785,787
2017-10-16 19:22:35,566,191,71,315,441,785,787
2017-10-16 19:22:36,569,192,71,316,441,785,787
2017-10-16 19:22:37,575,193,71,317,442,785,787
2017-10-16 19:22:38,580,194,71,318,442,785,787
2017-10-16 19:22:39,583,195,71,318,443,785,787
2017-10-16 19:22:40,586,196,71,319,443,785,787
2017-10-16 19:22:41,590,197,71,320,444,785,787
2017-10-16 19:22:42,595,198,71,321,444,785,787
2017-10-16 19:22:43,600,199,71,322,445,785,787
2017-10-16 19:22:44,606,200,71,323,445,785,787
2017-10-16 19:22:45,610,201,71,323,445,785,787
2017-10-16 19:22:46,615,202,71,324,446,785,787
2017-10-16 19:22:47,620,203,71,325,446,785,787
2017-10-16 19:22:48,624,204,71,326,447,785,787
2017-10-16 19:22:49,630,205,71,327,447,785,787
2017-10-16 19:22:50,633,206,71,327,447,785,787
2017-10-16 19:22:51,636,207,71,328,448,785,787
2017-10-16 19:22:52,639,208,71,329,448,785,787
2017-10-16 19:22:53,642,209,71,330,449,785,787
2017-10-16 19:22:54,645,210,71,331,449,785,787
2017-10-16 19:22:55,649,211,71,332,449,785,787
2017-10-16 19:22:56,650,212,71,332,449,785,787
2017-10-16 19:22:57,651,213,71,333,450,785,787
2017-10-16 19:22:58,654,214,71,334,450,785,787
2017-10-16 19:22:59,660,215,71,335,450,785,787
2017-10-16 19:23:00,664,216,71,335,450,785,787
2017-10-16 19:23:01,666,217,71,336,451,785,787
2017-10-16 19:23:02,670,218,71,337,451,785,787
2017-10-16 19:23:03,673,219,71,338,451,785,787
2017-10-16 19:23:04,676,220,71,338,451,785,787
2017-10-16 19:23:05,679,221,71,339,451,785,787
2017-10-16 19:23:06,682,222,71,340,451,785,787
2017-10-16 19:23:07,684,223,71,341,451,785,787
2017-10-16 19:23:08,688,224,71,342,452,785,787
2017-10-16 19:23:09,691,225,71,342,452,785,787
2017-10-16 19:23:10,692,226,71,343,452,785,787
2017-10-16 19:23:11,693,227,71,344,453,785,787
2017-10-16 19:23:12,693,228,71,345,453,785,787
2017-10-16 19:23:13,695,229,71,346,453,785,787
2017-10-16 19:23:14,701,230,71,346,454,785,787
2017-10-16 19:23:15,707,231,71,347,454,785,787
2017-10-16 19:23:16,707,232,71,348,454,785,787
2017-10-16 19:23:17,713,233,71,348,454,785,787
2017-10-16 19:23:18,719,234,71,349,455,785,787
2017-10-16 19:23:19,725,235,71,350,455,785,787
2017-10-16 19:23:20,726,236,71,350,455,785,787
2017-10-16 19:23:21,728,237,71,351,456,785,787
2017-10-16 19:23:22,731,238,71,352,456,785,787
2017-10-16 19:23:23,736,239,71,353,456,785,787
2017-10-16 19:23:24,738,240,71,353,457,785,787
2017-10-16 19:23:25,741,241,71,354,457,785,787
2017-10-16 19:23:26,744,242,71,355,457,785,787
2017-10-16 19:23:27,747,243,71,355,457,785,787
2017-10-16 19:23:28,750,244,71,356,458,785,787
2017-10-16 19:23:29,753,245,71,357,458,785,787
2017-10-16 19:23:30,755,246,71,358,458,785,787
2017-10-16 19:23:31,759,247,71,358,458,785,787
2017-10-16 19:23:32,762,248,71,359,459,785,787
2017-10-16 19:23:33,763,249,71,360,459,785,787
2017-10-16 19:23:34,768,250,71,360,459,785,787
2017-10-16 19:23:35,772,251,71,361,459,785,787
2017-10-16 19:23:36,773,252,71,362,459,785,787
2017-10-16 19:23:37,778,253,71,362,459,785,787
2017-10-16 19:23:38,781,254,71,363,460,785,787
2017-10-16 19:23:39,782,255,71,364,460,785,787
2017-10-16 19:23:40,787,256,71,364,460,785,787
2017-10-16 19:23:41,788,257,71,365,461,785,787
2017-10-16 19:23:42,794,258,71,366,461,785,787
2017-10-16 19:23:43,796,259,71,366,461,785,787
2017-10-16 19:23:44,799,260,71,367,461,785,787
2017-10-16 19:23:45,802,261,71,367,461,785,787
2017-10-16 19:23:46,805,262,71,368,461,785,787
2017-10-16 19:23:47,808,263,71,369,462,785,787
2017-10-16 19:23:48,812,264,71,370,462,785,787
2017-10-16 19:23:49,814,265,71,370,462,785,787
2017-10-16 19:23:50,818,266,71,371,463,785,787
2017-10-16 19:23:51,821,267,71,372,463,785,787
2017-10-16 19:23:52,824,268,71,372,463,785,787
2017-10-16 19:23:53,828,269,71,373,463,785,787
2017-10-16 19:23:54,830,270,71,374,463,785,787
2017-10-16 19:23:55,833,271,71,374,464,785,787
2017-10-16 19:23:56,834,272,71,375,464,785,787
2017-10-16 19:23:57,839,273,71,376,464,785,787
2017-10-16 19:23:58,842,274,71,376,464,785,787
2017-10-16 19:23:59,848,275,71,377,464,785,787
2017-10-16 19:24:00,854,276,71,378,464,785,787
2017-10-16 19:24:01,858,277,71,379,465,785,787
2017-10-16 19:24:02,864,278,71,379,465,785,787
2017-10-16 19:24:03,866,279,71,380,465,785,787
2017-10-16 19:24:04,871,280,71,381,465,785,787
2017-10-16 19:24:05,877,281,71,381,466,785,787
2017-10-16 19:24:06,882,282,71,382,466,785,787
2017-10-16 19:24:07,883,283,71,383,466,785,787
2017-10-16 19:24:08,884,284,71,383,466,785,787
2017-10-16 19:24:09,890,285,71,384,466,785,787
2017-10-16 19:24:10,896,287,71,384,466,785,787
2017-10-16 19:24:11,898,288,71,385,467,785,787
2017-10-16 19:24:12,902,289,71,386,467,785,787
2017-10-16 19:24:13,904,290,71,386,467,785,787
2017-10-16 19:24:14,907,291,71,387,467,785,787
2017-10-16 19:24:15,910,292,71,388,467,785,787
2017-10-16 19:24:16,911,293,71,388,467,785,787
2017-10-16 19:24:17,917,294,71,389,468,785,787
2017-10-16 19:24:18,920,295,71,389,468,785,787
2017-10-16 19:24:19,923,296,71,390,468,785,787
2017-10-16 19:24:20,925,297,71,391,468,785,787
2017-10-16 19:24:21,930,298,71,392,469,785,787
2017-10-16 19:24:22,933,299,71,392,469,785,787
2017-10-16 19:24:23,936,300,71,393,469,785,787
2017-10-16 19:24:24,939,301,71,393,469,785,787
2017-10-16 19:24:25,942,302,71,394,470,785,787
2017-10-16 19:24:26,951,303,71,394,470,785,787
2017-10-16 19:24:27,953,304,71,395,470,785,787
2017-10-16 19:24:28,955,305,71,396,470,785,787
2017-10-16 19:24:29,956,306,71,396,470,785,787
2017-10-16 19:24:30,957,307,71,397,471,785,787
2017-10-16 19:24:31,960,308,71,398,471,785,787
2017-10-16 19:24:32,962,309,71,398,472,785,787
2017-10-16 19:24:33,964,310,71,399,472,785,787
2017-10-16 19:24:34,970,311,71,399,473,785,787
2017-10-16 19:24:35,972,312,71,400,473,785,787
2017-10-16 19:24:36,975,313,71,401,474,785,787
2017-10-16 19:24:37,976,314,71,401,474,785,787
2017-10-16 19:24:38,982,315,71,402,474,785,787
2017-10-16 19:24:39,984,316,71,403,475,785,787
2017-10-16 19:24:40,988,317,71,403,475,785,787
2017-10-16 19:24:41,991,318,71,404,476,785,787
2017-10-16 19:24:42,994,319,71,404,476,785,787
2017-10-16 19:24:43,997,320,71,405,476,785,787
2017-10-16 19:24:45,000,321,71,405,476,785,787
2017-10-16 19:24:46,002,322,71,406,477,785,787
2017-10-16 19:24:47,006,323,71,407,477,785,787
2017-10-16 19:24:48,009,324,71,407,477,785,787
2017-10-16 19:24:49,013,325,71,408,477,785,787
2017-10-16 19:24:50,015,326,71,408,477,785,787
2017-10-16 19:24:51,019,327,71,409,477,785,787
2017-10-16 19:24:52,022,328,71,410,477,785,787
2017-10-16 19:24:53,025,329,71,410,477,785,787
2017-10-16 19:24:54,027,330,71,411,477,785,787
2017-10-16 19:24:55,031,331,71,411,477,785,787
2017-10-16 19:24:56,035,332,71,412,477,785,787
2017-10-16 19:24:57,036,333,71,412,478,785,787
2017-10-16 19:24:58,040,334,71,413,478,785,787
2017-10-16 19:24:59,049,335,71,414,478,785,787
2017-10-16 19:25:00,051,336,71,414,478,785,787
2017-10-16 19:25:01,053,337,71,415,478,785,787
2017-10-16 19:25:02,054,338,71,416,478,785,787
2017-10-16 19:25:03,055,339,71,416,478,785,787
2017-10-16 19:25:04,059,340,71,417,478,785,787
2017-10-16 19:25:05,061,341,71,417,478,785,787
2017-10-16 19:25:06,064,342,71,418,478,785,787
2017-10-16 19:25:07,067,343,71,418,479,785,787
2017-10-16 19:25:08,071,344,71,419,479,785,787
2017-10-16 19:25:09,073,345,71,420,479,785,787
2017-10-16 19:25:10,076,346,71,420,480,785,787
2017-10-16 19:25:11,080,347,71,420,480,785,787
2017-10-16 19:25:12,082,348,71,421,480,785,787
2017-10-16 19:25:13,084,349,71,421,480,785,787
2017-10-16 19:25:14,093,350,71,422,480,785,787
2017-10-16 19:25:15,096,351,71,423,480,785,787
2017-10-16 19:25:16,107,352,71,423,481,785,787
2017-10-16 19:25:17,118,353,71,424,481,785,787
2017-10-16 19:25:18,120,354,71,424,481,785,787
2017-10-16 19:25:19,121,355,71,425,481,785,787
2017-10-16 19:25:20,124,356,71,425,481,785,787
2017-10-16 19:25:21,127,357,71,426,481,785,787
2017-10-16 19:25:22,133,358,71,427,482,785,787
2017-10-16 19:25:23,144,359,71,427,481,785,787
2017-10-16 19:25:24,154,360,71,427,482,785,787
2017-10-16 19:25:25,161,361,71,428,482,785,787
2017-10-16 19:25:26,165,362,71,429,482,785,787
2017-10-16 19:25:27,171,363,71,429,482,785,787
2017-10-16 19:25:28,172,364,71,430,482,785,787
2017-10-16 19:25:29,174,365,71,430,482,785,787
2017-10-16 19:25:30,176,366,71,431,483,785,787
2017-10-16 19:25:31,183,367,71,431,482,785,787
2017-10-16 19:25:32,186,368,71,432,483,785,787
2017-10-16 19:25:33,194,369,71,432,483,785,787
2017-10-16 19:25:34,201,370,71,433,483,785,787
2017-10-16 19:25:35,203,371,71,433,483,785,787
2017-10-16 19:25:36,213,372,71,434,483,785,787
2017-10-16 19:25:37,216,373,71,435,483,785,787
2017-10-16 19:25:38,227,374,71,435,484,785,787
2017-10-16 19:25:39,233,375,71,436,483,785,787
2017-10-16 19:25:40,237,376,71,436,484,785,787
2017-10-16 19:25:41,239,377,71,437,484,785,787
2017-10-16 19:25:42,241,378,71,437,484,785,787
2017-10-16 19:25:43,245,379,71,438,484,785,787
2017-10-16 19:25:44,253,380,71,438,485,785,787
2017-10-16 19:25:45,264,381,71,439,485,785,787
2017-10-16 19:25:46,269,382,71,439,485,785,787
2017-10-16 19:25:47,274,383,71,440,485,785,787
2017-10-16 19:25:48,277,384,71,440,485,785,787
2017-10-16 19:25:49,280,385,71,441,485,785,787
2017-10-16 19:25:50,283,386,71,441,486,785,787
2017-10-16 19:25:51,286,387,71,442,486,785,787
2017-10-16 19:25:52,288,388,71,442,486,785,787
2017-10-16 19:25:53,291,389,71,443,486,785,787
2017-10-16 19:25:54,296,390,71,444,486,785,787
2017-10-16 19:25:55,299,391,71,444,486,785,787
2017-10-16 19:25:56,301,392,71,445,486,785,787
2017-10-16 19:25:57,305,393,71,445,486,785,787
2017-10-16 19:25:58,311,394,71,446,486,785,787
2017-10-16 19:25:59,313,395,71,446,486,785,787
2017-10-16 19:26:00,314,396,71,446,487,785,787
2017-10-16 19:26:01,316,397,71,447,487,785,787
2017-10-16 19:26:02,320,398,71,448,487,785,787
2017-10-16 19:26:03,328,399,71,448,487,785,787
2017-10-16 19:26:04,337,400,71,449,487,785,787
2017-10-16 19:26:05,338,401,71,449,487,785,787
2017-10-16 19:26:06,349,402,71,450,486,785,787
2017-10-16 19:26:07,352,403,71,450,486,785,787
2017-10-16 19:26:08,353,404,71,451,485,785,787
2017-10-16 19:26:09,355,405,71,451,484,785,787
2017-10-16 19:26:10,362,406,71,452,484,785,787
2017-10-16 19:26:11,363,407,71,452,485,785,787
2017-10-16 19:26:12,366,408,71,453,485,785,787
2017-10-16 19:26:13,371,409,71,453,485,785,787
2017-10-16 19:26:14,374,410,71,454,486,785,787
2017-10-16 19:26:15,375,411,71,454,486,785,787
2017-10-16 19:26:16,375,412,71,455,486,785,787
2017-10-16 19:26:17,386,413,71,455,487,785,787
2017-10-16 19:26:18,396,414,71,455,487,785,787
2017-10-16 19:26:19,401,415,71,456,487,785,787
2017-10-16 19:26:20,405,416,71,457,487,785,787
2017-10-16 19:26:21,408,417,71,457,487,785,787
2017-10-16 19:26:22,415,418,71,458,487,785,787
2017-10-16 19:26:23,424,419,71,458,487,785,787
2017-10-16 19:26:24,430,420,71,459,487,785,787
2017-10-16 19:26:25,433,421,71,459,487,785,787
2017-10-16 19:26:26,444,422,71,460,487,785,787
2017-10-16 19:26:27,451,423,71,460,487,785,787
2017-10-16 19:26:28,453,424,71,461,488,785,787
2017-10-16 19:26:29,457,425,71,461,488,785,787
2017-10-16 19:26:30,462,426,71,461,488,785,787
2017-10-16 19:26:31,464,427,71,462,489,785,787
2017-10-16 19:26:32,473,428,71,462,489,785,787
2017-10-16 19:26:33,482,429,71,463,489,785,787
2017-10-16 19:26:34,485,430,71,463,490,785,787
2017-10-16 19:26:35,486,431,71,464,490,785,787
2017-10-16 19:26:36,492,432,71,464,490,785,787
2017-10-16 19:26:37,495,433,71,465,490,785,787
2017-10-16 19:26:38,498,434,71,465,491,785,787
2017-10-16 19:26:39,501,435,71,466,491,785,787
2017-10-16 19:26:40,504,436,71,467,491,785,787
2017-10-16 19:26:41,507,437,71,467,491,785,787
2017-10-16 19:26:42,508,438,71,468,492,785,787
2017-10-16 19:26:43,510,439,71,468,492,785,787
2017-10-16 19:26:44,516,440,71,468,492,785,787
2017-10-16 19:26:45,519,441,71,469,493,785,787
2017-10-16 19:26:46,522,442,71,469,493,785,787
2017-10-16 19:26:47,526,443,71,470,493,785,787
2017-10-16 19:26:48,528,444,71,470,494,785,787
2017-10-16 19:26:49,531,445,71,471,494,785,787
2017-10-16 19:26:50,535,446,71,472,494,785,787
2017-10-16 19:26:51,539,447,71,472,495,785,787
2017-10-16 19:26:52,541,448,71,472,495,785,787
2017-10-16 19:26:53,544,449,71,473,495,785,787
2017-10-16 19:26:54,547,450,71,473,495,785,787
2017-10-16 19:26:55,550,451,71,474,496,785,787
2017-10-16 19:26:56,552,452,71,474,496,785,787
2017-10-16 19:26:57,556,453,71,475,496,785,787
2017-10-16 19:26:58,559,454,71,475,496,785,787
2017-10-16 19:26:59,562,455,71,476,496,785,787
2017-10-16 19:27:00,566,456,71,476,496,785,787
2017-10-16 19:27:01,568,457,71,477,496,785,787
2017-10-16 19:27:02,573,458,71,477,497,785,787
2017-10-16 19:27:03,575,459,71,478,497,785,787
2017-10-16 19:27:04,584,460,71,478,497,785,787
2017-10-16 19:27:05,595,461,71,479,497,785,787
2017-10-16 19:27:06,601,462,71,479,498,785,787
2017-10-16 19:27:07,603,463,71,480,498,785,787
2017-10-16 19:27:08,603,464,71,481,498,785,787
2017-10-16 19:27:09,608,465,71,481,499,785,787
2017-10-16 19:27:10,614,466,71,482,499,785,787
2017-10-16 19:27:11,615,467,71,482,499,785,787
2017-10-16 19:27:12,619,468,71,483,499,785,787
2017-10-16 19:27:13,622,469,71,483,500,785,787
2017-10-16 19:27:14,624,470,71,484,499,785,787
2017-10-16 19:27:15,628,471,71,484,499,785,787
2017-10-16 19:27:16,630,472,71,485,498,785,787
2017-10-16 19:27:17,638,473,71,485,498,785,787
2017-10-16 19:27:18,641,474,71,486,499,785,787
2017-10-16 19:27:19,646,475,71,486,499,785,787
2017-10-16 19:27:20,653,476,71,487,499,785,787
2017-10-16 19:27:21,659,477,71,487,499,785,787
2017-10-16 19:27:22,664,478,71,488,499,785,787
2017-10-16 19:27:23,669,479,71,488,500,785,787
2017-10-16 19:27:24,678,480,71,489,500,785,787
2017-10-16 19:27:25,689,481,71,489,500,785,787
2017-10-16 19:27:26,698,482,71,489,500,785,787
2017-10-16 19:27:27,699,483,71,490,500,785,787
2017-10-16 19:27:28,702,484,71,490,501,785,787
2017-10-16 19:27:29,705,485,71,491,501,785,787
2017-10-16 19:27:30,707,486,71,491,501,785,787
2017-10-16 19:27:31,711,487,71,492,501,785,787
2017-10-16 19:27:32,714,488,71,492,501,785,787
2017-10-16 19:27:33,716,489,71,493,501,785,787
2017-10-16 19:27:34,718,490,71,493,502,785,787
2017-10-16 19:27:35,723,491,71,494,502,785,787
2017-10-16 19:27:36,726,492,71,494,502,785,787
2017-10-16 19:27:37,729,493,71,495,502,785,787
2017-10-16 19:27:38,732,494,71,495,502,785,787
2017-10-16 19:27:39,733,495,71,496,502,785,787
2017-10-16 19:27:40,735,496,71,497,503,785,787
2017-10-16 19:27:41,739,497,71,497,503,785,787
2017-10-16 19:27:42,744,498,71,498,503,785,787
2017-10-16 19:27:43,748,499,71,498,503,785,787
2017-10-16 19:27:44,751,500,71,499,504,785,787
2017-10-16 19:27:45,754,501,71,499,504,785,787
2017-10-16 19:27:46,765,502,71,500,504,785,787
2017-10-16 19:27:47,772,503,71,500,504,785,787
2017-10-16 19:27:48,780,504,71,501,505,785,787
2017-10-16 19:27:49,787,505,71,501,505,785,787
2017-10-16 19:27:50,790,506,71,502,505,785,787
2017-10-16 19:27:51,793,507,71,502,505,785,787
2017-10-16 19:27:52,803,508,71,502,506,785,787
2017-10-16 19:27:53,805,509,71,503,506,785,787
2017-10-16 19:27:54,810,510,71,504,506,785,787
2017-10-16 19:27:55,821,511,71,504,506,785,787
2017-10-16 19:27:56,822,512,71,505,506,785,787
2017-10-16 19:27:57,824,513,71,505,507,785,787
2017-10-16 19:27:58,833,514,71,506,507,785,787
2017-10-16 19:27:59,834,515,71,506,507,785,787
2017-10-16 19:28:00,837,516,71,506,507,785,787
2017-10-16 19:28:01,843,517,71,507,507,785,787
2017-10-16 19:28:02,854,518,71,507,508,785,787
2017-10-16 19:28:03,859,519,71,508,507,785,787
2017-10-16 19:28:04,862,520,71,508,507,785,787
2017-10-16 19:28:05,865,521,71,508,507,785,787
2017-10-16 19:28:06,868,522,71,509,507,785,787
2017-10-16 19:28:07,871,523,71,509,506,785,787
2017-10-16 19:28:08,872,524,71,510,506,785,787
2017-10-16 19:28:09,877,525,71,510,505,785,787
2017-10-16 19:28:10,885,526,71,510,504,785,787
2017-10-16 19:28:11,886,527,71,511,502,785,787
2017-10-16 19:28:12,887,528,71,511,501,785,787
2017-10-16 19:28:13,890,529,71,511,500,785,787
2017-10-16 19:28:14,893,531,71,511,499,785,787
2017-10-16 19:28:15,896,532,71,512,498,785,787
2017-10-16 19:28:16,899,533,71,512,497,785,787
2017-10-16 19:28:17,901,534,71,513,496,785,787
2017-10-16 19:28:18,909,535,71,513,495,785,787
2017-10-16 19:28:19,919,536,71,513,494,785,787
2017-10-16 19:28:20,924,537,71,513,493,785,787
2017-10-16 19:28:21,929,538,71,514,492,785,787
2017-10-16 19:28:22,932,539,71,514,491,785,787
2017-10-16 19:28:23,936,540,71,515,491,785,787
2017-10-16 19:28:24,937,541,71,515,490,785,787
2017-10-16 19:28:25,944,542,71,515,489,785,787
2017-10-16 19:28:26,954,543,71,515,488,785,787
2017-10-16 19:28:27,956,544,71,516,488,785,787
2017-10-16 19:28:28,957,545,71,516,487,785,787
2017-10-16 19:28:29,967,546,71,516,486,785,787
2017-10-16 19:28:30,973,547,71,516,486,785,787
2017-10-16 19:28:31,976,548,71,516,485,785,787
2017-10-16 19:28:32,982,549,71,516,484,785,787
2017-10-16 19:28:33,985,550,71,517,484,785,787
2017-10-16 19:28:34,987,551,71,517,483,785,787
2017-10-16 19:28:35,991,552,71,517,483,785,787
2017-10-16 19:28:36,994,553,71,517,482,785,787
2017-10-16 19:28:37,995,554,71,517,482,785,787
2017-10-16 19:28:39,004,555,71,517,481,785,787
2017-10-16 19:28:40,006,556,71,518,481,785,787
2017-10-16 19:28:41,007,557,71,518,480,785,787
2017-10-16 19:28:42,010,558,71,518,480,785,787
2017-10-16 19:28:43,010,559,71,518,479,785,787
2017-10-16 19:28:44,016,560,71,518,479,785,787
2017-10-16 19:28:45,019,561,71,518,478,785,787
2017-10-16 19:28:46,020,562,71,518,478,785,787
2017-10-16 19:28:47,025,563,71,519,477,785,787
2017-10-16 19:28:48,026,564,71,519,477,785,787
2017-10-16 19:28:49,031,565,71,519,477,785,787
2017-10-16 19:28:50,034,566,71,519,476,785,787
2017-10-16 19:28:51,037,567,71,519,476,785,787
2017-10-16 19:28:52,040,568,71,519,475,785,787
2017-10-16 19:28:53,043,569,71,519,475,785,787
2017-10-16 19:28:54,046,570,71,519,475,785,787
2017-10-16 19:28:55,049,571,71,520,474,785,787
2017-10-16 19:28:56,052,572,71,520,474,785,787
2017-10-16 19:28:57,055,573,71,520,473,785,787
2017-10-16 19:28:58,058,574,71,520,473,785,787
2017-10-16 19:28:59,068,575,71,520,472,785,787
2017-10-16 19:29:00,074,576,71,520,472,785,787
2017-10-16 19:29:01,084,577,71,520,472,785,787
2017-10-16 19:29:02,088,578,71,521,472,785,787
2017-10-16 19:29:03,091,579,71,521,472,785,787
2017-10-16 19:29:04,100,580,71,521,472,785,787
2017-10-16 19:29:05,111,581,71,521,472,785,787
2017-10-16 19:29:06,117,582,71,521,472,785,787
2017-10-16 19:29:07,122,583,71,521,473,785,787
2017-10-16 19:29:08,129,584,71,521,473,785,787
2017-10-16 19:29:09,131,585,71,521,474,785,787
2017-10-16 19:29:10,135,586,71,522,474,785,787
2017-10-16 19:29:11,144,587,71,522,474,785,787
2017-10-16 19:29:12,147,588,71,522,475,785,787
2017-10-16 19:29:13,155,589,71,522,475,785,787
2017-10-16 19:29:14,158,590,71,522,476,785,787
2017-10-16 19:29:15,161,591,71,522,477,785,787
2017-10-16 19:29:16,167,592,71,522,477,785,787
2017-10-16 19:29:17,177,593,71,523,478,785,787
2017-10-16 19:29:18,178,594,71,523,479,785,787
2017-10-16 19:29:19,189,595,71,523,479,785,787
2017-10-16 19:29:20,198,596,71,523,480,785,787
2017-10-16 19:29:21,209,597,71,523,480,785,787
2017-10-16 19:29:22,216,598,71,524,481,785,787
2017-10-16 19:29:23,219,599,71,524,481,785,787
2017-10-16 19:29:24,222,600,71,524,482,785,787
2017-10-16 19:29:25,233,601,71,524,482,785,787
2017-10-16 19:29:26,236,602,71,524,483,785,787
2017-10-16 19:29:27,237,603,71,524,483,785,787
2017-10-16 19:29:28,249,604,71,524,483,785,787
2017-10-16 19:29:29,254,605,71,524,484,785,787
2017-10-16 19:29:30,257,606,71,525,484,785,787
2017-10-16 19:29:31,260,607,71,525,484,785,787
2017-10-16 19:29:32,263,608,71,525,484,785,787
2017-10-16 19:29:33,266,609,71,525,484,785,787
2017-10-16 19:29:34,267,610,71,525,485,785,787
2017-10-16 19:29:35,269,611,71,525,485,785,787
2017-10-16 19:29:36,270,612,71,526,485,785,787
2017-10-16 19:29:37,275,613,71,526,485,785,787
2017-10-16 19:29:38,282,614,71,526,485,785,787
2017-10-16 19:29:39,283,615,71,526,485,785,787
2017-10-16 19:29:40,286,616,71,526,485,785,787
2017-10-16 19:29:41,287,617,71,526,485,785,787
2017-10-16 19:29:42,290,618,71,526,485,785,787
2017-10-16 19:29:43,294,619,71,526,485,785,787
2017-10-16 19:29:44,297,620,71,526,485,785,787
2017-10-16 19:29:45,305,621,71,526,485,785,787
2017-10-16 19:29:46,315,622,71,526,485,785,787
2017-10-16 19:29:47,319,623,71,526,485,785,787
2017-10-16 19:29:48,320,624,71,526,485,785,787
2017-10-16 19:29:49,322,625,71,526,485,785,787
2017-10-16 19:29:50,332,626,71,526,485,785,787
2017-10-16 19:29:51,340,627,71,526,485,785,787
2017-10-16 19:29:52,341,628,71,526,485,785,787
2017-10-16 19:29:53,351,629,71,526,485,785,787
2017-10-16 19:29:54,356,630,71,526,485,785,787
2017-10-16 19:29:55,360,631,71,526,485,785,787
2017-10-16 19:29:56,361,632,71,526,485,785,787
2017-10-16 19:29:57,364,633,71,526,485,785,787
2017-10-16 19:29:58,373,634,71,526,485,785,787
2017-10-16 19:29:59,375,635,71,526,485,785,787
2017-10-16 19:30:00,379,636,71,526,485,785,787
2017-10-16 19:30:01,389,637,71,526,485,785,787
2017-10-16 19:30:02,392,638,71,526,485,785,787
2017-10-16 19:30:03,396,639,71,526,485,785,787
2017-10-16 19:30:04,406,640,71,526,485,785,787
2017-10-16 19:31:07,037,703,71,526,485,785,787
2017-10-16 19:31:08,040,704,71,526,485,785,787
2017-10-16 19:31:09,045,705,71,540,480,785,787
2017-10-16 19:31:10,047,706,71,538,478,785,787
2017-10-16 19:31:11,050,707,71,535,477,785,787
2017-10-16 19:31:12,053,708,71,533,476,785,787
2017-10-16 19:31:13,057,709,71,530,475,785,787
2017-10-16 19:31:14,058,710,71,531,474,785,787
2017-10-16 19:31:15,063,711,71,533,475,785,787
2017-10-16 19:31:16,067,712,71,535,475,785,787
2017-10-16 19:31:17,072,713,71,536,476,785,787
2017-10-16 19:31:18,076,714,71,538,477,785,787
2017-10-16 19:31:19,080,715,71,540,477,785,787
2017-10-16 19:31:20,083,716,71,540,478,785,787
2017-10-16 19:31:21,088,717,71,540,477,785,787
2017-10-16 19:31:22,089,718,71,540,476,785,787
2017-10-16 19:31:23,095,719,71,539,475,785,787
2017-10-16 19:31:24,096,720,71,539,474,785,787
2017-10-16 19:31:25,100,721,71,538,473,785,787
2017-10-16 19:31:26,105,722,71,535,470,785,787
2017-10-16 19:31:27,106,723,71,530,465,785,787
2017-10-16 19:31:28,111,724,71,527,461,785,787
2017-10-16 19:31:29,117,725,71,526,459,785,787
2017-10-16 19:31:30,122,726,71,526,458,785,787
2017-10-16 19:31:31,126,727,71,526,458,785,787
2017-10-16 19:31:32,129,728,71,526,457,785,787
2017-10-16 19:31:33,133,729,71,526,457,785,787
2017-10-16 19:31:34,135,730,71,525,457,785,787
2017-10-16 19:31:35,136,731,71,525,456,785,787
2017-10-16 19:31:36,141,732,71,525,456,785,787
2017-10-16 19:31:37,146,733,71,524,455,785,787
2017-10-16 19:31:38,146,734,71,524,455,785,787
2017-10-16 19:31:39,151,735,71,524,454,785,787
2017-10-16 19:31:40,157,736,71,523,454,785,787
2017-10-16 19:31:41,162,737,71,523,454,785,787
2017-10-16 19:31:42,167,738,71,523,453,785,787
2017-10-16 19:31:43,168,739,71,522,453,785,787
2017-10-16 19:31:44,172,740,71,522,452,785,787
2017-10-16 19:31:45,178,741,71,521,452,785,787
2017-10-16 19:31:46,184,742,71,521,452,785,787
2017-10-16 19:31:47,185,743,71,521,451,785,787
2017-10-16 19:31:48,191,744,71,520,451,785,787
2017-10-16 19:31:49,197,745,71,520,451,785,787
2017-10-16 19:31:50,202,746,71,519,450,785,787
2017-10-16 19:31:51,204,747,71,519,450,785,787
2017-10-16 19:31:52,211,748,71,519,450,785,787
2017-10-16 19:31:53,216,749,71,518,449,785,787
2017-10-16 19:31:54,220,750,71,518,449,785,787
2017-10-16 19:31:55,221,751,71,517,448,785,787
2017-10-16 19:31:56,224,752,71,517,448,785,787
2017-10-16 19:31:57,226,753,71,516,448,785,787
2017-10-16 19:31:58,229,754,71,516,447,785,787
2017-10-16 19:31:59,231,755,71,516,447,785,787
2017-10-16 19:32:00,235,756,71,515,447,785,787
2017-10-16 19:32:01,239,757,71,515,446,785,787
2017-10-16 19:32:02,242,758,71,515,446,785,787
2017-10-16 19:32:03,247,759,71,514,446,785,787
2017-10-16 19:32:04,249,760,71,514,446,785,787
2017-10-16 19:32:05,250,761,71,513,445,785,787
