2016-10-18 20:57:03,941,coffee,datetime,ms,seconds,ambient_temp,thermocouple_0_temp,thermocouple_1_temp,thermocouple_2_temp,thermocouple_3_temp
2016-10-18 20:57:06,011,2,85,552,483,779,781
2016-10-18 20:57:07,015,3,85,544,477,779,781
2016-10-18 20:57:08,017,4,85,535,472,779,781
2016-10-18 20:57:09,022,5,85,523,466,779,782
2016-10-18 20:57:10,022,6,85,510,459,779,781
2016-10-18 20:57:11,026,7,85,498,454,779,781
2016-10-18 20:57:12,030,8,85,487,451,779,781
2016-10-18 20:57:13,035,9,85,477,448,779,781
2016-10-18 20:57:14,040,10,85,466,446,779,781
2016-10-18 20:57:15,045,11,85,456,444,779,781
2016-10-18 20:57:16,048,12,85,447,442,779,781
2016-10-18 20:57:17,051,13,85,437,440,779,781
2016-10-18 20:57:18,056,14,85,428,438,779,781
2016-10-18 20:57:19,060,15,85,419,436,779,781
2016-10-18 20:57:20,065,16,85,411,434,779,781
2016-10-18 20:57:21,069,17,85,404,433,779,781
2016-10-18 20:57:22,074,18,85,396,431,779,781
2016-10-18 20:57:23,076,19,85,389,429,779,781
2016-10-18 20:57:24,080,20,85,382,428,779,781
2016-10-18 20:57:25,081,21,85,376,427,779,781
2016-10-18 20:57:26,083,22,85,369,425,779,781
2016-10-18 20:57:27,088,23,85,364,424,779,781
2016-10-18 20:57:28,092,24,85,358,423,779,781
2016-10-18 20:57:29,093,25,85,352,422,779,782
2016-10-18 20:57:30,096,26,85,347,421,779,782
2016-10-18 20:57:31,099,27,85,341,420,779,782
2016-10-18 20:57:32,105,28,85,336,418,779,782
2016-10-18 20:57:33,108,29,85,331,417,779,781
2016-10-18 20:57:34,112,30,85,327,416,779,781
2016-10-18 20:57:35,116,31,85,322,416,779,781
2016-10-18 20:57:36,121,32,85,318,415,779,781
2016-10-18 20:57:37,126,33,85,315,414,779,782
2016-10-18 20:57:38,130,34,85,311,413,779,782
2016-10-18 20:57:39,132,35,85,307,413,779,782
2016-10-18 20:57:40,138,36,85,304,412,779,782
2016-10-18 20:57:41,142,37,85,301,412,779,782
2016-10-18 20:57:42,144,38,85,298,411,779,781
2016-10-18 20:57:43,145,39,85,295,411,779,782
2016-10-18 20:57:44,148,40,85,292,411,779,781
2016-10-18 20:57:45,153,41,85,289,411,779,782
2016-10-18 20:57:46,157,42,85,286,411,779,781
2016-10-18 20:57:47,161,43,85,284,411,779,782
2016-10-18 20:57:48,165,44,85,282,411,779,782
2016-10-18 20:57:49,168,45,85,279,410,779,781
2016-10-18 20:57:50,173,46,85,277,410,779,782
2016-10-18 20:57:51,179,47,85,275,410,779,781
2016-10-18 20:57:52,182,48,85,273,410,779,782
2016-10-18 20:57:53,187,49,85,271,410,779,782
2016-10-18 20:57:54,191,50,85,269,410,779,781
2016-10-18 20:57:55,196,51,85,268,410,779,781
2016-10-18 20:57:56,199,52,85,266,410,779,782
2016-10-18 20:57:57,204,53,85,265,410,779,782
2016-10-18 20:57:58,208,54,85,263,410,779,781
2016-10-18 20:57:59,213,55,85,262,410,779,781
2016-10-18 20:58:00,218,56,85,261,411,779,781
2016-10-18 20:58:01,221,57,85,260,411,779,781
2016-10-18 20:58:02,224,58,85,259,411,779,782
2016-10-18 20:58:03,230,59,85,258,411,779,781
2016-10-18 20:58:04,233,60,85,257,411,779,781
2016-10-18 20:58:05,238,61,85,256,411,779,781
2016-10-18 20:58:06,241,62,85,255,411,779,782
2016-10-18 20:58:07,246,63,85,254,411,779,781
2016-10-18 20:58:08,250,64,85,254,411,779,781
2016-10-18 20:58:09,255,65,85,253,411,779,781
2016-10-18 20:58:10,259,66,85,252,411,779,781
2016-10-18 20:58:11,263,67,85,252,412,779,782
2016-10-18 20:58:12,267,68,85,251,412,779,781
2016-10-18 20:58:13,272,69,85,251,412,779,781
2016-10-18 20:58:14,275,70,85,250,413,779,781
2016-10-18 20:58:15,280,71,85,250,413,779,781
2016-10-18 20:58:16,284,72,85,250,413,779,781
2016-10-18 20:58:17,289,73,85,250,414,779,781
2016-10-18 20:58:18,293,74,85,249,414,779,781
2016-10-18 20:58:19,297,75,85,249,414,779,781
2016-10-18 20:58:20,301,76,85,249,414,779,781
2016-10-18 20:58:21,306,77,85,249,415,779,782
2016-10-18 20:58:22,310,78,85,249,415,779,782
2016-10-18 20:58:23,314,79,85,249,415,779,781
2016-10-18 20:58:24,318,80,85,249,415,779,781
2016-10-18 20:58:25,322,81,85,249,416,779,781
2016-10-18 20:58:26,327,82,85,249,416,779,781
2016-10-18 20:58:27,330,83,85,249,416,779,781
2016-10-18 20:58:28,335,84,85,249,417,779,781
2016-10-18 20:58:29,338,85,85,249,417,779,781
2016-10-18 20:58:30,340,86,85,249,417,779,781
2016-10-18 20:58:31,343,87,85,249,417,779,781
2016-10-18 20:58:32,347,88,85,249,418,779,782
2016-10-18 20:58:33,350,89,85,250,418,779,781
2016-10-18 20:58:34,353,90,85,250,418,779,781
2016-10-18 20:58:35,354,91,85,250,419,779,782
2016-10-18 20:58:36,357,92,85,250,419,779,781
2016-10-18 20:58:37,362,93,85,250,420,779,781
2016-10-18 20:58:38,366,94,85,251,420,779,781
2016-10-18 20:58:39,370,95,85,251,421,779,781
2016-10-18 20:58:40,374,96,85,252,421,779,782
2016-10-18 20:58:41,379,97,85,252,421,779,781
2016-10-18 20:58:42,382,98,85,252,422,779,781
2016-10-18 20:58:43,387,99,85,253,422,779,781
2016-10-18 20:58:44,391,100,85,253,422,779,781
2016-10-18 20:58:45,396,101,85,254,422,779,781
2016-10-18 20:58:46,399,102,85,254,423,779,781
2016-10-18 20:58:47,404,103,85,254,423,779,781
2016-10-18 20:58:48,408,104,85,255,423,779,781
2016-10-18 20:58:49,410,105,85,255,424,779,781
2016-10-18 20:58:50,414,106,85,256,424,779,781
2016-10-18 20:58:51,419,107,85,256,424,779,781
2016-10-18 20:58:52,424,108,85,257,424,779,781
2016-10-18 20:58:53,428,109,85,257,424,779,782
2016-10-18 20:58:54,432,110,85,258,425,779,781
2016-10-18 20:58:55,439,111,85,258,425,779,781
2016-10-18 20:58:56,441,112,85,259,425,779,781
2016-10-18 20:58:57,447,113,85,260,426,779,781
2016-10-18 20:58:58,450,114,85,260,426,779,781
2016-10-18 20:58:59,455,115,85,261,426,779,781
2016-10-18 20:59:00,459,116,85,261,427,779,781
2016-10-18 20:59:01,464,117,85,262,427,779,781
2016-10-18 20:59:02,466,118,85,263,427,779,781
2016-10-18 20:59:03,469,119,85,263,427,779,781
2016-10-18 20:59:04,471,120,85,264,428,779,781
2016-10-18 20:59:05,474,121,85,265,428,779,781
2016-10-18 20:59:06,477,122,85,265,428,779,781
2016-10-18 20:59:07,482,123,85,266,428,779,781
2016-10-18 20:59:08,488,124,85,267,429,779,781
2016-10-18 20:59:09,491,125,85,267,429,779,781
2016-10-18 20:59:10,496,126,85,268,429,779,781
2016-10-18 20:59:11,500,127,85,269,430,779,781
2016-10-18 20:59:12,505,128,85,269,430,779,781
2016-10-18 20:59:13,508,129,85,270,430,779,781
2016-10-18 20:59:14,513,130,85,270,430,779,781
2016-10-18 20:59:15,516,131,85,271,430,779,781
2016-10-18 20:59:16,522,132,85,272,430,779,781
2016-10-18 20:59:17,524,133,85,273,431,779,781
2016-10-18 20:59:18,530,134,85,273,431,779,781
2016-10-18 20:59:19,533,135,85,274,431,779,781
2016-10-18 20:59:20,536,136,85,274,431,779,781
2016-10-18 20:59:21,541,137,85,275,431,779,781
2016-10-18 20:59:22,543,138,85,276,431,779,781
2016-10-18 20:59:23,545,139,85,277,432,779,781
2016-10-18 20:59:24,548,140,85,277,432,779,781
2016-10-18 20:59:25,551,141,85,278,432,779,781
2016-10-18 20:59:26,558,142,85,279,432,779,781
2016-10-18 20:59:27,562,143,85,279,432,779,781
2016-10-18 20:59:28,566,144,85,280,433,779,781
2016-10-18 20:59:29,571,145,85,281,433,779,781
2016-10-18 20:59:30,574,146,85,282,433,779,781
2016-10-18 20:59:31,579,147,85,282,433,779,781
2016-10-18 20:59:32,582,148,85,283,433,779,781
2016-10-18 20:59:33,588,149,85,283,434,779,781
2016-10-18 20:59:34,591,150,85,284,434,779,782
2016-10-18 20:59:35,596,151,85,285,434,779,781
2016-10-18 20:59:36,599,152,85,285,435,779,782
2016-10-18 20:59:37,602,153,85,286,435,779,781
2016-10-18 20:59:38,608,154,85,287,435,779,782
2016-10-18 20:59:39,608,155,85,287,435,779,781
2016-10-18 20:59:40,611,156,85,288,435,779,781
2016-10-18 20:59:41,615,157,85,289,435,779,781
2016-10-18 20:59:42,618,158,85,289,436,779,782
2016-10-18 20:59:43,623,159,85,290,436,779,781
2016-10-18 20:59:44,628,160,85,291,436,779,781
2016-10-18 20:59:45,632,161,85,291,436,779,781
2016-10-18 20:59:46,637,162,85,292,437,779,781
2016-10-18 20:59:47,640,163,85,293,437,779,781
2016-10-18 20:59:48,645,164,85,293,437,779,781
2016-10-18 20:59:49,648,165,85,294,437,779,781
2016-10-18 20:59:50,653,166,85,295,438,779,781
2016-10-18 20:59:51,657,167,85,296,438,779,782
2016-10-18 20:59:52,662,168,85,296,438,779,781
2016-10-18 20:59:53,665,169,85,297,438,779,781
2016-10-18 20:59:54,671,170,85,298,438,779,781
2016-10-18 20:59:55,674,171,85,298,439,779,781
2016-10-18 20:59:56,676,172,85,299,439,779,781
2016-10-18 20:59:57,678,173,85,300,439,779,781
2016-10-18 20:59:58,681,174,85,300,439,779,781
2016-10-18 20:59:59,683,175,85,301,440,779,782
2016-10-18 21:00:00,686,176,85,302,440,779,781
2016-10-18 21:00:01,688,177,85,303,440,779,781
2016-10-18 21:00:02,690,178,85,303,440,779,781
2016-10-18 21:00:03,691,179,85,304,441,779,781
2016-10-18 21:00:04,694,180,85,305,441,779,781
2016-10-18 21:00:05,697,181,85,305,442,779,782
2016-10-18 21:00:06,698,182,85,306,442,779,781
2016-10-18 21:00:07,702,183,85,307,442,779,781
2016-10-18 21:00:08,707,184,85,308,442,779,782
2016-10-18 21:00:09,711,185,85,308,442,779,781
2016-10-18 21:00:10,715,186,85,309,443,779,781
2016-10-18 21:00:11,720,187,85,310,443,779,781
2016-10-18 21:00:12,724,188,85,310,443,779,781
2016-10-18 21:00:13,727,189,85,311,444,779,781
2016-10-18 21:00:14,732,190,85,311,444,779,781
2016-10-18 21:00:15,735,191,85,312,444,779,782
2016-10-18 21:00:16,741,192,85,313,445,779,781
2016-10-18 21:00:17,747,193,85,313,445,779,782
2016-10-18 21:00:18,751,194,85,314,445,779,781
2016-10-18 21:00:19,755,195,85,315,445,779,781
2016-10-18 21:00:20,758,196,85,315,446,779,782
2016-10-18 21:00:21,761,197,85,316,446,779,781
2016-10-18 21:00:22,764,198,85,317,446,779,782
2016-10-18 21:00:23,770,199,85,317,446,779,782
2016-10-18 21:00:24,774,200,85,318,446,779,782
2016-10-18 21:00:25,778,201,85,319,447,779,782
2016-10-18 21:00:26,783,202,85,319,447,779,781
2016-10-18 21:00:27,786,203,85,320,447,779,781
2016-10-18 21:00:28,791,204,85,320,447,779,781
2016-10-18 21:00:29,795,205,85,321,447,779,781
2016-10-18 21:00:30,800,206,85,322,447,779,781
2016-10-18 21:00:31,802,207,85,322,448,779,782
2016-10-18 21:00:32,803,208,85,323,448,779,781
2016-10-18 21:00:33,807,209,85,324,448,779,782
2016-10-18 21:00:34,810,210,85,324,449,779,781
2016-10-18 21:00:35,815,211,85,325,449,779,782
2016-10-18 21:00:36,819,212,85,326,449,779,781
2016-10-18 21:00:37,824,213,85,326,449,779,782
2016-10-18 21:00:38,827,214,85,327,449,779,781
2016-10-18 21:00:39,829,215,85,328,450,779,781
2016-10-18 21:00:40,831,216,85,328,450,779,781
2016-10-18 21:00:41,833,217,85,329,450,779,782
2016-10-18 21:00:42,838,218,85,330,450,779,782
2016-10-18 21:00:43,842,219,85,330,450,779,781
2016-10-18 21:00:44,847,220,85,331,450,779,781
2016-10-18 21:00:45,851,221,85,331,451,779,781
2016-10-18 21:00:46,856,222,85,332,451,779,782
2016-10-18 21:00:47,859,223,85,332,451,779,782
2016-10-18 21:00:48,864,224,85,333,451,779,782
2016-10-18 21:00:49,867,225,85,334,451,779,781
2016-10-18 21:00:50,873,226,85,334,451,779,781
2016-10-18 21:00:51,876,227,85,335,452,779,781
2016-10-18 21:00:52,879,228,85,335,452,779,781
2016-10-18 21:00:53,885,229,85,336,452,779,781
2016-10-18 21:00:54,890,230,85,336,452,779,781
2016-10-18 21:00:55,893,231,85,337,452,779,781
2016-10-18 21:00:56,898,232,85,337,452,779,781
2016-10-18 21:00:57,902,233,85,338,452,779,782
2016-10-18 21:00:58,907,234,85,339,452,779,781
2016-10-18 21:00:59,910,235,85,339,452,779,782
2016-10-18 21:01:00,915,236,85,340,452,779,781
2016-10-18 21:01:01,920,237,85,340,453,779,781
2016-10-18 21:01:02,924,238,85,341,453,779,781
2016-10-18 21:01:03,927,239,85,341,453,779,781
2016-10-18 21:01:04,932,240,85,342,453,779,782
2016-10-18 21:01:05,936,241,85,342,453,779,781
2016-10-18 21:01:06,940,242,85,343,453,779,781
2016-10-18 21:01:07,943,244,85,343,453,779,782
2016-10-18 21:01:08,949,245,85,344,454,779,781
2016-10-18 21:01:09,953,246,85,345,454,779,781
2016-10-18 21:01:10,954,247,85,345,454,779,781
2016-10-18 21:01:11,956,248,85,346,454,779,781
2016-10-18 21:01:12,959,249,85,346,455,779,781
2016-10-18 21:01:13,965,250,85,347,455,779,781
2016-10-18 21:01:14,968,251,85,347,455,779,782
2016-10-18 21:01:15,973,252,85,348,456,779,782
2016-10-18 21:01:16,977,253,85,348,456,779,782
2016-10-18 21:01:17,982,254,85,349,456,779,781
2016-10-18 21:01:18,985,255,85,349,457,779,781
2016-10-18 21:01:19,990,256,85,350,457,779,781
2016-10-18 21:01:20,994,257,85,350,457,779,781
2016-10-18 21:01:21,998,258,85,351,457,779,781
2016-10-18 21:01:23,004,259,85,351,458,779,782
2016-10-18 21:01:24,008,260,85,352,458,779,781
2016-10-18 21:01:25,010,261,85,352,458,779,781
2016-10-18 21:01:26,015,262,85,353,458,779,781
2016-10-18 21:01:27,018,263,85,353,458,779,781
2016-10-18 21:01:28,024,264,85,354,459,779,781
2016-10-18 21:01:29,030,265,85,354,459,779,782
2016-10-18 21:01:30,032,266,85,355,459,779,781
2016-10-18 21:01:31,035,267,85,355,459,779,781
2016-10-18 21:01:32,040,268,85,356,459,779,781
2016-10-18 21:01:33,044,269,85,356,459,779,781
2016-10-18 21:01:34,049,270,85,357,459,779,781
2016-10-18 21:01:35,053,271,85,357,459,779,781
2016-10-18 21:01:36,058,272,85,358,459,779,781
2016-10-18 21:01:37,060,273,85,358,460,779,781
2016-10-18 21:01:38,061,274,85,359,460,779,781
2016-10-18 21:01:39,066,275,85,359,460,779,781
2016-10-18 21:01:40,068,276,85,360,460,779,781
2016-10-18 21:01:41,073,277,85,360,461,779,782
2016-10-18 21:01:42,076,278,85,361,461,779,781
2016-10-18 21:01:43,079,279,85,361,461,779,781
2016-10-18 21:01:44,080,280,85,362,461,779,781
2016-10-18 21:01:45,083,281,85,362,461,779,781
2016-10-18 21:01:46,087,282,85,363,461,779,781
2016-10-18 21:01:47,089,283,85,363,461,779,782
2016-10-18 21:01:48,094,284,85,364,461,779,781
2016-10-18 21:01:49,098,285,85,364,461,779,781
2016-10-18 21:01:50,099,286,85,365,462,779,782
2016-10-18 21:01:51,100,287,85,365,462,779,781
2016-10-18 21:01:52,102,288,85,365,462,779,781
2016-10-18 21:01:53,106,289,85,366,462,779,781
2016-10-18 21:01:54,108,290,85,366,462,779,781
2016-10-18 21:01:55,113,291,85,367,462,779,781
2016-10-18 21:01:56,114,292,85,367,462,779,782
2016-10-18 21:01:57,117,293,85,368,462,779,781
2016-10-18 21:01:58,122,294,85,368,463,779,781
2016-10-18 21:01:59,126,295,85,369,463,779,781
2016-10-18 21:02:00,130,296,85,369,463,779,781
2016-10-18 21:02:01,135,297,85,370,463,779,781
2016-10-18 21:02:02,137,298,85,370,463,779,781
2016-10-18 21:02:03,143,299,85,371,463,779,781
2016-10-18 21:02:04,147,300,85,371,463,779,781
2016-10-18 21:02:05,151,301,85,372,463,779,781
2016-10-18 21:02:06,155,302,85,372,463,779,781
2016-10-18 21:02:07,160,303,85,373,464,779,781
2016-10-18 21:02:08,163,304,85,373,464,779,781
2016-10-18 21:02:09,169,305,85,373,464,779,781
2016-10-18 21:02:10,172,306,85,374,464,779,781
2016-10-18 21:02:11,175,307,85,374,464,779,782
2016-10-18 21:02:12,180,308,85,375,464,779,781
2016-10-18 21:02:13,185,309,85,375,465,779,782
2016-10-18 21:02:14,189,310,85,375,465,779,781
2016-10-18 21:02:15,194,311,85,376,465,779,781
2016-10-18 21:02:16,198,312,85,376,465,779,781
2016-10-18 21:02:17,202,313,85,377,465,779,782
2016-10-18 21:02:18,206,314,85,377,465,779,782
2016-10-18 21:02:19,211,315,85,378,465,779,781
2016-10-18 21:02:20,211,316,85,378,465,779,781
2016-10-18 21:02:21,216,317,85,379,465,779,781
2016-10-18 21:02:22,218,318,85,379,466,779,782
2016-10-18 21:02:23,221,319,85,379,466,779,781
2016-10-18 21:02:24,226,320,85,380,466,779,781
2016-10-18 21:02:25,230,321,85,380,466,779,781
2016-10-18 21:02:26,232,322,85,381,466,779,781
2016-10-18 21:02:27,236,323,85,381,467,779,781
2016-10-18 21:02:28,241,324,85,382,467,779,782
2016-10-18 21:02:29,242,325,85,382,467,779,781
2016-10-18 21:02:30,245,326,85,382,467,779,781
2016-10-18 21:02:31,250,327,85,383,468,779,781
2016-10-18 21:02:32,254,328,85,383,468,779,781
2016-10-18 21:02:33,258,329,85,383,468,779,781
2016-10-18 21:02:34,264,330,85,384,468,779,781
2016-10-18 21:02:35,267,331,85,384,469,779,781
2016-10-18 21:02:36,270,332,85,385,469,779,781
2016-10-18 21:02:37,275,333,85,385,469,779,781
2016-10-18 21:02:38,279,334,85,386,469,779,781
2016-10-18 21:02:39,284,335,85,386,469,779,781
2016-10-18 21:02:40,287,336,85,386,469,779,781
2016-10-18 21:02:41,290,337,85,387,470,779,781
2016-10-18 21:02:42,291,338,85,387,470,779,781
2016-10-18 21:02:43,293,339,85,388,470,779,781
2016-10-18 21:02:44,296,340,85,388,470,779,781
2016-10-18 21:02:45,298,341,85,389,470,779,781
2016-10-18 21:02:46,301,342,85,389,471,779,782
2016-10-18 21:02:47,306,343,85,389,471,779,781
2016-10-18 21:02:48,310,344,85,390,471,779,781
2016-10-18 21:02:49,315,345,85,390,471,779,781
2016-10-18 21:02:50,318,346,85,391,471,779,781
2016-10-18 21:02:51,321,347,85,391,472,779,781
2016-10-18 21:02:52,322,348,85,392,472,779,781
2016-10-18 21:02:53,325,349,85,392,472,779,781
2016-10-18 21:02:54,325,350,85,393,472,779,781
2016-10-18 21:02:55,329,351,85,393,473,779,781
2016-10-18 21:02:56,332,352,85,393,473,779,781
2016-10-18 21:02:57,335,353,85,394,473,779,781
2016-10-18 21:02:58,340,354,85,394,473,779,781
2016-10-18 21:02:59,346,355,85,395,473,779,781
2016-10-18 21:03:00,350,356,85,395,473,779,781
2016-10-18 21:03:01,354,357,85,395,473,779,781
2016-10-18 21:03:02,360,358,85,396,473,779,781
2016-10-18 21:03:03,363,359,85,396,473,779,781
2016-10-18 21:03:04,366,360,85,396,474,779,781
2016-10-18 21:03:05,371,361,85,397,474,779,781
2016-10-18 21:03:06,372,362,85,397,474,779,781
2016-10-18 21:03:07,376,363,85,398,474,779,781
2016-10-18 21:03:08,378,364,85,398,475,779,781
2016-10-18 21:03:09,381,365,85,398,475,779,781
2016-10-18 21:03:10,386,366,85,399,475,779,781
2016-10-18 21:03:11,387,367,85,399,475,779,781
2016-10-18 21:03:12,391,368,85,400,475,779,781
2016-10-18 21:03:13,393,369,85,400,476,779,781
2016-10-18 21:03:14,396,370,85,401,476,779,781
2016-10-18 21:03:15,399,371,85,401,476,779,781
2016-10-18 21:03:16,402,372,85,401,476,779,781
2016-10-18 21:03:17,403,373,85,402,476,779,781
2016-10-18 21:03:18,408,374,85,402,477,779,781
2016-10-18 21:03:19,412,375,85,403,477,779,781
2016-10-18 21:03:20,417,376,85,403,477,779,781
2016-10-18 21:03:21,421,377,85,403,477,779,781
2016-10-18 21:03:22,425,378,85,404,477,779,781
2016-10-18 21:03:23,429,379,85,404,477,779,781
2016-10-18 21:03:24,434,380,85,405,477,779,781
2016-10-18 21:03:25,437,381,85,405,478,779,781
2016-10-18 21:03:26,442,382,85,405,478,779,781
2016-10-18 21:03:27,446,383,85,406,478,779,781
2016-10-18 21:03:28,450,384,85,406,478,779,781
2016-10-18 21:03:29,462,385,85,407,479,779,781
2016-10-18 21:03:30,471,386,85,407,479,779,781
2016-10-18 21:03:31,481,387,85,408,479,779,781
2016-10-18 21:03:32,491,388,85,408,479,779,781
2016-10-18 21:03:33,501,389,85,408,479,779,781
2016-10-18 21:03:34,511,390,85,409,479,779,781
2016-10-18 21:03:35,521,391,85,409,479,779,781
2016-10-18 21:03:36,531,392,85,409,479,779,781
2016-10-18 21:03:37,541,393,85,410,480,779,781
2016-10-18 21:03:38,551,394,85,410,480,779,781
2016-10-18 21:03:39,561,395,85,411,480,779,781
2016-10-18 21:03:40,571,396,85,411,480,779,781
2016-10-18 21:03:41,582,397,85,412,480,779,781
2016-10-18 21:03:42,592,398,85,412,481,779,781
2016-10-18 21:03:43,601,399,85,412,481,779,781
2016-10-18 21:03:44,611,400,85,413,481,779,781
2016-10-18 21:03:45,621,401,85,413,481,779,781
2016-10-18 21:03:46,632,402,85,414,481,779,781
2016-10-18 21:03:47,642,403,85,414,481,779,781
2016-10-18 21:03:48,652,404,85,415,482,779,781
2016-10-18 21:03:49,662,405,85,415,482,779,781
2016-10-18 21:03:50,672,406,85,415,482,779,781
2016-10-18 21:03:51,682,407,85,415,482,779,781
2016-10-18 21:03:52,691,408,85,416,482,779,781
2016-10-18 21:03:53,702,409,85,416,482,779,781
2016-10-18 21:03:54,711,410,85,417,482,779,781
2016-10-18 21:03:55,722,411,85,417,483,779,781
2016-10-18 21:03:56,731,412,85,417,483,779,781
2016-10-18 21:03:57,742,413,85,418,483,779,781
2016-10-18 21:03:58,752,414,85,418,483,779,781
2016-10-18 21:03:59,762,415,85,419,483,779,781
2016-10-18 21:04:00,772,416,85,419,483,779,781
2016-10-18 21:04:01,782,417,85,420,484,779,781
2016-10-18 21:04:02,792,418,85,420,484,779,781
2016-10-18 21:04:03,803,419,85,420,484,779,781
2016-10-18 21:04:04,812,420,85,421,484,779,781
2016-10-18 21:04:05,822,421,85,421,484,779,781
2016-10-18 21:04:06,832,422,85,421,484,779,781
2016-10-18 21:04:07,843,423,85,422,484,779,781
2016-10-18 21:04:08,852,424,85,422,485,779,781
2016-10-18 21:04:09,863,425,85,423,485,779,781
2016-10-18 21:04:10,873,426,85,423,485,779,781
2016-10-18 21:04:11,883,427,85,424,485,779,781
2016-10-18 21:04:12,892,428,85,424,485,779,781
2016-10-18 21:04:13,903,429,85,424,485,779,781
2016-10-18 21:04:14,913,430,85,425,486,779,781
2016-10-18 21:04:15,923,431,85,425,486,779,781
2016-10-18 21:04:16,934,432,85,425,486,779,781
2016-10-18 21:04:17,943,434,85,426,486,779,781
2016-10-18 21:04:18,953,435,85,426,486,779,781
2016-10-18 21:04:19,963,436,85,427,486,779,781
2016-10-18 21:04:20,973,437,85,427,486,779,781
2016-10-18 21:04:21,982,438,85,427,486,779,781
2016-10-18 21:04:22,993,439,85,428,487,779,781
2016-10-18 21:04:24,003,440,85,428,487,779,781
2016-10-18 21:04:25,014,441,85,429,487,779,781
2016-10-18 21:04:26,023,442,85,429,487,779,781
2016-10-18 21:04:27,033,443,85,429,487,779,781
2016-10-18 21:04:28,043,444,85,430,487,779,781
2016-10-18 21:04:29,053,445,85,430,487,779,781
2016-10-18 21:04:30,063,446,85,431,487,779,781
2016-10-18 21:04:31,073,447,85,431,487,779,781
2016-10-18 21:04:32,083,448,85,431,488,779,781
2016-10-18 21:04:33,093,449,85,432,487,779,781
2016-10-18 21:04:34,104,450,85,432,488,779,781
2016-10-18 21:04:35,113,451,85,432,488,779,781
2016-10-18 21:04:36,124,452,85,433,488,779,781
2016-10-18 21:04:37,134,453,85,433,488,779,781
2016-10-18 21:04:38,144,454,85,434,488,779,781
2016-10-18 21:04:39,154,455,85,434,488,779,781
2016-10-18 21:04:40,164,456,85,434,488,779,781
2016-10-18 21:04:41,174,457,85,435,488,779,781
2016-10-18 21:04:42,184,458,85,435,488,779,781
2016-10-18 21:04:43,194,459,85,435,489,779,781
2016-10-18 21:04:44,204,460,85,436,489,779,781
2016-10-18 21:04:45,214,461,85,436,489,779,781
2016-10-18 21:04:46,224,462,85,437,489,779,781
2016-10-18 21:04:47,234,463,85,437,489,779,781
2016-10-18 21:04:48,244,464,85,437,489,779,781
2016-10-18 21:04:49,254,465,85,438,489,779,781
2016-10-18 21:04:50,265,466,85,438,489,779,781
2016-10-18 21:04:51,274,467,85,438,490,779,781
2016-10-18 21:04:52,285,468,85,439,490,779,781
2016-10-18 21:04:53,294,469,85,439,490,779,781
2016-10-18 21:04:54,305,470,85,440,490,779,781
2016-10-18 21:04:55,314,471,85,440,490,779,781
2016-10-18 21:04:56,324,472,85,440,490,779,781
2016-10-18 21:04:57,334,473,85,441,491,779,781
2016-10-18 21:04:58,345,474,85,441,491,779,781
2016-10-18 21:04:59,355,475,85,442,491,779,781
2016-10-18 21:05:00,365,476,85,442,491,779,781
2016-10-18 21:05:01,375,477,85,442,491,779,781
2016-10-18 21:05:02,385,478,85,443,491,779,781
2016-10-18 21:05:03,395,479,85,443,492,779,781
2016-10-18 21:05:04,405,480,85,444,492,779,781
2016-10-18 21:05:05,415,481,85,444,492,779,781
2016-10-18 21:05:06,425,482,85,444,492,779,781
2016-10-18 21:05:07,435,483,85,445,492,779,781
2016-10-18 21:05:08,445,484,85,445,492,779,781
2016-10-18 21:05:09,455,485,85,446,492,779,781
2016-10-18 21:05:10,465,486,85,446,492,779,781
2016-10-18 21:05:11,475,487,85,446,493,779,781
2016-10-18 21:05:12,485,488,85,447,493,779,781
2016-10-18 21:05:13,495,489,85,447,493,779,781
2016-10-18 21:05:14,505,490,85,447,493,779,781
2016-10-18 21:05:15,515,491,85,448,493,779,781
2016-10-18 21:05:16,526,492,85,448,494,779,781
2016-10-18 21:05:17,535,493,85,449,493,779,781
2016-10-18 21:05:18,545,494,85,449,494,779,781
2016-10-18 21:05:19,555,495,85,449,494,779,781
2016-10-18 21:05:20,565,496,85,450,494,779,781
2016-10-18 21:05:21,576,497,85,450,494,779,781
2016-10-18 21:05:22,586,498,85,450,494,779,781
2016-10-18 21:05:23,595,499,85,451,494,779,781
2016-10-18 21:05:24,606,500,85,451,495,779,781
2016-10-18 21:05:25,616,501,85,452,495,779,781
2016-10-18 21:05:26,626,502,85,452,495,779,781
2016-10-18 21:05:27,636,503,85,453,495,779,781
2016-10-18 21:05:28,646,504,85,453,495,779,781
2016-10-18 21:05:29,656,505,85,453,495,779,781
2016-10-18 21:05:30,666,506,85,454,496,779,781
2016-10-18 21:05:31,676,507,85,454,496,779,781
2016-10-18 21:05:32,686,508,85,454,496,779,781
2016-10-18 21:05:33,696,509,85,455,496,779,781
2016-10-18 21:05:34,707,510,85,455,496,779,781
2016-10-18 21:05:35,716,511,85,455,496,779,781
2016-10-18 21:05:36,726,512,85,456,497,779,781
2016-10-18 21:05:37,736,513,85,456,497,779,781
2016-10-18 21:05:38,746,514,85,457,497,779,781
2016-10-18 21:05:39,756,515,85,457,497,779,781
2016-10-18 21:05:40,766,516,85,457,497,779,781
2016-10-18 21:05:41,776,517,85,458,497,779,781
2016-10-18 21:05:42,786,518,85,458,498,779,781
2016-10-18 21:05:43,797,519,85,458,498,779,781
2016-10-18 21:05:44,807,520,85,459,498,779,781
2016-10-18 21:05:45,816,521,85,459,498,779,781
2016-10-18 21:05:46,826,522,85,460,499,779,781
2016-10-18 21:05:47,836,523,85,460,499,779,781
2016-10-18 21:05:48,847,524,85,461,499,779,781
2016-10-18 21:05:49,857,525,85,461,499,779,781
2016-10-18 21:05:50,867,526,85,461,499,779,781
2016-10-18 21:05:51,876,527,85,462,499,779,781
2016-10-18 21:05:52,887,528,85,462,499,779,781
2016-10-18 21:05:53,897,529,85,463,500,779,781
2016-10-18 21:05:54,907,530,85,463,500,779,781
2016-10-18 21:05:55,917,531,85,463,500,779,781
2016-10-18 21:05:56,927,532,85,464,500,779,781
2016-10-18 21:05:57,937,533,85,464,500,779,781
2016-10-18 21:05:58,947,535,85,464,501,779,781
2016-10-18 21:05:59,957,536,85,465,501,779,781
2016-10-18 21:06:00,967,537,85,465,501,779,781
2016-10-18 21:06:01,977,538,85,465,501,779,781
2016-10-18 21:06:02,988,539,85,466,502,779,781
2016-10-18 21:06:03,997,540,85,466,502,779,781
2016-10-18 21:06:05,007,541,85,467,502,779,781
2016-10-18 21:06:06,017,542,85,467,502,779,781
2016-10-18 21:06:07,027,543,85,467,502,779,781
2016-10-18 21:06:08,037,544,85,468,502,779,781
2016-10-18 21:06:09,047,545,85,468,503,779,781
2016-10-18 21:06:10,057,546,85,469,503,779,781
2016-10-18 21:06:11,068,547,85,469,503,779,781
2016-10-18 21:06:12,077,548,85,469,503,779,781
2016-10-18 21:06:13,087,549,85,470,503,779,781
2016-10-18 21:06:14,098,550,85,470,503,779,781
2016-10-18 21:06:15,108,551,85,471,503,779,781
2016-10-18 21:06:16,118,552,85,471,503,779,781
2016-10-18 21:06:17,122,553,85,471,503,779,781
2016-10-18 21:06:18,126,554,85,472,504,779,781
2016-10-18 21:06:19,130,555,85,472,504,779,781
2016-10-18 21:06:20,135,556,85,473,504,779,781
2016-10-18 21:06:21,138,557,85,473,504,779,781
2016-10-18 21:06:22,143,558,85,474,504,779,781
2016-10-18 21:06:23,146,559,85,474,504,779,781
2016-10-18 21:06:24,148,560,85,474,504,779,781
2016-10-18 21:06:25,153,561,85,475,505,779,781
2016-10-18 21:06:26,153,562,85,475,505,779,781
2016-10-18 21:06:27,157,563,85,475,505,779,781
2016-10-18 21:06:28,157,564,85,476,505,779,781
2016-10-18 21:06:29,158,565,85,476,505,779,781
2016-10-18 21:06:30,163,566,85,477,505,779,781
2016-10-18 21:06:31,163,567,85,477,506,779,781
2016-10-18 21:06:32,167,568,85,478,506,779,781
2016-10-18 21:06:33,172,569,85,478,506,779,781
2016-10-18 21:06:34,175,570,85,478,506,779,781
2016-10-18 21:06:35,178,571,85,479,506,779,781
2016-10-18 21:06:36,180,572,85,479,506,779,781
2016-10-18 21:06:37,182,573,85,480,507,779,781
2016-10-18 21:06:38,182,574,85,480,507,779,781
2016-10-18 21:06:39,186,575,85,481,507,779,781
2016-10-18 21:06:40,187,576,85,481,507,779,781
2016-10-18 21:06:41,192,577,85,482,507,779,781
2016-10-18 21:06:42,193,578,85,482,508,779,781
2016-10-18 21:06:43,195,579,85,482,508,779,781
2016-10-18 21:06:44,199,580,85,483,508,779,781
2016-10-18 21:06:45,200,581,85,483,508,779,781
2016-10-18 21:06:46,203,582,85,483,508,779,781
2016-10-18 21:06:47,208,583,85,484,508,779,781
2016-10-18 21:06:48,212,584,85,484,508,779,781
2016-10-18 21:06:49,217,585,85,485,508,779,781
2016-10-18 21:06:50,220,586,85,485,508,779,781
2016-10-18 21:06:51,224,587,85,486,508,779,781
2016-10-18 21:06:52,228,588,85,486,508,779,781
2016-10-18 21:06:53,233,589,85,486,507,779,781
2016-10-18 21:06:54,237,590,85,487,507,779,781
2016-10-18 21:06:55,240,591,85,487,508,779,781
2016-10-18 21:06:56,245,592,85,488,508,779,781
2016-10-18 21:06:57,247,593,85,488,508,779,781
2016-10-18 21:06:58,250,594,85,489,509,779,781
2016-10-18 21:06:59,252,595,85,489,509,779,781
2016-10-18 21:07:00,256,596,85,490,509,779,781
2016-10-18 21:07:01,261,597,85,490,510,779,781
2016-10-18 21:07:02,266,598,85,491,510,779,781
2016-10-18 21:07:03,269,599,85,491,510,779,781
2016-10-18 21:07:04,272,600,85,492,511,779,781
2016-10-18 21:07:05,277,601,85,492,511,779,781
2016-10-18 21:07:06,283,602,85,493,511,779,781
2016-10-18 21:07:07,286,603,85,493,511,779,781
2016-10-18 21:07:08,289,604,85,493,512,779,781
2016-10-18 21:07:09,294,605,85,494,512,779,781
2016-10-18 21:07:10,299,606,85,494,512,779,781
2016-10-18 21:07:11,303,607,85,495,512,779,781
2016-10-18 21:07:12,306,608,85,496,513,779,781
2016-10-18 21:07:13,311,609,85,496,513,779,781
2016-10-18 21:07:14,314,610,85,496,513,779,781
2016-10-18 21:07:15,316,611,85,497,513,779,781
2016-10-18 21:07:16,318,612,85,497,513,779,781
2016-10-18 21:07:17,323,613,85,498,514,779,781
2016-10-18 21:07:18,327,614,85,498,514,779,781
2016-10-18 21:07:19,332,615,85,499,514,779,781
2016-10-18 21:07:20,338,616,85,499,514,779,781
2016-10-18 21:07:21,339,617,85,500,514,779,781
2016-10-18 21:07:22,343,618,85,500,515,779,781
2016-10-18 21:07:23,344,619,85,501,515,779,781
2016-10-18 21:07:24,350,620,85,501,515,779,781
2016-10-18 21:07:25,355,621,85,502,515,779,781
2016-10-18 21:07:26,361,622,85,502,515,779,781
2016-10-18 21:07:27,366,623,85,503,516,779,781
2016-10-18 21:07:28,370,624,85,503,516,779,781
2016-10-18 21:07:29,373,625,85,504,516,779,781
2016-10-18 21:07:30,378,626,85,504,516,779,781
2016-10-18 21:07:31,383,627,85,505,516,779,781
2016-10-18 21:07:32,386,628,85,505,516,779,781
2016-10-18 21:07:33,391,629,85,506,517,779,781
2016-10-18 21:07:34,394,630,85,506,517,779,781
2016-10-18 21:07:35,396,631,85,507,517,779,781
2016-10-18 21:07:36,402,632,85,507,517,779,781
2016-10-18 21:07:37,406,633,85,508,518,779,781
2016-10-18 21:07:38,411,634,85,508,518,779,781
2016-10-18 21:07:39,417,635,85,509,518,779,781
2016-10-18 21:07:40,421,636,85,509,519,779,781
2016-10-18 21:07:41,423,637,85,510,519,779,781
2016-10-18 21:07:42,429,638,85,510,519,779,781
2016-10-18 21:07:43,433,639,85,510,519,779,781
2016-10-18 21:07:44,437,640,85,511,519,779,781
2016-10-18 21:07:45,441,641,85,512,519,779,781
2016-10-18 21:07:46,446,642,85,512,520,779,781
2016-10-18 21:07:47,449,643,85,512,520,779,781
2016-10-18 21:07:48,453,644,85,513,520,779,781
2016-10-18 21:07:49,457,645,85,513,520,779,781
2016-10-18 21:07:50,462,646,85,514,521,779,781
2016-10-18 21:07:51,467,647,85,514,521,779,781
2016-10-18 21:07:52,470,648,85,514,521,779,781
2016-10-18 21:07:53,474,649,85,515,521,779,781
2016-10-18 21:07:54,479,650,85,515,522,779,781
2016-10-18 21:07:55,481,651,85,516,522,779,781
2016-10-18 21:07:56,482,652,85,516,522,779,781
2016-10-18 21:07:57,486,653,85,516,523,779,781
2016-10-18 21:07:58,489,654,85,517,523,779,781
2016-10-18 21:07:59,495,655,85,517,523,779,781
2016-10-18 21:08:00,500,656,85,518,523,779,781
2016-10-18 21:08:01,503,657,85,518,524,779,781
2016-10-18 21:08:02,506,658,85,518,524,779,781
2016-10-18 21:08:03,512,659,85,519,524,779,781
2016-10-18 21:08:04,517,660,85,519,524,779,781
2016-10-18 21:08:05,520,661,85,520,523,779,781
2016-10-18 21:08:06,523,662,85,520,523,779,781
2016-10-18 21:08:07,529,663,85,521,522,779,781
2016-10-18 21:08:08,529,664,85,521,522,779,781
2016-10-18 21:08:09,535,665,85,521,521,779,781
2016-10-18 21:08:10,540,666,85,521,521,779,781
2016-10-18 21:08:11,546,667,85,522,521,779,781
2016-10-18 21:08:12,550,668,85,522,521,779,781
2016-10-18 21:08:13,554,669,85,522,520,779,781
2016-10-18 21:08:14,557,670,85,523,520,779,781
2016-10-18 21:08:15,562,671,85,523,520,779,781
2016-10-18 21:08:16,564,672,85,523,519,779,781
2016-10-18 21:08:17,565,673,85,524,518,779,781
2016-10-18 21:08:18,570,674,85,524,518,779,781
2016-10-18 21:08:19,572,675,85,524,517,779,781
2016-10-18 21:08:20,578,676,85,524,517,779,781
2016-10-18 21:08:21,583,677,85,525,516,779,781
2016-10-18 21:08:22,586,678,85,525,516,779,781
2016-10-18 21:08:23,590,679,85,525,515,779,781
2016-10-18 21:08:24,595,680,85,526,515,779,781
2016-10-18 21:08:25,600,681,85,526,514,779,781
2016-10-18 21:08:26,603,682,85,526,514,779,781
2016-10-18 21:08:27,606,683,85,526,513,779,781
2016-10-18 21:08:28,612,684,85,527,512,779,781
2016-10-18 21:08:29,618,685,85,527,512,779,781
2016-10-18 21:08:30,621,686,85,527,511,779,781
2016-10-18 21:08:31,623,687,85,527,511,779,781
2016-10-18 21:08:32,629,688,85,527,510,779,781
2016-10-18 21:08:33,635,689,85,528,510,779,781
2016-10-18 21:08:34,638,690,85,528,509,779,781
2016-10-18 21:08:35,642,691,85,528,509,779,781
2016-10-18 21:08:36,646,692,85,528,508,779,781
2016-10-18 21:08:37,651,693,85,529,508,779,781
2016-10-18 21:08:38,654,694,85,529,507,779,781
2016-10-18 21:08:39,658,695,85,529,507,779,781
2016-10-18 21:08:40,662,696,85,529,507,779,781
2016-10-18 21:08:41,667,697,85,530,506,779,781
2016-10-18 21:08:42,671,698,85,530,506,779,781
2016-10-18 21:08:43,674,699,85,530,505,779,781
2016-10-18 21:08:44,675,700,85,530,504,779,781
2016-10-18 21:08:45,679,701,85,531,504,779,781
2016-10-18 21:08:46,679,702,85,531,503,779,781
2016-10-18 21:08:47,683,703,85,531,503,779,781
2016-10-18 21:08:48,687,704,85,531,503,779,781
2016-10-18 21:08:49,690,705,85,531,502,779,781
2016-10-18 21:08:50,693,706,85,532,501,779,781
2016-10-18 21:08:51,696,707,85,532,501,779,781
2016-10-18 21:08:52,699,708,85,532,501,779,781
2016-10-18 21:08:53,705,709,85,532,500,779,781
2016-10-18 21:08:54,710,710,85,532,500,779,781
2016-10-18 21:08:55,716,711,85,533,500,779,781
2016-10-18 21:08:56,721,712,85,533,499,779,781
2016-10-18 21:08:57,726,713,85,533,499,779,781
2016-10-18 21:08:58,729,714,85,533,499,779,781
2016-10-18 21:08:59,735,715,85,533,498,779,781
2016-10-18 21:09:00,740,716,85,533,498,779,781
2016-10-18 21:09:01,746,717,85,534,497,779,781
2016-10-18 21:09:02,750,718,85,534,497,779,781
2016-10-18 21:09:03,754,719,85,534,497,779,781
2016-10-18 21:09:04,759,720,85,534,497,779,781
2016-10-18 21:09:05,764,721,85,535,496,779,781
2016-10-18 21:09:06,768,722,85,534,496,779,781
2016-10-18 21:09:07,771,723,85,535,496,779,781
2016-10-18 21:09:08,774,724,85,535,496,779,781
2016-10-18 21:09:09,780,725,85,535,495,779,781
2016-10-18 21:09:10,786,726,85,535,495,779,781
2016-10-18 21:09:11,788,727,85,536,495,779,781
2016-10-18 21:09:12,791,728,85,536,495,779,781
2016-10-18 21:09:13,796,729,85,536,495,779,781
2016-10-18 21:09:14,799,730,85,536,495,779,781
2016-10-18 21:09:15,806,731,85,536,495,779,781
2016-10-18 21:09:16,810,732,85,536,494,779,781
2016-10-18 21:09:17,813,733,85,535,494,779,781
2016-10-18 21:09:18,814,734,85,534,493,779,781
2016-10-18 21:09:19,815,735,85,533,492,779,781
2016-10-18 21:09:20,820,736,85,532,491,779,781
2016-10-18 21:09:21,823,737,85,531,491,779,781
2016-10-18 21:09:22,828,738,85,530,490,779,781
2016-10-18 21:09:23,834,739,85,529,489,779,781
2016-10-18 21:09:24,838,740,85,529,488,779,781
2016-10-18 21:09:25,842,741,85,527,487,779,781
2016-10-18 21:09:26,845,742,85,526,486,779,781
2016-10-18 21:09:27,849,743,85,524,486,779,781
