2015-10-26 22:40:31,315,datetime,ms,seconds,ambient_temp,thermocouple_0_temp,thermocouple_1_temp,thermocouple_2_temp,thermocouple_3_temp
2015-10-26 22:40:36,410,5,67,370,401,791,792
2015-10-26 22:40:37,412,6,67,363,395,791,792
2015-10-26 22:40:38,417,7,67,357,393,791,792
2015-10-26 22:40:39,423,8,67,352,390,791,792
2015-10-26 22:40:40,427,9,67,346,388,791,792
2015-10-26 22:40:41,430,10,67,342,386,791,792
2015-10-26 22:40:42,435,11,67,338,384,791,792
2015-10-26 22:40:43,436,12,67,333,382,791,792
2015-10-26 22:40:44,440,13,67,330,381,791,792
2015-10-26 22:40:45,443,14,67,327,379,791,792
2015-10-26 22:40:46,444,15,67,324,378,791,792
2015-10-26 22:40:47,449,16,67,321,377,791,792
2015-10-26 22:40:48,451,17,67,319,376,791,792
2015-10-26 22:40:49,453,18,67,317,374,791,792
2015-10-26 22:40:50,459,19,67,314,374,791,792
2015-10-26 22:40:51,465,20,67,312,373,791,792
2015-10-26 22:40:52,469,21,67,310,372,791,792
2015-10-26 22:40:53,472,22,67,308,371,791,792
2015-10-26 22:40:54,475,23,67,306,370,791,792
2015-10-26 22:40:55,481,24,67,304,369,791,792
2015-10-26 22:40:56,483,25,67,303,369,791,792
2015-10-26 22:40:57,488,26,67,302,368,791,792
2015-10-26 22:40:58,492,27,67,301,367,791,792
2015-10-26 22:40:59,494,28,67,300,367,791,792
2015-10-26 22:41:00,498,29,67,299,366,791,792
2015-10-26 22:41:01,501,30,67,298,366,791,792
2015-10-26 22:41:02,504,31,67,296,365,791,792
2015-10-26 22:41:03,507,32,67,295,365,791,792
2015-10-26 22:41:04,511,33,67,294,364,791,792
2015-10-26 22:41:05,516,34,67,294,364,791,792
2015-10-26 22:41:06,518,35,67,294,364,791,792
2015-10-26 22:41:07,524,36,67,293,364,791,792
2015-10-26 22:41:08,528,37,67,292,364,791,792
2015-10-26 22:41:09,532,38,67,292,363,791,792
2015-10-26 22:41:10,535,39,67,291,363,791,792
2015-10-26 22:41:11,541,40,67,291,363,791,792
2015-10-26 22:41:12,545,41,67,291,363,791,792
2015-10-26 22:41:13,549,42,67,290,362,791,792
2015-10-26 22:41:14,554,43,67,290,362,791,792
2015-10-26 22:41:15,558,44,67,290,362,791,792
2015-10-26 22:41:16,563,45,67,289,362,791,792
2015-10-26 22:41:17,566,46,67,289,362,791,792
2015-10-26 22:41:18,571,47,67,289,362,791,792
2015-10-26 22:41:19,575,48,67,289,362,791,792
2015-10-26 22:41:20,580,49,67,288,361,791,792
2015-10-26 22:41:21,586,50,67,288,361,791,792
2015-10-26 22:41:22,592,51,67,288,361,791,792
2015-10-26 22:41:23,597,52,67,288,361,791,792
2015-10-26 22:41:24,601,53,67,288,361,791,792
2015-10-26 22:41:25,602,54,67,288,361,791,792
2015-10-26 22:41:26,607,55,67,288,361,791,792
2015-10-26 22:41:27,608,56,67,288,361,791,792
2015-10-26 22:41:28,613,57,67,288,360,791,792
2015-10-26 22:41:29,619,58,67,288,360,791,792
2015-10-26 22:41:30,623,59,67,289,360,791,792
2015-10-26 22:41:31,625,60,67,289,360,791,792
2015-10-26 22:41:32,628,61,67,288,360,791,792
2015-10-26 22:41:33,633,62,67,289,360,791,792
2015-10-26 22:41:34,634,63,67,289,360,791,792
2015-10-26 22:41:35,636,64,67,289,360,791,792
2015-10-26 22:41:36,641,65,67,289,360,791,792
2015-10-26 22:41:37,642,66,67,289,360,791,792
2015-10-26 22:41:38,648,67,67,289,360,791,792
2015-10-26 22:41:39,650,68,67,290,359,791,792
2015-10-26 22:41:40,655,69,67,290,359,791,792
2015-10-26 22:41:41,657,70,67,290,359,791,792
2015-10-26 22:41:42,661,71,67,290,359,791,792
2015-10-26 22:41:43,665,72,67,290,359,791,792
2015-10-26 22:41:44,671,73,67,290,359,791,792
2015-10-26 22:41:45,676,74,67,291,359,791,792
2015-10-26 22:41:46,679,75,67,291,359,791,792
2015-10-26 22:41:47,684,76,67,291,359,791,792
2015-10-26 22:41:48,685,77,67,291,359,791,792
2015-10-26 22:41:49,690,78,67,292,359,791,792
2015-10-26 22:41:50,695,79,67,292,359,791,792
2015-10-26 22:41:51,700,80,67,292,359,791,792
2015-10-26 22:41:52,703,81,67,292,359,791,792
2015-10-26 22:41:53,707,82,67,292,359,791,792
2015-10-26 22:41:54,710,83,67,292,359,791,792
2015-10-26 22:41:55,715,84,67,292,359,791,792
2015-10-26 22:41:56,718,85,67,293,359,791,792
2015-10-26 22:41:57,722,86,67,293,359,791,792
2015-10-26 22:41:58,728,87,67,294,359,791,792
2015-10-26 22:41:59,733,88,67,294,359,791,792
2015-10-26 22:42:00,734,89,67,294,359,791,792
2015-10-26 22:42:01,739,90,67,294,359,791,792
2015-10-26 22:42:02,744,91,67,294,359,791,792
2015-10-26 22:42:03,748,92,67,295,359,791,792
2015-10-26 22:42:04,751,93,67,295,359,791,792
2015-10-26 22:42:05,755,94,67,295,359,791,792
2015-10-26 22:42:06,757,95,67,295,359,791,792
2015-10-26 22:42:07,760,96,67,295,359,791,792
2015-10-26 22:42:08,765,97,67,296,359,791,792
2015-10-26 22:42:09,770,98,67,296,360,791,792
2015-10-26 22:42:10,776,99,67,296,360,791,792
2015-10-26 22:42:11,778,100,67,296,361,791,792
2015-10-26 22:42:12,782,101,67,297,362,791,792
2015-10-26 22:42:13,786,102,67,297,362,791,792
2015-10-26 22:42:14,790,103,67,297,363,791,792
2015-10-26 22:42:15,794,104,67,297,363,791,792
2015-10-26 22:42:16,797,105,67,298,364,791,792
2015-10-26 22:42:17,803,106,67,298,364,791,792
2015-10-26 22:42:18,807,107,67,298,365,791,792
2015-10-26 22:42:19,812,108,67,298,365,791,792
2015-10-26 22:42:20,815,109,67,299,366,791,792
2015-10-26 22:42:21,821,110,67,299,366,791,792
2015-10-26 22:42:22,824,111,67,299,367,791,792
2015-10-26 22:42:23,830,112,67,299,367,791,792
2015-10-26 22:42:24,834,113,67,299,367,791,792
2015-10-26 22:42:25,837,114,67,300,368,791,792
2015-10-26 22:42:26,841,115,67,300,368,791,792
2015-10-26 22:42:27,846,116,67,300,369,791,792
2015-10-26 22:42:28,849,117,67,300,369,791,792
2015-10-26 22:42:29,851,118,67,301,369,791,792
2015-10-26 22:42:30,857,119,67,301,370,791,792
2015-10-26 22:42:31,863,120,67,301,370,791,792
2015-10-26 22:42:32,867,121,67,301,371,791,792
2015-10-26 22:42:33,873,122,67,301,371,791,792
2015-10-26 22:42:34,878,123,67,302,371,791,792
2015-10-26 22:42:35,884,124,67,302,371,791,792
2015-10-26 22:42:36,888,125,67,302,372,791,792
2015-10-26 22:42:37,890,126,67,302,372,791,792
2015-10-26 22:42:38,893,127,67,303,372,791,792
2015-10-26 22:42:39,896,128,67,303,372,791,792
2015-10-26 22:42:40,900,129,67,303,372,791,792
2015-10-26 22:42:41,903,130,67,303,373,791,792
2015-10-26 22:42:42,908,131,67,303,373,791,792
2015-10-26 22:42:43,909,132,67,304,373,791,792
2015-10-26 22:42:44,913,133,67,304,373,791,792
2015-10-26 22:42:45,916,134,67,304,374,791,792
2015-10-26 22:42:46,919,135,67,304,374,791,792
2015-10-26 22:42:47,924,136,67,305,374,791,792
2015-10-26 22:42:48,929,137,67,305,374,791,792
2015-10-26 22:42:49,933,138,67,305,374,791,792
2015-10-26 22:42:50,936,139,67,305,375,791,792
2015-10-26 22:42:51,941,140,67,305,375,791,792
2015-10-26 22:42:52,946,141,67,306,375,791,792
2015-10-26 22:42:53,950,142,67,306,375,791,792
2015-10-26 22:42:54,955,143,67,306,375,791,792
2015-10-26 22:42:55,958,144,67,306,376,791,792
2015-10-26 22:42:56,963,145,67,307,376,791,792
2015-10-26 22:42:57,966,146,67,307,376,791,792
2015-10-26 22:42:58,970,147,67,307,376,791,792
2015-10-26 22:42:59,975,148,67,307,377,791,792
2015-10-26 22:43:00,979,149,67,308,377,791,792
2015-10-26 22:43:01,984,150,67,308,377,791,792
2015-10-26 22:43:02,984,151,67,308,378,791,792
2015-10-26 22:43:03,986,152,67,308,378,791,792
2015-10-26 22:43:04,990,153,67,308,378,791,792
2015-10-26 22:43:05,993,154,67,309,379,791,792
2015-10-26 22:43:06,997,155,67,309,379,791,792
2015-10-26 22:43:08,002,156,67,309,379,791,792
2015-10-26 22:43:09,006,157,67,309,379,791,792
2015-10-26 22:43:10,009,158,67,309,380,791,792
2015-10-26 22:43:11,012,159,67,309,380,791,792
2015-10-26 22:43:12,016,160,67,310,380,791,792
2015-10-26 22:43:13,017,161,67,310,381,791,792
2015-10-26 22:43:14,021,162,67,310,381,791,792
2015-10-26 22:43:15,025,163,67,310,381,791,792
2015-10-26 22:43:16,030,164,67,310,382,791,792
2015-10-26 22:43:17,032,165,67,310,382,791,792
2015-10-26 22:43:18,037,166,67,311,382,791,792
2015-10-26 22:43:19,042,167,67,311,383,791,792
2015-10-26 22:43:20,047,168,67,311,383,791,792
2015-10-26 22:43:21,051,169,67,311,383,791,792
2015-10-26 22:43:22,057,170,67,311,383,791,792
2015-10-26 22:43:23,062,171,67,311,384,791,792
2015-10-26 22:43:24,067,172,67,312,384,791,792
2015-10-26 22:43:25,072,173,67,312,384,791,792
2015-10-26 22:43:26,077,174,67,312,384,791,792
2015-10-26 22:43:27,083,175,67,312,384,791,792
2015-10-26 22:43:28,083,176,67,312,385,791,792
2015-10-26 22:43:29,086,177,67,313,385,791,792
2015-10-26 22:43:30,091,178,67,313,385,791,792
2015-10-26 22:43:31,095,179,67,313,385,791,792
2015-10-26 22:43:32,099,180,67,313,385,791,792
2015-10-26 22:43:33,104,181,67,313,386,791,792
2015-10-26 22:43:34,108,182,67,313,386,791,792
2015-10-26 22:43:35,112,183,67,314,386,791,792
2015-10-26 22:43:36,116,184,67,314,386,791,792
2015-10-26 22:43:37,122,185,67,314,386,791,792
2015-10-26 22:43:38,125,186,67,314,387,791,792
2015-10-26 22:43:39,129,187,67,314,387,791,792
2015-10-26 22:43:40,133,188,67,314,387,791,792
2015-10-26 22:43:41,135,189,67,315,387,791,792
2015-10-26 22:43:42,138,190,67,315,387,791,792
2015-10-26 22:43:43,141,191,67,315,388,791,792
2015-10-26 22:43:44,143,192,67,315,388,791,792
2015-10-26 22:43:45,149,193,67,315,388,791,792
2015-10-26 22:43:46,152,194,67,315,389,791,792
2015-10-26 22:43:47,157,195,67,315,389,791,792
2015-10-26 22:43:48,162,196,67,316,389,791,792
2015-10-26 22:43:49,165,197,67,316,390,791,792
2015-10-26 22:43:50,171,198,67,316,390,791,792
2015-10-26 22:43:51,175,199,67,316,390,791,792
2015-10-26 22:43:52,179,200,67,316,390,791,792
2015-10-26 22:43:53,182,201,67,316,390,791,792
2015-10-26 22:43:54,183,202,67,317,391,791,792
2015-10-26 22:43:55,185,203,67,317,391,791,792
2015-10-26 22:43:56,189,204,67,317,391,791,792
2015-10-26 22:43:57,190,205,67,317,391,791,792
2015-10-26 22:43:58,191,206,67,317,392,791,792
2015-10-26 22:43:59,196,207,67,317,392,791,792
2015-10-26 22:44:00,198,208,67,317,392,791,792
2015-10-26 22:44:01,203,209,67,318,392,791,792
2015-10-26 22:44:02,206,210,67,318,392,791,792
2015-10-26 22:44:03,210,211,67,318,392,791,792
2015-10-26 22:44:04,212,212,67,318,393,791,792
2015-10-26 22:44:05,214,213,67,318,393,791,792
2015-10-26 22:44:06,219,214,67,318,393,791,792
2015-10-26 22:44:07,222,215,67,319,393,791,792
2015-10-26 22:44:08,227,216,67,319,393,791,792
2015-10-26 22:44:09,230,217,67,319,393,791,792
2015-10-26 22:44:10,236,218,67,319,393,791,792
2015-10-26 22:44:11,238,219,67,319,394,791,792
2015-10-26 22:44:12,240,220,67,319,394,791,792
2015-10-26 22:44:13,244,221,67,320,394,791,792
2015-10-26 22:44:14,250,222,67,320,394,791,792
2015-10-26 22:44:15,256,223,67,320,394,791,792
2015-10-26 22:44:16,261,224,67,320,395,791,792
2015-10-26 22:44:17,264,225,67,320,395,791,792
2015-10-26 22:44:18,270,226,67,320,395,791,792
2015-10-26 22:44:19,274,227,67,321,396,791,792
2015-10-26 22:44:20,279,228,67,321,396,791,792
2015-10-26 22:44:21,281,229,67,321,396,791,792
2015-10-26 22:44:22,285,230,67,321,396,791,792
2015-10-26 22:44:23,286,231,67,321,396,791,792
2015-10-26 22:44:24,290,232,67,321,396,791,792
2015-10-26 22:44:25,295,233,67,322,397,791,792
2015-10-26 22:44:26,301,234,67,322,397,791,792
2015-10-26 22:44:27,303,235,67,322,397,791,792
2015-10-26 22:44:28,305,236,67,322,397,791,792
2015-10-26 22:44:29,311,237,67,322,398,791,792
2015-10-26 22:44:30,316,239,67,322,398,791,792
2015-10-26 22:44:31,321,240,67,322,398,791,792
2015-10-26 22:44:32,323,241,67,323,398,791,792
2015-10-26 22:44:33,329,242,67,323,398,791,792
2015-10-26 22:44:34,331,243,67,323,398,791,792
2015-10-26 22:44:35,336,244,67,323,398,791,792
2015-10-26 22:44:36,340,245,67,323,398,791,792
2015-10-26 22:44:37,345,246,67,323,398,791,792
2015-10-26 22:44:38,351,247,67,324,399,791,792
2015-10-26 22:44:39,354,248,67,324,399,791,792
2015-10-26 22:44:40,360,249,67,324,399,791,792
2015-10-26 22:44:41,363,250,67,324,399,791,792
2015-10-26 22:44:42,365,251,67,324,400,791,792
2015-10-26 22:44:43,370,252,67,324,400,791,792
2015-10-26 22:44:44,374,253,67,324,400,791,792
2015-10-26 22:44:45,379,254,67,324,400,791,792
2015-10-26 22:44:46,384,255,67,324,400,791,792
2015-10-26 22:44:47,388,256,67,325,400,791,792
2015-10-26 22:44:48,390,257,67,325,400,791,792
2015-10-26 22:44:49,391,258,67,325,400,791,792
2015-10-26 22:44:50,395,259,67,325,400,791,792
2015-10-26 22:44:51,400,260,67,325,400,791,792
2015-10-26 22:44:52,405,261,67,326,400,791,792
2015-10-26 22:44:53,410,262,67,326,400,791,792
2015-10-26 22:44:54,412,263,67,326,401,791,792
2015-10-26 22:44:55,413,264,67,326,401,791,792
2015-10-26 22:44:56,415,265,67,326,401,791,792
2015-10-26 22:44:57,419,266,67,326,401,791,792
2015-10-26 22:44:58,419,267,67,327,401,791,792
2015-10-26 22:44:59,423,268,67,327,401,791,792
2015-10-26 22:45:00,428,269,67,327,402,791,792
2015-10-26 22:45:01,432,270,67,327,402,791,792
2015-10-26 22:45:02,441,271,67,327,402,791,792
2015-10-26 22:45:03,444,272,67,327,402,791,792
2015-10-26 22:45:04,449,273,67,327,403,791,792
2015-10-26 22:45:05,453,274,67,328,403,791,792
2015-10-26 22:45:06,454,275,67,328,403,791,792
2015-10-26 22:45:07,460,276,67,328,403,791,792
2015-10-26 22:45:08,465,277,67,328,403,791,792
2015-10-26 22:45:09,470,278,67,328,404,791,792
2015-10-26 22:45:10,474,279,67,328,404,791,792
2015-10-26 22:45:11,478,280,67,328,404,791,792
2015-10-26 22:45:12,481,281,67,329,404,791,792
2015-10-26 22:45:13,486,282,67,329,404,791,792
2015-10-26 22:45:14,491,283,67,329,405,791,792
2015-10-26 22:45:15,495,284,67,329,405,791,792
2015-10-26 22:45:16,498,285,67,330,405,791,792
2015-10-26 22:45:17,504,286,67,330,405,791,792
2015-10-26 22:45:18,509,287,67,330,405,791,792
2015-10-26 22:45:19,512,288,67,330,405,791,792
2015-10-26 22:45:20,515,289,67,331,405,791,792
2015-10-26 22:45:21,521,290,67,331,405,791,792
2015-10-26 22:45:22,525,291,67,331,406,791,792
2015-10-26 22:45:23,530,292,67,331,406,791,792
2015-10-26 22:45:24,534,293,67,331,406,791,792
2015-10-26 22:45:25,538,294,67,331,406,791,792
2015-10-26 22:45:26,542,295,67,331,407,791,792
2015-10-26 22:45:27,546,296,67,331,407,791,792
2015-10-26 22:45:28,548,297,67,331,407,791,792
2015-10-26 22:45:29,553,298,67,332,407,791,792
2015-10-26 22:45:30,554,299,67,332,408,791,792
2015-10-26 22:45:31,555,300,67,332,408,791,792
2015-10-26 22:45:32,560,301,67,332,408,791,792
2015-10-26 22:45:33,561,302,67,332,408,791,792
2015-10-26 22:45:34,564,303,67,333,408,791,792
2015-10-26 22:45:35,569,304,67,333,409,791,792
2015-10-26 22:45:36,572,305,67,333,409,791,792
2015-10-26 22:45:37,576,306,67,333,409,791,792
2015-10-26 22:45:38,579,307,67,333,409,791,792
2015-10-26 22:45:39,584,308,67,333,410,791,792
2015-10-26 22:45:40,589,309,67,334,410,791,792
2015-10-26 22:45:41,594,310,67,334,410,791,792
2015-10-26 22:45:42,598,311,67,334,410,791,792
2015-10-26 22:45:43,602,312,67,334,410,791,792
2015-10-26 22:45:44,605,313,67,334,411,791,792
2015-10-26 22:45:45,610,314,67,334,411,791,792
2015-10-26 22:45:46,615,315,67,335,411,791,792
2015-10-26 22:45:47,619,316,67,335,411,791,792
2015-10-26 22:45:48,624,317,67,335,411,791,792
2015-10-26 22:45:49,628,318,67,335,411,791,792
2015-10-26 22:45:50,631,319,67,335,411,791,792
2015-10-26 22:45:51,636,320,67,336,411,791,792
2015-10-26 22:45:52,639,321,67,336,411,791,792
2015-10-26 22:45:53,643,322,67,336,412,791,792
2015-10-26 22:45:54,648,323,67,336,412,791,792
2015-10-26 22:45:55,653,324,67,336,412,791,792
2015-10-26 22:45:56,657,325,67,336,412,791,792
2015-10-26 22:45:57,661,326,67,336,412,791,792
2015-10-26 22:45:58,667,327,67,336,413,791,792
2015-10-26 22:45:59,672,328,67,336,413,791,792
2015-10-26 22:46:00,676,329,67,337,413,791,792
2015-10-26 22:46:01,678,330,67,337,413,791,792
2015-10-26 22:46:02,683,331,67,337,414,791,792
2015-10-26 22:46:03,687,332,67,337,414,791,792
2015-10-26 22:46:04,691,333,67,337,414,791,792
2015-10-26 22:46:05,695,334,67,338,414,791,792
2015-10-26 22:46:06,696,335,67,338,415,791,792
2015-10-26 22:46:07,699,336,67,338,415,791,792
2015-10-26 22:46:08,703,337,67,338,415,791,792
2015-10-26 22:46:09,708,338,67,338,415,791,792
2015-10-26 22:46:10,712,339,67,338,415,791,792
2015-10-26 22:46:11,717,340,67,338,415,791,792
2015-10-26 22:46:12,719,341,67,338,415,791,792
2015-10-26 22:46:13,723,342,67,338,415,791,792
2015-10-26 22:46:14,727,343,67,338,415,791,792
2015-10-26 22:46:15,728,344,67,339,415,791,792
2015-10-26 22:46:16,732,345,67,339,415,791,792
2015-10-26 22:46:17,734,346,67,339,415,791,792
2015-10-26 22:46:18,738,347,67,339,415,791,792
2015-10-26 22:46:19,743,348,67,339,415,791,792
2015-10-26 22:46:20,747,349,67,340,415,791,792
2015-10-26 22:46:21,752,350,67,340,415,791,792
2015-10-26 22:46:22,758,351,67,340,416,791,792
2015-10-26 22:46:23,760,352,67,340,416,791,792
2015-10-26 22:46:24,761,353,67,340,416,791,792
2015-10-26 22:46:25,764,354,67,340,416,791,792
2015-10-26 22:46:26,768,355,67,341,416,791,792
2015-10-26 22:46:27,773,356,67,341,416,791,792
2015-10-26 22:46:28,778,357,67,341,416,791,792
2015-10-26 22:46:29,782,358,67,341,416,791,792
2015-10-26 22:46:30,784,359,67,341,416,791,792
2015-10-26 22:46:31,787,360,67,341,416,791,792
2015-10-26 22:46:32,791,361,67,341,417,791,792
2015-10-26 22:46:33,796,362,67,341,417,791,792
2015-10-26 22:46:34,801,363,67,342,417,791,792
2015-10-26 22:46:35,802,364,67,342,417,791,792
2015-10-26 22:46:36,808,365,67,342,417,791,792
2015-10-26 22:46:37,814,366,67,342,417,791,792
2015-10-26 22:46:38,818,367,67,342,418,791,792
2015-10-26 22:46:39,820,368,67,342,418,791,792
2015-10-26 22:46:40,825,369,67,342,418,791,792
2015-10-26 22:46:41,828,370,67,342,418,791,792
2015-10-26 22:46:42,834,371,67,343,418,791,792
2015-10-26 22:46:43,837,372,67,343,418,791,792
2015-10-26 22:46:44,842,373,67,343,418,791,792
2015-10-26 22:46:45,847,374,67,343,419,791,792
2015-10-26 22:46:46,851,375,67,344,419,791,792
2015-10-26 22:46:47,855,376,67,344,419,791,792
2015-10-26 22:46:48,861,377,67,344,419,791,792
2015-10-26 22:46:49,862,378,67,344,419,791,792
2015-10-26 22:46:50,868,379,67,344,419,791,792
2015-10-26 22:46:51,872,380,67,344,419,791,792
2015-10-26 22:46:52,877,381,67,344,419,791,792
2015-10-26 22:46:53,879,382,67,344,420,791,792
2015-10-26 22:46:54,885,383,67,345,420,791,792
2015-10-26 22:46:55,889,384,67,345,420,791,792
2015-10-26 22:46:56,893,385,67,345,420,791,792
2015-10-26 22:46:57,894,386,67,345,420,791,792
2015-10-26 22:46:58,898,387,67,346,421,791,792
2015-10-26 22:46:59,901,388,67,346,421,791,792
2015-10-26 22:47:00,906,389,67,346,421,791,792
2015-10-26 22:47:01,910,390,67,346,421,791,792
2015-10-26 22:47:02,914,391,67,346,421,791,792
2015-10-26 22:47:03,920,392,67,346,421,791,792
2015-10-26 22:47:04,923,393,67,346,421,791,792
2015-10-26 22:47:05,926,394,67,346,421,791,792
2015-10-26 22:47:06,932,395,67,347,422,791,792
2015-10-26 22:47:07,937,396,67,347,422,791,792
2015-10-26 22:47:08,939,397,67,347,422,791,792
2015-10-26 22:47:09,944,398,67,347,422,791,792
2015-10-26 22:47:10,946,399,67,348,422,791,792
2015-10-26 22:47:11,947,400,67,348,422,791,792
2015-10-26 22:47:12,950,401,67,348,423,791,792
2015-10-26 22:47:13,952,402,67,348,423,791,792
2015-10-26 22:47:14,958,403,67,348,423,791,792
2015-10-26 22:47:15,959,404,67,348,423,791,792
2015-10-26 22:47:16,962,405,67,349,424,791,792
2015-10-26 22:47:17,965,406,67,349,424,791,792
2015-10-26 22:47:18,971,407,67,349,424,791,792
2015-10-26 22:47:19,977,408,67,349,424,791,792
2015-10-26 22:47:20,979,409,67,349,424,791,792
2015-10-26 22:47:21,983,410,67,349,424,791,792
2015-10-26 22:47:22,986,411,67,350,424,791,792
2015-10-26 22:47:23,991,412,67,350,424,791,792
2015-10-26 22:47:24,995,413,67,350,424,791,792
2015-10-26 22:47:26,000,414,67,350,424,791,792
2015-10-26 22:47:27,001,415,67,350,425,791,792
2015-10-26 22:47:28,007,416,67,350,425,791,792
2015-10-26 22:47:29,013,417,67,351,425,791,792
2015-10-26 22:47:30,017,418,67,350,425,791,792
2015-10-26 22:47:31,022,419,67,351,425,791,792
2015-10-26 22:47:32,025,420,67,351,425,791,792
2015-10-26 22:47:33,028,421,67,352,425,791,792
2015-10-26 22:47:34,032,422,67,352,425,791,792
2015-10-26 22:47:35,036,423,67,352,425,791,792
2015-10-26 22:47:36,041,424,67,352,425,791,792
2015-10-26 22:47:37,046,425,67,352,426,791,792
2015-10-26 22:47:38,049,426,67,352,425,791,792
2015-10-26 22:47:39,052,427,67,353,425,791,792
2015-10-26 22:47:40,056,428,67,353,426,791,792
2015-10-26 22:47:41,057,429,67,353,426,791,792
2015-10-26 22:47:42,062,430,67,353,426,791,792
2015-10-26 22:47:43,071,431,67,353,426,791,792
2015-10-26 22:47:44,076,432,67,353,426,791,792
2015-10-26 22:47:45,079,433,67,353,426,791,792
2015-10-26 22:47:46,084,434,67,354,426,791,792
2015-10-26 22:47:47,089,435,67,354,426,791,792
2015-10-26 22:47:48,093,436,67,354,426,791,792
2015-10-26 22:47:49,096,437,67,355,426,791,792
2015-10-26 22:47:50,102,438,67,355,427,791,792
2015-10-26 22:47:51,106,439,67,355,427,791,792
2015-10-26 22:47:52,110,440,67,355,427,791,792
2015-10-26 22:47:53,116,441,67,356,427,791,792
2015-10-26 22:47:54,119,442,67,356,427,791,792
2015-10-26 22:47:55,122,443,67,356,427,791,792
2015-10-26 22:47:56,127,444,67,356,427,791,792
2015-10-26 22:47:57,133,445,67,356,428,791,792
2015-10-26 22:47:58,137,446,67,356,428,791,792
2015-10-26 22:47:59,140,447,67,356,428,791,792
2015-10-26 22:48:00,144,448,67,357,428,791,792
2015-10-26 22:48:01,147,449,67,357,428,791,792
2015-10-26 22:48:02,152,450,67,357,428,791,792
2015-10-26 22:48:03,155,451,67,357,428,791,792
2015-10-26 22:48:04,160,452,67,357,428,791,792
2015-10-26 22:48:05,161,453,67,358,428,791,792
2015-10-26 22:48:06,166,454,67,358,428,791,792
2015-10-26 22:48:07,169,455,67,358,428,791,792
2015-10-26 22:48:08,170,456,67,358,428,791,792
2015-10-26 22:48:09,175,457,67,358,428,791,792
2015-10-26 22:48:10,181,458,67,358,429,791,792
2015-10-26 22:48:11,184,459,67,358,429,791,792
2015-10-26 22:48:12,190,460,67,358,429,791,792
2015-10-26 22:48:13,195,461,67,359,429,791,792
2015-10-26 22:48:14,200,462,67,359,429,791,792
2015-10-26 22:48:15,205,463,67,359,429,791,792
2015-10-26 22:48:16,210,464,67,359,429,791,792
2015-10-26 22:48:17,214,465,67,360,429,791,792
2015-10-26 22:48:18,214,466,67,360,429,791,792
2015-10-26 22:48:19,219,467,67,359,429,791,792
2015-10-26 22:48:20,225,468,67,360,429,791,792
2015-10-26 22:48:21,227,469,67,360,430,791,792
2015-10-26 22:48:22,228,470,67,360,430,791,792
2015-10-26 22:48:23,230,471,67,361,430,791,792
2015-10-26 22:48:24,234,472,67,361,430,791,792
2015-10-26 22:48:25,235,473,67,362,430,791,792
2015-10-26 22:48:26,240,474,67,362,430,791,792
2015-10-26 22:48:27,245,475,67,362,430,791,792
2015-10-26 22:48:28,250,476,67,362,430,791,792
2015-10-26 22:48:29,255,477,67,362,430,791,792
2015-10-26 22:48:30,260,478,67,362,430,791,792
2015-10-26 22:48:31,261,479,67,363,431,791,792
2015-10-26 22:48:32,267,480,67,363,431,791,792
2015-10-26 22:48:33,269,481,67,363,431,791,792
2015-10-26 22:48:34,275,482,67,363,431,791,792
2015-10-26 22:48:35,278,483,67,363,431,791,792
2015-10-26 22:48:36,284,484,67,364,431,791,792
2015-10-26 22:48:37,285,485,67,364,431,791,792
2015-10-26 22:48:38,291,486,67,364,431,791,792
2015-10-26 22:48:39,296,487,67,364,431,791,792
2015-10-26 22:48:40,300,488,67,364,432,791,792
2015-10-26 22:48:41,306,489,67,364,432,791,792
2015-10-26 22:48:42,310,490,67,364,432,791,792
2015-10-26 22:48:43,314,491,67,365,432,791,792
2015-10-26 22:48:44,318,493,67,365,432,791,792
2015-10-26 22:48:45,322,494,67,365,432,791,792
2015-10-26 22:48:46,327,495,67,365,433,791,792
2015-10-26 22:48:47,331,496,67,365,433,791,792
2015-10-26 22:48:48,335,497,67,365,433,791,792
2015-10-26 22:48:49,340,498,67,365,433,791,792
2015-10-26 22:48:50,344,499,67,366,433,791,792
2015-10-26 22:48:51,347,500,67,366,433,791,792
2015-10-26 22:48:52,352,501,67,366,433,791,792
2015-10-26 22:48:53,355,502,67,366,433,791,792
2015-10-26 22:48:54,360,503,67,366,434,791,792
2015-10-26 22:48:55,364,504,67,367,434,791,792
2015-10-26 22:48:56,370,505,67,367,434,791,792
2015-10-26 22:48:57,374,506,67,367,435,791,792
2015-10-26 22:48:58,378,507,67,367,435,791,792
2015-10-26 22:48:59,382,508,67,367,435,791,792
2015-10-26 22:49:00,386,509,67,367,435,791,792
2015-10-26 22:49:01,390,510,67,367,435,791,792
2015-10-26 22:49:02,395,511,67,368,435,791,792
2015-10-26 22:49:03,398,512,67,368,436,791,792
2015-10-26 22:49:04,402,513,67,368,436,791,792
2015-10-26 22:49:05,406,514,67,368,436,791,792
2015-10-26 22:49:06,411,515,67,369,436,791,792
2015-10-26 22:49:07,414,516,67,369,436,791,792
2015-10-26 22:49:08,418,517,67,369,436,791,792
2015-10-26 22:49:09,422,518,67,369,436,791,792
2015-10-26 22:49:10,427,519,67,369,437,791,792
2015-10-26 22:49:11,429,520,67,369,437,791,792
2015-10-26 22:49:12,433,521,67,369,437,791,792
2015-10-26 22:49:13,436,522,67,370,437,791,792
2015-10-26 22:49:14,437,523,67,370,437,791,792
2015-10-26 22:49:15,438,524,67,370,437,791,792
2015-10-26 22:49:16,442,525,67,370,437,791,792
2015-10-26 22:49:17,446,526,67,370,437,791,792
2015-10-26 22:49:18,450,527,67,370,437,791,792
2015-10-26 22:49:19,451,528,67,371,438,791,792
2015-10-26 22:49:20,456,529,67,371,437,791,792
2015-10-26 22:49:21,461,530,67,371,438,791,792
2015-10-26 22:49:22,467,531,67,371,438,791,792
2015-10-26 22:49:23,468,532,67,372,438,791,792
2015-10-26 22:49:24,470,533,67,372,438,791,792
2015-10-26 22:49:25,475,534,67,372,438,791,792
2015-10-26 22:49:26,476,535,67,372,438,791,792
2015-10-26 22:49:27,478,536,67,373,439,791,792
2015-10-26 22:49:28,483,537,67,373,439,791,792
2015-10-26 22:49:29,484,538,67,373,439,791,792
2015-10-26 22:49:30,489,539,67,373,439,791,792
2015-10-26 22:49:31,493,540,67,373,439,791,792
2015-10-26 22:49:32,499,541,67,373,439,791,792
2015-10-26 22:49:33,503,542,67,374,439,791,792
2015-10-26 22:49:34,507,543,67,374,439,791,792
2015-10-26 22:49:35,509,544,67,374,440,791,792
2015-10-26 22:49:36,514,545,67,375,440,791,792
2015-10-26 22:49:37,519,546,67,375,440,791,792
2015-10-26 22:49:38,524,547,67,375,440,791,792
2015-10-26 22:49:39,528,548,67,375,440,791,792
2015-10-26 22:49:40,533,549,67,375,441,791,792
2015-10-26 22:49:41,538,550,67,375,441,791,792
2015-10-26 22:49:42,542,551,67,375,441,791,792
2015-10-26 22:49:43,543,552,67,376,441,791,792
2015-10-26 22:49:44,548,553,67,376,441,791,792
2015-10-26 22:49:45,553,554,67,376,441,791,792
2015-10-26 22:49:46,558,555,67,376,441,791,792
2015-10-26 22:49:47,562,556,67,376,442,791,792
2015-10-26 22:49:48,567,557,67,377,442,791,792
2015-10-26 22:49:49,567,558,67,377,443,791,792
2015-10-26 22:49:50,573,559,67,377,443,791,792
2015-10-26 22:49:51,576,560,67,377,443,791,792
2015-10-26 22:49:52,577,561,67,378,444,791,792
2015-10-26 22:49:53,582,562,67,378,444,791,792
2015-10-26 22:49:54,589,563,67,378,444,791,792
2015-10-26 22:49:55,593,564,67,378,444,791,792
2015-10-26 22:49:56,597,565,67,378,444,791,792
2015-10-26 22:49:57,600,566,67,378,444,791,792
2015-10-26 22:49:58,604,567,67,379,444,791,792
2015-10-26 22:49:59,608,568,67,379,445,791,792
2015-10-26 22:50:00,612,569,67,379,445,791,792
2015-10-26 22:50:01,616,570,67,379,445,791,792
2015-10-26 22:50:02,620,571,67,379,446,791,792
2015-10-26 22:50:03,624,572,67,379,446,791,792
2015-10-26 22:50:04,630,573,67,379,446,791,792
2015-10-26 22:50:05,633,574,67,380,446,791,792
2015-10-26 22:50:06,638,575,67,380,447,791,792
2015-10-26 22:50:07,641,576,67,380,447,791,792
2015-10-26 22:50:08,642,577,67,380,447,791,792
2015-10-26 22:50:09,643,578,67,380,447,791,792
2015-10-26 22:50:10,648,579,67,380,448,791,792
2015-10-26 22:50:11,651,580,67,380,448,791,792
2015-10-26 22:50:12,657,581,67,380,448,791,792
2015-10-26 22:50:13,663,582,67,380,448,791,792
2015-10-26 22:50:14,667,583,67,380,448,791,792
2015-10-26 22:50:15,672,584,67,380,449,791,792
2015-10-26 22:50:16,675,585,67,380,449,791,792
2015-10-26 22:50:17,679,586,67,381,449,791,792
2015-10-26 22:50:18,683,587,67,381,449,791,792
2015-10-26 22:50:19,687,588,67,382,449,791,792
2015-10-26 22:50:20,691,589,67,382,450,791,792
2015-10-26 22:50:21,694,590,67,382,450,791,792
2015-10-26 22:50:22,697,591,67,382,450,791,792
2015-10-26 22:50:23,701,592,67,382,450,791,792
2015-10-26 22:50:24,707,593,67,382,450,791,792
2015-10-26 22:50:25,712,594,67,382,450,791,792
2015-10-26 22:50:26,716,595,67,382,450,791,792
2015-10-26 22:50:27,722,596,67,382,450,791,792
2015-10-26 22:50:28,725,597,67,382,450,791,792
2015-10-26 22:50:29,726,598,67,383,450,791,792
2015-10-26 22:50:30,732,599,67,383,450,791,792
2015-10-26 22:50:31,737,600,67,382,451,791,792
2015-10-26 22:50:32,742,601,67,383,451,791,792
2015-10-26 22:50:33,743,602,67,383,451,791,792
2015-10-26 22:50:34,747,603,67,383,451,791,792
2015-10-26 22:50:35,751,604,67,383,451,791,792
2015-10-26 22:50:36,752,605,67,383,451,791,792
2015-10-26 22:50:37,757,606,67,383,451,791,792
2015-10-26 22:50:38,759,607,67,383,451,791,792
2015-10-26 22:50:39,764,608,67,383,451,791,792
2015-10-26 22:50:40,765,609,67,384,451,791,792
2015-10-26 22:50:41,769,610,67,384,451,791,792
2015-10-26 22:50:42,772,611,67,384,451,791,792
2015-10-26 22:50:43,776,612,67,384,451,791,792
2015-10-26 22:50:44,781,613,67,384,451,791,792
2015-10-26 22:50:45,786,614,67,384,451,791,792
2015-10-26 22:50:46,791,615,67,384,451,791,792
2015-10-26 22:50:47,793,616,67,384,451,791,792
2015-10-26 22:50:48,797,617,67,385,451,791,792
2015-10-26 22:50:49,802,618,67,385,451,791,792
2015-10-26 22:50:50,807,619,67,385,451,791,792
2015-10-26 22:50:51,808,620,67,386,451,791,792
2015-10-26 22:50:52,814,621,67,386,451,791,792
2015-10-26 22:50:53,820,622,67,386,451,791,792
2015-10-26 22:50:54,823,623,67,386,451,791,792
2015-10-26 22:50:55,826,624,67,387,451,791,792
2015-10-26 22:50:56,831,625,67,387,451,791,792
2015-10-26 22:50:57,833,626,67,387,451,791,792
2015-10-26 22:50:58,839,627,67,388,452,791,792
2015-10-26 22:50:59,844,628,67,388,452,791,792
2015-10-26 22:51:00,849,629,67,388,452,791,792
2015-10-26 22:51:01,852,630,67,387,452,791,792
2015-10-26 22:51:02,857,631,67,388,452,791,792
2015-10-26 22:51:03,860,632,67,388,452,791,792
2015-10-26 22:51:04,866,633,67,388,452,791,792
2015-10-26 22:51:05,869,634,67,388,452,791,792
2015-10-26 22:51:06,874,635,67,389,452,791,792
2015-10-26 22:51:07,880,636,67,389,452,791,792
2015-10-26 22:51:08,882,637,67,389,452,791,792
2015-10-26 22:51:09,885,638,67,389,452,791,792
2015-10-26 22:51:10,890,639,67,389,452,791,792
2015-10-26 22:51:11,895,640,67,389,452,791,792
2015-10-26 22:51:12,900,641,67,389,453,791,792
2015-10-26 22:51:13,903,642,67,389,452,791,792
2015-10-26 22:51:14,908,643,67,389,452,791,792
2015-10-26 22:51:15,909,644,67,389,452,791,792
2015-10-26 22:51:16,914,645,67,390,452,791,792
2015-10-26 22:51:17,915,646,67,390,452,791,792
2015-10-26 22:51:18,919,647,67,391,452,791,792
2015-10-26 22:51:19,924,648,67,391,452,791,792
2015-10-26 22:51:20,925,649,67,391,452,791,792
2015-10-26 22:51:21,931,650,67,391,452,791,792
2015-10-26 22:51:22,931,651,67,392,452,791,792
2015-10-26 22:51:23,934,652,67,392,452,791,792
2015-10-26 22:51:24,939,653,67,393,452,791,792
2015-10-26 22:51:25,940,654,67,393,452,791,792
2015-10-26 22:51:26,944,655,67,393,452,791,792
2015-10-26 22:51:27,949,656,67,393,453,791,792
2015-10-26 22:51:28,955,657,67,393,452,791,792
2015-10-26 22:51:29,956,658,67,393,453,791,792
2015-10-26 22:51:30,959,659,67,393,453,791,792
2015-10-26 22:51:31,963,660,67,393,453,791,792
2015-10-26 22:51:32,965,661,67,393,452,791,792
2015-10-26 22:51:33,970,662,67,394,452,791,792
2015-10-26 22:51:34,976,663,67,394,453,791,792
2015-10-26 22:51:35,980,664,67,394,453,791,792
2015-10-26 22:51:36,983,665,67,394,453,791,792
2015-10-26 22:51:37,988,666,67,395,452,791,792
2015-10-26 22:51:38,989,667,67,394,452,791,792
2015-10-26 22:51:39,993,668,67,395,452,791,792
2015-10-26 22:51:40,998,669,67,395,452,791,792
2015-10-26 22:51:42,001,670,67,395,452,791,792
2015-10-26 22:51:43,004,671,67,396,452,791,792
2015-10-26 22:51:44,007,672,67,395,452,791,792
2015-10-26 22:51:45,012,673,67,396,452,791,792
2015-10-26 22:51:46,016,674,67,396,452,791,792
2015-10-26 22:51:47,021,675,67,396,453,791,792
2015-10-26 22:51:48,024,676,67,397,453,791,792
2015-10-26 22:51:49,029,677,67,397,453,791,792
2015-10-26 22:51:50,031,678,67,397,453,791,792
2015-10-26 22:51:51,036,679,67,397,453,791,792
2015-10-26 22:51:52,039,680,67,397,452,791,792
2015-10-26 22:51:53,045,681,67,397,452,791,792
2015-10-26 22:51:54,051,682,67,397,452,791,792
2015-10-26 22:51:55,054,683,67,397,452,791,792
2015-10-26 22:51:56,056,684,67,397,453,791,792
2015-10-26 22:51:57,062,685,67,398,452,791,792
2015-10-26 22:51:58,064,686,67,398,452,791,792
2015-10-26 22:51:59,066,687,67,398,452,791,792
2015-10-26 22:52:00,069,688,67,398,452,791,792
2015-10-26 22:52:01,075,689,67,398,452,791,792
2015-10-26 22:52:02,078,690,67,398,453,791,792
2015-10-26 22:52:03,081,691,67,398,453,791,792
2015-10-26 22:52:04,085,692,67,399,453,791,792
2015-10-26 22:52:05,091,693,67,399,453,791,792
2015-10-26 22:52:06,096,694,67,399,453,791,792
2015-10-26 22:52:07,099,695,67,399,453,791,792
2015-10-26 22:52:08,104,696,67,399,453,791,792
2015-10-26 22:52:09,109,697,67,399,453,791,792
2015-10-26 22:52:10,112,698,67,399,453,791,792
2015-10-26 22:52:11,117,699,67,399,454,791,792
2015-10-26 22:52:12,121,700,67,399,454,791,792
2015-10-26 22:52:13,122,701,67,399,454,791,792
2015-10-26 22:52:14,128,702,67,400,454,791,792
2015-10-26 22:52:15,129,703,67,400,454,791,792
2015-10-26 22:52:16,133,704,67,400,454,791,792
2015-10-26 22:52:17,138,705,67,401,454,791,792
2015-10-26 22:52:18,142,706,67,400,454,791,792
2015-10-26 22:52:19,145,707,67,400,454,791,792
2015-10-26 22:52:20,146,708,67,401,454,791,792
2015-10-26 22:52:21,152,709,67,401,454,791,792
2015-10-26 22:52:22,158,710,67,402,454,791,792
2015-10-26 22:52:23,162,711,67,401,454,791,792
2015-10-26 22:52:24,164,712,67,402,454,791,792
2015-10-26 22:52:25,170,713,67,402,454,791,792
2015-10-26 22:52:26,172,714,67,402,454,791,792
2015-10-26 22:52:27,177,715,67,402,454,791,792
2015-10-26 22:52:28,178,716,67,403,454,791,792
2015-10-26 22:52:29,181,717,67,403,454,791,792
2015-10-26 22:52:30,185,718,67,403,454,791,792
2015-10-26 22:52:31,186,719,67,403,454,791,792
2015-10-26 22:52:32,192,720,67,403,454,791,792
2015-10-26 22:52:33,192,721,67,403,454,791,792
2015-10-26 22:52:34,197,722,67,403,454,791,792
2015-10-26 22:52:35,201,723,67,403,454,791,792
2015-10-26 22:52:36,206,724,67,404,454,791,792
2015-10-26 22:52:37,209,725,67,404,454,791,792
2015-10-26 22:52:38,213,726,67,404,454,791,792
2015-10-26 22:52:39,218,727,67,405,455,791,792
2015-10-26 22:52:40,219,728,67,405,455,791,792
2015-10-26 22:52:41,224,729,67,405,455,791,792
2015-10-26 22:52:42,225,730,67,405,454,791,792
2015-10-26 22:52:43,227,731,67,405,454,791,792
2015-10-26 22:52:44,233,732,67,405,454,791,792
2015-10-26 22:52:45,237,733,67,405,454,791,792
2015-10-26 22:52:46,242,734,67,405,454,791,792
2015-10-26 22:52:47,247,735,67,406,454,791,792
2015-10-26 22:52:48,251,736,67,406,455,791,792
2015-10-26 22:52:49,255,737,67,406,455,791,792
2015-10-26 22:52:50,261,738,67,406,455,791,792
2015-10-26 22:52:51,265,739,67,406,455,791,792
2015-10-26 22:52:52,267,740,67,406,455,791,792
2015-10-26 22:52:53,270,741,67,407,455,791,792
2015-10-26 22:52:54,276,742,67,407,455,791,792
2015-10-26 22:52:55,281,743,67,407,455,791,792
2015-10-26 22:52:56,284,744,67,408,455,791,792
2015-10-26 22:52:57,286,745,67,408,455,791,792
2015-10-26 22:52:58,291,746,67,408,455,791,792
2015-10-26 22:52:59,296,747,67,409,455,791,792
2015-10-26 22:53:00,301,748,67,409,455,791,792
2015-10-26 22:53:01,302,749,67,409,455,791,792
2015-10-26 22:53:02,308,750,67,409,455,791,792
2015-10-26 22:53:03,313,751,67,409,455,791,792
2015-10-26 22:53:04,318,753,67,410,455,791,792
2015-10-26 22:53:05,322,754,67,410,455,791,792
2015-10-26 22:53:06,326,755,67,411,455,791,792
2015-10-26 22:53:07,328,756,67,411,455,791,792
2015-10-26 22:53:08,330,757,67,411,455,791,792
2015-10-26 22:53:09,333,758,67,412,456,791,792
2015-10-26 22:53:10,341,759,67,412,456,791,792
2015-10-26 22:53:11,346,760,67,412,456,791,792
2015-10-26 22:53:12,351,761,67,412,456,791,792
2015-10-26 22:53:13,355,762,67,413,456,791,792
2015-10-26 22:53:14,360,763,67,413,456,791,792
2015-10-26 22:53:15,365,764,67,413,456,791,792
2015-10-26 22:53:16,371,765,67,413,456,791,792
2015-10-26 22:53:17,374,766,67,413,456,791,792
2015-10-26 22:53:18,379,767,67,413,456,791,792
2015-10-26 22:53:19,384,768,67,413,456,791,792
2015-10-26 22:53:20,386,769,67,413,456,791,792
2015-10-26 22:53:21,389,770,67,413,456,791,792
2015-10-26 22:53:22,394,771,67,414,456,791,792
2015-10-26 22:53:23,398,772,67,414,457,791,792
2015-10-26 22:53:24,403,773,67,414,457,791,792
2015-10-26 22:53:25,406,774,67,414,457,791,792
2015-10-26 22:53:26,411,775,67,414,457,791,792
2015-10-26 22:53:27,417,776,67,414,457,791,792
2015-10-26 22:53:28,420,777,67,415,457,791,792
2015-10-26 22:53:29,425,778,67,415,457,791,792
2015-10-26 22:53:30,428,779,67,415,457,791,792
2015-10-26 22:53:31,429,780,67,416,457,791,792
2015-10-26 22:53:32,429,781,67,416,457,791,792
2015-10-26 22:53:33,435,782,67,416,457,791,792
2015-10-26 22:53:34,439,783,67,416,457,791,792
2015-10-26 22:53:35,445,784,67,416,457,791,792
2015-10-26 22:53:36,450,785,67,417,457,791,792
2015-10-26 22:53:37,456,786,67,417,457,791,792
2015-10-26 22:53:38,462,787,67,417,457,791,792
2015-10-26 22:53:39,467,788,67,417,458,791,792
2015-10-26 22:53:40,471,789,67,417,458,791,792
2015-10-26 22:53:41,475,790,67,418,458,791,792
2015-10-26 22:53:42,480,791,67,418,458,791,792
2015-10-26 22:53:43,486,792,67,418,458,791,792
2015-10-26 22:53:44,488,793,67,418,458,791,792
2015-10-26 22:53:45,492,794,67,418,458,791,792
2015-10-26 22:53:46,497,795,67,418,458,791,792
2015-10-26 22:53:47,503,796,67,419,458,791,792
2015-10-26 22:53:48,507,797,67,419,458,791,792
2015-10-26 22:53:49,511,798,67,419,458,791,792
2015-10-26 22:53:50,515,799,67,420,458,791,792
2015-10-26 22:53:51,518,800,67,420,458,791,792
2015-10-26 22:53:52,522,801,67,420,458,791,792
2015-10-26 22:53:53,525,802,67,420,458,791,792
2015-10-26 22:53:54,530,803,67,420,458,791,792
2015-10-26 22:53:55,534,804,67,420,458,791,792
2015-10-26 22:53:56,538,805,67,420,459,791,792
2015-10-26 22:53:57,541,806,67,421,459,791,792
2015-10-26 22:53:58,545,807,67,420,458,791,792
2015-10-26 22:53:59,550,808,67,419,458,791,792
2015-10-26 22:54:00,555,809,67,417,457,791,792
2015-10-26 22:54:01,560,810,67,416,457,791,792
2015-10-26 22:54:02,564,811,67,414,456,791,792
2015-10-26 22:54:03,565,812,67,412,456,791,792
2015-10-26 22:54:04,566,813,67,410,455,791,792
2015-10-26 22:54:05,571,814,67,408,455,791,792
2015-10-26 22:54:06,576,815,67,407,454,791,792
2015-10-26 22:54:07,579,816,67,405,453,791,792
2015-10-26 22:54:08,580,817,67,404,453,791,792
2015-10-26 22:54:09,582,818,67,403,452,791,792
2015-10-26 22:54:10,586,819,67,402,452,791,792
2015-10-26 22:54:11,587,820,67,401,451,791,792
2015-10-26 22:54:12,589,821,67,401,451,791,792
2015-10-26 22:54:13,593,822,67,400,450,791,792
2015-10-26 22:54:14,597,823,67,399,450,791,792
2015-10-26 22:54:15,602,824,67,398,450,791,792
2015-10-26 22:54:16,602,825,67,397,449,791,792
2015-10-26 22:54:17,603,826,67,397,450,791,792
2015-10-26 22:54:18,609,827,67,397,450,791,792
2015-10-26 22:54:19,612,828,67,396,450,791,792
2015-10-26 22:54:20,617,829,67,396,450,791,792
2015-10-26 22:54:21,620,830,67,396,451,791,792
2015-10-26 22:54:22,625,831,67,395,451,791,792
2015-10-26 22:54:23,629,832,67,395,451,791,792
2015-10-26 22:54:24,634,833,67,395,451,791,792
2015-10-26 22:54:25,635,834,67,395,451,791,792
2015-10-26 22:54:26,638,835,67,394,451,791,792
2015-10-26 22:54:27,641,836,67,394,451,791,792
2015-10-26 22:54:28,645,837,67,394,452,791,792
2015-10-26 22:54:29,649,838,67,393,452,791,792
2015-10-26 22:54:30,652,839,67,393,452,791,792
2015-10-26 22:54:31,658,840,67,393,452,791,792
2015-10-26 22:54:32,665,841,67,392,452,791,792
2015-10-26 22:54:33,666,842,67,392,452,791,792
2015-10-26 22:54:34,668,843,67,392,452,791,792
2015-10-26 22:54:35,674,844,67,392,452,791,792
2015-10-26 22:54:36,678,845,67,392,452,791,792
2015-10-26 22:54:37,683,846,67,392,453,791,792
2015-10-26 22:54:38,687,847,67,392,453,791,792
2015-10-26 22:54:39,692,848,67,392,453,791,792
2015-10-26 22:54:40,696,849,67,392,453,791,792
2015-10-26 22:54:41,700,850,67,391,453,791,792
2015-10-26 22:54:42,703,851,67,391,453,791,792
2015-10-26 22:54:43,709,852,67,391,453,791,792
2015-10-26 22:54:44,714,853,67,391,453,791,792
2015-10-26 22:54:45,717,854,67,391,453,791,792
2015-10-26 22:54:46,721,855,67,391,453,791,792
2015-10-26 22:54:47,727,856,67,391,453,791,792
2015-10-26 22:54:48,730,857,67,391,453,791,792
2015-10-26 22:54:49,734,858,67,391,453,791,792
2015-10-26 22:54:50,737,859,67,390,453,791,792
2015-10-26 22:54:51,742,860,67,390,453,791,792
2015-10-26 22:54:52,743,861,67,390,453,791,792
2015-10-26 22:54:53,748,862,67,390,453,791,792
2015-10-26 22:54:54,754,863,67,390,453,791,792
2015-10-26 22:54:55,755,864,67,390,453,791,792
2015-10-26 22:54:56,760,865,67,390,453,791,792
2015-10-26 22:54:57,763,866,67,390,453,791,792
2015-10-26 22:54:58,766,867,67,390,453,791,792
2015-10-26 22:54:59,767,868,67,390,453,791,792
2015-10-26 22:55:00,771,869,67,390,454,791,792
2015-10-26 22:55:01,773,870,67,390,454,791,792
2015-10-26 22:55:02,777,871,67,390,454,791,792
2015-10-26 22:55:03,782,872,67,390,454,791,792
2015-10-26 22:55:04,788,873,67,390,454,791,792
2015-10-26 22:55:05,791,874,67,390,454,791,792
2015-10-26 22:55:06,796,875,67,390,454,791,792
2015-10-26 22:55:07,800,876,67,390,454,791,792
2015-10-26 22:55:08,803,877,67,390,454,791,792
2015-10-26 22:55:09,807,878,67,389,454,791,792
2015-10-26 22:55:10,811,879,67,390,454,791,792
2015-10-26 22:55:11,814,880,67,389,454,791,792
2015-10-26 22:55:12,817,881,67,389,454,791,792
2015-10-26 22:55:13,823,882,67,389,454,791,792
2015-10-26 22:55:14,827,883,67,389,454,791,792
2015-10-26 22:55:15,832,884,67,389,454,791,792
2015-10-26 22:55:16,837,885,67,389,454,791,792
2015-10-26 22:55:17,843,886,67,389,453,791,792
2015-10-26 22:55:18,844,887,67,389,453,791,792
2015-10-26 22:55:19,850,888,67,389,453,791,792
2015-10-26 22:55:20,854,889,67,389,452,791,792
2015-10-26 22:55:21,859,890,67,389,452,791,792
2015-10-26 22:55:22,863,891,67,389,452,791,792
2015-10-26 22:55:23,866,892,67,389,452,791,792
2015-10-26 22:55:24,871,893,67,389,452,791,792
2015-10-26 22:55:25,877,894,67,389,451,791,792
2015-10-26 22:55:26,881,895,67,389,451,791,792
2015-10-26 22:55:27,887,896,67,389,451,791,792
2015-10-26 22:55:28,892,897,67,389,452,791,792
2015-10-26 22:55:29,895,898,67,388,452,791,792
2015-10-26 22:55:30,901,899,67,388,452,791,792
2015-10-26 22:55:31,905,900,67,388,452,791,792
2015-10-26 22:55:32,910,901,67,387,452,791,792
2015-10-26 22:55:33,915,902,67,387,452,791,792
2015-10-26 22:55:34,919,903,67,387,452,791,792
2015-10-26 22:55:35,922,904,67,387,452,791,792
2015-10-26 22:55:36,927,905,67,386,452,791,792
2015-10-26 22:55:37,930,906,67,386,452,791,792
2015-10-26 22:55:38,934,907,67,386,452,791,792
2015-10-26 22:55:39,939,908,67,386,452,791,792
2015-10-26 22:55:40,944,909,67,386,451,791,792
2015-10-26 22:55:41,946,910,67,385,451,791,792
2015-10-26 22:55:42,952,911,67,385,451,791,792
2015-10-26 22:55:43,956,912,67,385,451,791,792
2015-10-26 22:55:44,961,913,67,385,451,791,792
2015-10-26 22:55:45,965,914,67,385,451,791,792
2015-10-26 22:55:46,970,915,67,385,451,791,792
2015-10-26 22:55:47,973,916,67,384,450,791,792
2015-10-26 22:55:48,978,917,67,384,451,791,792
2015-10-26 22:55:49,983,918,67,384,450,791,792
2015-10-26 22:55:50,987,919,67,384,450,791,792
2015-10-26 22:55:51,988,920,67,384,450,791,792
2015-10-26 22:55:52,990,921,67,384,450,791,792
2015-10-26 22:55:53,996,922,67,384,449,791,792
2015-10-26 22:55:55,001,923,67,384,449,791,792
2015-10-26 22:55:56,004,924,67,383,449,791,792
2015-10-26 22:55:57,009,925,67,383,449,791,792
2015-10-26 22:55:58,013,926,67,383,449,791,792
2015-10-26 22:55:59,019,927,67,383,448,791,792
2015-10-26 22:56:00,021,928,67,383,448,791,792
2015-10-26 22:56:01,023,929,67,383,448,791,792
2015-10-26 22:56:02,028,930,67,383,448,791,792
2015-10-26 22:56:03,030,931,67,383,448,791,792
2015-10-26 22:56:04,036,932,67,383,448,791,792
2015-10-26 22:56:05,040,933,67,383,448,791,792
2015-10-26 22:56:06,044,934,67,383,447,791,792
2015-10-26 22:56:07,047,935,67,382,447,791,792
2015-10-26 22:56:08,053,936,67,382,447,791,792
2015-10-26 22:56:09,058,937,67,382,447,791,792
2015-10-26 22:56:10,061,938,67,382,447,791,792
2015-10-26 22:56:11,065,939,67,382,447,791,792
2015-10-26 22:56:12,070,940,67,382,447,791,792
2015-10-26 22:56:13,071,941,67,382,446,791,792
2015-10-26 22:56:14,077,942,67,382,446,791,792
2015-10-26 22:56:15,080,943,67,382,446,791,792
2015-10-26 22:56:16,086,944,67,382,446,791,792
2015-10-26 22:56:17,092,945,67,382,445,791,792
2015-10-26 22:56:18,094,946,67,382,445,791,792
2015-10-26 22:56:19,099,947,67,381,444,791,792
2015-10-26 22:56:20,104,948,67,381,440,791,792
2015-10-26 22:56:21,108,949,67,380,435,791,792
2015-10-26 22:56:22,112,950,67,380,431,791,792
2015-10-26 22:56:23,113,951,67,380,427,791,792
2015-10-26 22:56:24,115,952,67,379,426,791,792
2015-10-26 22:56:25,119,953,67,379,423,791,792
2015-10-26 22:56:26,123,954,67,378,420,791,792
2015-10-26 22:56:27,128,955,67,378,417,791,792
2015-10-26 22:56:28,128,956,67,378,414,791,792
2015-10-26 22:56:29,129,957,67,378,411,791,792
2015-10-26 22:56:30,135,958,67,378,410,791,792
2015-10-26 22:56:31,136,959,67,378,412,791,792
2015-10-26 22:56:32,142,960,67,378,413,791,792
2015-10-26 22:56:33,144,961,67,378,414,791,792
2015-10-26 22:56:34,150,962,67,378,415,791,792
2015-10-26 22:56:35,156,963,67,378,417,791,792
2015-10-26 22:56:36,160,964,67,378,419,791,792
2015-10-26 22:56:37,164,965,67,378,421,791,792
2015-10-26 22:56:38,168,966,67,378,422,791,792
2015-10-26 22:56:39,173,967,67,378,423,791,792
2015-10-26 22:56:40,177,968,67,378,425,791,792
2015-10-26 22:56:41,180,969,67,378,426,791,792
