2015-11-08 19:34:00,812,datetime,ms,seconds,ambient_temp,thermocouple_0_temp,thermocouple_1_temp,thermocouple_2_temp,thermocouple_3_temp
2015-11-08 19:34:05,879,5,58,332,376,795,796
2015-11-08 19:34:06,880,6,58,331,370,795,796
2015-11-08 19:34:07,885,7,58,330,365,795,796
2015-11-08 19:34:08,888,8,58,330,362,795,796
2015-11-08 19:34:09,893,9,58,329,360,795,796
2015-11-08 19:34:10,897,10,58,328,358,795,796
2015-11-08 19:34:11,901,11,58,327,356,795,796
2015-11-08 19:34:12,903,12,58,327,354,795,796
2015-11-08 19:34:13,908,13,58,326,352,795,796
2015-11-08 19:34:14,910,14,58,326,351,795,796
2015-11-08 19:34:15,912,15,58,325,349,795,796
2015-11-08 19:34:16,918,16,58,325,348,795,796
2015-11-08 19:34:17,922,17,58,324,346,795,796
2015-11-08 19:34:18,925,18,58,324,345,795,796
2015-11-08 19:34:19,930,19,58,324,344,795,796
2015-11-08 19:34:20,932,20,58,323,343,795,796
2015-11-08 19:34:21,936,21,58,323,342,795,796
2015-11-08 19:34:22,939,22,58,323,341,795,796
2015-11-08 19:34:23,941,23,58,322,340,795,796
2015-11-08 19:34:24,944,24,58,322,339,795,796
2015-11-08 19:34:25,949,25,58,322,338,795,796
2015-11-08 19:34:26,951,26,58,321,338,795,796
2015-11-08 19:34:27,955,27,58,321,337,795,796
2015-11-08 19:34:28,957,28,58,321,337,795,796
2015-11-08 19:34:29,959,29,58,321,336,795,796
2015-11-08 19:34:30,964,30,58,320,336,795,796
2015-11-08 19:34:31,967,31,58,320,336,795,796
2015-11-08 19:34:32,970,32,58,320,335,795,796
2015-11-08 19:34:33,973,33,58,320,336,795,796
2015-11-08 19:34:34,976,34,58,319,336,795,796
2015-11-08 19:34:35,979,35,58,319,335,795,796
2015-11-08 19:34:36,982,36,58,319,335,795,796
2015-11-08 19:34:37,985,37,58,318,335,795,796
2015-11-08 19:34:38,988,38,58,318,335,795,796
2015-11-08 19:34:39,992,39,58,318,335,795,796
2015-11-08 19:34:40,995,40,58,318,335,795,796
2015-11-08 19:34:41,998,41,58,318,335,795,796
2015-11-08 19:34:43,001,42,58,317,335,795,796
2015-11-08 19:34:44,004,43,58,317,335,795,796
2015-11-08 19:34:45,007,44,58,317,335,795,796
2015-11-08 19:34:46,009,45,58,317,335,795,796
2015-11-08 19:34:47,012,46,58,317,336,795,796
2015-11-08 19:34:48,014,47,58,316,337,795,796
2015-11-08 19:34:49,019,48,58,316,337,795,796
2015-11-08 19:34:50,022,49,58,316,337,795,796
2015-11-08 19:34:51,025,50,58,316,337,795,796
2015-11-08 19:34:52,028,51,58,316,337,795,796
2015-11-08 19:34:53,030,52,58,316,337,795,796
2015-11-08 19:34:54,034,53,58,315,337,795,796
2015-11-08 19:34:55,038,54,58,315,338,795,796
2015-11-08 19:34:56,041,55,58,315,338,795,796
2015-11-08 19:34:57,044,56,58,315,338,795,796
2015-11-08 19:34:58,047,57,58,315,338,795,796
2015-11-08 19:34:59,052,58,58,315,338,795,796
2015-11-08 19:35:00,053,59,58,314,338,795,796
2015-11-08 19:35:01,055,60,58,314,339,795,796
2015-11-08 19:35:02,059,61,58,314,339,795,796
2015-11-08 19:35:03,062,62,58,314,339,795,796
2015-11-08 19:35:04,065,63,58,314,340,795,796
2015-11-08 19:35:05,070,64,58,314,340,795,796
2015-11-08 19:35:06,071,65,58,314,340,795,796
2015-11-08 19:35:07,072,66,58,313,341,795,796
2015-11-08 19:35:08,073,67,58,313,341,795,796
2015-11-08 19:35:09,074,68,58,313,341,795,796
2015-11-08 19:35:10,080,69,58,313,341,795,796
2015-11-08 19:35:11,086,70,58,312,342,795,796
2015-11-08 19:35:12,090,71,58,312,342,795,796
2015-11-08 19:35:13,094,72,58,312,342,795,796
2015-11-08 19:35:14,096,73,58,312,342,795,796
2015-11-08 19:35:15,101,74,58,312,343,795,796
2015-11-08 19:35:16,102,75,58,312,343,795,796
2015-11-08 19:35:17,103,76,58,311,343,795,796
2015-11-08 19:35:18,108,77,58,311,343,795,796
2015-11-08 19:35:19,109,78,58,311,343,795,796
2015-11-08 19:35:20,111,79,58,311,344,795,796
2015-11-08 19:35:21,117,80,58,311,344,795,796
2015-11-08 19:35:22,119,81,58,311,344,795,796
2015-11-08 19:35:23,124,82,58,310,345,795,796
2015-11-08 19:35:24,126,83,58,310,345,795,796
2015-11-08 19:35:25,128,84,58,310,346,795,796
2015-11-08 19:35:26,130,85,58,310,346,795,796
2015-11-08 19:35:27,135,86,58,310,346,795,796
2015-11-08 19:35:28,139,87,58,310,347,795,796
2015-11-08 19:35:29,141,88,58,309,347,795,796
2015-11-08 19:35:30,145,89,58,309,347,795,796
2015-11-08 19:35:31,148,90,58,309,347,795,796
2015-11-08 19:35:32,151,91,58,309,348,795,796
2015-11-08 19:35:33,153,92,58,309,348,795,796
2015-11-08 19:35:34,156,93,58,309,348,795,796
2015-11-08 19:35:35,161,94,58,308,349,795,796
2015-11-08 19:35:36,164,95,58,308,349,795,796
2015-11-08 19:35:37,166,96,58,308,350,795,796
2015-11-08 19:35:38,169,97,58,308,350,795,796
2015-11-08 19:35:39,173,98,58,308,350,795,796
2015-11-08 19:35:40,176,99,58,308,350,795,795
2015-11-08 19:35:41,179,100,58,307,351,795,796
2015-11-08 19:35:42,182,101,58,307,351,795,796
2015-11-08 19:35:43,183,102,58,307,351,795,796
2015-11-08 19:35:44,187,103,58,307,352,795,796
2015-11-08 19:35:45,189,104,58,307,352,795,796
2015-11-08 19:35:46,194,105,58,307,352,795,796
2015-11-08 19:35:47,198,106,58,307,353,795,796
2015-11-08 19:35:48,200,107,58,306,353,795,795
2015-11-08 19:35:49,203,108,58,306,353,795,795
2015-11-08 19:35:50,207,109,58,306,353,795,795
2015-11-08 19:35:51,207,110,58,306,353,795,796
2015-11-08 19:35:52,212,111,58,306,354,795,795
2015-11-08 19:35:53,214,112,58,306,354,795,796
2015-11-08 19:35:54,219,113,58,306,354,795,796
2015-11-08 19:35:55,224,114,58,305,355,795,795
2015-11-08 19:35:56,225,115,58,305,355,795,796
2015-11-08 19:35:57,230,116,58,305,355,795,795
2015-11-08 19:35:58,231,117,58,305,355,795,795
2015-11-08 19:35:59,233,118,58,305,356,795,795
2015-11-08 19:36:00,239,119,58,305,356,795,795
2015-11-08 19:36:01,240,120,58,305,356,795,796
2015-11-08 19:36:02,243,121,58,304,356,795,795
2015-11-08 19:36:03,246,122,58,304,356,795,795
2015-11-08 19:36:04,249,123,58,304,357,795,795
2015-11-08 19:36:05,253,124,58,304,357,795,795
2015-11-08 19:36:06,256,125,58,304,357,795,795
2015-11-08 19:36:07,259,126,58,304,357,795,795
2015-11-08 19:36:08,259,127,58,304,357,795,795
2015-11-08 19:36:09,261,128,58,303,357,795,795
2015-11-08 19:36:10,265,129,58,303,358,795,795
2015-11-08 19:36:11,266,130,58,303,358,795,795
2015-11-08 19:36:12,267,131,58,303,358,795,795
2015-11-08 19:36:13,273,132,58,303,359,795,795
2015-11-08 19:36:14,276,133,58,303,359,795,795
2015-11-08 19:36:15,281,134,58,303,359,795,795
2015-11-08 19:36:16,284,135,58,302,359,795,796
2015-11-08 19:36:17,289,136,58,302,359,795,795
2015-11-08 19:36:18,292,137,58,302,360,795,795
2015-11-08 19:36:19,296,138,58,302,360,795,795
2015-11-08 19:36:20,297,139,58,302,360,795,795
2015-11-08 19:36:21,300,140,59,302,360,795,796
2015-11-08 19:36:22,305,141,58,302,360,795,795
2015-11-08 19:36:23,307,142,58,302,360,795,795
2015-11-08 19:36:24,311,143,58,301,361,795,795
2015-11-08 19:36:25,314,144,58,301,361,795,795
2015-11-08 19:36:26,319,145,58,301,361,795,795
2015-11-08 19:36:27,320,146,58,301,361,795,795
2015-11-08 19:36:28,321,147,58,301,361,795,795
2015-11-08 19:36:29,326,148,58,301,362,795,795
2015-11-08 19:36:30,331,149,58,301,362,795,795
2015-11-08 19:36:31,332,150,58,301,362,795,795
2015-11-08 19:36:32,338,151,58,300,362,795,795
2015-11-08 19:36:33,344,152,58,300,363,795,795
2015-11-08 19:36:34,345,153,58,300,363,795,795
2015-11-08 19:36:35,351,154,59,300,363,795,795
2015-11-08 19:36:36,352,155,58,300,363,795,795
2015-11-08 19:36:37,358,156,58,300,363,795,795
2015-11-08 19:36:38,362,157,59,300,364,795,795
2015-11-08 19:36:39,364,158,59,300,364,795,795
2015-11-08 19:36:40,369,159,58,300,364,795,795
2015-11-08 19:36:41,371,160,58,300,364,795,795
2015-11-08 19:36:42,375,161,58,299,365,795,795
2015-11-08 19:36:43,381,162,58,299,365,795,795
2015-11-08 19:36:44,385,163,59,299,365,795,795
2015-11-08 19:36:45,390,164,59,299,365,795,795
2015-11-08 19:36:46,394,165,58,299,365,795,795
2015-11-08 19:36:47,394,166,59,299,366,795,795
2015-11-08 19:36:48,396,167,59,299,366,795,795
2015-11-08 19:36:49,401,168,59,299,366,795,795
2015-11-08 19:36:50,406,169,58,299,366,795,795
2015-11-08 19:36:51,407,170,59,299,366,795,795
2015-11-08 19:36:52,414,171,58,298,366,795,795
2015-11-08 19:36:53,417,172,59,298,367,795,795
2015-11-08 19:36:54,418,173,58,298,366,795,795
2015-11-08 19:36:55,423,174,59,298,367,795,795
2015-11-08 19:36:56,426,175,59,298,367,795,795
2015-11-08 19:36:57,429,176,59,298,367,795,795
2015-11-08 19:36:58,432,177,58,298,367,795,795
2015-11-08 19:36:59,434,178,59,298,367,795,795
2015-11-08 19:37:00,435,179,59,298,368,795,795
2015-11-08 19:37:01,436,180,59,298,368,795,795
2015-11-08 19:37:02,442,181,58,298,368,795,795
2015-11-08 19:37:03,447,182,59,297,368,795,795
2015-11-08 19:37:04,450,183,59,297,368,795,795
2015-11-08 19:37:05,452,184,59,297,369,795,795
2015-11-08 19:37:06,456,185,59,297,369,795,795
2015-11-08 19:37:07,459,186,59,297,369,795,795
2015-11-08 19:37:08,462,187,59,297,369,795,795
2015-11-08 19:37:09,467,188,59,297,369,795,795
2015-11-08 19:37:10,469,189,59,297,369,795,795
2015-11-08 19:37:11,471,190,59,297,369,795,795
2015-11-08 19:37:12,475,191,59,297,369,795,795
2015-11-08 19:37:13,478,192,59,297,369,795,795
2015-11-08 19:37:14,481,193,59,297,369,795,795
2015-11-08 19:37:15,486,194,59,296,370,795,795
2015-11-08 19:37:16,487,195,59,296,370,795,795
2015-11-08 19:37:17,488,196,59,296,370,795,795
2015-11-08 19:37:18,493,197,59,296,370,795,795
2015-11-08 19:37:19,497,198,59,296,371,795,795
2015-11-08 19:37:20,499,199,59,296,371,795,795
2015-11-08 19:37:21,505,200,59,296,371,795,795
2015-11-08 19:37:22,511,201,59,296,371,795,795
2015-11-08 19:37:23,517,202,59,296,371,795,795
2015-11-08 19:37:24,521,203,59,296,372,795,795
2015-11-08 19:37:25,522,204,59,296,372,795,795
2015-11-08 19:37:26,526,205,59,296,372,795,795
2015-11-08 19:37:27,529,206,59,296,372,795,795
2015-11-08 19:37:28,530,207,59,295,372,795,795
2015-11-08 19:37:29,536,208,59,295,372,795,795
2015-11-08 19:37:30,537,209,59,295,373,795,795
2015-11-08 19:37:31,542,210,59,295,373,795,795
2015-11-08 19:37:32,548,211,59,295,373,795,795
2015-11-08 19:37:33,553,212,59,295,373,795,795
2015-11-08 19:37:34,558,213,59,295,373,795,795
2015-11-08 19:37:35,562,214,59,295,373,795,795
2015-11-08 19:37:36,565,215,59,295,373,795,795
2015-11-08 19:37:37,568,216,59,295,374,795,795
2015-11-08 19:37:38,571,217,59,295,374,795,795
2015-11-08 19:37:39,574,218,59,295,374,795,795
2015-11-08 19:37:40,579,219,59,295,375,795,795
2015-11-08 19:37:41,580,220,59,295,375,795,795
2015-11-08 19:37:42,586,221,59,295,375,795,795
2015-11-08 19:37:43,589,222,59,295,375,795,795
2015-11-08 19:37:44,595,223,59,295,375,795,795
2015-11-08 19:37:45,599,224,59,294,376,795,795
2015-11-08 19:37:46,605,225,59,294,376,795,795
2015-11-08 19:37:47,610,226,59,294,376,795,795
2015-11-08 19:37:48,616,227,59,294,376,795,795
2015-11-08 19:37:49,621,228,59,294,377,795,795
2015-11-08 19:37:50,625,229,59,294,377,795,795
2015-11-08 19:37:51,629,230,59,294,377,795,795
2015-11-08 19:37:52,630,231,59,294,377,795,795
2015-11-08 19:37:53,635,232,59,294,377,795,795
2015-11-08 19:37:54,636,233,59,294,377,795,795
2015-11-08 19:37:55,639,234,59,294,377,795,795
2015-11-08 19:37:56,642,235,59,294,378,795,795
2015-11-08 19:37:57,646,236,59,294,378,795,795
2015-11-08 19:37:58,650,237,59,294,378,795,795
2015-11-08 19:37:59,652,238,59,294,378,795,795
2015-11-08 19:38:00,656,239,59,294,378,795,795
2015-11-08 19:38:01,659,240,59,294,379,795,795
2015-11-08 19:38:02,660,241,59,294,379,795,795
2015-11-08 19:38:03,665,242,59,294,379,795,795
2015-11-08 19:38:04,667,243,59,294,379,795,795
2015-11-08 19:38:05,671,244,59,294,379,795,795
2015-11-08 19:38:06,674,245,59,294,379,795,795
2015-11-08 19:38:07,677,246,59,294,379,795,795
2015-11-08 19:38:08,680,247,59,294,380,795,795
2015-11-08 19:38:09,682,248,59,293,380,795,795
2015-11-08 19:38:10,686,249,59,293,380,795,795
2015-11-08 19:38:11,687,250,59,293,380,795,795
2015-11-08 19:38:12,692,251,59,293,380,795,795
2015-11-08 19:38:13,696,252,59,293,381,795,795
2015-11-08 19:38:14,699,253,59,293,381,795,795
2015-11-08 19:38:15,704,254,59,293,381,795,795
2015-11-08 19:38:16,706,255,59,293,381,795,795
2015-11-08 19:38:17,708,256,59,293,381,795,795
2015-11-08 19:38:18,710,257,59,293,381,795,795
2015-11-08 19:38:19,714,258,59,293,382,795,795
2015-11-08 19:38:20,719,259,59,293,382,795,795
2015-11-08 19:38:21,724,260,59,293,382,795,795
2015-11-08 19:38:22,729,261,59,293,382,795,795
2015-11-08 19:38:23,732,262,59,293,382,795,795
2015-11-08 19:38:24,737,263,59,293,382,795,795
2015-11-08 19:38:25,740,264,59,293,382,795,795
2015-11-08 19:38:26,743,265,59,293,383,795,795
2015-11-08 19:38:27,745,266,59,293,383,795,795
2015-11-08 19:38:28,751,267,59,293,383,795,795
2015-11-08 19:38:29,756,268,59,293,383,795,795
2015-11-08 19:38:30,762,269,59,293,383,795,795
2015-11-08 19:38:31,766,270,59,293,383,795,795
2015-11-08 19:38:32,767,271,59,293,384,795,795
2015-11-08 19:38:33,768,272,59,293,384,795,795
2015-11-08 19:38:34,772,273,59,293,384,795,795
2015-11-08 19:38:35,776,274,59,293,384,795,795
2015-11-08 19:38:36,782,275,59,293,385,795,795
2015-11-08 19:38:37,787,276,59,293,385,795,795
2015-11-08 19:38:38,789,277,59,293,385,795,795
2015-11-08 19:38:39,791,278,59,293,385,795,795
2015-11-08 19:38:40,794,279,59,293,385,795,795
2015-11-08 19:38:41,797,280,59,293,385,795,795
2015-11-08 19:38:42,800,281,59,293,385,795,795
2015-11-08 19:38:43,804,282,59,293,385,795,795
2015-11-08 19:38:44,808,283,59,293,386,795,795
2015-11-08 19:38:45,811,284,59,293,386,795,795
2015-11-08 19:38:46,813,286,59,293,386,795,795
2015-11-08 19:38:47,817,287,59,293,386,795,795
2015-11-08 19:38:48,820,288,59,293,386,795,795
2015-11-08 19:38:49,825,289,59,293,386,795,795
2015-11-08 19:38:50,830,290,59,293,387,795,795
2015-11-08 19:38:51,832,291,59,293,387,795,795
2015-11-08 19:38:52,836,292,59,293,387,795,795
2015-11-08 19:38:53,842,293,59,293,388,795,795
2015-11-08 19:38:54,847,294,59,293,388,795,795
2015-11-08 19:38:55,848,295,59,293,388,795,795
2015-11-08 19:38:56,850,296,59,293,388,795,795
2015-11-08 19:38:57,852,297,59,293,388,795,795
2015-11-08 19:38:58,857,298,59,293,389,795,795
2015-11-08 19:38:59,863,299,59,293,389,795,795
2015-11-08 19:39:00,865,300,59,293,389,795,795
2015-11-08 19:39:01,866,301,59,293,389,795,795
2015-11-08 19:39:02,869,302,59,293,389,795,795
2015-11-08 19:39:03,873,303,59,293,389,795,795
2015-11-08 19:39:04,879,304,59,293,389,795,795
2015-11-08 19:39:05,884,305,59,293,390,795,795
2015-11-08 19:39:06,889,306,59,293,390,795,795
2015-11-08 19:39:07,895,307,59,293,390,795,795
2015-11-08 19:39:08,896,308,59,293,390,795,795
2015-11-08 19:39:09,897,309,59,293,390,795,795
2015-11-08 19:39:10,903,310,59,293,390,795,795
2015-11-08 19:39:11,904,311,59,293,390,795,795
2015-11-08 19:39:12,905,312,59,293,391,795,795
2015-11-08 19:39:13,908,313,59,293,391,795,795
2015-11-08 19:39:14,912,314,59,294,391,795,795
2015-11-08 19:39:15,915,315,59,293,391,795,795
2015-11-08 19:39:16,917,316,59,293,392,795,795
2015-11-08 19:39:17,920,317,59,294,392,795,795
2015-11-08 19:39:18,921,318,59,294,392,795,795
2015-11-08 19:39:19,927,319,59,294,392,795,795
2015-11-08 19:39:20,928,320,59,294,392,795,795
2015-11-08 19:39:21,931,321,59,294,393,795,795
2015-11-08 19:39:22,936,322,59,294,393,795,795
2015-11-08 19:39:23,937,323,59,294,393,795,795
2015-11-08 19:39:24,941,324,59,294,393,795,795
2015-11-08 19:39:25,947,325,59,294,394,795,795
2015-11-08 19:39:26,953,326,59,294,394,795,795
2015-11-08 19:39:27,956,327,59,294,394,795,795
2015-11-08 19:39:28,958,328,59,294,394,795,795
2015-11-08 19:39:29,962,329,59,294,394,795,795
2015-11-08 19:39:30,965,330,59,294,395,795,795
2015-11-08 19:39:31,968,331,59,294,395,795,795
2015-11-08 19:39:32,972,332,59,294,395,795,795
2015-11-08 19:39:33,975,333,59,294,395,795,795
2015-11-08 19:39:34,976,334,59,294,395,795,795
2015-11-08 19:39:35,979,335,59,294,395,795,795
2015-11-08 19:39:36,983,336,59,294,396,795,795
2015-11-08 19:39:37,984,337,59,294,396,795,795
2015-11-08 19:39:38,987,338,59,294,396,795,795
2015-11-08 19:39:39,990,339,59,294,396,795,795
2015-11-08 19:39:40,993,340,59,294,396,795,795
2015-11-08 19:39:41,999,341,59,294,396,795,795
2015-11-08 19:39:43,002,342,59,294,397,795,795
2015-11-08 19:39:44,005,343,59,294,397,795,795
2015-11-08 19:39:45,010,344,59,295,397,795,795
2015-11-08 19:39:46,014,345,59,295,397,795,795
2015-11-08 19:39:47,019,346,59,295,397,795,795
2015-11-08 19:39:48,020,347,59,295,398,795,795
2015-11-08 19:39:49,025,348,59,295,398,795,795
2015-11-08 19:39:50,029,349,59,295,398,795,795
2015-11-08 19:39:51,030,350,59,295,398,795,795
2015-11-08 19:39:52,033,351,59,295,398,795,795
2015-11-08 19:39:53,039,352,59,295,399,795,795
2015-11-08 19:39:54,040,353,59,295,399,795,795
2015-11-08 19:39:55,041,354,59,295,399,795,795
2015-11-08 19:39:56,045,355,59,295,399,795,795
2015-11-08 19:39:57,051,356,59,295,399,795,795
2015-11-08 19:39:58,052,357,59,295,399,795,795
2015-11-08 19:39:59,053,358,59,295,400,795,795
2015-11-08 19:40:00,057,359,59,295,400,795,795
2015-11-08 19:40:01,062,360,59,295,400,795,795
2015-11-08 19:40:02,067,361,59,295,400,795,795
2015-11-08 19:40:03,070,362,59,295,400,795,795
2015-11-08 19:40:04,076,363,59,295,400,795,795
2015-11-08 19:40:05,081,364,59,295,400,795,795
2015-11-08 19:40:06,086,365,59,295,400,795,795
2015-11-08 19:40:07,090,366,59,295,400,795,795
2015-11-08 19:40:08,094,367,59,296,400,795,795
2015-11-08 19:40:09,095,368,59,296,400,795,795
2015-11-08 19:40:10,101,369,59,296,401,795,795
2015-11-08 19:40:11,106,370,59,296,401,795,795
2015-11-08 19:40:12,108,371,59,296,401,795,795
2015-11-08 19:40:13,111,372,59,296,401,795,795
2015-11-08 19:40:14,114,373,59,296,401,795,795
2015-11-08 19:40:15,119,374,59,296,402,795,795
2015-11-08 19:40:16,120,375,59,296,402,795,795
2015-11-08 19:40:17,125,376,59,296,402,795,795
2015-11-08 19:40:18,130,377,59,296,402,795,795
2015-11-08 19:40:19,135,378,59,296,402,795,795
2015-11-08 19:40:20,141,379,59,296,402,795,795
2015-11-08 19:40:21,144,380,59,296,402,795,795
2015-11-08 19:40:22,148,381,59,296,403,795,795
2015-11-08 19:40:23,154,382,59,296,403,795,795
2015-11-08 19:40:24,157,383,59,296,403,795,795
2015-11-08 19:40:25,163,384,59,296,403,795,795
2015-11-08 19:40:26,167,385,59,296,403,795,795
2015-11-08 19:40:27,168,386,59,296,403,795,795
2015-11-08 19:40:28,174,387,59,297,403,795,795
2015-11-08 19:40:29,177,388,59,297,404,795,795
2015-11-08 19:40:30,180,389,59,297,404,795,795
2015-11-08 19:40:31,183,390,59,297,404,795,795
2015-11-08 19:40:32,186,391,59,297,404,795,795
2015-11-08 19:40:33,189,392,59,297,404,795,795
2015-11-08 19:40:34,192,393,59,297,405,795,795
2015-11-08 19:40:35,195,394,59,297,405,795,795
2015-11-08 19:40:36,201,395,59,297,405,795,795
2015-11-08 19:40:37,207,396,59,297,405,795,795
2015-11-08 19:40:38,212,397,59,297,405,795,795
2015-11-08 19:40:39,217,398,59,297,406,795,795
2015-11-08 19:40:40,218,399,59,297,406,795,795
2015-11-08 19:40:41,221,400,59,297,406,795,795
2015-11-08 19:40:42,227,401,59,297,406,794,795
2015-11-08 19:40:43,230,402,59,297,406,795,795
2015-11-08 19:40:44,231,403,59,297,406,794,795
2015-11-08 19:40:45,237,404,59,298,407,795,795
2015-11-08 19:40:46,238,405,59,298,407,795,795
2015-11-08 19:40:47,240,406,59,298,407,795,795
2015-11-08 19:40:48,243,407,59,298,407,795,795
2015-11-08 19:40:49,246,408,59,298,407,795,795
2015-11-08 19:40:50,252,409,59,298,408,794,795
2015-11-08 19:40:51,256,410,59,298,408,795,795
2015-11-08 19:40:52,261,411,59,298,408,795,795
2015-11-08 19:40:53,266,412,59,298,408,795,795
2015-11-08 19:40:54,270,413,59,298,408,794,795
2015-11-08 19:40:55,276,414,59,298,408,795,795
2015-11-08 19:40:56,282,415,59,298,408,795,795
2015-11-08 19:40:57,284,416,59,298,408,794,795
2015-11-08 19:40:58,289,417,59,299,409,795,795
2015-11-08 19:40:59,292,418,59,299,409,795,795
2015-11-08 19:41:00,295,419,59,299,409,795,795
2015-11-08 19:41:01,301,420,59,299,410,794,795
2015-11-08 19:41:02,302,421,59,299,410,795,795
2015-11-08 19:41:03,304,422,59,299,410,795,795
2015-11-08 19:41:04,310,423,59,299,410,795,795
2015-11-08 19:41:05,311,424,59,299,410,794,795
2015-11-08 19:41:06,313,425,59,299,410,795,795
2015-11-08 19:41:07,319,426,59,299,411,795,795
2015-11-08 19:41:08,321,427,59,300,411,795,795
2015-11-08 19:41:09,327,428,59,300,411,795,795
2015-11-08 19:41:10,330,429,59,300,411,794,795
2015-11-08 19:41:11,336,430,59,300,411,794,795
2015-11-08 19:41:12,340,431,59,300,411,795,795
2015-11-08 19:41:13,342,432,59,300,412,795,795
2015-11-08 19:41:14,343,433,59,300,412,794,795
2015-11-08 19:41:15,349,434,59,300,412,795,795
2015-11-08 19:41:16,353,435,59,300,412,794,795
2015-11-08 19:41:17,356,436,59,300,412,795,795
2015-11-08 19:41:18,357,437,59,300,413,795,795
2015-11-08 19:41:19,363,438,59,300,413,794,795
2015-11-08 19:41:20,367,439,59,301,413,795,795
2015-11-08 19:41:21,370,440,59,301,413,795,795
2015-11-08 19:41:22,371,441,59,301,413,794,795
2015-11-08 19:41:23,376,442,59,301,413,794,795
2015-11-08 19:41:24,379,443,59,301,414,794,795
2015-11-08 19:41:25,382,444,59,301,414,794,795
2015-11-08 19:41:26,385,445,59,301,414,794,795
2015-11-08 19:41:27,388,446,59,301,414,794,795
2015-11-08 19:41:28,391,447,59,302,414,794,795
2015-11-08 19:41:29,394,448,59,302,414,794,795
2015-11-08 19:41:30,399,449,59,302,415,795,795
2015-11-08 19:41:31,405,450,59,302,415,795,795
2015-11-08 19:41:32,411,451,59,303,415,795,795
2015-11-08 19:41:33,412,452,59,303,415,794,795
2015-11-08 19:41:34,417,453,59,303,415,794,795
2015-11-08 19:41:35,419,454,59,303,415,794,795
2015-11-08 19:41:36,424,455,59,303,416,795,795
2015-11-08 19:41:37,427,456,59,303,416,794,795
2015-11-08 19:41:38,429,457,59,303,416,794,795
2015-11-08 19:41:39,432,458,59,304,416,794,795
2015-11-08 19:41:40,435,459,59,304,416,794,795
2015-11-08 19:41:41,435,460,59,304,416,794,795
2015-11-08 19:41:42,441,461,59,304,417,794,795
2015-11-08 19:41:43,447,462,59,304,417,795,795
2015-11-08 19:41:44,453,463,59,304,417,794,795
2015-11-08 19:41:45,456,464,59,304,417,794,795
2015-11-08 19:41:46,461,465,59,304,417,794,795
2015-11-08 19:41:47,466,466,59,304,417,794,795
2015-11-08 19:41:48,469,467,59,305,418,794,795
2015-11-08 19:41:49,471,468,59,305,418,794,795
2015-11-08 19:41:50,476,469,59,305,418,794,795
2015-11-08 19:41:51,480,470,59,305,418,794,795
2015-11-08 19:41:52,485,471,59,305,418,794,795
2015-11-08 19:41:53,490,472,59,305,419,794,795
2015-11-08 19:41:54,496,473,59,306,419,794,795
2015-11-08 19:41:55,501,474,59,306,419,794,795
2015-11-08 19:41:56,507,475,59,306,419,794,795
2015-11-08 19:41:57,511,476,59,306,419,794,795
2015-11-08 19:41:58,515,477,59,306,419,794,795
2015-11-08 19:41:59,520,478,59,306,419,794,795
2015-11-08 19:42:00,523,479,59,306,420,794,795
2015-11-08 19:42:01,526,480,59,306,420,794,795
2015-11-08 19:42:02,532,481,59,307,420,794,795
2015-11-08 19:42:03,536,482,59,307,420,794,795
2015-11-08 19:42:04,540,483,59,307,421,794,795
2015-11-08 19:42:05,545,484,59,307,421,794,795
2015-11-08 19:42:06,546,485,59,307,421,794,795
2015-11-08 19:42:07,548,486,59,307,421,794,795
2015-11-08 19:42:08,554,487,59,307,421,794,795
2015-11-08 19:42:09,557,488,59,308,421,794,795
2015-11-08 19:42:10,562,489,59,308,422,794,795
2015-11-08 19:42:11,566,490,59,308,422,794,795
2015-11-08 19:42:12,567,491,59,308,422,794,795
2015-11-08 19:42:13,570,492,59,308,422,794,795
2015-11-08 19:42:14,574,493,59,308,423,794,795
2015-11-08 19:42:15,575,494,59,308,423,794,795
2015-11-08 19:42:16,581,495,59,308,423,794,795
2015-11-08 19:42:17,585,496,59,309,423,794,795
2015-11-08 19:42:18,588,497,59,309,423,794,795
2015-11-08 19:42:19,592,498,59,309,423,794,795
2015-11-08 19:42:20,595,499,59,309,424,794,795
2015-11-08 19:42:21,598,500,59,309,424,794,795
2015-11-08 19:42:22,604,501,59,309,424,794,795
2015-11-08 19:42:23,610,502,59,309,424,794,795
2015-11-08 19:42:24,612,503,59,309,425,794,795
2015-11-08 19:42:25,617,504,59,309,425,794,795
2015-11-08 19:42:26,622,505,59,309,425,794,795
2015-11-08 19:42:27,624,506,59,310,425,794,795
2015-11-08 19:42:28,629,507,59,310,425,794,795
2015-11-08 19:42:29,634,508,59,310,425,794,795
2015-11-08 19:42:30,635,509,59,310,425,794,795
2015-11-08 19:42:31,636,510,59,310,425,794,795
2015-11-08 19:42:32,638,511,59,310,426,794,795
2015-11-08 19:42:33,641,512,59,310,426,794,795
2015-11-08 19:42:34,644,513,59,311,426,794,795
2015-11-08 19:42:35,647,514,59,311,426,794,795
2015-11-08 19:42:36,650,515,59,311,426,794,795
2015-11-08 19:42:37,651,516,59,311,426,794,795
2015-11-08 19:42:38,652,517,59,311,427,794,795
2015-11-08 19:42:39,655,518,59,311,427,794,795
2015-11-08 19:42:40,658,519,59,311,427,794,795
2015-11-08 19:42:41,659,520,59,311,427,794,795
2015-11-08 19:42:42,665,521,59,311,427,794,795
2015-11-08 19:42:43,671,522,59,311,427,794,795
2015-11-08 19:42:44,674,523,59,312,428,794,795
2015-11-08 19:42:45,679,524,59,312,428,794,795
2015-11-08 19:42:46,684,525,59,312,428,794,795
2015-11-08 19:42:47,689,526,59,312,428,794,795
2015-11-08 19:42:48,692,527,59,312,429,794,795
2015-11-08 19:42:49,692,528,59,312,429,794,795
2015-11-08 19:42:50,697,529,59,312,429,794,795
2015-11-08 19:42:51,698,530,59,312,429,794,795
2015-11-08 19:42:52,704,531,59,313,429,794,795
2015-11-08 19:42:53,705,532,59,313,429,794,795
2015-11-08 19:42:54,706,533,59,313,430,794,795
2015-11-08 19:42:55,706,534,59,313,430,794,795
2015-11-08 19:42:56,709,535,60,313,430,794,795
2015-11-08 19:42:57,713,536,59,313,430,794,795
2015-11-08 19:42:58,715,537,59,313,431,794,795
2015-11-08 19:42:59,719,538,60,314,431,794,795
2015-11-08 19:43:00,722,539,59,314,431,794,795
2015-11-08 19:43:01,723,540,60,314,431,794,795
2015-11-08 19:43:02,728,541,59,314,431,794,795
2015-11-08 19:43:03,731,542,59,314,432,794,795
2015-11-08 19:43:04,735,543,59,314,432,794,795
2015-11-08 19:43:05,738,544,60,315,432,794,795
2015-11-08 19:43:06,742,545,60,315,432,794,795
2015-11-08 19:43:07,746,546,59,315,432,794,795
2015-11-08 19:43:08,749,547,59,315,432,794,795
2015-11-08 19:43:09,750,548,60,315,432,794,795
2015-11-08 19:43:10,754,549,59,315,432,794,795
2015-11-08 19:43:11,757,550,60,315,433,794,795
2015-11-08 19:43:12,761,551,60,315,433,794,795
2015-11-08 19:43:13,765,552,59,316,434,794,795
2015-11-08 19:43:14,766,553,59,316,434,794,795
2015-11-08 19:43:15,772,554,60,316,434,794,795
2015-11-08 19:43:16,773,555,60,316,434,794,795
2015-11-08 19:43:17,778,556,60,316,434,794,795
2015-11-08 19:43:18,779,557,59,317,434,794,795
2015-11-08 19:43:19,783,558,60,317,435,794,795
2015-11-08 19:43:20,785,559,60,317,435,794,795
2015-11-08 19:43:21,787,560,59,317,435,794,795
2015-11-08 19:43:22,790,561,60,317,435,794,795
2015-11-08 19:43:23,795,562,60,317,435,794,795
2015-11-08 19:43:24,797,563,60,318,435,794,795
2015-11-08 19:43:25,801,564,60,318,436,794,795
2015-11-08 19:43:26,804,565,60,318,436,794,795
2015-11-08 19:43:27,807,566,60,318,436,794,795
2015-11-08 19:43:28,810,567,60,318,436,794,795
2015-11-08 19:43:29,815,569,60,319,437,794,795
2015-11-08 19:43:30,816,570,60,319,437,794,795
2015-11-08 19:43:31,819,571,60,319,437,794,795
2015-11-08 19:43:32,820,572,60,319,437,794,795
2015-11-08 19:43:33,824,573,60,319,437,794,795
2015-11-08 19:43:34,827,574,60,319,438,794,795
2015-11-08 19:43:35,831,575,60,319,438,794,795
2015-11-08 19:43:36,834,576,60,320,438,794,795
2015-11-08 19:43:37,838,577,60,320,438,794,795
2015-11-08 19:43:38,840,578,60,320,439,794,795
2015-11-08 19:43:39,844,579,60,320,439,794,795
2015-11-08 19:43:40,847,580,60,320,439,794,795
2015-11-08 19:43:41,850,581,60,320,439,794,795
2015-11-08 19:43:42,853,582,60,321,440,794,795
2015-11-08 19:43:43,856,583,60,321,440,794,795
2015-11-08 19:43:44,859,584,60,321,440,794,795
2015-11-08 19:43:45,862,585,60,321,440,794,795
2015-11-08 19:43:46,865,586,60,321,440,794,795
2015-11-08 19:43:47,866,587,60,321,440,794,795
2015-11-08 19:43:48,871,588,60,321,440,794,795
2015-11-08 19:43:49,875,589,60,321,440,794,795
2015-11-08 19:43:50,877,590,60,322,440,794,795
2015-11-08 19:43:51,878,591,60,322,440,794,795
2015-11-08 19:43:52,883,592,60,322,441,794,795
2015-11-08 19:43:53,887,593,60,322,441,794,795
2015-11-08 19:43:54,889,594,60,322,441,794,795
2015-11-08 19:43:55,893,595,60,322,441,794,795
2015-11-08 19:43:56,896,596,60,322,441,794,795
2015-11-08 19:43:57,898,597,60,323,441,794,795
2015-11-08 19:43:58,899,598,60,323,442,794,795
2015-11-08 19:43:59,901,599,60,323,442,794,795
2015-11-08 19:44:00,907,600,60,323,442,794,795
2015-11-08 19:44:01,911,601,60,323,442,794,795
2015-11-08 19:44:02,913,602,60,324,443,794,795
2015-11-08 19:44:03,915,603,60,324,443,794,795
2015-11-08 19:44:04,921,604,60,324,443,794,795
2015-11-08 19:44:05,924,605,60,324,444,794,795
2015-11-08 19:44:06,928,606,60,324,444,794,795
2015-11-08 19:44:07,929,607,60,324,444,794,795
2015-11-08 19:44:08,933,608,60,324,445,794,795
2015-11-08 19:44:09,936,609,60,324,445,794,795
2015-11-08 19:44:10,939,610,60,324,445,794,795
2015-11-08 19:44:11,942,611,60,324,445,794,795
2015-11-08 19:44:12,945,612,60,325,446,794,795
2015-11-08 19:44:13,948,613,60,325,446,794,795
2015-11-08 19:44:14,948,614,60,325,446,794,795
2015-11-08 19:44:15,950,615,60,325,447,794,795
2015-11-08 19:44:16,953,616,60,325,447,794,795
2015-11-08 19:44:17,957,617,60,325,448,794,795
2015-11-08 19:44:18,960,618,60,326,448,794,795
2015-11-08 19:44:19,961,619,60,326,448,794,795
2015-11-08 19:44:20,963,620,60,326,448,794,795
2015-11-08 19:44:21,966,621,60,326,448,794,795
2015-11-08 19:44:22,969,622,60,326,449,794,795
2015-11-08 19:44:23,973,623,60,326,449,794,795
2015-11-08 19:44:24,978,624,60,326,449,794,795
2015-11-08 19:44:25,979,625,60,327,450,794,795
2015-11-08 19:44:26,982,626,60,327,450,794,795
2015-11-08 19:44:27,988,627,60,327,450,794,795
2015-11-08 19:44:28,993,628,60,327,450,794,795
2015-11-08 19:44:29,996,629,60,327,450,794,795
2015-11-08 19:44:30,998,630,60,327,451,794,795
2015-11-08 19:44:32,003,631,60,327,451,794,795
2015-11-08 19:44:33,008,632,60,327,452,794,795
2015-11-08 19:44:34,013,633,60,327,452,794,795
2015-11-08 19:44:35,018,634,60,328,452,794,795
2015-11-08 19:44:36,024,635,60,328,452,794,795
2015-11-08 19:44:37,026,636,60,328,452,794,795
2015-11-08 19:44:38,027,637,60,328,452,794,795
2015-11-08 19:44:39,028,638,60,328,452,794,795
2015-11-08 19:44:40,029,639,60,328,452,794,795
2015-11-08 19:44:41,031,640,60,329,452,794,795
2015-11-08 19:44:42,034,641,60,329,452,794,795
2015-11-08 19:44:43,036,642,60,329,452,794,795
2015-11-08 19:44:44,037,643,60,329,453,794,795
2015-11-08 19:44:45,043,644,60,329,453,794,795
2015-11-08 19:44:46,046,645,60,330,453,794,795
2015-11-08 19:44:47,047,646,60,330,453,794,795
2015-11-08 19:44:48,048,647,60,330,453,794,795
2015-11-08 19:44:49,054,648,60,330,453,794,795
2015-11-08 19:44:50,059,649,60,330,454,794,795
2015-11-08 19:44:51,062,650,60,330,454,794,795
2015-11-08 19:44:52,065,651,60,330,454,794,795
2015-11-08 19:44:53,068,652,60,331,454,794,795
2015-11-08 19:44:54,070,653,60,331,454,794,795
2015-11-08 19:44:55,074,654,60,331,454,794,795
2015-11-08 19:44:56,077,655,60,331,454,794,795
2015-11-08 19:44:57,080,656,60,332,454,794,795
2015-11-08 19:44:58,083,657,60,332,455,794,795
2015-11-08 19:44:59,086,658,60,332,454,794,795
2015-11-08 19:45:00,089,659,60,332,455,794,795
2015-11-08 19:45:01,090,660,60,332,455,794,795
2015-11-08 19:45:02,095,661,60,332,455,794,795
2015-11-08 19:45:03,096,662,60,332,455,794,795
2015-11-08 19:45:04,101,663,60,333,456,794,795
2015-11-08 19:45:05,105,664,60,333,456,794,795
2015-11-08 19:45:06,108,665,60,333,456,794,795
2015-11-08 19:45:07,110,666,60,333,456,794,795
2015-11-08 19:45:08,114,667,60,333,456,794,795
2015-11-08 19:45:09,117,668,60,333,456,794,795
2015-11-08 19:45:10,124,669,60,334,457,794,795
2015-11-08 19:45:11,125,670,60,334,457,794,795
2015-11-08 19:45:12,131,671,60,334,457,794,795
2015-11-08 19:45:13,135,672,60,334,458,794,795
2015-11-08 19:45:14,138,673,60,334,458,794,795
2015-11-08 19:45:15,144,674,60,334,458,794,795
2015-11-08 19:45:16,146,675,60,335,459,794,795
2015-11-08 19:45:17,151,676,60,335,459,794,795
2015-11-08 19:45:18,153,677,60,335,459,794,795
2015-11-08 19:45:19,159,678,60,335,459,794,795
2015-11-08 19:45:20,164,679,60,335,460,794,795
2015-11-08 19:45:21,170,680,60,335,460,794,795
2015-11-08 19:45:22,173,681,60,336,460,794,795
2015-11-08 19:45:23,177,682,60,336,460,794,795
2015-11-08 19:45:24,180,683,60,336,461,794,795
2015-11-08 19:45:25,185,684,60,336,461,794,795
2015-11-08 19:45:26,190,685,60,336,461,794,795
2015-11-08 19:45:27,193,686,60,336,461,794,795
2015-11-08 19:45:28,195,687,60,337,461,794,795
2015-11-08 19:45:29,200,688,60,337,461,794,795
2015-11-08 19:45:30,206,689,60,337,461,794,795
2015-11-08 19:45:31,211,690,60,337,462,794,795
2015-11-08 19:45:32,216,691,60,337,462,794,795
2015-11-08 19:45:33,217,692,60,337,462,794,795
2015-11-08 19:45:34,222,693,60,338,462,794,795
2015-11-08 19:45:35,223,694,60,338,462,794,795
2015-11-08 19:45:36,228,695,60,338,462,794,795
2015-11-08 19:45:37,234,696,60,338,462,794,795
2015-11-08 19:45:38,239,697,60,338,462,794,795
2015-11-08 19:45:39,240,698,60,338,462,794,795
2015-11-08 19:45:40,246,699,60,338,462,794,795
2015-11-08 19:45:41,251,700,60,339,462,794,795
2015-11-08 19:45:42,252,701,60,339,462,794,795
2015-11-08 19:45:43,253,702,60,339,462,794,795
2015-11-08 19:45:44,258,703,60,339,463,794,795
2015-11-08 19:45:45,259,704,60,339,463,794,795
2015-11-08 19:45:46,263,705,60,340,463,794,795
2015-11-08 19:45:47,269,706,60,340,463,794,795
2015-11-08 19:45:48,270,707,60,340,463,794,795
2015-11-08 19:45:49,273,708,60,340,463,794,795
2015-11-08 19:45:50,276,709,60,340,463,794,795
2015-11-08 19:45:51,281,710,60,341,463,794,795
2015-11-08 19:45:52,282,711,60,341,463,794,795
2015-11-08 19:45:53,284,712,60,341,463,794,795
2015-11-08 19:45:54,287,713,60,341,464,794,795
2015-11-08 19:45:55,288,714,60,342,464,794,795
2015-11-08 19:45:56,293,715,60,342,464,794,795
2015-11-08 19:45:57,298,716,60,342,464,794,795
2015-11-08 19:45:58,301,717,60,342,465,794,795
2015-11-08 19:45:59,302,718,60,342,465,794,795
2015-11-08 19:46:00,304,719,60,342,465,794,795
2015-11-08 19:46:01,310,720,60,343,465,794,795
2015-11-08 19:46:02,313,721,60,343,465,794,795
2015-11-08 19:46:03,315,722,60,343,466,794,795
2015-11-08 19:46:04,317,723,60,343,466,794,795
2015-11-08 19:46:05,318,724,60,343,466,794,795
2015-11-08 19:46:06,324,725,60,344,466,794,795
2015-11-08 19:46:07,329,726,60,344,466,794,795
2015-11-08 19:46:08,332,727,60,344,466,794,794
2015-11-08 19:46:09,335,728,60,344,467,794,794
2015-11-08 19:46:10,336,729,60,344,467,794,795
2015-11-08 19:46:11,341,730,60,344,467,794,795
2015-11-08 19:46:12,346,731,60,345,467,794,795
2015-11-08 19:46:13,352,732,60,345,467,794,795
2015-11-08 19:46:14,356,733,60,345,467,794,795
2015-11-08 19:46:15,361,734,60,345,468,794,795
2015-11-08 19:46:16,367,735,60,345,468,794,795
2015-11-08 19:46:17,372,736,60,345,468,794,795
2015-11-08 19:46:18,377,737,60,345,469,794,795
2015-11-08 19:46:19,381,738,60,346,469,794,794
2015-11-08 19:46:20,385,739,60,346,469,794,795
2015-11-08 19:46:21,390,740,60,346,469,794,794
2015-11-08 19:46:22,394,741,60,346,469,794,795
2015-11-08 19:46:23,400,742,60,347,469,794,795
2015-11-08 19:46:24,405,743,60,347,469,794,795
2015-11-08 19:46:25,411,744,60,347,469,794,795
2015-11-08 19:46:26,417,745,60,347,469,794,795
2015-11-08 19:46:27,423,746,60,347,470,794,795
2015-11-08 19:46:28,426,747,60,348,470,794,795
2015-11-08 19:46:29,430,748,60,348,470,794,794
2015-11-08 19:46:30,433,749,60,348,470,794,795
2015-11-08 19:46:31,436,750,60,348,470,794,795
2015-11-08 19:46:32,438,751,60,348,470,794,794
2015-11-08 19:46:33,442,752,60,348,470,794,795
2015-11-08 19:46:34,445,753,60,349,470,794,795
2015-11-08 19:46:35,446,754,60,349,470,794,795
2015-11-08 19:46:36,448,755,60,349,471,794,795
2015-11-08 19:46:37,448,756,60,349,471,794,795
2015-11-08 19:46:38,454,757,60,349,471,794,794
2015-11-08 19:46:39,460,758,60,349,471,794,794
2015-11-08 19:46:40,463,759,60,350,471,794,795
2015-11-08 19:46:41,466,760,60,350,471,794,795
2015-11-08 19:46:42,468,761,60,350,471,794,795
2015-11-08 19:46:43,472,762,60,350,471,794,795
2015-11-08 19:46:44,477,763,60,351,471,794,795
2015-11-08 19:46:45,483,764,60,351,471,794,795
2015-11-08 19:46:46,486,765,60,351,471,794,795
2015-11-08 19:46:47,490,766,60,351,471,794,794
2015-11-08 19:46:48,492,767,60,351,471,794,794
2015-11-08 19:46:49,494,768,60,352,471,794,795
2015-11-08 19:46:50,500,769,60,352,471,794,794
2015-11-08 19:46:51,505,770,60,352,471,794,794
2015-11-08 19:46:52,510,771,60,352,471,794,795
2015-11-08 19:46:53,515,772,60,352,471,794,794
2015-11-08 19:46:54,517,773,60,353,471,794,794
2015-11-08 19:46:55,522,774,60,353,471,794,794
2015-11-08 19:46:56,526,775,60,353,471,794,795
2015-11-08 19:46:57,527,776,60,353,471,794,795
2015-11-08 19:46:58,529,777,60,353,472,794,795
2015-11-08 19:46:59,535,778,60,353,472,794,795
2015-11-08 19:47:00,536,779,60,354,472,794,794
2015-11-08 19:47:01,538,780,60,354,472,794,794
2015-11-08 19:47:02,543,781,60,354,472,794,794
2015-11-08 19:47:03,546,782,60,354,472,794,794
2015-11-08 19:47:04,552,783,60,354,473,794,794
2015-11-08 19:47:05,555,784,60,354,473,794,795
2015-11-08 19:47:06,560,785,60,355,473,794,794
2015-11-08 19:47:07,564,786,60,355,473,794,795
2015-11-08 19:47:08,569,787,60,355,473,794,794
2015-11-08 19:47:09,570,788,60,355,473,794,794
2015-11-08 19:47:10,572,789,60,355,473,794,794
2015-11-08 19:47:11,575,790,60,355,474,794,794
2015-11-08 19:47:12,578,791,60,355,474,794,794
2015-11-08 19:47:13,582,792,60,355,473,794,794
2015-11-08 19:47:14,587,793,60,355,473,794,794
2015-11-08 19:47:15,592,794,60,355,473,794,794
2015-11-08 19:47:16,597,795,60,356,473,794,794
2015-11-08 19:47:17,601,796,60,356,473,794,794
2015-11-08 19:47:18,604,797,60,356,473,794,794
2015-11-08 19:47:19,608,798,60,356,473,794,794
2015-11-08 19:47:20,611,799,60,356,473,794,795
2015-11-08 19:47:21,618,800,60,357,473,794,794
2015-11-08 19:47:22,620,801,60,357,474,794,794
2015-11-08 19:47:23,624,802,60,357,474,794,794
2015-11-08 19:47:24,626,803,60,357,473,794,794
2015-11-08 19:47:25,627,804,60,357,473,794,794
2015-11-08 19:47:26,633,805,60,357,472,794,794
2015-11-08 19:47:27,637,806,60,357,472,794,794
2015-11-08 19:47:28,640,807,60,357,471,794,795
2015-11-08 19:47:29,644,808,60,356,471,794,794
2015-11-08 19:47:30,645,809,60,356,470,794,794
2015-11-08 19:47:31,651,810,60,356,469,794,794
2015-11-08 19:47:32,657,811,60,356,468,794,794
2015-11-08 19:47:33,659,812,60,356,467,794,794
2015-11-08 19:47:34,663,813,60,356,467,794,794
2015-11-08 19:47:35,666,814,60,356,466,794,794
2015-11-08 19:47:36,666,815,60,356,466,794,794
2015-11-08 19:47:37,672,816,60,356,465,794,794
2015-11-08 19:47:38,674,817,60,356,464,794,794
2015-11-08 19:47:39,677,818,60,356,463,794,794
2015-11-08 19:47:40,681,819,60,356,462,794,794
2015-11-08 19:47:41,684,820,60,356,461,794,794
2015-11-08 19:47:42,687,821,60,356,460,794,794
2015-11-08 19:47:43,691,822,60,356,459,794,794
2015-11-08 19:47:44,692,823,60,356,459,794,794
2015-11-08 19:47:45,694,824,60,356,458,794,794
2015-11-08 19:47:46,695,825,60,356,457,794,794
2015-11-08 19:47:47,701,826,60,357,457,794,794
2015-11-08 19:47:48,705,827,60,357,456,794,794
2015-11-08 19:47:49,708,828,60,357,455,794,794
2015-11-08 19:47:50,711,829,60,357,455,794,794
2015-11-08 19:47:51,715,830,60,357,455,794,794
2015-11-08 19:47:52,720,831,60,357,454,794,794
2015-11-08 19:47:53,721,832,60,357,454,794,794
2015-11-08 19:47:54,724,833,60,357,453,794,794
2015-11-08 19:47:55,727,834,60,357,453,794,794
2015-11-08 19:47:56,732,835,60,357,452,794,794
2015-11-08 19:47:57,736,836,60,357,452,794,794
2015-11-08 19:47:58,740,837,60,357,451,794,794
2015-11-08 19:47:59,742,838,60,357,451,794,794
2015-11-08 19:48:00,748,839,60,357,450,794,794
2015-11-08 19:48:01,749,840,60,357,450,794,794
2015-11-08 19:48:02,751,841,60,357,449,794,794
2015-11-08 19:48:03,751,842,60,357,449,794,794
2015-11-08 19:48:04,754,843,60,357,449,794,794
2015-11-08 19:48:05,757,844,60,357,448,794,794
2015-11-08 19:48:06,761,845,60,357,448,794,794
2015-11-08 19:48:07,764,846,60,357,448,794,794
2015-11-08 19:48:08,767,847,60,357,447,794,794
2015-11-08 19:48:09,772,848,60,357,447,794,794
2015-11-08 19:48:10,775,849,60,357,447,794,794
2015-11-08 19:48:11,781,850,60,357,447,794,794
2015-11-08 19:48:12,783,851,60,357,446,794,794
2015-11-08 19:48:13,789,852,60,357,446,794,794
2015-11-08 19:48:14,790,853,60,357,446,794,794
2015-11-08 19:48:15,796,854,60,357,446,794,794
2015-11-08 19:48:16,802,855,60,357,446,794,794
2015-11-08 19:48:17,808,856,60,358,446,794,794
2015-11-08 19:48:18,813,858,60,358,445,794,794
2015-11-08 19:48:19,813,859,60,358,445,794,794
2015-11-08 19:48:20,818,860,60,358,445,794,794
2015-11-08 19:48:21,823,861,60,358,445,794,794
2015-11-08 19:48:22,826,862,60,358,445,794,794
2015-11-08 19:48:23,828,863,60,358,444,794,794
2015-11-08 19:48:24,830,864,60,358,444,794,794
2015-11-08 19:48:25,835,865,60,358,444,794,794
2015-11-08 19:48:26,841,866,60,358,444,794,794
2015-11-08 19:48:27,842,867,60,358,444,794,794
2015-11-08 19:48:28,844,868,60,358,444,794,794
2015-11-08 19:48:29,848,869,60,358,444,794,794
2015-11-08 19:48:30,851,870,60,358,444,794,794
2015-11-08 19:48:31,853,871,60,358,444,794,794
2015-11-08 19:48:32,855,872,60,358,444,794,794
2015-11-08 19:48:33,856,873,60,358,443,794,794
2015-11-08 19:48:34,861,874,60,358,443,794,794
2015-11-08 19:48:35,866,875,60,358,443,794,794
2015-11-08 19:48:36,869,876,60,358,443,794,794
2015-11-08 19:48:37,872,877,60,358,443,794,794
2015-11-08 19:48:38,876,878,60,359,443,794,794
2015-11-08 19:48:39,878,879,60,359,443,794,794
2015-11-08 19:48:40,882,880,60,359,442,794,794
2015-11-08 19:48:41,884,881,60,359,442,794,794
2015-11-08 19:48:42,890,882,61,359,442,794,794
2015-11-08 19:48:43,891,883,60,359,442,794,794
2015-11-08 19:48:44,894,884,60,359,441,794,794
2015-11-08 19:48:45,897,885,61,360,441,794,794
2015-11-08 19:48:46,899,886,60,360,441,794,794
2015-11-08 19:48:47,903,887,60,360,441,794,794
2015-11-08 19:48:48,905,888,60,360,441,794,794
2015-11-08 19:48:49,907,889,60,360,441,794,794
2015-11-08 19:48:50,909,890,60,360,440,794,794
2015-11-08 19:48:51,911,891,60,360,440,794,794
2015-11-08 19:48:52,913,892,61,360,440,794,794
2015-11-08 19:48:53,919,893,60,360,440,794,794
2015-11-08 19:48:54,925,894,60,360,440,794,794
2015-11-08 19:48:55,930,895,61,360,440,794,794
2015-11-08 19:48:56,936,896,60,360,439,794,794
2015-11-08 19:48:57,939,897,61,360,439,794,794
2015-11-08 19:48:58,944,898,60,360,439,794,794
2015-11-08 19:48:59,945,899,61,360,439,794,794
2015-11-08 19:49:00,951,900,61,360,439,794,794
2015-11-08 19:49:01,953,901,60,360,439,794,794
2015-11-08 19:49:02,958,902,61,360,439,794,794
2015-11-08 19:49:03,961,903,61,360,439,794,794
2015-11-08 19:49:04,966,904,60,360,439,794,794
2015-11-08 19:49:05,968,905,60,360,439,794,794
2015-11-08 19:49:06,974,906,61,360,439,794,794
2015-11-08 19:49:07,978,907,61,361,438,794,794
2015-11-08 19:49:08,984,908,60,360,438,794,794
2015-11-08 19:49:09,989,909,61,361,438,794,794
2015-11-08 19:49:10,993,910,60,360,438,794,794
2015-11-08 19:49:11,996,911,61,361,438,794,794
2015-11-08 19:49:12,998,912,60,360,438,794,794
2015-11-08 19:49:14,000,913,61,361,438,794,794
2015-11-08 19:49:15,003,914,61,361,438,794,794
2015-11-08 19:49:16,006,915,61,361,438,794,794
2015-11-08 19:49:17,008,916,61,361,438,794,794
2015-11-08 19:49:18,012,917,60,361,437,794,794
2015-11-08 19:49:19,013,918,61,361,437,794,794
2015-11-08 19:49:20,018,919,61,361,437,794,794
2015-11-08 19:49:21,021,920,61,361,437,794,794
2015-11-08 19:49:22,024,921,61,361,437,794,794
2015-11-08 19:49:23,027,922,61,361,437,794,794
2015-11-08 19:49:24,030,923,61,361,437,794,794
2015-11-08 19:49:25,033,924,60,360,437,794,794
2015-11-08 19:49:26,034,925,61,361,437,794,794
2015-11-08 19:49:27,039,926,61,361,437,794,794
2015-11-08 19:49:28,043,927,61,360,436,794,794
2015-11-08 19:49:29,044,928,61,361,437,794,794
2015-11-08 19:49:30,047,929,61,360,436,794,794
2015-11-08 19:49:31,050,930,61,361,436,794,794
2015-11-08 19:49:32,055,931,61,361,436,794,794
2015-11-08 19:49:33,058,932,61,360,436,794,794
2015-11-08 19:49:34,060,933,61,360,436,794,794
2015-11-08 19:49:35,064,934,61,360,436,794,794
2015-11-08 19:49:36,067,935,61,360,436,794,794
2015-11-08 19:49:37,070,936,61,361,436,794,794
2015-11-08 19:49:38,076,937,61,360,436,794,794
2015-11-08 19:49:39,079,938,61,360,436,794,794
2015-11-08 19:49:40,080,939,61,360,436,794,794
2015-11-08 19:49:41,083,940,61,360,436,794,794
2015-11-08 19:49:42,086,941,61,360,436,794,794
2015-11-08 19:49:43,088,942,61,360,435,794,794
2015-11-08 19:49:44,089,943,61,360,435,794,794
2015-11-08 19:49:45,095,944,61,360,435,794,794
2015-11-08 19:49:46,098,945,61,360,435,794,794
2015-11-08 19:49:47,099,946,61,360,435,794,794
2015-11-08 19:49:48,104,947,61,360,435,794,794
2015-11-08 19:49:49,107,948,61,360,435,794,794
2015-11-08 19:49:50,113,949,61,360,436,794,794
2015-11-08 19:49:51,118,950,61,360,436,794,794
2015-11-08 19:49:52,124,951,61,360,436,794,794
2015-11-08 19:49:53,126,952,61,360,436,794,794
2015-11-08 19:49:54,127,953,61,360,437,794,794
2015-11-08 19:49:55,133,954,61,360,437,794,794
2015-11-08 19:49:56,137,955,61,360,436,794,794
2015-11-08 19:49:57,141,956,61,360,436,794,794
2015-11-08 19:49:58,142,957,61,360,436,794,794
2015-11-08 19:49:59,148,958,61,360,436,794,794
2015-11-08 19:50:00,153,959,61,360,436,794,794
2015-11-08 19:50:01,156,960,61,360,436,794,794
2015-11-08 19:50:02,161,961,61,360,435,794,794
2015-11-08 19:50:03,165,962,61,360,435,794,794
2015-11-08 19:50:04,168,963,61,360,435,794,794
2015-11-08 19:50:05,173,964,61,360,435,794,794
2015-11-08 19:50:06,176,965,61,360,435,794,794
2015-11-08 19:50:07,179,966,61,360,435,794,794
2015-11-08 19:50:08,182,967,61,360,435,794,794
2015-11-08 19:50:09,188,968,61,360,435,794,794
2015-11-08 19:50:10,193,969,61,360,434,794,794
2015-11-08 19:50:11,197,970,61,360,434,794,794
2015-11-08 19:50:12,199,971,61,360,434,794,794
2015-11-08 19:50:13,201,972,61,359,433,794,794
2015-11-08 19:50:14,207,973,61,359,433,794,794
2015-11-08 19:50:15,210,974,61,359,433,794,794
2015-11-08 19:50:16,212,975,61,359,433,794,794
2015-11-08 19:50:17,214,976,61,359,432,794,794
2015-11-08 19:50:18,219,977,61,359,432,794,794
2015-11-08 19:50:19,225,978,61,359,432,794,794
2015-11-08 19:50:20,226,979,61,359,432,794,794
2015-11-08 19:50:21,228,980,61,359,432,794,794
2015-11-08 19:50:22,234,981,61,359,431,794,794
2015-11-08 19:50:23,237,982,61,359,431,794,794
2015-11-08 19:50:24,241,983,61,359,431,794,794
2015-11-08 19:50:25,242,984,61,359,431,794,794
2015-11-08 19:50:26,244,985,61,359,430,794,794
2015-11-08 19:50:27,249,986,61,359,430,794,794
2015-11-08 19:50:28,252,987,61,359,430,794,794
2015-11-08 19:50:29,255,988,61,359,429,794,794
2015-11-08 19:50:30,258,989,61,359,429,794,794
2015-11-08 19:50:31,264,990,61,359,429,794,794
2015-11-08 19:50:32,268,991,61,359,429,794,794
2015-11-08 19:50:33,272,992,61,359,428,794,794
2015-11-08 19:50:34,275,993,61,358,428,794,794
2015-11-08 19:50:35,280,994,61,358,428,794,794
2015-11-08 19:50:36,285,995,61,358,428,794,794
2015-11-08 19:50:37,289,996,61,358,428,794,794
2015-11-08 19:50:38,294,997,61,358,427,794,794
2015-11-08 19:50:39,300,998,61,358,427,794,794
2015-11-08 19:50:40,302,999,61,358,427,794,794
2015-11-08 19:50:41,307,1000,61,358,427,794,794
2015-11-08 19:50:42,313,1001,61,358,426,794,794
2015-11-08 19:50:43,316,1002,61,358,426,794,794
2015-11-08 19:50:44,322,1003,61,358,426,794,794
2015-11-08 19:50:45,328,1004,61,358,426,794,794
2015-11-08 19:50:46,329,1005,61,358,425,794,794
2015-11-08 19:50:47,333,1006,61,358,425,794,794
2015-11-08 19:50:48,336,1007,61,358,425,794,794
2015-11-08 19:50:49,340,1008,61,358,425,794,794
2015-11-08 19:50:50,341,1009,61,358,425,794,794
2015-11-08 19:50:51,345,1010,61,357,424,794,794
2015-11-08 19:50:52,347,1011,61,357,424,794,794
2015-11-08 19:50:53,349,1012,61,357,424,794,794
2015-11-08 19:50:54,352,1013,61,357,424,794,794
2015-11-08 19:50:55,358,1014,61,357,424,794,794
2015-11-08 19:50:56,360,1015,61,357,423,794,794
2015-11-08 19:50:57,360,1016,61,357,423,794,794
2015-11-08 19:50:58,364,1017,61,357,423,794,794
2015-11-08 19:50:59,370,1018,61,357,423,794,794
2015-11-08 19:51:00,373,1019,61,357,423,794,794
2015-11-08 19:51:01,376,1020,61,357,422,794,794
2015-11-08 19:51:02,379,1021,61,357,422,794,794
2015-11-08 19:51:03,385,1022,61,357,422,794,794
2015-11-08 19:51:04,386,1023,61,357,422,794,794
2015-11-08 19:51:05,391,1024,61,356,421,794,794
2015-11-08 19:51:06,392,1025,61,356,421,794,794
2015-11-08 19:51:07,397,1026,61,356,421,794,794
2015-11-08 19:51:08,400,1027,61,356,421,794,794
2015-11-08 19:51:09,403,1028,61,356,420,794,794
2015-11-08 19:51:10,405,1029,61,356,420,794,794
2015-11-08 19:51:11,409,1030,61,356,420,794,794
2015-11-08 19:51:12,411,1031,61,356,420,794,794
2015-11-08 19:51:13,416,1032,61,356,419,794,794
2015-11-08 19:51:14,418,1033,61,356,420,794,794
2015-11-08 19:51:15,421,1034,61,356,419,794,794
2015-11-08 19:51:16,424,1035,61,356,419,794,794
2015-11-08 19:51:17,426,1036,61,356,419,794,794
2015-11-08 19:51:18,430,1037,61,356,419,794,794
2015-11-08 19:51:19,434,1038,61,356,419,794,794
2015-11-08 19:51:20,437,1039,61,355,418,794,794
2015-11-08 19:51:21,440,1040,61,355,418,794,794
2015-11-08 19:51:22,445,1041,61,355,418,794,794
2015-11-08 19:51:23,451,1042,61,355,418,794,794
2015-11-08 19:51:24,457,1043,61,355,418,794,794
2015-11-08 19:51:25,462,1044,61,355,418,794,794
2015-11-08 19:51:26,465,1045,61,355,417,794,794
2015-11-08 19:51:27,469,1046,61,355,417,794,794
2015-11-08 19:51:28,475,1047,61,355,417,794,794
2015-11-08 19:51:29,481,1048,61,355,417,794,794
2015-11-08 19:51:30,481,1049,61,355,416,794,794
2015-11-08 19:51:31,486,1050,61,355,416,794,794
2015-11-08 19:51:32,490,1051,61,354,416,794,794
2015-11-08 19:51:33,493,1052,61,354,416,794,794
2015-11-08 19:51:34,496,1053,61,355,416,794,794
2015-11-08 19:51:35,498,1054,61,354,416,794,794
2015-11-08 19:51:36,502,1055,61,354,416,794,794
2015-11-08 19:51:37,505,1056,61,354,416,794,794
2015-11-08 19:51:38,509,1057,61,354,415,794,794
2015-11-08 19:51:39,512,1058,61,354,415,794,794
2015-11-08 19:51:40,515,1059,61,354,415,794,794
2015-11-08 19:51:41,518,1060,61,354,415,794,794
2015-11-08 19:51:42,521,1061,61,354,415,794,794
2015-11-08 19:51:43,524,1062,61,354,414,794,794
2015-11-08 19:51:44,527,1063,61,354,414,794,794
2015-11-08 19:51:45,529,1064,61,354,414,794,794
2015-11-08 19:51:46,532,1065,61,353,414,794,794
2015-11-08 19:51:47,535,1066,61,353,414,794,794
2015-11-08 19:51:48,540,1067,61,353,414,794,794
2015-11-08 19:51:49,541,1068,61,353,413,794,794
2015-11-08 19:51:50,545,1069,61,353,413,794,794
2015-11-08 19:51:51,549,1070,61,353,413,794,794
2015-11-08 19:51:52,552,1071,61,353,412,794,794
2015-11-08 19:51:53,555,1072,61,353,412,794,794
2015-11-08 19:51:54,556,1073,61,353,412,794,794
2015-11-08 19:51:55,561,1074,61,353,412,794,794
2015-11-08 19:51:56,564,1075,61,353,411,794,794
2015-11-08 19:51:57,567,1076,61,353,411,794,794
2015-11-08 19:51:58,570,1077,61,352,411,794,794
2015-11-08 19:51:59,573,1078,61,352,411,794,794
2015-11-08 19:52:00,579,1079,61,352,411,794,794
2015-11-08 19:52:01,585,1080,61,352,411,794,794
2015-11-08 19:52:02,589,1081,61,352,411,794,794
2015-11-08 19:52:03,592,1082,61,352,410,794,794
2015-11-08 19:52:04,595,1083,61,352,410,794,794
2015-11-08 19:52:05,598,1084,61,352,410,794,794
2015-11-08 19:52:06,603,1085,61,352,410,794,795
2015-11-08 19:52:07,606,1086,61,352,410,794,794
2015-11-08 19:52:08,613,1087,61,352,410,794,794
2015-11-08 19:52:09,619,1088,61,352,409,794,794
2015-11-08 19:52:10,624,1089,61,351,409,794,794
2015-11-08 19:52:11,627,1090,61,351,409,794,794
2015-11-08 19:52:12,630,1091,61,351,409,794,794
2015-11-08 19:52:13,633,1092,61,351,409,794,794
2015-11-08 19:52:14,634,1093,61,351,409,794,794
2015-11-08 19:52:15,639,1094,61,351,409,794,794
2015-11-08 19:52:16,642,1095,61,351,409,794,794
2015-11-08 19:52:17,645,1096,61,351,408,794,794
2015-11-08 19:52:18,648,1097,61,351,408,794,794
2015-11-08 19:52:19,651,1098,61,351,408,794,794
2015-11-08 19:52:20,653,1099,61,351,408,794,794
2015-11-08 19:52:21,654,1100,61,351,408,794,794
2015-11-08 19:52:22,654,1101,61,351,408,794,794
2015-11-08 19:52:23,659,1102,61,351,407,794,795
2015-11-08 19:52:24,665,1103,61,350,407,794,794
2015-11-08 19:52:25,666,1104,61,350,407,794,794
2015-11-08 19:52:26,670,1105,61,350,407,794,794
2015-11-08 19:52:27,676,1106,61,350,407,794,794
2015-11-08 19:52:28,679,1107,61,350,407,794,794
2015-11-08 19:52:29,682,1108,61,350,407,794,794
2015-11-08 19:52:30,684,1109,61,350,406,794,794
2015-11-08 19:52:31,688,1110,61,350,406,794,794
2015-11-08 19:52:32,691,1111,61,350,406,794,794
2015-11-08 19:52:33,694,1112,61,350,406,794,794
2015-11-08 19:52:34,699,1113,61,350,406,794,794
2015-11-08 19:52:35,700,1114,61,350,405,794,795
2015-11-08 19:52:36,701,1115,61,349,405,794,794
2015-11-08 19:52:37,706,1116,61,349,405,794,794
2015-11-08 19:52:38,709,1117,61,349,405,794,794
2015-11-08 19:52:39,714,1118,61,349,405,794,794
2015-11-08 19:52:40,716,1119,61,349,405,794,794
2015-11-08 19:52:41,719,1120,61,349,404,794,794
2015-11-08 19:52:42,722,1121,61,349,404,794,794
2015-11-08 19:52:43,725,1122,61,349,404,794,794
2015-11-08 19:52:44,730,1123,61,349,404,794,794
2015-11-08 19:52:45,731,1124,61,349,404,794,794
2015-11-08 19:52:46,734,1125,61,349,404,794,794
2015-11-08 19:52:47,737,1126,61,349,404,794,794
2015-11-08 19:52:48,740,1127,61,348,403,794,794
2015-11-08 19:52:49,746,1128,61,348,403,794,794
2015-11-08 19:52:50,747,1129,61,348,403,794,795
2015-11-08 19:52:51,750,1130,61,348,403,794,794
2015-11-08 19:52:52,751,1131,61,348,403,794,794
2015-11-08 19:52:53,753,1132,61,348,403,794,794
2015-11-08 19:52:54,758,1133,61,348,402,794,795
2015-11-08 19:52:55,762,1134,61,348,402,794,794
2015-11-08 19:52:56,765,1135,61,348,402,794,794
2015-11-08 19:52:57,768,1136,61,348,402,794,794
2015-11-08 19:52:58,770,1137,61,348,402,794,794
2015-11-08 19:52:59,774,1138,61,347,402,794,794
2015-11-08 19:53:00,777,1139,61,347,401,794,794
2015-11-08 19:53:01,780,1140,61,347,401,794,794
2015-11-08 19:53:02,783,1141,61,347,401,794,794
2015-11-08 19:53:03,784,1142,61,347,401,794,794
2015-11-08 19:53:04,789,1143,61,347,401,794,794
2015-11-08 19:53:05,792,1144,61,347,401,794,794
2015-11-08 19:53:06,795,1145,61,347,400,794,794
2015-11-08 19:53:07,797,1146,61,347,400,794,794
2015-11-08 19:53:08,798,1147,61,347,400,794,794
2015-11-08 19:53:09,801,1148,61,347,400,794,794
2015-11-08 19:53:10,806,1149,61,346,400,794,794
2015-11-08 19:53:11,811,1150,61,346,400,794,794
2015-11-08 19:53:12,813,1152,61,346,400,794,795
2015-11-08 19:53:13,816,1153,61,346,399,794,794
2015-11-08 19:53:14,817,1154,61,346,399,794,794
2015-11-08 19:53:15,821,1155,61,346,399,794,794
2015-11-08 19:53:16,827,1156,61,346,399,794,794
2015-11-08 19:53:17,828,1157,61,346,399,794,794
2015-11-08 19:53:18,829,1158,61,346,399,794,794
2015-11-08 19:53:19,830,1159,61,346,398,794,794
2015-11-08 19:53:20,831,1160,61,346,398,794,794
2015-11-08 19:53:21,834,1161,61,345,398,794,794
2015-11-08 19:53:22,838,1162,61,345,398,794,794
2015-11-08 19:53:23,844,1163,61,345,398,794,795
2015-11-08 19:53:24,849,1164,61,345,398,794,794
2015-11-08 19:53:25,849,1165,61,345,397,794,794
2015-11-08 19:53:26,856,1166,61,345,397,794,794
2015-11-08 19:53:27,860,1167,61,345,397,794,794
2015-11-08 19:53:28,862,1168,61,345,397,794,794
2015-11-08 19:53:29,866,1169,61,345,397,794,795
2015-11-08 19:53:30,869,1170,61,345,397,794,794
2015-11-08 19:53:31,875,1171,61,345,396,794,794
2015-11-08 19:53:32,876,1172,61,344,396,794,794
2015-11-08 19:53:33,882,1173,61,344,396,794,794
2015-11-08 19:53:34,882,1174,61,344,396,794,794
2015-11-08 19:53:35,885,1175,61,344,396,794,794
2015-11-08 19:53:36,888,1176,61,344,396,794,794
2015-11-08 19:53:37,890,1177,61,344,396,794,795
2015-11-08 19:53:38,892,1178,61,344,395,794,794
2015-11-08 19:53:39,893,1179,61,344,395,794,794
2015-11-08 19:53:40,895,1180,61,344,395,794,794
2015-11-08 19:53:41,899,1181,61,344,395,794,794
2015-11-08 19:53:42,901,1182,61,344,395,794,794
2015-11-08 19:53:43,904,1183,61,343,394,794,794
2015-11-08 19:53:44,908,1184,61,343,394,794,794
2015-11-08 19:53:45,910,1185,61,343,394,794,794
2015-11-08 19:53:46,916,1186,61,343,394,794,794
2015-11-08 19:53:47,920,1187,61,343,394,794,794
2015-11-08 19:53:48,925,1188,61,343,394,794,794
2015-11-08 19:53:49,928,1189,61,343,394,794,794
2015-11-08 19:53:50,934,1190,61,343,393,794,794
2015-11-08 19:53:51,937,1191,61,343,393,794,794
2015-11-08 19:53:52,939,1192,61,343,393,794,794
2015-11-08 19:53:53,944,1193,61,342,393,794,794
2015-11-08 19:53:54,949,1194,61,342,393,794,794
2015-11-08 19:53:55,952,1195,61,342,393,794,794
2015-11-08 19:53:56,958,1196,61,342,393,794,794
2015-11-08 19:53:57,962,1197,61,342,392,794,794
2015-11-08 19:53:58,968,1198,61,342,392,794,794
2015-11-08 19:53:59,970,1199,61,342,392,794,794
2015-11-08 19:54:00,971,1200,61,342,392,794,794
2015-11-08 19:54:01,976,1201,61,341,392,794,794
2015-11-08 19:54:02,977,1202,61,341,392,794,794
2015-11-08 19:54:03,982,1203,61,341,391,794,794
2015-11-08 19:54:04,987,1204,61,341,391,794,794
2015-11-08 19:54:05,990,1205,61,341,391,794,794
2015-11-08 19:54:06,995,1206,61,341,391,794,794
2015-11-08 19:54:07,998,1207,61,341,391,794,794
2015-11-08 19:54:09,003,1208,61,341,391,794,794
2015-11-08 19:54:10,007,1209,61,341,391,794,794
2015-11-08 19:54:11,010,1210,61,341,391,794,794
2015-11-08 19:54:12,015,1211,61,340,390,794,794
2015-11-08 19:54:13,019,1212,61,340,390,794,794
2015-11-08 19:54:14,024,1213,61,340,390,794,794
2015-11-08 19:54:15,028,1214,61,340,390,794,794
2015-11-08 19:54:16,034,1215,61,340,390,794,794
2015-11-08 19:54:17,035,1216,61,340,390,794,794
2015-11-08 19:54:18,039,1217,61,340,390,794,794
2015-11-08 19:54:19,042,1218,61,340,389,794,794
2015-11-08 19:54:20,043,1219,61,340,389,794,794
2015-11-08 19:54:21,045,1220,61,340,389,794,794
2015-11-08 19:54:22,049,1221,61,340,389,794,794
2015-11-08 19:54:23,051,1222,61,340,389,794,794
2015-11-08 19:54:24,057,1223,61,340,389,794,794
2015-11-08 19:54:25,058,1224,61,339,389,794,794
2015-11-08 19:54:26,063,1225,61,339,389,794,794
2015-11-08 19:54:27,068,1226,61,339,389,794,794
2015-11-08 19:54:28,072,1227,61,339,388,794,794
2015-11-08 19:54:29,074,1228,61,339,388,794,794
2015-11-08 19:54:30,076,1229,61,339,388,794,794
2015-11-08 19:54:31,082,1230,61,339,388,794,794
2015-11-08 19:54:32,086,1231,61,339,388,794,794
2015-11-08 19:54:33,092,1232,61,339,388,794,794
2015-11-08 19:54:34,098,1233,61,339,388,794,794
2015-11-08 19:54:35,101,1234,61,338,388,794,794
2015-11-08 19:54:36,103,1235,61,338,387,794,794
2015-11-08 19:54:37,107,1236,61,338,387,794,794
2015-11-08 19:54:38,110,1237,61,338,387,794,794
2015-11-08 19:54:39,115,1238,61,338,387,794,794
2015-11-08 19:54:40,121,1239,61,338,387,794,794
2015-11-08 19:54:41,122,1240,61,338,387,794,794
2015-11-08 19:54:42,123,1241,61,338,386,794,794
2015-11-08 19:54:43,126,1242,61,338,386,794,794
2015-11-08 19:54:44,129,1243,61,338,386,794,794
2015-11-08 19:54:45,131,1244,61,338,386,794,794
2015-11-08 19:54:46,134,1245,61,338,386,794,794
2015-11-08 19:54:47,136,1246,61,337,386,794,794
2015-11-08 19:54:48,139,1247,61,337,386,794,794
2015-11-08 19:54:49,141,1248,61,337,386,794,794
2015-11-08 19:54:50,146,1249,61,337,386,794,794
2015-11-08 19:54:51,150,1250,61,337,386,794,794
2015-11-08 19:54:52,152,1251,61,337,386,794,794
2015-11-08 19:54:53,153,1252,61,337,385,794,794
2015-11-08 19:54:54,155,1253,61,337,385,794,794
2015-11-08 19:54:55,161,1254,61,337,385,794,794
2015-11-08 19:54:56,166,1255,61,337,385,794,794
2015-11-08 19:54:57,170,1256,61,336,385,794,794
2015-11-08 19:54:58,171,1257,61,336,385,794,794
2015-11-08 19:54:59,177,1258,61,336,384,794,794
2015-11-08 19:55:00,181,1259,61,336,384,794,794
2015-11-08 19:55:01,187,1260,61,336,384,794,794
2015-11-08 19:55:02,192,1261,61,336,384,794,794
2015-11-08 19:55:03,197,1262,61,336,384,794,794
2015-11-08 19:55:04,199,1263,61,336,384,794,794
2015-11-08 19:55:05,203,1264,61,336,385,794,794
2015-11-08 19:55:06,206,1265,61,336,385,794,794
2015-11-08 19:55:07,209,1266,61,336,385,794,794
2015-11-08 19:55:08,211,1267,61,336,385,794,795
2015-11-08 19:55:09,215,1268,61,336,385,794,794
2015-11-08 19:55:10,218,1269,61,336,385,794,794
2015-11-08 19:55:11,220,1270,61,336,385,794,794
2015-11-08 19:55:12,223,1271,61,335,385,794,794
2015-11-08 19:55:13,227,1272,61,335,385,794,794
