2016-11-15 20:33:59,459,coffee,datetime,ms,seconds,ambient_temp,thermocouple_0_temp,thermocouple_1_temp,thermocouple_2_temp,thermocouple_3_temp
2016-11-15 20:34:01,506,2,65,520,460,790,790
2016-11-15 20:34:02,508,3,65,512,455,790,790
2016-11-15 20:34:03,511,4,65,503,449,790,791
2016-11-15 20:34:04,517,5,65,491,443,790,791
2016-11-15 20:34:05,523,6,65,479,436,790,791
2016-11-15 20:34:06,526,7,65,467,430,790,790
2016-11-15 20:34:07,533,8,65,457,424,790,791
2016-11-15 20:34:08,534,9,65,446,420,790,790
2016-11-15 20:34:09,534,10,65,437,417,790,791
2016-11-15 20:34:10,535,11,65,427,415,790,790
2016-11-15 20:34:11,536,12,65,417,413,790,790
2016-11-15 20:34:12,537,13,65,409,411,790,790
2016-11-15 20:34:13,537,14,65,401,409,790,790
2016-11-15 20:34:14,538,15,65,393,407,790,790
2016-11-15 20:34:15,539,16,65,385,405,790,790
2016-11-15 20:34:16,544,17,65,377,404,790,790
2016-11-15 20:34:17,547,18,65,370,402,790,790
2016-11-15 20:34:18,548,19,65,363,401,790,790
2016-11-15 20:34:19,550,20,65,357,399,790,790
2016-11-15 20:34:20,553,21,65,351,398,790,790
2016-11-15 20:34:21,553,22,65,344,396,790,790
2016-11-15 20:34:22,555,23,65,338,395,790,791
2016-11-15 20:34:23,559,24,65,332,394,790,790
2016-11-15 20:34:24,562,25,65,327,393,790,790
2016-11-15 20:34:25,562,26,65,322,392,790,790
2016-11-15 20:34:26,568,27,65,317,391,790,791
2016-11-15 20:34:27,572,28,65,312,390,790,790
2016-11-15 20:34:28,577,29,65,308,389,790,790
2016-11-15 20:34:29,579,30,65,304,388,790,790
2016-11-15 20:34:30,583,31,65,300,388,790,790
2016-11-15 20:34:31,586,32,65,296,387,790,790
2016-11-15 20:34:32,588,33,65,292,386,790,790
2016-11-15 20:34:33,594,34,65,289,385,790,790
2016-11-15 20:34:34,596,35,65,285,385,790,790
2016-11-15 20:34:35,600,36,65,282,384,790,790
2016-11-15 20:34:36,602,37,65,279,383,790,790
2016-11-15 20:34:37,605,38,65,276,383,790,790
2016-11-15 20:34:38,608,39,65,273,382,790,790
2016-11-15 20:34:39,611,40,65,270,382,790,790
2016-11-15 20:34:40,614,41,65,267,381,790,790
2016-11-15 20:34:41,617,42,65,265,381,790,790
2016-11-15 20:34:42,620,43,65,262,380,790,790
2016-11-15 20:34:43,623,44,65,260,380,790,790
2016-11-15 20:34:44,626,45,65,258,380,790,790
2016-11-15 20:34:45,629,46,65,256,381,790,790
2016-11-15 20:34:46,633,47,65,254,381,790,790
2016-11-15 20:34:47,635,48,65,252,381,790,790
2016-11-15 20:34:48,639,49,65,250,381,790,790
2016-11-15 20:34:49,643,50,65,249,381,790,790
2016-11-15 20:34:50,644,51,65,247,381,790,790
2016-11-15 20:34:51,648,52,65,246,381,790,790
2016-11-15 20:34:52,653,53,65,245,382,790,790
2016-11-15 20:34:53,655,54,65,243,382,790,790
2016-11-15 20:34:54,657,55,66,242,382,790,790
2016-11-15 20:34:55,659,56,65,241,382,790,790
2016-11-15 20:34:56,663,57,65,240,382,790,790
2016-11-15 20:34:57,666,58,66,239,383,790,790
2016-11-15 20:34:58,669,59,66,238,383,790,790
2016-11-15 20:34:59,672,60,65,237,383,790,790
2016-11-15 20:35:00,675,61,65,236,383,790,790
2016-11-15 20:35:01,679,62,66,235,384,790,790
2016-11-15 20:35:02,679,63,66,234,384,790,790
2016-11-15 20:35:03,685,64,66,234,384,790,790
2016-11-15 20:35:04,688,65,65,233,385,790,790
2016-11-15 20:35:05,691,66,65,233,385,790,790
2016-11-15 20:35:06,695,67,66,232,386,790,790
2016-11-15 20:35:07,696,68,66,232,386,790,790
2016-11-15 20:35:08,699,69,66,231,387,790,790
2016-11-15 20:35:09,703,70,66,231,387,790,790
2016-11-15 20:35:10,704,71,66,231,388,790,790
2016-11-15 20:35:11,709,72,66,231,389,790,790
2016-11-15 20:35:12,712,73,66,230,389,790,790
2016-11-15 20:35:13,715,74,66,230,390,790,790
2016-11-15 20:35:14,718,75,66,230,390,790,790
2016-11-15 20:35:15,720,76,66,230,391,790,790
2016-11-15 20:35:16,724,77,66,230,392,790,790
2016-11-15 20:35:17,728,78,66,230,392,790,790
2016-11-15 20:35:18,730,79,66,230,393,790,790
2016-11-15 20:35:19,732,80,66,230,393,790,790
2016-11-15 20:35:20,737,81,66,230,394,790,790
2016-11-15 20:35:21,738,82,66,230,394,790,790
2016-11-15 20:35:22,743,83,66,230,394,790,790
2016-11-15 20:35:23,744,84,66,231,395,790,790
2016-11-15 20:35:24,746,85,66,231,395,790,790
2016-11-15 20:35:25,752,86,66,231,396,790,790
2016-11-15 20:35:26,753,87,66,231,396,790,790
2016-11-15 20:35:27,758,88,66,232,396,790,790
2016-11-15 20:35:28,761,89,66,232,397,790,790
2016-11-15 20:35:29,764,90,66,232,397,790,790
2016-11-15 20:35:30,767,91,66,233,397,790,790
2016-11-15 20:35:31,770,92,66,233,398,790,790
2016-11-15 20:35:32,771,93,66,233,399,790,790
2016-11-15 20:35:33,772,94,66,234,399,790,790
2016-11-15 20:35:34,778,95,66,235,399,790,790
2016-11-15 20:35:35,783,96,66,235,400,790,790
2016-11-15 20:35:36,786,97,66,235,400,790,790
2016-11-15 20:35:37,789,98,66,236,400,790,790
2016-11-15 20:35:38,792,99,66,236,401,790,790
2016-11-15 20:35:39,796,100,66,237,401,790,790
2016-11-15 20:35:40,798,101,66,238,402,790,790
2016-11-15 20:35:41,801,102,66,238,402,790,790
2016-11-15 20:35:42,802,103,66,239,402,790,790
2016-11-15 20:35:43,803,104,66,239,403,790,790
2016-11-15 20:35:44,809,105,66,240,403,790,790
2016-11-15 20:35:45,813,106,66,240,403,790,790
2016-11-15 20:35:46,816,107,66,241,404,790,790
2016-11-15 20:35:47,817,108,66,242,404,790,790
2016-11-15 20:35:48,823,109,66,242,405,790,790
2016-11-15 20:35:49,825,110,66,243,405,790,790
2016-11-15 20:35:50,828,111,66,244,406,790,790
2016-11-15 20:35:51,832,112,66,244,406,790,790
2016-11-15 20:35:52,835,113,66,245,406,790,790
2016-11-15 20:35:53,838,114,66,246,407,790,790
2016-11-15 20:35:54,842,115,66,247,407,790,790
2016-11-15 20:35:55,843,116,66,247,407,790,790
2016-11-15 20:35:56,847,117,66,248,407,790,790
2016-11-15 20:35:57,852,118,66,249,408,790,790
2016-11-15 20:35:58,857,119,66,250,408,790,790
2016-11-15 20:35:59,863,120,66,250,408,790,790
2016-11-15 20:36:00,869,121,66,251,409,790,790
2016-11-15 20:36:01,875,122,66,252,409,790,790
2016-11-15 20:36:02,877,123,66,252,409,790,790
2016-11-15 20:36:03,881,124,66,253,409,790,790
2016-11-15 20:36:04,887,125,66,254,410,790,790
2016-11-15 20:36:05,891,126,66,255,410,790,790
2016-11-15 20:36:06,893,127,66,256,411,790,790
2016-11-15 20:36:07,897,128,66,256,411,790,790
2016-11-15 20:36:08,902,129,66,257,412,790,790
2016-11-15 20:36:09,903,130,66,258,412,790,790
2016-11-15 20:36:10,907,131,66,259,412,790,790
2016-11-15 20:36:11,910,132,66,259,412,790,790
2016-11-15 20:36:12,913,133,66,260,413,790,790
2016-11-15 20:36:13,916,134,66,261,413,790,790
2016-11-15 20:36:14,919,135,66,262,413,790,790
2016-11-15 20:36:15,922,136,66,262,414,790,790
2016-11-15 20:36:16,925,137,66,263,414,790,790
2016-11-15 20:36:17,928,138,66,264,414,790,790
2016-11-15 20:36:18,933,139,66,265,415,790,790
2016-11-15 20:36:19,934,140,66,266,415,790,790
2016-11-15 20:36:20,936,141,66,267,415,790,790
2016-11-15 20:36:21,941,142,66,267,415,790,790
2016-11-15 20:36:22,943,143,66,268,416,790,790
2016-11-15 20:36:23,945,144,66,269,416,790,790
2016-11-15 20:36:24,950,145,66,270,416,790,790
2016-11-15 20:36:25,951,146,66,271,417,790,790
2016-11-15 20:36:26,952,147,66,272,417,790,790
2016-11-15 20:36:27,958,148,66,272,417,790,790
2016-11-15 20:36:28,962,149,66,273,418,790,790
2016-11-15 20:36:29,965,150,66,274,418,790,790
2016-11-15 20:36:30,968,151,66,275,418,790,790
2016-11-15 20:36:31,969,152,66,275,418,790,790
2016-11-15 20:36:32,974,153,66,276,419,790,790
2016-11-15 20:36:33,977,154,66,277,419,790,790
2016-11-15 20:36:34,980,155,66,278,419,790,790
2016-11-15 20:36:35,983,156,66,279,420,790,790
2016-11-15 20:36:36,987,157,66,280,420,790,790
2016-11-15 20:36:37,991,158,66,280,420,790,790
2016-11-15 20:36:38,992,159,66,281,421,790,790
2016-11-15 20:36:39,995,160,66,282,421,790,790
2016-11-15 20:36:40,999,161,66,283,421,790,790
2016-11-15 20:36:42,003,162,66,284,421,790,790
2016-11-15 20:36:43,005,163,66,284,421,790,790
2016-11-15 20:36:44,008,164,66,286,422,790,790
2016-11-15 20:36:45,011,165,66,286,422,790,790
2016-11-15 20:36:46,014,166,66,287,422,790,790
2016-11-15 20:36:47,016,167,66,288,422,790,790
2016-11-15 20:36:48,020,168,66,289,423,790,790
2016-11-15 20:36:49,023,169,66,289,423,790,790
2016-11-15 20:36:50,024,170,66,290,423,790,790
2016-11-15 20:36:51,027,171,66,291,423,790,790
2016-11-15 20:36:52,031,172,66,292,423,790,790
2016-11-15 20:36:53,032,173,66,293,423,790,790
2016-11-15 20:36:54,035,174,66,293,423,790,790
2016-11-15 20:36:55,040,175,66,294,423,790,790
2016-11-15 20:36:56,044,176,66,295,424,790,790
2016-11-15 20:36:57,047,177,66,296,424,790,790
2016-11-15 20:36:58,051,178,66,297,424,790,790
2016-11-15 20:36:59,054,179,66,297,425,790,790
2016-11-15 20:37:00,057,180,66,298,425,790,790
2016-11-15 20:37:01,060,181,66,299,425,790,790
2016-11-15 20:37:02,062,182,66,300,426,790,790
2016-11-15 20:37:03,066,183,66,301,426,790,790
2016-11-15 20:37:04,069,184,66,301,426,790,790
2016-11-15 20:37:05,072,185,66,302,426,790,790
2016-11-15 20:37:06,075,186,66,303,427,790,790
2016-11-15 20:37:07,076,187,66,304,427,790,790
2016-11-15 20:37:08,082,188,66,305,428,790,790
2016-11-15 20:37:09,084,189,66,305,428,790,790
2016-11-15 20:37:10,090,190,66,306,428,790,790
2016-11-15 20:37:11,093,191,66,307,428,790,790
2016-11-15 20:37:12,095,192,66,308,429,790,790
2016-11-15 20:37:13,100,193,66,309,429,790,790
2016-11-15 20:37:14,106,194,66,310,429,790,790
2016-11-15 20:37:15,108,195,66,310,429,790,790
2016-11-15 20:37:16,114,196,66,311,430,790,790
2016-11-15 20:37:17,120,197,66,312,430,790,790
2016-11-15 20:37:18,126,198,66,313,430,790,790
2016-11-15 20:37:19,131,199,66,313,430,790,790
2016-11-15 20:37:20,136,200,66,314,431,790,790
2016-11-15 20:37:21,140,201,66,315,431,790,790
2016-11-15 20:37:22,141,202,66,316,431,790,790
2016-11-15 20:37:23,142,203,66,316,431,790,790
2016-11-15 20:37:24,143,204,66,317,432,790,790
2016-11-15 20:37:25,145,205,66,318,432,790,790
2016-11-15 20:37:26,148,206,66,319,432,790,790
2016-11-15 20:37:27,149,207,66,319,432,790,790
2016-11-15 20:37:28,150,208,66,320,432,790,790
2016-11-15 20:37:29,151,209,66,321,432,790,790
2016-11-15 20:37:30,157,210,66,322,433,790,790
2016-11-15 20:37:31,160,211,66,322,433,790,790
2016-11-15 20:37:32,166,212,66,323,433,790,790
2016-11-15 20:37:33,168,213,66,324,433,790,790
2016-11-15 20:37:34,169,214,66,324,434,790,790
2016-11-15 20:37:35,170,215,66,325,434,790,790
2016-11-15 20:37:36,171,216,66,326,434,790,790
2016-11-15 20:37:37,173,217,66,326,434,790,790
2016-11-15 20:37:38,175,218,66,327,435,790,790
2016-11-15 20:37:39,175,219,66,328,435,790,790
2016-11-15 20:37:40,176,220,66,329,435,790,790
2016-11-15 20:37:41,176,221,66,330,435,790,790
2016-11-15 20:37:42,176,222,66,330,435,790,790
2016-11-15 20:37:43,177,223,66,331,435,790,790
2016-11-15 20:37:44,177,224,66,332,436,790,790
2016-11-15 20:37:45,178,225,66,332,436,790,790
2016-11-15 20:37:46,178,226,66,333,436,790,790
2016-11-15 20:37:47,179,227,66,333,437,790,790
2016-11-15 20:37:48,179,228,66,334,437,790,790
2016-11-15 20:37:49,179,229,66,335,437,790,790
2016-11-15 20:37:50,180,230,66,336,437,790,790
2016-11-15 20:37:51,180,231,66,336,437,790,790
2016-11-15 20:37:52,182,232,66,337,438,790,790
2016-11-15 20:37:53,182,233,66,338,438,790,790
2016-11-15 20:37:54,183,234,66,339,438,790,790
2016-11-15 20:37:55,187,235,66,339,438,790,790
2016-11-15 20:37:56,190,236,66,340,438,790,790
2016-11-15 20:37:57,196,237,66,341,439,790,790
2016-11-15 20:37:58,201,238,66,341,439,790,790
2016-11-15 20:37:59,204,239,66,342,439,790,790
2016-11-15 20:38:00,207,240,66,343,440,790,790
2016-11-15 20:38:01,210,241,66,343,440,790,790
2016-11-15 20:38:02,213,242,66,344,440,790,790
2016-11-15 20:38:03,215,243,66,345,440,790,790
2016-11-15 20:38:04,216,244,66,345,440,790,790
2016-11-15 20:38:05,222,245,66,346,440,790,790
2016-11-15 20:38:06,226,246,66,347,441,790,790
2016-11-15 20:38:07,228,247,66,347,441,790,790
2016-11-15 20:38:08,229,248,66,348,441,790,790
2016-11-15 20:38:09,235,249,66,349,441,790,790
2016-11-15 20:38:10,240,250,66,349,441,790,790
2016-11-15 20:38:11,241,251,66,350,441,790,790
2016-11-15 20:38:12,244,252,66,351,442,790,790
2016-11-15 20:38:13,249,253,66,351,442,790,790
2016-11-15 20:38:14,250,254,66,352,442,790,790
2016-11-15 20:38:15,253,255,66,353,442,790,790
2016-11-15 20:38:16,256,256,66,353,442,790,790
2016-11-15 20:38:17,259,257,66,354,443,790,790
2016-11-15 20:38:18,262,258,66,355,443,790,790
2016-11-15 20:38:19,266,259,66,355,443,790,790
2016-11-15 20:38:20,269,260,66,356,443,790,790
2016-11-15 20:38:21,272,261,66,357,443,790,790
2016-11-15 20:38:22,275,262,66,357,444,790,790
2016-11-15 20:38:23,278,263,66,358,444,790,790
2016-11-15 20:38:24,281,264,66,359,444,790,790
2016-11-15 20:38:25,284,265,66,359,445,790,790
2016-11-15 20:38:26,287,266,66,360,445,790,790
2016-11-15 20:38:27,292,267,66,360,445,790,790
2016-11-15 20:38:28,293,268,66,361,445,790,790
2016-11-15 20:38:29,295,269,66,362,445,790,790
2016-11-15 20:38:30,298,270,66,362,446,790,790
2016-11-15 20:38:31,301,271,66,363,446,790,790
2016-11-15 20:38:32,305,272,66,363,446,790,790
2016-11-15 20:38:33,310,273,66,364,446,790,790
2016-11-15 20:38:34,311,274,66,364,447,790,790
2016-11-15 20:38:35,315,275,66,365,447,790,790
2016-11-15 20:38:36,315,276,66,366,447,790,790
2016-11-15 20:38:37,317,277,66,366,448,790,790
2016-11-15 20:38:38,319,278,66,367,448,790,790
2016-11-15 20:38:39,320,279,66,368,448,790,790
2016-11-15 20:38:40,325,280,66,368,448,790,790
2016-11-15 20:38:41,331,281,66,369,448,790,790
2016-11-15 20:38:42,332,282,66,370,448,790,790
2016-11-15 20:38:43,337,283,66,370,448,790,790
2016-11-15 20:38:44,338,284,66,371,448,790,790
2016-11-15 20:38:45,344,285,66,371,449,790,790
2016-11-15 20:38:46,348,286,66,372,449,790,790
2016-11-15 20:38:47,352,287,66,372,449,790,790
2016-11-15 20:38:48,355,288,66,373,450,790,790
2016-11-15 20:38:49,358,289,66,374,450,790,790
2016-11-15 20:38:50,361,290,66,374,450,790,790
2016-11-15 20:38:51,364,291,66,375,450,790,790
2016-11-15 20:38:52,367,292,66,376,451,790,790
2016-11-15 20:38:53,370,293,66,376,451,790,790
2016-11-15 20:38:54,372,294,66,377,451,790,790
2016-11-15 20:38:55,376,295,66,377,451,790,790
2016-11-15 20:38:56,379,296,66,378,452,790,790
2016-11-15 20:38:57,380,297,66,378,452,790,790
2016-11-15 20:38:58,385,298,66,379,452,790,790
2016-11-15 20:38:59,387,299,66,379,452,790,790
2016-11-15 20:39:00,389,300,66,380,453,790,790
2016-11-15 20:39:01,390,301,66,381,453,790,790
2016-11-15 20:39:02,397,302,66,381,453,790,790
2016-11-15 20:39:03,400,303,67,382,453,790,790
2016-11-15 20:39:04,401,304,66,382,454,790,790
2016-11-15 20:39:05,407,305,66,383,454,790,790
2016-11-15 20:39:06,410,306,66,383,454,790,790
2016-11-15 20:39:07,413,307,66,384,454,790,790
2016-11-15 20:39:08,416,308,66,385,455,790,790
2016-11-15 20:39:09,419,309,66,385,455,790,790
2016-11-15 20:39:10,422,310,66,386,455,790,790
2016-11-15 20:39:11,425,311,66,386,455,790,790
2016-11-15 20:39:12,428,312,66,387,456,790,790
2016-11-15 20:39:13,438,313,67,387,456,790,790
2016-11-15 20:39:14,447,314,66,388,457,790,790
2016-11-15 20:39:15,449,315,66,388,457,790,790
2016-11-15 20:39:16,451,316,67,389,458,790,790
2016-11-15 20:39:17,462,318,67,389,459,790,790
2016-11-15 20:39:18,471,319,66,390,459,790,790
2016-11-15 20:39:19,481,320,67,391,460,790,790
2016-11-15 20:39:20,489,321,67,391,461,790,790
2016-11-15 20:39:21,498,322,67,392,461,790,790
2016-11-15 20:39:22,505,323,67,393,462,790,790
2016-11-15 20:39:23,507,324,66,393,462,790,790
2016-11-15 20:39:24,509,325,67,394,463,790,790
2016-11-15 20:39:25,511,326,67,394,463,790,790
2016-11-15 20:39:26,513,327,67,395,463,790,790
2016-11-15 20:39:27,515,328,67,395,464,790,790
2016-11-15 20:39:28,526,329,67,396,464,790,790
2016-11-15 20:39:29,530,330,67,396,464,790,790
2016-11-15 20:39:30,538,331,67,397,464,790,790
2016-11-15 20:39:31,548,332,67,398,464,790,790
2016-11-15 20:39:32,549,333,67,398,465,790,790
2016-11-15 20:39:33,553,334,67,399,465,790,790
2016-11-15 20:39:34,563,335,67,399,465,790,790
2016-11-15 20:39:35,565,336,67,400,466,790,790
2016-11-15 20:39:36,569,337,67,400,466,790,790
2016-11-15 20:39:37,571,338,67,401,466,790,790
2016-11-15 20:39:38,572,339,67,401,467,790,790
2016-11-15 20:39:39,578,340,67,402,467,790,790
2016-11-15 20:39:40,579,341,67,402,467,790,790
2016-11-15 20:39:41,587,342,67,403,467,790,790
2016-11-15 20:39:42,588,343,67,404,467,790,790
2016-11-15 20:39:43,597,344,67,404,468,790,790
2016-11-15 20:39:44,608,345,67,405,468,790,790
2016-11-15 20:39:45,614,346,67,405,468,790,790
2016-11-15 20:39:46,616,347,67,406,468,790,790
2016-11-15 20:39:47,619,348,67,406,469,790,790
2016-11-15 20:39:48,622,349,67,407,469,790,790
2016-11-15 20:39:49,625,350,67,407,469,790,790
2016-11-15 20:39:50,628,351,67,408,469,790,790
2016-11-15 20:39:51,637,352,67,408,469,790,790
2016-11-15 20:39:52,643,353,67,409,469,790,790
2016-11-15 20:39:53,645,354,67,409,469,790,790
2016-11-15 20:39:54,651,355,67,410,469,790,790
2016-11-15 20:39:55,660,356,67,410,469,790,790
2016-11-15 20:39:56,664,357,67,411,469,790,790
2016-11-15 20:39:57,666,358,67,411,470,790,790
2016-11-15 20:39:58,669,359,67,412,470,790,790
2016-11-15 20:39:59,673,360,67,412,470,790,790
2016-11-15 20:40:00,675,361,67,413,470,790,790
2016-11-15 20:40:01,676,362,67,413,470,790,790
2016-11-15 20:40:02,687,363,67,414,470,790,790
2016-11-15 20:40:03,688,364,67,414,470,790,790
2016-11-15 20:40:04,696,365,67,415,470,790,790
2016-11-15 20:40:05,698,366,67,415,470,790,790
2016-11-15 20:40:06,710,367,67,416,470,790,790
2016-11-15 20:40:07,714,368,67,416,471,790,790
2016-11-15 20:40:08,717,369,67,417,470,790,790
2016-11-15 20:40:09,720,370,67,417,471,790,790
2016-11-15 20:40:10,722,371,67,418,471,790,790
2016-11-15 20:40:11,730,372,67,418,471,790,790
2016-11-15 20:40:12,736,373,67,418,471,790,790
2016-11-15 20:40:13,746,374,67,419,471,790,790
2016-11-15 20:40:14,752,375,67,419,471,790,790
2016-11-15 20:40:15,755,376,67,420,471,790,790
2016-11-15 20:40:16,758,377,67,420,471,790,790
2016-11-15 20:40:17,761,378,67,421,471,790,790
2016-11-15 20:40:18,764,379,67,421,471,790,790
2016-11-15 20:40:19,767,380,67,422,471,790,790
2016-11-15 20:40:20,770,381,67,422,471,790,790
2016-11-15 20:40:21,774,382,67,423,472,790,790
2016-11-15 20:40:22,774,383,67,423,472,790,790
2016-11-15 20:40:23,778,384,67,424,472,790,790
2016-11-15 20:40:24,786,385,67,424,472,790,790
2016-11-15 20:40:25,787,386,67,424,472,790,790
2016-11-15 20:40:26,789,387,67,425,472,790,790
2016-11-15 20:40:27,795,388,67,425,472,790,790
2016-11-15 20:40:28,801,389,67,426,473,790,790
2016-11-15 20:40:29,812,390,67,426,473,790,790
2016-11-15 20:40:30,818,391,67,427,473,790,790
2016-11-15 20:40:31,819,392,67,427,473,790,790
2016-11-15 20:40:32,824,393,67,428,473,790,790
2016-11-15 20:40:33,826,394,67,428,473,790,790
2016-11-15 20:40:34,830,395,67,428,473,790,790
2016-11-15 20:40:35,836,396,67,429,473,790,790
2016-11-15 20:40:36,837,397,67,429,473,790,790
2016-11-15 20:40:37,838,398,67,430,473,789,790
2016-11-15 20:40:38,844,399,67,430,473,790,790
2016-11-15 20:40:39,845,400,67,431,473,790,790
2016-11-15 20:40:40,848,401,67,431,473,790,790
2016-11-15 20:40:41,852,402,67,431,473,790,790
2016-11-15 20:40:42,855,403,67,432,474,790,790
2016-11-15 20:40:43,856,404,67,432,474,790,790
2016-11-15 20:40:44,861,405,67,433,474,790,790
2016-11-15 20:40:45,869,406,67,433,474,790,790
2016-11-15 20:40:46,871,407,67,434,474,790,790
2016-11-15 20:40:47,882,408,67,434,474,790,790
2016-11-15 20:40:48,885,409,67,434,474,790,790
2016-11-15 20:40:49,886,410,67,435,474,790,790
2016-11-15 20:40:50,888,411,67,435,474,790,790
2016-11-15 20:40:51,895,412,67,435,474,790,790
2016-11-15 20:40:52,902,413,67,436,474,790,790
2016-11-15 20:40:53,905,414,67,436,474,790,790
2016-11-15 20:40:54,908,415,67,437,474,790,790
2016-11-15 20:40:55,911,416,67,437,474,790,790
2016-11-15 20:40:56,914,417,67,438,475,790,790
2016-11-15 20:40:57,917,418,67,438,475,790,790
2016-11-15 20:40:58,920,419,67,438,475,790,790
2016-11-15 20:40:59,923,420,67,439,475,790,790
2016-11-15 20:41:00,926,421,67,439,475,790,790
2016-11-15 20:41:01,935,422,67,440,475,790,790
2016-11-15 20:41:02,945,423,67,440,475,790,790
2016-11-15 20:41:03,950,424,67,440,475,790,790
2016-11-15 20:41:04,952,425,67,441,475,790,790
2016-11-15 20:41:05,959,426,67,441,475,790,790
2016-11-15 20:41:06,962,427,67,441,475,790,790
2016-11-15 20:41:07,967,428,67,442,475,790,790
2016-11-15 20:41:08,975,429,67,442,475,790,790
2016-11-15 20:41:09,982,430,67,443,475,790,790
2016-11-15 20:41:10,985,431,67,443,475,790,790
2016-11-15 20:41:11,994,432,67,444,476,790,790
2016-11-15 20:41:12,995,433,67,444,476,790,790
2016-11-15 20:41:14,000,434,67,445,476,790,790
2016-11-15 20:41:15,003,435,67,445,476,790,790
2016-11-15 20:41:16,010,436,67,445,476,790,790
2016-11-15 20:41:17,021,437,67,446,476,790,790
2016-11-15 20:41:18,029,438,67,446,476,790,790
2016-11-15 20:41:19,034,439,67,446,476,790,790
2016-11-15 20:41:20,038,440,67,447,477,790,790
2016-11-15 20:41:21,045,441,67,447,477,790,790
2016-11-15 20:41:22,046,442,67,448,477,790,790
2016-11-15 20:41:23,057,443,67,448,477,790,790
2016-11-15 20:41:24,064,444,67,448,477,790,790
2016-11-15 20:41:25,067,445,67,449,478,790,790
2016-11-15 20:41:26,070,446,67,449,478,790,790
2016-11-15 20:41:27,073,447,67,449,478,790,790
2016-11-15 20:41:28,076,448,67,450,478,790,790
2016-11-15 20:41:29,084,449,67,450,478,790,790
2016-11-15 20:41:30,095,450,67,451,478,790,790
2016-11-15 20:41:31,099,451,67,451,478,790,790
2016-11-15 20:41:32,102,452,67,451,478,790,790
2016-11-15 20:41:33,103,453,67,452,478,790,790
2016-11-15 20:41:34,112,454,67,452,479,790,790
2016-11-15 20:41:35,115,455,67,452,479,790,790
2016-11-15 20:41:36,117,456,67,453,479,790,790
2016-11-15 20:41:37,120,457,67,453,479,790,790
2016-11-15 20:41:38,130,458,67,454,479,790,790
2016-11-15 20:41:39,135,459,67,454,479,790,790
2016-11-15 20:41:40,144,460,67,454,479,790,790
2016-11-15 20:41:41,149,461,67,455,479,790,790
2016-11-15 20:41:42,153,462,67,455,479,790,790
2016-11-15 20:41:43,156,463,67,455,479,789,790
2016-11-15 20:41:44,163,464,67,456,479,789,790
2016-11-15 20:41:45,169,465,67,456,479,790,790
2016-11-15 20:41:46,170,466,67,457,479,790,790
2016-11-15 20:41:47,171,467,67,457,479,790,790
2016-11-15 20:41:48,171,468,67,457,479,790,790
2016-11-15 20:41:49,173,469,67,458,479,790,790
2016-11-15 20:41:50,174,470,67,458,479,790,790
2016-11-15 20:41:51,183,471,67,458,479,790,790
2016-11-15 20:41:52,184,472,67,459,479,790,790
2016-11-15 20:41:53,194,473,67,459,480,790,790
2016-11-15 20:41:54,195,474,67,459,480,789,790
2016-11-15 20:41:55,206,475,67,460,480,790,790
2016-11-15 20:41:56,208,476,67,460,480,790,790
2016-11-15 20:41:57,213,477,67,461,480,790,790
2016-11-15 20:41:58,217,478,67,461,480,790,790
2016-11-15 20:41:59,221,479,67,461,480,790,790
2016-11-15 20:42:00,224,480,67,462,480,790,790
2016-11-15 20:42:01,233,481,67,462,480,790,790
2016-11-15 20:42:02,244,482,67,462,481,790,790
2016-11-15 20:42:03,251,483,67,463,481,790,790
2016-11-15 20:42:04,254,484,67,463,481,789,790
2016-11-15 20:42:05,256,485,67,464,481,790,790
2016-11-15 20:42:06,259,486,67,464,481,790,790
2016-11-15 20:42:07,263,487,67,464,481,790,790
2016-11-15 20:42:08,266,488,67,465,481,790,790
2016-11-15 20:42:09,268,489,67,465,481,790,790
2016-11-15 20:42:10,271,490,67,465,481,790,790
2016-11-15 20:42:11,275,491,67,466,481,790,790
2016-11-15 20:42:12,283,492,67,466,481,790,790
2016-11-15 20:42:13,293,493,67,466,481,790,790
2016-11-15 20:42:14,301,494,67,467,481,789,790
2016-11-15 20:42:15,304,495,67,467,481,790,790
2016-11-15 20:42:16,307,496,67,467,481,790,790
2016-11-15 20:42:17,310,497,67,468,482,789,790
2016-11-15 20:42:18,313,498,67,468,482,789,790
2016-11-15 20:42:19,316,499,67,468,482,790,790
2016-11-15 20:42:20,317,500,67,469,482,789,790
2016-11-15 20:42:21,322,501,67,469,482,790,790
2016-11-15 20:42:22,325,502,67,470,482,789,790
2016-11-15 20:42:23,327,503,67,470,482,789,790
2016-11-15 20:42:24,331,504,67,470,482,790,790
2016-11-15 20:42:25,334,505,67,471,482,789,790
2016-11-15 20:42:26,335,506,67,471,482,790,790
2016-11-15 20:42:27,343,507,67,471,481,789,790
2016-11-15 20:42:28,344,508,67,472,481,789,790
2016-11-15 20:42:29,345,509,67,472,481,789,790
2016-11-15 20:42:30,350,510,67,472,481,789,790
2016-11-15 20:42:31,353,511,67,473,481,790,790
2016-11-15 20:42:32,355,512,67,473,482,790,790
2016-11-15 20:42:33,359,513,67,473,481,790,790
2016-11-15 20:42:34,360,514,67,474,480,790,790
2016-11-15 20:42:35,365,515,67,474,480,789,790
2016-11-15 20:42:36,368,516,67,474,480,790,790
2016-11-15 20:42:37,370,517,67,475,480,789,790
2016-11-15 20:42:38,374,518,67,475,479,790,790
2016-11-15 20:42:39,382,519,67,476,479,789,790
2016-11-15 20:42:40,393,520,67,476,478,789,790
2016-11-15 20:42:41,400,521,67,476,478,789,790
2016-11-15 20:42:42,403,522,67,477,479,789,790
2016-11-15 20:42:43,406,523,67,477,479,789,790
2016-11-15 20:42:44,409,524,67,477,479,790,790
2016-11-15 20:42:45,413,525,67,478,478,789,790
2016-11-15 20:42:46,415,526,67,478,478,789,790
2016-11-15 20:42:47,419,527,67,478,478,789,790
2016-11-15 20:42:48,422,528,67,479,479,789,790
2016-11-15 20:42:49,433,529,67,479,479,789,790
2016-11-15 20:42:50,434,530,67,480,479,789,790
2016-11-15 20:42:51,442,531,67,480,480,789,790
2016-11-15 20:42:52,451,532,67,480,480,789,790
2016-11-15 20:42:53,454,533,67,481,480,789,790
2016-11-15 20:42:54,457,534,67,481,481,790,790
2016-11-15 20:42:55,460,536,67,481,481,789,790
2016-11-15 20:42:56,463,537,67,482,482,789,790
2016-11-15 20:42:57,466,538,67,482,482,789,790
2016-11-15 20:42:58,469,539,67,482,482,789,790
2016-11-15 20:42:59,472,540,67,483,483,789,790
2016-11-15 20:43:00,482,541,67,483,483,789,790
2016-11-15 20:43:01,483,542,67,483,483,789,790
2016-11-15 20:43:02,492,543,67,484,483,789,790
2016-11-15 20:43:03,497,544,67,484,484,789,790
2016-11-15 20:43:04,500,545,67,484,484,789,790
2016-11-15 20:43:05,502,546,67,485,484,789,790
2016-11-15 20:43:06,509,547,67,485,485,789,790
2016-11-15 20:43:07,514,548,67,486,485,789,790
2016-11-15 20:43:08,517,549,67,486,485,789,790
2016-11-15 20:43:09,520,550,67,486,485,789,790
2016-11-15 20:43:10,523,551,67,487,486,789,790
2016-11-15 20:43:11,531,552,67,487,486,789,790
2016-11-15 20:43:12,533,553,67,487,486,789,790
2016-11-15 20:43:13,535,554,67,488,486,789,790
2016-11-15 20:43:14,542,555,67,488,486,789,790
2016-11-15 20:43:15,543,556,67,488,487,789,790
2016-11-15 20:43:16,550,557,67,489,487,789,790
2016-11-15 20:43:17,561,558,67,489,487,789,790
2016-11-15 20:43:18,564,559,67,489,488,789,790
2016-11-15 20:43:19,567,560,67,490,488,789,790
2016-11-15 20:43:20,570,561,67,490,488,789,790
2016-11-15 20:43:21,573,562,67,490,489,789,790
2016-11-15 20:43:22,583,563,67,491,489,789,790
2016-11-15 20:43:23,584,564,67,491,489,789,790
2016-11-15 20:43:24,591,565,67,491,490,789,790
2016-11-15 20:43:25,597,566,67,491,490,789,790
2016-11-15 20:43:26,603,567,67,492,490,789,790
2016-11-15 20:43:27,605,568,67,492,490,789,790
2016-11-15 20:43:28,612,569,67,492,491,789,790
2016-11-15 20:43:29,612,570,67,492,491,789,790
2016-11-15 20:43:30,617,571,67,493,491,789,790
2016-11-15 20:43:31,621,572,67,493,492,789,790
2016-11-15 20:43:32,623,573,67,493,492,789,790
2016-11-15 20:43:33,627,574,67,493,492,789,790
2016-11-15 20:43:34,630,575,67,494,492,789,790
2016-11-15 20:43:35,631,576,67,494,492,789,790
2016-11-15 20:43:36,636,577,67,494,492,789,790
2016-11-15 20:43:37,638,578,67,495,492,789,790
2016-11-15 20:43:38,640,579,67,495,491,789,790
2016-11-15 20:43:39,645,580,67,495,491,789,790
2016-11-15 20:43:40,648,581,67,495,490,789,790
2016-11-15 20:43:41,651,582,67,495,490,789,790
2016-11-15 20:43:42,654,583,67,495,491,789,790
2016-11-15 20:43:43,658,584,67,496,491,789,790
2016-11-15 20:43:44,660,585,67,496,491,789,790
2016-11-15 20:43:45,663,586,67,496,491,789,790
2016-11-15 20:43:46,666,587,67,496,492,789,790
2016-11-15 20:43:47,670,588,67,496,492,789,790
2016-11-15 20:43:48,673,589,67,497,492,789,790
2016-11-15 20:43:49,680,590,67,497,491,789,790
2016-11-15 20:43:50,691,591,67,497,491,789,790
2016-11-15 20:43:51,694,592,67,497,491,789,790
2016-11-15 20:43:52,695,593,67,497,490,789,790
2016-11-15 20:43:53,705,594,67,498,490,789,790
2016-11-15 20:43:54,708,595,67,498,489,789,790
2016-11-15 20:43:55,711,596,67,498,489,789,790
2016-11-15 20:43:56,714,597,67,498,489,789,790
2016-11-15 20:43:57,724,598,67,498,488,789,790
2016-11-15 20:43:58,727,599,67,498,488,789,790
2016-11-15 20:43:59,729,600,67,498,488,789,790
2016-11-15 20:44:00,735,601,67,499,487,789,790
2016-11-15 20:44:01,740,602,67,499,487,789,790
2016-11-15 20:44:02,746,603,67,499,487,789,790
2016-11-15 20:44:03,750,604,67,499,486,789,790
2016-11-15 20:44:04,755,605,67,499,486,789,790
2016-11-15 20:44:05,756,606,67,499,486,789,790
2016-11-15 20:44:06,761,607,67,499,486,789,790
2016-11-15 20:44:07,765,608,67,499,485,789,790
2016-11-15 20:44:08,767,609,67,499,485,789,790
2016-11-15 20:44:09,772,610,67,499,485,789,790
2016-11-15 20:44:10,774,611,67,499,485,789,790
2016-11-15 20:44:11,779,612,67,499,484,789,790
2016-11-15 20:44:12,785,613,67,500,484,789,790
2016-11-15 20:44:13,788,614,67,500,483,789,789
2016-11-15 20:44:14,789,615,67,500,483,789,789
2016-11-15 20:44:15,795,616,67,500,482,789,790
2016-11-15 20:44:16,796,617,67,500,481,789,790
2016-11-15 20:44:17,802,618,67,500,480,789,790
2016-11-15 20:44:18,803,619,67,500,480,789,790
2016-11-15 20:44:19,804,620,67,500,479,789,790
2016-11-15 20:44:20,810,621,67,500,478,789,790
2016-11-15 20:44:21,812,622,67,501,478,789,790
2016-11-15 20:44:22,818,623,67,500,477,789,790
2016-11-15 20:44:23,821,624,67,501,477,789,790
2016-11-15 20:44:24,823,625,67,500,476,789,790
2016-11-15 20:44:25,829,626,67,500,475,789,790
2016-11-15 20:44:26,830,627,67,500,474,789,790
2016-11-15 20:44:27,836,628,67,501,473,789,790
2016-11-15 20:44:28,839,629,67,500,472,789,789
2016-11-15 20:44:29,845,630,67,501,472,789,790
2016-11-15 20:44:30,851,631,67,501,471,789,790
2016-11-15 20:44:31,855,632,67,501,470,789,790
2016-11-15 20:44:32,858,633,67,501,469,789,790
2016-11-15 20:44:33,860,634,67,501,469,789,790
2016-11-15 20:44:34,864,635,67,501,468,789,789
2016-11-15 20:44:35,867,636,67,501,467,789,790
2016-11-15 20:44:36,870,637,67,501,466,789,790
2016-11-15 20:44:37,873,638,67,501,466,789,790
2016-11-15 20:44:38,878,639,67,501,465,789,789
2016-11-15 20:44:39,879,640,67,501,465,789,789
2016-11-15 20:44:40,882,641,67,501,464,789,790
2016-11-15 20:44:41,883,642,67,501,463,789,790
2016-11-15 20:44:42,888,643,67,501,463,789,789
2016-11-15 20:44:43,891,644,67,501,463,789,790
2016-11-15 20:44:44,894,645,67,501,462,789,789
2016-11-15 20:44:45,898,646,67,501,462,789,790
2016-11-15 20:44:46,900,647,67,501,462,789,790
2016-11-15 20:44:47,904,648,67,501,462,789,790
2016-11-15 20:44:48,906,649,67,501,461,789,789
2016-11-15 20:44:49,910,650,67,501,460,789,789
2016-11-15 20:44:50,913,651,67,501,460,789,790
2016-11-15 20:44:51,918,652,67,501,459,789,790
2016-11-15 20:44:52,919,653,67,501,459,789,789
2016-11-15 20:44:53,922,654,67,501,459,789,790
2016-11-15 20:44:54,928,655,67,501,459,789,789
2016-11-15 20:44:55,929,656,67,501,459,789,789
2016-11-15 20:44:56,931,657,67,501,459,789,789
2016-11-15 20:44:57,933,658,67,501,458,789,789
2016-11-15 20:44:58,937,659,67,501,458,789,790
2016-11-15 20:44:59,938,660,67,501,457,789,790
2016-11-15 20:45:00,944,661,67,501,456,789,790
2016-11-15 20:45:01,947,662,67,501,456,789,790
2016-11-15 20:45:02,950,663,67,501,455,789,789
2016-11-15 20:45:03,953,664,67,501,454,789,790
2016-11-15 20:45:04,955,665,67,501,454,789,789
2016-11-15 20:45:05,959,666,67,501,453,789,790
2016-11-15 20:45:06,962,667,67,501,453,789,789
2016-11-15 20:45:07,963,668,67,501,453,789,789
2016-11-15 20:45:08,968,669,67,501,453,789,790
2016-11-15 20:45:09,969,670,67,501,453,789,789
2016-11-15 20:45:10,970,671,67,501,452,789,789
2016-11-15 20:45:11,974,672,67,501,452,789,789
2016-11-15 20:45:12,979,673,67,501,451,789,790
2016-11-15 20:45:13,983,674,67,501,451,789,789
2016-11-15 20:45:14,988,675,67,501,451,789,789
2016-11-15 20:45:15,989,676,67,501,451,789,789
2016-11-15 20:45:16,990,677,67,501,451,789,789
2016-11-15 20:45:17,991,678,67,501,450,789,789
2016-11-15 20:45:18,993,679,67,501,450,789,789
2016-11-15 20:45:19,994,680,67,501,449,789,790
2016-11-15 20:45:20,997,681,67,501,449,789,789
2016-11-15 20:45:21,998,682,67,501,449,789,789
2016-11-15 20:45:23,003,683,67,501,449,789,790
2016-11-15 20:45:24,009,684,67,501,449,789,790
2016-11-15 20:45:25,014,685,67,501,449,789,789
2016-11-15 20:45:26,020,686,67,501,448,789,790
2016-11-15 20:45:27,023,687,67,501,448,789,790
2016-11-15 20:45:28,026,688,67,501,447,789,790
2016-11-15 20:45:29,027,689,67,501,447,789,789
2016-11-15 20:45:30,028,690,67,501,447,789,790
2016-11-15 20:45:31,034,691,67,501,446,789,789
2016-11-15 20:45:32,037,692,68,502,446,789,790
2016-11-15 20:45:33,038,693,67,501,446,789,789
2016-11-15 20:45:34,042,694,67,502,447,789,789
2016-11-15 20:45:35,049,695,67,501,446,789,789
2016-11-15 20:45:36,051,696,67,501,446,789,789
2016-11-15 20:45:37,054,697,67,501,446,789,789
2016-11-15 20:45:38,057,698,67,501,445,789,789
2016-11-15 20:45:39,060,699,67,501,445,789,789
2016-11-15 20:45:40,063,700,67,501,445,789,789
2016-11-15 20:45:41,066,701,67,501,444,789,789
2016-11-15 20:45:42,069,702,67,501,444,789,789
2016-11-15 20:45:43,073,703,67,501,444,789,789
2016-11-15 20:45:44,074,704,67,501,444,789,789
2016-11-15 20:45:45,079,705,67,502,444,789,789
2016-11-15 20:45:46,081,706,68,501,444,789,790
2016-11-15 20:45:47,083,707,67,502,444,789,789
2016-11-15 20:45:48,089,708,67,501,443,789,789
2016-11-15 20:45:49,093,709,68,502,444,789,789
2016-11-15 20:45:50,094,710,67,501,444,789,789
2016-11-15 20:45:51,097,711,68,502,444,789,790
2016-11-15 20:45:52,100,712,68,502,444,789,789
2016-11-15 20:45:53,103,713,68,502,444,789,789
2016-11-15 20:45:54,105,714,68,502,444,789,789
2016-11-15 20:45:55,109,715,68,502,445,789,789
2016-11-15 20:45:56,112,716,68,502,445,789,789
2016-11-15 20:45:57,115,717,68,502,445,789,789
2016-11-15 20:45:58,118,718,68,502,445,789,789
2016-11-15 20:45:59,121,719,67,502,445,789,789
2016-11-15 20:46:00,126,720,67,502,445,789,789
2016-11-15 20:46:01,127,721,68,502,445,789,789
2016-11-15 20:46:02,128,722,68,502,445,789,789
2016-11-15 20:46:03,128,723,67,501,445,789,789
2016-11-15 20:46:04,135,724,68,500,444,789,789
2016-11-15 20:46:05,137,725,67,498,443,789,789
2016-11-15 20:46:06,138,726,68,496,441,789,789
2016-11-15 20:46:07,144,727,67,493,439,789,789
2016-11-15 20:46:08,149,728,68,491,437,789,789
2016-11-15 20:46:09,152,729,68,488,435,789,789
2016-11-15 20:46:10,155,730,68,486,433,789,789
2016-11-15 20:46:11,157,731,68,485,432,789,789
2016-11-15 20:46:12,159,732,68,486,432,789,789
2016-11-15 20:46:13,159,733,67,488,433,789,789
2016-11-15 20:46:14,160,734,68,489,434,789,789
2016-11-15 20:46:15,161,735,68,490,435,789,789
