2017-11-20 13:16:18,635,coffee,datetime,ms,seconds,ambient_temp,thermocouple_0_temp,thermocouple_1_temp,thermocouple_2_temp,thermocouple_3_temp
2017-11-20 13:16:20,677,2,69,264,392,787,788
2017-11-20 13:16:21,680,3,69,262,392,787,788
2017-11-20 13:16:22,685,4,69,259,392,787,788
2017-11-20 13:16:23,689,5,69,257,392,787,788
2017-11-20 13:16:24,693,6,69,254,391,787,788
2017-11-20 13:16:25,698,7,69,252,391,787,788
2017-11-20 13:16:26,701,8,69,250,391,787,788
2017-11-20 13:16:27,705,9,69,248,391,787,788
2017-11-20 13:16:28,709,10,69,247,391,787,788
2017-11-20 13:16:29,713,11,69,245,391,787,788
2017-11-20 13:16:30,716,12,69,243,391,787,788
2017-11-20 13:16:31,720,13,69,242,392,787,788
2017-11-20 13:16:32,726,14,69,240,392,787,788
2017-11-20 13:16:33,730,15,69,239,392,787,788
2017-11-20 13:16:34,734,16,69,238,392,787,788
2017-11-20 13:16:35,758,17,69,237,393,787,788
2017-11-20 13:16:36,759,18,69,235,393,787,788
2017-11-20 13:16:37,764,19,69,234,393,787,788
2017-11-20 13:16:38,767,20,69,233,393,787,788
2017-11-20 13:16:39,770,21,69,232,394,787,788
2017-11-20 13:16:40,776,22,69,232,394,787,788
2017-11-20 13:16:41,779,23,69,231,395,787,788
2017-11-20 13:16:42,784,24,69,230,395,787,788
2017-11-20 13:16:43,787,25,69,230,396,787,788
2017-11-20 13:16:44,790,26,69,229,396,787,788
2017-11-20 13:16:45,796,27,69,229,397,787,788
2017-11-20 13:16:46,800,28,69,228,398,787,788
2017-11-20 13:16:47,802,29,69,228,399,787,788
2017-11-20 13:16:48,805,30,69,227,399,787,788
2017-11-20 13:16:49,807,31,69,227,400,787,788
2017-11-20 13:16:50,811,32,69,227,400,787,788
2017-11-20 13:16:51,814,33,69,227,400,787,788
2017-11-20 13:16:52,818,34,69,226,401,787,788
2017-11-20 13:16:53,823,35,69,226,401,787,788
2017-11-20 13:16:54,827,36,69,226,402,787,788
2017-11-20 13:16:55,831,37,69,226,402,787,788
2017-11-20 13:16:56,834,38,69,226,403,787,788
2017-11-20 13:16:57,838,39,69,226,403,787,788
2017-11-20 13:16:58,844,40,69,226,404,787,788
2017-11-20 13:16:59,847,41,69,226,404,787,788
2017-11-20 13:17:00,851,42,69,226,405,787,788
2017-11-20 13:17:01,855,43,69,226,405,787,788
2017-11-20 13:17:02,860,44,69,227,405,787,788
2017-11-20 13:17:03,863,45,69,227,406,787,788
2017-11-20 13:17:04,868,46,69,227,406,787,788
2017-11-20 13:17:05,871,47,69,227,406,787,788
2017-11-20 13:17:06,876,48,69,228,407,787,788
2017-11-20 13:17:07,880,49,69,228,407,787,788
2017-11-20 13:17:08,882,50,69,228,407,787,788
2017-11-20 13:17:09,888,51,69,228,408,787,788
2017-11-20 13:17:10,889,52,69,229,408,787,788
2017-11-20 13:17:11,890,53,69,229,408,787,788
2017-11-20 13:17:12,895,54,69,230,409,787,788
2017-11-20 13:17:13,898,55,69,230,409,787,788
2017-11-20 13:17:14,902,56,69,230,409,787,788
2017-11-20 13:17:15,906,57,69,231,410,787,788
2017-11-20 13:17:16,910,58,69,231,410,787,788
2017-11-20 13:17:17,914,59,69,232,410,787,788
2017-11-20 13:17:18,919,60,69,232,411,787,788
2017-11-20 13:17:19,922,61,69,233,411,787,788
2017-11-20 13:17:20,927,62,69,234,411,787,788
2017-11-20 13:17:21,931,63,69,234,411,787,788
2017-11-20 13:17:22,935,64,69,235,412,787,788
2017-11-20 13:17:23,939,65,69,235,412,787,788
2017-11-20 13:17:24,940,66,69,236,412,787,788
2017-11-20 13:17:25,941,67,69,236,413,787,788
2017-11-20 13:17:26,945,68,69,237,413,787,788
2017-11-20 13:17:27,949,69,69,238,413,787,788
2017-11-20 13:17:28,952,70,69,239,414,787,788
2017-11-20 13:17:29,953,71,69,239,414,787,788
2017-11-20 13:17:30,956,72,69,240,414,787,788
2017-11-20 13:17:31,960,73,69,241,415,787,788
2017-11-20 13:17:32,964,74,69,241,415,787,788
2017-11-20 13:17:33,968,75,69,242,415,787,788
2017-11-20 13:17:34,972,76,69,243,416,787,788
2017-11-20 13:17:35,973,77,69,243,416,787,788
2017-11-20 13:17:36,979,78,69,244,416,787,788
2017-11-20 13:17:37,984,79,69,245,417,787,788
2017-11-20 13:17:38,988,80,69,246,417,787,788
2017-11-20 13:17:39,993,81,69,247,417,787,788
2017-11-20 13:17:40,997,82,69,247,418,787,788
2017-11-20 13:17:41,998,83,69,248,418,787,788
2017-11-20 13:17:42,999,84,69,249,418,787,788
2017-11-20 13:17:44,002,85,69,250,418,787,788
2017-11-20 13:17:45,006,86,69,250,418,787,788
2017-11-20 13:17:46,010,87,69,251,419,787,788
2017-11-20 13:17:47,014,88,69,252,419,787,788
2017-11-20 13:17:48,019,89,69,253,419,787,788
2017-11-20 13:17:49,023,90,69,253,420,787,788
2017-11-20 13:17:50,026,91,69,254,420,787,788
2017-11-20 13:17:51,031,92,69,255,420,787,788
2017-11-20 13:17:52,035,93,69,256,420,787,788
2017-11-20 13:17:53,039,94,69,257,421,787,788
2017-11-20 13:17:54,044,95,69,258,421,787,788
2017-11-20 13:17:55,047,96,69,258,422,787,788
2017-11-20 13:17:56,048,97,69,259,422,787,788
2017-11-20 13:17:57,050,98,69,260,423,787,788
2017-11-20 13:17:58,054,99,69,261,423,787,788
2017-11-20 13:17:59,058,100,69,262,424,787,788
2017-11-20 13:18:00,063,101,69,262,424,787,788
2017-11-20 13:18:01,066,102,69,263,425,787,788
2017-11-20 13:18:02,069,103,69,264,425,787,788
2017-11-20 13:18:03,074,104,69,265,426,787,788
2017-11-20 13:18:04,080,105,69,265,426,787,788
2017-11-20 13:18:05,083,106,69,266,426,787,788
2017-11-20 13:18:06,086,107,69,267,427,787,788
2017-11-20 13:18:07,090,108,69,268,427,787,788
2017-11-20 13:18:08,095,109,69,269,427,787,788
2017-11-20 13:18:09,099,110,69,270,428,787,788
2017-11-20 13:18:10,103,111,69,271,428,787,788
2017-11-20 13:18:11,106,112,69,272,429,787,788
2017-11-20 13:18:12,111,113,69,272,429,787,788
2017-11-20 13:18:13,113,114,69,273,429,787,788
2017-11-20 13:18:14,115,115,69,274,429,787,788
2017-11-20 13:18:15,118,116,69,275,429,787,788
2017-11-20 13:18:16,121,117,69,276,429,787,788
2017-11-20 13:18:17,124,118,69,277,429,787,788
2017-11-20 13:18:18,129,119,69,277,429,787,788
2017-11-20 13:18:19,133,120,69,278,429,787,788
2017-11-20 13:18:20,137,121,69,279,429,787,788
2017-11-20 13:18:21,141,122,69,280,430,787,788
2017-11-20 13:18:22,146,123,69,281,430,787,788
2017-11-20 13:18:23,149,124,69,282,430,787,788
2017-11-20 13:18:24,153,125,69,283,430,787,788
2017-11-20 13:18:25,158,126,69,283,430,787,788
2017-11-20 13:18:26,162,127,69,284,430,787,788
2017-11-20 13:18:27,166,128,69,285,430,787,788
2017-11-20 13:18:28,170,129,69,286,431,787,788
2017-11-20 13:18:29,174,130,69,287,431,787,788
2017-11-20 13:18:30,178,131,69,288,431,787,788
2017-11-20 13:18:31,182,132,69,288,431,787,788
2017-11-20 13:18:32,186,133,69,289,431,787,788
2017-11-20 13:18:33,191,134,69,290,432,787,788
2017-11-20 13:18:34,194,135,69,291,432,787,788
2017-11-20 13:18:35,199,136,69,292,432,787,788
2017-11-20 13:18:36,202,137,69,293,432,787,788
2017-11-20 13:18:37,206,138,70,293,433,787,788
2017-11-20 13:18:38,210,139,70,294,433,787,788
2017-11-20 13:18:39,214,140,69,295,433,787,788
2017-11-20 13:18:40,220,141,69,296,433,787,788
2017-11-20 13:18:41,222,142,70,297,433,787,788
2017-11-20 13:18:42,227,143,69,298,433,787,788
2017-11-20 13:18:43,231,144,69,298,434,787,788
2017-11-20 13:18:44,234,145,70,299,434,787,788
2017-11-20 13:18:45,239,146,69,300,434,787,788
2017-11-20 13:18:46,243,147,70,301,434,787,788
2017-11-20 13:18:47,247,148,70,302,435,787,788
2017-11-20 13:18:48,252,149,70,303,435,787,788
2017-11-20 13:18:49,255,150,70,303,435,787,788
2017-11-20 13:18:50,260,151,70,304,436,787,788
2017-11-20 13:18:51,263,152,70,305,436,787,788
2017-11-20 13:18:52,266,153,70,306,436,787,788
2017-11-20 13:18:53,267,154,70,307,436,787,788
2017-11-20 13:18:54,270,155,70,308,436,787,788
2017-11-20 13:18:55,274,156,70,309,436,787,788
2017-11-20 13:18:56,278,157,70,309,437,787,788
2017-11-20 13:18:57,282,158,70,310,437,787,788
2017-11-20 13:18:58,286,159,70,311,438,787,788
2017-11-20 13:18:59,290,160,70,312,438,787,788
2017-11-20 13:19:00,295,161,70,313,438,787,788
2017-11-20 13:19:01,298,162,70,313,438,787,788
2017-11-20 13:19:02,302,163,70,314,439,787,788
2017-11-20 13:19:03,308,164,70,315,439,787,788
2017-11-20 13:19:04,311,165,70,316,439,787,788
2017-11-20 13:19:05,314,166,70,317,439,787,788
2017-11-20 13:19:06,319,167,70,317,440,787,788
2017-11-20 13:19:07,323,168,70,318,440,787,788
2017-11-20 13:19:08,326,169,70,319,440,787,788
2017-11-20 13:19:09,331,170,70,320,441,787,788
2017-11-20 13:19:10,335,171,70,321,441,787,788
2017-11-20 13:19:11,338,172,70,321,441,787,788
2017-11-20 13:19:12,343,173,70,322,442,787,788
2017-11-20 13:19:13,347,174,70,323,442,787,788
2017-11-20 13:19:14,352,175,70,324,443,787,788
2017-11-20 13:19:15,355,176,70,325,443,787,788
2017-11-20 13:19:16,359,177,70,325,443,787,788
2017-11-20 13:19:17,364,178,70,326,444,787,788
2017-11-20 13:19:18,368,179,70,327,444,787,788
2017-11-20 13:19:19,373,180,70,328,444,787,788
2017-11-20 13:19:20,375,181,70,329,444,787,788
2017-11-20 13:19:21,386,182,70,329,445,787,788
2017-11-20 13:19:22,390,183,70,330,445,787,788
2017-11-20 13:19:23,393,184,70,331,445,787,788
2017-11-20 13:19:24,397,185,70,332,445,786,788
2017-11-20 13:19:25,402,186,70,332,445,787,788
2017-11-20 13:19:26,406,187,70,333,446,787,788
2017-11-20 13:19:27,411,188,70,334,446,787,788
2017-11-20 13:19:28,414,189,70,335,446,787,788
2017-11-20 13:19:29,418,190,70,336,447,787,788
2017-11-20 13:19:30,423,191,70,336,447,787,788
2017-11-20 13:19:31,428,192,70,337,447,786,788
2017-11-20 13:19:32,430,193,70,338,447,786,788
2017-11-20 13:19:33,434,194,70,338,448,787,788
2017-11-20 13:19:34,438,195,70,339,448,787,788
2017-11-20 13:19:35,442,196,70,340,448,787,788
2017-11-20 13:19:36,447,197,70,341,449,787,788
2017-11-20 13:19:37,451,198,70,342,449,787,788
2017-11-20 13:19:38,454,199,70,342,449,787,788
2017-11-20 13:19:39,459,200,70,343,449,787,788
2017-11-20 13:19:40,460,201,70,344,449,787,788
2017-11-20 13:19:41,462,202,70,345,449,787,788
2017-11-20 13:19:42,465,203,70,345,449,787,788
2017-11-20 13:19:43,469,204,70,346,449,787,788
2017-11-20 13:19:44,473,205,70,346,449,787,788
2017-11-20 13:19:45,478,206,70,347,449,787,788
2017-11-20 13:19:46,481,207,70,348,449,787,788
2017-11-20 13:19:47,484,208,70,349,449,787,788
2017-11-20 13:19:48,489,209,70,349,450,787,788
2017-11-20 13:19:49,493,210,70,350,450,787,788
2017-11-20 13:19:50,498,211,70,351,450,787,788
2017-11-20 13:19:51,501,212,70,351,450,787,788
2017-11-20 13:19:52,505,213,70,352,450,786,787
2017-11-20 13:19:53,510,214,70,353,451,787,788
2017-11-20 13:19:54,516,215,70,353,451,787,788
2017-11-20 13:19:55,518,216,70,354,452,787,788
2017-11-20 13:19:56,519,217,70,354,452,787,788
2017-11-20 13:19:57,523,218,70,355,452,787,788
2017-11-20 13:19:58,524,219,70,356,453,787,788
2017-11-20 13:19:59,529,220,70,356,453,787,788
2017-11-20 13:20:00,533,221,70,357,453,787,788
2017-11-20 13:20:01,537,222,70,357,453,787,788
2017-11-20 13:20:02,540,223,70,358,454,787,788
2017-11-20 13:20:03,545,224,70,359,454,787,788
2017-11-20 13:20:04,551,225,70,359,454,787,788
2017-11-20 13:20:05,554,226,70,360,454,787,788
2017-11-20 13:20:06,557,227,70,361,455,787,788
2017-11-20 13:20:07,562,228,70,362,455,787,788
2017-11-20 13:20:08,565,229,70,362,455,787,788
2017-11-20 13:20:09,568,230,70,363,456,787,788
2017-11-20 13:20:10,573,231,70,363,456,787,788
2017-11-20 13:20:11,578,232,70,364,456,787,788
2017-11-20 13:20:12,581,233,70,365,457,787,788
2017-11-20 13:20:13,585,234,70,365,457,787,788
2017-11-20 13:20:14,589,235,70,366,457,787,788
2017-11-20 13:20:15,594,236,70,367,458,787,788
2017-11-20 13:20:16,598,237,70,367,458,787,788
2017-11-20 13:20:17,602,238,70,368,458,786,788
2017-11-20 13:20:18,605,239,70,369,458,787,788
2017-11-20 13:20:19,610,240,70,369,458,787,788
2017-11-20 13:20:20,614,241,70,370,458,787,788
2017-11-20 13:20:21,618,242,70,370,459,787,788
2017-11-20 13:20:22,623,243,70,371,459,787,788
2017-11-20 13:20:23,626,244,70,372,459,786,788
2017-11-20 13:20:24,630,245,70,372,459,787,788
2017-11-20 13:20:25,635,247,70,373,460,787,788
2017-11-20 13:20:26,639,248,70,374,460,787,788
2017-11-20 13:20:27,641,249,70,374,460,787,788
2017-11-20 13:20:28,644,250,70,375,460,786,788
2017-11-20 13:20:29,649,251,70,375,461,786,788
2017-11-20 13:20:30,650,252,70,376,461,787,788
2017-11-20 13:20:31,653,253,70,377,461,787,788
2017-11-20 13:20:32,657,254,70,377,462,787,788
2017-11-20 13:20:33,661,255,70,378,462,787,788
2017-11-20 13:20:34,666,256,70,378,462,787,788
2017-11-20 13:20:35,669,257,70,379,462,787,788
2017-11-20 13:20:36,674,258,70,380,462,787,788
2017-11-20 13:20:37,677,259,70,380,463,787,788
2017-11-20 13:20:38,681,260,70,381,463,787,788
2017-11-20 13:20:39,685,261,70,381,463,787,788
2017-11-20 13:20:40,686,262,70,382,463,787,788
2017-11-20 13:20:41,687,263,70,383,463,787,788
2017-11-20 13:20:42,689,264,70,383,463,787,788
2017-11-20 13:20:43,689,265,70,384,463,786,788
2017-11-20 13:20:44,690,266,70,384,464,786,788
2017-11-20 13:20:45,693,267,70,385,464,786,788
2017-11-20 13:20:46,697,268,70,386,464,786,788
2017-11-20 13:20:47,700,269,70,386,465,786,788
2017-11-20 13:20:48,704,270,70,387,465,786,788
2017-11-20 13:20:49,705,271,70,387,465,786,788
2017-11-20 13:20:50,707,272,70,388,466,786,788
2017-11-20 13:20:51,712,273,70,389,467,786,788
2017-11-20 13:20:52,715,274,70,389,467,787,788
2017-11-20 13:20:53,719,275,70,390,468,787,788
2017-11-20 13:20:54,724,276,70,391,468,787,788
2017-11-20 13:20:55,726,277,70,391,468,787,788
2017-11-20 13:20:56,732,278,70,392,469,786,788
2017-11-20 13:20:57,735,279,70,392,469,786,788
2017-11-20 13:20:58,739,280,70,393,470,786,788
2017-11-20 13:20:59,743,281,70,393,470,786,788
2017-11-20 13:21:00,747,282,70,394,471,787,788
2017-11-20 13:21:01,751,283,70,395,472,787,788
2017-11-20 13:21:02,755,284,70,395,472,786,788
2017-11-20 13:21:03,760,285,70,396,472,786,788
2017-11-20 13:21:04,764,286,70,397,473,786,788
2017-11-20 13:21:05,768,287,70,397,473,786,788
2017-11-20 13:21:06,772,288,70,398,473,786,788
2017-11-20 13:21:07,776,289,70,399,474,786,788
2017-11-20 13:21:08,780,290,70,399,474,786,788
2017-11-20 13:21:09,785,291,70,400,475,787,788
2017-11-20 13:21:10,787,292,70,400,475,786,788
2017-11-20 13:21:11,792,293,70,401,475,786,788
2017-11-20 13:21:12,796,294,70,402,475,787,788
2017-11-20 13:21:13,801,295,70,402,475,786,788
2017-11-20 13:21:14,801,296,70,403,475,786,788
2017-11-20 13:21:15,803,297,70,403,475,786,788
2017-11-20 13:21:16,807,298,70,404,475,786,788
2017-11-20 13:21:17,810,299,70,405,476,786,788
2017-11-20 13:21:18,815,300,70,405,476,786,788
2017-11-20 13:21:19,816,301,70,406,476,787,788
2017-11-20 13:21:20,821,302,70,406,476,786,788
2017-11-20 13:21:21,823,303,70,407,477,787,788
2017-11-20 13:21:22,825,304,70,407,477,787,788
2017-11-20 13:21:23,830,305,70,408,477,787,788
2017-11-20 13:21:24,834,306,70,408,477,786,788
2017-11-20 13:21:25,839,307,70,409,477,786,788
2017-11-20 13:21:26,844,308,70,410,477,786,788
2017-11-20 13:21:27,848,309,70,410,478,786,788
2017-11-20 13:21:28,853,310,70,411,478,786,788
2017-11-20 13:21:29,857,311,70,411,478,786,788
2017-11-20 13:21:30,858,312,70,412,478,787,788
2017-11-20 13:21:31,862,313,70,413,479,787,788
2017-11-20 13:21:32,863,314,70,413,479,786,788
2017-11-20 13:21:33,864,315,70,414,479,787,788
2017-11-20 13:21:34,868,316,70,414,479,786,788
2017-11-20 13:21:35,873,317,70,415,479,786,788
2017-11-20 13:21:36,877,318,70,416,480,787,788
2017-11-20 13:21:37,880,319,70,416,480,787,788
2017-11-20 13:21:38,886,320,70,417,480,787,788
2017-11-20 13:21:39,890,321,70,417,480,787,788
2017-11-20 13:21:40,893,322,70,418,481,787,788
2017-11-20 13:21:41,896,323,70,418,481,787,788
2017-11-20 13:21:42,901,324,70,419,481,787,788
2017-11-20 13:21:43,905,325,70,419,481,787,788
2017-11-20 13:21:44,906,326,70,420,481,787,788
2017-11-20 13:21:45,907,327,70,420,481,787,788
2017-11-20 13:21:46,912,328,70,421,482,787,788
2017-11-20 13:21:47,916,329,70,422,482,786,788
2017-11-20 13:21:48,920,330,70,422,482,786,788
2017-11-20 13:21:49,924,331,70,423,482,787,788
2017-11-20 13:21:50,928,332,70,423,482,787,788
2017-11-20 13:21:51,932,333,70,424,482,786,788
2017-11-20 13:21:52,935,334,70,424,482,786,788
2017-11-20 13:21:53,940,335,70,425,482,787,788
2017-11-20 13:21:54,941,336,70,425,483,786,788
2017-11-20 13:21:55,945,337,70,426,483,786,788
2017-11-20 13:21:56,947,338,70,426,483,786,788
2017-11-20 13:21:57,951,339,70,427,483,786,788
2017-11-20 13:21:58,955,340,70,428,483,786,788
2017-11-20 13:21:59,958,341,70,428,483,786,788
2017-11-20 13:22:00,960,342,70,429,484,786,788
2017-11-20 13:22:01,961,343,70,429,484,786,788
2017-11-20 13:22:02,965,344,70,430,484,787,788
2017-11-20 13:22:03,968,345,70,430,484,786,788
2017-11-20 13:22:04,973,346,70,431,484,786,788
2017-11-20 13:22:05,977,347,70,431,484,786,788
2017-11-20 13:22:06,982,348,70,432,485,786,788
2017-11-20 13:22:07,985,349,70,432,485,787,788
2017-11-20 13:22:08,989,350,70,433,485,787,788
2017-11-20 13:22:09,994,351,70,433,485,787,788
2017-11-20 13:22:10,998,352,70,434,485,786,788
2017-11-20 13:22:12,003,353,70,434,485,787,788
2017-11-20 13:22:13,005,354,70,435,485,787,788
2017-11-20 13:22:14,009,355,70,435,485,786,788
2017-11-20 13:22:15,013,356,70,436,486,787,788
2017-11-20 13:22:16,018,357,70,437,486,787,788
2017-11-20 13:22:17,022,358,70,437,486,787,788
2017-11-20 13:22:18,026,359,70,438,486,787,788
2017-11-20 13:22:19,030,360,70,438,486,787,788
2017-11-20 13:22:20,034,361,70,439,487,787,788
2017-11-20 13:22:21,038,362,70,439,487,787,788
2017-11-20 13:22:22,041,363,70,440,487,786,788
2017-11-20 13:22:23,046,364,70,440,487,786,788
2017-11-20 13:22:24,051,365,70,441,487,787,788
2017-11-20 13:22:25,055,366,70,441,487,787,788
2017-11-20 13:22:26,059,367,70,442,488,787,788
2017-11-20 13:22:27,060,368,70,442,488,787,788
2017-11-20 13:22:28,064,369,70,443,488,786,788
2017-11-20 13:22:29,071,370,70,443,488,787,788
2017-11-20 13:22:30,075,371,70,444,488,786,788
2017-11-20 13:22:31,079,372,70,444,488,786,788
2017-11-20 13:22:32,083,373,70,445,488,787,788
2017-11-20 13:22:33,087,374,70,446,489,786,788
2017-11-20 13:22:34,091,375,70,446,489,786,788
2017-11-20 13:22:35,095,376,70,447,489,786,788
2017-11-20 13:22:36,100,377,70,447,489,786,788
2017-11-20 13:22:37,104,378,70,448,489,786,788
2017-11-20 13:22:38,107,379,70,448,489,786,788
2017-11-20 13:22:39,111,380,70,449,490,786,788
2017-11-20 13:22:40,116,381,70,449,490,787,788
2017-11-20 13:22:41,120,382,70,450,490,786,788
2017-11-20 13:22:42,124,383,70,450,490,786,788
2017-11-20 13:22:43,128,384,70,451,491,787,788
2017-11-20 13:22:44,132,385,70,451,491,786,788
2017-11-20 13:22:45,135,386,70,452,491,786,788
2017-11-20 13:22:46,136,387,70,452,491,786,788
2017-11-20 13:22:47,140,388,70,453,491,786,788
2017-11-20 13:22:48,142,389,70,453,491,786,788
2017-11-20 13:22:49,146,390,70,454,492,786,788
2017-11-20 13:22:50,151,391,70,454,492,786,788
2017-11-20 13:22:51,153,392,70,455,492,786,788
2017-11-20 13:22:52,158,393,70,455,492,786,788
2017-11-20 13:22:53,162,394,70,456,492,787,788
2017-11-20 13:22:54,166,395,70,456,493,787,788
2017-11-20 13:22:55,171,396,70,457,493,787,788
2017-11-20 13:22:56,175,397,70,457,493,786,788
2017-11-20 13:22:57,178,398,70,458,493,787,788
2017-11-20 13:22:58,182,399,70,458,493,786,788
2017-11-20 13:22:59,186,400,70,459,494,787,788
2017-11-20 13:23:00,190,401,70,459,494,786,788
2017-11-20 13:23:01,194,402,70,460,494,787,788
2017-11-20 13:23:02,199,403,70,460,494,786,788
2017-11-20 13:23:03,200,404,70,461,494,786,788
2017-11-20 13:23:04,201,405,70,461,495,787,788
2017-11-20 13:23:05,206,406,70,462,495,786,788
2017-11-20 13:23:06,207,407,70,462,495,786,788
2017-11-20 13:23:07,208,408,70,463,495,786,788
2017-11-20 13:23:08,210,409,70,463,495,786,788
2017-11-20 13:23:09,211,410,70,464,495,786,788
2017-11-20 13:23:10,214,411,70,464,496,786,788
2017-11-20 13:23:11,219,412,70,465,496,786,788
2017-11-20 13:23:12,223,413,70,465,496,786,788
2017-11-20 13:23:13,227,414,70,466,496,787,788
2017-11-20 13:23:14,231,415,70,466,497,787,788
2017-11-20 13:23:15,235,416,70,467,497,786,788
2017-11-20 13:23:16,238,417,70,467,497,786,788
2017-11-20 13:23:17,242,418,70,468,497,786,788
2017-11-20 13:23:18,247,419,70,468,497,787,788
2017-11-20 13:23:19,251,420,70,469,497,786,788
2017-11-20 13:23:20,255,421,70,469,498,786,788
2017-11-20 13:23:21,259,422,70,470,498,787,788
2017-11-20 13:23:22,264,423,70,470,498,786,788
2017-11-20 13:23:23,268,424,70,471,498,787,788
2017-11-20 13:23:24,271,425,70,471,499,787,788
2017-11-20 13:23:25,276,426,70,471,499,787,788
2017-11-20 13:23:26,280,427,70,472,499,787,788
2017-11-20 13:23:27,284,428,70,473,499,787,788
2017-11-20 13:23:28,288,429,70,473,500,787,788
2017-11-20 13:23:29,291,430,70,474,500,786,788
2017-11-20 13:23:30,292,431,70,474,500,786,788
2017-11-20 13:23:31,294,432,70,475,500,786,788
2017-11-20 13:23:32,298,433,70,475,501,786,788
2017-11-20 13:23:33,302,434,70,476,501,786,788
2017-11-20 13:23:34,306,435,70,476,501,786,788
2017-11-20 13:23:35,310,436,70,477,501,786,788
2017-11-20 13:23:36,315,437,70,477,501,786,788
2017-11-20 13:23:37,318,438,70,478,501,786,788
2017-11-20 13:23:38,319,439,70,478,502,787,788
2017-11-20 13:23:39,321,440,70,479,502,787,788
2017-11-20 13:23:40,324,441,70,479,502,786,788
2017-11-20 13:23:41,330,442,70,480,502,786,788
2017-11-20 13:23:42,333,443,70,480,502,787,788
2017-11-20 13:23:43,333,444,70,481,502,786,788
2017-11-20 13:23:44,334,445,70,482,503,787,788
2017-11-20 13:23:45,339,446,70,482,503,786,788
2017-11-20 13:23:46,343,447,70,482,503,787,788
2017-11-20 13:23:47,347,448,70,483,503,786,788
2017-11-20 13:23:48,352,449,70,483,504,786,788
2017-11-20 13:23:49,355,450,70,484,504,786,788
2017-11-20 13:23:50,359,451,70,484,504,786,788
2017-11-20 13:23:51,363,452,70,485,504,786,788
2017-11-20 13:23:52,367,453,70,485,505,786,788
2017-11-20 13:23:53,371,454,70,486,505,786,788
2017-11-20 13:23:54,373,455,70,486,505,786,788
2017-11-20 13:23:55,378,456,70,487,505,786,788
2017-11-20 13:23:56,379,457,70,487,505,786,788
2017-11-20 13:23:57,381,458,70,488,505,786,788
2017-11-20 13:23:58,387,459,70,488,506,786,788
2017-11-20 13:23:59,391,460,70,489,506,786,788
2017-11-20 13:24:00,395,461,70,489,506,786,788
2017-11-20 13:24:01,405,462,70,490,506,786,788
2017-11-20 13:24:02,409,463,70,490,507,786,788
2017-11-20 13:24:03,410,464,70,491,507,786,788
2017-11-20 13:24:04,412,465,70,491,507,786,788
2017-11-20 13:24:05,415,466,70,492,507,786,788
2017-11-20 13:24:06,420,467,70,492,507,786,788
2017-11-20 13:24:07,422,468,70,493,507,786,788
2017-11-20 13:24:08,424,469,70,493,507,786,788
2017-11-20 13:24:09,442,470,70,494,508,786,788
2017-11-20 13:24:10,447,471,70,494,508,786,788
2017-11-20 13:24:11,448,472,70,495,508,786,788
2017-11-20 13:24:12,450,473,70,495,508,786,788
2017-11-20 13:24:13,452,474,70,496,509,786,788
2017-11-20 13:24:14,458,475,70,496,509,786,788
2017-11-20 13:24:15,467,476,70,497,509,786,788
2017-11-20 13:24:16,472,477,70,497,509,786,788
2017-11-20 13:24:17,477,478,70,498,510,786,788
2017-11-20 13:24:18,480,479,70,499,510,786,788
2017-11-20 13:24:19,484,480,70,499,510,786,788
2017-11-20 13:24:20,488,481,70,499,511,786,788
2017-11-20 13:24:21,491,482,70,500,511,786,788
2017-11-20 13:24:22,493,483,70,500,511,786,788
2017-11-20 13:24:23,502,484,70,501,512,786,788
2017-11-20 13:24:24,505,485,70,502,512,786,788
2017-11-20 13:24:25,507,486,70,502,512,786,788
2017-11-20 13:24:26,513,487,70,503,512,786,788
2017-11-20 13:24:27,517,488,70,503,512,786,788
2017-11-20 13:24:28,521,489,70,504,513,786,788
2017-11-20 13:24:29,524,490,70,504,513,786,788
2017-11-20 13:24:30,528,491,70,504,513,786,788
2017-11-20 13:24:31,532,492,70,505,513,786,788
2017-11-20 13:24:32,537,493,70,506,513,786,788
2017-11-20 13:24:33,541,494,70,506,513,786,788
2017-11-20 13:24:34,551,495,70,506,513,786,788
2017-11-20 13:24:35,554,496,70,507,513,786,788
2017-11-20 13:24:36,564,497,70,507,512,786,788
2017-11-20 13:24:37,574,498,70,508,512,786,788
2017-11-20 13:24:38,578,499,70,508,511,786,788
2017-11-20 13:24:39,585,500,70,509,510,786,788
2017-11-20 13:24:40,592,501,70,509,509,786,788
2017-11-20 13:24:41,596,502,70,510,508,786,788
2017-11-20 13:24:42,601,503,70,510,507,786,788
2017-11-20 13:24:43,610,504,70,510,506,786,788
2017-11-20 13:24:44,621,505,70,511,505,786,788
2017-11-20 13:24:45,625,506,70,511,504,786,788
2017-11-20 13:24:46,635,508,70,512,503,786,788
2017-11-20 13:24:47,636,509,70,512,502,786,788
2017-11-20 13:24:48,640,510,70,512,501,786,788
2017-11-20 13:24:49,644,511,70,513,500,786,788
2017-11-20 13:24:50,649,512,70,513,499,786,788
2017-11-20 13:24:51,650,513,70,514,499,786,788
2017-11-20 13:24:52,662,514,70,514,498,786,788
2017-11-20 13:24:53,664,515,70,514,497,786,788
2017-11-20 13:24:54,665,516,70,515,496,786,788
2017-11-20 13:24:55,670,517,70,515,496,786,788
2017-11-20 13:24:56,674,518,70,515,495,786,788
2017-11-20 13:24:57,678,519,70,515,494,786,788
2017-11-20 13:24:58,682,520,70,516,494,786,788
2017-11-20 13:24:59,687,521,70,516,493,786,788
2017-11-20 13:25:00,691,522,70,516,493,786,788
2017-11-20 13:25:01,695,523,70,516,492,786,788
2017-11-20 13:25:02,698,524,70,516,491,786,788
2017-11-20 13:25:03,703,525,70,517,491,786,788
2017-11-20 13:25:04,705,526,70,517,490,786,788
2017-11-20 13:25:05,705,527,70,517,490,786,788
2017-11-20 13:25:06,709,528,70,517,489,786,788
2017-11-20 13:25:07,713,529,70,518,489,786,788
2017-11-20 13:25:08,717,530,70,518,488,786,788
2017-11-20 13:25:09,721,531,70,518,488,786,788
2017-11-20 13:25:10,725,532,70,518,487,786,788
2017-11-20 13:25:11,726,533,70,518,487,786,788
2017-11-20 13:25:12,728,534,70,519,486,786,788
2017-11-20 13:25:13,732,535,70,519,486,786,788
2017-11-20 13:25:14,736,536,70,519,485,786,788
2017-11-20 13:25:15,741,537,70,519,485,786,788
2017-11-20 13:25:16,744,538,70,519,484,786,788
2017-11-20 13:25:17,748,539,70,520,484,786,788
2017-11-20 13:25:18,752,540,70,520,484,786,788
2017-11-20 13:25:19,756,541,70,520,484,786,788
2017-11-20 13:25:20,760,542,70,520,483,786,788
2017-11-20 13:25:21,763,543,70,520,483,786,788
2017-11-20 13:25:22,769,544,70,520,483,786,788
2017-11-20 13:25:23,770,545,70,521,482,786,788
2017-11-20 13:25:24,771,546,70,521,482,786,788
2017-11-20 13:25:25,775,547,70,521,482,786,788
2017-11-20 13:25:26,778,548,70,521,481,786,788
2017-11-20 13:25:27,783,549,70,521,481,786,788
2017-11-20 13:25:28,787,550,70,521,481,786,788
2017-11-20 13:25:29,791,551,70,522,480,786,788
2017-11-20 13:25:30,795,552,71,522,480,786,788
2017-11-20 13:25:31,799,553,70,522,480,786,788
2017-11-20 13:25:32,803,554,70,522,480,786,788
2017-11-20 13:25:33,808,555,70,522,479,786,788
2017-11-20 13:25:34,813,556,71,522,479,786,788
2017-11-20 13:25:35,816,557,70,522,479,786,788
2017-11-20 13:25:36,820,558,70,522,478,786,788
2017-11-20 13:25:37,824,559,70,522,478,786,788
2017-11-20 13:25:38,827,560,70,523,478,786,788
2017-11-20 13:25:39,831,561,70,523,478,786,788
2017-11-20 13:25:40,836,562,70,523,477,786,788
2017-11-20 13:25:41,841,563,70,523,477,786,788
2017-11-20 13:25:42,844,564,70,523,477,786,788
2017-11-20 13:25:43,848,565,70,523,477,786,788
2017-11-20 13:25:44,853,566,71,523,477,786,788
2017-11-20 13:25:45,857,567,70,524,478,786,788
2017-11-20 13:25:46,861,568,70,524,478,786,788
2017-11-20 13:25:47,865,569,70,524,479,786,788
2017-11-20 13:25:48,868,570,71,524,480,786,788
2017-11-20 13:25:49,878,571,70,524,480,786,788
2017-11-20 13:25:50,885,572,70,524,481,786,788
2017-11-20 13:25:51,886,573,70,524,481,786,788
2017-11-20 13:25:52,890,574,71,524,482,786,788
2017-11-20 13:25:53,894,575,71,525,482,786,788
2017-11-20 13:25:54,898,576,71,525,482,786,788
2017-11-20 13:25:55,902,577,70,525,483,786,788
2017-11-20 13:25:56,907,578,70,525,483,786,788
2017-11-20 13:25:57,911,579,71,525,484,786,788
2017-11-20 13:25:58,914,580,71,525,484,786,788
2017-11-20 13:25:59,919,581,70,525,485,786,788
2017-11-20 13:26:00,922,582,71,525,485,786,788
2017-11-20 13:26:01,927,583,70,526,485,786,788
2017-11-20 13:26:02,931,584,71,526,485,786,788
2017-11-20 13:26:03,936,585,71,526,486,786,788
2017-11-20 13:26:04,941,586,71,526,486,786,788
2017-11-20 13:26:05,946,587,71,526,486,786,788
2017-11-20 13:26:06,949,588,70,527,486,786,788
2017-11-20 13:26:07,951,589,71,527,487,786,788
2017-11-20 13:26:08,956,590,71,527,487,786,788
2017-11-20 13:26:09,960,591,71,527,487,786,788
2017-11-20 13:26:10,961,592,71,528,487,786,788
2017-11-20 13:26:11,962,593,71,528,487,786,788
2017-11-20 13:26:12,966,594,71,528,487,786,788
2017-11-20 13:26:13,970,595,71,528,487,786,788
2017-11-20 13:26:14,974,596,70,528,488,786,788
2017-11-20 13:26:15,978,597,70,528,488,786,788
2017-11-20 13:26:16,983,598,71,529,488,786,788
2017-11-20 13:26:17,986,599,71,529,488,786,788
2017-11-20 13:26:18,990,600,71,529,488,786,788
2017-11-20 13:26:19,994,601,71,529,488,786,788
2017-11-20 13:26:20,998,602,71,530,488,786,788
2017-11-20 13:26:22,003,603,71,530,488,786,788
2017-11-20 13:26:23,007,604,71,530,488,786,788
2017-11-20 13:26:24,011,605,71,531,488,786,788
2017-11-20 13:26:25,015,606,71,531,488,786,788
2017-11-20 13:26:26,019,607,71,531,488,786,788
2017-11-20 13:26:27,024,608,71,531,488,786,788
2017-11-20 13:26:28,027,609,71,532,488,786,788
2017-11-20 13:26:29,029,610,71,532,488,786,788
2017-11-20 13:26:30,032,611,71,532,488,786,788
2017-11-20 13:26:31,033,612,71,532,488,786,788
2017-11-20 13:26:32,038,613,71,532,488,786,788
2017-11-20 13:26:33,041,614,71,533,488,786,788
2017-11-20 13:26:34,046,615,71,533,488,786,788
2017-11-20 13:26:35,048,616,71,533,488,786,788
2017-11-20 13:26:36,053,617,71,533,488,786,788
2017-11-20 13:26:37,058,618,71,533,488,786,788
2017-11-20 13:26:38,062,619,71,534,488,786,788
2017-11-20 13:26:39,067,620,71,534,488,786,788
2017-11-20 13:26:40,070,621,71,534,488,786,788
2017-11-20 13:26:41,074,622,71,535,488,786,788
2017-11-20 13:26:42,078,623,71,535,488,786,788
2017-11-20 13:26:43,083,624,71,535,488,786,788
2017-11-20 13:26:44,087,625,71,535,488,786,788
2017-11-20 13:26:45,092,626,71,536,488,786,788
2017-11-20 13:26:46,095,627,71,536,488,786,788
2017-11-20 13:26:47,099,628,71,536,488,786,788
2017-11-20 13:26:48,103,629,71,536,488,786,788
2017-11-20 13:26:49,107,630,71,537,488,786,788
2017-11-20 13:26:50,110,631,71,537,488,786,788
2017-11-20 13:26:51,116,632,71,537,488,786,788
2017-11-20 13:26:52,118,633,71,537,488,786,788
2017-11-20 13:26:53,123,634,71,538,488,786,788
2017-11-20 13:26:54,128,635,71,538,488,786,788
2017-11-20 13:26:55,131,636,71,538,488,786,788
2017-11-20 13:26:56,136,637,71,539,488,786,788
2017-11-20 13:26:57,140,638,71,539,488,786,788
2017-11-20 13:26:58,142,639,71,539,487,786,788
2017-11-20 13:26:59,147,640,71,539,487,786,788
2017-11-20 13:27:00,151,641,71,540,487,786,788
2017-11-20 13:27:01,152,642,71,540,487,786,788
2017-11-20 13:27:02,154,643,71,540,486,786,788
2017-11-20 13:27:03,158,644,71,540,486,786,788
2017-11-20 13:27:04,162,645,71,541,486,786,788
2017-11-20 13:27:05,166,646,71,541,486,786,788
2017-11-20 13:27:06,171,647,71,541,486,786,788
2017-11-20 13:27:07,175,648,71,542,485,786,788
2017-11-20 13:27:08,177,649,71,542,485,786,788
2017-11-20 13:27:09,182,650,71,542,484,786,788
2017-11-20 13:27:10,187,651,71,542,483,786,788
2017-11-20 13:27:11,190,652,71,542,482,786,788
2017-11-20 13:27:12,195,653,71,543,482,786,788
2017-11-20 13:27:13,197,654,71,543,481,786,788
2017-11-20 13:27:14,203,655,71,543,480,786,788
2017-11-20 13:27:15,208,656,71,543,480,786,788
2017-11-20 13:27:16,209,657,71,544,479,786,788
2017-11-20 13:27:17,210,658,71,544,478,786,788
2017-11-20 13:27:18,213,659,71,544,478,786,788
2017-11-20 13:27:19,217,660,71,544,477,786,788
2017-11-20 13:27:20,221,661,71,544,477,786,788
2017-11-20 13:27:21,225,662,71,544,476,786,788
2017-11-20 13:27:22,230,663,71,544,476,786,788
2017-11-20 13:27:23,233,664,71,545,475,786,788
2017-11-20 13:27:24,238,665,71,545,475,786,788
2017-11-20 13:27:25,242,666,71,545,474,786,788
2017-11-20 13:27:26,244,667,71,545,474,786,788
2017-11-20 13:27:27,246,668,71,545,474,786,788
