2016-11-20 21:49:02,844,coffee,datetime,ms,seconds,ambient_temp,thermocouple_0_temp,thermocouple_1_temp,thermocouple_2_temp,thermocouple_3_temp
2016-11-20 21:49:04,912,2,77,479,408,785,785
2016-11-20 21:49:05,918,3,77,472,403,784,785
2016-11-20 21:49:06,923,4,77,463,397,784,785
2016-11-20 21:49:07,929,5,77,452,392,785,785
2016-11-20 21:49:08,934,6,77,441,386,785,785
2016-11-20 21:49:09,935,7,77,431,380,785,785
2016-11-20 21:49:10,940,8,77,421,377,785,785
2016-11-20 21:49:11,940,9,77,412,376,784,785
2016-11-20 21:49:12,941,10,77,403,374,784,785
2016-11-20 21:49:13,946,11,77,394,373,785,785
2016-11-20 21:49:14,948,12,77,386,372,784,785
2016-11-20 21:49:15,949,13,77,379,371,785,785
2016-11-20 21:49:16,953,14,77,371,370,784,785
2016-11-20 21:49:17,955,15,77,364,369,785,785
2016-11-20 21:49:18,958,16,77,357,368,785,785
2016-11-20 21:49:19,961,17,77,350,367,785,785
2016-11-20 21:49:20,964,18,77,344,366,784,785
2016-11-20 21:49:21,969,19,77,338,366,785,785
2016-11-20 21:49:22,972,20,77,331,365,785,785
2016-11-20 21:49:23,977,21,77,326,364,785,785
2016-11-20 21:49:24,982,22,77,321,363,784,785
2016-11-20 21:49:25,986,23,77,316,363,784,785
2016-11-20 21:49:26,988,24,77,311,362,785,785
2016-11-20 21:49:27,989,25,77,306,362,785,785
2016-11-20 21:49:28,994,26,77,301,362,785,785
2016-11-20 21:49:29,995,27,77,297,361,784,785
2016-11-20 21:49:30,998,28,77,293,361,784,785
2016-11-20 21:49:32,004,29,77,289,361,785,785
2016-11-20 21:49:33,010,30,77,286,360,785,785
2016-11-20 21:49:34,011,31,77,282,360,784,785
2016-11-20 21:49:35,011,32,77,279,359,785,785
2016-11-20 21:49:36,015,33,77,275,359,785,785
2016-11-20 21:49:37,020,34,77,272,359,785,785
2016-11-20 21:49:38,026,35,77,269,360,785,785
2016-11-20 21:49:39,028,36,77,266,360,785,785
2016-11-20 21:49:40,030,37,77,264,361,784,785
2016-11-20 21:49:41,033,38,77,261,361,785,785
2016-11-20 21:49:42,036,39,77,259,362,785,785
2016-11-20 21:49:43,041,40,77,257,362,784,785
2016-11-20 21:49:44,043,41,77,255,362,784,785
2016-11-20 21:49:45,048,42,77,253,363,785,785
2016-11-20 21:49:46,052,43,77,251,363,785,785
2016-11-20 21:49:47,056,44,77,249,363,785,785
2016-11-20 21:49:48,058,45,77,247,364,784,785
2016-11-20 21:49:49,058,46,77,246,364,785,785
2016-11-20 21:49:50,059,47,77,244,365,784,785
2016-11-20 21:49:51,063,48,77,243,365,785,785
2016-11-20 21:49:52,065,49,77,241,366,785,785
2016-11-20 21:49:53,071,50,77,240,366,785,785
2016-11-20 21:49:54,075,51,77,239,366,785,785
2016-11-20 21:49:55,080,52,77,238,367,785,785
2016-11-20 21:49:56,083,53,77,236,367,785,785
2016-11-20 21:49:57,088,54,77,236,367,785,785
2016-11-20 21:49:58,092,55,77,235,368,785,785
2016-11-20 21:49:59,097,56,77,234,368,785,785
2016-11-20 21:50:00,102,57,77,233,368,785,785
2016-11-20 21:50:01,107,58,77,233,368,784,785
2016-11-20 21:50:02,109,59,77,232,368,785,785
2016-11-20 21:50:03,114,60,77,231,369,785,785
2016-11-20 21:50:04,120,61,77,231,369,784,785
2016-11-20 21:50:05,122,62,77,230,369,785,785
2016-11-20 21:50:06,125,63,77,230,369,785,785
2016-11-20 21:50:07,127,64,77,230,370,784,785
2016-11-20 21:50:08,129,65,77,229,371,784,785
2016-11-20 21:50:09,132,66,77,229,371,784,785
2016-11-20 21:50:10,135,67,77,228,372,785,785
2016-11-20 21:50:11,137,68,77,228,372,785,785
2016-11-20 21:50:12,142,69,77,228,373,785,785
2016-11-20 21:50:13,147,70,77,228,374,785,785
2016-11-20 21:50:14,151,71,77,228,374,784,785
2016-11-20 21:50:15,154,72,77,228,375,785,785
2016-11-20 21:50:16,155,73,77,228,375,785,785
2016-11-20 21:50:17,158,74,77,228,376,785,785
2016-11-20 21:50:18,161,75,77,228,376,785,785
2016-11-20 21:50:19,162,76,77,228,376,784,785
2016-11-20 21:50:20,165,77,77,228,377,785,785
2016-11-20 21:50:21,168,78,77,228,377,784,785
2016-11-20 21:50:22,169,79,77,229,377,785,785
2016-11-20 21:50:23,170,80,77,229,378,785,785
2016-11-20 21:50:24,175,81,77,229,378,785,785
2016-11-20 21:50:25,176,82,77,229,378,785,785
2016-11-20 21:50:26,179,83,77,230,379,785,785
2016-11-20 21:50:27,181,84,77,230,379,785,785
2016-11-20 21:50:28,185,85,77,230,379,785,785
2016-11-20 21:50:29,190,86,77,230,380,785,785
2016-11-20 21:50:30,193,87,77,230,380,784,785
2016-11-20 21:50:31,198,88,77,231,381,785,785
2016-11-20 21:50:32,204,89,77,231,381,784,785
2016-11-20 21:50:33,209,90,77,232,381,784,785
2016-11-20 21:50:34,215,91,77,232,382,785,785
2016-11-20 21:50:35,219,92,77,233,382,785,785
2016-11-20 21:50:36,221,93,77,233,383,785,785
2016-11-20 21:50:37,224,94,77,234,384,785,785
2016-11-20 21:50:38,227,95,77,234,384,784,785
2016-11-20 21:50:39,232,96,77,235,385,784,785
2016-11-20 21:50:40,235,97,77,236,385,785,785
2016-11-20 21:50:41,241,98,77,236,386,785,785
2016-11-20 21:50:42,246,99,77,237,386,785,785
2016-11-20 21:50:43,249,100,77,237,387,785,785
2016-11-20 21:50:44,253,101,77,238,387,784,785
2016-11-20 21:50:45,258,102,77,239,387,785,785
2016-11-20 21:50:46,263,103,77,239,388,785,785
2016-11-20 21:50:47,266,104,77,240,388,785,785
2016-11-20 21:50:48,272,105,77,240,389,785,785
2016-11-20 21:50:49,275,106,77,241,389,785,785
2016-11-20 21:50:50,277,107,77,242,389,784,785
2016-11-20 21:50:51,283,108,77,242,390,785,785
2016-11-20 21:50:52,285,109,77,243,390,784,785
2016-11-20 21:50:53,288,110,77,244,391,785,785
2016-11-20 21:50:54,290,111,77,245,391,785,785
2016-11-20 21:50:55,292,112,77,245,391,785,785
2016-11-20 21:50:56,298,113,77,246,392,784,785
2016-11-20 21:50:57,302,114,77,247,392,785,785
2016-11-20 21:50:58,307,115,77,247,393,784,785
2016-11-20 21:50:59,309,116,77,248,393,785,785
2016-11-20 21:51:00,310,117,77,249,393,785,785
2016-11-20 21:51:01,314,118,77,249,394,784,785
2016-11-20 21:51:02,319,119,77,250,394,784,785
2016-11-20 21:51:03,323,120,77,251,394,785,785
2016-11-20 21:51:04,326,121,77,252,395,785,785
2016-11-20 21:51:05,331,122,77,253,395,784,785
2016-11-20 21:51:06,335,123,77,254,395,785,786
2016-11-20 21:51:07,340,124,77,254,395,784,785
2016-11-20 21:51:08,342,125,77,255,396,785,785
2016-11-20 21:51:09,348,126,77,256,396,785,785
2016-11-20 21:51:10,349,127,77,257,396,785,785
2016-11-20 21:51:11,350,128,77,257,397,784,785
2016-11-20 21:51:12,351,129,77,258,397,785,785
2016-11-20 21:51:13,353,130,77,259,398,785,785
2016-11-20 21:51:14,354,131,77,260,398,784,785
2016-11-20 21:51:15,358,132,77,261,398,785,785
2016-11-20 21:51:16,361,133,77,261,399,785,785
2016-11-20 21:51:17,362,134,77,262,399,785,785
2016-11-20 21:51:18,366,135,77,263,399,785,785
2016-11-20 21:51:19,368,136,77,264,399,785,785
2016-11-20 21:51:20,374,137,77,265,400,785,785
2016-11-20 21:51:21,376,138,77,265,400,784,785
2016-11-20 21:51:22,380,139,77,266,400,784,785
2016-11-20 21:51:23,385,140,77,267,400,784,785
2016-11-20 21:51:24,386,141,77,268,400,785,785
2016-11-20 21:51:25,391,142,77,269,401,784,785
2016-11-20 21:51:26,392,143,77,270,401,785,786
2016-11-20 21:51:27,393,144,77,270,401,784,785
2016-11-20 21:51:28,394,145,77,271,401,784,785
2016-11-20 21:51:29,398,146,77,272,402,784,785
2016-11-20 21:51:30,402,147,77,273,402,784,785
2016-11-20 21:51:31,407,148,77,273,402,785,785
2016-11-20 21:51:32,408,149,77,274,402,785,785
2016-11-20 21:51:33,411,150,77,275,402,784,785
2016-11-20 21:51:34,415,151,77,276,402,784,785
2016-11-20 21:51:35,418,152,77,277,403,784,785
2016-11-20 21:51:36,422,153,77,277,403,785,785
2016-11-20 21:51:37,424,154,77,278,403,785,786
2016-11-20 21:51:38,429,155,77,279,403,784,785
2016-11-20 21:51:39,434,156,77,280,404,784,785
2016-11-20 21:51:40,439,157,77,281,404,785,785
2016-11-20 21:51:41,444,158,77,281,404,785,785
2016-11-20 21:51:42,447,159,77,283,404,785,785
2016-11-20 21:51:43,451,160,77,283,405,785,785
2016-11-20 21:51:44,456,161,77,284,405,785,785
2016-11-20 21:51:45,460,162,77,285,405,785,785
2016-11-20 21:51:46,464,163,77,286,405,785,785
2016-11-20 21:51:47,468,164,77,287,405,784,785
2016-11-20 21:51:48,473,165,77,287,405,785,785
2016-11-20 21:51:49,479,166,77,288,405,785,785
2016-11-20 21:51:50,483,167,77,289,406,785,786
2016-11-20 21:51:51,490,168,77,290,406,785,785
2016-11-20 21:51:52,495,169,77,290,406,785,785
2016-11-20 21:51:53,499,170,77,291,407,785,785
2016-11-20 21:51:54,500,171,77,292,407,784,785
2016-11-20 21:51:55,504,172,77,293,407,785,785
2016-11-20 21:51:56,507,173,77,294,408,785,785
2016-11-20 21:51:57,510,174,77,294,408,785,785
2016-11-20 21:51:58,515,175,77,295,408,784,785
2016-11-20 21:51:59,518,176,77,296,409,785,785
2016-11-20 21:52:00,522,177,77,297,409,785,785
2016-11-20 21:52:01,525,178,77,297,409,785,785
2016-11-20 21:52:02,530,179,77,298,409,784,785
2016-11-20 21:52:03,533,180,77,299,410,785,785
2016-11-20 21:52:04,534,181,77,300,410,785,785
2016-11-20 21:52:05,539,182,77,300,410,785,785
2016-11-20 21:52:06,546,183,77,301,410,784,785
2016-11-20 21:52:07,548,184,77,302,411,785,785
2016-11-20 21:52:08,549,185,77,302,411,785,785
2016-11-20 21:52:09,555,186,77,303,411,785,785
2016-11-20 21:52:10,560,187,77,304,412,785,785
2016-11-20 21:52:11,564,188,77,305,412,785,785
2016-11-20 21:52:12,565,189,77,305,412,785,785
2016-11-20 21:52:13,568,190,77,306,413,785,785
2016-11-20 21:52:14,572,191,77,307,413,785,785
2016-11-20 21:52:15,576,192,77,308,413,785,785
2016-11-20 21:52:16,580,193,77,308,414,785,785
2016-11-20 21:52:17,583,194,77,309,414,785,785
2016-11-20 21:52:18,588,195,77,310,414,785,785
2016-11-20 21:52:19,592,196,77,311,415,785,785
2016-11-20 21:52:20,597,197,77,311,415,784,785
2016-11-20 21:52:21,601,198,77,312,415,785,785
2016-11-20 21:52:22,606,199,77,313,415,785,785
2016-11-20 21:52:23,606,200,77,314,415,785,785
2016-11-20 21:52:24,607,201,77,314,415,785,785
2016-11-20 21:52:25,613,202,77,315,415,784,785
2016-11-20 21:52:26,616,203,77,316,415,785,786
2016-11-20 21:52:27,621,204,77,316,416,785,785
2016-11-20 21:52:28,622,205,77,317,416,784,785
2016-11-20 21:52:29,625,206,77,318,416,785,785
2016-11-20 21:52:30,628,207,77,318,416,785,785
2016-11-20 21:52:31,633,208,77,319,416,785,785
2016-11-20 21:52:32,636,209,77,319,417,785,785
2016-11-20 21:52:33,639,210,77,320,417,785,785
2016-11-20 21:52:34,644,211,77,321,417,785,785
2016-11-20 21:52:35,651,212,77,322,417,785,785
2016-11-20 21:52:36,654,213,77,322,417,784,785
2016-11-20 21:52:37,659,214,77,323,417,785,785
2016-11-20 21:52:38,662,215,77,324,418,785,785
2016-11-20 21:52:39,668,216,77,325,418,785,785
2016-11-20 21:52:40,670,217,77,325,418,785,785
2016-11-20 21:52:41,673,218,77,326,418,785,785
2016-11-20 21:52:42,679,219,77,326,418,785,785
2016-11-20 21:52:43,683,220,77,327,419,785,785
2016-11-20 21:52:44,687,221,77,328,419,785,785
2016-11-20 21:52:45,688,222,77,329,419,785,785
2016-11-20 21:52:46,694,223,77,329,419,785,785
2016-11-20 21:52:47,699,224,77,330,419,785,785
2016-11-20 21:52:48,704,225,77,330,420,785,786
2016-11-20 21:52:49,707,226,77,331,420,785,785
2016-11-20 21:52:50,708,227,77,331,420,785,785
2016-11-20 21:52:51,711,228,77,332,421,785,785
2016-11-20 21:52:52,717,229,77,333,421,785,785
2016-11-20 21:52:53,719,230,77,333,421,785,785
2016-11-20 21:52:54,725,231,77,334,421,785,785
2016-11-20 21:52:55,728,232,77,334,422,785,785
2016-11-20 21:52:56,732,233,77,335,422,785,785
2016-11-20 21:52:57,736,234,77,336,423,785,785
2016-11-20 21:52:58,738,235,77,336,423,785,785
2016-11-20 21:52:59,740,236,77,337,423,785,785
2016-11-20 21:53:00,743,237,77,337,423,785,785
2016-11-20 21:53:01,747,238,77,338,423,785,785
2016-11-20 21:53:02,752,239,77,338,424,785,785
2016-11-20 21:53:03,752,240,77,339,424,785,785
2016-11-20 21:53:04,754,241,77,340,424,785,785
2016-11-20 21:53:05,759,242,77,340,424,785,785
2016-11-20 21:53:06,761,243,77,341,424,785,785
2016-11-20 21:53:07,764,244,77,341,424,784,785
2016-11-20 21:53:08,766,245,77,342,424,785,785
2016-11-20 21:53:09,772,246,77,343,424,785,785
2016-11-20 21:53:10,774,247,77,343,424,785,785
2016-11-20 21:53:11,776,248,77,344,423,785,785
2016-11-20 21:53:12,782,249,77,344,423,785,785
2016-11-20 21:53:13,784,250,77,345,423,785,785
2016-11-20 21:53:14,789,251,77,346,423,785,785
2016-11-20 21:53:15,790,252,77,346,423,785,785
2016-11-20 21:53:16,795,253,77,347,424,785,785
2016-11-20 21:53:17,798,254,77,347,424,785,785
2016-11-20 21:53:18,798,255,77,348,424,785,785
2016-11-20 21:53:19,799,256,77,349,424,785,785
2016-11-20 21:53:20,805,257,77,349,424,785,785
2016-11-20 21:53:21,811,258,77,350,424,784,785
2016-11-20 21:53:22,815,259,77,351,424,785,785
2016-11-20 21:53:23,820,260,77,351,424,785,785
2016-11-20 21:53:24,822,261,77,352,424,785,785
2016-11-20 21:53:25,828,262,77,352,425,785,785
2016-11-20 21:53:26,831,263,77,353,425,785,785
2016-11-20 21:53:27,832,264,77,353,425,785,785
2016-11-20 21:53:28,838,265,77,354,425,785,785
2016-11-20 21:53:29,843,266,77,354,425,785,785
2016-11-20 21:53:30,848,268,77,355,425,785,785
2016-11-20 21:53:31,848,269,77,355,424,785,785
2016-11-20 21:53:32,851,270,77,356,424,785,785
2016-11-20 21:53:33,854,271,77,356,423,785,785
2016-11-20 21:53:34,855,272,77,357,423,785,785
2016-11-20 21:53:35,858,273,77,357,423,785,785
2016-11-20 21:53:36,861,274,77,358,423,785,785
2016-11-20 21:53:37,863,275,77,358,423,785,785
2016-11-20 21:53:38,864,276,77,359,423,785,785
2016-11-20 21:53:39,868,277,77,359,423,785,786
2016-11-20 21:53:40,870,278,77,360,423,785,785
2016-11-20 21:53:41,872,279,77,360,423,785,785
2016-11-20 21:53:42,875,280,77,361,423,785,785
2016-11-20 21:53:43,876,281,77,361,423,785,785
2016-11-20 21:53:44,881,282,77,362,423,785,785
2016-11-20 21:53:45,887,283,77,362,423,785,785
2016-11-20 21:53:46,892,284,77,363,423,785,785
2016-11-20 21:53:47,898,285,77,363,423,785,785
2016-11-20 21:53:48,901,286,77,364,424,785,785
2016-11-20 21:53:49,905,287,77,364,424,785,785
2016-11-20 21:53:50,909,288,77,365,425,785,785
2016-11-20 21:53:51,910,289,77,365,425,785,785
2016-11-20 21:53:52,915,290,77,366,426,785,785
2016-11-20 21:53:53,916,291,77,366,426,785,785
2016-11-20 21:53:54,920,292,77,367,427,784,785
2016-11-20 21:53:55,924,293,77,367,427,785,785
2016-11-20 21:53:56,929,294,77,368,428,785,785
2016-11-20 21:53:57,934,295,77,368,428,785,785
2016-11-20 21:53:58,936,296,77,369,429,785,785
2016-11-20 21:53:59,941,297,77,369,429,785,786
2016-11-20 21:54:00,942,298,77,370,430,785,785
2016-11-20 21:54:01,942,299,77,370,430,785,785
2016-11-20 21:54:02,944,300,77,371,431,785,785
2016-11-20 21:54:03,949,301,77,371,430,785,785
2016-11-20 21:54:04,950,302,77,372,430,785,785
2016-11-20 21:54:05,955,303,77,372,430,785,785
2016-11-20 21:54:06,959,304,77,373,429,785,785
2016-11-20 21:54:07,963,305,77,373,430,785,785
2016-11-20 21:54:08,967,306,77,374,430,785,785
2016-11-20 21:54:09,972,307,77,374,431,785,785
2016-11-20 21:54:10,973,308,77,375,431,785,785
2016-11-20 21:54:11,974,309,77,375,431,785,785
2016-11-20 21:54:12,979,310,77,376,432,785,785
2016-11-20 21:54:13,981,311,77,376,432,785,785
2016-11-20 21:54:14,982,312,77,377,432,785,785
2016-11-20 21:54:15,986,313,77,377,433,785,785
2016-11-20 21:54:16,992,314,77,378,433,785,785
2016-11-20 21:54:17,996,315,77,378,433,785,785
2016-11-20 21:54:18,997,316,77,379,434,785,785
2016-11-20 21:54:20,003,317,77,379,434,785,785
2016-11-20 21:54:21,005,318,77,380,434,785,785
2016-11-20 21:54:22,010,319,77,380,434,785,785
2016-11-20 21:54:23,015,320,77,381,435,785,785
2016-11-20 21:54:24,020,321,77,381,435,785,785
2016-11-20 21:54:25,023,322,77,382,435,785,785
2016-11-20 21:54:26,028,323,77,382,435,785,785
2016-11-20 21:54:27,030,324,77,382,436,785,786
2016-11-20 21:54:28,031,325,77,383,436,785,785
2016-11-20 21:54:29,035,326,77,383,436,785,785
2016-11-20 21:54:30,036,327,77,384,436,785,785
2016-11-20 21:54:31,038,328,77,384,436,785,786
2016-11-20 21:54:32,042,329,77,385,436,785,785
2016-11-20 21:54:33,044,330,77,385,436,785,785
2016-11-20 21:54:34,044,331,77,386,437,785,786
2016-11-20 21:54:35,050,332,77,387,437,785,785
2016-11-20 21:54:36,051,333,77,387,437,785,785
2016-11-20 21:54:37,052,334,77,387,437,785,786
2016-11-20 21:54:38,056,335,77,388,437,784,785
2016-11-20 21:54:39,057,336,77,388,437,785,785
2016-11-20 21:54:40,063,337,77,389,438,785,786
2016-11-20 21:54:41,067,338,77,389,438,785,785
2016-11-20 21:54:42,073,339,77,390,438,785,786
2016-11-20 21:54:43,074,340,77,390,438,785,785
2016-11-20 21:54:44,074,341,77,390,438,785,786
2016-11-20 21:54:45,079,342,77,391,439,785,786
2016-11-20 21:54:46,080,343,77,391,439,785,785
2016-11-20 21:54:47,083,344,77,392,439,785,786
2016-11-20 21:54:48,086,345,77,392,439,785,786
2016-11-20 21:54:49,087,346,77,393,439,785,785
2016-11-20 21:54:50,091,347,77,393,439,785,786
2016-11-20 21:54:51,094,348,77,394,439,785,785
2016-11-20 21:54:52,099,349,77,394,439,784,785
2016-11-20 21:54:53,103,350,77,394,439,785,785
2016-11-20 21:54:54,103,351,77,395,439,785,786
2016-11-20 21:54:55,107,352,77,395,439,785,786
2016-11-20 21:54:56,109,353,77,396,440,785,786
2016-11-20 21:54:57,114,354,77,396,440,785,786
2016-11-20 21:54:58,117,355,77,396,440,785,785
2016-11-20 21:54:59,121,356,77,397,440,785,786
2016-11-20 21:55:00,126,357,77,397,440,785,785
2016-11-20 21:55:01,129,358,77,398,440,785,785
2016-11-20 21:55:02,135,359,77,398,441,785,786
2016-11-20 21:55:03,137,360,77,399,441,785,786
2016-11-20 21:55:04,140,361,77,399,441,785,786
2016-11-20 21:55:05,144,362,77,399,441,785,785
2016-11-20 21:55:06,150,363,77,400,440,785,785
2016-11-20 21:55:07,155,364,77,400,441,785,785
2016-11-20 21:55:08,160,365,77,401,441,785,785
2016-11-20 21:55:09,162,366,77,401,441,785,786
2016-11-20 21:55:10,167,367,77,402,441,785,785
2016-11-20 21:55:11,168,368,77,402,441,785,786
2016-11-20 21:55:12,173,369,77,402,441,785,785
2016-11-20 21:55:13,176,370,77,403,442,785,786
2016-11-20 21:55:14,181,371,77,403,442,785,786
2016-11-20 21:55:15,184,372,77,404,442,785,786
2016-11-20 21:55:16,187,373,77,404,441,785,785
2016-11-20 21:55:17,193,374,77,405,441,785,785
2016-11-20 21:55:18,196,375,77,405,441,785,785
2016-11-20 21:55:19,201,376,77,406,441,785,785
2016-11-20 21:55:20,203,377,77,406,441,785,785
2016-11-20 21:55:21,209,378,77,406,441,784,785
2016-11-20 21:55:22,213,379,77,407,442,785,786
2016-11-20 21:55:23,218,380,77,407,442,785,785
2016-11-20 21:55:24,221,381,77,408,442,785,785
2016-11-20 21:55:25,226,382,77,408,442,785,786
2016-11-20 21:55:26,229,383,77,408,442,785,786
2016-11-20 21:55:27,234,384,77,409,442,785,785
2016-11-20 21:55:28,235,385,77,409,442,785,785
2016-11-20 21:55:29,240,386,77,410,442,785,785
2016-11-20 21:55:30,242,387,77,410,442,785,785
2016-11-20 21:55:31,248,388,77,410,442,785,785
2016-11-20 21:55:32,250,389,77,411,442,785,785
2016-11-20 21:55:33,254,390,77,411,443,785,785
2016-11-20 21:55:34,259,391,77,412,443,785,785
2016-11-20 21:55:35,260,392,77,412,443,785,785
2016-11-20 21:55:36,261,393,77,413,444,785,786
2016-11-20 21:55:37,265,394,77,413,444,785,786
2016-11-20 21:55:38,270,395,77,413,444,785,785
2016-11-20 21:55:39,274,396,77,414,444,785,786
2016-11-20 21:55:40,279,397,77,414,444,785,786
2016-11-20 21:55:41,283,398,77,414,445,785,785
2016-11-20 21:55:42,284,399,77,415,445,785,786
2016-11-20 21:55:43,285,400,77,415,445,785,786
2016-11-20 21:55:44,290,401,77,416,445,784,785
2016-11-20 21:55:45,296,402,77,416,446,785,785
2016-11-20 21:55:46,298,403,77,417,446,784,785
2016-11-20 21:55:47,303,404,77,417,446,785,785
2016-11-20 21:55:48,307,405,77,418,446,785,786
2016-11-20 21:55:49,313,406,77,418,446,785,786
2016-11-20 21:55:50,315,407,77,418,447,785,786
2016-11-20 21:55:51,321,408,77,419,447,785,786
2016-11-20 21:55:52,326,409,77,419,447,785,785
2016-11-20 21:55:53,329,410,77,420,447,785,786
2016-11-20 21:55:54,332,411,77,420,447,785,786
2016-11-20 21:55:55,338,412,77,420,447,785,785
2016-11-20 21:55:56,341,413,77,421,447,785,785
2016-11-20 21:55:57,345,414,77,421,447,785,785
2016-11-20 21:55:58,349,415,77,422,447,785,785
2016-11-20 21:55:59,350,416,77,422,447,785,786
2016-11-20 21:56:00,354,417,77,423,447,785,786
2016-11-20 21:56:01,356,418,77,423,447,785,786
2016-11-20 21:56:02,362,419,77,423,447,785,786
2016-11-20 21:56:03,364,420,77,423,447,785,786
2016-11-20 21:56:04,367,421,77,424,448,785,786
2016-11-20 21:56:05,368,422,77,424,448,785,786
2016-11-20 21:56:06,371,423,77,425,448,785,786
2016-11-20 21:56:07,374,424,77,425,448,785,786
2016-11-20 21:56:08,379,425,77,426,448,785,786
2016-11-20 21:56:09,383,426,77,426,448,785,786
2016-11-20 21:56:10,388,427,77,426,448,785,786
2016-11-20 21:56:11,392,428,77,427,449,785,786
2016-11-20 21:56:12,397,429,77,427,449,785,786
2016-11-20 21:56:13,402,430,77,427,449,785,786
2016-11-20 21:56:14,405,431,77,428,449,785,786
2016-11-20 21:56:15,406,432,77,428,449,785,786
2016-11-20 21:56:16,411,433,77,428,449,785,786
2016-11-20 21:56:17,412,434,77,429,449,785,786
2016-11-20 21:56:18,414,435,77,429,449,785,786
2016-11-20 21:56:19,420,436,77,430,450,785,786
2016-11-20 21:56:20,426,437,77,430,450,785,785
2016-11-20 21:56:21,429,438,77,430,450,785,786
2016-11-20 21:56:22,430,439,77,431,451,785,786
2016-11-20 21:56:23,436,440,77,431,451,785,786
2016-11-20 21:56:24,441,441,77,432,451,785,786
2016-11-20 21:56:25,446,442,77,432,451,785,786
2016-11-20 21:56:26,452,443,77,432,451,785,785
2016-11-20 21:56:27,455,444,77,433,451,785,786
2016-11-20 21:56:28,457,445,77,433,451,785,786
2016-11-20 21:56:29,459,446,77,434,451,785,786
2016-11-20 21:56:30,462,447,77,434,451,785,786
2016-11-20 21:56:31,466,448,77,434,452,785,786
2016-11-20 21:56:32,470,449,77,435,452,785,786
2016-11-20 21:56:33,472,450,77,435,452,785,786
2016-11-20 21:56:34,477,451,77,436,452,785,786
2016-11-20 21:56:35,480,452,77,436,452,785,786
2016-11-20 21:56:36,481,453,77,436,452,785,786
2016-11-20 21:56:37,485,454,77,437,453,785,786
2016-11-20 21:56:38,487,455,77,437,453,785,786
2016-11-20 21:56:39,488,456,77,438,453,785,785
2016-11-20 21:56:40,492,457,77,438,453,785,786
2016-11-20 21:56:41,495,458,77,439,453,785,786
2016-11-20 21:56:42,496,459,77,439,453,785,786
2016-11-20 21:56:43,499,460,77,440,454,785,786
2016-11-20 21:56:44,502,461,77,440,454,785,786
2016-11-20 21:56:45,508,462,77,440,454,785,786
2016-11-20 21:56:46,511,463,77,441,454,785,786
2016-11-20 21:56:47,516,464,77,441,454,785,786
2016-11-20 21:56:48,518,465,77,441,453,785,786
2016-11-20 21:56:49,522,466,77,442,453,785,786
2016-11-20 21:56:50,528,467,77,442,453,785,786
2016-11-20 21:56:51,533,468,77,443,454,785,786
2016-11-20 21:56:52,539,469,77,443,454,785,786
2016-11-20 21:56:53,542,470,77,443,454,785,786
2016-11-20 21:56:54,543,471,77,444,454,785,786
2016-11-20 21:56:55,546,472,77,444,454,785,786
2016-11-20 21:56:56,549,473,77,444,454,785,786
2016-11-20 21:56:57,551,474,77,445,454,785,786
2016-11-20 21:56:58,553,475,77,445,455,785,786
2016-11-20 21:56:59,556,476,77,446,455,785,786
2016-11-20 21:57:00,559,477,77,446,455,785,786
2016-11-20 21:57:01,564,478,77,446,455,785,786
2016-11-20 21:57:02,570,479,77,447,455,785,786
2016-11-20 21:57:03,572,480,77,447,456,785,786
2016-11-20 21:57:04,577,481,77,448,456,785,786
2016-11-20 21:57:05,583,482,77,448,456,785,786
2016-11-20 21:57:06,586,483,77,448,456,785,786
2016-11-20 21:57:07,589,484,77,449,456,785,786
2016-11-20 21:57:08,594,485,77,449,457,785,786
2016-11-20 21:57:09,598,486,77,449,457,785,786
2016-11-20 21:57:10,601,487,77,450,457,785,786
2016-11-20 21:57:11,606,488,77,450,457,785,786
2016-11-20 21:57:12,611,489,77,451,458,785,786
2016-11-20 21:57:13,615,490,77,451,458,785,786
2016-11-20 21:57:14,621,491,77,451,458,785,786
2016-11-20 21:57:15,623,492,77,452,458,785,786
2016-11-20 21:57:16,626,493,77,452,458,785,786
2016-11-20 21:57:17,632,494,77,453,458,785,786
2016-11-20 21:57:18,634,495,77,453,458,785,786
2016-11-20 21:57:19,640,496,77,454,458,785,786
2016-11-20 21:57:20,646,497,77,454,459,785,785
2016-11-20 21:57:21,649,498,77,454,459,785,786
2016-11-20 21:57:22,649,499,77,455,459,785,786
2016-11-20 21:57:23,651,500,77,455,459,785,786
2016-11-20 21:57:24,656,501,77,456,459,785,786
2016-11-20 21:57:25,658,502,77,456,459,785,786
2016-11-20 21:57:26,660,503,77,456,459,785,786
2016-11-20 21:57:27,662,504,77,457,459,785,786
2016-11-20 21:57:28,663,505,77,457,460,785,786
2016-11-20 21:57:29,667,506,77,457,460,785,786
2016-11-20 21:57:30,670,507,77,458,460,785,786
2016-11-20 21:57:31,671,508,77,458,460,785,786
2016-11-20 21:57:32,676,509,77,459,460,785,786
2016-11-20 21:57:33,682,510,77,459,460,785,786
2016-11-20 21:57:34,686,511,77,459,460,785,786
2016-11-20 21:57:35,693,512,77,460,459,785,786
2016-11-20 21:57:36,695,513,77,460,460,785,786
2016-11-20 21:57:37,700,514,77,460,460,785,786
2016-11-20 21:57:38,703,515,77,461,459,785,786
2016-11-20 21:57:39,708,516,77,461,459,785,786
2016-11-20 21:57:40,712,517,77,462,459,785,786
2016-11-20 21:57:41,714,518,77,462,459,785,786
2016-11-20 21:57:42,717,519,77,462,460,785,786
2016-11-20 21:57:43,719,520,77,463,460,785,786
2016-11-20 21:57:44,721,521,77,463,460,785,786
2016-11-20 21:57:45,727,522,77,464,461,785,786
2016-11-20 21:57:46,729,523,77,464,461,785,786
2016-11-20 21:57:47,733,524,77,464,461,785,786
2016-11-20 21:57:48,735,525,77,465,461,785,786
2016-11-20 21:57:49,739,526,77,465,461,785,786
2016-11-20 21:57:50,743,527,77,465,461,785,786
2016-11-20 21:57:51,744,528,77,466,462,785,786
2016-11-20 21:57:52,747,529,77,466,462,785,786
2016-11-20 21:57:53,749,530,77,467,462,785,786
2016-11-20 21:57:54,750,531,77,467,462,785,786
2016-11-20 21:57:55,757,532,77,467,463,785,786
2016-11-20 21:57:56,761,533,77,468,463,785,786
2016-11-20 21:57:57,767,534,77,468,463,785,786
2016-11-20 21:57:58,771,535,77,469,463,785,786
2016-11-20 21:57:59,775,536,77,469,464,785,786
2016-11-20 21:58:00,776,537,77,469,464,785,786
2016-11-20 21:58:01,779,538,77,470,464,785,786
2016-11-20 21:58:02,782,539,77,470,464,785,786
2016-11-20 21:58:03,783,540,77,471,464,785,786
2016-11-20 21:58:04,786,541,77,471,465,785,786
2016-11-20 21:58:05,789,542,77,472,465,785,786
2016-11-20 21:58:06,793,543,77,472,465,785,786
2016-11-20 21:58:07,797,544,77,472,465,785,786
2016-11-20 21:58:08,802,545,77,473,466,785,786
2016-11-20 21:58:09,806,546,77,474,466,785,786
2016-11-20 21:58:10,809,547,77,474,466,785,786
2016-11-20 21:58:11,815,548,77,474,466,785,786
2016-11-20 21:58:12,820,549,77,475,466,785,786
2016-11-20 21:58:13,825,550,77,475,466,785,786
2016-11-20 21:58:14,827,551,77,476,467,785,786
2016-11-20 21:58:15,831,552,77,476,467,785,786
2016-11-20 21:58:16,834,553,77,477,467,785,786
2016-11-20 21:58:17,840,554,77,477,467,785,786
2016-11-20 21:58:18,845,556,77,477,467,785,786
2016-11-20 21:58:19,849,557,77,478,467,785,786
2016-11-20 21:58:20,851,558,77,478,468,785,786
2016-11-20 21:58:21,856,559,77,478,468,785,786
2016-11-20 21:58:22,857,560,77,479,468,785,786
2016-11-20 21:58:23,860,561,77,479,469,785,786
2016-11-20 21:58:24,864,562,77,480,469,785,786
2016-11-20 21:58:25,866,563,77,480,469,785,786
2016-11-20 21:58:26,869,564,77,480,469,785,786
2016-11-20 21:58:27,871,565,77,481,469,785,786
2016-11-20 21:58:28,875,566,77,481,469,785,785
2016-11-20 21:58:29,879,567,77,482,470,785,786
2016-11-20 21:58:30,881,568,77,482,470,785,786
2016-11-20 21:58:31,884,569,77,483,470,785,786
2016-11-20 21:58:32,886,570,77,483,470,785,786
2016-11-20 21:58:33,892,571,77,484,470,785,786
2016-11-20 21:58:34,896,572,77,484,470,785,786
2016-11-20 21:58:35,899,573,77,484,471,785,786
2016-11-20 21:58:36,903,574,77,485,471,785,786
2016-11-20 21:58:37,909,575,77,485,471,785,786
2016-11-20 21:58:38,912,576,77,486,471,785,786
2016-11-20 21:58:39,915,577,77,486,471,785,786
2016-11-20 21:58:40,920,578,77,486,471,785,786
2016-11-20 21:58:41,926,579,77,487,471,785,786
2016-11-20 21:58:42,928,580,77,487,471,785,786
2016-11-20 21:58:43,929,581,77,488,471,785,786
2016-11-20 21:58:44,931,582,77,489,471,785,786
2016-11-20 21:58:45,935,583,77,489,471,785,786
2016-11-20 21:58:46,941,584,77,489,471,785,786
2016-11-20 21:58:47,944,585,77,490,471,785,786
2016-11-20 21:58:48,947,586,77,490,470,785,786
2016-11-20 21:58:49,952,587,77,491,470,785,786
2016-11-20 21:58:50,953,588,77,491,470,785,786
2016-11-20 21:58:51,954,589,77,491,470,785,786
2016-11-20 21:58:52,959,590,77,492,471,785,786
2016-11-20 21:58:53,961,591,77,492,471,785,786
2016-11-20 21:58:54,964,592,77,493,471,785,786
2016-11-20 21:58:55,966,593,77,493,471,785,786
2016-11-20 21:58:56,968,594,77,494,472,785,786
2016-11-20 21:58:57,970,595,77,494,472,785,786
2016-11-20 21:58:58,974,596,77,494,472,785,786
2016-11-20 21:58:59,976,597,77,495,473,785,786
2016-11-20 21:59:00,982,598,77,495,473,785,786
2016-11-20 21:59:01,987,599,77,496,473,785,786
2016-11-20 21:59:02,992,600,77,496,474,785,786
2016-11-20 21:59:03,997,601,77,497,474,785,786
2016-11-20 21:59:04,999,602,77,497,474,785,786
2016-11-20 21:59:06,001,603,77,498,475,785,786
2016-11-20 21:59:07,007,604,77,498,475,785,786
2016-11-20 21:59:08,008,605,77,499,475,785,786
2016-11-20 21:59:09,010,606,77,499,476,785,786
2016-11-20 21:59:10,014,607,77,499,476,785,786
2016-11-20 21:59:11,018,608,77,500,476,785,786
2016-11-20 21:59:12,022,609,77,500,476,785,786
2016-11-20 21:59:13,024,610,77,501,476,785,786
2016-11-20 21:59:14,027,611,77,501,477,785,786
2016-11-20 21:59:15,030,612,77,502,477,785,786
2016-11-20 21:59:16,036,613,77,502,477,785,786
2016-11-20 21:59:17,038,614,77,503,477,785,786
2016-11-20 21:59:18,044,615,77,503,477,785,786
2016-11-20 21:59:19,046,616,77,504,477,785,786
2016-11-20 21:59:20,049,617,77,504,478,785,786
2016-11-20 21:59:21,055,618,77,505,478,785,786
2016-11-20 21:59:22,060,619,77,505,478,785,786
2016-11-20 21:59:23,063,620,77,506,478,785,786
2016-11-20 21:59:24,064,621,77,506,478,785,786
2016-11-20 21:59:25,064,622,77,507,479,785,786
2016-11-20 21:59:26,070,623,77,507,479,785,786
2016-11-20 21:59:27,072,624,77,508,479,785,786
2016-11-20 21:59:28,074,625,77,508,479,785,786
2016-11-20 21:59:29,077,626,77,509,479,785,786
2016-11-20 21:59:30,079,627,77,509,479,785,786
2016-11-20 21:59:31,082,628,77,510,480,785,786
2016-11-20 21:59:32,085,629,77,510,480,785,786
2016-11-20 21:59:33,090,630,77,511,480,785,786
2016-11-20 21:59:34,093,631,77,511,480,785,786
2016-11-20 21:59:35,097,632,77,512,480,785,786
2016-11-20 21:59:36,100,633,77,512,480,785,786
2016-11-20 21:59:37,101,634,77,513,480,785,786
2016-11-20 21:59:38,101,635,77,513,480,785,786
2016-11-20 21:59:39,102,636,77,513,480,785,785
2016-11-20 21:59:40,106,637,77,514,480,785,786
2016-11-20 21:59:41,109,638,77,514,480,785,786
2016-11-20 21:59:42,110,639,77,514,480,785,786
2016-11-20 21:59:43,113,640,77,515,481,785,786
2016-11-20 21:59:44,116,641,77,515,481,785,786
2016-11-20 21:59:45,122,642,77,516,481,785,786
2016-11-20 21:59:46,127,643,77,516,481,785,786
2016-11-20 21:59:47,130,644,77,517,481,785,786
2016-11-20 21:59:48,134,645,77,517,481,785,786
2016-11-20 21:59:49,139,646,77,517,481,785,786
2016-11-20 21:59:50,141,647,77,518,481,785,786
2016-11-20 21:59:51,146,648,77,518,481,785,786
2016-11-20 21:59:52,151,649,77,518,481,785,786
2016-11-20 21:59:53,156,650,77,519,481,785,786
2016-11-20 21:59:54,162,651,77,519,481,785,786
2016-11-20 21:59:55,164,652,77,519,481,785,786
2016-11-20 21:59:56,166,653,77,520,481,785,786
2016-11-20 21:59:57,168,654,77,520,481,785,786
2016-11-20 21:59:58,173,655,77,520,481,785,786
2016-11-20 21:59:59,179,656,77,521,481,785,786
2016-11-20 22:00:00,183,657,77,521,481,785,786
2016-11-20 22:00:01,187,658,77,521,481,785,786
2016-11-20 22:00:02,190,659,77,522,481,785,786
2016-11-20 22:00:03,194,660,77,522,481,785,786
2016-11-20 22:00:04,197,661,77,522,480,785,786
2016-11-20 22:00:05,202,662,77,523,480,785,786
2016-11-20 22:00:06,206,663,77,523,480,785,786
2016-11-20 22:00:07,208,664,77,523,479,785,786
2016-11-20 22:00:08,212,665,77,523,479,785,786
2016-11-20 22:00:09,216,666,77,524,478,785,786
2016-11-20 22:00:10,217,667,77,524,478,785,786
2016-11-20 22:00:11,220,668,77,524,478,785,786
2016-11-20 22:00:12,223,669,77,524,477,785,786
2016-11-20 22:00:13,229,670,77,525,477,785,786
2016-11-20 22:00:14,231,671,77,525,476,785,786
2016-11-20 22:00:15,234,672,77,525,475,785,786
2016-11-20 22:00:16,237,673,77,525,475,785,786
2016-11-20 22:00:17,240,674,77,525,474,785,786
2016-11-20 22:00:18,245,675,77,526,473,785,786
2016-11-20 22:00:19,246,676,77,526,472,785,786
2016-11-20 22:00:20,248,677,77,526,472,785,786
2016-11-20 22:00:21,251,678,77,526,471,785,786
2016-11-20 22:00:22,256,679,77,526,470,785,786
2016-11-20 22:00:23,260,680,77,527,469,785,786
2016-11-20 22:00:24,262,681,77,527,468,785,786
2016-11-20 22:00:25,264,682,77,527,468,785,786
2016-11-20 22:00:26,267,683,77,527,467,785,786
2016-11-20 22:00:27,273,684,77,527,466,785,786
2016-11-20 22:00:28,275,685,77,528,466,785,786
2016-11-20 22:00:29,277,686,77,528,465,785,786
2016-11-20 22:00:30,281,687,77,528,465,785,786
2016-11-20 22:00:31,282,688,77,528,464,785,786
2016-11-20 22:00:32,287,689,77,528,463,785,786
2016-11-20 22:00:33,290,690,77,528,463,785,786
2016-11-20 22:00:34,292,691,77,528,462,785,786
2016-11-20 22:00:35,297,692,77,528,462,785,786
2016-11-20 22:00:36,297,693,77,528,461,785,786
2016-11-20 22:00:37,302,694,77,528,461,785,786
2016-11-20 22:00:38,306,695,77,528,460,785,786
2016-11-20 22:00:39,308,696,77,529,459,785,786
2016-11-20 22:00:40,312,697,77,529,459,785,786
2016-11-20 22:00:41,317,698,77,529,458,785,786
2016-11-20 22:00:42,321,699,77,529,457,785,785
2016-11-20 22:00:43,324,700,77,529,457,785,786
2016-11-20 22:00:44,327,701,77,529,456,785,786
2016-11-20 22:00:45,331,702,77,529,455,785,785
2016-11-20 22:00:46,332,703,77,529,454,785,786
2016-11-20 22:00:47,332,704,77,529,453,785,785
2016-11-20 22:00:48,337,705,77,529,452,785,786
2016-11-20 22:00:49,339,706,77,529,452,785,786
2016-11-20 22:00:50,342,707,77,529,451,785,786
2016-11-20 22:00:51,346,708,77,529,450,785,786
2016-11-20 22:00:52,348,709,77,529,449,785,786
2016-11-20 22:00:53,352,710,77,529,449,785,786
2016-11-20 22:00:54,352,711,77,529,448,785,786
2016-11-20 22:00:55,357,712,77,529,448,785,786
2016-11-20 22:00:56,359,713,77,529,447,785,785
2016-11-20 22:00:57,360,714,77,529,446,785,786
2016-11-20 22:00:58,363,715,77,529,446,785,786
2016-11-20 22:00:59,366,716,77,529,446,785,785
2016-11-20 22:01:00,373,717,77,529,445,785,786
2016-11-20 22:01:01,377,718,77,529,445,785,785
2016-11-20 22:01:02,379,719,77,529,444,785,786
2016-11-20 22:01:03,383,720,77,529,443,785,786
2016-11-20 22:01:04,388,721,77,529,443,785,786
2016-11-20 22:01:05,392,722,77,529,442,785,786
2016-11-20 22:01:06,396,723,77,529,442,785,785
2016-11-20 22:01:07,401,724,77,529,441,785,786
2016-11-20 22:01:08,405,725,77,529,441,785,786
2016-11-20 22:01:09,408,726,77,529,440,785,786
2016-11-20 22:01:10,409,727,77,529,439,785,786
2016-11-20 22:01:11,415,728,77,529,439,785,786
2016-11-20 22:01:12,421,729,77,529,439,785,786
2016-11-20 22:01:13,425,730,77,529,438,785,786
2016-11-20 22:01:14,426,731,77,529,438,785,785
2016-11-20 22:01:15,428,732,77,529,437,785,786
2016-11-20 22:01:16,433,733,77,529,437,785,786
2016-11-20 22:01:17,434,734,77,529,437,785,786
2016-11-20 22:01:18,435,735,77,529,436,785,786
2016-11-20 22:01:19,439,736,77,529,436,785,786
2016-11-20 22:01:20,440,737,77,529,435,785,786
2016-11-20 22:01:21,445,738,77,529,435,785,786
2016-11-20 22:01:22,451,739,77,529,435,785,785
2016-11-20 22:01:23,456,740,77,529,434,785,786
2016-11-20 22:01:24,457,741,77,529,434,785,786
2016-11-20 22:01:25,458,742,77,529,434,785,786
2016-11-20 22:01:26,463,743,77,529,434,785,786
2016-11-20 22:01:27,469,744,77,529,433,785,786
2016-11-20 22:01:28,472,745,77,529,433,785,786
2016-11-20 22:01:29,478,746,77,528,433,785,786
2016-11-20 22:01:30,480,747,77,529,432,785,786
2016-11-20 22:01:31,484,748,77,528,432,785,786
2016-11-20 22:01:32,489,749,77,529,432,785,786
2016-11-20 22:01:33,490,750,77,528,431,785,786
2016-11-20 22:01:34,495,751,77,528,431,785,786
2016-11-20 22:01:35,496,752,77,528,431,785,786
2016-11-20 22:01:36,499,753,77,528,431,785,786
2016-11-20 22:01:37,505,754,77,528,431,785,786
2016-11-20 22:01:38,506,755,77,527,431,785,786
2016-11-20 22:01:39,507,756,77,525,430,785,785
2016-11-20 22:01:40,512,757,77,523,430,785,786
2016-11-20 22:01:41,515,758,77,521,428,785,786
2016-11-20 22:01:42,519,759,77,518,426,785,786
2016-11-20 22:01:43,520,760,77,515,424,785,786
2016-11-20 22:01:44,524,761,77,513,421,785,786
2016-11-20 22:01:45,526,762,77,510,419,785,786
2016-11-20 22:01:46,528,763,77,508,417,785,786
2016-11-20 22:01:47,529,764,77,506,416,785,785
2016-11-20 22:01:48,533,765,77,506,416,785,786
2016-11-20 22:01:49,536,766,77,506,416,785,785
2016-11-20 22:01:50,542,767,77,506,417,785,786
2016-11-20 22:01:51,545,768,77,506,417,785,786
2016-11-20 22:01:52,550,769,77,507,418,785,785
2016-11-20 22:01:53,552,770,77,506,418,785,785
2016-11-20 22:01:54,553,771,77,503,417,785,786
2016-11-20 22:01:55,557,772,77,501,415,785,785
2016-11-20 22:01:56,563,773,77,499,414,785,785
2016-11-20 22:01:57,566,774,77,497,413,785,785
2016-11-20 22:01:58,570,775,77,495,412,785,786
2016-11-20 22:01:59,574,776,77,493,410,785,785
2016-11-20 22:02:00,577,777,77,492,409,785,786
2016-11-20 22:02:01,582,778,77,490,408,785,786
2016-11-20 22:02:02,588,779,77,488,407,785,786
2016-11-20 22:02:03,592,780,77,486,406,785,786
2016-11-20 22:02:04,594,781,77,484,405,785,786
2016-11-20 22:02:05,600,782,77,483,404,785,786
2016-11-20 22:02:06,604,783,77,481,403,785,785
2016-11-20 22:02:07,608,784,77,479,402,785,785
2016-11-20 22:02:08,611,785,77,478,401,785,786
2016-11-20 22:02:09,616,786,77,476,400,785,786
2016-11-20 22:02:10,620,787,77,475,400,785,786
2016-11-20 22:02:11,625,788,77,473,399,785,786
2016-11-20 22:02:12,627,789,77,472,398,785,786
2016-11-20 22:02:13,629,790,77,471,397,785,786
2016-11-20 22:02:14,631,791,77,470,397,785,785
2016-11-20 22:02:15,635,792,77,468,396,785,786
2016-11-20 22:02:16,640,793,77,467,396,785,786
2016-11-20 22:02:17,642,794,77,466,395,785,785
2016-11-20 22:02:18,647,795,77,465,395,785,786
2016-11-20 22:02:19,654,796,77,463,394,785,786
2016-11-20 22:02:20,658,797,77,462,393,785,785
2016-11-20 22:02:21,661,798,77,461,393,785,785
2016-11-20 22:02:22,666,799,77,460,393,785,785
2016-11-20 22:02:23,670,800,77,459,392,785,785
2016-11-20 22:02:24,674,801,77,459,391,785,786
2016-11-20 22:02:25,677,802,77,458,391,785,786
2016-11-20 22:02:26,682,803,77,457,391,785,786
2016-11-20 22:02:27,687,804,77,456,390,785,786
2016-11-20 22:02:28,691,805,77,456,390,785,786
2016-11-20 22:02:29,695,806,77,455,389,785,785
2016-11-20 22:02:30,700,807,77,454,389,785,786
2016-11-20 22:02:31,704,808,77,453,388,785,785
2016-11-20 22:02:32,708,809,77,452,388,785,785
2016-11-20 22:02:33,710,810,77,451,387,785,785
2016-11-20 22:02:34,711,811,77,450,387,785,786
