2015-11-23 19:43:34,335,datetime,ms,seconds,ambient_temp,thermocouple_0_temp,thermocouple_1_temp,thermocouple_2_temp,thermocouple_3_temp
2015-11-23 19:43:39,417,5,52,279,384,801,800
2015-11-23 19:43:40,420,6,52,279,379,801,800
2015-11-23 19:43:41,423,7,52,279,374,801,800
2015-11-23 19:43:42,428,8,52,279,369,801,800
2015-11-23 19:43:43,430,9,52,279,365,801,800
2015-11-23 19:43:44,436,10,52,279,362,801,800
2015-11-23 19:43:45,439,11,52,279,360,801,800
2015-11-23 19:43:46,444,12,52,279,358,801,800
2015-11-23 19:43:47,447,13,52,279,357,801,800
2015-11-23 19:43:48,452,14,52,279,355,801,800
2015-11-23 19:43:49,458,15,52,279,353,801,800
2015-11-23 19:43:50,462,16,52,279,351,801,800
2015-11-23 19:43:51,465,17,52,279,350,801,800
2015-11-23 19:43:52,470,18,52,278,348,801,800
2015-11-23 19:43:53,476,19,52,278,347,801,800
2015-11-23 19:43:54,479,20,52,278,346,801,800
2015-11-23 19:43:55,485,21,52,278,344,801,800
2015-11-23 19:43:56,490,22,52,278,343,801,800
2015-11-23 19:43:57,495,23,52,278,342,801,800
2015-11-23 19:43:58,496,24,52,278,341,801,800
2015-11-23 19:43:59,502,25,52,278,340,801,800
2015-11-23 19:44:00,504,26,52,278,339,801,800
2015-11-23 19:44:01,506,27,52,278,338,801,800
2015-11-23 19:44:02,512,28,52,278,337,801,800
2015-11-23 19:44:03,516,29,52,278,336,801,800
2015-11-23 19:44:04,521,30,52,277,335,801,800
2015-11-23 19:44:05,526,31,52,277,335,801,800
2015-11-23 19:44:06,530,32,52,277,334,801,800
2015-11-23 19:44:07,532,33,52,277,334,801,800
2015-11-23 19:44:08,537,34,52,277,333,801,800
2015-11-23 19:44:09,543,35,52,277,333,801,800
2015-11-23 19:44:10,546,36,52,277,332,801,800
2015-11-23 19:44:11,549,37,52,277,331,801,800
2015-11-23 19:44:12,554,38,52,277,331,801,800
2015-11-23 19:44:13,560,39,52,277,330,801,800
2015-11-23 19:44:14,564,40,52,276,330,801,800
2015-11-23 19:44:15,569,41,52,276,329,801,800
2015-11-23 19:44:16,572,42,52,276,329,801,800
2015-11-23 19:44:17,577,43,52,276,328,801,800
2015-11-23 19:44:18,581,44,52,276,328,801,800
2015-11-23 19:44:19,581,45,52,276,328,801,800
2015-11-23 19:44:20,582,46,52,276,327,801,800
2015-11-23 19:44:21,588,47,52,275,327,801,800
2015-11-23 19:44:22,593,48,52,275,327,801,800
2015-11-23 19:44:23,596,49,52,275,327,801,800
2015-11-23 19:44:24,599,50,52,275,327,801,800
2015-11-23 19:44:25,604,51,52,275,326,801,800
2015-11-23 19:44:26,610,52,52,275,326,801,800
2015-11-23 19:44:27,616,53,52,275,326,801,800
2015-11-23 19:44:28,622,54,52,274,326,801,800
2015-11-23 19:44:29,627,55,52,274,326,801,800
2015-11-23 19:44:30,632,56,52,274,326,801,800
2015-11-23 19:44:31,636,57,52,274,326,801,800
2015-11-23 19:44:32,640,58,52,274,325,801,800
2015-11-23 19:44:33,643,59,52,274,325,801,800
2015-11-23 19:44:34,647,60,52,273,325,801,800
2015-11-23 19:44:35,649,61,52,273,325,801,800
2015-11-23 19:44:36,651,62,52,273,325,801,800
2015-11-23 19:44:37,656,63,52,273,326,801,800
2015-11-23 19:44:38,658,64,52,273,326,801,800
2015-11-23 19:44:39,663,65,52,273,327,801,800
2015-11-23 19:44:40,667,66,52,273,328,801,800
2015-11-23 19:44:41,672,67,52,273,329,801,800
2015-11-23 19:44:42,677,68,52,272,329,801,800
2015-11-23 19:44:43,681,69,52,272,330,801,800
2015-11-23 19:44:44,684,70,52,272,331,801,800
2015-11-23 19:44:45,690,71,52,272,331,801,800
2015-11-23 19:44:46,694,72,52,272,332,801,800
2015-11-23 19:44:47,698,73,52,272,332,801,800
2015-11-23 19:44:48,701,74,52,272,333,801,800
2015-11-23 19:44:49,706,75,52,271,334,801,800
2015-11-23 19:44:50,709,76,52,271,334,801,800
2015-11-23 19:44:51,715,77,52,271,335,801,800
2015-11-23 19:44:52,720,78,52,271,336,801,800
2015-11-23 19:44:53,723,79,52,271,336,801,800
2015-11-23 19:44:54,724,80,52,271,337,801,800
2015-11-23 19:44:55,725,81,52,271,337,801,800
2015-11-23 19:44:56,730,82,52,270,338,801,800
2015-11-23 19:44:57,733,83,52,270,338,801,800
2015-11-23 19:44:58,739,84,52,270,339,801,800
2015-11-23 19:44:59,739,85,52,270,339,801,800
2015-11-23 19:45:00,741,86,52,270,340,801,800
2015-11-23 19:45:01,746,87,52,270,340,801,800
2015-11-23 19:45:02,747,88,52,270,341,801,800
2015-11-23 19:45:03,753,89,52,269,341,801,800
2015-11-23 19:45:04,754,90,52,269,342,801,800
2015-11-23 19:45:05,755,91,52,269,342,801,800
2015-11-23 19:45:06,761,92,52,269,343,801,800
2015-11-23 19:45:07,766,93,52,269,343,801,800
2015-11-23 19:45:08,770,94,52,269,344,801,800
2015-11-23 19:45:09,776,95,52,269,344,801,800
2015-11-23 19:45:10,779,96,52,268,345,801,800
2015-11-23 19:45:11,781,97,52,268,345,801,800
2015-11-23 19:45:12,786,98,52,268,346,801,800
2015-11-23 19:45:13,792,99,52,268,346,801,800
2015-11-23 19:45:14,795,100,52,268,346,801,800
2015-11-23 19:45:15,801,101,52,268,347,801,800
2015-11-23 19:45:16,803,102,52,268,347,801,800
2015-11-23 19:45:17,810,103,52,267,347,801,800
2015-11-23 19:45:18,813,104,52,267,348,801,800
2015-11-23 19:45:19,816,105,52,267,348,801,800
2015-11-23 19:45:20,820,106,52,267,349,801,800
2015-11-23 19:45:21,824,107,52,267,349,801,800
2015-11-23 19:45:22,829,108,52,267,350,801,800
2015-11-23 19:45:23,832,109,52,267,350,801,800
2015-11-23 19:45:24,838,110,52,267,350,801,800
2015-11-23 19:45:25,839,111,52,266,351,801,800
2015-11-23 19:45:26,844,112,52,266,352,801,800
2015-11-23 19:45:27,850,113,52,266,352,801,800
2015-11-23 19:45:28,856,114,52,266,352,801,800
2015-11-23 19:45:29,861,115,52,266,353,801,800
2015-11-23 19:45:30,866,116,52,266,353,801,800
2015-11-23 19:45:31,872,117,52,266,353,801,800
2015-11-23 19:45:32,876,118,52,265,354,801,800
2015-11-23 19:45:33,881,119,52,265,354,801,800
2015-11-23 19:45:34,887,120,52,265,354,801,800
2015-11-23 19:45:35,890,121,52,265,355,801,800
2015-11-23 19:45:36,893,122,52,265,355,801,800
2015-11-23 19:45:37,898,123,52,265,356,801,800
2015-11-23 19:45:38,901,124,52,265,356,801,800
2015-11-23 19:45:39,905,125,52,265,356,801,800
2015-11-23 19:45:40,911,126,52,264,357,801,800
2015-11-23 19:45:41,915,127,52,264,357,801,800
2015-11-23 19:45:42,917,128,52,264,357,801,800
2015-11-23 19:45:43,923,129,52,264,358,801,800
2015-11-23 19:45:44,927,130,52,264,358,801,800
2015-11-23 19:45:45,932,131,52,264,358,801,800
2015-11-23 19:45:46,936,132,52,264,359,801,800
2015-11-23 19:45:47,941,133,52,263,359,801,800
2015-11-23 19:45:48,944,134,52,263,360,801,800
2015-11-23 19:45:49,949,135,52,263,360,801,800
2015-11-23 19:45:50,952,136,52,263,360,801,800
2015-11-23 19:45:51,958,137,52,263,360,801,800
2015-11-23 19:45:52,962,138,52,263,361,801,800
2015-11-23 19:45:53,966,139,52,263,361,801,800
2015-11-23 19:45:54,971,140,52,263,361,801,800
2015-11-23 19:45:55,975,141,52,263,362,801,800
2015-11-23 19:45:56,980,142,52,262,362,801,800
2015-11-23 19:45:57,983,143,52,262,362,801,800
2015-11-23 19:45:58,986,144,52,262,362,801,800
2015-11-23 19:45:59,992,145,52,262,363,801,800
2015-11-23 19:46:00,997,146,52,262,363,801,800
2015-11-23 19:46:02,002,147,52,262,363,801,800
2015-11-23 19:46:03,004,148,52,262,363,801,800
2015-11-23 19:46:04,009,149,52,262,364,801,800
2015-11-23 19:46:05,012,150,52,262,364,801,800
2015-11-23 19:46:06,017,151,52,262,364,801,800
2015-11-23 19:46:07,022,152,52,262,365,801,800
2015-11-23 19:46:08,026,153,52,261,365,801,800
2015-11-23 19:46:09,032,154,52,261,365,801,800
2015-11-23 19:46:10,036,155,52,261,365,801,800
2015-11-23 19:46:11,042,156,52,261,366,801,800
2015-11-23 19:46:12,043,157,52,261,366,801,800
2015-11-23 19:46:13,047,158,52,261,366,801,800
2015-11-23 19:46:14,051,159,52,261,366,801,800
2015-11-23 19:46:15,055,160,52,261,367,801,800
2015-11-23 19:46:16,059,161,52,261,367,801,800
2015-11-23 19:46:17,065,162,52,261,367,801,800
2015-11-23 19:46:18,068,163,52,261,367,801,800
2015-11-23 19:46:19,070,164,52,260,368,801,800
2015-11-23 19:46:20,075,165,52,260,368,801,800
2015-11-23 19:46:21,077,166,52,260,368,801,800
2015-11-23 19:46:22,079,167,52,260,369,801,800
2015-11-23 19:46:23,084,168,52,260,369,801,800
2015-11-23 19:46:24,087,169,52,260,369,801,800
2015-11-23 19:46:25,092,170,52,260,370,801,800
2015-11-23 19:46:26,095,171,52,260,370,801,800
2015-11-23 19:46:27,100,172,52,260,370,801,800
2015-11-23 19:46:28,106,173,52,260,370,801,800
2015-11-23 19:46:29,108,174,52,260,371,801,800
2015-11-23 19:46:30,113,175,52,260,371,801,800
2015-11-23 19:46:31,118,176,52,260,371,801,800
2015-11-23 19:46:32,122,177,52,260,372,801,800
2015-11-23 19:46:33,126,178,52,259,372,801,800
2015-11-23 19:46:34,128,179,52,259,372,801,800
2015-11-23 19:46:35,133,180,52,259,373,801,800
2015-11-23 19:46:36,134,181,52,259,373,801,800
2015-11-23 19:46:37,139,182,52,259,373,801,800
2015-11-23 19:46:38,143,183,52,259,373,801,800
2015-11-23 19:46:39,144,184,52,259,374,801,800
2015-11-23 19:46:40,149,185,52,259,374,801,800
2015-11-23 19:46:41,153,186,52,259,374,801,800
2015-11-23 19:46:42,158,187,52,259,374,801,800
2015-11-23 19:46:43,159,188,52,259,375,801,800
2015-11-23 19:46:44,165,189,52,259,375,801,800
2015-11-23 19:46:45,165,190,52,259,376,801,800
2015-11-23 19:46:46,171,191,52,259,376,801,800
2015-11-23 19:46:47,174,192,52,259,376,801,800
2015-11-23 19:46:48,180,193,52,259,377,801,800
2015-11-23 19:46:49,182,194,52,258,377,801,800
2015-11-23 19:46:50,186,195,52,259,377,801,800
2015-11-23 19:46:51,190,196,52,258,377,801,800
2015-11-23 19:46:52,194,197,52,258,378,801,800
2015-11-23 19:46:53,199,198,52,258,378,801,800
2015-11-23 19:46:54,203,199,52,258,378,801,800
2015-11-23 19:46:55,207,200,52,258,378,801,800
2015-11-23 19:46:56,212,201,52,258,379,801,800
2015-11-23 19:46:57,215,202,52,258,379,801,800
2015-11-23 19:46:58,218,203,52,258,379,801,800
2015-11-23 19:46:59,223,204,52,258,379,801,800
2015-11-23 19:47:00,225,205,52,258,380,801,800
2015-11-23 19:47:01,228,206,52,258,380,801,800
2015-11-23 19:47:02,233,207,52,258,380,801,800
2015-11-23 19:47:03,237,208,52,258,380,801,800
2015-11-23 19:47:04,243,209,52,258,380,801,800
2015-11-23 19:47:05,248,210,52,258,381,801,800
2015-11-23 19:47:06,254,211,52,258,381,801,800
2015-11-23 19:47:07,258,212,52,258,381,801,800
2015-11-23 19:47:08,263,213,52,258,381,801,800
2015-11-23 19:47:09,267,214,52,258,381,801,800
2015-11-23 19:47:10,268,215,52,258,382,801,800
2015-11-23 19:47:11,274,216,52,258,382,801,800
2015-11-23 19:47:12,277,217,52,258,383,801,800
2015-11-23 19:47:13,282,218,52,258,383,801,800
2015-11-23 19:47:14,287,219,52,258,383,801,800
2015-11-23 19:47:15,292,220,52,258,383,801,800
2015-11-23 19:47:16,298,221,52,258,384,801,800
2015-11-23 19:47:17,303,222,52,258,384,801,800
2015-11-23 19:47:18,309,223,52,258,384,801,800
2015-11-23 19:47:19,312,224,52,258,385,801,800
2015-11-23 19:47:20,313,225,52,258,385,801,800
2015-11-23 19:47:21,317,226,52,258,385,801,800
2015-11-23 19:47:22,322,227,52,258,385,801,800
2015-11-23 19:47:23,327,228,52,258,385,801,800
2015-11-23 19:47:24,332,229,52,258,385,801,800
2015-11-23 19:47:25,334,230,52,258,386,801,800
2015-11-23 19:47:26,338,232,52,257,386,801,800
2015-11-23 19:47:27,343,233,52,257,386,801,800
2015-11-23 19:47:28,346,234,52,257,386,801,800
2015-11-23 19:47:29,352,235,52,257,387,801,800
2015-11-23 19:47:30,358,236,52,257,387,801,800
2015-11-23 19:47:31,360,237,52,257,387,801,800
2015-11-23 19:47:32,362,238,52,257,387,801,800
2015-11-23 19:47:33,367,239,52,257,388,801,800
2015-11-23 19:47:34,373,240,52,257,388,801,800
2015-11-23 19:47:35,377,241,52,257,388,801,800
2015-11-23 19:47:36,383,242,52,257,389,801,800
2015-11-23 19:47:37,388,243,52,257,389,801,800
2015-11-23 19:47:38,392,244,52,257,389,801,800
2015-11-23 19:47:39,397,245,52,257,390,801,800
2015-11-23 19:47:40,403,246,52,257,390,801,800
2015-11-23 19:47:41,405,247,52,257,390,801,800
2015-11-23 19:47:42,411,248,52,257,390,801,800
2015-11-23 19:47:43,414,249,52,257,391,801,800
2015-11-23 19:47:44,420,250,52,257,391,801,800
2015-11-23 19:47:45,425,251,52,257,391,801,800
2015-11-23 19:47:46,428,252,52,257,391,801,800
2015-11-23 19:47:47,430,253,52,257,392,801,800
2015-11-23 19:47:48,435,254,52,257,392,801,800
2015-11-23 19:47:49,441,255,52,257,392,801,800
2015-11-23 19:47:50,446,256,52,257,392,801,800
2015-11-23 19:47:51,452,257,52,257,392,801,800
2015-11-23 19:47:52,454,258,52,257,393,801,800
2015-11-23 19:47:53,459,259,52,257,393,801,800
2015-11-23 19:47:54,464,260,52,257,393,801,800
2015-11-23 19:47:55,469,261,52,257,394,801,800
2015-11-23 19:47:56,473,262,52,257,394,801,800
2015-11-23 19:47:57,473,263,52,257,394,801,800
2015-11-23 19:47:58,479,264,52,257,395,801,800
2015-11-23 19:47:59,481,265,52,257,395,801,800
2015-11-23 19:48:00,483,266,52,257,395,801,800
2015-11-23 19:48:01,487,267,52,257,396,801,800
2015-11-23 19:48:02,491,268,52,257,396,801,800
2015-11-23 19:48:03,495,269,52,257,396,801,800
2015-11-23 19:48:04,500,270,52,257,396,801,800
2015-11-23 19:48:05,504,271,52,257,397,801,800
2015-11-23 19:48:06,510,272,52,257,397,801,800
2015-11-23 19:48:07,513,273,52,257,397,801,800
2015-11-23 19:48:08,517,274,52,257,398,801,800
2015-11-23 19:48:09,522,275,52,257,398,801,800
2015-11-23 19:48:10,523,276,52,257,398,801,800
2015-11-23 19:48:11,528,277,52,257,398,801,800
2015-11-23 19:48:12,532,278,52,257,398,801,800
2015-11-23 19:48:13,538,279,52,257,399,801,800
2015-11-23 19:48:14,541,280,52,257,399,801,800
2015-11-23 19:48:15,547,281,52,257,399,801,800
2015-11-23 19:48:16,548,282,52,257,399,801,800
2015-11-23 19:48:17,554,283,52,257,399,801,800
2015-11-23 19:48:18,555,284,52,257,400,801,800
2015-11-23 19:48:19,561,285,52,257,400,801,800
2015-11-23 19:48:20,566,286,52,258,400,801,800
2015-11-23 19:48:21,572,287,52,257,401,801,800
2015-11-23 19:48:22,574,288,52,258,401,801,800
2015-11-23 19:48:23,579,289,52,258,401,801,800
2015-11-23 19:48:24,583,290,52,258,401,801,800
2015-11-23 19:48:25,589,291,52,258,402,801,800
2015-11-23 19:48:26,590,292,52,258,402,801,800
2015-11-23 19:48:27,590,293,52,258,402,801,800
2015-11-23 19:48:28,596,294,52,258,402,801,800
2015-11-23 19:48:29,599,295,52,258,403,801,800
2015-11-23 19:48:30,603,296,52,258,403,801,800
2015-11-23 19:48:31,606,297,52,258,403,801,800
2015-11-23 19:48:32,610,298,52,258,403,801,800
2015-11-23 19:48:33,616,299,52,258,403,801,800
2015-11-23 19:48:34,622,300,52,258,404,801,800
2015-11-23 19:48:35,625,301,52,258,404,801,800
2015-11-23 19:48:36,630,302,52,258,404,801,800
2015-11-23 19:48:37,633,303,52,258,405,801,800
2015-11-23 19:48:38,638,304,52,258,405,801,800
2015-11-23 19:48:39,640,305,52,258,405,801,800
2015-11-23 19:48:40,645,306,52,258,405,801,800
2015-11-23 19:48:41,647,307,52,258,405,801,800
2015-11-23 19:48:42,648,308,52,258,406,801,800
2015-11-23 19:48:43,653,309,52,258,406,801,800
2015-11-23 19:48:44,658,310,52,258,406,801,800
2015-11-23 19:48:45,662,311,52,258,406,801,800
2015-11-23 19:48:46,666,312,52,258,407,801,800
2015-11-23 19:48:47,670,313,52,258,407,801,800
2015-11-23 19:48:48,676,314,52,258,407,801,800
2015-11-23 19:48:49,679,315,52,258,408,801,800
2015-11-23 19:48:50,684,316,52,259,408,801,800
2015-11-23 19:48:51,688,317,52,259,408,801,800
2015-11-23 19:48:52,691,318,52,259,408,801,800
2015-11-23 19:48:53,696,319,52,259,409,801,800
2015-11-23 19:48:54,700,320,52,259,409,801,800
2015-11-23 19:48:55,704,321,52,259,409,801,800
2015-11-23 19:48:56,710,322,52,259,409,801,800
2015-11-23 19:48:57,713,323,52,259,410,801,800
2015-11-23 19:48:58,715,324,52,259,410,801,800
2015-11-23 19:48:59,720,325,52,259,410,801,800
2015-11-23 19:49:00,725,326,52,259,410,801,800
2015-11-23 19:49:01,730,327,52,259,411,801,800
2015-11-23 19:49:02,733,328,52,259,411,801,800
2015-11-23 19:49:03,738,329,52,259,411,801,800
2015-11-23 19:49:04,739,330,52,259,412,801,800
2015-11-23 19:49:05,742,331,52,259,412,801,800
2015-11-23 19:49:06,746,332,52,260,412,801,800
2015-11-23 19:49:07,749,333,52,260,413,801,800
2015-11-23 19:49:08,754,334,52,260,413,801,800
2015-11-23 19:49:09,760,335,52,260,413,801,800
2015-11-23 19:49:10,763,336,52,260,413,801,800
2015-11-23 19:49:11,766,337,52,260,413,801,800
2015-11-23 19:49:12,771,338,52,260,414,801,800
2015-11-23 19:49:13,772,339,52,260,414,801,800
2015-11-23 19:49:14,775,340,52,260,414,801,800
2015-11-23 19:49:15,778,341,52,260,414,801,800
2015-11-23 19:49:16,781,342,52,260,414,801,800
2015-11-23 19:49:17,786,343,52,260,415,801,800
2015-11-23 19:49:18,788,344,52,260,415,801,800
2015-11-23 19:49:19,793,345,52,260,415,801,800
2015-11-23 19:49:20,794,346,52,260,415,801,800
2015-11-23 19:49:21,798,347,52,261,415,801,800
2015-11-23 19:49:22,801,348,52,261,416,801,800
2015-11-23 19:49:23,802,349,52,261,416,801,800
2015-11-23 19:49:24,806,350,52,261,416,801,800
2015-11-23 19:49:25,812,351,52,261,416,801,800
2015-11-23 19:49:26,817,352,52,261,416,801,800
2015-11-23 19:49:27,821,353,52,261,416,801,800
2015-11-23 19:49:28,826,354,52,261,417,801,800
2015-11-23 19:49:29,832,355,52,261,417,801,800
2015-11-23 19:49:30,836,356,52,261,417,801,800
2015-11-23 19:49:31,839,357,52,261,417,801,800
2015-11-23 19:49:32,844,358,52,261,417,801,800
2015-11-23 19:49:33,845,359,52,261,417,801,800
2015-11-23 19:49:34,848,360,52,261,417,801,800
2015-11-23 19:49:35,851,361,52,261,418,801,800
2015-11-23 19:49:36,855,362,52,261,418,801,800
2015-11-23 19:49:37,859,363,52,261,418,801,800
2015-11-23 19:49:38,860,364,52,262,418,801,800
2015-11-23 19:49:39,865,365,52,262,418,801,800
2015-11-23 19:49:40,870,366,52,262,418,801,800
2015-11-23 19:49:41,875,367,52,262,418,801,800
2015-11-23 19:49:42,877,368,52,262,418,801,800
2015-11-23 19:49:43,881,369,52,262,418,801,800
2015-11-23 19:49:44,883,370,52,262,418,801,800
2015-11-23 19:49:45,887,371,52,262,418,801,800
2015-11-23 19:49:46,892,372,52,262,418,801,800
2015-11-23 19:49:47,894,373,52,262,418,801,800
2015-11-23 19:49:48,899,374,52,262,419,801,800
2015-11-23 19:49:49,903,375,52,262,419,801,800
2015-11-23 19:49:50,909,376,52,262,419,801,800
2015-11-23 19:49:51,909,377,52,262,419,801,800
2015-11-23 19:49:52,912,378,52,263,420,801,800
2015-11-23 19:49:53,916,379,52,262,420,801,800
2015-11-23 19:49:54,919,380,52,263,420,801,800
2015-11-23 19:49:55,923,381,52,263,420,801,800
2015-11-23 19:49:56,929,382,52,263,420,801,800
2015-11-23 19:49:57,934,383,52,263,420,801,800
2015-11-23 19:49:58,938,384,52,263,421,801,800
2015-11-23 19:49:59,943,385,52,263,421,801,800
2015-11-23 19:50:00,944,386,52,263,421,801,800
2015-11-23 19:50:01,950,387,52,263,421,801,800
2015-11-23 19:50:02,955,388,52,263,422,801,800
2015-11-23 19:50:03,958,389,52,263,422,801,800
2015-11-23 19:50:04,961,390,52,263,422,801,800
2015-11-23 19:50:05,966,391,52,264,422,801,800
2015-11-23 19:50:06,971,392,52,264,422,801,800
2015-11-23 19:50:07,975,393,52,264,422,800,800
2015-11-23 19:50:08,977,394,52,264,423,801,800
2015-11-23 19:50:09,982,395,52,264,423,801,800
2015-11-23 19:50:10,987,396,52,264,423,801,800
2015-11-23 19:50:11,992,397,52,264,423,801,800
2015-11-23 19:50:12,996,398,52,264,424,801,800
2015-11-23 19:50:14,001,399,52,264,424,801,800
2015-11-23 19:50:15,001,400,52,264,424,801,800
2015-11-23 19:50:16,006,401,52,264,424,801,800
2015-11-23 19:50:17,007,402,52,265,424,801,800
2015-11-23 19:50:18,013,403,52,265,425,801,800
2015-11-23 19:50:19,018,404,52,265,425,801,800
2015-11-23 19:50:20,020,405,52,265,425,801,800
2015-11-23 19:50:21,024,406,52,265,425,801,800
2015-11-23 19:50:22,028,407,52,265,425,801,800
2015-11-23 19:50:23,032,408,52,265,425,801,800
2015-11-23 19:50:24,033,409,52,265,426,801,800
2015-11-23 19:50:25,038,410,52,265,426,801,800
2015-11-23 19:50:26,039,411,52,265,426,801,800
2015-11-23 19:50:27,043,412,52,266,426,801,800
2015-11-23 19:50:28,048,413,52,266,427,800,800
2015-11-23 19:50:29,050,414,52,266,427,801,800
2015-11-23 19:50:30,056,415,52,266,427,801,800
2015-11-23 19:50:31,060,416,52,266,427,801,800
2015-11-23 19:50:32,065,417,52,266,427,801,800
2015-11-23 19:50:33,069,418,52,266,427,801,800
2015-11-23 19:50:34,073,419,52,266,427,801,800
2015-11-23 19:50:35,080,420,52,266,428,801,800
2015-11-23 19:50:36,082,421,52,266,428,801,800
2015-11-23 19:50:37,085,422,52,267,428,801,800
2015-11-23 19:50:38,091,423,52,267,428,801,800
2015-11-23 19:50:39,093,424,52,267,429,801,800
2015-11-23 19:50:40,099,425,52,267,429,801,800
2015-11-23 19:50:41,101,426,52,267,429,801,800
2015-11-23 19:50:42,107,427,52,267,429,801,800
2015-11-23 19:50:43,111,428,52,267,429,801,800
2015-11-23 19:50:44,116,429,52,267,429,801,800
2015-11-23 19:50:45,120,430,52,267,430,801,800
2015-11-23 19:50:46,124,431,52,268,430,801,800
2015-11-23 19:50:47,125,432,52,268,430,801,800
2015-11-23 19:50:48,126,433,52,268,430,800,800
2015-11-23 19:50:49,130,434,52,268,430,801,800
2015-11-23 19:50:50,133,435,52,268,430,801,800
2015-11-23 19:50:51,137,436,52,268,431,800,800
2015-11-23 19:50:52,143,437,52,268,431,800,800
2015-11-23 19:50:53,148,438,52,268,431,801,800
2015-11-23 19:50:54,152,439,52,268,431,801,800
2015-11-23 19:50:55,157,440,52,269,431,801,800
2015-11-23 19:50:56,163,441,52,269,432,801,800
2015-11-23 19:50:57,169,442,52,269,432,801,800
2015-11-23 19:50:58,169,443,52,269,432,801,800
2015-11-23 19:50:59,174,444,52,269,432,801,800
2015-11-23 19:51:00,179,445,52,269,432,801,800
2015-11-23 19:51:01,182,446,52,269,433,801,800
2015-11-23 19:51:02,186,447,52,269,433,801,800
2015-11-23 19:51:03,191,448,52,269,433,801,800
2015-11-23 19:51:04,193,449,52,269,433,801,800
2015-11-23 19:51:05,198,450,52,270,433,801,800
2015-11-23 19:51:06,199,451,52,270,434,801,800
2015-11-23 19:51:07,200,452,52,270,434,801,800
2015-11-23 19:51:08,205,453,52,270,434,801,800
2015-11-23 19:51:09,210,454,52,270,434,801,800
2015-11-23 19:51:10,214,455,52,270,434,801,800
2015-11-23 19:51:11,220,456,52,270,434,800,800
2015-11-23 19:51:12,223,457,52,270,435,801,800
2015-11-23 19:51:13,226,458,52,270,435,801,800
2015-11-23 19:51:14,231,459,52,271,435,801,800
2015-11-23 19:51:15,237,460,52,271,435,801,800
2015-11-23 19:51:16,240,461,52,271,436,801,800
2015-11-23 19:51:17,244,462,52,271,436,801,800
2015-11-23 19:51:18,249,463,52,271,436,801,800
2015-11-23 19:51:19,251,464,52,271,436,801,800
2015-11-23 19:51:20,255,465,52,271,436,801,800
2015-11-23 19:51:21,257,466,52,271,436,801,800
2015-11-23 19:51:22,260,467,52,271,436,801,800
2015-11-23 19:51:23,264,468,52,271,437,801,800
2015-11-23 19:51:24,268,469,52,272,437,801,800
2015-11-23 19:51:25,272,470,52,272,437,801,800
2015-11-23 19:51:26,278,471,52,272,437,801,800
2015-11-23 19:51:27,281,472,52,272,437,801,800
2015-11-23 19:51:28,283,473,52,272,438,801,800
2015-11-23 19:51:29,288,474,52,272,438,801,800
2015-11-23 19:51:30,291,475,52,272,438,801,800
2015-11-23 19:51:31,295,476,52,272,438,801,800
2015-11-23 19:51:32,299,477,52,272,438,800,800
2015-11-23 19:51:33,305,478,52,273,438,801,800
2015-11-23 19:51:34,310,479,52,273,438,800,800
2015-11-23 19:51:35,315,480,52,273,439,801,800
2015-11-23 19:51:36,319,481,52,273,439,801,800
2015-11-23 19:51:37,323,482,52,273,439,801,800
2015-11-23 19:51:38,327,483,52,273,439,801,800
2015-11-23 19:51:39,331,484,52,273,440,801,800
2015-11-23 19:51:40,334,485,52,273,439,801,800
2015-11-23 19:51:41,340,487,52,274,440,801,800
2015-11-23 19:51:42,345,488,52,274,440,801,800
2015-11-23 19:51:43,350,489,52,274,440,801,800
2015-11-23 19:51:44,354,490,52,274,440,801,800
2015-11-23 19:51:45,358,491,52,274,440,801,800
2015-11-23 19:51:46,362,492,52,274,441,800,800
2015-11-23 19:51:47,367,493,52,274,441,801,800
2015-11-23 19:51:48,368,494,52,275,441,801,800
2015-11-23 19:51:49,374,495,52,275,441,801,800
2015-11-23 19:51:50,378,496,52,275,441,801,800
2015-11-23 19:51:51,383,497,52,275,441,801,800
2015-11-23 19:51:52,384,498,52,275,442,801,800
2015-11-23 19:51:53,389,499,52,275,442,801,800
2015-11-23 19:51:54,389,500,52,275,442,801,800
2015-11-23 19:51:55,392,501,52,276,442,801,800
2015-11-23 19:51:56,398,502,52,276,442,801,800
2015-11-23 19:51:57,400,503,52,276,443,801,800
2015-11-23 19:51:58,405,504,52,276,443,801,800
2015-11-23 19:51:59,407,505,52,276,443,800,800
2015-11-23 19:52:00,411,506,52,276,443,800,800
2015-11-23 19:52:01,415,507,52,276,443,801,800
2015-11-23 19:52:02,420,508,52,276,444,801,800
2015-11-23 19:52:03,422,509,52,277,444,801,800
2015-11-23 19:52:04,428,510,52,277,444,801,800
2015-11-23 19:52:05,430,511,52,277,445,801,800
2015-11-23 19:52:06,435,512,52,277,445,801,800
2015-11-23 19:52:07,440,513,52,277,445,800,800
2015-11-23 19:52:08,443,514,52,277,445,801,800
2015-11-23 19:52:09,447,515,52,277,445,800,800
2015-11-23 19:52:10,451,516,52,278,445,801,800
2015-11-23 19:52:11,456,517,52,278,446,801,800
2015-11-23 19:52:12,458,518,52,278,446,801,800
2015-11-23 19:52:13,463,519,52,278,446,801,800
2015-11-23 19:52:14,466,520,52,278,446,801,800
2015-11-23 19:52:15,472,521,52,278,447,801,800
2015-11-23 19:52:16,474,522,52,278,447,801,800
2015-11-23 19:52:17,477,523,52,278,447,801,800
2015-11-23 19:52:18,481,524,52,278,447,801,800
2015-11-23 19:52:19,485,525,52,279,447,801,800
2015-11-23 19:52:20,488,526,52,279,447,801,800
2015-11-23 19:52:21,491,527,52,279,448,801,800
2015-11-23 19:52:22,497,528,52,279,448,801,800
2015-11-23 19:52:23,499,529,52,279,448,800,800
2015-11-23 19:52:24,504,530,52,279,448,801,800
2015-11-23 19:52:25,509,531,52,279,448,801,800
2015-11-23 19:52:26,513,532,52,280,448,801,800
2015-11-23 19:52:27,518,533,52,280,449,801,800
2015-11-23 19:52:28,522,534,52,280,449,801,800
2015-11-23 19:52:29,524,535,52,280,449,800,800
2015-11-23 19:52:30,529,536,52,280,449,801,800
2015-11-23 19:52:31,531,537,52,280,450,800,800
2015-11-23 19:52:32,533,538,52,280,450,800,800
2015-11-23 19:52:33,537,539,52,280,450,801,800
2015-11-23 19:52:34,543,540,52,281,450,800,800
2015-11-23 19:52:35,547,541,52,281,451,801,800
2015-11-23 19:52:36,549,542,52,281,451,801,800
2015-11-23 19:52:37,553,543,52,281,451,801,800
2015-11-23 19:52:38,559,544,52,281,451,800,800
2015-11-23 19:52:39,562,545,52,281,451,801,800
2015-11-23 19:52:40,566,546,52,281,451,800,800
2015-11-23 19:52:41,571,547,52,282,452,800,800
2015-11-23 19:52:42,574,548,52,282,452,800,800
2015-11-23 19:52:43,580,549,52,282,452,801,800
2015-11-23 19:52:44,581,550,52,282,452,800,800
2015-11-23 19:52:45,582,551,52,282,452,801,800
2015-11-23 19:52:46,587,552,52,282,452,801,800
2015-11-23 19:52:47,590,553,52,282,452,801,800
2015-11-23 19:52:48,595,554,52,282,453,800,800
2015-11-23 19:52:49,599,555,52,283,453,800,800
2015-11-23 19:52:50,604,556,52,283,453,800,800
2015-11-23 19:52:51,608,557,52,283,453,801,800
2015-11-23 19:52:52,612,558,52,283,453,801,800
2015-11-23 19:52:53,615,559,52,283,453,801,800
2015-11-23 19:52:54,621,560,52,283,453,800,800
2015-11-23 19:52:55,626,561,52,283,453,800,800
2015-11-23 19:52:56,629,562,52,284,453,800,800
2015-11-23 19:52:57,635,563,52,284,454,800,800
2015-11-23 19:52:58,638,564,52,284,454,801,800
2015-11-23 19:52:59,643,565,52,284,454,801,800
2015-11-23 19:53:00,648,566,52,284,454,801,800
2015-11-23 19:53:01,649,567,52,284,454,801,800
2015-11-23 19:53:02,655,568,52,284,455,801,800
2015-11-23 19:53:03,658,569,52,285,455,800,800
2015-11-23 19:53:04,663,570,52,285,455,801,800
2015-11-23 19:53:05,667,571,52,285,455,801,800
2015-11-23 19:53:06,671,572,52,285,455,801,800
2015-11-23 19:53:07,676,573,52,285,455,801,800
2015-11-23 19:53:08,680,574,52,285,455,800,800
2015-11-23 19:53:09,680,575,52,285,455,800,800
2015-11-23 19:53:10,681,576,52,286,456,800,800
2015-11-23 19:53:11,686,577,52,286,456,801,800
2015-11-23 19:53:12,690,578,52,286,456,800,800
2015-11-23 19:53:13,695,579,52,286,456,800,800
2015-11-23 19:53:14,696,580,52,286,456,801,800
2015-11-23 19:53:15,701,581,52,286,456,801,800
2015-11-23 19:53:16,703,582,52,286,456,801,800
2015-11-23 19:53:17,709,583,52,287,457,801,800
2015-11-23 19:53:18,710,584,52,287,457,801,800
2015-11-23 19:53:19,716,585,52,287,457,800,800
2015-11-23 19:53:20,719,586,52,287,457,801,800
2015-11-23 19:53:21,720,587,52,287,457,801,800
2015-11-23 19:53:22,722,588,52,287,458,801,800
2015-11-23 19:53:23,726,589,52,287,458,800,800
2015-11-23 19:53:24,730,590,52,288,458,801,800
2015-11-23 19:53:25,735,591,52,288,458,801,800
2015-11-23 19:53:26,739,592,52,288,459,801,800
2015-11-23 19:53:27,743,593,52,288,459,801,800
2015-11-23 19:53:28,746,594,52,288,459,801,800
2015-11-23 19:53:29,752,595,52,288,459,801,800
2015-11-23 19:53:30,753,596,52,289,460,801,800
2015-11-23 19:53:31,759,597,52,289,460,801,800
2015-11-23 19:53:32,762,598,52,289,460,801,800
2015-11-23 19:53:33,767,599,52,289,460,801,800
2015-11-23 19:53:34,772,600,52,289,461,801,800
2015-11-23 19:53:35,777,601,52,289,461,801,800
2015-11-23 19:53:36,782,602,52,290,461,801,800
2015-11-23 19:53:37,785,603,52,290,461,801,800
2015-11-23 19:53:38,787,604,52,290,462,800,800
2015-11-23 19:53:39,793,605,52,290,462,801,800
2015-11-23 19:53:40,799,606,52,290,462,801,800
2015-11-23 19:53:41,803,607,52,290,462,801,800
2015-11-23 19:53:42,807,608,52,291,462,801,800
2015-11-23 19:53:43,811,609,52,291,463,801,800
2015-11-23 19:53:44,816,610,52,291,463,801,800
2015-11-23 19:53:45,821,611,52,291,463,801,800
2015-11-23 19:53:46,822,612,52,291,463,801,800
2015-11-23 19:53:47,827,613,52,291,463,801,800
2015-11-23 19:53:48,834,614,52,291,464,801,800
2015-11-23 19:53:49,836,615,52,291,464,801,800
2015-11-23 19:53:50,841,616,52,292,464,801,800
2015-11-23 19:53:51,844,617,52,292,464,801,800
2015-11-23 19:53:52,849,618,52,292,464,801,800
2015-11-23 19:53:53,854,619,52,292,464,801,800
2015-11-23 19:53:54,860,620,52,292,465,800,800
2015-11-23 19:53:55,864,621,52,292,465,800,800
2015-11-23 19:53:56,866,622,52,293,465,801,800
2015-11-23 19:53:57,870,623,52,293,465,800,800
2015-11-23 19:53:58,872,624,52,293,466,801,800
2015-11-23 19:53:59,878,625,52,293,466,800,800
2015-11-23 19:54:00,879,626,52,293,466,801,800
2015-11-23 19:54:01,882,627,52,293,466,800,800
2015-11-23 19:54:02,885,628,52,293,466,801,800
2015-11-23 19:54:03,888,629,52,293,466,801,800
2015-11-23 19:54:04,893,630,52,294,466,800,800
2015-11-23 19:54:05,898,631,52,294,466,800,800
2015-11-23 19:54:06,903,632,52,294,465,800,800
2015-11-23 19:54:07,906,633,52,294,466,800,800
2015-11-23 19:54:08,911,634,52,294,466,800,800
2015-11-23 19:54:09,914,635,52,294,466,801,800
2015-11-23 19:54:10,920,636,52,295,466,800,800
2015-11-23 19:54:11,920,637,52,295,466,801,800
2015-11-23 19:54:12,925,638,52,295,466,801,800
2015-11-23 19:54:13,927,639,52,295,466,800,800
2015-11-23 19:54:14,930,640,52,295,466,801,800
2015-11-23 19:54:15,935,641,52,295,465,801,800
2015-11-23 19:54:16,939,642,52,295,465,800,800
2015-11-23 19:54:17,943,643,52,296,465,800,800
2015-11-23 19:54:18,949,644,52,296,465,801,800
2015-11-23 19:54:19,952,645,52,296,466,801,800
2015-11-23 19:54:20,957,646,52,296,466,800,800
2015-11-23 19:54:21,960,647,52,296,466,801,800
2015-11-23 19:54:22,964,648,52,296,466,800,800
2015-11-23 19:54:23,969,649,52,297,466,801,800
2015-11-23 19:54:24,972,650,52,297,466,800,800
2015-11-23 19:54:25,977,651,52,297,466,801,800
2015-11-23 19:54:26,977,652,52,297,465,801,800
2015-11-23 19:54:27,979,653,52,297,465,800,800
2015-11-23 19:54:28,984,654,52,297,465,800,800
2015-11-23 19:54:29,987,655,52,298,465,801,800
2015-11-23 19:54:30,992,656,52,298,465,801,800
2015-11-23 19:54:31,993,657,52,298,465,800,800
2015-11-23 19:54:32,995,658,52,298,465,801,800
2015-11-23 19:54:34,000,659,52,298,465,801,800
2015-11-23 19:54:35,001,660,52,298,465,801,800
2015-11-23 19:54:36,002,661,52,298,464,800,800
2015-11-23 19:54:37,007,662,52,299,464,801,800
2015-11-23 19:54:38,009,663,52,299,464,801,800
2015-11-23 19:54:39,014,664,52,299,464,800,800
2015-11-23 19:54:40,018,665,52,299,464,801,800
2015-11-23 19:54:41,024,666,52,299,464,800,800
2015-11-23 19:54:42,027,667,52,299,464,800,800
2015-11-23 19:54:43,032,668,52,300,464,800,800
2015-11-23 19:54:44,034,669,52,300,464,801,800
2015-11-23 19:54:45,039,670,52,300,464,801,800
2015-11-23 19:54:46,041,671,52,300,464,801,800
2015-11-23 19:54:47,042,672,52,300,463,801,800
2015-11-23 19:54:48,048,673,52,300,463,801,800
2015-11-23 19:54:49,050,674,52,300,463,801,800
2015-11-23 19:54:50,056,675,52,300,463,800,800
2015-11-23 19:54:51,060,676,52,301,463,800,800
2015-11-23 19:54:52,064,677,52,301,463,801,800
2015-11-23 19:54:53,067,678,52,301,463,801,800
2015-11-23 19:54:54,072,679,52,301,463,801,800
2015-11-23 19:54:55,076,680,52,301,463,801,800
2015-11-23 19:54:56,080,681,52,301,462,800,800
2015-11-23 19:54:57,084,682,52,302,462,801,800
2015-11-23 19:54:58,090,683,52,302,462,801,800
2015-11-23 19:54:59,091,684,52,302,462,801,800
2015-11-23 19:55:00,097,685,52,302,462,801,800
2015-11-23 19:55:01,102,686,52,302,462,800,800
2015-11-23 19:55:02,107,687,52,302,462,800,800
2015-11-23 19:55:03,110,688,52,302,462,801,800
2015-11-23 19:55:04,115,689,52,303,461,801,800
2015-11-23 19:55:05,118,690,52,303,461,801,800
2015-11-23 19:55:06,125,691,52,303,461,801,800
2015-11-23 19:55:07,131,692,52,303,460,801,800
2015-11-23 19:55:08,132,693,52,303,460,801,800
2015-11-23 19:55:09,137,694,52,303,460,801,800
2015-11-23 19:55:10,142,695,52,303,459,801,800
2015-11-23 19:55:11,147,696,52,304,459,801,800
2015-11-23 19:55:12,150,697,52,304,459,801,800
2015-11-23 19:55:13,153,698,52,304,458,801,800
2015-11-23 19:55:14,158,699,52,304,458,801,800
2015-11-23 19:55:15,162,700,52,304,458,801,800
2015-11-23 19:55:16,166,701,52,304,457,801,800
2015-11-23 19:55:17,168,702,52,304,457,801,800
2015-11-23 19:55:18,173,703,52,305,457,801,800
2015-11-23 19:55:19,177,704,52,305,456,801,800
2015-11-23 19:55:20,183,705,52,305,456,801,800
2015-11-23 19:55:21,185,706,52,305,456,800,800
2015-11-23 19:55:22,191,707,52,305,455,801,800
2015-11-23 19:55:23,192,708,52,305,455,801,800
2015-11-23 19:55:24,195,709,52,306,455,801,800
2015-11-23 19:55:25,199,710,52,306,455,800,800
2015-11-23 19:55:26,200,711,52,306,455,801,800
2015-11-23 19:55:27,205,712,52,306,454,801,800
2015-11-23 19:55:28,206,713,52,306,454,801,800
2015-11-23 19:55:29,211,714,52,306,454,800,800
2015-11-23 19:55:30,214,715,52,307,454,801,800
2015-11-23 19:55:31,216,716,52,307,454,801,800
2015-11-23 19:55:32,222,717,52,307,454,801,800
2015-11-23 19:55:33,225,718,52,307,453,801,800
2015-11-23 19:55:34,230,719,52,307,453,801,800
2015-11-23 19:55:35,231,720,52,307,453,800,800
2015-11-23 19:55:36,234,721,52,307,453,801,800
2015-11-23 19:55:37,238,722,52,308,452,801,800
2015-11-23 19:55:38,239,723,52,308,452,801,800
2015-11-23 19:55:39,245,724,52,308,451,801,800
2015-11-23 19:55:40,249,725,52,308,450,801,800
2015-11-23 19:55:41,254,726,52,309,449,801,800
2015-11-23 19:55:42,257,727,52,309,449,800,800
2015-11-23 19:55:43,262,728,52,309,448,801,800
2015-11-23 19:55:44,263,729,52,310,447,800,800
2015-11-23 19:55:45,267,730,52,310,446,800,800
2015-11-23 19:55:46,271,731,52,310,446,801,800
2015-11-23 19:55:47,274,732,52,310,445,801,800
2015-11-23 19:55:48,279,733,52,310,445,800,800
2015-11-23 19:55:49,280,734,52,310,444,801,800
2015-11-23 19:55:50,286,735,52,310,444,800,800
2015-11-23 19:55:51,292,736,52,310,444,800,800
2015-11-23 19:55:52,295,737,52,311,443,801,800
2015-11-23 19:55:53,300,738,52,310,443,800,800
2015-11-23 19:55:54,304,739,52,311,443,800,800
2015-11-23 19:55:55,310,740,52,311,443,801,800
2015-11-23 19:55:56,312,741,52,311,442,800,800
2015-11-23 19:55:57,316,742,52,311,442,801,800
2015-11-23 19:55:58,322,743,52,311,442,801,800
2015-11-23 19:55:59,325,744,52,311,442,801,800
2015-11-23 19:56:00,331,745,52,311,441,801,800
2015-11-23 19:56:01,336,747,52,311,441,800,800
2015-11-23 19:56:02,338,748,52,311,441,801,800
2015-11-23 19:56:03,342,749,52,311,441,801,800
2015-11-23 19:56:04,346,750,52,311,440,801,800
2015-11-23 19:56:05,352,751,52,311,440,800,800
2015-11-23 19:56:06,355,752,52,311,440,800,800
2015-11-23 19:56:07,360,753,52,311,440,801,800
2015-11-23 19:56:08,365,754,52,311,440,801,800
2015-11-23 19:56:09,368,755,52,311,440,801,800
2015-11-23 19:56:10,372,756,52,311,440,800,800
2015-11-23 19:56:11,377,757,52,311,440,800,800
2015-11-23 19:56:12,380,758,52,312,440,800,800
2015-11-23 19:56:13,382,759,52,312,440,801,800
2015-11-23 19:56:14,387,760,52,312,440,800,800
2015-11-23 19:56:15,388,761,52,312,439,801,800
2015-11-23 19:56:16,391,762,52,312,439,801,800
2015-11-23 19:56:17,396,763,52,312,439,800,800
2015-11-23 19:56:18,398,764,52,312,439,800,800
2015-11-23 19:56:19,403,765,52,312,439,801,800
2015-11-23 19:56:20,408,766,52,312,439,800,800
2015-11-23 19:56:21,413,767,52,312,439,801,800
2015-11-23 19:56:22,417,768,52,312,438,801,800
2015-11-23 19:56:23,421,769,52,312,438,800,800
2015-11-23 19:56:24,425,770,52,312,438,801,800
2015-11-23 19:56:25,430,771,52,312,438,801,800
2015-11-23 19:56:26,436,772,52,312,438,800,800
2015-11-23 19:56:27,438,773,52,312,438,801,800
2015-11-23 19:56:28,443,774,52,312,438,801,800
2015-11-23 19:56:29,446,775,52,312,438,801,800
2015-11-23 19:56:30,447,776,52,312,438,801,800
2015-11-23 19:56:31,451,777,52,312,437,801,800
2015-11-23 19:56:32,457,778,52,312,437,801,800
2015-11-23 19:56:33,462,779,52,312,437,801,800
2015-11-23 19:56:34,464,780,52,312,437,801,800
2015-11-23 19:56:35,464,781,52,312,437,801,800
2015-11-23 19:56:36,469,782,52,312,437,800,800
2015-11-23 19:56:37,475,783,52,312,437,800,800
2015-11-23 19:56:38,479,784,52,312,437,800,800
2015-11-23 19:56:39,484,785,52,313,437,800,800
2015-11-23 19:56:40,488,786,52,312,437,800,800
2015-11-23 19:56:41,492,787,52,312,437,800,800
2015-11-23 19:56:42,498,788,52,312,437,800,800
2015-11-23 19:56:43,501,789,52,313,437,800,800
2015-11-23 19:56:44,507,790,52,312,436,800,800
2015-11-23 19:56:45,512,791,52,312,436,800,800
2015-11-23 19:56:46,516,792,52,313,436,801,800
2015-11-23 19:56:47,522,793,52,313,436,800,800
2015-11-23 19:56:48,525,794,52,312,436,800,800
2015-11-23 19:56:49,530,795,52,313,436,800,800
2015-11-23 19:56:50,534,796,52,313,436,800,800
2015-11-23 19:56:51,540,797,52,313,436,800,800
2015-11-23 19:56:52,544,798,52,313,436,800,800
2015-11-23 19:56:53,549,799,52,313,436,801,800
2015-11-23 19:56:54,553,800,52,313,435,800,800
2015-11-23 19:56:55,559,801,52,313,435,800,800
2015-11-23 19:56:56,565,802,52,313,435,801,800
2015-11-23 19:56:57,569,803,52,313,435,801,800
2015-11-23 19:56:58,575,804,52,313,435,801,800
2015-11-23 19:56:59,580,805,52,313,435,800,800
2015-11-23 19:57:00,586,806,52,313,435,801,800
2015-11-23 19:57:01,592,807,53,313,435,801,800
2015-11-23 19:57:02,593,808,52,313,435,800,800
2015-11-23 19:57:03,598,809,52,313,435,801,800
2015-11-23 19:57:04,601,810,52,313,436,801,800
2015-11-23 19:57:05,606,811,52,313,436,801,800
2015-11-23 19:57:06,609,812,52,313,435,800,800
2015-11-23 19:57:07,615,813,52,313,436,801,800
2015-11-23 19:57:08,618,814,52,313,435,800,800
2015-11-23 19:57:09,622,815,52,313,435,800,800
2015-11-23 19:57:10,626,816,52,313,435,801,800
2015-11-23 19:57:11,628,817,52,313,435,800,800
2015-11-23 19:57:12,634,818,52,313,435,801,800
2015-11-23 19:57:13,638,819,52,313,435,800,800
2015-11-23 19:57:14,643,820,52,313,435,800,800
2015-11-23 19:57:15,647,821,52,313,435,801,800
2015-11-23 19:57:16,652,822,52,313,435,801,800
2015-11-23 19:57:17,653,823,52,313,435,800,800
2015-11-23 19:57:18,659,824,52,313,435,800,800
2015-11-23 19:57:19,660,825,52,313,434,800,800
2015-11-23 19:57:20,661,826,52,313,434,800,800
2015-11-23 19:57:21,666,827,52,313,434,800,800
2015-11-23 19:57:22,668,828,52,313,434,800,800
2015-11-23 19:57:23,673,829,52,313,434,800,800
2015-11-23 19:57:24,676,830,52,313,434,800,800
2015-11-23 19:57:25,682,831,52,313,434,801,800
2015-11-23 19:57:26,684,832,52,313,434,800,800
2015-11-23 19:57:27,684,833,52,313,434,800,800
2015-11-23 19:57:28,690,834,52,313,434,800,800
2015-11-23 19:57:29,694,835,52,313,434,800,800
2015-11-23 19:57:30,700,836,52,313,434,801,800
2015-11-23 19:57:31,705,837,52,313,434,800,800
2015-11-23 19:57:32,708,838,53,313,434,801,800
2015-11-23 19:57:33,710,839,53,313,434,801,800
2015-11-23 19:57:34,715,840,52,313,434,800,800
2015-11-23 19:57:35,721,841,52,313,434,801,800
2015-11-23 19:57:36,725,842,52,313,434,800,800
2015-11-23 19:57:37,728,843,53,313,434,801,800
2015-11-23 19:57:38,733,844,52,313,434,800,800
2015-11-23 19:57:39,736,845,52,313,434,800,800
2015-11-23 19:57:40,742,846,52,313,433,800,800
2015-11-23 19:57:41,744,847,52,313,433,800,800
2015-11-23 19:57:42,749,848,52,313,433,800,800
2015-11-23 19:57:43,750,849,52,313,433,800,800
2015-11-23 19:57:44,756,850,52,313,433,800,800
2015-11-23 19:57:45,759,851,52,313,433,800,800
2015-11-23 19:57:46,763,852,52,313,433,800,800
2015-11-23 19:57:47,768,853,52,313,433,800,800
2015-11-23 19:57:48,770,854,52,313,433,800,800
2015-11-23 19:57:49,774,855,52,313,432,800,800
2015-11-23 19:57:50,781,856,52,313,433,800,800
2015-11-23 19:57:51,785,857,52,313,433,800,800
2015-11-23 19:57:52,791,858,52,313,432,800,800
2015-11-23 19:57:53,796,859,52,313,432,800,800
2015-11-23 19:57:54,801,860,52,313,432,800,800
2015-11-23 19:57:55,802,861,52,313,432,800,800
2015-11-23 19:57:56,804,862,52,313,432,800,800
2015-11-23 19:57:57,808,863,52,313,432,800,800
2015-11-23 19:57:58,809,864,52,313,432,800,800
2015-11-23 19:57:59,810,865,52,313,432,800,800
2015-11-23 19:58:00,815,866,52,313,432,800,800
2015-11-23 19:58:01,816,867,53,313,432,801,800
2015-11-23 19:58:02,817,868,52,313,432,800,800
2015-11-23 19:58:03,822,869,52,313,432,800,800
2015-11-23 19:58:04,828,870,52,313,432,800,800
2015-11-23 19:58:05,834,871,52,313,431,800,800
2015-11-23 19:58:06,839,872,52,313,431,800,800
2015-11-23 19:58:07,840,873,53,313,431,800,800
2015-11-23 19:58:08,843,874,52,313,431,800,800
2015-11-23 19:58:09,847,875,52,313,431,800,800
2015-11-23 19:58:10,853,876,52,313,431,800,800
2015-11-23 19:58:11,859,877,52,314,431,800,800
2015-11-23 19:58:12,865,878,52,313,431,800,800
2015-11-23 19:58:13,867,879,53,314,432,800,800
2015-11-23 19:58:14,873,880,53,313,431,800,800
2015-11-23 19:58:15,875,881,53,314,431,800,800
2015-11-23 19:58:16,880,882,53,314,431,800,800
2015-11-23 19:58:17,881,883,52,314,431,800,800
2015-11-23 19:58:18,885,884,52,313,431,800,800
2015-11-23 19:58:19,890,885,52,313,431,800,800
2015-11-23 19:58:20,895,886,52,313,431,800,800
2015-11-23 19:58:21,898,887,52,313,431,800,800
2015-11-23 19:58:22,901,888,52,313,431,800,800
2015-11-23 19:58:23,906,889,53,313,431,800,800
2015-11-23 19:58:24,906,890,52,313,431,800,800
2015-11-23 19:58:25,911,891,52,313,431,800,800
2015-11-23 19:58:26,913,892,53,313,431,800,800
2015-11-23 19:58:27,914,893,52,313,431,800,800
2015-11-23 19:58:28,918,894,53,313,431,800,800
2015-11-23 19:58:29,921,895,53,313,431,800,800
2015-11-23 19:58:30,922,896,52,313,430,800,800
2015-11-23 19:58:31,927,897,52,313,430,800,800
2015-11-23 19:58:32,929,898,52,313,430,800,800
2015-11-23 19:58:33,932,899,52,313,430,800,800
2015-11-23 19:58:34,936,900,53,313,430,800,800
2015-11-23 19:58:35,940,901,52,313,430,800,800
2015-11-23 19:58:36,944,902,52,313,430,800,800
2015-11-23 19:58:37,948,903,53,313,431,800,800
2015-11-23 19:58:38,953,904,52,313,430,800,800
2015-11-23 19:58:39,958,905,53,313,430,800,800
2015-11-23 19:58:40,962,906,52,313,430,800,800
2015-11-23 19:58:41,964,907,52,313,430,800,800
2015-11-23 19:58:42,969,908,52,313,430,800,800
2015-11-23 19:58:43,973,909,52,313,430,800,800
2015-11-23 19:58:44,978,910,53,313,430,800,800
2015-11-23 19:58:45,982,911,52,313,429,800,800
2015-11-23 19:58:46,987,912,52,313,429,800,800
2015-11-23 19:58:47,990,913,53,313,429,800,800
2015-11-23 19:58:48,995,914,52,313,429,800,800
2015-11-23 19:58:49,996,915,53,313,429,800,800
2015-11-23 19:58:51,000,916,53,313,429,800,800
2015-11-23 19:58:52,002,917,53,313,429,800,800
2015-11-23 19:58:53,006,918,52,312,429,800,800
2015-11-23 19:58:54,011,919,53,312,429,800,800
2015-11-23 19:58:55,013,920,52,312,429,800,800
2015-11-23 19:58:56,018,921,53,312,429,801,800
2015-11-23 19:58:57,021,922,53,312,429,800,800
2015-11-23 19:58:58,027,923,53,312,429,800,800
2015-11-23 19:58:59,032,924,53,312,429,800,800
2015-11-23 19:59:00,036,925,52,312,428,800,800
2015-11-23 19:59:01,037,926,52,312,428,800,800
2015-11-23 19:59:02,041,927,52,312,428,800,800
2015-11-23 19:59:03,046,928,52,312,428,800,800
2015-11-23 19:59:04,052,929,53,312,428,801,800
2015-11-23 19:59:05,057,930,53,312,428,800,800
2015-11-23 19:59:06,062,931,52,312,428,800,800
2015-11-23 19:59:07,065,932,53,312,428,800,800
2015-11-23 19:59:08,070,933,52,312,428,800,800
2015-11-23 19:59:09,073,934,53,312,428,800,800
2015-11-23 19:59:10,079,935,52,312,428,800,800
2015-11-23 19:59:11,084,936,52,312,428,800,800
2015-11-23 19:59:12,087,937,52,312,428,800,800
2015-11-23 19:59:13,092,938,52,312,428,800,800
2015-11-23 19:59:14,096,939,52,312,428,800,800
2015-11-23 19:59:15,100,940,53,312,429,800,800
2015-11-23 19:59:16,104,941,53,311,429,800,800
2015-11-23 19:59:17,110,942,53,311,429,800,800
2015-11-23 19:59:18,113,943,52,311,428,800,800
2015-11-23 19:59:19,118,944,53,311,428,800,800
2015-11-23 19:59:20,121,945,53,311,428,800,800
2015-11-23 19:59:21,125,946,52,311,428,800,800
2015-11-23 19:59:22,130,947,52,311,428,800,800
2015-11-23 19:59:23,131,948,52,311,428,800,800
2015-11-23 19:59:24,137,949,53,311,428,800,800
2015-11-23 19:59:25,143,950,53,310,428,800,800
2015-11-23 19:59:26,146,951,53,310,428,800,800
2015-11-23 19:59:27,151,952,52,310,428,800,800
2015-11-23 19:59:28,156,953,52,310,427,800,800
2015-11-23 19:59:29,157,954,52,310,427,800,800
2015-11-23 19:59:30,162,955,52,310,427,800,800
2015-11-23 19:59:31,168,956,52,310,427,800,800
2015-11-23 19:59:32,172,957,52,310,427,800,800
2015-11-23 19:59:33,176,958,52,310,427,800,800
2015-11-23 19:59:34,181,959,52,310,427,800,800
2015-11-23 19:59:35,185,960,53,310,427,800,800
2015-11-23 19:59:36,191,961,52,309,427,800,800
2015-11-23 19:59:37,194,962,53,309,427,800,800
2015-11-23 19:59:38,199,963,52,309,427,800,800
2015-11-23 19:59:39,205,964,52,309,427,800,800
2015-11-23 19:59:40,206,965,52,309,427,800,800
2015-11-23 19:59:41,211,966,52,309,427,800,800
2015-11-23 19:59:42,216,967,53,309,427,800,800
2015-11-23 19:59:43,220,968,52,309,427,800,800
2015-11-23 19:59:44,223,969,53,309,427,801,800
2015-11-23 19:59:45,227,970,52,309,426,800,800
2015-11-23 19:59:46,232,971,52,308,427,800,800
2015-11-23 19:59:47,234,972,52,308,427,800,800
2015-11-23 19:59:48,238,973,53,308,426,801,800
2015-11-23 19:59:49,244,974,52,308,426,800,800
2015-11-23 19:59:50,248,975,52,308,426,800,800
2015-11-23 19:59:51,249,976,52,308,426,800,800
2015-11-23 19:59:52,251,977,53,308,426,801,800
2015-11-23 19:59:53,255,978,52,308,426,800,800
2015-11-23 19:59:54,260,979,52,308,425,800,800
2015-11-23 19:59:55,264,980,52,308,425,800,800
2015-11-23 19:59:56,264,981,52,307,425,800,800
2015-11-23 19:59:57,265,982,52,307,425,801,800
2015-11-23 19:59:58,271,983,52,307,425,800,800
2015-11-23 19:59:59,272,984,52,307,425,801,800
2015-11-23 20:00:00,278,985,52,307,425,800,800
2015-11-23 20:00:01,279,986,53,307,425,801,800
2015-11-23 20:00:02,283,987,52,307,425,801,800
2015-11-23 20:00:03,286,988,52,307,425,800,800
2015-11-23 20:00:04,291,989,52,307,425,801,800
2015-11-23 20:00:05,294,990,52,307,425,801,800
2015-11-23 20:00:06,298,991,53,307,425,801,800
2015-11-23 20:00:07,303,992,52,307,425,801,800
2015-11-23 20:00:08,309,993,52,307,425,800,800
2015-11-23 20:00:09,311,994,52,307,425,801,800
2015-11-23 20:00:10,312,995,52,307,425,801,800
2015-11-23 20:00:11,313,996,52,307,425,801,800
2015-11-23 20:00:12,318,997,52,307,425,800,800
2015-11-23 20:00:13,323,998,53,307,425,801,800
2015-11-23 20:00:14,327,999,52,307,425,800,800
2015-11-23 20:00:15,328,1000,52,307,425,801,800
2015-11-23 20:00:16,333,1001,52,307,425,801,800
2015-11-23 20:00:17,334,1002,52,307,425,800,800
2015-11-23 20:00:18,337,1004,52,307,425,801,800
2015-11-23 20:00:19,342,1005,52,307,425,801,800
2015-11-23 20:00:20,345,1006,52,307,425,801,800
2015-11-23 20:00:21,350,1007,52,307,424,801,800
2015-11-23 20:00:22,355,1008,52,307,424,801,800
2015-11-23 20:00:23,359,1009,52,307,424,801,800
2015-11-23 20:00:24,364,1010,52,307,424,801,800
2015-11-23 20:00:25,368,1011,52,307,424,801,800
2015-11-23 20:00:26,369,1012,52,307,424,801,800
2015-11-23 20:00:27,369,1013,52,307,424,801,800
2015-11-23 20:00:28,374,1014,52,307,424,801,800
2015-11-23 20:00:29,378,1015,52,307,424,801,800
2015-11-23 20:00:30,383,1016,52,307,423,801,800
2015-11-23 20:00:31,385,1017,52,307,424,801,800
2015-11-23 20:00:32,390,1018,52,307,424,801,800
2015-11-23 20:00:33,392,1019,52,307,424,801,800
2015-11-23 20:00:34,396,1020,52,307,424,801,800
2015-11-23 20:00:35,399,1021,52,307,423,801,800
2015-11-23 20:00:36,401,1022,52,307,423,801,800
2015-11-23 20:00:37,406,1023,52,307,423,801,800
2015-11-23 20:00:38,412,1024,52,307,423,801,800
2015-11-23 20:00:39,415,1025,52,307,423,801,800
2015-11-23 20:00:40,416,1026,52,307,423,801,800
