2015-11-23 19:01:32,468,datetime,ms,seconds,ambient_temp,thermocouple_0_temp,thermocouple_1_temp,thermocouple_2_temp,thermocouple_3_temp
2015-11-23 19:01:37,514,5,47,288,382,803,802
2015-11-23 19:01:38,514,6,47,287,375,803,802
2015-11-23 19:01:39,517,7,48,287,370,803,802
2015-11-23 19:01:40,520,8,48,287,366,803,802
2015-11-23 19:01:41,525,9,48,287,363,803,802
2015-11-23 19:01:42,530,10,48,286,361,803,802
2015-11-23 19:01:43,532,11,47,286,359,803,802
2015-11-23 19:01:44,537,12,48,286,357,803,802
2015-11-23 19:01:45,537,13,48,286,355,803,802
2015-11-23 19:01:46,542,14,48,286,353,803,802
2015-11-23 19:01:47,546,15,48,286,351,803,802
2015-11-23 19:01:48,552,16,48,286,350,803,802
2015-11-23 19:01:49,557,17,48,285,348,803,802
2015-11-23 19:01:50,562,18,48,285,347,803,802
2015-11-23 19:01:51,566,19,48,285,346,803,802
2015-11-23 19:01:52,572,20,48,285,344,803,802
2015-11-23 19:01:53,577,21,48,285,343,803,802
2015-11-23 19:01:54,581,22,48,285,342,803,802
2015-11-23 19:01:55,584,23,48,285,341,803,802
2015-11-23 19:01:56,588,24,48,285,340,803,802
2015-11-23 19:01:57,592,25,48,284,339,803,802
2015-11-23 19:01:58,596,26,48,284,338,803,802
2015-11-23 19:01:59,601,27,48,284,337,803,802
2015-11-23 19:02:00,606,28,48,284,336,803,802
2015-11-23 19:02:01,607,29,48,284,335,803,802
2015-11-23 19:02:02,608,30,48,284,334,803,802
2015-11-23 19:02:03,612,31,48,284,334,803,802
2015-11-23 19:02:04,617,32,48,283,333,803,802
2015-11-23 19:02:05,621,33,48,283,332,803,802
2015-11-23 19:02:06,621,34,48,283,331,803,802
2015-11-23 19:02:07,625,35,48,283,331,803,802
2015-11-23 19:02:08,627,36,48,283,330,803,802
2015-11-23 19:02:09,632,37,48,283,329,803,802
2015-11-23 19:02:10,636,38,48,283,329,803,802
2015-11-23 19:02:11,637,39,48,282,328,803,802
2015-11-23 19:02:12,642,40,48,282,328,803,802
2015-11-23 19:02:13,645,41,48,282,327,803,802
2015-11-23 19:02:14,646,42,48,282,327,803,802
2015-11-23 19:02:15,651,43,48,282,327,803,802
2015-11-23 19:02:16,657,44,48,282,326,803,802
2015-11-23 19:02:17,659,45,48,282,326,803,802
2015-11-23 19:02:18,660,46,48,282,326,803,802
2015-11-23 19:02:19,665,47,48,281,325,803,802
2015-11-23 19:02:20,667,48,48,281,325,803,802
2015-11-23 19:02:21,667,49,48,281,325,803,802
2015-11-23 19:02:22,670,50,48,281,325,803,802
2015-11-23 19:02:23,672,51,48,281,325,803,802
2015-11-23 19:02:24,676,52,48,281,325,803,802
2015-11-23 19:02:25,679,53,48,281,324,803,802
2015-11-23 19:02:26,681,54,48,280,324,803,802
2015-11-23 19:02:27,687,55,48,280,324,803,802
2015-11-23 19:02:28,689,56,48,280,324,803,802
2015-11-23 19:02:29,695,57,48,280,324,803,802
2015-11-23 19:02:30,697,58,48,280,324,803,802
2015-11-23 19:02:31,698,59,48,280,323,803,802
2015-11-23 19:02:32,699,60,48,279,323,803,802
2015-11-23 19:02:33,704,61,48,279,323,803,802
2015-11-23 19:02:34,706,62,48,279,323,803,802
2015-11-23 19:02:35,712,63,48,279,323,803,802
2015-11-23 19:02:36,717,64,48,279,323,803,802
2015-11-23 19:02:37,721,65,48,279,324,803,802
2015-11-23 19:02:38,725,66,48,279,325,803,802
2015-11-23 19:02:39,730,67,48,278,325,803,802
2015-11-23 19:02:40,735,68,48,278,326,803,802
2015-11-23 19:02:41,739,69,48,278,327,803,802
2015-11-23 19:02:42,742,70,48,278,328,803,802
2015-11-23 19:02:43,747,71,48,278,329,803,802
2015-11-23 19:02:44,748,72,48,278,329,803,802
2015-11-23 19:02:45,751,73,48,278,330,803,802
2015-11-23 19:02:46,755,74,48,278,331,803,802
2015-11-23 19:02:47,757,75,48,277,331,803,802
2015-11-23 19:02:48,763,76,48,277,332,803,802
2015-11-23 19:02:49,765,77,48,277,333,803,802
2015-11-23 19:02:50,771,78,48,277,333,803,802
2015-11-23 19:02:51,775,79,48,277,334,803,802
2015-11-23 19:02:52,779,80,48,277,335,803,802
2015-11-23 19:02:53,780,81,48,277,335,803,802
2015-11-23 19:02:54,785,82,48,276,336,803,802
2015-11-23 19:02:55,790,83,48,276,336,803,802
2015-11-23 19:02:56,795,84,48,276,337,803,802
2015-11-23 19:02:57,800,85,48,276,338,803,802
2015-11-23 19:02:58,805,86,48,276,338,803,802
2015-11-23 19:02:59,809,87,48,276,339,803,802
2015-11-23 19:03:00,814,88,48,275,340,803,802
2015-11-23 19:03:01,818,89,48,275,340,803,802
2015-11-23 19:03:02,822,90,48,275,341,803,802
2015-11-23 19:03:03,825,91,48,275,341,803,802
2015-11-23 19:03:04,830,92,48,275,342,803,802
2015-11-23 19:03:05,835,93,48,275,342,803,802
2015-11-23 19:03:06,838,94,48,275,342,803,802
2015-11-23 19:03:07,843,95,48,274,343,803,802
2015-11-23 19:03:08,847,96,48,274,343,803,802
2015-11-23 19:03:09,850,97,48,274,344,803,802
2015-11-23 19:03:10,855,98,48,274,344,803,802
2015-11-23 19:03:11,859,99,48,274,345,803,802
2015-11-23 19:03:12,864,100,48,274,345,803,802
2015-11-23 19:03:13,864,101,48,274,346,803,802
2015-11-23 19:03:14,865,102,48,273,346,803,802
2015-11-23 19:03:15,871,103,48,273,347,803,802
2015-11-23 19:03:16,874,104,48,273,347,803,802
2015-11-23 19:03:17,879,105,48,273,348,803,802
2015-11-23 19:03:18,885,106,48,273,348,803,802
2015-11-23 19:03:19,888,107,48,273,349,803,802
2015-11-23 19:03:20,893,108,48,272,349,803,802
2015-11-23 19:03:21,899,109,48,272,349,803,802
2015-11-23 19:03:22,903,110,48,272,350,803,802
2015-11-23 19:03:23,905,111,48,272,350,803,802
2015-11-23 19:03:24,909,112,48,272,351,803,802
2015-11-23 19:03:25,913,113,48,272,351,803,802
2015-11-23 19:03:26,917,114,48,272,351,803,802
2015-11-23 19:03:27,922,115,48,271,352,803,802
2015-11-23 19:03:28,924,116,48,271,352,803,802
2015-11-23 19:03:29,929,117,48,271,353,803,802
2015-11-23 19:03:30,934,118,48,271,353,803,802
2015-11-23 19:03:31,939,119,48,271,353,803,802
2015-11-23 19:03:32,940,120,48,271,354,803,802
2015-11-23 19:03:33,945,121,48,271,354,803,802
2015-11-23 19:03:34,945,122,48,270,355,803,802
2015-11-23 19:03:35,946,123,48,270,355,803,802
2015-11-23 19:03:36,951,124,48,270,355,803,802
2015-11-23 19:03:37,953,125,48,270,356,803,802
2015-11-23 19:03:38,956,126,48,270,356,803,802
2015-11-23 19:03:39,961,127,48,270,356,803,802
2015-11-23 19:03:40,963,128,48,270,357,803,802
2015-11-23 19:03:41,968,129,48,269,357,803,802
2015-11-23 19:03:42,972,130,48,269,357,803,802
2015-11-23 19:03:43,977,131,48,269,358,803,802
2015-11-23 19:03:44,980,132,48,269,358,803,802
2015-11-23 19:03:45,985,133,48,269,359,803,802
2015-11-23 19:03:46,989,134,48,269,359,803,802
2015-11-23 19:03:47,994,135,48,269,359,803,802
2015-11-23 19:03:48,999,136,48,269,360,803,802
2015-11-23 19:03:50,004,137,48,269,360,803,802
2015-11-23 19:03:51,004,138,48,268,360,803,802
2015-11-23 19:03:52,007,139,48,268,361,803,802
2015-11-23 19:03:53,010,140,48,268,361,803,802
2015-11-23 19:03:54,013,141,48,268,362,803,802
2015-11-23 19:03:55,018,142,48,268,362,803,802
2015-11-23 19:03:56,022,143,48,268,362,803,802
2015-11-23 19:03:57,027,144,48,268,363,803,802
2015-11-23 19:03:58,030,145,48,267,363,803,802
2015-11-23 19:03:59,035,146,48,267,363,803,802
2015-11-23 19:04:00,036,147,48,267,364,803,802
2015-11-23 19:04:01,042,148,48,267,364,803,802
2015-11-23 19:04:02,043,149,48,267,364,803,802
2015-11-23 19:04:03,047,150,48,267,365,803,802
2015-11-23 19:04:04,052,151,48,267,365,803,802
2015-11-23 19:04:05,054,152,48,267,365,803,802
2015-11-23 19:04:06,059,153,48,267,366,803,802
2015-11-23 19:04:07,060,154,48,266,366,803,802
2015-11-23 19:04:08,063,155,48,266,366,803,802
2015-11-23 19:04:09,067,156,48,266,367,803,802
2015-11-23 19:04:10,073,157,48,266,367,803,802
2015-11-23 19:04:11,077,158,48,266,367,803,802
2015-11-23 19:04:12,082,159,48,266,367,803,802
2015-11-23 19:04:13,084,160,48,266,368,803,802
2015-11-23 19:04:14,087,161,48,266,368,803,802
2015-11-23 19:04:15,092,162,48,266,368,803,802
2015-11-23 19:04:16,096,163,48,265,368,803,802
2015-11-23 19:04:17,101,164,48,265,369,803,802
2015-11-23 19:04:18,105,165,48,265,369,803,802
2015-11-23 19:04:19,109,166,48,265,369,803,802
2015-11-23 19:04:20,112,167,48,265,370,803,802
2015-11-23 19:04:21,118,168,48,265,370,803,802
2015-11-23 19:04:22,122,169,48,265,370,803,802
2015-11-23 19:04:23,127,170,48,265,371,803,802
2015-11-23 19:04:24,131,171,48,265,371,803,802
2015-11-23 19:04:25,137,172,48,265,371,803,802
2015-11-23 19:04:26,139,173,48,265,372,803,802
2015-11-23 19:04:27,143,174,48,265,372,803,802
2015-11-23 19:04:28,148,175,48,265,372,803,802
2015-11-23 19:04:29,153,176,48,264,373,803,802
2015-11-23 19:04:30,153,177,48,264,373,803,802
2015-11-23 19:04:31,157,178,48,264,373,803,802
2015-11-23 19:04:32,161,179,48,264,373,803,802
2015-11-23 19:04:33,162,180,48,264,374,803,802
2015-11-23 19:04:34,167,181,48,264,374,803,802
2015-11-23 19:04:35,172,182,48,264,374,803,802
2015-11-23 19:04:36,177,183,48,264,374,803,802
2015-11-23 19:04:37,178,184,48,264,375,803,802
2015-11-23 19:04:38,182,185,48,264,375,803,802
2015-11-23 19:04:39,185,186,48,264,375,803,802
2015-11-23 19:04:40,189,187,48,264,376,803,802
2015-11-23 19:04:41,193,188,48,263,376,803,802
2015-11-23 19:04:42,197,189,48,263,376,803,802
2015-11-23 19:04:43,202,190,48,263,377,803,802
2015-11-23 19:04:44,206,191,48,263,377,803,802
2015-11-23 19:04:45,210,192,48,263,377,803,802
2015-11-23 19:04:46,214,193,48,263,377,803,802
2015-11-23 19:04:47,216,194,48,263,378,803,802
2015-11-23 19:04:48,217,195,48,263,378,803,802
2015-11-23 19:04:49,222,196,48,263,378,803,802
2015-11-23 19:04:50,226,197,48,263,379,803,802
2015-11-23 19:04:51,232,198,48,263,379,803,802
2015-11-23 19:04:52,232,199,48,263,379,803,802
2015-11-23 19:04:53,238,200,48,263,380,803,802
2015-11-23 19:04:54,243,201,48,263,380,803,802
2015-11-23 19:04:55,245,202,48,263,380,803,802
2015-11-23 19:04:56,248,203,48,263,380,803,802
2015-11-23 19:04:57,253,204,48,263,381,803,802
2015-11-23 19:04:58,258,205,48,262,381,803,802
2015-11-23 19:04:59,262,206,48,262,381,803,802
2015-11-23 19:05:00,265,207,48,262,381,803,802
2015-11-23 19:05:01,270,208,48,262,382,803,802
2015-11-23 19:05:02,274,209,48,262,382,803,802
2015-11-23 19:05:03,279,210,48,262,382,803,802
2015-11-23 19:05:04,282,211,48,262,382,803,802
2015-11-23 19:05:05,288,212,48,263,383,803,802
2015-11-23 19:05:06,291,213,48,263,383,803,802
2015-11-23 19:05:07,293,214,48,263,383,803,802
2015-11-23 19:05:08,296,215,48,263,384,803,802
2015-11-23 19:05:09,300,216,48,264,384,803,802
2015-11-23 19:05:10,306,217,48,264,384,803,802
2015-11-23 19:05:11,310,218,48,263,384,803,802
2015-11-23 19:05:12,315,219,48,263,385,803,802
2015-11-23 19:05:13,319,220,48,263,385,803,802
2015-11-23 19:05:14,321,221,48,263,385,803,802
2015-11-23 19:05:15,325,222,48,263,385,803,802
2015-11-23 19:05:16,329,223,48,263,386,803,802
2015-11-23 19:05:17,332,224,48,263,386,803,802
2015-11-23 19:05:18,334,225,48,262,386,803,802
2015-11-23 19:05:19,339,226,48,262,386,803,802
2015-11-23 19:05:20,342,227,48,262,386,803,802
2015-11-23 19:05:21,346,228,48,262,387,803,802
2015-11-23 19:05:22,350,229,48,262,387,803,802
2015-11-23 19:05:23,351,230,48,262,387,803,802
2015-11-23 19:05:24,356,231,48,262,388,803,802
2015-11-23 19:05:25,360,232,48,262,388,803,802
2015-11-23 19:05:26,364,233,48,262,388,803,802
2015-11-23 19:05:27,369,234,48,262,389,803,802
2015-11-23 19:05:28,373,235,48,262,389,803,802
2015-11-23 19:05:29,373,236,48,262,389,803,802
2015-11-23 19:05:30,379,237,48,262,389,803,802
2015-11-23 19:05:31,381,238,48,262,390,803,802
2015-11-23 19:05:32,384,239,48,262,390,803,802
2015-11-23 19:05:33,388,240,48,262,390,803,802
2015-11-23 19:05:34,391,241,48,262,391,803,802
2015-11-23 19:05:35,396,242,48,262,391,803,802
2015-11-23 19:05:36,401,243,48,262,391,803,802
2015-11-23 19:05:37,405,244,48,262,392,803,802
2015-11-23 19:05:38,411,245,48,262,392,803,802
2015-11-23 19:05:39,414,246,48,262,392,803,802
2015-11-23 19:05:40,417,247,48,262,392,803,802
2015-11-23 19:05:41,422,248,48,261,393,803,802
2015-11-23 19:05:42,425,249,48,261,393,803,802
2015-11-23 19:05:43,430,250,48,261,393,803,802
2015-11-23 19:05:44,432,251,48,262,394,803,802
2015-11-23 19:05:45,435,252,48,261,394,803,802
2015-11-23 19:05:46,438,253,48,261,394,803,802
2015-11-23 19:05:47,441,254,48,261,394,803,802
2015-11-23 19:05:48,445,255,48,261,395,803,802
2015-11-23 19:05:49,451,256,48,261,395,803,802
2015-11-23 19:05:50,454,257,48,261,395,803,802
2015-11-23 19:05:51,459,258,48,261,396,803,802
2015-11-23 19:05:52,464,259,48,261,396,803,802
2015-11-23 19:05:53,469,261,48,262,396,803,802
2015-11-23 19:05:54,471,262,48,262,397,803,802
2015-11-23 19:05:55,475,263,48,262,397,803,802
2015-11-23 19:05:56,479,264,48,262,397,803,802
2015-11-23 19:05:57,481,265,48,261,397,803,802
2015-11-23 19:05:58,482,266,48,262,397,803,802
2015-11-23 19:05:59,487,267,48,262,398,803,802
2015-11-23 19:06:00,491,268,48,262,398,803,802
2015-11-23 19:06:01,495,269,48,262,398,803,802
2015-11-23 19:06:02,501,270,48,262,398,803,802
2015-11-23 19:06:03,503,271,48,262,399,803,802
2015-11-23 19:06:04,507,272,49,262,399,803,802
2015-11-23 19:06:05,512,273,48,262,399,803,802
2015-11-23 19:06:06,516,274,48,262,399,803,802
2015-11-23 19:06:07,520,275,48,262,400,803,802
2015-11-23 19:06:08,524,276,49,262,400,803,802
2015-11-23 19:06:09,529,277,48,262,400,803,802
2015-11-23 19:06:10,534,278,49,262,400,803,802
2015-11-23 19:06:11,537,279,49,262,400,803,802
2015-11-23 19:06:12,541,280,49,262,401,803,802
2015-11-23 19:06:13,546,281,49,262,401,803,802
2015-11-23 19:06:14,550,282,48,262,401,803,802
2015-11-23 19:06:15,555,283,49,262,402,803,802
2015-11-23 19:06:16,557,284,48,262,402,803,802
2015-11-23 19:06:17,562,285,49,262,402,803,802
2015-11-23 19:06:18,565,286,48,262,402,803,802
2015-11-23 19:06:19,570,287,48,262,402,803,802
2015-11-23 19:06:20,574,288,49,262,402,803,802
2015-11-23 19:06:21,579,289,49,262,403,803,802
2015-11-23 19:06:22,581,290,49,262,403,803,802
2015-11-23 19:06:23,584,291,48,262,403,803,802
2015-11-23 19:06:24,586,292,49,262,404,803,802
2015-11-23 19:06:25,589,293,49,262,404,803,802
2015-11-23 19:06:26,594,294,49,262,404,803,802
2015-11-23 19:06:27,599,295,49,262,405,803,802
2015-11-23 19:06:28,603,296,49,262,405,803,802
2015-11-23 19:06:29,606,297,49,262,405,803,802
2015-11-23 19:06:30,611,298,48,262,405,803,802
2015-11-23 19:06:31,616,299,49,262,406,803,802
2015-11-23 19:06:32,621,300,49,262,406,803,802
2015-11-23 19:06:33,626,301,49,262,406,803,802
2015-11-23 19:06:34,629,302,49,262,407,803,802
2015-11-23 19:06:35,632,303,48,262,407,803,802
2015-11-23 19:06:36,636,304,49,263,407,803,802
2015-11-23 19:06:37,640,305,49,263,408,803,802
2015-11-23 19:06:38,645,306,49,262,408,803,802
2015-11-23 19:06:39,649,307,49,263,408,803,802
2015-11-23 19:06:40,654,308,49,263,408,803,802
2015-11-23 19:06:41,660,309,49,263,408,803,802
2015-11-23 19:06:42,663,310,49,263,409,803,802
2015-11-23 19:06:43,668,311,49,263,409,803,802
2015-11-23 19:06:44,673,312,49,263,410,803,802
2015-11-23 19:06:45,677,313,49,263,410,803,802
2015-11-23 19:06:46,680,314,49,263,410,803,802
2015-11-23 19:06:47,684,315,49,263,410,803,802
2015-11-23 19:06:48,688,316,49,263,411,803,802
2015-11-23 19:06:49,690,317,49,263,411,803,802
2015-11-23 19:06:50,693,318,49,263,411,803,802
2015-11-23 19:06:51,695,319,49,263,412,803,802
2015-11-23 19:06:52,699,320,49,263,412,803,802
2015-11-23 19:06:53,704,321,49,263,412,803,802
2015-11-23 19:06:54,709,322,49,263,412,803,802
2015-11-23 19:06:55,715,323,49,263,413,803,802
2015-11-23 19:06:56,719,324,49,263,413,803,802
2015-11-23 19:06:57,723,325,49,264,413,803,802
2015-11-23 19:06:58,726,326,49,263,413,803,802
2015-11-23 19:06:59,730,327,49,264,414,803,802
2015-11-23 19:07:00,731,328,49,264,414,803,802
2015-11-23 19:07:01,735,329,49,264,414,803,802
2015-11-23 19:07:02,740,330,49,264,414,803,802
2015-11-23 19:07:03,741,331,49,264,414,803,802
2015-11-23 19:07:04,746,332,49,264,415,803,802
2015-11-23 19:07:05,751,333,49,264,415,803,802
2015-11-23 19:07:06,753,334,49,264,415,803,802
2015-11-23 19:07:07,757,335,49,264,415,803,802
2015-11-23 19:07:08,761,336,49,264,416,803,802
2015-11-23 19:07:09,766,337,49,264,416,803,802
2015-11-23 19:07:10,771,338,49,264,416,803,802
2015-11-23 19:07:11,773,339,49,264,416,803,802
2015-11-23 19:07:12,778,340,49,264,416,803,802
2015-11-23 19:07:13,781,341,49,264,417,803,802
2015-11-23 19:07:14,786,342,49,264,417,803,802
2015-11-23 19:07:15,789,343,49,264,417,803,802
2015-11-23 19:07:16,789,344,49,265,418,803,802
2015-11-23 19:07:17,794,345,49,265,418,803,802
2015-11-23 19:07:18,799,346,49,265,418,803,802
2015-11-23 19:07:19,803,347,49,265,418,803,802
2015-11-23 19:07:20,809,348,49,265,418,803,802
2015-11-23 19:07:21,813,349,49,265,419,803,802
2015-11-23 19:07:22,816,350,49,265,419,803,802
2015-11-23 19:07:23,819,351,49,265,419,803,802
2015-11-23 19:07:24,820,352,49,265,419,803,802
2015-11-23 19:07:25,823,353,49,265,420,803,802
2015-11-23 19:07:26,829,354,49,265,420,803,802
2015-11-23 19:07:27,834,355,49,266,420,803,802
2015-11-23 19:07:28,839,356,49,266,420,803,802
2015-11-23 19:07:29,844,357,49,266,420,803,802
2015-11-23 19:07:30,848,358,49,266,420,803,802
2015-11-23 19:07:31,854,359,49,266,421,803,802
2015-11-23 19:07:32,858,360,49,266,421,803,802
2015-11-23 19:07:33,862,361,49,266,421,803,802
2015-11-23 19:07:34,865,362,49,266,421,803,802
2015-11-23 19:07:35,870,363,49,266,422,803,802
2015-11-23 19:07:36,875,364,49,266,422,803,802
2015-11-23 19:07:37,879,365,49,266,422,803,802
2015-11-23 19:07:38,881,366,49,266,422,803,802
2015-11-23 19:07:39,887,367,49,266,423,803,802
2015-11-23 19:07:40,890,368,49,266,423,803,802
2015-11-23 19:07:41,895,369,49,266,423,803,802
2015-11-23 19:07:42,898,370,49,267,423,803,802
2015-11-23 19:07:43,903,371,49,267,424,803,802
2015-11-23 19:07:44,908,372,49,267,424,803,802
2015-11-23 19:07:45,913,373,49,267,424,803,802
2015-11-23 19:07:46,917,374,49,267,424,803,802
2015-11-23 19:07:47,921,375,49,267,424,803,802
2015-11-23 19:07:48,922,376,49,267,424,803,802
2015-11-23 19:07:49,927,377,49,267,425,803,802
2015-11-23 19:07:50,929,378,49,267,425,803,802
2015-11-23 19:07:51,930,379,49,267,425,803,802
2015-11-23 19:07:52,935,380,49,268,425,803,802
2015-11-23 19:07:53,937,381,49,268,425,803,802
2015-11-23 19:07:54,941,382,49,268,426,803,802
2015-11-23 19:07:55,943,383,49,269,426,803,802
2015-11-23 19:07:56,947,384,49,269,426,803,802
2015-11-23 19:07:57,952,385,49,269,426,803,802
2015-11-23 19:07:58,956,386,49,269,426,803,802
2015-11-23 19:07:59,961,387,49,269,427,803,802
2015-11-23 19:08:00,966,388,49,269,427,803,802
2015-11-23 19:08:01,972,389,49,269,427,803,802
2015-11-23 19:08:02,973,390,49,269,427,803,802
2015-11-23 19:08:03,978,391,49,269,427,803,802
2015-11-23 19:08:04,979,392,49,269,428,803,802
2015-11-23 19:08:05,980,393,49,269,428,803,802
2015-11-23 19:08:06,985,394,49,269,428,803,802
2015-11-23 19:08:07,988,395,49,269,428,803,802
2015-11-23 19:08:08,993,396,49,269,428,803,802
2015-11-23 19:08:09,997,397,49,269,428,803,802
2015-11-23 19:08:11,002,398,49,269,428,803,802
2015-11-23 19:08:12,002,399,49,269,428,803,802
2015-11-23 19:08:13,008,400,49,269,428,803,802
2015-11-23 19:08:14,009,401,49,269,428,803,802
2015-11-23 19:08:15,012,402,49,269,429,803,802
2015-11-23 19:08:16,017,403,49,270,429,803,802
2015-11-23 19:08:17,018,404,49,270,429,803,802
2015-11-23 19:08:18,022,405,49,270,429,803,802
2015-11-23 19:08:19,023,406,49,270,430,803,802
2015-11-23 19:08:20,027,407,49,270,430,803,802
2015-11-23 19:08:21,032,408,49,270,430,803,802
2015-11-23 19:08:22,038,409,49,270,430,803,802
2015-11-23 19:08:23,040,410,49,270,430,803,802
2015-11-23 19:08:24,042,411,49,270,430,803,802
2015-11-23 19:08:25,042,412,49,270,431,803,802
2015-11-23 19:08:26,047,413,49,270,431,803,802
2015-11-23 19:08:27,050,414,49,270,431,803,802
2015-11-23 19:08:28,056,415,49,271,431,803,802
2015-11-23 19:08:29,061,416,49,271,431,803,802
2015-11-23 19:08:30,065,417,49,271,432,803,802
2015-11-23 19:08:31,067,418,49,271,432,803,802
2015-11-23 19:08:32,072,419,49,271,432,803,802
2015-11-23 19:08:33,077,420,49,271,432,803,802
2015-11-23 19:08:34,081,421,49,271,433,803,802
2015-11-23 19:08:35,086,422,49,271,433,803,802
2015-11-23 19:08:36,092,423,49,271,433,803,802
2015-11-23 19:08:37,096,424,49,272,433,803,802
2015-11-23 19:08:38,100,425,49,272,433,803,802
2015-11-23 19:08:39,102,426,49,272,434,803,802
2015-11-23 19:08:40,107,427,49,272,434,803,802
2015-11-23 19:08:41,108,428,49,272,434,803,802
2015-11-23 19:08:42,112,429,49,272,434,803,802
2015-11-23 19:08:43,114,430,49,272,434,803,802
2015-11-23 19:08:44,117,431,49,272,435,803,802
2015-11-23 19:08:45,123,432,49,272,435,803,802
2015-11-23 19:08:46,127,433,49,273,435,803,802
2015-11-23 19:08:47,131,434,49,273,435,803,802
2015-11-23 19:08:48,134,435,49,273,435,803,802
2015-11-23 19:08:49,139,436,49,273,436,803,802
2015-11-23 19:08:50,141,437,49,273,436,803,802
2015-11-23 19:08:51,145,438,49,273,436,803,802
2015-11-23 19:08:52,149,439,49,273,436,803,802
2015-11-23 19:08:53,152,440,49,274,437,803,802
2015-11-23 19:08:54,156,441,49,274,437,803,802
2015-11-23 19:08:55,156,442,49,274,437,803,802
2015-11-23 19:08:56,157,443,49,274,437,803,802
2015-11-23 19:08:57,162,444,49,274,437,803,802
2015-11-23 19:08:58,167,445,49,274,437,803,802
2015-11-23 19:08:59,170,446,49,274,438,803,802
2015-11-23 19:09:00,174,447,49,274,438,803,802
2015-11-23 19:09:01,178,448,49,274,438,803,802
2015-11-23 19:09:02,180,449,49,274,438,803,802
2015-11-23 19:09:03,184,450,49,274,438,803,802
2015-11-23 19:09:04,186,451,49,275,438,803,802
2015-11-23 19:09:05,187,452,49,275,438,803,802
2015-11-23 19:09:06,192,453,49,276,439,803,802
2015-11-23 19:09:07,195,454,49,277,439,803,802
2015-11-23 19:09:08,196,455,49,277,439,803,802
2015-11-23 19:09:09,201,456,49,278,439,803,802
2015-11-23 19:09:10,206,457,49,278,439,803,802
2015-11-23 19:09:11,209,458,49,278,439,803,802
2015-11-23 19:09:12,212,459,49,278,440,803,802
2015-11-23 19:09:13,217,460,49,279,440,803,802
2015-11-23 19:09:14,218,461,49,279,440,803,802
2015-11-23 19:09:15,223,462,49,279,440,803,802
2015-11-23 19:09:16,227,463,49,279,440,803,802
2015-11-23 19:09:17,229,464,49,279,441,803,802
2015-11-23 19:09:18,233,465,49,279,441,803,802
2015-11-23 19:09:19,238,466,49,279,441,803,802
2015-11-23 19:09:20,242,467,49,279,441,803,802
2015-11-23 19:09:21,246,468,49,279,441,803,802
2015-11-23 19:09:22,251,469,49,279,442,803,802
2015-11-23 19:09:23,256,470,49,279,442,803,802
2015-11-23 19:09:24,259,471,49,279,442,803,802
2015-11-23 19:09:25,264,472,49,279,442,803,802
2015-11-23 19:09:26,270,473,49,279,443,803,802
2015-11-23 19:09:27,275,474,49,279,443,803,802
2015-11-23 19:09:28,277,475,49,279,443,803,802
2015-11-23 19:09:29,281,476,49,279,443,803,802
2015-11-23 19:09:30,286,477,49,279,444,803,802
2015-11-23 19:09:31,290,478,49,279,444,803,802
2015-11-23 19:09:32,295,479,49,279,444,803,802
2015-11-23 19:09:33,297,480,49,279,445,803,802
2015-11-23 19:09:34,302,481,49,279,445,803,802
2015-11-23 19:09:35,306,482,49,279,445,803,802
2015-11-23 19:09:36,310,483,49,280,445,803,802
2015-11-23 19:09:37,311,484,49,280,445,802,802
2015-11-23 19:09:38,315,485,49,280,446,803,802
2015-11-23 19:09:39,318,486,49,280,446,803,802
2015-11-23 19:09:40,320,487,49,280,446,803,802
2015-11-23 19:09:41,325,488,49,280,446,803,802
2015-11-23 19:09:42,326,489,49,280,446,803,802
2015-11-23 19:09:43,329,490,49,280,447,803,802
2015-11-23 19:09:44,334,491,49,280,447,803,802
2015-11-23 19:09:45,336,492,49,280,447,803,802
2015-11-23 19:09:46,341,493,49,281,447,803,802
2015-11-23 19:09:47,346,494,49,281,448,803,802
2015-11-23 19:09:48,349,495,49,281,448,803,802
2015-11-23 19:09:49,353,496,49,281,448,803,802
2015-11-23 19:09:50,358,497,49,281,448,802,802
2015-11-23 19:09:51,363,498,49,281,448,803,802
2015-11-23 19:09:52,368,499,49,281,448,803,802
2015-11-23 19:09:53,372,500,49,281,448,803,802
2015-11-23 19:09:54,376,501,49,281,449,803,802
2015-11-23 19:09:55,381,502,49,281,449,803,802
2015-11-23 19:09:56,385,503,49,281,449,803,802
2015-11-23 19:09:57,389,504,49,281,449,803,802
2015-11-23 19:09:58,392,505,49,281,449,803,802
2015-11-23 19:09:59,395,506,49,282,450,803,802
2015-11-23 19:10:00,400,507,49,282,450,803,802
2015-11-23 19:10:01,404,508,49,282,450,802,802
2015-11-23 19:10:02,409,509,49,282,450,802,802
2015-11-23 19:10:03,409,510,49,282,451,803,802
2015-11-23 19:10:04,411,511,49,282,451,803,802
2015-11-23 19:10:05,415,512,49,282,451,803,802
2015-11-23 19:10:06,420,513,49,282,451,803,802
2015-11-23 19:10:07,425,514,49,282,451,803,802
2015-11-23 19:10:08,426,515,49,283,451,803,802
2015-11-23 19:10:09,432,516,49,283,451,803,802
2015-11-23 19:10:10,436,517,49,283,452,802,802
2015-11-23 19:10:11,440,518,49,283,452,803,802
2015-11-23 19:10:12,444,519,49,283,452,803,802
2015-11-23 19:10:13,448,520,49,283,452,802,802
2015-11-23 19:10:14,452,521,49,283,452,803,802
2015-11-23 19:10:15,457,522,49,283,452,803,802
2015-11-23 19:10:16,462,523,49,284,453,802,802
2015-11-23 19:10:17,466,524,49,284,453,802,802
2015-11-23 19:10:18,470,526,49,284,453,802,802
2015-11-23 19:10:19,474,527,49,284,453,802,802
2015-11-23 19:10:20,480,528,49,284,453,803,802
2015-11-23 19:10:21,485,529,49,284,454,803,802
2015-11-23 19:10:22,489,530,49,284,454,803,802
2015-11-23 19:10:23,494,531,49,284,454,803,802
2015-11-23 19:10:24,495,532,49,285,454,802,802
2015-11-23 19:10:25,500,533,49,285,454,803,802
2015-11-23 19:10:26,505,534,49,285,455,803,802
2015-11-23 19:10:27,510,535,49,285,455,803,802
2015-11-23 19:10:28,515,536,49,285,455,803,802
2015-11-23 19:10:29,519,537,49,285,455,803,802
2015-11-23 19:10:30,524,538,49,285,455,803,802
2015-11-23 19:10:31,528,539,49,286,455,803,802
2015-11-23 19:10:32,530,540,49,286,456,802,802
2015-11-23 19:10:33,535,541,49,286,456,802,802
2015-11-23 19:10:34,536,542,49,286,456,802,802
2015-11-23 19:10:35,542,543,49,286,456,802,802
2015-11-23 19:10:36,542,544,49,286,457,802,802
2015-11-23 19:10:37,545,545,49,287,457,803,802
2015-11-23 19:10:38,550,546,49,287,457,803,802
2015-11-23 19:10:39,556,547,49,287,458,803,802
2015-11-23 19:10:40,558,548,49,287,458,803,802
2015-11-23 19:10:41,563,549,49,287,458,803,802
2015-11-23 19:10:42,566,550,49,287,458,802,802
2015-11-23 19:10:43,568,551,49,287,459,803,802
2015-11-23 19:10:44,574,552,49,288,459,803,802
2015-11-23 19:10:45,578,553,49,288,459,803,802
2015-11-23 19:10:46,584,554,49,288,459,803,802
2015-11-23 19:10:47,589,555,49,288,460,803,802
2015-11-23 19:10:48,592,556,49,288,460,802,802
2015-11-23 19:10:49,593,557,49,288,460,802,802
2015-11-23 19:10:50,599,558,49,288,460,802,802
2015-11-23 19:10:51,604,559,49,289,461,802,802
2015-11-23 19:10:52,609,560,49,289,461,802,802
2015-11-23 19:10:53,611,561,49,289,461,802,802
2015-11-23 19:10:54,616,562,49,289,461,802,802
2015-11-23 19:10:55,620,563,49,289,462,802,802
2015-11-23 19:10:56,626,564,49,290,462,802,802
2015-11-23 19:10:57,632,565,49,290,462,802,802
2015-11-23 19:10:58,635,566,49,290,462,802,802
2015-11-23 19:10:59,639,567,49,290,463,802,802
2015-11-23 19:11:00,643,568,49,290,463,802,802
2015-11-23 19:11:01,645,569,49,290,463,802,802
2015-11-23 19:11:02,650,570,49,290,464,802,802
2015-11-23 19:11:03,651,571,49,291,464,802,802
2015-11-23 19:11:04,655,572,49,291,464,802,802
2015-11-23 19:11:05,658,573,49,291,464,802,802
2015-11-23 19:11:06,661,574,49,291,465,802,802
2015-11-23 19:11:07,667,575,49,291,465,802,802
2015-11-23 19:11:08,673,576,49,291,465,802,802
2015-11-23 19:11:09,675,577,49,292,466,802,802
2015-11-23 19:11:10,677,578,49,292,466,802,802
2015-11-23 19:11:11,679,579,49,292,466,802,802
2015-11-23 19:11:12,682,580,49,292,467,802,802
2015-11-23 19:11:13,688,581,49,292,467,802,802
2015-11-23 19:11:14,692,582,49,292,467,802,802
2015-11-23 19:11:15,698,583,49,292,468,802,802
2015-11-23 19:11:16,699,584,49,293,468,802,802
2015-11-23 19:11:17,701,585,49,293,468,802,802
2015-11-23 19:11:18,707,586,49,293,469,802,802
2015-11-23 19:11:19,708,587,49,293,469,802,802
2015-11-23 19:11:20,711,588,49,293,469,802,802
2015-11-23 19:11:21,715,589,49,293,469,802,802
2015-11-23 19:11:22,717,590,49,294,469,802,802
2015-11-23 19:11:23,722,591,49,294,469,802,802
2015-11-23 19:11:24,724,592,49,294,469,802,802
2015-11-23 19:11:25,727,593,49,294,470,802,802
2015-11-23 19:11:26,730,594,49,294,469,802,802
2015-11-23 19:11:27,735,595,49,294,470,802,802
2015-11-23 19:11:28,738,596,49,294,470,802,802
2015-11-23 19:11:29,741,597,49,294,470,802,802
2015-11-23 19:11:30,746,598,49,295,470,802,802
2015-11-23 19:11:31,750,599,49,295,470,802,802
2015-11-23 19:11:32,755,600,49,295,470,802,802
2015-11-23 19:11:33,760,601,49,295,469,802,802
2015-11-23 19:11:34,764,602,49,295,470,802,802
2015-11-23 19:11:35,767,603,49,295,470,802,802
2015-11-23 19:11:36,772,604,49,296,470,802,802
2015-11-23 19:11:37,778,605,49,296,470,802,802
2015-11-23 19:11:38,781,606,49,296,470,802,802
2015-11-23 19:11:39,786,607,49,296,470,802,802
2015-11-23 19:11:40,792,608,49,296,470,802,802
2015-11-23 19:11:41,798,609,49,296,470,802,802
2015-11-23 19:11:42,802,610,49,297,470,802,802
2015-11-23 19:11:43,808,611,49,297,470,802,802
2015-11-23 19:11:44,812,612,49,297,470,802,802
2015-11-23 19:11:45,816,613,49,297,470,802,802
2015-11-23 19:11:46,821,614,49,297,471,802,802
2015-11-23 19:11:47,824,615,49,297,471,802,802
2015-11-23 19:11:48,825,616,49,297,471,802,802
2015-11-23 19:11:49,831,617,49,298,471,802,802
2015-11-23 19:11:50,831,618,49,298,471,802,802
2015-11-23 19:11:51,837,619,49,298,471,802,802
2015-11-23 19:11:52,841,620,49,298,471,802,802
2015-11-23 19:11:53,846,621,49,298,471,802,802
2015-11-23 19:11:54,848,622,49,298,471,802,802
2015-11-23 19:11:55,851,623,49,299,471,802,802
2015-11-23 19:11:56,857,624,49,299,471,802,801
2015-11-23 19:11:57,861,625,49,300,471,802,802
2015-11-23 19:11:58,866,626,49,301,471,802,802
2015-11-23 19:11:59,868,627,49,301,471,802,802
2015-11-23 19:12:00,873,628,49,301,471,802,802
2015-11-23 19:12:01,878,629,49,302,471,802,802
2015-11-23 19:12:02,882,630,49,302,471,802,802
2015-11-23 19:12:03,884,631,49,302,471,802,802
2015-11-23 19:12:04,886,632,49,302,471,802,801
2015-11-23 19:12:05,892,633,49,302,471,802,802
2015-11-23 19:12:06,893,634,49,303,471,802,802
2015-11-23 19:12:07,898,635,49,303,471,802,802
2015-11-23 19:12:08,904,636,49,303,471,802,802
2015-11-23 19:12:09,907,637,49,303,471,802,802
2015-11-23 19:12:10,909,638,49,303,472,802,802
2015-11-23 19:12:11,915,639,49,303,471,802,802
2015-11-23 19:12:12,919,640,49,303,471,802,802
2015-11-23 19:12:13,923,641,49,303,471,802,801
2015-11-23 19:12:14,927,642,49,303,471,802,801
2015-11-23 19:12:15,932,643,49,303,471,802,802
2015-11-23 19:12:16,934,644,49,303,471,802,802
2015-11-23 19:12:17,940,645,49,303,471,802,801
2015-11-23 19:12:18,946,646,49,303,471,802,802
2015-11-23 19:12:19,949,647,49,303,471,802,802
2015-11-23 19:12:20,949,648,49,303,471,802,801
2015-11-23 19:12:21,954,649,49,304,471,802,801
2015-11-23 19:12:22,956,650,49,304,471,802,801
2015-11-23 19:12:23,960,651,49,304,471,802,801
2015-11-23 19:12:24,964,652,49,304,471,802,802
2015-11-23 19:12:25,970,653,49,304,471,802,802
2015-11-23 19:12:26,972,654,49,304,471,802,801
2015-11-23 19:12:27,978,655,49,304,471,802,802
2015-11-23 19:12:28,981,656,50,304,471,802,801
2015-11-23 19:12:29,984,657,49,304,471,802,802
2015-11-23 19:12:30,989,658,50,304,471,802,802
2015-11-23 19:12:31,993,659,49,304,471,802,801
2015-11-23 19:12:32,999,660,50,305,471,802,802
2015-11-23 19:12:34,002,661,49,305,471,802,801
2015-11-23 19:12:35,007,662,50,305,471,802,801
2015-11-23 19:12:36,010,663,50,305,471,802,801
2015-11-23 19:12:37,016,664,50,305,471,802,801
2015-11-23 19:12:38,018,665,50,305,471,802,801
2015-11-23 19:12:39,023,666,50,305,471,802,801
2015-11-23 19:12:40,029,667,50,305,471,802,802
2015-11-23 19:12:41,032,668,50,306,471,802,802
2015-11-23 19:12:42,036,669,50,306,471,802,801
2015-11-23 19:12:43,040,670,50,306,471,802,801
2015-11-23 19:12:44,045,671,50,306,470,802,802
2015-11-23 19:12:45,050,672,50,306,470,802,802
2015-11-23 19:12:46,051,673,50,306,469,802,801
2015-11-23 19:12:47,057,674,50,306,469,802,802
2015-11-23 19:12:48,060,675,50,307,469,802,801
2015-11-23 19:12:49,064,676,50,307,468,802,801
2015-11-23 19:12:50,065,677,49,307,468,802,801
2015-11-23 19:12:51,067,678,50,307,468,802,801
2015-11-23 19:12:52,073,679,50,307,467,802,802
2015-11-23 19:12:53,074,680,50,307,467,802,801
2015-11-23 19:12:54,080,681,50,307,466,802,802
2015-11-23 19:12:55,082,682,50,307,466,802,801
2015-11-23 19:12:56,086,683,50,308,465,802,801
2015-11-23 19:12:57,090,684,50,308,465,802,801
2015-11-23 19:12:58,094,685,49,308,465,802,801
2015-11-23 19:12:59,097,686,50,308,464,802,802
2015-11-23 19:13:00,101,687,50,308,464,802,801
2015-11-23 19:13:01,105,688,50,308,464,802,801
2015-11-23 19:13:02,111,689,50,308,463,802,801
2015-11-23 19:13:03,114,690,50,308,462,802,801
2015-11-23 19:13:04,120,691,50,308,462,802,801
2015-11-23 19:13:05,122,692,50,309,461,802,801
2015-11-23 19:13:06,125,693,50,309,460,802,801
2015-11-23 19:13:07,131,694,50,309,459,802,801
2015-11-23 19:13:08,133,695,50,310,458,802,801
2015-11-23 19:13:09,139,696,50,310,457,802,801
2015-11-23 19:13:10,141,697,50,310,456,802,801
2015-11-23 19:13:11,146,698,50,310,455,802,801
2015-11-23 19:13:12,151,699,50,311,454,802,801
2015-11-23 19:13:13,155,700,50,311,453,802,801
2015-11-23 19:13:14,159,701,50,311,452,802,801
2015-11-23 19:13:15,164,702,50,311,452,802,801
2015-11-23 19:13:16,169,703,50,312,451,802,801
2015-11-23 19:13:17,173,704,50,312,451,802,801
2015-11-23 19:13:18,175,705,50,312,451,802,801
2015-11-23 19:13:19,178,706,50,312,450,802,801
2015-11-23 19:13:20,183,707,50,313,450,802,801
2015-11-23 19:13:21,189,708,50,313,449,802,801
2015-11-23 19:13:22,193,709,50,313,449,802,801
2015-11-23 19:13:23,198,710,50,313,449,802,801
2015-11-23 19:13:24,200,711,50,313,449,802,801
2015-11-23 19:13:25,206,712,50,313,448,802,801
2015-11-23 19:13:26,207,713,50,313,448,802,801
2015-11-23 19:13:27,212,714,50,314,448,802,801
2015-11-23 19:13:28,215,715,50,314,448,802,801
2015-11-23 19:13:29,220,716,50,314,448,802,801
2015-11-23 19:13:30,222,717,50,314,447,802,801
2015-11-23 19:13:31,226,718,50,314,447,802,801
2015-11-23 19:13:32,230,719,50,314,447,802,801
2015-11-23 19:13:33,233,720,50,314,447,802,801
2015-11-23 19:13:34,238,721,50,314,447,802,801
2015-11-23 19:13:35,239,722,50,314,446,802,801
2015-11-23 19:13:36,242,723,50,314,446,802,801
2015-11-23 19:13:37,246,724,50,314,446,802,801
2015-11-23 19:13:38,249,725,50,314,446,802,801
2015-11-23 19:13:39,253,726,50,314,446,802,801
2015-11-23 19:13:40,257,727,50,315,446,802,801
2015-11-23 19:13:41,262,728,50,314,446,802,801
2015-11-23 19:13:42,263,729,50,315,446,802,801
2015-11-23 19:13:43,264,730,50,315,445,802,801
2015-11-23 19:13:44,269,731,50,315,445,802,801
2015-11-23 19:13:45,273,732,50,315,445,802,801
2015-11-23 19:13:46,279,733,50,315,445,802,801
2015-11-23 19:13:47,283,734,50,315,445,802,801
2015-11-23 19:13:48,287,735,50,315,444,802,801
2015-11-23 19:13:49,288,736,50,315,444,802,801
2015-11-23 19:13:50,291,737,50,315,444,802,801
2015-11-23 19:13:51,294,738,50,315,444,802,801
2015-11-23 19:13:52,297,739,50,315,444,802,801
2015-11-23 19:13:53,302,740,50,315,444,802,801
2015-11-23 19:13:54,306,741,50,315,444,802,801
2015-11-23 19:13:55,311,742,50,315,444,802,801
2015-11-23 19:13:56,312,743,50,315,444,802,801
2015-11-23 19:13:57,318,744,50,315,444,802,801
2015-11-23 19:13:58,319,745,50,315,444,802,801
2015-11-23 19:13:59,322,746,50,315,444,802,801
2015-11-23 19:14:00,326,747,50,315,444,802,801
2015-11-23 19:14:01,332,748,50,315,444,802,801
2015-11-23 19:14:02,335,749,50,315,444,802,801
2015-11-23 19:14:03,336,750,50,315,443,802,801
2015-11-23 19:14:04,342,751,50,315,443,802,801
2015-11-23 19:14:05,347,752,50,316,444,802,801
2015-11-23 19:14:06,352,753,50,316,444,802,801
2015-11-23 19:14:07,356,754,50,316,444,802,801
2015-11-23 19:14:08,361,755,50,316,444,802,801
2015-11-23 19:14:09,364,756,50,316,443,802,801
2015-11-23 19:14:10,368,757,50,316,443,802,801
2015-11-23 19:14:11,370,758,50,316,443,802,801
2015-11-23 19:14:12,376,759,50,316,443,802,801
2015-11-23 19:14:13,378,760,50,316,443,802,801
2015-11-23 19:14:14,382,761,50,316,443,802,801
2015-11-23 19:14:15,385,762,50,316,443,802,801
2015-11-23 19:14:16,388,763,50,316,443,802,801
2015-11-23 19:14:17,392,764,50,316,443,802,801
2015-11-23 19:14:18,396,765,50,316,443,802,801
2015-11-23 19:14:19,401,766,50,316,443,802,801
2015-11-23 19:14:20,406,767,50,316,443,802,801
2015-11-23 19:14:21,410,768,50,316,443,802,801
2015-11-23 19:14:22,414,769,50,316,443,802,801
2015-11-23 19:14:23,419,770,50,316,443,802,801
2015-11-23 19:14:24,422,771,50,316,443,802,801
2015-11-23 19:14:25,427,772,50,316,442,802,801
2015-11-23 19:14:26,429,773,50,316,442,802,801
2015-11-23 19:14:27,434,774,50,316,442,802,801
2015-11-23 19:14:28,435,775,50,316,442,802,801
2015-11-23 19:14:29,439,776,50,316,442,802,801
2015-11-23 19:14:30,442,777,50,316,442,802,801
2015-11-23 19:14:31,447,778,50,316,442,802,801
2015-11-23 19:14:32,450,779,50,316,442,802,801
2015-11-23 19:14:33,451,780,50,316,442,802,801
2015-11-23 19:14:34,453,781,50,316,442,802,801
2015-11-23 19:14:35,457,782,50,316,442,802,801
2015-11-23 19:14:36,459,783,50,316,442,802,801
2015-11-23 19:14:37,464,784,50,316,442,802,801
2015-11-23 19:14:38,469,786,50,316,442,802,801
2015-11-23 19:14:39,474,787,50,317,442,802,801
2015-11-23 19:14:40,480,788,50,316,442,802,801
2015-11-23 19:14:41,483,789,50,317,442,802,801
2015-11-23 19:14:42,487,790,50,317,442,802,801
2015-11-23 19:14:43,491,791,50,317,442,802,801
2015-11-23 19:14:44,496,792,50,317,442,802,801
2015-11-23 19:14:45,500,793,50,317,442,802,801
2015-11-23 19:14:46,503,794,50,317,442,802,801
2015-11-23 19:14:47,507,795,50,317,442,802,801
2015-11-23 19:14:48,512,796,50,317,442,802,801
2015-11-23 19:14:49,516,797,50,317,442,802,801
2015-11-23 19:14:50,521,798,50,317,442,802,801
2015-11-23 19:14:51,525,799,50,317,442,802,801
2015-11-23 19:14:52,525,800,50,317,442,802,801
2015-11-23 19:14:53,528,801,50,317,442,802,801
2015-11-23 19:14:54,532,802,50,317,442,802,801
2015-11-23 19:14:55,535,803,50,317,442,802,801
2015-11-23 19:14:56,540,804,50,317,442,802,801
2015-11-23 19:14:57,546,805,50,317,442,802,801
2015-11-23 19:14:58,549,806,50,317,441,802,801
2015-11-23 19:14:59,550,807,50,317,441,802,801
2015-11-23 19:15:00,551,808,50,317,442,802,801
2015-11-23 19:15:01,557,809,50,317,442,802,801
2015-11-23 19:15:02,563,810,50,317,442,802,801
2015-11-23 19:15:03,569,811,50,317,442,802,801
2015-11-23 19:15:04,575,812,50,317,442,802,801
2015-11-23 19:15:05,581,813,50,317,442,802,801
2015-11-23 19:15:06,583,814,50,317,442,802,801
2015-11-23 19:15:07,587,815,50,317,441,802,801
2015-11-23 19:15:08,592,816,50,317,441,802,801
2015-11-23 19:15:09,593,817,50,317,441,802,801
2015-11-23 19:15:10,599,818,50,317,441,802,801
2015-11-23 19:15:11,601,819,50,317,441,802,801
2015-11-23 19:15:12,603,820,50,317,441,802,801
2015-11-23 19:15:13,607,821,50,317,441,802,801
2015-11-23 19:15:14,610,822,50,317,440,802,801
2015-11-23 19:15:15,615,823,50,318,440,802,801
2015-11-23 19:15:16,617,824,50,317,440,802,801
2015-11-23 19:15:17,622,825,50,318,440,802,801
2015-11-23 19:15:18,625,826,50,318,440,802,801
2015-11-23 19:15:19,631,827,50,317,440,802,801
2015-11-23 19:15:20,636,828,50,318,440,802,801
2015-11-23 19:15:21,641,829,50,318,440,802,801
2015-11-23 19:15:22,643,830,50,318,440,802,801
2015-11-23 19:15:23,648,831,50,318,440,802,801
2015-11-23 19:15:24,654,832,50,318,440,802,801
2015-11-23 19:15:25,658,833,50,318,440,802,801
2015-11-23 19:15:26,662,834,50,318,440,802,801
2015-11-23 19:15:27,666,835,50,318,440,802,801
2015-11-23 19:15:28,668,836,50,318,439,802,801
2015-11-23 19:15:29,673,837,50,318,439,802,801
2015-11-23 19:15:30,678,838,50,318,439,802,801
2015-11-23 19:15:31,683,839,50,318,439,802,801
2015-11-23 19:15:32,686,840,50,318,438,802,801
2015-11-23 19:15:33,692,841,50,318,439,802,801
2015-11-23 19:15:34,693,842,50,318,439,802,801
2015-11-23 19:15:35,699,843,50,318,439,802,801
2015-11-23 19:15:36,700,844,50,318,439,802,801
2015-11-23 19:15:37,702,845,50,318,438,802,801
2015-11-23 19:15:38,707,846,50,318,438,802,801
2015-11-23 19:15:39,708,847,50,318,438,802,801
2015-11-23 19:15:40,710,848,50,318,438,802,801
2015-11-23 19:15:41,714,849,50,318,438,802,801
2015-11-23 19:15:42,718,850,50,318,438,802,801
2015-11-23 19:15:43,723,851,50,318,437,802,801
2015-11-23 19:15:44,725,852,50,318,437,802,801
2015-11-23 19:15:45,731,853,50,318,437,802,801
2015-11-23 19:15:46,732,854,50,318,436,802,801
2015-11-23 19:15:47,734,855,50,317,436,802,801
2015-11-23 19:15:48,738,856,50,317,436,802,801
2015-11-23 19:15:49,743,857,50,317,436,802,801
2015-11-23 19:15:50,746,858,50,317,436,802,801
2015-11-23 19:15:51,748,859,50,317,436,802,801
2015-11-23 19:15:52,754,860,50,317,435,802,801
2015-11-23 19:15:53,755,861,50,317,435,802,801
2015-11-23 19:15:54,756,862,50,317,435,802,801
2015-11-23 19:15:55,761,863,50,317,434,802,801
2015-11-23 19:15:56,764,864,50,317,434,802,801
2015-11-23 19:15:57,769,865,50,317,434,802,801
2015-11-23 19:15:58,774,866,50,317,433,802,801
2015-11-23 19:15:59,779,867,50,317,433,802,801
2015-11-23 19:16:00,782,868,50,317,433,802,801
2015-11-23 19:16:01,787,869,50,317,432,802,801
2015-11-23 19:16:02,790,870,50,317,432,802,801
2015-11-23 19:16:03,794,871,50,317,432,802,801
2015-11-23 19:16:04,797,872,50,317,431,802,801
2015-11-23 19:16:05,798,873,50,317,431,802,801
2015-11-23 19:16:06,802,874,50,317,431,802,801
2015-11-23 19:16:07,806,875,50,317,430,802,801
2015-11-23 19:16:08,811,876,50,317,430,802,801
2015-11-23 19:16:09,817,877,50,317,430,802,801
2015-11-23 19:16:10,821,878,50,317,430,802,801
2015-11-23 19:16:11,827,879,50,317,430,802,801
2015-11-23 19:16:12,828,880,50,317,430,802,801
2015-11-23 19:16:13,829,881,50,317,430,802,801
2015-11-23 19:16:14,832,882,50,317,430,802,801
2015-11-23 19:16:15,835,883,50,317,429,802,801
2015-11-23 19:16:16,837,884,50,317,429,802,801
2015-11-23 19:16:17,842,885,50,317,429,802,801
2015-11-23 19:16:18,848,886,50,317,429,802,801
2015-11-23 19:16:19,852,887,50,317,428,802,801
2015-11-23 19:16:20,854,888,50,316,428,802,801
2015-11-23 19:16:21,859,889,50,316,428,802,801
2015-11-23 19:16:22,865,890,50,316,428,802,801
2015-11-23 19:16:23,869,891,50,316,428,802,801
2015-11-23 19:16:24,875,892,50,316,428,802,801
2015-11-23 19:16:25,878,893,50,316,427,802,801
2015-11-23 19:16:26,881,894,50,315,427,802,801
2015-11-23 19:16:27,885,895,50,315,427,802,801
2015-11-23 19:16:28,890,896,50,315,426,802,801
2015-11-23 19:16:29,896,897,50,315,426,802,801
2015-11-23 19:16:30,902,898,50,315,426,802,801
2015-11-23 19:16:31,906,899,50,314,425,802,801
2015-11-23 19:16:32,911,900,50,314,425,802,801
2015-11-23 19:16:33,916,901,50,314,425,802,801
2015-11-23 19:16:34,921,902,50,314,425,802,801
2015-11-23 19:16:35,923,903,50,314,424,802,801
2015-11-23 19:16:36,928,904,50,314,424,802,801
2015-11-23 19:16:37,932,905,50,313,424,802,801
2015-11-23 19:16:38,937,906,50,313,424,802,801
2015-11-23 19:16:39,939,907,50,313,425,802,801
2015-11-23 19:16:40,940,908,50,312,425,802,801
2015-11-23 19:16:41,945,909,50,312,426,802,801
2015-11-23 19:16:42,948,910,50,312,425,802,801
2015-11-23 19:16:43,953,911,50,312,425,802,801
2015-11-23 19:16:44,954,912,50,311,425,802,801
2015-11-23 19:16:45,956,913,50,311,424,802,801
2015-11-23 19:16:46,961,914,50,311,424,802,801
2015-11-23 19:16:47,961,915,50,311,423,802,801
2015-11-23 19:16:48,964,916,50,310,423,802,801
2015-11-23 19:16:49,967,917,50,310,423,802,801
2015-11-23 19:16:50,972,918,50,310,422,802,801
2015-11-23 19:16:51,976,919,50,310,422,802,801
2015-11-23 19:16:52,978,920,50,310,421,802,801
2015-11-23 19:16:53,983,921,50,310,421,802,801
2015-11-23 19:16:54,988,922,50,310,421,802,801
2015-11-23 19:16:55,993,923,50,310,421,802,801
2015-11-23 19:16:56,996,924,50,310,420,802,801
2015-11-23 19:16:58,001,925,50,309,420,802,801
2015-11-23 19:16:59,007,926,50,309,420,802,801
2015-11-23 19:17:00,010,927,50,309,419,802,801
2015-11-23 19:17:01,015,928,50,309,419,802,801
2015-11-23 19:17:02,018,929,50,309,419,802,801
2015-11-23 19:17:03,019,930,50,309,418,802,801
2015-11-23 19:17:04,025,931,50,309,418,802,801
2015-11-23 19:17:05,025,932,50,309,418,802,801
2015-11-23 19:17:06,029,933,50,309,418,802,801
2015-11-23 19:17:07,034,934,50,309,417,802,801
2015-11-23 19:17:08,035,935,50,309,417,802,801
2015-11-23 19:17:09,036,936,50,309,417,802,801
2015-11-23 19:17:10,041,937,50,309,416,802,801
2015-11-23 19:17:11,044,938,50,309,416,802,801
2015-11-23 19:17:12,049,939,50,309,416,802,801
2015-11-23 19:17:13,052,940,50,309,416,802,801
2015-11-23 19:17:14,058,941,50,309,415,802,801
2015-11-23 19:17:15,060,942,50,309,415,802,801
2015-11-23 19:17:16,066,943,50,309,415,802,801
2015-11-23 19:17:17,070,944,50,309,415,802,801
2015-11-23 19:17:18,074,945,50,309,415,802,801
2015-11-23 19:17:19,075,946,50,308,415,802,801
2015-11-23 19:17:20,078,947,50,308,414,802,801
2015-11-23 19:17:21,081,948,50,308,414,802,801
2015-11-23 19:17:22,083,949,50,308,414,802,801
2015-11-23 19:17:23,089,950,50,308,414,802,801
2015-11-23 19:17:24,090,951,50,308,414,802,801
2015-11-23 19:17:25,091,952,50,308,413,802,801
2015-11-23 19:17:26,097,953,50,308,413,802,801
2015-11-23 19:17:27,097,954,50,308,413,802,801
2015-11-23 19:17:28,099,955,50,308,413,802,801
2015-11-23 19:17:29,104,956,50,308,413,802,801
2015-11-23 19:17:30,108,957,50,308,413,802,801
2015-11-23 19:17:31,112,958,50,308,412,802,801
2015-11-23 19:17:32,115,959,50,308,412,802,801
2015-11-23 19:17:33,121,960,50,308,412,802,801
2015-11-23 19:17:34,122,961,50,308,412,802,801
2015-11-23 19:17:35,128,962,50,308,412,802,801
2015-11-23 19:17:36,131,963,50,308,411,802,801
2015-11-23 19:17:37,136,964,50,308,411,802,801
2015-11-23 19:17:38,137,965,50,308,411,802,801
2015-11-23 19:17:39,139,966,50,308,411,802,801
2015-11-23 19:17:40,144,967,50,308,411,802,801
2015-11-23 19:17:41,145,968,50,308,411,802,801
2015-11-23 19:17:42,147,969,50,308,411,802,801
2015-11-23 19:17:43,151,970,50,308,410,802,801
2015-11-23 19:17:44,152,971,50,308,410,802,801
2015-11-23 19:17:45,154,972,50,308,410,802,801
2015-11-23 19:17:46,158,973,50,308,410,802,801
2015-11-23 19:17:47,159,974,50,308,410,802,801
2015-11-23 19:17:48,163,975,50,308,410,802,801
2015-11-23 19:17:49,166,976,50,308,410,802,801
2015-11-23 19:17:50,169,977,50,308,409,802,801
2015-11-23 19:17:51,174,978,50,308,409,802,801
