2015-11-29 21:47:30,841,datetime,ms,seconds,ambient_temp,thermocouple_0_temp,thermocouple_1_temp,thermocouple_2_temp,thermocouple_3_temp
2015-11-29 21:47:35,905,5,65,352,384,791,791
2015-11-29 21:47:36,911,6,65,343,379,791,791
2015-11-29 21:47:37,915,7,65,335,375,791,791
2015-11-29 21:47:38,918,8,65,328,373,791,791
2015-11-29 21:47:39,922,9,65,321,371,791,791
2015-11-29 21:47:40,927,10,65,314,368,791,791
2015-11-29 21:47:41,931,11,65,308,366,791,791
2015-11-29 21:47:42,936,12,65,303,364,791,791
2015-11-29 21:47:43,939,13,65,298,362,791,791
2015-11-29 21:47:44,943,14,65,294,360,791,791
2015-11-29 21:47:45,948,15,65,289,359,791,791
2015-11-29 21:47:46,953,16,65,285,357,791,791
2015-11-29 21:47:47,956,17,65,282,355,791,791
2015-11-29 21:47:48,961,18,65,278,354,791,791
2015-11-29 21:47:49,966,19,65,275,352,791,791
2015-11-29 21:47:50,970,20,65,272,351,791,791
2015-11-29 21:47:51,974,21,65,269,349,791,791
2015-11-29 21:47:52,978,22,65,266,348,791,791
2015-11-29 21:47:53,981,23,65,264,347,791,791
2015-11-29 21:47:54,987,24,65,262,346,791,791
2015-11-29 21:47:55,991,25,65,260,345,791,791
2015-11-29 21:47:56,995,26,65,258,344,791,791
2015-11-29 21:47:57,998,27,65,256,342,791,791
2015-11-29 21:47:59,001,28,65,254,342,791,791
2015-11-29 21:48:00,002,29,65,252,340,791,791
2015-11-29 21:48:01,005,30,65,251,340,791,791
2015-11-29 21:48:02,008,31,65,249,339,791,791
2015-11-29 21:48:03,014,32,65,248,338,791,791
2015-11-29 21:48:04,019,33,65,246,337,791,791
2015-11-29 21:48:05,024,34,65,246,337,791,791
2015-11-29 21:48:06,026,35,65,244,336,791,791
2015-11-29 21:48:07,030,36,65,243,335,791,791
2015-11-29 21:48:08,036,37,65,242,335,791,791
2015-11-29 21:48:09,038,38,65,242,334,791,791
2015-11-29 21:48:10,042,39,65,241,333,791,791
2015-11-29 21:48:11,045,40,65,240,333,791,791
2015-11-29 21:48:12,046,41,65,240,332,791,791
2015-11-29 21:48:13,052,42,65,239,332,791,791
2015-11-29 21:48:14,054,43,65,238,331,791,791
2015-11-29 21:48:15,060,44,65,238,331,791,791
2015-11-29 21:48:16,064,45,65,238,330,791,791
2015-11-29 21:48:17,068,46,65,237,330,791,791
2015-11-29 21:48:18,072,47,65,237,329,791,791
2015-11-29 21:48:19,077,48,65,237,329,791,791
2015-11-29 21:48:20,082,49,65,237,329,791,791
2015-11-29 21:48:21,085,50,65,236,329,791,791
2015-11-29 21:48:22,089,51,65,236,328,791,791
2015-11-29 21:48:23,090,52,65,236,328,791,791
2015-11-29 21:48:24,095,53,65,236,327,791,791
2015-11-29 21:48:25,100,54,65,236,327,791,791
2015-11-29 21:48:26,105,55,65,236,327,791,791
2015-11-29 21:48:27,110,56,65,236,327,791,791
2015-11-29 21:48:28,114,57,65,236,327,790,791
2015-11-29 21:48:29,119,58,65,236,326,791,791
2015-11-29 21:48:30,124,59,65,236,326,791,791
2015-11-29 21:48:31,128,60,65,236,326,791,791
2015-11-29 21:48:32,132,61,65,236,326,790,791
2015-11-29 21:48:33,137,62,65,237,326,791,791
2015-11-29 21:48:34,140,63,65,237,326,791,791
2015-11-29 21:48:35,145,64,65,237,326,791,791
2015-11-29 21:48:36,148,65,65,237,326,790,791
2015-11-29 21:48:37,153,66,65,237,327,791,791
2015-11-29 21:48:38,156,67,65,237,327,791,791
2015-11-29 21:48:39,161,68,65,238,329,791,791
2015-11-29 21:48:40,171,69,65,238,329,791,791
2015-11-29 21:48:41,174,70,65,238,330,791,791
2015-11-29 21:48:42,178,71,65,238,331,791,791
2015-11-29 21:48:43,183,72,65,239,332,791,791
2015-11-29 21:48:44,189,73,65,239,332,791,791
2015-11-29 21:48:45,193,74,65,239,333,791,791
2015-11-29 21:48:46,197,75,65,240,334,790,791
2015-11-29 21:48:47,200,76,65,240,335,791,791
2015-11-29 21:48:48,203,77,65,240,335,791,791
2015-11-29 21:48:49,209,78,65,241,336,790,791
2015-11-29 21:48:50,214,79,65,241,336,790,791
2015-11-29 21:48:51,219,80,65,242,337,790,791
2015-11-29 21:48:52,223,81,65,242,338,790,791
2015-11-29 21:48:53,225,82,65,243,338,790,791
2015-11-29 21:48:54,231,83,65,243,339,790,791
2015-11-29 21:48:55,234,84,65,243,340,790,791
2015-11-29 21:48:56,240,85,65,243,340,790,791
2015-11-29 21:48:57,242,86,65,244,341,790,791
2015-11-29 21:48:58,244,87,65,244,341,791,791
2015-11-29 21:48:59,246,88,65,245,342,791,791
2015-11-29 21:49:00,250,89,65,245,342,790,791
2015-11-29 21:49:01,255,90,65,246,343,790,791
2015-11-29 21:49:02,260,91,65,246,344,790,791
2015-11-29 21:49:03,263,92,65,246,344,790,791
2015-11-29 21:49:04,267,93,65,247,345,790,791
2015-11-29 21:49:05,272,94,65,247,345,790,791
2015-11-29 21:49:06,278,95,65,247,345,790,791
2015-11-29 21:49:07,283,96,65,248,346,791,791
2015-11-29 21:49:08,287,97,65,248,346,790,791
2015-11-29 21:49:09,291,98,65,248,347,790,791
2015-11-29 21:49:10,292,99,65,249,347,790,791
2015-11-29 21:49:11,297,100,65,249,348,790,791
2015-11-29 21:49:12,300,101,65,250,348,790,791
2015-11-29 21:49:13,303,102,65,250,349,790,791
2015-11-29 21:49:14,308,103,65,251,349,790,791
2015-11-29 21:49:15,313,104,65,251,350,790,791
2015-11-29 21:49:16,317,105,65,252,350,790,791
2015-11-29 21:49:17,323,106,65,252,350,790,791
2015-11-29 21:49:18,328,107,65,253,351,790,791
2015-11-29 21:49:19,333,108,65,253,351,790,791
2015-11-29 21:49:20,334,109,65,253,352,790,791
2015-11-29 21:49:21,340,110,65,254,352,790,791
2015-11-29 21:49:22,343,111,65,254,352,790,791
2015-11-29 21:49:23,348,112,65,255,353,790,791
2015-11-29 21:49:24,351,113,65,255,353,790,791
2015-11-29 21:49:25,357,114,65,256,353,790,791
2015-11-29 21:49:26,359,115,65,256,354,790,791
2015-11-29 21:49:27,365,116,65,257,354,790,791
2015-11-29 21:49:28,370,117,65,257,355,790,791
2015-11-29 21:49:29,373,118,65,258,355,790,791
2015-11-29 21:49:30,377,119,65,258,355,790,791
2015-11-29 21:49:31,382,120,65,258,356,790,791
2015-11-29 21:49:32,387,121,65,259,356,790,791
2015-11-29 21:49:33,391,122,65,259,356,790,791
2015-11-29 21:49:34,396,123,65,260,357,790,791
2015-11-29 21:49:35,402,124,65,260,357,790,791
2015-11-29 21:49:36,405,125,65,261,358,790,791
2015-11-29 21:49:37,408,126,65,261,358,790,791
2015-11-29 21:49:38,412,127,65,261,358,790,791
2015-11-29 21:49:39,416,128,65,262,359,790,791
2015-11-29 21:49:40,419,129,65,262,359,790,791
2015-11-29 21:49:41,424,130,65,263,359,790,791
2015-11-29 21:49:42,427,131,65,263,360,790,791
2015-11-29 21:49:43,433,132,65,263,360,790,791
2015-11-29 21:49:44,436,133,65,264,360,790,791
2015-11-29 21:49:45,439,134,65,264,361,790,791
2015-11-29 21:49:46,444,135,65,265,361,790,791
2015-11-29 21:49:47,450,136,65,265,361,790,791
2015-11-29 21:49:48,453,137,65,265,362,790,791
2015-11-29 21:49:49,459,138,65,266,362,790,791
2015-11-29 21:49:50,462,139,65,266,362,790,791
2015-11-29 21:49:51,467,140,65,266,363,790,791
2015-11-29 21:49:52,472,141,65,267,363,790,791
2015-11-29 21:49:53,477,142,65,267,364,790,791
2015-11-29 21:49:54,481,143,65,268,364,790,791
2015-11-29 21:49:55,482,144,65,268,364,790,791
2015-11-29 21:49:56,484,145,65,268,364,790,791
2015-11-29 21:49:57,486,146,65,269,365,790,791
2015-11-29 21:49:58,491,147,65,269,365,790,791
2015-11-29 21:49:59,495,148,65,269,365,790,791
2015-11-29 21:50:00,500,149,65,270,366,790,791
2015-11-29 21:50:01,505,150,65,270,366,790,791
2015-11-29 21:50:02,508,151,65,271,367,790,791
2015-11-29 21:50:03,512,152,65,271,367,790,791
2015-11-29 21:50:04,516,153,65,271,367,790,791
2015-11-29 21:50:05,522,154,65,271,368,790,791
2015-11-29 21:50:06,524,155,65,272,368,790,791
2015-11-29 21:50:07,528,156,65,272,368,790,791
2015-11-29 21:50:08,533,157,65,273,368,790,791
2015-11-29 21:50:09,536,158,65,273,369,790,791
2015-11-29 21:50:10,542,159,65,273,369,790,791
2015-11-29 21:50:11,547,160,66,273,369,790,791
2015-11-29 21:50:12,552,161,66,274,370,790,791
2015-11-29 21:50:13,554,162,65,274,370,790,791
2015-11-29 21:50:14,559,163,65,274,370,790,791
2015-11-29 21:50:15,563,164,65,275,370,790,791
2015-11-29 21:50:16,564,165,65,275,370,790,791
2015-11-29 21:50:17,567,166,65,275,370,790,791
2015-11-29 21:50:18,572,167,65,276,371,790,791
2015-11-29 21:50:19,577,168,65,276,371,790,791
2015-11-29 21:50:20,577,169,65,276,371,790,791
2015-11-29 21:50:21,582,170,66,276,371,790,791
2015-11-29 21:50:22,584,171,65,277,372,790,791
2015-11-29 21:50:23,586,172,66,277,372,790,791
2015-11-29 21:50:24,589,173,66,277,372,790,791
2015-11-29 21:50:25,594,174,65,277,373,790,791
2015-11-29 21:50:26,598,175,65,278,373,790,791
2015-11-29 21:50:27,601,176,65,278,373,790,791
2015-11-29 21:50:28,606,177,65,278,374,790,791
2015-11-29 21:50:29,610,178,66,279,374,790,791
2015-11-29 21:50:30,615,179,66,279,374,790,791
2015-11-29 21:50:31,619,180,66,279,374,790,791
2015-11-29 21:50:32,624,181,66,280,374,790,791
2015-11-29 21:50:33,630,182,66,280,375,790,791
2015-11-29 21:50:34,634,183,66,280,375,790,791
2015-11-29 21:50:35,639,184,66,280,375,790,791
2015-11-29 21:50:36,641,185,66,280,375,790,791
2015-11-29 21:50:37,644,186,66,281,375,790,791
2015-11-29 21:50:38,649,187,66,281,376,790,791
2015-11-29 21:50:39,652,188,66,281,376,790,791
2015-11-29 21:50:40,657,189,66,281,376,790,791
2015-11-29 21:50:41,660,190,66,282,376,790,791
2015-11-29 21:50:42,666,191,66,282,377,790,791
2015-11-29 21:50:43,671,192,66,282,377,790,791
2015-11-29 21:50:44,675,193,66,282,377,790,791
2015-11-29 21:50:45,680,194,66,283,377,790,791
2015-11-29 21:50:46,683,195,66,283,378,790,791
2015-11-29 21:50:47,685,196,66,284,378,790,791
2015-11-29 21:50:48,691,197,66,284,378,790,791
2015-11-29 21:50:49,695,198,66,284,379,790,791
2015-11-29 21:50:50,700,199,66,284,379,790,791
2015-11-29 21:50:51,703,200,66,285,379,790,791
2015-11-29 21:50:52,708,201,66,285,379,790,791
2015-11-29 21:50:53,711,202,66,285,380,790,791
2015-11-29 21:50:54,716,203,66,285,380,790,791
2015-11-29 21:50:55,720,204,66,286,380,790,791
2015-11-29 21:50:56,726,205,66,286,380,790,791
2015-11-29 21:50:57,728,206,66,286,381,790,791
2015-11-29 21:50:58,734,207,66,287,381,790,791
2015-11-29 21:50:59,737,208,66,287,381,790,791
2015-11-29 21:51:00,742,209,66,287,381,790,791
2015-11-29 21:51:01,745,210,66,287,382,790,791
2015-11-29 21:51:02,751,211,66,287,382,790,791
2015-11-29 21:51:03,754,212,66,288,382,790,791
2015-11-29 21:51:04,758,213,66,288,382,790,791
2015-11-29 21:51:05,763,214,66,288,382,790,791
2015-11-29 21:51:06,768,215,66,288,383,790,791
2015-11-29 21:51:07,770,216,66,289,383,790,791
2015-11-29 21:51:08,773,217,66,289,383,790,791
2015-11-29 21:51:09,775,218,66,289,383,790,791
2015-11-29 21:51:10,778,219,66,289,383,790,791
2015-11-29 21:51:11,783,220,66,289,384,790,791
2015-11-29 21:51:12,787,221,66,290,384,790,791
2015-11-29 21:51:13,787,222,66,290,384,790,791
2015-11-29 21:51:14,792,223,66,290,384,790,791
2015-11-29 21:51:15,793,224,66,291,385,790,791
2015-11-29 21:51:16,796,225,66,291,385,790,791
2015-11-29 21:51:17,801,226,66,291,385,790,791
2015-11-29 21:51:18,803,227,66,291,385,790,791
2015-11-29 21:51:19,806,228,66,291,386,790,791
2015-11-29 21:51:20,808,229,66,291,386,790,791
2015-11-29 21:51:21,814,230,66,292,386,790,791
2015-11-29 21:51:22,817,231,66,292,386,790,791
2015-11-29 21:51:23,823,232,66,292,387,790,791
2015-11-29 21:51:24,826,233,66,292,387,790,791
2015-11-29 21:51:25,826,234,66,293,387,790,791
2015-11-29 21:51:26,830,235,66,293,388,790,791
2015-11-29 21:51:27,833,236,66,293,388,790,791
2015-11-29 21:51:28,838,237,66,294,388,790,791
2015-11-29 21:51:29,841,239,66,294,388,790,791
2015-11-29 21:51:30,846,240,66,294,389,790,791
2015-11-29 21:51:31,849,241,66,294,389,790,791
2015-11-29 21:51:32,855,242,66,295,389,790,791
2015-11-29 21:51:33,859,243,66,295,389,790,791
2015-11-29 21:51:34,863,244,66,295,390,790,791
2015-11-29 21:51:35,867,245,66,295,390,790,791
2015-11-29 21:51:36,872,246,66,296,390,790,791
2015-11-29 21:51:37,874,247,66,296,390,790,791
2015-11-29 21:51:38,880,248,66,296,390,790,791
2015-11-29 21:51:39,884,249,66,296,391,790,791
2015-11-29 21:51:40,889,250,66,297,391,790,791
2015-11-29 21:51:41,893,251,66,297,391,790,791
2015-11-29 21:51:42,897,252,66,298,391,790,791
2015-11-29 21:51:43,900,253,66,297,391,790,791
2015-11-29 21:51:44,903,254,66,298,392,790,791
2015-11-29 21:51:45,909,255,66,298,392,790,791
2015-11-29 21:51:46,914,256,66,298,392,790,791
2015-11-29 21:51:47,917,257,66,298,392,790,791
2015-11-29 21:51:48,919,258,66,299,393,790,791
2015-11-29 21:51:49,921,259,66,299,393,790,791
2015-11-29 21:51:50,924,260,66,299,393,790,791
2015-11-29 21:51:51,929,261,66,299,393,790,791
2015-11-29 21:51:52,932,262,66,300,393,790,791
2015-11-29 21:51:53,938,263,66,300,394,790,791
2015-11-29 21:51:54,940,264,66,300,394,790,791
2015-11-29 21:51:55,947,265,66,301,394,790,791
2015-11-29 21:51:56,950,266,66,301,395,790,791
2015-11-29 21:51:57,955,267,66,301,395,790,791
2015-11-29 21:51:58,959,268,66,302,395,790,791
2015-11-29 21:51:59,963,269,66,302,395,790,791
2015-11-29 21:52:00,967,270,66,302,396,790,791
2015-11-29 21:52:01,972,271,66,302,396,790,791
2015-11-29 21:52:02,975,272,66,302,396,790,791
2015-11-29 21:52:03,979,273,66,303,396,790,791
2015-11-29 21:52:04,983,274,66,303,396,790,791
2015-11-29 21:52:05,989,275,66,303,396,790,791
2015-11-29 21:52:06,991,276,66,303,397,790,791
2015-11-29 21:52:07,997,277,66,303,397,790,791
2015-11-29 21:52:09,002,278,66,303,397,790,791
2015-11-29 21:52:10,006,279,66,304,398,790,791
2015-11-29 21:52:11,009,280,66,304,398,790,791
2015-11-29 21:52:12,015,281,66,304,398,790,791
2015-11-29 21:52:13,019,282,66,304,398,790,791
2015-11-29 21:52:14,022,283,66,304,398,790,791
2015-11-29 21:52:15,027,284,66,305,399,790,791
2015-11-29 21:52:16,031,285,66,305,399,790,791
2015-11-29 21:52:17,034,286,66,305,399,790,791
2015-11-29 21:52:18,039,287,66,305,399,790,791
2015-11-29 21:52:19,043,288,66,305,399,790,791
2015-11-29 21:52:20,049,289,66,306,400,790,791
2015-11-29 21:52:21,051,290,66,306,400,790,791
2015-11-29 21:52:22,057,291,66,306,400,790,791
2015-11-29 21:52:23,061,292,66,306,400,790,791
2015-11-29 21:52:24,065,293,66,307,401,790,791
2015-11-29 21:52:25,068,294,66,307,401,790,791
2015-11-29 21:52:26,074,295,66,307,401,790,791
2015-11-29 21:52:27,078,296,66,307,402,790,791
2015-11-29 21:52:28,082,297,66,308,402,790,791
2015-11-29 21:52:29,085,298,66,308,402,790,791
2015-11-29 21:52:30,092,299,66,308,402,790,791
2015-11-29 21:52:31,095,300,66,308,402,790,791
2015-11-29 21:52:32,099,301,66,309,403,790,791
2015-11-29 21:52:33,102,302,66,309,403,790,791
2015-11-29 21:52:34,102,303,66,309,403,790,791
2015-11-29 21:52:35,105,304,66,309,403,790,791
2015-11-29 21:52:36,109,305,66,309,404,790,791
2015-11-29 21:52:37,110,306,66,310,404,790,791
2015-11-29 21:52:38,113,307,66,310,404,790,791
2015-11-29 21:52:39,115,308,66,310,404,790,791
2015-11-29 21:52:40,119,309,66,310,404,790,791
2015-11-29 21:52:41,124,310,66,310,405,790,791
2015-11-29 21:52:42,128,311,66,310,405,790,791
2015-11-29 21:52:43,132,312,66,311,405,790,791
2015-11-29 21:52:44,133,313,66,311,405,790,791
2015-11-29 21:52:45,136,314,66,311,406,790,791
2015-11-29 21:52:46,141,315,66,311,406,790,791
2015-11-29 21:52:47,145,316,66,312,406,790,791
2015-11-29 21:52:48,148,317,66,312,406,790,791
2015-11-29 21:52:49,153,318,66,312,406,790,791
2015-11-29 21:52:50,159,319,66,312,406,790,791
2015-11-29 21:52:51,162,320,66,313,407,790,791
2015-11-29 21:52:52,165,321,66,313,407,790,791
2015-11-29 21:52:53,171,322,66,313,407,790,791
2015-11-29 21:52:54,173,323,66,313,407,790,791
2015-11-29 21:52:55,179,324,66,313,407,790,791
2015-11-29 21:52:56,184,325,66,314,408,790,791
2015-11-29 21:52:57,187,326,66,314,408,790,791
2015-11-29 21:52:58,191,327,66,314,408,790,791
2015-11-29 21:52:59,196,328,66,314,408,790,791
2015-11-29 21:53:00,202,329,66,314,408,790,791
2015-11-29 21:53:01,205,330,66,314,408,790,791
2015-11-29 21:53:02,208,331,66,314,409,790,791
2015-11-29 21:53:03,213,332,66,315,409,790,791
2015-11-29 21:53:04,217,333,66,315,409,790,791
2015-11-29 21:53:05,222,334,66,315,409,790,791
2015-11-29 21:53:06,224,335,66,315,410,790,791
2015-11-29 21:53:07,230,336,66,315,410,790,791
2015-11-29 21:53:08,233,337,66,316,410,790,791
2015-11-29 21:53:09,238,338,66,316,410,790,791
2015-11-29 21:53:10,241,339,66,316,410,790,791
2015-11-29 21:53:11,247,340,66,316,411,790,791
2015-11-29 21:53:12,250,341,66,317,411,790,791
2015-11-29 21:53:13,255,342,66,317,411,790,791
2015-11-29 21:53:14,257,343,66,317,411,790,791
2015-11-29 21:53:15,260,344,66,317,412,790,791
2015-11-29 21:53:16,265,345,66,317,412,790,791
2015-11-29 21:53:17,267,346,66,317,412,790,791
2015-11-29 21:53:18,272,347,66,317,412,790,791
2015-11-29 21:53:19,274,348,66,318,413,790,791
2015-11-29 21:53:20,279,349,66,318,413,790,791
2015-11-29 21:53:21,282,350,66,318,413,790,791
2015-11-29 21:53:22,288,351,66,319,413,790,791
2015-11-29 21:53:23,292,352,66,319,413,790,791
2015-11-29 21:53:24,297,353,66,319,413,790,790
2015-11-29 21:53:25,302,354,66,319,414,790,791
2015-11-29 21:53:26,305,355,66,320,414,790,791
2015-11-29 21:53:27,310,356,66,320,414,790,791
2015-11-29 21:53:28,314,357,66,320,414,790,791
2015-11-29 21:53:29,317,358,66,320,415,790,791
2015-11-29 21:53:30,322,359,66,320,415,790,791
2015-11-29 21:53:31,326,360,66,320,415,790,791
2015-11-29 21:53:32,330,361,66,321,415,790,791
2015-11-29 21:53:33,333,362,66,321,416,790,791
2015-11-29 21:53:34,339,363,66,321,416,790,791
2015-11-29 21:53:35,341,364,66,322,416,790,790
2015-11-29 21:53:36,347,365,66,322,416,790,791
2015-11-29 21:53:37,350,366,66,322,416,790,790
2015-11-29 21:53:38,356,367,66,322,417,790,791
2015-11-29 21:53:39,359,368,66,322,417,790,791
2015-11-29 21:53:40,364,369,66,322,417,790,791
2015-11-29 21:53:41,368,370,66,322,417,790,791
2015-11-29 21:53:42,372,371,66,322,417,790,791
2015-11-29 21:53:43,376,372,66,323,418,790,791
2015-11-29 21:53:44,381,373,66,323,418,790,791
2015-11-29 21:53:45,385,374,66,323,418,790,790
2015-11-29 21:53:46,389,375,66,323,418,790,791
2015-11-29 21:53:47,392,376,66,324,418,790,790
2015-11-29 21:53:48,396,377,66,324,419,790,790
2015-11-29 21:53:49,401,378,66,324,419,790,791
2015-11-29 21:53:50,406,379,66,324,419,790,791
2015-11-29 21:53:51,410,380,66,324,420,790,791
2015-11-29 21:53:52,415,381,66,324,420,790,790
2015-11-29 21:53:53,418,382,66,325,420,790,790
2015-11-29 21:53:54,424,383,66,325,420,790,790
2015-11-29 21:53:55,428,384,66,325,420,790,790
2015-11-29 21:53:56,432,385,66,325,421,790,790
2015-11-29 21:53:57,436,386,66,325,421,790,790
2015-11-29 21:53:58,441,387,66,325,421,790,790
2015-11-29 21:53:59,443,388,66,326,421,790,790
2015-11-29 21:54:00,449,389,66,326,422,790,790
2015-11-29 21:54:01,452,390,66,326,422,790,791
2015-11-29 21:54:02,456,391,66,326,422,790,791
2015-11-29 21:54:03,460,392,66,326,422,790,790
2015-11-29 21:54:04,466,393,66,326,423,790,790
2015-11-29 21:54:05,470,394,66,326,423,790,791
2015-11-29 21:54:06,474,395,66,326,423,790,790
2015-11-29 21:54:07,478,396,66,326,423,790,790
2015-11-29 21:54:08,483,397,66,327,423,790,790
2015-11-29 21:54:09,486,398,66,326,424,790,791
2015-11-29 21:54:10,491,399,66,326,424,790,790
2015-11-29 21:54:11,497,400,66,327,424,790,790
2015-11-29 21:54:12,502,401,66,327,424,790,790
2015-11-29 21:54:13,506,402,66,327,425,790,790
2015-11-29 21:54:14,511,403,66,327,425,790,790
2015-11-29 21:54:15,511,404,66,327,425,790,790
2015-11-29 21:54:16,517,405,66,328,426,790,790
2015-11-29 21:54:17,520,406,66,328,426,790,790
2015-11-29 21:54:18,525,407,66,328,426,790,790
2015-11-29 21:54:19,528,408,66,329,426,790,790
2015-11-29 21:54:20,534,409,66,329,426,790,790
2015-11-29 21:54:21,536,410,66,329,426,790,790
2015-11-29 21:54:22,542,411,66,329,427,790,790
2015-11-29 21:54:23,546,412,66,329,427,790,790
2015-11-29 21:54:24,551,413,66,329,427,790,790
2015-11-29 21:54:25,556,414,66,330,427,790,790
2015-11-29 21:54:26,561,415,66,330,428,790,790
2015-11-29 21:54:27,565,416,66,330,428,790,790
2015-11-29 21:54:28,570,417,66,331,428,790,790
2015-11-29 21:54:29,575,418,66,331,428,790,790
2015-11-29 21:54:30,576,419,66,331,428,790,790
2015-11-29 21:54:31,579,420,66,331,428,790,790
2015-11-29 21:54:32,583,421,66,332,429,790,790
2015-11-29 21:54:33,587,422,66,332,429,790,790
2015-11-29 21:54:34,591,423,67,332,429,790,790
2015-11-29 21:54:35,596,424,66,332,429,790,790
2015-11-29 21:54:36,599,425,66,333,430,790,790
2015-11-29 21:54:37,604,426,66,333,430,790,790
2015-11-29 21:54:38,605,427,66,333,430,790,790
2015-11-29 21:54:39,608,428,66,334,430,790,790
2015-11-29 21:54:40,611,429,66,334,430,790,790
2015-11-29 21:54:41,617,430,66,334,430,790,790
2015-11-29 21:54:42,620,431,66,334,431,790,790
2015-11-29 21:54:43,626,432,66,334,431,790,790
2015-11-29 21:54:44,631,433,66,334,431,790,790
2015-11-29 21:54:45,635,434,67,334,431,790,790
2015-11-29 21:54:46,639,435,66,335,431,790,790
2015-11-29 21:54:47,642,436,66,335,432,790,790
2015-11-29 21:54:48,645,437,66,335,432,790,790
2015-11-29 21:54:49,650,438,66,335,432,790,790
2015-11-29 21:54:50,655,439,66,335,432,790,790
2015-11-29 21:54:51,659,440,66,336,432,790,790
2015-11-29 21:54:52,665,441,67,336,433,790,790
2015-11-29 21:54:53,670,442,66,336,433,790,790
2015-11-29 21:54:54,675,443,67,336,433,790,790
2015-11-29 21:54:55,681,444,67,337,433,790,790
2015-11-29 21:54:56,687,445,67,337,433,790,790
2015-11-29 21:54:57,689,446,66,337,434,790,790
2015-11-29 21:54:58,691,447,67,337,434,790,790
2015-11-29 21:54:59,696,448,67,337,434,790,790
2015-11-29 21:55:00,698,449,67,338,434,790,790
2015-11-29 21:55:01,703,450,67,338,434,790,790
2015-11-29 21:55:02,704,451,67,337,435,790,790
2015-11-29 21:55:03,710,452,67,337,435,790,790
2015-11-29 21:55:04,714,453,67,337,435,790,790
2015-11-29 21:55:05,719,454,67,338,435,790,790
2015-11-29 21:55:06,721,455,67,338,435,790,790
2015-11-29 21:55:07,725,456,67,338,436,790,790
2015-11-29 21:55:08,730,457,67,339,436,790,790
2015-11-29 21:55:09,736,458,67,339,436,790,790
2015-11-29 21:55:10,739,459,67,339,436,790,790
2015-11-29 21:55:11,744,460,67,339,436,790,790
2015-11-29 21:55:12,748,461,67,339,436,790,790
2015-11-29 21:55:13,752,462,67,340,437,790,790
2015-11-29 21:55:14,755,463,67,340,437,790,790
2015-11-29 21:55:15,761,464,67,340,437,790,790
2015-11-29 21:55:16,764,465,67,341,437,790,790
2015-11-29 21:55:17,769,466,67,341,437,790,790
2015-11-29 21:55:18,774,467,67,342,438,790,790
2015-11-29 21:55:19,778,468,67,342,438,790,790
2015-11-29 21:55:20,781,469,67,342,438,790,790
2015-11-29 21:55:21,784,470,67,342,438,790,790
2015-11-29 21:55:22,789,471,67,342,439,790,790
2015-11-29 21:55:23,794,472,67,342,439,790,790
2015-11-29 21:55:24,798,473,67,342,439,790,790
2015-11-29 21:55:25,803,474,67,342,439,790,790
2015-11-29 21:55:26,806,475,67,343,440,790,790
2015-11-29 21:55:27,812,476,67,343,440,790,790
2015-11-29 21:55:28,816,477,67,343,440,790,790
2015-11-29 21:55:29,820,478,67,343,440,790,790
2015-11-29 21:55:30,824,479,67,343,440,790,790
2015-11-29 21:55:31,829,480,67,344,440,789,790
2015-11-29 21:55:32,832,481,67,344,441,790,790
2015-11-29 21:55:33,837,482,67,344,441,789,790
2015-11-29 21:55:34,840,483,67,344,441,790,790
2015-11-29 21:55:35,846,485,67,344,441,790,790
2015-11-29 21:55:36,849,486,67,344,442,790,790
2015-11-29 21:55:37,854,487,67,345,442,790,790
2015-11-29 21:55:38,857,488,67,345,442,790,790
2015-11-29 21:55:39,863,489,67,345,442,790,790
2015-11-29 21:55:40,868,490,67,345,443,790,790
2015-11-29 21:55:41,871,491,67,345,443,790,790
2015-11-29 21:55:42,875,492,67,345,443,790,790
2015-11-29 21:55:43,880,493,67,345,443,789,790
2015-11-29 21:55:44,884,494,67,345,444,790,790
2015-11-29 21:55:45,888,495,67,345,444,790,790
2015-11-29 21:55:46,891,496,67,346,444,790,790
2015-11-29 21:55:47,893,497,67,346,444,790,790
2015-11-29 21:55:48,897,498,67,346,444,790,790
2015-11-29 21:55:49,900,499,67,346,444,790,790
2015-11-29 21:55:50,903,500,67,346,445,790,790
2015-11-29 21:55:51,907,501,67,346,445,790,790
2015-11-29 21:55:52,913,502,67,346,445,790,790
2015-11-29 21:55:53,918,503,67,347,445,790,790
2015-11-29 21:55:54,920,504,67,347,445,790,790
2015-11-29 21:55:55,924,505,67,347,446,790,790
2015-11-29 21:55:56,929,506,67,348,446,790,790
2015-11-29 21:55:57,934,507,67,348,446,790,790
2015-11-29 21:55:58,937,508,67,349,446,790,790
2015-11-29 21:55:59,941,509,67,349,447,789,790
2015-11-29 21:56:00,946,510,67,349,447,790,790
2015-11-29 21:56:01,949,511,67,350,447,789,790
2015-11-29 21:56:02,955,512,67,350,447,790,790
2015-11-29 21:56:03,958,513,67,351,448,790,790
2015-11-29 21:56:04,963,514,67,351,448,790,790
2015-11-29 21:56:05,968,515,67,351,448,790,790
2015-11-29 21:56:06,973,516,67,351,448,790,790
2015-11-29 21:56:07,974,517,67,351,449,790,790
2015-11-29 21:56:08,980,518,67,351,449,790,790
2015-11-29 21:56:09,983,519,67,352,449,790,790
2015-11-29 21:56:10,988,520,67,352,449,789,790
2015-11-29 21:56:11,993,521,67,352,450,789,790
2015-11-29 21:56:12,997,522,67,352,450,789,790
2015-11-29 21:56:14,001,523,67,352,450,789,790
2015-11-29 21:56:15,005,524,67,352,450,789,790
2015-11-29 21:56:16,010,525,67,353,451,790,790
2015-11-29 21:56:17,014,526,67,353,451,790,790
2015-11-29 21:56:18,019,527,67,353,451,789,790
2015-11-29 21:56:19,022,528,67,353,451,789,790
2015-11-29 21:56:20,026,529,67,353,452,790,790
2015-11-29 21:56:21,030,530,67,353,452,789,790
2015-11-29 21:56:22,034,531,67,353,452,790,790
2015-11-29 21:56:23,039,532,67,353,452,789,790
2015-11-29 21:56:24,043,533,67,354,453,789,790
2015-11-29 21:56:25,048,534,67,354,453,789,790
2015-11-29 21:56:26,053,535,67,354,453,789,790
2015-11-29 21:56:27,057,536,67,354,453,789,790
2015-11-29 21:56:28,060,537,67,355,454,789,790
2015-11-29 21:56:29,065,538,67,355,454,789,790
2015-11-29 21:56:30,067,539,67,355,454,789,790
2015-11-29 21:56:31,073,540,67,356,454,789,790
2015-11-29 21:56:32,078,541,67,356,454,789,790
2015-11-29 21:56:33,082,542,67,356,455,790,790
2015-11-29 21:56:34,085,543,67,357,455,789,790
2015-11-29 21:56:35,090,544,67,357,455,789,790
2015-11-29 21:56:36,093,545,67,358,455,789,790
2015-11-29 21:56:37,099,546,67,358,455,789,790
2015-11-29 21:56:38,102,547,67,358,455,789,790
2015-11-29 21:56:39,107,548,67,358,455,789,790
2015-11-29 21:56:40,112,549,67,358,455,789,790
2015-11-29 21:56:41,116,550,67,359,455,789,790
2015-11-29 21:56:42,119,551,67,359,455,789,790
2015-11-29 21:56:43,124,552,67,359,455,789,790
2015-11-29 21:56:44,127,553,67,359,455,789,790
2015-11-29 21:56:45,133,554,67,359,456,789,790
2015-11-29 21:56:46,136,555,67,359,456,789,790
2015-11-29 21:56:47,142,556,67,359,456,789,790
2015-11-29 21:56:48,145,557,67,359,456,789,790
2015-11-29 21:56:49,149,558,67,359,456,789,790
2015-11-29 21:56:50,154,559,67,359,456,789,790
2015-11-29 21:56:51,158,560,67,360,456,789,790
2015-11-29 21:56:52,161,561,67,360,457,789,790
2015-11-29 21:56:53,167,562,67,360,457,789,790
2015-11-29 21:56:54,172,563,67,360,457,789,790
2015-11-29 21:56:55,175,564,67,360,457,789,790
2015-11-29 21:56:56,179,565,67,361,457,789,790
2015-11-29 21:56:57,184,566,67,361,458,789,790
2015-11-29 21:56:58,189,567,67,361,458,789,790
2015-11-29 21:56:59,192,568,67,362,458,789,790
2015-11-29 21:57:00,195,569,67,362,458,789,790
2015-11-29 21:57:01,201,570,67,362,458,789,790
2015-11-29 21:57:02,204,571,67,362,459,789,790
2015-11-29 21:57:03,209,572,67,362,459,789,790
2015-11-29 21:57:04,214,573,67,362,459,789,790
2015-11-29 21:57:05,217,574,67,362,459,789,790
2015-11-29 21:57:06,220,575,67,362,459,789,790
2015-11-29 21:57:07,227,576,67,362,459,789,790
2015-11-29 21:57:08,230,577,67,363,459,789,790
2015-11-29 21:57:09,235,578,67,363,460,789,790
2015-11-29 21:57:10,238,579,67,363,460,789,790
2015-11-29 21:57:11,243,580,67,363,460,789,790
2015-11-29 21:57:12,248,581,67,363,461,789,790
2015-11-29 21:57:13,252,582,67,363,461,789,790
2015-11-29 21:57:14,254,583,67,363,461,789,790
2015-11-29 21:57:15,260,584,67,363,461,789,790
2015-11-29 21:57:16,263,585,67,363,461,789,790
2015-11-29 21:57:17,268,586,67,364,461,789,790
2015-11-29 21:57:18,272,587,67,364,461,789,790
2015-11-29 21:57:19,277,588,67,364,461,789,790
2015-11-29 21:57:20,280,589,67,364,461,789,790
2015-11-29 21:57:21,286,590,67,365,461,789,790
2015-11-29 21:57:22,291,591,67,365,461,789,790
2015-11-29 21:57:23,294,592,67,365,461,789,790
2015-11-29 21:57:24,297,593,67,366,461,789,790
2015-11-29 21:57:25,302,594,67,366,462,789,790
2015-11-29 21:57:26,307,595,67,366,462,789,790
2015-11-29 21:57:27,311,596,67,365,462,789,790
2015-11-29 21:57:28,314,597,67,366,462,789,790
2015-11-29 21:57:29,320,598,67,366,462,789,790
2015-11-29 21:57:30,323,599,67,366,463,789,790
2015-11-29 21:57:31,328,600,67,366,463,789,790
2015-11-29 21:57:32,332,601,67,367,463,789,790
2015-11-29 21:57:33,337,602,67,367,463,789,790
2015-11-29 21:57:34,339,603,67,367,463,789,790
2015-11-29 21:57:35,345,604,67,368,463,789,790
2015-11-29 21:57:36,348,605,67,368,463,789,790
2015-11-29 21:57:37,354,606,67,368,463,789,790
2015-11-29 21:57:38,357,607,67,369,463,789,790
2015-11-29 21:57:39,362,608,67,369,463,789,790
2015-11-29 21:57:40,365,609,67,368,463,789,790
2015-11-29 21:57:41,370,610,67,369,463,789,790
2015-11-29 21:57:42,373,611,67,369,464,789,790
2015-11-29 21:57:43,379,612,67,369,464,789,790
2015-11-29 21:57:44,382,613,67,370,464,789,790
2015-11-29 21:57:45,387,614,67,370,464,789,790
2015-11-29 21:57:46,390,615,67,370,464,789,790
2015-11-29 21:57:47,396,616,67,370,464,789,790
2015-11-29 21:57:48,401,617,67,370,464,789,790
2015-11-29 21:57:49,404,618,67,370,464,789,790
2015-11-29 21:57:50,407,619,67,371,464,789,790
2015-11-29 21:57:51,413,620,67,371,464,789,790
2015-11-29 21:57:52,415,621,67,371,464,789,790
2015-11-29 21:57:53,421,622,67,371,464,789,790
2015-11-29 21:57:54,424,623,67,371,465,789,790
2015-11-29 21:57:55,429,624,67,371,465,789,790
2015-11-29 21:57:56,433,625,67,371,465,789,790
2015-11-29 21:57:57,438,626,67,372,465,789,790
2015-11-29 21:57:58,441,627,67,372,465,789,790
2015-11-29 21:57:59,447,628,67,371,465,789,790
2015-11-29 21:58:00,450,629,67,371,465,789,790
2015-11-29 21:58:01,455,630,67,371,466,789,790
2015-11-29 21:58:02,458,631,67,372,466,789,790
2015-11-29 21:58:03,464,632,67,372,466,789,790
2015-11-29 21:58:04,466,633,67,372,466,789,790
2015-11-29 21:58:05,472,634,67,373,466,789,790
2015-11-29 21:58:06,475,635,67,373,466,789,790
2015-11-29 21:58:07,480,636,67,374,466,789,790
2015-11-29 21:58:08,483,637,67,374,466,789,790
2015-11-29 21:58:09,489,638,67,374,467,789,790
2015-11-29 21:58:10,493,639,67,375,466,789,790
2015-11-29 21:58:11,497,640,67,375,467,789,790
2015-11-29 21:58:12,500,641,67,375,467,789,790
2015-11-29 21:58:13,506,642,67,375,467,789,790
2015-11-29 21:58:14,509,643,67,375,467,789,790
2015-11-29 21:58:15,514,644,67,375,467,789,790
2015-11-29 21:58:16,517,645,67,375,466,789,790
2015-11-29 21:58:17,523,646,67,376,466,789,790
2015-11-29 21:58:18,526,647,67,376,466,789,790
2015-11-29 21:58:19,531,648,67,376,466,789,790
2015-11-29 21:58:20,537,649,67,377,465,789,790
2015-11-29 21:58:21,540,650,67,377,465,789,790
2015-11-29 21:58:22,543,651,67,377,464,789,790
2015-11-29 21:58:23,548,652,67,377,464,789,790
2015-11-29 21:58:24,552,653,67,377,464,789,790
2015-11-29 21:58:25,557,654,67,377,463,789,790
2015-11-29 21:58:26,560,655,67,378,463,789,790
2015-11-29 21:58:27,565,656,67,378,463,789,790
2015-11-29 21:58:28,570,657,67,378,462,789,790
2015-11-29 21:58:29,573,658,67,378,462,789,790
2015-11-29 21:58:30,576,659,67,379,461,789,790
2015-11-29 21:58:31,582,660,67,379,461,789,790
2015-11-29 21:58:32,587,661,67,380,461,789,790
2015-11-29 21:58:33,591,662,67,380,460,789,790
2015-11-29 21:58:34,596,663,67,380,460,789,790
2015-11-29 21:58:35,599,664,67,380,460,789,790
2015-11-29 21:58:36,602,665,67,381,459,789,790
2015-11-29 21:58:37,607,666,67,381,459,789,790
2015-11-29 21:58:38,611,667,67,381,459,789,790
2015-11-29 21:58:39,616,668,67,381,459,789,790
2015-11-29 21:58:40,622,669,67,381,458,789,790
2015-11-29 21:58:41,625,670,67,382,458,789,790
2015-11-29 21:58:42,630,671,67,381,458,789,790
2015-11-29 21:58:43,633,672,67,382,458,789,790
2015-11-29 21:58:44,636,673,67,383,458,789,790
2015-11-29 21:58:45,642,674,67,383,457,789,790
2015-11-29 21:58:46,645,675,67,384,457,789,790
2015-11-29 21:58:47,650,676,67,384,457,789,790
2015-11-29 21:58:48,655,677,67,383,457,789,790
2015-11-29 21:58:49,657,678,67,384,457,789,790
2015-11-29 21:58:50,662,679,67,384,456,789,790
2015-11-29 21:58:51,667,680,67,384,456,789,790
2015-11-29 21:58:52,670,681,67,384,456,789,790
2015-11-29 21:58:53,675,682,67,384,456,789,790
2015-11-29 21:58:54,679,683,67,384,456,789,790
2015-11-29 21:58:55,684,684,67,384,456,789,790
2015-11-29 21:58:56,688,685,67,385,455,789,790
2015-11-29 21:58:57,692,686,67,385,455,789,790
2015-11-29 21:58:58,695,687,67,385,455,789,790
2015-11-29 21:58:59,701,688,67,385,455,789,790
2015-11-29 21:59:00,704,689,67,385,454,789,790
2015-11-29 21:59:01,710,690,68,385,454,789,790
2015-11-29 21:59:02,715,691,67,385,454,789,790
2015-11-29 21:59:03,718,692,67,385,454,789,790
2015-11-29 21:59:04,721,693,67,385,454,789,790
2015-11-29 21:59:05,727,694,67,385,454,789,790
2015-11-29 21:59:06,730,695,68,385,454,789,790
2015-11-29 21:59:07,735,696,67,386,453,789,790
2015-11-29 21:59:08,738,697,67,386,453,789,790
2015-11-29 21:59:09,743,698,67,387,453,789,790
2015-11-29 21:59:10,747,699,67,387,453,789,790
2015-11-29 21:59:11,752,700,67,387,453,789,790
2015-11-29 21:59:12,755,701,67,387,453,789,790
2015-11-29 21:59:13,760,702,67,388,452,789,790
2015-11-29 21:59:14,763,703,67,388,452,789,790
2015-11-29 21:59:15,769,704,67,388,452,789,790
2015-11-29 21:59:16,775,705,67,388,452,789,790
2015-11-29 21:59:17,778,706,67,388,452,789,790
2015-11-29 21:59:18,780,707,67,388,452,789,790
2015-11-29 21:59:19,782,708,68,388,452,789,790
2015-11-29 21:59:20,786,709,67,388,452,789,790
2015-11-29 21:59:21,790,710,67,388,451,789,790
2015-11-29 21:59:22,792,711,67,388,451,789,790
2015-11-29 21:59:23,796,712,67,388,451,789,790
2015-11-29 21:59:24,801,713,67,389,451,789,790
2015-11-29 21:59:25,804,714,67,389,451,789,790
2015-11-29 21:59:26,809,715,67,390,451,789,790
2015-11-29 21:59:27,813,716,67,390,451,789,790
2015-11-29 21:59:28,818,717,67,390,451,789,790
2015-11-29 21:59:29,821,718,68,390,451,789,790
2015-11-29 21:59:30,826,719,68,390,451,789,790
2015-11-29 21:59:31,830,720,68,390,450,789,790
2015-11-29 21:59:32,835,721,67,391,450,789,790
2015-11-29 21:59:33,839,722,68,391,450,789,790
2015-11-29 21:59:34,843,724,67,391,450,789,790
2015-11-29 21:59:35,847,725,67,391,450,789,790
2015-11-29 21:59:36,849,726,68,391,450,789,790
2015-11-29 21:59:37,855,727,68,391,450,789,790
2015-11-29 21:59:38,861,728,68,392,450,789,790
2015-11-29 21:59:39,863,729,67,392,449,789,790
2015-11-29 21:59:40,869,730,67,392,450,789,790
2015-11-29 21:59:41,872,731,68,392,449,789,790
2015-11-29 21:59:42,877,732,68,392,449,789,790
2015-11-29 21:59:43,880,733,68,392,449,789,790
2015-11-29 21:59:44,886,734,68,393,449,789,790
2015-11-29 21:59:45,889,735,68,393,449,789,790
2015-11-29 21:59:46,894,736,68,393,449,789,790
2015-11-29 21:59:47,897,737,68,393,449,789,790
2015-11-29 21:59:48,902,738,67,393,449,789,790
2015-11-29 21:59:49,906,739,67,393,449,789,790
2015-11-29 21:59:50,911,740,67,394,449,789,790
2015-11-29 21:59:51,915,741,68,394,449,789,790
2015-11-29 21:59:52,920,742,68,393,448,789,790
2015-11-29 21:59:53,923,743,68,393,448,789,790
2015-11-29 21:59:54,928,744,68,394,448,789,790
2015-11-29 21:59:55,931,745,68,394,448,789,790
2015-11-29 21:59:56,937,746,68,394,448,789,790
2015-11-29 21:59:57,940,747,68,394,448,789,790
2015-11-29 21:59:58,945,748,68,395,448,789,790
2015-11-29 21:59:59,948,749,67,395,448,789,790
2015-11-29 22:00:00,954,750,68,395,448,789,790
2015-11-29 22:00:01,957,751,68,395,447,789,790
2015-11-29 22:00:02,962,752,68,395,447,789,790
2015-11-29 22:00:03,967,753,68,395,447,789,790
2015-11-29 22:00:04,973,754,68,395,448,789,790
2015-11-29 22:00:05,974,755,68,395,447,789,790
2015-11-29 22:00:06,979,756,68,395,447,789,790
2015-11-29 22:00:07,982,757,68,395,447,789,790
2015-11-29 22:00:08,987,758,68,396,447,789,790
2015-11-29 22:00:09,991,759,68,396,447,789,790
2015-11-29 22:00:10,996,760,67,396,447,789,790
2015-11-29 22:00:12,001,761,68,395,447,789,790
2015-11-29 22:00:13,005,762,68,396,447,789,790
2015-11-29 22:00:14,008,763,68,396,447,789,790
2015-11-29 22:00:15,013,764,68,396,447,789,790
2015-11-29 22:00:16,016,765,68,396,447,789,790
2015-11-29 22:00:17,022,766,68,396,447,789,790
2015-11-29 22:00:18,024,767,68,397,447,789,790
2015-11-29 22:00:19,030,768,68,396,446,789,790
2015-11-29 22:00:20,033,769,68,397,446,789,790
2015-11-29 22:00:21,039,770,67,397,446,789,790
2015-11-29 22:00:22,042,771,68,397,446,789,790
2015-11-29 22:00:23,048,772,68,397,446,789,790
2015-11-29 22:00:24,050,773,68,397,446,789,790
2015-11-29 22:00:25,055,774,68,398,446,789,790
2015-11-29 22:00:26,061,775,68,398,446,789,790
2015-11-29 22:00:27,064,776,67,398,446,789,790
2015-11-29 22:00:28,068,777,68,399,446,789,790
2015-11-29 22:00:29,074,778,68,398,446,789,790
2015-11-29 22:00:30,075,779,68,399,446,789,790
2015-11-29 22:00:31,081,780,68,399,446,789,790
2015-11-29 22:00:32,084,781,68,399,446,789,790
2015-11-29 22:00:33,089,782,68,399,446,789,790
2015-11-29 22:00:34,094,783,68,399,446,789,790
2015-11-29 22:00:35,099,784,68,398,446,789,790
2015-11-29 22:00:36,103,785,68,399,446,789,790
2015-11-29 22:00:37,106,786,68,398,445,789,790
2015-11-29 22:00:38,109,787,68,398,445,789,790
2015-11-29 22:00:39,115,788,68,398,445,789,790
2015-11-29 22:00:40,118,789,68,399,445,789,790
2015-11-29 22:00:41,124,790,68,399,445,789,790
2015-11-29 22:00:42,127,791,68,399,445,789,790
2015-11-29 22:00:43,132,792,68,400,445,789,790
2015-11-29 22:00:44,135,793,68,400,445,789,790
2015-11-29 22:00:45,140,794,68,400,445,789,790
2015-11-29 22:00:46,145,795,68,400,445,789,790
2015-11-29 22:00:47,149,796,68,400,445,789,790
2015-11-29 22:00:48,152,797,68,400,444,789,790
2015-11-29 22:00:49,157,798,68,400,444,789,790
2015-11-29 22:00:50,160,799,68,400,444,789,790
2015-11-29 22:00:51,166,800,68,400,443,789,790
2015-11-29 22:00:52,169,801,68,400,443,789,790
2015-11-29 22:00:53,174,802,68,400,443,789,790
2015-11-29 22:00:54,177,803,68,401,443,789,790
2015-11-29 22:00:55,183,804,68,401,443,789,790
2015-11-29 22:00:56,186,805,68,401,443,789,790
2015-11-29 22:00:57,191,806,68,402,443,789,790
2015-11-29 22:00:58,194,807,68,402,443,789,790
2015-11-29 22:00:59,200,808,68,402,443,789,790
2015-11-29 22:01:00,202,809,68,402,442,789,790
2015-11-29 22:01:01,208,810,68,403,442,789,790
2015-11-29 22:01:02,211,811,68,402,442,789,790
2015-11-29 22:01:03,217,812,68,402,442,789,790
2015-11-29 22:01:04,220,813,68,401,442,789,790
2015-11-29 22:01:05,225,814,68,399,442,789,790
2015-11-29 22:01:06,229,815,68,398,441,789,790
2015-11-29 22:01:07,234,816,68,396,441,789,790
2015-11-29 22:01:08,236,817,68,394,440,789,790
2015-11-29 22:01:09,242,818,68,392,440,789,790
2015-11-29 22:01:10,246,819,68,390,439,789,790
2015-11-29 22:01:11,251,820,68,389,438,789,790
2015-11-29 22:01:12,257,821,68,387,437,789,790
2015-11-29 22:01:13,260,822,68,386,436,789,790
2015-11-29 22:01:14,262,823,68,385,436,789,790
2015-11-29 22:01:15,268,824,68,383,436,789,790
2015-11-29 22:01:16,271,825,68,382,436,789,790
2015-11-29 22:01:17,276,826,68,382,435,789,790
2015-11-29 22:01:18,279,827,68,381,435,789,790
2015-11-29 22:01:19,284,828,68,380,435,789,790
2015-11-29 22:01:20,289,829,68,379,435,789,790
2015-11-29 22:01:21,293,830,68,378,434,789,790
2015-11-29 22:01:22,296,831,68,378,434,789,790
2015-11-29 22:01:23,301,832,68,377,434,789,790
2015-11-29 22:01:24,306,833,68,376,434,789,790
2015-11-29 22:01:25,310,834,68,376,434,789,790
2015-11-29 22:01:26,313,835,68,375,433,789,790
2015-11-29 22:01:27,318,836,68,374,433,789,790
2015-11-29 22:01:28,322,837,68,374,433,789,790
2015-11-29 22:01:29,327,838,68,373,433,789,790
2015-11-29 22:01:30,330,839,68,373,432,789,790
2015-11-29 22:01:31,335,840,68,372,432,789,790
2015-11-29 22:01:32,339,841,68,372,432,789,790
2015-11-29 22:01:33,344,842,68,371,432,789,790
2015-11-29 22:01:34,346,843,68,371,432,789,790
2015-11-29 22:01:35,352,844,68,371,431,789,790
2015-11-29 22:01:36,355,845,68,370,431,789,790
2015-11-29 22:01:37,361,846,68,370,431,789,790
2015-11-29 22:01:38,366,847,68,369,431,789,790
2015-11-29 22:01:39,369,848,67,369,430,789,790
2015-11-29 22:01:40,372,849,68,369,430,789,790
2015-11-29 22:01:41,378,850,68,368,430,789,790
2015-11-29 22:01:42,381,851,68,368,430,789,790
2015-11-29 22:01:43,386,852,68,368,429,789,790
2015-11-29 22:01:44,389,853,68,367,429,789,790
2015-11-29 22:01:45,395,854,68,367,429,789,790
2015-11-29 22:01:46,400,855,68,367,429,789,790
2015-11-29 22:01:47,403,856,68,366,429,789,790
2015-11-29 22:01:48,408,857,68,366,429,790,790
2015-11-29 22:01:49,412,858,68,366,428,790,790
2015-11-29 22:01:50,417,859,68,365,428,790,790
2015-11-29 22:01:51,421,860,68,365,428,789,790
2015-11-29 22:01:52,423,861,68,364,427,789,790
2015-11-29 22:01:53,429,862,68,364,427,789,790
2015-11-29 22:01:54,434,863,68,364,427,789,790
2015-11-29 22:01:55,439,864,68,363,427,789,790
2015-11-29 22:01:56,440,865,68,363,427,789,790
2015-11-29 22:01:57,445,866,68,363,426,789,790
2015-11-29 22:01:58,449,867,68,362,426,789,790
2015-11-29 22:01:59,454,868,67,362,426,789,790
2015-11-29 22:02:00,460,869,68,362,426,789,790
2015-11-29 22:02:01,465,870,68,362,426,789,790
2015-11-29 22:02:02,471,871,68,361,426,789,790
2015-11-29 22:02:03,476,872,68,361,425,789,790
2015-11-29 22:02:04,482,873,68,361,425,789,790
2015-11-29 22:02:05,484,874,68,361,425,789,790
2015-11-29 22:02:06,489,875,68,361,425,789,790
2015-11-29 22:02:07,494,876,68,360,425,789,790
2015-11-29 22:02:08,498,877,68,360,424,789,790
2015-11-29 22:02:09,501,878,68,360,424,789,790
2015-11-29 22:02:10,507,879,68,360,424,790,790
2015-11-29 22:02:11,510,880,67,360,424,789,790
2015-11-29 22:02:12,515,881,67,359,424,789,790
2015-11-29 22:02:13,519,882,68,359,424,789,790
2015-11-29 22:02:14,524,883,68,359,424,789,790
2015-11-29 22:02:15,526,884,68,359,424,789,790
2015-11-29 22:02:16,532,885,67,359,424,789,790
2015-11-29 22:02:17,535,886,68,359,424,789,790
2015-11-29 22:02:18,540,887,68,359,424,789,790
2015-11-29 22:02:19,545,888,68,358,424,789,790
2015-11-29 22:02:20,549,889,68,358,423,789,790
2015-11-29 22:02:21,552,890,68,358,423,790,790
2015-11-29 22:02:22,557,891,67,358,423,789,790
2015-11-29 22:02:23,562,892,68,358,423,790,790
2015-11-29 22:02:24,566,893,68,358,423,790,790
2015-11-29 22:02:25,569,894,68,358,423,789,790
2015-11-29 22:02:26,574,895,68,358,423,790,790
2015-11-29 22:02:27,577,896,68,358,423,790,790
2015-11-29 22:02:28,583,897,68,357,423,790,790
2015-11-29 22:02:29,588,898,67,357,423,789,790
2015-11-29 22:02:30,592,899,67,357,423,789,790
2015-11-29 22:02:31,594,900,68,357,423,790,790
2015-11-29 22:02:32,600,901,67,357,423,789,790
2015-11-29 22:02:33,603,902,67,357,423,789,790
2015-11-29 22:02:34,608,903,68,357,423,790,790
2015-11-29 22:02:35,611,904,67,357,423,789,790
2015-11-29 22:02:36,616,905,67,357,422,789,790
2015-11-29 22:02:37,620,906,67,357,423,789,790
2015-11-29 22:02:38,625,907,68,357,422,790,790
2015-11-29 22:02:39,628,908,68,357,423,790,790
2015-11-29 22:02:40,634,909,67,356,423,789,790
2015-11-29 22:02:41,637,910,67,356,423,790,790
2015-11-29 22:02:42,642,911,68,356,422,790,790
2015-11-29 22:02:43,645,912,67,356,422,790,790
2015-11-29 22:02:44,650,913,68,356,422,790,790
2015-11-29 22:02:45,654,914,67,356,422,790,790
2015-11-29 22:02:46,659,915,68,356,422,790,790
2015-11-29 22:02:47,664,916,67,356,422,790,790
2015-11-29 22:02:48,667,917,67,356,422,790,790
2015-11-29 22:02:49,672,918,68,356,422,790,790
2015-11-29 22:02:50,676,919,67,356,422,790,790
2015-11-29 22:02:51,679,920,67,356,422,790,790
2015-11-29 22:02:52,685,921,68,356,423,790,790
2015-11-29 22:02:53,688,922,68,356,423,790,790
2015-11-29 22:02:54,693,923,68,356,423,790,790
2015-11-29 22:02:55,697,924,67,356,423,790,790
2015-11-29 22:02:56,701,925,68,355,423,790,790
2015-11-29 22:02:57,704,926,67,355,423,789,790
2015-11-29 22:02:58,710,927,68,355,423,790,790
2015-11-29 22:02:59,715,928,68,355,423,790,790
2015-11-29 22:03:00,718,929,67,356,423,790,790
2015-11-29 22:03:01,723,930,67,356,423,790,790
2015-11-29 22:03:02,728,931,67,356,422,790,790
2015-11-29 22:03:03,730,932,68,356,422,790,790
2015-11-29 22:03:04,735,933,67,357,422,790,790
2015-11-29 22:03:05,738,934,67,357,421,790,790
2015-11-29 22:03:06,744,935,67,357,421,790,790
2015-11-29 22:03:07,746,936,68,357,421,790,790
2015-11-29 22:03:08,752,937,67,357,421,790,790
2015-11-29 22:03:09,758,938,67,357,421,790,790
2015-11-29 22:03:10,763,939,67,358,420,790,790
2015-11-29 22:03:11,768,940,67,358,420,790,790
2015-11-29 22:03:12,774,941,67,358,420,790,790
2015-11-29 22:03:13,779,942,67,358,420,790,790
2015-11-29 22:03:14,780,943,67,358,419,790,790
2015-11-29 22:03:15,780,944,67,358,419,790,790
2015-11-29 22:03:16,786,945,67,358,419,790,790
2015-11-29 22:03:17,791,946,67,358,419,790,790
2015-11-29 22:03:18,795,947,67,358,419,790,790
2015-11-29 22:03:19,799,948,67,359,418,790,790
2015-11-29 22:03:20,803,949,67,359,418,790,790
2015-11-29 22:03:21,807,950,67,359,418,790,790
2015-11-29 22:03:22,812,951,67,359,418,790,790
2015-11-29 22:03:23,816,952,67,359,418,790,790
2015-11-29 22:03:24,820,953,67,359,418,790,790
2015-11-29 22:03:25,823,954,67,359,419,790,790
2015-11-29 22:03:26,829,955,67,359,421,790,790
2015-11-29 22:03:27,832,956,67,359,422,790,790
2015-11-29 22:03:28,837,957,67,359,423,790,790
2015-11-29 22:03:29,842,959,67,359,423,790,790
2015-11-29 22:03:30,846,960,68,359,423,790,790
2015-11-29 22:03:31,848,961,67,359,424,790,790
2015-11-29 22:03:32,850,962,67,359,424,790,790
2015-11-29 22:03:33,852,963,67,359,424,790,790
2015-11-29 22:03:34,858,964,67,359,424,790,790
2015-11-29 22:03:35,863,965,67,358,424,790,790
2015-11-29 22:03:36,868,966,67,358,424,790,790
2015-11-29 22:03:37,870,967,67,358,425,790,790
2015-11-29 22:03:38,873,968,67,358,425,790,790
2015-11-29 22:03:39,878,969,67,358,425,790,790
2015-11-29 22:03:40,882,970,67,358,426,790,790
2015-11-29 22:03:41,886,971,67,358,426,790,790
2015-11-29 22:03:42,890,972,67,358,426,790,790
2015-11-29 22:03:43,895,973,67,358,426,790,790
2015-11-29 22:03:44,898,974,67,358,426,790,790
2015-11-29 22:03:45,904,975,67,358,427,790,790
2015-11-29 22:03:46,906,976,67,358,427,790,790
2015-11-29 22:03:47,912,977,67,358,427,790,790
2015-11-29 22:03:48,917,978,67,357,427,790,790
2015-11-29 22:03:49,920,979,67,358,427,790,790
2015-11-29 22:03:50,924,980,67,358,427,790,790
2015-11-29 22:03:51,928,981,67,357,427,790,790
2015-11-29 22:03:52,932,982,67,357,427,790,790
2015-11-29 22:03:53,937,983,67,357,428,790,790
2015-11-29 22:03:54,941,984,67,357,428,790,790
2015-11-29 22:03:55,945,985,67,357,428,790,790
2015-11-29 22:03:56,949,986,67,357,428,790,790
2015-11-29 22:03:57,954,987,67,357,428,790,790
2015-11-29 22:03:58,957,988,67,357,428,790,790
2015-11-29 22:03:59,963,989,67,357,428,790,790
2015-11-29 22:04:00,966,990,67,357,429,790,790
2015-11-29 22:04:01,971,991,67,357,429,790,790
2015-11-29 22:04:02,974,992,67,357,429,790,790
2015-11-29 22:04:03,980,993,67,357,429,790,790
2015-11-29 22:04:04,983,994,67,357,429,790,790
2015-11-29 22:04:05,988,995,67,356,429,790,790
2015-11-29 22:04:06,991,996,67,356,429,790,790
2015-11-29 22:04:07,997,997,67,356,429,790,790
2015-11-29 22:04:09,000,998,67,356,429,790,790
2015-11-29 22:04:10,005,999,67,356,429,790,790
2015-11-29 22:04:11,008,1000,67,356,429,790,790
2015-11-29 22:04:12,014,1001,67,356,429,790,790
2015-11-29 22:04:13,017,1002,67,356,429,790,790
2015-11-29 22:04:14,022,1003,67,356,430,790,790
2015-11-29 22:04:15,025,1004,67,356,430,790,790
2015-11-29 22:04:16,031,1005,67,356,430,790,790
2015-11-29 22:04:17,034,1006,67,356,430,790,790
2015-11-29 22:04:18,039,1007,67,356,430,790,790
2015-11-29 22:04:19,042,1008,67,356,430,790,790
2015-11-29 22:04:20,048,1009,67,356,431,790,790
2015-11-29 22:04:21,053,1010,67,356,430,790,790
2015-11-29 22:04:22,056,1011,67,356,430,790,790
2015-11-29 22:04:23,062,1012,67,356,430,790,790
2015-11-29 22:04:24,067,1013,67,356,431,790,790
2015-11-29 22:04:25,070,1014,67,356,430,790,790
2015-11-29 22:04:26,074,1015,67,356,431,790,790
2015-11-29 22:04:27,076,1016,67,355,430,790,790
2015-11-29 22:04:28,082,1017,67,355,431,790,790
2015-11-29 22:04:29,085,1018,67,355,431,790,790
2015-11-29 22:04:30,090,1019,67,355,431,790,790
2015-11-29 22:04:31,093,1020,67,355,431,790,790
2015-11-29 22:04:32,098,1021,67,355,431,790,790
2015-11-29 22:04:33,103,1022,67,355,431,790,790
2015-11-29 22:04:34,107,1023,67,355,431,790,790
2015-11-29 22:04:35,110,1024,67,355,431,790,790
2015-11-29 22:04:36,116,1025,67,355,431,790,790
2015-11-29 22:04:37,118,1026,67,355,431,790,791
2015-11-29 22:04:38,124,1027,67,355,431,790,790
2015-11-29 22:04:39,128,1028,67,355,431,790,791
2015-11-29 22:04:40,133,1029,67,355,431,790,791
2015-11-29 22:04:41,136,1030,67,354,431,790,790
2015-11-29 22:04:42,141,1031,67,354,431,790,791
2015-11-29 22:04:43,144,1032,67,354,431,790,790
2015-11-29 22:04:44,150,1033,67,354,431,790,791
2015-11-29 22:04:45,152,1034,67,354,431,790,791
2015-11-29 22:04:46,158,1035,67,354,431,790,791
2015-11-29 22:04:47,161,1036,67,354,431,790,790
