2015-12-15 21:57:30,672,datetime,ms,seconds,ambient_temp,thermocouple_0_temp,thermocouple_1_temp,thermocouple_2_temp,thermocouple_3_temp
2015-12-15 21:57:35,714,5,71,384,381,787,788
2015-12-15 21:57:36,719,6,71,375,374,787,789
2015-12-15 21:57:37,724,7,71,366,369,787,789
2015-12-15 21:57:38,728,8,71,357,366,787,789
2015-12-15 21:57:39,732,9,71,349,364,787,789
2015-12-15 21:57:40,737,10,71,342,361,787,789
2015-12-15 21:57:41,742,11,71,335,359,787,789
2015-12-15 21:57:42,745,12,71,328,357,787,788
2015-12-15 21:57:43,750,13,71,322,355,787,789
2015-12-15 21:57:44,753,14,71,315,353,787,789
2015-12-15 21:57:45,757,15,71,310,352,787,788
2015-12-15 21:57:46,762,16,71,304,350,787,788
2015-12-15 21:57:47,766,17,71,299,348,787,789
2015-12-15 21:57:48,771,18,71,294,347,787,789
2015-12-15 21:57:49,774,19,71,290,346,787,788
2015-12-15 21:57:50,780,20,71,286,344,787,789
2015-12-15 21:57:51,784,21,71,282,343,787,788
2015-12-15 21:57:52,788,22,71,278,342,787,789
2015-12-15 21:57:53,790,23,71,275,341,787,788
2015-12-15 21:57:54,795,24,71,271,340,787,789
2015-12-15 21:57:55,799,25,71,268,339,787,788
2015-12-15 21:57:56,804,26,71,265,338,787,788
2015-12-15 21:57:57,808,27,71,262,337,787,788
2015-12-15 21:57:58,813,28,71,259,337,787,789
2015-12-15 21:57:59,817,29,71,257,336,787,789
2015-12-15 21:58:00,821,30,71,254,335,787,788
2015-12-15 21:58:01,826,31,71,252,335,787,788
2015-12-15 21:58:02,830,32,71,250,334,787,788
2015-12-15 21:58:03,833,33,71,248,334,787,788
2015-12-15 21:58:04,839,34,71,246,333,787,788
2015-12-15 21:58:05,841,35,71,244,333,787,788
2015-12-15 21:58:06,846,36,71,243,332,787,788
2015-12-15 21:58:07,850,37,71,241,332,787,788
2015-12-15 21:58:08,856,38,71,240,331,787,788
2015-12-15 21:58:09,858,39,71,238,331,787,788
2015-12-15 21:58:10,863,40,71,237,331,787,788
2015-12-15 21:58:11,867,41,71,236,331,787,788
2015-12-15 21:58:12,871,42,71,235,330,787,788
2015-12-15 21:58:13,875,43,71,234,330,787,788
2015-12-15 21:58:14,881,44,71,233,330,787,788
2015-12-15 21:58:15,883,45,71,232,330,787,789
2015-12-15 21:58:16,888,46,71,231,329,787,788
2015-12-15 21:58:17,894,47,71,231,329,787,789
2015-12-15 21:58:18,898,48,71,230,329,787,788
2015-12-15 21:58:19,901,49,71,229,329,787,788
2015-12-15 21:58:20,906,50,71,229,329,787,788
2015-12-15 21:58:21,911,51,71,228,329,787,789
2015-12-15 21:58:22,915,52,71,228,328,787,788
2015-12-15 21:58:23,916,53,71,228,328,787,789
2015-12-15 21:58:24,922,54,71,227,328,787,788
2015-12-15 21:58:25,927,55,71,227,328,787,789
2015-12-15 21:58:26,931,56,71,226,328,787,788
2015-12-15 21:58:27,936,57,71,226,328,787,789
2015-12-15 21:58:28,940,58,71,226,328,787,788
2015-12-15 21:58:29,944,59,71,226,328,787,788
2015-12-15 21:58:30,949,60,71,226,328,787,789
2015-12-15 21:58:31,951,61,71,226,328,787,788
2015-12-15 21:58:32,956,62,71,226,328,787,789
2015-12-15 21:58:33,960,63,71,226,328,787,788
2015-12-15 21:58:34,965,64,71,226,328,787,788
2015-12-15 21:58:35,970,65,71,226,329,787,788
2015-12-15 21:58:36,974,66,71,226,330,787,788
2015-12-15 21:58:37,978,67,71,227,331,787,788
2015-12-15 21:58:38,982,68,71,227,333,787,788
2015-12-15 21:58:39,984,69,71,227,334,787,788
2015-12-15 21:58:40,990,70,71,227,335,787,788
2015-12-15 21:58:41,994,71,71,227,336,787,788
2015-12-15 21:58:42,999,72,71,228,337,787,788
2015-12-15 21:58:44,004,73,71,228,338,787,788
2015-12-15 21:58:45,008,74,71,228,339,787,788
2015-12-15 21:58:46,013,75,71,228,340,787,788
2015-12-15 21:58:47,016,76,71,229,341,787,788
2015-12-15 21:58:48,022,77,71,229,342,787,788
2015-12-15 21:58:49,025,78,71,230,342,787,789
2015-12-15 21:58:50,026,79,71,230,343,787,788
2015-12-15 21:58:51,032,80,71,231,344,787,788
2015-12-15 21:58:52,036,81,71,231,345,787,788
2015-12-15 21:58:53,041,82,71,231,346,787,789
2015-12-15 21:58:54,045,83,71,232,346,787,788
2015-12-15 21:58:55,048,84,71,233,347,787,788
2015-12-15 21:58:56,052,85,71,233,347,787,788
2015-12-15 21:58:57,053,86,71,234,348,787,789
2015-12-15 21:58:58,057,87,71,234,349,787,789
2015-12-15 21:58:59,061,88,71,235,349,787,789
2015-12-15 21:59:00,065,89,71,235,350,787,788
2015-12-15 21:59:01,070,90,71,236,351,787,788
2015-12-15 21:59:02,073,91,71,236,351,787,788
2015-12-15 21:59:03,079,92,71,237,352,787,789
2015-12-15 21:59:04,082,93,71,238,352,787,788
2015-12-15 21:59:05,086,94,71,238,353,787,788
2015-12-15 21:59:06,089,95,71,239,354,787,788
2015-12-15 21:59:07,090,96,71,239,354,787,788
2015-12-15 21:59:08,093,97,71,240,355,787,788
2015-12-15 21:59:09,098,98,71,241,355,787,788
2015-12-15 21:59:10,100,99,71,242,356,787,788
2015-12-15 21:59:11,104,100,71,242,356,787,788
2015-12-15 21:59:12,110,101,71,243,357,787,789
2015-12-15 21:59:13,111,102,71,244,357,787,788
2015-12-15 21:59:14,113,103,71,244,357,787,788
2015-12-15 21:59:15,118,104,71,245,358,787,789
2015-12-15 21:59:16,120,105,71,246,358,787,788
2015-12-15 21:59:17,123,106,71,246,359,787,788
2015-12-15 21:59:18,128,107,71,247,359,787,788
2015-12-15 21:59:19,132,108,71,248,360,787,789
2015-12-15 21:59:20,137,109,71,249,360,787,788
2015-12-15 21:59:21,141,110,71,249,361,787,788
2015-12-15 21:59:22,147,111,71,250,361,787,788
2015-12-15 21:59:23,150,112,71,251,361,787,788
2015-12-15 21:59:24,155,113,71,251,362,787,788
2015-12-15 21:59:25,159,114,71,252,362,787,788
2015-12-15 21:59:26,163,115,71,253,363,787,788
2015-12-15 21:59:27,166,116,71,254,363,787,789
2015-12-15 21:59:28,171,117,71,254,363,787,789
2015-12-15 21:59:29,175,118,71,255,364,787,789
2015-12-15 21:59:30,180,119,71,256,364,787,788
2015-12-15 21:59:31,184,120,71,257,365,787,788
2015-12-15 21:59:32,188,121,71,258,365,787,789
2015-12-15 21:59:33,192,122,71,258,366,787,789
2015-12-15 21:59:34,196,123,71,259,366,787,789
2015-12-15 21:59:35,199,124,71,260,366,787,788
2015-12-15 21:59:36,205,125,71,260,367,787,788
2015-12-15 21:59:37,209,126,71,261,367,787,789
2015-12-15 21:59:38,214,127,71,262,367,787,788
2015-12-15 21:59:39,217,128,71,263,368,787,788
2015-12-15 21:59:40,221,129,71,263,368,787,788
2015-12-15 21:59:41,222,130,71,264,369,787,788
2015-12-15 21:59:42,225,131,71,265,369,787,788
2015-12-15 21:59:43,229,132,71,266,369,787,788
2015-12-15 21:59:44,232,133,71,266,370,787,788
2015-12-15 21:59:45,236,134,71,267,370,787,788
2015-12-15 21:59:46,239,135,71,268,370,787,788
2015-12-15 21:59:47,240,136,71,269,371,787,788
2015-12-15 21:59:48,244,137,71,270,371,787,788
2015-12-15 21:59:49,248,138,71,270,372,787,788
2015-12-15 21:59:50,253,139,71,271,372,787,788
2015-12-15 21:59:51,259,140,71,272,373,787,788
2015-12-15 21:59:52,262,141,71,273,373,787,789
2015-12-15 21:59:53,265,142,71,273,373,787,788
2015-12-15 21:59:54,270,143,71,274,374,787,789
2015-12-15 21:59:55,275,144,71,275,374,787,788
2015-12-15 21:59:56,279,145,71,276,375,787,788
2015-12-15 21:59:57,282,146,71,276,375,787,788
2015-12-15 21:59:58,286,147,71,277,375,787,789
2015-12-15 21:59:59,288,148,71,278,376,787,788
2015-12-15 22:00:00,294,149,71,279,376,787,788
2015-12-15 22:00:01,299,150,71,279,376,787,789
2015-12-15 22:00:02,303,151,71,280,377,787,788
2015-12-15 22:00:03,308,152,71,281,377,787,788
2015-12-15 22:00:04,312,153,71,282,377,787,788
2015-12-15 22:00:05,316,154,71,282,378,787,788
2015-12-15 22:00:06,321,155,71,283,378,787,788
2015-12-15 22:00:07,326,156,71,284,378,787,788
2015-12-15 22:00:08,329,157,71,284,378,787,788
2015-12-15 22:00:09,334,158,71,285,379,787,788
2015-12-15 22:00:10,338,159,71,286,379,787,788
2015-12-15 22:00:11,340,160,71,286,379,787,788
2015-12-15 22:00:12,344,161,71,287,380,787,788
2015-12-15 22:00:13,348,162,71,288,380,787,788
2015-12-15 22:00:14,353,163,71,289,380,787,788
2015-12-15 22:00:15,357,164,71,290,381,787,788
2015-12-15 22:00:16,360,165,71,290,381,787,788
2015-12-15 22:00:17,364,166,71,291,382,787,788
2015-12-15 22:00:18,364,167,71,292,382,787,788
2015-12-15 22:00:19,369,168,71,293,382,787,788
2015-12-15 22:00:20,373,169,71,293,383,787,788
2015-12-15 22:00:21,378,170,71,294,383,787,788
2015-12-15 22:00:22,381,171,71,295,383,787,788
2015-12-15 22:00:23,386,172,71,296,384,787,788
2015-12-15 22:00:24,390,173,71,296,384,787,788
2015-12-15 22:00:25,395,174,71,297,384,787,789
2015-12-15 22:00:26,399,175,71,298,384,787,788
2015-12-15 22:00:27,404,176,71,298,384,787,788
2015-12-15 22:00:28,407,177,71,299,385,787,788
2015-12-15 22:00:29,413,178,71,300,385,787,788
2015-12-15 22:00:30,417,179,71,300,385,787,788
2015-12-15 22:00:31,421,180,71,301,386,787,788
2015-12-15 22:00:32,426,181,71,302,386,787,788
2015-12-15 22:00:33,430,182,71,303,386,787,788
2015-12-15 22:00:34,433,183,71,303,386,787,788
2015-12-15 22:00:35,438,184,71,304,387,787,788
2015-12-15 22:00:36,443,185,71,305,387,787,788
2015-12-15 22:00:37,447,186,71,306,387,787,788
2015-12-15 22:00:38,451,187,71,306,387,787,789
2015-12-15 22:00:39,456,188,71,307,388,787,789
2015-12-15 22:00:40,458,189,71,307,388,787,788
2015-12-15 22:00:41,464,190,71,308,388,787,788
2015-12-15 22:00:42,466,191,71,309,388,787,788
2015-12-15 22:00:43,472,192,71,310,389,787,788
2015-12-15 22:00:44,476,193,71,311,389,787,788
2015-12-15 22:00:45,480,194,71,311,390,787,788
2015-12-15 22:00:46,485,195,71,312,390,787,788
2015-12-15 22:00:47,490,196,71,313,390,787,788
2015-12-15 22:00:48,491,197,71,313,390,787,788
2015-12-15 22:00:49,496,198,71,314,391,787,788
2015-12-15 22:00:50,499,199,71,315,391,787,788
2015-12-15 22:00:51,504,200,71,315,392,787,788
2015-12-15 22:00:52,507,201,71,316,392,787,789
2015-12-15 22:00:53,510,202,71,317,392,787,788
2015-12-15 22:00:54,512,203,71,317,393,787,788
2015-12-15 22:00:55,517,204,71,318,393,787,788
2015-12-15 22:00:56,521,205,71,319,393,787,788
2015-12-15 22:00:57,527,206,71,319,393,787,788
2015-12-15 22:00:58,529,207,71,320,394,787,788
2015-12-15 22:00:59,532,208,71,321,394,787,788
2015-12-15 22:01:00,537,209,71,321,394,787,788
2015-12-15 22:01:01,540,210,71,322,394,787,788
2015-12-15 22:01:02,545,211,71,323,394,787,788
2015-12-15 22:01:03,550,212,71,323,395,787,788
2015-12-15 22:01:04,555,213,71,324,395,787,788
2015-12-15 22:01:05,560,214,71,325,395,787,788
2015-12-15 22:01:06,565,215,71,325,396,787,788
2015-12-15 22:01:07,571,216,71,326,396,787,788
2015-12-15 22:01:08,572,217,71,327,396,787,788
2015-12-15 22:01:09,577,218,71,327,396,787,788
2015-12-15 22:01:10,580,219,71,328,396,787,788
2015-12-15 22:01:11,585,220,71,329,397,787,788
2015-12-15 22:01:12,588,221,71,329,397,787,788
2015-12-15 22:01:13,593,222,71,330,397,787,788
2015-12-15 22:01:14,597,223,71,331,397,787,788
2015-12-15 22:01:15,602,224,71,331,398,787,788
2015-12-15 22:01:16,605,225,71,332,398,787,788
2015-12-15 22:01:17,609,226,71,333,398,787,788
2015-12-15 22:01:18,614,227,71,333,398,787,788
2015-12-15 22:01:19,616,228,71,334,399,787,788
2015-12-15 22:01:20,618,229,71,335,399,787,788
2015-12-15 22:01:21,621,230,71,335,399,787,789
2015-12-15 22:01:22,626,231,71,336,400,787,788
2015-12-15 22:01:23,630,232,71,337,400,787,788
2015-12-15 22:01:24,635,233,71,337,400,787,788
2015-12-15 22:01:25,639,234,71,338,401,787,789
2015-12-15 22:01:26,640,235,71,339,401,787,788
2015-12-15 22:01:27,642,236,71,339,401,787,789
2015-12-15 22:01:28,644,237,71,340,401,787,789
2015-12-15 22:01:29,647,238,71,340,402,787,788
2015-12-15 22:01:30,652,239,71,341,402,787,788
2015-12-15 22:01:31,655,240,71,342,402,787,789
2015-12-15 22:01:32,660,241,71,342,402,787,789
2015-12-15 22:01:33,665,242,71,343,403,787,788
2015-12-15 22:01:34,670,243,71,344,403,787,788
2015-12-15 22:01:35,675,245,71,344,403,787,788
2015-12-15 22:01:36,679,246,71,345,403,787,788
2015-12-15 22:01:37,682,247,71,346,404,787,788
2015-12-15 22:01:38,687,248,71,346,404,787,788
2015-12-15 22:01:39,691,249,71,347,404,787,788
2015-12-15 22:01:40,697,250,71,347,404,787,788
2015-12-15 22:01:41,699,251,71,348,405,787,788
2015-12-15 22:01:42,704,252,71,349,405,787,789
2015-12-15 22:01:43,707,253,71,349,405,787,788
2015-12-15 22:01:44,712,254,71,350,405,787,788
2015-12-15 22:01:45,716,255,71,350,405,787,788
2015-12-15 22:01:46,721,256,71,351,406,787,789
2015-12-15 22:01:47,724,257,71,351,406,787,789
2015-12-15 22:01:48,728,258,71,352,406,787,788
2015-12-15 22:01:49,733,259,71,353,406,787,788
2015-12-15 22:01:50,737,260,71,353,406,787,788
2015-12-15 22:01:51,741,261,71,354,407,787,788
2015-12-15 22:01:52,741,262,71,355,407,787,788
2015-12-15 22:01:53,745,263,71,355,407,787,788
2015-12-15 22:01:54,748,264,71,356,407,787,788
2015-12-15 22:01:55,754,265,71,356,407,787,788
2015-12-15 22:01:56,757,266,71,357,408,787,788
2015-12-15 22:01:57,762,267,71,357,408,787,788
2015-12-15 22:01:58,765,268,71,358,408,787,788
2015-12-15 22:01:59,770,269,71,358,408,787,788
2015-12-15 22:02:00,776,270,71,359,409,787,788
2015-12-15 22:02:01,779,271,71,360,409,787,788
2015-12-15 22:02:02,784,272,71,360,409,787,788
2015-12-15 22:02:03,789,273,71,361,410,787,789
2015-12-15 22:02:04,791,274,71,361,410,787,788
2015-12-15 22:02:05,795,275,71,362,410,787,788
2015-12-15 22:02:06,800,276,71,362,411,787,789
2015-12-15 22:02:07,804,277,71,363,411,787,788
2015-12-15 22:02:08,807,278,71,363,411,787,789
2015-12-15 22:02:09,812,279,71,364,411,787,789
2015-12-15 22:02:10,815,280,71,364,411,787,788
2015-12-15 22:02:11,819,281,71,365,411,787,789
2015-12-15 22:02:12,824,282,71,366,411,787,789
2015-12-15 22:02:13,828,283,71,366,411,787,788
2015-12-15 22:02:14,833,284,71,367,411,787,788
2015-12-15 22:02:15,836,285,71,367,411,787,788
2015-12-15 22:02:16,839,286,71,368,411,787,788
2015-12-15 22:02:17,845,287,71,368,411,787,789
2015-12-15 22:02:18,848,288,71,368,410,787,788
2015-12-15 22:02:19,855,289,71,369,410,787,788
2015-12-15 22:02:20,858,290,71,370,410,787,788
2015-12-15 22:02:21,863,291,71,370,410,787,788
2015-12-15 22:02:22,866,292,71,371,410,787,789
2015-12-15 22:02:23,872,293,71,371,411,787,788
2015-12-15 22:02:24,873,294,71,372,411,787,788
2015-12-15 22:02:25,878,295,71,372,411,787,788
2015-12-15 22:02:26,878,296,71,373,411,787,788
2015-12-15 22:02:27,883,297,71,373,411,787,788
2015-12-15 22:02:28,887,298,71,374,411,787,789
2015-12-15 22:02:29,890,299,71,374,411,787,788
2015-12-15 22:02:30,895,300,71,375,412,787,788
2015-12-15 22:02:31,900,301,71,375,412,787,788
2015-12-15 22:02:32,904,302,71,376,412,787,788
2015-12-15 22:02:33,907,303,71,376,412,787,788
2015-12-15 22:02:34,913,304,71,377,412,787,788
2015-12-15 22:02:35,916,305,71,377,412,787,788
2015-12-15 22:02:36,921,306,71,378,412,787,788
2015-12-15 22:02:37,923,307,71,379,412,787,788
2015-12-15 22:02:38,929,308,71,379,413,787,789
2015-12-15 22:02:39,932,309,71,380,413,787,788
2015-12-15 22:02:40,938,310,71,380,413,787,789
2015-12-15 22:02:41,942,311,71,381,413,787,789
2015-12-15 22:02:42,946,312,71,381,413,787,788
2015-12-15 22:02:43,950,313,71,382,414,787,788
2015-12-15 22:02:44,955,314,71,382,414,787,788
2015-12-15 22:02:45,959,315,71,383,414,787,788
2015-12-15 22:02:46,961,316,71,383,414,787,788
2015-12-15 22:02:47,966,317,71,384,414,787,788
2015-12-15 22:02:48,970,318,71,384,415,787,789
2015-12-15 22:02:49,974,319,71,385,415,787,788
2015-12-15 22:02:50,980,320,71,385,415,787,788
2015-12-15 22:02:51,982,321,71,386,415,787,788
2015-12-15 22:02:52,987,322,71,386,415,787,788
2015-12-15 22:02:53,988,323,71,387,415,787,788
2015-12-15 22:02:54,993,324,71,387,415,787,788
2015-12-15 22:02:55,996,325,71,388,416,787,788
2015-12-15 22:02:56,999,326,71,388,416,787,788
2015-12-15 22:02:58,003,327,71,388,416,787,788
2015-12-15 22:02:59,008,328,71,389,416,787,788
2015-12-15 22:03:00,012,329,71,389,416,787,788
2015-12-15 22:03:01,017,330,71,390,417,787,788
2015-12-15 22:03:02,022,331,71,390,417,787,789
2015-12-15 22:03:03,024,332,71,391,417,787,788
2015-12-15 22:03:04,029,333,71,391,417,787,788
2015-12-15 22:03:05,031,334,71,392,417,787,788
2015-12-15 22:03:06,036,335,71,392,417,787,788
2015-12-15 22:03:07,041,336,71,393,418,787,788
2015-12-15 22:03:08,044,337,71,393,418,787,788
2015-12-15 22:03:09,050,338,71,394,418,787,789
2015-12-15 22:03:10,053,339,71,394,418,787,788
2015-12-15 22:03:11,056,340,71,395,418,787,788
2015-12-15 22:03:12,060,341,71,395,418,787,788
2015-12-15 22:03:13,063,342,71,396,418,787,789
2015-12-15 22:03:14,066,343,71,396,419,787,789
2015-12-15 22:03:15,070,344,71,396,419,787,788
2015-12-15 22:03:16,074,345,71,397,419,787,788
2015-12-15 22:03:17,078,346,71,397,419,787,788
2015-12-15 22:03:18,082,347,71,398,419,787,788
2015-12-15 22:03:19,087,348,71,398,419,787,788
2015-12-15 22:03:20,092,349,71,399,420,787,788
2015-12-15 22:03:21,095,350,71,399,420,787,788
2015-12-15 22:03:22,098,351,71,400,420,787,788
2015-12-15 22:03:23,103,352,71,400,420,787,788
2015-12-15 22:03:24,107,353,71,401,420,787,788
2015-12-15 22:03:25,112,354,71,401,420,787,788
2015-12-15 22:03:26,117,355,71,402,420,787,788
2015-12-15 22:03:27,120,356,71,402,421,787,788
2015-12-15 22:03:28,124,357,71,403,421,787,788
2015-12-15 22:03:29,129,358,71,403,421,787,788
2015-12-15 22:03:30,132,359,71,403,421,787,788
2015-12-15 22:03:31,136,360,71,404,421,787,788
2015-12-15 22:03:32,141,361,71,404,421,787,788
2015-12-15 22:03:33,147,362,71,404,422,787,788
2015-12-15 22:03:34,151,363,71,405,422,787,788
2015-12-15 22:03:35,155,364,71,405,422,787,788
2015-12-15 22:03:36,158,365,71,406,422,787,788
2015-12-15 22:03:37,163,366,71,406,422,787,789
2015-12-15 22:03:38,167,367,71,406,422,787,789
2015-12-15 22:03:39,170,368,71,407,423,787,789
2015-12-15 22:03:40,174,369,71,407,423,787,788
2015-12-15 22:03:41,176,370,71,408,423,787,788
2015-12-15 22:03:42,181,371,71,408,423,787,789
2015-12-15 22:03:43,185,372,71,409,424,787,789
2015-12-15 22:03:44,187,373,71,409,424,787,788
2015-12-15 22:03:45,191,374,71,410,424,787,788
2015-12-15 22:03:46,195,375,71,410,424,787,788
2015-12-15 22:03:47,197,376,71,410,424,787,788
2015-12-15 22:03:48,202,377,71,411,424,787,789
2015-12-15 22:03:49,206,378,71,411,425,787,788
2015-12-15 22:03:50,211,379,71,412,425,787,788
2015-12-15 22:03:51,213,380,71,412,425,787,789
2015-12-15 22:03:52,214,381,71,412,425,787,789
2015-12-15 22:03:53,219,382,71,413,426,787,788
2015-12-15 22:03:54,225,383,71,413,426,787,788
2015-12-15 22:03:55,228,384,71,414,426,787,788
2015-12-15 22:03:56,231,385,71,414,426,787,789
2015-12-15 22:03:57,236,386,71,415,426,787,788
2015-12-15 22:03:58,239,387,71,415,426,787,789
2015-12-15 22:03:59,245,388,71,416,426,787,789
2015-12-15 22:04:00,248,389,71,416,426,787,788
2015-12-15 22:04:01,253,390,71,416,426,787,788
2015-12-15 22:04:02,257,391,71,416,426,787,789
2015-12-15 22:04:03,262,392,71,417,426,787,788
2015-12-15 22:04:04,266,393,71,417,426,787,788
2015-12-15 22:04:05,272,394,71,418,426,787,789
2015-12-15 22:04:06,277,395,71,418,426,787,788
2015-12-15 22:04:07,278,396,71,419,426,787,789
2015-12-15 22:04:08,282,397,71,419,426,787,789
2015-12-15 22:04:09,286,398,71,419,426,787,789
2015-12-15 22:04:10,291,399,71,420,426,787,789
2015-12-15 22:04:11,296,400,71,420,426,787,788
2015-12-15 22:04:12,299,401,71,421,425,787,788
2015-12-15 22:04:13,304,402,71,421,425,787,788
2015-12-15 22:04:14,307,403,71,421,425,787,788
2015-12-15 22:04:15,312,404,71,422,425,787,789
2015-12-15 22:04:16,316,405,71,422,425,787,788
2015-12-15 22:04:17,321,406,71,422,425,787,789
2015-12-15 22:04:18,324,407,71,423,425,787,789
2015-12-15 22:04:19,329,408,71,423,425,787,788
2015-12-15 22:04:20,334,409,71,423,425,787,788
2015-12-15 22:04:21,338,410,71,424,425,787,788
2015-12-15 22:04:22,341,411,71,424,425,787,788
2015-12-15 22:04:23,346,412,71,424,425,787,788
2015-12-15 22:04:24,351,413,71,425,426,787,789
2015-12-15 22:04:25,355,414,71,425,426,787,788
2015-12-15 22:04:26,357,415,71,426,426,787,789
2015-12-15 22:04:27,362,416,71,426,426,787,789
2015-12-15 22:04:28,365,417,71,426,426,787,789
2015-12-15 22:04:29,370,418,71,426,426,787,788
2015-12-15 22:04:30,371,419,71,427,426,787,788
2015-12-15 22:04:31,373,420,71,427,427,787,789
2015-12-15 22:04:32,378,421,71,428,427,787,788
2015-12-15 22:04:33,382,422,71,428,427,787,788
2015-12-15 22:04:34,387,423,71,428,428,787,788
2015-12-15 22:04:35,391,424,71,429,428,787,788
2015-12-15 22:04:36,395,425,71,429,428,787,788
2015-12-15 22:04:37,401,426,71,429,428,787,788
2015-12-15 22:04:38,404,427,71,430,428,787,788
2015-12-15 22:04:39,408,428,71,430,429,787,789
2015-12-15 22:04:40,412,429,71,431,429,787,789
2015-12-15 22:04:41,417,430,71,431,429,787,789
2015-12-15 22:04:42,420,431,71,431,429,787,788
2015-12-15 22:04:43,424,432,71,432,430,787,789
2015-12-15 22:04:44,429,433,71,432,429,787,788
2015-12-15 22:04:45,435,434,71,432,430,787,788
2015-12-15 22:04:46,438,435,71,433,430,787,788
2015-12-15 22:04:47,441,436,71,433,430,787,788
2015-12-15 22:04:48,446,437,71,433,430,787,788
2015-12-15 22:04:49,450,438,71,434,430,787,788
2015-12-15 22:04:50,455,439,71,434,430,787,788
2015-12-15 22:04:51,458,440,71,434,431,787,789
2015-12-15 22:04:52,463,441,71,434,431,787,788
2015-12-15 22:04:53,466,442,71,435,431,787,788
2015-12-15 22:04:54,472,443,71,435,431,787,788
2015-12-15 22:04:55,475,444,71,436,431,787,789
2015-12-15 22:04:56,480,445,71,436,431,787,789
2015-12-15 22:04:57,482,446,71,436,431,787,789
2015-12-15 22:04:58,487,447,71,437,432,787,788
2015-12-15 22:04:59,491,448,71,437,432,787,788
2015-12-15 22:05:00,495,449,71,437,432,787,788
2015-12-15 22:05:01,500,450,71,438,432,787,788
2015-12-15 22:05:02,505,451,71,438,433,787,788
2015-12-15 22:05:03,510,452,71,439,432,787,789
2015-12-15 22:05:04,513,453,71,439,432,787,788
2015-12-15 22:05:05,519,454,71,439,432,787,788
2015-12-15 22:05:06,523,455,71,440,432,787,788
2015-12-15 22:05:07,527,456,71,440,432,787,788
2015-12-15 22:05:08,532,457,71,440,433,787,788
2015-12-15 22:05:09,535,458,71,440,433,787,788
2015-12-15 22:05:10,540,459,71,441,432,787,788
2015-12-15 22:05:11,541,460,71,441,432,787,788
2015-12-15 22:05:12,546,461,71,441,433,787,788
2015-12-15 22:05:13,551,462,71,442,433,787,788
2015-12-15 22:05:14,556,463,71,442,433,787,789
2015-12-15 22:05:15,558,464,71,443,433,787,788
2015-12-15 22:05:16,563,465,71,443,434,787,788
2015-12-15 22:05:17,568,466,71,443,434,787,789
2015-12-15 22:05:18,573,467,71,444,434,787,789
2015-12-15 22:05:19,576,468,71,444,435,787,789
2015-12-15 22:05:20,581,469,71,444,435,787,788
2015-12-15 22:05:21,586,470,71,445,435,787,788
2015-12-15 22:05:22,592,471,71,445,435,787,789
2015-12-15 22:05:23,596,472,71,445,436,787,789
2015-12-15 22:05:24,598,473,71,446,436,787,789
2015-12-15 22:05:25,603,474,71,446,436,787,788
2015-12-15 22:05:26,607,475,71,446,436,787,788
2015-12-15 22:05:27,611,476,71,447,437,787,789
2015-12-15 22:05:28,615,477,71,447,437,788,789
2015-12-15 22:05:29,618,478,71,447,437,787,789
2015-12-15 22:05:30,624,479,71,448,437,787,788
2015-12-15 22:05:31,629,480,71,448,437,787,788
2015-12-15 22:05:32,632,481,71,449,438,787,788
2015-12-15 22:05:33,635,482,71,449,438,787,788
2015-12-15 22:05:34,639,483,71,449,438,787,788
2015-12-15 22:05:35,644,484,71,449,438,787,788
2015-12-15 22:05:36,649,485,71,450,438,787,789
2015-12-15 22:05:37,654,486,71,450,439,787,789
2015-12-15 22:05:38,658,487,71,451,439,787,788
2015-12-15 22:05:39,661,488,71,451,439,787,789
2015-12-15 22:05:40,666,489,71,451,439,787,788
2015-12-15 22:05:41,668,490,71,451,439,787,789
2015-12-15 22:05:42,673,492,71,452,439,787,788
2015-12-15 22:05:43,678,493,71,452,440,787,789
2015-12-15 22:05:44,683,494,71,452,440,787,789
2015-12-15 22:05:45,688,495,71,453,440,787,789
2015-12-15 22:05:46,693,496,71,453,440,787,789
2015-12-15 22:05:47,698,497,71,453,440,787,789
2015-12-15 22:05:48,700,498,71,454,440,787,789
2015-12-15 22:05:49,703,499,71,454,440,787,789
2015-12-15 22:05:50,708,500,71,454,440,787,788
2015-12-15 22:05:51,713,501,71,455,441,787,788
2015-12-15 22:05:52,718,502,71,455,441,787,789
2015-12-15 22:05:53,723,503,71,455,441,787,789
2015-12-15 22:05:54,725,504,71,455,441,787,789
2015-12-15 22:05:55,728,505,71,456,441,787,789
2015-12-15 22:05:56,733,506,71,456,442,787,788
2015-12-15 22:05:57,736,507,71,456,442,787,789
2015-12-15 22:05:58,742,508,71,457,442,788,789
2015-12-15 22:05:59,745,509,71,457,442,787,789
2015-12-15 22:06:00,751,510,71,458,443,787,789
2015-12-15 22:06:01,756,511,71,458,443,787,789
2015-12-15 22:06:02,759,512,71,458,443,787,789
2015-12-15 22:06:03,763,513,71,459,443,787,788
2015-12-15 22:06:04,767,514,71,459,443,787,788
2015-12-15 22:06:05,771,515,71,460,444,787,789
2015-12-15 22:06:06,776,516,71,460,444,787,789
2015-12-15 22:06:07,779,517,71,460,444,787,788
2015-12-15 22:06:08,785,518,71,461,444,787,789
2015-12-15 22:06:09,788,519,71,461,444,787,789
2015-12-15 22:06:10,793,520,71,461,445,787,789
2015-12-15 22:06:11,798,521,71,462,445,787,789
2015-12-15 22:06:12,801,522,71,462,445,787,789
2015-12-15 22:06:13,807,523,71,462,445,787,789
2015-12-15 22:06:14,810,524,71,463,446,787,789
2015-12-15 22:06:15,814,525,71,463,446,787,789
2015-12-15 22:06:16,818,526,71,464,446,787,789
2015-12-15 22:06:17,822,527,71,464,446,787,789
2015-12-15 22:06:18,826,528,71,465,446,787,789
2015-12-15 22:06:19,831,529,71,465,446,787,789
2015-12-15 22:06:20,835,530,71,465,447,787,789
2015-12-15 22:06:21,839,531,71,466,447,787,788
2015-12-15 22:06:22,844,532,71,466,447,788,789
2015-12-15 22:06:23,847,533,71,467,447,787,788
2015-12-15 22:06:24,852,534,71,467,447,787,788
2015-12-15 22:06:25,854,535,71,467,448,787,788
2015-12-15 22:06:26,859,536,71,468,448,787,788
2015-12-15 22:06:27,864,537,71,468,449,787,788
2015-12-15 22:06:28,869,538,71,468,449,787,788
2015-12-15 22:06:29,873,539,71,469,449,787,789
2015-12-15 22:06:30,877,540,71,469,449,788,789
2015-12-15 22:06:31,881,541,71,469,450,788,789
2015-12-15 22:06:32,886,542,71,470,450,787,788
2015-12-15 22:06:33,888,543,71,470,450,788,789
2015-12-15 22:06:34,893,544,71,470,450,787,788
2015-12-15 22:06:35,894,545,71,471,450,788,789
2015-12-15 22:06:36,895,546,71,471,450,788,789
2015-12-15 22:06:37,900,547,71,471,450,788,789
2015-12-15 22:06:38,904,548,71,472,451,787,789
2015-12-15 22:06:39,910,549,71,472,451,787,789
2015-12-15 22:06:40,914,550,71,472,451,787,789
2015-12-15 22:06:41,918,551,71,473,451,787,789
2015-12-15 22:06:42,923,552,71,473,451,787,788
2015-12-15 22:06:43,927,553,71,473,451,787,789
2015-12-15 22:06:44,928,554,71,474,451,787,789
2015-12-15 22:06:45,933,555,71,474,452,787,788
2015-12-15 22:06:46,937,556,71,475,452,787,789
2015-12-15 22:06:47,942,557,71,475,452,787,788
2015-12-15 22:06:48,947,558,71,475,452,787,789
2015-12-15 22:06:49,952,559,71,475,452,787,789
2015-12-15 22:06:50,956,560,71,476,452,787,789
2015-12-15 22:06:51,960,561,71,476,452,787,789
2015-12-15 22:06:52,965,562,71,476,452,787,788
2015-12-15 22:06:53,969,563,71,477,453,788,789
2015-12-15 22:06:54,972,564,71,477,453,787,789
2015-12-15 22:06:55,977,565,71,477,452,787,789
2015-12-15 22:06:56,982,566,71,478,452,787,789
2015-12-15 22:06:57,986,567,71,478,452,788,789
2015-12-15 22:06:58,991,568,71,478,452,787,788
2015-12-15 22:06:59,994,569,71,478,452,787,788
2015-12-15 22:07:00,998,570,71,479,453,787,789
2015-12-15 22:07:02,003,571,71,479,453,788,789
2015-12-15 22:07:03,005,572,71,479,453,787,789
2015-12-15 22:07:04,011,573,71,480,453,787,789
2015-12-15 22:07:05,014,574,71,480,453,787,789
2015-12-15 22:07:06,020,575,71,480,454,787,789
2015-12-15 22:07:07,024,576,71,481,454,788,789
2015-12-15 22:07:08,028,577,71,481,454,787,789
2015-12-15 22:07:09,033,578,71,481,454,788,789
2015-12-15 22:07:10,037,579,71,482,454,787,789
2015-12-15 22:07:11,039,580,71,482,454,787,789
2015-12-15 22:07:12,044,581,71,482,454,787,789
2015-12-15 22:07:13,047,582,71,482,455,787,788
2015-12-15 22:07:14,052,583,71,483,455,787,789
2015-12-15 22:07:15,057,584,71,483,455,787,789
2015-12-15 22:07:16,063,585,71,483,455,787,789
2015-12-15 22:07:17,065,586,71,483,455,787,788
2015-12-15 22:07:18,071,587,71,483,455,787,789
2015-12-15 22:07:19,074,588,71,483,455,787,789
2015-12-15 22:07:20,079,589,71,484,455,787,789
2015-12-15 22:07:21,082,590,71,484,454,787,789
2015-12-15 22:07:22,087,591,71,484,454,787,789
2015-12-15 22:07:23,090,592,71,485,453,788,789
2015-12-15 22:07:24,096,593,71,485,452,787,789
2015-12-15 22:07:25,099,594,71,485,451,788,789
2015-12-15 22:07:26,104,595,71,485,451,787,789
2015-12-15 22:07:27,107,596,71,485,450,787,789
2015-12-15 22:07:28,112,597,71,485,449,787,789
2015-12-15 22:07:29,118,598,71,486,449,787,789
2015-12-15 22:07:30,121,599,71,486,448,788,789
2015-12-15 22:07:31,124,600,71,486,447,787,789
2015-12-15 22:07:32,130,601,71,486,447,787,789
2015-12-15 22:07:33,132,602,71,486,446,787,789
2015-12-15 22:07:34,137,603,71,487,446,788,789
2015-12-15 22:07:35,140,604,71,487,445,788,789
2015-12-15 22:07:36,145,605,71,487,444,787,789
2015-12-15 22:07:37,150,606,71,487,444,787,789
2015-12-15 22:07:38,155,607,71,487,443,788,789
2015-12-15 22:07:39,159,608,71,487,443,787,789
2015-12-15 22:07:40,163,609,71,488,442,787,789
2015-12-15 22:07:41,169,610,71,488,442,787,789
2015-12-15 22:07:42,172,611,71,488,441,788,789
2015-12-15 22:07:43,175,612,71,488,441,787,789
2015-12-15 22:07:44,181,613,71,489,440,788,789
2015-12-15 22:07:45,186,614,71,489,439,788,789
2015-12-15 22:07:46,189,615,71,489,439,788,789
2015-12-15 22:07:47,193,616,71,489,438,788,789
2015-12-15 22:07:48,197,617,71,489,438,787,789
2015-12-15 22:07:49,201,618,71,489,437,787,789
2015-12-15 22:07:50,206,619,71,489,437,788,789
2015-12-15 22:07:51,211,620,71,489,437,788,789
2015-12-15 22:07:52,214,621,71,489,436,787,789
2015-12-15 22:07:53,218,622,71,489,436,788,789
2015-12-15 22:07:54,223,623,71,489,435,787,789
2015-12-15 22:07:55,226,624,71,489,435,787,789
2015-12-15 22:07:56,231,625,71,490,435,788,789
2015-12-15 22:07:57,237,626,71,490,435,788,789
2015-12-15 22:07:58,240,627,71,490,434,787,789
2015-12-15 22:07:59,243,628,71,490,434,787,789
2015-12-15 22:08:00,248,629,71,490,434,788,789
2015-12-15 22:08:01,251,630,71,490,433,787,789
2015-12-15 22:08:02,256,631,71,490,433,788,789
2015-12-15 22:08:03,260,632,71,491,433,787,789
2015-12-15 22:08:04,265,633,71,491,433,787,789
2015-12-15 22:08:05,268,634,71,491,432,787,789
2015-12-15 22:08:06,273,635,71,491,432,787,789
2015-12-15 22:08:07,278,636,71,491,431,787,789
2015-12-15 22:08:08,282,637,71,491,431,788,789
2015-12-15 22:08:09,287,638,71,491,431,787,789
2015-12-15 22:08:10,290,639,71,491,431,787,789
2015-12-15 22:08:11,295,640,71,491,430,787,789
2015-12-15 22:08:12,299,641,71,491,430,787,789
2015-12-15 22:08:13,303,642,71,491,430,787,789
2015-12-15 22:08:14,307,643,71,491,429,787,789
2015-12-15 22:08:15,311,644,71,491,428,787,789
2015-12-15 22:08:16,316,645,71,491,428,787,789
2015-12-15 22:08:17,319,646,71,491,428,787,789
2015-12-15 22:08:18,324,647,71,492,428,787,789
2015-12-15 22:08:19,328,648,71,492,428,788,789
2015-12-15 22:08:20,332,649,71,492,427,787,788
2015-12-15 22:08:21,337,650,71,492,427,787,789
2015-12-15 22:08:22,341,651,71,492,427,787,789
2015-12-15 22:08:23,345,652,71,492,427,788,789
2015-12-15 22:08:24,349,653,71,492,426,788,789
2015-12-15 22:08:25,352,654,71,492,426,787,789
2015-12-15 22:08:26,356,655,71,492,425,788,789
2015-12-15 22:08:27,362,656,71,492,424,788,789
2015-12-15 22:08:28,366,657,71,492,424,787,789
2015-12-15 22:08:29,372,658,71,492,424,787,788
2015-12-15 22:08:30,375,659,71,492,423,787,789
2015-12-15 22:08:31,380,660,71,492,424,787,789
2015-12-15 22:08:32,384,661,71,492,423,787,789
2015-12-15 22:08:33,388,662,71,492,423,787,788
2015-12-15 22:08:34,393,663,71,492,423,787,789
2015-12-15 22:08:35,398,664,71,492,423,787,789
2015-12-15 22:08:36,403,665,71,492,423,787,789
2015-12-15 22:08:37,404,666,71,492,423,787,789
2015-12-15 22:08:38,409,667,71,492,423,787,789
2015-12-15 22:08:39,411,668,71,492,422,787,789
2015-12-15 22:08:40,416,669,71,493,422,787,789
2015-12-15 22:08:41,421,670,71,493,422,787,789
2015-12-15 22:08:42,425,671,71,493,422,787,789
2015-12-15 22:08:43,430,672,71,493,421,788,789
2015-12-15 22:08:44,435,673,71,493,421,788,789
2015-12-15 22:08:45,440,674,71,493,421,787,789
2015-12-15 22:08:46,445,675,71,493,421,787,789
2015-12-15 22:08:47,449,676,71,493,421,787,789
2015-12-15 22:08:48,451,677,71,492,421,787,789
2015-12-15 22:08:49,455,678,71,490,421,787,789
2015-12-15 22:08:50,460,679,71,488,421,788,789
2015-12-15 22:08:51,462,680,71,485,421,787,789
2015-12-15 22:08:52,468,681,71,481,420,788,789
2015-12-15 22:08:53,471,682,71,477,419,787,789
2015-12-15 22:08:54,475,683,71,473,418,787,789
2015-12-15 22:08:55,480,684,71,470,418,788,789
2015-12-15 22:08:56,485,685,71,467,417,788,789
2015-12-15 22:08:57,488,686,71,464,417,787,789
2015-12-15 22:08:58,494,687,71,461,416,788,789
2015-12-15 22:08:59,498,688,71,458,415,788,789
2015-12-15 22:09:00,502,689,71,455,415,788,789
2015-12-15 22:09:01,506,690,71,455,414,788,789
2015-12-15 22:09:02,510,691,71,455,414,787,789
2015-12-15 22:09:03,515,692,71,456,414,787,789
2015-12-15 22:09:04,519,693,71,456,414,788,789
2015-12-15 22:09:05,523,694,71,457,415,788,789
2015-12-15 22:09:06,527,695,71,457,415,787,789
2015-12-15 22:09:07,531,696,71,457,415,788,789
2015-12-15 22:09:08,536,697,71,457,415,787,789
2015-12-15 22:09:09,538,698,71,457,415,788,789
2015-12-15 22:09:10,543,699,71,457,415,788,789
2015-12-15 22:09:11,547,700,71,457,415,788,789
2015-12-15 22:09:12,553,701,71,458,415,788,789
2015-12-15 22:09:13,556,702,71,458,415,787,789
2015-12-15 22:09:14,561,703,71,458,416,788,789
2015-12-15 22:09:15,565,704,71,458,415,787,789
2015-12-15 22:09:16,569,705,71,458,416,788,789
2015-12-15 22:09:17,575,706,71,458,416,788,789
2015-12-15 22:09:18,578,707,71,458,416,788,789
2015-12-15 22:09:19,581,708,71,457,416,788,789
2015-12-15 22:09:20,586,709,71,457,416,788,789
2015-12-15 22:09:21,590,710,71,457,416,787,789
2015-12-15 22:09:22,595,711,71,457,416,787,789
2015-12-15 22:09:23,598,712,71,457,416,787,789
2015-12-15 22:09:24,603,713,71,457,416,788,789
2015-12-15 22:09:25,608,714,71,457,416,788,789
2015-12-15 22:09:26,612,715,71,457,416,787,789
2015-12-15 22:09:27,614,716,71,457,416,788,789
2015-12-15 22:09:28,619,717,71,457,416,788,789
2015-12-15 22:09:29,625,718,71,457,416,788,789
2015-12-15 22:09:30,629,719,71,457,416,787,789
2015-12-15 22:09:31,632,720,71,457,416,787,789
2015-12-15 22:09:32,637,721,71,457,416,788,789
2015-12-15 22:09:33,641,722,71,457,416,787,789
2015-12-15 22:09:34,646,723,71,457,416,787,789
2015-12-15 22:09:35,649,724,71,457,416,787,789
2015-12-15 22:09:36,654,725,71,457,416,787,789
2015-12-15 22:09:37,658,726,71,456,416,787,789
2015-12-15 22:09:38,662,727,71,456,416,787,789
2015-12-15 22:09:39,665,728,71,456,416,787,789
2015-12-15 22:09:40,671,729,71,456,416,788,789
2015-12-15 22:09:41,675,731,71,456,416,787,789
2015-12-15 22:09:42,679,732,71,456,416,788,789
2015-12-15 22:09:43,683,733,71,456,416,787,789
2015-12-15 22:09:44,687,734,71,456,416,788,789
2015-12-15 22:09:45,691,735,71,455,416,787,789
2015-12-15 22:09:46,696,736,71,455,416,788,789
2015-12-15 22:09:47,701,737,71,455,416,787,789
2015-12-15 22:09:48,705,738,71,455,416,788,789
2015-12-15 22:09:49,709,739,71,455,416,787,789
2015-12-15 22:09:50,713,740,71,455,416,787,789
2015-12-15 22:09:51,717,741,71,454,416,787,789
2015-12-15 22:09:52,722,742,71,454,416,787,789
2015-12-15 22:09:53,725,743,71,454,416,788,789
2015-12-15 22:09:54,730,744,71,454,416,787,789
2015-12-15 22:09:55,735,745,71,454,416,787,789
2015-12-15 22:09:56,739,746,71,454,416,787,789
2015-12-15 22:09:57,742,747,71,454,416,787,789
2015-12-15 22:09:58,747,748,71,454,416,788,789
2015-12-15 22:09:59,751,749,71,454,416,788,789
2015-12-15 22:10:00,755,750,71,454,416,787,789
2015-12-15 22:10:01,760,751,71,454,416,787,789
2015-12-15 22:10:02,764,752,71,454,416,787,789
2015-12-15 22:10:03,766,753,71,454,416,787,789
2015-12-15 22:10:04,771,754,71,454,416,787,789
2015-12-15 22:10:05,775,755,71,454,416,788,789
2015-12-15 22:10:06,780,756,71,454,416,787,789
2015-12-15 22:10:07,785,757,71,454,415,787,789
2015-12-15 22:10:08,789,758,71,453,415,787,789
2015-12-15 22:10:09,793,759,71,453,415,787,789
2015-12-15 22:10:10,798,760,71,453,415,787,789
2015-12-15 22:10:11,801,761,71,453,415,788,789
2015-12-15 22:10:12,806,762,71,453,415,787,789
2015-12-15 22:10:13,811,763,71,453,415,788,789
2015-12-15 22:10:14,815,764,71,453,415,787,789
2015-12-15 22:10:15,820,765,71,453,415,787,789
2015-12-15 22:10:16,823,766,71,453,415,787,789
