2015-12-19 22:08:10,940,datetime,ms,seconds,ambient_temp,thermocouple_0_temp,thermocouple_1_temp,thermocouple_2_temp,thermocouple_3_temp
2015-12-19 22:08:16,018,5,68,428,394,790,791
2015-12-19 22:08:17,021,6,68,417,388,790,791
2015-12-19 22:08:18,025,7,68,406,384,790,791
2015-12-19 22:08:19,032,8,68,395,381,790,791
2015-12-19 22:08:20,035,9,68,385,379,790,791
2015-12-19 22:08:21,038,10,68,376,377,790,791
2015-12-19 22:08:22,043,11,68,367,375,790,791
2015-12-19 22:08:23,046,12,68,359,373,790,791
2015-12-19 22:08:24,052,13,68,351,371,790,791
2015-12-19 22:08:25,055,14,68,344,370,790,791
2015-12-19 22:08:26,060,15,68,337,368,790,791
2015-12-19 22:08:27,066,16,68,330,367,790,791
2015-12-19 22:08:28,071,17,68,325,365,790,791
2015-12-19 22:08:29,075,18,68,319,364,790,791
2015-12-19 22:08:30,078,19,68,313,362,790,791
2015-12-19 22:08:31,081,20,68,308,361,790,791
2015-12-19 22:08:32,085,21,68,303,360,790,791
2015-12-19 22:08:33,088,22,68,298,359,790,791
2015-12-19 22:08:34,094,23,68,294,358,790,791
2015-12-19 22:08:35,098,24,68,290,357,790,791
2015-12-19 22:08:36,102,25,68,286,356,790,791
2015-12-19 22:08:37,106,26,68,282,354,790,791
2015-12-19 22:08:38,111,27,68,278,354,790,791
2015-12-19 22:08:39,114,28,68,275,353,790,791
2015-12-19 22:08:40,120,29,68,272,352,790,791
2015-12-19 22:08:41,122,30,68,268,351,790,791
2015-12-19 22:08:42,127,31,68,265,350,790,791
2015-12-19 22:08:43,131,32,68,263,350,790,791
2015-12-19 22:08:44,137,33,68,260,349,790,791
2015-12-19 22:08:45,142,34,68,258,348,790,791
2015-12-19 22:08:46,145,35,68,256,348,790,791
2015-12-19 22:08:47,148,36,68,254,347,790,791
2015-12-19 22:08:48,153,37,68,252,346,790,791
2015-12-19 22:08:49,157,38,68,249,346,790,791
2015-12-19 22:08:50,162,39,68,247,345,790,791
2015-12-19 22:08:51,166,40,68,246,345,790,791
2015-12-19 22:08:52,171,41,68,244,344,790,791
2015-12-19 22:08:53,176,42,68,243,344,790,791
2015-12-19 22:08:54,179,43,68,241,343,790,791
2015-12-19 22:08:55,182,44,68,240,343,790,791
2015-12-19 22:08:56,187,45,68,238,343,790,791
2015-12-19 22:08:57,191,46,68,237,342,790,791
2015-12-19 22:08:58,196,47,68,236,342,790,791
2015-12-19 22:08:59,201,48,68,235,342,790,791
2015-12-19 22:09:00,205,49,68,234,341,790,791
2015-12-19 22:09:01,209,50,68,233,341,790,791
2015-12-19 22:09:02,215,51,68,232,341,790,791
2015-12-19 22:09:03,216,52,68,231,341,790,791
2015-12-19 22:09:04,222,53,68,231,340,790,791
2015-12-19 22:09:05,224,54,68,230,340,790,791
2015-12-19 22:09:06,230,55,68,230,340,790,791
2015-12-19 22:09:07,233,56,68,229,340,790,791
2015-12-19 22:09:08,238,57,68,229,339,790,791
2015-12-19 22:09:09,244,58,68,228,339,790,791
2015-12-19 22:09:10,247,59,68,228,339,790,791
2015-12-19 22:09:11,250,60,68,228,339,790,791
2015-12-19 22:09:12,256,61,68,227,339,790,791
2015-12-19 22:09:13,260,62,68,227,339,790,791
2015-12-19 22:09:14,264,63,68,227,339,790,791
2015-12-19 22:09:15,268,64,68,227,339,790,791
2015-12-19 22:09:16,273,65,68,227,339,790,791
2015-12-19 22:09:17,276,66,68,226,340,790,791
2015-12-19 22:09:18,281,67,68,226,341,790,791
2015-12-19 22:09:19,285,68,68,226,342,790,791
2015-12-19 22:09:20,290,69,68,226,343,790,791
2015-12-19 22:09:21,293,70,68,226,343,790,791
2015-12-19 22:09:22,298,71,68,227,344,790,791
2015-12-19 22:09:23,301,72,68,227,345,790,791
2015-12-19 22:09:24,306,73,68,227,346,790,791
2015-12-19 22:09:25,310,74,68,227,346,790,791
2015-12-19 22:09:26,315,75,68,227,347,790,791
2015-12-19 22:09:27,319,76,68,227,348,790,791
2015-12-19 22:09:28,324,77,68,227,348,790,791
2015-12-19 22:09:29,327,78,68,228,349,790,791
2015-12-19 22:09:30,330,79,68,228,350,790,791
2015-12-19 22:09:31,335,80,68,228,350,790,791
2015-12-19 22:09:32,341,81,68,229,351,790,791
2015-12-19 22:09:33,345,82,68,229,352,790,791
2015-12-19 22:09:34,350,83,68,229,353,790,791
2015-12-19 22:09:35,353,84,68,230,353,790,791
2015-12-19 22:09:36,357,85,68,230,354,790,791
2015-12-19 22:09:37,361,86,68,230,354,790,791
2015-12-19 22:09:38,365,87,68,230,355,790,791
2015-12-19 22:09:39,369,88,68,231,355,790,791
2015-12-19 22:09:40,374,89,68,231,356,790,791
2015-12-19 22:09:41,378,90,68,232,357,790,791
2015-12-19 22:09:42,383,91,68,232,357,790,791
2015-12-19 22:09:43,386,92,68,233,358,790,791
2015-12-19 22:09:44,391,93,68,233,358,790,791
2015-12-19 22:09:45,395,94,68,234,358,790,791
2015-12-19 22:09:46,400,95,68,234,359,790,791
2015-12-19 22:09:47,404,96,68,235,360,790,791
2015-12-19 22:09:48,409,97,68,235,360,790,791
2015-12-19 22:09:49,413,98,68,236,361,790,791
2015-12-19 22:09:50,417,99,68,236,361,790,791
2015-12-19 22:09:51,420,100,68,237,362,790,791
2015-12-19 22:09:52,426,101,68,237,362,790,791
2015-12-19 22:09:53,429,102,68,238,363,790,791
2015-12-19 22:09:54,434,103,68,238,363,790,791
2015-12-19 22:09:55,440,104,68,239,363,790,791
2015-12-19 22:09:56,443,105,68,240,364,790,791
2015-12-19 22:09:57,449,106,68,240,364,790,791
2015-12-19 22:09:58,451,107,68,241,365,790,791
2015-12-19 22:09:59,456,108,68,241,365,790,791
2015-12-19 22:10:00,460,109,68,242,366,790,791
2015-12-19 22:10:01,464,110,68,242,366,790,791
2015-12-19 22:10:02,468,111,68,243,367,790,791
2015-12-19 22:10:03,473,112,68,244,367,790,791
2015-12-19 22:10:04,477,113,68,244,368,790,791
2015-12-19 22:10:05,480,114,68,245,368,790,791
2015-12-19 22:10:06,485,115,68,246,368,790,791
2015-12-19 22:10:07,489,116,68,246,369,790,791
2015-12-19 22:10:08,494,117,68,247,369,790,791
2015-12-19 22:10:09,497,118,68,247,370,790,791
2015-12-19 22:10:10,503,119,68,248,370,790,791
2015-12-19 22:10:11,506,120,68,249,371,790,791
2015-12-19 22:10:12,511,121,68,249,371,790,791
2015-12-19 22:10:13,514,122,68,250,371,790,791
2015-12-19 22:10:14,519,123,68,251,372,790,791
2015-12-19 22:10:15,522,124,68,251,372,790,791
2015-12-19 22:10:16,528,125,68,252,373,790,791
2015-12-19 22:10:17,531,126,68,253,373,790,791
2015-12-19 22:10:18,533,127,68,253,373,790,791
2015-12-19 22:10:19,536,128,68,254,374,790,791
2015-12-19 22:10:20,539,129,68,255,374,790,791
2015-12-19 22:10:21,543,130,68,255,374,790,791
2015-12-19 22:10:22,548,131,68,256,374,790,791
2015-12-19 22:10:23,552,132,68,257,375,790,791
2015-12-19 22:10:24,555,133,68,257,375,790,791
2015-12-19 22:10:25,560,134,68,258,375,790,791
2015-12-19 22:10:26,564,135,68,258,376,790,791
2015-12-19 22:10:27,569,136,68,259,376,790,791
2015-12-19 22:10:28,575,137,68,260,376,790,791
2015-12-19 22:10:29,581,138,68,261,377,790,791
2015-12-19 22:10:30,582,139,68,261,377,790,791
2015-12-19 22:10:31,586,140,68,262,377,790,791
2015-12-19 22:10:32,589,141,68,262,378,790,791
2015-12-19 22:10:33,594,142,68,263,378,790,791
2015-12-19 22:10:34,598,143,68,264,378,790,791
2015-12-19 22:10:35,603,144,68,264,379,790,791
2015-12-19 22:10:36,606,145,68,265,379,790,791
2015-12-19 22:10:37,612,146,68,266,379,790,791
2015-12-19 22:10:38,615,147,68,267,380,790,791
2015-12-19 22:10:39,620,148,68,267,380,790,791
2015-12-19 22:10:40,623,149,68,268,380,790,791
2015-12-19 22:10:41,628,150,68,268,381,790,791
2015-12-19 22:10:42,632,151,68,269,381,790,791
2015-12-19 22:10:43,637,152,68,270,381,790,791
2015-12-19 22:10:44,642,153,68,270,382,790,791
2015-12-19 22:10:45,645,154,68,271,382,790,791
2015-12-19 22:10:46,648,155,68,272,382,790,791
2015-12-19 22:10:47,654,156,68,272,382,790,791
2015-12-19 22:10:48,659,157,68,273,383,790,791
2015-12-19 22:10:49,662,158,68,274,383,790,791
2015-12-19 22:10:50,665,159,68,274,383,790,791
2015-12-19 22:10:51,671,160,68,275,384,790,791
2015-12-19 22:10:52,675,161,68,276,384,790,791
2015-12-19 22:10:53,679,162,68,276,384,790,791
2015-12-19 22:10:54,682,163,68,277,384,790,791
2015-12-19 22:10:55,689,164,68,278,385,790,791
2015-12-19 22:10:56,691,165,68,278,385,790,791
2015-12-19 22:10:57,697,166,68,279,385,790,791
2015-12-19 22:10:58,701,167,68,279,386,790,791
2015-12-19 22:10:59,705,168,68,280,386,790,791
2015-12-19 22:11:00,710,169,68,281,386,790,791
2015-12-19 22:11:01,713,170,68,281,387,790,791
2015-12-19 22:11:02,716,171,68,282,387,790,791
2015-12-19 22:11:03,722,172,68,283,387,790,791
2015-12-19 22:11:04,725,173,68,283,387,790,791
2015-12-19 22:11:05,728,174,68,284,388,790,791
2015-12-19 22:11:06,734,175,68,285,388,790,791
2015-12-19 22:11:07,739,176,68,285,388,790,791
2015-12-19 22:11:08,742,177,68,286,388,790,791
2015-12-19 22:11:09,748,178,68,286,389,790,791
2015-12-19 22:11:10,751,179,68,287,389,790,791
2015-12-19 22:11:11,756,180,68,288,389,790,791
2015-12-19 22:11:12,759,181,68,288,389,790,791
2015-12-19 22:11:13,765,182,68,289,390,790,791
2015-12-19 22:11:14,770,183,68,290,390,790,791
2015-12-19 22:11:15,773,184,68,290,390,790,791
2015-12-19 22:11:16,776,185,68,291,390,790,791
2015-12-19 22:11:17,781,186,68,292,390,790,791
2015-12-19 22:11:18,785,187,68,292,391,790,791
2015-12-19 22:11:19,790,188,68,293,391,790,791
2015-12-19 22:11:20,793,189,68,293,391,790,791
2015-12-19 22:11:21,799,190,68,294,392,790,791
2015-12-19 22:11:22,802,191,68,295,392,790,791
2015-12-19 22:11:23,807,192,68,295,392,790,791
2015-12-19 22:11:24,810,193,68,296,393,790,791
2015-12-19 22:11:25,816,194,68,297,393,790,791
2015-12-19 22:11:26,819,195,68,297,393,790,791
2015-12-19 22:11:27,822,196,68,298,394,790,791
2015-12-19 22:11:28,828,197,68,299,394,790,791
2015-12-19 22:11:29,833,198,68,299,394,790,791
2015-12-19 22:11:30,836,199,68,300,394,790,791
2015-12-19 22:11:31,841,200,68,301,395,790,791
2015-12-19 22:11:32,845,201,68,301,395,790,791
2015-12-19 22:11:33,847,202,69,302,395,790,791
2015-12-19 22:11:34,853,203,68,302,395,790,791
2015-12-19 22:11:35,858,204,68,303,396,790,791
2015-12-19 22:11:36,864,205,68,304,396,790,791
2015-12-19 22:11:37,866,206,68,304,396,790,791
2015-12-19 22:11:38,872,207,68,305,396,790,791
2015-12-19 22:11:39,875,208,68,306,397,790,791
2015-12-19 22:11:40,880,209,69,306,397,790,791
2015-12-19 22:11:41,886,210,68,307,397,790,791
2015-12-19 22:11:42,887,211,68,307,397,790,791
2015-12-19 22:11:43,892,212,69,308,398,790,791
2015-12-19 22:11:44,896,213,68,309,398,790,791
2015-12-19 22:11:45,900,214,69,309,398,790,791
2015-12-19 22:11:46,905,215,68,310,398,790,791
2015-12-19 22:11:47,910,216,68,310,399,790,791
2015-12-19 22:11:48,913,217,68,311,399,790,791
2015-12-19 22:11:49,918,218,68,312,399,790,791
2015-12-19 22:11:50,922,219,69,312,399,790,791
2015-12-19 22:11:51,926,220,69,313,400,790,791
2015-12-19 22:11:52,930,221,69,314,400,790,791
2015-12-19 22:11:53,935,222,69,314,400,790,791
2015-12-19 22:11:54,938,223,69,315,400,790,791
2015-12-19 22:11:55,944,225,69,315,401,790,791
2015-12-19 22:11:56,947,226,69,316,401,790,791
2015-12-19 22:11:57,951,227,69,316,402,790,791
2015-12-19 22:11:58,955,228,69,317,402,790,791
2015-12-19 22:11:59,960,229,69,318,402,790,791
2015-12-19 22:12:00,963,230,69,318,402,790,791
2015-12-19 22:12:01,964,231,69,319,403,790,791
2015-12-19 22:12:02,968,232,69,319,403,790,791
2015-12-19 22:12:03,971,233,69,320,403,790,791
2015-12-19 22:12:04,976,234,69,321,404,790,791
2015-12-19 22:12:05,979,235,68,321,404,790,791
2015-12-19 22:12:06,984,236,69,322,404,790,791
2015-12-19 22:12:07,988,237,69,322,404,790,791
2015-12-19 22:12:08,992,238,69,323,405,790,791
2015-12-19 22:12:09,996,239,69,324,405,790,791
2015-12-19 22:12:11,001,240,69,324,405,790,791
2015-12-19 22:12:12,005,241,68,325,405,790,790
2015-12-19 22:12:13,010,242,69,325,406,790,791
2015-12-19 22:12:14,013,243,69,326,406,790,791
2015-12-19 22:12:15,018,244,69,326,406,790,791
2015-12-19 22:12:16,023,245,69,327,407,790,791
2015-12-19 22:12:17,027,246,69,328,407,790,791
2015-12-19 22:12:18,030,247,69,328,407,790,791
2015-12-19 22:12:19,035,248,69,329,407,790,791
2015-12-19 22:12:20,038,249,69,329,408,790,791
2015-12-19 22:12:21,044,250,69,330,408,790,791
2015-12-19 22:12:22,047,251,69,330,409,790,791
2015-12-19 22:12:23,051,252,69,331,409,790,791
2015-12-19 22:12:24,056,253,69,332,409,790,790
2015-12-19 22:12:25,061,254,69,332,410,790,791
2015-12-19 22:12:26,064,255,69,333,410,790,791
2015-12-19 22:12:27,070,256,69,333,410,790,791
2015-12-19 22:12:28,074,257,69,334,410,790,791
2015-12-19 22:12:29,078,258,69,335,411,790,791
2015-12-19 22:12:30,082,259,69,335,411,790,790
2015-12-19 22:12:31,087,260,69,335,411,790,791
2015-12-19 22:12:32,090,261,69,336,411,790,790
2015-12-19 22:12:33,095,262,69,336,412,790,790
2015-12-19 22:12:34,098,263,69,337,412,790,791
2015-12-19 22:12:35,104,264,69,337,413,790,791
2015-12-19 22:12:36,106,265,69,338,413,790,790
2015-12-19 22:12:37,112,266,69,339,413,790,790
2015-12-19 22:12:38,115,267,69,339,413,790,791
2015-12-19 22:12:39,121,268,69,340,414,790,791
2015-12-19 22:12:40,124,269,69,340,414,790,791
2015-12-19 22:12:41,124,270,69,341,414,790,791
2015-12-19 22:12:42,130,271,69,341,414,790,790
2015-12-19 22:12:43,136,272,69,342,414,790,790
2015-12-19 22:12:44,140,273,69,343,415,790,791
2015-12-19 22:12:45,146,274,69,343,415,790,791
2015-12-19 22:12:46,149,275,69,344,415,790,790
2015-12-19 22:12:47,154,276,69,344,416,790,790
2015-12-19 22:12:48,158,277,69,345,416,790,790
2015-12-19 22:12:49,163,278,69,345,416,790,791
2015-12-19 22:12:50,167,279,69,346,416,790,791
2015-12-19 22:12:51,172,280,69,346,417,790,791
2015-12-19 22:12:52,174,281,69,347,417,790,791
2015-12-19 22:12:53,180,282,69,347,417,790,791
2015-12-19 22:12:54,183,283,69,348,418,790,791
2015-12-19 22:12:55,189,284,69,348,418,790,791
2015-12-19 22:12:56,192,285,69,348,418,790,790
2015-12-19 22:12:57,197,286,69,349,418,790,790
2015-12-19 22:12:58,202,287,69,350,419,790,790
2015-12-19 22:12:59,206,288,69,350,419,790,790
2015-12-19 22:13:00,209,289,69,351,419,790,791
2015-12-19 22:13:01,214,290,69,351,419,790,790
2015-12-19 22:13:02,217,291,69,352,420,790,791
2015-12-19 22:13:03,223,292,69,352,420,790,790
2015-12-19 22:13:04,226,293,69,353,420,790,790
2015-12-19 22:13:05,231,294,69,353,421,790,791
2015-12-19 22:13:06,235,295,69,354,421,790,791
2015-12-19 22:13:07,240,296,69,355,421,790,790
2015-12-19 22:13:08,242,297,69,355,421,790,790
2015-12-19 22:13:09,247,298,69,356,421,790,790
2015-12-19 22:13:10,252,299,69,356,422,790,790
2015-12-19 22:13:11,257,300,69,357,422,790,790
2015-12-19 22:13:12,260,301,69,357,422,790,790
2015-12-19 22:13:13,265,302,69,358,422,790,790
2015-12-19 22:13:14,269,303,69,358,422,790,790
2015-12-19 22:13:15,274,304,69,359,423,790,790
2015-12-19 22:13:16,277,305,69,359,423,790,790
2015-12-19 22:13:17,282,306,69,360,423,790,791
2015-12-19 22:13:18,285,307,69,360,423,790,790
2015-12-19 22:13:19,291,308,69,360,424,790,790
2015-12-19 22:13:20,296,309,69,361,424,790,790
2015-12-19 22:13:21,299,310,69,361,424,790,790
2015-12-19 22:13:22,302,311,69,362,424,790,790
2015-12-19 22:13:23,304,312,69,362,425,790,790
2015-12-19 22:13:24,306,313,69,363,425,790,790
2015-12-19 22:13:25,311,314,69,363,425,790,790
2015-12-19 22:13:26,314,315,69,364,425,790,790
2015-12-19 22:13:27,318,316,69,364,426,790,790
2015-12-19 22:13:28,323,317,69,364,426,790,790
2015-12-19 22:13:29,326,318,69,365,426,790,790
2015-12-19 22:13:30,332,319,69,365,426,790,790
2015-12-19 22:13:31,335,320,69,366,427,790,790
2015-12-19 22:13:32,340,321,69,366,427,790,790
2015-12-19 22:13:33,343,322,69,367,427,790,790
2015-12-19 22:13:34,348,323,69,367,427,790,790
2015-12-19 22:13:35,352,324,69,368,427,790,790
2015-12-19 22:13:36,357,325,69,368,428,790,790
2015-12-19 22:13:37,363,326,69,369,428,790,790
2015-12-19 22:13:38,366,327,69,369,428,790,790
2015-12-19 22:13:39,370,328,69,370,428,790,790
2015-12-19 22:13:40,374,329,69,370,429,790,790
2015-12-19 22:13:41,378,330,69,371,429,790,790
2015-12-19 22:13:42,382,331,69,371,429,790,790
2015-12-19 22:13:43,386,332,69,372,429,790,790
2015-12-19 22:13:44,391,333,69,372,429,790,790
2015-12-19 22:13:45,397,334,69,373,430,790,790
2015-12-19 22:13:46,401,335,69,373,430,790,790
2015-12-19 22:13:47,405,336,69,374,430,790,790
2015-12-19 22:13:48,408,337,69,374,430,790,790
2015-12-19 22:13:49,413,338,69,375,431,790,790
2015-12-19 22:13:50,417,339,69,375,431,790,790
2015-12-19 22:13:51,422,340,69,375,431,790,790
2015-12-19 22:13:52,425,341,69,376,431,790,790
2015-12-19 22:13:53,428,342,69,376,432,790,790
2015-12-19 22:13:54,434,343,69,377,432,790,790
2015-12-19 22:13:55,438,344,69,377,432,790,790
2015-12-19 22:13:56,442,345,69,378,432,790,790
2015-12-19 22:13:57,446,346,69,378,433,790,790
2015-12-19 22:13:58,451,347,69,379,433,790,790
2015-12-19 22:13:59,454,348,69,379,433,790,790
2015-12-19 22:14:00,459,349,69,380,434,790,790
2015-12-19 22:14:01,464,350,69,380,434,790,790
2015-12-19 22:14:02,467,351,69,381,434,790,790
2015-12-19 22:14:03,470,352,69,381,434,790,790
2015-12-19 22:14:04,476,353,69,382,435,790,790
2015-12-19 22:14:05,479,354,69,382,435,790,790
2015-12-19 22:14:06,485,355,69,382,435,790,790
2015-12-19 22:14:07,490,356,69,383,435,790,790
2015-12-19 22:14:08,495,357,69,383,435,790,790
2015-12-19 22:14:09,496,358,69,384,435,790,790
2015-12-19 22:14:10,501,359,69,384,435,790,790
2015-12-19 22:14:11,505,360,69,385,436,790,790
2015-12-19 22:14:12,510,361,69,385,436,790,790
2015-12-19 22:14:13,513,362,69,386,436,790,790
2015-12-19 22:14:14,519,363,69,386,436,790,790
2015-12-19 22:14:15,524,364,69,387,436,790,790
2015-12-19 22:14:16,528,365,69,387,437,790,790
2015-12-19 22:14:17,532,366,69,388,437,790,790
2015-12-19 22:14:18,536,367,69,388,437,790,790
2015-12-19 22:14:19,539,368,69,388,437,790,790
2015-12-19 22:14:20,544,369,69,389,437,790,790
2015-12-19 22:14:21,547,370,69,389,437,790,790
2015-12-19 22:14:22,553,371,69,390,438,790,790
2015-12-19 22:14:23,556,372,69,390,438,790,790
2015-12-19 22:14:24,561,373,69,391,438,790,790
2015-12-19 22:14:25,565,374,69,391,439,790,790
2015-12-19 22:14:26,570,375,69,392,439,790,790
2015-12-19 22:14:27,573,376,69,392,439,790,790
2015-12-19 22:14:28,578,377,69,393,440,790,790
2015-12-19 22:14:29,583,378,69,393,440,790,790
2015-12-19 22:14:30,587,379,69,393,440,790,790
2015-12-19 22:14:31,590,380,69,394,440,790,790
2015-12-19 22:14:32,596,381,69,394,440,790,790
2015-12-19 22:14:33,599,382,69,395,441,790,790
2015-12-19 22:14:34,604,383,69,395,441,790,790
2015-12-19 22:14:35,609,384,69,396,441,790,790
2015-12-19 22:14:36,613,385,69,396,441,790,790
2015-12-19 22:14:37,618,386,69,397,442,790,790
2015-12-19 22:14:38,621,387,69,397,442,790,790
2015-12-19 22:14:39,625,388,69,398,442,790,790
2015-12-19 22:14:40,630,389,69,398,443,790,790
2015-12-19 22:14:41,633,390,69,398,443,790,790
2015-12-19 22:14:42,638,391,69,399,443,790,790
2015-12-19 22:14:43,643,392,69,399,443,790,790
2015-12-19 22:14:44,646,393,69,400,444,790,790
2015-12-19 22:14:45,649,394,69,400,444,790,790
2015-12-19 22:14:46,655,395,69,400,444,790,790
2015-12-19 22:14:47,658,396,69,401,444,790,790
2015-12-19 22:14:48,663,397,69,401,444,790,790
2015-12-19 22:14:49,667,398,69,402,444,790,790
2015-12-19 22:14:50,672,399,69,402,445,790,790
2015-12-19 22:14:51,675,400,69,403,445,790,790
2015-12-19 22:14:52,680,401,69,403,445,790,790
2015-12-19 22:14:53,684,402,69,404,445,790,790
2015-12-19 22:14:54,689,403,69,404,445,790,790
2015-12-19 22:14:55,692,404,69,405,446,790,790
2015-12-19 22:14:56,697,405,69,405,446,790,790
2015-12-19 22:14:57,700,406,69,406,446,790,790
2015-12-19 22:14:58,706,407,69,406,446,790,790
2015-12-19 22:14:59,709,408,69,406,446,790,790
2015-12-19 22:15:00,715,409,69,407,446,790,790
2015-12-19 22:15:01,718,410,69,407,446,790,790
2015-12-19 22:15:02,723,411,69,408,447,790,790
2015-12-19 22:15:03,726,412,69,408,447,790,790
2015-12-19 22:15:04,732,413,69,408,447,790,790
2015-12-19 22:15:05,735,414,69,409,447,790,790
2015-12-19 22:15:06,740,415,69,409,447,789,790
2015-12-19 22:15:07,743,416,69,410,447,789,790
2015-12-19 22:15:08,749,417,69,410,448,790,790
2015-12-19 22:15:09,751,418,69,411,448,789,790
2015-12-19 22:15:10,757,419,69,411,448,789,790
2015-12-19 22:15:11,762,420,69,412,448,789,790
2015-12-19 22:15:12,765,421,69,412,448,789,790
2015-12-19 22:15:13,769,422,69,412,448,789,790
2015-12-19 22:15:14,774,423,69,413,449,790,790
2015-12-19 22:15:15,777,424,69,413,449,789,790
2015-12-19 22:15:16,781,425,69,414,449,789,790
2015-12-19 22:15:17,786,426,69,414,449,790,790
2015-12-19 22:15:18,791,427,69,415,449,789,790
2015-12-19 22:15:19,794,428,69,415,449,789,790
2015-12-19 22:15:20,800,429,69,416,449,789,790
2015-12-19 22:15:21,803,430,69,416,450,789,790
2015-12-19 22:15:22,808,431,69,416,450,789,790
2015-12-19 22:15:23,811,432,69,417,450,789,790
2015-12-19 22:15:24,817,433,69,417,450,789,790
2015-12-19 22:15:25,820,434,69,417,450,789,790
2015-12-19 22:15:26,825,435,69,418,450,789,790
2015-12-19 22:15:27,829,436,69,418,451,789,790
2015-12-19 22:15:28,833,437,69,418,451,789,790
2015-12-19 22:15:29,836,438,69,419,451,789,790
2015-12-19 22:15:30,841,439,69,419,451,789,790
2015-12-19 22:15:31,845,440,69,420,451,789,790
2015-12-19 22:15:32,850,441,69,420,451,789,790
2015-12-19 22:15:33,854,442,69,421,451,789,790
2015-12-19 22:15:34,859,443,69,421,451,789,790
2015-12-19 22:15:35,862,444,69,421,452,789,790
2015-12-19 22:15:36,863,445,69,422,452,789,790
2015-12-19 22:15:37,866,446,69,422,452,789,790
2015-12-19 22:15:38,870,447,69,423,452,789,790
2015-12-19 22:15:39,874,448,69,423,452,789,790
2015-12-19 22:15:40,878,449,69,423,452,789,790
2015-12-19 22:15:41,883,450,69,424,453,789,790
2015-12-19 22:15:42,886,451,69,424,453,789,790
2015-12-19 22:15:43,891,452,69,425,453,789,790
2015-12-19 22:15:44,894,453,69,425,453,789,790
2015-12-19 22:15:45,901,454,69,425,453,789,790
2015-12-19 22:15:46,904,455,69,426,453,789,790
2015-12-19 22:15:47,908,456,69,426,453,789,790
2015-12-19 22:15:48,913,457,69,427,454,789,790
2015-12-19 22:15:49,917,458,69,427,454,789,790
2015-12-19 22:15:50,921,459,70,428,454,789,790
2015-12-19 22:15:51,926,460,69,428,454,789,790
2015-12-19 22:15:52,931,461,69,429,454,789,790
2015-12-19 22:15:53,934,462,70,429,454,789,790
2015-12-19 22:15:54,937,463,70,430,454,789,790
2015-12-19 22:15:55,942,465,70,430,455,789,790
2015-12-19 22:15:56,945,466,69,431,455,789,790
2015-12-19 22:15:57,951,467,70,431,455,789,790
2015-12-19 22:15:58,954,468,70,431,455,789,790
2015-12-19 22:15:59,960,469,70,431,455,789,790
2015-12-19 22:16:00,963,470,69,432,456,789,790
2015-12-19 22:16:01,968,471,70,432,456,789,790
2015-12-19 22:16:02,971,472,70,432,456,789,790
2015-12-19 22:16:03,976,473,70,433,456,789,790
2015-12-19 22:16:04,980,474,70,433,457,789,790
2015-12-19 22:16:05,985,475,70,434,457,789,790
2015-12-19 22:16:06,988,476,70,434,457,789,790
2015-12-19 22:16:07,993,477,70,434,457,789,790
2015-12-19 22:16:08,996,478,70,435,457,789,790
2015-12-19 22:16:09,998,479,70,435,457,789,790
2015-12-19 22:16:11,002,480,70,436,458,789,790
2015-12-19 22:16:12,003,481,70,436,458,789,790
2015-12-19 22:16:13,009,482,70,436,458,789,790
2015-12-19 22:16:14,012,483,70,437,458,789,790
2015-12-19 22:16:15,018,484,70,437,458,789,790
2015-12-19 22:16:16,021,485,70,438,458,789,790
2015-12-19 22:16:17,026,486,70,438,458,789,790
2015-12-19 22:16:18,029,487,70,439,459,789,790
2015-12-19 22:16:19,035,488,70,439,459,789,790
2015-12-19 22:16:20,038,489,70,439,459,789,790
2015-12-19 22:16:21,043,490,70,440,459,789,790
2015-12-19 22:16:22,048,491,70,440,459,789,790
2015-12-19 22:16:23,051,492,70,441,460,789,790
2015-12-19 22:16:24,055,493,70,441,460,789,790
2015-12-19 22:16:25,060,494,70,441,460,789,790
2015-12-19 22:16:26,067,495,70,442,460,789,790
2015-12-19 22:16:27,069,496,70,442,460,789,790
2015-12-19 22:16:28,074,497,70,443,460,789,790
2015-12-19 22:16:29,077,498,70,443,460,789,790
2015-12-19 22:16:30,082,499,70,444,461,789,790
2015-12-19 22:16:31,085,500,70,444,461,789,790
2015-12-19 22:16:32,088,501,70,445,461,789,790
2015-12-19 22:16:33,090,502,70,445,461,789,790
2015-12-19 22:16:34,093,503,70,445,462,789,790
2015-12-19 22:16:35,096,504,70,446,462,789,790
2015-12-19 22:16:36,101,505,70,446,462,789,790
2015-12-19 22:16:37,105,506,70,446,462,789,790
2015-12-19 22:16:38,109,507,70,447,462,789,790
2015-12-19 22:16:39,113,508,70,447,462,789,790
2015-12-19 22:16:40,118,509,70,448,463,789,790
2015-12-19 22:16:41,124,510,70,448,463,789,790
2015-12-19 22:16:42,127,511,70,448,463,789,790
2015-12-19 22:16:43,129,512,70,449,463,789,790
2015-12-19 22:16:44,135,513,70,449,463,789,790
2015-12-19 22:16:45,138,514,70,450,464,789,790
2015-12-19 22:16:46,143,515,70,450,464,789,790
2015-12-19 22:16:47,147,516,70,450,464,789,790
2015-12-19 22:16:48,152,517,70,450,464,789,790
2015-12-19 22:16:49,156,518,70,451,464,789,790
2015-12-19 22:16:50,160,519,70,451,465,789,790
2015-12-19 22:16:51,166,520,70,452,465,789,790
2015-12-19 22:16:52,169,521,70,452,465,789,790
2015-12-19 22:16:53,175,522,70,453,465,789,790
2015-12-19 22:16:54,180,523,70,453,465,789,790
2015-12-19 22:16:55,185,524,70,454,466,789,790
2015-12-19 22:16:56,186,525,70,454,466,789,790
2015-12-19 22:16:57,190,526,70,455,466,789,790
2015-12-19 22:16:58,195,527,70,455,466,789,790
2015-12-19 22:16:59,196,528,70,455,466,789,790
2015-12-19 22:17:00,199,529,70,456,466,789,790
2015-12-19 22:17:01,202,530,70,456,467,789,790
2015-12-19 22:17:02,205,531,70,457,467,789,790
2015-12-19 22:17:03,210,532,70,457,467,789,790
2015-12-19 22:17:04,216,533,70,458,467,789,790
2015-12-19 22:17:05,219,534,70,458,468,789,790
2015-12-19 22:17:06,224,535,70,458,468,789,790
2015-12-19 22:17:07,227,536,70,459,468,789,790
2015-12-19 22:17:08,232,537,70,460,468,789,790
2015-12-19 22:17:09,236,538,70,460,469,789,790
2015-12-19 22:17:10,239,539,70,460,469,789,790
2015-12-19 22:17:11,244,540,70,461,469,789,790
2015-12-19 22:17:12,249,541,70,461,469,789,790
2015-12-19 22:17:13,253,542,70,461,469,789,790
2015-12-19 22:17:14,256,543,70,462,470,789,790
2015-12-19 22:17:15,261,544,70,462,470,789,790
2015-12-19 22:17:16,264,545,70,463,470,789,790
2015-12-19 22:17:17,269,546,70,463,470,789,790
2015-12-19 22:17:18,272,547,70,464,470,789,790
2015-12-19 22:17:19,274,548,70,464,470,789,790
2015-12-19 22:17:20,276,549,70,464,471,789,790
2015-12-19 22:17:21,282,550,70,465,471,789,790
2015-12-19 22:17:22,285,551,70,466,471,789,790
2015-12-19 22:17:23,289,552,70,466,471,789,790
2015-12-19 22:17:24,294,553,70,466,471,789,790
2015-12-19 22:17:25,297,554,70,467,471,789,790
2015-12-19 22:17:26,302,555,70,467,471,789,790
2015-12-19 22:17:27,306,556,70,468,472,789,790
2015-12-19 22:17:28,311,557,70,468,472,789,790
2015-12-19 22:17:29,314,558,70,469,472,789,790
2015-12-19 22:17:30,319,559,70,469,472,789,790
2015-12-19 22:17:31,323,560,70,469,472,789,790
2015-12-19 22:17:32,328,561,70,470,472,789,790
2015-12-19 22:17:33,331,562,70,470,473,789,790
2015-12-19 22:17:34,336,563,70,471,473,789,790
2015-12-19 22:17:35,340,564,70,471,473,789,790
2015-12-19 22:17:36,345,565,70,471,473,789,790
2015-12-19 22:17:37,349,566,70,472,474,789,790
2015-12-19 22:17:38,353,567,70,472,474,789,790
2015-12-19 22:17:39,357,568,70,473,474,789,790
2015-12-19 22:17:40,362,569,70,473,474,789,790
2015-12-19 22:17:41,365,570,70,474,475,789,790
2015-12-19 22:17:42,370,571,70,474,475,789,790
2015-12-19 22:17:43,374,572,70,474,475,789,790
2015-12-19 22:17:44,379,573,70,475,475,789,790
2015-12-19 22:17:45,382,574,70,475,476,789,790
2015-12-19 22:17:46,387,575,70,476,476,789,790
2015-12-19 22:17:47,391,576,70,476,476,789,790
2015-12-19 22:17:48,396,577,70,477,476,789,790
2015-12-19 22:17:49,400,578,70,477,476,789,790
2015-12-19 22:17:50,405,579,70,478,477,789,790
2015-12-19 22:17:51,408,580,70,478,477,789,790
2015-12-19 22:17:52,413,581,70,479,477,789,790
2015-12-19 22:17:53,419,582,70,479,477,789,790
2015-12-19 22:17:54,425,583,70,480,478,789,790
2015-12-19 22:17:55,426,584,70,480,478,789,790
2015-12-19 22:17:56,430,585,70,480,478,789,790
2015-12-19 22:17:57,433,586,70,481,479,789,790
2015-12-19 22:17:58,438,587,70,481,479,789,790
2015-12-19 22:17:59,442,588,70,482,479,789,790
2015-12-19 22:18:00,447,589,70,482,479,789,790
2015-12-19 22:18:01,450,590,70,482,480,789,790
2015-12-19 22:18:02,456,591,70,482,480,789,790
2015-12-19 22:18:03,459,592,70,483,480,789,790
2015-12-19 22:18:04,464,593,70,483,480,789,790
2015-12-19 22:18:05,467,594,70,484,481,789,790
2015-12-19 22:18:06,472,595,70,484,481,789,790
2015-12-19 22:18:07,477,596,70,484,481,789,790
2015-12-19 22:18:08,481,597,70,485,481,789,790
2015-12-19 22:18:09,484,598,70,485,482,789,790
2015-12-19 22:18:10,490,599,70,486,482,789,790
2015-12-19 22:18:11,493,600,70,486,482,789,790
2015-12-19 22:18:12,498,601,70,486,483,789,790
2015-12-19 22:18:13,501,602,70,487,483,789,790
2015-12-19 22:18:14,506,603,70,487,483,789,790
2015-12-19 22:18:15,510,604,70,487,483,789,790
2015-12-19 22:18:16,515,605,70,488,484,789,790
2015-12-19 22:18:17,518,606,70,488,484,789,790
2015-12-19 22:18:18,524,607,70,488,484,789,790
2015-12-19 22:18:19,526,608,70,489,484,789,790
2015-12-19 22:18:20,532,609,70,489,484,789,790
2015-12-19 22:18:21,535,610,70,490,484,789,790
2015-12-19 22:18:22,541,611,70,490,484,789,790
2015-12-19 22:18:23,544,612,70,491,484,789,790
2015-12-19 22:18:24,549,613,70,491,484,789,790
2015-12-19 22:18:25,553,614,70,491,484,789,790
2015-12-19 22:18:26,558,615,70,492,484,789,790
2015-12-19 22:18:27,560,616,70,492,483,789,790
2015-12-19 22:18:28,566,617,70,492,483,789,790
2015-12-19 22:18:29,571,618,70,493,483,789,790
2015-12-19 22:18:30,575,619,70,493,483,789,790
2015-12-19 22:18:31,578,620,70,493,483,789,790
2015-12-19 22:18:32,582,621,70,493,483,789,790
2015-12-19 22:18:33,586,622,70,494,483,789,790
2015-12-19 22:18:34,592,623,70,494,483,789,790
2015-12-19 22:18:35,595,624,70,494,483,789,790
2015-12-19 22:18:36,601,625,70,495,482,789,790
2015-12-19 22:18:37,604,626,70,495,482,789,790
2015-12-19 22:18:38,609,627,70,495,482,789,790
2015-12-19 22:18:39,612,628,70,495,482,789,790
2015-12-19 22:18:40,617,629,70,495,482,789,790
2015-12-19 22:18:41,620,630,70,496,482,789,790
2015-12-19 22:18:42,625,631,70,496,482,789,790
2015-12-19 22:18:43,629,632,70,497,482,789,790
2015-12-19 22:18:44,634,633,70,497,482,789,790
2015-12-19 22:18:45,637,634,70,497,482,789,790
2015-12-19 22:18:46,642,635,70,498,482,789,790
2015-12-19 22:18:47,646,636,70,498,482,789,790
2015-12-19 22:18:48,651,637,70,498,482,789,790
2015-12-19 22:18:49,655,638,70,499,482,789,790
2015-12-19 22:18:50,660,639,70,499,482,789,790
2015-12-19 22:18:51,663,640,70,499,482,789,790
2015-12-19 22:18:52,668,641,70,499,482,789,790
2015-12-19 22:18:53,672,642,70,499,482,789,789
2015-12-19 22:18:54,678,643,70,500,482,789,790
2015-12-19 22:18:55,680,644,70,500,481,789,790
2015-12-19 22:18:56,685,645,70,501,481,789,790
2015-12-19 22:18:57,688,646,70,501,481,789,789
2015-12-19 22:18:58,693,647,70,501,481,789,789
2015-12-19 22:18:59,697,648,70,501,481,789,790
2015-12-19 22:19:00,702,649,70,502,481,789,789
2015-12-19 22:19:01,705,650,70,502,481,789,790
2015-12-19 22:19:02,711,651,70,503,481,789,790
2015-12-19 22:19:03,714,652,70,503,480,789,789
2015-12-19 22:19:04,719,653,70,503,480,789,790
2015-12-19 22:19:05,724,654,70,503,481,789,790
2015-12-19 22:19:06,729,655,70,503,480,789,790
2015-12-19 22:19:07,732,656,70,504,480,789,790
2015-12-19 22:19:08,737,657,70,504,480,789,790
2015-12-19 22:19:09,739,658,70,504,480,789,789
2015-12-19 22:19:10,745,659,70,504,480,789,790
2015-12-19 22:19:11,748,660,70,504,480,789,789
2015-12-19 22:19:12,754,661,70,505,480,789,789
2015-12-19 22:19:13,757,662,70,505,480,789,790
2015-12-19 22:19:14,762,663,70,505,481,789,790
2015-12-19 22:19:15,765,664,70,505,481,789,790
2015-12-19 22:19:16,770,665,70,506,481,789,789
2015-12-19 22:19:17,774,666,70,506,481,789,790
2015-12-19 22:19:18,779,667,70,506,481,789,790
2015-12-19 22:19:19,782,668,70,506,481,789,789
2015-12-19 22:19:20,787,669,70,507,481,789,790
2015-12-19 22:19:21,791,670,70,507,480,789,790
2015-12-19 22:19:22,796,671,70,508,480,789,789
2015-12-19 22:19:23,799,672,70,508,480,789,790
2015-12-19 22:19:24,804,673,70,508,480,789,789
2015-12-19 22:19:25,808,674,70,508,480,789,790
2015-12-19 22:19:26,813,675,70,508,479,789,790
2015-12-19 22:19:27,816,676,70,508,479,789,790
2015-12-19 22:19:28,821,677,70,508,479,789,790
2015-12-19 22:19:29,825,678,70,509,478,789,790
2015-12-19 22:19:30,830,679,70,509,478,789,790
2015-12-19 22:19:31,833,680,70,510,478,789,790
2015-12-19 22:19:32,839,681,70,510,477,789,790
2015-12-19 22:19:33,842,682,70,510,477,789,790
2015-12-19 22:19:34,848,683,70,511,477,789,789
2015-12-19 22:19:35,850,684,70,511,476,789,790
2015-12-19 22:19:36,855,685,70,511,476,789,789
2015-12-19 22:19:37,859,686,70,512,476,789,790
2015-12-19 22:19:38,864,687,70,512,475,789,790
2015-12-19 22:19:39,868,688,70,512,475,789,790
2015-12-19 22:19:40,873,689,70,512,475,789,789
2015-12-19 22:19:41,875,690,70,513,475,789,789
2015-12-19 22:19:42,881,691,70,513,474,789,789
2015-12-19 22:19:43,884,692,70,513,474,789,789
2015-12-19 22:19:44,890,693,70,514,474,789,790
2015-12-19 22:19:45,893,694,70,514,474,789,790
2015-12-19 22:19:46,898,695,70,514,474,789,789
2015-12-19 22:19:47,902,696,70,515,473,789,789
2015-12-19 22:19:48,906,697,70,514,473,789,789
2015-12-19 22:19:49,910,698,70,515,473,789,790
2015-12-19 22:19:50,915,699,70,515,473,789,790
2015-12-19 22:19:51,919,700,70,515,472,789,789
2015-12-19 22:19:52,924,701,70,516,472,789,790
2015-12-19 22:19:53,927,702,70,516,472,789,790
2015-12-19 22:19:54,932,703,70,516,472,789,789
2015-12-19 22:19:55,935,704,70,517,471,789,790
2015-12-19 22:19:56,941,706,70,517,471,789,790
2015-12-19 22:19:57,944,707,70,517,471,789,790
2015-12-19 22:19:58,949,708,70,517,471,789,790
2015-12-19 22:19:59,952,709,70,518,471,789,790
2015-12-19 22:20:00,957,710,70,518,470,789,790
2015-12-19 22:20:01,961,711,70,518,470,789,790
2015-12-19 22:20:02,965,712,70,518,470,789,790
2015-12-19 22:20:03,971,713,70,518,470,789,790
2015-12-19 22:20:04,974,714,70,519,470,789,790
2015-12-19 22:20:05,978,715,70,519,470,789,790
2015-12-19 22:20:06,983,716,70,519,470,789,790
2015-12-19 22:20:07,986,717,70,519,470,789,790
2015-12-19 22:20:08,992,718,70,520,470,789,790
2015-12-19 22:20:09,995,719,70,520,470,789,790
2015-12-19 22:20:11,000,720,70,520,470,789,790
2015-12-19 22:20:12,003,721,70,521,469,789,790
2015-12-19 22:20:13,009,722,70,521,469,789,790
2015-12-19 22:20:14,012,723,70,521,469,789,790
2015-12-19 22:20:15,017,724,70,521,469,789,790
2015-12-19 22:20:16,021,725,70,522,469,789,790
2015-12-19 22:20:17,026,726,70,522,468,789,790
2015-12-19 22:20:18,029,727,70,522,468,789,790
2015-12-19 22:20:19,034,728,70,522,468,789,790
2015-12-19 22:20:20,037,729,70,523,468,789,790
2015-12-19 22:20:21,043,730,70,523,468,789,790
2015-12-19 22:20:22,046,731,70,523,468,789,790
2015-12-19 22:20:23,051,732,70,523,468,789,790
2015-12-19 22:20:24,054,733,70,523,467,789,790
2015-12-19 22:20:25,060,734,70,523,467,789,790
2015-12-19 22:20:26,063,735,70,523,467,789,790
2015-12-19 22:20:27,068,736,70,522,467,789,790
2015-12-19 22:20:28,071,737,70,521,466,789,790
2015-12-19 22:20:29,077,738,70,520,466,789,790
2015-12-19 22:20:30,080,739,70,520,465,789,790
2015-12-19 22:20:31,085,740,70,519,464,789,790
2015-12-19 22:20:32,089,741,70,518,464,789,790
2015-12-19 22:20:33,094,742,70,516,463,789,790
2015-12-19 22:20:34,097,743,70,516,462,789,790
2015-12-19 22:20:35,102,744,70,516,462,789,790
2015-12-19 22:20:36,105,745,70,516,461,789,790
2015-12-19 22:20:37,111,746,70,515,461,789,790
2015-12-19 22:20:38,114,747,70,515,460,789,790
2015-12-19 22:20:39,119,748,70,515,460,789,790
2015-12-19 22:20:40,123,749,70,514,460,789,790
2015-12-19 22:20:41,128,750,70,514,459,789,790
2015-12-19 22:20:42,131,751,70,513,459,789,790
2015-12-19 22:20:43,136,752,70,513,459,789,790
2015-12-19 22:20:44,139,753,70,513,458,789,790
2015-12-19 22:20:45,145,754,70,512,458,789,790
2015-12-19 22:20:46,148,755,70,512,458,789,790
2015-12-19 22:20:47,153,756,70,512,458,789,790
2015-12-19 22:20:48,157,757,70,512,457,789,790
2015-12-19 22:20:49,162,758,70,511,457,789,790
2015-12-19 22:20:50,168,759,70,511,457,789,790
2015-12-19 22:20:51,170,760,70,510,456,789,790
2015-12-19 22:20:52,173,761,70,510,456,789,790
2015-12-19 22:20:53,179,762,70,510,456,789,790
2015-12-19 22:20:54,182,763,70,509,456,789,790
2015-12-19 22:20:55,187,764,70,509,456,789,790
2015-12-19 22:20:56,190,765,70,509,455,789,790
2015-12-19 22:20:57,196,766,70,508,455,789,790
2015-12-19 22:20:58,199,767,70,508,455,789,790
2015-12-19 22:20:59,204,768,70,508,455,789,790
2015-12-19 22:21:00,208,769,70,508,455,789,790
2015-12-19 22:21:01,213,770,70,507,455,789,790
2015-12-19 22:21:02,216,771,70,507,455,789,790
2015-12-19 22:21:03,221,772,70,507,454,789,790
2015-12-19 22:21:04,224,773,70,507,454,789,790
2015-12-19 22:21:05,230,774,70,506,454,789,790
2015-12-19 22:21:06,233,775,70,506,454,789,790
2015-12-19 22:21:07,238,776,70,506,454,789,790
2015-12-19 22:21:08,242,777,70,506,454,789,790
2015-12-19 22:21:09,247,778,70,505,454,789,790
2015-12-19 22:21:10,250,779,70,505,453,789,790
2015-12-19 22:21:11,256,780,70,505,453,789,790
2015-12-19 22:21:12,259,781,70,505,453,789,790
2015-12-19 22:21:13,264,782,70,505,453,789,790
2015-12-19 22:21:14,268,783,70,504,453,789,790
2015-12-19 22:21:15,272,784,70,504,453,789,790
2015-12-19 22:21:16,276,785,70,504,453,789,790
2015-12-19 22:21:17,281,786,70,504,452,789,790
2015-12-19 22:21:18,284,787,70,504,452,789,790
2015-12-19 22:21:19,289,788,70,503,452,789,790
2015-12-19 22:21:20,293,789,70,503,452,789,790
2015-12-19 22:21:21,300,790,70,503,452,789,790
2015-12-19 22:21:22,301,791,70,503,452,789,790
2015-12-19 22:21:23,306,792,70,503,452,789,790
2015-12-19 22:21:24,309,793,70,503,452,789,790
2015-12-19 22:21:25,315,794,70,502,452,789,790
2015-12-19 22:21:26,318,795,70,502,452,789,790
2015-12-19 22:21:27,324,796,70,502,452,789,790
2015-12-19 22:21:28,329,797,70,502,452,789,790
2015-12-19 22:21:29,332,798,70,502,452,789,790
2015-12-19 22:21:30,335,799,70,502,451,789,790
2015-12-19 22:21:31,341,800,70,501,451,789,790
2015-12-19 22:21:32,344,801,70,501,451,789,790
2015-12-19 22:21:33,349,802,70,501,451,789,790
2015-12-19 22:21:34,352,803,70,501,451,789,790
2015-12-19 22:21:35,358,804,70,501,451,789,790
2015-12-19 22:21:36,361,805,70,501,451,789,790
2015-12-19 22:21:37,366,806,70,501,451,789,790
2015-12-19 22:21:38,369,807,70,501,451,789,790
2015-12-19 22:21:39,374,808,70,500,451,789,790
2015-12-19 22:21:40,378,809,70,500,450,789,790
2015-12-19 22:21:41,383,810,70,500,450,789,790
2015-12-19 22:21:42,386,811,70,500,450,789,790
2015-12-19 22:21:43,391,812,70,500,450,789,790
2015-12-19 22:21:44,395,813,70,499,450,789,790
2015-12-19 22:21:45,400,814,70,499,450,789,790
2015-12-19 22:21:46,403,815,70,499,450,789,790
2015-12-19 22:21:47,409,816,70,499,449,789,790
2015-12-19 22:21:48,412,817,70,498,449,789,790
2015-12-19 22:21:49,417,818,70,498,449,789,790
2015-12-19 22:21:50,420,819,70,498,449,789,790
2015-12-19 22:21:51,426,820,70,498,449,789,790
2015-12-19 22:21:52,430,821,70,498,449,789,790
2015-12-19 22:21:53,434,822,70,498,449,789,790
2015-12-19 22:21:54,438,823,70,497,449,789,790
2015-12-19 22:21:55,443,824,70,497,449,789,790
2015-12-19 22:21:56,446,825,70,497,449,789,790
2015-12-19 22:21:57,452,826,70,497,449,789,790
2015-12-19 22:21:58,454,827,70,497,449,789,790
2015-12-19 22:21:59,459,828,70,497,449,789,790
2015-12-19 22:22:00,463,829,70,497,449,789,790
2015-12-19 22:22:01,468,830,70,497,449,789,790
2015-12-19 22:22:02,471,831,70,496,449,789,790
2015-12-19 22:22:03,476,832,70,496,449,789,790
2015-12-19 22:22:04,480,833,70,496,449,789,790
2015-12-19 22:22:05,485,834,70,496,449,789,790
2015-12-19 22:22:06,488,835,70,496,449,789,790
2015-12-19 22:22:07,494,836,70,496,449,789,790
2015-12-19 22:22:08,497,837,70,496,449,789,790
2015-12-19 22:22:09,502,838,70,496,449,789,790
2015-12-19 22:22:10,505,839,70,495,449,789,790
2015-12-19 22:22:11,511,840,70,495,449,789,790
2015-12-19 22:22:12,514,841,70,495,449,789,790
2015-12-19 22:22:13,519,842,70,495,449,789,790
2015-12-19 22:22:14,522,843,70,495,449,789,790
2015-12-19 22:22:15,528,844,70,495,449,789,790
2015-12-19 22:22:16,533,845,70,495,449,789,790
2015-12-19 22:22:17,536,846,70,495,449,789,790
2015-12-19 22:22:18,539,847,70,495,449,789,790
2015-12-19 22:22:19,545,848,70,494,449,789,790
2015-12-19 22:22:20,547,849,70,495,449,789,790
2015-12-19 22:22:21,553,850,70,494,449,789,790
2015-12-19 22:22:22,563,851,70,494,449,789,790
2015-12-19 22:22:23,574,852,70,494,449,789,790
2015-12-19 22:22:24,583,853,70,494,449,789,790
2015-12-19 22:22:25,583,854,70,494,449,789,790
