2015-12-19 19:58:10,652,datetime,ms,seconds,ambient_temp,thermocouple_0_temp,thermocouple_1_temp,thermocouple_2_temp,thermocouple_3_temp
2015-12-19 19:58:15,731,5,65,340,383,791,792
2015-12-19 19:58:16,736,6,65,331,377,791,792
2015-12-19 19:58:17,739,7,65,324,372,792,792
2015-12-19 19:58:18,741,8,65,316,368,792,792
2015-12-19 19:58:19,743,9,65,310,364,791,792
2015-12-19 19:58:20,745,10,65,304,362,792,792
2015-12-19 19:58:21,746,11,65,297,360,791,792
2015-12-19 19:58:22,750,12,65,292,358,792,792
2015-12-19 19:58:23,753,13,65,286,357,791,792
2015-12-19 19:58:24,755,14,65,281,355,791,792
2015-12-19 19:58:25,757,15,65,276,354,792,792
2015-12-19 19:58:26,760,16,65,271,353,791,792
2015-12-19 19:58:27,766,17,65,267,352,792,792
2015-12-19 19:58:28,771,18,65,262,351,792,792
2015-12-19 19:58:29,774,19,65,259,350,791,792
2015-12-19 19:58:30,777,20,65,255,349,792,792
2015-12-19 19:58:31,782,21,65,252,348,792,792
2015-12-19 19:58:32,787,22,65,248,347,792,792
2015-12-19 19:58:33,791,23,65,245,346,791,792
2015-12-19 19:58:34,794,24,65,242,345,791,792
2015-12-19 19:58:35,800,25,65,239,344,792,792
2015-12-19 19:58:36,802,26,65,237,343,792,792
2015-12-19 19:58:37,808,27,65,235,343,792,792
2015-12-19 19:58:38,810,28,65,232,342,792,792
2015-12-19 19:58:39,812,29,65,230,341,791,792
2015-12-19 19:58:40,815,30,65,228,340,792,792
2015-12-19 19:58:41,820,31,65,226,340,791,792
2015-12-19 19:58:42,823,32,65,224,339,791,792
2015-12-19 19:58:43,827,33,65,223,339,791,792
2015-12-19 19:58:44,832,34,65,221,338,791,792
2015-12-19 19:58:45,834,35,65,220,338,791,792
2015-12-19 19:58:46,839,36,65,218,337,791,792
2015-12-19 19:58:47,842,37,65,217,337,791,792
2015-12-19 19:58:48,845,38,65,215,337,791,792
2015-12-19 19:58:49,848,39,65,214,336,791,792
2015-12-19 19:58:50,850,40,65,213,336,791,792
2015-12-19 19:58:51,854,41,65,213,336,791,792
2015-12-19 19:58:52,858,42,65,212,335,791,792
2015-12-19 19:58:53,860,43,65,211,335,791,792
2015-12-19 19:58:54,863,44,65,210,334,791,792
2015-12-19 19:58:55,865,45,65,210,334,791,792
2015-12-19 19:58:56,870,46,65,209,334,791,792
2015-12-19 19:58:57,874,47,65,208,334,791,792
2015-12-19 19:58:58,880,48,65,208,334,791,792
2015-12-19 19:58:59,883,49,65,208,334,791,792
2015-12-19 19:59:00,889,50,65,207,333,791,792
2015-12-19 19:59:01,894,51,65,207,333,791,792
2015-12-19 19:59:02,897,52,65,207,333,791,792
2015-12-19 19:59:03,899,53,65,206,333,791,792
2015-12-19 19:59:04,902,54,65,206,333,791,792
2015-12-19 19:59:05,907,55,65,206,333,792,792
2015-12-19 19:59:06,911,56,65,206,332,791,792
2015-12-19 19:59:07,914,57,65,206,332,791,792
2015-12-19 19:59:08,917,58,65,206,332,791,792
2015-12-19 19:59:09,921,59,65,206,332,791,792
2015-12-19 19:59:10,923,60,65,206,332,791,792
2015-12-19 19:59:11,928,61,65,206,332,791,792
2015-12-19 19:59:12,932,62,65,206,332,791,792
2015-12-19 19:59:13,938,63,65,206,332,791,792
2015-12-19 19:59:14,940,64,65,207,332,791,792
2015-12-19 19:59:15,941,65,65,207,333,791,792
2015-12-19 19:59:16,944,66,65,207,334,791,792
2015-12-19 19:59:17,949,67,65,207,334,791,792
2015-12-19 19:59:18,953,68,65,208,335,791,792
2015-12-19 19:59:19,959,69,65,208,336,791,792
2015-12-19 19:59:20,962,70,65,208,336,791,792
2015-12-19 19:59:21,964,71,65,208,337,791,792
2015-12-19 19:59:22,966,72,65,209,338,791,792
2015-12-19 19:59:23,969,73,65,209,339,791,792
2015-12-19 19:59:24,971,74,65,210,339,791,792
2015-12-19 19:59:25,976,75,65,210,340,791,792
2015-12-19 19:59:26,979,76,65,211,340,791,792
2015-12-19 19:59:27,981,77,65,211,341,791,792
2015-12-19 19:59:28,984,78,65,212,342,791,792
2015-12-19 19:59:29,986,79,65,212,342,791,792
2015-12-19 19:59:30,989,80,65,213,343,791,792
2015-12-19 19:59:31,995,81,65,213,344,791,792
2015-12-19 19:59:32,996,82,65,214,344,791,792
2015-12-19 19:59:33,999,83,65,214,345,791,792
2015-12-19 19:59:35,001,84,65,215,346,791,792
2015-12-19 19:59:36,004,85,65,215,346,791,792
2015-12-19 19:59:37,006,86,65,216,347,791,792
2015-12-19 19:59:38,012,87,65,217,347,791,792
2015-12-19 19:59:39,015,88,65,217,348,791,792
2015-12-19 19:59:40,018,89,65,218,349,791,792
2015-12-19 19:59:41,023,90,65,218,349,791,792
2015-12-19 19:59:42,026,91,65,219,350,791,792
2015-12-19 19:59:43,027,92,65,220,350,791,792
2015-12-19 19:59:44,030,93,65,221,351,791,792
2015-12-19 19:59:45,032,94,65,221,351,791,792
2015-12-19 19:59:46,033,95,65,222,352,791,792
2015-12-19 19:59:47,037,96,65,222,353,791,792
2015-12-19 19:59:48,040,97,65,223,353,791,792
2015-12-19 19:59:49,046,98,65,224,353,791,792
2015-12-19 19:59:50,048,99,65,225,354,791,792
2015-12-19 19:59:51,053,100,65,225,355,791,792
2015-12-19 19:59:52,057,101,65,226,355,791,792
2015-12-19 19:59:53,058,102,65,227,356,791,792
2015-12-19 19:59:54,064,103,65,227,356,791,792
2015-12-19 19:59:55,064,104,65,228,357,791,792
2015-12-19 19:59:56,070,105,65,229,357,791,792
2015-12-19 19:59:57,072,106,65,230,357,791,792
2015-12-19 19:59:58,074,107,65,230,358,791,792
2015-12-19 19:59:59,077,108,65,231,358,791,792
2015-12-19 20:00:00,080,109,65,232,359,791,792
2015-12-19 20:00:01,085,110,65,233,359,791,792
2015-12-19 20:00:02,088,111,65,234,359,791,792
2015-12-19 20:00:03,093,112,65,234,360,791,792
2015-12-19 20:00:04,096,113,65,235,360,791,792
2015-12-19 20:00:05,097,114,65,236,361,791,792
2015-12-19 20:00:06,100,115,65,236,361,791,792
2015-12-19 20:00:07,104,116,65,237,362,791,792
2015-12-19 20:00:08,109,117,65,238,362,791,792
2015-12-19 20:00:09,111,118,65,239,362,791,792
2015-12-19 20:00:10,112,119,65,240,363,791,792
2015-12-19 20:00:11,116,120,65,240,363,791,792
2015-12-19 20:00:12,121,121,65,241,364,791,792
2015-12-19 20:00:13,125,122,65,242,364,791,792
2015-12-19 20:00:14,130,123,65,243,364,791,792
2015-12-19 20:00:15,135,124,65,243,365,791,792
2015-12-19 20:00:16,139,125,66,244,365,791,792
2015-12-19 20:00:17,142,126,65,245,366,791,792
2015-12-19 20:00:18,147,127,66,246,366,791,792
2015-12-19 20:00:19,149,128,65,246,366,791,792
2015-12-19 20:00:20,155,129,65,247,367,791,792
2015-12-19 20:00:21,158,130,65,248,367,791,792
2015-12-19 20:00:22,162,131,66,249,368,791,792
2015-12-19 20:00:23,163,132,66,249,368,791,792
2015-12-19 20:00:24,165,133,66,250,368,791,792
2015-12-19 20:00:25,168,134,66,251,369,791,792
2015-12-19 20:00:26,171,135,65,252,369,791,792
2015-12-19 20:00:27,176,136,66,252,369,791,792
2015-12-19 20:00:28,180,137,66,253,370,791,792
2015-12-19 20:00:29,185,138,66,254,370,791,792
2015-12-19 20:00:30,188,139,66,255,371,791,792
2015-12-19 20:00:31,193,140,66,256,371,791,792
2015-12-19 20:00:32,196,141,66,256,371,791,792
2015-12-19 20:00:33,198,142,65,257,371,791,792
2015-12-19 20:00:34,200,143,66,258,372,791,792
2015-12-19 20:00:35,204,144,66,259,372,791,792
2015-12-19 20:00:36,209,145,66,259,373,791,792
2015-12-19 20:00:37,215,146,66,260,373,791,792
2015-12-19 20:00:38,217,147,66,261,374,791,792
2015-12-19 20:00:39,222,148,66,262,374,791,792
2015-12-19 20:00:40,226,149,66,263,374,791,792
2015-12-19 20:00:41,229,150,66,263,374,791,792
2015-12-19 20:00:42,231,151,66,264,375,791,792
2015-12-19 20:00:43,232,152,66,265,375,791,792
2015-12-19 20:00:44,238,153,66,266,376,791,792
2015-12-19 20:00:45,242,154,66,266,376,791,792
2015-12-19 20:00:46,247,155,66,267,376,791,792
2015-12-19 20:00:47,249,156,66,268,377,791,792
2015-12-19 20:00:48,254,157,66,269,377,791,792
2015-12-19 20:00:49,258,158,66,269,377,791,792
2015-12-19 20:00:50,263,159,66,270,378,791,792
2015-12-19 20:00:51,267,160,66,271,378,791,792
2015-12-19 20:00:52,271,161,66,272,378,791,792
2015-12-19 20:00:53,276,162,66,272,379,791,792
2015-12-19 20:00:54,281,163,66,273,379,791,792
2015-12-19 20:00:55,284,164,66,274,379,791,792
2015-12-19 20:00:56,286,165,66,274,380,791,792
2015-12-19 20:00:57,288,166,66,275,380,791,792
2015-12-19 20:00:58,291,167,66,276,380,791,792
2015-12-19 20:00:59,296,168,66,277,381,791,792
2015-12-19 20:01:00,299,169,66,278,381,791,792
2015-12-19 20:01:01,305,170,66,278,381,791,792
2015-12-19 20:01:02,308,171,66,279,382,791,792
2015-12-19 20:01:03,313,172,66,280,382,791,792
2015-12-19 20:01:04,316,173,66,281,382,791,792
2015-12-19 20:01:05,322,174,66,281,383,791,792
2015-12-19 20:01:06,326,175,66,282,383,791,792
2015-12-19 20:01:07,328,176,66,283,383,791,792
2015-12-19 20:01:08,333,177,66,283,384,791,792
2015-12-19 20:01:09,337,178,66,284,384,791,792
2015-12-19 20:01:10,341,179,66,285,384,791,792
2015-12-19 20:01:11,346,180,66,286,384,791,792
2015-12-19 20:01:12,350,181,66,286,385,791,792
2015-12-19 20:01:13,356,182,66,287,385,791,792
2015-12-19 20:01:14,358,183,66,288,385,791,792
2015-12-19 20:01:15,362,184,66,288,386,791,792
2015-12-19 20:01:16,367,185,66,289,386,791,792
2015-12-19 20:01:17,371,186,66,290,387,791,792
2015-12-19 20:01:18,375,187,66,291,387,791,792
2015-12-19 20:01:19,380,188,66,291,387,791,792
2015-12-19 20:01:20,384,189,66,292,387,791,792
2015-12-19 20:01:21,389,190,66,293,388,791,792
2015-12-19 20:01:22,392,191,66,293,388,791,792
2015-12-19 20:01:23,395,192,66,294,388,791,792
2015-12-19 20:01:24,397,193,66,295,389,791,792
2015-12-19 20:01:25,401,194,66,295,389,791,792
2015-12-19 20:01:26,405,195,66,296,389,791,792
2015-12-19 20:01:27,408,196,66,297,389,791,792
2015-12-19 20:01:28,414,197,66,297,390,791,792
2015-12-19 20:01:29,416,198,66,298,390,791,792
2015-12-19 20:01:30,420,199,66,299,390,791,792
2015-12-19 20:01:31,425,200,66,300,390,791,792
2015-12-19 20:01:32,428,201,66,300,391,791,792
2015-12-19 20:01:33,433,202,66,301,391,791,792
2015-12-19 20:01:34,437,203,66,302,391,791,792
2015-12-19 20:01:35,442,204,66,302,392,791,792
2015-12-19 20:01:36,445,205,66,303,392,791,792
2015-12-19 20:01:37,450,206,66,304,392,791,792
2015-12-19 20:01:38,453,207,66,304,393,791,792
2015-12-19 20:01:39,459,208,66,305,393,791,792
2015-12-19 20:01:40,464,209,66,306,393,791,792
2015-12-19 20:01:41,467,210,66,306,393,791,792
2015-12-19 20:01:42,470,211,66,307,394,791,792
2015-12-19 20:01:43,473,212,66,308,394,791,792
2015-12-19 20:01:44,479,213,66,308,394,791,792
2015-12-19 20:01:45,484,214,66,309,395,791,792
2015-12-19 20:01:46,487,215,66,310,395,791,792
2015-12-19 20:01:47,493,216,66,310,395,791,792
2015-12-19 20:01:48,494,217,66,311,396,791,792
2015-12-19 20:01:49,497,218,66,312,396,791,792
2015-12-19 20:01:50,503,219,66,312,396,791,792
2015-12-19 20:01:51,506,220,66,313,396,791,792
2015-12-19 20:01:52,508,221,66,314,396,791,792
2015-12-19 20:01:53,513,222,66,314,397,791,792
2015-12-19 20:01:54,517,223,66,315,397,791,792
2015-12-19 20:01:55,521,224,66,316,397,791,792
2015-12-19 20:01:56,525,225,66,316,398,791,792
2015-12-19 20:01:57,528,226,66,317,398,791,792
2015-12-19 20:01:58,529,227,66,317,398,791,792
2015-12-19 20:01:59,532,228,66,318,399,791,792
2015-12-19 20:02:00,537,229,66,319,399,791,792
2015-12-19 20:02:01,540,230,66,319,399,791,792
2015-12-19 20:02:02,543,231,66,320,400,791,792
2015-12-19 20:02:03,546,232,66,321,400,791,792
2015-12-19 20:02:04,547,233,66,322,400,791,792
2015-12-19 20:02:05,548,234,66,322,400,791,792
2015-12-19 20:02:06,552,235,66,323,401,791,792
2015-12-19 20:02:07,558,236,66,323,401,791,792
2015-12-19 20:02:08,561,237,66,324,401,791,792
2015-12-19 20:02:09,566,238,66,325,402,791,792
2015-12-19 20:02:10,569,239,66,325,402,791,792
2015-12-19 20:02:11,572,240,66,326,402,791,792
2015-12-19 20:02:12,574,241,66,327,402,791,792
2015-12-19 20:02:13,580,242,66,327,403,791,792
2015-12-19 20:02:14,582,243,66,328,403,791,792
2015-12-19 20:02:15,584,244,66,328,403,791,792
2015-12-19 20:02:16,587,245,66,329,403,791,792
2015-12-19 20:02:17,587,246,66,329,404,791,792
2015-12-19 20:02:18,591,247,66,330,404,791,792
2015-12-19 20:02:19,594,248,66,331,404,791,792
2015-12-19 20:02:20,600,249,66,331,405,791,792
2015-12-19 20:02:21,602,250,66,332,405,791,792
2015-12-19 20:02:22,607,251,66,333,405,791,792
2015-12-19 20:02:23,611,252,66,333,405,791,792
2015-12-19 20:02:24,617,253,66,334,406,791,792
2015-12-19 20:02:25,619,254,66,335,406,791,792
2015-12-19 20:02:26,624,255,66,335,406,791,792
2015-12-19 20:02:27,628,256,66,336,406,791,792
2015-12-19 20:02:28,634,257,66,336,407,791,792
2015-12-19 20:02:29,636,258,66,337,407,791,792
2015-12-19 20:02:30,641,259,66,338,407,791,792
2015-12-19 20:02:31,645,260,66,338,408,791,792
2015-12-19 20:02:32,650,261,66,339,408,791,792
2015-12-19 20:02:33,656,263,66,339,408,791,792
2015-12-19 20:02:34,659,264,66,340,408,791,792
2015-12-19 20:02:35,662,265,66,341,409,791,792
2015-12-19 20:02:36,665,266,66,341,409,791,792
2015-12-19 20:02:37,670,267,66,342,409,791,792
2015-12-19 20:02:38,676,268,66,343,410,791,792
2015-12-19 20:02:39,679,269,66,343,410,791,792
2015-12-19 20:02:40,685,270,66,344,410,791,792
2015-12-19 20:02:41,689,271,66,344,410,791,792
2015-12-19 20:02:42,693,272,66,345,411,791,792
2015-12-19 20:02:43,696,273,66,346,411,791,792
2015-12-19 20:02:44,697,274,66,346,411,791,792
2015-12-19 20:02:45,700,275,66,347,411,791,792
2015-12-19 20:02:46,703,276,66,347,412,791,792
2015-12-19 20:02:47,707,277,66,348,412,791,792
2015-12-19 20:02:48,711,278,66,348,412,791,792
2015-12-19 20:02:49,716,279,66,349,412,791,792
2015-12-19 20:02:50,720,280,66,350,413,791,792
2015-12-19 20:02:51,723,281,66,350,413,791,792
2015-12-19 20:02:52,728,282,66,351,413,791,792
2015-12-19 20:02:53,732,283,66,351,413,791,792
2015-12-19 20:02:54,737,284,66,352,413,791,791
2015-12-19 20:02:55,741,285,66,352,413,791,792
2015-12-19 20:02:56,745,286,66,353,414,791,792
2015-12-19 20:02:57,749,287,66,353,414,791,792
2015-12-19 20:02:58,755,288,66,354,414,791,791
2015-12-19 20:02:59,760,289,66,355,414,791,792
2015-12-19 20:03:00,766,290,66,355,415,791,791
2015-12-19 20:03:01,771,291,66,356,415,791,791
2015-12-19 20:03:02,774,292,66,356,415,791,792
2015-12-19 20:03:03,777,293,66,357,415,791,792
2015-12-19 20:03:04,782,294,66,357,416,791,792
2015-12-19 20:03:05,787,295,66,358,416,791,792
2015-12-19 20:03:06,790,296,66,358,416,791,792
2015-12-19 20:03:07,794,297,66,359,416,791,791
2015-12-19 20:03:08,799,298,66,359,417,791,791
2015-12-19 20:03:09,802,299,66,360,417,791,792
2015-12-19 20:03:10,807,300,66,361,417,791,791
2015-12-19 20:03:11,810,301,66,361,417,791,792
2015-12-19 20:03:12,814,302,66,362,418,791,791
2015-12-19 20:03:13,819,303,66,362,418,791,791
2015-12-19 20:03:14,822,304,66,363,418,791,791
2015-12-19 20:03:15,823,305,66,363,419,791,791
2015-12-19 20:03:16,826,306,66,364,419,791,792
2015-12-19 20:03:17,828,307,66,364,419,791,791
2015-12-19 20:03:18,832,308,66,365,419,791,791
2015-12-19 20:03:19,837,309,66,366,420,791,792
2015-12-19 20:03:20,840,310,66,366,420,791,791
2015-12-19 20:03:21,845,311,66,367,420,791,791
2015-12-19 20:03:22,849,312,66,367,420,791,792
2015-12-19 20:03:23,854,313,66,368,421,791,791
2015-12-19 20:03:24,857,314,66,368,421,791,791
2015-12-19 20:03:25,859,315,66,369,421,791,791
2015-12-19 20:03:26,864,316,66,369,421,791,791
2015-12-19 20:03:27,867,317,66,370,421,791,791
2015-12-19 20:03:28,870,318,66,370,422,791,791
2015-12-19 20:03:29,873,319,66,371,422,791,791
2015-12-19 20:03:30,878,320,66,371,422,791,791
2015-12-19 20:03:31,879,321,66,372,422,791,791
2015-12-19 20:03:32,883,322,66,373,422,791,791
2015-12-19 20:03:33,888,323,66,373,423,791,791
2015-12-19 20:03:34,891,324,66,374,423,791,791
2015-12-19 20:03:35,894,325,66,374,423,791,791
2015-12-19 20:03:36,900,326,66,375,423,791,791
2015-12-19 20:03:37,902,327,66,375,423,791,791
2015-12-19 20:03:38,907,328,66,376,424,791,791
2015-12-19 20:03:39,911,329,66,376,424,791,791
2015-12-19 20:03:40,915,330,66,377,424,791,791
2015-12-19 20:03:41,919,331,66,377,424,791,791
2015-12-19 20:03:42,923,332,66,378,424,791,791
2015-12-19 20:03:43,927,333,66,378,424,791,791
2015-12-19 20:03:44,931,334,66,379,425,791,791
2015-12-19 20:03:45,936,335,66,379,425,791,791
2015-12-19 20:03:46,940,336,66,380,425,791,791
2015-12-19 20:03:47,944,337,66,380,425,791,791
2015-12-19 20:03:48,948,338,66,381,425,791,791
2015-12-19 20:03:49,953,339,66,381,425,791,791
2015-12-19 20:03:50,957,340,66,382,426,791,791
2015-12-19 20:03:51,961,341,66,382,426,791,791
2015-12-19 20:03:52,965,342,66,383,426,791,791
2015-12-19 20:03:53,970,343,66,383,426,791,791
2015-12-19 20:03:54,972,344,66,384,426,791,791
2015-12-19 20:03:55,976,345,66,385,426,791,791
2015-12-19 20:03:56,982,346,66,385,427,791,791
2015-12-19 20:03:57,987,347,66,386,427,791,792
2015-12-19 20:03:58,989,348,66,386,427,791,791
2015-12-19 20:03:59,991,349,66,387,427,791,791
2015-12-19 20:04:00,994,350,66,387,427,791,791
2015-12-19 20:04:01,997,351,66,388,428,791,791
2015-12-19 20:04:03,002,352,66,388,428,791,791
2015-12-19 20:04:04,005,353,66,389,428,791,791
2015-12-19 20:04:05,007,354,66,389,428,791,791
2015-12-19 20:04:06,009,355,66,390,428,791,791
2015-12-19 20:04:07,013,356,66,390,428,791,791
2015-12-19 20:04:08,018,357,66,391,428,791,791
2015-12-19 20:04:09,022,358,66,391,428,791,791
2015-12-19 20:04:10,027,359,66,392,429,791,791
2015-12-19 20:04:11,032,360,66,392,429,791,791
2015-12-19 20:04:12,034,361,66,393,429,791,791
2015-12-19 20:04:13,040,362,66,393,429,791,791
2015-12-19 20:04:14,042,363,66,394,429,791,791
2015-12-19 20:04:15,047,364,66,394,429,791,791
2015-12-19 20:04:16,052,365,66,395,430,791,791
2015-12-19 20:04:17,057,366,66,396,430,791,791
2015-12-19 20:04:18,060,367,66,396,430,791,791
2015-12-19 20:04:19,065,368,66,397,430,791,791
2015-12-19 20:04:20,070,369,66,397,430,791,791
2015-12-19 20:04:21,075,370,66,397,430,791,791
2015-12-19 20:04:22,081,371,66,398,430,791,791
2015-12-19 20:04:23,083,372,66,398,431,791,791
2015-12-19 20:04:24,089,373,66,399,431,791,791
2015-12-19 20:04:25,091,374,67,400,431,791,791
2015-12-19 20:04:26,094,375,66,400,431,791,791
2015-12-19 20:04:27,097,376,66,400,431,791,791
2015-12-19 20:04:28,102,377,66,401,432,791,791
2015-12-19 20:04:29,106,378,66,401,432,791,791
2015-12-19 20:04:30,111,379,66,402,432,791,791
2015-12-19 20:04:31,115,380,66,402,432,791,791
2015-12-19 20:04:32,120,381,66,403,432,791,791
2015-12-19 20:04:33,123,382,66,403,433,791,791
2015-12-19 20:04:34,125,383,66,404,433,791,791
2015-12-19 20:04:35,131,384,66,404,433,791,791
2015-12-19 20:04:36,135,385,66,405,433,791,791
2015-12-19 20:04:37,139,386,66,405,433,791,791
2015-12-19 20:04:38,142,387,66,406,434,791,791
2015-12-19 20:04:39,148,388,66,406,434,791,791
2015-12-19 20:04:40,150,389,67,407,434,791,791
2015-12-19 20:04:41,152,390,67,407,434,791,791
2015-12-19 20:04:42,155,391,66,408,435,791,791
2015-12-19 20:04:43,160,392,67,408,435,791,791
2015-12-19 20:04:44,165,393,67,409,435,791,791
2015-12-19 20:04:45,169,394,67,409,435,791,791
2015-12-19 20:04:46,169,395,67,410,435,791,791
2015-12-19 20:04:47,175,396,67,410,435,791,791
2015-12-19 20:04:48,177,397,67,411,436,791,791
2015-12-19 20:04:49,182,398,67,411,436,791,791
2015-12-19 20:04:50,187,399,67,411,436,791,791
2015-12-19 20:04:51,191,400,67,412,436,791,791
2015-12-19 20:04:52,193,401,67,412,436,791,791
2015-12-19 20:04:53,195,402,67,413,437,791,791
2015-12-19 20:04:54,197,403,66,413,437,791,791
2015-12-19 20:04:55,200,404,67,413,437,791,791
2015-12-19 20:04:56,206,405,67,414,437,791,791
2015-12-19 20:04:57,210,406,67,414,438,791,791
2015-12-19 20:04:58,215,407,67,415,438,791,791
2015-12-19 20:04:59,217,408,67,415,438,791,791
2015-12-19 20:05:00,219,409,67,416,438,791,791
2015-12-19 20:05:01,221,410,67,416,438,791,791
2015-12-19 20:05:02,224,411,67,417,439,791,791
2015-12-19 20:05:03,230,412,67,417,439,791,791
2015-12-19 20:05:04,233,413,67,417,439,791,791
2015-12-19 20:05:05,238,414,67,418,439,791,791
2015-12-19 20:05:06,242,415,67,418,440,791,791
2015-12-19 20:05:07,247,416,67,419,440,791,791
2015-12-19 20:05:08,252,417,67,419,440,791,791
2015-12-19 20:05:09,257,418,67,420,440,791,791
2015-12-19 20:05:10,262,419,67,420,440,791,791
2015-12-19 20:05:11,264,420,67,420,441,791,791
2015-12-19 20:05:12,266,421,67,421,441,791,791
2015-12-19 20:05:13,274,422,67,421,441,791,791
2015-12-19 20:05:14,277,423,67,422,441,791,791
2015-12-19 20:05:15,281,424,67,422,441,790,791
2015-12-19 20:05:16,285,425,67,423,442,791,791
2015-12-19 20:05:17,289,426,67,423,442,791,791
2015-12-19 20:05:18,292,427,67,423,442,791,791
2015-12-19 20:05:19,293,428,67,424,442,791,791
2015-12-19 20:05:20,296,429,67,424,442,791,791
2015-12-19 20:05:21,300,430,67,425,443,791,791
2015-12-19 20:05:22,305,431,67,425,443,791,791
2015-12-19 20:05:23,307,432,67,426,443,791,791
2015-12-19 20:05:24,309,433,67,426,443,791,791
2015-12-19 20:05:25,315,434,67,427,444,790,791
2015-12-19 20:05:26,316,435,67,427,444,791,791
2015-12-19 20:05:27,320,436,67,428,444,791,791
2015-12-19 20:05:28,323,437,67,428,444,791,791
2015-12-19 20:05:29,326,438,67,429,445,791,791
2015-12-19 20:05:30,328,439,67,429,445,791,791
2015-12-19 20:05:31,330,440,67,430,445,791,791
2015-12-19 20:05:32,333,441,67,430,446,791,791
2015-12-19 20:05:33,339,442,67,431,446,791,791
2015-12-19 20:05:34,341,443,67,431,446,791,791
2015-12-19 20:05:35,343,444,67,432,446,791,791
2015-12-19 20:05:36,346,445,67,432,446,790,791
2015-12-19 20:05:37,348,446,67,433,446,791,791
2015-12-19 20:05:38,353,447,67,433,446,791,791
2015-12-19 20:05:39,357,448,67,433,447,791,791
2015-12-19 20:05:40,361,449,67,434,447,791,791
2015-12-19 20:05:41,365,450,67,434,447,790,791
2015-12-19 20:05:42,367,451,67,435,447,790,791
2015-12-19 20:05:43,369,452,67,435,447,791,791
2015-12-19 20:05:44,373,453,67,435,447,791,791
2015-12-19 20:05:45,378,454,67,436,448,790,791
2015-12-19 20:05:46,380,455,67,436,448,790,791
2015-12-19 20:05:47,381,456,67,437,448,790,791
2015-12-19 20:05:48,385,457,67,437,448,790,791
2015-12-19 20:05:49,387,458,67,438,448,790,791
2015-12-19 20:05:50,389,459,67,438,449,790,791
2015-12-19 20:05:51,393,460,67,439,449,791,791
2015-12-19 20:05:52,395,461,67,439,449,790,791
2015-12-19 20:05:53,400,462,67,439,450,791,791
2015-12-19 20:05:54,402,463,67,440,450,790,791
2015-12-19 20:05:55,404,464,67,440,450,790,791
2015-12-19 20:05:56,407,465,67,440,450,790,791
2015-12-19 20:05:57,411,466,67,441,451,790,791
2015-12-19 20:05:58,416,467,67,441,451,790,791
2015-12-19 20:05:59,418,468,67,442,451,790,791
2015-12-19 20:06:00,423,469,67,442,451,791,791
2015-12-19 20:06:01,427,470,67,443,451,790,791
2015-12-19 20:06:02,427,471,67,443,451,790,791
2015-12-19 20:06:03,431,472,67,444,452,790,791
2015-12-19 20:06:04,434,473,67,444,452,790,791
2015-12-19 20:06:05,435,474,67,445,452,790,791
2015-12-19 20:06:06,439,475,67,445,452,790,791
2015-12-19 20:06:07,441,476,67,445,452,790,791
2015-12-19 20:06:08,444,477,67,446,452,790,791
2015-12-19 20:06:09,449,478,67,446,453,790,791
2015-12-19 20:06:10,450,479,67,447,453,790,791
2015-12-19 20:06:11,455,480,67,447,453,790,791
2015-12-19 20:06:12,457,481,67,447,453,790,791
2015-12-19 20:06:13,462,482,67,448,453,790,791
2015-12-19 20:06:14,465,483,67,448,453,790,791
2015-12-19 20:06:15,466,484,67,449,454,790,791
2015-12-19 20:06:16,472,485,67,449,454,790,791
2015-12-19 20:06:17,473,486,67,449,454,790,791
2015-12-19 20:06:18,478,487,67,450,454,790,791
2015-12-19 20:06:19,482,488,67,450,454,790,791
2015-12-19 20:06:20,487,489,67,451,454,790,791
2015-12-19 20:06:21,490,490,67,451,454,790,791
2015-12-19 20:06:22,495,491,67,451,454,790,791
2015-12-19 20:06:23,500,492,67,452,454,790,791
2015-12-19 20:06:24,504,493,67,452,454,790,791
2015-12-19 20:06:25,506,494,67,452,454,790,791
2015-12-19 20:06:26,512,495,67,453,454,790,791
2015-12-19 20:06:27,516,496,67,453,455,790,791
2015-12-19 20:06:28,521,497,67,454,455,790,791
2015-12-19 20:06:29,523,498,67,454,455,790,791
2015-12-19 20:06:30,529,499,67,455,455,790,791
2015-12-19 20:06:31,531,500,67,455,455,790,791
2015-12-19 20:06:32,533,501,67,455,455,790,791
2015-12-19 20:06:33,535,502,67,456,455,790,791
2015-12-19 20:06:34,540,503,67,456,456,790,791
2015-12-19 20:06:35,545,504,67,457,456,790,791
2015-12-19 20:06:36,548,505,67,457,456,790,791
2015-12-19 20:06:37,554,506,67,458,456,790,791
2015-12-19 20:06:38,557,507,67,458,456,790,791
2015-12-19 20:06:39,562,508,67,458,457,790,791
2015-12-19 20:06:40,565,509,67,459,457,790,791
2015-12-19 20:06:41,571,510,67,459,457,790,791
2015-12-19 20:06:42,576,511,67,459,457,790,791
2015-12-19 20:06:43,579,512,67,460,458,790,791
2015-12-19 20:06:44,581,513,67,460,458,790,791
2015-12-19 20:06:45,583,514,67,461,458,790,791
2015-12-19 20:06:46,586,515,67,461,458,790,791
2015-12-19 20:06:47,588,516,67,462,459,790,791
2015-12-19 20:06:48,591,517,67,462,459,790,791
2015-12-19 20:06:49,596,518,67,463,459,790,791
2015-12-19 20:06:50,603,519,67,463,459,790,791
2015-12-19 20:06:51,605,520,67,464,459,790,791
2015-12-19 20:06:52,607,521,67,464,459,790,791
2015-12-19 20:06:53,609,522,67,465,460,790,791
2015-12-19 20:06:54,612,523,67,465,460,790,791
2015-12-19 20:06:55,615,524,67,465,460,790,791
2015-12-19 20:06:56,620,525,67,466,460,790,791
2015-12-19 20:06:57,623,526,67,466,460,790,791
2015-12-19 20:06:58,629,527,67,467,461,790,791
2015-12-19 20:06:59,635,528,67,467,461,790,791
2015-12-19 20:07:00,637,529,67,467,461,790,791
2015-12-19 20:07:01,638,530,67,468,462,790,791
2015-12-19 20:07:02,642,531,67,468,462,790,791
2015-12-19 20:07:03,644,532,67,469,462,790,791
2015-12-19 20:07:04,649,533,67,469,462,790,791
2015-12-19 20:07:05,653,535,67,470,462,790,791
2015-12-19 20:07:06,659,536,67,470,463,790,791
2015-12-19 20:07:07,662,537,67,470,463,790,791
2015-12-19 20:07:08,668,538,67,471,463,790,791
2015-12-19 20:07:09,670,539,67,471,463,790,791
2015-12-19 20:07:10,671,540,67,472,464,790,791
2015-12-19 20:07:11,674,541,67,472,464,790,791
2015-12-19 20:07:12,677,542,67,473,464,790,791
2015-12-19 20:07:13,679,543,67,473,464,790,791
2015-12-19 20:07:14,681,544,67,473,464,790,791
2015-12-19 20:07:15,684,545,67,474,464,790,791
2015-12-19 20:07:16,690,546,67,474,464,790,791
2015-12-19 20:07:17,692,547,67,474,465,790,791
2015-12-19 20:07:18,697,548,67,475,465,790,791
2015-12-19 20:07:19,701,549,67,475,465,790,791
2015-12-19 20:07:20,704,550,67,476,465,790,791
2015-12-19 20:07:21,710,551,67,476,466,790,791
2015-12-19 20:07:22,715,552,67,476,466,790,791
2015-12-19 20:07:23,718,553,67,477,466,790,791
2015-12-19 20:07:24,722,554,67,477,466,790,791
2015-12-19 20:07:25,726,555,67,477,466,790,791
2015-12-19 20:07:26,732,556,67,478,467,790,791
2015-12-19 20:07:27,735,557,67,478,467,790,791
2015-12-19 20:07:28,740,558,67,478,467,790,791
2015-12-19 20:07:29,743,559,67,479,467,790,791
2015-12-19 20:07:30,748,560,67,479,468,790,791
2015-12-19 20:07:31,752,561,67,479,468,790,791
2015-12-19 20:07:32,752,562,67,480,468,790,791
2015-12-19 20:07:33,756,563,67,480,468,790,791
2015-12-19 20:07:34,759,564,67,480,468,790,791
2015-12-19 20:07:35,763,565,67,481,469,790,791
2015-12-19 20:07:36,767,566,67,481,469,790,791
2015-12-19 20:07:37,769,567,67,481,469,790,791
2015-12-19 20:07:38,772,568,67,482,469,790,791
2015-12-19 20:07:39,776,569,67,482,469,790,791
2015-12-19 20:07:40,781,570,67,482,469,790,791
2015-12-19 20:07:41,783,571,67,483,469,790,791
2015-12-19 20:07:42,785,572,67,483,469,790,791
2015-12-19 20:07:43,788,573,67,484,470,790,791
2015-12-19 20:07:44,790,574,67,484,470,790,791
2015-12-19 20:07:45,794,575,67,484,470,790,791
2015-12-19 20:07:46,798,576,67,485,470,790,791
2015-12-19 20:07:47,803,577,67,485,470,790,791
2015-12-19 20:07:48,807,578,67,485,470,790,791
2015-12-19 20:07:49,813,579,67,485,470,790,791
2015-12-19 20:07:50,815,580,67,485,470,790,791
2015-12-19 20:07:51,820,581,67,485,470,790,791
2015-12-19 20:07:52,824,582,67,485,470,790,791
2015-12-19 20:07:53,829,583,67,486,470,790,791
2015-12-19 20:07:54,832,584,67,486,471,790,791
2015-12-19 20:07:55,838,585,67,486,471,790,791
2015-12-19 20:07:56,841,586,67,486,471,790,791
2015-12-19 20:07:57,847,587,67,487,471,790,791
2015-12-19 20:07:58,849,588,67,487,471,790,791
2015-12-19 20:07:59,852,589,67,487,471,790,791
2015-12-19 20:08:00,858,590,67,488,471,790,791
2015-12-19 20:08:01,860,591,67,488,471,790,791
2015-12-19 20:08:02,867,592,67,488,472,790,791
2015-12-19 20:08:03,872,593,67,488,472,790,791
2015-12-19 20:08:04,878,594,67,488,472,790,791
2015-12-19 20:08:05,881,595,67,489,472,790,791
2015-12-19 20:08:06,886,596,67,489,472,790,791
2015-12-19 20:08:07,889,597,67,489,472,790,791
2015-12-19 20:08:08,892,598,67,490,472,790,791
2015-12-19 20:08:09,893,599,67,490,472,790,791
2015-12-19 20:08:10,896,600,67,490,472,790,791
2015-12-19 20:08:11,899,601,67,490,472,790,791
2015-12-19 20:08:12,904,602,67,490,473,790,791
2015-12-19 20:08:13,907,603,67,491,473,790,791
2015-12-19 20:08:14,910,604,67,491,473,790,791
2015-12-19 20:08:15,912,605,67,491,473,790,791
2015-12-19 20:08:16,914,606,67,491,473,790,791
2015-12-19 20:08:17,918,607,67,492,473,790,791
2015-12-19 20:08:18,923,608,67,492,474,790,791
2015-12-19 20:08:19,929,609,67,492,474,790,791
2015-12-19 20:08:20,931,610,67,493,474,790,791
2015-12-19 20:08:21,934,611,67,493,474,790,791
2015-12-19 20:08:22,940,612,67,493,474,790,791
2015-12-19 20:08:23,945,613,67,494,474,790,791
2015-12-19 20:08:24,948,614,67,494,474,790,791
2015-12-19 20:08:25,953,615,67,494,474,790,791
2015-12-19 20:08:26,957,616,67,495,474,790,791
2015-12-19 20:08:27,960,617,68,495,474,790,791
2015-12-19 20:08:28,965,618,67,495,474,790,791
2015-12-19 20:08:29,970,619,67,495,474,790,791
2015-12-19 20:08:30,974,620,67,496,474,790,791
2015-12-19 20:08:31,980,621,67,496,475,790,791
2015-12-19 20:08:32,982,622,67,496,475,790,791
2015-12-19 20:08:33,988,623,67,496,475,790,791
2015-12-19 20:08:34,991,624,68,497,475,790,791
2015-12-19 20:08:35,997,625,67,497,475,790,791
2015-12-19 20:08:37,000,626,67,497,475,790,791
2015-12-19 20:08:38,006,627,68,497,475,790,791
2015-12-19 20:08:39,011,628,68,498,475,790,791
2015-12-19 20:08:40,014,629,68,498,475,790,791
2015-12-19 20:08:41,017,630,68,498,475,790,791
2015-12-19 20:08:42,022,631,68,498,475,790,791
2015-12-19 20:08:43,028,632,67,498,475,790,791
2015-12-19 20:08:44,031,633,67,499,475,790,791
2015-12-19 20:08:45,034,634,68,499,474,790,791
2015-12-19 20:08:46,040,635,67,499,474,790,791
2015-12-19 20:08:47,042,636,68,500,474,790,791
2015-12-19 20:08:48,047,637,68,500,474,790,791
2015-12-19 20:08:49,051,638,67,500,474,790,791
2015-12-19 20:08:50,056,639,68,500,474,790,791
2015-12-19 20:08:51,059,640,68,500,474,790,791
2015-12-19 20:08:52,062,641,68,501,474,790,791
2015-12-19 20:08:53,068,642,68,501,474,790,791
2015-12-19 20:08:54,074,643,68,501,474,790,791
2015-12-19 20:08:55,076,644,68,501,474,790,791
2015-12-19 20:08:56,077,645,68,501,474,790,791
2015-12-19 20:08:57,081,646,68,502,474,790,791
2015-12-19 20:08:58,083,647,68,502,474,790,791
2015-12-19 20:08:59,085,648,68,502,474,790,791
2015-12-19 20:09:00,091,649,68,503,474,790,791
2015-12-19 20:09:01,094,650,68,503,473,790,791
2015-12-19 20:09:02,098,651,68,503,473,790,791
2015-12-19 20:09:03,099,652,68,504,474,790,791
2015-12-19 20:09:04,104,653,68,504,474,790,791
2015-12-19 20:09:05,107,654,68,504,474,790,791
2015-12-19 20:09:06,108,655,68,505,473,790,791
2015-12-19 20:09:07,111,656,68,505,473,790,791
2015-12-19 20:09:08,114,657,68,505,473,790,791
2015-12-19 20:09:09,117,658,68,506,473,790,791
2015-12-19 20:09:10,123,659,68,506,472,790,791
2015-12-19 20:09:11,123,660,68,506,472,790,791
2015-12-19 20:09:12,127,661,68,506,472,790,791
2015-12-19 20:09:13,129,662,68,507,471,790,791
2015-12-19 20:09:14,133,663,68,507,471,790,791
2015-12-19 20:09:15,137,664,68,508,471,790,791
2015-12-19 20:09:16,139,665,68,508,471,790,791
2015-12-19 20:09:17,142,666,68,508,471,790,791
2015-12-19 20:09:18,146,667,68,509,470,790,791
2015-12-19 20:09:19,151,668,68,509,470,790,791
2015-12-19 20:09:20,153,669,68,510,470,790,791
2015-12-19 20:09:21,159,670,68,510,469,790,791
2015-12-19 20:09:22,162,671,68,510,469,790,791
2015-12-19 20:09:23,164,672,68,510,469,790,791
2015-12-19 20:09:24,168,673,68,510,469,790,791
2015-12-19 20:09:25,169,674,68,511,469,790,791
2015-12-19 20:09:26,175,675,68,511,468,790,791
2015-12-19 20:09:27,177,676,68,511,468,790,791
2015-12-19 20:09:28,183,677,68,511,467,790,791
2015-12-19 20:09:29,187,678,68,512,467,790,791
2015-12-19 20:09:30,192,679,68,512,467,790,791
2015-12-19 20:09:31,194,680,68,512,467,790,791
2015-12-19 20:09:32,200,681,68,512,467,790,791
2015-12-19 20:09:33,203,682,68,512,466,790,791
2015-12-19 20:09:34,205,683,68,513,466,790,791
2015-12-19 20:09:35,208,684,68,513,466,790,791
2015-12-19 20:09:36,210,685,68,513,466,790,791
2015-12-19 20:09:37,214,686,68,514,466,790,791
2015-12-19 20:09:38,218,687,68,514,466,790,791
2015-12-19 20:09:39,221,688,68,514,465,790,791
2015-12-19 20:09:40,227,689,68,514,465,790,791
2015-12-19 20:09:41,232,690,68,514,465,790,791
2015-12-19 20:09:42,236,691,68,514,465,790,791
2015-12-19 20:09:43,241,692,68,513,465,790,791
2015-12-19 20:09:44,244,693,68,512,465,790,791
2015-12-19 20:09:45,245,694,68,510,464,790,791
2015-12-19 20:09:46,248,695,68,509,464,790,791
2015-12-19 20:09:47,251,696,68,508,463,790,791
2015-12-19 20:09:48,257,697,68,506,462,790,791
2015-12-19 20:09:49,259,698,68,504,462,790,791
2015-12-19 20:09:50,261,699,68,502,461,790,791
2015-12-19 20:09:51,264,700,68,501,460,790,791
2015-12-19 20:09:52,266,701,68,500,459,790,791
2015-12-19 20:09:53,270,702,68,500,459,790,791
2015-12-19 20:09:54,275,703,68,500,458,790,791
2015-12-19 20:09:55,276,704,68,500,457,790,791
2015-12-19 20:09:56,279,705,68,501,457,790,791
2015-12-19 20:09:57,282,706,68,501,457,790,791
2015-12-19 20:09:58,285,707,68,501,456,790,791
2015-12-19 20:09:59,291,708,68,501,456,790,791
2015-12-19 20:10:00,296,709,68,501,456,790,791
2015-12-19 20:10:01,299,710,68,501,456,790,791
2015-12-19 20:10:02,301,711,68,501,455,790,791
2015-12-19 20:10:03,306,712,68,501,455,790,791
2015-12-19 20:10:04,312,713,68,501,454,790,791
2015-12-19 20:10:05,316,714,68,501,454,790,791
2015-12-19 20:10:06,321,715,68,501,454,790,791
2015-12-19 20:10:07,324,716,68,500,454,790,791
2015-12-19 20:10:08,330,717,68,500,453,790,791
2015-12-19 20:10:09,333,718,68,500,453,790,791
2015-12-19 20:10:10,338,719,68,500,453,790,791
2015-12-19 20:10:11,341,720,68,500,453,790,791
2015-12-19 20:10:12,345,721,68,500,453,790,791
2015-12-19 20:10:13,350,722,68,500,452,790,791
2015-12-19 20:10:14,354,723,68,500,452,790,791
2015-12-19 20:10:15,358,724,68,499,452,790,791
2015-12-19 20:10:16,364,725,68,499,452,790,791
2015-12-19 20:10:17,367,726,68,499,452,790,791
2015-12-19 20:10:18,373,727,68,499,452,790,791
2015-12-19 20:10:19,376,728,68,499,452,790,791
2015-12-19 20:10:20,382,729,68,499,452,790,791
2015-12-19 20:10:21,384,730,68,499,451,790,791
2015-12-19 20:10:22,385,731,68,498,451,790,791
2015-12-19 20:10:23,388,732,68,498,451,790,791
2015-12-19 20:10:24,391,733,68,498,451,790,791
2015-12-19 20:10:25,395,734,68,498,452,790,791
2015-12-19 20:10:26,399,735,68,498,452,790,791
2015-12-19 20:10:27,405,736,68,498,452,790,791
2015-12-19 20:10:28,408,737,68,497,452,790,791
2015-12-19 20:10:29,413,738,68,497,452,790,791
2015-12-19 20:10:30,416,739,68,497,452,790,791
2015-12-19 20:10:31,420,740,68,497,452,790,791
2015-12-19 20:10:32,425,741,68,497,453,790,791
2015-12-19 20:10:33,427,742,68,497,452,790,791
2015-12-19 20:10:34,429,743,68,497,453,790,791
2015-12-19 20:10:35,432,744,68,496,452,790,791
2015-12-19 20:10:36,438,745,68,496,452,790,791
2015-12-19 20:10:37,440,746,68,496,452,790,791
2015-12-19 20:10:38,442,747,68,496,452,790,791
2015-12-19 20:10:39,445,748,68,496,452,790,791
2015-12-19 20:10:40,449,749,68,496,452,790,791
2015-12-19 20:10:41,453,750,68,496,452,790,791
2015-12-19 20:10:42,455,751,68,495,452,790,791
2015-12-19 20:10:43,456,752,68,495,452,790,791
2015-12-19 20:10:44,461,753,68,495,452,790,791
2015-12-19 20:10:45,467,754,68,495,452,790,791
2015-12-19 20:10:46,473,755,68,495,452,790,791
2015-12-19 20:10:47,478,756,68,495,452,790,791
2015-12-19 20:10:48,481,757,68,495,451,790,791
2015-12-19 20:10:49,483,758,68,495,451,790,791
2015-12-19 20:10:50,488,759,68,495,451,790,791
2015-12-19 20:10:51,494,760,68,494,451,790,791
2015-12-19 20:10:52,498,761,68,494,451,790,791
2015-12-19 20:10:53,501,762,68,494,451,790,791
2015-12-19 20:10:54,507,763,68,494,451,790,791
2015-12-19 20:10:55,511,764,68,494,451,790,791
2015-12-19 20:10:56,515,765,68,494,451,790,791
2015-12-19 20:10:57,521,766,68,494,451,790,791
2015-12-19 20:10:58,524,767,68,494,451,790,791
2015-12-19 20:10:59,525,768,68,494,451,790,791
2015-12-19 20:11:00,529,769,68,494,451,790,791
2015-12-19 20:11:01,531,770,68,494,451,790,791
2015-12-19 20:11:02,536,771,68,494,451,790,791
2015-12-19 20:11:03,539,772,68,493,451,790,791
2015-12-19 20:11:04,541,773,68,493,451,790,791
2015-12-19 20:11:05,544,774,68,493,450,790,791
2015-12-19 20:11:06,546,775,68,493,451,790,791
2015-12-19 20:11:07,548,776,68,493,451,790,791
2015-12-19 20:11:08,551,777,68,493,451,790,791
2015-12-19 20:11:09,553,778,68,493,451,790,791
2015-12-19 20:11:10,555,779,68,493,451,790,791
2015-12-19 20:11:11,558,780,68,493,451,790,791
2015-12-19 20:11:12,560,781,68,494,451,790,791
2015-12-19 20:11:13,566,782,68,494,451,790,791
2015-12-19 20:11:14,569,783,68,494,451,790,791
2015-12-19 20:11:15,574,784,68,495,451,790,791
2015-12-19 20:11:16,577,785,68,495,450,790,791
2015-12-19 20:11:17,579,786,68,495,450,790,791
2015-12-19 20:11:18,584,787,68,496,450,790,791
2015-12-19 20:11:19,585,788,68,496,450,790,791
2015-12-19 20:11:20,590,789,68,497,450,790,791
