2017-12-21 19:48:55,077,coffee,datetime,ms,seconds,ambient_temp,thermocouple_0_temp,thermocouple_1_temp,thermocouple_2_temp,thermocouple_3_temp
2017-12-21 19:48:57,140,2,54,552,463,797,797
2017-12-21 19:48:58,146,3,54,544,456,797,797
2017-12-21 19:48:59,148,4,54,533,449,797,797
2017-12-21 19:49:00,154,5,54,520,441,797,797
2017-12-21 19:49:01,160,6,54,506,433,797,797
2017-12-21 19:49:02,162,7,54,493,424,797,797
2017-12-21 19:49:03,165,8,54,479,418,797,797
2017-12-21 19:49:04,168,9,54,467,415,797,797
2017-12-21 19:49:05,172,10,54,455,412,797,797
2017-12-21 19:49:06,174,11,54,444,409,797,797
2017-12-21 19:49:07,178,12,54,434,406,797,797
2017-12-21 19:49:08,180,13,54,423,404,797,797
2017-12-21 19:49:09,183,14,54,413,402,797,797
2017-12-21 19:49:10,187,15,54,404,400,797,797
2017-12-21 19:49:11,188,16,54,395,398,797,797
2017-12-21 19:49:12,193,17,54,386,396,797,797
2017-12-21 19:49:13,196,18,54,378,394,797,797
2017-12-21 19:49:14,197,19,54,370,393,797,797
2017-12-21 19:49:15,202,20,54,362,391,797,797
2017-12-21 19:49:16,205,21,54,355,390,797,797
2017-12-21 19:49:17,208,22,54,348,388,797,797
2017-12-21 19:49:18,211,23,54,341,387,797,797
2017-12-21 19:49:19,213,24,54,335,386,797,797
2017-12-21 19:49:20,217,25,54,329,385,797,797
2017-12-21 19:49:21,221,26,54,323,384,797,797
2017-12-21 19:49:22,226,27,54,318,383,797,797
2017-12-21 19:49:23,232,28,54,312,382,797,797
2017-12-21 19:49:24,233,29,54,307,381,797,797
2017-12-21 19:49:25,235,30,54,302,380,797,797
2017-12-21 19:49:26,241,31,54,298,380,797,797
2017-12-21 19:49:27,242,32,54,294,379,797,797
2017-12-21 19:49:28,243,33,54,289,378,797,797
2017-12-21 19:49:29,245,34,54,285,377,797,797
2017-12-21 19:49:30,248,35,54,282,377,797,797
2017-12-21 19:49:31,250,36,54,278,377,797,797
2017-12-21 19:49:32,254,37,54,275,377,797,797
2017-12-21 19:49:33,258,38,54,271,377,797,797
2017-12-21 19:49:34,261,39,54,268,377,797,797
2017-12-21 19:49:35,264,40,54,265,377,797,797
2017-12-21 19:49:36,267,41,54,262,378,797,797
2017-12-21 19:49:37,270,42,54,259,378,797,797
2017-12-21 19:49:38,273,43,54,257,378,797,797
2017-12-21 19:49:39,276,44,54,254,378,797,797
2017-12-21 19:49:40,282,45,54,252,378,797,797
2017-12-21 19:49:41,288,46,54,250,378,797,797
2017-12-21 19:49:42,291,47,54,248,379,797,797
2017-12-21 19:49:43,297,48,54,246,379,797,797
2017-12-21 19:49:44,302,49,54,244,379,797,797
2017-12-21 19:49:45,304,50,54,242,379,797,797
2017-12-21 19:49:46,310,51,54,241,379,797,797
2017-12-21 19:49:47,315,52,54,240,379,797,797
2017-12-21 19:49:48,320,53,54,238,380,797,797
2017-12-21 19:49:49,323,54,54,237,380,797,797
2017-12-21 19:49:50,329,55,54,236,380,797,797
2017-12-21 19:49:51,334,56,54,235,380,797,797
2017-12-21 19:49:52,338,57,54,234,381,797,797
2017-12-21 19:49:53,344,58,54,233,381,797,797
2017-12-21 19:49:54,348,59,54,232,381,797,797
2017-12-21 19:49:55,351,60,54,231,381,797,797
2017-12-21 19:49:56,357,61,54,230,381,797,797
2017-12-21 19:49:57,362,62,54,230,381,797,797
2017-12-21 19:49:58,368,63,54,229,382,797,797
2017-12-21 19:49:59,371,64,54,229,382,797,797
2017-12-21 19:50:00,373,65,54,228,383,797,797
2017-12-21 19:50:01,377,66,54,228,383,797,797
2017-12-21 19:50:02,379,67,54,228,383,797,797
2017-12-21 19:50:03,383,68,54,227,384,797,797
2017-12-21 19:50:04,386,69,54,227,384,797,797
2017-12-21 19:50:05,389,70,54,227,384,797,797
2017-12-21 19:50:06,392,71,54,227,385,797,797
2017-12-21 19:50:07,396,72,54,226,385,797,797
2017-12-21 19:50:08,398,73,54,226,385,797,797
2017-12-21 19:50:09,401,74,54,226,385,797,797
2017-12-21 19:50:10,404,75,54,226,386,797,797
2017-12-21 19:50:11,407,76,54,226,386,797,797
2017-12-21 19:50:12,410,77,54,226,386,797,797
2017-12-21 19:50:13,414,78,54,226,387,797,797
2017-12-21 19:50:14,417,79,54,226,387,797,797
2017-12-21 19:50:15,420,80,54,226,387,797,797
2017-12-21 19:50:16,421,81,54,227,388,797,797
2017-12-21 19:50:17,426,82,54,227,388,797,797
2017-12-21 19:50:18,429,83,54,227,389,797,797
2017-12-21 19:50:19,432,84,54,227,389,797,797
2017-12-21 19:50:20,434,85,54,228,389,797,797
2017-12-21 19:50:21,436,86,54,228,390,797,797
2017-12-21 19:50:22,441,87,54,229,390,797,797
2017-12-21 19:50:23,442,88,54,229,390,797,797
2017-12-21 19:50:24,447,89,54,230,390,797,797
2017-12-21 19:50:25,450,90,54,230,390,797,797
2017-12-21 19:50:26,454,91,54,230,391,797,797
2017-12-21 19:50:27,459,92,54,231,391,797,797
2017-12-21 19:50:28,465,93,54,232,392,797,797
2017-12-21 19:50:29,471,94,54,232,392,797,797
2017-12-21 19:50:30,472,95,54,233,393,797,797
2017-12-21 19:50:31,474,96,54,233,393,797,797
2017-12-21 19:50:32,480,97,54,234,393,797,797
2017-12-21 19:50:33,485,98,54,235,394,797,797
2017-12-21 19:50:34,491,99,54,235,394,797,797
2017-12-21 19:50:35,494,100,54,236,394,797,797
2017-12-21 19:50:36,498,101,54,237,395,797,797
2017-12-21 19:50:37,503,102,54,237,396,797,797
2017-12-21 19:50:38,505,103,54,238,396,797,797
2017-12-21 19:50:39,505,104,54,239,397,797,797
2017-12-21 19:50:40,511,105,54,239,397,797,797
2017-12-21 19:50:41,516,106,54,240,398,797,797
2017-12-21 19:50:42,519,107,54,241,398,797,797
2017-12-21 19:50:43,522,108,54,241,399,797,797
2017-12-21 19:50:44,526,109,54,242,399,797,797
2017-12-21 19:50:45,529,110,54,243,400,797,797
2017-12-21 19:50:46,532,111,54,244,400,797,797
2017-12-21 19:50:47,535,112,54,244,400,797,797
2017-12-21 19:50:48,538,113,54,245,401,797,797
2017-12-21 19:50:49,541,114,54,246,401,797,797
2017-12-21 19:50:50,544,115,54,247,401,797,797
2017-12-21 19:50:51,547,116,54,247,402,797,797
2017-12-21 19:50:52,550,117,54,248,402,797,797
2017-12-21 19:50:53,553,118,54,249,403,797,797
2017-12-21 19:50:54,556,119,54,250,403,797,797
2017-12-21 19:50:55,559,120,54,251,403,797,797
2017-12-21 19:50:56,561,121,54,252,404,797,797
2017-12-21 19:50:57,565,122,54,253,404,797,797
2017-12-21 19:50:58,569,123,54,253,404,797,797
2017-12-21 19:50:59,572,124,54,254,405,797,797
2017-12-21 19:51:00,575,125,54,255,405,797,797
2017-12-21 19:51:01,578,126,54,256,406,797,797
2017-12-21 19:51:02,581,127,54,257,406,797,797
2017-12-21 19:51:03,583,128,54,258,406,797,797
2017-12-21 19:51:04,588,129,54,259,407,797,797
2017-12-21 19:51:05,590,130,54,260,407,797,797
2017-12-21 19:51:06,594,131,54,260,407,797,797
2017-12-21 19:51:07,596,132,54,261,407,797,797
2017-12-21 19:51:08,599,133,54,262,408,797,797
2017-12-21 19:51:09,601,134,54,263,408,797,797
2017-12-21 19:51:10,605,135,54,264,408,797,797
2017-12-21 19:51:11,608,136,54,265,408,797,797
2017-12-21 19:51:12,611,137,54,265,408,797,797
2017-12-21 19:51:13,616,138,54,266,409,797,797
2017-12-21 19:51:14,617,139,54,267,409,797,797
2017-12-21 19:51:15,621,140,54,268,410,797,797
2017-12-21 19:51:16,624,141,54,269,410,797,797
2017-12-21 19:51:17,627,142,54,270,410,797,797
2017-12-21 19:51:18,630,143,54,271,411,797,797
2017-12-21 19:51:19,632,144,54,272,411,797,797
2017-12-21 19:51:20,636,145,54,272,411,797,797
2017-12-21 19:51:21,636,146,54,273,411,797,797
2017-12-21 19:51:22,641,147,54,274,412,797,797
2017-12-21 19:51:23,645,148,54,275,412,797,797
2017-12-21 19:51:24,646,149,54,276,412,797,797
2017-12-21 19:51:25,647,150,54,277,412,797,797
2017-12-21 19:51:26,650,151,54,278,413,797,797
2017-12-21 19:51:27,656,152,54,279,413,797,797
2017-12-21 19:51:28,661,153,54,280,413,797,797
2017-12-21 19:51:29,664,154,54,280,413,797,797
2017-12-21 19:51:30,667,155,54,281,414,797,797
2017-12-21 19:51:31,672,156,54,282,414,797,797
2017-12-21 19:51:32,678,157,54,283,414,797,797
2017-12-21 19:51:33,680,158,54,284,414,797,797
2017-12-21 19:51:34,681,159,54,285,414,797,797
2017-12-21 19:51:35,687,160,54,285,415,797,797
2017-12-21 19:51:36,688,161,54,286,415,797,797
2017-12-21 19:51:37,694,162,54,287,415,797,797
2017-12-21 19:51:38,700,163,54,288,415,797,797
2017-12-21 19:51:39,702,164,54,289,416,797,797
2017-12-21 19:51:40,708,165,54,290,416,797,797
2017-12-21 19:51:41,712,166,54,291,416,797,797
2017-12-21 19:51:42,718,167,54,292,416,797,797
2017-12-21 19:51:43,724,168,54,293,417,797,797
2017-12-21 19:51:44,727,169,54,293,417,797,797
2017-12-21 19:51:45,730,170,54,294,417,797,797
2017-12-21 19:51:46,732,171,54,295,417,797,797
2017-12-21 19:51:47,736,172,54,296,417,797,797
2017-12-21 19:51:48,739,173,54,297,417,797,797
2017-12-21 19:51:49,742,174,54,298,418,797,797
2017-12-21 19:51:50,745,175,54,298,418,797,797
2017-12-21 19:51:51,748,176,54,299,418,797,797
2017-12-21 19:51:52,751,177,54,300,418,797,797
2017-12-21 19:51:53,753,178,54,301,418,797,797
2017-12-21 19:51:54,757,179,54,302,418,797,797
2017-12-21 19:51:55,760,180,54,303,419,797,797
2017-12-21 19:51:56,764,181,54,304,419,797,797
2017-12-21 19:51:57,767,182,54,304,419,797,797
2017-12-21 19:51:58,767,183,54,305,419,797,797
2017-12-21 19:51:59,773,184,54,306,419,797,797
2017-12-21 19:52:00,776,185,54,307,419,797,797
2017-12-21 19:52:01,779,186,54,308,420,797,797
2017-12-21 19:52:02,785,187,54,308,420,797,797
2017-12-21 19:52:03,790,188,54,309,420,797,797
2017-12-21 19:52:04,796,189,54,310,420,797,797
2017-12-21 19:52:05,801,190,54,311,420,797,797
2017-12-21 19:52:06,802,191,54,312,420,797,797
2017-12-21 19:52:07,804,192,54,313,421,797,797
2017-12-21 19:52:08,805,193,54,313,421,797,797
2017-12-21 19:52:09,805,194,54,314,421,797,797
2017-12-21 19:52:10,806,195,54,315,421,797,797
2017-12-21 19:52:11,807,196,54,316,422,797,797
2017-12-21 19:52:12,810,197,54,317,422,797,797
2017-12-21 19:52:13,815,198,54,318,422,797,797
2017-12-21 19:52:14,819,199,54,318,422,797,797
2017-12-21 19:52:15,819,200,54,319,423,797,797
2017-12-21 19:52:16,825,201,54,320,423,797,797
2017-12-21 19:52:17,828,202,54,321,423,797,797
2017-12-21 19:52:18,831,203,54,322,424,797,797
2017-12-21 19:52:19,834,204,54,322,424,797,797
2017-12-21 19:52:20,837,205,54,323,424,797,797
2017-12-21 19:52:21,840,206,54,324,425,797,797
2017-12-21 19:52:22,841,207,54,325,425,797,797
2017-12-21 19:52:23,842,208,54,326,425,797,797
2017-12-21 19:52:24,843,209,54,326,425,797,797
2017-12-21 19:52:25,848,210,54,327,425,797,797
2017-12-21 19:52:26,850,211,54,328,426,797,797
2017-12-21 19:52:27,855,212,54,329,426,797,797
2017-12-21 19:52:28,861,213,54,329,426,797,797
2017-12-21 19:52:29,865,214,54,330,426,797,797
2017-12-21 19:52:30,867,215,54,331,426,797,797
2017-12-21 19:52:31,871,216,54,332,427,797,797
2017-12-21 19:52:32,874,217,54,332,427,797,797
2017-12-21 19:52:33,877,218,54,333,427,797,797
2017-12-21 19:52:34,880,219,54,334,427,797,797
2017-12-21 19:52:35,883,220,54,334,428,797,797
2017-12-21 19:52:36,886,221,54,335,428,797,797
2017-12-21 19:52:37,889,222,54,336,428,797,797
2017-12-21 19:52:38,892,223,54,337,428,797,797
2017-12-21 19:52:39,895,224,54,338,428,797,797
2017-12-21 19:52:40,901,225,54,338,429,797,797
2017-12-21 19:52:41,902,226,54,339,429,797,797
2017-12-21 19:52:42,904,227,54,340,429,797,797
2017-12-21 19:52:43,908,228,54,340,429,797,797
2017-12-21 19:52:44,911,229,54,341,429,797,797
2017-12-21 19:52:45,914,230,54,342,429,797,797
2017-12-21 19:52:46,917,231,54,343,430,797,797
2017-12-21 19:52:47,918,232,54,343,430,797,797
2017-12-21 19:52:48,925,233,54,344,430,797,797
2017-12-21 19:52:49,926,234,54,345,430,797,797
2017-12-21 19:52:50,927,235,54,346,431,797,797
2017-12-21 19:52:51,932,236,54,346,430,797,797
2017-12-21 19:52:52,935,237,54,347,431,797,797
2017-12-21 19:52:53,938,238,54,348,431,797,797
2017-12-21 19:52:54,942,239,54,348,431,797,797
2017-12-21 19:52:55,944,240,54,349,431,797,797
2017-12-21 19:52:56,948,241,54,350,431,797,797
2017-12-21 19:52:57,951,242,54,350,431,797,797
2017-12-21 19:52:58,954,243,54,351,432,797,797
2017-12-21 19:52:59,959,244,54,352,432,797,797
2017-12-21 19:53:00,965,245,54,353,432,797,797
2017-12-21 19:53:01,966,246,54,353,432,797,797
2017-12-21 19:53:02,968,247,54,354,432,797,797
2017-12-21 19:53:03,969,248,54,354,433,797,797
2017-12-21 19:53:04,973,249,54,355,433,797,797
2017-12-21 19:53:05,975,250,54,356,433,797,797
2017-12-21 19:53:06,978,251,54,356,433,797,797
2017-12-21 19:53:07,981,252,54,357,434,797,797
2017-12-21 19:53:08,984,253,54,357,434,797,797
2017-12-21 19:53:09,987,254,54,358,434,797,797
2017-12-21 19:53:10,990,255,54,359,434,797,797
2017-12-21 19:53:11,994,256,54,359,434,797,797
2017-12-21 19:53:12,997,257,54,360,434,797,797
2017-12-21 19:53:13,998,258,54,361,435,797,797
2017-12-21 19:53:15,003,259,54,361,435,797,797
2017-12-21 19:53:16,006,260,54,362,435,797,797
2017-12-21 19:53:17,009,261,54,362,435,797,797
2017-12-21 19:53:18,015,262,54,363,435,797,797
2017-12-21 19:53:19,021,263,54,363,435,797,797
2017-12-21 19:53:20,026,264,54,364,435,797,797
2017-12-21 19:53:21,027,265,54,365,435,797,797
2017-12-21 19:53:22,028,266,54,365,435,797,797
2017-12-21 19:53:23,029,267,54,366,436,797,797
2017-12-21 19:53:24,029,268,54,367,436,797,797
2017-12-21 19:53:25,033,269,54,368,436,797,797
2017-12-21 19:53:26,034,270,54,368,436,797,797
2017-12-21 19:53:27,040,271,54,369,436,797,797
2017-12-21 19:53:28,042,272,54,369,436,797,797
2017-12-21 19:53:29,046,273,54,370,437,797,797
2017-12-21 19:53:30,049,274,54,370,437,797,797
2017-12-21 19:53:31,052,275,54,371,437,797,797
2017-12-21 19:53:32,055,276,54,372,437,797,797
2017-12-21 19:53:33,057,277,54,372,438,797,797
2017-12-21 19:53:34,061,278,54,373,438,797,797
2017-12-21 19:53:35,064,279,54,373,438,797,797
2017-12-21 19:53:36,067,280,54,374,438,797,797
2017-12-21 19:53:37,069,281,54,374,438,797,797
2017-12-21 19:53:38,073,282,54,375,438,797,797
2017-12-21 19:53:39,076,284,54,375,438,797,797
2017-12-21 19:53:40,077,285,54,376,438,797,797
2017-12-21 19:53:41,081,286,54,377,438,797,797
2017-12-21 19:53:42,086,287,54,377,438,797,797
2017-12-21 19:53:43,089,288,54,378,438,797,797
2017-12-21 19:53:44,092,289,54,379,438,797,797
2017-12-21 19:53:45,095,290,54,379,439,797,797
2017-12-21 19:53:46,098,291,54,380,439,797,797
2017-12-21 19:53:47,101,292,54,380,439,797,797
2017-12-21 19:53:48,102,293,54,381,439,797,797
2017-12-21 19:53:49,107,294,54,381,440,797,797
2017-12-21 19:53:50,110,295,54,382,440,797,797
2017-12-21 19:53:51,113,296,54,383,440,797,797
2017-12-21 19:53:52,117,297,54,383,440,797,797
2017-12-21 19:53:53,119,298,54,384,440,797,797
2017-12-21 19:53:54,123,299,54,384,440,797,797
2017-12-21 19:53:55,126,300,54,385,441,797,797
2017-12-21 19:53:56,127,301,54,386,441,797,797
2017-12-21 19:53:57,131,302,54,386,441,797,797
2017-12-21 19:53:58,135,303,54,387,441,797,797
2017-12-21 19:53:59,137,304,54,387,441,797,797
2017-12-21 19:54:00,141,305,54,388,441,797,797
2017-12-21 19:54:01,149,306,54,388,441,797,797
2017-12-21 19:54:02,157,307,54,389,441,797,797
2017-12-21 19:54:03,167,308,54,389,441,797,797
2017-12-21 19:54:04,169,309,54,390,442,797,797
2017-12-21 19:54:05,173,310,54,390,442,797,797
2017-12-21 19:54:06,175,311,54,391,442,797,797
2017-12-21 19:54:07,179,312,54,391,442,797,797
2017-12-21 19:54:08,181,313,54,392,442,797,797
2017-12-21 19:54:09,181,314,54,392,442,797,797
2017-12-21 19:54:10,192,315,54,393,443,797,797
2017-12-21 19:54:11,196,316,54,393,443,797,797
2017-12-21 19:54:12,205,317,54,394,443,797,797
2017-12-21 19:54:13,208,318,54,395,443,797,797
2017-12-21 19:54:14,208,319,54,395,443,797,797
2017-12-21 19:54:15,219,320,54,396,443,797,797
2017-12-21 19:54:16,222,321,54,396,443,797,797
2017-12-21 19:54:17,227,322,54,397,444,797,797
2017-12-21 19:54:18,230,323,54,397,444,797,797
2017-12-21 19:54:19,232,324,54,398,444,797,797
2017-12-21 19:54:20,236,325,54,398,444,797,797
2017-12-21 19:54:21,243,326,54,399,444,797,797
2017-12-21 19:54:22,245,327,54,399,445,797,797
2017-12-21 19:54:23,249,328,54,400,445,797,797
2017-12-21 19:54:24,250,329,54,401,445,797,797
2017-12-21 19:54:25,250,330,54,401,446,797,797
2017-12-21 19:54:26,260,331,54,401,446,797,797
2017-12-21 19:54:27,271,332,54,402,446,797,797
2017-12-21 19:54:28,277,333,54,402,446,797,797
2017-12-21 19:54:29,279,334,54,403,446,797,797
2017-12-21 19:54:30,283,335,54,403,446,797,797
2017-12-21 19:54:31,287,336,54,404,447,797,797
2017-12-21 19:54:32,297,337,54,405,447,797,797
2017-12-21 19:54:33,304,338,54,405,447,797,797
2017-12-21 19:54:34,313,339,54,406,447,797,797
2017-12-21 19:54:35,315,340,54,406,447,797,797
2017-12-21 19:54:36,318,341,54,406,448,797,797
2017-12-21 19:54:37,321,342,54,407,448,797,797
2017-12-21 19:54:38,325,343,54,407,448,797,797
2017-12-21 19:54:39,327,344,54,408,448,797,797
2017-12-21 19:54:40,331,345,54,408,448,797,797
2017-12-21 19:54:41,334,346,54,409,448,797,797
2017-12-21 19:54:42,337,347,54,409,448,797,797
2017-12-21 19:54:43,340,348,54,410,449,797,797
2017-12-21 19:54:44,343,349,54,410,449,797,797
2017-12-21 19:54:45,344,350,54,411,449,797,797
2017-12-21 19:54:46,349,351,54,411,449,797,797
2017-12-21 19:54:47,352,352,54,412,449,797,797
2017-12-21 19:54:48,355,353,54,412,450,797,797
2017-12-21 19:54:49,363,354,54,413,450,797,797
2017-12-21 19:54:50,374,355,54,413,450,797,797
2017-12-21 19:54:51,381,356,54,414,450,797,797
2017-12-21 19:54:52,384,357,54,414,450,797,797
2017-12-21 19:54:53,387,358,54,415,450,797,797
2017-12-21 19:54:54,390,359,54,415,450,797,797
2017-12-21 19:54:55,393,360,54,416,450,797,797
2017-12-21 19:54:56,396,361,54,416,451,797,797
2017-12-21 19:54:57,400,362,54,417,451,797,797
2017-12-21 19:54:58,403,363,54,417,451,797,797
2017-12-21 19:54:59,406,364,54,418,451,797,797
2017-12-21 19:55:00,409,365,54,418,451,797,797
2017-12-21 19:55:01,412,366,54,418,452,797,797
2017-12-21 19:55:02,413,367,54,419,452,797,797
2017-12-21 19:55:03,418,368,54,419,452,797,797
2017-12-21 19:55:04,421,369,54,420,452,797,797
2017-12-21 19:55:05,424,370,54,420,452,797,797
2017-12-21 19:55:06,427,371,54,421,452,797,797
2017-12-21 19:55:07,430,372,54,421,452,797,797
2017-12-21 19:55:08,433,373,54,422,453,797,797
2017-12-21 19:55:09,436,374,54,422,452,797,797
2017-12-21 19:55:10,440,375,54,423,453,797,797
2017-12-21 19:55:11,443,376,54,423,453,797,797
2017-12-21 19:55:12,446,377,54,423,453,797,797
2017-12-21 19:55:13,448,378,54,424,453,797,797
2017-12-21 19:55:14,452,379,54,424,453,797,797
2017-12-21 19:55:15,455,380,54,425,453,797,797
2017-12-21 19:55:16,458,381,54,425,454,797,797
2017-12-21 19:55:17,461,382,54,425,454,797,797
2017-12-21 19:55:18,464,383,54,426,454,797,797
2017-12-21 19:55:19,467,384,54,427,454,797,797
2017-12-21 19:55:20,470,385,54,427,454,797,797
2017-12-21 19:55:21,473,386,54,427,454,797,797
2017-12-21 19:55:22,475,387,54,428,454,797,797
2017-12-21 19:55:23,479,388,54,428,454,797,797
2017-12-21 19:55:24,482,389,54,429,454,797,797
2017-12-21 19:55:25,487,390,54,429,455,797,797
2017-12-21 19:55:26,487,391,54,430,455,797,797
2017-12-21 19:55:27,491,392,54,430,455,797,797
2017-12-21 19:55:28,495,393,54,431,455,797,797
2017-12-21 19:55:29,497,394,54,431,455,797,797
2017-12-21 19:55:30,507,395,54,431,455,797,797
2017-12-21 19:55:31,508,396,54,432,455,797,797
2017-12-21 19:55:32,511,397,54,432,456,797,797
2017-12-21 19:55:33,520,398,54,433,456,797,797
2017-12-21 19:55:34,523,399,54,433,456,797,797
2017-12-21 19:55:35,531,400,54,434,456,797,797
2017-12-21 19:55:36,532,401,54,434,457,797,797
2017-12-21 19:55:37,537,402,54,435,457,797,797
2017-12-21 19:55:38,542,403,54,435,457,797,797
2017-12-21 19:55:39,545,404,54,435,457,797,797
2017-12-21 19:55:40,546,405,54,436,457,797,797
2017-12-21 19:55:41,556,406,54,436,458,797,797
2017-12-21 19:55:42,567,407,54,437,458,798,797
2017-12-21 19:55:43,574,408,54,437,458,797,797
2017-12-21 19:55:44,577,409,54,437,458,797,797
2017-12-21 19:55:45,580,410,54,438,458,798,797
2017-12-21 19:55:46,582,411,54,438,458,797,797
2017-12-21 19:55:47,587,412,54,439,459,798,797
2017-12-21 19:55:48,589,413,54,439,459,797,797
2017-12-21 19:55:49,591,414,54,440,459,798,797
2017-12-21 19:55:50,596,415,54,440,459,798,797
2017-12-21 19:55:51,604,416,54,440,459,797,797
2017-12-21 19:55:52,606,417,54,441,459,797,797
2017-12-21 19:55:53,610,418,54,441,459,797,797
2017-12-21 19:55:54,617,419,54,442,460,798,797
2017-12-21 19:55:55,626,420,54,442,460,797,797
2017-12-21 19:55:56,630,421,54,443,460,798,797
2017-12-21 19:55:57,634,422,54,443,460,797,797
2017-12-21 19:55:58,638,423,54,443,460,797,797
2017-12-21 19:55:59,640,424,54,444,460,798,797
2017-12-21 19:56:00,643,425,54,444,461,798,797
2017-12-21 19:56:01,652,426,54,444,461,797,797
2017-12-21 19:56:02,662,427,54,445,461,797,797
2017-12-21 19:56:03,673,428,54,445,461,797,797
2017-12-21 19:56:04,682,429,54,446,461,797,797
2017-12-21 19:56:05,684,430,54,446,461,797,797
2017-12-21 19:56:06,695,431,54,447,462,798,797
2017-12-21 19:56:07,699,432,54,447,462,797,797
2017-12-21 19:56:08,701,433,54,447,462,797,797
2017-12-21 19:56:09,704,434,54,448,462,798,797
2017-12-21 19:56:10,707,435,54,448,462,798,797
2017-12-21 19:56:11,710,436,54,449,462,797,797
2017-12-21 19:56:12,712,437,54,449,462,798,797
2017-12-21 19:56:13,713,438,54,449,462,798,797
2017-12-21 19:56:14,720,439,54,450,462,798,797
2017-12-21 19:56:15,731,440,54,450,462,797,797
2017-12-21 19:56:16,737,441,54,450,462,798,797
2017-12-21 19:56:17,746,442,54,451,461,798,797
2017-12-21 19:56:18,749,443,54,451,461,798,797
2017-12-21 19:56:19,750,444,54,451,461,797,797
2017-12-21 19:56:20,753,445,54,452,462,797,797
2017-12-21 19:56:21,758,446,54,452,462,798,797
2017-12-21 19:56:22,762,447,54,453,462,798,797
2017-12-21 19:56:23,764,448,54,453,462,798,797
2017-12-21 19:56:24,767,449,54,453,462,797,797
2017-12-21 19:56:25,771,450,54,454,463,798,797
2017-12-21 19:56:26,773,451,54,454,463,798,797
2017-12-21 19:56:27,776,452,54,455,463,798,797
2017-12-21 19:56:28,777,453,54,455,463,798,797
2017-12-21 19:56:29,782,454,54,455,463,797,797
2017-12-21 19:56:30,785,455,54,456,463,797,797
2017-12-21 19:56:31,793,456,54,456,464,798,797
2017-12-21 19:56:32,795,457,54,457,464,798,797
2017-12-21 19:56:33,797,458,54,457,464,798,797
2017-12-21 19:56:34,807,459,54,457,464,797,797
2017-12-21 19:56:35,810,460,54,458,464,798,797
2017-12-21 19:56:36,820,461,54,458,464,798,797
2017-12-21 19:56:37,830,462,54,458,464,797,797
2017-12-21 19:56:38,832,463,54,459,464,798,797
2017-12-21 19:56:39,841,464,54,459,465,798,797
2017-12-21 19:56:40,849,465,54,460,465,797,797
2017-12-21 19:56:41,852,466,54,460,465,798,797
2017-12-21 19:56:42,856,467,54,460,465,798,797
2017-12-21 19:56:43,859,468,54,461,465,798,797
2017-12-21 19:56:44,862,469,54,461,465,798,797
2017-12-21 19:56:45,865,470,54,461,466,798,797
2017-12-21 19:56:46,868,471,54,462,466,798,797
2017-12-21 19:56:47,871,472,54,462,466,798,797
2017-12-21 19:56:48,873,473,54,462,466,798,797
2017-12-21 19:56:49,877,474,54,463,467,798,797
2017-12-21 19:56:50,880,475,54,463,467,798,797
2017-12-21 19:56:51,881,476,54,464,467,797,797
2017-12-21 19:56:52,886,477,54,464,467,798,797
2017-12-21 19:56:53,887,478,54,464,467,798,797
2017-12-21 19:56:54,889,479,54,465,467,798,797
2017-12-21 19:56:55,896,480,54,465,467,798,797
2017-12-21 19:56:56,903,481,54,465,468,798,797
2017-12-21 19:56:57,914,482,54,466,468,797,797
2017-12-21 19:56:58,921,483,54,466,468,798,797
2017-12-21 19:56:59,925,484,54,467,468,798,797
2017-12-21 19:57:00,928,485,54,467,468,798,797
2017-12-21 19:57:01,929,486,54,467,468,798,797
2017-12-21 19:57:02,934,487,54,468,468,798,797
2017-12-21 19:57:03,938,488,54,468,469,798,797
2017-12-21 19:57:04,939,489,54,468,469,798,797
2017-12-21 19:57:05,943,490,54,469,469,798,797
2017-12-21 19:57:06,946,491,54,469,469,798,797
2017-12-21 19:57:07,948,492,54,470,469,798,797
2017-12-21 19:57:08,952,493,54,470,469,798,797
2017-12-21 19:57:09,955,494,54,470,469,798,797
2017-12-21 19:57:10,958,495,54,471,469,798,797
2017-12-21 19:57:11,961,496,54,471,470,798,797
2017-12-21 19:57:12,967,497,54,471,470,798,797
2017-12-21 19:57:13,978,498,54,472,470,798,797
2017-12-21 19:57:14,984,499,54,472,470,798,797
2017-12-21 19:57:15,990,500,54,472,470,798,797
2017-12-21 19:57:16,999,501,54,473,470,798,797
2017-12-21 19:57:18,010,502,54,473,470,798,797
2017-12-21 19:57:19,016,503,54,474,471,798,797
2017-12-21 19:57:20,019,504,54,474,471,798,797
2017-12-21 19:57:21,023,505,54,474,471,798,797
2017-12-21 19:57:22,024,506,54,474,471,798,797
2017-12-21 19:57:23,026,507,54,475,471,798,797
2017-12-21 19:57:24,036,508,54,475,472,798,797
2017-12-21 19:57:25,038,509,54,476,472,798,797
2017-12-21 19:57:26,049,510,54,476,472,798,797
2017-12-21 19:57:27,055,511,54,476,472,798,797
2017-12-21 19:57:28,064,512,54,477,472,798,797
2017-12-21 19:57:29,068,513,54,477,472,798,797
2017-12-21 19:57:30,070,514,54,477,472,798,797
2017-12-21 19:57:31,071,515,54,478,473,798,797
2017-12-21 19:57:32,078,517,54,478,473,798,797
2017-12-21 19:57:33,081,518,54,478,473,798,797
2017-12-21 19:57:34,088,519,54,479,473,798,797
2017-12-21 19:57:35,094,520,54,479,473,798,797
2017-12-21 19:57:36,102,521,54,479,474,798,797
2017-12-21 19:57:37,104,522,54,480,474,798,797
2017-12-21 19:57:38,108,523,54,480,474,798,797
2017-12-21 19:57:39,111,524,54,481,474,798,797
2017-12-21 19:57:40,114,525,54,481,474,797,797
2017-12-21 19:57:41,117,526,54,481,475,798,797
2017-12-21 19:57:42,124,527,54,482,475,798,797
2017-12-21 19:57:43,128,528,54,482,475,798,797
2017-12-21 19:57:44,130,529,54,483,475,798,797
2017-12-21 19:57:45,141,530,54,483,476,798,797
2017-12-21 19:57:46,142,531,54,483,476,798,797
2017-12-21 19:57:47,144,532,54,484,476,797,797
2017-12-21 19:57:48,145,533,54,484,476,798,797
2017-12-21 19:57:49,152,534,54,485,476,798,797
2017-12-21 19:57:50,157,535,54,485,476,797,797
2017-12-21 19:57:51,165,536,54,485,477,798,797
2017-12-21 19:57:52,169,537,54,485,477,797,797
2017-12-21 19:57:53,171,538,54,486,477,798,797
2017-12-21 19:57:54,172,539,54,486,477,798,797
2017-12-21 19:57:55,176,540,54,487,477,798,797
2017-12-21 19:57:56,180,541,54,487,477,797,797
2017-12-21 19:57:57,183,542,54,487,477,798,797
2017-12-21 19:57:58,185,543,54,488,477,798,797
2017-12-21 19:57:59,188,544,54,488,478,798,797
2017-12-21 19:58:00,192,545,54,488,478,798,797
2017-12-21 19:58:01,195,546,54,489,478,798,797
2017-12-21 19:58:02,206,547,54,489,479,798,797
2017-12-21 19:58:03,207,548,54,490,479,797,797
2017-12-21 19:58:04,208,549,54,490,479,797,797
2017-12-21 19:58:05,210,550,54,491,479,798,797
2017-12-21 19:58:06,211,551,54,491,479,798,797
2017-12-21 19:58:07,212,552,54,491,479,798,797
2017-12-21 19:58:08,214,553,54,492,480,797,797
2017-12-21 19:58:09,220,554,54,492,480,798,797
2017-12-21 19:58:10,223,555,54,492,480,798,797
2017-12-21 19:58:11,227,556,54,493,480,797,797
2017-12-21 19:58:12,234,557,54,493,480,798,797
2017-12-21 19:58:13,245,558,54,494,480,798,797
2017-12-21 19:58:14,247,559,54,494,481,798,797
2017-12-21 19:58:15,255,560,54,494,481,798,797
2017-12-21 19:58:16,258,561,54,495,481,798,797
2017-12-21 19:58:17,259,562,54,495,481,798,797
2017-12-21 19:58:18,260,563,54,496,482,798,797
2017-12-21 19:58:19,267,564,54,496,482,798,797
2017-12-21 19:58:20,271,565,54,496,482,797,797
2017-12-21 19:58:21,275,566,54,497,482,798,797
2017-12-21 19:58:22,279,567,54,497,482,798,797
2017-12-21 19:58:23,289,568,54,497,483,798,797
2017-12-21 19:58:24,295,569,54,498,483,798,797
2017-12-21 19:58:25,301,570,54,498,483,798,797
2017-12-21 19:58:26,306,571,54,499,483,798,797
2017-12-21 19:58:27,309,572,54,499,483,798,797
2017-12-21 19:58:28,312,573,54,499,482,798,797
2017-12-21 19:58:29,315,574,54,500,483,797,797
2017-12-21 19:58:30,318,575,54,500,483,798,797
2017-12-21 19:58:31,325,576,54,500,483,798,797
2017-12-21 19:58:32,335,577,54,501,483,797,797
2017-12-21 19:58:33,339,578,54,501,483,798,797
2017-12-21 19:58:34,343,579,54,501,483,798,797
2017-12-21 19:58:35,350,580,54,502,483,797,797
2017-12-21 19:58:36,358,581,54,502,483,798,797
2017-12-21 19:58:37,368,582,54,503,483,798,797
2017-12-21 19:58:38,375,583,54,503,483,798,797
2017-12-21 19:58:39,382,584,54,503,484,797,797
2017-12-21 19:58:40,388,585,54,504,484,798,797
2017-12-21 19:58:41,389,586,54,504,484,798,797
2017-12-21 19:58:42,391,587,54,505,484,797,797
2017-12-21 19:58:43,392,588,54,505,485,797,797
2017-12-21 19:58:44,394,589,54,505,485,797,797
2017-12-21 19:58:45,395,590,54,506,486,798,797
2017-12-21 19:58:46,401,591,54,506,486,798,797
2017-12-21 19:58:47,408,592,54,507,486,798,797
2017-12-21 19:58:48,419,593,54,507,487,798,797
2017-12-21 19:58:49,429,594,54,507,487,798,797
2017-12-21 19:58:50,438,595,54,507,487,797,797
2017-12-21 19:58:51,439,596,54,508,488,797,797
2017-12-21 19:58:52,440,597,54,508,488,797,797
2017-12-21 19:58:53,444,598,54,509,488,798,797
2017-12-21 19:58:54,455,599,54,509,488,797,797
2017-12-21 19:58:55,461,600,54,509,489,797,797
2017-12-21 19:58:56,465,601,54,510,489,797,797
2017-12-21 19:58:57,465,602,54,510,490,798,797
2017-12-21 19:58:58,470,603,54,511,490,797,797
2017-12-21 19:58:59,473,604,54,511,490,797,797
2017-12-21 19:59:00,477,605,54,511,491,797,797
2017-12-21 19:59:01,478,606,54,512,491,797,797
2017-12-21 19:59:02,488,607,54,512,491,797,797
2017-12-21 19:59:03,494,608,54,512,491,797,797
2017-12-21 19:59:04,505,609,54,513,491,797,797
2017-12-21 19:59:05,512,610,54,513,491,797,797
2017-12-21 19:59:06,518,611,54,513,491,798,797
2017-12-21 19:59:07,520,612,54,514,491,798,797
2017-12-21 19:59:08,526,613,54,514,490,797,797
2017-12-21 19:59:09,532,614,54,514,490,797,797
2017-12-21 19:59:10,534,615,54,514,490,798,797
2017-12-21 19:59:11,540,616,54,515,489,797,797
2017-12-21 19:59:12,545,617,54,515,489,797,797
2017-12-21 19:59:13,551,618,54,515,488,797,797
2017-12-21 19:59:14,557,619,54,515,488,797,797
2017-12-21 19:59:15,558,620,54,516,487,797,797
2017-12-21 19:59:16,560,621,54,516,486,797,797
2017-12-21 19:59:17,562,622,54,516,486,797,797
2017-12-21 19:59:18,567,623,54,516,485,797,797
2017-12-21 19:59:19,568,624,54,517,484,797,797
2017-12-21 19:59:20,572,625,54,517,483,797,797
2017-12-21 19:59:21,574,626,54,517,482,797,797
2017-12-21 19:59:22,578,627,54,517,481,797,797
2017-12-21 19:59:23,581,628,54,517,480,797,797
2017-12-21 19:59:24,582,629,54,518,480,797,797
2017-12-21 19:59:25,587,630,54,518,478,797,797
2017-12-21 19:59:26,590,631,54,518,477,797,797
2017-12-21 19:59:27,593,632,54,518,477,797,797
2017-12-21 19:59:28,598,633,54,518,476,797,797
2017-12-21 19:59:29,599,634,54,519,476,798,797
2017-12-21 19:59:30,600,635,54,519,475,797,797
2017-12-21 19:59:31,602,636,54,519,475,797,797
2017-12-21 19:59:32,603,637,54,519,474,797,797
2017-12-21 19:59:33,604,638,54,519,474,797,797
2017-12-21 19:59:34,605,639,54,519,474,797,797
2017-12-21 19:59:35,612,640,54,520,473,797,797
2017-12-21 19:59:36,613,641,54,520,473,797,797
2017-12-21 19:59:37,616,642,54,520,473,797,797
2017-12-21 19:59:38,617,643,54,520,472,797,797
2017-12-21 19:59:39,621,644,54,520,472,797,797
2017-12-21 19:59:40,626,645,54,520,472,797,797
2017-12-21 19:59:41,632,646,54,521,472,797,797
2017-12-21 19:59:42,635,647,54,521,471,797,797
2017-12-21 19:59:43,636,648,54,521,471,797,797
2017-12-21 19:59:44,637,649,54,521,470,797,797
2017-12-21 19:59:45,642,650,54,521,470,797,797
2017-12-21 19:59:46,647,651,54,521,470,797,797
2017-12-21 19:59:47,653,652,54,522,469,797,797
2017-12-21 19:59:48,659,653,54,522,469,797,797
2017-12-21 19:59:49,665,654,54,522,469,797,797
2017-12-21 19:59:50,670,655,54,522,468,797,797
2017-12-21 19:59:51,676,656,54,522,468,797,797
2017-12-21 19:59:52,677,657,54,522,467,797,797
2017-12-21 19:59:53,680,658,54,522,467,797,797
2017-12-21 19:59:54,686,659,54,522,466,797,797
2017-12-21 19:59:55,692,660,54,522,466,797,797
2017-12-21 19:59:56,697,661,54,522,465,797,797
2017-12-21 19:59:57,700,662,54,523,465,797,797
2017-12-21 19:59:58,705,663,54,522,465,797,797
2017-12-21 19:59:59,710,664,54,522,464,797,797
2017-12-21 20:00:00,711,665,54,523,464,797,797
2017-12-21 20:00:01,714,666,54,523,463,797,797
2017-12-21 20:00:02,717,667,54,523,463,797,797
2017-12-21 20:00:03,720,668,54,523,463,797,797
2017-12-21 20:00:04,724,669,54,523,462,797,797
2017-12-21 20:00:05,727,670,54,523,462,797,797
2017-12-21 20:00:06,730,671,54,523,462,797,797
2017-12-21 20:00:07,733,672,54,523,461,797,797
2017-12-21 20:00:08,736,673,54,523,461,797,797
2017-12-21 20:00:09,739,674,54,523,461,797,797
2017-12-21 20:00:10,742,675,54,523,460,797,797
2017-12-21 20:00:11,745,676,54,523,460,797,797
2017-12-21 20:00:12,748,677,54,524,459,797,797
2017-12-21 20:00:13,751,678,54,524,459,797,797
2017-12-21 20:00:14,754,679,54,524,459,797,797
2017-12-21 20:00:15,757,680,54,524,459,797,797
2017-12-21 20:00:16,758,681,54,524,459,797,797
2017-12-21 20:00:17,762,682,54,524,458,797,797
2017-12-21 20:00:18,767,683,54,524,458,797,797
2017-12-21 20:00:19,770,684,54,524,458,797,797
2017-12-21 20:00:20,772,685,54,524,458,797,797
2017-12-21 20:00:21,776,686,54,524,457,797,797
2017-12-21 20:00:22,779,687,54,524,457,797,797
2017-12-21 20:00:23,780,688,54,524,456,797,797
2017-12-21 20:00:24,783,689,54,524,456,797,797
2017-12-21 20:00:25,789,690,54,524,456,797,797
2017-12-21 20:00:26,791,691,54,524,456,797,797
2017-12-21 20:00:27,794,692,54,524,455,797,797
2017-12-21 20:00:28,800,693,54,524,455,797,797
2017-12-21 20:00:29,806,694,54,524,455,797,797
2017-12-21 20:00:30,812,695,54,524,455,797,797
2017-12-21 20:00:31,818,696,54,524,455,797,797
2017-12-21 20:00:32,823,697,54,524,455,797,797
2017-12-21 20:00:33,828,698,54,524,454,797,797
2017-12-21 20:00:34,831,699,54,524,454,797,797
2017-12-21 20:00:35,834,700,54,524,454,797,797
2017-12-21 20:00:36,836,701,54,524,454,797,797
2017-12-21 20:00:37,842,702,54,524,454,797,797
2017-12-21 20:00:38,844,703,54,524,454,797,797
2017-12-21 20:00:39,848,704,54,524,454,797,797
2017-12-21 20:00:40,851,705,54,524,455,797,797
2017-12-21 20:00:41,856,706,54,524,455,797,797
2017-12-21 20:00:42,857,707,54,524,456,797,797
2017-12-21 20:00:43,860,708,54,524,456,797,797
2017-12-21 20:00:44,863,709,54,524,457,797,797
2017-12-21 20:00:45,866,710,54,524,457,797,797
2017-12-21 20:00:46,871,711,54,525,457,797,797
2017-12-21 20:00:47,872,712,54,524,457,797,797
2017-12-21 20:00:48,875,713,54,525,458,797,797
2017-12-21 20:00:49,878,714,54,525,458,797,797
2017-12-21 20:00:50,881,715,54,525,458,797,797
2017-12-21 20:00:51,885,716,54,525,459,797,797
2017-12-21 20:00:52,888,717,54,525,459,797,797
2017-12-21 20:00:53,891,718,54,525,459,797,797
2017-12-21 20:00:54,894,719,54,525,460,797,797
2017-12-21 20:00:55,897,720,54,525,460,797,797
2017-12-21 20:00:56,900,721,54,525,460,797,797
2017-12-21 20:00:57,903,722,54,525,460,797,797
2017-12-21 20:00:58,906,723,54,525,460,797,797
2017-12-21 20:00:59,907,724,54,525,460,797,797
2017-12-21 20:01:00,912,725,54,525,461,797,797
2017-12-21 20:01:01,915,726,54,525,461,797,797
2017-12-21 20:01:02,917,727,54,526,461,797,797
2017-12-21 20:01:03,921,728,54,526,461,797,797
2017-12-21 20:01:04,924,729,54,526,461,797,797
2017-12-21 20:01:05,926,730,54,526,461,797,797
2017-12-21 20:01:06,931,731,54,526,461,797,797
2017-12-21 20:01:07,934,732,54,526,461,797,797
2017-12-21 20:01:08,936,733,54,526,461,797,797
2017-12-21 20:01:09,940,734,54,526,461,797,797
2017-12-21 20:01:10,942,735,54,526,461,797,797
2017-12-21 20:01:11,946,736,54,526,461,797,797
2017-12-21 20:01:12,949,737,54,526,461,797,797
2017-12-21 20:01:13,952,738,54,526,461,797,797
2017-12-21 20:01:14,955,739,54,526,461,797,797
2017-12-21 20:01:15,958,740,54,526,461,797,797
2017-12-21 20:01:16,961,741,54,527,461,797,797
2017-12-21 20:01:17,964,742,54,527,462,797,797
2017-12-21 20:01:18,967,743,54,527,462,797,797
2017-12-21 20:01:19,971,744,54,527,462,797,797
2017-12-21 20:01:20,974,745,54,527,462,797,797
2017-12-21 20:01:21,977,746,54,527,462,797,797
