2017-12-21 19:16:51,937,coffee,datetime,ms,seconds,ambient_temp,thermocouple_0_temp,thermocouple_1_temp,thermocouple_2_temp,thermocouple_3_temp
2017-12-21 19:16:54,020,2,46,535,428,802,802
2017-12-21 19:16:55,026,3,46,527,421,802,802
2017-12-21 19:16:56,032,4,46,517,414,802,802
2017-12-21 19:16:57,034,5,46,504,407,802,802
2017-12-21 19:16:58,040,6,46,491,400,802,802
2017-12-21 19:16:59,044,7,46,477,395,802,802
2017-12-21 19:17:00,047,8,46,464,390,802,802
2017-12-21 19:17:01,053,9,46,452,387,802,802
2017-12-21 19:17:02,056,10,47,441,383,802,802
2017-12-21 19:17:03,059,11,47,431,380,802,802
2017-12-21 19:17:04,065,12,47,421,377,802,802
2017-12-21 19:17:05,068,13,47,410,374,802,802
2017-12-21 19:17:06,069,14,47,400,372,802,802
2017-12-21 19:17:07,072,15,46,391,369,802,801
2017-12-21 19:17:08,073,16,47,382,367,802,802
2017-12-21 19:17:09,078,17,47,374,365,802,802
2017-12-21 19:17:10,081,18,47,365,363,802,801
2017-12-21 19:17:11,082,19,47,357,361,802,802
2017-12-21 19:17:12,086,20,47,350,359,802,801
2017-12-21 19:17:13,090,21,47,343,358,802,801
2017-12-21 19:17:14,093,22,47,336,356,802,802
2017-12-21 19:17:15,096,23,47,330,355,802,801
2017-12-21 19:17:16,098,24,47,323,353,802,802
2017-12-21 19:17:17,102,25,47,317,352,802,801
2017-12-21 19:17:18,106,26,47,311,351,802,802
2017-12-21 19:17:19,108,27,47,306,350,802,801
2017-12-21 19:17:20,112,28,47,300,348,802,802
2017-12-21 19:17:21,115,29,47,295,347,802,802
2017-12-21 19:17:22,118,30,47,290,346,802,802
2017-12-21 19:17:23,121,31,47,286,346,802,802
2017-12-21 19:17:24,124,32,47,281,345,802,802
2017-12-21 19:17:25,127,33,47,277,345,802,801
2017-12-21 19:17:26,128,34,47,273,344,802,801
2017-12-21 19:17:27,133,35,47,269,344,802,801
2017-12-21 19:17:28,136,36,47,265,343,802,801
2017-12-21 19:17:29,139,37,47,262,343,802,802
2017-12-21 19:17:30,142,38,47,259,343,802,802
2017-12-21 19:17:31,145,39,47,256,343,802,801
2017-12-21 19:17:32,148,40,47,252,342,802,801
2017-12-21 19:17:33,151,41,47,250,342,802,802
2017-12-21 19:17:34,153,42,47,247,342,802,802
2017-12-21 19:17:35,158,43,47,244,342,802,801
2017-12-21 19:17:36,158,44,47,242,341,802,802
2017-12-21 19:17:37,161,45,47,239,341,802,802
2017-12-21 19:17:38,166,46,47,237,341,802,801
2017-12-21 19:17:39,169,47,47,235,341,802,801
2017-12-21 19:17:40,171,48,47,233,341,802,801
2017-12-21 19:17:41,174,49,47,231,341,802,801
2017-12-21 19:17:42,179,50,47,229,341,802,801
2017-12-21 19:17:43,180,51,47,228,341,802,801
2017-12-21 19:17:44,185,52,47,226,341,802,801
2017-12-21 19:17:45,191,53,47,225,341,802,801
2017-12-21 19:17:46,195,54,47,223,341,802,801
2017-12-21 19:17:47,201,55,47,222,341,802,801
2017-12-21 19:17:48,207,56,47,221,341,802,801
2017-12-21 19:17:49,213,57,47,220,341,802,801
2017-12-21 19:17:50,217,58,47,218,341,802,801
2017-12-21 19:17:51,222,59,47,217,341,802,801
2017-12-21 19:17:52,227,60,47,217,341,802,801
2017-12-21 19:17:53,229,61,47,216,342,802,801
2017-12-21 19:17:54,230,62,47,215,342,802,801
2017-12-21 19:17:55,235,63,47,214,342,802,801
2017-12-21 19:17:56,239,64,47,213,341,802,801
2017-12-21 19:17:57,242,65,47,213,342,802,801
2017-12-21 19:17:58,248,66,47,212,342,802,801
2017-12-21 19:17:59,250,67,47,212,342,802,801
2017-12-21 19:18:00,251,68,47,212,343,802,801
2017-12-21 19:18:01,254,69,47,211,343,802,801
2017-12-21 19:18:02,257,70,47,211,344,802,801
2017-12-21 19:18:03,260,71,47,211,344,802,801
2017-12-21 19:18:04,261,72,47,211,345,802,801
2017-12-21 19:18:05,266,73,47,210,346,802,801
2017-12-21 19:18:06,270,74,47,210,347,802,801
2017-12-21 19:18:07,272,75,47,210,347,802,801
2017-12-21 19:18:08,276,76,47,210,348,802,801
2017-12-21 19:18:09,279,77,47,210,348,802,801
2017-12-21 19:18:10,280,78,47,210,349,802,801
2017-12-21 19:18:11,286,79,47,210,350,802,801
2017-12-21 19:18:12,288,80,47,210,350,802,801
2017-12-21 19:18:13,291,81,47,210,351,802,801
2017-12-21 19:18:14,291,82,47,210,352,802,801
2017-12-21 19:18:15,297,83,47,210,352,802,801
2017-12-21 19:18:16,300,84,47,211,353,802,801
2017-12-21 19:18:17,303,85,47,211,353,802,801
2017-12-21 19:18:18,306,86,47,211,354,802,801
2017-12-21 19:18:19,312,87,47,211,354,802,801
2017-12-21 19:18:20,318,88,47,212,355,802,801
2017-12-21 19:18:21,322,89,47,212,355,802,801
2017-12-21 19:18:22,328,90,47,213,356,802,801
2017-12-21 19:18:23,334,91,47,213,356,802,801
2017-12-21 19:18:24,340,92,47,213,357,802,801
2017-12-21 19:18:25,345,93,47,214,357,802,801
2017-12-21 19:18:26,350,94,47,214,358,802,801
2017-12-21 19:18:27,356,95,47,214,358,802,801
2017-12-21 19:18:28,361,96,47,215,359,802,801
2017-12-21 19:18:29,363,97,47,216,360,802,801
2017-12-21 19:18:30,369,98,47,216,361,802,801
2017-12-21 19:18:31,372,99,47,217,362,802,801
2017-12-21 19:18:32,378,100,47,217,362,802,801
2017-12-21 19:18:33,382,101,47,218,363,802,801
2017-12-21 19:18:34,386,102,47,218,363,802,801
2017-12-21 19:18:35,392,103,47,219,364,802,801
2017-12-21 19:18:36,394,104,47,220,365,802,801
2017-12-21 19:18:37,398,105,47,220,365,802,801
2017-12-21 19:18:38,401,106,47,221,366,802,801
2017-12-21 19:18:39,404,107,47,221,367,802,801
2017-12-21 19:18:40,408,108,47,222,367,802,801
2017-12-21 19:18:41,410,109,47,222,368,802,801
2017-12-21 19:18:42,411,110,47,223,369,802,801
2017-12-21 19:18:43,414,111,47,224,369,802,801
2017-12-21 19:18:44,415,112,47,225,370,802,801
2017-12-21 19:18:45,421,113,47,225,371,802,801
2017-12-21 19:18:46,426,114,47,226,371,802,801
2017-12-21 19:18:47,429,115,47,227,372,802,801
2017-12-21 19:18:48,430,116,47,227,372,802,801
2017-12-21 19:18:49,435,117,47,228,373,802,801
2017-12-21 19:18:50,438,118,47,229,373,802,801
2017-12-21 19:18:51,443,119,47,230,374,802,801
2017-12-21 19:18:52,446,120,47,230,375,802,801
2017-12-21 19:18:53,447,121,47,231,375,802,801
2017-12-21 19:18:54,450,122,47,232,376,802,801
2017-12-21 19:18:55,451,123,47,233,376,802,801
2017-12-21 19:18:56,455,124,47,234,377,802,801
2017-12-21 19:18:57,460,125,47,234,377,802,801
2017-12-21 19:18:58,463,126,47,235,378,802,801
2017-12-21 19:18:59,466,127,47,236,378,802,801
2017-12-21 19:19:00,469,128,47,237,379,802,801
2017-12-21 19:19:01,472,129,47,238,379,802,801
2017-12-21 19:19:02,475,130,47,239,380,802,801
2017-12-21 19:19:03,478,131,47,239,380,802,801
2017-12-21 19:19:04,481,132,47,240,381,802,801
2017-12-21 19:19:05,484,133,47,241,381,802,801
2017-12-21 19:19:06,487,134,47,242,381,802,801
2017-12-21 19:19:07,490,135,47,242,381,802,801
2017-12-21 19:19:08,493,136,47,243,382,802,801
2017-12-21 19:19:09,496,137,47,244,382,802,801
2017-12-21 19:19:10,499,138,47,245,383,802,801
2017-12-21 19:19:11,502,139,47,246,383,802,801
2017-12-21 19:19:12,506,140,47,247,383,802,801
2017-12-21 19:19:13,509,141,47,247,383,802,801
2017-12-21 19:19:14,512,142,47,248,384,802,801
2017-12-21 19:19:15,515,143,47,249,384,802,801
2017-12-21 19:19:16,518,144,47,250,384,802,801
2017-12-21 19:19:17,521,145,47,251,384,802,801
2017-12-21 19:19:18,523,146,47,252,385,802,801
2017-12-21 19:19:19,527,147,47,252,385,802,801
2017-12-21 19:19:20,529,148,47,253,386,802,801
2017-12-21 19:19:21,533,149,47,254,386,802,801
2017-12-21 19:19:22,534,150,48,255,387,802,801
2017-12-21 19:19:23,540,151,47,256,387,802,801
2017-12-21 19:19:24,542,152,47,257,387,802,801
2017-12-21 19:19:25,545,153,47,257,388,802,801
2017-12-21 19:19:26,549,154,47,258,388,802,801
2017-12-21 19:19:27,552,155,47,259,388,802,801
2017-12-21 19:19:28,553,156,47,260,389,802,801
2017-12-21 19:19:29,558,157,48,261,389,802,801
2017-12-21 19:19:30,564,158,48,261,389,802,801
2017-12-21 19:19:31,569,159,48,262,390,802,801
2017-12-21 19:19:32,575,160,47,263,390,802,801
2017-12-21 19:19:33,581,161,48,264,390,802,801
2017-12-21 19:19:34,587,162,48,265,390,802,801
2017-12-21 19:19:35,590,163,48,266,391,802,801
2017-12-21 19:19:36,591,164,48,266,391,802,801
2017-12-21 19:19:37,595,165,48,267,391,802,801
2017-12-21 19:19:38,598,166,48,268,392,802,801
2017-12-21 19:19:39,604,167,48,269,392,802,801
2017-12-21 19:19:40,608,168,48,270,392,802,801
2017-12-21 19:19:41,614,169,48,271,393,802,801
2017-12-21 19:19:42,617,170,48,271,393,802,801
2017-12-21 19:19:43,622,171,48,272,393,802,801
2017-12-21 19:19:44,624,172,48,273,393,802,801
2017-12-21 19:19:45,630,173,48,274,394,802,801
2017-12-21 19:19:46,636,174,48,275,394,802,801
2017-12-21 19:19:47,642,175,48,276,395,802,801
2017-12-21 19:19:48,646,176,48,277,395,802,801
2017-12-21 19:19:49,652,177,48,277,395,802,801
2017-12-21 19:19:50,656,178,48,278,396,802,801
2017-12-21 19:19:51,659,179,48,279,396,802,801
2017-12-21 19:19:52,662,180,48,280,396,802,801
2017-12-21 19:19:53,665,181,48,280,396,802,801
2017-12-21 19:19:54,670,182,48,281,397,802,801
2017-12-21 19:19:55,676,183,48,282,397,802,801
2017-12-21 19:19:56,681,184,48,283,397,802,801
2017-12-21 19:19:57,686,185,48,284,397,802,801
2017-12-21 19:19:58,692,186,48,285,398,802,801
2017-12-21 19:19:59,698,187,48,285,398,802,801
2017-12-21 19:20:00,703,188,48,286,398,802,801
2017-12-21 19:20:01,706,189,48,287,399,802,801
2017-12-21 19:20:02,712,190,48,288,399,802,801
2017-12-21 19:20:03,713,191,48,289,399,802,801
2017-12-21 19:20:04,718,192,48,290,400,802,801
2017-12-21 19:20:05,719,193,48,290,400,802,801
2017-12-21 19:20:06,721,194,48,291,400,802,801
2017-12-21 19:20:07,723,195,48,292,400,802,801
2017-12-21 19:20:08,728,196,48,293,401,802,801
2017-12-21 19:20:09,729,197,48,293,401,802,801
2017-12-21 19:20:10,734,198,48,294,401,802,801
2017-12-21 19:20:11,737,199,48,295,401,802,801
2017-12-21 19:20:12,740,200,48,296,402,802,801
2017-12-21 19:20:13,743,201,48,297,402,802,801
2017-12-21 19:20:14,744,202,48,297,402,802,801
2017-12-21 19:20:15,745,203,48,298,402,802,801
2017-12-21 19:20:16,745,204,48,299,402,802,801
2017-12-21 19:20:17,745,205,48,299,402,802,801
2017-12-21 19:20:18,746,206,48,300,403,802,801
2017-12-21 19:20:19,746,207,48,301,403,802,801
2017-12-21 19:20:20,748,208,48,302,404,802,801
2017-12-21 19:20:21,751,209,48,303,404,802,801
2017-12-21 19:20:22,754,210,48,303,404,802,801
2017-12-21 19:20:23,757,211,48,304,405,802,801
2017-12-21 19:20:24,760,212,48,305,405,802,801
2017-12-21 19:20:25,763,213,48,305,405,801,801
2017-12-21 19:20:26,766,214,48,306,406,802,801
2017-12-21 19:20:27,769,215,48,307,406,802,801
2017-12-21 19:20:28,771,216,48,308,406,802,801
2017-12-21 19:20:29,773,217,48,308,406,802,801
2017-12-21 19:20:30,779,218,48,309,406,802,801
2017-12-21 19:20:31,780,219,48,310,406,801,801
2017-12-21 19:20:32,786,220,48,311,407,801,801
2017-12-21 19:20:33,792,221,48,311,407,801,801
2017-12-21 19:20:34,795,222,48,312,408,801,801
2017-12-21 19:20:35,801,223,48,313,408,802,801
2017-12-21 19:20:36,802,224,48,314,408,801,801
2017-12-21 19:20:37,808,225,48,314,408,801,801
2017-12-21 19:20:38,814,226,48,315,408,802,801
2017-12-21 19:20:39,820,227,48,316,409,801,801
2017-12-21 19:20:40,826,228,48,317,409,801,801
2017-12-21 19:20:41,829,229,48,317,409,801,801
2017-12-21 19:20:42,832,230,48,318,410,801,801
2017-12-21 19:20:43,836,231,48,319,410,801,801
2017-12-21 19:20:44,841,232,48,320,410,801,801
2017-12-21 19:20:45,843,233,48,320,410,801,801
2017-12-21 19:20:46,849,234,48,321,411,801,801
2017-12-21 19:20:47,854,235,48,322,411,801,801
2017-12-21 19:20:48,860,236,48,323,411,801,801
2017-12-21 19:20:49,861,237,48,323,412,801,801
2017-12-21 19:20:50,867,238,48,324,412,801,801
2017-12-21 19:20:51,870,239,48,325,412,801,801
2017-12-21 19:20:52,876,240,48,325,413,801,801
2017-12-21 19:20:53,882,241,48,326,413,801,801
2017-12-21 19:20:54,887,242,48,327,413,801,801
2017-12-21 19:20:55,889,243,48,327,413,801,801
2017-12-21 19:20:56,892,244,48,328,413,801,801
2017-12-21 19:20:57,895,245,48,329,414,801,801
2017-12-21 19:20:58,898,246,48,330,414,801,801
2017-12-21 19:20:59,901,247,48,330,414,801,801
2017-12-21 19:21:00,904,248,48,331,415,801,801
2017-12-21 19:21:01,907,249,48,332,415,801,801
2017-12-21 19:21:02,910,250,48,332,415,801,801
2017-12-21 19:21:03,913,251,48,333,416,801,801
2017-12-21 19:21:04,916,252,48,334,416,801,801
2017-12-21 19:21:05,919,253,48,334,416,801,801
2017-12-21 19:21:06,925,254,48,335,416,801,801
2017-12-21 19:21:07,927,255,48,336,416,801,801
2017-12-21 19:21:08,927,256,48,337,417,801,801
2017-12-21 19:21:09,932,257,48,337,417,801,801
2017-12-21 19:21:10,935,258,48,338,417,801,801
2017-12-21 19:21:11,938,260,48,339,417,801,801
2017-12-21 19:21:12,938,261,48,339,417,801,801
2017-12-21 19:21:13,945,262,48,340,418,801,801
2017-12-21 19:21:14,949,263,48,341,418,801,801
2017-12-21 19:21:15,955,264,48,341,418,801,801
2017-12-21 19:21:16,960,265,48,342,418,801,801
2017-12-21 19:21:17,966,266,48,342,418,801,801
2017-12-21 19:21:18,967,267,48,343,419,801,801
2017-12-21 19:21:19,972,268,48,344,419,801,801
2017-12-21 19:21:20,974,269,48,344,419,801,801
2017-12-21 19:21:21,979,270,48,345,420,801,801
2017-12-21 19:21:22,985,271,48,345,420,801,801
2017-12-21 19:21:23,986,272,48,346,420,801,801
2017-12-21 19:21:24,992,273,48,347,420,801,801
2017-12-21 19:21:25,998,274,48,347,421,801,801
2017-12-21 19:21:27,001,275,48,348,421,801,801
2017-12-21 19:21:28,004,276,48,348,421,801,801
2017-12-21 19:21:29,007,277,48,349,421,801,801
2017-12-21 19:21:30,012,278,48,350,421,801,801
2017-12-21 19:21:31,013,279,48,350,421,801,801
2017-12-21 19:21:32,016,280,48,351,422,801,801
2017-12-21 19:21:33,022,281,48,351,422,801,801
2017-12-21 19:21:34,028,282,48,352,422,801,801
2017-12-21 19:21:35,034,283,48,353,422,801,801
2017-12-21 19:21:36,036,284,48,353,422,801,801
2017-12-21 19:21:37,038,285,48,354,422,801,801
2017-12-21 19:21:38,043,286,48,354,423,801,801
2017-12-21 19:21:39,049,287,48,355,423,801,801
2017-12-21 19:21:40,052,288,48,356,423,801,801
2017-12-21 19:21:41,057,289,48,356,423,801,801
2017-12-21 19:21:42,060,290,48,357,424,801,801
2017-12-21 19:21:43,066,291,48,357,424,801,801
2017-12-21 19:21:44,068,292,48,358,424,801,801
2017-12-21 19:21:45,070,293,48,359,424,801,801
2017-12-21 19:21:46,073,294,48,359,425,801,801
2017-12-21 19:21:47,075,295,48,360,425,801,801
2017-12-21 19:21:48,078,296,48,360,425,801,801
2017-12-21 19:21:49,084,297,48,361,425,801,801
2017-12-21 19:21:50,089,298,48,362,426,801,801
2017-12-21 19:21:51,091,299,48,362,426,801,800
2017-12-21 19:21:52,098,300,48,363,427,801,801
2017-12-21 19:21:53,109,301,48,363,427,801,801
2017-12-21 19:21:54,115,302,48,364,427,801,801
2017-12-21 19:21:55,120,303,48,364,428,801,801
2017-12-21 19:21:56,123,304,48,365,428,801,801
2017-12-21 19:21:57,124,305,48,365,428,801,801
2017-12-21 19:21:58,129,306,48,366,428,801,801
2017-12-21 19:21:59,132,307,48,366,428,801,800
2017-12-21 19:22:00,142,308,48,367,429,801,801
2017-12-21 19:22:01,145,309,48,367,429,801,800
2017-12-21 19:22:02,147,310,48,368,429,801,801
2017-12-21 19:22:03,156,311,48,369,429,801,801
2017-12-21 19:22:04,163,312,48,369,429,801,800
2017-12-21 19:22:05,166,313,48,370,430,801,801
2017-12-21 19:22:06,170,314,48,370,430,801,801
2017-12-21 19:22:07,172,315,48,371,430,801,800
2017-12-21 19:22:08,177,316,48,371,430,801,800
2017-12-21 19:22:09,179,317,48,372,431,801,800
2017-12-21 19:22:10,181,318,48,373,431,801,801
2017-12-21 19:22:11,185,319,48,373,431,801,801
2017-12-21 19:22:12,188,320,48,374,431,801,800
2017-12-21 19:22:13,194,321,48,374,431,801,800
2017-12-21 19:22:14,197,322,48,375,431,801,800
2017-12-21 19:22:15,202,323,48,375,432,801,800
2017-12-21 19:22:16,204,324,48,376,432,801,800
2017-12-21 19:22:17,210,325,48,376,432,801,800
2017-12-21 19:22:18,214,326,48,377,432,801,800
2017-12-21 19:22:19,225,327,48,378,433,801,800
2017-12-21 19:22:20,227,328,48,378,433,801,800
2017-12-21 19:22:21,233,329,48,379,433,801,800
2017-12-21 19:22:22,236,330,48,379,434,801,800
2017-12-21 19:22:23,244,331,48,380,434,801,800
2017-12-21 19:22:24,251,332,48,380,434,801,800
2017-12-21 19:22:25,254,333,48,381,434,801,800
2017-12-21 19:22:26,260,334,49,381,434,801,800
2017-12-21 19:22:27,267,335,48,382,434,801,800
2017-12-21 19:22:28,272,336,49,382,435,801,800
2017-12-21 19:22:29,282,337,49,383,435,801,800
2017-12-21 19:22:30,285,338,49,383,435,801,800
2017-12-21 19:22:31,288,339,48,384,435,801,800
2017-12-21 19:22:32,288,340,49,384,436,801,800
2017-12-21 19:22:33,299,341,49,385,436,801,800
2017-12-21 19:22:34,301,342,48,385,436,801,800
2017-12-21 19:22:35,305,343,49,386,436,801,800
2017-12-21 19:22:36,312,344,48,386,436,801,800
2017-12-21 19:22:37,314,345,49,387,437,801,800
2017-12-21 19:22:38,319,346,49,387,437,801,800
2017-12-21 19:22:39,322,347,49,388,437,801,800
2017-12-21 19:22:40,330,348,49,389,438,801,800
2017-12-21 19:22:41,341,349,49,389,438,801,800
2017-12-21 19:22:42,352,350,49,389,438,801,800
2017-12-21 19:22:43,362,351,49,390,438,801,800
2017-12-21 19:22:44,363,352,49,391,438,801,800
2017-12-21 19:22:45,374,353,49,391,439,801,800
2017-12-21 19:22:46,376,354,49,392,439,801,800
2017-12-21 19:22:47,382,355,49,392,439,801,800
2017-12-21 19:22:48,384,356,49,393,439,801,800
2017-12-21 19:22:49,387,357,49,393,439,801,800
2017-12-21 19:22:50,393,358,49,394,440,801,800
2017-12-21 19:22:51,394,359,49,394,440,801,800
2017-12-21 19:22:52,402,360,49,395,440,801,800
2017-12-21 19:22:53,413,361,49,395,440,801,800
2017-12-21 19:22:54,423,362,49,396,441,801,800
2017-12-21 19:22:55,425,363,49,396,441,801,800
2017-12-21 19:22:56,431,364,49,397,441,801,800
2017-12-21 19:22:57,432,365,49,397,441,801,800
2017-12-21 19:22:58,441,366,49,398,441,801,800
2017-12-21 19:22:59,445,367,49,398,442,801,800
2017-12-21 19:23:00,450,368,49,399,442,801,800
2017-12-21 19:23:01,454,369,49,399,442,801,800
2017-12-21 19:23:02,456,370,49,400,442,801,800
2017-12-21 19:23:03,458,371,49,400,443,801,800
2017-12-21 19:23:04,462,372,49,401,443,801,800
2017-12-21 19:23:05,465,373,49,401,443,801,800
2017-12-21 19:23:06,472,374,49,402,443,801,800
2017-12-21 19:23:07,477,375,49,402,443,801,800
2017-12-21 19:23:08,479,376,49,403,443,801,800
2017-12-21 19:23:09,480,377,49,403,444,801,800
2017-12-21 19:23:10,489,378,49,403,444,801,800
2017-12-21 19:23:11,495,379,49,404,444,801,800
2017-12-21 19:23:12,499,380,49,405,444,801,800
2017-12-21 19:23:13,505,381,49,405,444,801,800
2017-12-21 19:23:14,509,382,49,406,444,801,800
2017-12-21 19:23:15,516,383,49,406,445,801,800
2017-12-21 19:23:16,522,384,49,406,445,801,800
2017-12-21 19:23:17,525,385,49,407,445,801,800
2017-12-21 19:23:18,527,386,49,407,445,801,800
2017-12-21 19:23:19,538,387,49,408,445,801,800
2017-12-21 19:23:20,541,388,49,408,445,801,800
2017-12-21 19:23:21,552,389,49,409,446,801,800
2017-12-21 19:23:22,562,390,49,409,446,801,800
2017-12-21 19:23:23,572,391,49,410,446,801,800
2017-12-21 19:23:24,584,392,49,410,446,801,800
2017-12-21 19:23:25,593,393,49,411,446,801,800
2017-12-21 19:23:26,603,394,49,411,447,801,800
2017-12-21 19:23:27,607,395,49,412,447,801,800
2017-12-21 19:23:28,608,396,49,412,447,801,800
2017-12-21 19:23:29,611,397,49,413,447,801,800
2017-12-21 19:23:30,615,398,49,413,447,801,800
2017-12-21 19:23:31,620,399,49,414,448,801,800
2017-12-21 19:23:32,626,400,49,414,448,801,800
2017-12-21 19:23:33,627,401,49,414,448,801,800
2017-12-21 19:23:34,630,402,49,415,448,801,800
2017-12-21 19:23:35,639,403,49,415,448,801,800
2017-12-21 19:23:36,645,404,49,416,449,801,800
2017-12-21 19:23:37,651,405,49,416,449,801,800
2017-12-21 19:23:38,654,406,49,417,449,801,800
2017-12-21 19:23:39,660,407,49,417,449,801,800
2017-12-21 19:23:40,664,408,49,418,450,801,800
2017-12-21 19:23:41,671,409,49,418,450,801,800
2017-12-21 19:23:42,680,410,49,419,450,801,800
2017-12-21 19:23:43,687,411,49,419,450,801,800
2017-12-21 19:23:44,689,412,49,420,451,801,800
2017-12-21 19:23:45,691,413,49,420,451,801,800
2017-12-21 19:23:46,692,414,49,421,451,801,800
2017-12-21 19:23:47,698,415,49,421,451,801,800
2017-12-21 19:23:48,700,416,49,422,451,801,800
2017-12-21 19:23:49,704,417,49,422,451,801,800
2017-12-21 19:23:50,710,418,49,423,452,801,800
2017-12-21 19:23:51,713,419,49,423,452,801,800
2017-12-21 19:23:52,718,420,49,423,452,801,800
2017-12-21 19:23:53,722,421,49,424,452,801,800
2017-12-21 19:23:54,725,422,49,424,452,801,800
2017-12-21 19:23:55,735,423,49,425,453,801,800
2017-12-21 19:23:56,742,424,49,425,453,801,800
2017-12-21 19:23:57,749,425,49,426,453,801,800
2017-12-21 19:23:58,753,426,49,426,453,801,800
2017-12-21 19:23:59,759,427,49,427,453,800,800
2017-12-21 19:24:00,769,428,49,427,453,801,800
2017-12-21 19:24:01,775,429,49,427,453,801,800
2017-12-21 19:24:02,776,430,49,428,453,800,800
2017-12-21 19:24:03,777,431,49,428,453,801,800
2017-12-21 19:24:04,784,432,49,429,453,801,800
2017-12-21 19:24:05,792,433,49,429,453,801,800
2017-12-21 19:24:06,796,434,49,430,453,800,800
2017-12-21 19:24:07,798,435,49,430,453,801,800
2017-12-21 19:24:08,809,436,49,431,453,801,800
2017-12-21 19:24:09,812,437,49,431,453,800,800
2017-12-21 19:24:10,816,438,49,432,453,801,800
2017-12-21 19:24:11,819,439,49,432,453,801,800
2017-12-21 19:24:12,825,440,49,432,453,800,800
2017-12-21 19:24:13,829,441,49,433,453,801,800
2017-12-21 19:24:14,838,442,49,433,453,800,800
2017-12-21 19:24:15,848,443,49,434,453,801,800
2017-12-21 19:24:16,854,444,49,434,453,800,800
2017-12-21 19:24:17,864,445,49,435,454,800,800
2017-12-21 19:24:18,874,446,49,435,454,801,800
2017-12-21 19:24:19,880,447,49,436,454,800,800
2017-12-21 19:24:20,889,448,49,436,454,800,800
2017-12-21 19:24:21,900,449,49,436,454,800,800
2017-12-21 19:24:22,905,450,49,437,454,800,800
2017-12-21 19:24:23,909,451,49,437,454,800,800
2017-12-21 19:24:24,913,452,49,438,454,800,800
2017-12-21 19:24:25,919,453,49,438,454,800,800
2017-12-21 19:24:26,928,454,49,439,455,800,800
2017-12-21 19:24:27,938,456,49,439,455,800,800
2017-12-21 19:24:28,948,457,49,440,455,800,800
2017-12-21 19:24:29,950,458,49,440,455,800,800
2017-12-21 19:24:30,957,459,49,440,455,800,800
2017-12-21 19:24:31,967,460,49,440,455,800,800
2017-12-21 19:24:32,977,461,49,441,455,800,800
2017-12-21 19:24:33,987,462,49,441,456,800,800
2017-12-21 19:24:34,993,463,49,442,456,800,800
2017-12-21 19:24:35,996,464,49,442,456,800,800
2017-12-21 19:24:36,999,465,49,443,456,800,800
2017-12-21 19:24:38,002,466,49,443,456,800,800
2017-12-21 19:24:39,007,467,49,444,456,800,800
2017-12-21 19:24:40,009,468,49,444,456,800,800
2017-12-21 19:24:41,011,469,49,444,457,800,800
2017-12-21 19:24:42,012,470,49,445,457,800,800
2017-12-21 19:24:43,023,471,49,445,457,800,800
2017-12-21 19:24:44,024,472,49,446,457,800,800
2017-12-21 19:24:45,032,473,49,446,457,800,800
2017-12-21 19:24:46,037,474,49,447,457,800,800
2017-12-21 19:24:47,040,475,49,447,457,800,800
2017-12-21 19:24:48,047,476,49,447,457,800,800
2017-12-21 19:24:49,053,477,49,448,458,800,800
2017-12-21 19:24:50,055,478,49,448,458,800,800
2017-12-21 19:24:51,063,479,49,449,458,800,800
2017-12-21 19:24:52,074,480,49,449,458,800,800
2017-12-21 19:24:53,074,481,49,450,458,800,800
2017-12-21 19:24:54,080,482,49,450,458,800,800
2017-12-21 19:24:55,087,483,49,451,458,800,800
2017-12-21 19:24:56,090,484,49,451,458,800,800
2017-12-21 19:24:57,095,485,49,451,458,800,800
2017-12-21 19:24:58,105,486,49,452,459,800,800
2017-12-21 19:24:59,112,487,49,452,459,800,800
2017-12-21 19:25:00,115,488,49,453,459,800,800
2017-12-21 19:25:01,119,489,49,453,459,800,800
2017-12-21 19:25:02,120,490,49,453,459,800,800
2017-12-21 19:25:03,131,491,49,454,460,800,800
2017-12-21 19:25:04,142,492,49,454,460,800,800
2017-12-21 19:25:05,151,493,49,455,460,800,800
2017-12-21 19:25:06,155,494,49,455,460,800,800
2017-12-21 19:25:07,163,495,49,456,461,800,800
2017-12-21 19:25:08,174,496,49,456,461,800,800
2017-12-21 19:25:09,179,497,49,456,461,800,800
2017-12-21 19:25:10,183,498,49,457,461,800,800
2017-12-21 19:25:11,186,499,49,457,461,800,800
2017-12-21 19:25:12,190,500,49,458,462,800,800
2017-12-21 19:25:13,198,501,49,458,462,800,800
2017-12-21 19:25:14,199,502,49,458,462,800,800
2017-12-21 19:25:15,210,503,49,459,462,800,800
2017-12-21 19:25:16,219,504,49,459,462,800,800
2017-12-21 19:25:17,222,505,49,459,462,800,800
2017-12-21 19:25:18,224,506,49,460,462,800,800
2017-12-21 19:25:19,225,507,49,460,463,800,800
2017-12-21 19:25:20,231,508,49,461,463,800,800
2017-12-21 19:25:21,235,509,49,461,463,800,800
2017-12-21 19:25:22,237,510,49,462,463,800,800
2017-12-21 19:25:23,242,511,49,462,463,800,800
2017-12-21 19:25:24,243,512,49,462,464,800,800
2017-12-21 19:25:25,246,513,49,463,464,800,800
2017-12-21 19:25:26,250,514,49,463,464,800,800
2017-12-21 19:25:27,253,515,49,463,464,800,800
2017-12-21 19:25:28,254,516,49,464,465,800,800
2017-12-21 19:25:29,262,517,49,464,465,800,800
2017-12-21 19:25:30,271,518,49,464,465,800,800
2017-12-21 19:25:31,274,519,49,465,465,800,800
2017-12-21 19:25:32,285,520,49,465,465,800,800
2017-12-21 19:25:33,288,521,49,466,465,800,800
2017-12-21 19:25:34,291,522,49,466,465,800,800
2017-12-21 19:25:35,294,523,49,466,466,800,800
2017-12-21 19:25:36,297,524,49,466,466,800,800
2017-12-21 19:25:37,300,525,49,467,466,800,800
2017-12-21 19:25:38,301,526,49,467,466,800,800
2017-12-21 19:25:39,306,527,49,468,467,800,800
2017-12-21 19:25:40,316,528,49,468,467,800,800
2017-12-21 19:25:41,318,529,49,469,467,800,800
2017-12-21 19:25:42,321,530,49,469,467,800,800
2017-12-21 19:25:43,323,531,49,469,467,800,800
2017-12-21 19:25:44,324,532,49,470,467,800,800
2017-12-21 19:25:45,335,533,49,470,468,800,800
2017-12-21 19:25:46,345,534,49,470,468,800,800
2017-12-21 19:25:47,348,535,49,471,468,800,800
2017-12-21 19:25:48,349,536,49,471,468,800,800
2017-12-21 19:25:49,354,537,49,472,469,800,800
2017-12-21 19:25:50,357,538,49,472,469,800,800
2017-12-21 19:25:51,364,539,49,472,469,800,800
2017-12-21 19:25:52,366,540,49,473,469,800,800
2017-12-21 19:25:53,375,541,49,473,469,800,800
2017-12-21 19:25:54,376,542,49,474,469,800,800
2017-12-21 19:25:55,383,543,49,474,469,800,800
2017-12-21 19:25:56,394,544,49,475,470,800,800
2017-12-21 19:25:57,395,545,49,475,470,800,800
2017-12-21 19:25:58,398,546,49,475,470,800,800
2017-12-21 19:25:59,401,547,49,476,470,800,800
2017-12-21 19:26:00,402,548,49,476,470,800,800
2017-12-21 19:26:01,409,549,49,476,470,800,800
2017-12-21 19:26:02,410,550,49,477,470,800,800
2017-12-21 19:26:03,414,551,50,477,470,800,800
2017-12-21 19:26:04,416,552,49,478,471,800,800
2017-12-21 19:26:05,420,553,49,478,471,800,800
2017-12-21 19:26:06,426,554,49,479,471,800,800
2017-12-21 19:26:07,437,555,49,479,471,800,800
2017-12-21 19:26:08,440,556,49,479,471,800,800
2017-12-21 19:26:09,444,557,50,480,471,800,800
2017-12-21 19:26:10,452,558,50,480,471,800,800
2017-12-21 19:26:11,461,559,49,481,472,800,800
2017-12-21 19:26:12,467,560,50,481,472,800,800
2017-12-21 19:26:13,478,561,50,481,472,800,800
2017-12-21 19:26:14,481,562,50,482,472,800,800
2017-12-21 19:26:15,484,563,50,482,472,800,800
2017-12-21 19:26:16,487,564,50,482,472,800,800
2017-12-21 19:26:17,495,565,50,483,473,800,800
2017-12-21 19:26:18,499,566,50,483,473,800,800
2017-12-21 19:26:19,500,567,50,483,473,800,800
2017-12-21 19:26:20,509,568,50,484,473,800,800
2017-12-21 19:26:21,513,569,50,484,473,800,800
2017-12-21 19:26:22,516,570,50,485,473,800,800
2017-12-21 19:26:23,525,571,50,485,474,800,800
2017-12-21 19:26:24,528,572,50,485,474,800,800
2017-12-21 19:26:25,533,573,50,486,474,800,800
2017-12-21 19:26:26,536,574,50,486,474,800,800
2017-12-21 19:26:27,537,575,50,487,474,800,800
2017-12-21 19:26:28,541,576,50,487,474,800,800
2017-12-21 19:26:29,544,577,50,487,475,800,800
2017-12-21 19:26:30,550,578,50,488,475,800,800
2017-12-21 19:26:31,558,579,50,488,475,800,800
2017-12-21 19:26:32,562,580,50,488,475,800,800
2017-12-21 19:26:33,565,581,50,489,475,800,800
2017-12-21 19:26:34,567,582,50,489,475,800,800
2017-12-21 19:26:35,574,583,50,490,476,800,800
2017-12-21 19:26:36,577,584,50,490,476,800,800
2017-12-21 19:26:37,587,585,50,491,476,800,800
2017-12-21 19:26:38,597,586,50,491,476,800,800
2017-12-21 19:26:39,602,587,50,492,477,800,800
2017-12-21 19:26:40,611,588,50,492,477,800,800
2017-12-21 19:26:41,614,589,50,492,477,800,800
2017-12-21 19:26:42,615,590,50,493,477,800,800
2017-12-21 19:26:43,618,591,50,493,477,800,800
2017-12-21 19:26:44,624,592,50,494,477,800,800
2017-12-21 19:26:45,625,593,50,494,478,800,800
2017-12-21 19:26:46,627,594,50,494,477,800,800
2017-12-21 19:26:47,628,595,50,495,477,800,800
2017-12-21 19:26:48,635,596,50,495,477,800,800
2017-12-21 19:26:49,638,597,50,496,477,800,800
2017-12-21 19:26:50,641,598,50,496,477,800,800
2017-12-21 19:26:51,649,599,50,496,477,800,800
2017-12-21 19:26:52,652,600,50,497,478,800,800
2017-12-21 19:26:53,660,601,50,497,478,800,800
2017-12-21 19:26:54,668,602,50,498,479,800,800
2017-12-21 19:26:55,679,603,50,498,479,800,800
2017-12-21 19:26:56,680,604,50,498,480,800,800
2017-12-21 19:26:57,681,605,50,499,480,800,800
2017-12-21 19:26:58,693,606,50,499,481,800,800
2017-12-21 19:26:59,695,607,50,500,481,800,800
2017-12-21 19:27:00,696,608,50,500,481,800,800
2017-12-21 19:27:01,703,609,50,501,482,800,800
2017-12-21 19:27:02,707,610,50,501,482,800,800
2017-12-21 19:27:03,718,611,50,502,482,800,800
2017-12-21 19:27:04,729,612,50,502,483,800,800
2017-12-21 19:27:05,738,613,50,502,483,800,800
2017-12-21 19:27:06,740,614,50,503,483,800,800
2017-12-21 19:27:07,747,615,50,503,483,800,800
2017-12-21 19:27:08,751,616,50,503,484,800,800
2017-12-21 19:27:09,754,617,50,504,484,800,800
2017-12-21 19:27:10,759,618,50,504,484,800,800
2017-12-21 19:27:11,762,619,50,505,485,800,800
2017-12-21 19:27:12,765,620,50,505,485,800,800
2017-12-21 19:27:13,766,621,50,506,485,800,800
2017-12-21 19:27:14,770,622,50,506,486,800,800
2017-12-21 19:27:15,772,623,50,507,486,800,800
2017-12-21 19:27:16,775,624,50,507,487,800,800
2017-12-21 19:27:17,776,625,50,507,487,800,800
2017-12-21 19:27:18,777,626,50,507,487,800,800
2017-12-21 19:27:19,778,627,50,508,488,800,800
2017-12-21 19:27:20,784,628,50,508,488,800,800
2017-12-21 19:27:21,788,629,50,509,488,800,800
2017-12-21 19:27:22,789,630,50,509,489,800,800
2017-12-21 19:27:23,790,631,50,510,489,800,799
2017-12-21 19:27:24,792,632,50,510,489,800,800
2017-12-21 19:27:25,795,633,50,510,490,800,800
2017-12-21 19:27:26,801,634,50,511,490,800,800
2017-12-21 19:27:27,804,635,50,511,491,800,800
2017-12-21 19:27:28,806,636,50,512,491,800,800
2017-12-21 19:27:29,806,637,50,512,491,800,800
2017-12-21 19:27:30,807,638,50,513,491,800,800
2017-12-21 19:27:31,810,639,50,513,492,800,800
2017-12-21 19:27:32,812,640,50,513,492,800,799
2017-12-21 19:27:33,814,641,50,514,493,800,799
2017-12-21 19:27:34,815,642,50,514,493,800,799
2017-12-21 19:27:35,819,643,50,515,493,800,800
2017-12-21 19:27:36,822,644,50,515,493,800,799
2017-12-21 19:27:37,825,645,50,515,494,800,800
2017-12-21 19:27:38,829,646,50,516,494,800,800
2017-12-21 19:27:39,831,647,50,516,495,800,800
2017-12-21 19:27:40,836,648,50,517,495,800,800
2017-12-21 19:27:41,838,649,50,517,495,800,800
2017-12-21 19:27:42,841,650,50,517,496,800,800
2017-12-21 19:27:43,846,651,50,518,497,800,799
2017-12-21 19:27:44,847,652,50,518,497,800,800
2017-12-21 19:27:45,848,653,50,519,497,800,799
2017-12-21 19:27:46,853,654,50,519,497,800,800
2017-12-21 19:27:47,856,655,50,519,497,800,800
2017-12-21 19:27:48,858,656,50,520,496,800,799
2017-12-21 19:27:49,862,657,50,520,495,800,800
2017-12-21 19:27:50,865,658,50,520,493,800,799
2017-12-21 19:27:51,867,659,50,520,491,800,800
2017-12-21 19:27:52,871,660,50,521,490,800,800
2017-12-21 19:27:53,875,661,50,521,489,800,799
2017-12-21 19:27:54,875,662,50,522,487,800,800
2017-12-21 19:27:55,881,663,50,522,486,800,799
2017-12-21 19:27:56,884,664,50,522,485,800,799
2017-12-21 19:27:57,887,665,50,522,484,800,800
2017-12-21 19:27:58,890,666,50,523,483,800,799
2017-12-21 19:27:59,893,667,50,523,481,800,799
2017-12-21 19:28:00,899,668,50,523,480,800,800
2017-12-21 19:28:01,905,669,50,524,479,800,799
2017-12-21 19:28:02,907,670,50,524,478,800,799
2017-12-21 19:28:03,908,671,50,524,477,800,799
2017-12-21 19:28:04,914,672,50,525,477,800,799
2017-12-21 19:28:05,915,673,50,525,476,800,800
2017-12-21 19:28:06,921,674,50,525,475,800,800
2017-12-21 19:28:07,927,675,50,525,474,800,799
2017-12-21 19:28:08,933,676,50,526,474,800,799
2017-12-21 19:28:09,935,677,50,526,473,800,800
2017-12-21 19:28:10,939,679,50,526,472,800,799
2017-12-21 19:28:11,941,680,50,527,472,800,799
2017-12-21 19:28:12,943,681,50,527,471,800,799
2017-12-21 19:28:13,947,682,50,527,471,800,799
2017-12-21 19:28:14,953,683,50,527,470,800,799
2017-12-21 19:28:15,959,684,50,527,470,800,799
2017-12-21 19:28:16,964,685,50,528,469,800,799
2017-12-21 19:28:17,970,686,50,528,469,800,799
2017-12-21 19:28:18,976,687,50,528,469,800,799
2017-12-21 19:28:19,982,688,50,528,468,800,799
2017-12-21 19:28:20,987,689,50,529,468,800,799
2017-12-21 19:28:21,992,690,50,529,467,800,799
2017-12-21 19:28:22,998,691,50,529,467,800,799
2017-12-21 19:28:24,000,692,50,529,466,800,799
2017-12-21 19:28:25,004,693,50,529,466,800,799
2017-12-21 19:28:26,006,694,50,529,465,800,799
2017-12-21 19:28:27,009,695,50,529,465,800,799
2017-12-21 19:28:28,012,696,50,530,464,800,799
2017-12-21 19:28:29,015,697,50,530,464,800,799
2017-12-21 19:28:30,017,698,50,530,464,800,799
2017-12-21 19:28:31,021,699,50,530,463,800,799
2017-12-21 19:28:32,025,700,50,530,463,800,799
2017-12-21 19:28:33,026,701,50,530,462,800,799
2017-12-21 19:28:34,031,702,50,530,462,800,799
2017-12-21 19:28:35,031,703,50,530,462,800,799
2017-12-21 19:28:36,034,704,50,531,462,800,799
2017-12-21 19:28:37,040,705,50,531,461,800,799
2017-12-21 19:28:38,042,706,50,531,461,800,799
2017-12-21 19:28:39,046,707,50,531,461,800,799
2017-12-21 19:28:40,050,708,50,531,461,800,799
2017-12-21 19:28:41,052,709,50,531,460,800,799
2017-12-21 19:28:42,056,710,50,531,460,800,799
2017-12-21 19:28:43,058,711,50,531,460,800,799
2017-12-21 19:28:44,061,712,50,531,460,800,799
2017-12-21 19:28:45,065,713,50,531,459,800,799
2017-12-21 19:28:46,068,714,50,531,459,800,799
2017-12-21 19:28:47,071,715,50,532,459,800,799
2017-12-21 19:28:48,074,716,50,532,458,800,799
2017-12-21 19:28:49,077,717,50,532,458,800,799
2017-12-21 19:28:50,078,718,50,532,458,800,799
2017-12-21 19:28:51,083,719,50,532,458,800,799
2017-12-21 19:28:52,086,720,50,532,458,800,799
2017-12-21 19:28:53,087,721,50,532,458,800,799
2017-12-21 19:28:54,089,722,50,533,459,800,799
2017-12-21 19:28:55,095,723,50,533,459,800,799
2017-12-21 19:28:56,098,724,50,533,460,800,799
2017-12-21 19:28:57,101,725,50,533,461,800,799
2017-12-21 19:28:58,106,726,50,533,461,800,799
2017-12-21 19:28:59,111,727,50,533,462,800,799
2017-12-21 19:29:00,116,728,50,533,463,800,799
2017-12-21 19:29:01,122,729,50,533,463,800,799
2017-12-21 19:29:02,123,730,50,534,464,800,799
2017-12-21 19:29:03,129,731,50,534,465,800,799
2017-12-21 19:29:04,131,732,50,534,465,800,799
2017-12-21 19:29:05,137,733,50,534,466,800,799
2017-12-21 19:29:06,143,734,50,534,466,800,799
2017-12-21 19:29:07,147,735,50,534,466,800,799
2017-12-21 19:29:08,151,736,50,534,467,800,799
2017-12-21 19:29:09,153,737,50,535,467,800,799
2017-12-21 19:29:10,158,738,50,535,468,800,799
2017-12-21 19:29:11,161,739,50,535,468,800,799
2017-12-21 19:29:12,164,740,50,535,468,800,799
2017-12-21 19:29:13,167,741,50,535,469,800,799
2017-12-21 19:29:14,173,742,50,535,469,800,799
2017-12-21 19:29:15,178,743,50,535,469,800,799
2017-12-21 19:29:16,185,744,50,536,470,800,799
2017-12-21 19:29:17,186,745,50,536,470,800,799
2017-12-21 19:29:18,192,746,50,536,470,800,799
2017-12-21 19:29:19,193,747,50,536,470,800,799
2017-12-21 19:29:20,197,748,50,536,471,800,799
2017-12-21 19:29:21,203,749,50,536,471,800,799
2017-12-21 19:29:22,208,750,50,536,471,800,799
2017-12-21 19:29:23,214,751,50,536,471,800,799
2017-12-21 19:29:24,217,752,50,537,472,800,799
2017-12-21 19:29:25,221,753,50,537,472,800,799
2017-12-21 19:29:26,224,754,50,537,472,800,799
2017-12-21 19:29:27,228,755,50,537,472,800,799
2017-12-21 19:29:28,233,756,50,537,472,800,799
2017-12-21 19:29:29,237,757,50,537,472,800,799
2017-12-21 19:29:30,243,758,50,538,473,800,799
2017-12-21 19:29:31,244,759,50,538,473,800,799
2017-12-21 19:29:32,249,760,50,538,473,800,799
2017-12-21 19:29:33,255,761,50,538,473,800,799
2017-12-21 19:29:34,255,762,50,538,473,800,799
2017-12-21 19:29:35,257,763,50,538,473,800,799
2017-12-21 19:29:36,259,764,50,539,473,800,799
2017-12-21 19:29:37,261,765,50,539,473,800,799
2017-12-21 19:29:38,265,766,50,539,474,800,799
2017-12-21 19:29:39,265,767,50,539,474,800,799
2017-12-21 19:29:40,267,768,50,539,474,800,799
2017-12-21 19:29:41,270,769,50,540,474,800,799
2017-12-21 19:29:42,273,770,50,540,474,800,799
2017-12-21 19:29:43,276,771,50,540,474,800,799
2017-12-21 19:29:44,279,772,50,540,474,800,799
2017-12-21 19:29:45,282,773,50,540,474,800,799
2017-12-21 19:29:46,286,774,50,541,474,800,799
2017-12-21 19:29:47,288,775,50,541,474,800,799
2017-12-21 19:29:48,291,776,50,541,474,800,799
2017-12-21 19:29:49,294,777,50,541,474,800,799
2017-12-21 19:29:50,297,778,50,541,475,800,799
2017-12-21 19:29:51,301,779,50,541,475,800,799
2017-12-21 19:29:52,304,780,50,542,475,799,799
2017-12-21 19:29:53,305,781,50,542,475,800,799
2017-12-21 19:29:54,310,782,50,542,475,800,799
2017-12-21 19:29:55,313,783,50,542,475,800,799
2017-12-21 19:29:56,315,784,50,542,475,800,799
2017-12-21 19:29:57,319,785,50,542,475,800,799
2017-12-21 19:29:58,322,786,50,543,475,800,799
2017-12-21 19:29:59,325,787,50,543,475,799,799
2017-12-21 19:30:00,328,788,50,543,476,800,799
2017-12-21 19:30:01,332,789,50,543,476,799,799
2017-12-21 19:30:02,334,790,50,544,476,800,799
2017-12-21 19:30:03,337,791,50,544,476,799,799
2017-12-21 19:30:04,340,792,50,544,476,800,799
2017-12-21 19:30:05,344,793,50,544,476,800,799
2017-12-21 19:30:06,348,794,50,545,476,800,799
2017-12-21 19:30:07,350,795,50,545,476,800,799
2017-12-21 19:30:08,353,796,50,545,476,800,799
2017-12-21 19:30:09,356,797,50,545,476,800,799
2017-12-21 19:30:10,359,798,50,546,476,800,799
2017-12-21 19:30:11,362,799,50,546,477,800,799
2017-12-21 19:30:12,365,800,50,546,477,799,799
2017-12-21 19:30:13,368,801,50,546,477,799,799
2017-12-21 19:30:14,371,802,51,546,477,800,799
2017-12-21 19:30:15,374,803,50,546,477,799,799
2017-12-21 19:30:16,376,804,50,547,477,800,799
2017-12-21 19:30:17,381,805,50,547,477,800,799
2017-12-21 19:30:18,383,806,50,547,477,799,799
2017-12-21 19:30:19,385,807,50,547,477,800,799
2017-12-21 19:30:20,390,808,51,548,477,800,799
2017-12-21 19:30:21,393,809,51,548,477,799,799
2017-12-21 19:30:22,398,810,51,548,477,799,799
2017-12-21 19:30:23,404,811,51,548,477,800,799
2017-12-21 19:30:24,408,812,51,549,477,799,799
2017-12-21 19:30:25,410,813,51,549,477,799,799
2017-12-21 19:30:26,413,814,51,549,478,799,799
2017-12-21 19:30:27,416,815,51,549,478,799,799
2017-12-21 19:30:28,422,816,50,549,478,799,799
2017-12-21 19:30:29,427,817,51,549,478,799,799
2017-12-21 19:30:30,432,818,51,550,478,799,799
2017-12-21 19:30:31,435,819,51,550,478,799,799
2017-12-21 19:30:32,437,820,51,550,478,799,799
2017-12-21 19:30:33,443,821,50,550,478,799,799
2017-12-21 19:30:34,449,822,51,551,478,799,799
2017-12-21 19:30:35,454,823,51,551,478,799,799
2017-12-21 19:30:36,456,824,51,551,478,799,799
2017-12-21 19:30:37,459,825,51,551,478,799,799
2017-12-21 19:30:38,462,826,51,551,478,799,799
2017-12-21 19:30:39,465,827,51,552,478,799,799
2017-12-21 19:30:40,468,828,51,552,478,799,799
2017-12-21 19:30:41,471,829,51,552,479,799,799
2017-12-21 19:30:42,474,830,51,552,479,799,799
2017-12-21 19:30:43,477,831,51,552,479,799,799
2017-12-21 19:30:44,479,832,51,553,479,799,799
2017-12-21 19:30:45,483,833,51,553,479,799,799
2017-12-21 19:30:46,486,834,51,553,479,799,799
2017-12-21 19:30:47,489,835,51,553,479,799,799
2017-12-21 19:30:48,492,836,51,554,479,799,799
2017-12-21 19:30:49,498,837,51,554,479,799,799
2017-12-21 19:30:50,499,838,51,554,479,799,799
2017-12-21 19:30:51,500,839,51,554,479,799,799
2017-12-21 19:30:52,501,840,51,555,479,799,799
2017-12-21 19:30:53,502,841,51,555,479,799,799
2017-12-21 19:30:54,503,842,51,555,479,799,799
2017-12-21 19:30:55,504,843,51,555,479,799,799
2017-12-21 19:30:56,505,844,51,555,479,799,799
2017-12-21 19:30:57,506,845,51,556,479,799,799
2017-12-21 19:30:58,507,846,51,556,479,799,799
2017-12-21 19:30:59,507,847,51,556,479,799,799
2017-12-21 19:31:00,512,848,51,556,479,799,799
2017-12-21 19:31:01,515,849,51,556,479,799,799
2017-12-21 19:31:02,516,850,51,557,479,799,799
2017-12-21 19:31:03,522,851,51,557,479,799,799
2017-12-21 19:31:04,524,852,51,557,479,799,799
2017-12-21 19:31:05,528,853,51,557,479,799,799
2017-12-21 19:31:06,531,854,51,558,479,799,799
2017-12-21 19:31:07,533,855,51,558,479,799,799
2017-12-21 19:31:08,535,856,51,558,480,799,799
2017-12-21 19:31:09,537,857,51,558,479,799,799
2017-12-21 19:31:10,538,858,51,559,480,799,799
2017-12-21 19:31:11,543,859,51,559,480,799,799
2017-12-21 19:31:12,544,860,51,559,480,799,799
2017-12-21 19:31:13,550,861,51,559,480,799,799
2017-12-21 19:31:14,551,862,51,559,480,799,799
2017-12-21 19:31:15,557,863,51,559,480,799,799
2017-12-21 19:31:16,558,864,51,560,480,799,799
2017-12-21 19:31:17,564,865,51,560,480,799,799
2017-12-21 19:31:18,568,866,51,560,480,799,799
2017-12-21 19:31:19,575,867,51,560,480,799,799
2017-12-21 19:31:20,577,868,51,561,480,799,799
2017-12-21 19:31:21,580,869,51,561,480,799,799
2017-12-21 19:31:22,582,870,51,561,480,799,799
2017-12-21 19:31:23,588,871,51,561,480,799,799
2017-12-21 19:31:24,594,872,51,562,481,799,799
2017-12-21 19:31:25,599,873,51,562,481,799,799
2017-12-21 19:31:26,605,874,51,562,481,799,799
2017-12-21 19:31:27,606,875,51,562,481,799,799
2017-12-21 19:31:28,613,876,51,562,481,799,799
2017-12-21 19:31:29,618,877,51,563,481,799,799
2017-12-21 19:31:30,621,878,51,563,481,799,799
2017-12-21 19:31:31,627,879,51,563,481,799,799
2017-12-21 19:31:32,627,880,51,563,481,799,799
2017-12-21 19:31:33,631,881,51,563,481,799,799
2017-12-21 19:31:34,632,882,51,564,481,799,799
2017-12-21 19:31:35,637,883,51,564,481,799,799
2017-12-21 19:31:36,640,884,51,564,481,799,799
2017-12-21 19:31:37,643,885,51,564,481,799,799
2017-12-21 19:31:38,646,886,51,564,481,799,799
2017-12-21 19:31:39,649,887,51,565,481,799,799
2017-12-21 19:31:40,652,888,51,565,481,799,799
2017-12-21 19:31:41,654,889,51,565,481,799,799
2017-12-21 19:31:42,658,890,51,565,481,799,799
2017-12-21 19:31:43,661,891,51,565,481,799,799
2017-12-21 19:31:44,662,892,51,565,481,799,799
2017-12-21 19:31:45,667,893,51,566,481,799,799
2017-12-21 19:31:46,670,894,51,566,481,799,799
2017-12-21 19:31:47,673,895,51,566,482,799,799
2017-12-21 19:31:48,677,896,51,566,481,799,799
2017-12-21 19:31:49,680,897,51,566,481,799,799
2017-12-21 19:31:50,686,898,51,567,481,799,799
2017-12-21 19:31:51,691,899,51,567,481,799,799
2017-12-21 19:31:52,695,900,51,567,481,799,799
2017-12-21 19:31:53,700,901,51,567,481,799,799
2017-12-21 19:31:54,704,902,51,567,482,799,799
2017-12-21 19:31:55,704,903,51,567,482,799,799
2017-12-21 19:31:56,706,904,51,568,482,799,799
2017-12-21 19:31:57,706,905,51,568,482,799,799
2017-12-21 19:31:58,709,906,51,568,482,799,799
2017-12-21 19:31:59,715,907,51,568,482,799,799
2017-12-21 19:32:00,721,908,51,568,482,799,799
2017-12-21 19:32:01,727,909,51,569,482,799,799
2017-12-21 19:32:02,728,910,51,569,482,799,799
2017-12-21 19:32:03,732,911,51,569,482,799,799
2017-12-21 19:32:04,735,912,51,569,482,799,799
2017-12-21 19:32:05,741,913,51,569,482,799,799
2017-12-21 19:32:06,742,914,51,569,482,799,799
2017-12-21 19:32:07,748,915,51,570,482,799,799
2017-12-21 19:32:08,753,916,51,569,482,799,799
2017-12-21 19:32:09,756,917,51,570,482,799,799
2017-12-21 19:32:10,761,918,51,570,482,799,799
2017-12-21 19:32:11,762,919,51,570,482,799,799
2017-12-21 19:32:12,763,920,51,570,482,799,799
2017-12-21 19:32:13,766,921,51,570,482,799,799
2017-12-21 19:32:14,767,922,51,570,482,799,799
2017-12-21 19:32:15,768,923,51,570,482,799,799
2017-12-21 19:32:16,774,924,51,570,482,799,799
2017-12-21 19:32:17,775,925,51,571,482,799,799
2017-12-21 19:32:18,776,926,51,571,482,799,799
2017-12-21 19:32:19,777,927,51,571,482,799,799
2017-12-21 19:32:20,779,928,51,571,482,799,799
2017-12-21 19:32:21,780,929,51,572,482,799,799
2017-12-21 19:32:22,781,930,51,572,482,799,799
2017-12-21 19:32:23,784,931,51,572,482,799,799
2017-12-21 19:32:24,787,932,51,572,482,799,799
2017-12-21 19:32:25,790,933,51,573,481,799,799
2017-12-21 19:32:26,796,934,51,573,480,799,799
2017-12-21 19:32:27,797,935,51,573,479,799,799
2017-12-21 19:32:28,799,936,51,573,478,799,799
2017-12-21 19:32:29,801,937,51,573,477,799,799
2017-12-21 19:32:30,805,938,51,574,476,799,799
2017-12-21 19:32:31,809,939,51,574,474,799,799
2017-12-21 19:32:32,812,940,51,574,473,799,799
2017-12-21 19:32:33,813,941,51,574,472,799,799
2017-12-21 19:32:34,817,942,51,574,471,799,799
