2018-12-25 12:37:45,305,coffee,datetime,ms,seconds,ambient_temp,thermocouple_0_temp,thermocouple_1_temp,thermocouple_2_temp,thermocouple_3_temp
2018-12-25 12:37:47,404,2,55,522,437,794,795
2018-12-25 12:37:48,405,3,55,514,431,794,795
2018-12-25 12:37:49,411,4,55,505,426,794,795
2018-12-25 12:37:50,411,5,55,493,421,794,795
2018-12-25 12:37:51,412,6,55,481,416,794,795
2018-12-25 12:37:52,418,7,55,469,411,794,795
2018-12-25 12:37:53,419,8,55,458,407,794,795
2018-12-25 12:37:54,425,9,55,447,403,794,795
2018-12-25 12:37:55,428,10,55,437,401,794,795
2018-12-25 12:37:56,431,11,55,427,399,794,795
2018-12-25 12:37:57,434,12,55,418,398,794,795
2018-12-25 12:37:58,437,13,55,409,396,794,795
2018-12-25 12:37:59,439,14,55,400,394,794,795
2018-12-25 12:38:00,445,15,55,392,393,794,795
2018-12-25 12:38:01,451,16,55,383,392,794,795
2018-12-25 12:38:02,457,17,55,375,390,794,795
2018-12-25 12:38:03,460,18,55,368,389,794,795
2018-12-25 12:38:04,463,19,55,361,388,794,795
2018-12-25 12:38:05,466,20,55,354,387,794,795
2018-12-25 12:38:06,469,21,55,348,386,794,795
2018-12-25 12:38:07,473,22,55,341,385,794,795
2018-12-25 12:38:08,479,23,55,335,383,794,795
2018-12-25 12:38:09,483,24,55,329,382,794,795
2018-12-25 12:38:10,484,25,55,324,381,794,795
2018-12-25 12:38:11,485,26,55,318,380,794,795
2018-12-25 12:38:12,488,27,55,313,379,794,795
2018-12-25 12:38:13,492,28,55,308,379,794,795
2018-12-25 12:38:14,494,29,55,303,378,794,795
2018-12-25 12:38:15,498,30,55,299,377,794,795
2018-12-25 12:38:16,501,31,55,294,376,794,795
2018-12-25 12:38:17,504,32,55,290,376,794,795
2018-12-25 12:38:18,506,33,55,286,375,794,795
2018-12-25 12:38:19,510,34,55,282,374,794,795
2018-12-25 12:38:20,513,35,55,279,374,794,795
2018-12-25 12:38:21,518,36,55,276,373,794,795
2018-12-25 12:38:22,524,37,55,272,372,794,795
2018-12-25 12:38:23,528,38,55,270,372,794,795
2018-12-25 12:38:24,531,39,55,266,371,794,795
2018-12-25 12:38:25,535,40,55,264,371,794,795
2018-12-25 12:38:26,541,41,55,261,370,794,795
2018-12-25 12:38:27,546,42,55,258,370,794,795
2018-12-25 12:38:28,552,43,55,255,369,794,795
2018-12-25 12:38:29,557,44,55,253,369,794,795
2018-12-25 12:38:30,564,45,55,251,368,794,795
2018-12-25 12:38:31,567,46,55,249,368,794,795
2018-12-25 12:38:32,571,47,55,247,367,794,795
2018-12-25 12:38:33,575,48,55,245,367,794,795
2018-12-25 12:38:34,577,49,55,243,367,794,795
2018-12-25 12:38:35,583,50,55,242,366,794,795
2018-12-25 12:38:36,586,51,55,240,366,794,795
2018-12-25 12:38:37,590,52,55,238,366,794,795
2018-12-25 12:38:38,593,53,55,237,365,794,795
2018-12-25 12:38:39,599,54,55,235,365,794,795
2018-12-25 12:38:40,603,55,55,234,365,794,795
2018-12-25 12:38:41,604,56,55,233,364,794,795
2018-12-25 12:38:42,607,57,55,232,364,794,795
2018-12-25 12:38:43,608,58,55,231,364,794,795
2018-12-25 12:38:44,613,59,55,229,364,794,795
2018-12-25 12:38:45,619,60,55,229,363,794,795
2018-12-25 12:38:46,620,61,55,228,363,794,795
2018-12-25 12:38:47,624,62,55,227,363,794,795
2018-12-25 12:38:48,628,63,55,226,363,794,795
2018-12-25 12:38:49,632,64,55,225,363,794,795
2018-12-25 12:38:50,638,65,55,225,364,794,795
2018-12-25 12:38:51,642,66,55,224,365,794,795
2018-12-25 12:38:52,648,67,55,224,366,794,795
2018-12-25 12:38:53,654,68,55,223,366,794,795
2018-12-25 12:38:54,660,69,55,223,367,794,795
2018-12-25 12:38:55,666,70,55,222,368,794,795
2018-12-25 12:38:56,672,71,55,222,369,794,795
2018-12-25 12:38:57,676,72,55,221,369,794,795
2018-12-25 12:38:58,678,73,55,221,370,794,795
2018-12-25 12:38:59,678,74,55,221,371,794,795
2018-12-25 12:39:00,682,75,55,221,372,794,795
2018-12-25 12:39:01,687,76,55,221,372,794,795
2018-12-25 12:39:02,697,77,55,221,373,794,795
2018-12-25 12:39:03,703,78,55,220,374,794,795
2018-12-25 12:39:04,707,79,55,221,375,794,795
2018-12-25 12:39:05,716,80,55,221,375,794,795
2018-12-25 12:39:06,721,81,55,221,376,794,795
2018-12-25 12:39:07,726,82,55,221,377,794,795
2018-12-25 12:39:08,727,83,55,221,377,794,795
2018-12-25 12:39:09,730,84,55,221,378,794,795
2018-12-25 12:39:10,733,85,55,222,378,794,795
2018-12-25 12:39:11,738,86,55,222,379,794,795
2018-12-25 12:39:12,739,87,55,222,379,794,795
2018-12-25 12:39:13,740,88,55,222,380,794,795
2018-12-25 12:39:14,741,89,55,223,380,794,795
2018-12-25 12:39:15,747,90,55,223,381,794,795
2018-12-25 12:39:16,751,91,55,223,381,794,795
2018-12-25 12:39:17,757,92,55,223,382,794,795
2018-12-25 12:39:18,761,93,55,224,382,794,795
2018-12-25 12:39:19,766,94,55,224,383,794,795
2018-12-25 12:39:20,769,95,55,225,383,794,795
2018-12-25 12:39:21,773,96,55,225,384,794,795
2018-12-25 12:39:22,778,97,55,225,384,794,795
2018-12-25 12:39:23,783,98,55,226,384,794,795
2018-12-25 12:39:24,789,99,55,226,385,794,795
2018-12-25 12:39:25,795,100,55,226,386,794,795
2018-12-25 12:39:26,798,101,55,227,386,794,795
2018-12-25 12:39:27,802,102,55,227,387,794,795
2018-12-25 12:39:28,808,103,55,228,388,794,795
2018-12-25 12:39:29,812,104,55,229,388,794,795
2018-12-25 12:39:30,817,105,55,229,388,794,795
2018-12-25 12:39:31,822,106,55,230,389,794,795
2018-12-25 12:39:32,825,107,55,230,389,794,795
2018-12-25 12:39:33,829,108,55,231,389,794,795
2018-12-25 12:39:34,833,109,55,232,390,794,795
2018-12-25 12:39:35,837,110,55,232,390,794,795
2018-12-25 12:39:36,838,111,55,233,391,794,795
2018-12-25 12:39:37,841,112,55,233,391,794,795
2018-12-25 12:39:38,847,113,55,234,392,794,795
2018-12-25 12:39:39,852,114,55,235,392,794,795
2018-12-25 12:39:40,858,115,55,236,392,794,795
2018-12-25 12:39:41,862,116,55,236,393,794,795
2018-12-25 12:39:42,866,117,55,237,393,794,795
2018-12-25 12:39:43,869,118,55,237,393,794,795
2018-12-25 12:39:44,870,119,55,238,394,794,795
2018-12-25 12:39:45,872,120,55,239,394,794,795
2018-12-25 12:39:46,873,121,55,240,395,794,795
2018-12-25 12:39:47,878,122,55,240,395,794,795
2018-12-25 12:39:48,879,123,55,241,396,794,795
2018-12-25 12:39:49,882,124,55,242,396,794,795
2018-12-25 12:39:50,884,125,55,242,397,794,795
2018-12-25 12:39:51,888,126,55,243,397,794,795
2018-12-25 12:39:52,893,127,55,244,398,794,795
2018-12-25 12:39:53,896,128,55,245,398,794,795
2018-12-25 12:39:54,902,129,55,245,398,794,795
2018-12-25 12:39:55,904,130,55,246,399,794,795
2018-12-25 12:39:56,910,131,55,247,399,794,795
2018-12-25 12:39:57,913,132,55,248,400,794,795
2018-12-25 12:39:58,915,133,55,249,400,794,795
2018-12-25 12:39:59,922,134,55,249,400,794,795
2018-12-25 12:40:00,925,135,55,250,401,794,795
2018-12-25 12:40:01,928,136,55,251,401,794,795
2018-12-25 12:40:02,931,137,55,252,401,794,795
2018-12-25 12:40:03,935,138,55,252,402,794,795
2018-12-25 12:40:04,939,139,55,253,402,794,795
2018-12-25 12:40:05,945,140,55,254,402,794,795
2018-12-25 12:40:06,947,141,55,255,403,794,795
2018-12-25 12:40:07,951,142,55,256,403,794,795
2018-12-25 12:40:08,952,143,55,257,403,794,795
2018-12-25 12:40:09,958,144,55,257,403,794,795
2018-12-25 12:40:10,960,145,55,258,404,794,795
2018-12-25 12:40:11,964,146,55,259,404,794,795
2018-12-25 12:40:12,968,147,55,260,404,794,795
2018-12-25 12:40:13,972,148,55,260,404,794,795
2018-12-25 12:40:14,975,149,55,261,405,794,795
2018-12-25 12:40:15,978,150,55,262,405,794,795
2018-12-25 12:40:16,981,151,55,263,405,794,795
2018-12-25 12:40:17,983,152,55,264,406,794,795
2018-12-25 12:40:18,987,153,55,264,406,794,795
2018-12-25 12:40:19,991,154,55,265,406,794,795
2018-12-25 12:40:20,995,155,55,266,407,794,795
2018-12-25 12:40:21,999,156,55,266,407,794,795
2018-12-25 12:40:23,002,157,55,267,408,794,795
2018-12-25 12:40:24,005,158,56,268,408,794,795
2018-12-25 12:40:25,011,159,56,269,408,794,795
2018-12-25 12:40:26,015,160,55,270,408,794,795
2018-12-25 12:40:27,021,161,56,271,409,794,795
2018-12-25 12:40:28,025,162,56,271,409,794,795
2018-12-25 12:40:29,028,163,55,272,409,794,795
2018-12-25 12:40:30,032,164,55,273,409,794,795
2018-12-25 12:40:31,036,165,55,274,410,794,795
2018-12-25 12:40:32,042,166,56,274,410,794,795
2018-12-25 12:40:33,044,167,56,275,411,794,795
2018-12-25 12:40:34,050,168,56,276,411,794,795
2018-12-25 12:40:35,053,169,55,277,411,794,795
2018-12-25 12:40:36,057,170,56,278,411,794,795
2018-12-25 12:40:37,060,171,55,278,411,794,795
2018-12-25 12:40:38,064,172,56,279,412,794,795
2018-12-25 12:40:39,067,173,56,280,412,794,795
2018-12-25 12:40:40,071,174,56,281,412,794,795
2018-12-25 12:40:41,072,175,56,282,413,794,795
2018-12-25 12:40:42,074,176,56,282,413,794,795
2018-12-25 12:40:43,077,177,56,283,413,794,795
2018-12-25 12:40:44,080,178,56,284,413,794,795
2018-12-25 12:40:45,083,179,56,285,414,794,795
2018-12-25 12:40:46,085,180,56,286,414,794,795
2018-12-25 12:40:47,089,181,56,287,414,794,795
2018-12-25 12:40:48,091,182,56,287,414,794,795
2018-12-25 12:40:49,094,183,56,288,415,794,795
2018-12-25 12:40:50,099,184,56,289,415,794,795
2018-12-25 12:40:51,101,185,56,290,415,794,795
2018-12-25 12:40:52,105,186,56,290,415,793,795
2018-12-25 12:40:53,108,187,56,291,416,793,795
2018-12-25 12:40:54,108,188,56,292,416,794,795
2018-12-25 12:40:55,109,189,56,293,416,793,795
2018-12-25 12:40:56,113,190,56,294,416,794,795
2018-12-25 12:40:57,118,191,56,295,417,794,795
2018-12-25 12:40:58,123,192,56,295,417,793,795
2018-12-25 12:40:59,126,193,56,296,417,793,795
2018-12-25 12:41:00,130,194,56,297,417,794,795
2018-12-25 12:41:01,133,195,56,298,418,794,795
2018-12-25 12:41:02,135,196,56,298,418,793,795
2018-12-25 12:41:03,138,197,56,299,419,794,795
2018-12-25 12:41:04,141,198,56,300,419,794,795
2018-12-25 12:41:05,142,199,56,301,419,794,795
2018-12-25 12:41:06,145,200,56,302,419,793,795
2018-12-25 12:41:07,149,201,56,302,420,793,795
2018-12-25 12:41:08,153,202,56,303,420,794,795
2018-12-25 12:41:09,156,203,56,304,420,793,795
2018-12-25 12:41:10,159,204,56,305,421,794,795
2018-12-25 12:41:11,162,205,56,305,421,794,795
2018-12-25 12:41:12,165,206,56,306,421,794,795
2018-12-25 12:41:13,167,207,56,307,422,793,795
2018-12-25 12:41:14,170,208,56,308,422,794,795
2018-12-25 12:41:15,175,209,56,309,422,794,795
2018-12-25 12:41:16,178,210,56,309,422,793,795
2018-12-25 12:41:17,181,211,56,310,423,794,795
2018-12-25 12:41:18,182,212,56,311,423,794,795
2018-12-25 12:41:19,182,213,56,312,423,794,795
2018-12-25 12:41:20,189,214,56,312,424,794,795
2018-12-25 12:41:21,192,215,56,313,424,793,795
2018-12-25 12:41:22,196,216,56,314,424,793,795
2018-12-25 12:41:23,201,217,56,315,424,793,795
2018-12-25 12:41:24,204,218,56,316,424,793,795
2018-12-25 12:41:25,206,219,56,316,424,793,795
2018-12-25 12:41:26,209,220,56,317,425,793,795
2018-12-25 12:41:27,212,221,56,318,425,793,795
2018-12-25 12:41:28,215,222,56,318,425,793,795
2018-12-25 12:41:29,217,223,56,319,425,794,795
2018-12-25 12:41:30,221,224,56,320,426,794,795
2018-12-25 12:41:31,224,225,56,321,426,794,795
2018-12-25 12:41:32,228,226,56,321,426,793,795
2018-12-25 12:41:33,231,227,56,322,426,794,795
2018-12-25 12:41:34,233,228,56,323,427,794,795
2018-12-25 12:41:35,237,229,56,323,427,793,795
2018-12-25 12:41:36,240,230,56,324,427,793,795
2018-12-25 12:41:37,242,231,56,325,428,794,795
2018-12-25 12:41:38,245,232,56,326,428,793,795
2018-12-25 12:41:39,247,233,56,326,428,794,795
2018-12-25 12:41:40,252,234,56,327,429,794,795
2018-12-25 12:41:41,255,235,56,328,429,793,795
2018-12-25 12:41:42,258,236,56,329,429,793,795
2018-12-25 12:41:43,261,237,56,329,429,794,795
2018-12-25 12:41:44,264,238,56,330,429,793,795
2018-12-25 12:41:45,267,239,56,331,429,793,795
2018-12-25 12:41:46,272,240,56,332,430,793,795
2018-12-25 12:41:47,273,241,56,332,430,794,795
2018-12-25 12:41:48,277,242,56,333,430,793,795
2018-12-25 12:41:49,280,243,56,334,430,793,795
2018-12-25 12:41:50,283,244,56,335,431,793,795
2018-12-25 12:41:51,283,245,56,335,431,794,795
2018-12-25 12:41:52,288,246,56,336,431,793,795
2018-12-25 12:41:53,292,247,56,337,431,793,795
2018-12-25 12:41:54,295,248,56,338,431,793,795
2018-12-25 12:41:55,298,249,56,338,432,793,795
2018-12-25 12:41:56,301,251,56,339,432,793,795
2018-12-25 12:41:57,304,252,56,340,432,793,795
2018-12-25 12:41:58,307,253,56,341,433,793,795
2018-12-25 12:41:59,310,254,56,341,433,793,795
2018-12-25 12:42:00,313,255,56,342,433,793,795
2018-12-25 12:42:01,316,256,56,342,433,793,795
2018-12-25 12:42:02,319,257,56,343,434,793,795
2018-12-25 12:42:03,322,258,56,344,434,793,795
2018-12-25 12:42:04,326,259,56,345,434,793,795
2018-12-25 12:42:05,330,260,56,345,435,793,795
2018-12-25 12:42:06,333,261,56,346,435,793,795
2018-12-25 12:42:07,337,262,56,347,435,793,795
2018-12-25 12:42:08,337,263,56,347,435,793,795
2018-12-25 12:42:09,341,264,56,348,435,793,795
2018-12-25 12:42:10,344,265,56,349,435,793,795
2018-12-25 12:42:11,346,266,56,349,436,793,794
2018-12-25 12:42:12,347,267,56,350,436,793,795
2018-12-25 12:42:13,353,268,56,351,436,793,795
2018-12-25 12:42:14,356,269,56,351,437,793,795
2018-12-25 12:42:15,359,270,56,352,437,793,795
2018-12-25 12:42:16,362,271,56,353,437,793,795
2018-12-25 12:42:17,365,272,56,353,437,793,795
2018-12-25 12:42:18,368,273,56,354,438,793,795
2018-12-25 12:42:19,371,274,56,355,438,793,795
2018-12-25 12:42:20,372,275,56,355,439,793,795
2018-12-25 12:42:21,375,276,56,356,439,793,795
2018-12-25 12:42:22,381,277,56,357,439,793,795
2018-12-25 12:42:23,383,278,56,357,439,793,795
2018-12-25 12:42:24,387,279,56,358,440,793,795
2018-12-25 12:42:25,389,280,56,359,440,793,795
2018-12-25 12:42:26,393,281,56,359,440,793,795
2018-12-25 12:42:27,395,282,56,360,440,793,795
2018-12-25 12:42:28,399,283,56,360,440,793,795
2018-12-25 12:42:29,402,284,56,361,440,793,795
2018-12-25 12:42:30,405,285,56,362,441,793,795
2018-12-25 12:42:31,408,286,56,362,441,793,795
2018-12-25 12:42:32,411,287,56,363,441,794,795
2018-12-25 12:42:33,414,288,56,364,441,793,795
2018-12-25 12:42:34,417,289,56,364,441,793,795
2018-12-25 12:42:35,420,290,56,365,442,793,795
2018-12-25 12:42:36,424,291,56,366,442,793,795
2018-12-25 12:42:37,426,292,56,367,442,793,795
2018-12-25 12:42:38,430,293,56,367,442,793,795
2018-12-25 12:42:39,433,294,56,368,443,793,795
2018-12-25 12:42:40,434,295,56,368,443,793,795
2018-12-25 12:42:41,438,296,56,369,443,794,795
2018-12-25 12:42:42,442,297,56,370,443,793,795
2018-12-25 12:42:43,444,298,56,370,443,793,795
2018-12-25 12:42:44,446,299,56,371,443,793,795
2018-12-25 12:42:45,450,300,56,372,443,793,795
2018-12-25 12:42:46,451,301,56,372,444,793,795
2018-12-25 12:42:47,460,302,56,373,444,793,795
2018-12-25 12:42:48,465,303,56,374,444,793,795
2018-12-25 12:42:49,476,304,56,374,445,793,795
2018-12-25 12:42:50,483,305,56,375,445,793,795
2018-12-25 12:42:51,486,306,56,375,445,793,795
2018-12-25 12:42:52,495,307,56,376,445,793,795
2018-12-25 12:42:53,496,308,56,377,445,793,795
2018-12-25 12:42:54,500,309,56,377,445,793,795
2018-12-25 12:42:55,507,310,56,378,445,793,795
2018-12-25 12:42:56,518,311,56,379,446,793,795
2018-12-25 12:42:57,521,312,56,379,446,793,795
2018-12-25 12:42:58,525,313,56,380,446,793,795
2018-12-25 12:42:59,527,314,56,381,447,793,795
2018-12-25 12:43:00,538,315,56,381,447,793,795
2018-12-25 12:43:01,539,316,56,382,447,793,795
2018-12-25 12:43:02,544,317,56,383,447,793,795
2018-12-25 12:43:03,546,318,56,383,448,793,795
2018-12-25 12:43:04,554,319,56,384,448,793,795
2018-12-25 12:43:05,565,320,56,385,448,793,795
2018-12-25 12:43:06,576,321,56,385,448,794,795
2018-12-25 12:43:07,587,322,56,386,449,793,795
2018-12-25 12:43:08,597,323,56,386,449,793,795
2018-12-25 12:43:09,600,324,56,387,450,793,795
2018-12-25 12:43:10,603,325,56,388,450,793,795
2018-12-25 12:43:11,614,326,56,388,451,793,795
2018-12-25 12:43:12,625,327,56,389,451,793,795
2018-12-25 12:43:13,636,328,56,389,450,793,795
2018-12-25 12:43:14,647,329,56,390,450,793,795
2018-12-25 12:43:15,659,330,56,391,451,793,795
2018-12-25 12:43:16,666,331,56,391,451,793,795
2018-12-25 12:43:17,677,332,56,392,452,793,795
2018-12-25 12:43:18,678,333,56,392,453,793,795
2018-12-25 12:43:19,685,334,56,393,453,793,795
2018-12-25 12:43:20,695,335,56,394,454,793,795
2018-12-25 12:43:21,703,336,56,394,455,793,795
2018-12-25 12:43:22,710,337,56,395,455,793,795
2018-12-25 12:43:23,714,338,56,396,456,793,795
2018-12-25 12:43:24,715,339,56,396,456,793,795
2018-12-25 12:43:25,717,340,56,397,456,793,795
2018-12-25 12:43:26,725,341,56,397,457,793,795
2018-12-25 12:43:27,735,342,56,398,457,793,795
2018-12-25 12:43:28,744,343,56,399,458,793,795
2018-12-25 12:43:29,746,344,56,399,458,793,795
2018-12-25 12:43:30,749,345,56,400,458,793,795
2018-12-25 12:43:31,757,346,56,400,458,793,795
2018-12-25 12:43:32,763,347,56,401,459,793,795
2018-12-25 12:43:33,769,348,56,402,459,794,795
2018-12-25 12:43:34,772,349,56,402,459,793,795
2018-12-25 12:43:35,783,350,56,403,460,793,795
2018-12-25 12:43:36,789,351,56,404,460,793,795
2018-12-25 12:43:37,793,352,56,404,460,793,795
2018-12-25 12:43:38,798,353,56,405,461,793,795
2018-12-25 12:43:39,801,354,56,405,461,793,795
2018-12-25 12:43:40,804,355,56,406,461,793,795
2018-12-25 12:43:41,811,356,56,406,461,793,795
2018-12-25 12:43:42,814,357,56,407,462,793,795
2018-12-25 12:43:43,821,358,56,407,462,793,795
2018-12-25 12:43:44,827,359,56,408,462,793,795
2018-12-25 12:43:45,832,360,56,408,462,793,795
2018-12-25 12:43:46,839,361,56,409,463,793,795
2018-12-25 12:43:47,841,362,56,410,463,793,795
2018-12-25 12:43:48,845,363,56,410,463,793,795
2018-12-25 12:43:49,853,364,56,411,464,793,795
2018-12-25 12:43:50,862,365,56,412,464,793,795
2018-12-25 12:43:51,868,366,56,412,464,793,795
2018-12-25 12:43:52,878,367,56,413,464,793,795
2018-12-25 12:43:53,885,368,56,413,464,793,795
2018-12-25 12:43:54,893,369,56,414,465,793,795
2018-12-25 12:43:55,895,370,56,414,465,793,795
2018-12-25 12:43:56,898,371,56,415,465,793,795
2018-12-25 12:43:57,904,372,56,416,465,793,795
2018-12-25 12:43:58,912,373,56,416,465,793,795
2018-12-25 12:43:59,920,374,56,417,465,793,795
2018-12-25 12:44:00,922,375,56,417,466,793,795
2018-12-25 12:44:01,928,376,56,418,466,793,795
2018-12-25 12:44:02,937,377,56,419,466,793,795
2018-12-25 12:44:03,947,378,56,419,466,793,795
2018-12-25 12:44:04,949,379,56,419,466,793,795
2018-12-25 12:44:05,950,380,56,420,467,793,795
2018-12-25 12:44:06,954,381,56,421,467,793,795
2018-12-25 12:44:07,959,382,56,421,467,793,795
2018-12-25 12:44:08,965,383,56,422,467,793,795
2018-12-25 12:44:09,969,384,56,422,467,793,795
2018-12-25 12:44:10,972,385,56,423,467,793,795
2018-12-25 12:44:11,975,386,56,423,467,793,795
2018-12-25 12:44:12,980,387,56,424,468,793,794
2018-12-25 12:44:13,983,388,56,424,468,793,795
2018-12-25 12:44:14,991,389,56,425,468,793,795
2018-12-25 12:44:15,996,390,56,425,468,793,795
2018-12-25 12:44:17,007,391,56,426,468,793,795
2018-12-25 12:44:18,010,392,56,427,469,793,794
2018-12-25 12:44:19,020,393,56,427,469,793,795
2018-12-25 12:44:20,025,394,56,428,469,793,795
2018-12-25 12:44:21,030,395,56,428,469,793,795
2018-12-25 12:44:22,036,396,56,429,470,793,795
2018-12-25 12:44:23,043,397,56,430,470,793,795
2018-12-25 12:44:24,050,398,56,430,470,793,795
2018-12-25 12:44:25,054,399,56,431,470,793,795
2018-12-25 12:44:26,063,400,56,431,471,793,795
2018-12-25 12:44:27,073,401,56,432,471,793,795
2018-12-25 12:44:28,081,402,56,432,471,793,795
2018-12-25 12:44:29,087,403,56,433,471,793,795
2018-12-25 12:44:30,091,404,56,433,471,793,795
2018-12-25 12:44:31,094,405,56,434,471,793,795
2018-12-25 12:44:32,103,406,56,435,471,793,795
2018-12-25 12:44:33,104,407,56,435,470,793,795
2018-12-25 12:44:34,107,408,56,436,470,793,795
2018-12-25 12:44:35,118,409,56,436,469,793,795
2018-12-25 12:44:36,122,410,56,437,470,793,795
2018-12-25 12:44:37,126,411,56,437,470,793,795
2018-12-25 12:44:38,127,412,56,438,470,793,794
2018-12-25 12:44:39,132,413,56,438,470,793,795
2018-12-25 12:44:40,137,414,56,439,471,793,795
2018-12-25 12:44:41,143,415,56,439,471,793,795
2018-12-25 12:44:42,149,416,56,440,471,793,795
2018-12-25 12:44:43,160,417,56,440,471,793,795
2018-12-25 12:44:44,164,418,56,441,472,793,795
2018-12-25 12:44:45,169,419,56,441,472,793,794
2018-12-25 12:44:46,170,420,56,442,472,793,794
2018-12-25 12:44:47,179,421,56,442,472,793,795
2018-12-25 12:44:48,183,422,56,443,473,793,795
2018-12-25 12:44:49,194,423,56,443,473,793,795
2018-12-25 12:44:50,203,424,56,444,473,793,795
2018-12-25 12:44:51,209,425,56,445,473,793,794
2018-12-25 12:44:52,218,426,56,445,473,793,795
2018-12-25 12:44:53,221,427,56,445,474,793,795
2018-12-25 12:44:54,224,428,56,446,474,793,795
2018-12-25 12:44:55,236,429,56,447,474,793,795
2018-12-25 12:44:56,243,430,56,447,474,793,794
2018-12-25 12:44:57,254,431,56,448,474,793,794
2018-12-25 12:44:58,265,432,56,448,474,793,795
2018-12-25 12:44:59,268,433,56,449,474,793,794
2018-12-25 12:45:00,279,434,56,449,475,793,794
2018-12-25 12:45:01,280,435,56,450,475,793,794
2018-12-25 12:45:02,286,436,56,451,475,793,795
2018-12-25 12:45:03,291,437,56,451,475,793,795
2018-12-25 12:45:04,296,438,56,451,475,793,794
2018-12-25 12:45:05,307,440,56,452,475,793,794
2018-12-25 12:45:06,312,441,56,452,475,793,795
2018-12-25 12:45:07,323,442,56,453,475,793,794
2018-12-25 12:45:08,334,443,56,454,475,793,794
2018-12-25 12:45:09,345,444,56,454,475,793,795
2018-12-25 12:45:10,354,445,56,455,476,793,794
2018-12-25 12:45:11,360,446,56,455,476,793,794
2018-12-25 12:45:12,371,447,56,456,476,793,795
2018-12-25 12:45:13,379,448,56,456,476,793,794
2018-12-25 12:45:14,381,449,56,457,476,793,795
2018-12-25 12:45:15,392,450,56,457,476,793,794
2018-12-25 12:45:16,403,451,56,458,477,793,794
2018-12-25 12:45:17,406,452,56,458,477,793,794
2018-12-25 12:45:18,417,453,56,459,477,793,794
2018-12-25 12:45:19,420,454,56,459,477,793,794
2018-12-25 12:45:20,428,455,56,460,478,793,794
2018-12-25 12:45:21,440,456,56,460,478,793,794
2018-12-25 12:45:22,444,457,56,461,478,793,795
2018-12-25 12:45:23,450,458,56,461,478,793,794
2018-12-25 12:45:24,461,459,56,462,478,793,794
2018-12-25 12:45:25,473,460,56,462,479,793,794
2018-12-25 12:45:26,483,461,56,463,479,793,794
2018-12-25 12:45:27,487,462,56,463,479,793,794
2018-12-25 12:45:28,489,463,56,464,480,793,794
2018-12-25 12:45:29,500,464,56,464,480,793,794
2018-12-25 12:45:30,508,465,56,465,480,793,794
2018-12-25 12:45:31,519,466,56,465,480,793,794
2018-12-25 12:45:32,525,467,56,466,480,793,794
2018-12-25 12:45:33,526,468,56,466,480,793,794
2018-12-25 12:45:34,530,469,56,467,481,793,794
2018-12-25 12:45:35,536,470,56,468,481,793,794
2018-12-25 12:45:36,539,471,56,468,481,793,794
2018-12-25 12:45:37,547,472,56,469,482,793,794
2018-12-25 12:45:38,558,473,56,469,482,793,794
2018-12-25 12:45:39,568,474,56,470,482,793,794
2018-12-25 12:45:40,577,475,56,470,482,793,794
2018-12-25 12:45:41,582,476,56,471,482,793,794
2018-12-25 12:45:42,592,477,56,471,482,793,794
2018-12-25 12:45:43,603,478,56,471,482,793,794
2018-12-25 12:45:44,614,479,56,472,482,793,794
2018-12-25 12:45:45,622,480,56,473,483,793,795
2018-12-25 12:45:46,625,481,56,473,483,793,794
2018-12-25 12:45:47,636,482,56,473,483,793,794
2018-12-25 12:45:48,637,483,56,474,483,793,795
2018-12-25 12:45:49,638,484,56,475,483,793,794
2018-12-25 12:45:50,649,485,56,475,484,793,794
2018-12-25 12:45:51,652,486,56,476,484,793,794
2018-12-25 12:45:52,661,487,56,476,484,793,794
2018-12-25 12:45:53,669,488,56,477,484,793,794
2018-12-25 12:45:54,677,489,56,477,484,793,794
2018-12-25 12:45:55,680,490,56,478,485,793,794
2018-12-25 12:45:56,693,491,56,478,485,793,794
2018-12-25 12:45:57,694,492,56,479,485,793,794
2018-12-25 12:45:58,700,493,56,479,485,793,794
2018-12-25 12:45:59,703,494,56,480,485,793,794
2018-12-25 12:46:00,711,495,56,480,486,793,794
2018-12-25 12:46:01,718,496,56,481,486,793,794
2018-12-25 12:46:02,720,497,56,481,486,793,794
2018-12-25 12:46:03,726,498,56,482,487,793,794
2018-12-25 12:46:04,730,499,56,482,487,793,795
2018-12-25 12:46:05,735,500,56,483,487,793,794
2018-12-25 12:46:06,740,501,56,483,487,793,794
2018-12-25 12:46:07,743,502,56,484,487,793,794
2018-12-25 12:46:08,749,503,56,484,487,793,794
2018-12-25 12:46:09,750,504,56,485,487,793,794
2018-12-25 12:46:10,759,505,56,485,487,793,794
2018-12-25 12:46:11,769,506,56,486,487,793,794
2018-12-25 12:46:12,777,507,56,486,488,793,794
2018-12-25 12:46:13,780,508,56,487,488,793,794
2018-12-25 12:46:14,781,509,56,487,488,793,794
2018-12-25 12:46:15,785,510,56,488,488,793,794
2018-12-25 12:46:16,793,511,56,488,489,793,794
2018-12-25 12:46:17,796,512,56,489,489,793,794
2018-12-25 12:46:18,802,513,56,489,489,793,794
2018-12-25 12:46:19,806,514,56,490,489,793,794
2018-12-25 12:46:20,809,515,56,490,489,793,794
2018-12-25 12:46:21,812,516,56,490,489,793,794
2018-12-25 12:46:22,815,517,56,491,490,793,794
2018-12-25 12:46:23,823,518,56,491,490,793,794
2018-12-25 12:46:24,828,519,56,492,490,793,794
2018-12-25 12:46:25,834,520,56,492,491,793,794
2018-12-25 12:46:26,840,521,56,493,491,793,794
2018-12-25 12:46:27,845,522,56,493,491,793,794
2018-12-25 12:46:28,855,523,56,494,491,793,794
2018-12-25 12:46:29,860,524,56,494,492,793,794
2018-12-25 12:46:30,866,525,56,495,492,793,794
2018-12-25 12:46:31,872,526,56,495,492,793,794
2018-12-25 12:46:32,879,527,56,496,493,793,794
2018-12-25 12:46:33,891,528,56,496,493,793,794
2018-12-25 12:46:34,900,529,56,496,493,793,794
2018-12-25 12:46:35,905,530,56,497,493,793,794
2018-12-25 12:46:36,908,531,56,498,494,793,794
2018-12-25 12:46:37,909,532,56,498,494,793,794
2018-12-25 12:46:38,911,533,56,498,494,793,794
2018-12-25 12:46:39,918,534,56,499,494,793,794
2018-12-25 12:46:40,920,535,56,499,495,793,794
2018-12-25 12:46:41,923,536,56,500,495,793,794
2018-12-25 12:46:42,929,537,56,500,495,793,794
2018-12-25 12:46:43,940,538,57,501,496,793,794
2018-12-25 12:46:44,941,539,56,501,496,793,794
2018-12-25 12:46:45,943,540,56,502,497,793,794
2018-12-25 12:46:46,945,541,56,502,497,793,794
2018-12-25 12:46:47,951,542,56,502,497,793,794
2018-12-25 12:46:48,961,543,56,503,497,793,794
2018-12-25 12:46:49,965,544,56,503,497,793,794
2018-12-25 12:46:50,971,545,57,503,497,793,794
2018-12-25 12:46:51,980,546,57,504,497,793,794
2018-12-25 12:46:52,981,547,56,504,496,793,794
2018-12-25 12:46:53,982,548,57,504,495,793,794
2018-12-25 12:46:54,992,549,57,505,494,793,794
2018-12-25 12:46:55,998,550,57,505,494,793,794
2018-12-25 12:46:57,003,551,57,505,493,793,794
2018-12-25 12:46:58,007,552,57,506,492,793,794
2018-12-25 12:46:59,012,553,56,506,491,793,794
2018-12-25 12:47:00,018,554,57,506,490,793,794
2018-12-25 12:47:01,020,555,56,506,489,793,794
2018-12-25 12:47:02,024,556,57,507,488,793,794
2018-12-25 12:47:03,029,557,57,507,486,793,794
2018-12-25 12:47:04,036,558,57,507,485,793,794
2018-12-25 12:47:05,043,559,57,508,484,793,794
2018-12-25 12:47:06,046,560,57,508,483,793,794
2018-12-25 12:47:07,050,561,57,508,482,793,794
2018-12-25 12:47:08,059,562,57,509,481,793,794
2018-12-25 12:47:09,059,563,57,509,480,793,794
2018-12-25 12:47:10,060,564,57,509,480,793,794
2018-12-25 12:47:11,063,565,57,509,479,793,794
2018-12-25 12:47:12,070,566,57,510,478,793,794
2018-12-25 12:47:13,079,567,57,510,477,793,794
2018-12-25 12:47:14,080,568,57,510,476,793,794
2018-12-25 12:47:15,087,569,57,510,476,793,794
2018-12-25 12:47:16,091,570,57,511,475,793,794
2018-12-25 12:47:17,097,571,57,510,474,793,794
2018-12-25 12:47:18,106,572,56,511,473,793,794
2018-12-25 12:47:19,114,573,57,511,473,793,794
2018-12-25 12:47:20,119,574,57,511,472,793,794
2018-12-25 12:47:21,125,575,57,511,471,793,794
2018-12-25 12:47:22,129,576,57,512,471,793,794
2018-12-25 12:47:23,138,577,57,512,470,793,794
2018-12-25 12:47:24,140,578,57,512,470,793,794
2018-12-25 12:47:25,151,579,57,512,469,793,794
2018-12-25 12:47:26,158,580,57,512,468,793,794
2018-12-25 12:47:27,161,581,57,512,468,793,794
2018-12-25 12:47:28,167,582,57,512,467,793,794
2018-12-25 12:47:29,171,583,57,512,467,793,794
2018-12-25 12:47:30,172,584,57,512,466,793,794
2018-12-25 12:47:31,178,585,57,512,466,793,794
2018-12-25 12:47:32,182,586,57,512,465,793,794
2018-12-25 12:47:33,188,587,57,512,464,793,794
2018-12-25 12:47:34,193,588,57,513,464,793,794
2018-12-25 12:47:35,199,589,57,513,463,793,794
2018-12-25 12:47:36,205,590,57,513,463,793,794
2018-12-25 12:47:37,209,591,57,513,463,793,794
2018-12-25 12:47:38,210,592,57,513,463,793,794
2018-12-25 12:47:39,218,593,57,513,463,793,794
2018-12-25 12:47:40,226,594,57,513,464,793,794
2018-12-25 12:47:41,228,595,57,513,464,793,794
2018-12-25 12:47:42,232,596,57,513,464,793,794
2018-12-25 12:47:43,234,597,57,513,465,793,794
2018-12-25 12:47:44,238,598,57,513,465,793,794
2018-12-25 12:47:45,248,599,57,513,465,793,794
2018-12-25 12:47:46,249,600,57,513,465,793,794
2018-12-25 12:47:47,251,601,57,513,465,793,794
2018-12-25 12:47:48,254,602,57,513,466,793,794
2018-12-25 12:47:49,258,603,57,514,466,793,794
2018-12-25 12:47:50,262,604,57,514,466,793,794
2018-12-25 12:47:51,266,605,57,514,466,793,794
2018-12-25 12:47:52,270,606,57,514,466,793,794
2018-12-25 12:47:53,275,607,57,514,466,793,794
2018-12-25 12:47:54,279,608,57,514,466,793,794
2018-12-25 12:47:55,284,609,57,514,466,793,794
2018-12-25 12:47:56,290,610,57,514,467,793,794
2018-12-25 12:47:57,292,611,57,514,467,793,794
2018-12-25 12:47:58,295,612,57,515,467,793,794
2018-12-25 12:47:59,299,613,57,515,467,793,794
2018-12-25 12:48:00,303,615,57,515,467,793,794
2018-12-25 12:48:01,310,616,57,515,467,793,794
2018-12-25 12:48:02,311,617,57,515,467,793,794
2018-12-25 12:48:03,316,618,57,515,467,793,794
2018-12-25 12:48:04,319,619,57,515,467,793,794
2018-12-25 12:48:05,324,620,57,515,466,793,794
2018-12-25 12:48:06,328,621,57,515,466,793,794
2018-12-25 12:48:07,332,622,57,515,466,793,794
2018-12-25 12:48:08,336,623,57,516,466,793,794
2018-12-25 12:48:09,339,624,57,516,466,793,794
2018-12-25 12:48:10,343,625,57,516,466,793,794
2018-12-25 12:48:11,347,626,57,516,466,793,794
2018-12-25 12:48:12,350,627,57,516,466,793,794
2018-12-25 12:48:13,354,628,57,516,466,793,794
2018-12-25 12:48:14,359,629,57,516,466,793,794
2018-12-25 12:48:15,362,630,57,516,466,793,794
2018-12-25 12:48:16,368,631,57,516,467,793,794
2018-12-25 12:48:17,374,632,57,517,467,793,794
2018-12-25 12:48:18,380,633,57,517,467,793,794
2018-12-25 12:48:19,386,634,57,517,467,793,794
2018-12-25 12:48:20,392,635,57,517,467,793,794
2018-12-25 12:48:21,398,636,57,517,467,793,794
2018-12-25 12:48:22,404,637,57,517,467,793,794
2018-12-25 12:48:23,409,638,57,517,466,793,794
2018-12-25 12:48:24,415,639,57,518,466,793,794
2018-12-25 12:48:25,420,640,57,518,467,793,794
2018-12-25 12:48:26,427,641,57,518,467,793,794
2018-12-25 12:48:27,432,642,57,518,467,793,794
2018-12-25 12:48:28,435,643,57,518,467,793,794
2018-12-25 12:48:29,437,644,57,518,467,793,794
2018-12-25 12:48:30,438,645,57,518,467,793,794
2018-12-25 12:48:31,442,646,57,518,466,793,794
2018-12-25 12:48:32,443,647,57,519,467,793,794
2018-12-25 12:48:33,444,648,57,519,467,793,794
2018-12-25 12:48:34,449,649,57,519,467,793,794
2018-12-25 12:48:35,456,650,57,519,467,793,794
2018-12-25 12:48:36,460,651,57,519,467,793,794
2018-12-25 12:48:37,465,652,57,519,467,793,794
2018-12-25 12:48:38,471,653,57,520,467,793,794
2018-12-25 12:48:39,477,654,57,520,466,793,794
2018-12-25 12:48:40,483,655,57,520,466,793,794
2018-12-25 12:48:41,489,656,57,520,466,793,794
2018-12-25 12:48:42,492,657,57,520,466,793,794
2018-12-25 12:48:43,498,658,57,520,466,793,794
2018-12-25 12:48:44,501,659,57,521,465,793,794
2018-12-25 12:48:45,504,660,57,521,466,793,794
2018-12-25 12:48:46,504,661,57,521,466,793,794
2018-12-25 12:48:47,507,662,57,521,465,793,794
2018-12-25 12:48:48,509,663,57,520,465,793,794
2018-12-25 12:48:49,513,664,57,520,465,793,794
2018-12-25 12:48:50,519,665,57,518,464,793,794
