2015-12-29 20:12:09,620,datetime,ms,seconds,ambient_temp,thermocouple_0_temp,thermocouple_1_temp,thermocouple_2_temp,thermocouple_3_temp
2015-12-29 20:12:14,685,5,65,423,391,790,791
2015-12-29 20:12:15,689,6,65,412,386,790,791
2015-12-29 20:12:16,692,7,65,401,382,790,791
2015-12-29 20:12:17,697,8,65,391,380,790,791
2015-12-29 20:12:18,701,9,65,381,378,790,791
2015-12-29 20:12:19,706,10,65,371,376,790,791
2015-12-29 20:12:20,709,11,65,363,375,790,791
2015-12-29 20:12:21,710,12,65,354,373,790,791
2015-12-29 20:12:22,713,13,65,346,372,790,791
2015-12-29 20:12:23,715,14,65,338,370,790,791
2015-12-29 20:12:24,716,15,65,331,369,790,791
2015-12-29 20:12:25,720,16,65,325,367,790,791
2015-12-29 20:12:26,724,17,65,319,366,790,791
2015-12-29 20:12:27,728,18,65,313,365,790,791
2015-12-29 20:12:28,733,19,65,307,363,790,791
2015-12-29 20:12:29,737,20,65,302,362,790,791
2015-12-29 20:12:30,742,21,65,297,361,790,791
2015-12-29 20:12:31,745,22,65,292,360,790,791
2015-12-29 20:12:32,748,23,65,287,359,790,791
2015-12-29 20:12:33,754,24,65,283,358,790,791
2015-12-29 20:12:34,758,25,65,279,357,790,791
2015-12-29 20:12:35,763,26,65,275,356,790,791
2015-12-29 20:12:36,764,27,65,272,356,790,791
2015-12-29 20:12:37,769,28,65,269,355,790,791
2015-12-29 20:12:38,773,29,65,265,354,790,791
2015-12-29 20:12:39,774,30,65,262,353,790,791
2015-12-29 20:12:40,778,31,65,260,352,790,791
2015-12-29 20:12:41,781,32,65,256,352,790,791
2015-12-29 20:12:42,786,33,65,254,351,790,791
2015-12-29 20:12:43,787,34,65,252,350,790,791
2015-12-29 20:12:44,791,35,65,249,350,790,791
2015-12-29 20:12:45,793,36,65,247,349,790,791
2015-12-29 20:12:46,796,37,65,245,348,790,791
2015-12-29 20:12:47,801,38,65,243,348,790,791
2015-12-29 20:12:48,805,39,65,241,347,790,791
2015-12-29 20:12:49,810,40,65,240,347,790,791
2015-12-29 20:12:50,816,41,65,238,346,790,791
2015-12-29 20:12:51,820,42,65,236,346,790,791
2015-12-29 20:12:52,826,43,65,235,345,790,791
2015-12-29 20:12:53,827,44,65,234,345,790,791
2015-12-29 20:12:54,828,45,65,232,345,790,791
2015-12-29 20:12:55,829,46,65,231,344,790,791
2015-12-29 20:12:56,834,47,65,230,344,790,791
2015-12-29 20:12:57,836,48,65,229,344,790,791
2015-12-29 20:12:58,837,49,65,228,343,790,791
2015-12-29 20:12:59,841,50,65,227,343,790,791
2015-12-29 20:13:00,842,51,65,226,343,790,791
2015-12-29 20:13:01,846,52,65,226,343,790,791
2015-12-29 20:13:02,848,53,65,225,342,790,791
2015-12-29 20:13:03,852,54,65,224,342,790,791
2015-12-29 20:13:04,857,55,65,224,342,790,791
2015-12-29 20:13:05,862,56,65,223,342,790,791
2015-12-29 20:13:06,865,57,65,223,341,790,791
2015-12-29 20:13:07,871,58,65,222,341,790,791
2015-12-29 20:13:08,874,59,65,222,341,790,791
2015-12-29 20:13:09,876,60,65,222,340,790,791
2015-12-29 20:13:10,878,61,65,221,340,790,791
2015-12-29 20:13:11,881,62,65,221,340,790,791
2015-12-29 20:13:12,883,63,65,221,340,790,791
2015-12-29 20:13:13,883,64,65,221,340,790,791
2015-12-29 20:13:14,887,65,65,220,340,790,791
2015-12-29 20:13:15,893,66,65,220,340,790,791
2015-12-29 20:13:16,896,67,65,220,341,790,791
2015-12-29 20:13:17,898,68,65,220,342,790,791
2015-12-29 20:13:18,903,69,65,220,343,790,791
2015-12-29 20:13:19,908,70,65,220,344,790,791
2015-12-29 20:13:20,913,71,65,221,344,790,791
2015-12-29 20:13:21,919,72,65,221,345,790,791
2015-12-29 20:13:22,922,73,65,221,346,790,791
2015-12-29 20:13:23,927,74,65,221,347,790,791
2015-12-29 20:13:24,930,75,65,221,347,790,791
2015-12-29 20:13:25,932,76,65,221,348,790,791
2015-12-29 20:13:26,934,77,65,221,349,790,791
2015-12-29 20:13:27,937,78,65,222,349,790,791
2015-12-29 20:13:28,941,79,65,222,350,790,791
2015-12-29 20:13:29,946,80,65,222,350,790,791
2015-12-29 20:13:30,948,81,65,223,351,790,791
2015-12-29 20:13:31,954,82,65,223,352,790,791
2015-12-29 20:13:32,959,83,65,223,352,790,791
2015-12-29 20:13:33,963,84,65,224,353,790,791
2015-12-29 20:13:34,968,85,65,224,353,790,791
2015-12-29 20:13:35,971,86,65,224,353,790,791
2015-12-29 20:13:36,972,87,65,225,354,790,791
2015-12-29 20:13:37,975,88,65,225,355,790,791
2015-12-29 20:13:38,978,89,65,226,355,790,791
2015-12-29 20:13:39,980,90,65,226,355,790,791
2015-12-29 20:13:40,982,91,65,227,356,790,791
2015-12-29 20:13:41,985,92,65,227,356,790,791
2015-12-29 20:13:42,989,93,65,228,357,790,791
2015-12-29 20:13:43,993,94,65,228,357,790,791
2015-12-29 20:13:44,995,95,65,229,358,790,791
2015-12-29 20:13:45,998,96,65,229,358,790,791
2015-12-29 20:13:47,001,97,65,230,358,790,791
2015-12-29 20:13:48,004,98,65,230,359,790,791
2015-12-29 20:13:49,009,99,65,231,359,790,791
2015-12-29 20:13:50,009,100,65,231,359,790,791
2015-12-29 20:13:51,015,101,65,232,360,790,791
2015-12-29 20:13:52,016,102,65,233,360,790,791
2015-12-29 20:13:53,016,103,65,233,361,790,791
2015-12-29 20:13:54,021,104,65,234,361,790,791
2015-12-29 20:13:55,023,105,65,234,362,790,791
2015-12-29 20:13:56,026,106,65,235,362,790,791
2015-12-29 20:13:57,031,107,65,235,362,790,791
2015-12-29 20:13:58,034,108,65,236,363,790,791
2015-12-29 20:13:59,036,109,65,237,363,790,791
2015-12-29 20:14:00,038,110,65,237,364,790,791
2015-12-29 20:14:01,043,111,65,238,364,790,791
2015-12-29 20:14:02,047,112,65,238,364,790,791
2015-12-29 20:14:03,052,113,65,239,365,790,791
2015-12-29 20:14:04,055,114,65,240,365,790,791
2015-12-29 20:14:05,059,115,65,240,365,790,791
2015-12-29 20:14:06,064,116,65,241,366,790,791
2015-12-29 20:14:07,068,117,65,242,366,790,791
2015-12-29 20:14:08,072,118,65,242,366,790,791
2015-12-29 20:14:09,074,119,65,243,367,790,791
2015-12-29 20:14:10,078,120,65,243,367,790,791
2015-12-29 20:14:11,081,121,65,244,367,790,791
2015-12-29 20:14:12,085,122,65,245,368,790,791
2015-12-29 20:14:13,088,123,65,246,368,790,791
2015-12-29 20:14:14,089,124,65,246,368,790,791
2015-12-29 20:14:15,093,125,65,247,369,790,791
2015-12-29 20:14:16,097,126,65,248,369,790,791
2015-12-29 20:14:17,101,127,65,248,369,790,791
2015-12-29 20:14:18,103,128,65,249,370,790,791
2015-12-29 20:14:19,108,129,65,249,370,790,791
2015-12-29 20:14:20,112,130,65,250,370,790,791
2015-12-29 20:14:21,115,131,65,251,371,790,791
2015-12-29 20:14:22,118,132,65,252,371,790,791
2015-12-29 20:14:23,124,133,65,252,371,790,791
2015-12-29 20:14:24,128,134,65,253,372,790,791
2015-12-29 20:14:25,130,135,65,254,372,790,791
2015-12-29 20:14:26,131,136,65,254,372,790,791
2015-12-29 20:14:27,136,137,65,255,372,790,791
2015-12-29 20:14:28,137,138,65,256,373,790,791
2015-12-29 20:14:29,141,139,65,256,373,790,791
2015-12-29 20:14:30,143,140,65,257,373,790,791
2015-12-29 20:14:31,145,141,65,258,374,790,791
2015-12-29 20:14:32,149,142,65,258,374,790,791
2015-12-29 20:14:33,151,143,65,259,374,790,791
2015-12-29 20:14:34,155,144,65,260,375,790,791
2015-12-29 20:14:35,158,145,65,260,375,790,791
2015-12-29 20:14:36,162,146,65,261,375,790,791
2015-12-29 20:14:37,167,147,65,262,375,790,791
2015-12-29 20:14:38,171,148,65,262,376,790,791
2015-12-29 20:14:39,177,149,65,263,376,790,791
2015-12-29 20:14:40,180,150,65,264,376,790,791
2015-12-29 20:14:41,185,151,65,264,377,790,791
2015-12-29 20:14:42,188,152,65,265,377,790,791
2015-12-29 20:14:43,192,153,65,266,377,790,791
2015-12-29 20:14:44,195,154,65,266,377,790,791
2015-12-29 20:14:45,200,155,65,267,378,790,791
2015-12-29 20:14:46,205,156,65,268,378,790,791
2015-12-29 20:14:47,210,157,65,268,378,790,791
2015-12-29 20:14:48,213,158,65,269,378,790,791
2015-12-29 20:14:49,217,159,65,270,378,790,791
2015-12-29 20:14:50,218,160,65,270,379,790,791
2015-12-29 20:14:51,221,161,65,271,379,790,791
2015-12-29 20:14:52,225,162,65,272,379,790,791
2015-12-29 20:14:53,230,163,65,272,379,790,791
2015-12-29 20:14:54,233,164,65,273,380,790,791
2015-12-29 20:14:55,238,165,65,273,380,790,791
2015-12-29 20:14:56,242,166,65,274,380,790,791
2015-12-29 20:14:57,246,167,65,275,381,790,791
2015-12-29 20:14:58,251,168,65,275,381,790,791
2015-12-29 20:14:59,253,169,65,276,381,790,791
2015-12-29 20:15:00,256,170,65,277,381,790,791
2015-12-29 20:15:01,261,171,65,278,382,790,791
2015-12-29 20:15:02,261,172,65,278,382,790,791
2015-12-29 20:15:03,266,173,65,279,382,790,791
2015-12-29 20:15:04,266,174,65,279,383,790,791
2015-12-29 20:15:05,269,175,65,280,383,790,791
2015-12-29 20:15:06,272,176,65,281,383,790,791
2015-12-29 20:15:07,274,177,65,281,383,790,791
2015-12-29 20:15:08,279,178,65,282,384,790,791
2015-12-29 20:15:09,281,179,65,282,384,790,791
2015-12-29 20:15:10,283,180,65,283,384,790,791
2015-12-29 20:15:11,288,181,65,284,384,790,791
2015-12-29 20:15:12,290,182,65,284,385,790,791
2015-12-29 20:15:13,290,183,65,285,385,790,791
2015-12-29 20:15:14,295,184,65,286,385,790,791
2015-12-29 20:15:15,299,185,65,286,385,790,791
2015-12-29 20:15:16,303,186,65,287,386,790,791
2015-12-29 20:15:17,307,187,65,287,386,790,791
2015-12-29 20:15:18,312,188,65,288,386,790,791
2015-12-29 20:15:19,317,189,65,289,386,790,791
2015-12-29 20:15:20,321,190,65,289,386,790,791
2015-12-29 20:15:21,327,191,65,290,387,790,791
2015-12-29 20:15:22,331,192,65,291,387,790,791
2015-12-29 20:15:23,336,193,65,291,387,790,791
2015-12-29 20:15:24,341,194,65,292,387,790,791
2015-12-29 20:15:25,342,195,65,292,388,790,791
2015-12-29 20:15:26,347,196,65,293,388,790,791
2015-12-29 20:15:27,348,197,65,294,388,790,791
2015-12-29 20:15:28,351,198,65,294,388,790,791
2015-12-29 20:15:29,354,199,65,295,388,790,791
2015-12-29 20:15:30,358,200,65,295,389,790,791
2015-12-29 20:15:31,361,201,65,296,389,790,791
2015-12-29 20:15:32,363,202,65,297,389,790,791
2015-12-29 20:15:33,367,203,65,297,389,790,791
2015-12-29 20:15:34,369,204,65,298,390,790,791
2015-12-29 20:15:35,373,205,65,298,390,790,791
2015-12-29 20:15:36,379,206,65,299,390,790,791
2015-12-29 20:15:37,384,207,65,300,390,790,791
2015-12-29 20:15:38,385,208,65,300,391,790,791
2015-12-29 20:15:39,387,209,65,301,391,790,791
2015-12-29 20:15:40,389,210,65,301,391,790,791
2015-12-29 20:15:41,392,211,65,302,391,790,791
2015-12-29 20:15:42,396,212,65,303,391,790,791
2015-12-29 20:15:43,404,213,65,303,392,790,791
2015-12-29 20:15:44,405,214,65,304,392,790,791
2015-12-29 20:15:45,410,215,65,305,392,790,791
2015-12-29 20:15:46,415,216,65,305,392,790,791
2015-12-29 20:15:47,418,217,65,306,393,790,791
2015-12-29 20:15:48,419,218,65,306,393,790,791
2015-12-29 20:15:49,423,219,65,307,393,790,791
2015-12-29 20:15:50,426,220,65,308,393,790,791
2015-12-29 20:15:51,430,221,65,308,394,790,791
2015-12-29 20:15:52,434,222,65,309,394,790,791
2015-12-29 20:15:53,435,223,65,309,394,790,791
2015-12-29 20:15:54,436,224,65,310,394,790,791
2015-12-29 20:15:55,440,225,65,310,395,790,791
2015-12-29 20:15:56,446,226,65,311,395,790,791
2015-12-29 20:15:57,451,227,65,312,395,790,791
2015-12-29 20:15:58,454,228,65,312,395,790,791
2015-12-29 20:15:59,457,229,65,313,395,790,791
2015-12-29 20:16:00,460,230,65,313,396,790,791
2015-12-29 20:16:01,465,231,65,314,396,790,791
2015-12-29 20:16:02,467,232,65,315,396,790,791
2015-12-29 20:16:03,471,233,65,315,396,790,791
2015-12-29 20:16:04,473,234,65,316,397,790,791
2015-12-29 20:16:05,477,235,65,316,397,790,791
2015-12-29 20:16:06,481,236,65,317,397,790,791
2015-12-29 20:16:07,483,237,65,317,397,790,791
2015-12-29 20:16:08,489,238,65,318,397,790,791
2015-12-29 20:16:09,492,239,65,318,398,790,791
2015-12-29 20:16:10,498,240,65,319,398,790,791
2015-12-29 20:16:11,503,241,65,320,398,790,791
2015-12-29 20:16:12,506,242,65,320,398,790,791
2015-12-29 20:16:13,509,243,65,321,398,790,791
2015-12-29 20:16:14,512,244,65,321,399,790,791
2015-12-29 20:16:15,515,245,65,322,399,790,791
2015-12-29 20:16:16,516,246,65,323,399,790,791
2015-12-29 20:16:17,519,247,65,323,399,790,791
2015-12-29 20:16:18,522,248,65,324,400,790,791
2015-12-29 20:16:19,525,249,65,324,400,790,791
2015-12-29 20:16:20,529,250,65,325,400,790,791
2015-12-29 20:16:21,531,251,65,325,400,790,791
2015-12-29 20:16:22,534,252,65,326,400,790,791
2015-12-29 20:16:23,538,253,65,327,401,790,791
2015-12-29 20:16:24,541,254,65,327,401,790,791
2015-12-29 20:16:25,544,255,65,328,401,790,791
2015-12-29 20:16:26,547,256,65,328,401,790,791
2015-12-29 20:16:27,549,257,65,329,402,790,791
2015-12-29 20:16:28,553,258,65,329,402,790,791
2015-12-29 20:16:29,557,259,65,330,402,790,791
2015-12-29 20:16:30,560,260,65,330,402,790,791
2015-12-29 20:16:31,562,261,65,331,403,790,791
2015-12-29 20:16:32,566,262,65,332,403,790,791
2015-12-29 20:16:33,568,263,65,332,403,790,791
2015-12-29 20:16:34,574,264,65,333,403,790,791
2015-12-29 20:16:35,575,265,65,333,404,790,791
2015-12-29 20:16:36,578,266,65,334,404,790,791
2015-12-29 20:16:37,583,267,65,334,404,790,791
2015-12-29 20:16:38,587,268,65,335,405,790,791
2015-12-29 20:16:39,593,269,65,335,405,790,791
2015-12-29 20:16:40,594,270,65,336,405,790,791
2015-12-29 20:16:41,595,271,65,336,405,790,791
2015-12-29 20:16:42,600,272,65,337,405,790,791
2015-12-29 20:16:43,604,273,65,337,406,790,791
2015-12-29 20:16:44,608,274,65,338,406,790,791
2015-12-29 20:16:45,611,275,65,338,406,790,791
2015-12-29 20:16:46,617,276,65,339,406,790,791
2015-12-29 20:16:47,618,277,65,339,406,790,791
2015-12-29 20:16:48,620,278,65,340,407,790,791
2015-12-29 20:16:49,623,280,65,340,407,790,791
2015-12-29 20:16:50,626,281,65,341,407,790,791
2015-12-29 20:16:51,630,282,65,341,407,790,791
2015-12-29 20:16:52,634,283,65,342,407,790,791
2015-12-29 20:16:53,636,284,65,343,408,790,791
2015-12-29 20:16:54,639,285,65,343,408,790,791
2015-12-29 20:16:55,642,286,65,344,408,790,791
2015-12-29 20:16:56,647,287,65,344,408,790,791
2015-12-29 20:16:57,650,288,65,345,409,790,791
2015-12-29 20:16:58,653,289,65,345,409,790,791
2015-12-29 20:16:59,654,290,65,346,409,790,791
2015-12-29 20:17:00,660,291,65,346,409,790,791
2015-12-29 20:17:01,665,292,65,347,409,790,791
2015-12-29 20:17:02,667,293,65,347,410,790,791
2015-12-29 20:17:03,671,294,65,348,410,790,791
2015-12-29 20:17:04,676,295,65,348,410,790,791
2015-12-29 20:17:05,680,296,65,349,410,790,791
2015-12-29 20:17:06,684,297,65,349,410,790,791
2015-12-29 20:17:07,688,298,65,350,411,790,791
2015-12-29 20:17:08,693,299,65,350,411,790,791
2015-12-29 20:17:09,697,300,65,351,411,790,791
2015-12-29 20:17:10,699,301,65,351,411,790,791
2015-12-29 20:17:11,702,302,65,352,411,790,791
2015-12-29 20:17:12,708,303,65,352,412,790,791
2015-12-29 20:17:13,709,304,65,353,412,790,791
2015-12-29 20:17:14,714,305,65,353,412,790,791
2015-12-29 20:17:15,715,306,65,354,413,790,791
2015-12-29 20:17:16,718,307,65,354,413,790,791
2015-12-29 20:17:17,721,308,65,355,413,790,791
2015-12-29 20:17:18,724,309,65,355,413,790,791
2015-12-29 20:17:19,728,310,65,356,413,790,791
2015-12-29 20:17:20,732,311,65,356,414,790,791
2015-12-29 20:17:21,736,312,65,357,414,790,791
2015-12-29 20:17:22,740,313,65,357,414,790,791
2015-12-29 20:17:23,745,314,65,358,414,790,791
2015-12-29 20:17:24,750,315,65,358,415,790,791
2015-12-29 20:17:25,753,316,65,359,415,790,791
2015-12-29 20:17:26,756,317,65,359,415,790,791
2015-12-29 20:17:27,759,318,65,360,416,790,791
2015-12-29 20:17:28,762,319,65,360,416,790,791
2015-12-29 20:17:29,765,320,65,361,416,790,791
2015-12-29 20:17:30,769,321,65,361,417,790,791
2015-12-29 20:17:31,771,322,65,362,417,790,791
2015-12-29 20:17:32,775,323,65,362,417,790,791
2015-12-29 20:17:33,776,324,65,363,417,790,791
2015-12-29 20:17:34,779,325,65,363,418,790,791
2015-12-29 20:17:35,784,326,65,364,418,790,791
2015-12-29 20:17:36,788,327,65,364,418,790,791
2015-12-29 20:17:37,793,328,65,365,419,790,791
2015-12-29 20:17:38,795,329,65,365,419,790,791
2015-12-29 20:17:39,800,330,65,366,419,790,791
2015-12-29 20:17:40,805,331,65,366,419,790,791
2015-12-29 20:17:41,811,332,65,367,419,790,791
2015-12-29 20:17:42,815,333,65,367,420,790,791
2015-12-29 20:17:43,818,334,65,367,420,790,791
2015-12-29 20:17:44,821,335,65,368,420,790,791
2015-12-29 20:17:45,828,336,65,368,420,790,791
2015-12-29 20:17:46,832,337,65,369,420,790,791
2015-12-29 20:17:47,837,338,65,369,420,790,791
2015-12-29 20:17:48,838,339,65,369,421,790,791
2015-12-29 20:17:49,840,340,65,370,421,790,791
2015-12-29 20:17:50,845,341,65,370,421,790,791
2015-12-29 20:17:51,847,342,65,371,421,790,791
2015-12-29 20:17:52,850,343,65,371,421,790,791
2015-12-29 20:17:53,851,344,65,372,422,790,791
2015-12-29 20:17:54,855,345,65,372,422,790,791
2015-12-29 20:17:55,861,346,65,373,422,790,791
2015-12-29 20:17:56,863,347,65,373,422,790,791
2015-12-29 20:17:57,866,348,65,374,422,790,791
2015-12-29 20:17:58,871,349,65,374,423,790,791
2015-12-29 20:17:59,876,350,65,375,423,790,791
2015-12-29 20:18:00,880,351,65,375,424,790,791
2015-12-29 20:18:01,883,352,65,376,424,790,791
2015-12-29 20:18:02,887,353,65,376,425,790,791
2015-12-29 20:18:03,892,354,65,376,425,790,791
2015-12-29 20:18:04,894,355,65,377,426,790,791
2015-12-29 20:18:05,895,356,65,378,426,790,791
2015-12-29 20:18:06,899,357,65,378,426,790,791
2015-12-29 20:18:07,904,358,65,379,427,790,791
2015-12-29 20:18:08,909,359,65,379,427,790,791
2015-12-29 20:18:09,914,360,65,379,428,790,791
2015-12-29 20:18:10,917,361,65,380,428,790,791
2015-12-29 20:18:11,920,362,65,380,429,790,791
2015-12-29 20:18:12,924,363,65,381,429,790,791
2015-12-29 20:18:13,927,364,65,381,429,790,791
2015-12-29 20:18:14,930,365,65,382,430,790,791
2015-12-29 20:18:15,933,366,65,383,430,790,791
2015-12-29 20:18:16,937,367,65,383,431,790,791
2015-12-29 20:18:17,940,368,65,383,431,790,791
2015-12-29 20:18:18,942,369,65,384,431,790,791
2015-12-29 20:18:19,948,370,65,384,432,790,791
2015-12-29 20:18:20,948,371,65,385,432,790,791
2015-12-29 20:18:21,952,372,65,385,432,790,791
2015-12-29 20:18:22,955,373,65,385,432,790,791
2015-12-29 20:18:23,958,374,65,386,432,790,791
2015-12-29 20:18:24,964,375,65,386,433,790,791
2015-12-29 20:18:25,964,376,65,387,433,790,791
2015-12-29 20:18:26,967,377,65,387,433,790,791
2015-12-29 20:18:27,970,378,65,388,433,790,791
2015-12-29 20:18:28,976,379,65,388,434,790,791
2015-12-29 20:18:29,981,380,65,389,434,790,791
2015-12-29 20:18:30,984,381,65,389,434,790,791
2015-12-29 20:18:31,987,382,65,390,434,790,791
2015-12-29 20:18:32,988,383,65,390,435,790,791
2015-12-29 20:18:33,992,384,65,390,435,790,791
2015-12-29 20:18:34,998,385,65,391,435,790,791
2015-12-29 20:18:35,998,386,65,391,435,790,791
2015-12-29 20:18:36,999,387,65,392,435,790,791
2015-12-29 20:18:38,004,388,65,393,436,790,791
2015-12-29 20:18:39,008,389,65,393,436,790,791
2015-12-29 20:18:40,013,390,65,394,436,790,791
2015-12-29 20:18:41,017,391,65,394,436,790,791
2015-12-29 20:18:42,021,392,65,395,436,790,791
2015-12-29 20:18:43,023,393,65,395,436,790,791
2015-12-29 20:18:44,027,394,65,395,436,790,791
2015-12-29 20:18:45,031,395,65,396,436,790,791
2015-12-29 20:18:46,032,396,65,397,437,790,791
2015-12-29 20:18:47,038,397,65,397,437,790,791
2015-12-29 20:18:48,038,398,65,397,437,790,791
2015-12-29 20:18:49,041,399,65,398,437,790,791
2015-12-29 20:18:50,045,400,65,398,437,790,791
2015-12-29 20:18:51,048,401,65,399,438,790,791
2015-12-29 20:18:52,055,402,65,399,437,790,791
2015-12-29 20:18:53,059,403,65,400,438,790,791
2015-12-29 20:18:54,062,404,65,400,438,790,791
2015-12-29 20:18:55,066,405,65,401,438,790,791
2015-12-29 20:18:56,070,406,65,401,438,790,791
2015-12-29 20:18:57,071,407,65,402,438,790,791
2015-12-29 20:18:58,073,408,65,402,438,790,791
2015-12-29 20:18:59,077,409,65,402,438,790,791
2015-12-29 20:19:00,079,410,65,403,439,790,791
2015-12-29 20:19:01,081,411,65,403,439,790,791
2015-12-29 20:19:02,084,412,65,404,439,790,791
2015-12-29 20:19:03,087,413,65,404,439,790,791
2015-12-29 20:19:04,088,414,65,404,439,790,791
2015-12-29 20:19:05,092,415,65,405,439,790,791
2015-12-29 20:19:06,093,416,65,405,439,790,791
2015-12-29 20:19:07,096,417,65,406,440,790,791
2015-12-29 20:19:08,099,418,65,406,440,790,791
2015-12-29 20:19:09,104,419,65,407,440,790,791
2015-12-29 20:19:10,107,420,65,407,440,790,791
2015-12-29 20:19:11,110,421,65,407,441,790,791
2015-12-29 20:19:12,116,422,65,408,441,790,791
2015-12-29 20:19:13,121,423,65,408,441,790,791
2015-12-29 20:19:14,124,424,65,409,441,790,791
2015-12-29 20:19:15,129,425,65,409,441,790,791
2015-12-29 20:19:16,133,426,65,410,441,790,791
2015-12-29 20:19:17,138,427,65,410,441,790,791
2015-12-29 20:19:18,143,428,65,410,442,790,791
2015-12-29 20:19:19,145,429,65,411,442,790,791
2015-12-29 20:19:20,150,430,65,411,442,790,791
2015-12-29 20:19:21,154,431,65,412,442,790,791
2015-12-29 20:19:22,158,432,65,412,442,790,791
2015-12-29 20:19:23,163,433,65,413,442,790,791
2015-12-29 20:19:24,166,434,65,413,443,790,791
2015-12-29 20:19:25,171,435,65,414,443,790,791
2015-12-29 20:19:26,175,436,65,414,443,790,791
2015-12-29 20:19:27,179,437,65,414,442,790,791
2015-12-29 20:19:28,184,438,65,415,442,790,791
2015-12-29 20:19:29,186,439,65,415,442,790,791
2015-12-29 20:19:30,190,440,65,416,443,790,791
2015-12-29 20:19:31,190,441,65,416,443,790,791
2015-12-29 20:19:32,196,442,65,416,443,790,791
2015-12-29 20:19:33,199,443,65,417,443,790,791
2015-12-29 20:19:34,203,444,65,417,443,790,791
2015-12-29 20:19:35,208,445,65,418,443,790,791
2015-12-29 20:19:36,211,446,65,418,443,790,791
2015-12-29 20:19:37,216,447,65,418,443,790,791
2015-12-29 20:19:38,220,448,65,419,443,790,791
2015-12-29 20:19:39,224,449,65,419,443,790,791
2015-12-29 20:19:40,228,450,65,420,443,790,791
2015-12-29 20:19:41,233,451,65,420,443,790,791
2015-12-29 20:19:42,238,452,65,421,443,790,791
2015-12-29 20:19:43,242,453,65,421,443,790,791
2015-12-29 20:19:44,246,454,65,421,443,790,791
2015-12-29 20:19:45,250,455,65,422,444,790,791
2015-12-29 20:19:46,254,456,65,422,444,790,791
2015-12-29 20:19:47,259,457,65,423,444,790,791
2015-12-29 20:19:48,261,458,65,423,444,790,791
2015-12-29 20:19:49,264,459,65,424,444,790,791
2015-12-29 20:19:50,269,460,65,424,444,790,791
2015-12-29 20:19:51,270,461,65,424,444,790,791
2015-12-29 20:19:52,274,462,65,425,444,790,791
2015-12-29 20:19:53,279,463,65,425,444,790,791
2015-12-29 20:19:54,283,464,65,425,444,790,791
2015-12-29 20:19:55,287,465,65,426,444,790,791
2015-12-29 20:19:56,291,466,65,426,444,790,791
2015-12-29 20:19:57,295,467,65,426,444,790,791
2015-12-29 20:19:58,299,468,65,427,445,790,791
2015-12-29 20:19:59,304,469,65,427,445,790,791
2015-12-29 20:20:00,308,470,65,427,445,790,791
2015-12-29 20:20:01,310,471,65,428,445,790,791
2015-12-29 20:20:02,312,472,65,428,445,790,791
2015-12-29 20:20:03,315,473,65,429,445,790,791
2015-12-29 20:20:04,320,474,65,429,445,790,791
2015-12-29 20:20:05,323,475,65,429,445,790,791
2015-12-29 20:20:06,329,476,65,430,445,790,791
2015-12-29 20:20:07,333,477,65,430,445,790,791
2015-12-29 20:20:08,337,478,65,431,445,790,791
2015-12-29 20:20:09,340,479,65,431,446,790,791
2015-12-29 20:20:10,345,480,65,432,446,790,791
2015-12-29 20:20:11,350,481,65,432,446,790,791
2015-12-29 20:20:12,354,482,65,432,446,790,791
2015-12-29 20:20:13,357,483,65,433,446,790,791
2015-12-29 20:20:14,362,484,65,433,446,790,791
2015-12-29 20:20:15,366,485,65,433,447,790,791
2015-12-29 20:20:16,371,486,65,434,447,790,791
2015-12-29 20:20:17,374,487,65,434,447,790,791
2015-12-29 20:20:18,379,488,65,434,447,790,791
2015-12-29 20:20:19,383,489,65,435,447,790,791
2015-12-29 20:20:20,386,490,65,435,447,790,791
2015-12-29 20:20:21,392,491,65,436,447,790,791
2015-12-29 20:20:22,395,492,65,436,447,790,791
2015-12-29 20:20:23,399,493,65,436,448,790,791
2015-12-29 20:20:24,404,494,65,437,448,790,791
2015-12-29 20:20:25,408,495,65,437,448,790,791
2015-12-29 20:20:26,412,496,65,438,448,790,791
2015-12-29 20:20:27,417,497,65,438,449,790,791
2015-12-29 20:20:28,421,498,65,439,449,790,791
2015-12-29 20:20:29,426,499,65,439,449,790,791
2015-12-29 20:20:30,430,500,65,439,449,790,791
2015-12-29 20:20:31,434,501,65,440,449,790,791
2015-12-29 20:20:32,439,502,65,440,448,790,791
2015-12-29 20:20:33,443,503,65,440,448,790,791
2015-12-29 20:20:34,448,504,65,441,448,790,791
2015-12-29 20:20:35,453,505,65,441,448,790,791
2015-12-29 20:20:36,458,506,65,441,448,790,791
2015-12-29 20:20:37,463,507,65,442,449,790,791
2015-12-29 20:20:38,465,508,65,442,449,790,791
2015-12-29 20:20:39,468,509,65,443,449,790,791
2015-12-29 20:20:40,470,510,65,443,449,790,791
2015-12-29 20:20:41,472,511,65,443,449,790,791
2015-12-29 20:20:42,477,512,65,444,448,790,791
2015-12-29 20:20:43,478,513,65,444,448,790,791
2015-12-29 20:20:44,483,514,65,444,448,790,791
2015-12-29 20:20:45,485,515,65,445,448,790,791
2015-12-29 20:20:46,488,516,65,445,448,790,791
2015-12-29 20:20:47,490,517,65,445,449,790,791
2015-12-29 20:20:48,496,518,65,446,449,790,791
2015-12-29 20:20:49,500,519,65,446,449,790,791
2015-12-29 20:20:50,505,520,65,446,449,790,791
2015-12-29 20:20:51,510,521,65,447,449,790,791
2015-12-29 20:20:52,514,522,65,447,449,790,791
2015-12-29 20:20:53,518,523,65,447,449,790,791
2015-12-29 20:20:54,520,524,65,448,449,790,791
2015-12-29 20:20:55,525,525,65,448,449,790,791
2015-12-29 20:20:56,529,526,65,449,449,790,791
2015-12-29 20:20:57,533,527,65,449,449,790,791
2015-12-29 20:20:58,538,528,65,449,450,790,791
2015-12-29 20:20:59,542,529,65,450,450,790,791
2015-12-29 20:21:00,545,530,65,450,450,790,791
2015-12-29 20:21:01,550,531,65,451,451,790,791
2015-12-29 20:21:02,551,532,65,451,451,790,791
2015-12-29 20:21:03,556,533,65,451,451,790,791
2015-12-29 20:21:04,560,534,65,452,451,790,791
2015-12-29 20:21:05,563,535,65,452,452,790,791
2015-12-29 20:21:06,566,536,65,452,452,790,791
2015-12-29 20:21:07,572,537,65,453,452,790,791
2015-12-29 20:21:08,574,538,65,453,452,790,791
2015-12-29 20:21:09,576,539,65,454,453,790,791
2015-12-29 20:21:10,579,540,65,454,453,790,791
2015-12-29 20:21:11,581,541,65,455,453,790,791
2015-12-29 20:21:12,584,542,65,455,453,790,791
2015-12-29 20:21:13,589,543,65,455,453,790,791
2015-12-29 20:21:14,591,544,65,456,453,790,791
2015-12-29 20:21:15,594,545,65,456,453,790,791
2015-12-29 20:21:16,596,546,65,457,453,790,791
2015-12-29 20:21:17,600,547,65,457,453,790,791
2015-12-29 20:21:18,605,548,65,457,454,790,791
2015-12-29 20:21:19,606,549,65,458,454,790,791
2015-12-29 20:21:20,612,550,65,458,454,790,791
2015-12-29 20:21:21,613,551,65,458,454,790,791
2015-12-29 20:21:22,614,552,65,459,454,790,791
2015-12-29 20:21:23,614,553,65,459,454,790,791
2015-12-29 20:21:24,615,554,65,460,454,790,791
2015-12-29 20:21:25,617,555,65,460,454,790,791
2015-12-29 20:21:26,618,556,65,461,455,790,791
2015-12-29 20:21:27,619,557,65,461,455,790,791
2015-12-29 20:21:28,624,559,65,461,455,790,791
2015-12-29 20:21:29,626,560,65,462,455,790,791
2015-12-29 20:21:30,631,561,65,462,455,790,791
2015-12-29 20:21:31,633,562,65,463,455,790,791
2015-12-29 20:21:32,635,563,65,463,455,790,791
2015-12-29 20:21:33,640,564,65,463,455,790,791
2015-12-29 20:21:34,645,565,65,464,455,790,791
2015-12-29 20:21:35,648,566,65,464,456,790,791
2015-12-29 20:21:36,650,567,65,464,456,790,791
2015-12-29 20:21:37,655,568,65,465,456,790,791
2015-12-29 20:21:38,656,569,65,465,456,790,791
2015-12-29 20:21:39,656,570,65,465,456,790,791
2015-12-29 20:21:40,659,571,65,466,456,790,791
2015-12-29 20:21:41,662,572,65,466,457,790,791
2015-12-29 20:21:42,666,573,65,467,457,790,791
2015-12-29 20:21:43,672,574,65,467,457,790,791
2015-12-29 20:21:44,673,575,65,467,457,790,791
2015-12-29 20:21:45,679,576,65,468,457,790,791
2015-12-29 20:21:46,682,577,65,468,457,790,791
2015-12-29 20:21:47,688,578,65,468,457,790,791
2015-12-29 20:21:48,688,579,65,469,457,790,791
2015-12-29 20:21:49,689,580,65,469,458,790,791
2015-12-29 20:21:50,695,581,65,470,458,790,791
2015-12-29 20:21:51,700,582,65,470,458,790,791
2015-12-29 20:21:52,703,583,65,470,458,790,791
2015-12-29 20:21:53,707,584,65,471,458,790,791
2015-12-29 20:21:54,712,585,65,471,458,790,791
2015-12-29 20:21:55,713,586,65,472,459,790,791
2015-12-29 20:21:56,715,587,65,472,459,790,791
2015-12-29 20:21:57,718,588,65,472,459,790,791
2015-12-29 20:21:58,721,589,65,473,459,790,791
2015-12-29 20:21:59,727,590,65,473,459,790,791
2015-12-29 20:22:00,732,591,65,473,459,790,791
2015-12-29 20:22:01,735,592,65,474,460,790,791
2015-12-29 20:22:02,741,593,65,474,460,790,791
2015-12-29 20:22:03,744,594,65,474,460,790,791
2015-12-29 20:22:04,747,595,65,475,460,790,791
2015-12-29 20:22:05,752,596,65,475,460,790,791
2015-12-29 20:22:06,757,597,65,476,461,790,791
2015-12-29 20:22:07,761,598,65,476,461,790,791
2015-12-29 20:22:08,762,599,65,476,461,790,791
2015-12-29 20:22:09,763,600,65,476,461,790,791
2015-12-29 20:22:10,768,601,65,477,461,790,791
2015-12-29 20:22:11,774,602,65,477,461,790,791
2015-12-29 20:22:12,777,603,65,477,462,790,791
2015-12-29 20:22:13,782,604,65,478,462,790,791
2015-12-29 20:22:14,785,605,65,478,462,790,791
2015-12-29 20:22:15,788,606,65,478,462,790,791
2015-12-29 20:22:16,794,607,65,479,462,790,791
2015-12-29 20:22:17,799,608,65,479,462,790,791
2015-12-29 20:22:18,802,609,65,479,462,790,791
2015-12-29 20:22:19,807,610,65,480,463,790,791
2015-12-29 20:22:20,810,611,65,480,463,790,791
2015-12-29 20:22:21,814,612,65,480,463,790,791
2015-12-29 20:22:22,819,613,65,480,463,790,791
2015-12-29 20:22:23,822,614,65,481,463,790,791
2015-12-29 20:22:24,828,615,65,481,463,790,791
2015-12-29 20:22:25,831,616,65,481,464,790,791
2015-12-29 20:22:26,836,617,65,481,464,790,791
2015-12-29 20:22:27,841,618,65,482,464,790,791
2015-12-29 20:22:28,844,619,65,482,464,790,791
2015-12-29 20:22:29,846,620,65,482,464,790,791
2015-12-29 20:22:30,846,621,65,483,464,790,791
2015-12-29 20:22:31,852,622,65,483,464,790,791
2015-12-29 20:22:32,855,623,65,483,464,790,791
2015-12-29 20:22:33,860,624,65,483,464,790,791
2015-12-29 20:22:34,861,625,65,484,464,790,791
2015-12-29 20:22:35,862,626,65,484,463,790,791
2015-12-29 20:22:36,867,627,65,484,463,790,791
2015-12-29 20:22:37,871,628,65,484,463,790,791
2015-12-29 20:22:38,875,629,65,485,463,790,791
2015-12-29 20:22:39,878,630,65,485,463,790,791
2015-12-29 20:22:40,879,631,65,485,463,790,791
2015-12-29 20:22:41,885,632,65,485,462,790,791
2015-12-29 20:22:42,889,633,65,486,462,790,791
2015-12-29 20:22:43,891,634,65,486,462,790,791
2015-12-29 20:22:44,892,635,65,486,462,790,791
2015-12-29 20:22:45,896,636,65,486,462,790,791
2015-12-29 20:22:46,900,637,65,486,462,790,791
2015-12-29 20:22:47,901,638,65,486,462,790,791
2015-12-29 20:22:48,907,639,65,487,461,790,791
2015-12-29 20:22:49,912,640,65,487,461,790,791
2015-12-29 20:22:50,915,641,65,487,461,790,791
2015-12-29 20:22:51,919,642,65,487,461,790,791
2015-12-29 20:22:52,923,643,65,487,461,790,791
2015-12-29 20:22:53,929,644,65,487,461,790,791
2015-12-29 20:22:54,932,645,65,487,461,790,791
2015-12-29 20:22:55,935,646,65,487,460,790,791
2015-12-29 20:22:56,940,647,65,487,460,790,791
2015-12-29 20:22:57,943,648,65,488,460,790,791
2015-12-29 20:22:58,949,649,65,488,460,790,791
2015-12-29 20:22:59,954,650,65,488,460,790,791
2015-12-29 20:23:00,958,651,65,488,459,790,791
2015-12-29 20:23:01,961,652,65,488,459,790,791
2015-12-29 20:23:02,966,653,65,488,459,790,791
2015-12-29 20:23:03,968,654,65,488,459,790,791
2015-12-29 20:23:04,970,655,65,489,459,790,791
2015-12-29 20:23:05,976,656,65,489,459,790,791
2015-12-29 20:23:06,981,657,65,489,459,790,791
2015-12-29 20:23:07,981,658,65,489,459,790,791
2015-12-29 20:23:08,985,659,65,489,459,790,791
2015-12-29 20:23:09,990,660,65,490,459,790,791
2015-12-29 20:23:10,992,661,65,490,459,790,791
2015-12-29 20:23:11,997,662,65,490,458,790,791
2015-12-29 20:23:13,000,663,65,490,458,790,791
2015-12-29 20:23:14,001,664,65,490,458,790,791
2015-12-29 20:23:15,005,665,65,490,458,790,791
2015-12-29 20:23:16,008,666,65,490,458,790,791
2015-12-29 20:23:17,014,667,65,490,458,790,791
2015-12-29 20:23:18,016,668,65,490,458,790,791
2015-12-29 20:23:19,017,669,65,491,457,790,791
2015-12-29 20:23:20,021,670,65,491,457,790,791
2015-12-29 20:23:21,022,671,65,491,456,790,791
2015-12-29 20:23:22,026,672,65,491,456,790,791
2015-12-29 20:23:23,030,673,65,491,456,790,791
2015-12-29 20:23:24,032,674,65,491,456,790,791
2015-12-29 20:23:25,037,675,65,492,455,790,791
2015-12-29 20:23:26,042,676,65,492,455,790,791
2015-12-29 20:23:27,045,677,65,492,454,790,791
2015-12-29 20:23:28,046,678,65,492,454,790,791
2015-12-29 20:23:29,047,679,65,492,454,790,791
2015-12-29 20:23:30,052,680,65,492,453,790,791
2015-12-29 20:23:31,054,681,65,493,453,790,791
2015-12-29 20:23:32,056,682,65,493,453,790,791
2015-12-29 20:23:33,060,683,65,493,453,790,791
2015-12-29 20:23:34,062,684,65,493,452,790,791
2015-12-29 20:23:35,067,685,65,493,452,790,791
2015-12-29 20:23:36,071,686,65,493,452,790,791
2015-12-29 20:23:37,076,687,65,494,451,790,791
2015-12-29 20:23:38,080,688,65,494,451,790,791
2015-12-29 20:23:39,084,689,65,494,451,790,791
2015-12-29 20:23:40,088,690,65,494,450,790,791
2015-12-29 20:23:41,093,691,65,494,450,790,791
2015-12-29 20:23:42,094,692,65,494,450,790,791
2015-12-29 20:23:43,096,693,65,495,450,790,791
2015-12-29 20:23:44,100,694,65,495,449,790,791
2015-12-29 20:23:45,104,695,65,495,449,790,791
2015-12-29 20:23:46,108,696,65,495,449,790,791
2015-12-29 20:23:47,109,697,65,495,448,790,791
2015-12-29 20:23:48,113,698,65,495,448,790,791
2015-12-29 20:23:49,115,699,65,495,448,790,791
2015-12-29 20:23:50,119,700,65,495,448,790,791
2015-12-29 20:23:51,124,701,65,496,448,790,791
2015-12-29 20:23:52,124,702,65,496,448,790,791
2015-12-29 20:23:53,127,703,65,496,447,790,791
2015-12-29 20:23:54,130,704,65,496,447,790,791
2015-12-29 20:23:55,134,705,65,496,447,790,791
2015-12-29 20:23:56,139,706,65,496,446,790,791
2015-12-29 20:23:57,140,707,65,496,446,790,791
2015-12-29 20:23:58,144,708,65,497,446,790,791
2015-12-29 20:23:59,146,709,65,497,446,790,791
2015-12-29 20:24:00,147,710,65,497,446,790,791
2015-12-29 20:24:01,151,711,65,497,446,790,791
2015-12-29 20:24:02,157,712,65,497,446,790,791
2015-12-29 20:24:03,161,713,65,497,445,790,791
2015-12-29 20:24:04,162,714,65,498,445,790,791
2015-12-29 20:24:05,166,715,65,498,445,790,791
2015-12-29 20:24:06,170,716,65,498,445,790,791
2015-12-29 20:24:07,175,717,65,498,444,790,791
2015-12-29 20:24:08,178,718,65,498,444,790,791
2015-12-29 20:24:09,184,719,65,499,444,790,791
2015-12-29 20:24:10,187,720,65,499,444,790,791
2015-12-29 20:24:11,188,721,65,499,444,790,791
2015-12-29 20:24:12,192,722,65,499,444,790,791
2015-12-29 20:24:13,194,723,65,499,444,790,791
2015-12-29 20:24:14,196,724,65,499,443,790,791
2015-12-29 20:24:15,200,725,65,500,443,790,791
2015-12-29 20:24:16,201,726,65,500,443,790,791
2015-12-29 20:24:17,204,727,65,500,443,790,791
2015-12-29 20:24:18,209,728,65,500,443,790,791
2015-12-29 20:24:19,215,729,65,500,443,790,791
2015-12-29 20:24:20,218,730,65,501,443,790,791
2015-12-29 20:24:21,223,731,65,501,443,790,791
2015-12-29 20:24:22,226,732,65,501,443,790,791
2015-12-29 20:24:23,232,733,65,501,443,790,791
2015-12-29 20:24:24,235,734,65,501,443,790,791
2015-12-29 20:24:25,238,735,65,501,443,790,791
2015-12-29 20:24:26,239,736,65,501,443,790,791
2015-12-29 20:24:27,242,737,65,501,443,790,791
2015-12-29 20:24:28,247,738,65,501,442,790,791
2015-12-29 20:24:29,250,739,65,502,442,790,791
2015-12-29 20:24:30,254,740,65,502,442,790,791
2015-12-29 20:24:31,259,741,65,502,442,790,791
2015-12-29 20:24:32,264,742,65,502,442,790,791
2015-12-29 20:24:33,268,743,65,502,442,790,791
2015-12-29 20:24:34,273,744,65,502,442,790,791
2015-12-29 20:24:35,279,745,65,503,441,790,791
2015-12-29 20:24:36,285,746,65,503,441,790,791
2015-12-29 20:24:37,287,747,65,503,441,790,791
2015-12-29 20:24:38,290,748,65,503,441,790,791
2015-12-29 20:24:39,293,749,65,504,441,790,791
2015-12-29 20:24:40,295,750,65,504,440,790,791
2015-12-29 20:24:41,300,751,65,504,440,790,791
2015-12-29 20:24:42,302,752,65,504,440,790,791
2015-12-29 20:24:43,306,753,65,504,440,790,791
2015-12-29 20:24:44,309,754,65,504,440,790,791
2015-12-29 20:24:45,311,755,65,505,440,790,791
2015-12-29 20:24:46,316,756,65,505,440,790,791
2015-12-29 20:24:47,319,757,65,505,439,790,791
2015-12-29 20:24:48,321,758,65,505,438,790,791
2015-12-29 20:24:49,326,759,65,505,438,790,791
2015-12-29 20:24:50,330,760,65,505,437,790,791
2015-12-29 20:24:51,332,761,65,505,437,790,791
2015-12-29 20:24:52,338,762,65,505,437,790,791
2015-12-29 20:24:53,341,763,65,505,437,790,791
2015-12-29 20:24:54,344,764,65,505,436,790,791
2015-12-29 20:24:55,350,765,65,505,436,790,791
2015-12-29 20:24:56,353,766,65,505,436,790,791
2015-12-29 20:24:57,358,767,65,505,435,790,791
2015-12-29 20:24:58,362,768,65,505,435,790,791
2015-12-29 20:24:59,366,769,65,505,435,790,791
2015-12-29 20:25:00,368,770,65,505,434,790,791
2015-12-29 20:25:01,373,771,65,506,434,790,791
2015-12-29 20:25:02,378,772,65,506,433,790,791
2015-12-29 20:25:03,383,773,65,506,433,790,791
2015-12-29 20:25:04,386,774,65,505,433,790,791
2015-12-29 20:25:05,394,775,65,504,432,790,791
2015-12-29 20:25:06,394,776,65,502,432,790,791
2015-12-29 20:25:07,399,777,65,499,432,790,791
2015-12-29 20:25:08,403,778,65,496,431,790,791
2015-12-29 20:25:09,407,779,65,493,430,790,791
2015-12-29 20:25:10,413,780,65,490,429,790,791
2015-12-29 20:25:11,418,781,65,487,428,790,791
2015-12-29 20:25:12,422,782,65,484,427,790,791
2015-12-29 20:25:13,426,783,65,481,427,790,791
2015-12-29 20:25:14,431,784,65,478,426,790,791
2015-12-29 20:25:15,435,785,65,475,425,790,791
2015-12-29 20:25:16,438,786,65,474,424,790,791
2015-12-29 20:25:17,443,787,65,474,424,790,791
2015-12-29 20:25:18,445,788,65,475,424,790,791
2015-12-29 20:25:19,450,789,65,475,424,790,791
2015-12-29 20:25:20,456,790,65,475,424,790,791
2015-12-29 20:25:21,460,791,65,475,423,790,791
2015-12-29 20:25:22,462,792,65,475,423,790,791
2015-12-29 20:25:23,467,793,65,475,423,790,791
2015-12-29 20:25:24,473,794,65,475,422,790,791
2015-12-29 20:25:25,477,795,65,475,422,790,791
2015-12-29 20:25:26,482,796,65,475,422,790,791
2015-12-29 20:25:27,485,797,65,475,421,790,791
2015-12-29 20:25:28,488,798,65,474,421,790,791
2015-12-29 20:25:29,489,799,65,474,421,790,791
2015-12-29 20:25:30,492,800,65,474,420,790,791
2015-12-29 20:25:31,497,801,65,474,420,790,791
2015-12-29 20:25:32,501,802,65,473,420,790,791
2015-12-29 20:25:33,503,803,65,473,419,790,791
2015-12-29 20:25:34,503,804,65,473,419,790,791
2015-12-29 20:25:35,508,805,65,473,418,790,791
2015-12-29 20:25:36,513,806,65,472,418,790,791
2015-12-29 20:25:37,516,807,65,472,418,790,791
2015-12-29 20:25:38,517,808,65,472,417,790,791
2015-12-29 20:25:39,519,809,65,471,417,790,791
2015-12-29 20:25:40,523,810,65,471,417,790,791
2015-12-29 20:25:41,528,811,65,470,416,790,791
2015-12-29 20:25:42,531,812,65,470,416,790,791
2015-12-29 20:25:43,534,813,65,470,416,790,791
2015-12-29 20:25:44,538,814,65,469,415,790,791
2015-12-29 20:25:45,539,815,65,469,415,790,791
2015-12-29 20:25:46,539,816,65,468,414,790,791
2015-12-29 20:25:47,545,817,65,468,414,790,791
2015-12-29 20:25:48,546,818,65,468,414,790,791
2015-12-29 20:25:49,552,819,65,467,413,790,791
2015-12-29 20:25:50,554,820,65,467,413,790,791
2015-12-29 20:25:51,558,821,65,466,413,790,791
2015-12-29 20:25:52,563,822,65,466,412,790,791
2015-12-29 20:25:53,565,823,65,465,412,790,791
2015-12-29 20:25:54,568,824,65,465,412,790,791
2015-12-29 20:25:55,570,825,65,464,411,790,791
2015-12-29 20:25:56,574,826,65,464,411,790,791
2015-12-29 20:25:57,578,827,65,464,411,790,791
2015-12-29 20:25:58,579,828,65,463,410,790,791
2015-12-29 20:25:59,581,829,65,463,410,790,791
2015-12-29 20:26:00,585,830,65,462,410,790,791
2015-12-29 20:26:01,590,831,65,462,409,790,791
2015-12-29 20:26:02,593,832,65,461,409,790,791
2015-12-29 20:26:03,599,833,65,461,408,790,791
2015-12-29 20:26:04,602,834,65,460,408,790,791
2015-12-29 20:26:05,604,835,65,460,408,790,791
2015-12-29 20:26:06,604,836,65,459,408,790,791
2015-12-29 20:26:07,609,837,65,459,407,790,791
2015-12-29 20:26:08,611,838,65,458,407,790,791
2015-12-29 20:26:09,616,839,65,458,407,790,791
2015-12-29 20:26:10,618,840,65,458,406,790,791
2015-12-29 20:26:11,622,842,65,457,406,790,791
2015-12-29 20:26:12,625,843,65,457,406,790,791
2015-12-29 20:26:13,630,844,65,456,405,790,791
2015-12-29 20:26:14,635,845,65,456,405,790,791
2015-12-29 20:26:15,641,846,65,455,405,790,791
2015-12-29 20:26:16,647,847,65,455,404,790,791
2015-12-29 20:26:17,652,848,65,454,404,790,791
2015-12-29 20:26:18,655,849,65,454,404,790,791
2015-12-29 20:26:19,660,850,65,454,403,790,791
2015-12-29 20:26:20,660,851,65,453,403,790,791
2015-12-29 20:26:21,662,852,65,453,403,790,791
2015-12-29 20:26:22,667,853,65,452,403,790,791
2015-12-29 20:26:23,670,854,65,452,402,790,791
2015-12-29 20:26:24,676,855,65,451,402,790,791
2015-12-29 20:26:25,680,856,65,451,402,790,791
2015-12-29 20:26:26,684,857,65,450,401,790,791
2015-12-29 20:26:27,686,858,65,450,401,790,791
2015-12-29 20:26:28,691,859,65,450,400,790,791
2015-12-29 20:26:29,693,860,65,449,400,790,791
2015-12-29 20:26:30,696,861,65,449,400,790,791
2015-12-29 20:26:31,699,862,65,448,400,790,791
2015-12-29 20:26:32,702,863,65,448,399,790,791
2015-12-29 20:26:33,705,864,65,447,399,790,791
2015-12-29 20:26:34,707,865,65,447,399,790,791
2015-12-29 20:26:35,710,866,65,446,399,790,791
2015-12-29 20:26:36,715,867,65,446,398,790,791
2015-12-29 20:26:37,717,868,65,445,398,790,791
2015-12-29 20:26:38,720,869,65,445,398,790,791
2015-12-29 20:26:39,724,870,65,444,397,790,791
2015-12-29 20:26:40,727,871,65,443,396,790,791
2015-12-29 20:26:41,730,872,65,442,395,790,791
2015-12-29 20:26:42,732,873,65,441,394,790,791
2015-12-29 20:26:43,736,874,65,440,393,790,791
2015-12-29 20:26:44,737,875,65,439,392,790,791
2015-12-29 20:26:45,741,876,65,439,391,790,791
2015-12-29 20:26:46,746,877,65,438,390,790,791
2015-12-29 20:26:47,747,878,65,437,389,790,791
2015-12-29 20:26:48,750,879,65,437,388,790,791
2015-12-29 20:26:49,753,880,65,436,387,790,791
2015-12-29 20:26:50,754,881,65,435,386,790,791
2015-12-29 20:26:51,759,882,65,434,385,790,791
2015-12-29 20:26:52,760,883,65,434,384,790,791
2015-12-29 20:26:53,765,884,65,433,383,790,791
2015-12-29 20:26:54,768,885,65,433,382,790,791
2015-12-29 20:26:55,769,886,65,432,382,790,791
2015-12-29 20:26:56,769,887,65,431,381,790,791
2015-12-29 20:26:57,775,888,65,430,380,790,791
2015-12-29 20:26:58,779,889,65,430,379,790,791
2015-12-29 20:26:59,784,890,65,429,378,790,791
2015-12-29 20:27:00,789,891,65,428,378,790,791
2015-12-29 20:27:01,792,892,65,428,377,790,791
2015-12-29 20:27:02,794,893,65,427,377,790,791
2015-12-29 20:27:03,799,894,65,427,376,790,791
2015-12-29 20:27:04,800,895,65,426,375,790,791
2015-12-29 20:27:05,803,896,65,425,375,790,791
2015-12-29 20:27:06,808,897,65,425,374,790,791
2015-12-29 20:27:07,810,898,65,424,373,790,791
2015-12-29 20:27:08,815,899,65,423,373,790,791
2015-12-29 20:27:09,816,900,65,423,372,790,791
2015-12-29 20:27:10,821,901,65,423,371,790,791
2015-12-29 20:27:11,823,902,65,422,371,790,791
2015-12-29 20:27:12,825,903,66,422,370,790,791
2015-12-29 20:27:13,828,904,65,421,370,790,791
2015-12-29 20:27:14,831,905,66,421,369,790,791
2015-12-29 20:27:15,835,906,65,420,369,790,791
2015-12-29 20:27:16,839,907,65,419,368,790,791
2015-12-29 20:27:17,841,908,65,419,368,790,791
2015-12-29 20:27:18,843,909,65,419,367,790,791
2015-12-29 20:27:19,847,910,65,418,366,790,791
2015-12-29 20:27:20,852,911,65,417,366,790,791
2015-12-29 20:27:21,859,912,66,417,366,790,791
2015-12-29 20:27:22,864,913,65,417,365,790,791
2015-12-29 20:27:23,869,914,65,416,364,790,791
2015-12-29 20:27:24,873,915,65,416,364,790,791
2015-12-29 20:27:25,876,916,65,415,363,790,791
2015-12-29 20:27:26,881,917,65,415,363,790,791
2015-12-29 20:27:27,887,918,65,414,362,790,791
2015-12-29 20:27:28,890,919,65,414,362,790,791
2015-12-29 20:27:29,895,920,65,413,361,790,791
2015-12-29 20:27:30,898,921,65,413,361,790,791
2015-12-29 20:27:31,900,922,65,412,360,790,791
2015-12-29 20:27:32,904,923,65,412,360,790,791
2015-12-29 20:27:33,905,924,65,411,360,790,791
2015-12-29 20:27:34,906,925,65,411,359,790,791
2015-12-29 20:27:35,910,926,65,411,359,790,791
2015-12-29 20:27:36,912,927,65,410,358,790,791
2015-12-29 20:27:37,914,928,65,410,358,790,791
2015-12-29 20:27:38,915,929,65,410,357,790,791
2015-12-29 20:27:39,921,930,65,409,357,790,791
2015-12-29 20:27:40,926,931,65,409,356,790,791
